ptd-server 2022-07-20 04:08:30,637 [INFO] Got command from the client 'time'
ptd-server 2022-07-20 04:08:30,637 [INFO] Sending reply to client '1658286510.637173'
ptd-server 2022-07-20 04:08:30,641 [INFO] Got command from the client 'new,,33929056-3316-4753-97eb-5a083336111e'
ptd-server 2022-07-20 04:08:30,641 [INFO] Sending reply to client 'OK 2022-07-20_04-08-30,752b3636-0b08-472e-b518-6e6ce9d79805'
ptd-server 2022-07-20 04:08:30,739 [INFO] Got command from the client 'time'
ptd-server 2022-07-20 04:08:30,739 [INFO] Sending reply to client '1658286510.7398593'
ptd-server 2022-07-20 04:08:30,744 [INFO] Got command from the client 'session,2022-07-20_04-08-30,start,ranging'
ptd-server 2022-07-20 04:08:30,744 [INFO] Running PTDaemon: ['/home/anton/projects/mlperf/power/inference_v1.0/ptd-linux-x86', '-l', '/tmp/tmp7lgbo8s4/ptd_logfile.txt', '-p', '8888', '49', '/dev/usbtmc0']
ptd-server 2022-07-20 04:08:47,918 [INFO] Sending to ptd: 'Hello'
ptd-server 2022-07-20 04:08:47,919 [INFO] Reply from ptd: 'Hello, PTDaemon here!'
ptd-server 2022-07-20 04:08:47,919 [INFO] Sending to ptd: 'Identify'
ptd-server 2022-07-20 04:08:47,920 [INFO] Reply from ptd: 'YokogawaWT310E,1000,1,1,1,1,0,1,1,version=1.9.2-e8c7a49a-20201208,OS=Linux 5.13.0-52-generic #59~20.04.1-Ubuntu SMP Thu Jun 16 21:21:28 UTC 2022 x86_64,mode=power,1,1,1,0,0,no_cal_date,YOKOGAWA;WT310E;C3XA04010E;F1.04'
ptd-server 2022-07-20 04:08:47,920 [INFO] Connected to PTDaemon
ptd-server 2022-07-20 04:08:47,920 [INFO] Sending to ptd: 'RR'
ptd-server 2022-07-20 04:08:47,920 [INFO] Reply from ptd: 'Ranges,0,0.500000,1,300.000000'
ptd-server 2022-07-20 04:08:47,920 [INFO] Initial range for Amps is 0.500000 for Volts is Auto
ptd-server 2022-07-20 04:08:47,920 [INFO] Sending to ptd: 'SR,V,Auto'
ptd-server 2022-07-20 04:08:48,423 [INFO] Reply from ptd: 'Range V changed'
ptd-server 2022-07-20 04:08:48,423 [INFO] Sending to ptd: 'SR,A,Auto'
ptd-server 2022-07-20 04:08:48,925 [INFO] Reply from ptd: 'Range A changed'
ptd-server 2022-07-20 04:08:58,936 [INFO] Starting ranging mode
ptd-server 2022-07-20 04:08:58,936 [INFO] Sending to ptd: 'Go,1000,0,2022-07-20_04-08-30_ranging'
ptd-server 2022-07-20 04:08:58,936 [INFO] Reply from ptd: 'Starting untimed measurement, maximum 500000 samples at 1000ms with 0 rampup samples'
ptd-server 2022-07-20 04:08:58,937 [INFO] Sending reply to client 'OK'
ptd-server 2022-07-20 04:19:17,315 [INFO] Got command from the client 'session,2022-07-20_04-08-30,stop,ranging'
ptd-server 2022-07-20 04:19:27,325 [INFO] Sending to ptd: 'Stop'
ptd-server 2022-07-20 04:19:27,325 [INFO] Reply from ptd: 'Stopping untimed measurement'
ptd-server 2022-07-20 04:19:27,495 [INFO] Sending reply to client 'OK'
ptd-server 2022-07-20 04:19:27,657 [INFO] Got command from the client 'time'
ptd-server 2022-07-20 04:19:27,658 [INFO] Sending reply to client '1658287167.658114'
ptd-server 2022-07-20 04:19:27,663 [INFO] Got command from the client 'session,2022-07-20_04-08-30,start,testing'
ptd-server 2022-07-20 04:19:27,663 [INFO] Sending to ptd: 'SR,V,250.700000'
ptd-server 2022-07-20 04:19:29,437 [INFO] Reply from ptd: 'Range V changed'
ptd-server 2022-07-20 04:19:29,437 [INFO] Sending to ptd: 'SR,A,0.077150'
ptd-server 2022-07-20 04:19:30,939 [INFO] Reply from ptd: 'Range A changed'
ptd-server 2022-07-20 04:19:40,949 [INFO] Starting testing mode
ptd-server 2022-07-20 04:19:40,949 [INFO] Sending to ptd: 'Go,1000,0,2022-07-20_04-08-30_testing'
ptd-server 2022-07-20 04:19:40,949 [INFO] Reply from ptd: 'Starting untimed measurement, maximum 500000 samples at 1000ms with 0 rampup samples'
ptd-server 2022-07-20 04:19:40,950 [INFO] Sending reply to client 'OK'
ptd-server 2022-07-20 04:29:59,153 [INFO] Got command from the client 'session,2022-07-20_04-08-30,stop,testing'
ptd-server 2022-07-20 04:30:09,164 [INFO] Sending to ptd: 'Stop'
ptd-server 2022-07-20 04:30:09,164 [INFO] Reply from ptd: 'Stopping untimed measurement'
ptd-server 2022-07-20 04:30:09,260 [INFO] Sending reply to client 'OK'
ptd-server 2022-07-20 04:30:09,337 [INFO] Got command from the client 'session,2022-07-20_04-08-30,done'
ptd-server 2022-07-20 04:30:09,337 [INFO] Sending to ptd: 'Stop'
ptd-server 2022-07-20 04:30:09,949 [INFO] Reply from ptd: 'Error: no measurement to stop'
ptd-server 2022-07-20 04:30:09,950 [INFO] Sending to ptd: 'SR,V,Auto'
ptd-server 2022-07-20 04:30:10,452 [INFO] Reply from ptd: 'Range V changed'
ptd-server 2022-07-20 04:30:10,452 [INFO] Sending to ptd: 'SR,A,0.500000'
ptd-server 2022-07-20 04:30:11,954 [INFO] Reply from ptd: 'Range A changed'
ptd-server 2022-07-20 04:30:11,954 [INFO] Set initial values for Amps 0.500000 and Volts Auto
ptd-server 2022-07-20 04:30:11,954 [INFO] Stopping ptd...
