ptd-server 2022-08-01 09:00:52,152 [INFO] Got command from the client 'time'
ptd-server 2022-08-01 09:00:52,152 [INFO] Sending reply to client '1659362452.1522477'
ptd-server 2022-08-01 09:00:52,154 [INFO] Got command from the client 'new,,dde122ce-be32-4719-ae3d-aac4b371bf62'
ptd-server 2022-08-01 09:00:52,155 [INFO] Sending reply to client 'OK 2022-08-01_09-00-52,efa66592-6403-4bde-9093-5367394037af'
ptd-server 2022-08-01 09:00:52,298 [INFO] Got command from the client 'time'
ptd-server 2022-08-01 09:00:52,299 [INFO] Sending reply to client '1659362452.2989974'
ptd-server 2022-08-01 09:00:52,300 [INFO] Got command from the client 'session,2022-08-01_09-00-52,start,ranging'
ptd-server 2022-08-01 09:00:52,301 [INFO] Running PTDaemon: ['/local/mnt/workspace/mlcommons/power-main/inference_v1.0/ptd-linux-x86', '-l', '/tmp/tmphzvhvlw0/ptd_logfile.txt', '-p', '8888', '-c', '3', '52', '/dev/usbtmc0']
ptd-server 2022-08-01 09:01:09,422 [INFO] Sending to ptd: 'Hello'
ptd-server 2022-08-01 09:01:09,423 [INFO] Reply from ptd: 'Hello, PTDaemon here!'
ptd-server 2022-08-01 09:01:09,423 [INFO] Sending to ptd: 'Identify'
ptd-server 2022-08-01 09:01:09,423 [INFO] Reply from ptd: 'YokogawaWT330,1000,1,1,1,1,0,0,1,version=1.9.2-e8c7a49a-20201208,OS=Linux 5.4.0-120-generic #136~18.04.1-Ubuntu SMP Fri Jun 10 18:00:44 UTC 2022 x86_64,mode=power,1,1,1,0,0,no_cal_date,YOKOGAWA;WT333;C2QH26002V;F1.06'
ptd-server 2022-08-01 09:01:09,423 [INFO] Connected to PTDaemon
ptd-server 2022-08-01 09:01:09,424 [INFO] Sending to ptd: 'RR'
ptd-server 2022-08-01 09:01:09,424 [INFO] Reply from ptd: 'Ranges,1,0.500000,1,150.000000'
ptd-server 2022-08-01 09:01:09,424 [INFO] Initial range for Amps is Auto for Volts is Auto
ptd-server 2022-08-01 09:01:09,424 [INFO] Sending to ptd: 'SR,V,Auto'
ptd-server 2022-08-01 09:01:09,928 [INFO] Reply from ptd: 'Range V changed'
ptd-server 2022-08-01 09:01:09,928 [INFO] Sending to ptd: 'SR,A,Auto'
ptd-server 2022-08-01 09:01:10,431 [INFO] Reply from ptd: 'Range A changed'
ptd-server 2022-08-01 09:01:20,441 [INFO] Starting ranging mode
ptd-server 2022-08-01 09:01:20,442 [INFO] Sending to ptd: 'Go,1000,0,2022-08-01_09-00-52_ranging'
ptd-server 2022-08-01 09:01:20,442 [INFO] Reply from ptd: 'Starting untimed measurement, maximum 500000 samples at 1000ms with 0 rampup samples'
ptd-server 2022-08-01 09:01:20,443 [INFO] Sending reply to client 'OK'
ptd-server 2022-08-01 09:13:15,872 [INFO] Got command from the client 'session,2022-08-01_09-00-52,stop,ranging'
ptd-server 2022-08-01 09:13:25,882 [INFO] Sending to ptd: 'Stop'
ptd-server 2022-08-01 09:13:25,883 [INFO] Reply from ptd: 'Stopping untimed measurement'
ptd-server 2022-08-01 09:13:25,898 [INFO] Sending reply to client 'OK'
ptd-server 2022-08-01 09:13:26,103 [INFO] Got command from the client 'time'
ptd-server 2022-08-01 09:13:26,103 [INFO] Sending reply to client '1659363206.1034737'
ptd-server 2022-08-01 09:13:26,106 [INFO] Got command from the client 'session,2022-08-01_09-00-52,start,testing'
ptd-server 2022-08-01 09:13:26,106 [INFO] Sending to ptd: 'SR,V,120.640000'
ptd-server 2022-08-01 09:13:27,944 [INFO] Reply from ptd: 'Range V changed'
ptd-server 2022-08-01 09:13:27,945 [INFO] Sending to ptd: 'SR,A,0.429200'
ptd-server 2022-08-01 09:13:29,447 [INFO] Reply from ptd: 'Range A changed'
ptd-server 2022-08-01 09:13:39,452 [INFO] Starting testing mode
ptd-server 2022-08-01 09:13:39,453 [INFO] Sending to ptd: 'Go,1000,0,2022-08-01_09-00-52_testing'
ptd-server 2022-08-01 09:13:39,453 [INFO] Reply from ptd: 'Starting untimed measurement, maximum 500000 samples at 1000ms with 0 rampup samples'
ptd-server 2022-08-01 09:13:39,453 [INFO] Sending reply to client 'OK'
ptd-server 2022-08-01 09:25:39,212 [INFO] Got command from the client 'session,2022-08-01_09-00-52,stop,testing'
ptd-server 2022-08-01 09:25:49,222 [INFO] Sending to ptd: 'Stop'
ptd-server 2022-08-01 09:25:49,223 [INFO] Reply from ptd: 'Stopping untimed measurement'
ptd-server 2022-08-01 09:25:49,230 [INFO] Sending reply to client 'OK'
ptd-server 2022-08-01 09:25:49,257 [INFO] Got command from the client 'session,2022-08-01_09-00-52,done'
ptd-server 2022-08-01 09:25:49,257 [INFO] Sending to ptd: 'Stop'
ptd-server 2022-08-01 09:25:49,453 [INFO] Reply from ptd: 'Error: no measurement to stop'
ptd-server 2022-08-01 09:25:49,454 [INFO] Sending to ptd: 'SR,V,Auto'
ptd-server 2022-08-01 09:25:49,957 [INFO] Reply from ptd: 'Range V changed'
ptd-server 2022-08-01 09:25:49,957 [INFO] Sending to ptd: 'SR,A,Auto'
ptd-server 2022-08-01 09:25:50,460 [INFO] Reply from ptd: 'Range A changed'
ptd-server 2022-08-01 09:25:50,460 [INFO] Set initial values for Amps Auto and Volts Auto
ptd-server 2022-08-01 09:25:50,461 [INFO] Stopping ptd...
