ptd-server 2022-07-20 00:30:12,087 [INFO] Got command from the client 'time'
ptd-server 2022-07-20 00:30:12,087 [INFO] Sending reply to client '1658273412.0875156'
ptd-server 2022-07-20 00:30:12,090 [INFO] Got command from the client 'new,,7c0eeaee-2e77-4730-a82d-d78d5be714cb'
ptd-server 2022-07-20 00:30:12,091 [INFO] Sending reply to client 'OK 2022-07-20_00-30-12,d237e6d9-4718-4a0b-ab20-e58e440bed3b'
ptd-server 2022-07-20 00:30:12,191 [INFO] Got command from the client 'time'
ptd-server 2022-07-20 00:30:12,191 [INFO] Sending reply to client '1658273412.191621'
ptd-server 2022-07-20 00:30:12,196 [INFO] Got command from the client 'session,2022-07-20_00-30-12,start,ranging'
ptd-server 2022-07-20 00:30:12,196 [INFO] Running PTDaemon: ['/home/anton/projects/mlperf/power/inference_v1.0/ptd-linux-x86', '-l', '/tmp/tmp7lgbo8s4/ptd_logfile.txt', '-p', '8888', '49', '/dev/usbtmc0']
ptd-server 2022-07-20 00:30:29,370 [INFO] Sending to ptd: 'Hello'
ptd-server 2022-07-20 00:30:29,371 [INFO] Reply from ptd: 'Hello, PTDaemon here!'
ptd-server 2022-07-20 00:30:29,371 [INFO] Sending to ptd: 'Identify'
ptd-server 2022-07-20 00:30:29,372 [INFO] Reply from ptd: 'YokogawaWT310E,1000,1,1,1,1,0,1,1,version=1.9.2-e8c7a49a-20201208,OS=Linux 5.13.0-52-generic #59~20.04.1-Ubuntu SMP Thu Jun 16 21:21:28 UTC 2022 x86_64,mode=power,1,1,1,0,0,no_cal_date,YOKOGAWA;WT310E;C3XA04010E;F1.04'
ptd-server 2022-07-20 00:30:29,372 [INFO] Connected to PTDaemon
ptd-server 2022-07-20 00:30:29,372 [INFO] Sending to ptd: 'RR'
ptd-server 2022-07-20 00:30:29,372 [INFO] Reply from ptd: 'Ranges,0,0.500000,1,300.000000'
ptd-server 2022-07-20 00:30:29,372 [INFO] Initial range for Amps is 0.500000 for Volts is Auto
ptd-server 2022-07-20 00:30:29,372 [INFO] Sending to ptd: 'SR,V,Auto'
ptd-server 2022-07-20 00:30:29,875 [INFO] Reply from ptd: 'Range V changed'
ptd-server 2022-07-20 00:30:29,875 [INFO] Sending to ptd: 'SR,A,Auto'
ptd-server 2022-07-20 00:30:30,378 [INFO] Reply from ptd: 'Range A changed'
ptd-server 2022-07-20 00:30:40,388 [INFO] Starting ranging mode
ptd-server 2022-07-20 00:30:40,388 [INFO] Sending to ptd: 'Go,1000,0,2022-07-20_00-30-12_ranging'
ptd-server 2022-07-20 00:30:40,388 [INFO] Reply from ptd: 'Starting untimed measurement, maximum 500000 samples at 1000ms with 0 rampup samples'
ptd-server 2022-07-20 00:30:40,389 [INFO] Sending reply to client 'OK'
ptd-server 2022-07-20 00:40:58,864 [INFO] Got command from the client 'session,2022-07-20_00-30-12,stop,ranging'
ptd-server 2022-07-20 00:41:08,875 [INFO] Sending to ptd: 'Stop'
ptd-server 2022-07-20 00:41:08,875 [INFO] Reply from ptd: 'Stopping untimed measurement'
ptd-server 2022-07-20 00:41:09,020 [INFO] Sending reply to client 'OK'
ptd-server 2022-07-20 00:41:09,204 [INFO] Got command from the client 'time'
ptd-server 2022-07-20 00:41:09,204 [INFO] Sending reply to client '1658274069.2041957'
ptd-server 2022-07-20 00:41:09,209 [INFO] Got command from the client 'session,2022-07-20_00-30-12,start,testing'
ptd-server 2022-07-20 00:41:09,209 [INFO] Sending to ptd: 'SR,V,250.880000'
ptd-server 2022-07-20 00:41:10,890 [INFO] Reply from ptd: 'Range V changed'
ptd-server 2022-07-20 00:41:10,890 [INFO] Sending to ptd: 'SR,A,0.078860'
ptd-server 2022-07-20 00:41:12,391 [INFO] Reply from ptd: 'Range A changed'
ptd-server 2022-07-20 00:41:22,401 [INFO] Starting testing mode
ptd-server 2022-07-20 00:41:22,402 [INFO] Sending to ptd: 'Go,1000,0,2022-07-20_00-30-12_testing'
ptd-server 2022-07-20 00:41:22,402 [INFO] Reply from ptd: 'Starting untimed measurement, maximum 500000 samples at 1000ms with 0 rampup samples'
ptd-server 2022-07-20 00:41:22,402 [INFO] Sending reply to client 'OK'
ptd-server 2022-07-20 00:51:40,994 [INFO] Got command from the client 'session,2022-07-20_00-30-12,stop,testing'
ptd-server 2022-07-20 00:51:51,004 [INFO] Sending to ptd: 'Stop'
ptd-server 2022-07-20 00:51:51,005 [INFO] Reply from ptd: 'Stopping untimed measurement'
ptd-server 2022-07-20 00:51:51,087 [INFO] Sending reply to client 'OK'
ptd-server 2022-07-20 00:51:51,192 [INFO] Got command from the client 'session,2022-07-20_00-30-12,done'
ptd-server 2022-07-20 00:51:51,192 [INFO] Sending to ptd: 'Stop'
ptd-server 2022-07-20 00:51:51,403 [INFO] Reply from ptd: 'Error: no measurement to stop'
ptd-server 2022-07-20 00:51:51,403 [INFO] Sending to ptd: 'SR,V,Auto'
ptd-server 2022-07-20 00:51:51,905 [INFO] Reply from ptd: 'Range V changed'
ptd-server 2022-07-20 00:51:51,906 [INFO] Sending to ptd: 'SR,A,0.500000'
ptd-server 2022-07-20 00:51:53,407 [INFO] Reply from ptd: 'Range A changed'
ptd-server 2022-07-20 00:51:53,407 [INFO] Set initial values for Amps 0.500000 and Volts Auto
ptd-server 2022-07-20 00:51:53,407 [INFO] Stopping ptd...
