ptd-server 2022-08-03 04:32:28,468 [INFO] Got command from the client 'stop'
ptd-server 2022-08-03 04:32:28,469 [INFO] The server will be stopped after processing this client
ptd-server 2022-08-03 04:32:28,469 [INFO] Sending reply to client 'OK'
ptd-server 2022-08-03 04:32:28,472 [INFO] Got command from the client 'time'
ptd-server 2022-08-03 04:32:28,473 [INFO] Sending reply to client '1659501148.473143'
ptd-server 2022-08-03 04:32:28,473 [INFO] Got command from the client 'new,,701933f9-2eb2-424a-bfb6-53656585b837'
ptd-server 2022-08-03 04:32:28,474 [INFO] Sending reply to client 'OK 2022-08-03_04-32-28,916abf14-7509-4df5-8674-7810c0dd9bd5'
ptd-server 2022-08-03 04:32:28,476 [INFO] Got command from the client 'time'
ptd-server 2022-08-03 04:32:28,476 [INFO] Sending reply to client '1659501148.4765198'
ptd-server 2022-08-03 04:32:28,477 [INFO] Got command from the client 'session,2022-08-03_04-32-28,start,ranging'
ptd-server 2022-08-03 04:32:28,579 [INFO] Running PTDaemon: ['C:\\PTD\\ptd-windows-x86.exe', '-l', 'C:\\Users\\pa\\AppData\\Local\\Temp\\tmpb7h9wje4\\ptd_logfile.txt', '-p', '8888', '-c', '1,2', '-y', '77', 'C2WL21005V']
ptd-server 2022-08-03 04:32:46,875 [INFO] Sending to ptd: 'Hello'
ptd-server 2022-08-03 04:32:46,875 [INFO] Reply from ptd: 'Hello, PTDaemon here!'
ptd-server 2022-08-03 04:32:46,876 [INFO] Sending to ptd: 'Identify'
ptd-server 2022-08-03 04:32:46,876 [INFO] Reply from ptd: 'YokogawaWT330_multichannel,1000,1,1,1,1,0,0,1,version=1.9.2-3976349f-20201208,OS=Windows 8 / Server 2012,mode=power,1,1,2,0,0,no_cal_date,YOKOGAWA;WT333E;C2WL21005V;F1.04'
ptd-server 2022-08-03 04:32:46,877 [INFO] Connected to PTDaemon
ptd-server 2022-08-03 04:32:46,877 [INFO] Sending to ptd: 'RR'
ptd-server 2022-08-03 04:32:46,877 [INFO] Reply from ptd: 'Ranges,-1,-1.000000,-1,-1.000000'
ptd-server 2022-08-03 04:32:46,878 [INFO] Initial range for Amps is Auto for Volts is Auto
ptd-server 2022-08-03 04:32:46,878 [INFO] Sending to ptd: 'SR,V,Auto'
ptd-server 2022-08-03 04:32:51,944 [INFO] Reply from ptd: 'Range V changed'
ptd-server 2022-08-03 04:32:51,944 [INFO] Sending to ptd: 'SR,A,20'
ptd-server 2022-08-03 04:32:57,531 [INFO] Reply from ptd: 'Range A changed'
ptd-server 2022-08-03 04:33:07,546 [INFO] Starting ranging mode
ptd-server 2022-08-03 04:33:07,546 [INFO] Sending to ptd: 'Go,1000,0,2022-08-03_04-32-28_ranging'
ptd-server 2022-08-03 04:33:07,546 [INFO] Reply from ptd: 'Starting untimed measurement, maximum 500000 samples at 1000ms with 0 rampup samples'
ptd-server 2022-08-03 04:33:07,547 [INFO] Sending reply to client 'OK'
ptd-server 2022-08-03 04:43:13,103 [INFO] Got command from the client 'session,2022-08-03_04-32-28,stop,ranging'
ptd-server 2022-08-03 04:43:23,109 [INFO] Sending to ptd: 'Stop'
ptd-server 2022-08-03 04:43:23,110 [INFO] Reply from ptd: 'Stopping untimed measurement'
ptd-server 2022-08-03 04:43:23,138 [INFO] Sending reply to client 'OK'
ptd-server 2022-08-03 04:43:23,151 [INFO] Got command from the client 'time'
ptd-server 2022-08-03 04:43:23,151 [INFO] Sending reply to client '1659501803.1513002'
ptd-server 2022-08-03 04:43:23,152 [INFO] Got command from the client 'session,2022-08-03_04-32-28,start,testing'
ptd-server 2022-08-03 04:43:23,152 [INFO] Sending to ptd: 'SR,V,121.400000'
ptd-server 2022-08-03 04:43:29,645 [INFO] Reply from ptd: 'Range V changed'
ptd-server 2022-08-03 04:43:29,645 [INFO] Sending to ptd: 'SR,A,1.387000'
ptd-server 2022-08-03 04:43:35,231 [INFO] Reply from ptd: 'Range A changed'
ptd-server 2022-08-03 04:43:45,234 [INFO] Starting testing mode
ptd-server 2022-08-03 04:43:45,235 [INFO] Sending to ptd: 'Go,1000,0,2022-08-03_04-32-28_testing'
ptd-server 2022-08-03 04:43:45,235 [INFO] Reply from ptd: 'Starting untimed measurement, maximum 500000 samples at 1000ms with 0 rampup samples'
ptd-server 2022-08-03 04:43:45,236 [INFO] Sending reply to client 'OK'
ptd-server 2022-08-03 04:53:50,914 [INFO] Got command from the client 'session,2022-08-03_04-32-28,stop,testing'
ptd-server 2022-08-03 04:54:00,917 [INFO] Sending to ptd: 'Stop'
ptd-server 2022-08-03 04:54:00,917 [INFO] Reply from ptd: 'Stopping untimed measurement'
ptd-server 2022-08-03 04:54:00,933 [INFO] Sending reply to client 'OK'
ptd-server 2022-08-03 04:54:00,942 [INFO] Got command from the client 'session,2022-08-03_04-32-28,done'
ptd-server 2022-08-03 04:54:00,942 [INFO] Sending to ptd: 'Stop'
ptd-server 2022-08-03 04:54:01,246 [INFO] Reply from ptd: 'Error: no measurement to stop'
ptd-server 2022-08-03 04:54:01,247 [INFO] Sending to ptd: 'SR,V,Auto'
ptd-server 2022-08-03 04:54:06,315 [INFO] Reply from ptd: 'Range V changed'
ptd-server 2022-08-03 04:54:06,316 [INFO] Sending to ptd: 'SR,A,Auto'
ptd-server 2022-08-03 04:54:11,379 [INFO] Reply from ptd: 'Range A changed'
ptd-server 2022-08-03 04:54:11,380 [INFO] Set initial values for Amps Auto and Volts Auto
ptd-server 2022-08-03 04:54:11,380 [INFO] Stopping ptd...
