ptd-server 2022-08-02 04:40:20,027 [INFO] Got command from the client 'time'
ptd-server 2022-08-02 04:40:20,027 [INFO] Sending reply to client '1659411620.0278068'
ptd-server 2022-08-02 04:40:20,028 [INFO] Got command from the client 'new,,4e14fa9f-de28-4a7b-9779-f81a293e3bf9'
ptd-server 2022-08-02 04:40:20,029 [INFO] Sending reply to client 'OK 2022-08-02_04-40-20,58a212dc-98b2-4e89-96cd-a7e3d537a5cb'
ptd-server 2022-08-02 04:40:20,061 [INFO] Got command from the client 'time'
ptd-server 2022-08-02 04:40:20,061 [INFO] Sending reply to client '1659411620.0612187'
ptd-server 2022-08-02 04:40:20,061 [INFO] Got command from the client 'session,2022-08-02_04-40-20,start,ranging'
ptd-server 2022-08-02 04:40:20,062 [INFO] Running PTDaemon: ['/home/anton/projects/mlperf/power/inference_v1.0/ptd-linux-x86', '-l', '/tmp/tmp7lgbo8s4/ptd_logfile.txt', '-p', '8888', '49', '/dev/usbtmc0']
ptd-server 2022-08-02 04:40:37,236 [INFO] Sending to ptd: 'Hello'
ptd-server 2022-08-02 04:40:37,237 [INFO] Reply from ptd: 'Hello, PTDaemon here!'
ptd-server 2022-08-02 04:40:37,237 [INFO] Sending to ptd: 'Identify'
ptd-server 2022-08-02 04:40:37,238 [INFO] Reply from ptd: 'YokogawaWT310E,1000,1,1,1,1,0,1,1,version=1.9.2-e8c7a49a-20201208,OS=Linux 5.13.0-52-generic #59~20.04.1-Ubuntu SMP Thu Jun 16 21:21:28 UTC 2022 x86_64,mode=power,1,1,1,0,0,no_cal_date,YOKOGAWA;WT310E;C3XA04010E;F1.04'
ptd-server 2022-08-02 04:40:37,238 [INFO] Connected to PTDaemon
ptd-server 2022-08-02 04:40:37,238 [INFO] Sending to ptd: 'RR'
ptd-server 2022-08-02 04:40:37,238 [INFO] Reply from ptd: 'Ranges,0,0.500000,1,300.000000'
ptd-server 2022-08-02 04:40:37,238 [INFO] Initial range for Amps is 0.500000 for Volts is Auto
ptd-server 2022-08-02 04:40:37,239 [INFO] Sending to ptd: 'SR,V,Auto'
ptd-server 2022-08-02 04:40:37,741 [INFO] Reply from ptd: 'Range V changed'
ptd-server 2022-08-02 04:40:37,741 [INFO] Sending to ptd: 'SR,A,Auto'
ptd-server 2022-08-02 04:40:38,244 [INFO] Reply from ptd: 'Range A changed'
ptd-server 2022-08-02 04:40:48,254 [INFO] Starting ranging mode
ptd-server 2022-08-02 04:40:48,254 [INFO] Sending to ptd: 'Go,1000,0,2022-08-02_04-40-20_ranging'
ptd-server 2022-08-02 04:40:48,255 [INFO] Reply from ptd: 'Starting untimed measurement, maximum 500000 samples at 1000ms with 0 rampup samples'
ptd-server 2022-08-02 04:40:48,255 [INFO] Sending reply to client 'OK'
ptd-server 2022-08-02 04:50:59,623 [INFO] Got command from the client 'session,2022-08-02_04-40-20,stop,ranging'
ptd-server 2022-08-02 04:51:09,633 [INFO] Sending to ptd: 'Stop'
ptd-server 2022-08-02 04:51:09,634 [INFO] Reply from ptd: 'Stopping untimed measurement'
ptd-server 2022-08-02 04:51:11,101 [INFO] Sending reply to client 'OK'
ptd-server 2022-08-02 04:51:11,164 [INFO] Got command from the client 'time'
ptd-server 2022-08-02 04:51:11,164 [INFO] Sending reply to client '1659412271.164947'
ptd-server 2022-08-02 04:51:11,166 [INFO] Got command from the client 'session,2022-08-02_04-40-20,start,testing'
ptd-server 2022-08-02 04:51:11,166 [INFO] Sending to ptd: 'SR,V,248.580000'
ptd-server 2022-08-02 04:51:12,668 [INFO] Reply from ptd: 'Range V changed'
ptd-server 2022-08-02 04:51:12,668 [INFO] Sending to ptd: 'SR,A,0.227470'
ptd-server 2022-08-02 04:51:14,169 [INFO] Reply from ptd: 'Range A changed'
ptd-server 2022-08-02 04:51:24,179 [INFO] Starting testing mode
ptd-server 2022-08-02 04:51:24,180 [INFO] Sending to ptd: 'Go,1000,0,2022-08-02_04-40-20_testing'
ptd-server 2022-08-02 04:51:24,180 [INFO] Reply from ptd: 'Starting untimed measurement, maximum 500000 samples at 1000ms with 0 rampup samples'
ptd-server 2022-08-02 04:51:24,180 [INFO] Sending reply to client 'OK'
ptd-server 2022-08-02 05:01:35,558 [INFO] Got command from the client 'session,2022-08-02_04-40-20,stop,testing'
ptd-server 2022-08-02 05:01:45,568 [INFO] Sending to ptd: 'Stop'
ptd-server 2022-08-02 05:01:45,568 [INFO] Reply from ptd: 'Stopping untimed measurement'
ptd-server 2022-08-02 05:01:46,316 [INFO] Sending reply to client 'OK'
ptd-server 2022-08-02 05:01:46,325 [INFO] Got command from the client 'session,2022-08-02_04-40-20,done'
ptd-server 2022-08-02 05:01:46,325 [INFO] Sending to ptd: 'Stop'
ptd-server 2022-08-02 05:01:46,325 [INFO] Reply from ptd: 'Error: no measurement to stop'
ptd-server 2022-08-02 05:01:46,326 [INFO] Sending to ptd: 'SR,V,Auto'
ptd-server 2022-08-02 05:01:46,828 [INFO] Reply from ptd: 'Range V changed'
ptd-server 2022-08-02 05:01:46,828 [INFO] Sending to ptd: 'SR,A,0.500000'
ptd-server 2022-08-02 05:01:48,330 [INFO] Reply from ptd: 'Range A changed'
ptd-server 2022-08-02 05:01:48,330 [INFO] Set initial values for Amps 0.500000 and Volts Auto
ptd-server 2022-08-02 05:01:48,330 [INFO] Stopping ptd...
