client 2022-07-20 11:46:55,793 [WARNING] Removing loadgen logs directory '/home/firefly/CK/ck-mlperf/program/image-classification-tflite-loadgen/tmp/loadgen_logs'
client 2022-07-20 11:46:55,797 [INFO] Sending command to the server: 'mlcommons/power client v3'
client 2022-07-20 11:46:55,800 [INFO] Got response: 'mlcommons/power server v3'
client 2022-07-20 11:46:55,800 [INFO] Synchronizing with the server and with time.google.com...
client 2022-07-20 11:46:55,852 [INFO] NTP:offset = -0.009 s, delay = 0.044 s 
client 2022-07-20 11:46:55,852 [INFO] Sending command to the server: 'time'
client 2022-07-20 11:46:55,856 [INFO] Got response: '1658314015.8550835'
client 2022-07-20 11:46:55,856 [INFO] The time difference between the client and the server is within range -2.316 ms..1.630 ms
client 2022-07-20 11:46:55,857 [INFO] Sending command to the server: 'new,,c0abf225-6de8-4083-8c78-30407341faf3'
client 2022-07-20 11:46:55,860 [INFO] Got response: 'OK 2022-07-20_11-46-55,423c6c9e-f610-4b68-b526-e9ab1249dcfa'
client 2022-07-20 11:46:55,860 [INFO] Session id is '2022-07-20_11-46-55'
client 2022-07-20 11:46:55,860 [INFO] Sources: {"sources": {"__init__.py": "da39a3ee5e6b4b0d3255bfef95601890afd80709", "client.py": "33ca4f26368777ac06e01f9567b714a4b8063886", "lib/__init__.py": "da39a3ee5e6b4b0d3255bfef95601890afd80709", "lib/client.py": "4c2b78fb4849a7e5b584ef792d82aaed20b17f57", "lib/common.py": "624d0c0acc7c39aaff3674f0b99d6a09da53d1dc", "lib/external/__init__.py": "da39a3ee5e6b4b0d3255bfef95601890afd80709", "lib/external/ntplib.py": "4da8f970656505a40483206ef2b5d3dd5e81711d", "lib/server.py": "cda0cdfaee9bfa1249c64a7dd4f89b7bf1b279f0", "lib/source_hashes.py": "60a2e02193209e8d392803326208d5466342da18", "lib/summary.py": "aa92f0a3f975eecd44d3c0cd0236342ccc9f941d", "lib/time_sync.py": "3210db56eb0ff0df57bf4293dc4d4b03fffd46f1", "server.py": "c3f90f2f7eeb4db30727556d0c815ebc89b3d28b", "tests/unit/__init__.py": "da39a3ee5e6b4b0d3255bfef95601890afd80709", "tests/unit/test_server.py": "99ae15aef722f2000ee6ed1ae1523637bf1ae42b", "tests/unit/test_source_hashes.py": "00468a2907583c593e6574a1f6b404e4651c221a"}, "modules": {"ptd_client_server.lib.client": "lib/client.py", "ptd_client_server.lib.common": "lib/common.py", "ptd_client_server.lib.external.ntplib": "lib/external/ntplib.py", "ptd_client_server.lib.source_hashes": "lib/source_hashes.py", "ptd_client_server.lib.summary": "lib/summary.py", "ptd_client_server.lib.time_sync": "lib/time_sync.py"}}
client 2022-07-20 11:46:55,861 [INFO] Running workload in ranging mode
client 2022-07-20 11:46:55,861 [INFO] Synchronizing with the server and with time.google.com...
client 2022-07-20 11:46:55,954 [INFO] NTP:offset = -0.029 s, delay = 0.087 s 
client 2022-07-20 11:46:55,954 [INFO] Sending command to the server: 'time'
client 2022-07-20 11:46:55,958 [INFO] Got response: '1658314015.9568462'
client 2022-07-20 11:46:55,958 [INFO] The time difference between the client and the server is within range -2.283 ms..2.050 ms
client 2022-07-20 11:46:55,959 [INFO] Sending command to the server: 'session,2022-07-20_11-46-55,start,ranging'
client 2022-07-20 11:47:24,219 [INFO] Got response: 'OK'
client 2022-07-20 11:47:24,220 [INFO] Running the workload 'ck benchmark program:image-classification-tflite-loadgen --env.CK_SILENT_MODE=YES --skip_print_timers --dep_add_tags.compiler=gcc,v9 --dep_add_tags.python=v3 --dep_add_tags.mlperf-inference-src=r2.1 --dep_add_tags.weights=mobilenet,v2-0.35-192,quantized --dep_add_tags.images=crop.875,preprocessed,using-opencv --dep_add_tags.library=tflite,v2.7.1,with.ruy --env.CK_LOADGEN_DATASET_SIZE=1024 --env.CK_LOADGEN_MODE=PerformanceOnly --env.CK_LOADGEN_SCENARIO=SingleStream --env.CK_LOADGEN_TARGET_LATENCY=$CK_LOADGEN_TARGET_LATENCY --skip_stat_analysis --process_multi_keys --repetitions=1 --record --record_repo=local --record_uoa=mlperf_v2.1-open-firefly-tflite-v2.7.1-ruy-mobilenet-v2-0.35-192-quantized-singlestream-performance-target_latency.$CK_LOADGEN_TARGET_LATENCY-power.workload --tags=mlperf,round.v2.1,division.open,task.image-classification,platform.firefly,scenario.singlestream,mode.performance,workload.mobilenet-v2-0.35-192-quantized,preprocessed_using.opencv,inference_engine.tflite,inference_engine_version.v2.7.1,inference_engine_backend.ruy,target_latency.$CK_LOADGEN_TARGET_LATENCY,power.workload "@@@{\'meta\': {\'ck_benchmark_program\': \'ck benchmark program:image-classification-tflite-loadgen --env.CK_SILENT_MODE=YES --skip_print_timers --dep_add_tags.compiler=gcc,v9 --dep_add_tags.python=v3 --dep_add_tags.mlperf-inference-src=r2.1 --dep_add_tags.weights=mobilenet,v2-0.35-192,quantized --dep_add_tags.images=crop.875,preprocessed,using-opencv --dep_add_tags.library=tflite,v2.7.1,with.ruy --env.CK_LOADGEN_DATASET_SIZE=1024 --env.CK_LOADGEN_MODE=PerformanceOnly --env.CK_LOADGEN_SCENARIO=SingleStream --env.CK_LOADGEN_TARGET_LATENCY=$CK_LOADGEN_TARGET_LATENCY --skip_stat_analysis --process_multi_keys --repetitions=1 --record --record_repo=local --record_uoa=mlperf_v2.1-open-firefly-tflite-v2.7.1-ruy-mobilenet-v2-0.35-192-quantized-singlestream-performance-target_latency.$CK_LOADGEN_TARGET_LATENCY-power.workload --tags=mlperf,round.v2.1,division.open,task.image-classification,platform.firefly,scenario.singlestream,mode.performance,workload.mobilenet-v2-0.35-192-quantized,preprocessed_using.opencv,inference_engine.tflite,inference_engine_version.v2.7.1,inference_engine_backend.ruy,target_latency.$CK_LOADGEN_TARGET_LATENCY,power.workload\'}}" && cat `ck find program:image-classification-tflite-loadgen`/tmp/mlperf_log_summary.txt && mkdir -p "$CK_MLPERF_POWER_CLIENT_LOADGEN_LOGS" && cp "$CK_MLPERF_POWER_CLIENT_LOADGEN_LOGS"/../mlperf_log_* "$CK_MLPERF_POWER_CLIENT_LOADGEN_LOGS"/'
client 2022-07-20 11:57:43,039 [INFO] Sending command to the server: 'session,2022-07-20_11-46-55,stop,ranging'
client 2022-07-20 11:57:53,282 [INFO] Got response: 'OK'
client 2022-07-20 11:57:53,303 [INFO] Copying loadgen logs from '/home/firefly/CK/ck-mlperf/program/image-classification-tflite-loadgen/tmp/loadgen_logs' to '/home/firefly/CK/ck-mlperf/program/mlperf-power-client/tmp/2022-07-20_11-46-55/ranging'
client 2022-07-20 11:57:53,305 [INFO] Running workload in testing mode
client 2022-07-20 11:57:53,305 [INFO] Synchronizing with the server and with time.google.com...
client 2022-07-20 11:57:53,383 [INFO] NTP:offset = -0.012 s, delay = 0.058 s 
client 2022-07-20 11:57:53,383 [INFO] Sending command to the server: 'time'
client 2022-07-20 11:57:53,387 [INFO] Got response: '1658314673.3855186'
client 2022-07-20 11:57:53,388 [INFO] The time difference between the client and the server is within range -1.656 ms..3.089 ms
client 2022-07-20 11:57:53,389 [INFO] Sending command to the server: 'session,2022-07-20_11-46-55,start,testing'
client 2022-07-20 11:58:06,492 [INFO] Got response: 'OK'
client 2022-07-20 11:58:06,492 [INFO] Running the workload 'ck benchmark program:image-classification-tflite-loadgen --env.CK_SILENT_MODE=YES --skip_print_timers --dep_add_tags.compiler=gcc,v9 --dep_add_tags.python=v3 --dep_add_tags.mlperf-inference-src=r2.1 --dep_add_tags.weights=mobilenet,v2-0.35-192,quantized --dep_add_tags.images=crop.875,preprocessed,using-opencv --dep_add_tags.library=tflite,v2.7.1,with.ruy --env.CK_LOADGEN_DATASET_SIZE=1024 --env.CK_LOADGEN_MODE=PerformanceOnly --env.CK_LOADGEN_SCENARIO=SingleStream --env.CK_LOADGEN_TARGET_LATENCY=$CK_LOADGEN_TARGET_LATENCY --skip_stat_analysis --process_multi_keys --repetitions=1 --record --record_repo=local --record_uoa=mlperf_v2.1-open-firefly-tflite-v2.7.1-ruy-mobilenet-v2-0.35-192-quantized-singlestream-performance-target_latency.$CK_LOADGEN_TARGET_LATENCY-power.workload --tags=mlperf,round.v2.1,division.open,task.image-classification,platform.firefly,scenario.singlestream,mode.performance,workload.mobilenet-v2-0.35-192-quantized,preprocessed_using.opencv,inference_engine.tflite,inference_engine_version.v2.7.1,inference_engine_backend.ruy,target_latency.$CK_LOADGEN_TARGET_LATENCY,power.workload "@@@{\'meta\': {\'ck_benchmark_program\': \'ck benchmark program:image-classification-tflite-loadgen --env.CK_SILENT_MODE=YES --skip_print_timers --dep_add_tags.compiler=gcc,v9 --dep_add_tags.python=v3 --dep_add_tags.mlperf-inference-src=r2.1 --dep_add_tags.weights=mobilenet,v2-0.35-192,quantized --dep_add_tags.images=crop.875,preprocessed,using-opencv --dep_add_tags.library=tflite,v2.7.1,with.ruy --env.CK_LOADGEN_DATASET_SIZE=1024 --env.CK_LOADGEN_MODE=PerformanceOnly --env.CK_LOADGEN_SCENARIO=SingleStream --env.CK_LOADGEN_TARGET_LATENCY=$CK_LOADGEN_TARGET_LATENCY --skip_stat_analysis --process_multi_keys --repetitions=1 --record --record_repo=local --record_uoa=mlperf_v2.1-open-firefly-tflite-v2.7.1-ruy-mobilenet-v2-0.35-192-quantized-singlestream-performance-target_latency.$CK_LOADGEN_TARGET_LATENCY-power.workload --tags=mlperf,round.v2.1,division.open,task.image-classification,platform.firefly,scenario.singlestream,mode.performance,workload.mobilenet-v2-0.35-192-quantized,preprocessed_using.opencv,inference_engine.tflite,inference_engine_version.v2.7.1,inference_engine_backend.ruy,target_latency.$CK_LOADGEN_TARGET_LATENCY,power.workload\'}}" && cat `ck find program:image-classification-tflite-loadgen`/tmp/mlperf_log_summary.txt && mkdir -p "$CK_MLPERF_POWER_CLIENT_LOADGEN_LOGS" && cp "$CK_MLPERF_POWER_CLIENT_LOADGEN_LOGS"/../mlperf_log_* "$CK_MLPERF_POWER_CLIENT_LOADGEN_LOGS"/'
client 2022-07-20 12:08:25,394 [INFO] Sending command to the server: 'session,2022-07-20_11-46-55,stop,testing'
client 2022-07-20 12:08:35,554 [INFO] Got response: 'OK'
client 2022-07-20 12:08:35,561 [INFO] Copying loadgen logs from '/home/firefly/CK/ck-mlperf/program/image-classification-tflite-loadgen/tmp/loadgen_logs' to '/home/firefly/CK/ck-mlperf/program/mlperf-power-client/tmp/2022-07-20_11-46-55/run_1'
client 2022-07-20 12:08:35,564 [INFO] Done runs
