ptd-server 2022-07-20 11:46:55,854 [INFO] Got command from the client 'time'
ptd-server 2022-07-20 11:46:55,855 [INFO] Sending reply to client '1658314015.8550835'
ptd-server 2022-07-20 11:46:55,859 [INFO] Got command from the client 'new,,c0abf225-6de8-4083-8c78-30407341faf3'
ptd-server 2022-07-20 11:46:55,859 [INFO] Sending reply to client 'OK 2022-07-20_11-46-55,423c6c9e-f610-4b68-b526-e9ab1249dcfa'
ptd-server 2022-07-20 11:46:55,956 [INFO] Got command from the client 'time'
ptd-server 2022-07-20 11:46:55,956 [INFO] Sending reply to client '1658314015.9568462'
ptd-server 2022-07-20 11:46:55,961 [INFO] Got command from the client 'session,2022-07-20_11-46-55,start,ranging'
ptd-server 2022-07-20 11:46:55,961 [INFO] Running PTDaemon: ['/home/anton/projects/mlperf/power/inference_v1.0/ptd-linux-x86', '-l', '/tmp/tmp7lgbo8s4/ptd_logfile.txt', '-p', '8888', '49', '/dev/usbtmc0']
ptd-server 2022-07-20 11:47:13,136 [INFO] Sending to ptd: 'Hello'
ptd-server 2022-07-20 11:47:13,136 [INFO] Reply from ptd: 'Hello, PTDaemon here!'
ptd-server 2022-07-20 11:47:13,137 [INFO] Sending to ptd: 'Identify'
ptd-server 2022-07-20 11:47:13,137 [INFO] Reply from ptd: 'YokogawaWT310E,1000,1,1,1,1,0,1,1,version=1.9.2-e8c7a49a-20201208,OS=Linux 5.13.0-52-generic #59~20.04.1-Ubuntu SMP Thu Jun 16 21:21:28 UTC 2022 x86_64,mode=power,1,1,1,0,0,no_cal_date,YOKOGAWA;WT310E;C3XA04010E;F1.04'
ptd-server 2022-07-20 11:47:13,137 [INFO] Connected to PTDaemon
ptd-server 2022-07-20 11:47:13,137 [INFO] Sending to ptd: 'RR'
ptd-server 2022-07-20 11:47:13,138 [INFO] Reply from ptd: 'Ranges,0,0.500000,1,300.000000'
ptd-server 2022-07-20 11:47:13,138 [INFO] Initial range for Amps is 0.500000 for Volts is Auto
ptd-server 2022-07-20 11:47:13,138 [INFO] Sending to ptd: 'SR,V,Auto'
ptd-server 2022-07-20 11:47:13,640 [INFO] Reply from ptd: 'Range V changed'
ptd-server 2022-07-20 11:47:13,641 [INFO] Sending to ptd: 'SR,A,Auto'
ptd-server 2022-07-20 11:47:14,143 [INFO] Reply from ptd: 'Range A changed'
ptd-server 2022-07-20 11:47:24,153 [INFO] Starting ranging mode
ptd-server 2022-07-20 11:47:24,154 [INFO] Sending to ptd: 'Go,1000,0,2022-07-20_11-46-55_ranging'
ptd-server 2022-07-20 11:47:24,154 [INFO] Reply from ptd: 'Starting untimed measurement, maximum 500000 samples at 1000ms with 0 rampup samples'
ptd-server 2022-07-20 11:47:24,154 [INFO] Sending reply to client 'OK'
ptd-server 2022-07-20 11:57:43,041 [INFO] Got command from the client 'session,2022-07-20_11-46-55,stop,ranging'
ptd-server 2022-07-20 11:57:53,051 [INFO] Sending to ptd: 'Stop'
ptd-server 2022-07-20 11:57:53,052 [INFO] Reply from ptd: 'Stopping untimed measurement'
ptd-server 2022-07-20 11:57:53,277 [INFO] Sending reply to client 'OK'
ptd-server 2022-07-20 11:57:53,385 [INFO] Got command from the client 'time'
ptd-server 2022-07-20 11:57:53,385 [INFO] Sending reply to client '1658314673.3855186'
ptd-server 2022-07-20 11:57:53,390 [INFO] Got command from the client 'session,2022-07-20_11-46-55,start,testing'
ptd-server 2022-07-20 11:57:53,391 [INFO] Sending to ptd: 'SR,V,249.770000'
ptd-server 2022-07-20 11:57:54,892 [INFO] Reply from ptd: 'Range V changed'
ptd-server 2022-07-20 11:57:54,892 [INFO] Sending to ptd: 'SR,A,0.078020'
ptd-server 2022-07-20 11:57:56,394 [INFO] Reply from ptd: 'Range A changed'
ptd-server 2022-07-20 11:58:06,404 [INFO] Starting testing mode
ptd-server 2022-07-20 11:58:06,404 [INFO] Sending to ptd: 'Go,1000,0,2022-07-20_11-46-55_testing'
ptd-server 2022-07-20 11:58:06,404 [INFO] Reply from ptd: 'Starting untimed measurement, maximum 500000 samples at 1000ms with 0 rampup samples'
ptd-server 2022-07-20 11:58:06,405 [INFO] Sending reply to client 'OK'
ptd-server 2022-07-20 12:08:25,394 [INFO] Got command from the client 'session,2022-07-20_11-46-55,stop,testing'
ptd-server 2022-07-20 12:08:35,405 [INFO] Sending to ptd: 'Stop'
ptd-server 2022-07-20 12:08:35,405 [INFO] Reply from ptd: 'Stopping untimed measurement'
ptd-server 2022-07-20 12:08:35,523 [INFO] Sending reply to client 'OK'
ptd-server 2022-07-20 12:08:35,573 [INFO] Got command from the client 'session,2022-07-20_11-46-55,done'
ptd-server 2022-07-20 12:08:35,573 [INFO] Sending to ptd: 'Stop'
ptd-server 2022-07-20 12:08:36,404 [INFO] Reply from ptd: 'Error: no measurement to stop'
ptd-server 2022-07-20 12:08:36,404 [INFO] Sending to ptd: 'SR,V,Auto'
ptd-server 2022-07-20 12:08:36,907 [INFO] Reply from ptd: 'Range V changed'
ptd-server 2022-07-20 12:08:36,907 [INFO] Sending to ptd: 'SR,A,0.500000'
ptd-server 2022-07-20 12:08:38,409 [INFO] Reply from ptd: 'Range A changed'
ptd-server 2022-07-20 12:08:38,409 [INFO] Set initial values for Amps 0.500000 and Volts Auto
ptd-server 2022-07-20 12:08:38,409 [INFO] Stopping ptd...
