ptd-server 2022-07-29 16:45:20,717 [INFO] Got command from the client 'time'
ptd-server 2022-07-29 16:45:20,717 [INFO] Sending reply to client '1659109520.7174716'
ptd-server 2022-07-29 16:45:20,721 [INFO] Got command from the client 'new,,e24a9b4c-076d-4325-9d41-0894bea33e83'
ptd-server 2022-07-29 16:45:20,722 [INFO] Sending reply to client 'OK 2022-07-29_16-45-20,d979e092-55f8-41b7-9f95-86281b6c34e7'
ptd-server 2022-07-29 16:45:20,766 [INFO] Got command from the client 'time'
ptd-server 2022-07-29 16:45:20,766 [INFO] Sending reply to client '1659109520.7669182'
ptd-server 2022-07-29 16:45:20,770 [INFO] Got command from the client 'session,2022-07-29_16-45-20,start,ranging'
ptd-server 2022-07-29 16:45:20,771 [INFO] Running PTDaemon: ['/home/anton/projects/mlperf/power/inference_v1.0/ptd-linux-x86', '-l', '/tmp/tmp7lgbo8s4/ptd_logfile.txt', '-p', '8888', '49', '/dev/usbtmc0']
ptd-server 2022-07-29 16:45:37,945 [INFO] Sending to ptd: 'Hello'
ptd-server 2022-07-29 16:45:37,945 [INFO] Reply from ptd: 'Hello, PTDaemon here!'
ptd-server 2022-07-29 16:45:37,946 [INFO] Sending to ptd: 'Identify'
ptd-server 2022-07-29 16:45:37,946 [INFO] Reply from ptd: 'YokogawaWT310E,1000,1,1,1,1,0,1,1,version=1.9.2-e8c7a49a-20201208,OS=Linux 5.13.0-52-generic #59~20.04.1-Ubuntu SMP Thu Jun 16 21:21:28 UTC 2022 x86_64,mode=power,1,1,1,0,0,no_cal_date,YOKOGAWA;WT310E;C3XA04010E;F1.04'
ptd-server 2022-07-29 16:45:37,946 [INFO] Connected to PTDaemon
ptd-server 2022-07-29 16:45:37,946 [INFO] Sending to ptd: 'RR'
ptd-server 2022-07-29 16:45:37,947 [INFO] Reply from ptd: 'Ranges,0,0.500000,1,300.000000'
ptd-server 2022-07-29 16:45:37,947 [INFO] Initial range for Amps is 0.500000 for Volts is Auto
ptd-server 2022-07-29 16:45:37,947 [INFO] Sending to ptd: 'SR,V,Auto'
ptd-server 2022-07-29 16:45:38,449 [INFO] Reply from ptd: 'Range V changed'
ptd-server 2022-07-29 16:45:38,450 [INFO] Sending to ptd: 'SR,A,Auto'
ptd-server 2022-07-29 16:45:38,952 [INFO] Reply from ptd: 'Range A changed'
ptd-server 2022-07-29 16:45:48,962 [INFO] Starting ranging mode
ptd-server 2022-07-29 16:45:48,962 [INFO] Sending to ptd: 'Go,1000,0,2022-07-29_16-45-20_ranging'
ptd-server 2022-07-29 16:45:48,963 [INFO] Reply from ptd: 'Starting untimed measurement, maximum 500000 samples at 1000ms with 0 rampup samples'
ptd-server 2022-07-29 16:45:48,963 [INFO] Sending reply to client 'OK'
ptd-server 2022-07-29 16:56:20,914 [INFO] Got command from the client 'session,2022-07-29_16-45-20,stop,ranging'
ptd-server 2022-07-29 16:56:30,919 [INFO] Sending to ptd: 'Stop'
ptd-server 2022-07-29 16:56:30,920 [INFO] Reply from ptd: 'Stopping untimed measurement'
ptd-server 2022-07-29 16:56:32,155 [INFO] Sending reply to client 'OK'
ptd-server 2022-07-29 16:56:32,218 [INFO] Got command from the client 'time'
ptd-server 2022-07-29 16:56:32,218 [INFO] Sending reply to client '1659110192.2184625'
ptd-server 2022-07-29 16:56:32,223 [INFO] Got command from the client 'session,2022-07-29_16-45-20,start,testing'
ptd-server 2022-07-29 16:56:32,223 [INFO] Sending to ptd: 'SR,V,250.340000'
ptd-server 2022-07-29 16:56:33,725 [INFO] Reply from ptd: 'Range V changed'
ptd-server 2022-07-29 16:56:33,725 [INFO] Sending to ptd: 'SR,A,0.057320'
ptd-server 2022-07-29 16:56:35,226 [INFO] Reply from ptd: 'Range A changed'
ptd-server 2022-07-29 16:56:45,236 [INFO] Starting testing mode
ptd-server 2022-07-29 16:56:45,237 [INFO] Sending to ptd: 'Go,1000,0,2022-07-29_16-45-20_testing'
ptd-server 2022-07-29 16:56:45,237 [INFO] Reply from ptd: 'Starting untimed measurement, maximum 500000 samples at 1000ms with 0 rampup samples'
ptd-server 2022-07-29 16:56:45,237 [INFO] Sending reply to client 'OK'
ptd-server 2022-07-29 17:07:17,462 [INFO] Got command from the client 'session,2022-07-29_16-45-20,stop,testing'
ptd-server 2022-07-29 17:07:27,472 [INFO] Sending to ptd: 'Stop'
ptd-server 2022-07-29 17:07:27,473 [INFO] Reply from ptd: 'Stopping untimed measurement'
ptd-server 2022-07-29 17:07:28,113 [INFO] Sending reply to client 'OK'
ptd-server 2022-07-29 17:07:28,134 [INFO] Got command from the client 'session,2022-07-29_16-45-20,done'
ptd-server 2022-07-29 17:07:28,134 [INFO] Sending to ptd: 'Stop'
ptd-server 2022-07-29 17:07:28,237 [INFO] Reply from ptd: 'Error: no measurement to stop'
ptd-server 2022-07-29 17:07:28,237 [INFO] Sending to ptd: 'SR,V,Auto'
ptd-server 2022-07-29 17:07:28,740 [INFO] Reply from ptd: 'Range V changed'
ptd-server 2022-07-29 17:07:28,740 [INFO] Sending to ptd: 'SR,A,0.500000'
ptd-server 2022-07-29 17:07:30,241 [INFO] Reply from ptd: 'Range A changed'
ptd-server 2022-07-29 17:07:30,241 [INFO] Set initial values for Amps 0.500000 and Volts Auto
ptd-server 2022-07-29 17:07:30,242 [INFO] Stopping ptd...
