ptd-server 2022-08-05 12:33:25,526 [INFO] Got command from the client 'time'
ptd-server 2022-08-05 12:33:25,526 [INFO] Sending reply to client '1659720805.5268793'
ptd-server 2022-08-05 12:33:25,529 [INFO] Got command from the client 'new,,b06856fb-a7ec-4325-8f94-d06cc339c3b6'
ptd-server 2022-08-05 12:33:25,529 [INFO] Sending reply to client 'OK 2022-08-05_12-33-25,0f437cee-4b49-4932-afe2-6da4685f9f61'
ptd-server 2022-08-05 12:33:25,639 [INFO] Got command from the client 'time'
ptd-server 2022-08-05 12:33:25,639 [INFO] Sending reply to client '1659720805.6396985'
ptd-server 2022-08-05 12:33:25,642 [INFO] Got command from the client 'session,2022-08-05_12-33-25,start,ranging'
ptd-server 2022-08-05 12:33:25,642 [INFO] Running PTDaemon: ['/local/mnt/workspace/mlcommons/power-main/inference_v1.0/ptd-linux-x86', '-l', '/tmp/tmpsbncd2hd/ptd_logfile.txt', '-p', '8889', '-c', '2', '52', '/dev/usbtmc0']
ptd-server 2022-08-05 12:33:42,763 [INFO] Sending to ptd: 'Hello'
ptd-server 2022-08-05 12:33:42,764 [INFO] Reply from ptd: 'Hello, PTDaemon here!'
ptd-server 2022-08-05 12:33:42,764 [INFO] Sending to ptd: 'Identify'
ptd-server 2022-08-05 12:33:42,764 [INFO] Reply from ptd: 'YokogawaWT330,1000,1,1,1,1,0,0,1,version=1.9.2-e8c7a49a-20201208,OS=Linux 5.4.0-120-generic #136~18.04.1-Ubuntu SMP Fri Jun 10 18:00:44 UTC 2022 x86_64,mode=power,1,1,1,0,0,no_cal_date,YOKOGAWA;WT333;C2QH26002V;F1.06'
ptd-server 2022-08-05 12:33:42,765 [INFO] Connected to PTDaemon
ptd-server 2022-08-05 12:33:42,765 [INFO] Sending to ptd: 'RR'
ptd-server 2022-08-05 12:33:42,765 [INFO] Reply from ptd: 'Ranges,1,0.500000,1,150.000000'
ptd-server 2022-08-05 12:33:42,765 [INFO] Initial range for Amps is Auto for Volts is Auto
ptd-server 2022-08-05 12:33:42,766 [INFO] Sending to ptd: 'SR,V,Auto'
ptd-server 2022-08-05 12:33:43,269 [INFO] Reply from ptd: 'Range V changed'
ptd-server 2022-08-05 12:33:43,269 [INFO] Sending to ptd: 'SR,A,Auto'
ptd-server 2022-08-05 12:33:43,772 [INFO] Reply from ptd: 'Range A changed'
ptd-server 2022-08-05 12:33:53,774 [INFO] Starting ranging mode
ptd-server 2022-08-05 12:33:53,775 [INFO] Sending to ptd: 'Go,1000,0,2022-08-05_12-33-25_ranging'
ptd-server 2022-08-05 12:33:53,775 [INFO] Reply from ptd: 'Starting untimed measurement, maximum 500000 samples at 1000ms with 0 rampup samples'
ptd-server 2022-08-05 12:33:53,776 [INFO] Sending reply to client 'OK'
ptd-server 2022-08-05 12:44:51,024 [INFO] Got command from the client 'session,2022-08-05_12-33-25,stop,ranging'
ptd-server 2022-08-05 12:45:01,034 [INFO] Sending to ptd: 'Stop'
ptd-server 2022-08-05 12:45:01,035 [INFO] Reply from ptd: 'Stopping untimed measurement'
ptd-server 2022-08-05 12:45:01,073 [INFO] Sending reply to client 'OK'
ptd-server 2022-08-05 12:45:01,195 [INFO] Got command from the client 'time'
ptd-server 2022-08-05 12:45:01,195 [INFO] Sending reply to client '1659721501.195446'
ptd-server 2022-08-05 12:45:01,199 [INFO] Got command from the client 'session,2022-08-05_12-33-25,start,testing'
ptd-server 2022-08-05 12:45:01,199 [INFO] Sending to ptd: 'SR,V,118.680000'
ptd-server 2022-08-05 12:45:03,278 [INFO] Reply from ptd: 'Range V changed'
ptd-server 2022-08-05 12:45:03,278 [INFO] Sending to ptd: 'SR,A,0.232460'
ptd-server 2022-08-05 12:45:04,780 [INFO] Reply from ptd: 'Range A changed'
ptd-server 2022-08-05 12:45:14,791 [INFO] Starting testing mode
ptd-server 2022-08-05 12:45:14,791 [INFO] Sending to ptd: 'Go,1000,0,2022-08-05_12-33-25_testing'
ptd-server 2022-08-05 12:45:14,792 [INFO] Reply from ptd: 'Starting untimed measurement, maximum 500000 samples at 1000ms with 0 rampup samples'
ptd-server 2022-08-05 12:45:14,792 [INFO] Sending reply to client 'OK'
ptd-server 2022-08-05 12:56:10,903 [INFO] Got command from the client 'session,2022-08-05_12-33-25,stop,testing'
ptd-server 2022-08-05 12:56:20,914 [INFO] Sending to ptd: 'Stop'
ptd-server 2022-08-05 12:56:20,914 [INFO] Reply from ptd: 'Stopping untimed measurement'
ptd-server 2022-08-05 12:56:20,934 [INFO] Sending reply to client 'OK'
ptd-server 2022-08-05 12:56:20,960 [INFO] Got command from the client 'session,2022-08-05_12-33-25,done'
ptd-server 2022-08-05 12:56:20,960 [INFO] Sending to ptd: 'Stop'
ptd-server 2022-08-05 12:56:21,793 [INFO] Reply from ptd: 'Error: no measurement to stop'
ptd-server 2022-08-05 12:56:21,793 [INFO] Sending to ptd: 'SR,V,Auto'
ptd-server 2022-08-05 12:56:22,297 [INFO] Reply from ptd: 'Range V changed'
ptd-server 2022-08-05 12:56:22,297 [INFO] Sending to ptd: 'SR,A,Auto'
ptd-server 2022-08-05 12:56:22,800 [INFO] Reply from ptd: 'Range A changed'
ptd-server 2022-08-05 12:56:22,800 [INFO] Set initial values for Amps Auto and Volts Auto
ptd-server 2022-08-05 12:56:22,801 [INFO] Stopping ptd...
