ptd-server 2022-07-29 02:42:30,797 [INFO] Got command from the client 'time'
ptd-server 2022-07-29 02:42:30,797 [INFO] Sending reply to client '1659058950.79767'
ptd-server 2022-07-29 02:42:30,802 [INFO] Got command from the client 'new,,3f5b1bb5-797f-4eca-b5a5-b84a840d035e'
ptd-server 2022-07-29 02:42:30,802 [INFO] Sending reply to client 'OK 2022-07-29_02-42-30,bc4f0557-d5e0-4ad3-9b2f-dce565bfc00b'
ptd-server 2022-07-29 02:42:30,841 [INFO] Got command from the client 'time'
ptd-server 2022-07-29 02:42:30,842 [INFO] Sending reply to client '1659058950.8420653'
ptd-server 2022-07-29 02:42:30,846 [INFO] Got command from the client 'session,2022-07-29_02-42-30,start,ranging'
ptd-server 2022-07-29 02:42:30,846 [INFO] Running PTDaemon: ['/home/anton/projects/mlperf/power/inference_v1.0/ptd-linux-x86', '-l', '/tmp/tmp7lgbo8s4/ptd_logfile.txt', '-p', '8888', '49', '/dev/usbtmc0']
ptd-server 2022-07-29 02:42:48,021 [INFO] Sending to ptd: 'Hello'
ptd-server 2022-07-29 02:42:48,021 [INFO] Reply from ptd: 'Hello, PTDaemon here!'
ptd-server 2022-07-29 02:42:48,022 [INFO] Sending to ptd: 'Identify'
ptd-server 2022-07-29 02:42:48,022 [INFO] Reply from ptd: 'YokogawaWT310E,1000,1,1,1,1,0,1,1,version=1.9.2-e8c7a49a-20201208,OS=Linux 5.13.0-52-generic #59~20.04.1-Ubuntu SMP Thu Jun 16 21:21:28 UTC 2022 x86_64,mode=power,1,1,1,0,0,no_cal_date,YOKOGAWA;WT310E;C3XA04010E;F1.04'
ptd-server 2022-07-29 02:42:48,022 [INFO] Connected to PTDaemon
ptd-server 2022-07-29 02:42:48,022 [INFO] Sending to ptd: 'RR'
ptd-server 2022-07-29 02:42:48,023 [INFO] Reply from ptd: 'Ranges,0,0.500000,1,300.000000'
ptd-server 2022-07-29 02:42:48,023 [INFO] Initial range for Amps is 0.500000 for Volts is Auto
ptd-server 2022-07-29 02:42:48,023 [INFO] Sending to ptd: 'SR,V,Auto'
ptd-server 2022-07-29 02:42:48,525 [INFO] Reply from ptd: 'Range V changed'
ptd-server 2022-07-29 02:42:48,526 [INFO] Sending to ptd: 'SR,A,Auto'
ptd-server 2022-07-29 02:42:49,028 [INFO] Reply from ptd: 'Range A changed'
ptd-server 2022-07-29 02:42:59,038 [INFO] Starting ranging mode
ptd-server 2022-07-29 02:42:59,038 [INFO] Sending to ptd: 'Go,1000,0,2022-07-29_02-42-30_ranging'
ptd-server 2022-07-29 02:42:59,039 [INFO] Reply from ptd: 'Starting untimed measurement, maximum 500000 samples at 1000ms with 0 rampup samples'
ptd-server 2022-07-29 02:42:59,039 [INFO] Sending reply to client 'OK'
ptd-server 2022-07-29 02:53:16,206 [INFO] Got command from the client 'session,2022-07-29_02-42-30,stop,ranging'
ptd-server 2022-07-29 02:53:26,216 [INFO] Sending to ptd: 'Stop'
ptd-server 2022-07-29 02:53:26,217 [INFO] Reply from ptd: 'Stopping untimed measurement'
ptd-server 2022-07-29 02:53:27,390 [INFO] Sending reply to client 'OK'
ptd-server 2022-07-29 02:53:27,447 [INFO] Got command from the client 'time'
ptd-server 2022-07-29 02:53:27,447 [INFO] Sending reply to client '1659059607.4477532'
ptd-server 2022-07-29 02:53:27,452 [INFO] Got command from the client 'session,2022-07-29_02-42-30,start,testing'
ptd-server 2022-07-29 02:53:27,452 [INFO] Sending to ptd: 'SR,V,251.060000'
ptd-server 2022-07-29 02:53:28,954 [INFO] Reply from ptd: 'Range V changed'
ptd-server 2022-07-29 02:53:28,954 [INFO] Sending to ptd: 'SR,A,0.054110'
ptd-server 2022-07-29 02:53:30,455 [INFO] Reply from ptd: 'Range A changed'
ptd-server 2022-07-29 02:53:40,465 [INFO] Starting testing mode
ptd-server 2022-07-29 02:53:40,466 [INFO] Sending to ptd: 'Go,1000,0,2022-07-29_02-42-30_testing'
ptd-server 2022-07-29 02:53:40,466 [INFO] Reply from ptd: 'Starting untimed measurement, maximum 500000 samples at 1000ms with 0 rampup samples'
ptd-server 2022-07-29 02:53:40,466 [INFO] Sending reply to client 'OK'
ptd-server 2022-07-29 03:03:57,621 [INFO] Got command from the client 'session,2022-07-29_02-42-30,stop,testing'
ptd-server 2022-07-29 03:04:07,632 [INFO] Sending to ptd: 'Stop'
ptd-server 2022-07-29 03:04:07,632 [INFO] Reply from ptd: 'Stopping untimed measurement'
ptd-server 2022-07-29 03:04:08,219 [INFO] Sending reply to client 'OK'
ptd-server 2022-07-29 03:04:08,241 [INFO] Got command from the client 'session,2022-07-29_02-42-30,done'
ptd-server 2022-07-29 03:04:08,242 [INFO] Sending to ptd: 'Stop'
ptd-server 2022-07-29 03:04:08,466 [INFO] Reply from ptd: 'Error: no measurement to stop'
ptd-server 2022-07-29 03:04:08,466 [INFO] Sending to ptd: 'SR,V,Auto'
ptd-server 2022-07-29 03:04:08,969 [INFO] Reply from ptd: 'Range V changed'
ptd-server 2022-07-29 03:04:08,969 [INFO] Sending to ptd: 'SR,A,0.500000'
ptd-server 2022-07-29 03:04:10,470 [INFO] Reply from ptd: 'Range A changed'
ptd-server 2022-07-29 03:04:10,471 [INFO] Set initial values for Amps 0.500000 and Volts Auto
ptd-server 2022-07-29 03:04:10,471 [INFO] Stopping ptd...
