ptd-server 2022-07-29 05:38:52,403 [INFO] Got command from the client 'time'
ptd-server 2022-07-29 05:38:52,403 [INFO] Sending reply to client '1659069532.4037447'
ptd-server 2022-07-29 05:38:52,407 [INFO] Got command from the client 'new,,5819d85d-6c9e-4d5c-8238-721b5fade437'
ptd-server 2022-07-29 05:38:52,408 [INFO] Sending reply to client 'OK 2022-07-29_05-38-52,722e28ca-6265-403d-9c98-4a9e7a6d2561'
ptd-server 2022-07-29 05:38:52,505 [INFO] Got command from the client 'time'
ptd-server 2022-07-29 05:38:52,505 [INFO] Sending reply to client '1659069532.5058265'
ptd-server 2022-07-29 05:38:52,509 [INFO] Got command from the client 'session,2022-07-29_05-38-52,start,ranging'
ptd-server 2022-07-29 05:38:52,509 [INFO] Running PTDaemon: ['/home/anton/projects/mlperf/power/inference_v1.0/ptd-linux-x86', '-l', '/tmp/tmp7lgbo8s4/ptd_logfile.txt', '-p', '8888', '49', '/dev/usbtmc0']
ptd-server 2022-07-29 05:39:09,683 [INFO] Sending to ptd: 'Hello'
ptd-server 2022-07-29 05:39:09,684 [INFO] Reply from ptd: 'Hello, PTDaemon here!'
ptd-server 2022-07-29 05:39:09,684 [INFO] Sending to ptd: 'Identify'
ptd-server 2022-07-29 05:39:09,684 [INFO] Reply from ptd: 'YokogawaWT310E,1000,1,1,1,1,0,1,1,version=1.9.2-e8c7a49a-20201208,OS=Linux 5.13.0-52-generic #59~20.04.1-Ubuntu SMP Thu Jun 16 21:21:28 UTC 2022 x86_64,mode=power,1,1,1,0,0,no_cal_date,YOKOGAWA;WT310E;C3XA04010E;F1.04'
ptd-server 2022-07-29 05:39:09,684 [INFO] Connected to PTDaemon
ptd-server 2022-07-29 05:39:09,684 [INFO] Sending to ptd: 'RR'
ptd-server 2022-07-29 05:39:09,685 [INFO] Reply from ptd: 'Ranges,0,0.500000,1,300.000000'
ptd-server 2022-07-29 05:39:09,685 [INFO] Initial range for Amps is 0.500000 for Volts is Auto
ptd-server 2022-07-29 05:39:09,685 [INFO] Sending to ptd: 'SR,V,Auto'
ptd-server 2022-07-29 05:39:10,187 [INFO] Reply from ptd: 'Range V changed'
ptd-server 2022-07-29 05:39:10,188 [INFO] Sending to ptd: 'SR,A,Auto'
ptd-server 2022-07-29 05:39:10,690 [INFO] Reply from ptd: 'Range A changed'
ptd-server 2022-07-29 05:39:20,700 [INFO] Starting ranging mode
ptd-server 2022-07-29 05:39:20,700 [INFO] Sending to ptd: 'Go,1000,0,2022-07-29_05-38-52_ranging'
ptd-server 2022-07-29 05:39:20,701 [INFO] Reply from ptd: 'Starting untimed measurement, maximum 500000 samples at 1000ms with 0 rampup samples'
ptd-server 2022-07-29 05:39:20,701 [INFO] Sending reply to client 'OK'
ptd-server 2022-07-29 05:49:37,603 [INFO] Got command from the client 'session,2022-07-29_05-38-52,stop,ranging'
ptd-server 2022-07-29 05:49:47,613 [INFO] Sending to ptd: 'Stop'
ptd-server 2022-07-29 05:49:47,614 [INFO] Reply from ptd: 'Stopping untimed measurement'
ptd-server 2022-07-29 05:49:48,783 [INFO] Sending reply to client 'OK'
ptd-server 2022-07-29 05:49:48,912 [INFO] Got command from the client 'time'
ptd-server 2022-07-29 05:49:48,912 [INFO] Sending reply to client '1659070188.9126852'
ptd-server 2022-07-29 05:49:48,917 [INFO] Got command from the client 'session,2022-07-29_05-38-52,start,testing'
ptd-server 2022-07-29 05:49:48,917 [INFO] Sending to ptd: 'SR,V,250.600000'
ptd-server 2022-07-29 05:49:50,419 [INFO] Reply from ptd: 'Range V changed'
ptd-server 2022-07-29 05:49:50,419 [INFO] Sending to ptd: 'SR,A,0.049240'
ptd-server 2022-07-29 05:49:51,920 [INFO] Reply from ptd: 'Range A changed'
ptd-server 2022-07-29 05:50:01,931 [INFO] Starting testing mode
ptd-server 2022-07-29 05:50:01,931 [INFO] Sending to ptd: 'Go,1000,0,2022-07-29_05-38-52_testing'
ptd-server 2022-07-29 05:50:01,931 [INFO] Reply from ptd: 'Starting untimed measurement, maximum 500000 samples at 1000ms with 0 rampup samples'
ptd-server 2022-07-29 05:50:01,931 [INFO] Sending reply to client 'OK'
ptd-server 2022-07-29 06:00:18,758 [INFO] Got command from the client 'session,2022-07-29_05-38-52,stop,testing'
ptd-server 2022-07-29 06:00:28,769 [INFO] Sending to ptd: 'Stop'
ptd-server 2022-07-29 06:00:28,769 [INFO] Reply from ptd: 'Stopping untimed measurement'
ptd-server 2022-07-29 06:00:29,366 [INFO] Sending reply to client 'OK'
ptd-server 2022-07-29 06:00:29,385 [INFO] Got command from the client 'session,2022-07-29_05-38-52,done'
ptd-server 2022-07-29 06:00:29,386 [INFO] Sending to ptd: 'Stop'
ptd-server 2022-07-29 06:00:29,386 [INFO] Reply from ptd: 'Error: no measurement to stop'
ptd-server 2022-07-29 06:00:29,386 [INFO] Sending to ptd: 'SR,V,Auto'
ptd-server 2022-07-29 06:00:29,889 [INFO] Reply from ptd: 'Range V changed'
ptd-server 2022-07-29 06:00:29,889 [INFO] Sending to ptd: 'SR,A,0.500000'
ptd-server 2022-07-29 06:00:31,390 [INFO] Reply from ptd: 'Range A changed'
ptd-server 2022-07-29 06:00:31,390 [INFO] Set initial values for Amps 0.500000 and Volts Auto
ptd-server 2022-07-29 06:00:31,390 [INFO] Stopping ptd...
