ptd-server 2022-08-03 23:25:41,404 [INFO] Got command from the client 'stop'
ptd-server 2022-08-03 23:25:41,404 [INFO] The server will be stopped after processing this client
ptd-server 2022-08-03 23:25:41,405 [INFO] Sending reply to client 'OK'
ptd-server 2022-08-03 23:25:41,408 [INFO] Got command from the client 'time'
ptd-server 2022-08-03 23:25:41,408 [INFO] Sending reply to client '1659569141.4085853'
ptd-server 2022-08-03 23:25:41,409 [INFO] Got command from the client 'new,,001336d2-b080-4fba-86e2-822ee82cc828'
ptd-server 2022-08-03 23:25:41,409 [INFO] Sending reply to client 'OK 2022-08-03_23-25-41,6398b829-dde5-44d5-aa1b-8bf2f98b593f'
ptd-server 2022-08-03 23:25:41,411 [INFO] Got command from the client 'time'
ptd-server 2022-08-03 23:25:41,412 [INFO] Sending reply to client '1659569141.4120994'
ptd-server 2022-08-03 23:25:41,412 [INFO] Got command from the client 'session,2022-08-03_23-25-41,start,ranging'
ptd-server 2022-08-03 23:25:41,523 [INFO] Running PTDaemon: ['C:\\PTD\\ptd-windows-x86.exe', '-l', 'C:\\Users\\pa\\AppData\\Local\\Temp\\tmpv8hmqe_a\\ptd_logfile.txt', '-p', '8888', '-c', '1,2', '-y', '77', 'C2WL21005V']
ptd-server 2022-08-03 23:26:00,609 [INFO] Sending to ptd: 'Hello'
ptd-server 2022-08-03 23:26:00,609 [INFO] Reply from ptd: 'Hello, PTDaemon here!'
ptd-server 2022-08-03 23:26:00,610 [INFO] Sending to ptd: 'Identify'
ptd-server 2022-08-03 23:26:00,610 [INFO] Reply from ptd: 'YokogawaWT330_multichannel,1000,1,1,1,1,0,0,1,version=1.9.2-3976349f-20201208,OS=Windows 8 / Server 2012,mode=power,1,1,2,0,0,no_cal_date,YOKOGAWA;WT333E;C2WL21005V;F1.04'
ptd-server 2022-08-03 23:26:00,611 [INFO] Connected to PTDaemon
ptd-server 2022-08-03 23:26:00,611 [INFO] Sending to ptd: 'RR'
ptd-server 2022-08-03 23:26:00,611 [INFO] Reply from ptd: 'Ranges,-1,-1.000000,-1,-1.000000'
ptd-server 2022-08-03 23:26:00,612 [INFO] Initial range for Amps is Auto for Volts is Auto
ptd-server 2022-08-03 23:26:00,612 [INFO] Sending to ptd: 'SR,V,Auto'
ptd-server 2022-08-03 23:26:05,678 [INFO] Reply from ptd: 'Range V changed'
ptd-server 2022-08-03 23:26:05,679 [INFO] Sending to ptd: 'SR,A,20'
ptd-server 2022-08-03 23:26:11,266 [INFO] Reply from ptd: 'Range A changed'
ptd-server 2022-08-03 23:26:21,281 [INFO] Starting ranging mode
ptd-server 2022-08-03 23:26:21,281 [INFO] Sending to ptd: 'Go,1000,0,2022-08-03_23-25-41_ranging'
ptd-server 2022-08-03 23:26:21,281 [INFO] Reply from ptd: 'Starting untimed measurement, maximum 500000 samples at 1000ms with 0 rampup samples'
ptd-server 2022-08-03 23:26:21,282 [INFO] Sending reply to client 'OK'
ptd-server 2022-08-03 23:42:18,110 [INFO] Got command from the client 'session,2022-08-03_23-25-41,stop,ranging'
ptd-server 2022-08-03 23:42:28,117 [INFO] Sending to ptd: 'Stop'
ptd-server 2022-08-03 23:42:28,117 [INFO] Reply from ptd: 'Stopping untimed measurement'
ptd-server 2022-08-03 23:42:28,158 [INFO] Sending reply to client 'OK'
ptd-server 2022-08-03 23:42:28,171 [INFO] Got command from the client 'time'
ptd-server 2022-08-03 23:42:28,171 [INFO] Sending reply to client '1659570148.1712239'
ptd-server 2022-08-03 23:42:28,171 [INFO] Got command from the client 'session,2022-08-03_23-25-41,start,testing'
ptd-server 2022-08-03 23:42:28,172 [INFO] Sending to ptd: 'SR,V,119.770000'
ptd-server 2022-08-03 23:42:34,364 [INFO] Reply from ptd: 'Range V changed'
ptd-server 2022-08-03 23:42:34,365 [INFO] Sending to ptd: 'SR,A,1.349000'
ptd-server 2022-08-03 23:42:39,954 [INFO] Reply from ptd: 'Range A changed'
ptd-server 2022-08-03 23:42:49,965 [INFO] Starting testing mode
ptd-server 2022-08-03 23:42:49,965 [INFO] Sending to ptd: 'Go,1000,0,2022-08-03_23-25-41_testing'
ptd-server 2022-08-03 23:42:49,965 [INFO] Reply from ptd: 'Starting untimed measurement, maximum 500000 samples at 1000ms with 0 rampup samples'
ptd-server 2022-08-03 23:42:49,966 [INFO] Sending reply to client 'OK'
ptd-server 2022-08-03 23:58:44,165 [INFO] Got command from the client 'session,2022-08-03_23-25-41,stop,testing'
ptd-server 2022-08-03 23:58:54,175 [INFO] Sending to ptd: 'Stop'
ptd-server 2022-08-03 23:58:54,175 [INFO] Reply from ptd: 'Stopping untimed measurement'
ptd-server 2022-08-03 23:58:54,188 [INFO] Sending reply to client 'OK'
ptd-server 2022-08-03 23:58:54,196 [INFO] Got command from the client 'session,2022-08-03_23-25-41,done'
ptd-server 2022-08-03 23:58:54,196 [INFO] Sending to ptd: 'Stop'
ptd-server 2022-08-03 23:58:54,969 [INFO] Reply from ptd: 'Error: no measurement to stop'
ptd-server 2022-08-03 23:58:54,970 [INFO] Sending to ptd: 'SR,V,Auto'
ptd-server 2022-08-03 23:59:00,039 [INFO] Reply from ptd: 'Range V changed'
ptd-server 2022-08-03 23:59:00,040 [INFO] Sending to ptd: 'SR,A,Auto'
ptd-server 2022-08-03 23:59:05,109 [INFO] Reply from ptd: 'Range A changed'
ptd-server 2022-08-03 23:59:05,109 [INFO] Set initial values for Amps Auto and Volts Auto
ptd-server 2022-08-03 23:59:05,109 [INFO] Stopping ptd...
