ptd-server 2022-07-28 23:02:00,724 [INFO] Got command from the client 'time'
ptd-server 2022-07-28 23:02:00,725 [INFO] Sending reply to client '1659045720.7251134'
ptd-server 2022-07-28 23:02:00,729 [INFO] Got command from the client 'new,,8c0b7225-5914-4499-8755-9042e3eec95e'
ptd-server 2022-07-28 23:02:00,729 [INFO] Sending reply to client 'OK 2022-07-28_23-02-00,44afaa8c-a7ef-42cc-b51e-6028a3fabf8b'
ptd-server 2022-07-28 23:02:00,774 [INFO] Got command from the client 'time'
ptd-server 2022-07-28 23:02:00,774 [INFO] Sending reply to client '1659045720.774921'
ptd-server 2022-07-28 23:02:00,779 [INFO] Got command from the client 'session,2022-07-28_23-02-00,start,ranging'
ptd-server 2022-07-28 23:02:00,779 [INFO] Running PTDaemon: ['/home/anton/projects/mlperf/power/inference_v1.0/ptd-linux-x86', '-l', '/tmp/tmp7lgbo8s4/ptd_logfile.txt', '-p', '8888', '49', '/dev/usbtmc0']
ptd-server 2022-07-28 23:02:17,952 [INFO] Sending to ptd: 'Hello'
ptd-server 2022-07-28 23:02:17,953 [INFO] Reply from ptd: 'Hello, PTDaemon here!'
ptd-server 2022-07-28 23:02:17,953 [INFO] Sending to ptd: 'Identify'
ptd-server 2022-07-28 23:02:17,954 [INFO] Reply from ptd: 'YokogawaWT310E,1000,1,1,1,1,0,1,1,version=1.9.2-e8c7a49a-20201208,OS=Linux 5.13.0-52-generic #59~20.04.1-Ubuntu SMP Thu Jun 16 21:21:28 UTC 2022 x86_64,mode=power,1,1,1,0,0,no_cal_date,YOKOGAWA;WT310E;C3XA04010E;F1.04'
ptd-server 2022-07-28 23:02:17,954 [INFO] Connected to PTDaemon
ptd-server 2022-07-28 23:02:17,954 [INFO] Sending to ptd: 'RR'
ptd-server 2022-07-28 23:02:17,954 [INFO] Reply from ptd: 'Ranges,0,0.500000,1,300.000000'
ptd-server 2022-07-28 23:02:17,954 [INFO] Initial range for Amps is 0.500000 for Volts is Auto
ptd-server 2022-07-28 23:02:17,954 [INFO] Sending to ptd: 'SR,V,Auto'
ptd-server 2022-07-28 23:02:18,457 [INFO] Reply from ptd: 'Range V changed'
ptd-server 2022-07-28 23:02:18,457 [INFO] Sending to ptd: 'SR,A,Auto'
ptd-server 2022-07-28 23:02:18,960 [INFO] Reply from ptd: 'Range A changed'
ptd-server 2022-07-28 23:02:28,970 [INFO] Starting ranging mode
ptd-server 2022-07-28 23:02:28,970 [INFO] Sending to ptd: 'Go,1000,0,2022-07-28_23-02-00_ranging'
ptd-server 2022-07-28 23:02:28,970 [INFO] Reply from ptd: 'Starting untimed measurement, maximum 500000 samples at 1000ms with 0 rampup samples'
ptd-server 2022-07-28 23:02:28,971 [INFO] Sending reply to client 'OK'
ptd-server 2022-07-28 23:12:45,875 [INFO] Got command from the client 'session,2022-07-28_23-02-00,stop,ranging'
ptd-server 2022-07-28 23:12:55,885 [INFO] Sending to ptd: 'Stop'
ptd-server 2022-07-28 23:12:55,885 [INFO] Reply from ptd: 'Stopping untimed measurement'
ptd-server 2022-07-28 23:12:57,010 [INFO] Sending reply to client 'OK'
ptd-server 2022-07-28 23:12:57,074 [INFO] Got command from the client 'time'
ptd-server 2022-07-28 23:12:57,074 [INFO] Sending reply to client '1659046377.0743518'
ptd-server 2022-07-28 23:12:57,079 [INFO] Got command from the client 'session,2022-07-28_23-02-00,start,testing'
ptd-server 2022-07-28 23:12:57,079 [INFO] Sending to ptd: 'SR,V,251.430000'
ptd-server 2022-07-28 23:12:58,580 [INFO] Reply from ptd: 'Range V changed'
ptd-server 2022-07-28 23:12:58,580 [INFO] Sending to ptd: 'SR,A,0.058410'
ptd-server 2022-07-28 23:13:00,082 [INFO] Reply from ptd: 'Range A changed'
ptd-server 2022-07-28 23:13:10,092 [INFO] Starting testing mode
ptd-server 2022-07-28 23:13:10,092 [INFO] Sending to ptd: 'Go,1000,0,2022-07-28_23-02-00_testing'
ptd-server 2022-07-28 23:13:10,093 [INFO] Reply from ptd: 'Starting untimed measurement, maximum 500000 samples at 1000ms with 0 rampup samples'
ptd-server 2022-07-28 23:13:10,093 [INFO] Sending reply to client 'OK'
ptd-server 2022-07-28 23:23:27,122 [INFO] Got command from the client 'session,2022-07-28_23-02-00,stop,testing'
ptd-server 2022-07-28 23:23:37,132 [INFO] Sending to ptd: 'Stop'
ptd-server 2022-07-28 23:23:37,132 [INFO] Reply from ptd: 'Stopping untimed measurement'
ptd-server 2022-07-28 23:23:37,711 [INFO] Sending reply to client 'OK'
ptd-server 2022-07-28 23:23:37,735 [INFO] Got command from the client 'session,2022-07-28_23-02-00,done'
ptd-server 2022-07-28 23:23:37,735 [INFO] Sending to ptd: 'Stop'
ptd-server 2022-07-28 23:23:38,094 [INFO] Reply from ptd: 'Error: no measurement to stop'
ptd-server 2022-07-28 23:23:38,094 [INFO] Sending to ptd: 'SR,V,Auto'
ptd-server 2022-07-28 23:23:38,596 [INFO] Reply from ptd: 'Range V changed'
ptd-server 2022-07-28 23:23:38,596 [INFO] Sending to ptd: 'SR,A,0.500000'
ptd-server 2022-07-28 23:23:40,098 [INFO] Reply from ptd: 'Range A changed'
ptd-server 2022-07-28 23:23:40,098 [INFO] Set initial values for Amps 0.500000 and Volts Auto
ptd-server 2022-07-28 23:23:40,098 [INFO] Stopping ptd...
