ptd-server 2022-08-01 10:06:38,166 [INFO] Got command from the client 'time'
ptd-server 2022-08-01 10:06:38,166 [INFO] Sending reply to client '1659344798.16672'
ptd-server 2022-08-01 10:06:38,167 [INFO] Got command from the client 'new,,35cb1096-a7a5-4458-8177-9108628f0e4b'
ptd-server 2022-08-01 10:06:38,168 [INFO] Sending reply to client 'OK 2022-08-01_10-06-38,85abb496-a5de-40e7-a11a-dab974fd9806'
ptd-server 2022-08-01 10:06:38,196 [INFO] Got command from the client 'time'
ptd-server 2022-08-01 10:06:38,196 [INFO] Sending reply to client '1659344798.1966293'
ptd-server 2022-08-01 10:06:38,197 [INFO] Got command from the client 'session,2022-08-01_10-06-38,start,ranging'
ptd-server 2022-08-01 10:06:38,197 [INFO] Running PTDaemon: ['/home/anton/projects/mlperf/power/inference_v1.0/ptd-linux-x86', '-l', '/tmp/tmp7lgbo8s4/ptd_logfile.txt', '-p', '8888', '49', '/dev/usbtmc0']
ptd-server 2022-08-01 10:06:55,370 [INFO] Sending to ptd: 'Hello'
ptd-server 2022-08-01 10:06:55,371 [INFO] Reply from ptd: 'Hello, PTDaemon here!'
ptd-server 2022-08-01 10:06:55,371 [INFO] Sending to ptd: 'Identify'
ptd-server 2022-08-01 10:06:55,372 [INFO] Reply from ptd: 'YokogawaWT310E,1000,1,1,1,1,0,1,1,version=1.9.2-e8c7a49a-20201208,OS=Linux 5.13.0-52-generic #59~20.04.1-Ubuntu SMP Thu Jun 16 21:21:28 UTC 2022 x86_64,mode=power,1,1,1,0,0,no_cal_date,YOKOGAWA;WT310E;C3XA04010E;F1.04'
ptd-server 2022-08-01 10:06:55,372 [INFO] Connected to PTDaemon
ptd-server 2022-08-01 10:06:55,372 [INFO] Sending to ptd: 'RR'
ptd-server 2022-08-01 10:06:55,372 [INFO] Reply from ptd: 'Ranges,0,0.500000,1,300.000000'
ptd-server 2022-08-01 10:06:55,373 [INFO] Initial range for Amps is 0.500000 for Volts is Auto
ptd-server 2022-08-01 10:06:55,373 [INFO] Sending to ptd: 'SR,V,Auto'
ptd-server 2022-08-01 10:06:55,875 [INFO] Reply from ptd: 'Range V changed'
ptd-server 2022-08-01 10:06:55,875 [INFO] Sending to ptd: 'SR,A,Auto'
ptd-server 2022-08-01 10:06:56,378 [INFO] Reply from ptd: 'Range A changed'
ptd-server 2022-08-01 10:07:06,387 [INFO] Starting ranging mode
ptd-server 2022-08-01 10:07:06,388 [INFO] Sending to ptd: 'Go,1000,0,2022-08-01_10-06-38_ranging'
ptd-server 2022-08-01 10:07:06,388 [INFO] Reply from ptd: 'Starting untimed measurement, maximum 500000 samples at 1000ms with 0 rampup samples'
ptd-server 2022-08-01 10:07:06,388 [INFO] Sending reply to client 'OK'
ptd-server 2022-08-01 10:17:35,851 [INFO] Got command from the client 'session,2022-08-01_10-06-38,stop,ranging'
ptd-server 2022-08-01 10:17:45,861 [INFO] Sending to ptd: 'Stop'
ptd-server 2022-08-01 10:17:45,862 [INFO] Reply from ptd: 'Stopping untimed measurement'
ptd-server 2022-08-01 10:17:47,253 [INFO] Sending reply to client 'OK'
ptd-server 2022-08-01 10:17:47,300 [INFO] Got command from the client 'time'
ptd-server 2022-08-01 10:17:47,301 [INFO] Sending reply to client '1659345467.3010662'
ptd-server 2022-08-01 10:17:47,302 [INFO] Got command from the client 'session,2022-08-01_10-06-38,start,testing'
ptd-server 2022-08-01 10:17:47,302 [INFO] Sending to ptd: 'SR,V,251.100000'
ptd-server 2022-08-01 10:17:48,803 [INFO] Reply from ptd: 'Range V changed'
ptd-server 2022-08-01 10:17:48,804 [INFO] Sending to ptd: 'SR,A,0.291840'
ptd-server 2022-08-01 10:17:50,305 [INFO] Reply from ptd: 'Range A changed'
ptd-server 2022-08-01 10:18:00,315 [INFO] Starting testing mode
ptd-server 2022-08-01 10:18:00,315 [INFO] Sending to ptd: 'Go,1000,0,2022-08-01_10-06-38_testing'
ptd-server 2022-08-01 10:18:00,316 [INFO] Reply from ptd: 'Starting untimed measurement, maximum 500000 samples at 1000ms with 0 rampup samples'
ptd-server 2022-08-01 10:18:00,316 [INFO] Sending reply to client 'OK'
ptd-server 2022-08-01 10:28:14,129 [INFO] Got command from the client 'session,2022-08-01_10-06-38,stop,testing'
ptd-server 2022-08-01 10:28:24,135 [INFO] Sending to ptd: 'Stop'
ptd-server 2022-08-01 10:28:24,136 [INFO] Reply from ptd: 'Stopping untimed measurement'
ptd-server 2022-08-01 10:28:24,839 [INFO] Sending reply to client 'OK'
ptd-server 2022-08-01 10:28:24,853 [INFO] Got command from the client 'session,2022-08-01_10-06-38,done'
ptd-server 2022-08-01 10:28:24,853 [INFO] Sending to ptd: 'Stop'
ptd-server 2022-08-01 10:28:24,853 [INFO] Reply from ptd: 'Error: no measurement to stop'
ptd-server 2022-08-01 10:28:24,853 [INFO] Sending to ptd: 'SR,V,Auto'
ptd-server 2022-08-01 10:28:25,356 [INFO] Reply from ptd: 'Range V changed'
ptd-server 2022-08-01 10:28:25,356 [INFO] Sending to ptd: 'SR,A,0.500000'
ptd-server 2022-08-01 10:28:26,857 [INFO] Reply from ptd: 'Range A changed'
ptd-server 2022-08-01 10:28:26,858 [INFO] Set initial values for Amps 0.500000 and Volts Auto
ptd-server 2022-08-01 10:28:26,858 [INFO] Stopping ptd...
