ptd-server 2022-07-24 00:08:47,845 [INFO] Got command from the client 'time'
ptd-server 2022-07-24 00:08:47,845 [INFO] Sending reply to client '1658617727.8458126'
ptd-server 2022-07-24 00:08:47,847 [INFO] Got command from the client 'new,,2e117940-124e-4900-a0a5-14c9ac445d6e'
ptd-server 2022-07-24 00:08:47,847 [INFO] Sending reply to client 'OK 2022-07-24_00-08-47,0b1346fd-203d-45a4-b132-964ea3e4829a'
ptd-server 2022-07-24 00:08:47,885 [INFO] Got command from the client 'time'
ptd-server 2022-07-24 00:08:47,885 [INFO] Sending reply to client '1658617727.8857377'
ptd-server 2022-07-24 00:08:47,886 [INFO] Got command from the client 'session,2022-07-24_00-08-47,start,ranging'
ptd-server 2022-07-24 00:08:47,887 [INFO] Running PTDaemon: ['/home/anton/projects/mlperf/power/inference_v1.0/ptd-linux-x86', '-l', '/tmp/tmp7lgbo8s4/ptd_logfile.txt', '-p', '8888', '49', '/dev/usbtmc0']
ptd-server 2022-07-24 00:09:05,061 [INFO] Sending to ptd: 'Hello'
ptd-server 2022-07-24 00:09:05,061 [INFO] Reply from ptd: 'Hello, PTDaemon here!'
ptd-server 2022-07-24 00:09:05,062 [INFO] Sending to ptd: 'Identify'
ptd-server 2022-07-24 00:09:05,062 [INFO] Reply from ptd: 'YokogawaWT310E,1000,1,1,1,1,0,1,1,version=1.9.2-e8c7a49a-20201208,OS=Linux 5.13.0-52-generic #59~20.04.1-Ubuntu SMP Thu Jun 16 21:21:28 UTC 2022 x86_64,mode=power,1,1,1,0,0,no_cal_date,YOKOGAWA;WT310E;C3XA04010E;F1.04'
ptd-server 2022-07-24 00:09:05,062 [INFO] Connected to PTDaemon
ptd-server 2022-07-24 00:09:05,062 [INFO] Sending to ptd: 'RR'
ptd-server 2022-07-24 00:09:05,062 [INFO] Reply from ptd: 'Ranges,0,0.500000,1,300.000000'
ptd-server 2022-07-24 00:09:05,063 [INFO] Initial range for Amps is 0.500000 for Volts is Auto
ptd-server 2022-07-24 00:09:05,063 [INFO] Sending to ptd: 'SR,V,Auto'
ptd-server 2022-07-24 00:09:05,565 [INFO] Reply from ptd: 'Range V changed'
ptd-server 2022-07-24 00:09:05,565 [INFO] Sending to ptd: 'SR,A,Auto'
ptd-server 2022-07-24 00:09:06,068 [INFO] Reply from ptd: 'Range A changed'
ptd-server 2022-07-24 00:09:16,078 [INFO] Starting ranging mode
ptd-server 2022-07-24 00:09:16,078 [INFO] Sending to ptd: 'Go,1000,0,2022-07-24_00-08-47_ranging'
ptd-server 2022-07-24 00:09:16,079 [INFO] Reply from ptd: 'Starting untimed measurement, maximum 500000 samples at 1000ms with 0 rampup samples'
ptd-server 2022-07-24 00:09:16,079 [INFO] Sending reply to client 'OK'
ptd-server 2022-07-24 00:19:35,101 [INFO] Got command from the client 'session,2022-07-24_00-08-47,stop,ranging'
ptd-server 2022-07-24 00:19:45,111 [INFO] Sending to ptd: 'Stop'
ptd-server 2022-07-24 00:19:45,112 [INFO] Reply from ptd: 'Stopping untimed measurement'
ptd-server 2022-07-24 00:19:45,743 [INFO] Sending reply to client 'OK'
ptd-server 2022-07-24 00:19:45,789 [INFO] Got command from the client 'time'
ptd-server 2022-07-24 00:19:45,789 [INFO] Sending reply to client '1658618385.7899714'
ptd-server 2022-07-24 00:19:45,790 [INFO] Got command from the client 'session,2022-07-24_00-08-47,start,testing'
ptd-server 2022-07-24 00:19:45,791 [INFO] Sending to ptd: 'SR,V,251.340000'
ptd-server 2022-07-24 00:19:47,580 [INFO] Reply from ptd: 'Range V changed'
ptd-server 2022-07-24 00:19:47,580 [INFO] Sending to ptd: 'SR,A,0.048870'
ptd-server 2022-07-24 00:19:49,082 [INFO] Reply from ptd: 'Range A changed'
ptd-server 2022-07-24 00:19:59,092 [INFO] Starting testing mode
ptd-server 2022-07-24 00:19:59,092 [INFO] Sending to ptd: 'Go,1000,0,2022-07-24_00-08-47_testing'
ptd-server 2022-07-24 00:19:59,092 [INFO] Reply from ptd: 'Starting untimed measurement, maximum 500000 samples at 1000ms with 0 rampup samples'
ptd-server 2022-07-24 00:19:59,093 [INFO] Sending reply to client 'OK'
ptd-server 2022-07-24 00:30:18,079 [INFO] Got command from the client 'session,2022-07-24_00-08-47,stop,testing'
ptd-server 2022-07-24 00:30:28,089 [INFO] Sending to ptd: 'Stop'
ptd-server 2022-07-24 00:30:28,090 [INFO] Reply from ptd: 'Stopping untimed measurement'
ptd-server 2022-07-24 00:30:28,421 [INFO] Sending reply to client 'OK'
ptd-server 2022-07-24 00:30:28,429 [INFO] Got command from the client 'session,2022-07-24_00-08-47,done'
ptd-server 2022-07-24 00:30:28,429 [INFO] Sending to ptd: 'Stop'
ptd-server 2022-07-24 00:30:28,430 [INFO] Reply from ptd: 'Error: no measurement to stop'
ptd-server 2022-07-24 00:30:28,430 [INFO] Sending to ptd: 'SR,V,Auto'
ptd-server 2022-07-24 00:30:28,932 [INFO] Reply from ptd: 'Range V changed'
ptd-server 2022-07-24 00:30:28,933 [INFO] Sending to ptd: 'SR,A,0.500000'
ptd-server 2022-07-24 00:30:30,434 [INFO] Reply from ptd: 'Range A changed'
ptd-server 2022-07-24 00:30:30,434 [INFO] Set initial values for Amps 0.500000 and Volts Auto
ptd-server 2022-07-24 00:30:30,434 [INFO] Stopping ptd...
