ptd-server 2022-07-28 07:15:03,440 [INFO] Got command from the client 'time'
ptd-server 2022-07-28 07:15:03,440 [INFO] Sending reply to client '1659010503.4408545'
ptd-server 2022-07-28 07:15:03,442 [INFO] Got command from the client 'new,,4aef809c-daf5-48c1-b7b7-3d888e77463e'
ptd-server 2022-07-28 07:15:03,442 [INFO] Sending reply to client 'OK 2022-07-28_07-15-03,a8259bf2-1342-4aa0-bd7e-53da47c2db67'
ptd-server 2022-07-28 07:15:03,524 [INFO] Got command from the client 'time'
ptd-server 2022-07-28 07:15:03,524 [INFO] Sending reply to client '1659010503.5247285'
ptd-server 2022-07-28 07:15:03,525 [INFO] Got command from the client 'session,2022-07-28_07-15-03,start,ranging'
ptd-server 2022-07-28 07:15:03,526 [INFO] Running PTDaemon: ['/local/mnt/workspace/mlcommons/power-main/inference_v1.0/ptd-linux-x86', '-l', '/tmp/tmp8xrjvdjh/ptd_logfile.txt', '-p', '8888', '49', '/dev/usbtmc0']
ptd-server 2022-07-28 07:15:20,773 [INFO] Sending to ptd: 'Hello'
ptd-server 2022-07-28 07:15:20,774 [INFO] Reply from ptd: 'Hello, PTDaemon here!'
ptd-server 2022-07-28 07:15:20,775 [INFO] Sending to ptd: 'Identify'
ptd-server 2022-07-28 07:15:20,775 [INFO] Reply from ptd: 'YokogawaWT310E,1000,1,1,1,1,0,1,1,version=1.9.2-e8c7a49a-20201208,OS=Linux 4.15.0-188-generic #199-Ubuntu SMP Wed Jun 15 20:42:56 UTC 2022 x86_64,mode=power,1,1,1,0,0,no_cal_date,YOKOGAWA;WT310E;C2XF16028V;F1.04'
ptd-server 2022-07-28 07:15:20,776 [INFO] Connected to PTDaemon
ptd-server 2022-07-28 07:15:20,776 [INFO] Sending to ptd: 'RR'
ptd-server 2022-07-28 07:15:20,776 [INFO] Reply from ptd: 'Ranges,1,5.000000,1,150.000000'
ptd-server 2022-07-28 07:15:20,776 [INFO] Initial range for Amps is Auto for Volts is Auto
ptd-server 2022-07-28 07:15:20,777 [INFO] Sending to ptd: 'SR,V,Auto'
ptd-server 2022-07-28 07:15:21,280 [INFO] Reply from ptd: 'Range V changed'
ptd-server 2022-07-28 07:15:21,280 [INFO] Sending to ptd: 'SR,A,Auto'
ptd-server 2022-07-28 07:15:21,783 [INFO] Reply from ptd: 'Range A changed'
ptd-server 2022-07-28 07:15:31,794 [INFO] Starting ranging mode
ptd-server 2022-07-28 07:15:31,794 [INFO] Sending to ptd: 'Go,1000,0,2022-07-28_07-15-03_ranging'
ptd-server 2022-07-28 07:15:31,795 [INFO] Reply from ptd: 'Starting untimed measurement, maximum 500000 samples at 1000ms with 0 rampup samples'
ptd-server 2022-07-28 07:15:31,795 [INFO] Sending reply to client 'OK'
ptd-server 2022-07-28 07:26:48,536 [INFO] Got command from the client 'session,2022-07-28_07-15-03,stop,ranging'
ptd-server 2022-07-28 07:26:58,546 [INFO] Sending to ptd: 'Stop'
ptd-server 2022-07-28 07:26:58,547 [INFO] Reply from ptd: 'Stopping untimed measurement'
ptd-server 2022-07-28 07:26:58,558 [INFO] Sending reply to client 'OK'
ptd-server 2022-07-28 07:26:58,643 [INFO] Got command from the client 'time'
ptd-server 2022-07-28 07:26:58,643 [INFO] Sending reply to client '1659011218.6438997'
ptd-server 2022-07-28 07:26:58,644 [INFO] Got command from the client 'session,2022-07-28_07-15-03,start,testing'
ptd-server 2022-07-28 07:26:58,645 [INFO] Sending to ptd: 'SR,V,120.530000'
ptd-server 2022-07-28 07:27:00,298 [INFO] Reply from ptd: 'Range V changed'
ptd-server 2022-07-28 07:27:00,298 [INFO] Sending to ptd: 'SR,A,6.735000'
ptd-server 2022-07-28 07:27:01,800 [INFO] Reply from ptd: 'Range A changed'
ptd-server 2022-07-28 07:27:11,805 [INFO] Starting testing mode
ptd-server 2022-07-28 07:27:11,805 [INFO] Sending to ptd: 'Go,1000,0,2022-07-28_07-15-03_testing'
ptd-server 2022-07-28 07:27:11,806 [INFO] Reply from ptd: 'Starting untimed measurement, maximum 500000 samples at 1000ms with 0 rampup samples'
ptd-server 2022-07-28 07:27:11,806 [INFO] Sending reply to client 'OK'
ptd-server 2022-07-28 07:38:28,912 [INFO] Got command from the client 'session,2022-07-28_07-15-03,stop,testing'
ptd-server 2022-07-28 07:38:38,923 [INFO] Sending to ptd: 'Stop'
ptd-server 2022-07-28 07:38:38,924 [INFO] Reply from ptd: 'Stopping untimed measurement'
ptd-server 2022-07-28 07:38:38,928 [INFO] Sending reply to client 'OK'
ptd-server 2022-07-28 07:38:38,934 [INFO] Got command from the client 'session,2022-07-28_07-15-03,done'
ptd-server 2022-07-28 07:38:38,934 [INFO] Sending to ptd: 'Stop'
ptd-server 2022-07-28 07:38:39,807 [INFO] Reply from ptd: 'Error: no measurement to stop'
ptd-server 2022-07-28 07:38:39,807 [INFO] Sending to ptd: 'SR,V,Auto'
ptd-server 2022-07-28 07:38:40,310 [INFO] Reply from ptd: 'Range V changed'
ptd-server 2022-07-28 07:38:40,311 [INFO] Sending to ptd: 'SR,A,Auto'
ptd-server 2022-07-28 07:38:40,814 [INFO] Reply from ptd: 'Range A changed'
ptd-server 2022-07-28 07:38:40,814 [INFO] Set initial values for Amps Auto and Volts Auto
ptd-server 2022-07-28 07:38:40,814 [INFO] Stopping ptd...
