ptd-server 2022-07-29 20:05:49,664 [INFO] Got command from the client 'stop'
ptd-server 2022-07-29 20:05:49,664 [INFO] The server will be stopped after processing this client
ptd-server 2022-07-29 20:05:49,664 [INFO] Sending reply to client 'OK'
ptd-server 2022-07-29 20:05:49,899 [INFO] Got command from the client 'time'
ptd-server 2022-07-29 20:05:49,914 [INFO] Sending reply to client '1659150349.914748'
ptd-server 2022-07-29 20:05:49,914 [INFO] Got command from the client 'new,,a1bf944b-43bb-4abc-a105-4f7899740bf8'
ptd-server 2022-07-29 20:05:49,914 [INFO] Sending reply to client 'OK 2022-07-29_20-05-49,e39fb221-f8ac-42ed-8960-88a0ab546f00'
ptd-server 2022-07-29 20:05:50,133 [INFO] Got command from the client 'time'
ptd-server 2022-07-29 20:05:50,133 [INFO] Sending reply to client '1659150350.133446'
ptd-server 2022-07-29 20:05:50,133 [INFO] Got command from the client 'session,2022-07-29_20-05-49,start,ranging'
ptd-server 2022-07-29 20:05:50,242 [INFO] Running PTDaemon: ['C:\\PTD\\ptd-windows-x86.exe', '-l', 'C:\\Users\\lab\\AppData\\Local\\Temp\\tmprvy4dj5q\\ptd_logfile.txt', '-p', '8888', '-c', '1', '-y', '52', '10.116.21.204']
ptd-server 2022-07-29 20:06:08,925 [INFO] Sending to ptd: 'Hello'
ptd-server 2022-07-29 20:06:08,925 [INFO] Reply from ptd: 'Hello, PTDaemon here!'
ptd-server 2022-07-29 20:06:08,925 [INFO] Sending to ptd: 'Identify'
ptd-server 2022-07-29 20:06:08,925 [INFO] Reply from ptd: 'YokogawaWT330E,1000,1,1,1,1,0,0,1,version=1.9.2-3976349f-20201208,OS=Windows 8 / Server 2012,mode=power,1,1,1,0,0,no_cal_date,YOKOGAWA;WT333E;C2VL22012V;F1.04'
ptd-server 2022-07-29 20:06:08,925 [INFO] Connected to PTDaemon
ptd-server 2022-07-29 20:06:08,925 [INFO] Sending to ptd: 'RR'
ptd-server 2022-07-29 20:06:08,925 [INFO] Reply from ptd: 'Ranges,0,1.000000,0,150.000000'
ptd-server 2022-07-29 20:06:08,925 [INFO] Initial range for Amps is 1.000000 for Volts is 150.000000
ptd-server 2022-07-29 20:06:08,925 [INFO] Sending to ptd: 'SR,V,Auto'
ptd-server 2022-07-29 20:06:09,441 [INFO] Reply from ptd: 'Range V changed'
ptd-server 2022-07-29 20:06:09,441 [INFO] Sending to ptd: 'SR,A,Auto'
ptd-server 2022-07-29 20:06:09,956 [INFO] Reply from ptd: 'Range A changed'
ptd-server 2022-07-29 20:06:19,970 [INFO] Starting ranging mode
ptd-server 2022-07-29 20:06:19,970 [INFO] Sending to ptd: 'Go,1000,0,2022-07-29_20-05-49_ranging'
ptd-server 2022-07-29 20:06:19,970 [INFO] Reply from ptd: 'Starting untimed measurement, maximum 500000 samples at 1000ms with 0 rampup samples'
ptd-server 2022-07-29 20:06:19,970 [INFO] Sending reply to client 'OK'
ptd-server 2022-07-29 20:16:35,447 [INFO] Got command from the client 'session,2022-07-29_20-05-49,stop,ranging'
ptd-server 2022-07-29 20:16:45,460 [INFO] Sending to ptd: 'Stop'
ptd-server 2022-07-29 20:16:45,460 [INFO] Reply from ptd: 'Stopping untimed measurement'
ptd-server 2022-07-29 20:16:45,476 [INFO] Sending reply to client 'OK'
ptd-server 2022-07-29 20:16:45,804 [INFO] Got command from the client 'time'
ptd-server 2022-07-29 20:16:45,804 [INFO] Sending reply to client '1659151005.8045678'
ptd-server 2022-07-29 20:16:45,804 [INFO] Got command from the client 'session,2022-07-29_20-05-49,start,testing'
ptd-server 2022-07-29 20:16:45,804 [INFO] Sending to ptd: 'SR,V,206.830000'
ptd-server 2022-07-29 20:16:47,507 [INFO] Reply from ptd: 'Range V changed'
ptd-server 2022-07-29 20:16:47,507 [INFO] Sending to ptd: 'SR,A,0.325800'
ptd-server 2022-07-29 20:16:49,038 [INFO] Reply from ptd: 'Range A changed'
ptd-server 2022-07-29 20:16:59,051 [INFO] Starting testing mode
ptd-server 2022-07-29 20:16:59,051 [INFO] Sending to ptd: 'Go,1000,0,2022-07-29_20-05-49_testing'
ptd-server 2022-07-29 20:16:59,051 [INFO] Reply from ptd: 'Starting untimed measurement, maximum 500000 samples at 1000ms with 0 rampup samples'
ptd-server 2022-07-29 20:16:59,051 [INFO] Sending reply to client 'OK'
ptd-server 2022-07-29 20:27:08,139 [INFO] Got command from the client 'session,2022-07-29_20-05-49,stop,testing'
ptd-server 2022-07-29 20:27:18,152 [INFO] Sending to ptd: 'Stop'
ptd-server 2022-07-29 20:27:18,152 [INFO] Reply from ptd: 'Stopping untimed measurement'
ptd-server 2022-07-29 20:27:18,184 [INFO] Sending reply to client 'OK'
ptd-server 2022-07-29 20:27:18,277 [INFO] Got command from the client 'session,2022-07-29_20-05-49,done'
ptd-server 2022-07-29 20:27:18,277 [INFO] Sending to ptd: 'Stop'
ptd-server 2022-07-29 20:27:19,058 [INFO] Reply from ptd: 'Error: no measurement to stop'
ptd-server 2022-07-29 20:27:19,058 [INFO] Sending to ptd: 'SR,V,150.000000'
ptd-server 2022-07-29 20:27:20,589 [INFO] Reply from ptd: 'Range V changed'
ptd-server 2022-07-29 20:27:20,589 [INFO] Sending to ptd: 'SR,A,1.000000'
ptd-server 2022-07-29 20:27:22,120 [INFO] Reply from ptd: 'Range A changed'
ptd-server 2022-07-29 20:27:22,120 [INFO] Set initial values for Amps 1.000000 and Volts 150.000000
ptd-server 2022-07-29 20:27:22,120 [INFO] Stopping ptd...
