ptd-server 2022-08-03 03:25:50,242 [INFO] Got command from the client 'time'
ptd-server 2022-08-03 03:25:50,242 [INFO] Sending reply to client '1659493550.2424905'
ptd-server 2022-08-03 03:25:50,243 [INFO] Got command from the client 'new,,d5bf9288-cdb7-4168-add1-9dda5050390c'
ptd-server 2022-08-03 03:25:50,243 [INFO] Sending reply to client 'OK 2022-08-03_03-25-50,cf3996c9-79a7-43f8-8bba-963ccd61cdea'
ptd-server 2022-08-03 03:25:50,272 [INFO] Got command from the client 'time'
ptd-server 2022-08-03 03:25:50,272 [INFO] Sending reply to client '1659493550.2722578'
ptd-server 2022-08-03 03:25:50,273 [INFO] Got command from the client 'session,2022-08-03_03-25-50,start,ranging'
ptd-server 2022-08-03 03:25:50,273 [INFO] Running PTDaemon: ['/home/anton/projects/mlperf/power/inference_v1.0/ptd-linux-x86', '-l', '/tmp/tmp7lgbo8s4/ptd_logfile.txt', '-p', '8888', '49', '/dev/usbtmc0']
ptd-server 2022-08-03 03:26:07,448 [INFO] Sending to ptd: 'Hello'
ptd-server 2022-08-03 03:26:07,448 [INFO] Reply from ptd: 'Hello, PTDaemon here!'
ptd-server 2022-08-03 03:26:07,449 [INFO] Sending to ptd: 'Identify'
ptd-server 2022-08-03 03:26:07,449 [INFO] Reply from ptd: 'YokogawaWT310E,1000,1,1,1,1,0,1,1,version=1.9.2-e8c7a49a-20201208,OS=Linux 5.13.0-52-generic #59~20.04.1-Ubuntu SMP Thu Jun 16 21:21:28 UTC 2022 x86_64,mode=power,1,1,1,0,0,no_cal_date,YOKOGAWA;WT310E;C3XA04010E;F1.04'
ptd-server 2022-08-03 03:26:07,449 [INFO] Connected to PTDaemon
ptd-server 2022-08-03 03:26:07,449 [INFO] Sending to ptd: 'RR'
ptd-server 2022-08-03 03:26:07,450 [INFO] Reply from ptd: 'Ranges,0,0.500000,1,300.000000'
ptd-server 2022-08-03 03:26:07,450 [INFO] Initial range for Amps is 0.500000 for Volts is Auto
ptd-server 2022-08-03 03:26:07,450 [INFO] Sending to ptd: 'SR,V,Auto'
ptd-server 2022-08-03 03:26:07,952 [INFO] Reply from ptd: 'Range V changed'
ptd-server 2022-08-03 03:26:07,953 [INFO] Sending to ptd: 'SR,A,Auto'
ptd-server 2022-08-03 03:26:08,455 [INFO] Reply from ptd: 'Range A changed'
ptd-server 2022-08-03 03:26:18,465 [INFO] Starting ranging mode
ptd-server 2022-08-03 03:26:18,465 [INFO] Sending to ptd: 'Go,1000,0,2022-08-03_03-25-50_ranging'
ptd-server 2022-08-03 03:26:18,466 [INFO] Reply from ptd: 'Starting untimed measurement, maximum 500000 samples at 1000ms with 0 rampup samples'
ptd-server 2022-08-03 03:26:18,466 [INFO] Sending reply to client 'OK'
ptd-server 2022-08-03 03:36:30,142 [INFO] Got command from the client 'session,2022-08-03_03-25-50,stop,ranging'
ptd-server 2022-08-03 03:36:40,153 [INFO] Sending to ptd: 'Stop'
ptd-server 2022-08-03 03:36:40,153 [INFO] Reply from ptd: 'Stopping untimed measurement'
ptd-server 2022-08-03 03:36:41,726 [INFO] Sending reply to client 'OK'
ptd-server 2022-08-03 03:36:41,795 [INFO] Got command from the client 'time'
ptd-server 2022-08-03 03:36:41,795 [INFO] Sending reply to client '1659494201.7955475'
ptd-server 2022-08-03 03:36:41,796 [INFO] Got command from the client 'session,2022-08-03_03-25-50,start,testing'
ptd-server 2022-08-03 03:36:41,797 [INFO] Sending to ptd: 'SR,V,251.440000'
ptd-server 2022-08-03 03:36:43,298 [INFO] Reply from ptd: 'Range V changed'
ptd-server 2022-08-03 03:36:43,298 [INFO] Sending to ptd: 'SR,A,0.223510'
ptd-server 2022-08-03 03:36:44,799 [INFO] Reply from ptd: 'Range A changed'
ptd-server 2022-08-03 03:36:54,810 [INFO] Starting testing mode
ptd-server 2022-08-03 03:36:54,810 [INFO] Sending to ptd: 'Go,1000,0,2022-08-03_03-25-50_testing'
ptd-server 2022-08-03 03:36:54,810 [INFO] Reply from ptd: 'Starting untimed measurement, maximum 500000 samples at 1000ms with 0 rampup samples'
ptd-server 2022-08-03 03:36:54,811 [INFO] Sending reply to client 'OK'
ptd-server 2022-08-03 03:47:06,279 [INFO] Got command from the client 'session,2022-08-03_03-25-50,stop,testing'
ptd-server 2022-08-03 03:47:16,290 [INFO] Sending to ptd: 'Stop'
ptd-server 2022-08-03 03:47:16,290 [INFO] Reply from ptd: 'Stopping untimed measurement'
ptd-server 2022-08-03 03:47:17,084 [INFO] Sending reply to client 'OK'
ptd-server 2022-08-03 03:47:17,099 [INFO] Got command from the client 'session,2022-08-03_03-25-50,done'
ptd-server 2022-08-03 03:47:17,100 [INFO] Sending to ptd: 'Stop'
ptd-server 2022-08-03 03:47:17,100 [INFO] Reply from ptd: 'Error: no measurement to stop'
ptd-server 2022-08-03 03:47:17,100 [INFO] Sending to ptd: 'SR,V,Auto'
ptd-server 2022-08-03 03:47:17,602 [INFO] Reply from ptd: 'Range V changed'
ptd-server 2022-08-03 03:47:17,603 [INFO] Sending to ptd: 'SR,A,0.500000'
ptd-server 2022-08-03 03:47:19,104 [INFO] Reply from ptd: 'Range A changed'
ptd-server 2022-08-03 03:47:19,104 [INFO] Set initial values for Amps 0.500000 and Volts Auto
ptd-server 2022-08-03 03:47:19,104 [INFO] Stopping ptd...
