ptd-server 2022-07-26 20:34:10,836 [INFO] Got command from the client 'time'
ptd-server 2022-07-26 20:34:10,836 [INFO] Sending reply to client '1658864050.83628'
ptd-server 2022-07-26 20:34:10,840 [INFO] Got command from the client 'new,,940dce73-a835-478e-966b-3e018ee9ab11'
ptd-server 2022-07-26 20:34:10,841 [INFO] Sending reply to client 'OK 2022-07-26_20-34-10,b53b0457-f03b-4f30-85ae-ea44397afe9d'
ptd-server 2022-07-26 20:34:10,877 [INFO] Got command from the client 'time'
ptd-server 2022-07-26 20:34:10,877 [INFO] Sending reply to client '1658864050.8776135'
ptd-server 2022-07-26 20:34:10,881 [INFO] Got command from the client 'session,2022-07-26_20-34-10,start,ranging'
ptd-server 2022-07-26 20:34:10,881 [INFO] Running PTDaemon: ['/home/anton/projects/mlperf/power/inference_v1.0/ptd-linux-x86', '-l', '/tmp/tmp7lgbo8s4/ptd_logfile.txt', '-p', '8888', '49', '/dev/usbtmc0']
ptd-server 2022-07-26 20:34:28,055 [INFO] Sending to ptd: 'Hello'
ptd-server 2022-07-26 20:34:28,056 [INFO] Reply from ptd: 'Hello, PTDaemon here!'
ptd-server 2022-07-26 20:34:28,056 [INFO] Sending to ptd: 'Identify'
ptd-server 2022-07-26 20:34:28,057 [INFO] Reply from ptd: 'YokogawaWT310E,1000,1,1,1,1,0,1,1,version=1.9.2-e8c7a49a-20201208,OS=Linux 5.13.0-52-generic #59~20.04.1-Ubuntu SMP Thu Jun 16 21:21:28 UTC 2022 x86_64,mode=power,1,1,1,0,0,no_cal_date,YOKOGAWA;WT310E;C3XA04010E;F1.04'
ptd-server 2022-07-26 20:34:28,057 [INFO] Connected to PTDaemon
ptd-server 2022-07-26 20:34:28,057 [INFO] Sending to ptd: 'RR'
ptd-server 2022-07-26 20:34:28,057 [INFO] Reply from ptd: 'Ranges,0,0.500000,1,300.000000'
ptd-server 2022-07-26 20:34:28,057 [INFO] Initial range for Amps is 0.500000 for Volts is Auto
ptd-server 2022-07-26 20:34:28,057 [INFO] Sending to ptd: 'SR,V,Auto'
ptd-server 2022-07-26 20:34:28,560 [INFO] Reply from ptd: 'Range V changed'
ptd-server 2022-07-26 20:34:28,560 [INFO] Sending to ptd: 'SR,A,Auto'
ptd-server 2022-07-26 20:34:29,062 [INFO] Reply from ptd: 'Range A changed'
ptd-server 2022-07-26 20:34:39,073 [INFO] Starting ranging mode
ptd-server 2022-07-26 20:34:39,073 [INFO] Sending to ptd: 'Go,1000,0,2022-07-26_20-34-10_ranging'
ptd-server 2022-07-26 20:34:39,073 [INFO] Reply from ptd: 'Starting untimed measurement, maximum 500000 samples at 1000ms with 0 rampup samples'
ptd-server 2022-07-26 20:34:39,073 [INFO] Sending reply to client 'OK'
ptd-server 2022-07-26 20:44:55,962 [INFO] Got command from the client 'session,2022-07-26_20-34-10,stop,ranging'
ptd-server 2022-07-26 20:45:05,972 [INFO] Sending to ptd: 'Stop'
ptd-server 2022-07-26 20:45:05,973 [INFO] Reply from ptd: 'Stopping untimed measurement'
ptd-server 2022-07-26 20:45:06,843 [INFO] Sending reply to client 'OK'
ptd-server 2022-07-26 20:45:06,933 [INFO] Got command from the client 'time'
ptd-server 2022-07-26 20:45:06,933 [INFO] Sending reply to client '1658864706.9332936'
ptd-server 2022-07-26 20:45:06,937 [INFO] Got command from the client 'session,2022-07-26_20-34-10,start,testing'
ptd-server 2022-07-26 20:45:06,937 [INFO] Sending to ptd: 'SR,V,250.330000'
ptd-server 2022-07-26 20:45:08,438 [INFO] Reply from ptd: 'Range V changed'
ptd-server 2022-07-26 20:45:08,438 [INFO] Sending to ptd: 'SR,A,0.070480'
ptd-server 2022-07-26 20:45:09,940 [INFO] Reply from ptd: 'Range A changed'
ptd-server 2022-07-26 20:45:19,950 [INFO] Starting testing mode
ptd-server 2022-07-26 20:45:19,950 [INFO] Sending to ptd: 'Go,1000,0,2022-07-26_20-34-10_testing'
ptd-server 2022-07-26 20:45:19,951 [INFO] Reply from ptd: 'Starting untimed measurement, maximum 500000 samples at 1000ms with 0 rampup samples'
ptd-server 2022-07-26 20:45:19,951 [INFO] Sending reply to client 'OK'
ptd-server 2022-07-26 20:55:36,718 [INFO] Got command from the client 'session,2022-07-26_20-34-10,stop,testing'
ptd-server 2022-07-26 20:55:46,728 [INFO] Sending to ptd: 'Stop'
ptd-server 2022-07-26 20:55:46,729 [INFO] Reply from ptd: 'Stopping untimed measurement'
ptd-server 2022-07-26 20:55:47,180 [INFO] Sending reply to client 'OK'
ptd-server 2022-07-26 20:55:47,196 [INFO] Got command from the client 'session,2022-07-26_20-34-10,done'
ptd-server 2022-07-26 20:55:47,196 [INFO] Sending to ptd: 'Stop'
ptd-server 2022-07-26 20:55:47,197 [INFO] Reply from ptd: 'Error: no measurement to stop'
ptd-server 2022-07-26 20:55:47,197 [INFO] Sending to ptd: 'SR,V,Auto'
ptd-server 2022-07-26 20:55:47,699 [INFO] Reply from ptd: 'Range V changed'
ptd-server 2022-07-26 20:55:47,699 [INFO] Sending to ptd: 'SR,A,0.500000'
ptd-server 2022-07-26 20:55:49,201 [INFO] Reply from ptd: 'Range A changed'
ptd-server 2022-07-26 20:55:49,201 [INFO] Set initial values for Amps 0.500000 and Volts Auto
ptd-server 2022-07-26 20:55:49,201 [INFO] Stopping ptd...
