ptd-server 2022-07-20 10:41:26,456 [INFO] Got command from the client 'time'
ptd-server 2022-07-20 10:41:26,457 [INFO] Sending reply to client '1658310086.4570444'
ptd-server 2022-07-20 10:41:26,461 [INFO] Got command from the client 'new,,0a66f11d-671a-42f7-8175-5eb0e0c273a8'
ptd-server 2022-07-20 10:41:26,461 [INFO] Sending reply to client 'OK 2022-07-20_10-41-26,4ed5c4ce-897f-4a49-85f5-dcf2e1c4b659'
ptd-server 2022-07-20 10:41:26,560 [INFO] Got command from the client 'time'
ptd-server 2022-07-20 10:41:26,560 [INFO] Sending reply to client '1658310086.560699'
ptd-server 2022-07-20 10:41:26,567 [INFO] Got command from the client 'session,2022-07-20_10-41-26,start,ranging'
ptd-server 2022-07-20 10:41:26,567 [INFO] Running PTDaemon: ['/home/anton/projects/mlperf/power/inference_v1.0/ptd-linux-x86', '-l', '/tmp/tmp7lgbo8s4/ptd_logfile.txt', '-p', '8888', '49', '/dev/usbtmc0']
ptd-server 2022-07-20 10:41:43,741 [INFO] Sending to ptd: 'Hello'
ptd-server 2022-07-20 10:41:43,741 [INFO] Reply from ptd: 'Hello, PTDaemon here!'
ptd-server 2022-07-20 10:41:43,742 [INFO] Sending to ptd: 'Identify'
ptd-server 2022-07-20 10:41:43,742 [INFO] Reply from ptd: 'YokogawaWT310E,1000,1,1,1,1,0,1,1,version=1.9.2-e8c7a49a-20201208,OS=Linux 5.13.0-52-generic #59~20.04.1-Ubuntu SMP Thu Jun 16 21:21:28 UTC 2022 x86_64,mode=power,1,1,1,0,0,no_cal_date,YOKOGAWA;WT310E;C3XA04010E;F1.04'
ptd-server 2022-07-20 10:41:43,742 [INFO] Connected to PTDaemon
ptd-server 2022-07-20 10:41:43,742 [INFO] Sending to ptd: 'RR'
ptd-server 2022-07-20 10:41:43,743 [INFO] Reply from ptd: 'Ranges,0,0.500000,1,300.000000'
ptd-server 2022-07-20 10:41:43,743 [INFO] Initial range for Amps is 0.500000 for Volts is Auto
ptd-server 2022-07-20 10:41:43,743 [INFO] Sending to ptd: 'SR,V,Auto'
ptd-server 2022-07-20 10:41:44,245 [INFO] Reply from ptd: 'Range V changed'
ptd-server 2022-07-20 10:41:44,246 [INFO] Sending to ptd: 'SR,A,Auto'
ptd-server 2022-07-20 10:41:44,748 [INFO] Reply from ptd: 'Range A changed'
ptd-server 2022-07-20 10:41:54,758 [INFO] Starting ranging mode
ptd-server 2022-07-20 10:41:54,758 [INFO] Sending to ptd: 'Go,1000,0,2022-07-20_10-41-26_ranging'
ptd-server 2022-07-20 10:41:54,759 [INFO] Reply from ptd: 'Starting untimed measurement, maximum 500000 samples at 1000ms with 0 rampup samples'
ptd-server 2022-07-20 10:41:54,759 [INFO] Sending reply to client 'OK'
ptd-server 2022-07-20 10:52:13,176 [INFO] Got command from the client 'session,2022-07-20_10-41-26,stop,ranging'
ptd-server 2022-07-20 10:52:23,186 [INFO] Sending to ptd: 'Stop'
ptd-server 2022-07-20 10:52:23,187 [INFO] Reply from ptd: 'Stopping untimed measurement'
ptd-server 2022-07-20 10:52:23,388 [INFO] Sending reply to client 'OK'
ptd-server 2022-07-20 10:52:23,486 [INFO] Got command from the client 'time'
ptd-server 2022-07-20 10:52:23,486 [INFO] Sending reply to client '1658310743.486455'
ptd-server 2022-07-20 10:52:23,489 [INFO] Got command from the client 'session,2022-07-20_10-41-26,start,testing'
ptd-server 2022-07-20 10:52:23,490 [INFO] Sending to ptd: 'SR,V,250.130000'
ptd-server 2022-07-20 10:52:25,261 [INFO] Reply from ptd: 'Range V changed'
ptd-server 2022-07-20 10:52:25,261 [INFO] Sending to ptd: 'SR,A,0.080380'
ptd-server 2022-07-20 10:52:26,762 [INFO] Reply from ptd: 'Range A changed'
ptd-server 2022-07-20 10:52:36,773 [INFO] Starting testing mode
ptd-server 2022-07-20 10:52:36,773 [INFO] Sending to ptd: 'Go,1000,0,2022-07-20_10-41-26_testing'
ptd-server 2022-07-20 10:52:36,773 [INFO] Reply from ptd: 'Starting untimed measurement, maximum 500000 samples at 1000ms with 0 rampup samples'
ptd-server 2022-07-20 10:52:36,773 [INFO] Sending reply to client 'OK'
ptd-server 2022-07-20 11:02:55,360 [INFO] Got command from the client 'session,2022-07-20_10-41-26,stop,testing'
ptd-server 2022-07-20 11:03:05,371 [INFO] Sending to ptd: 'Stop'
ptd-server 2022-07-20 11:03:05,371 [INFO] Reply from ptd: 'Stopping untimed measurement'
ptd-server 2022-07-20 11:03:05,481 [INFO] Sending reply to client 'OK'
ptd-server 2022-07-20 11:03:05,504 [INFO] Got command from the client 'session,2022-07-20_10-41-26,done'
ptd-server 2022-07-20 11:03:05,504 [INFO] Sending to ptd: 'Stop'
ptd-server 2022-07-20 11:03:05,773 [INFO] Reply from ptd: 'Error: no measurement to stop'
ptd-server 2022-07-20 11:03:05,773 [INFO] Sending to ptd: 'SR,V,Auto'
ptd-server 2022-07-20 11:03:06,276 [INFO] Reply from ptd: 'Range V changed'
ptd-server 2022-07-20 11:03:06,276 [INFO] Sending to ptd: 'SR,A,0.500000'
ptd-server 2022-07-20 11:03:07,777 [INFO] Reply from ptd: 'Range A changed'
ptd-server 2022-07-20 11:03:07,778 [INFO] Set initial values for Amps 0.500000 and Volts Auto
ptd-server 2022-07-20 11:03:07,778 [INFO] Stopping ptd...
