ptd-server 2022-08-03 02:42:38,940 [INFO] Got command from the client 'time'
ptd-server 2022-08-03 02:42:38,940 [INFO] Sending reply to client '1659490958.9401455'
ptd-server 2022-08-03 02:42:38,940 [INFO] Got command from the client 'new,,c6c78e3b-725c-433b-b4c3-fa07b85ba47e'
ptd-server 2022-08-03 02:42:38,941 [INFO] Sending reply to client 'OK 2022-08-03_02-42-38,204a2c20-1f55-4f7d-8994-926cf104daea'
ptd-server 2022-08-03 02:42:38,969 [INFO] Got command from the client 'time'
ptd-server 2022-08-03 02:42:38,970 [INFO] Sending reply to client '1659490958.9699962'
ptd-server 2022-08-03 02:42:38,970 [INFO] Got command from the client 'session,2022-08-03_02-42-38,start,ranging'
ptd-server 2022-08-03 02:42:38,971 [INFO] Running PTDaemon: ['/home/anton/projects/mlperf/power/inference_v1.0/ptd-linux-x86', '-l', '/tmp/tmp7lgbo8s4/ptd_logfile.txt', '-p', '8888', '49', '/dev/usbtmc0']
ptd-server 2022-08-03 02:42:56,145 [INFO] Sending to ptd: 'Hello'
ptd-server 2022-08-03 02:42:56,145 [INFO] Reply from ptd: 'Hello, PTDaemon here!'
ptd-server 2022-08-03 02:42:56,145 [INFO] Sending to ptd: 'Identify'
ptd-server 2022-08-03 02:42:56,146 [INFO] Reply from ptd: 'YokogawaWT310E,1000,1,1,1,1,0,1,1,version=1.9.2-e8c7a49a-20201208,OS=Linux 5.13.0-52-generic #59~20.04.1-Ubuntu SMP Thu Jun 16 21:21:28 UTC 2022 x86_64,mode=power,1,1,1,0,0,no_cal_date,YOKOGAWA;WT310E;C3XA04010E;F1.04'
ptd-server 2022-08-03 02:42:56,146 [INFO] Connected to PTDaemon
ptd-server 2022-08-03 02:42:56,146 [INFO] Sending to ptd: 'RR'
ptd-server 2022-08-03 02:42:56,146 [INFO] Reply from ptd: 'Ranges,0,0.500000,1,300.000000'
ptd-server 2022-08-03 02:42:56,147 [INFO] Initial range for Amps is 0.500000 for Volts is Auto
ptd-server 2022-08-03 02:42:56,147 [INFO] Sending to ptd: 'SR,V,Auto'
ptd-server 2022-08-03 02:42:56,649 [INFO] Reply from ptd: 'Range V changed'
ptd-server 2022-08-03 02:42:56,649 [INFO] Sending to ptd: 'SR,A,Auto'
ptd-server 2022-08-03 02:42:57,152 [INFO] Reply from ptd: 'Range A changed'
ptd-server 2022-08-03 02:43:07,162 [INFO] Starting ranging mode
ptd-server 2022-08-03 02:43:07,162 [INFO] Sending to ptd: 'Go,1000,0,2022-08-03_02-42-38_ranging'
ptd-server 2022-08-03 02:43:07,163 [INFO] Reply from ptd: 'Starting untimed measurement, maximum 500000 samples at 1000ms with 0 rampup samples'
ptd-server 2022-08-03 02:43:07,163 [INFO] Sending reply to client 'OK'
ptd-server 2022-08-03 02:53:18,614 [INFO] Got command from the client 'session,2022-08-03_02-42-38,stop,ranging'
ptd-server 2022-08-03 02:53:28,625 [INFO] Sending to ptd: 'Stop'
ptd-server 2022-08-03 02:53:28,625 [INFO] Reply from ptd: 'Stopping untimed measurement'
ptd-server 2022-08-03 02:53:30,195 [INFO] Sending reply to client 'OK'
ptd-server 2022-08-03 02:53:30,245 [INFO] Got command from the client 'time'
ptd-server 2022-08-03 02:53:30,245 [INFO] Sending reply to client '1659491610.24558'
ptd-server 2022-08-03 02:53:30,246 [INFO] Got command from the client 'session,2022-08-03_02-42-38,start,testing'
ptd-server 2022-08-03 02:53:30,247 [INFO] Sending to ptd: 'SR,V,251.510000'
ptd-server 2022-08-03 02:53:31,748 [INFO] Reply from ptd: 'Range V changed'
ptd-server 2022-08-03 02:53:31,748 [INFO] Sending to ptd: 'SR,A,0.189570'
ptd-server 2022-08-03 02:53:33,250 [INFO] Reply from ptd: 'Range A changed'
ptd-server 2022-08-03 02:53:43,260 [INFO] Starting testing mode
ptd-server 2022-08-03 02:53:43,260 [INFO] Sending to ptd: 'Go,1000,0,2022-08-03_02-42-38_testing'
ptd-server 2022-08-03 02:53:43,261 [INFO] Reply from ptd: 'Starting untimed measurement, maximum 500000 samples at 1000ms with 0 rampup samples'
ptd-server 2022-08-03 02:53:43,261 [INFO] Sending reply to client 'OK'
ptd-server 2022-08-03 03:03:54,656 [INFO] Got command from the client 'session,2022-08-03_02-42-38,stop,testing'
ptd-server 2022-08-03 03:04:04,666 [INFO] Sending to ptd: 'Stop'
ptd-server 2022-08-03 03:04:04,667 [INFO] Reply from ptd: 'Stopping untimed measurement'
ptd-server 2022-08-03 03:04:05,469 [INFO] Sending reply to client 'OK'
ptd-server 2022-08-03 03:04:05,495 [INFO] Got command from the client 'session,2022-08-03_02-42-38,done'
ptd-server 2022-08-03 03:04:05,496 [INFO] Sending to ptd: 'Stop'
ptd-server 2022-08-03 03:04:05,496 [INFO] Reply from ptd: 'Error: no measurement to stop'
ptd-server 2022-08-03 03:04:05,496 [INFO] Sending to ptd: 'SR,V,Auto'
ptd-server 2022-08-03 03:04:05,999 [INFO] Reply from ptd: 'Range V changed'
ptd-server 2022-08-03 03:04:05,999 [INFO] Sending to ptd: 'SR,A,0.500000'
ptd-server 2022-08-03 03:04:07,500 [INFO] Reply from ptd: 'Range A changed'
ptd-server 2022-08-03 03:04:07,500 [INFO] Set initial values for Amps 0.500000 and Volts Auto
ptd-server 2022-08-03 03:04:07,501 [INFO] Stopping ptd...
