ptd-server 2022-07-23 21:46:10,424 [INFO] Got command from the client 'time'
ptd-server 2022-07-23 21:46:10,425 [INFO] Sending reply to client '1658609170.4250002'
ptd-server 2022-07-23 21:46:10,426 [INFO] Got command from the client 'new,,c9e425eb-ecec-4ba6-a74b-c6d579f3e7b2'
ptd-server 2022-07-23 21:46:10,426 [INFO] Sending reply to client 'OK 2022-07-23_21-46-10,410223bf-52ec-4c00-a0b6-fc9eebf1e6a3'
ptd-server 2022-07-23 21:46:10,459 [INFO] Got command from the client 'time'
ptd-server 2022-07-23 21:46:10,459 [INFO] Sending reply to client '1658609170.459511'
ptd-server 2022-07-23 21:46:10,460 [INFO] Got command from the client 'session,2022-07-23_21-46-10,start,ranging'
ptd-server 2022-07-23 21:46:10,460 [INFO] Running PTDaemon: ['/home/anton/projects/mlperf/power/inference_v1.0/ptd-linux-x86', '-l', '/tmp/tmp7lgbo8s4/ptd_logfile.txt', '-p', '8888', '49', '/dev/usbtmc0']
ptd-server 2022-07-23 21:46:27,634 [INFO] Sending to ptd: 'Hello'
ptd-server 2022-07-23 21:46:27,635 [INFO] Reply from ptd: 'Hello, PTDaemon here!'
ptd-server 2022-07-23 21:46:27,635 [INFO] Sending to ptd: 'Identify'
ptd-server 2022-07-23 21:46:27,635 [INFO] Reply from ptd: 'YokogawaWT310E,1000,1,1,1,1,0,1,1,version=1.9.2-e8c7a49a-20201208,OS=Linux 5.13.0-52-generic #59~20.04.1-Ubuntu SMP Thu Jun 16 21:21:28 UTC 2022 x86_64,mode=power,1,1,1,0,0,no_cal_date,YOKOGAWA;WT310E;C3XA04010E;F1.04'
ptd-server 2022-07-23 21:46:27,635 [INFO] Connected to PTDaemon
ptd-server 2022-07-23 21:46:27,636 [INFO] Sending to ptd: 'RR'
ptd-server 2022-07-23 21:46:27,636 [INFO] Reply from ptd: 'Ranges,0,0.500000,1,300.000000'
ptd-server 2022-07-23 21:46:27,636 [INFO] Initial range for Amps is 0.500000 for Volts is Auto
ptd-server 2022-07-23 21:46:27,636 [INFO] Sending to ptd: 'SR,V,Auto'
ptd-server 2022-07-23 21:46:28,139 [INFO] Reply from ptd: 'Range V changed'
ptd-server 2022-07-23 21:46:28,139 [INFO] Sending to ptd: 'SR,A,Auto'
ptd-server 2022-07-23 21:46:28,641 [INFO] Reply from ptd: 'Range A changed'
ptd-server 2022-07-23 21:46:38,651 [INFO] Starting ranging mode
ptd-server 2022-07-23 21:46:38,652 [INFO] Sending to ptd: 'Go,1000,0,2022-07-23_21-46-10_ranging'
ptd-server 2022-07-23 21:46:38,652 [INFO] Reply from ptd: 'Starting untimed measurement, maximum 500000 samples at 1000ms with 0 rampup samples'
ptd-server 2022-07-23 21:46:38,652 [INFO] Sending reply to client 'OK'
ptd-server 2022-07-23 21:56:55,052 [INFO] Got command from the client 'session,2022-07-23_21-46-10,stop,ranging'
ptd-server 2022-07-23 21:57:05,062 [INFO] Sending to ptd: 'Stop'
ptd-server 2022-07-23 21:57:05,063 [INFO] Reply from ptd: 'Stopping untimed measurement'
ptd-server 2022-07-23 21:57:05,674 [INFO] Sending reply to client 'OK'
ptd-server 2022-07-23 21:57:05,740 [INFO] Got command from the client 'time'
ptd-server 2022-07-23 21:57:05,740 [INFO] Sending reply to client '1658609825.740549'
ptd-server 2022-07-23 21:57:05,741 [INFO] Got command from the client 'session,2022-07-23_21-46-10,start,testing'
ptd-server 2022-07-23 21:57:05,741 [INFO] Sending to ptd: 'SR,V,251.010000'
ptd-server 2022-07-23 21:57:07,243 [INFO] Reply from ptd: 'Range V changed'
ptd-server 2022-07-23 21:57:07,243 [INFO] Sending to ptd: 'SR,A,0.048560'
ptd-server 2022-07-23 21:57:08,744 [INFO] Reply from ptd: 'Range A changed'
ptd-server 2022-07-23 21:57:18,755 [INFO] Starting testing mode
ptd-server 2022-07-23 21:57:18,755 [INFO] Sending to ptd: 'Go,1000,0,2022-07-23_21-46-10_testing'
ptd-server 2022-07-23 21:57:18,755 [INFO] Reply from ptd: 'Starting untimed measurement, maximum 500000 samples at 1000ms with 0 rampup samples'
ptd-server 2022-07-23 21:57:18,756 [INFO] Sending reply to client 'OK'
ptd-server 2022-07-23 22:07:35,193 [INFO] Got command from the client 'session,2022-07-23_21-46-10,stop,testing'
ptd-server 2022-07-23 22:07:45,203 [INFO] Sending to ptd: 'Stop'
ptd-server 2022-07-23 22:07:45,204 [INFO] Reply from ptd: 'Stopping untimed measurement'
ptd-server 2022-07-23 22:07:45,525 [INFO] Sending reply to client 'OK'
ptd-server 2022-07-23 22:07:45,533 [INFO] Got command from the client 'session,2022-07-23_21-46-10,done'
ptd-server 2022-07-23 22:07:45,533 [INFO] Sending to ptd: 'Stop'
ptd-server 2022-07-23 22:07:45,756 [INFO] Reply from ptd: 'Error: no measurement to stop'
ptd-server 2022-07-23 22:07:45,756 [INFO] Sending to ptd: 'SR,V,Auto'
ptd-server 2022-07-23 22:07:46,259 [INFO] Reply from ptd: 'Range V changed'
ptd-server 2022-07-23 22:07:46,259 [INFO] Sending to ptd: 'SR,A,0.500000'
ptd-server 2022-07-23 22:07:47,760 [INFO] Reply from ptd: 'Range A changed'
ptd-server 2022-07-23 22:07:47,760 [INFO] Set initial values for Amps 0.500000 and Volts Auto
ptd-server 2022-07-23 22:07:47,760 [INFO] Stopping ptd...
