ptd-server 2022-08-02 05:01:55,344 [INFO] Got command from the client 'time'
ptd-server 2022-08-02 05:01:55,344 [INFO] Sending reply to client '1659412915.3447788'
ptd-server 2022-08-02 05:01:55,345 [INFO] Got command from the client 'new,,ce4dc2df-22fb-4f54-8207-7fec9822bf03'
ptd-server 2022-08-02 05:01:55,346 [INFO] Sending reply to client 'OK 2022-08-02_05-01-55,02a2beed-a053-4fd8-9d34-4f7bf6b2f32c'
ptd-server 2022-08-02 05:01:55,384 [INFO] Got command from the client 'time'
ptd-server 2022-08-02 05:01:55,385 [INFO] Sending reply to client '1659412915.3851187'
ptd-server 2022-08-02 05:01:55,385 [INFO] Got command from the client 'session,2022-08-02_05-01-55,start,ranging'
ptd-server 2022-08-02 05:01:55,386 [INFO] Running PTDaemon: ['/home/anton/projects/mlperf/power/inference_v1.0/ptd-linux-x86', '-l', '/tmp/tmp7lgbo8s4/ptd_logfile.txt', '-p', '8888', '49', '/dev/usbtmc0']
ptd-server 2022-08-02 05:02:12,561 [INFO] Sending to ptd: 'Hello'
ptd-server 2022-08-02 05:02:12,562 [INFO] Reply from ptd: 'Hello, PTDaemon here!'
ptd-server 2022-08-02 05:02:12,562 [INFO] Sending to ptd: 'Identify'
ptd-server 2022-08-02 05:02:12,562 [INFO] Reply from ptd: 'YokogawaWT310E,1000,1,1,1,1,0,1,1,version=1.9.2-e8c7a49a-20201208,OS=Linux 5.13.0-52-generic #59~20.04.1-Ubuntu SMP Thu Jun 16 21:21:28 UTC 2022 x86_64,mode=power,1,1,1,0,0,no_cal_date,YOKOGAWA;WT310E;C3XA04010E;F1.04'
ptd-server 2022-08-02 05:02:12,562 [INFO] Connected to PTDaemon
ptd-server 2022-08-02 05:02:12,562 [INFO] Sending to ptd: 'RR'
ptd-server 2022-08-02 05:02:12,563 [INFO] Reply from ptd: 'Ranges,0,0.500000,1,300.000000'
ptd-server 2022-08-02 05:02:12,563 [INFO] Initial range for Amps is 0.500000 for Volts is Auto
ptd-server 2022-08-02 05:02:12,563 [INFO] Sending to ptd: 'SR,V,Auto'
ptd-server 2022-08-02 05:02:13,066 [INFO] Reply from ptd: 'Range V changed'
ptd-server 2022-08-02 05:02:13,066 [INFO] Sending to ptd: 'SR,A,Auto'
ptd-server 2022-08-02 05:02:13,568 [INFO] Reply from ptd: 'Range A changed'
ptd-server 2022-08-02 05:02:23,578 [INFO] Starting ranging mode
ptd-server 2022-08-02 05:02:23,579 [INFO] Sending to ptd: 'Go,1000,0,2022-08-02_05-01-55_ranging'
ptd-server 2022-08-02 05:02:23,579 [INFO] Reply from ptd: 'Starting untimed measurement, maximum 500000 samples at 1000ms with 0 rampup samples'
ptd-server 2022-08-02 05:02:23,579 [INFO] Sending reply to client 'OK'
ptd-server 2022-08-02 05:12:35,089 [INFO] Got command from the client 'session,2022-08-02_05-01-55,stop,ranging'
ptd-server 2022-08-02 05:12:45,100 [INFO] Sending to ptd: 'Stop'
ptd-server 2022-08-02 05:12:45,100 [INFO] Reply from ptd: 'Stopping untimed measurement'
ptd-server 2022-08-02 05:12:46,603 [INFO] Sending reply to client 'OK'
ptd-server 2022-08-02 05:12:46,659 [INFO] Got command from the client 'time'
ptd-server 2022-08-02 05:12:46,659 [INFO] Sending reply to client '1659413566.6594493'
ptd-server 2022-08-02 05:12:46,660 [INFO] Got command from the client 'session,2022-08-02_05-01-55,start,testing'
ptd-server 2022-08-02 05:12:46,660 [INFO] Sending to ptd: 'SR,V,249.330000'
ptd-server 2022-08-02 05:12:48,161 [INFO] Reply from ptd: 'Range V changed'
ptd-server 2022-08-02 05:12:48,162 [INFO] Sending to ptd: 'SR,A,0.206510'
ptd-server 2022-08-02 05:12:49,663 [INFO] Reply from ptd: 'Range A changed'
ptd-server 2022-08-02 05:12:59,673 [INFO] Starting testing mode
ptd-server 2022-08-02 05:12:59,673 [INFO] Sending to ptd: 'Go,1000,0,2022-08-02_05-01-55_testing'
ptd-server 2022-08-02 05:12:59,674 [INFO] Reply from ptd: 'Starting untimed measurement, maximum 500000 samples at 1000ms with 0 rampup samples'
ptd-server 2022-08-02 05:12:59,674 [INFO] Sending reply to client 'OK'
ptd-server 2022-08-02 05:23:11,167 [INFO] Got command from the client 'session,2022-08-02_05-01-55,stop,testing'
ptd-server 2022-08-02 05:23:21,178 [INFO] Sending to ptd: 'Stop'
ptd-server 2022-08-02 05:23:21,178 [INFO] Reply from ptd: 'Stopping untimed measurement'
ptd-server 2022-08-02 05:23:21,935 [INFO] Sending reply to client 'OK'
ptd-server 2022-08-02 05:23:21,949 [INFO] Got command from the client 'session,2022-08-02_05-01-55,done'
ptd-server 2022-08-02 05:23:21,949 [INFO] Sending to ptd: 'Stop'
ptd-server 2022-08-02 05:23:21,950 [INFO] Reply from ptd: 'Error: no measurement to stop'
ptd-server 2022-08-02 05:23:21,950 [INFO] Sending to ptd: 'SR,V,Auto'
ptd-server 2022-08-02 05:23:22,452 [INFO] Reply from ptd: 'Range V changed'
ptd-server 2022-08-02 05:23:22,452 [INFO] Sending to ptd: 'SR,A,0.500000'
ptd-server 2022-08-02 05:23:23,954 [INFO] Reply from ptd: 'Range A changed'
ptd-server 2022-08-02 05:23:23,954 [INFO] Set initial values for Amps 0.500000 and Volts Auto
ptd-server 2022-08-02 05:23:23,954 [INFO] Stopping ptd...
