ptd-server 2022-07-20 15:33:58,180 [INFO] Got command from the client 'time'
ptd-server 2022-07-20 15:33:58,180 [INFO] Sending reply to client '1658327638.1804802'
ptd-server 2022-07-20 15:33:58,184 [INFO] Got command from the client 'new,,ce137f83-f2fd-40c7-8533-51341ac813cd'
ptd-server 2022-07-20 15:33:58,185 [INFO] Sending reply to client 'OK 2022-07-20_15-33-58,6f371325-35e4-41b6-946d-c7a241e5913f'
ptd-server 2022-07-20 15:33:58,231 [INFO] Got command from the client 'time'
ptd-server 2022-07-20 15:33:58,231 [INFO] Sending reply to client '1658327638.231865'
ptd-server 2022-07-20 15:33:58,238 [INFO] Got command from the client 'session,2022-07-20_15-33-58,start,ranging'
ptd-server 2022-07-20 15:33:58,238 [INFO] Running PTDaemon: ['/home/anton/projects/mlperf/power/inference_v1.0/ptd-linux-x86', '-l', '/tmp/tmp7lgbo8s4/ptd_logfile.txt', '-p', '8888', '49', '/dev/usbtmc0']
ptd-server 2022-07-20 15:34:15,411 [INFO] Sending to ptd: 'Hello'
ptd-server 2022-07-20 15:34:15,412 [INFO] Reply from ptd: 'Hello, PTDaemon here!'
ptd-server 2022-07-20 15:34:15,412 [INFO] Sending to ptd: 'Identify'
ptd-server 2022-07-20 15:34:15,412 [INFO] Reply from ptd: 'YokogawaWT310E,1000,1,1,1,1,0,1,1,version=1.9.2-e8c7a49a-20201208,OS=Linux 5.13.0-52-generic #59~20.04.1-Ubuntu SMP Thu Jun 16 21:21:28 UTC 2022 x86_64,mode=power,1,1,1,0,0,no_cal_date,YOKOGAWA;WT310E;C3XA04010E;F1.04'
ptd-server 2022-07-20 15:34:15,412 [INFO] Connected to PTDaemon
ptd-server 2022-07-20 15:34:15,412 [INFO] Sending to ptd: 'RR'
ptd-server 2022-07-20 15:34:15,413 [INFO] Reply from ptd: 'Ranges,0,0.500000,1,300.000000'
ptd-server 2022-07-20 15:34:15,413 [INFO] Initial range for Amps is 0.500000 for Volts is Auto
ptd-server 2022-07-20 15:34:15,413 [INFO] Sending to ptd: 'SR,V,Auto'
ptd-server 2022-07-20 15:34:15,915 [INFO] Reply from ptd: 'Range V changed'
ptd-server 2022-07-20 15:34:15,916 [INFO] Sending to ptd: 'SR,A,Auto'
ptd-server 2022-07-20 15:34:16,418 [INFO] Reply from ptd: 'Range A changed'
ptd-server 2022-07-20 15:34:26,428 [INFO] Starting ranging mode
ptd-server 2022-07-20 15:34:26,429 [INFO] Sending to ptd: 'Go,1000,0,2022-07-20_15-33-58_ranging'
ptd-server 2022-07-20 15:34:26,429 [INFO] Reply from ptd: 'Starting untimed measurement, maximum 500000 samples at 1000ms with 0 rampup samples'
ptd-server 2022-07-20 15:34:26,429 [INFO] Sending reply to client 'OK'
ptd-server 2022-07-20 15:44:44,671 [INFO] Got command from the client 'session,2022-07-20_15-33-58,stop,ranging'
ptd-server 2022-07-20 15:44:54,682 [INFO] Sending to ptd: 'Stop'
ptd-server 2022-07-20 15:44:54,682 [INFO] Reply from ptd: 'Stopping untimed measurement'
ptd-server 2022-07-20 15:44:54,911 [INFO] Sending reply to client 'OK'
ptd-server 2022-07-20 15:44:55,016 [INFO] Got command from the client 'time'
ptd-server 2022-07-20 15:44:55,016 [INFO] Sending reply to client '1658328295.0164096'
ptd-server 2022-07-20 15:44:55,021 [INFO] Got command from the client 'session,2022-07-20_15-33-58,start,testing'
ptd-server 2022-07-20 15:44:55,022 [INFO] Sending to ptd: 'SR,V,250.560000'
ptd-server 2022-07-20 15:44:56,931 [INFO] Reply from ptd: 'Range V changed'
ptd-server 2022-07-20 15:44:56,931 [INFO] Sending to ptd: 'SR,A,0.076510'
ptd-server 2022-07-20 15:44:58,432 [INFO] Reply from ptd: 'Range A changed'
ptd-server 2022-07-20 15:45:08,434 [INFO] Starting testing mode
ptd-server 2022-07-20 15:45:08,435 [INFO] Sending to ptd: 'Go,1000,0,2022-07-20_15-33-58_testing'
ptd-server 2022-07-20 15:45:08,435 [INFO] Reply from ptd: 'Starting untimed measurement, maximum 500000 samples at 1000ms with 0 rampup samples'
ptd-server 2022-07-20 15:45:08,435 [INFO] Sending reply to client 'OK'
ptd-server 2022-07-20 15:55:26,790 [INFO] Got command from the client 'session,2022-07-20_15-33-58,stop,testing'
ptd-server 2022-07-20 15:55:36,801 [INFO] Sending to ptd: 'Stop'
ptd-server 2022-07-20 15:55:36,801 [INFO] Reply from ptd: 'Stopping untimed measurement'
ptd-server 2022-07-20 15:55:36,930 [INFO] Sending reply to client 'OK'
ptd-server 2022-07-20 15:55:36,966 [INFO] Got command from the client 'session,2022-07-20_15-33-58,done'
ptd-server 2022-07-20 15:55:36,966 [INFO] Sending to ptd: 'Stop'
ptd-server 2022-07-20 15:55:37,435 [INFO] Reply from ptd: 'Error: no measurement to stop'
ptd-server 2022-07-20 15:55:37,436 [INFO] Sending to ptd: 'SR,V,Auto'
ptd-server 2022-07-20 15:55:37,938 [INFO] Reply from ptd: 'Range V changed'
ptd-server 2022-07-20 15:55:37,938 [INFO] Sending to ptd: 'SR,A,0.500000'
ptd-server 2022-07-20 15:55:39,440 [INFO] Reply from ptd: 'Range A changed'
ptd-server 2022-07-20 15:55:39,440 [INFO] Set initial values for Amps 0.500000 and Volts Auto
ptd-server 2022-07-20 15:55:39,440 [INFO] Stopping ptd...
