client 2022-08-03 04:06:28,958 [INFO] Sending command to the server: 'mlcommons/power client v3'
client 2022-08-03 04:06:28,959 [INFO] Got response: 'mlcommons/power server v3'
client 2022-08-03 04:06:28,959 [INFO] Sending command to the server: 'stop'
client 2022-08-03 04:06:28,960 [INFO] Got response: 'OK'
client 2022-08-03 04:06:28,960 [INFO] Synchronizing with the server and with 192.168.123.123...
client 2022-08-03 04:06:28,963 [INFO] NTP:offset = -0.000 s, delay = 0.000 s 
client 2022-08-03 04:06:28,963 [INFO] Sending command to the server: 'time'
client 2022-08-03 04:06:28,964 [INFO] Got response: '1659499588.9628184'
client 2022-08-03 04:06:28,964 [INFO] The time difference between the client and the server is within range 0.543 ms..1.353 ms
client 2022-08-03 04:06:28,964 [INFO] Sending command to the server: 'new,,c35327f6-226e-49df-a037-faa2766d9893'
client 2022-08-03 04:06:28,965 [INFO] Got response: 'OK 2022-08-03_04-06-28,5b04c94d-b8a7-4444-a502-08ce53bd980d'
client 2022-08-03 04:06:28,965 [INFO] Session id is '2022-08-03_04-06-28'
client 2022-08-03 04:06:28,965 [INFO] Sources: {"sources": {"__init__.py": "da39a3ee5e6b4b0d3255bfef95601890afd80709", "client.py": "33ca4f26368777ac06e01f9567b714a4b8063886", "lib/__init__.py": "da39a3ee5e6b4b0d3255bfef95601890afd80709", "lib/client.py": "4c2b78fb4849a7e5b584ef792d82aaed20b17f57", "lib/common.py": "624d0c0acc7c39aaff3674f0b99d6a09da53d1dc", "lib/external/__init__.py": "da39a3ee5e6b4b0d3255bfef95601890afd80709", "lib/external/ntplib.py": "4da8f970656505a40483206ef2b5d3dd5e81711d", "lib/server.py": "cda0cdfaee9bfa1249c64a7dd4f89b7bf1b279f0", "lib/source_hashes.py": "60a2e02193209e8d392803326208d5466342da18", "lib/summary.py": "aa92f0a3f975eecd44d3c0cd0236342ccc9f941d", "lib/time_sync.py": "3210db56eb0ff0df57bf4293dc4d4b03fffd46f1", "server.py": "c3f90f2f7eeb4db30727556d0c815ebc89b3d28b", "tests/unit/__init__.py": "da39a3ee5e6b4b0d3255bfef95601890afd80709", "tests/unit/test_server.py": "99ae15aef722f2000ee6ed1ae1523637bf1ae42b", "tests/unit/test_source_hashes.py": "00468a2907583c593e6574a1f6b404e4651c221a"}, "modules": {"ptd_client_server.lib.client": "lib/client.py", "ptd_client_server.lib.common": "lib/common.py", "ptd_client_server.lib.external.ntplib": "lib/external/ntplib.py", "ptd_client_server.lib.source_hashes": "lib/source_hashes.py", "ptd_client_server.lib.summary": "lib/summary.py", "ptd_client_server.lib.time_sync": "lib/time_sync.py"}}
client 2022-08-03 04:06:28,965 [INFO] Running workload in ranging mode
client 2022-08-03 04:06:28,965 [INFO] Synchronizing with the server and with 192.168.123.123...
client 2022-08-03 04:06:28,966 [INFO] NTP:offset = -0.000 s, delay = 0.000 s 
client 2022-08-03 04:06:28,966 [INFO] Sending command to the server: 'time'
client 2022-08-03 04:06:28,967 [INFO] Got response: '1659499588.9661458'
client 2022-08-03 04:06:28,967 [INFO] The time difference between the client and the server is within range 0.547 ms..1.421 ms
client 2022-08-03 04:06:28,967 [INFO] Sending command to the server: 'session,2022-08-03_04-06-28,start,ranging'
client 2022-08-03 04:07:08,056 [INFO] Got response: 'OK'
client 2022-08-03 04:07:08,056 [INFO] Running the workload 'LOG_DIR=/work/build/power_logs_temp python3 -m code.main_v2 --benchmarks=rnnt --scenarios=singlestream --config_ver=maxq --action="run_harness" \\\n\t\t2>&1 | tee -a /work/build/power_logs/2022.08.03-04.06.20/stdout.txt \\\n\t\t&& if [ ! -d /work/build/power_logs/2022.08.03-04.06.20/ranging_tmp ]; \\\n\t\t\tthen mkdir /work/build/power_logs/2022.08.03-04.06.20/ranging_tmp \\\n\t\t\t\t&& mv /work/build/power_logs_temp/* /work/build/power_logs/2022.08.03-04.06.20/ranging_tmp/ \\\n\t\t\t\t&& cp -v /work/build/power_logs/2022.08.03-04.06.20/ranging_tmp/*/*/*/mlperf_log_detail.txt /work/build/power_logs_temp/ \\\n\t\t\t\t&& cp -v /work/build/power_logs/2022.08.03-04.06.20/ranging_tmp/*/*/*/mlperf_log_summary.txt /work/build/power_logs_temp/; \\\n\t\t\telse mkdir /work/build/power_logs/2022.08.03-04.06.20/testing_tmp \\\n\t\t\t\t&& mv /work/build/power_logs_temp/* /work/build/power_logs/2022.08.03-04.06.20/testing_tmp/ \\\n\t\t\t\t&& cp -v /work/build/power_logs/2022.08.03-04.06.20/testing_tmp/*/*/*/mlperf_log_detail.txt /work/build/power_logs_temp/ \\\n\t\t\t\t&& cp -v /work/build/power_logs/2022.08.03-04.06.20/testing_tmp/*/*/*/mlperf_log_summary.txt /work/build/power_logs_temp/; fi'
client 2022-08-03 04:17:16,480 [INFO] Sending command to the server: 'session,2022-08-03_04-06-28,stop,ranging'
client 2022-08-03 04:17:26,517 [INFO] Got response: 'OK'
client 2022-08-03 04:17:26,527 [INFO] Copying loadgen logs from '/work/build/power_logs_temp' to '/work/build/power_logs/2022.08.03-04.06.20/2022-08-03_04-06-28/ranging'
client 2022-08-03 04:17:26,527 [INFO] Running workload in testing mode
client 2022-08-03 04:17:26,527 [INFO] Synchronizing with the server and with 192.168.123.123...
client 2022-08-03 04:17:26,528 [INFO] NTP:offset = -0.000 s, delay = 0.000 s 
client 2022-08-03 04:17:26,528 [INFO] Sending command to the server: 'time'
client 2022-08-03 04:17:26,529 [INFO] Got response: '1659500246.5035317'
client 2022-08-03 04:17:26,529 [INFO] The time difference between the client and the server is within range 25.129 ms..26.073 ms
client 2022-08-03 04:17:26,529 [INFO] Sending command to the server: 'session,2022-08-03_04-06-28,start,testing'
client 2022-08-03 04:17:48,759 [INFO] Got response: 'OK'
client 2022-08-03 04:17:48,759 [INFO] Running the workload 'LOG_DIR=/work/build/power_logs_temp python3 -m code.main_v2 --benchmarks=rnnt --scenarios=singlestream --config_ver=maxq --action="run_harness" \\\n\t\t2>&1 | tee -a /work/build/power_logs/2022.08.03-04.06.20/stdout.txt \\\n\t\t&& if [ ! -d /work/build/power_logs/2022.08.03-04.06.20/ranging_tmp ]; \\\n\t\t\tthen mkdir /work/build/power_logs/2022.08.03-04.06.20/ranging_tmp \\\n\t\t\t\t&& mv /work/build/power_logs_temp/* /work/build/power_logs/2022.08.03-04.06.20/ranging_tmp/ \\\n\t\t\t\t&& cp -v /work/build/power_logs/2022.08.03-04.06.20/ranging_tmp/*/*/*/mlperf_log_detail.txt /work/build/power_logs_temp/ \\\n\t\t\t\t&& cp -v /work/build/power_logs/2022.08.03-04.06.20/ranging_tmp/*/*/*/mlperf_log_summary.txt /work/build/power_logs_temp/; \\\n\t\t\telse mkdir /work/build/power_logs/2022.08.03-04.06.20/testing_tmp \\\n\t\t\t\t&& mv /work/build/power_logs_temp/* /work/build/power_logs/2022.08.03-04.06.20/testing_tmp/ \\\n\t\t\t\t&& cp -v /work/build/power_logs/2022.08.03-04.06.20/testing_tmp/*/*/*/mlperf_log_detail.txt /work/build/power_logs_temp/ \\\n\t\t\t\t&& cp -v /work/build/power_logs/2022.08.03-04.06.20/testing_tmp/*/*/*/mlperf_log_summary.txt /work/build/power_logs_temp/; fi'
client 2022-08-03 04:27:56,820 [INFO] Sending command to the server: 'session,2022-08-03_04-06-28,stop,testing'
client 2022-08-03 04:28:06,842 [INFO] Got response: 'OK'
client 2022-08-03 04:28:06,844 [INFO] Copying loadgen logs from '/work/build/power_logs_temp' to '/work/build/power_logs/2022.08.03-04.06.20/2022-08-03_04-06-28/run_1'
client 2022-08-03 04:28:06,845 [INFO] Done runs
