ptd-server 2022-08-03 04:06:28,957 [INFO] Got command from the client 'stop'
ptd-server 2022-08-03 04:06:28,958 [INFO] The server will be stopped after processing this client
ptd-server 2022-08-03 04:06:28,958 [INFO] Sending reply to client 'OK'
ptd-server 2022-08-03 04:06:28,962 [INFO] Got command from the client 'time'
ptd-server 2022-08-03 04:06:28,962 [INFO] Sending reply to client '1659499588.9628184'
ptd-server 2022-08-03 04:06:28,963 [INFO] Got command from the client 'new,,c35327f6-226e-49df-a037-faa2766d9893'
ptd-server 2022-08-03 04:06:28,963 [INFO] Sending reply to client 'OK 2022-08-03_04-06-28,5b04c94d-b8a7-4444-a502-08ce53bd980d'
ptd-server 2022-08-03 04:06:28,965 [INFO] Got command from the client 'time'
ptd-server 2022-08-03 04:06:28,966 [INFO] Sending reply to client '1659499588.9661458'
ptd-server 2022-08-03 04:06:28,966 [INFO] Got command from the client 'session,2022-08-03_04-06-28,start,ranging'
ptd-server 2022-08-03 04:06:29,067 [INFO] Running PTDaemon: ['C:\\PTD\\ptd-windows-x86.exe', '-l', 'C:\\Users\\pa\\AppData\\Local\\Temp\\tmpr_lxddle\\ptd_logfile.txt', '-p', '8888', '-c', '1,2', '-y', '77', 'C2WL21005V']
ptd-server 2022-08-03 04:06:47,404 [INFO] Sending to ptd: 'Hello'
ptd-server 2022-08-03 04:06:47,405 [INFO] Reply from ptd: 'Hello, PTDaemon here!'
ptd-server 2022-08-03 04:06:47,405 [INFO] Sending to ptd: 'Identify'
ptd-server 2022-08-03 04:06:47,406 [INFO] Reply from ptd: 'YokogawaWT330_multichannel,1000,1,1,1,1,0,0,1,version=1.9.2-3976349f-20201208,OS=Windows 8 / Server 2012,mode=power,1,1,2,0,0,no_cal_date,YOKOGAWA;WT333E;C2WL21005V;F1.04'
ptd-server 2022-08-03 04:06:47,406 [INFO] Connected to PTDaemon
ptd-server 2022-08-03 04:06:47,406 [INFO] Sending to ptd: 'RR'
ptd-server 2022-08-03 04:06:47,407 [INFO] Reply from ptd: 'Ranges,-1,-1.000000,-1,-1.000000'
ptd-server 2022-08-03 04:06:47,407 [INFO] Initial range for Amps is Auto for Volts is Auto
ptd-server 2022-08-03 04:06:47,407 [INFO] Sending to ptd: 'SR,V,Auto'
ptd-server 2022-08-03 04:06:52,470 [INFO] Reply from ptd: 'Range V changed'
ptd-server 2022-08-03 04:06:52,471 [INFO] Sending to ptd: 'SR,A,20'
ptd-server 2022-08-03 04:06:58,049 [INFO] Reply from ptd: 'Range A changed'
ptd-server 2022-08-03 04:07:08,052 [INFO] Starting ranging mode
ptd-server 2022-08-03 04:07:08,052 [INFO] Sending to ptd: 'Go,1000,0,2022-08-03_04-06-28_ranging'
ptd-server 2022-08-03 04:07:08,052 [INFO] Reply from ptd: 'Starting untimed measurement, maximum 500000 samples at 1000ms with 0 rampup samples'
ptd-server 2022-08-03 04:07:08,053 [INFO] Sending reply to client 'OK'
ptd-server 2022-08-03 04:17:16,456 [INFO] Got command from the client 'session,2022-08-03_04-06-28,stop,ranging'
ptd-server 2022-08-03 04:17:26,463 [INFO] Sending to ptd: 'Stop'
ptd-server 2022-08-03 04:17:26,463 [INFO] Reply from ptd: 'Stopping untimed measurement'
ptd-server 2022-08-03 04:17:26,491 [INFO] Sending reply to client 'OK'
ptd-server 2022-08-03 04:17:26,503 [INFO] Got command from the client 'time'
ptd-server 2022-08-03 04:17:26,503 [INFO] Sending reply to client '1659500246.5035317'
ptd-server 2022-08-03 04:17:26,504 [INFO] Got command from the client 'session,2022-08-03_04-06-28,start,testing'
ptd-server 2022-08-03 04:17:26,504 [INFO] Sending to ptd: 'SR,V,121.220000'
ptd-server 2022-08-03 04:17:33,142 [INFO] Reply from ptd: 'Range V changed'
ptd-server 2022-08-03 04:17:33,142 [INFO] Sending to ptd: 'SR,A,1.456000'
ptd-server 2022-08-03 04:17:38,725 [INFO] Reply from ptd: 'Range A changed'
ptd-server 2022-08-03 04:17:48,731 [INFO] Starting testing mode
ptd-server 2022-08-03 04:17:48,731 [INFO] Sending to ptd: 'Go,1000,0,2022-08-03_04-06-28_testing'
ptd-server 2022-08-03 04:17:48,731 [INFO] Reply from ptd: 'Starting untimed measurement, maximum 500000 samples at 1000ms with 0 rampup samples'
ptd-server 2022-08-03 04:17:48,732 [INFO] Sending reply to client 'OK'
ptd-server 2022-08-03 04:27:56,772 [INFO] Got command from the client 'session,2022-08-03_04-06-28,stop,testing'
ptd-server 2022-08-03 04:28:06,776 [INFO] Sending to ptd: 'Stop'
ptd-server 2022-08-03 04:28:06,777 [INFO] Reply from ptd: 'Stopping untimed measurement'
ptd-server 2022-08-03 04:28:06,791 [INFO] Sending reply to client 'OK'
ptd-server 2022-08-03 04:28:06,799 [INFO] Got command from the client 'session,2022-08-03_04-06-28,done'
ptd-server 2022-08-03 04:28:06,799 [INFO] Sending to ptd: 'Stop'
ptd-server 2022-08-03 04:28:07,741 [INFO] Reply from ptd: 'Error: no measurement to stop'
ptd-server 2022-08-03 04:28:07,742 [INFO] Sending to ptd: 'SR,V,Auto'
ptd-server 2022-08-03 04:28:12,805 [INFO] Reply from ptd: 'Range V changed'
ptd-server 2022-08-03 04:28:12,806 [INFO] Sending to ptd: 'SR,A,Auto'
ptd-server 2022-08-03 04:28:17,883 [INFO] Reply from ptd: 'Range A changed'
ptd-server 2022-08-03 04:28:17,883 [INFO] Set initial values for Amps Auto and Volts Auto
ptd-server 2022-08-03 04:28:17,883 [INFO] Stopping ptd...
