ptd-server 2022-07-25 08:52:01,746 [INFO] Got command from the client 'time'
ptd-server 2022-07-25 08:52:01,746 [INFO] Sending reply to client '1658735521.7467072'
ptd-server 2022-07-25 08:52:01,748 [INFO] Got command from the client 'new,,cae9f136-211e-4402-82f0-565b157ad485'
ptd-server 2022-07-25 08:52:01,748 [INFO] Sending reply to client 'OK 2022-07-25_08-52-01,b7a58ec4-0e51-4fd3-8768-2a812ef5e0c4'
ptd-server 2022-07-25 08:52:01,778 [INFO] Got command from the client 'time'
ptd-server 2022-07-25 08:52:01,779 [INFO] Sending reply to client '1658735521.7791173'
ptd-server 2022-07-25 08:52:01,780 [INFO] Got command from the client 'session,2022-07-25_08-52-01,start,ranging'
ptd-server 2022-07-25 08:52:01,780 [INFO] Running PTDaemon: ['/home/anton/projects/mlperf/power/inference_v1.0/ptd-linux-x86', '-l', '/tmp/tmp7lgbo8s4/ptd_logfile.txt', '-p', '8888', '49', '/dev/usbtmc0']
ptd-server 2022-07-25 08:52:18,955 [INFO] Sending to ptd: 'Hello'
ptd-server 2022-07-25 08:52:18,955 [INFO] Reply from ptd: 'Hello, PTDaemon here!'
ptd-server 2022-07-25 08:52:18,956 [INFO] Sending to ptd: 'Identify'
ptd-server 2022-07-25 08:52:18,956 [INFO] Reply from ptd: 'YokogawaWT310E,1000,1,1,1,1,0,1,1,version=1.9.2-e8c7a49a-20201208,OS=Linux 5.13.0-52-generic #59~20.04.1-Ubuntu SMP Thu Jun 16 21:21:28 UTC 2022 x86_64,mode=power,1,1,1,0,0,no_cal_date,YOKOGAWA;WT310E;C3XA04010E;F1.04'
ptd-server 2022-07-25 08:52:18,956 [INFO] Connected to PTDaemon
ptd-server 2022-07-25 08:52:18,956 [INFO] Sending to ptd: 'RR'
ptd-server 2022-07-25 08:52:18,956 [INFO] Reply from ptd: 'Ranges,0,0.500000,1,300.000000'
ptd-server 2022-07-25 08:52:18,957 [INFO] Initial range for Amps is 0.500000 for Volts is Auto
ptd-server 2022-07-25 08:52:18,957 [INFO] Sending to ptd: 'SR,V,Auto'
ptd-server 2022-07-25 08:52:19,459 [INFO] Reply from ptd: 'Range V changed'
ptd-server 2022-07-25 08:52:19,459 [INFO] Sending to ptd: 'SR,A,Auto'
ptd-server 2022-07-25 08:52:19,962 [INFO] Reply from ptd: 'Range A changed'
ptd-server 2022-07-25 08:52:29,965 [INFO] Starting ranging mode
ptd-server 2022-07-25 08:52:29,965 [INFO] Sending to ptd: 'Go,1000,0,2022-07-25_08-52-01_ranging'
ptd-server 2022-07-25 08:52:29,966 [INFO] Reply from ptd: 'Starting untimed measurement, maximum 500000 samples at 1000ms with 0 rampup samples'
ptd-server 2022-07-25 08:52:29,966 [INFO] Sending reply to client 'OK'
ptd-server 2022-07-25 09:02:46,615 [INFO] Got command from the client 'session,2022-07-25_08-52-01,stop,ranging'
ptd-server 2022-07-25 09:02:56,625 [INFO] Sending to ptd: 'Stop'
ptd-server 2022-07-25 09:02:56,626 [INFO] Reply from ptd: 'Stopping untimed measurement'
ptd-server 2022-07-25 09:02:57,425 [INFO] Sending reply to client 'OK'
ptd-server 2022-07-25 09:02:57,466 [INFO] Got command from the client 'time'
ptd-server 2022-07-25 09:02:57,467 [INFO] Sending reply to client '1658736177.46704'
ptd-server 2022-07-25 09:02:57,468 [INFO] Got command from the client 'session,2022-07-25_08-52-01,start,testing'
ptd-server 2022-07-25 09:02:57,468 [INFO] Sending to ptd: 'SR,V,249.200000'
ptd-server 2022-07-25 09:02:58,969 [INFO] Reply from ptd: 'Range V changed'
ptd-server 2022-07-25 09:02:58,970 [INFO] Sending to ptd: 'SR,A,0.059590'
ptd-server 2022-07-25 09:03:00,471 [INFO] Reply from ptd: 'Range A changed'
ptd-server 2022-07-25 09:03:10,481 [INFO] Starting testing mode
ptd-server 2022-07-25 09:03:10,481 [INFO] Sending to ptd: 'Go,1000,0,2022-07-25_08-52-01_testing'
ptd-server 2022-07-25 09:03:10,482 [INFO] Reply from ptd: 'Starting untimed measurement, maximum 500000 samples at 1000ms with 0 rampup samples'
ptd-server 2022-07-25 09:03:10,482 [INFO] Sending reply to client 'OK'
ptd-server 2022-07-25 09:13:27,076 [INFO] Got command from the client 'session,2022-07-25_08-52-01,stop,testing'
ptd-server 2022-07-25 09:13:37,087 [INFO] Sending to ptd: 'Stop'
ptd-server 2022-07-25 09:13:37,087 [INFO] Reply from ptd: 'Stopping untimed measurement'
ptd-server 2022-07-25 09:13:37,496 [INFO] Sending reply to client 'OK'
ptd-server 2022-07-25 09:13:37,504 [INFO] Got command from the client 'session,2022-07-25_08-52-01,done'
ptd-server 2022-07-25 09:13:37,505 [INFO] Sending to ptd: 'Stop'
ptd-server 2022-07-25 09:13:37,505 [INFO] Reply from ptd: 'Error: no measurement to stop'
ptd-server 2022-07-25 09:13:37,505 [INFO] Sending to ptd: 'SR,V,Auto'
ptd-server 2022-07-25 09:13:38,007 [INFO] Reply from ptd: 'Range V changed'
ptd-server 2022-07-25 09:13:38,008 [INFO] Sending to ptd: 'SR,A,0.500000'
ptd-server 2022-07-25 09:13:39,509 [INFO] Reply from ptd: 'Range A changed'
ptd-server 2022-07-25 09:13:39,509 [INFO] Set initial values for Amps 0.500000 and Volts Auto
ptd-server 2022-07-25 09:13:39,509 [INFO] Stopping ptd...
