ptd-server 2022-07-24 15:37:19,487 [INFO] Got command from the client 'time'
ptd-server 2022-07-24 15:37:19,487 [INFO] Sending reply to client '1658673439.4874654'
ptd-server 2022-07-24 15:37:19,488 [INFO] Got command from the client 'new,,df2d2c40-e385-4cbe-aef8-fc1de59fba90'
ptd-server 2022-07-24 15:37:19,489 [INFO] Sending reply to client 'OK 2022-07-24_15-37-19,941331bd-cfe8-4c24-95bd-02c9eff77542'
ptd-server 2022-07-24 15:37:19,527 [INFO] Got command from the client 'time'
ptd-server 2022-07-24 15:37:19,527 [INFO] Sending reply to client '1658673439.527302'
ptd-server 2022-07-24 15:37:19,528 [INFO] Got command from the client 'session,2022-07-24_15-37-19,start,ranging'
ptd-server 2022-07-24 15:37:19,528 [INFO] Running PTDaemon: ['/home/anton/projects/mlperf/power/inference_v1.0/ptd-linux-x86', '-l', '/tmp/tmp7lgbo8s4/ptd_logfile.txt', '-p', '8888', '49', '/dev/usbtmc0']
ptd-server 2022-07-24 15:37:36,703 [INFO] Sending to ptd: 'Hello'
ptd-server 2022-07-24 15:37:36,704 [INFO] Reply from ptd: 'Hello, PTDaemon here!'
ptd-server 2022-07-24 15:37:36,704 [INFO] Sending to ptd: 'Identify'
ptd-server 2022-07-24 15:37:36,704 [INFO] Reply from ptd: 'YokogawaWT310E,1000,1,1,1,1,0,1,1,version=1.9.2-e8c7a49a-20201208,OS=Linux 5.13.0-52-generic #59~20.04.1-Ubuntu SMP Thu Jun 16 21:21:28 UTC 2022 x86_64,mode=power,1,1,1,0,0,no_cal_date,YOKOGAWA;WT310E;C3XA04010E;F1.04'
ptd-server 2022-07-24 15:37:36,704 [INFO] Connected to PTDaemon
ptd-server 2022-07-24 15:37:36,704 [INFO] Sending to ptd: 'RR'
ptd-server 2022-07-24 15:37:36,705 [INFO] Reply from ptd: 'Ranges,0,0.500000,1,300.000000'
ptd-server 2022-07-24 15:37:36,705 [INFO] Initial range for Amps is 0.500000 for Volts is Auto
ptd-server 2022-07-24 15:37:36,705 [INFO] Sending to ptd: 'SR,V,Auto'
ptd-server 2022-07-24 15:37:37,207 [INFO] Reply from ptd: 'Range V changed'
ptd-server 2022-07-24 15:37:37,208 [INFO] Sending to ptd: 'SR,A,Auto'
ptd-server 2022-07-24 15:37:37,710 [INFO] Reply from ptd: 'Range A changed'
ptd-server 2022-07-24 15:37:47,720 [INFO] Starting ranging mode
ptd-server 2022-07-24 15:37:47,721 [INFO] Sending to ptd: 'Go,1000,0,2022-07-24_15-37-19_ranging'
ptd-server 2022-07-24 15:37:47,721 [INFO] Reply from ptd: 'Starting untimed measurement, maximum 500000 samples at 1000ms with 0 rampup samples'
ptd-server 2022-07-24 15:37:47,721 [INFO] Sending reply to client 'OK'
ptd-server 2022-07-24 15:48:07,413 [INFO] Got command from the client 'session,2022-07-24_15-37-19,stop,ranging'
ptd-server 2022-07-24 15:48:17,423 [INFO] Sending to ptd: 'Stop'
ptd-server 2022-07-24 15:48:17,424 [INFO] Reply from ptd: 'Stopping untimed measurement'
ptd-server 2022-07-24 15:48:18,133 [INFO] Sending reply to client 'OK'
ptd-server 2022-07-24 15:48:18,183 [INFO] Got command from the client 'time'
ptd-server 2022-07-24 15:48:18,183 [INFO] Sending reply to client '1658674098.1837754'
ptd-server 2022-07-24 15:48:18,184 [INFO] Got command from the client 'session,2022-07-24_15-37-19,start,testing'
ptd-server 2022-07-24 15:48:18,184 [INFO] Sending to ptd: 'SR,V,249.290000'
ptd-server 2022-07-24 15:48:19,686 [INFO] Reply from ptd: 'Range V changed'
ptd-server 2022-07-24 15:48:19,686 [INFO] Sending to ptd: 'SR,A,0.054170'
ptd-server 2022-07-24 15:48:21,187 [INFO] Reply from ptd: 'Range A changed'
ptd-server 2022-07-24 15:48:31,198 [INFO] Starting testing mode
ptd-server 2022-07-24 15:48:31,198 [INFO] Sending to ptd: 'Go,1000,0,2022-07-24_15-37-19_testing'
ptd-server 2022-07-24 15:48:31,198 [INFO] Reply from ptd: 'Starting untimed measurement, maximum 500000 samples at 1000ms with 0 rampup samples'
ptd-server 2022-07-24 15:48:31,198 [INFO] Sending reply to client 'OK'
ptd-server 2022-07-24 15:58:50,794 [INFO] Got command from the client 'session,2022-07-24_15-37-19,stop,testing'
ptd-server 2022-07-24 15:59:00,805 [INFO] Sending to ptd: 'Stop'
ptd-server 2022-07-24 15:59:00,805 [INFO] Reply from ptd: 'Stopping untimed measurement'
ptd-server 2022-07-24 15:59:01,177 [INFO] Sending reply to client 'OK'
ptd-server 2022-07-24 15:59:01,185 [INFO] Got command from the client 'session,2022-07-24_15-37-19,done'
ptd-server 2022-07-24 15:59:01,186 [INFO] Sending to ptd: 'Stop'
ptd-server 2022-07-24 15:59:01,199 [INFO] Reply from ptd: 'Error: no measurement to stop'
ptd-server 2022-07-24 15:59:01,199 [INFO] Sending to ptd: 'SR,V,Auto'
ptd-server 2022-07-24 15:59:01,702 [INFO] Reply from ptd: 'Range V changed'
ptd-server 2022-07-24 15:59:01,702 [INFO] Sending to ptd: 'SR,A,0.500000'
ptd-server 2022-07-24 15:59:03,203 [INFO] Reply from ptd: 'Range A changed'
ptd-server 2022-07-24 15:59:03,204 [INFO] Set initial values for Amps 0.500000 and Volts Auto
ptd-server 2022-07-24 15:59:03,204 [INFO] Stopping ptd...
