ptd-server 2022-07-29 01:58:23,420 [INFO] Got command from the client 'time'
ptd-server 2022-07-29 01:58:23,421 [INFO] Sending reply to client '1659056303.4210553'
ptd-server 2022-07-29 01:58:23,425 [INFO] Got command from the client 'new,,889f309f-4c3f-4ad2-8a88-9bbc0f0a1e7c'
ptd-server 2022-07-29 01:58:23,425 [INFO] Sending reply to client 'OK 2022-07-29_01-58-23,6b784364-a900-4327-8ebc-cab5d0066a99'
ptd-server 2022-07-29 01:58:23,465 [INFO] Got command from the client 'time'
ptd-server 2022-07-29 01:58:23,466 [INFO] Sending reply to client '1659056303.4660966'
ptd-server 2022-07-29 01:58:23,471 [INFO] Got command from the client 'session,2022-07-29_01-58-23,start,ranging'
ptd-server 2022-07-29 01:58:23,472 [INFO] Running PTDaemon: ['/home/anton/projects/mlperf/power/inference_v1.0/ptd-linux-x86', '-l', '/tmp/tmp7lgbo8s4/ptd_logfile.txt', '-p', '8888', '49', '/dev/usbtmc0']
ptd-server 2022-07-29 01:58:40,545 [INFO] Sending to ptd: 'Hello'
ptd-server 2022-07-29 01:58:40,545 [INFO] Reply from ptd: 'Hello, PTDaemon here!'
ptd-server 2022-07-29 01:58:40,545 [INFO] Sending to ptd: 'Identify'
ptd-server 2022-07-29 01:58:40,546 [INFO] Reply from ptd: 'YokogawaWT310E,1000,1,1,1,1,0,1,1,version=1.9.2-e8c7a49a-20201208,OS=Linux 5.13.0-52-generic #59~20.04.1-Ubuntu SMP Thu Jun 16 21:21:28 UTC 2022 x86_64,mode=power,1,1,1,0,0,no_cal_date,YOKOGAWA;WT310E;C3XA04010E;F1.04'
ptd-server 2022-07-29 01:58:40,546 [INFO] Connected to PTDaemon
ptd-server 2022-07-29 01:58:40,546 [INFO] Sending to ptd: 'RR'
ptd-server 2022-07-29 01:58:40,546 [INFO] Reply from ptd: 'Ranges,0,0.500000,1,300.000000'
ptd-server 2022-07-29 01:58:40,546 [INFO] Initial range for Amps is 0.500000 for Volts is Auto
ptd-server 2022-07-29 01:58:40,547 [INFO] Sending to ptd: 'SR,V,Auto'
ptd-server 2022-07-29 01:58:41,049 [INFO] Reply from ptd: 'Range V changed'
ptd-server 2022-07-29 01:58:41,049 [INFO] Sending to ptd: 'SR,A,Auto'
ptd-server 2022-07-29 01:58:41,552 [INFO] Reply from ptd: 'Range A changed'
ptd-server 2022-07-29 01:58:51,562 [INFO] Starting ranging mode
ptd-server 2022-07-29 01:58:51,562 [INFO] Sending to ptd: 'Go,1000,0,2022-07-29_01-58-23_ranging'
ptd-server 2022-07-29 01:58:51,563 [INFO] Reply from ptd: 'Starting untimed measurement, maximum 500000 samples at 1000ms with 0 rampup samples'
ptd-server 2022-07-29 01:58:51,563 [INFO] Sending reply to client 'OK'
ptd-server 2022-07-29 02:09:08,623 [INFO] Got command from the client 'session,2022-07-29_01-58-23,stop,ranging'
ptd-server 2022-07-29 02:09:18,633 [INFO] Sending to ptd: 'Stop'
ptd-server 2022-07-29 02:09:18,634 [INFO] Reply from ptd: 'Stopping untimed measurement'
ptd-server 2022-07-29 02:09:19,780 [INFO] Sending reply to client 'OK'
ptd-server 2022-07-29 02:09:19,847 [INFO] Got command from the client 'time'
ptd-server 2022-07-29 02:09:19,847 [INFO] Sending reply to client '1659056959.847534'
ptd-server 2022-07-29 02:09:19,854 [INFO] Got command from the client 'session,2022-07-29_01-58-23,start,testing'
ptd-server 2022-07-29 02:09:19,854 [INFO] Sending to ptd: 'SR,V,250.440000'
ptd-server 2022-07-29 02:09:21,355 [INFO] Reply from ptd: 'Range V changed'
ptd-server 2022-07-29 02:09:21,355 [INFO] Sending to ptd: 'SR,A,0.059970'
ptd-server 2022-07-29 02:09:22,857 [INFO] Reply from ptd: 'Range A changed'
ptd-server 2022-07-29 02:09:32,867 [INFO] Starting testing mode
ptd-server 2022-07-29 02:09:32,867 [INFO] Sending to ptd: 'Go,1000,0,2022-07-29_01-58-23_testing'
ptd-server 2022-07-29 02:09:32,868 [INFO] Reply from ptd: 'Starting untimed measurement, maximum 500000 samples at 1000ms with 0 rampup samples'
ptd-server 2022-07-29 02:09:32,868 [INFO] Sending reply to client 'OK'
ptd-server 2022-07-29 02:19:50,074 [INFO] Got command from the client 'session,2022-07-29_01-58-23,stop,testing'
ptd-server 2022-07-29 02:20:00,085 [INFO] Sending to ptd: 'Stop'
ptd-server 2022-07-29 02:20:00,085 [INFO] Reply from ptd: 'Stopping untimed measurement'
ptd-server 2022-07-29 02:20:00,664 [INFO] Sending reply to client 'OK'
ptd-server 2022-07-29 02:20:00,687 [INFO] Got command from the client 'session,2022-07-29_01-58-23,done'
ptd-server 2022-07-29 02:20:00,687 [INFO] Sending to ptd: 'Stop'
ptd-server 2022-07-29 02:20:00,869 [INFO] Reply from ptd: 'Error: no measurement to stop'
ptd-server 2022-07-29 02:20:00,869 [INFO] Sending to ptd: 'SR,V,Auto'
ptd-server 2022-07-29 02:20:01,371 [INFO] Reply from ptd: 'Range V changed'
ptd-server 2022-07-29 02:20:01,372 [INFO] Sending to ptd: 'SR,A,0.500000'
ptd-server 2022-07-29 02:20:02,873 [INFO] Reply from ptd: 'Range A changed'
ptd-server 2022-07-29 02:20:02,873 [INFO] Set initial values for Amps 0.500000 and Volts Auto
ptd-server 2022-07-29 02:20:02,873 [INFO] Stopping ptd...
