ptd-server 2022-07-20 07:24:59,527 [INFO] Got command from the client 'time'
ptd-server 2022-07-20 07:24:59,527 [INFO] Sending reply to client '1658298299.5278237'
ptd-server 2022-07-20 07:24:59,532 [INFO] Got command from the client 'new,,124e0109-e00b-4093-8170-253e87630207'
ptd-server 2022-07-20 07:24:59,532 [INFO] Sending reply to client 'OK 2022-07-20_07-24-59,bde13571-02aa-446b-adaf-a92a423330b2'
ptd-server 2022-07-20 07:24:59,605 [INFO] Got command from the client 'time'
ptd-server 2022-07-20 07:24:59,605 [INFO] Sending reply to client '1658298299.6054828'
ptd-server 2022-07-20 07:24:59,609 [INFO] Got command from the client 'session,2022-07-20_07-24-59,start,ranging'
ptd-server 2022-07-20 07:24:59,610 [INFO] Running PTDaemon: ['/home/anton/projects/mlperf/power/inference_v1.0/ptd-linux-x86', '-l', '/tmp/tmp7lgbo8s4/ptd_logfile.txt', '-p', '8888', '49', '/dev/usbtmc0']
ptd-server 2022-07-20 07:25:16,784 [INFO] Sending to ptd: 'Hello'
ptd-server 2022-07-20 07:25:16,784 [INFO] Reply from ptd: 'Hello, PTDaemon here!'
ptd-server 2022-07-20 07:25:16,784 [INFO] Sending to ptd: 'Identify'
ptd-server 2022-07-20 07:25:16,785 [INFO] Reply from ptd: 'YokogawaWT310E,1000,1,1,1,1,0,1,1,version=1.9.2-e8c7a49a-20201208,OS=Linux 5.13.0-52-generic #59~20.04.1-Ubuntu SMP Thu Jun 16 21:21:28 UTC 2022 x86_64,mode=power,1,1,1,0,0,no_cal_date,YOKOGAWA;WT310E;C3XA04010E;F1.04'
ptd-server 2022-07-20 07:25:16,785 [INFO] Connected to PTDaemon
ptd-server 2022-07-20 07:25:16,785 [INFO] Sending to ptd: 'RR'
ptd-server 2022-07-20 07:25:16,785 [INFO] Reply from ptd: 'Ranges,0,0.500000,1,300.000000'
ptd-server 2022-07-20 07:25:16,785 [INFO] Initial range for Amps is 0.500000 for Volts is Auto
ptd-server 2022-07-20 07:25:16,786 [INFO] Sending to ptd: 'SR,V,Auto'
ptd-server 2022-07-20 07:25:17,288 [INFO] Reply from ptd: 'Range V changed'
ptd-server 2022-07-20 07:25:17,288 [INFO] Sending to ptd: 'SR,A,Auto'
ptd-server 2022-07-20 07:25:17,791 [INFO] Reply from ptd: 'Range A changed'
ptd-server 2022-07-20 07:25:27,801 [INFO] Starting ranging mode
ptd-server 2022-07-20 07:25:27,801 [INFO] Sending to ptd: 'Go,1000,0,2022-07-20_07-24-59_ranging'
ptd-server 2022-07-20 07:25:27,802 [INFO] Reply from ptd: 'Starting untimed measurement, maximum 500000 samples at 1000ms with 0 rampup samples'
ptd-server 2022-07-20 07:25:27,802 [INFO] Sending reply to client 'OK'
ptd-server 2022-07-20 07:35:45,956 [INFO] Got command from the client 'session,2022-07-20_07-24-59,stop,ranging'
ptd-server 2022-07-20 07:35:55,967 [INFO] Sending to ptd: 'Stop'
ptd-server 2022-07-20 07:35:55,967 [INFO] Reply from ptd: 'Stopping untimed measurement'
ptd-server 2022-07-20 07:35:56,155 [INFO] Sending reply to client 'OK'
ptd-server 2022-07-20 07:35:56,317 [INFO] Got command from the client 'time'
ptd-server 2022-07-20 07:35:56,317 [INFO] Sending reply to client '1658298956.3178446'
ptd-server 2022-07-20 07:35:56,322 [INFO] Got command from the client 'session,2022-07-20_07-24-59,start,testing'
ptd-server 2022-07-20 07:35:56,322 [INFO] Sending to ptd: 'SR,V,249.140000'
ptd-server 2022-07-20 07:35:58,304 [INFO] Reply from ptd: 'Range V changed'
ptd-server 2022-07-20 07:35:58,304 [INFO] Sending to ptd: 'SR,A,0.088100'
ptd-server 2022-07-20 07:35:59,805 [INFO] Reply from ptd: 'Range A changed'
ptd-server 2022-07-20 07:36:09,816 [INFO] Starting testing mode
ptd-server 2022-07-20 07:36:09,816 [INFO] Sending to ptd: 'Go,1000,0,2022-07-20_07-24-59_testing'
ptd-server 2022-07-20 07:36:09,816 [INFO] Reply from ptd: 'Starting untimed measurement, maximum 500000 samples at 1000ms with 0 rampup samples'
ptd-server 2022-07-20 07:36:09,816 [INFO] Sending reply to client 'OK'
ptd-server 2022-07-20 07:46:28,158 [INFO] Got command from the client 'session,2022-07-20_07-24-59,stop,testing'
ptd-server 2022-07-20 07:46:38,169 [INFO] Sending to ptd: 'Stop'
ptd-server 2022-07-20 07:46:38,169 [INFO] Reply from ptd: 'Stopping untimed measurement'
ptd-server 2022-07-20 07:46:38,275 [INFO] Sending reply to client 'OK'
ptd-server 2022-07-20 07:46:38,406 [INFO] Got command from the client 'session,2022-07-20_07-24-59,done'
ptd-server 2022-07-20 07:46:38,406 [INFO] Sending to ptd: 'Stop'
ptd-server 2022-07-20 07:46:38,816 [INFO] Reply from ptd: 'Error: no measurement to stop'
ptd-server 2022-07-20 07:46:38,816 [INFO] Sending to ptd: 'SR,V,Auto'
ptd-server 2022-07-20 07:46:39,319 [INFO] Reply from ptd: 'Range V changed'
ptd-server 2022-07-20 07:46:39,319 [INFO] Sending to ptd: 'SR,A,0.500000'
ptd-server 2022-07-20 07:46:40,820 [INFO] Reply from ptd: 'Range A changed'
ptd-server 2022-07-20 07:46:40,821 [INFO] Set initial values for Amps 0.500000 and Volts Auto
ptd-server 2022-07-20 07:46:40,821 [INFO] Stopping ptd...
