client 2022-08-03 11:52:44,567 [INFO] Sending command to the server: 'mlcommons/power client v3'
client 2022-08-03 11:52:44,579 [INFO] Got response: 'mlcommons/power server v3'
client 2022-08-03 11:52:44,579 [INFO] Sending command to the server: 'stop'
client 2022-08-03 11:52:44,581 [INFO] Got response: 'OK'
client 2022-08-03 11:52:44,581 [INFO] Synchronizing with the server and with ib-01.dc4-in.nvidia.com...
client 2022-08-03 11:52:44,790 [INFO] NTP:offset = 0.001 s, delay = 0.204 s 
client 2022-08-03 11:52:44,791 [INFO] Sending command to the server: 'time'
client 2022-08-03 11:52:44,792 [INFO] Got response: '1659527564.779925'
client 2022-08-03 11:52:44,792 [INFO] The time difference between the client and the server is within range 11.212 ms..12.871 ms
client 2022-08-03 11:52:44,793 [INFO] Sending command to the server: 'new,,f9eb3d35-b5d6-4132-9e89-3a0b82eb329f'
client 2022-08-03 11:52:44,798 [INFO] Got response: 'OK 2022-08-03_04-52-44,b4931c47-f0ed-4a94-89fa-084d40859ffa'
client 2022-08-03 11:52:44,798 [INFO] Session id is '2022-08-03_04-52-44'
client 2022-08-03 11:52:44,798 [INFO] Sources: {"sources": {"__init__.py": "da39a3ee5e6b4b0d3255bfef95601890afd80709", "client.py": "33ca4f26368777ac06e01f9567b714a4b8063886", "lib/__init__.py": "da39a3ee5e6b4b0d3255bfef95601890afd80709", "lib/client.py": "4c2b78fb4849a7e5b584ef792d82aaed20b17f57", "lib/common.py": "624d0c0acc7c39aaff3674f0b99d6a09da53d1dc", "lib/external/__init__.py": "da39a3ee5e6b4b0d3255bfef95601890afd80709", "lib/external/ntplib.py": "4da8f970656505a40483206ef2b5d3dd5e81711d", "lib/server.py": "59c9fb92908260d3e9f81a895c7aa009742275e4", "lib/source_hashes.py": "60a2e02193209e8d392803326208d5466342da18", "lib/summary.py": "aa92f0a3f975eecd44d3c0cd0236342ccc9f941d", "lib/time_sync.py": "3210db56eb0ff0df57bf4293dc4d4b03fffd46f1", "server.py": "c3f90f2f7eeb4db30727556d0c815ebc89b3d28b", "tests/unit/__init__.py": "da39a3ee5e6b4b0d3255bfef95601890afd80709", "tests/unit/test_server.py": "99ae15aef722f2000ee6ed1ae1523637bf1ae42b", "tests/unit/test_source_hashes.py": "00468a2907583c593e6574a1f6b404e4651c221a"}, "modules": {"ptd_client_server.lib.client": "lib/client.py", "ptd_client_server.lib.common": "lib/common.py", "ptd_client_server.lib.external.ntplib": "lib/external/ntplib.py", "ptd_client_server.lib.source_hashes": "lib/source_hashes.py", "ptd_client_server.lib.summary": "lib/summary.py", "ptd_client_server.lib.time_sync": "lib/time_sync.py"}}
client 2022-08-03 11:52:44,801 [INFO] Running workload in ranging mode
client 2022-08-03 11:52:44,801 [INFO] Synchronizing with the server and with ib-01.dc4-in.nvidia.com...
client 2022-08-03 11:52:45,005 [INFO] NTP:offset = 0.001 s, delay = 0.202 s 
client 2022-08-03 11:52:45,005 [INFO] Sending command to the server: 'time'
client 2022-08-03 11:52:45,007 [INFO] Got response: '1659527564.9986258'
client 2022-08-03 11:52:45,007 [INFO] The time difference between the client and the server is within range 6.948 ms..8.648 ms
client 2022-08-03 11:52:45,007 [INFO] Sending command to the server: 'session,2022-08-03_04-52-44,start,ranging'
client 2022-08-03 11:53:25,701 [INFO] Got response: 'OK'
client 2022-08-03 11:53:25,701 [INFO] Running the workload 'LOG_DIR=/work/build/power_logs_temp python3 -m code.main_v2 --benchmarks=retinanet --scenarios=Offline --test_mode=PerformanceOnly --config_ver=maxq --action="run_harness" \\\n\t\t2>&1 | tee -a /work/build/power_logs/2022.08.03-11.51.56/stdout.txt \\\n\t\t&& if [ ! -d /work/build/power_logs/2022.08.03-11.51.56/ranging_tmp ]; \\\n\t\t\tthen mkdir /work/build/power_logs/2022.08.03-11.51.56/ranging_tmp \\\n\t\t\t\t&& mv /work/build/power_logs_temp/* /work/build/power_logs/2022.08.03-11.51.56/ranging_tmp/ \\\n\t\t\t\t&& cp -v /work/build/power_logs/2022.08.03-11.51.56/ranging_tmp/*/*/*/mlperf_log_detail.txt /work/build/power_logs_temp/ \\\n\t\t\t\t&& cp -v /work/build/power_logs/2022.08.03-11.51.56/ranging_tmp/*/*/*/mlperf_log_summary.txt /work/build/power_logs_temp/; \\\n\t\t\telse mkdir /work/build/power_logs/2022.08.03-11.51.56/testing_tmp \\\n\t\t\t\t&& mv /work/build/power_logs_temp/* /work/build/power_logs/2022.08.03-11.51.56/testing_tmp/ \\\n\t\t\t\t&& cp -v /work/build/power_logs/2022.08.03-11.51.56/testing_tmp/*/*/*/mlperf_log_detail.txt /work/build/power_logs_temp/ \\\n\t\t\t\t&& cp -v /work/build/power_logs/2022.08.03-11.51.56/testing_tmp/*/*/*/mlperf_log_summary.txt /work/build/power_logs_temp/; fi'
client 2022-08-03 12:04:55,697 [INFO] Sending command to the server: 'session,2022-08-03_04-52-44,stop,ranging'
client 2022-08-03 12:05:05,780 [INFO] Got response: 'OK'
client 2022-08-03 12:05:05,793 [INFO] Copying loadgen logs from '/work/build/power_logs_temp' to '/work/build/power_logs/2022.08.03-11.51.56/2022-08-03_04-52-44/ranging'
client 2022-08-03 12:05:05,808 [INFO] Running workload in testing mode
client 2022-08-03 12:05:05,808 [INFO] Synchronizing with the server and with ib-01.dc4-in.nvidia.com...
client 2022-08-03 12:05:06,011 [INFO] NTP:offset = 0.000 s, delay = 0.201 s 
client 2022-08-03 12:05:06,011 [INFO] Sending command to the server: 'time'
client 2022-08-03 12:05:06,013 [INFO] Got response: '1659528306.0032206'
client 2022-08-03 12:05:06,013 [INFO] The time difference between the client and the server is within range 8.599 ms..10.283 ms
client 2022-08-03 12:05:06,013 [INFO] Sending command to the server: 'session,2022-08-03_04-52-44,start,testing'
client 2022-08-03 12:05:28,406 [INFO] Got response: 'OK'
client 2022-08-03 12:05:28,406 [INFO] Running the workload 'LOG_DIR=/work/build/power_logs_temp python3 -m code.main_v2 --benchmarks=retinanet --scenarios=Offline --test_mode=PerformanceOnly --config_ver=maxq --action="run_harness" \\\n\t\t2>&1 | tee -a /work/build/power_logs/2022.08.03-11.51.56/stdout.txt \\\n\t\t&& if [ ! -d /work/build/power_logs/2022.08.03-11.51.56/ranging_tmp ]; \\\n\t\t\tthen mkdir /work/build/power_logs/2022.08.03-11.51.56/ranging_tmp \\\n\t\t\t\t&& mv /work/build/power_logs_temp/* /work/build/power_logs/2022.08.03-11.51.56/ranging_tmp/ \\\n\t\t\t\t&& cp -v /work/build/power_logs/2022.08.03-11.51.56/ranging_tmp/*/*/*/mlperf_log_detail.txt /work/build/power_logs_temp/ \\\n\t\t\t\t&& cp -v /work/build/power_logs/2022.08.03-11.51.56/ranging_tmp/*/*/*/mlperf_log_summary.txt /work/build/power_logs_temp/; \\\n\t\t\telse mkdir /work/build/power_logs/2022.08.03-11.51.56/testing_tmp \\\n\t\t\t\t&& mv /work/build/power_logs_temp/* /work/build/power_logs/2022.08.03-11.51.56/testing_tmp/ \\\n\t\t\t\t&& cp -v /work/build/power_logs/2022.08.03-11.51.56/testing_tmp/*/*/*/mlperf_log_detail.txt /work/build/power_logs_temp/ \\\n\t\t\t\t&& cp -v /work/build/power_logs/2022.08.03-11.51.56/testing_tmp/*/*/*/mlperf_log_summary.txt /work/build/power_logs_temp/; fi'
client 2022-08-03 12:16:59,040 [INFO] Sending command to the server: 'session,2022-08-03_04-52-44,stop,testing'
client 2022-08-03 12:17:09,083 [INFO] Got response: 'OK'
client 2022-08-03 12:17:09,091 [INFO] Copying loadgen logs from '/work/build/power_logs_temp' to '/work/build/power_logs/2022.08.03-11.51.56/2022-08-03_04-52-44/run_1'
client 2022-08-03 12:17:09,106 [INFO] Done runs
