ptd-server 2022-08-03 04:52:44,576 [INFO] Got command from the client 'stop'
ptd-server 2022-08-03 04:52:44,576 [INFO] The server will be stopped after processing this client
ptd-server 2022-08-03 04:52:44,576 [INFO] Sending reply to client 'OK'
ptd-server 2022-08-03 04:52:44,779 [INFO] Got command from the client 'time'
ptd-server 2022-08-03 04:52:44,779 [INFO] Sending reply to client '1659527564.779925'
ptd-server 2022-08-03 04:52:44,779 [INFO] Got command from the client 'new,,f9eb3d35-b5d6-4132-9e89-3a0b82eb329f'
ptd-server 2022-08-03 04:52:44,795 [INFO] Sending reply to client 'OK 2022-08-03_04-52-44,b4931c47-f0ed-4a94-89fa-084d40859ffa'
ptd-server 2022-08-03 04:52:44,998 [INFO] Got command from the client 'time'
ptd-server 2022-08-03 04:52:44,998 [INFO] Sending reply to client '1659527564.9986258'
ptd-server 2022-08-03 04:52:44,998 [INFO] Got command from the client 'session,2022-08-03_04-52-44,start,ranging'
ptd-server 2022-08-03 04:52:45,107 [INFO] Running PTDaemon: ['C:\\PTD\\ptd-windows-x86.exe', '-l', 'C:\\Users\\lab\\AppData\\Local\\Temp\\tmpesg54hi4\\ptd_logfile.txt', '-p', '8888', '-c', '1,3', '-y', '77', '10.117.41.199']
ptd-server 2022-08-03 04:53:05,509 [INFO] Sending to ptd: 'Hello'
ptd-server 2022-08-03 04:53:05,509 [INFO] Reply from ptd: 'Hello, PTDaemon here!'
ptd-server 2022-08-03 04:53:05,509 [INFO] Sending to ptd: 'Identify'
ptd-server 2022-08-03 04:53:05,509 [INFO] Reply from ptd: 'YokogawaWT330_multichannel,1000,1,1,1,1,0,0,1,version=1.9.2-3976349f-20201208,OS=Windows 8 / Server 2012,mode=power,1,1,2,0,0,no_cal_date,YOKOGAWA;WT333E;C2WL21011V;F1.04'
ptd-server 2022-08-03 04:53:05,509 [INFO] Connected to PTDaemon
ptd-server 2022-08-03 04:53:05,509 [INFO] Sending to ptd: 'RR'
ptd-server 2022-08-03 04:53:05,509 [INFO] Reply from ptd: 'Ranges,1,2.000000,0,300.000000'
ptd-server 2022-08-03 04:53:05,509 [INFO] Initial range for Amps is Auto for Volts is 300.000000
ptd-server 2022-08-03 04:53:05,509 [INFO] Sending to ptd: 'SR,V,Auto'
ptd-server 2022-08-03 04:53:10,586 [INFO] Reply from ptd: 'Range V changed'
ptd-server 2022-08-03 04:53:10,586 [INFO] Sending to ptd: 'SR,A,Auto'
ptd-server 2022-08-03 04:53:15,663 [INFO] Reply from ptd: 'Range A changed'
ptd-server 2022-08-03 04:53:25,676 [INFO] Starting ranging mode
ptd-server 2022-08-03 04:53:25,692 [INFO] Sending to ptd: 'Go,1000,0,2022-08-03_04-52-44_ranging'
ptd-server 2022-08-03 04:53:25,692 [INFO] Reply from ptd: 'Starting untimed measurement, maximum 500000 samples at 1000ms with 0 rampup samples'
ptd-server 2022-08-03 04:53:25,692 [INFO] Sending reply to client 'OK'
ptd-server 2022-08-03 05:04:55,693 [INFO] Got command from the client 'session,2022-08-03_04-52-44,stop,ranging'
ptd-server 2022-08-03 05:05:05,706 [INFO] Sending to ptd: 'Stop'
ptd-server 2022-08-03 05:05:05,706 [INFO] Reply from ptd: 'Stopping untimed measurement'
ptd-server 2022-08-03 05:05:05,768 [INFO] Sending reply to client 'OK'
ptd-server 2022-08-03 05:05:06,003 [INFO] Got command from the client 'time'
ptd-server 2022-08-03 05:05:06,003 [INFO] Sending reply to client '1659528306.0032206'
ptd-server 2022-08-03 05:05:06,003 [INFO] Got command from the client 'session,2022-08-03_04-52-44,start,testing'
ptd-server 2022-08-03 05:05:06,003 [INFO] Sending to ptd: 'SR,V,205.830000'
ptd-server 2022-08-03 05:05:12,798 [INFO] Reply from ptd: 'Range V changed'
ptd-server 2022-08-03 05:05:12,798 [INFO] Sending to ptd: 'SR,A,3.965700'
ptd-server 2022-08-03 05:05:18,391 [INFO] Reply from ptd: 'Range A changed'
ptd-server 2022-08-03 05:05:28,404 [INFO] Starting testing mode
ptd-server 2022-08-03 05:05:28,404 [INFO] Sending to ptd: 'Go,1000,0,2022-08-03_04-52-44_testing'
ptd-server 2022-08-03 05:05:28,404 [INFO] Reply from ptd: 'Starting untimed measurement, maximum 500000 samples at 1000ms with 0 rampup samples'
ptd-server 2022-08-03 05:05:28,404 [INFO] Sending reply to client 'OK'
ptd-server 2022-08-03 05:16:59,028 [INFO] Got command from the client 'session,2022-08-03_04-52-44,stop,testing'
ptd-server 2022-08-03 05:17:09,057 [INFO] Sending to ptd: 'Stop'
ptd-server 2022-08-03 05:17:09,057 [INFO] Reply from ptd: 'Stopping untimed measurement'
ptd-server 2022-08-03 05:17:09,073 [INFO] Sending reply to client 'OK'
ptd-server 2022-08-03 05:17:09,135 [INFO] Got command from the client 'session,2022-08-03_04-52-44,done'
ptd-server 2022-08-03 05:17:09,135 [INFO] Sending to ptd: 'Stop'
ptd-server 2022-08-03 05:17:09,416 [INFO] Reply from ptd: 'Error: no measurement to stop'
ptd-server 2022-08-03 05:17:09,416 [INFO] Sending to ptd: 'SR,V,300.000000'
ptd-server 2022-08-03 05:17:15,509 [INFO] Reply from ptd: 'Range V changed'
ptd-server 2022-08-03 05:17:15,509 [INFO] Sending to ptd: 'SR,A,Auto'
ptd-server 2022-08-03 05:17:20,617 [INFO] Reply from ptd: 'Range A changed'
ptd-server 2022-08-03 05:17:20,617 [INFO] Set initial values for Amps Auto and Volts 300.000000
ptd-server 2022-08-03 05:17:20,617 [INFO] Stopping ptd...
