ptd-server 2022-07-29 20:38:22,321 [INFO] Got command from the client 'stop'
ptd-server 2022-07-29 20:38:22,321 [INFO] The server will be stopped after processing this client
ptd-server 2022-07-29 20:38:22,321 [INFO] Sending reply to client 'OK'
ptd-server 2022-07-29 20:38:22,540 [INFO] Got command from the client 'time'
ptd-server 2022-07-29 20:38:22,540 [INFO] Sending reply to client '1659152302.540325'
ptd-server 2022-07-29 20:38:22,540 [INFO] Got command from the client 'new,,9faf0ffc-f16d-4900-8631-e0eacae8f681'
ptd-server 2022-07-29 20:38:22,540 [INFO] Sending reply to client 'OK 2022-07-29_20-38-22,9c6acd59-b84b-431e-9a31-3a52fbd580cb'
ptd-server 2022-07-29 20:38:22,759 [INFO] Got command from the client 'time'
ptd-server 2022-07-29 20:38:22,759 [INFO] Sending reply to client '1659152302.7590222'
ptd-server 2022-07-29 20:38:22,759 [INFO] Got command from the client 'session,2022-07-29_20-38-22,start,ranging'
ptd-server 2022-07-29 20:38:22,868 [INFO] Running PTDaemon: ['C:\\PTD\\ptd-windows-x86.exe', '-l', 'C:\\Users\\lab\\AppData\\Local\\Temp\\tmpghpmxhnz\\ptd_logfile.txt', '-p', '8888', '-c', '1', '-y', '52', '10.116.21.204']
ptd-server 2022-07-29 20:38:41,567 [INFO] Sending to ptd: 'Hello'
ptd-server 2022-07-29 20:38:41,567 [INFO] Reply from ptd: 'Hello, PTDaemon here!'
ptd-server 2022-07-29 20:38:41,567 [INFO] Sending to ptd: 'Identify'
ptd-server 2022-07-29 20:38:41,567 [INFO] Reply from ptd: 'YokogawaWT330E,1000,1,1,1,1,0,0,1,version=1.9.2-3976349f-20201208,OS=Windows 8 / Server 2012,mode=power,1,1,1,0,0,no_cal_date,YOKOGAWA;WT333E;C2VL22012V;F1.04'
ptd-server 2022-07-29 20:38:41,567 [INFO] Connected to PTDaemon
ptd-server 2022-07-29 20:38:41,567 [INFO] Sending to ptd: 'RR'
ptd-server 2022-07-29 20:38:41,567 [INFO] Reply from ptd: 'Ranges,0,1.000000,0,150.000000'
ptd-server 2022-07-29 20:38:41,567 [INFO] Initial range for Amps is 1.000000 for Volts is 150.000000
ptd-server 2022-07-29 20:38:41,567 [INFO] Sending to ptd: 'SR,V,Auto'
ptd-server 2022-07-29 20:38:42,082 [INFO] Reply from ptd: 'Range V changed'
ptd-server 2022-07-29 20:38:42,082 [INFO] Sending to ptd: 'SR,A,Auto'
ptd-server 2022-07-29 20:38:42,598 [INFO] Reply from ptd: 'Range A changed'
ptd-server 2022-07-29 20:38:52,611 [INFO] Starting ranging mode
ptd-server 2022-07-29 20:38:52,611 [INFO] Sending to ptd: 'Go,1000,0,2022-07-29_20-38-22_ranging'
ptd-server 2022-07-29 20:38:52,611 [INFO] Reply from ptd: 'Starting untimed measurement, maximum 500000 samples at 1000ms with 0 rampup samples'
ptd-server 2022-07-29 20:38:52,611 [INFO] Sending reply to client 'OK'
ptd-server 2022-07-29 20:57:08,753 [INFO] Got command from the client 'session,2022-07-29_20-38-22,stop,ranging'
ptd-server 2022-07-29 20:57:18,767 [INFO] Sending to ptd: 'Stop'
ptd-server 2022-07-29 20:57:18,767 [INFO] Reply from ptd: 'Stopping untimed measurement'
ptd-server 2022-07-29 20:57:18,798 [INFO] Sending reply to client 'OK'
ptd-server 2022-07-29 20:57:19,063 [INFO] Got command from the client 'time'
ptd-server 2022-07-29 20:57:19,079 [INFO] Sending reply to client '1659153439.0796053'
ptd-server 2022-07-29 20:57:19,079 [INFO] Got command from the client 'session,2022-07-29_20-38-22,start,testing'
ptd-server 2022-07-29 20:57:19,079 [INFO] Sending to ptd: 'SR,V,206.850000'
ptd-server 2022-07-29 20:57:21,157 [INFO] Reply from ptd: 'Range V changed'
ptd-server 2022-07-29 20:57:21,157 [INFO] Sending to ptd: 'SR,A,0.395600'
ptd-server 2022-07-29 20:57:22,688 [INFO] Reply from ptd: 'Range A changed'
ptd-server 2022-07-29 20:57:32,701 [INFO] Starting testing mode
ptd-server 2022-07-29 20:57:32,701 [INFO] Sending to ptd: 'Go,1000,0,2022-07-29_20-38-22_testing'
ptd-server 2022-07-29 20:57:32,716 [INFO] Reply from ptd: 'Starting untimed measurement, maximum 500000 samples at 1000ms with 0 rampup samples'
ptd-server 2022-07-29 20:57:32,716 [INFO] Sending reply to client 'OK'
ptd-server 2022-07-29 21:15:16,117 [INFO] Got command from the client 'session,2022-07-29_20-38-22,stop,testing'
ptd-server 2022-07-29 21:15:26,130 [INFO] Sending to ptd: 'Stop'
ptd-server 2022-07-29 21:15:26,130 [INFO] Reply from ptd: 'Stopping untimed measurement'
ptd-server 2022-07-29 21:15:26,145 [INFO] Sending reply to client 'OK'
ptd-server 2022-07-29 21:15:26,255 [INFO] Got command from the client 'session,2022-07-29_20-38-22,done'
ptd-server 2022-07-29 21:15:26,255 [INFO] Sending to ptd: 'Stop'
ptd-server 2022-07-29 21:15:26,723 [INFO] Reply from ptd: 'Error: no measurement to stop'
ptd-server 2022-07-29 21:15:26,723 [INFO] Sending to ptd: 'SR,V,150.000000'
ptd-server 2022-07-29 21:15:28,254 [INFO] Reply from ptd: 'Range V changed'
ptd-server 2022-07-29 21:15:28,254 [INFO] Sending to ptd: 'SR,A,1.000000'
ptd-server 2022-07-29 21:15:29,785 [INFO] Reply from ptd: 'Range A changed'
ptd-server 2022-07-29 21:15:29,785 [INFO] Set initial values for Amps 1.000000 and Volts 150.000000
ptd-server 2022-07-29 21:15:29,785 [INFO] Stopping ptd...
