ptd-server 2022-08-01 03:42:33,406 [INFO] Got command from the client 'stop'
ptd-server 2022-08-01 03:42:33,406 [INFO] The server will be stopped after processing this client
ptd-server 2022-08-01 03:42:33,407 [INFO] Sending reply to client 'OK'
ptd-server 2022-08-01 03:42:33,412 [INFO] Got command from the client 'time'
ptd-server 2022-08-01 03:42:33,412 [INFO] Sending reply to client '1659350553.4126163'
ptd-server 2022-08-01 03:42:33,414 [INFO] Got command from the client 'new,,d899ae42-5997-43c8-9a5c-6b98b238e6a1'
ptd-server 2022-08-01 03:42:33,415 [INFO] Sending reply to client 'OK 2022-08-01_03-42-33,fbe8910b-d3fd-47b7-beba-ae2430e91da4'
ptd-server 2022-08-01 03:42:33,418 [INFO] Got command from the client 'time'
ptd-server 2022-08-01 03:42:33,418 [INFO] Sending reply to client '1659350553.41859'
ptd-server 2022-08-01 03:42:33,420 [INFO] Got command from the client 'session,2022-08-01_03-42-33,start,ranging'
ptd-server 2022-08-01 03:42:33,521 [INFO] Running PTDaemon: ['C:\\PTD\\ptd-windows-x86.exe', '-l', 'C:\\Users\\Administrator\\AppData\\Local\\Temp\\tmphj6h2f10\\ptd_logfile.txt', '-p', '8888', '-g', '49', '1']
ptd-server 2022-08-01 03:42:51,062 [INFO] Sending to ptd: 'Hello'
ptd-server 2022-08-01 03:42:51,063 [INFO] Reply from ptd: 'Hello, PTDaemon here!'
ptd-server 2022-08-01 03:42:51,065 [INFO] Sending to ptd: 'Identify'
ptd-server 2022-08-01 03:42:51,066 [INFO] Reply from ptd: 'YokogawaWT310E,1000,1,1,1,1,0,1,1,version=1.9.2-3976349f-20201208,OS=Windows 8 / Server 2012,mode=power,1,1,1,0,0,no_cal_date,YOKOGAWA;WT310EH;C3XF27015E;F1.04'
ptd-server 2022-08-01 03:42:51,067 [INFO] Connected to PTDaemon
ptd-server 2022-08-01 03:42:51,068 [INFO] Sending to ptd: 'RR'
ptd-server 2022-08-01 03:42:51,069 [INFO] Reply from ptd: 'Ranges,1,5.000000,1,300.000000'
ptd-server 2022-08-01 03:42:51,070 [INFO] Initial range for Amps is Auto for Volts is Auto
ptd-server 2022-08-01 03:42:51,070 [INFO] Sending to ptd: 'SR,V,Auto'
ptd-server 2022-08-01 03:42:51,579 [INFO] Reply from ptd: 'Range V changed'
ptd-server 2022-08-01 03:42:51,580 [INFO] Sending to ptd: 'SR,A,Auto'
ptd-server 2022-08-01 03:42:52,088 [INFO] Reply from ptd: 'Range A changed'
ptd-server 2022-08-01 03:43:02,090 [INFO] Starting ranging mode
ptd-server 2022-08-01 03:43:02,090 [INFO] Sending to ptd: 'Go,1000,0,2022-08-01_03-42-33_ranging'
ptd-server 2022-08-01 03:43:02,092 [INFO] Reply from ptd: 'Starting untimed measurement, maximum 500000 samples at 1000ms with 0 rampup samples'
ptd-server 2022-08-01 03:43:02,093 [INFO] Sending reply to client 'OK'
ptd-server 2022-08-01 05:40:23,031 [INFO] Got command from the client 'session,2022-08-01_03-42-33,stop,ranging'
ptd-server 2022-08-01 05:40:33,032 [INFO] Sending to ptd: 'Stop'
ptd-server 2022-08-01 05:40:33,034 [INFO] Reply from ptd: 'Stopping untimed measurement'
ptd-server 2022-08-01 05:40:33,146 [INFO] Sending reply to client 'OK'
ptd-server 2022-08-01 05:40:33,161 [INFO] Got command from the client 'time'
ptd-server 2022-08-01 05:40:33,161 [INFO] Sending reply to client '1659357633.161397'
ptd-server 2022-08-01 05:40:33,162 [INFO] Got command from the client 'session,2022-08-01_03-42-33,start,testing'
ptd-server 2022-08-01 05:40:33,163 [INFO] Sending to ptd: 'SR,V,242.080000'
ptd-server 2022-08-01 05:40:34,671 [INFO] Reply from ptd: 'Range V changed'
ptd-server 2022-08-01 05:40:34,672 [INFO] Sending to ptd: 'SR,A,3.883800'
ptd-server 2022-08-01 05:40:36,181 [INFO] Reply from ptd: 'Range A changed'
ptd-server 2022-08-01 05:40:46,183 [INFO] Starting testing mode
ptd-server 2022-08-01 05:40:46,184 [INFO] Sending to ptd: 'Go,1000,0,2022-08-01_03-42-33_testing'
ptd-server 2022-08-01 05:40:46,185 [INFO] Reply from ptd: 'Starting untimed measurement, maximum 500000 samples at 1000ms with 0 rampup samples'
ptd-server 2022-08-01 05:40:46,186 [INFO] Sending reply to client 'OK'
ptd-server 2022-08-01 07:38:09,848 [INFO] Got command from the client 'session,2022-08-01_03-42-33,stop,testing'
ptd-server 2022-08-01 07:38:19,850 [INFO] Sending to ptd: 'Stop'
ptd-server 2022-08-01 07:38:19,851 [INFO] Reply from ptd: 'Stopping untimed measurement'
ptd-server 2022-08-01 07:38:19,912 [INFO] Sending reply to client 'OK'
ptd-server 2022-08-01 07:38:19,919 [INFO] Got command from the client 'session,2022-08-01_03-42-33,done'
ptd-server 2022-08-01 07:38:19,919 [INFO] Sending to ptd: 'Stop'
ptd-server 2022-08-01 07:38:20,187 [INFO] Reply from ptd: 'Error: no measurement to stop'
ptd-server 2022-08-01 07:38:20,188 [INFO] Sending to ptd: 'SR,V,Auto'
ptd-server 2022-08-01 07:38:20,695 [INFO] Reply from ptd: 'Range V changed'
ptd-server 2022-08-01 07:38:20,696 [INFO] Sending to ptd: 'SR,A,Auto'
ptd-server 2022-08-01 07:38:21,204 [INFO] Reply from ptd: 'Range A changed'
ptd-server 2022-08-01 07:38:21,205 [INFO] Set initial values for Amps Auto and Volts Auto
ptd-server 2022-08-01 07:38:21,206 [INFO] Stopping ptd...
