ptd-server 2022-08-02 23:24:46,392 [INFO] Got command from the client 'time'
ptd-server 2022-08-02 23:24:46,392 [INFO] Sending reply to client '1659479086.3925688'
ptd-server 2022-08-02 23:24:46,393 [INFO] Got command from the client 'new,,3a568068-87f0-47d7-a69e-c518ccc192e1'
ptd-server 2022-08-02 23:24:46,393 [INFO] Sending reply to client 'OK 2022-08-02_23-24-46,7b953885-026c-4368-baa3-e9105bbdf4fa'
ptd-server 2022-08-02 23:24:46,419 [INFO] Got command from the client 'time'
ptd-server 2022-08-02 23:24:46,419 [INFO] Sending reply to client '1659479086.4194295'
ptd-server 2022-08-02 23:24:46,420 [INFO] Got command from the client 'session,2022-08-02_23-24-46,start,ranging'
ptd-server 2022-08-02 23:24:46,420 [INFO] Running PTDaemon: ['/home/anton/projects/mlperf/power/inference_v1.0/ptd-linux-x86', '-l', '/tmp/tmp7lgbo8s4/ptd_logfile.txt', '-p', '8888', '49', '/dev/usbtmc0']
ptd-server 2022-08-02 23:25:03,594 [INFO] Sending to ptd: 'Hello'
ptd-server 2022-08-02 23:25:03,595 [INFO] Reply from ptd: 'Hello, PTDaemon here!'
ptd-server 2022-08-02 23:25:03,595 [INFO] Sending to ptd: 'Identify'
ptd-server 2022-08-02 23:25:03,595 [INFO] Reply from ptd: 'YokogawaWT310E,1000,1,1,1,1,0,1,1,version=1.9.2-e8c7a49a-20201208,OS=Linux 5.13.0-52-generic #59~20.04.1-Ubuntu SMP Thu Jun 16 21:21:28 UTC 2022 x86_64,mode=power,1,1,1,0,0,no_cal_date,YOKOGAWA;WT310E;C3XA04010E;F1.04'
ptd-server 2022-08-02 23:25:03,595 [INFO] Connected to PTDaemon
ptd-server 2022-08-02 23:25:03,596 [INFO] Sending to ptd: 'RR'
ptd-server 2022-08-02 23:25:03,596 [INFO] Reply from ptd: 'Ranges,0,0.500000,1,300.000000'
ptd-server 2022-08-02 23:25:03,596 [INFO] Initial range for Amps is 0.500000 for Volts is Auto
ptd-server 2022-08-02 23:25:03,596 [INFO] Sending to ptd: 'SR,V,Auto'
ptd-server 2022-08-02 23:25:04,099 [INFO] Reply from ptd: 'Range V changed'
ptd-server 2022-08-02 23:25:04,099 [INFO] Sending to ptd: 'SR,A,Auto'
ptd-server 2022-08-02 23:25:04,601 [INFO] Reply from ptd: 'Range A changed'
ptd-server 2022-08-02 23:25:14,612 [INFO] Starting ranging mode
ptd-server 2022-08-02 23:25:14,612 [INFO] Sending to ptd: 'Go,1000,0,2022-08-02_23-24-46_ranging'
ptd-server 2022-08-02 23:25:14,612 [INFO] Reply from ptd: 'Starting untimed measurement, maximum 500000 samples at 1000ms with 0 rampup samples'
ptd-server 2022-08-02 23:25:14,612 [INFO] Sending reply to client 'OK'
ptd-server 2022-08-02 23:35:28,944 [INFO] Got command from the client 'session,2022-08-02_23-24-46,stop,ranging'
ptd-server 2022-08-02 23:35:38,954 [INFO] Sending to ptd: 'Stop'
ptd-server 2022-08-02 23:35:38,955 [INFO] Reply from ptd: 'Stopping untimed measurement'
ptd-server 2022-08-02 23:35:40,515 [INFO] Sending reply to client 'OK'
ptd-server 2022-08-02 23:35:40,565 [INFO] Got command from the client 'time'
ptd-server 2022-08-02 23:35:40,565 [INFO] Sending reply to client '1659479740.5652754'
ptd-server 2022-08-02 23:35:40,566 [INFO] Got command from the client 'session,2022-08-02_23-24-46,start,testing'
ptd-server 2022-08-02 23:35:40,566 [INFO] Sending to ptd: 'SR,V,249.080000'
ptd-server 2022-08-02 23:35:42,068 [INFO] Reply from ptd: 'Range V changed'
ptd-server 2022-08-02 23:35:42,068 [INFO] Sending to ptd: 'SR,A,0.271930'
ptd-server 2022-08-02 23:35:43,569 [INFO] Reply from ptd: 'Range A changed'
ptd-server 2022-08-02 23:35:53,580 [INFO] Starting testing mode
ptd-server 2022-08-02 23:35:53,580 [INFO] Sending to ptd: 'Go,1000,0,2022-08-02_23-24-46_testing'
ptd-server 2022-08-02 23:35:53,580 [INFO] Reply from ptd: 'Starting untimed measurement, maximum 500000 samples at 1000ms with 0 rampup samples'
ptd-server 2022-08-02 23:35:53,580 [INFO] Sending reply to client 'OK'
ptd-server 2022-08-02 23:46:07,825 [INFO] Got command from the client 'session,2022-08-02_23-24-46,stop,testing'
ptd-server 2022-08-02 23:46:17,835 [INFO] Sending to ptd: 'Stop'
ptd-server 2022-08-02 23:46:17,836 [INFO] Reply from ptd: 'Stopping untimed measurement'
ptd-server 2022-08-02 23:46:18,632 [INFO] Sending reply to client 'OK'
ptd-server 2022-08-02 23:46:18,646 [INFO] Got command from the client 'session,2022-08-02_23-24-46,done'
ptd-server 2022-08-02 23:46:18,646 [INFO] Sending to ptd: 'Stop'
ptd-server 2022-08-02 23:46:18,646 [INFO] Reply from ptd: 'Error: no measurement to stop'
ptd-server 2022-08-02 23:46:18,647 [INFO] Sending to ptd: 'SR,V,Auto'
ptd-server 2022-08-02 23:46:19,149 [INFO] Reply from ptd: 'Range V changed'
ptd-server 2022-08-02 23:46:19,149 [INFO] Sending to ptd: 'SR,A,0.500000'
ptd-server 2022-08-02 23:46:20,651 [INFO] Reply from ptd: 'Range A changed'
ptd-server 2022-08-02 23:46:20,651 [INFO] Set initial values for Amps 0.500000 and Volts Auto
ptd-server 2022-08-02 23:46:20,651 [INFO] Stopping ptd...
