ptd-server 2022-07-28 22:22:03,474 [INFO] Got command from the client 'stop'
ptd-server 2022-07-28 22:22:03,474 [INFO] The server will be stopped after processing this client
ptd-server 2022-07-28 22:22:03,474 [INFO] Sending reply to client 'OK'
ptd-server 2022-07-28 22:22:03,478 [INFO] Got command from the client 'time'
ptd-server 2022-07-28 22:22:03,478 [INFO] Sending reply to client '1659046923.4780865'
ptd-server 2022-07-28 22:22:03,479 [INFO] Got command from the client 'new,,153ba3ae-a138-4e9c-b5c8-dd45f335d1e8'
ptd-server 2022-07-28 22:22:03,479 [INFO] Sending reply to client 'OK 2022-07-28_22-22-03,27f15660-a5bf-4cce-b016-6ec6ada744ac'
ptd-server 2022-07-28 22:22:03,481 [INFO] Got command from the client 'time'
ptd-server 2022-07-28 22:22:03,481 [INFO] Sending reply to client '1659046923.4816318'
ptd-server 2022-07-28 22:22:03,482 [INFO] Got command from the client 'session,2022-07-28_22-22-03,start,ranging'
ptd-server 2022-07-28 22:22:03,587 [INFO] Running PTDaemon: ['C:\\PTD\\ptd-windows-x86.exe', '-l', 'C:\\Users\\pa\\AppData\\Local\\Temp\\tmpn78ij75e\\ptd_logfile.txt', '-p', '8888', '-c', '1,2', '-y', '77', 'C2WL21005V']
ptd-server 2022-07-28 22:22:21,900 [INFO] Sending to ptd: 'Hello'
ptd-server 2022-07-28 22:22:21,900 [INFO] Reply from ptd: 'Hello, PTDaemon here!'
ptd-server 2022-07-28 22:22:21,901 [INFO] Sending to ptd: 'Identify'
ptd-server 2022-07-28 22:22:21,901 [INFO] Reply from ptd: 'YokogawaWT330_multichannel,1000,1,1,1,1,0,0,1,version=1.9.2-3976349f-20201208,OS=Windows 8 / Server 2012,mode=power,1,1,2,0,0,no_cal_date,YOKOGAWA;WT333E;C2WL21005V;F1.04'
ptd-server 2022-07-28 22:22:21,902 [INFO] Connected to PTDaemon
ptd-server 2022-07-28 22:22:21,902 [INFO] Sending to ptd: 'RR'
ptd-server 2022-07-28 22:22:21,902 [INFO] Reply from ptd: 'Ranges,-1,-1.000000,-1,-1.000000'
ptd-server 2022-07-28 22:22:21,902 [INFO] Initial range for Amps is Auto for Volts is Auto
ptd-server 2022-07-28 22:22:21,903 [INFO] Sending to ptd: 'SR,V,Auto'
ptd-server 2022-07-28 22:22:26,981 [INFO] Reply from ptd: 'Range V changed'
ptd-server 2022-07-28 22:22:26,981 [INFO] Sending to ptd: 'SR,A,20'
ptd-server 2022-07-28 22:22:32,562 [INFO] Reply from ptd: 'Range A changed'
ptd-server 2022-07-28 22:22:42,566 [INFO] Starting ranging mode
ptd-server 2022-07-28 22:22:42,566 [INFO] Sending to ptd: 'Go,1000,0,2022-07-28_22-22-03_ranging'
ptd-server 2022-07-28 22:22:42,566 [INFO] Reply from ptd: 'Starting untimed measurement, maximum 500000 samples at 1000ms with 0 rampup samples'
ptd-server 2022-07-28 22:22:42,567 [INFO] Sending reply to client 'OK'
ptd-server 2022-07-28 22:36:31,606 [INFO] Got command from the client 'session,2022-07-28_22-22-03,stop,ranging'
ptd-server 2022-07-28 22:36:41,620 [INFO] Sending to ptd: 'Stop'
ptd-server 2022-07-28 22:36:41,620 [INFO] Reply from ptd: 'Stopping untimed measurement'
ptd-server 2022-07-28 22:36:41,676 [INFO] Sending reply to client 'OK'
ptd-server 2022-07-28 22:36:41,695 [INFO] Got command from the client 'time'
ptd-server 2022-07-28 22:36:41,695 [INFO] Sending reply to client '1659047801.6953292'
ptd-server 2022-07-28 22:36:41,695 [INFO] Got command from the client 'session,2022-07-28_22-22-03,start,testing'
ptd-server 2022-07-28 22:36:41,696 [INFO] Sending to ptd: 'SR,V,119.780000'
ptd-server 2022-07-28 22:36:48,647 [INFO] Reply from ptd: 'Range V changed'
ptd-server 2022-07-28 22:36:48,648 [INFO] Sending to ptd: 'SR,A,1.429000'
ptd-server 2022-07-28 22:36:54,229 [INFO] Reply from ptd: 'Range A changed'
ptd-server 2022-07-28 22:37:04,242 [INFO] Starting testing mode
ptd-server 2022-07-28 22:37:04,242 [INFO] Sending to ptd: 'Go,1000,0,2022-07-28_22-22-03_testing'
ptd-server 2022-07-28 22:37:04,242 [INFO] Reply from ptd: 'Starting untimed measurement, maximum 500000 samples at 1000ms with 0 rampup samples'
ptd-server 2022-07-28 22:37:04,243 [INFO] Sending reply to client 'OK'
ptd-server 2022-07-28 22:50:54,088 [INFO] Got command from the client 'session,2022-07-28_22-22-03,stop,testing'
ptd-server 2022-07-28 22:51:04,094 [INFO] Sending to ptd: 'Stop'
ptd-server 2022-07-28 22:51:04,094 [INFO] Reply from ptd: 'Stopping untimed measurement'
ptd-server 2022-07-28 22:51:04,132 [INFO] Sending reply to client 'OK'
ptd-server 2022-07-28 22:51:04,152 [INFO] Got command from the client 'session,2022-07-28_22-22-03,done'
ptd-server 2022-07-28 22:51:04,152 [INFO] Sending to ptd: 'Stop'
ptd-server 2022-07-28 22:51:04,250 [INFO] Reply from ptd: 'Error: no measurement to stop'
ptd-server 2022-07-28 22:51:04,251 [INFO] Sending to ptd: 'SR,V,Auto'
ptd-server 2022-07-28 22:51:09,326 [INFO] Reply from ptd: 'Range V changed'
ptd-server 2022-07-28 22:51:09,327 [INFO] Sending to ptd: 'SR,A,Auto'
ptd-server 2022-07-28 22:51:14,393 [INFO] Reply from ptd: 'Range A changed'
ptd-server 2022-07-28 22:51:14,394 [INFO] Set initial values for Amps Auto and Volts Auto
ptd-server 2022-07-28 22:51:14,394 [INFO] Stopping ptd...
