ptd-server 2022-07-20 06:41:20,027 [INFO] Got command from the client 'time'
ptd-server 2022-07-20 06:41:20,028 [INFO] Sending reply to client '1658295680.0280387'
ptd-server 2022-07-20 06:41:20,032 [INFO] Got command from the client 'new,,5008fa15-7390-4c3e-bd16-0fc8cc9cfe75'
ptd-server 2022-07-20 06:41:20,032 [INFO] Sending reply to client 'OK 2022-07-20_06-41-20,8accbc1b-b670-4ad7-98d8-36cdcfe7f9ea'
ptd-server 2022-07-20 06:41:20,130 [INFO] Got command from the client 'time'
ptd-server 2022-07-20 06:41:20,130 [INFO] Sending reply to client '1658295680.130611'
ptd-server 2022-07-20 06:41:20,134 [INFO] Got command from the client 'session,2022-07-20_06-41-20,start,ranging'
ptd-server 2022-07-20 06:41:20,135 [INFO] Running PTDaemon: ['/home/anton/projects/mlperf/power/inference_v1.0/ptd-linux-x86', '-l', '/tmp/tmp7lgbo8s4/ptd_logfile.txt', '-p', '8888', '49', '/dev/usbtmc0']
ptd-server 2022-07-20 06:41:37,309 [INFO] Sending to ptd: 'Hello'
ptd-server 2022-07-20 06:41:37,310 [INFO] Reply from ptd: 'Hello, PTDaemon here!'
ptd-server 2022-07-20 06:41:37,310 [INFO] Sending to ptd: 'Identify'
ptd-server 2022-07-20 06:41:37,310 [INFO] Reply from ptd: 'YokogawaWT310E,1000,1,1,1,1,0,1,1,version=1.9.2-e8c7a49a-20201208,OS=Linux 5.13.0-52-generic #59~20.04.1-Ubuntu SMP Thu Jun 16 21:21:28 UTC 2022 x86_64,mode=power,1,1,1,0,0,no_cal_date,YOKOGAWA;WT310E;C3XA04010E;F1.04'
ptd-server 2022-07-20 06:41:37,310 [INFO] Connected to PTDaemon
ptd-server 2022-07-20 06:41:37,311 [INFO] Sending to ptd: 'RR'
ptd-server 2022-07-20 06:41:37,311 [INFO] Reply from ptd: 'Ranges,0,0.500000,1,300.000000'
ptd-server 2022-07-20 06:41:37,311 [INFO] Initial range for Amps is 0.500000 for Volts is Auto
ptd-server 2022-07-20 06:41:37,311 [INFO] Sending to ptd: 'SR,V,Auto'
ptd-server 2022-07-20 06:41:37,814 [INFO] Reply from ptd: 'Range V changed'
ptd-server 2022-07-20 06:41:37,814 [INFO] Sending to ptd: 'SR,A,Auto'
ptd-server 2022-07-20 06:41:38,316 [INFO] Reply from ptd: 'Range A changed'
ptd-server 2022-07-20 06:41:48,327 [INFO] Starting ranging mode
ptd-server 2022-07-20 06:41:48,327 [INFO] Sending to ptd: 'Go,1000,0,2022-07-20_06-41-20_ranging'
ptd-server 2022-07-20 06:41:48,327 [INFO] Reply from ptd: 'Starting untimed measurement, maximum 500000 samples at 1000ms with 0 rampup samples'
ptd-server 2022-07-20 06:41:48,327 [INFO] Sending reply to client 'OK'
ptd-server 2022-07-20 06:52:06,870 [INFO] Got command from the client 'session,2022-07-20_06-41-20,stop,ranging'
ptd-server 2022-07-20 06:52:16,881 [INFO] Sending to ptd: 'Stop'
ptd-server 2022-07-20 06:52:16,881 [INFO] Reply from ptd: 'Stopping untimed measurement'
ptd-server 2022-07-20 06:52:17,064 [INFO] Sending reply to client 'OK'
ptd-server 2022-07-20 06:52:17,252 [INFO] Got command from the client 'time'
ptd-server 2022-07-20 06:52:17,253 [INFO] Sending reply to client '1658296337.2531123'
ptd-server 2022-07-20 06:52:17,257 [INFO] Got command from the client 'session,2022-07-20_06-41-20,start,testing'
ptd-server 2022-07-20 06:52:17,257 [INFO] Sending to ptd: 'SR,V,250.560000'
ptd-server 2022-07-20 06:52:18,828 [INFO] Reply from ptd: 'Range V changed'
ptd-server 2022-07-20 06:52:18,828 [INFO] Sending to ptd: 'SR,A,0.097490'
ptd-server 2022-07-20 06:52:20,330 [INFO] Reply from ptd: 'Range A changed'
ptd-server 2022-07-20 06:52:30,340 [INFO] Starting testing mode
ptd-server 2022-07-20 06:52:30,340 [INFO] Sending to ptd: 'Go,1000,0,2022-07-20_06-41-20_testing'
ptd-server 2022-07-20 06:52:30,340 [INFO] Reply from ptd: 'Starting untimed measurement, maximum 500000 samples at 1000ms with 0 rampup samples'
ptd-server 2022-07-20 06:52:30,341 [INFO] Sending reply to client 'OK'
ptd-server 2022-07-20 07:02:48,517 [INFO] Got command from the client 'session,2022-07-20_06-41-20,stop,testing'
ptd-server 2022-07-20 07:02:58,527 [INFO] Sending to ptd: 'Stop'
ptd-server 2022-07-20 07:02:58,528 [INFO] Reply from ptd: 'Stopping untimed measurement'
ptd-server 2022-07-20 07:02:58,633 [INFO] Sending reply to client 'OK'
ptd-server 2022-07-20 07:02:58,724 [INFO] Got command from the client 'session,2022-07-20_06-41-20,done'
ptd-server 2022-07-20 07:02:58,724 [INFO] Sending to ptd: 'Stop'
ptd-server 2022-07-20 07:02:59,340 [INFO] Reply from ptd: 'Error: no measurement to stop'
ptd-server 2022-07-20 07:02:59,340 [INFO] Sending to ptd: 'SR,V,Auto'
ptd-server 2022-07-20 07:02:59,843 [INFO] Reply from ptd: 'Range V changed'
ptd-server 2022-07-20 07:02:59,843 [INFO] Sending to ptd: 'SR,A,0.500000'
ptd-server 2022-07-20 07:03:01,344 [INFO] Reply from ptd: 'Range A changed'
ptd-server 2022-07-20 07:03:01,345 [INFO] Set initial values for Amps 0.500000 and Volts Auto
ptd-server 2022-07-20 07:03:01,345 [INFO] Stopping ptd...
