ptd-server 2022-08-05 01:49:53,577 [INFO] Got command from the client 'stop'
ptd-server 2022-08-05 01:49:53,578 [INFO] The server will be stopped after processing this client
ptd-server 2022-08-05 01:49:53,579 [INFO] Sending reply to client 'OK'
ptd-server 2022-08-05 01:49:53,583 [INFO] Got command from the client 'time'
ptd-server 2022-08-05 01:49:53,584 [INFO] Sending reply to client '1659664193.5844896'
ptd-server 2022-08-05 01:49:53,586 [INFO] Got command from the client 'new,,a45989be-ec65-49ec-a793-27c68cbaec79'
ptd-server 2022-08-05 01:49:53,589 [INFO] Sending reply to client 'OK 2022-08-05_01-49-53,7fe66565-4fff-45b5-be3d-fdae79480bdd'
ptd-server 2022-08-05 01:49:53,592 [INFO] Got command from the client 'time'
ptd-server 2022-08-05 01:49:53,593 [INFO] Sending reply to client '1659664193.593848'
ptd-server 2022-08-05 01:49:53,595 [INFO] Got command from the client 'session,2022-08-05_01-49-53,start,ranging'
ptd-server 2022-08-05 01:49:53,701 [INFO] Running PTDaemon: ['C:\\power-dev\\ptd_client_server\\ptd-windows-x86.exe', '-l', 'C:\\Users\\root\\AppData\\Local\\Temp\\tmp_4vg4_je\\ptd_logfile.txt', '-p', '8888', '-c', '2', '-y', '48', '100.83.149.90']
ptd-server 2022-08-05 01:50:12,491 [INFO] Sending to ptd: 'Hello'
ptd-server 2022-08-05 01:50:12,494 [INFO] Reply from ptd: 'Hello, PTDaemon here!'
ptd-server 2022-08-05 01:50:12,495 [INFO] Sending to ptd: 'Identify'
ptd-server 2022-08-05 01:50:12,500 [INFO] Reply from ptd: 'YokogawaWT500_multichannel,1000,1,1,1,1,0,0,1,version=1.9.2-3976349f-20201208,OS=Windows 8 / Server 2012,mode=power,1,1,3,0,0,no_cal_date,YOKOGAWA;760203;U1J802935;F1.21'
ptd-server 2022-08-05 01:50:12,501 [INFO] Connected to PTDaemon
ptd-server 2022-08-05 01:50:12,503 [INFO] Sending to ptd: 'RR'
ptd-server 2022-08-05 01:50:12,506 [INFO] Reply from ptd: 'Ranges,-1,-1.000000,-1,-1.000000'
ptd-server 2022-08-05 01:50:12,507 [INFO] Initial range for Amps is Auto for Volts is Auto
ptd-server 2022-08-05 01:50:12,510 [INFO] Sending to ptd: 'SR,V,Auto'
ptd-server 2022-08-05 01:50:12,726 [INFO] Reply from ptd: 'Range V changed'
ptd-server 2022-08-05 01:50:12,727 [INFO] Sending to ptd: 'SR,A,Auto'
ptd-server 2022-08-05 01:50:12,880 [INFO] Reply from ptd: 'Range A changed'
ptd-server 2022-08-05 01:50:22,892 [INFO] Starting ranging mode
ptd-server 2022-08-05 01:50:22,893 [INFO] Sending to ptd: 'Go,1000,0,2022-08-05_01-49-53_ranging'
ptd-server 2022-08-05 01:50:22,894 [INFO] Reply from ptd: 'Starting untimed measurement, maximum 500000 samples at 1000ms with 0 rampup samples'
ptd-server 2022-08-05 01:50:22,896 [INFO] Sending reply to client 'OK'
ptd-server 2022-08-05 02:01:15,730 [INFO] Got command from the client 'session,2022-08-05_01-49-53,stop,ranging'
ptd-server 2022-08-05 02:01:25,736 [INFO] Sending to ptd: 'Stop'
ptd-server 2022-08-05 02:01:25,738 [INFO] Reply from ptd: 'Stopping untimed measurement'
ptd-server 2022-08-05 02:01:25,786 [INFO] Sending reply to client 'OK'
ptd-server 2022-08-05 02:01:25,794 [INFO] Got command from the client 'time'
ptd-server 2022-08-05 02:01:25,795 [INFO] Sending reply to client '1659664885.7954154'
ptd-server 2022-08-05 02:01:25,797 [INFO] Got command from the client 'session,2022-08-05_01-49-53,start,testing'
ptd-server 2022-08-05 02:01:25,798 [INFO] Sending to ptd: 'SR,V,130.330000'
ptd-server 2022-08-05 02:01:27,124 [INFO] Reply from ptd: 'Range V changed'
ptd-server 2022-08-05 02:01:27,126 [INFO] Sending to ptd: 'SR,A,8.310000'
ptd-server 2022-08-05 02:01:27,846 [INFO] Reply from ptd: 'Range A changed'
ptd-server 2022-08-05 02:01:37,858 [INFO] Starting testing mode
ptd-server 2022-08-05 02:01:37,860 [INFO] Sending to ptd: 'Go,1000,0,2022-08-05_01-49-53_testing'
ptd-server 2022-08-05 02:01:37,863 [INFO] Reply from ptd: 'Starting untimed measurement, maximum 500000 samples at 1000ms with 0 rampup samples'
ptd-server 2022-08-05 02:01:37,864 [INFO] Sending reply to client 'OK'
ptd-server 2022-08-05 02:12:32,170 [INFO] Got command from the client 'session,2022-08-05_01-49-53,stop,testing'
ptd-server 2022-08-05 02:12:42,173 [INFO] Sending to ptd: 'Stop'
ptd-server 2022-08-05 02:12:42,174 [INFO] Reply from ptd: 'Stopping untimed measurement'
ptd-server 2022-08-05 02:12:42,185 [INFO] Sending reply to client 'OK'
ptd-server 2022-08-05 02:12:42,190 [INFO] Got command from the client 'session,2022-08-05_01-49-53,done'
ptd-server 2022-08-05 02:12:42,191 [INFO] Sending to ptd: 'Stop'
ptd-server 2022-08-05 02:12:42,876 [INFO] Reply from ptd: 'Error: no measurement to stop'
ptd-server 2022-08-05 02:12:42,878 [INFO] Sending to ptd: 'SR,V,Auto'
ptd-server 2022-08-05 02:12:43,092 [INFO] Reply from ptd: 'Range V changed'
ptd-server 2022-08-05 02:12:43,095 [INFO] Sending to ptd: 'SR,A,Auto'
ptd-server 2022-08-05 02:12:43,248 [INFO] Reply from ptd: 'Range A changed'
ptd-server 2022-08-05 02:12:43,250 [INFO] Set initial values for Amps Auto and Volts Auto
ptd-server 2022-08-05 02:12:43,252 [INFO] Stopping ptd...
