ptd-server 2022-07-27 16:17:29,341 [INFO] Got command from the client 'time'
ptd-server 2022-07-27 16:17:29,341 [INFO] Sending reply to client '1658935049.3417556'
ptd-server 2022-07-27 16:17:29,345 [INFO] Got command from the client 'new,,bc23c2d7-384e-4704-826f-5da21dc494ae'
ptd-server 2022-07-27 16:17:29,346 [INFO] Sending reply to client 'OK 2022-07-27_16-17-29,47d85fa0-c3d0-4700-bcaa-6068a3e3c26f'
ptd-server 2022-07-27 16:17:29,392 [INFO] Got command from the client 'time'
ptd-server 2022-07-27 16:17:29,392 [INFO] Sending reply to client '1658935049.392392'
ptd-server 2022-07-27 16:17:29,398 [INFO] Got command from the client 'session,2022-07-27_16-17-29,start,ranging'
ptd-server 2022-07-27 16:17:29,398 [INFO] Running PTDaemon: ['/home/anton/projects/mlperf/power/inference_v1.0/ptd-linux-x86', '-l', '/tmp/tmp7lgbo8s4/ptd_logfile.txt', '-p', '8888', '49', '/dev/usbtmc0']
ptd-server 2022-07-27 16:17:46,573 [INFO] Sending to ptd: 'Hello'
ptd-server 2022-07-27 16:17:46,574 [INFO] Reply from ptd: 'Hello, PTDaemon here!'
ptd-server 2022-07-27 16:17:46,574 [INFO] Sending to ptd: 'Identify'
ptd-server 2022-07-27 16:17:46,574 [INFO] Reply from ptd: 'YokogawaWT310E,1000,1,1,1,1,0,1,1,version=1.9.2-e8c7a49a-20201208,OS=Linux 5.13.0-52-generic #59~20.04.1-Ubuntu SMP Thu Jun 16 21:21:28 UTC 2022 x86_64,mode=power,1,1,1,0,0,no_cal_date,YOKOGAWA;WT310E;C3XA04010E;F1.04'
ptd-server 2022-07-27 16:17:46,574 [INFO] Connected to PTDaemon
ptd-server 2022-07-27 16:17:46,574 [INFO] Sending to ptd: 'RR'
ptd-server 2022-07-27 16:17:46,575 [INFO] Reply from ptd: 'Ranges,0,0.500000,1,300.000000'
ptd-server 2022-07-27 16:17:46,575 [INFO] Initial range for Amps is 0.500000 for Volts is Auto
ptd-server 2022-07-27 16:17:46,575 [INFO] Sending to ptd: 'SR,V,Auto'
ptd-server 2022-07-27 16:17:47,078 [INFO] Reply from ptd: 'Range V changed'
ptd-server 2022-07-27 16:17:47,078 [INFO] Sending to ptd: 'SR,A,Auto'
ptd-server 2022-07-27 16:17:47,580 [INFO] Reply from ptd: 'Range A changed'
ptd-server 2022-07-27 16:17:57,591 [INFO] Starting ranging mode
ptd-server 2022-07-27 16:17:57,591 [INFO] Sending to ptd: 'Go,1000,0,2022-07-27_16-17-29_ranging'
ptd-server 2022-07-27 16:17:57,591 [INFO] Reply from ptd: 'Starting untimed measurement, maximum 500000 samples at 1000ms with 0 rampup samples'
ptd-server 2022-07-27 16:17:57,591 [INFO] Sending reply to client 'OK'
ptd-server 2022-07-27 16:28:16,795 [INFO] Got command from the client 'session,2022-07-27_16-17-29,stop,ranging'
ptd-server 2022-07-27 16:28:26,806 [INFO] Sending to ptd: 'Stop'
ptd-server 2022-07-27 16:28:26,806 [INFO] Reply from ptd: 'Stopping untimed measurement'
ptd-server 2022-07-27 16:28:27,786 [INFO] Sending reply to client 'OK'
ptd-server 2022-07-27 16:28:27,869 [INFO] Got command from the client 'time'
ptd-server 2022-07-27 16:28:27,869 [INFO] Sending reply to client '1658935707.8699486'
ptd-server 2022-07-27 16:28:27,875 [INFO] Got command from the client 'session,2022-07-27_16-17-29,start,testing'
ptd-server 2022-07-27 16:28:27,875 [INFO] Sending to ptd: 'SR,V,249.330000'
ptd-server 2022-07-27 16:28:29,377 [INFO] Reply from ptd: 'Range V changed'
ptd-server 2022-07-27 16:28:29,377 [INFO] Sending to ptd: 'SR,A,0.110480'
ptd-server 2022-07-27 16:28:30,878 [INFO] Reply from ptd: 'Range A changed'
ptd-server 2022-07-27 16:28:40,889 [INFO] Starting testing mode
ptd-server 2022-07-27 16:28:40,889 [INFO] Sending to ptd: 'Go,1000,0,2022-07-27_16-17-29_testing'
ptd-server 2022-07-27 16:28:40,889 [INFO] Reply from ptd: 'Starting untimed measurement, maximum 500000 samples at 1000ms with 0 rampup samples'
ptd-server 2022-07-27 16:28:40,889 [INFO] Sending reply to client 'OK'
ptd-server 2022-07-27 16:38:58,954 [INFO] Got command from the client 'session,2022-07-27_16-17-29,stop,testing'
ptd-server 2022-07-27 16:39:08,964 [INFO] Sending to ptd: 'Stop'
ptd-server 2022-07-27 16:39:08,965 [INFO] Reply from ptd: 'Stopping untimed measurement'
ptd-server 2022-07-27 16:39:09,469 [INFO] Sending reply to client 'OK'
ptd-server 2022-07-27 16:39:09,491 [INFO] Got command from the client 'session,2022-07-27_16-17-29,done'
ptd-server 2022-07-27 16:39:09,491 [INFO] Sending to ptd: 'Stop'
ptd-server 2022-07-27 16:39:09,890 [INFO] Reply from ptd: 'Error: no measurement to stop'
ptd-server 2022-07-27 16:39:09,890 [INFO] Sending to ptd: 'SR,V,Auto'
ptd-server 2022-07-27 16:39:10,392 [INFO] Reply from ptd: 'Range V changed'
ptd-server 2022-07-27 16:39:10,393 [INFO] Sending to ptd: 'SR,A,0.500000'
ptd-server 2022-07-27 16:39:11,894 [INFO] Reply from ptd: 'Range A changed'
ptd-server 2022-07-27 16:39:11,894 [INFO] Set initial values for Amps 0.500000 and Volts Auto
ptd-server 2022-07-27 16:39:11,894 [INFO] Stopping ptd...
