ptd-server 2022-07-22 13:56:23,868 [INFO] Got command from the client 'time'
ptd-server 2022-07-22 13:56:23,869 [INFO] Sending reply to client '1658494583.8690896'
ptd-server 2022-07-22 13:56:23,870 [INFO] Got command from the client 'new,,83f49539-7be6-4aab-a3e8-2496f7411ace'
ptd-server 2022-07-22 13:56:23,870 [INFO] Sending reply to client 'OK 2022-07-22_13-56-23,d9a33e46-fddf-44b9-9364-99ba676de49b'
ptd-server 2022-07-22 13:56:23,898 [INFO] Got command from the client 'time'
ptd-server 2022-07-22 13:56:23,899 [INFO] Sending reply to client '1658494583.8991048'
ptd-server 2022-07-22 13:56:23,900 [INFO] Got command from the client 'session,2022-07-22_13-56-23,start,ranging'
ptd-server 2022-07-22 13:56:23,900 [INFO] Running PTDaemon: ['/home/anton/projects/mlperf/power/inference_v1.0/ptd-linux-x86', '-l', '/tmp/tmp7lgbo8s4/ptd_logfile.txt', '-p', '8888', '49', '/dev/usbtmc0']
ptd-server 2022-07-22 13:56:41,075 [INFO] Sending to ptd: 'Hello'
ptd-server 2022-07-22 13:56:41,075 [INFO] Reply from ptd: 'Hello, PTDaemon here!'
ptd-server 2022-07-22 13:56:41,075 [INFO] Sending to ptd: 'Identify'
ptd-server 2022-07-22 13:56:41,076 [INFO] Reply from ptd: 'YokogawaWT310E,1000,1,1,1,1,0,1,1,version=1.9.2-e8c7a49a-20201208,OS=Linux 5.13.0-52-generic #59~20.04.1-Ubuntu SMP Thu Jun 16 21:21:28 UTC 2022 x86_64,mode=power,1,1,1,0,0,no_cal_date,YOKOGAWA;WT310E;C3XA04010E;F1.04'
ptd-server 2022-07-22 13:56:41,076 [INFO] Connected to PTDaemon
ptd-server 2022-07-22 13:56:41,076 [INFO] Sending to ptd: 'RR'
ptd-server 2022-07-22 13:56:41,076 [INFO] Reply from ptd: 'Ranges,0,0.500000,1,300.000000'
ptd-server 2022-07-22 13:56:41,076 [INFO] Initial range for Amps is 0.500000 for Volts is Auto
ptd-server 2022-07-22 13:56:41,077 [INFO] Sending to ptd: 'SR,V,Auto'
ptd-server 2022-07-22 13:56:41,579 [INFO] Reply from ptd: 'Range V changed'
ptd-server 2022-07-22 13:56:41,579 [INFO] Sending to ptd: 'SR,A,Auto'
ptd-server 2022-07-22 13:56:42,082 [INFO] Reply from ptd: 'Range A changed'
ptd-server 2022-07-22 13:56:52,092 [INFO] Starting ranging mode
ptd-server 2022-07-22 13:56:52,092 [INFO] Sending to ptd: 'Go,1000,0,2022-07-22_13-56-23_ranging'
ptd-server 2022-07-22 13:56:52,093 [INFO] Reply from ptd: 'Starting untimed measurement, maximum 500000 samples at 1000ms with 0 rampup samples'
ptd-server 2022-07-22 13:56:52,093 [INFO] Sending reply to client 'OK'
ptd-server 2022-07-22 14:07:13,272 [INFO] Got command from the client 'session,2022-07-22_13-56-23,stop,ranging'
ptd-server 2022-07-22 14:07:23,282 [INFO] Sending to ptd: 'Stop'
ptd-server 2022-07-22 14:07:23,283 [INFO] Reply from ptd: 'Stopping untimed measurement'
ptd-server 2022-07-22 14:07:23,739 [INFO] Sending reply to client 'OK'
ptd-server 2022-07-22 14:07:23,782 [INFO] Got command from the client 'time'
ptd-server 2022-07-22 14:07:23,782 [INFO] Sending reply to client '1658495243.782254'
ptd-server 2022-07-22 14:07:23,783 [INFO] Got command from the client 'session,2022-07-22_13-56-23,start,testing'
ptd-server 2022-07-22 14:07:23,783 [INFO] Sending to ptd: 'SR,V,251.850000'
ptd-server 2022-07-22 14:07:25,594 [INFO] Reply from ptd: 'Range V changed'
ptd-server 2022-07-22 14:07:25,594 [INFO] Sending to ptd: 'SR,A,0.074440'
ptd-server 2022-07-22 14:07:27,096 [INFO] Reply from ptd: 'Range A changed'
ptd-server 2022-07-22 14:07:37,106 [INFO] Starting testing mode
ptd-server 2022-07-22 14:07:37,106 [INFO] Sending to ptd: 'Go,1000,0,2022-07-22_13-56-23_testing'
ptd-server 2022-07-22 14:07:37,107 [INFO] Reply from ptd: 'Starting untimed measurement, maximum 500000 samples at 1000ms with 0 rampup samples'
ptd-server 2022-07-22 14:07:37,107 [INFO] Sending reply to client 'OK'
ptd-server 2022-07-22 14:17:57,985 [INFO] Got command from the client 'session,2022-07-22_13-56-23,stop,testing'
ptd-server 2022-07-22 14:18:07,995 [INFO] Sending to ptd: 'Stop'
ptd-server 2022-07-22 14:18:07,996 [INFO] Reply from ptd: 'Stopping untimed measurement'
ptd-server 2022-07-22 14:18:08,249 [INFO] Sending reply to client 'OK'
ptd-server 2022-07-22 14:18:08,256 [INFO] Got command from the client 'session,2022-07-22_13-56-23,done'
ptd-server 2022-07-22 14:18:08,257 [INFO] Sending to ptd: 'Stop'
ptd-server 2022-07-22 14:18:08,257 [INFO] Reply from ptd: 'Error: no measurement to stop'
ptd-server 2022-07-22 14:18:08,257 [INFO] Sending to ptd: 'SR,V,Auto'
ptd-server 2022-07-22 14:18:08,759 [INFO] Reply from ptd: 'Range V changed'
ptd-server 2022-07-22 14:18:08,759 [INFO] Sending to ptd: 'SR,A,0.500000'
ptd-server 2022-07-22 14:18:10,261 [INFO] Reply from ptd: 'Range A changed'
ptd-server 2022-07-22 14:18:10,261 [INFO] Set initial values for Amps 0.500000 and Volts Auto
ptd-server 2022-07-22 14:18:10,261 [INFO] Stopping ptd...
