ptd-server 2022-07-26 22:47:14,107 [INFO] Got command from the client 'time'
ptd-server 2022-07-26 22:47:14,107 [INFO] Sending reply to client '1658872034.1071959'
ptd-server 2022-07-26 22:47:14,111 [INFO] Got command from the client 'new,,f1bf8586-7a19-448f-950b-ccbe845c6393'
ptd-server 2022-07-26 22:47:14,111 [INFO] Sending reply to client 'OK 2022-07-26_22-47-14,3acf4863-4253-4c90-a86d-300017426dd1'
ptd-server 2022-07-26 22:47:14,154 [INFO] Got command from the client 'time'
ptd-server 2022-07-26 22:47:14,154 [INFO] Sending reply to client '1658872034.1547375'
ptd-server 2022-07-26 22:47:14,162 [INFO] Got command from the client 'session,2022-07-26_22-47-14,start,ranging'
ptd-server 2022-07-26 22:47:14,162 [INFO] Running PTDaemon: ['/home/anton/projects/mlperf/power/inference_v1.0/ptd-linux-x86', '-l', '/tmp/tmp7lgbo8s4/ptd_logfile.txt', '-p', '8888', '49', '/dev/usbtmc0']
ptd-server 2022-07-26 22:47:31,336 [INFO] Sending to ptd: 'Hello'
ptd-server 2022-07-26 22:47:31,337 [INFO] Reply from ptd: 'Hello, PTDaemon here!'
ptd-server 2022-07-26 22:47:31,337 [INFO] Sending to ptd: 'Identify'
ptd-server 2022-07-26 22:47:31,337 [INFO] Reply from ptd: 'YokogawaWT310E,1000,1,1,1,1,0,1,1,version=1.9.2-e8c7a49a-20201208,OS=Linux 5.13.0-52-generic #59~20.04.1-Ubuntu SMP Thu Jun 16 21:21:28 UTC 2022 x86_64,mode=power,1,1,1,0,0,no_cal_date,YOKOGAWA;WT310E;C3XA04010E;F1.04'
ptd-server 2022-07-26 22:47:31,337 [INFO] Connected to PTDaemon
ptd-server 2022-07-26 22:47:31,338 [INFO] Sending to ptd: 'RR'
ptd-server 2022-07-26 22:47:31,338 [INFO] Reply from ptd: 'Ranges,0,0.500000,1,300.000000'
ptd-server 2022-07-26 22:47:31,338 [INFO] Initial range for Amps is 0.500000 for Volts is Auto
ptd-server 2022-07-26 22:47:31,338 [INFO] Sending to ptd: 'SR,V,Auto'
ptd-server 2022-07-26 22:47:31,841 [INFO] Reply from ptd: 'Range V changed'
ptd-server 2022-07-26 22:47:31,841 [INFO] Sending to ptd: 'SR,A,Auto'
ptd-server 2022-07-26 22:47:32,343 [INFO] Reply from ptd: 'Range A changed'
ptd-server 2022-07-26 22:47:42,354 [INFO] Starting ranging mode
ptd-server 2022-07-26 22:47:42,354 [INFO] Sending to ptd: 'Go,1000,0,2022-07-26_22-47-14_ranging'
ptd-server 2022-07-26 22:47:42,354 [INFO] Reply from ptd: 'Starting untimed measurement, maximum 500000 samples at 1000ms with 0 rampup samples'
ptd-server 2022-07-26 22:47:42,354 [INFO] Sending reply to client 'OK'
ptd-server 2022-07-26 22:58:00,456 [INFO] Got command from the client 'session,2022-07-26_22-47-14,stop,ranging'
ptd-server 2022-07-26 22:58:10,466 [INFO] Sending to ptd: 'Stop'
ptd-server 2022-07-26 22:58:10,467 [INFO] Reply from ptd: 'Stopping untimed measurement'
ptd-server 2022-07-26 22:58:11,357 [INFO] Sending reply to client 'OK'
ptd-server 2022-07-26 22:58:11,441 [INFO] Got command from the client 'time'
ptd-server 2022-07-26 22:58:11,441 [INFO] Sending reply to client '1658872691.4417312'
ptd-server 2022-07-26 22:58:11,447 [INFO] Got command from the client 'session,2022-07-26_22-47-14,start,testing'
ptd-server 2022-07-26 22:58:11,447 [INFO] Sending to ptd: 'SR,V,251.340000'
ptd-server 2022-07-26 22:58:12,949 [INFO] Reply from ptd: 'Range V changed'
ptd-server 2022-07-26 22:58:12,949 [INFO] Sending to ptd: 'SR,A,0.067660'
ptd-server 2022-07-26 22:58:14,450 [INFO] Reply from ptd: 'Range A changed'
ptd-server 2022-07-26 22:58:24,460 [INFO] Starting testing mode
ptd-server 2022-07-26 22:58:24,460 [INFO] Sending to ptd: 'Go,1000,0,2022-07-26_22-47-14_testing'
ptd-server 2022-07-26 22:58:24,461 [INFO] Reply from ptd: 'Starting untimed measurement, maximum 500000 samples at 1000ms with 0 rampup samples'
ptd-server 2022-07-26 22:58:24,461 [INFO] Sending reply to client 'OK'
ptd-server 2022-07-26 23:08:42,698 [INFO] Got command from the client 'session,2022-07-26_22-47-14,stop,testing'
ptd-server 2022-07-26 23:08:52,709 [INFO] Sending to ptd: 'Stop'
ptd-server 2022-07-26 23:08:52,709 [INFO] Reply from ptd: 'Stopping untimed measurement'
ptd-server 2022-07-26 23:08:53,162 [INFO] Sending reply to client 'OK'
ptd-server 2022-07-26 23:08:53,183 [INFO] Got command from the client 'session,2022-07-26_22-47-14,done'
ptd-server 2022-07-26 23:08:53,183 [INFO] Sending to ptd: 'Stop'
ptd-server 2022-07-26 23:08:53,461 [INFO] Reply from ptd: 'Error: no measurement to stop'
ptd-server 2022-07-26 23:08:53,462 [INFO] Sending to ptd: 'SR,V,Auto'
ptd-server 2022-07-26 23:08:53,964 [INFO] Reply from ptd: 'Range V changed'
ptd-server 2022-07-26 23:08:53,964 [INFO] Sending to ptd: 'SR,A,0.500000'
ptd-server 2022-07-26 23:08:55,466 [INFO] Reply from ptd: 'Range A changed'
ptd-server 2022-07-26 23:08:55,466 [INFO] Set initial values for Amps 0.500000 and Volts Auto
ptd-server 2022-07-26 23:08:55,466 [INFO] Stopping ptd...
