ptd-server 2022-08-05 09:23:12,489 [INFO] Got command from the client 'time'
ptd-server 2022-08-05 09:23:12,489 [INFO] Sending reply to client '1659709392.489763'
ptd-server 2022-08-05 09:23:12,492 [INFO] Got command from the client 'new,,ce1eb6e9-17de-4181-b8a3-75a14a7f9bbe'
ptd-server 2022-08-05 09:23:12,492 [INFO] Sending reply to client 'OK 2022-08-05_09-23-12,9c452996-355b-4c17-8ea1-cb7ae95f7f29'
ptd-server 2022-08-05 09:23:12,636 [INFO] Got command from the client 'time'
ptd-server 2022-08-05 09:23:12,637 [INFO] Sending reply to client '1659709392.6371398'
ptd-server 2022-08-05 09:23:12,639 [INFO] Got command from the client 'session,2022-08-05_09-23-12,start,ranging'
ptd-server 2022-08-05 09:23:12,639 [INFO] Running PTDaemon: ['/local/mnt/workspace/mlcommons/power-main/inference_v1.0/ptd-linux-x86', '-l', '/tmp/tmp9557c5cm/ptd_logfile.txt', '-p', '8888', '-c', '3', '52', '/dev/usbtmc0']
ptd-server 2022-08-05 09:23:29,761 [INFO] Sending to ptd: 'Hello'
ptd-server 2022-08-05 09:23:29,762 [INFO] Reply from ptd: 'Hello, PTDaemon here!'
ptd-server 2022-08-05 09:23:29,762 [INFO] Sending to ptd: 'Identify'
ptd-server 2022-08-05 09:23:29,762 [INFO] Reply from ptd: 'YokogawaWT330,1000,1,1,1,1,0,0,1,version=1.9.2-e8c7a49a-20201208,OS=Linux 5.4.0-120-generic #136~18.04.1-Ubuntu SMP Fri Jun 10 18:00:44 UTC 2022 x86_64,mode=power,1,1,1,0,0,no_cal_date,YOKOGAWA;WT333;C2QH26002V;F1.06'
ptd-server 2022-08-05 09:23:29,763 [INFO] Connected to PTDaemon
ptd-server 2022-08-05 09:23:29,763 [INFO] Sending to ptd: 'RR'
ptd-server 2022-08-05 09:23:29,763 [INFO] Reply from ptd: 'Ranges,1,0.500000,1,150.000000'
ptd-server 2022-08-05 09:23:29,763 [INFO] Initial range for Amps is Auto for Volts is Auto
ptd-server 2022-08-05 09:23:29,764 [INFO] Sending to ptd: 'SR,V,Auto'
ptd-server 2022-08-05 09:23:30,267 [INFO] Reply from ptd: 'Range V changed'
ptd-server 2022-08-05 09:23:30,267 [INFO] Sending to ptd: 'SR,A,Auto'
ptd-server 2022-08-05 09:23:30,770 [INFO] Reply from ptd: 'Range A changed'
ptd-server 2022-08-05 09:23:40,781 [INFO] Starting ranging mode
ptd-server 2022-08-05 09:23:40,781 [INFO] Sending to ptd: 'Go,1000,0,2022-08-05_09-23-12_ranging'
ptd-server 2022-08-05 09:23:40,782 [INFO] Reply from ptd: 'Starting untimed measurement, maximum 500000 samples at 1000ms with 0 rampup samples'
ptd-server 2022-08-05 09:23:40,782 [INFO] Sending reply to client 'OK'
ptd-server 2022-08-05 09:34:05,203 [INFO] Got command from the client 'session,2022-08-05_09-23-12,stop,ranging'
ptd-server 2022-08-05 09:34:15,214 [INFO] Sending to ptd: 'Stop'
ptd-server 2022-08-05 09:34:15,214 [INFO] Reply from ptd: 'Stopping untimed measurement'
ptd-server 2022-08-05 09:34:15,233 [INFO] Sending reply to client 'OK'
ptd-server 2022-08-05 09:34:15,431 [INFO] Got command from the client 'time'
ptd-server 2022-08-05 09:34:15,431 [INFO] Sending reply to client '1659710055.4315462'
ptd-server 2022-08-05 09:34:15,434 [INFO] Got command from the client 'session,2022-08-05_09-23-12,start,testing'
ptd-server 2022-08-05 09:34:15,434 [INFO] Sending to ptd: 'SR,V,119.850000'
ptd-server 2022-08-05 09:34:17,284 [INFO] Reply from ptd: 'Range V changed'
ptd-server 2022-08-05 09:34:17,284 [INFO] Sending to ptd: 'SR,A,0.346500'
ptd-server 2022-08-05 09:34:18,786 [INFO] Reply from ptd: 'Range A changed'
ptd-server 2022-08-05 09:34:28,793 [INFO] Starting testing mode
ptd-server 2022-08-05 09:34:28,794 [INFO] Sending to ptd: 'Go,1000,0,2022-08-05_09-23-12_testing'
ptd-server 2022-08-05 09:34:28,794 [INFO] Reply from ptd: 'Starting untimed measurement, maximum 500000 samples at 1000ms with 0 rampup samples'
ptd-server 2022-08-05 09:34:28,794 [INFO] Sending reply to client 'OK'
ptd-server 2022-08-05 09:44:53,839 [INFO] Got command from the client 'session,2022-08-05_09-23-12,stop,testing'
ptd-server 2022-08-05 09:45:03,850 [INFO] Sending to ptd: 'Stop'
ptd-server 2022-08-05 09:45:03,851 [INFO] Reply from ptd: 'Stopping untimed measurement'
ptd-server 2022-08-05 09:45:03,860 [INFO] Sending reply to client 'OK'
ptd-server 2022-08-05 09:45:03,897 [INFO] Got command from the client 'session,2022-08-05_09-23-12,done'
ptd-server 2022-08-05 09:45:03,898 [INFO] Sending to ptd: 'Stop'
ptd-server 2022-08-05 09:45:04,795 [INFO] Reply from ptd: 'Error: no measurement to stop'
ptd-server 2022-08-05 09:45:04,795 [INFO] Sending to ptd: 'SR,V,Auto'
ptd-server 2022-08-05 09:45:05,299 [INFO] Reply from ptd: 'Range V changed'
ptd-server 2022-08-05 09:45:05,299 [INFO] Sending to ptd: 'SR,A,Auto'
ptd-server 2022-08-05 09:45:05,802 [INFO] Reply from ptd: 'Range A changed'
ptd-server 2022-08-05 09:45:05,802 [INFO] Set initial values for Amps Auto and Volts Auto
ptd-server 2022-08-05 09:45:05,802 [INFO] Stopping ptd...
