ptd-server 2022-07-31 05:05:31,403 [INFO] Got command from the client 'time'
ptd-server 2022-07-31 05:05:31,403 [INFO] Sending reply to client '1659240331.4036098'
ptd-server 2022-07-31 05:05:31,404 [INFO] Got command from the client 'new,,990e0651-3fe2-4410-9835-080452a5f446'
ptd-server 2022-07-31 05:05:31,404 [INFO] Sending reply to client 'OK 2022-07-31_05-05-31,e488b6dd-81f4-45fc-9149-8048f9dad22e'
ptd-server 2022-07-31 05:05:31,433 [INFO] Got command from the client 'time'
ptd-server 2022-07-31 05:05:31,433 [INFO] Sending reply to client '1659240331.4337835'
ptd-server 2022-07-31 05:05:31,434 [INFO] Got command from the client 'session,2022-07-31_05-05-31,start,ranging'
ptd-server 2022-07-31 05:05:31,435 [INFO] Running PTDaemon: ['/home/anton/projects/mlperf/power/inference_v1.0/ptd-linux-x86', '-l', '/tmp/tmp7lgbo8s4/ptd_logfile.txt', '-p', '8888', '49', '/dev/usbtmc0']
ptd-server 2022-07-31 05:05:48,610 [INFO] Sending to ptd: 'Hello'
ptd-server 2022-07-31 05:05:48,611 [INFO] Reply from ptd: 'Hello, PTDaemon here!'
ptd-server 2022-07-31 05:05:48,611 [INFO] Sending to ptd: 'Identify'
ptd-server 2022-07-31 05:05:48,611 [INFO] Reply from ptd: 'YokogawaWT310E,1000,1,1,1,1,0,1,1,version=1.9.2-e8c7a49a-20201208,OS=Linux 5.13.0-52-generic #59~20.04.1-Ubuntu SMP Thu Jun 16 21:21:28 UTC 2022 x86_64,mode=power,1,1,1,0,0,no_cal_date,YOKOGAWA;WT310E;C3XA04010E;F1.04'
ptd-server 2022-07-31 05:05:48,611 [INFO] Connected to PTDaemon
ptd-server 2022-07-31 05:05:48,611 [INFO] Sending to ptd: 'RR'
ptd-server 2022-07-31 05:05:48,612 [INFO] Reply from ptd: 'Ranges,0,0.500000,1,300.000000'
ptd-server 2022-07-31 05:05:48,612 [INFO] Initial range for Amps is 0.500000 for Volts is Auto
ptd-server 2022-07-31 05:05:48,612 [INFO] Sending to ptd: 'SR,V,Auto'
ptd-server 2022-07-31 05:05:49,115 [INFO] Reply from ptd: 'Range V changed'
ptd-server 2022-07-31 05:05:49,115 [INFO] Sending to ptd: 'SR,A,Auto'
ptd-server 2022-07-31 05:05:49,617 [INFO] Reply from ptd: 'Range A changed'
ptd-server 2022-07-31 05:05:59,627 [INFO] Starting ranging mode
ptd-server 2022-07-31 05:05:59,628 [INFO] Sending to ptd: 'Go,1000,0,2022-07-31_05-05-31_ranging'
ptd-server 2022-07-31 05:05:59,628 [INFO] Reply from ptd: 'Starting untimed measurement, maximum 500000 samples at 1000ms with 0 rampup samples'
ptd-server 2022-07-31 05:05:59,628 [INFO] Sending reply to client 'OK'
ptd-server 2022-07-31 05:16:14,949 [INFO] Got command from the client 'session,2022-07-31_05-05-31,stop,ranging'
ptd-server 2022-07-31 05:16:24,960 [INFO] Sending to ptd: 'Stop'
ptd-server 2022-07-31 05:16:24,960 [INFO] Reply from ptd: 'Stopping untimed measurement'
ptd-server 2022-07-31 05:16:26,245 [INFO] Sending reply to client 'OK'
ptd-server 2022-07-31 05:16:26,310 [INFO] Got command from the client 'time'
ptd-server 2022-07-31 05:16:26,310 [INFO] Sending reply to client '1659240986.3106918'
ptd-server 2022-07-31 05:16:26,312 [INFO] Got command from the client 'session,2022-07-31_05-05-31,start,testing'
ptd-server 2022-07-31 05:16:26,312 [INFO] Sending to ptd: 'SR,V,250.670000'
ptd-server 2022-07-31 05:16:27,813 [INFO] Reply from ptd: 'Range V changed'
ptd-server 2022-07-31 05:16:27,813 [INFO] Sending to ptd: 'SR,A,0.241820'
ptd-server 2022-07-31 05:16:29,315 [INFO] Reply from ptd: 'Range A changed'
ptd-server 2022-07-31 05:16:39,325 [INFO] Starting testing mode
ptd-server 2022-07-31 05:16:39,325 [INFO] Sending to ptd: 'Go,1000,0,2022-07-31_05-05-31_testing'
ptd-server 2022-07-31 05:16:39,325 [INFO] Reply from ptd: 'Starting untimed measurement, maximum 500000 samples at 1000ms with 0 rampup samples'
ptd-server 2022-07-31 05:16:39,326 [INFO] Sending reply to client 'OK'
ptd-server 2022-07-31 05:26:50,788 [INFO] Got command from the client 'session,2022-07-31_05-05-31,stop,testing'
ptd-server 2022-07-31 05:27:00,799 [INFO] Sending to ptd: 'Stop'
ptd-server 2022-07-31 05:27:00,799 [INFO] Reply from ptd: 'Stopping untimed measurement'
ptd-server 2022-07-31 05:27:01,432 [INFO] Sending reply to client 'OK'
ptd-server 2022-07-31 05:27:01,446 [INFO] Got command from the client 'session,2022-07-31_05-05-31,done'
ptd-server 2022-07-31 05:27:01,446 [INFO] Sending to ptd: 'Stop'
ptd-server 2022-07-31 05:27:01,447 [INFO] Reply from ptd: 'Error: no measurement to stop'
ptd-server 2022-07-31 05:27:01,447 [INFO] Sending to ptd: 'SR,V,Auto'
ptd-server 2022-07-31 05:27:01,949 [INFO] Reply from ptd: 'Range V changed'
ptd-server 2022-07-31 05:27:01,949 [INFO] Sending to ptd: 'SR,A,0.500000'
ptd-server 2022-07-31 05:27:03,451 [INFO] Reply from ptd: 'Range A changed'
ptd-server 2022-07-31 05:27:03,451 [INFO] Set initial values for Amps 0.500000 and Volts Auto
ptd-server 2022-07-31 05:27:03,451 [INFO] Stopping ptd...
