ptd-server 2022-07-24 23:39:34,036 [INFO] Got command from the client 'time'
ptd-server 2022-07-24 23:39:34,037 [INFO] Sending reply to client '1658702374.0370257'
ptd-server 2022-07-24 23:39:34,038 [INFO] Got command from the client 'new,,58c078d9-0265-4638-9c64-7e4ecde7a5ee'
ptd-server 2022-07-24 23:39:34,038 [INFO] Sending reply to client 'OK 2022-07-24_23-39-34,4dae6f3c-9061-4bb8-b076-97ff94889dc0'
ptd-server 2022-07-24 23:39:34,076 [INFO] Got command from the client 'time'
ptd-server 2022-07-24 23:39:34,077 [INFO] Sending reply to client '1658702374.0769837'
ptd-server 2022-07-24 23:39:34,078 [INFO] Got command from the client 'session,2022-07-24_23-39-34,start,ranging'
ptd-server 2022-07-24 23:39:34,078 [INFO] Running PTDaemon: ['/home/anton/projects/mlperf/power/inference_v1.0/ptd-linux-x86', '-l', '/tmp/tmp7lgbo8s4/ptd_logfile.txt', '-p', '8888', '49', '/dev/usbtmc0']
ptd-server 2022-07-24 23:39:51,253 [INFO] Sending to ptd: 'Hello'
ptd-server 2022-07-24 23:39:51,254 [INFO] Reply from ptd: 'Hello, PTDaemon here!'
ptd-server 2022-07-24 23:39:51,254 [INFO] Sending to ptd: 'Identify'
ptd-server 2022-07-24 23:39:51,254 [INFO] Reply from ptd: 'YokogawaWT310E,1000,1,1,1,1,0,1,1,version=1.9.2-e8c7a49a-20201208,OS=Linux 5.13.0-52-generic #59~20.04.1-Ubuntu SMP Thu Jun 16 21:21:28 UTC 2022 x86_64,mode=power,1,1,1,0,0,no_cal_date,YOKOGAWA;WT310E;C3XA04010E;F1.04'
ptd-server 2022-07-24 23:39:51,254 [INFO] Connected to PTDaemon
ptd-server 2022-07-24 23:39:51,254 [INFO] Sending to ptd: 'RR'
ptd-server 2022-07-24 23:39:51,255 [INFO] Reply from ptd: 'Ranges,0,0.500000,1,300.000000'
ptd-server 2022-07-24 23:39:51,255 [INFO] Initial range for Amps is 0.500000 for Volts is Auto
ptd-server 2022-07-24 23:39:51,255 [INFO] Sending to ptd: 'SR,V,Auto'
ptd-server 2022-07-24 23:39:51,758 [INFO] Reply from ptd: 'Range V changed'
ptd-server 2022-07-24 23:39:51,758 [INFO] Sending to ptd: 'SR,A,Auto'
ptd-server 2022-07-24 23:39:52,260 [INFO] Reply from ptd: 'Range A changed'
ptd-server 2022-07-24 23:40:02,271 [INFO] Starting ranging mode
ptd-server 2022-07-24 23:40:02,271 [INFO] Sending to ptd: 'Go,1000,0,2022-07-24_23-39-34_ranging'
ptd-server 2022-07-24 23:40:02,271 [INFO] Reply from ptd: 'Starting untimed measurement, maximum 500000 samples at 1000ms with 0 rampup samples'
ptd-server 2022-07-24 23:40:02,272 [INFO] Sending reply to client 'OK'
ptd-server 2022-07-24 23:50:27,087 [INFO] Got command from the client 'session,2022-07-24_23-39-34,stop,ranging'
ptd-server 2022-07-24 23:50:37,097 [INFO] Sending to ptd: 'Stop'
ptd-server 2022-07-24 23:50:37,098 [INFO] Reply from ptd: 'Stopping untimed measurement'
ptd-server 2022-07-24 23:50:37,841 [INFO] Sending reply to client 'OK'
ptd-server 2022-07-24 23:50:37,884 [INFO] Got command from the client 'time'
ptd-server 2022-07-24 23:50:37,884 [INFO] Sending reply to client '1658703037.8849218'
ptd-server 2022-07-24 23:50:37,886 [INFO] Got command from the client 'session,2022-07-24_23-39-34,start,testing'
ptd-server 2022-07-24 23:50:37,886 [INFO] Sending to ptd: 'SR,V,250.780000'
ptd-server 2022-07-24 23:50:39,387 [INFO] Reply from ptd: 'Range V changed'
ptd-server 2022-07-24 23:50:39,387 [INFO] Sending to ptd: 'SR,A,0.050210'
ptd-server 2022-07-24 23:50:40,889 [INFO] Reply from ptd: 'Range A changed'
ptd-server 2022-07-24 23:50:50,899 [INFO] Starting testing mode
ptd-server 2022-07-24 23:50:50,899 [INFO] Sending to ptd: 'Go,1000,0,2022-07-24_23-39-34_testing'
ptd-server 2022-07-24 23:50:50,900 [INFO] Reply from ptd: 'Starting untimed measurement, maximum 500000 samples at 1000ms with 0 rampup samples'
ptd-server 2022-07-24 23:50:50,900 [INFO] Sending reply to client 'OK'
ptd-server 2022-07-25 00:01:15,651 [INFO] Got command from the client 'session,2022-07-24_23-39-34,stop,testing'
ptd-server 2022-07-25 00:01:25,661 [INFO] Sending to ptd: 'Stop'
ptd-server 2022-07-25 00:01:25,662 [INFO] Reply from ptd: 'Stopping untimed measurement'
ptd-server 2022-07-25 00:01:26,049 [INFO] Sending reply to client 'OK'
ptd-server 2022-07-25 00:01:26,057 [INFO] Got command from the client 'session,2022-07-24_23-39-34,done'
ptd-server 2022-07-25 00:01:26,057 [INFO] Sending to ptd: 'Stop'
ptd-server 2022-07-25 00:01:26,057 [INFO] Reply from ptd: 'Error: no measurement to stop'
ptd-server 2022-07-25 00:01:26,058 [INFO] Sending to ptd: 'SR,V,Auto'
ptd-server 2022-07-25 00:01:26,560 [INFO] Reply from ptd: 'Range V changed'
ptd-server 2022-07-25 00:01:26,560 [INFO] Sending to ptd: 'SR,A,0.500000'
ptd-server 2022-07-25 00:01:28,062 [INFO] Reply from ptd: 'Range A changed'
ptd-server 2022-07-25 00:01:28,062 [INFO] Set initial values for Amps 0.500000 and Volts Auto
ptd-server 2022-07-25 00:01:28,062 [INFO] Stopping ptd...
