ptd-server 2022-07-22 17:52:47,426 [INFO] Got command from the client 'stop'
ptd-server 2022-07-22 17:52:47,426 [INFO] The server will be stopped after processing this client
ptd-server 2022-07-22 17:52:47,426 [INFO] Sending reply to client 'OK'
ptd-server 2022-07-22 17:52:47,629 [INFO] Got command from the client 'time'
ptd-server 2022-07-22 17:52:47,629 [INFO] Sending reply to client '1658537567.6296701'
ptd-server 2022-07-22 17:52:47,629 [INFO] Got command from the client 'new,,0ae5de27-0df6-421b-bfa7-0fd462420557'
ptd-server 2022-07-22 17:52:47,629 [INFO] Sending reply to client 'OK 2022-07-22_17-52-47,8a7c6b1b-7e46-4091-b405-fb9c6f32d726'
ptd-server 2022-07-22 17:52:47,832 [INFO] Got command from the client 'time'
ptd-server 2022-07-22 17:52:47,832 [INFO] Sending reply to client '1658537567.8327482'
ptd-server 2022-07-22 17:52:47,832 [INFO] Got command from the client 'session,2022-07-22_17-52-47,start,ranging'
ptd-server 2022-07-22 17:52:47,942 [INFO] Running PTDaemon: ['C:\\PTD\\ptd-windows-x86.exe', '-l', 'C:\\Users\\lab\\AppData\\Local\\Temp\\tmpm6f1xl08\\ptd_logfile.txt', '-p', '8888', '-c', '1,3', '-y', '77', '10.117.41.199']
ptd-server 2022-07-22 17:53:07,109 [INFO] Sending to ptd: 'Hello'
ptd-server 2022-07-22 17:53:07,109 [INFO] Reply from ptd: 'Hello, PTDaemon here!'
ptd-server 2022-07-22 17:53:07,109 [INFO] Sending to ptd: 'Identify'
ptd-server 2022-07-22 17:53:07,125 [INFO] Reply from ptd: 'YokogawaWT330_multichannel,1000,1,1,1,1,0,0,1,version=1.9.2-3976349f-20201208,OS=Windows 8 / Server 2012,mode=power,1,1,2,0,0,no_cal_date,YOKOGAWA;WT333E;C2WL21011V;F1.04'
ptd-server 2022-07-22 17:53:07,156 [INFO] Connected to PTDaemon
ptd-server 2022-07-22 17:53:07,156 [INFO] Sending to ptd: 'RR'
ptd-server 2022-07-22 17:53:07,156 [INFO] Reply from ptd: 'Ranges,0,5.000000,0,300.000000'
ptd-server 2022-07-22 17:53:07,156 [INFO] Initial range for Amps is 5.000000 for Volts is 300.000000
ptd-server 2022-07-22 17:53:07,156 [INFO] Sending to ptd: 'SR,V,Auto'
ptd-server 2022-07-22 17:53:12,233 [INFO] Reply from ptd: 'Range V changed'
ptd-server 2022-07-22 17:53:12,233 [INFO] Sending to ptd: 'SR,A,Auto'
ptd-server 2022-07-22 17:53:17,310 [INFO] Reply from ptd: 'Range A changed'
ptd-server 2022-07-22 17:53:27,323 [INFO] Starting ranging mode
ptd-server 2022-07-22 17:53:27,323 [INFO] Sending to ptd: 'Go,1000,0,2022-07-22_17-52-47_ranging'
ptd-server 2022-07-22 17:53:27,323 [INFO] Reply from ptd: 'Starting untimed measurement, maximum 500000 samples at 1000ms with 0 rampup samples'
ptd-server 2022-07-22 17:53:27,323 [INFO] Sending reply to client 'OK'
ptd-server 2022-07-22 18:05:08,911 [INFO] Got command from the client 'session,2022-07-22_17-52-47,stop,ranging'
ptd-server 2022-07-22 18:05:18,924 [INFO] Sending to ptd: 'Stop'
ptd-server 2022-07-22 18:05:18,924 [INFO] Reply from ptd: 'Stopping untimed measurement'
ptd-server 2022-07-22 18:05:18,955 [INFO] Sending reply to client 'OK'
ptd-server 2022-07-22 18:05:19,190 [INFO] Got command from the client 'time'
ptd-server 2022-07-22 18:05:19,190 [INFO] Sending reply to client '1658538319.1901357'
ptd-server 2022-07-22 18:05:19,205 [INFO] Got command from the client 'session,2022-07-22_17-52-47,start,testing'
ptd-server 2022-07-22 18:05:19,205 [INFO] Sending to ptd: 'SR,V,205.600000'
ptd-server 2022-07-22 18:05:25,423 [INFO] Reply from ptd: 'Range V changed'
ptd-server 2022-07-22 18:05:25,423 [INFO] Sending to ptd: 'SR,A,3.757000'
ptd-server 2022-07-22 18:05:31,015 [INFO] Reply from ptd: 'Range A changed'
ptd-server 2022-07-22 18:05:41,028 [INFO] Starting testing mode
ptd-server 2022-07-22 18:05:41,028 [INFO] Sending to ptd: 'Go,1000,0,2022-07-22_17-52-47_testing'
ptd-server 2022-07-22 18:05:41,028 [INFO] Reply from ptd: 'Starting untimed measurement, maximum 500000 samples at 1000ms with 0 rampup samples'
ptd-server 2022-07-22 18:05:41,028 [INFO] Sending reply to client 'OK'
ptd-server 2022-07-22 18:17:25,646 [INFO] Got command from the client 'session,2022-07-22_17-52-47,stop,testing'
ptd-server 2022-07-22 18:17:35,659 [INFO] Sending to ptd: 'Stop'
ptd-server 2022-07-22 18:17:35,659 [INFO] Reply from ptd: 'Stopping untimed measurement'
ptd-server 2022-07-22 18:17:35,675 [INFO] Sending reply to client 'OK'
ptd-server 2022-07-22 18:17:35,722 [INFO] Got command from the client 'session,2022-07-22_17-52-47,done'
ptd-server 2022-07-22 18:17:35,722 [INFO] Sending to ptd: 'Stop'
ptd-server 2022-07-22 18:17:36,034 [INFO] Reply from ptd: 'Error: no measurement to stop'
ptd-server 2022-07-22 18:17:36,034 [INFO] Sending to ptd: 'SR,V,300.000000'
ptd-server 2022-07-22 18:17:42,126 [INFO] Reply from ptd: 'Range V changed'
ptd-server 2022-07-22 18:17:42,126 [INFO] Sending to ptd: 'SR,A,5.000000'
ptd-server 2022-07-22 18:17:47,719 [INFO] Reply from ptd: 'Range A changed'
ptd-server 2022-07-22 18:17:47,719 [INFO] Set initial values for Amps 5.000000 and Volts 300.000000
ptd-server 2022-07-22 18:17:47,719 [INFO] Stopping ptd...
