ptd-server 2022-08-01 15:12:08,769 [INFO] Got command from the client 'time'
ptd-server 2022-08-01 15:12:08,770 [INFO] Sending reply to client '1659363128.7700124'
ptd-server 2022-08-01 15:12:08,770 [INFO] Got command from the client 'new,,423fd88f-b4a0-4d3f-8fc5-c407a918e2ad'
ptd-server 2022-08-01 15:12:08,771 [INFO] Sending reply to client 'OK 2022-08-01_15-12-08,0821440d-31ca-44f8-bf3c-742bef40eed5'
ptd-server 2022-08-01 15:12:08,809 [INFO] Got command from the client 'time'
ptd-server 2022-08-01 15:12:08,809 [INFO] Sending reply to client '1659363128.8093946'
ptd-server 2022-08-01 15:12:08,810 [INFO] Got command from the client 'session,2022-08-01_15-12-08,start,ranging'
ptd-server 2022-08-01 15:12:08,810 [INFO] Running PTDaemon: ['/home/anton/projects/mlperf/power/inference_v1.0/ptd-linux-x86', '-l', '/tmp/tmp7lgbo8s4/ptd_logfile.txt', '-p', '8888', '49', '/dev/usbtmc0']
ptd-server 2022-08-01 15:12:25,984 [INFO] Sending to ptd: 'Hello'
ptd-server 2022-08-01 15:12:25,985 [INFO] Reply from ptd: 'Hello, PTDaemon here!'
ptd-server 2022-08-01 15:12:25,985 [INFO] Sending to ptd: 'Identify'
ptd-server 2022-08-01 15:12:25,985 [INFO] Reply from ptd: 'YokogawaWT310E,1000,1,1,1,1,0,1,1,version=1.9.2-e8c7a49a-20201208,OS=Linux 5.13.0-52-generic #59~20.04.1-Ubuntu SMP Thu Jun 16 21:21:28 UTC 2022 x86_64,mode=power,1,1,1,0,0,no_cal_date,YOKOGAWA;WT310E;C3XA04010E;F1.04'
ptd-server 2022-08-01 15:12:25,986 [INFO] Connected to PTDaemon
ptd-server 2022-08-01 15:12:25,986 [INFO] Sending to ptd: 'RR'
ptd-server 2022-08-01 15:12:25,986 [INFO] Reply from ptd: 'Ranges,0,0.500000,1,300.000000'
ptd-server 2022-08-01 15:12:25,986 [INFO] Initial range for Amps is 0.500000 for Volts is Auto
ptd-server 2022-08-01 15:12:25,986 [INFO] Sending to ptd: 'SR,V,Auto'
ptd-server 2022-08-01 15:12:26,489 [INFO] Reply from ptd: 'Range V changed'
ptd-server 2022-08-01 15:12:26,489 [INFO] Sending to ptd: 'SR,A,Auto'
ptd-server 2022-08-01 15:12:26,991 [INFO] Reply from ptd: 'Range A changed'
ptd-server 2022-08-01 15:12:37,002 [INFO] Starting ranging mode
ptd-server 2022-08-01 15:12:37,002 [INFO] Sending to ptd: 'Go,1000,0,2022-08-01_15-12-08_ranging'
ptd-server 2022-08-01 15:12:37,002 [INFO] Reply from ptd: 'Starting untimed measurement, maximum 500000 samples at 1000ms with 0 rampup samples'
ptd-server 2022-08-01 15:12:37,003 [INFO] Sending reply to client 'OK'
ptd-server 2022-08-01 15:22:54,244 [INFO] Got command from the client 'session,2022-08-01_15-12-08,stop,ranging'
ptd-server 2022-08-01 15:23:04,254 [INFO] Sending to ptd: 'Stop'
ptd-server 2022-08-01 15:23:04,255 [INFO] Reply from ptd: 'Stopping untimed measurement'
ptd-server 2022-08-01 15:23:05,656 [INFO] Sending reply to client 'OK'
ptd-server 2022-08-01 15:23:05,722 [INFO] Got command from the client 'time'
ptd-server 2022-08-01 15:23:05,722 [INFO] Sending reply to client '1659363785.7225425'
ptd-server 2022-08-01 15:23:05,724 [INFO] Got command from the client 'session,2022-08-01_15-12-08,start,testing'
ptd-server 2022-08-01 15:23:05,724 [INFO] Sending to ptd: 'SR,V,252.350000'
ptd-server 2022-08-01 15:23:07,225 [INFO] Reply from ptd: 'Range V changed'
ptd-server 2022-08-01 15:23:07,226 [INFO] Sending to ptd: 'SR,A,0.252060'
ptd-server 2022-08-01 15:23:08,727 [INFO] Reply from ptd: 'Range A changed'
ptd-server 2022-08-01 15:23:18,737 [INFO] Starting testing mode
ptd-server 2022-08-01 15:23:18,738 [INFO] Sending to ptd: 'Go,1000,0,2022-08-01_15-12-08_testing'
ptd-server 2022-08-01 15:23:18,738 [INFO] Reply from ptd: 'Starting untimed measurement, maximum 500000 samples at 1000ms with 0 rampup samples'
ptd-server 2022-08-01 15:23:18,738 [INFO] Sending reply to client 'OK'
ptd-server 2022-08-01 15:33:33,102 [INFO] Got command from the client 'session,2022-08-01_15-12-08,stop,testing'
ptd-server 2022-08-01 15:33:43,113 [INFO] Sending to ptd: 'Stop'
ptd-server 2022-08-01 15:33:43,113 [INFO] Reply from ptd: 'Stopping untimed measurement'
ptd-server 2022-08-01 15:33:43,830 [INFO] Sending reply to client 'OK'
ptd-server 2022-08-01 15:33:43,845 [INFO] Got command from the client 'session,2022-08-01_15-12-08,done'
ptd-server 2022-08-01 15:33:43,845 [INFO] Sending to ptd: 'Stop'
ptd-server 2022-08-01 15:33:43,846 [INFO] Reply from ptd: 'Error: no measurement to stop'
ptd-server 2022-08-01 15:33:43,846 [INFO] Sending to ptd: 'SR,V,Auto'
ptd-server 2022-08-01 15:33:44,348 [INFO] Reply from ptd: 'Range V changed'
ptd-server 2022-08-01 15:33:44,348 [INFO] Sending to ptd: 'SR,A,0.500000'
ptd-server 2022-08-01 15:33:45,850 [INFO] Reply from ptd: 'Range A changed'
ptd-server 2022-08-01 15:33:45,850 [INFO] Set initial values for Amps 0.500000 and Volts Auto
ptd-server 2022-08-01 15:33:45,850 [INFO] Stopping ptd...
