client 2022-08-01 21:06:56,815 [WARNING] Removing loadgen logs directory '/home/yvan/CK/ck-mlperf/program/image-classification-armnn-tflite-loadgen/tmp/loadgen_logs'
client 2022-08-01 21:06:56,816 [INFO] Sending command to the server: 'mlcommons/power client v3'
client 2022-08-01 21:06:56,817 [INFO] Got response: 'mlcommons/power server v3'
client 2022-08-01 21:06:56,817 [INFO] Synchronizing with the server and with time.google.com...
client 2022-08-01 21:06:56,856 [INFO] NTP:offset = 0.007 s, delay = 0.035 s 
client 2022-08-01 21:06:56,856 [INFO] Sending command to the server: 'time'
client 2022-08-01 21:06:56,857 [INFO] Got response: '1659384416.8613534'
client 2022-08-01 21:06:56,857 [INFO] The time difference between the client and the server is within range -4.718 ms..-3.824 ms
client 2022-08-01 21:06:56,857 [INFO] Sending command to the server: 'new,,410df76f-2f49-4bea-98b0-ee819b38d0b7'
client 2022-08-01 21:06:56,859 [INFO] Got response: 'OK 2022-08-01_21-06-56,9a9eef98-7ae1-4b37-adff-0782d3bf164b'
client 2022-08-01 21:06:56,859 [INFO] Session id is '2022-08-01_21-06-56'
client 2022-08-01 21:06:56,859 [INFO] Sources: {"sources": {"__init__.py": "da39a3ee5e6b4b0d3255bfef95601890afd80709", "client.py": "33ca4f26368777ac06e01f9567b714a4b8063886", "lib/__init__.py": "da39a3ee5e6b4b0d3255bfef95601890afd80709", "lib/client.py": "4c2b78fb4849a7e5b584ef792d82aaed20b17f57", "lib/common.py": "624d0c0acc7c39aaff3674f0b99d6a09da53d1dc", "lib/external/__init__.py": "da39a3ee5e6b4b0d3255bfef95601890afd80709", "lib/external/ntplib.py": "4da8f970656505a40483206ef2b5d3dd5e81711d", "lib/server.py": "cda0cdfaee9bfa1249c64a7dd4f89b7bf1b279f0", "lib/source_hashes.py": "60a2e02193209e8d392803326208d5466342da18", "lib/summary.py": "aa92f0a3f975eecd44d3c0cd0236342ccc9f941d", "lib/time_sync.py": "3210db56eb0ff0df57bf4293dc4d4b03fffd46f1", "server.py": "c3f90f2f7eeb4db30727556d0c815ebc89b3d28b", "tests/unit/__init__.py": "da39a3ee5e6b4b0d3255bfef95601890afd80709", "tests/unit/test_server.py": "99ae15aef722f2000ee6ed1ae1523637bf1ae42b", "tests/unit/test_source_hashes.py": "00468a2907583c593e6574a1f6b404e4651c221a"}, "modules": {"ptd_client_server.lib.client": "lib/client.py", "ptd_client_server.lib.common": "lib/common.py", "ptd_client_server.lib.external.ntplib": "lib/external/ntplib.py", "ptd_client_server.lib.source_hashes": "lib/source_hashes.py", "ptd_client_server.lib.summary": "lib/summary.py", "ptd_client_server.lib.time_sync": "lib/time_sync.py"}}
client 2022-08-01 21:06:56,859 [INFO] Running workload in ranging mode
client 2022-08-01 21:06:56,859 [INFO] Synchronizing with the server and with time.google.com...
client 2022-08-01 21:06:56,888 [INFO] NTP:offset = 0.003 s, delay = 0.027 s 
client 2022-08-01 21:06:56,888 [INFO] Sending command to the server: 'time'
client 2022-08-01 21:06:56,889 [INFO] Got response: '1659384416.8933253'
client 2022-08-01 21:06:56,889 [INFO] The time difference between the client and the server is within range -4.834 ms..-3.735 ms
client 2022-08-01 21:06:56,889 [INFO] Sending command to the server: 'session,2022-08-01_21-06-56,start,ranging'
client 2022-08-01 21:07:25,081 [INFO] Got response: 'OK'
client 2022-08-01 21:07:25,082 [INFO] Running the workload 'ck benchmark program:image-classification-armnn-tflite-loadgen --env.CK_SILENT_MODE=YES --skip_print_timers --dep_add_tags.compiler=gcc,v9 --dep_add_tags.python=v3 --dep_add_tags.mlperf-inference-src=r2.1 --dep_add_tags.weights=mobilenet,v2-1.4-224,quantized --dep_add_tags.images=crop.875,preprocessed,using-opencv --dep_add_tags.library=armnn,rel.22.05,neon --env.CK_LOADGEN_DATASET_SIZE=1024 --env.USE_NEON=1 --env.USE_OPENCL=0 --env.CK_LOADGEN_MODE=PerformanceOnly --env.CK_LOADGEN_SCENARIO=SingleStream --env.CK_LOADGEN_TARGET_LATENCY=$CK_LOADGEN_TARGET_LATENCY --skip_stat_analysis --process_multi_keys --repetitions=1 --record --record_repo=local --record_uoa=mlperf_v2.1-open-orin-armnn-v22.05-neon-mobilenet-v2-1.4-224-quantized-singlestream-performance-target_latency.$CK_LOADGEN_TARGET_LATENCY-power.workload --tags=mlperf,round.v2.1,division.open,task.image-classification,platform.orin,scenario.singlestream,mode.performance,workload.mobilenet-v2-1.4-224-quantized,preprocessed_using.opencv,inference_engine.armnn,inference_engine_version.v22.05,inference_engine_backend.neon,target_latency.$CK_LOADGEN_TARGET_LATENCY,power.workload "@@@{\'meta\': {\'ck_benchmark_program\': \'ck benchmark program:image-classification-armnn-tflite-loadgen --env.CK_SILENT_MODE=YES --skip_print_timers --dep_add_tags.compiler=gcc,v9 --dep_add_tags.python=v3 --dep_add_tags.mlperf-inference-src=r2.1 --dep_add_tags.weights=mobilenet,v2-1.4-224,quantized --dep_add_tags.images=crop.875,preprocessed,using-opencv --dep_add_tags.library=armnn,rel.22.05,neon --env.CK_LOADGEN_DATASET_SIZE=1024 --env.USE_NEON=1 --env.USE_OPENCL=0 --env.CK_LOADGEN_MODE=PerformanceOnly --env.CK_LOADGEN_SCENARIO=SingleStream --env.CK_LOADGEN_TARGET_LATENCY=$CK_LOADGEN_TARGET_LATENCY --skip_stat_analysis --process_multi_keys --repetitions=1 --record --record_repo=local --record_uoa=mlperf_v2.1-open-orin-armnn-v22.05-neon-mobilenet-v2-1.4-224-quantized-singlestream-performance-target_latency.$CK_LOADGEN_TARGET_LATENCY-power.workload --tags=mlperf,round.v2.1,division.open,task.image-classification,platform.orin,scenario.singlestream,mode.performance,workload.mobilenet-v2-1.4-224-quantized,preprocessed_using.opencv,inference_engine.armnn,inference_engine_version.v22.05,inference_engine_backend.neon,target_latency.$CK_LOADGEN_TARGET_LATENCY,power.workload\'}}" && cat `ck find program:image-classification-armnn-tflite-loadgen`/tmp/mlperf_log_summary.txt && mkdir -p "$CK_MLPERF_POWER_CLIENT_LOADGEN_LOGS" && cp "$CK_MLPERF_POWER_CLIENT_LOADGEN_LOGS"/../mlperf_log_* "$CK_MLPERF_POWER_CLIENT_LOADGEN_LOGS"/'
client 2022-08-01 21:17:36,423 [INFO] Sending command to the server: 'session,2022-08-01_21-06-56,stop,ranging'
client 2022-08-01 21:17:47,894 [INFO] Got response: 'OK'
client 2022-08-01 21:17:47,910 [INFO] Copying loadgen logs from '/home/yvan/CK/ck-mlperf/program/image-classification-armnn-tflite-loadgen/tmp/loadgen_logs' to '/home/yvan/CK/ck-mlperf/program/mlperf-power-client/tmp/2022-08-01_21-06-56/ranging'
client 2022-08-01 21:17:47,912 [INFO] Running workload in testing mode
client 2022-08-01 21:17:47,912 [INFO] Synchronizing with the server and with time.google.com...
client 2022-08-01 21:17:47,964 [INFO] NTP:offset = 0.004 s, delay = 0.028 s 
client 2022-08-01 21:17:47,964 [INFO] Sending command to the server: 'time'
client 2022-08-01 21:17:47,965 [INFO] Got response: '1659385067.9698634'
client 2022-08-01 21:17:47,965 [INFO] The time difference between the client and the server is within range -5.519 ms..-4.217 ms
client 2022-08-01 21:17:47,965 [INFO] Sending command to the server: 'session,2022-08-01_21-06-56,start,testing'
client 2022-08-01 21:18:00,981 [INFO] Got response: 'OK'
client 2022-08-01 21:18:00,982 [INFO] Running the workload 'ck benchmark program:image-classification-armnn-tflite-loadgen --env.CK_SILENT_MODE=YES --skip_print_timers --dep_add_tags.compiler=gcc,v9 --dep_add_tags.python=v3 --dep_add_tags.mlperf-inference-src=r2.1 --dep_add_tags.weights=mobilenet,v2-1.4-224,quantized --dep_add_tags.images=crop.875,preprocessed,using-opencv --dep_add_tags.library=armnn,rel.22.05,neon --env.CK_LOADGEN_DATASET_SIZE=1024 --env.USE_NEON=1 --env.USE_OPENCL=0 --env.CK_LOADGEN_MODE=PerformanceOnly --env.CK_LOADGEN_SCENARIO=SingleStream --env.CK_LOADGEN_TARGET_LATENCY=$CK_LOADGEN_TARGET_LATENCY --skip_stat_analysis --process_multi_keys --repetitions=1 --record --record_repo=local --record_uoa=mlperf_v2.1-open-orin-armnn-v22.05-neon-mobilenet-v2-1.4-224-quantized-singlestream-performance-target_latency.$CK_LOADGEN_TARGET_LATENCY-power.workload --tags=mlperf,round.v2.1,division.open,task.image-classification,platform.orin,scenario.singlestream,mode.performance,workload.mobilenet-v2-1.4-224-quantized,preprocessed_using.opencv,inference_engine.armnn,inference_engine_version.v22.05,inference_engine_backend.neon,target_latency.$CK_LOADGEN_TARGET_LATENCY,power.workload "@@@{\'meta\': {\'ck_benchmark_program\': \'ck benchmark program:image-classification-armnn-tflite-loadgen --env.CK_SILENT_MODE=YES --skip_print_timers --dep_add_tags.compiler=gcc,v9 --dep_add_tags.python=v3 --dep_add_tags.mlperf-inference-src=r2.1 --dep_add_tags.weights=mobilenet,v2-1.4-224,quantized --dep_add_tags.images=crop.875,preprocessed,using-opencv --dep_add_tags.library=armnn,rel.22.05,neon --env.CK_LOADGEN_DATASET_SIZE=1024 --env.USE_NEON=1 --env.USE_OPENCL=0 --env.CK_LOADGEN_MODE=PerformanceOnly --env.CK_LOADGEN_SCENARIO=SingleStream --env.CK_LOADGEN_TARGET_LATENCY=$CK_LOADGEN_TARGET_LATENCY --skip_stat_analysis --process_multi_keys --repetitions=1 --record --record_repo=local --record_uoa=mlperf_v2.1-open-orin-armnn-v22.05-neon-mobilenet-v2-1.4-224-quantized-singlestream-performance-target_latency.$CK_LOADGEN_TARGET_LATENCY-power.workload --tags=mlperf,round.v2.1,division.open,task.image-classification,platform.orin,scenario.singlestream,mode.performance,workload.mobilenet-v2-1.4-224-quantized,preprocessed_using.opencv,inference_engine.armnn,inference_engine_version.v22.05,inference_engine_backend.neon,target_latency.$CK_LOADGEN_TARGET_LATENCY,power.workload\'}}" && cat `ck find program:image-classification-armnn-tflite-loadgen`/tmp/mlperf_log_summary.txt && mkdir -p "$CK_MLPERF_POWER_CLIENT_LOADGEN_LOGS" && cp "$CK_MLPERF_POWER_CLIENT_LOADGEN_LOGS"/../mlperf_log_* "$CK_MLPERF_POWER_CLIENT_LOADGEN_LOGS"/'
client 2022-08-01 21:28:12,321 [INFO] Sending command to the server: 'session,2022-08-01_21-06-56,stop,testing'
client 2022-08-01 21:28:23,064 [INFO] Got response: 'OK'
client 2022-08-01 21:28:23,069 [INFO] Copying loadgen logs from '/home/yvan/CK/ck-mlperf/program/image-classification-armnn-tflite-loadgen/tmp/loadgen_logs' to '/home/yvan/CK/ck-mlperf/program/mlperf-power-client/tmp/2022-08-01_21-06-56/run_1'
client 2022-08-01 21:28:23,071 [INFO] Done runs
