ptd-server 2022-07-22 02:15:00,494 [INFO] Got command from the client 'time'
ptd-server 2022-07-22 02:15:00,494 [INFO] Sending reply to client '1658452500.4942124'
ptd-server 2022-07-22 02:15:00,495 [INFO] Got command from the client 'new,,f678e77e-30af-41d8-9e7e-40c301f64634'
ptd-server 2022-07-22 02:15:00,496 [INFO] Sending reply to client 'OK 2022-07-22_02-15-00,ba7d9036-cfe6-4637-a0bf-d8701b10e50b'
ptd-server 2022-07-22 02:15:00,526 [INFO] Got command from the client 'time'
ptd-server 2022-07-22 02:15:00,527 [INFO] Sending reply to client '1658452500.5271208'
ptd-server 2022-07-22 02:15:00,528 [INFO] Got command from the client 'session,2022-07-22_02-15-00,start,ranging'
ptd-server 2022-07-22 02:15:00,528 [INFO] Running PTDaemon: ['/home/anton/projects/mlperf/power/inference_v1.0/ptd-linux-x86', '-l', '/tmp/tmp7lgbo8s4/ptd_logfile.txt', '-p', '8888', '49', '/dev/usbtmc0']
ptd-server 2022-07-22 02:15:17,703 [INFO] Sending to ptd: 'Hello'
ptd-server 2022-07-22 02:15:17,703 [INFO] Reply from ptd: 'Hello, PTDaemon here!'
ptd-server 2022-07-22 02:15:17,704 [INFO] Sending to ptd: 'Identify'
ptd-server 2022-07-22 02:15:17,704 [INFO] Reply from ptd: 'YokogawaWT310E,1000,1,1,1,1,0,1,1,version=1.9.2-e8c7a49a-20201208,OS=Linux 5.13.0-52-generic #59~20.04.1-Ubuntu SMP Thu Jun 16 21:21:28 UTC 2022 x86_64,mode=power,1,1,1,0,0,no_cal_date,YOKOGAWA;WT310E;C3XA04010E;F1.04'
ptd-server 2022-07-22 02:15:17,704 [INFO] Connected to PTDaemon
ptd-server 2022-07-22 02:15:17,704 [INFO] Sending to ptd: 'RR'
ptd-server 2022-07-22 02:15:17,705 [INFO] Reply from ptd: 'Ranges,0,0.500000,1,300.000000'
ptd-server 2022-07-22 02:15:17,705 [INFO] Initial range for Amps is 0.500000 for Volts is Auto
ptd-server 2022-07-22 02:15:17,705 [INFO] Sending to ptd: 'SR,V,Auto'
ptd-server 2022-07-22 02:15:18,207 [INFO] Reply from ptd: 'Range V changed'
ptd-server 2022-07-22 02:15:18,207 [INFO] Sending to ptd: 'SR,A,Auto'
ptd-server 2022-07-22 02:15:18,710 [INFO] Reply from ptd: 'Range A changed'
ptd-server 2022-07-22 02:15:28,720 [INFO] Starting ranging mode
ptd-server 2022-07-22 02:15:28,720 [INFO] Sending to ptd: 'Go,1000,0,2022-07-22_02-15-00_ranging'
ptd-server 2022-07-22 02:15:28,721 [INFO] Reply from ptd: 'Starting untimed measurement, maximum 500000 samples at 1000ms with 0 rampup samples'
ptd-server 2022-07-22 02:15:28,721 [INFO] Sending reply to client 'OK'
ptd-server 2022-07-22 02:25:49,948 [INFO] Got command from the client 'session,2022-07-22_02-15-00,stop,ranging'
ptd-server 2022-07-22 02:25:59,959 [INFO] Sending to ptd: 'Stop'
ptd-server 2022-07-22 02:25:59,959 [INFO] Reply from ptd: 'Stopping untimed measurement'
ptd-server 2022-07-22 02:26:00,347 [INFO] Sending reply to client 'OK'
ptd-server 2022-07-22 02:26:00,412 [INFO] Got command from the client 'time'
ptd-server 2022-07-22 02:26:00,412 [INFO] Sending reply to client '1658453160.412503'
ptd-server 2022-07-22 02:26:00,413 [INFO] Got command from the client 'session,2022-07-22_02-15-00,start,testing'
ptd-server 2022-07-22 02:26:00,413 [INFO] Sending to ptd: 'SR,V,250.560000'
ptd-server 2022-07-22 02:26:02,223 [INFO] Reply from ptd: 'Range V changed'
ptd-server 2022-07-22 02:26:02,223 [INFO] Sending to ptd: 'SR,A,0.067660'
ptd-server 2022-07-22 02:26:03,724 [INFO] Reply from ptd: 'Range A changed'
ptd-server 2022-07-22 02:26:13,735 [INFO] Starting testing mode
ptd-server 2022-07-22 02:26:13,735 [INFO] Sending to ptd: 'Go,1000,0,2022-07-22_02-15-00_testing'
ptd-server 2022-07-22 02:26:13,735 [INFO] Reply from ptd: 'Starting untimed measurement, maximum 500000 samples at 1000ms with 0 rampup samples'
ptd-server 2022-07-22 02:26:13,735 [INFO] Sending reply to client 'OK'
ptd-server 2022-07-22 02:36:34,831 [INFO] Got command from the client 'session,2022-07-22_02-15-00,stop,testing'
ptd-server 2022-07-22 02:36:44,841 [INFO] Sending to ptd: 'Stop'
ptd-server 2022-07-22 02:36:44,842 [INFO] Reply from ptd: 'Stopping untimed measurement'
ptd-server 2022-07-22 02:36:45,053 [INFO] Sending reply to client 'OK'
ptd-server 2022-07-22 02:36:45,061 [INFO] Got command from the client 'session,2022-07-22_02-15-00,done'
ptd-server 2022-07-22 02:36:45,061 [INFO] Sending to ptd: 'Stop'
ptd-server 2022-07-22 02:36:45,736 [INFO] Reply from ptd: 'Error: no measurement to stop'
ptd-server 2022-07-22 02:36:45,736 [INFO] Sending to ptd: 'SR,V,Auto'
ptd-server 2022-07-22 02:36:46,238 [INFO] Reply from ptd: 'Range V changed'
ptd-server 2022-07-22 02:36:46,239 [INFO] Sending to ptd: 'SR,A,0.500000'
ptd-server 2022-07-22 02:36:47,741 [INFO] Reply from ptd: 'Range A changed'
ptd-server 2022-07-22 02:36:47,741 [INFO] Set initial values for Amps 0.500000 and Volts Auto
ptd-server 2022-07-22 02:36:47,741 [INFO] Stopping ptd...
