ptd-server 2022-07-27 08:26:59,847 [INFO] Got command from the client 'time'
ptd-server 2022-07-27 08:26:59,847 [INFO] Sending reply to client '1658906819.8476388'
ptd-server 2022-07-27 08:26:59,854 [INFO] Got command from the client 'new,,fed2fd47-464a-466b-bac6-719967db8284'
ptd-server 2022-07-27 08:26:59,854 [INFO] Sending reply to client 'OK 2022-07-27_08-26-59,a1967d18-66fe-4a32-ad01-fd37df2a717b'
ptd-server 2022-07-27 08:26:59,950 [INFO] Got command from the client 'time'
ptd-server 2022-07-27 08:26:59,951 [INFO] Sending reply to client '1658906819.9510257'
ptd-server 2022-07-27 08:26:59,957 [INFO] Got command from the client 'session,2022-07-27_08-26-59,start,ranging'
ptd-server 2022-07-27 08:26:59,957 [INFO] Running PTDaemon: ['/home/anton/projects/mlperf/power/inference_v1.0/ptd-linux-x86', '-l', '/tmp/tmp7lgbo8s4/ptd_logfile.txt', '-p', '8888', '49', '/dev/usbtmc0']
ptd-server 2022-07-27 08:27:17,131 [INFO] Sending to ptd: 'Hello'
ptd-server 2022-07-27 08:27:17,132 [INFO] Reply from ptd: 'Hello, PTDaemon here!'
ptd-server 2022-07-27 08:27:17,132 [INFO] Sending to ptd: 'Identify'
ptd-server 2022-07-27 08:27:17,132 [INFO] Reply from ptd: 'YokogawaWT310E,1000,1,1,1,1,0,1,1,version=1.9.2-e8c7a49a-20201208,OS=Linux 5.13.0-52-generic #59~20.04.1-Ubuntu SMP Thu Jun 16 21:21:28 UTC 2022 x86_64,mode=power,1,1,1,0,0,no_cal_date,YOKOGAWA;WT310E;C3XA04010E;F1.04'
ptd-server 2022-07-27 08:27:17,132 [INFO] Connected to PTDaemon
ptd-server 2022-07-27 08:27:17,132 [INFO] Sending to ptd: 'RR'
ptd-server 2022-07-27 08:27:17,133 [INFO] Reply from ptd: 'Ranges,0,0.500000,1,300.000000'
ptd-server 2022-07-27 08:27:17,133 [INFO] Initial range for Amps is 0.500000 for Volts is Auto
ptd-server 2022-07-27 08:27:17,133 [INFO] Sending to ptd: 'SR,V,Auto'
ptd-server 2022-07-27 08:27:17,636 [INFO] Reply from ptd: 'Range V changed'
ptd-server 2022-07-27 08:27:17,636 [INFO] Sending to ptd: 'SR,A,Auto'
ptd-server 2022-07-27 08:27:18,138 [INFO] Reply from ptd: 'Range A changed'
ptd-server 2022-07-27 08:27:28,148 [INFO] Starting ranging mode
ptd-server 2022-07-27 08:27:28,149 [INFO] Sending to ptd: 'Go,1000,0,2022-07-27_08-26-59_ranging'
ptd-server 2022-07-27 08:27:28,149 [INFO] Reply from ptd: 'Starting untimed measurement, maximum 500000 samples at 1000ms with 0 rampup samples'
ptd-server 2022-07-27 08:27:28,149 [INFO] Sending reply to client 'OK'
ptd-server 2022-07-27 08:37:43,502 [INFO] Got command from the client 'session,2022-07-27_08-26-59,stop,ranging'
ptd-server 2022-07-27 08:37:53,512 [INFO] Sending to ptd: 'Stop'
ptd-server 2022-07-27 08:37:53,512 [INFO] Reply from ptd: 'Stopping untimed measurement'
ptd-server 2022-07-27 08:37:54,448 [INFO] Sending reply to client 'OK'
ptd-server 2022-07-27 08:37:54,614 [INFO] Got command from the client 'time'
ptd-server 2022-07-27 08:37:54,614 [INFO] Sending reply to client '1658907474.6148329'
ptd-server 2022-07-27 08:37:54,619 [INFO] Got command from the client 'session,2022-07-27_08-26-59,start,testing'
ptd-server 2022-07-27 08:37:54,619 [INFO] Sending to ptd: 'SR,V,251.550000'
ptd-server 2022-07-27 08:37:56,121 [INFO] Reply from ptd: 'Range V changed'
ptd-server 2022-07-27 08:37:56,121 [INFO] Sending to ptd: 'SR,A,0.042940'
ptd-server 2022-07-27 08:37:57,622 [INFO] Reply from ptd: 'Range A changed'
ptd-server 2022-07-27 08:38:07,633 [INFO] Starting testing mode
ptd-server 2022-07-27 08:38:07,633 [INFO] Sending to ptd: 'Go,1000,0,2022-07-27_08-26-59_testing'
ptd-server 2022-07-27 08:38:07,633 [INFO] Reply from ptd: 'Starting untimed measurement, maximum 500000 samples at 1000ms with 0 rampup samples'
ptd-server 2022-07-27 08:38:07,633 [INFO] Sending reply to client 'OK'
ptd-server 2022-07-27 08:48:22,986 [INFO] Got command from the client 'session,2022-07-27_08-26-59,stop,testing'
ptd-server 2022-07-27 08:48:32,996 [INFO] Sending to ptd: 'Stop'
ptd-server 2022-07-27 08:48:32,997 [INFO] Reply from ptd: 'Stopping untimed measurement'
ptd-server 2022-07-27 08:48:33,484 [INFO] Sending reply to client 'OK'
ptd-server 2022-07-27 08:48:33,525 [INFO] Got command from the client 'session,2022-07-27_08-26-59,done'
ptd-server 2022-07-27 08:48:33,525 [INFO] Sending to ptd: 'Stop'
ptd-server 2022-07-27 08:48:33,633 [INFO] Reply from ptd: 'Error: no measurement to stop'
ptd-server 2022-07-27 08:48:33,634 [INFO] Sending to ptd: 'SR,V,Auto'
ptd-server 2022-07-27 08:48:34,136 [INFO] Reply from ptd: 'Range V changed'
ptd-server 2022-07-27 08:48:34,136 [INFO] Sending to ptd: 'SR,A,0.500000'
ptd-server 2022-07-27 08:48:35,638 [INFO] Reply from ptd: 'Range A changed'
ptd-server 2022-07-27 08:48:35,638 [INFO] Set initial values for Amps 0.500000 and Volts Auto
ptd-server 2022-07-27 08:48:35,638 [INFO] Stopping ptd...
