ptd-server 2022-07-25 09:13:47,486 [INFO] Got command from the client 'time'
ptd-server 2022-07-25 09:13:47,487 [INFO] Sending reply to client '1658736827.487095'
ptd-server 2022-07-25 09:13:47,488 [INFO] Got command from the client 'new,,eaec1269-ec1b-4015-b3c9-fd23dd540285'
ptd-server 2022-07-25 09:13:47,488 [INFO] Sending reply to client 'OK 2022-07-25_09-13-47,84a1c0de-e2b1-4551-9be0-d4958526bc20'
ptd-server 2022-07-25 09:13:47,518 [INFO] Got command from the client 'time'
ptd-server 2022-07-25 09:13:47,518 [INFO] Sending reply to client '1658736827.518382'
ptd-server 2022-07-25 09:13:47,519 [INFO] Got command from the client 'session,2022-07-25_09-13-47,start,ranging'
ptd-server 2022-07-25 09:13:47,520 [INFO] Running PTDaemon: ['/home/anton/projects/mlperf/power/inference_v1.0/ptd-linux-x86', '-l', '/tmp/tmp7lgbo8s4/ptd_logfile.txt', '-p', '8888', '49', '/dev/usbtmc0']
ptd-server 2022-07-25 09:14:04,694 [INFO] Sending to ptd: 'Hello'
ptd-server 2022-07-25 09:14:04,695 [INFO] Reply from ptd: 'Hello, PTDaemon here!'
ptd-server 2022-07-25 09:14:04,695 [INFO] Sending to ptd: 'Identify'
ptd-server 2022-07-25 09:14:04,695 [INFO] Reply from ptd: 'YokogawaWT310E,1000,1,1,1,1,0,1,1,version=1.9.2-e8c7a49a-20201208,OS=Linux 5.13.0-52-generic #59~20.04.1-Ubuntu SMP Thu Jun 16 21:21:28 UTC 2022 x86_64,mode=power,1,1,1,0,0,no_cal_date,YOKOGAWA;WT310E;C3XA04010E;F1.04'
ptd-server 2022-07-25 09:14:04,696 [INFO] Connected to PTDaemon
ptd-server 2022-07-25 09:14:04,696 [INFO] Sending to ptd: 'RR'
ptd-server 2022-07-25 09:14:04,696 [INFO] Reply from ptd: 'Ranges,0,0.500000,1,300.000000'
ptd-server 2022-07-25 09:14:04,696 [INFO] Initial range for Amps is 0.500000 for Volts is Auto
ptd-server 2022-07-25 09:14:04,696 [INFO] Sending to ptd: 'SR,V,Auto'
ptd-server 2022-07-25 09:14:05,199 [INFO] Reply from ptd: 'Range V changed'
ptd-server 2022-07-25 09:14:05,199 [INFO] Sending to ptd: 'SR,A,Auto'
ptd-server 2022-07-25 09:14:05,701 [INFO] Reply from ptd: 'Range A changed'
ptd-server 2022-07-25 09:14:15,711 [INFO] Starting ranging mode
ptd-server 2022-07-25 09:14:15,712 [INFO] Sending to ptd: 'Go,1000,0,2022-07-25_09-13-47_ranging'
ptd-server 2022-07-25 09:14:15,712 [INFO] Reply from ptd: 'Starting untimed measurement, maximum 500000 samples at 1000ms with 0 rampup samples'
ptd-server 2022-07-25 09:14:15,712 [INFO] Sending reply to client 'OK'
ptd-server 2022-07-25 09:24:32,222 [INFO] Got command from the client 'session,2022-07-25_09-13-47,stop,ranging'
ptd-server 2022-07-25 09:24:42,233 [INFO] Sending to ptd: 'Stop'
ptd-server 2022-07-25 09:24:42,233 [INFO] Reply from ptd: 'Stopping untimed measurement'
ptd-server 2022-07-25 09:24:43,030 [INFO] Sending reply to client 'OK'
ptd-server 2022-07-25 09:24:43,070 [INFO] Got command from the client 'time'
ptd-server 2022-07-25 09:24:43,071 [INFO] Sending reply to client '1658737483.0709796'
ptd-server 2022-07-25 09:24:43,071 [INFO] Got command from the client 'session,2022-07-25_09-13-47,start,testing'
ptd-server 2022-07-25 09:24:43,072 [INFO] Sending to ptd: 'SR,V,251.320000'
ptd-server 2022-07-25 09:24:44,573 [INFO] Reply from ptd: 'Range V changed'
ptd-server 2022-07-25 09:24:44,573 [INFO] Sending to ptd: 'SR,A,0.059860'
ptd-server 2022-07-25 09:24:46,074 [INFO] Reply from ptd: 'Range A changed'
ptd-server 2022-07-25 09:24:56,075 [INFO] Starting testing mode
ptd-server 2022-07-25 09:24:56,075 [INFO] Sending to ptd: 'Go,1000,0,2022-07-25_09-13-47_testing'
ptd-server 2022-07-25 09:24:56,075 [INFO] Reply from ptd: 'Starting untimed measurement, maximum 500000 samples at 1000ms with 0 rampup samples'
ptd-server 2022-07-25 09:24:56,076 [INFO] Sending reply to client 'OK'
ptd-server 2022-07-25 09:35:12,444 [INFO] Got command from the client 'session,2022-07-25_09-13-47,stop,testing'
ptd-server 2022-07-25 09:35:22,455 [INFO] Sending to ptd: 'Stop'
ptd-server 2022-07-25 09:35:22,455 [INFO] Reply from ptd: 'Stopping untimed measurement'
ptd-server 2022-07-25 09:35:22,863 [INFO] Sending reply to client 'OK'
ptd-server 2022-07-25 09:35:22,871 [INFO] Got command from the client 'session,2022-07-25_09-13-47,done'
ptd-server 2022-07-25 09:35:22,871 [INFO] Sending to ptd: 'Stop'
ptd-server 2022-07-25 09:35:23,075 [INFO] Reply from ptd: 'Error: no measurement to stop'
ptd-server 2022-07-25 09:35:23,075 [INFO] Sending to ptd: 'SR,V,Auto'
ptd-server 2022-07-25 09:35:23,578 [INFO] Reply from ptd: 'Range V changed'
ptd-server 2022-07-25 09:35:23,578 [INFO] Sending to ptd: 'SR,A,0.500000'
ptd-server 2022-07-25 09:35:25,080 [INFO] Reply from ptd: 'Range A changed'
ptd-server 2022-07-25 09:35:25,080 [INFO] Set initial values for Amps 0.500000 and Volts Auto
ptd-server 2022-07-25 09:35:25,080 [INFO] Stopping ptd...
