client 2022-07-21 22:08:59,230 [INFO] Sending command to the server: 'mlcommons/power client v3'
client 2022-07-21 22:08:59,232 [INFO] Got response: 'mlcommons/power server v3'
client 2022-07-21 22:08:59,232 [INFO] Sending command to the server: 'stop'
client 2022-07-21 22:08:59,235 [INFO] Got response: 'OK'
client 2022-07-21 22:08:59,235 [INFO] Synchronizing with the server and with ib-01.dc4-in.nvidia.com...
client 2022-07-21 22:08:59,439 [INFO] NTP:offset = -0.000 s, delay = 0.201 s 
client 2022-07-21 22:08:59,439 [INFO] Sending command to the server: 'time'
client 2022-07-21 22:08:59,441 [INFO] Got response: '1658441339.432298'
client 2022-07-21 22:08:59,441 [INFO] The time difference between the client and the server is within range 7.391 ms..9.660 ms
client 2022-07-21 22:08:59,442 [INFO] Sending command to the server: 'new,,21652943-66c2-427c-9e5f-ee82f16f806b'
client 2022-07-21 22:08:59,445 [INFO] Got response: 'OK 2022-07-21_15-08-59,790bac9e-89f8-4dcc-ae7e-afc3a56ecb3d'
client 2022-07-21 22:08:59,445 [INFO] Session id is '2022-07-21_15-08-59'
client 2022-07-21 22:08:59,445 [INFO] Sources: {"sources": {"__init__.py": "da39a3ee5e6b4b0d3255bfef95601890afd80709", "client.py": "33ca4f26368777ac06e01f9567b714a4b8063886", "lib/__init__.py": "da39a3ee5e6b4b0d3255bfef95601890afd80709", "lib/client.py": "4c2b78fb4849a7e5b584ef792d82aaed20b17f57", "lib/common.py": "624d0c0acc7c39aaff3674f0b99d6a09da53d1dc", "lib/external/__init__.py": "da39a3ee5e6b4b0d3255bfef95601890afd80709", "lib/external/ntplib.py": "4da8f970656505a40483206ef2b5d3dd5e81711d", "lib/server.py": "59c9fb92908260d3e9f81a895c7aa009742275e4", "lib/source_hashes.py": "60a2e02193209e8d392803326208d5466342da18", "lib/summary.py": "aa92f0a3f975eecd44d3c0cd0236342ccc9f941d", "lib/time_sync.py": "3210db56eb0ff0df57bf4293dc4d4b03fffd46f1", "server.py": "c3f90f2f7eeb4db30727556d0c815ebc89b3d28b", "tests/unit/__init__.py": "da39a3ee5e6b4b0d3255bfef95601890afd80709", "tests/unit/test_server.py": "99ae15aef722f2000ee6ed1ae1523637bf1ae42b", "tests/unit/test_source_hashes.py": "00468a2907583c593e6574a1f6b404e4651c221a"}, "modules": {"ptd_client_server.lib.client": "lib/client.py", "ptd_client_server.lib.common": "lib/common.py", "ptd_client_server.lib.external.ntplib": "lib/external/ntplib.py", "ptd_client_server.lib.source_hashes": "lib/source_hashes.py", "ptd_client_server.lib.summary": "lib/summary.py", "ptd_client_server.lib.time_sync": "lib/time_sync.py"}}
client 2022-07-21 22:08:59,449 [INFO] Running workload in ranging mode
client 2022-07-21 22:08:59,449 [INFO] Synchronizing with the server and with ib-01.dc4-in.nvidia.com...
client 2022-07-21 22:08:59,651 [INFO] NTP:offset = -0.000 s, delay = 0.201 s 
client 2022-07-21 22:08:59,651 [INFO] Sending command to the server: 'time'
client 2022-07-21 22:08:59,653 [INFO] Got response: '1658441339.6439657'
client 2022-07-21 22:08:59,653 [INFO] The time difference between the client and the server is within range 7.421 ms..9.633 ms
client 2022-07-21 22:08:59,653 [INFO] Sending command to the server: 'session,2022-07-21_15-08-59,start,ranging'
client 2022-07-21 22:09:40,519 [INFO] Got response: 'OK'
client 2022-07-21 22:09:40,519 [INFO] Running the workload 'LOG_DIR=/work/build/power_logs_temp python3 -m code.main_v2 --benchmarks=3d-unet --scenarios=Offline --test_mode=PerformanceOnly --config_ver=maxq_high_accuracy --action="run_harness" \\\n\t\t2>&1 | tee -a /work/build/power_logs/2022.07.21-22.08.17/stdout.txt \\\n\t\t&& if [ ! -d /work/build/power_logs/2022.07.21-22.08.17/ranging_tmp ]; \\\n\t\t\tthen mkdir /work/build/power_logs/2022.07.21-22.08.17/ranging_tmp \\\n\t\t\t\t&& mv /work/build/power_logs_temp/* /work/build/power_logs/2022.07.21-22.08.17/ranging_tmp/ \\\n\t\t\t\t&& cp -v /work/build/power_logs/2022.07.21-22.08.17/ranging_tmp/*/*/*/mlperf_log_detail.txt /work/build/power_logs_temp/ \\\n\t\t\t\t&& cp -v /work/build/power_logs/2022.07.21-22.08.17/ranging_tmp/*/*/*/mlperf_log_summary.txt /work/build/power_logs_temp/; \\\n\t\t\telse mkdir /work/build/power_logs/2022.07.21-22.08.17/testing_tmp \\\n\t\t\t\t&& mv /work/build/power_logs_temp/* /work/build/power_logs/2022.07.21-22.08.17/testing_tmp/ \\\n\t\t\t\t&& cp -v /work/build/power_logs/2022.07.21-22.08.17/testing_tmp/*/*/*/mlperf_log_detail.txt /work/build/power_logs_temp/ \\\n\t\t\t\t&& cp -v /work/build/power_logs/2022.07.21-22.08.17/testing_tmp/*/*/*/mlperf_log_summary.txt /work/build/power_logs_temp/; fi'
client 2022-07-21 22:28:24,268 [INFO] Sending command to the server: 'session,2022-07-21_15-08-59,stop,ranging'
client 2022-07-21 22:28:34,394 [INFO] Got response: 'OK'
client 2022-07-21 22:28:34,407 [INFO] Copying loadgen logs from '/work/build/power_logs_temp' to '/work/build/power_logs/2022.07.21-22.08.17/2022-07-21_15-08-59/ranging'
client 2022-07-21 22:28:34,426 [INFO] Running workload in testing mode
client 2022-07-21 22:28:34,426 [INFO] Synchronizing with the server and with ib-01.dc4-in.nvidia.com...
client 2022-07-21 22:28:34,629 [INFO] NTP:offset = -0.000 s, delay = 0.201 s 
client 2022-07-21 22:28:34,629 [INFO] Sending command to the server: 'time'
client 2022-07-21 22:28:34,636 [INFO] Got response: '1658442514.6359618'
client 2022-07-21 22:28:34,636 [INFO] The time difference between the client and the server is within range -6.802 ms..0.637 ms
client 2022-07-21 22:28:34,636 [INFO] Sending command to the server: 'session,2022-07-21_15-08-59,start,testing'
client 2022-07-21 22:28:56,306 [INFO] Got response: 'OK'
client 2022-07-21 22:28:56,306 [INFO] Running the workload 'LOG_DIR=/work/build/power_logs_temp python3 -m code.main_v2 --benchmarks=3d-unet --scenarios=Offline --test_mode=PerformanceOnly --config_ver=maxq_high_accuracy --action="run_harness" \\\n\t\t2>&1 | tee -a /work/build/power_logs/2022.07.21-22.08.17/stdout.txt \\\n\t\t&& if [ ! -d /work/build/power_logs/2022.07.21-22.08.17/ranging_tmp ]; \\\n\t\t\tthen mkdir /work/build/power_logs/2022.07.21-22.08.17/ranging_tmp \\\n\t\t\t\t&& mv /work/build/power_logs_temp/* /work/build/power_logs/2022.07.21-22.08.17/ranging_tmp/ \\\n\t\t\t\t&& cp -v /work/build/power_logs/2022.07.21-22.08.17/ranging_tmp/*/*/*/mlperf_log_detail.txt /work/build/power_logs_temp/ \\\n\t\t\t\t&& cp -v /work/build/power_logs/2022.07.21-22.08.17/ranging_tmp/*/*/*/mlperf_log_summary.txt /work/build/power_logs_temp/; \\\n\t\t\telse mkdir /work/build/power_logs/2022.07.21-22.08.17/testing_tmp \\\n\t\t\t\t&& mv /work/build/power_logs_temp/* /work/build/power_logs/2022.07.21-22.08.17/testing_tmp/ \\\n\t\t\t\t&& cp -v /work/build/power_logs/2022.07.21-22.08.17/testing_tmp/*/*/*/mlperf_log_detail.txt /work/build/power_logs_temp/ \\\n\t\t\t\t&& cp -v /work/build/power_logs/2022.07.21-22.08.17/testing_tmp/*/*/*/mlperf_log_summary.txt /work/build/power_logs_temp/; fi'
client 2022-07-21 22:47:41,544 [INFO] Sending command to the server: 'session,2022-07-21_15-08-59,stop,testing'
client 2022-07-21 22:47:51,579 [INFO] Got response: 'OK'
client 2022-07-21 22:47:51,587 [INFO] Copying loadgen logs from '/work/build/power_logs_temp' to '/work/build/power_logs/2022.07.21-22.08.17/2022-07-21_15-08-59/run_1'
client 2022-07-21 22:47:51,606 [INFO] Done runs
