ptd-server 2022-07-27 02:31:09,259 [INFO] Got command from the client 'time'
ptd-server 2022-07-27 02:31:09,260 [INFO] Sending reply to client '1658907069.2602284'
ptd-server 2022-07-27 02:31:09,261 [INFO] Got command from the client 'new,,6fa4a723-a120-4338-b7d4-41fb09887474'
ptd-server 2022-07-27 02:31:09,262 [INFO] Sending reply to client 'OK 2022-07-27_02-31-09,7e803e9b-4abb-4c8f-836d-df3ad373bd52'
ptd-server 2022-07-27 02:31:09,343 [INFO] Got command from the client 'time'
ptd-server 2022-07-27 02:31:09,344 [INFO] Sending reply to client '1658907069.3442502'
ptd-server 2022-07-27 02:31:09,345 [INFO] Got command from the client 'session,2022-07-27_02-31-09,start,ranging'
ptd-server 2022-07-27 02:31:09,346 [INFO] Running PTDaemon: ['/local/mnt/workspace/mlcommons/power-main/inference_v1.0/ptd-linux-x86', '-l', '/tmp/tmpgw0prjiw/ptd_logfile.txt', '-p', '8880', '-c', '1', '52', '/dev/usbtmc0']
ptd-server 2022-07-27 02:31:26,467 [INFO] Sending to ptd: 'Hello'
ptd-server 2022-07-27 02:31:26,468 [INFO] Reply from ptd: 'Hello, PTDaemon here!'
ptd-server 2022-07-27 02:31:26,468 [INFO] Sending to ptd: 'Identify'
ptd-server 2022-07-27 02:31:26,469 [INFO] Reply from ptd: 'YokogawaWT330,1000,1,1,1,1,0,0,1,version=1.9.2-e8c7a49a-20201208,OS=Linux 5.4.0-96-generic #109~18.04.1-Ubuntu SMP Thu Jan 13 15:06:26 UTC 2022 x86_64,mode=power,1,1,1,0,0,no_cal_date,YOKOGAWA;WT333;C2SF14011V;F1.01EM'
ptd-server 2022-07-27 02:31:26,469 [INFO] Connected to PTDaemon
ptd-server 2022-07-27 02:31:26,469 [INFO] Sending to ptd: 'RR'
ptd-server 2022-07-27 02:31:26,470 [INFO] Reply from ptd: 'Ranges,0,5.000000,0,150.000000'
ptd-server 2022-07-27 02:31:26,470 [INFO] Initial range for Amps is 5.000000 for Volts is 150.000000
ptd-server 2022-07-27 02:31:26,470 [INFO] Sending to ptd: 'SR,V,Auto'
ptd-server 2022-07-27 02:31:26,973 [INFO] Reply from ptd: 'Range V changed'
ptd-server 2022-07-27 02:31:26,973 [INFO] Sending to ptd: 'SR,A,20'
ptd-server 2022-07-27 02:31:28,476 [INFO] Reply from ptd: 'Range A changed'
ptd-server 2022-07-27 02:31:38,485 [INFO] Starting ranging mode
ptd-server 2022-07-27 02:31:38,485 [INFO] Sending to ptd: 'Go,1000,0,2022-07-27_02-31-09_ranging'
ptd-server 2022-07-27 02:31:38,486 [INFO] Reply from ptd: 'Starting untimed measurement, maximum 500000 samples at 1000ms with 0 rampup samples'
ptd-server 2022-07-27 02:31:38,487 [INFO] Sending reply to client 'OK'
ptd-server 2022-07-27 02:42:39,688 [INFO] Got command from the client 'session,2022-07-27_02-31-09,stop,ranging'
ptd-server 2022-07-27 02:42:49,699 [INFO] Sending to ptd: 'Stop'
ptd-server 2022-07-27 02:42:49,699 [INFO] Reply from ptd: 'Stopping untimed measurement'
ptd-server 2022-07-27 02:42:49,732 [INFO] Sending reply to client 'OK'
ptd-server 2022-07-27 02:42:49,824 [INFO] Got command from the client 'time'
ptd-server 2022-07-27 02:42:49,824 [INFO] Sending reply to client '1658907769.8244834'
ptd-server 2022-07-27 02:42:49,826 [INFO] Got command from the client 'session,2022-07-27_02-31-09,start,testing'
ptd-server 2022-07-27 02:42:49,826 [INFO] Sending to ptd: 'SR,V,124.640000'
ptd-server 2022-07-27 02:42:51,988 [INFO] Reply from ptd: 'Range V changed'
ptd-server 2022-07-27 02:42:51,989 [INFO] Sending to ptd: 'SR,A,1.991000'
ptd-server 2022-07-27 02:42:53,491 [INFO] Reply from ptd: 'Range A changed'
ptd-server 2022-07-27 02:43:03,502 [INFO] Starting testing mode
ptd-server 2022-07-27 02:43:03,502 [INFO] Sending to ptd: 'Go,1000,0,2022-07-27_02-31-09_testing'
ptd-server 2022-07-27 02:43:03,503 [INFO] Reply from ptd: 'Starting untimed measurement, maximum 500000 samples at 1000ms with 0 rampup samples'
ptd-server 2022-07-27 02:43:03,503 [INFO] Sending reply to client 'OK'
ptd-server 2022-07-27 02:54:04,360 [INFO] Got command from the client 'session,2022-07-27_02-31-09,stop,testing'
ptd-server 2022-07-27 02:54:14,370 [INFO] Sending to ptd: 'Stop'
ptd-server 2022-07-27 02:54:14,371 [INFO] Reply from ptd: 'Stopping untimed measurement'
ptd-server 2022-07-27 02:54:14,387 [INFO] Sending reply to client 'OK'
ptd-server 2022-07-27 02:54:14,396 [INFO] Got command from the client 'session,2022-07-27_02-31-09,done'
ptd-server 2022-07-27 02:54:14,396 [INFO] Sending to ptd: 'Stop'
ptd-server 2022-07-27 02:54:14,504 [INFO] Reply from ptd: 'Error: no measurement to stop'
ptd-server 2022-07-27 02:54:14,504 [INFO] Sending to ptd: 'SR,V,150.000000'
ptd-server 2022-07-27 02:54:16,006 [INFO] Reply from ptd: 'Range V changed'
ptd-server 2022-07-27 02:54:16,007 [INFO] Sending to ptd: 'SR,A,5.000000'
ptd-server 2022-07-27 02:54:17,509 [INFO] Reply from ptd: 'Range A changed'
ptd-server 2022-07-27 02:54:17,509 [INFO] Set initial values for Amps 5.000000 and Volts 150.000000
ptd-server 2022-07-27 02:54:17,510 [INFO] Stopping ptd...
