ptd-server 2022-07-23 08:28:32,575 [INFO] Got command from the client 'time'
ptd-server 2022-07-23 08:28:32,575 [INFO] Sending reply to client '1658561312.5757215'
ptd-server 2022-07-23 08:28:32,576 [INFO] Got command from the client 'new,,80e685aa-eeb8-4ec3-bb30-512b025c0c45'
ptd-server 2022-07-23 08:28:32,577 [INFO] Sending reply to client 'OK 2022-07-23_08-28-32,605e4fe5-254a-4080-9a3e-4ef1d6ef4641'
ptd-server 2022-07-23 08:28:32,615 [INFO] Got command from the client 'time'
ptd-server 2022-07-23 08:28:32,615 [INFO] Sending reply to client '1658561312.6156483'
ptd-server 2022-07-23 08:28:32,616 [INFO] Got command from the client 'session,2022-07-23_08-28-32,start,ranging'
ptd-server 2022-07-23 08:28:32,617 [INFO] Running PTDaemon: ['/home/anton/projects/mlperf/power/inference_v1.0/ptd-linux-x86', '-l', '/tmp/tmp7lgbo8s4/ptd_logfile.txt', '-p', '8888', '49', '/dev/usbtmc0']
ptd-server 2022-07-23 08:28:49,792 [INFO] Sending to ptd: 'Hello'
ptd-server 2022-07-23 08:28:49,792 [INFO] Reply from ptd: 'Hello, PTDaemon here!'
ptd-server 2022-07-23 08:28:49,793 [INFO] Sending to ptd: 'Identify'
ptd-server 2022-07-23 08:28:49,793 [INFO] Reply from ptd: 'YokogawaWT310E,1000,1,1,1,1,0,1,1,version=1.9.2-e8c7a49a-20201208,OS=Linux 5.13.0-52-generic #59~20.04.1-Ubuntu SMP Thu Jun 16 21:21:28 UTC 2022 x86_64,mode=power,1,1,1,0,0,no_cal_date,YOKOGAWA;WT310E;C3XA04010E;F1.04'
ptd-server 2022-07-23 08:28:49,793 [INFO] Connected to PTDaemon
ptd-server 2022-07-23 08:28:49,793 [INFO] Sending to ptd: 'RR'
ptd-server 2022-07-23 08:28:49,794 [INFO] Reply from ptd: 'Ranges,0,0.500000,1,300.000000'
ptd-server 2022-07-23 08:28:49,794 [INFO] Initial range for Amps is 0.500000 for Volts is Auto
ptd-server 2022-07-23 08:28:49,794 [INFO] Sending to ptd: 'SR,V,Auto'
ptd-server 2022-07-23 08:28:50,296 [INFO] Reply from ptd: 'Range V changed'
ptd-server 2022-07-23 08:28:50,296 [INFO] Sending to ptd: 'SR,A,Auto'
ptd-server 2022-07-23 08:28:50,799 [INFO] Reply from ptd: 'Range A changed'
ptd-server 2022-07-23 08:29:00,801 [INFO] Starting ranging mode
ptd-server 2022-07-23 08:29:00,801 [INFO] Sending to ptd: 'Go,1000,0,2022-07-23_08-28-32_ranging'
ptd-server 2022-07-23 08:29:00,801 [INFO] Reply from ptd: 'Starting untimed measurement, maximum 500000 samples at 1000ms with 0 rampup samples'
ptd-server 2022-07-23 08:29:00,802 [INFO] Sending reply to client 'OK'
ptd-server 2022-07-23 08:39:17,186 [INFO] Got command from the client 'session,2022-07-23_08-28-32,stop,ranging'
ptd-server 2022-07-23 08:39:27,196 [INFO] Sending to ptd: 'Stop'
ptd-server 2022-07-23 08:39:27,196 [INFO] Reply from ptd: 'Stopping untimed measurement'
ptd-server 2022-07-23 08:39:27,740 [INFO] Sending reply to client 'OK'
ptd-server 2022-07-23 08:39:27,790 [INFO] Got command from the client 'time'
ptd-server 2022-07-23 08:39:27,790 [INFO] Sending reply to client '1658561967.790605'
ptd-server 2022-07-23 08:39:27,791 [INFO] Got command from the client 'session,2022-07-23_08-28-32,start,testing'
ptd-server 2022-07-23 08:39:27,792 [INFO] Sending to ptd: 'SR,V,250.180000'
ptd-server 2022-07-23 08:39:29,304 [INFO] Reply from ptd: 'Range V changed'
ptd-server 2022-07-23 08:39:29,304 [INFO] Sending to ptd: 'SR,A,0.058000'
ptd-server 2022-07-23 08:39:30,805 [INFO] Reply from ptd: 'Range A changed'
ptd-server 2022-07-23 08:39:40,816 [INFO] Starting testing mode
ptd-server 2022-07-23 08:39:40,816 [INFO] Sending to ptd: 'Go,1000,0,2022-07-23_08-28-32_testing'
ptd-server 2022-07-23 08:39:40,816 [INFO] Reply from ptd: 'Starting untimed measurement, maximum 500000 samples at 1000ms with 0 rampup samples'
ptd-server 2022-07-23 08:39:40,816 [INFO] Sending reply to client 'OK'
ptd-server 2022-07-23 08:49:57,085 [INFO] Got command from the client 'session,2022-07-23_08-28-32,stop,testing'
ptd-server 2022-07-23 08:50:07,096 [INFO] Sending to ptd: 'Stop'
ptd-server 2022-07-23 08:50:07,096 [INFO] Reply from ptd: 'Stopping untimed measurement'
ptd-server 2022-07-23 08:50:07,385 [INFO] Sending reply to client 'OK'
ptd-server 2022-07-23 08:50:07,393 [INFO] Got command from the client 'session,2022-07-23_08-28-32,done'
ptd-server 2022-07-23 08:50:07,393 [INFO] Sending to ptd: 'Stop'
ptd-server 2022-07-23 08:50:07,817 [INFO] Reply from ptd: 'Error: no measurement to stop'
ptd-server 2022-07-23 08:50:07,817 [INFO] Sending to ptd: 'SR,V,Auto'
ptd-server 2022-07-23 08:50:08,319 [INFO] Reply from ptd: 'Range V changed'
ptd-server 2022-07-23 08:50:08,319 [INFO] Sending to ptd: 'SR,A,0.500000'
ptd-server 2022-07-23 08:50:09,821 [INFO] Reply from ptd: 'Range A changed'
ptd-server 2022-07-23 08:50:09,821 [INFO] Set initial values for Amps 0.500000 and Volts Auto
ptd-server 2022-07-23 08:50:09,821 [INFO] Stopping ptd...
