ptd-server 2022-07-19 03:28:11,383 [INFO] Got command from the client 'time'
ptd-server 2022-07-19 03:28:11,383 [INFO] Sending reply to client '1658197691.3836615'
ptd-server 2022-07-19 03:28:11,387 [INFO] Got command from the client 'new,,1dbcbe77-e6b4-4243-9200-e76f0de4fe78'
ptd-server 2022-07-19 03:28:11,387 [INFO] Sending reply to client 'OK 2022-07-19_03-28-11,ff49d5d7-47cf-453f-84d8-2a01e94c716c'
ptd-server 2022-07-19 03:28:11,485 [INFO] Got command from the client 'time'
ptd-server 2022-07-19 03:28:11,486 [INFO] Sending reply to client '1658197691.4860663'
ptd-server 2022-07-19 03:28:11,489 [INFO] Got command from the client 'session,2022-07-19_03-28-11,start,ranging'
ptd-server 2022-07-19 03:28:11,490 [INFO] Running PTDaemon: ['/home/anton/projects/mlperf/power/inference_v1.0/ptd-linux-x86', '-l', '/tmp/tmp7lgbo8s4/ptd_logfile.txt', '-p', '8888', '49', '/dev/usbtmc0']
ptd-server 2022-07-19 03:28:28,664 [INFO] Sending to ptd: 'Hello'
ptd-server 2022-07-19 03:28:28,664 [INFO] Reply from ptd: 'Hello, PTDaemon here!'
ptd-server 2022-07-19 03:28:28,664 [INFO] Sending to ptd: 'Identify'
ptd-server 2022-07-19 03:28:28,665 [INFO] Reply from ptd: 'YokogawaWT310E,1000,1,1,1,1,0,1,1,version=1.9.2-e8c7a49a-20201208,OS=Linux 5.13.0-52-generic #59~20.04.1-Ubuntu SMP Thu Jun 16 21:21:28 UTC 2022 x86_64,mode=power,1,1,1,0,0,no_cal_date,YOKOGAWA;WT310E;C3XA04010E;F1.04'
ptd-server 2022-07-19 03:28:28,665 [INFO] Connected to PTDaemon
ptd-server 2022-07-19 03:28:28,665 [INFO] Sending to ptd: 'RR'
ptd-server 2022-07-19 03:28:28,665 [INFO] Reply from ptd: 'Ranges,0,0.500000,1,300.000000'
ptd-server 2022-07-19 03:28:28,666 [INFO] Initial range for Amps is 0.500000 for Volts is Auto
ptd-server 2022-07-19 03:28:28,666 [INFO] Sending to ptd: 'SR,V,Auto'
ptd-server 2022-07-19 03:28:29,168 [INFO] Reply from ptd: 'Range V changed'
ptd-server 2022-07-19 03:28:29,168 [INFO] Sending to ptd: 'SR,A,Auto'
ptd-server 2022-07-19 03:28:29,671 [INFO] Reply from ptd: 'Range A changed'
ptd-server 2022-07-19 03:28:39,681 [INFO] Starting ranging mode
ptd-server 2022-07-19 03:28:39,681 [INFO] Sending to ptd: 'Go,1000,0,2022-07-19_03-28-11_ranging'
ptd-server 2022-07-19 03:28:39,682 [INFO] Reply from ptd: 'Starting untimed measurement, maximum 500000 samples at 1000ms with 0 rampup samples'
ptd-server 2022-07-19 03:28:39,682 [INFO] Sending reply to client 'OK'
ptd-server 2022-07-19 03:38:57,063 [INFO] Got command from the client 'session,2022-07-19_03-28-11,stop,ranging'
ptd-server 2022-07-19 03:39:07,073 [INFO] Sending to ptd: 'Stop'
ptd-server 2022-07-19 03:39:07,074 [INFO] Reply from ptd: 'Stopping untimed measurement'
ptd-server 2022-07-19 03:39:07,110 [INFO] Sending reply to client 'OK'
ptd-server 2022-07-19 03:39:07,271 [INFO] Got command from the client 'time'
ptd-server 2022-07-19 03:39:07,271 [INFO] Sending reply to client '1658198347.2714283'
ptd-server 2022-07-19 03:39:07,275 [INFO] Got command from the client 'session,2022-07-19_03-28-11,start,testing'
ptd-server 2022-07-19 03:39:07,275 [INFO] Sending to ptd: 'SR,V,251.590000'
ptd-server 2022-07-19 03:39:09,183 [INFO] Reply from ptd: 'Range V changed'
ptd-server 2022-07-19 03:39:09,183 [INFO] Sending to ptd: 'SR,A,0.073280'
ptd-server 2022-07-19 03:39:10,685 [INFO] Reply from ptd: 'Range A changed'
ptd-server 2022-07-19 03:39:20,695 [INFO] Starting testing mode
ptd-server 2022-07-19 03:39:20,695 [INFO] Sending to ptd: 'Go,1000,0,2022-07-19_03-28-11_testing'
ptd-server 2022-07-19 03:39:20,696 [INFO] Reply from ptd: 'Starting untimed measurement, maximum 500000 samples at 1000ms with 0 rampup samples'
ptd-server 2022-07-19 03:39:20,696 [INFO] Sending reply to client 'OK'
ptd-server 2022-07-19 03:49:38,053 [INFO] Got command from the client 'session,2022-07-19_03-28-11,stop,testing'
ptd-server 2022-07-19 03:49:48,064 [INFO] Sending to ptd: 'Stop'
ptd-server 2022-07-19 03:49:48,064 [INFO] Reply from ptd: 'Stopping untimed measurement'
ptd-server 2022-07-19 03:49:48,084 [INFO] Sending reply to client 'OK'
ptd-server 2022-07-19 03:49:48,120 [INFO] Got command from the client 'session,2022-07-19_03-28-11,done'
ptd-server 2022-07-19 03:49:48,121 [INFO] Sending to ptd: 'Stop'
ptd-server 2022-07-19 03:49:48,697 [INFO] Reply from ptd: 'Error: no measurement to stop'
ptd-server 2022-07-19 03:49:48,697 [INFO] Sending to ptd: 'SR,V,Auto'
ptd-server 2022-07-19 03:49:49,199 [INFO] Reply from ptd: 'Range V changed'
ptd-server 2022-07-19 03:49:49,199 [INFO] Sending to ptd: 'SR,A,0.500000'
ptd-server 2022-07-19 03:49:50,701 [INFO] Reply from ptd: 'Range A changed'
ptd-server 2022-07-19 03:49:50,701 [INFO] Set initial values for Amps 0.500000 and Volts Auto
ptd-server 2022-07-19 03:49:50,701 [INFO] Stopping ptd...
