ptd-server 2022-07-28 15:02:55,702 [INFO] Got command from the client 'time'
ptd-server 2022-07-28 15:02:55,702 [INFO] Sending reply to client '1659016975.7029433'
ptd-server 2022-07-28 15:02:55,706 [INFO] Got command from the client 'new,,83801c2e-1c16-45d8-bcff-1d6c98ee836b'
ptd-server 2022-07-28 15:02:55,707 [INFO] Sending reply to client 'OK 2022-07-28_15-02-55,e92a0abb-4ea5-4d86-b7ef-3fe81f82cccc'
ptd-server 2022-07-28 15:02:55,806 [INFO] Got command from the client 'time'
ptd-server 2022-07-28 15:02:55,806 [INFO] Sending reply to client '1659016975.8069499'
ptd-server 2022-07-28 15:02:55,810 [INFO] Got command from the client 'session,2022-07-28_15-02-55,start,ranging'
ptd-server 2022-07-28 15:02:55,810 [INFO] Running PTDaemon: ['/home/anton/projects/mlperf/power/inference_v1.0/ptd-linux-x86', '-l', '/tmp/tmp7lgbo8s4/ptd_logfile.txt', '-p', '8888', '49', '/dev/usbtmc0']
ptd-server 2022-07-28 15:03:12,984 [INFO] Sending to ptd: 'Hello'
ptd-server 2022-07-28 15:03:12,984 [INFO] Reply from ptd: 'Hello, PTDaemon here!'
ptd-server 2022-07-28 15:03:12,985 [INFO] Sending to ptd: 'Identify'
ptd-server 2022-07-28 15:03:12,985 [INFO] Reply from ptd: 'YokogawaWT310E,1000,1,1,1,1,0,1,1,version=1.9.2-e8c7a49a-20201208,OS=Linux 5.13.0-52-generic #59~20.04.1-Ubuntu SMP Thu Jun 16 21:21:28 UTC 2022 x86_64,mode=power,1,1,1,0,0,no_cal_date,YOKOGAWA;WT310E;C3XA04010E;F1.04'
ptd-server 2022-07-28 15:03:12,985 [INFO] Connected to PTDaemon
ptd-server 2022-07-28 15:03:12,985 [INFO] Sending to ptd: 'RR'
ptd-server 2022-07-28 15:03:12,986 [INFO] Reply from ptd: 'Ranges,0,0.500000,1,300.000000'
ptd-server 2022-07-28 15:03:12,986 [INFO] Initial range for Amps is 0.500000 for Volts is Auto
ptd-server 2022-07-28 15:03:12,986 [INFO] Sending to ptd: 'SR,V,Auto'
ptd-server 2022-07-28 15:03:13,488 [INFO] Reply from ptd: 'Range V changed'
ptd-server 2022-07-28 15:03:13,489 [INFO] Sending to ptd: 'SR,A,Auto'
ptd-server 2022-07-28 15:03:13,991 [INFO] Reply from ptd: 'Range A changed'
ptd-server 2022-07-28 15:03:24,001 [INFO] Starting ranging mode
ptd-server 2022-07-28 15:03:24,002 [INFO] Sending to ptd: 'Go,1000,0,2022-07-28_15-02-55_ranging'
ptd-server 2022-07-28 15:03:24,002 [INFO] Reply from ptd: 'Starting untimed measurement, maximum 500000 samples at 1000ms with 0 rampup samples'
ptd-server 2022-07-28 15:03:24,002 [INFO] Sending reply to client 'OK'
ptd-server 2022-07-28 15:13:40,464 [INFO] Got command from the client 'session,2022-07-28_15-02-55,stop,ranging'
ptd-server 2022-07-28 15:13:50,475 [INFO] Sending to ptd: 'Stop'
ptd-server 2022-07-28 15:13:50,475 [INFO] Reply from ptd: 'Stopping untimed measurement'
ptd-server 2022-07-28 15:13:51,569 [INFO] Sending reply to client 'OK'
ptd-server 2022-07-28 15:13:51,694 [INFO] Got command from the client 'time'
ptd-server 2022-07-28 15:13:51,694 [INFO] Sending reply to client '1659017631.6947978'
ptd-server 2022-07-28 15:13:51,698 [INFO] Got command from the client 'session,2022-07-28_15-02-55,start,testing'
ptd-server 2022-07-28 15:13:51,698 [INFO] Sending to ptd: 'SR,V,251.130000'
ptd-server 2022-07-28 15:13:53,199 [INFO] Reply from ptd: 'Range V changed'
ptd-server 2022-07-28 15:13:53,199 [INFO] Sending to ptd: 'SR,A,0.052170'
ptd-server 2022-07-28 15:13:54,701 [INFO] Reply from ptd: 'Range A changed'
ptd-server 2022-07-28 15:14:04,711 [INFO] Starting testing mode
ptd-server 2022-07-28 15:14:04,711 [INFO] Sending to ptd: 'Go,1000,0,2022-07-28_15-02-55_testing'
ptd-server 2022-07-28 15:14:04,712 [INFO] Reply from ptd: 'Starting untimed measurement, maximum 500000 samples at 1000ms with 0 rampup samples'
ptd-server 2022-07-28 15:14:04,712 [INFO] Sending reply to client 'OK'
ptd-server 2022-07-28 15:24:21,009 [INFO] Got command from the client 'session,2022-07-28_15-02-55,stop,testing'
ptd-server 2022-07-28 15:24:31,019 [INFO] Sending to ptd: 'Stop'
ptd-server 2022-07-28 15:24:31,019 [INFO] Reply from ptd: 'Stopping untimed measurement'
ptd-server 2022-07-28 15:24:31,577 [INFO] Sending reply to client 'OK'
ptd-server 2022-07-28 15:24:31,599 [INFO] Got command from the client 'session,2022-07-28_15-02-55,done'
ptd-server 2022-07-28 15:24:31,599 [INFO] Sending to ptd: 'Stop'
ptd-server 2022-07-28 15:24:31,712 [INFO] Reply from ptd: 'Error: no measurement to stop'
ptd-server 2022-07-28 15:24:31,712 [INFO] Sending to ptd: 'SR,V,Auto'
ptd-server 2022-07-28 15:24:32,215 [INFO] Reply from ptd: 'Range V changed'
ptd-server 2022-07-28 15:24:32,215 [INFO] Sending to ptd: 'SR,A,0.500000'
ptd-server 2022-07-28 15:24:33,717 [INFO] Reply from ptd: 'Range A changed'
ptd-server 2022-07-28 15:24:33,717 [INFO] Set initial values for Amps 0.500000 and Volts Auto
ptd-server 2022-07-28 15:24:33,717 [INFO] Stopping ptd...
