ptd-server 2022-07-23 19:35:38,207 [INFO] Got command from the client 'time'
ptd-server 2022-07-23 19:35:38,207 [INFO] Sending reply to client '1658601338.207237'
ptd-server 2022-07-23 19:35:38,208 [INFO] Got command from the client 'new,,0fe1c6bb-29cf-40df-9f6f-d4e6fac452a3'
ptd-server 2022-07-23 19:35:38,209 [INFO] Sending reply to client 'OK 2022-07-23_19-35-38,88afd74c-4fc5-430b-af55-24d2b80e8f75'
ptd-server 2022-07-23 19:35:38,247 [INFO] Got command from the client 'time'
ptd-server 2022-07-23 19:35:38,247 [INFO] Sending reply to client '1658601338.247252'
ptd-server 2022-07-23 19:35:38,248 [INFO] Got command from the client 'session,2022-07-23_19-35-38,start,ranging'
ptd-server 2022-07-23 19:35:38,248 [INFO] Running PTDaemon: ['/home/anton/projects/mlperf/power/inference_v1.0/ptd-linux-x86', '-l', '/tmp/tmp7lgbo8s4/ptd_logfile.txt', '-p', '8888', '49', '/dev/usbtmc0']
ptd-server 2022-07-23 19:35:55,422 [INFO] Sending to ptd: 'Hello'
ptd-server 2022-07-23 19:35:55,423 [INFO] Reply from ptd: 'Hello, PTDaemon here!'
ptd-server 2022-07-23 19:35:55,423 [INFO] Sending to ptd: 'Identify'
ptd-server 2022-07-23 19:35:55,423 [INFO] Reply from ptd: 'YokogawaWT310E,1000,1,1,1,1,0,1,1,version=1.9.2-e8c7a49a-20201208,OS=Linux 5.13.0-52-generic #59~20.04.1-Ubuntu SMP Thu Jun 16 21:21:28 UTC 2022 x86_64,mode=power,1,1,1,0,0,no_cal_date,YOKOGAWA;WT310E;C3XA04010E;F1.04'
ptd-server 2022-07-23 19:35:55,423 [INFO] Connected to PTDaemon
ptd-server 2022-07-23 19:35:55,423 [INFO] Sending to ptd: 'RR'
ptd-server 2022-07-23 19:35:55,424 [INFO] Reply from ptd: 'Ranges,0,0.500000,1,300.000000'
ptd-server 2022-07-23 19:35:55,424 [INFO] Initial range for Amps is 0.500000 for Volts is Auto
ptd-server 2022-07-23 19:35:55,424 [INFO] Sending to ptd: 'SR,V,Auto'
ptd-server 2022-07-23 19:35:55,927 [INFO] Reply from ptd: 'Range V changed'
ptd-server 2022-07-23 19:35:55,927 [INFO] Sending to ptd: 'SR,A,Auto'
ptd-server 2022-07-23 19:35:56,429 [INFO] Reply from ptd: 'Range A changed'
ptd-server 2022-07-23 19:36:06,439 [INFO] Starting ranging mode
ptd-server 2022-07-23 19:36:06,440 [INFO] Sending to ptd: 'Go,1000,0,2022-07-23_19-35-38_ranging'
ptd-server 2022-07-23 19:36:06,440 [INFO] Reply from ptd: 'Starting untimed measurement, maximum 500000 samples at 1000ms with 0 rampup samples'
ptd-server 2022-07-23 19:36:06,440 [INFO] Sending reply to client 'OK'
ptd-server 2022-07-23 19:46:22,820 [INFO] Got command from the client 'session,2022-07-23_19-35-38,stop,ranging'
ptd-server 2022-07-23 19:46:32,830 [INFO] Sending to ptd: 'Stop'
ptd-server 2022-07-23 19:46:32,831 [INFO] Reply from ptd: 'Stopping untimed measurement'
ptd-server 2022-07-23 19:46:33,444 [INFO] Sending reply to client 'OK'
ptd-server 2022-07-23 19:46:33,502 [INFO] Got command from the client 'time'
ptd-server 2022-07-23 19:46:33,502 [INFO] Sending reply to client '1658601993.5027425'
ptd-server 2022-07-23 19:46:33,503 [INFO] Got command from the client 'session,2022-07-23_19-35-38,start,testing'
ptd-server 2022-07-23 19:46:33,504 [INFO] Sending to ptd: 'SR,V,248.040000'
ptd-server 2022-07-23 19:46:35,005 [INFO] Reply from ptd: 'Range V changed'
ptd-server 2022-07-23 19:46:35,005 [INFO] Sending to ptd: 'SR,A,0.058370'
ptd-server 2022-07-23 19:46:36,507 [INFO] Reply from ptd: 'Range A changed'
ptd-server 2022-07-23 19:46:46,517 [INFO] Starting testing mode
ptd-server 2022-07-23 19:46:46,517 [INFO] Sending to ptd: 'Go,1000,0,2022-07-23_19-35-38_testing'
ptd-server 2022-07-23 19:46:46,517 [INFO] Reply from ptd: 'Starting untimed measurement, maximum 500000 samples at 1000ms with 0 rampup samples'
ptd-server 2022-07-23 19:46:46,518 [INFO] Sending reply to client 'OK'
ptd-server 2022-07-23 19:57:02,851 [INFO] Got command from the client 'session,2022-07-23_19-35-38,stop,testing'
ptd-server 2022-07-23 19:57:12,861 [INFO] Sending to ptd: 'Stop'
ptd-server 2022-07-23 19:57:12,862 [INFO] Reply from ptd: 'Stopping untimed measurement'
ptd-server 2022-07-23 19:57:13,172 [INFO] Sending reply to client 'OK'
ptd-server 2022-07-23 19:57:13,180 [INFO] Got command from the client 'session,2022-07-23_19-35-38,done'
ptd-server 2022-07-23 19:57:13,180 [INFO] Sending to ptd: 'Stop'
ptd-server 2022-07-23 19:57:13,517 [INFO] Reply from ptd: 'Error: no measurement to stop'
ptd-server 2022-07-23 19:57:13,517 [INFO] Sending to ptd: 'SR,V,Auto'
ptd-server 2022-07-23 19:57:14,020 [INFO] Reply from ptd: 'Range V changed'
ptd-server 2022-07-23 19:57:14,020 [INFO] Sending to ptd: 'SR,A,0.500000'
ptd-server 2022-07-23 19:57:15,522 [INFO] Reply from ptd: 'Range A changed'
ptd-server 2022-07-23 19:57:15,522 [INFO] Set initial values for Amps 0.500000 and Volts Auto
ptd-server 2022-07-23 19:57:15,522 [INFO] Stopping ptd...
