[2mINFO   [m Sucessfully loaded MLPerf log from open/Qualcomm/results/heimdall_prev-qaic-v1.8.0.73-aic100/retinanet/multistream/accuracy/mlperf_log_detail.txt.
[2mINFO   [m Detected power logs for open/Qualcomm/results/heimdall_prev-qaic-v1.8.0.73-aic100/retinanet/multistream
[2mINFO   [m Sucessfully loaded MLPerf log from open/Qualcomm/results/heimdall_prev-qaic-v1.8.0.73-aic100/retinanet/multistream/performance/run_1/mlperf_log_detail.txt.
[2mINFO   [m Sucessfully loaded MLPerf log from open/Qualcomm/results/heimdall_prev-qaic-v1.8.0.73-aic100/retinanet/multistream/performance/run_1/mlperf_log_detail.txt.
[2mINFO   [m Sucessfully loaded MLPerf log from open/Qualcomm/results/heimdall_prev-qaic-v1.8.0.73-aic100/retinanet/multistream/performance/run_1/mlperf_log_detail.txt.
[x] Check client sources checksum

[x] Check server sources checksum

[x] Check PTD commands and replies

[x] Check UUID

[x] Check session name

[x] Check time difference

[x] Check client server messages

[x] Check results checksum

[x] Check errors and warnings from PTD logs

	'08-05-2022 14:46:09.143: ERROR: Bad watts reading nan from WT310' in ptd_log.txt during ranging stage. Treated as WARNING



[x] Check PTD configuration

[x] Check debug is disabled on server-side



All checks passed. Warnings encountered, check for audit!

[2mINFO   [m Sucessfully loaded MLPerf log from open/Qualcomm/results/heimdall_prev-qaic-v1.8.0.73-aic100/retinanet/singlestream/accuracy/mlperf_log_detail.txt.
[2mINFO   [m Detected power logs for open/Qualcomm/results/heimdall_prev-qaic-v1.8.0.73-aic100/retinanet/singlestream
[2mINFO   [m Sucessfully loaded MLPerf log from open/Qualcomm/results/heimdall_prev-qaic-v1.8.0.73-aic100/retinanet/singlestream/performance/run_1/mlperf_log_detail.txt.
[2mINFO   [m Sucessfully loaded MLPerf log from open/Qualcomm/results/heimdall_prev-qaic-v1.8.0.73-aic100/retinanet/singlestream/performance/run_1/mlperf_log_detail.txt.
[2mINFO   [m Sucessfully loaded MLPerf log from open/Qualcomm/results/heimdall_prev-qaic-v1.8.0.73-aic100/retinanet/singlestream/performance/run_1/mlperf_log_detail.txt.
[x] Check client sources checksum

[x] Check server sources checksum

[x] Check PTD commands and replies

[x] Check UUID

[x] Check session name

[x] Check time difference

[x] Check client server messages

[x] Check results checksum

[x] Check errors and warnings from PTD logs

	'08-05-2022 14:24:03.085: ERROR: Bad watts reading nan from WT310' in ptd_log.txt during ranging stage. Treated as WARNING



[x] Check PTD configuration

[x] Check debug is disabled on server-side



All checks passed. Warnings encountered, check for audit!

[2mINFO   [m Sucessfully loaded MLPerf log from open/Qualcomm/results/heimdall_prev-qaic-v1.8.0.73-aic100/retinanet/offline/accuracy/mlperf_log_detail.txt.
[2mINFO   [m Detected power logs for open/Qualcomm/results/heimdall_prev-qaic-v1.8.0.73-aic100/retinanet/offline
[2mINFO   [m Sucessfully loaded MLPerf log from open/Qualcomm/results/heimdall_prev-qaic-v1.8.0.73-aic100/retinanet/offline/performance/run_1/mlperf_log_detail.txt.
[2mINFO   [m Sucessfully loaded MLPerf log from open/Qualcomm/results/heimdall_prev-qaic-v1.8.0.73-aic100/retinanet/offline/performance/run_1/mlperf_log_detail.txt.
[2mINFO   [m Target latency: None, Latency: 725166344402, Scenario: Offline
[2mINFO   [m Sucessfully loaded MLPerf log from open/Qualcomm/results/heimdall_prev-qaic-v1.8.0.73-aic100/retinanet/offline/performance/run_1/mlperf_log_detail.txt.
[x] Check client sources checksum

[x] Check server sources checksum

[x] Check PTD commands and replies

[x] Check UUID

[x] Check session name

[x] Check time difference

[x] Check client server messages

[x] Check results checksum

[x] Check errors and warnings from PTD logs

	'08-05-2022 13:57:31.957: ERROR: Bad watts reading nan from WT310' in ptd_log.txt during ranging stage. Treated as WARNING



[x] Check PTD configuration

[x] Check debug is disabled on server-side



All checks passed. Warnings encountered, check for audit!

[2mINFO   [m Sucessfully loaded MLPerf log from open/Qualcomm/results/r282_z93_q8e_prev-qaic-v1.8.0.73-aic100/retinanet/server/accuracy/mlperf_log_detail.txt.
[2mINFO   [m Detected power logs for open/Qualcomm/results/r282_z93_q8e_prev-qaic-v1.8.0.73-aic100/retinanet/server
[2mINFO   [m Sucessfully loaded MLPerf log from open/Qualcomm/results/r282_z93_q8e_prev-qaic-v1.8.0.73-aic100/retinanet/server/performance/run_1/mlperf_log_detail.txt.
[2mINFO   [m Sucessfully loaded MLPerf log from open/Qualcomm/results/r282_z93_q8e_prev-qaic-v1.8.0.73-aic100/retinanet/server/performance/run_1/mlperf_log_detail.txt.
[2mINFO   [m Target latency: 100000000, Early Stopping Latency: 100000000, Scenario: Server
[2mINFO   [m Sucessfully loaded MLPerf log from open/Qualcomm/results/r282_z93_q8e_prev-qaic-v1.8.0.73-aic100/retinanet/server/performance/run_1/mlperf_log_detail.txt.
[x] Check client sources checksum

[x] Check server sources checksum

[x] Check PTD commands and replies

[x] Check UUID

[x] Check session name

[x] Check time difference

[x] Check client server messages

[x] Check results checksum

[x] Check errors and warnings from PTD logs

[x] Check PTD configuration

[x] Check debug is disabled on server-side



All checks passed

[2mINFO   [m Sucessfully loaded MLPerf log from open/Qualcomm/results/r282_z93_q8e_prev-qaic-v1.8.0.73-aic100/retinanet/offline/accuracy/mlperf_log_detail.txt.
[2mINFO   [m Detected power logs for open/Qualcomm/results/r282_z93_q8e_prev-qaic-v1.8.0.73-aic100/retinanet/offline
[2mINFO   [m Sucessfully loaded MLPerf log from open/Qualcomm/results/r282_z93_q8e_prev-qaic-v1.8.0.73-aic100/retinanet/offline/performance/run_1/mlperf_log_detail.txt.
[2mINFO   [m Sucessfully loaded MLPerf log from open/Qualcomm/results/r282_z93_q8e_prev-qaic-v1.8.0.73-aic100/retinanet/offline/performance/run_1/mlperf_log_detail.txt.
[2mINFO   [m Target latency: None, Latency: 626849783783, Scenario: Offline
[2mINFO   [m Sucessfully loaded MLPerf log from open/Qualcomm/results/r282_z93_q8e_prev-qaic-v1.8.0.73-aic100/retinanet/offline/performance/run_1/mlperf_log_detail.txt.
[x] Check client sources checksum

[x] Check server sources checksum

[x] Check PTD commands and replies

[x] Check UUID

[x] Check session name

[x] Check time difference

[x] Check client server messages

[x] Check results checksum

[x] Check errors and warnings from PTD logs

[x] Check PTD configuration

[x] Check debug is disabled on server-side



All checks passed

[2mINFO   [m Sucessfully loaded MLPerf log from open/Qualcomm/results/g292_z43_q16_prev-qaic-v1.8.0.73-aic100/retinanet/server/accuracy/mlperf_log_detail.txt.
[2mINFO   [m Sucessfully loaded MLPerf log from open/Qualcomm/results/g292_z43_q16_prev-qaic-v1.8.0.73-aic100/retinanet/server/performance/run_1/mlperf_log_detail.txt.
[2mINFO   [m Sucessfully loaded MLPerf log from open/Qualcomm/results/g292_z43_q16_prev-qaic-v1.8.0.73-aic100/retinanet/server/performance/run_1/mlperf_log_detail.txt.
[2mINFO   [m Target latency: 100000000, Early Stopping Latency: 100000000, Scenario: Server
[2mINFO   [m Sucessfully loaded MLPerf log from open/Qualcomm/results/g292_z43_q16_prev-qaic-v1.8.0.73-aic100/retinanet/offline/accuracy/mlperf_log_detail.txt.
[2mINFO   [m Sucessfully loaded MLPerf log from open/Qualcomm/results/g292_z43_q16_prev-qaic-v1.8.0.73-aic100/retinanet/offline/performance/run_1/mlperf_log_detail.txt.
[2mINFO   [m Sucessfully loaded MLPerf log from open/Qualcomm/results/g292_z43_q16_prev-qaic-v1.8.0.73-aic100/retinanet/offline/performance/run_1/mlperf_log_detail.txt.
[2mINFO   [m Target latency: None, Latency: 652784658957, Scenario: Offline
[2mINFO   [m Sucessfully loaded MLPerf log from open/Qualcomm/results/r282_z93_q5e_prev-qaic-v1.8.0.73-aic100/retinanet/multistream/accuracy/mlperf_log_detail.txt.
[2mINFO   [m Detected power logs for open/Qualcomm/results/r282_z93_q5e_prev-qaic-v1.8.0.73-aic100/retinanet/multistream
[2mINFO   [m Sucessfully loaded MLPerf log from open/Qualcomm/results/r282_z93_q5e_prev-qaic-v1.8.0.73-aic100/retinanet/multistream/performance/run_1/mlperf_log_detail.txt.
[2mINFO   [m Sucessfully loaded MLPerf log from open/Qualcomm/results/r282_z93_q5e_prev-qaic-v1.8.0.73-aic100/retinanet/multistream/performance/run_1/mlperf_log_detail.txt.
[2mINFO   [m Sucessfully loaded MLPerf log from open/Qualcomm/results/r282_z93_q5e_prev-qaic-v1.8.0.73-aic100/retinanet/multistream/performance/run_1/mlperf_log_detail.txt.
[x] Check client sources checksum

[x] Check server sources checksum

[x] Check PTD commands and replies

[x] Check UUID

[x] Check session name

[x] Check time difference

[x] Check client server messages

[x] Check results checksum

[x] Check errors and warnings from PTD logs

	'08-04-2022 19:52:35.776: ERROR: Bad watts reading nan from WT310' in ptd_log.txt during ranging stage. Treated as WARNING



[x] Check PTD configuration

[x] Check debug is disabled on server-side



All checks passed. Warnings encountered, check for audit!

[2mINFO   [m Sucessfully loaded MLPerf log from open/Qualcomm/results/r282_z93_q5e_prev-qaic-v1.8.0.73-aic100/retinanet/singlestream/accuracy/mlperf_log_detail.txt.
[2mINFO   [m Detected power logs for open/Qualcomm/results/r282_z93_q5e_prev-qaic-v1.8.0.73-aic100/retinanet/singlestream
[2mINFO   [m Sucessfully loaded MLPerf log from open/Qualcomm/results/r282_z93_q5e_prev-qaic-v1.8.0.73-aic100/retinanet/singlestream/performance/run_1/mlperf_log_detail.txt.
[2mINFO   [m Sucessfully loaded MLPerf log from open/Qualcomm/results/r282_z93_q5e_prev-qaic-v1.8.0.73-aic100/retinanet/singlestream/performance/run_1/mlperf_log_detail.txt.
[2mINFO   [m Sucessfully loaded MLPerf log from open/Qualcomm/results/r282_z93_q5e_prev-qaic-v1.8.0.73-aic100/retinanet/singlestream/performance/run_1/mlperf_log_detail.txt.
[x] Check client sources checksum

[x] Check server sources checksum

[x] Check PTD commands and replies

[x] Check UUID

[x] Check session name

[x] Check time difference

[x] Check client server messages

[x] Check results checksum

[x] Check errors and warnings from PTD logs

	'08-04-2022 19:36:31.532: ERROR: Bad watts reading nan from WT310' in ptd_log.txt during ranging stage. Treated as WARNING



[x] Check PTD configuration

[x] Check debug is disabled on server-side



All checks passed. Warnings encountered, check for audit!

[2mINFO   [m Sucessfully loaded MLPerf log from open/Qualcomm/results/r282_z93_q5e_prev-qaic-v1.8.0.73-aic100/retinanet/offline/accuracy/mlperf_log_detail.txt.
[2mINFO   [m Detected power logs for open/Qualcomm/results/r282_z93_q5e_prev-qaic-v1.8.0.73-aic100/retinanet/offline
[2mINFO   [m Sucessfully loaded MLPerf log from open/Qualcomm/results/r282_z93_q5e_prev-qaic-v1.8.0.73-aic100/retinanet/offline/performance/run_1/mlperf_log_detail.txt.
[2mINFO   [m Sucessfully loaded MLPerf log from open/Qualcomm/results/r282_z93_q5e_prev-qaic-v1.8.0.73-aic100/retinanet/offline/performance/run_1/mlperf_log_detail.txt.
[2mINFO   [m Target latency: None, Latency: 630949826008, Scenario: Offline
[2mINFO   [m Sucessfully loaded MLPerf log from open/Qualcomm/results/r282_z93_q5e_prev-qaic-v1.8.0.73-aic100/retinanet/offline/performance/run_1/mlperf_log_detail.txt.
[x] Check client sources checksum

[x] Check server sources checksum

[x] Check PTD commands and replies

[x] Check UUID

[x] Check session name

[x] Check time difference

[x] Check client server messages

[x] Check results checksum

[x] Check errors and warnings from PTD logs

	'08-04-2022 19:00:52.096: ERROR: Bad watts reading nan from WT310' in ptd_log.txt during ranging stage. Treated as WARNING



[x] Check PTD configuration

[x] Check debug is disabled on server-side



All checks passed. Warnings encountered, check for audit!

[2mINFO   [m Sucessfully loaded MLPerf log from open/Qualcomm/results/eb6_prev-qaic-v1.8.0.73-aic100/retinanet/multistream/accuracy/mlperf_log_detail.txt.
[2mINFO   [m Detected power logs for open/Qualcomm/results/eb6_prev-qaic-v1.8.0.73-aic100/retinanet/multistream
[2mINFO   [m Sucessfully loaded MLPerf log from open/Qualcomm/results/eb6_prev-qaic-v1.8.0.73-aic100/retinanet/multistream/performance/run_1/mlperf_log_detail.txt.
[2mINFO   [m Sucessfully loaded MLPerf log from open/Qualcomm/results/eb6_prev-qaic-v1.8.0.73-aic100/retinanet/multistream/performance/run_1/mlperf_log_detail.txt.
[2mINFO   [m Sucessfully loaded MLPerf log from open/Qualcomm/results/eb6_prev-qaic-v1.8.0.73-aic100/retinanet/multistream/performance/run_1/mlperf_log_detail.txt.
[x] Check client sources checksum

[x] Check server sources checksum

[x] Check PTD commands and replies

[x] Check UUID

[x] Check session name

[x] Check time difference

[x] Check client server messages

[x] Check results checksum

[x] Check errors and warnings from PTD logs

[x] Check PTD configuration

[x] Check debug is disabled on server-side



All checks passed

[2mINFO   [m Sucessfully loaded MLPerf log from open/Qualcomm/results/eb6_prev-qaic-v1.8.0.73-aic100/retinanet/singlestream/accuracy/mlperf_log_detail.txt.
[2mINFO   [m Detected power logs for open/Qualcomm/results/eb6_prev-qaic-v1.8.0.73-aic100/retinanet/singlestream
[2mINFO   [m Sucessfully loaded MLPerf log from open/Qualcomm/results/eb6_prev-qaic-v1.8.0.73-aic100/retinanet/singlestream/performance/run_1/mlperf_log_detail.txt.
[2mINFO   [m Sucessfully loaded MLPerf log from open/Qualcomm/results/eb6_prev-qaic-v1.8.0.73-aic100/retinanet/singlestream/performance/run_1/mlperf_log_detail.txt.
[2mINFO   [m Sucessfully loaded MLPerf log from open/Qualcomm/results/eb6_prev-qaic-v1.8.0.73-aic100/retinanet/singlestream/performance/run_1/mlperf_log_detail.txt.
[x] Check client sources checksum

[x] Check server sources checksum

[x] Check PTD commands and replies

[x] Check UUID

[x] Check session name

[x] Check time difference

[x] Check client server messages

[x] Check results checksum

[x] Check errors and warnings from PTD logs

[x] Check PTD configuration

[x] Check debug is disabled on server-side



All checks passed

[2mINFO   [m Sucessfully loaded MLPerf log from open/Qualcomm/results/eb6_prev-qaic-v1.8.0.73-aic100/retinanet/offline/accuracy/mlperf_log_detail.txt.
[2mINFO   [m Detected power logs for open/Qualcomm/results/eb6_prev-qaic-v1.8.0.73-aic100/retinanet/offline
[2mINFO   [m Sucessfully loaded MLPerf log from open/Qualcomm/results/eb6_prev-qaic-v1.8.0.73-aic100/retinanet/offline/performance/run_1/mlperf_log_detail.txt.
[2mINFO   [m Sucessfully loaded MLPerf log from open/Qualcomm/results/eb6_prev-qaic-v1.8.0.73-aic100/retinanet/offline/performance/run_1/mlperf_log_detail.txt.
[2mINFO   [m Target latency: None, Latency: 726723797718, Scenario: Offline
[2mINFO   [m Sucessfully loaded MLPerf log from open/Qualcomm/results/eb6_prev-qaic-v1.8.0.73-aic100/retinanet/offline/performance/run_1/mlperf_log_detail.txt.
[x] Check client sources checksum

[x] Check server sources checksum

[x] Check PTD commands and replies

[x] Check UUID

[x] Check session name

[x] Check time difference

[x] Check client server messages

[x] Check results checksum

[x] Check errors and warnings from PTD logs

[x] Check PTD configuration

[x] Check debug is disabled on server-side



All checks passed

[2mINFO   [m Sucessfully loaded MLPerf log from open/Qualcomm/results/r282_z93_q8_prev-qaic-v1.8.0.73-aic100/retinanet/server/accuracy/mlperf_log_detail.txt.
[2mINFO   [m Sucessfully loaded MLPerf log from open/Qualcomm/results/r282_z93_q8_prev-qaic-v1.8.0.73-aic100/retinanet/server/performance/run_1/mlperf_log_detail.txt.
[2mINFO   [m Sucessfully loaded MLPerf log from open/Qualcomm/results/r282_z93_q8_prev-qaic-v1.8.0.73-aic100/retinanet/server/performance/run_1/mlperf_log_detail.txt.
[2mINFO   [m Target latency: 100000000, Early Stopping Latency: 100000000, Scenario: Server
[2mINFO   [m Sucessfully loaded MLPerf log from open/Qualcomm/results/r282_z93_q8_prev-qaic-v1.8.0.73-aic100/retinanet/offline/accuracy/mlperf_log_detail.txt.
[2mINFO   [m Sucessfully loaded MLPerf log from open/Qualcomm/results/r282_z93_q8_prev-qaic-v1.8.0.73-aic100/retinanet/offline/performance/run_1/mlperf_log_detail.txt.
[2mINFO   [m Sucessfully loaded MLPerf log from open/Qualcomm/results/r282_z93_q8_prev-qaic-v1.8.0.73-aic100/retinanet/offline/performance/run_1/mlperf_log_detail.txt.
[2mINFO   [m Target latency: None, Latency: 626717077273, Scenario: Offline
[2mINFO   [m Sucessfully loaded MLPerf log from open/Qualcomm/results/gloria_highend_no_ssd_prev-qaic-v1.8.0.73-aic100/retinanet/multistream/accuracy/mlperf_log_detail.txt.
[2mINFO   [m Detected power logs for open/Qualcomm/results/gloria_highend_no_ssd_prev-qaic-v1.8.0.73-aic100/retinanet/multistream
[2mINFO   [m Sucessfully loaded MLPerf log from open/Qualcomm/results/gloria_highend_no_ssd_prev-qaic-v1.8.0.73-aic100/retinanet/multistream/performance/run_1/mlperf_log_detail.txt.
[2mINFO   [m Sucessfully loaded MLPerf log from open/Qualcomm/results/gloria_highend_no_ssd_prev-qaic-v1.8.0.73-aic100/retinanet/multistream/performance/run_1/mlperf_log_detail.txt.
[2mINFO   [m Sucessfully loaded MLPerf log from open/Qualcomm/results/gloria_highend_no_ssd_prev-qaic-v1.8.0.73-aic100/retinanet/multistream/performance/run_1/mlperf_log_detail.txt.
[x] Check client sources checksum

[x] Check server sources checksum

[x] Check PTD commands and replies

[x] Check UUID

[x] Check session name

[x] Check time difference

[x] Check client server messages

[x] Check results checksum

[x] Check errors and warnings from PTD logs

[x] Check PTD configuration

[x] Check debug is disabled on server-side



All checks passed

[2mINFO   [m Sucessfully loaded MLPerf log from open/Qualcomm/results/gloria_highend_no_ssd_prev-qaic-v1.8.0.73-aic100/retinanet/singlestream/accuracy/mlperf_log_detail.txt.
[2mINFO   [m Detected power logs for open/Qualcomm/results/gloria_highend_no_ssd_prev-qaic-v1.8.0.73-aic100/retinanet/singlestream
[2mINFO   [m Sucessfully loaded MLPerf log from open/Qualcomm/results/gloria_highend_no_ssd_prev-qaic-v1.8.0.73-aic100/retinanet/singlestream/performance/run_1/mlperf_log_detail.txt.
[2mINFO   [m Sucessfully loaded MLPerf log from open/Qualcomm/results/gloria_highend_no_ssd_prev-qaic-v1.8.0.73-aic100/retinanet/singlestream/performance/run_1/mlperf_log_detail.txt.
[2mINFO   [m Sucessfully loaded MLPerf log from open/Qualcomm/results/gloria_highend_no_ssd_prev-qaic-v1.8.0.73-aic100/retinanet/singlestream/performance/run_1/mlperf_log_detail.txt.
[x] Check client sources checksum

[x] Check server sources checksum

[x] Check PTD commands and replies

[x] Check UUID

[x] Check session name

[x] Check time difference

[x] Check client server messages

[x] Check results checksum

[x] Check errors and warnings from PTD logs

[x] Check PTD configuration

[x] Check debug is disabled on server-side



All checks passed

[2mINFO   [m Sucessfully loaded MLPerf log from open/Qualcomm/results/gloria_highend_no_ssd_prev-qaic-v1.8.0.73-aic100/retinanet/offline/accuracy/mlperf_log_detail.txt.
[2mINFO   [m Detected power logs for open/Qualcomm/results/gloria_highend_no_ssd_prev-qaic-v1.8.0.73-aic100/retinanet/offline
[2mINFO   [m Sucessfully loaded MLPerf log from open/Qualcomm/results/gloria_highend_no_ssd_prev-qaic-v1.8.0.73-aic100/retinanet/offline/performance/run_1/mlperf_log_detail.txt.
[2mINFO   [m Sucessfully loaded MLPerf log from open/Qualcomm/results/gloria_highend_no_ssd_prev-qaic-v1.8.0.73-aic100/retinanet/offline/performance/run_1/mlperf_log_detail.txt.
[2mINFO   [m Target latency: None, Latency: 627278056473, Scenario: Offline
[2mINFO   [m Sucessfully loaded MLPerf log from open/Qualcomm/results/gloria_highend_no_ssd_prev-qaic-v1.8.0.73-aic100/retinanet/offline/performance/run_1/mlperf_log_detail.txt.
[x] Check client sources checksum

[x] Check server sources checksum

[x] Check PTD commands and replies

[x] Check UUID

[x] Check session name

[x] Check time difference

[x] Check client server messages

[x] Check results checksum

[x] Check errors and warnings from PTD logs

[x] Check PTD configuration

[x] Check debug is disabled on server-side



All checks passed

[2mINFO   [m Sucessfully loaded MLPerf log from open/Qualcomm/results/gloria_prev-qaic-v1.8.0.73-aic100/retinanet/multistream/accuracy/mlperf_log_detail.txt.
[2mINFO   [m Detected power logs for open/Qualcomm/results/gloria_prev-qaic-v1.8.0.73-aic100/retinanet/multistream
[2mINFO   [m Sucessfully loaded MLPerf log from open/Qualcomm/results/gloria_prev-qaic-v1.8.0.73-aic100/retinanet/multistream/performance/run_1/mlperf_log_detail.txt.
[2mINFO   [m Sucessfully loaded MLPerf log from open/Qualcomm/results/gloria_prev-qaic-v1.8.0.73-aic100/retinanet/multistream/performance/run_1/mlperf_log_detail.txt.
[2mINFO   [m Sucessfully loaded MLPerf log from open/Qualcomm/results/gloria_prev-qaic-v1.8.0.73-aic100/retinanet/multistream/performance/run_1/mlperf_log_detail.txt.
[x] Check client sources checksum

[x] Check server sources checksum

[x] Check PTD commands and replies

[x] Check UUID

[x] Check session name

[x] Check time difference

[x] Check client server messages

[x] Check results checksum

[x] Check errors and warnings from PTD logs

	'08-05-2022 12:47:58.131: ERROR: Bad watts reading nan from WT310' in ptd_log.txt during ranging stage. Treated as WARNING



[x] Check PTD configuration

[x] Check debug is disabled on server-side



All checks passed. Warnings encountered, check for audit!

[2mINFO   [m Sucessfully loaded MLPerf log from open/Qualcomm/results/gloria_prev-qaic-v1.8.0.73-aic100/retinanet/singlestream/accuracy/mlperf_log_detail.txt.
[2mINFO   [m Detected power logs for open/Qualcomm/results/gloria_prev-qaic-v1.8.0.73-aic100/retinanet/singlestream
[2mINFO   [m Sucessfully loaded MLPerf log from open/Qualcomm/results/gloria_prev-qaic-v1.8.0.73-aic100/retinanet/singlestream/performance/run_1/mlperf_log_detail.txt.
[2mINFO   [m Sucessfully loaded MLPerf log from open/Qualcomm/results/gloria_prev-qaic-v1.8.0.73-aic100/retinanet/singlestream/performance/run_1/mlperf_log_detail.txt.
[2mINFO   [m Sucessfully loaded MLPerf log from open/Qualcomm/results/gloria_prev-qaic-v1.8.0.73-aic100/retinanet/singlestream/performance/run_1/mlperf_log_detail.txt.
[x] Check client sources checksum

[x] Check server sources checksum

[x] Check PTD commands and replies

[x] Check UUID

[x] Check session name

[x] Check time difference

[x] Check client server messages

[x] Check results checksum

[x] Check errors and warnings from PTD logs

	'08-05-2022 12:24:41.125: ERROR: Bad watts reading nan from WT310' in ptd_log.txt during ranging stage. Treated as WARNING



[x] Check PTD configuration

[x] Check debug is disabled on server-side



All checks passed. Warnings encountered, check for audit!

[2mINFO   [m Sucessfully loaded MLPerf log from open/Qualcomm/results/gloria_prev-qaic-v1.8.0.73-aic100/retinanet/offline/accuracy/mlperf_log_detail.txt.
[2mINFO   [m Detected power logs for open/Qualcomm/results/gloria_prev-qaic-v1.8.0.73-aic100/retinanet/offline
[2mINFO   [m Sucessfully loaded MLPerf log from open/Qualcomm/results/gloria_prev-qaic-v1.8.0.73-aic100/retinanet/offline/performance/run_1/mlperf_log_detail.txt.
[2mINFO   [m Sucessfully loaded MLPerf log from open/Qualcomm/results/gloria_prev-qaic-v1.8.0.73-aic100/retinanet/offline/performance/run_1/mlperf_log_detail.txt.
[2mINFO   [m Target latency: None, Latency: 682386817193, Scenario: Offline
[2mINFO   [m Sucessfully loaded MLPerf log from open/Qualcomm/results/gloria_prev-qaic-v1.8.0.73-aic100/retinanet/offline/performance/run_1/mlperf_log_detail.txt.
[x] Check client sources checksum

[x] Check server sources checksum

[x] Check PTD commands and replies

[x] Check UUID

[x] Check session name

[x] Check time difference

[x] Check client server messages

[x] Check results checksum

[x] Check errors and warnings from PTD logs

	'08-05-2022 11:59:35.994: ERROR: Bad watts reading nan from WT310' in ptd_log.txt during ranging stage. Treated as WARNING



[x] Check PTD configuration

[x] Check debug is disabled on server-side



All checks passed. Warnings encountered, check for audit!

[2mINFO   [m ---
[2mINFO   [m Results open/Qualcomm/results/eb6_prev-qaic-v1.8.0.73-aic100/retinanet/multistream 331.388621 with power_metric = 5.065411
[2mINFO   [m Results open/Qualcomm/results/eb6_prev-qaic-v1.8.0.73-aic100/retinanet/offline 62.948000 with power_metric = 20.892911
[2mINFO   [m Results open/Qualcomm/results/eb6_prev-qaic-v1.8.0.73-aic100/retinanet/singlestream 38.494523 with power_metric = 0.622955
[2mINFO   [m Results open/Qualcomm/results/g292_z43_q16_prev-qaic-v1.8.0.73-aic100/retinanet/offline 3002.87
[2mINFO   [m Results open/Qualcomm/results/g292_z43_q16_prev-qaic-v1.8.0.73-aic100/retinanet/server 2046.17
[2mINFO   [m Results open/Qualcomm/results/gloria_highend_no_ssd_prev-qaic-v1.8.0.73-aic100/retinanet/multistream 310.150119 with power_metric = 4.582908
[2mINFO   [m Results open/Qualcomm/results/gloria_highend_no_ssd_prev-qaic-v1.8.0.73-aic100/retinanet/offline 93.755600 with power_metric = 22.475092
[2mINFO   [m Results open/Qualcomm/results/gloria_highend_no_ssd_prev-qaic-v1.8.0.73-aic100/retinanet/singlestream 43.764892 with power_metric = 0.613548
[2mINFO   [m Results open/Qualcomm/results/gloria_prev-qaic-v1.8.0.73-aic100/retinanet/multistream 326.597119 with power_metric = 5.016821
[2mINFO   [m Results open/Qualcomm/results/gloria_prev-qaic-v1.8.0.73-aic100/retinanet/offline 67.035700 with power_metric = 21.428923
[2mINFO   [m Results open/Qualcomm/results/gloria_prev-qaic-v1.8.0.73-aic100/retinanet/singlestream 38.610586 with power_metric = 0.620005
[2mINFO   [m Results open/Qualcomm/results/heimdall_prev-qaic-v1.8.0.73-aic100/retinanet/multistream 332.170341 with power_metric = 4.629173
[2mINFO   [m Results open/Qualcomm/results/heimdall_prev-qaic-v1.8.0.73-aic100/retinanet/offline 63.069300 with power_metric = 19.508049
[2mINFO   [m Results open/Qualcomm/results/heimdall_prev-qaic-v1.8.0.73-aic100/retinanet/singlestream 39.266363 with power_metric = 0.586231
[2mINFO   [m Results open/Qualcomm/results/r282_z93_q5e_prev-qaic-v1.8.0.73-aic100/retinanet/multistream 57.469723 with power_metric = 14.438975
[2mINFO   [m Results open/Qualcomm/results/r282_z93_q5e_prev-qaic-v1.8.0.73-aic100/retinanet/offline 932.071000 with power_metric = 406.922936
[2mINFO   [m Results open/Qualcomm/results/r282_z93_q5e_prev-qaic-v1.8.0.73-aic100/retinanet/singlestream 24.291222 with power_metric = 5.178889
[2mINFO   [m Results open/Qualcomm/results/r282_z93_q8_prev-qaic-v1.8.0.73-aic100/retinanet/offline 1501.28
[2mINFO   [m Results open/Qualcomm/results/r282_z93_q8_prev-qaic-v1.8.0.73-aic100/retinanet/server 997.752
[2mINFO   [m Results open/Qualcomm/results/r282_z93_q8e_prev-qaic-v1.8.0.73-aic100/retinanet/offline 1501.010000 with power_metric = 566.423207
[2mINFO   [m Results open/Qualcomm/results/r282_z93_q8e_prev-qaic-v1.8.0.73-aic100/retinanet/server 979.572000 with power_metric = 477.176333
[2mINFO   [m ---
[2mINFO   [m ---
[2mINFO   [m Results=21, NoResults=0
[2mINFO   [m SUMMARY: submission looks OK

[31m0[m errors, [33m0[m warnings, [2m134[m infos
