ptd-server 2022-07-23 04:50:59,833 [INFO] Got command from the client 'time'
ptd-server 2022-07-23 04:50:59,833 [INFO] Sending reply to client '1658548259.8331723'
ptd-server 2022-07-23 04:50:59,834 [INFO] Got command from the client 'new,,7ba14dd0-6e52-4ca8-99bc-ab84314bfaad'
ptd-server 2022-07-23 04:50:59,835 [INFO] Sending reply to client 'OK 2022-07-23_04-50-59,300aa9ac-259f-4210-a241-d17a7a2abb65'
ptd-server 2022-07-23 04:50:59,870 [INFO] Got command from the client 'time'
ptd-server 2022-07-23 04:50:59,870 [INFO] Sending reply to client '1658548259.870429'
ptd-server 2022-07-23 04:50:59,871 [INFO] Got command from the client 'session,2022-07-23_04-50-59,start,ranging'
ptd-server 2022-07-23 04:50:59,871 [INFO] Running PTDaemon: ['/home/anton/projects/mlperf/power/inference_v1.0/ptd-linux-x86', '-l', '/tmp/tmp7lgbo8s4/ptd_logfile.txt', '-p', '8888', '49', '/dev/usbtmc0']
ptd-server 2022-07-23 04:51:17,047 [INFO] Sending to ptd: 'Hello'
ptd-server 2022-07-23 04:51:17,047 [INFO] Reply from ptd: 'Hello, PTDaemon here!'
ptd-server 2022-07-23 04:51:17,047 [INFO] Sending to ptd: 'Identify'
ptd-server 2022-07-23 04:51:17,048 [INFO] Reply from ptd: 'YokogawaWT310E,1000,1,1,1,1,0,1,1,version=1.9.2-e8c7a49a-20201208,OS=Linux 5.13.0-52-generic #59~20.04.1-Ubuntu SMP Thu Jun 16 21:21:28 UTC 2022 x86_64,mode=power,1,1,1,0,0,no_cal_date,YOKOGAWA;WT310E;C3XA04010E;F1.04'
ptd-server 2022-07-23 04:51:17,048 [INFO] Connected to PTDaemon
ptd-server 2022-07-23 04:51:17,048 [INFO] Sending to ptd: 'RR'
ptd-server 2022-07-23 04:51:17,048 [INFO] Reply from ptd: 'Ranges,0,0.500000,1,300.000000'
ptd-server 2022-07-23 04:51:17,048 [INFO] Initial range for Amps is 0.500000 for Volts is Auto
ptd-server 2022-07-23 04:51:17,049 [INFO] Sending to ptd: 'SR,V,Auto'
ptd-server 2022-07-23 04:51:17,551 [INFO] Reply from ptd: 'Range V changed'
ptd-server 2022-07-23 04:51:17,551 [INFO] Sending to ptd: 'SR,A,Auto'
ptd-server 2022-07-23 04:51:18,054 [INFO] Reply from ptd: 'Range A changed'
ptd-server 2022-07-23 04:51:28,064 [INFO] Starting ranging mode
ptd-server 2022-07-23 04:51:28,064 [INFO] Sending to ptd: 'Go,1000,0,2022-07-23_04-50-59_ranging'
ptd-server 2022-07-23 04:51:28,064 [INFO] Reply from ptd: 'Starting untimed measurement, maximum 500000 samples at 1000ms with 0 rampup samples'
ptd-server 2022-07-23 04:51:28,065 [INFO] Sending reply to client 'OK'
ptd-server 2022-07-23 05:01:44,506 [INFO] Got command from the client 'session,2022-07-23_04-50-59,stop,ranging'
ptd-server 2022-07-23 05:01:54,516 [INFO] Sending to ptd: 'Stop'
ptd-server 2022-07-23 05:01:54,517 [INFO] Reply from ptd: 'Stopping untimed measurement'
ptd-server 2022-07-23 05:01:55,032 [INFO] Sending reply to client 'OK'
ptd-server 2022-07-23 05:01:55,078 [INFO] Got command from the client 'time'
ptd-server 2022-07-23 05:01:55,078 [INFO] Sending reply to client '1658548915.0789413'
ptd-server 2022-07-23 05:01:55,079 [INFO] Got command from the client 'session,2022-07-23_04-50-59,start,testing'
ptd-server 2022-07-23 05:01:55,079 [INFO] Sending to ptd: 'SR,V,251.210000'
ptd-server 2022-07-23 05:01:56,581 [INFO] Reply from ptd: 'Range V changed'
ptd-server 2022-07-23 05:01:56,581 [INFO] Sending to ptd: 'SR,A,0.058530'
ptd-server 2022-07-23 05:01:58,082 [INFO] Reply from ptd: 'Range A changed'
ptd-server 2022-07-23 05:02:08,093 [INFO] Starting testing mode
ptd-server 2022-07-23 05:02:08,093 [INFO] Sending to ptd: 'Go,1000,0,2022-07-23_04-50-59_testing'
ptd-server 2022-07-23 05:02:08,093 [INFO] Reply from ptd: 'Starting untimed measurement, maximum 500000 samples at 1000ms with 0 rampup samples'
ptd-server 2022-07-23 05:02:08,093 [INFO] Sending reply to client 'OK'
ptd-server 2022-07-23 05:12:24,495 [INFO] Got command from the client 'session,2022-07-23_04-50-59,stop,testing'
ptd-server 2022-07-23 05:12:34,505 [INFO] Sending to ptd: 'Stop'
ptd-server 2022-07-23 05:12:34,506 [INFO] Reply from ptd: 'Stopping untimed measurement'
ptd-server 2022-07-23 05:12:34,778 [INFO] Sending reply to client 'OK'
ptd-server 2022-07-23 05:12:34,785 [INFO] Got command from the client 'session,2022-07-23_04-50-59,done'
ptd-server 2022-07-23 05:12:34,786 [INFO] Sending to ptd: 'Stop'
ptd-server 2022-07-23 05:12:35,093 [INFO] Reply from ptd: 'Error: no measurement to stop'
ptd-server 2022-07-23 05:12:35,093 [INFO] Sending to ptd: 'SR,V,Auto'
ptd-server 2022-07-23 05:12:35,596 [INFO] Reply from ptd: 'Range V changed'
ptd-server 2022-07-23 05:12:35,596 [INFO] Sending to ptd: 'SR,A,0.500000'
ptd-server 2022-07-23 05:12:37,097 [INFO] Reply from ptd: 'Range A changed'
ptd-server 2022-07-23 05:12:37,097 [INFO] Set initial values for Amps 0.500000 and Volts Auto
ptd-server 2022-07-23 05:12:37,098 [INFO] Stopping ptd...
