ptd-server 2022-07-28 20:31:12,572 [INFO] Got command from the client 'time'
ptd-server 2022-07-28 20:31:12,572 [INFO] Sending reply to client '1659036672.5729115'
ptd-server 2022-07-28 20:31:12,577 [INFO] Got command from the client 'new,,3c6e7705-92fd-4811-876e-d3f3e47a7c27'
ptd-server 2022-07-28 20:31:12,577 [INFO] Sending reply to client 'OK 2022-07-28_20-31-12,eba10d0c-0a49-4941-b2a1-d1b47d2a1bd4'
ptd-server 2022-07-28 20:31:12,674 [INFO] Got command from the client 'time'
ptd-server 2022-07-28 20:31:12,674 [INFO] Sending reply to client '1659036672.6749618'
ptd-server 2022-07-28 20:31:12,678 [INFO] Got command from the client 'session,2022-07-28_20-31-12,start,ranging'
ptd-server 2022-07-28 20:31:12,679 [INFO] Running PTDaemon: ['/home/anton/projects/mlperf/power/inference_v1.0/ptd-linux-x86', '-l', '/tmp/tmp7lgbo8s4/ptd_logfile.txt', '-p', '8888', '49', '/dev/usbtmc0']
ptd-server 2022-07-28 20:31:29,852 [INFO] Sending to ptd: 'Hello'
ptd-server 2022-07-28 20:31:29,853 [INFO] Reply from ptd: 'Hello, PTDaemon here!'
ptd-server 2022-07-28 20:31:29,853 [INFO] Sending to ptd: 'Identify'
ptd-server 2022-07-28 20:31:29,854 [INFO] Reply from ptd: 'YokogawaWT310E,1000,1,1,1,1,0,1,1,version=1.9.2-e8c7a49a-20201208,OS=Linux 5.13.0-52-generic #59~20.04.1-Ubuntu SMP Thu Jun 16 21:21:28 UTC 2022 x86_64,mode=power,1,1,1,0,0,no_cal_date,YOKOGAWA;WT310E;C3XA04010E;F1.04'
ptd-server 2022-07-28 20:31:29,854 [INFO] Connected to PTDaemon
ptd-server 2022-07-28 20:31:29,854 [INFO] Sending to ptd: 'RR'
ptd-server 2022-07-28 20:31:29,854 [INFO] Reply from ptd: 'Ranges,0,0.500000,1,300.000000'
ptd-server 2022-07-28 20:31:29,854 [INFO] Initial range for Amps is 0.500000 for Volts is Auto
ptd-server 2022-07-28 20:31:29,855 [INFO] Sending to ptd: 'SR,V,Auto'
ptd-server 2022-07-28 20:31:30,357 [INFO] Reply from ptd: 'Range V changed'
ptd-server 2022-07-28 20:31:30,357 [INFO] Sending to ptd: 'SR,A,Auto'
ptd-server 2022-07-28 20:31:30,860 [INFO] Reply from ptd: 'Range A changed'
ptd-server 2022-07-28 20:31:40,870 [INFO] Starting ranging mode
ptd-server 2022-07-28 20:31:40,870 [INFO] Sending to ptd: 'Go,1000,0,2022-07-28_20-31-12_ranging'
ptd-server 2022-07-28 20:31:40,871 [INFO] Reply from ptd: 'Starting untimed measurement, maximum 500000 samples at 1000ms with 0 rampup samples'
ptd-server 2022-07-28 20:31:40,871 [INFO] Sending reply to client 'OK'
ptd-server 2022-07-28 20:42:04,578 [INFO] Got command from the client 'session,2022-07-28_20-31-12,stop,ranging'
ptd-server 2022-07-28 20:42:14,588 [INFO] Sending to ptd: 'Stop'
ptd-server 2022-07-28 20:42:14,589 [INFO] Reply from ptd: 'Stopping untimed measurement'
ptd-server 2022-07-28 20:42:15,702 [INFO] Sending reply to client 'OK'
ptd-server 2022-07-28 20:42:15,837 [INFO] Got command from the client 'time'
ptd-server 2022-07-28 20:42:15,837 [INFO] Sending reply to client '1659037335.8372147'
ptd-server 2022-07-28 20:42:15,841 [INFO] Got command from the client 'session,2022-07-28_20-31-12,start,testing'
ptd-server 2022-07-28 20:42:15,841 [INFO] Sending to ptd: 'SR,V,249.950000'
ptd-server 2022-07-28 20:42:17,343 [INFO] Reply from ptd: 'Range V changed'
ptd-server 2022-07-28 20:42:17,343 [INFO] Sending to ptd: 'SR,A,0.048960'
ptd-server 2022-07-28 20:42:18,844 [INFO] Reply from ptd: 'Range A changed'
ptd-server 2022-07-28 20:42:28,854 [INFO] Starting testing mode
ptd-server 2022-07-28 20:42:28,855 [INFO] Sending to ptd: 'Go,1000,0,2022-07-28_20-31-12_testing'
ptd-server 2022-07-28 20:42:28,855 [INFO] Reply from ptd: 'Starting untimed measurement, maximum 500000 samples at 1000ms with 0 rampup samples'
ptd-server 2022-07-28 20:42:28,855 [INFO] Sending reply to client 'OK'
ptd-server 2022-07-28 20:52:52,223 [INFO] Got command from the client 'session,2022-07-28_20-31-12,stop,testing'
ptd-server 2022-07-28 20:53:02,233 [INFO] Sending to ptd: 'Stop'
ptd-server 2022-07-28 20:53:02,233 [INFO] Reply from ptd: 'Stopping untimed measurement'
ptd-server 2022-07-28 20:53:02,799 [INFO] Sending reply to client 'OK'
ptd-server 2022-07-28 20:53:02,837 [INFO] Got command from the client 'session,2022-07-28_20-31-12,done'
ptd-server 2022-07-28 20:53:02,837 [INFO] Sending to ptd: 'Stop'
ptd-server 2022-07-28 20:53:02,855 [INFO] Reply from ptd: 'Error: no measurement to stop'
ptd-server 2022-07-28 20:53:02,855 [INFO] Sending to ptd: 'SR,V,Auto'
ptd-server 2022-07-28 20:53:03,358 [INFO] Reply from ptd: 'Range V changed'
ptd-server 2022-07-28 20:53:03,358 [INFO] Sending to ptd: 'SR,A,0.500000'
ptd-server 2022-07-28 20:53:04,859 [INFO] Reply from ptd: 'Range A changed'
ptd-server 2022-07-28 20:53:04,859 [INFO] Set initial values for Amps 0.500000 and Volts Auto
ptd-server 2022-07-28 20:53:04,859 [INFO] Stopping ptd...
