client 2022-08-02 04:40:19,995 [WARNING] Removing loadgen logs directory '/home/yvan/CK/ck-mlperf/program/image-classification-armnn-tflite-loadgen/tmp/loadgen_logs'
client 2022-08-02 04:40:19,997 [INFO] Sending command to the server: 'mlcommons/power client v3'
client 2022-08-02 04:40:19,998 [INFO] Got response: 'mlcommons/power server v3'
client 2022-08-02 04:40:19,998 [INFO] Synchronizing with the server and with time.google.com...
client 2022-08-02 04:40:20,028 [INFO] NTP:offset = -0.001 s, delay = 0.026 s 
client 2022-08-02 04:40:20,028 [INFO] Sending command to the server: 'time'
client 2022-08-02 04:40:20,028 [INFO] Got response: '1659411620.0278068'
client 2022-08-02 04:40:20,029 [INFO] The time difference between the client and the server is within range 0.315 ms..1.209 ms
client 2022-08-02 04:40:20,029 [INFO] Sending command to the server: 'new,,4e14fa9f-de28-4a7b-9779-f81a293e3bf9'
client 2022-08-02 04:40:20,030 [INFO] Got response: 'OK 2022-08-02_04-40-20,58a212dc-98b2-4e89-96cd-a7e3d537a5cb'
client 2022-08-02 04:40:20,030 [INFO] Session id is '2022-08-02_04-40-20'
client 2022-08-02 04:40:20,030 [INFO] Sources: {"sources": {"__init__.py": "da39a3ee5e6b4b0d3255bfef95601890afd80709", "client.py": "33ca4f26368777ac06e01f9567b714a4b8063886", "lib/__init__.py": "da39a3ee5e6b4b0d3255bfef95601890afd80709", "lib/client.py": "4c2b78fb4849a7e5b584ef792d82aaed20b17f57", "lib/common.py": "624d0c0acc7c39aaff3674f0b99d6a09da53d1dc", "lib/external/__init__.py": "da39a3ee5e6b4b0d3255bfef95601890afd80709", "lib/external/ntplib.py": "4da8f970656505a40483206ef2b5d3dd5e81711d", "lib/server.py": "cda0cdfaee9bfa1249c64a7dd4f89b7bf1b279f0", "lib/source_hashes.py": "60a2e02193209e8d392803326208d5466342da18", "lib/summary.py": "aa92f0a3f975eecd44d3c0cd0236342ccc9f941d", "lib/time_sync.py": "3210db56eb0ff0df57bf4293dc4d4b03fffd46f1", "server.py": "c3f90f2f7eeb4db30727556d0c815ebc89b3d28b", "tests/unit/__init__.py": "da39a3ee5e6b4b0d3255bfef95601890afd80709", "tests/unit/test_server.py": "99ae15aef722f2000ee6ed1ae1523637bf1ae42b", "tests/unit/test_source_hashes.py": "00468a2907583c593e6574a1f6b404e4651c221a"}, "modules": {"ptd_client_server.lib.client": "lib/client.py", "ptd_client_server.lib.common": "lib/common.py", "ptd_client_server.lib.external.ntplib": "lib/external/ntplib.py", "ptd_client_server.lib.source_hashes": "lib/source_hashes.py", "ptd_client_server.lib.summary": "lib/summary.py", "ptd_client_server.lib.time_sync": "lib/time_sync.py"}}
client 2022-08-02 04:40:20,031 [INFO] Running workload in ranging mode
client 2022-08-02 04:40:20,031 [INFO] Synchronizing with the server and with time.google.com...
client 2022-08-02 04:40:20,061 [INFO] NTP:offset = -0.004 s, delay = 0.029 s 
client 2022-08-02 04:40:20,061 [INFO] Sending command to the server: 'time'
client 2022-08-02 04:40:20,062 [INFO] Got response: '1659411620.0612187'
client 2022-08-02 04:40:20,062 [INFO] The time difference between the client and the server is within range 0.236 ms..1.195 ms
client 2022-08-02 04:40:20,062 [INFO] Sending command to the server: 'session,2022-08-02_04-40-20,start,ranging'
client 2022-08-02 04:40:48,257 [INFO] Got response: 'OK'
client 2022-08-02 04:40:48,259 [INFO] Running the workload 'ck benchmark program:image-classification-armnn-tflite-loadgen --env.CK_SILENT_MODE=YES --skip_print_timers --dep_add_tags.compiler=gcc,v9 --dep_add_tags.python=v3 --dep_add_tags.mlperf-inference-src=r2.1 --dep_add_tags.weights=mobilenet,v2-1.0-160,non-quantized --dep_add_tags.images=crop.875,preprocessed,using-opencv --dep_add_tags.library=armnn,rel.22.05,neon --env.CK_LOADGEN_DATASET_SIZE=1024 --env.USE_NEON=1 --env.USE_OPENCL=0 --env.CK_LOADGEN_MODE=PerformanceOnly --env.CK_LOADGEN_SCENARIO=SingleStream --env.CK_LOADGEN_TARGET_LATENCY=$CK_LOADGEN_TARGET_LATENCY --skip_stat_analysis --process_multi_keys --repetitions=1 --record --record_repo=local --record_uoa=mlperf_v2.1-open-orin-armnn-v22.05-neon-mobilenet-v2-1.0-160-non-quantized-singlestream-performance-target_latency.$CK_LOADGEN_TARGET_LATENCY-power.workload --tags=mlperf,round.v2.1,division.open,task.image-classification,platform.orin,scenario.singlestream,mode.performance,workload.mobilenet-v2-1.0-160-non-quantized,preprocessed_using.opencv,inference_engine.armnn,inference_engine_version.v22.05,inference_engine_backend.neon,target_latency.$CK_LOADGEN_TARGET_LATENCY,power.workload "@@@{\'meta\': {\'ck_benchmark_program\': \'ck benchmark program:image-classification-armnn-tflite-loadgen --env.CK_SILENT_MODE=YES --skip_print_timers --dep_add_tags.compiler=gcc,v9 --dep_add_tags.python=v3 --dep_add_tags.mlperf-inference-src=r2.1 --dep_add_tags.weights=mobilenet,v2-1.0-160,non-quantized --dep_add_tags.images=crop.875,preprocessed,using-opencv --dep_add_tags.library=armnn,rel.22.05,neon --env.CK_LOADGEN_DATASET_SIZE=1024 --env.USE_NEON=1 --env.USE_OPENCL=0 --env.CK_LOADGEN_MODE=PerformanceOnly --env.CK_LOADGEN_SCENARIO=SingleStream --env.CK_LOADGEN_TARGET_LATENCY=$CK_LOADGEN_TARGET_LATENCY --skip_stat_analysis --process_multi_keys --repetitions=1 --record --record_repo=local --record_uoa=mlperf_v2.1-open-orin-armnn-v22.05-neon-mobilenet-v2-1.0-160-non-quantized-singlestream-performance-target_latency.$CK_LOADGEN_TARGET_LATENCY-power.workload --tags=mlperf,round.v2.1,division.open,task.image-classification,platform.orin,scenario.singlestream,mode.performance,workload.mobilenet-v2-1.0-160-non-quantized,preprocessed_using.opencv,inference_engine.armnn,inference_engine_version.v22.05,inference_engine_backend.neon,target_latency.$CK_LOADGEN_TARGET_LATENCY,power.workload\'}}" && cat `ck find program:image-classification-armnn-tflite-loadgen`/tmp/mlperf_log_summary.txt && mkdir -p "$CK_MLPERF_POWER_CLIENT_LOADGEN_LOGS" && cp "$CK_MLPERF_POWER_CLIENT_LOADGEN_LOGS"/../mlperf_log_* "$CK_MLPERF_POWER_CLIENT_LOADGEN_LOGS"/'
client 2022-08-02 04:50:59,620 [INFO] Sending command to the server: 'session,2022-08-02_04-40-20,stop,ranging'
client 2022-08-02 04:51:11,101 [INFO] Got response: 'OK'
client 2022-08-02 04:51:11,112 [INFO] Copying loadgen logs from '/home/yvan/CK/ck-mlperf/program/image-classification-armnn-tflite-loadgen/tmp/loadgen_logs' to '/home/yvan/CK/ck-mlperf/program/mlperf-power-client/tmp/2022-08-02_04-40-20/ranging'
client 2022-08-02 04:51:11,114 [INFO] Running workload in testing mode
client 2022-08-02 04:51:11,114 [INFO] Synchronizing with the server and with time.google.com...
client 2022-08-02 04:51:11,162 [INFO] NTP:offset = 0.000 s, delay = 0.027 s 
client 2022-08-02 04:51:11,162 [INFO] Sending command to the server: 'time'
client 2022-08-02 04:51:11,163 [INFO] Got response: '1659412271.164947'
client 2022-08-02 04:51:11,164 [INFO] The time difference between the client and the server is within range -2.340 ms..-0.744 ms
client 2022-08-02 04:51:11,164 [INFO] Sending command to the server: 'session,2022-08-02_04-40-20,start,testing'
client 2022-08-02 04:51:24,180 [INFO] Got response: 'OK'
client 2022-08-02 04:51:24,180 [INFO] Running the workload 'ck benchmark program:image-classification-armnn-tflite-loadgen --env.CK_SILENT_MODE=YES --skip_print_timers --dep_add_tags.compiler=gcc,v9 --dep_add_tags.python=v3 --dep_add_tags.mlperf-inference-src=r2.1 --dep_add_tags.weights=mobilenet,v2-1.0-160,non-quantized --dep_add_tags.images=crop.875,preprocessed,using-opencv --dep_add_tags.library=armnn,rel.22.05,neon --env.CK_LOADGEN_DATASET_SIZE=1024 --env.USE_NEON=1 --env.USE_OPENCL=0 --env.CK_LOADGEN_MODE=PerformanceOnly --env.CK_LOADGEN_SCENARIO=SingleStream --env.CK_LOADGEN_TARGET_LATENCY=$CK_LOADGEN_TARGET_LATENCY --skip_stat_analysis --process_multi_keys --repetitions=1 --record --record_repo=local --record_uoa=mlperf_v2.1-open-orin-armnn-v22.05-neon-mobilenet-v2-1.0-160-non-quantized-singlestream-performance-target_latency.$CK_LOADGEN_TARGET_LATENCY-power.workload --tags=mlperf,round.v2.1,division.open,task.image-classification,platform.orin,scenario.singlestream,mode.performance,workload.mobilenet-v2-1.0-160-non-quantized,preprocessed_using.opencv,inference_engine.armnn,inference_engine_version.v22.05,inference_engine_backend.neon,target_latency.$CK_LOADGEN_TARGET_LATENCY,power.workload "@@@{\'meta\': {\'ck_benchmark_program\': \'ck benchmark program:image-classification-armnn-tflite-loadgen --env.CK_SILENT_MODE=YES --skip_print_timers --dep_add_tags.compiler=gcc,v9 --dep_add_tags.python=v3 --dep_add_tags.mlperf-inference-src=r2.1 --dep_add_tags.weights=mobilenet,v2-1.0-160,non-quantized --dep_add_tags.images=crop.875,preprocessed,using-opencv --dep_add_tags.library=armnn,rel.22.05,neon --env.CK_LOADGEN_DATASET_SIZE=1024 --env.USE_NEON=1 --env.USE_OPENCL=0 --env.CK_LOADGEN_MODE=PerformanceOnly --env.CK_LOADGEN_SCENARIO=SingleStream --env.CK_LOADGEN_TARGET_LATENCY=$CK_LOADGEN_TARGET_LATENCY --skip_stat_analysis --process_multi_keys --repetitions=1 --record --record_repo=local --record_uoa=mlperf_v2.1-open-orin-armnn-v22.05-neon-mobilenet-v2-1.0-160-non-quantized-singlestream-performance-target_latency.$CK_LOADGEN_TARGET_LATENCY-power.workload --tags=mlperf,round.v2.1,division.open,task.image-classification,platform.orin,scenario.singlestream,mode.performance,workload.mobilenet-v2-1.0-160-non-quantized,preprocessed_using.opencv,inference_engine.armnn,inference_engine_version.v22.05,inference_engine_backend.neon,target_latency.$CK_LOADGEN_TARGET_LATENCY,power.workload\'}}" && cat `ck find program:image-classification-armnn-tflite-loadgen`/tmp/mlperf_log_summary.txt && mkdir -p "$CK_MLPERF_POWER_CLIENT_LOADGEN_LOGS" && cp "$CK_MLPERF_POWER_CLIENT_LOADGEN_LOGS"/../mlperf_log_* "$CK_MLPERF_POWER_CLIENT_LOADGEN_LOGS"/'
client 2022-08-02 05:01:35,552 [INFO] Sending command to the server: 'session,2022-08-02_04-40-20,stop,testing'
client 2022-08-02 05:01:46,313 [INFO] Got response: 'OK'
client 2022-08-02 05:01:46,314 [INFO] Copying loadgen logs from '/home/yvan/CK/ck-mlperf/program/image-classification-armnn-tflite-loadgen/tmp/loadgen_logs' to '/home/yvan/CK/ck-mlperf/program/mlperf-power-client/tmp/2022-08-02_04-40-20/run_1'
client 2022-08-02 05:01:46,315 [INFO] Done runs
