ptd-server 2022-07-24 07:30:50,856 [INFO] Got command from the client 'time'
ptd-server 2022-07-24 07:30:50,856 [INFO] Sending reply to client '1658644250.8563678'
ptd-server 2022-07-24 07:30:50,857 [INFO] Got command from the client 'new,,2cf25b3b-ce63-47d5-9fae-33119cd9465e'
ptd-server 2022-07-24 07:30:50,857 [INFO] Sending reply to client 'OK 2022-07-24_07-30-50,16a0cfe2-acbe-4564-91bb-5a01a1a9d9b5'
ptd-server 2022-07-24 07:30:50,886 [INFO] Got command from the client 'time'
ptd-server 2022-07-24 07:30:50,886 [INFO] Sending reply to client '1658644250.8863297'
ptd-server 2022-07-24 07:30:50,887 [INFO] Got command from the client 'session,2022-07-24_07-30-50,start,ranging'
ptd-server 2022-07-24 07:30:50,887 [INFO] Running PTDaemon: ['/home/anton/projects/mlperf/power/inference_v1.0/ptd-linux-x86', '-l', '/tmp/tmp7lgbo8s4/ptd_logfile.txt', '-p', '8888', '49', '/dev/usbtmc0']
ptd-server 2022-07-24 07:31:08,063 [INFO] Sending to ptd: 'Hello'
ptd-server 2022-07-24 07:31:08,063 [INFO] Reply from ptd: 'Hello, PTDaemon here!'
ptd-server 2022-07-24 07:31:08,064 [INFO] Sending to ptd: 'Identify'
ptd-server 2022-07-24 07:31:08,064 [INFO] Reply from ptd: 'YokogawaWT310E,1000,1,1,1,1,0,1,1,version=1.9.2-e8c7a49a-20201208,OS=Linux 5.13.0-52-generic #59~20.04.1-Ubuntu SMP Thu Jun 16 21:21:28 UTC 2022 x86_64,mode=power,1,1,1,0,0,no_cal_date,YOKOGAWA;WT310E;C3XA04010E;F1.04'
ptd-server 2022-07-24 07:31:08,064 [INFO] Connected to PTDaemon
ptd-server 2022-07-24 07:31:08,064 [INFO] Sending to ptd: 'RR'
ptd-server 2022-07-24 07:31:08,065 [INFO] Reply from ptd: 'Ranges,0,0.500000,1,300.000000'
ptd-server 2022-07-24 07:31:08,065 [INFO] Initial range for Amps is 0.500000 for Volts is Auto
ptd-server 2022-07-24 07:31:08,065 [INFO] Sending to ptd: 'SR,V,Auto'
ptd-server 2022-07-24 07:31:08,567 [INFO] Reply from ptd: 'Range V changed'
ptd-server 2022-07-24 07:31:08,568 [INFO] Sending to ptd: 'SR,A,Auto'
ptd-server 2022-07-24 07:31:09,070 [INFO] Reply from ptd: 'Range A changed'
ptd-server 2022-07-24 07:31:19,080 [INFO] Starting ranging mode
ptd-server 2022-07-24 07:31:19,080 [INFO] Sending to ptd: 'Go,1000,0,2022-07-24_07-30-50_ranging'
ptd-server 2022-07-24 07:31:19,081 [INFO] Reply from ptd: 'Starting untimed measurement, maximum 500000 samples at 1000ms with 0 rampup samples'
ptd-server 2022-07-24 07:31:19,081 [INFO] Sending reply to client 'OK'
ptd-server 2022-07-24 07:41:38,209 [INFO] Got command from the client 'session,2022-07-24_07-30-50,stop,ranging'
ptd-server 2022-07-24 07:41:48,219 [INFO] Sending to ptd: 'Stop'
ptd-server 2022-07-24 07:41:48,220 [INFO] Reply from ptd: 'Stopping untimed measurement'
ptd-server 2022-07-24 07:41:48,887 [INFO] Sending reply to client 'OK'
ptd-server 2022-07-24 07:41:48,953 [INFO] Got command from the client 'time'
ptd-server 2022-07-24 07:41:48,954 [INFO] Sending reply to client '1658644908.9539974'
ptd-server 2022-07-24 07:41:48,954 [INFO] Got command from the client 'session,2022-07-24_07-30-50,start,testing'
ptd-server 2022-07-24 07:41:48,955 [INFO] Sending to ptd: 'SR,V,250.970000'
ptd-server 2022-07-24 07:41:50,583 [INFO] Reply from ptd: 'Range V changed'
ptd-server 2022-07-24 07:41:50,583 [INFO] Sending to ptd: 'SR,A,0.051140'
ptd-server 2022-07-24 07:41:52,084 [INFO] Reply from ptd: 'Range A changed'
ptd-server 2022-07-24 07:42:02,095 [INFO] Starting testing mode
ptd-server 2022-07-24 07:42:02,095 [INFO] Sending to ptd: 'Go,1000,0,2022-07-24_07-30-50_testing'
ptd-server 2022-07-24 07:42:02,095 [INFO] Reply from ptd: 'Starting untimed measurement, maximum 500000 samples at 1000ms with 0 rampup samples'
ptd-server 2022-07-24 07:42:02,095 [INFO] Sending reply to client 'OK'
ptd-server 2022-07-24 07:52:21,265 [INFO] Got command from the client 'session,2022-07-24_07-30-50,stop,testing'
ptd-server 2022-07-24 07:52:31,276 [INFO] Sending to ptd: 'Stop'
ptd-server 2022-07-24 07:52:31,276 [INFO] Reply from ptd: 'Stopping untimed measurement'
ptd-server 2022-07-24 07:52:31,624 [INFO] Sending reply to client 'OK'
ptd-server 2022-07-24 07:52:31,632 [INFO] Got command from the client 'session,2022-07-24_07-30-50,done'
ptd-server 2022-07-24 07:52:31,632 [INFO] Sending to ptd: 'Stop'
ptd-server 2022-07-24 07:52:32,095 [INFO] Reply from ptd: 'Error: no measurement to stop'
ptd-server 2022-07-24 07:52:32,096 [INFO] Sending to ptd: 'SR,V,Auto'
ptd-server 2022-07-24 07:52:32,598 [INFO] Reply from ptd: 'Range V changed'
ptd-server 2022-07-24 07:52:32,598 [INFO] Sending to ptd: 'SR,A,0.500000'
ptd-server 2022-07-24 07:52:34,100 [INFO] Reply from ptd: 'Range A changed'
ptd-server 2022-07-24 07:52:34,100 [INFO] Set initial values for Amps 0.500000 and Volts Auto
ptd-server 2022-07-24 07:52:34,100 [INFO] Stopping ptd...
