ptd-server 2022-07-19 14:28:44,921 [INFO] Got command from the client 'time'
ptd-server 2022-07-19 14:28:44,921 [INFO] Sending reply to client '1658237324.9212902'
ptd-server 2022-07-19 14:28:44,925 [INFO] Got command from the client 'new,,88c9ec18-fdae-4f8d-9fbd-a09f890be739'
ptd-server 2022-07-19 14:28:44,925 [INFO] Sending reply to client 'OK 2022-07-19_14-28-44,02340d4b-f4b2-4343-abd9-69019361c494'
ptd-server 2022-07-19 14:28:44,961 [INFO] Got command from the client 'time'
ptd-server 2022-07-19 14:28:44,961 [INFO] Sending reply to client '1658237324.9615326'
ptd-server 2022-07-19 14:28:44,965 [INFO] Got command from the client 'session,2022-07-19_14-28-44,start,ranging'
ptd-server 2022-07-19 14:28:44,965 [INFO] Running PTDaemon: ['/home/anton/projects/mlperf/power/inference_v1.0/ptd-linux-x86', '-l', '/tmp/tmp7lgbo8s4/ptd_logfile.txt', '-p', '8888', '49', '/dev/usbtmc0']
ptd-server 2022-07-19 14:29:02,139 [INFO] Sending to ptd: 'Hello'
ptd-server 2022-07-19 14:29:02,140 [INFO] Reply from ptd: 'Hello, PTDaemon here!'
ptd-server 2022-07-19 14:29:02,140 [INFO] Sending to ptd: 'Identify'
ptd-server 2022-07-19 14:29:02,140 [INFO] Reply from ptd: 'YokogawaWT310E,1000,1,1,1,1,0,1,1,version=1.9.2-e8c7a49a-20201208,OS=Linux 5.13.0-52-generic #59~20.04.1-Ubuntu SMP Thu Jun 16 21:21:28 UTC 2022 x86_64,mode=power,1,1,1,0,0,no_cal_date,YOKOGAWA;WT310E;C3XA04010E;F1.04'
ptd-server 2022-07-19 14:29:02,141 [INFO] Connected to PTDaemon
ptd-server 2022-07-19 14:29:02,141 [INFO] Sending to ptd: 'RR'
ptd-server 2022-07-19 14:29:02,141 [INFO] Reply from ptd: 'Ranges,0,0.500000,1,300.000000'
ptd-server 2022-07-19 14:29:02,141 [INFO] Initial range for Amps is 0.500000 for Volts is Auto
ptd-server 2022-07-19 14:29:02,141 [INFO] Sending to ptd: 'SR,V,Auto'
ptd-server 2022-07-19 14:29:02,644 [INFO] Reply from ptd: 'Range V changed'
ptd-server 2022-07-19 14:29:02,644 [INFO] Sending to ptd: 'SR,A,Auto'
ptd-server 2022-07-19 14:29:03,146 [INFO] Reply from ptd: 'Range A changed'
ptd-server 2022-07-19 14:29:13,157 [INFO] Starting ranging mode
ptd-server 2022-07-19 14:29:13,157 [INFO] Sending to ptd: 'Go,1000,0,2022-07-19_14-28-44_ranging'
ptd-server 2022-07-19 14:29:13,157 [INFO] Reply from ptd: 'Starting untimed measurement, maximum 500000 samples at 1000ms with 0 rampup samples'
ptd-server 2022-07-19 14:29:13,157 [INFO] Sending reply to client 'OK'
ptd-server 2022-07-19 14:39:31,400 [INFO] Got command from the client 'session,2022-07-19_14-28-44,stop,ranging'
ptd-server 2022-07-19 14:39:41,410 [INFO] Sending to ptd: 'Stop'
ptd-server 2022-07-19 14:39:41,411 [INFO] Reply from ptd: 'Stopping untimed measurement'
ptd-server 2022-07-19 14:39:41,508 [INFO] Sending reply to client 'OK'
ptd-server 2022-07-19 14:39:41,579 [INFO] Got command from the client 'time'
ptd-server 2022-07-19 14:39:41,580 [INFO] Sending reply to client '1658237981.5800579'
ptd-server 2022-07-19 14:39:41,586 [INFO] Got command from the client 'session,2022-07-19_14-28-44,start,testing'
ptd-server 2022-07-19 14:39:41,586 [INFO] Sending to ptd: 'SR,V,252.030000'
ptd-server 2022-07-19 14:39:43,659 [INFO] Reply from ptd: 'Range V changed'
ptd-server 2022-07-19 14:39:43,659 [INFO] Sending to ptd: 'SR,A,0.097610'
ptd-server 2022-07-19 14:39:45,160 [INFO] Reply from ptd: 'Range A changed'
ptd-server 2022-07-19 14:39:55,171 [INFO] Starting testing mode
ptd-server 2022-07-19 14:39:55,171 [INFO] Sending to ptd: 'Go,1000,0,2022-07-19_14-28-44_testing'
ptd-server 2022-07-19 14:39:55,171 [INFO] Reply from ptd: 'Starting untimed measurement, maximum 500000 samples at 1000ms with 0 rampup samples'
ptd-server 2022-07-19 14:39:55,171 [INFO] Sending reply to client 'OK'
ptd-server 2022-07-19 14:50:13,366 [INFO] Got command from the client 'session,2022-07-19_14-28-44,stop,testing'
ptd-server 2022-07-19 14:50:23,376 [INFO] Sending to ptd: 'Stop'
ptd-server 2022-07-19 14:50:23,377 [INFO] Reply from ptd: 'Stopping untimed measurement'
ptd-server 2022-07-19 14:50:23,427 [INFO] Sending reply to client 'OK'
ptd-server 2022-07-19 14:50:23,462 [INFO] Got command from the client 'session,2022-07-19_14-28-44,done'
ptd-server 2022-07-19 14:50:23,462 [INFO] Sending to ptd: 'Stop'
ptd-server 2022-07-19 14:50:24,172 [INFO] Reply from ptd: 'Error: no measurement to stop'
ptd-server 2022-07-19 14:50:24,172 [INFO] Sending to ptd: 'SR,V,Auto'
ptd-server 2022-07-19 14:50:24,675 [INFO] Reply from ptd: 'Range V changed'
ptd-server 2022-07-19 14:50:24,675 [INFO] Sending to ptd: 'SR,A,0.500000'
ptd-server 2022-07-19 14:50:26,176 [INFO] Reply from ptd: 'Range A changed'
ptd-server 2022-07-19 14:50:26,176 [INFO] Set initial values for Amps 0.500000 and Volts Auto
ptd-server 2022-07-19 14:50:26,177 [INFO] Stopping ptd...
