ptd-server 2022-07-31 02:55:36,139 [INFO] Got command from the client 'time'
ptd-server 2022-07-31 02:55:36,139 [INFO] Sending reply to client '1659232536.1396344'
ptd-server 2022-07-31 02:55:36,140 [INFO] Got command from the client 'new,,fd625772-d9e4-45c4-86d1-6d500ecea1a1'
ptd-server 2022-07-31 02:55:36,140 [INFO] Sending reply to client 'OK 2022-07-31_02-55-36,ea902cf7-91dc-4db5-b2e6-563ec37113ed'
ptd-server 2022-07-31 02:55:36,169 [INFO] Got command from the client 'time'
ptd-server 2022-07-31 02:55:36,169 [INFO] Sending reply to client '1659232536.169552'
ptd-server 2022-07-31 02:55:36,170 [INFO] Got command from the client 'session,2022-07-31_02-55-36,start,ranging'
ptd-server 2022-07-31 02:55:36,170 [INFO] Running PTDaemon: ['/home/anton/projects/mlperf/power/inference_v1.0/ptd-linux-x86', '-l', '/tmp/tmp7lgbo8s4/ptd_logfile.txt', '-p', '8888', '49', '/dev/usbtmc0']
ptd-server 2022-07-31 02:55:53,344 [INFO] Sending to ptd: 'Hello'
ptd-server 2022-07-31 02:55:53,345 [INFO] Reply from ptd: 'Hello, PTDaemon here!'
ptd-server 2022-07-31 02:55:53,345 [INFO] Sending to ptd: 'Identify'
ptd-server 2022-07-31 02:55:53,346 [INFO] Reply from ptd: 'YokogawaWT310E,1000,1,1,1,1,0,1,1,version=1.9.2-e8c7a49a-20201208,OS=Linux 5.13.0-52-generic #59~20.04.1-Ubuntu SMP Thu Jun 16 21:21:28 UTC 2022 x86_64,mode=power,1,1,1,0,0,no_cal_date,YOKOGAWA;WT310E;C3XA04010E;F1.04'
ptd-server 2022-07-31 02:55:53,346 [INFO] Connected to PTDaemon
ptd-server 2022-07-31 02:55:53,346 [INFO] Sending to ptd: 'RR'
ptd-server 2022-07-31 02:55:53,346 [INFO] Reply from ptd: 'Ranges,0,0.500000,1,300.000000'
ptd-server 2022-07-31 02:55:53,347 [INFO] Initial range for Amps is 0.500000 for Volts is Auto
ptd-server 2022-07-31 02:55:53,347 [INFO] Sending to ptd: 'SR,V,Auto'
ptd-server 2022-07-31 02:55:53,849 [INFO] Reply from ptd: 'Range V changed'
ptd-server 2022-07-31 02:55:53,849 [INFO] Sending to ptd: 'SR,A,Auto'
ptd-server 2022-07-31 02:55:54,352 [INFO] Reply from ptd: 'Range A changed'
ptd-server 2022-07-31 02:56:04,362 [INFO] Starting ranging mode
ptd-server 2022-07-31 02:56:04,362 [INFO] Sending to ptd: 'Go,1000,0,2022-07-31_02-55-36_ranging'
ptd-server 2022-07-31 02:56:04,363 [INFO] Reply from ptd: 'Starting untimed measurement, maximum 500000 samples at 1000ms with 0 rampup samples'
ptd-server 2022-07-31 02:56:04,363 [INFO] Sending reply to client 'OK'
ptd-server 2022-07-31 03:06:20,040 [INFO] Got command from the client 'session,2022-07-31_02-55-36,stop,ranging'
ptd-server 2022-07-31 03:06:30,050 [INFO] Sending to ptd: 'Stop'
ptd-server 2022-07-31 03:06:30,051 [INFO] Reply from ptd: 'Stopping untimed measurement'
ptd-server 2022-07-31 03:06:31,306 [INFO] Sending reply to client 'OK'
ptd-server 2022-07-31 03:06:31,357 [INFO] Got command from the client 'time'
ptd-server 2022-07-31 03:06:31,357 [INFO] Sending reply to client '1659233191.3576527'
ptd-server 2022-07-31 03:06:31,359 [INFO] Got command from the client 'session,2022-07-31_02-55-36,start,testing'
ptd-server 2022-07-31 03:06:31,359 [INFO] Sending to ptd: 'SR,V,252.170000'
ptd-server 2022-07-31 03:06:32,860 [INFO] Reply from ptd: 'Range V changed'
ptd-server 2022-07-31 03:06:32,860 [INFO] Sending to ptd: 'SR,A,0.225280'
ptd-server 2022-07-31 03:06:34,361 [INFO] Reply from ptd: 'Range A changed'
ptd-server 2022-07-31 03:06:44,372 [INFO] Starting testing mode
ptd-server 2022-07-31 03:06:44,372 [INFO] Sending to ptd: 'Go,1000,0,2022-07-31_02-55-36_testing'
ptd-server 2022-07-31 03:06:44,372 [INFO] Reply from ptd: 'Starting untimed measurement, maximum 500000 samples at 1000ms with 0 rampup samples'
ptd-server 2022-07-31 03:06:44,372 [INFO] Sending reply to client 'OK'
ptd-server 2022-07-31 03:16:55,809 [INFO] Got command from the client 'session,2022-07-31_02-55-36,stop,testing'
ptd-server 2022-07-31 03:17:05,819 [INFO] Sending to ptd: 'Stop'
ptd-server 2022-07-31 03:17:05,820 [INFO] Reply from ptd: 'Stopping untimed measurement'
ptd-server 2022-07-31 03:17:06,448 [INFO] Sending reply to client 'OK'
ptd-server 2022-07-31 03:17:06,468 [INFO] Got command from the client 'session,2022-07-31_02-55-36,done'
ptd-server 2022-07-31 03:17:06,468 [INFO] Sending to ptd: 'Stop'
ptd-server 2022-07-31 03:17:06,469 [INFO] Reply from ptd: 'Error: no measurement to stop'
ptd-server 2022-07-31 03:17:06,469 [INFO] Sending to ptd: 'SR,V,Auto'
ptd-server 2022-07-31 03:17:06,971 [INFO] Reply from ptd: 'Range V changed'
ptd-server 2022-07-31 03:17:06,971 [INFO] Sending to ptd: 'SR,A,0.500000'
ptd-server 2022-07-31 03:17:08,473 [INFO] Reply from ptd: 'Range A changed'
ptd-server 2022-07-31 03:17:08,473 [INFO] Set initial values for Amps 0.500000 and Volts Auto
ptd-server 2022-07-31 03:17:08,473 [INFO] Stopping ptd...
