client 2022-08-02 06:38:17,792 [INFO] Sending command to the server: 'mlcommons/power client v3'
client 2022-08-02 06:38:17,793 [INFO] Got response: 'mlcommons/power server v3'
client 2022-08-02 06:38:17,793 [INFO] Sending command to the server: 'stop'
client 2022-08-02 06:38:17,795 [INFO] Got response: 'OK'
client 2022-08-02 06:38:17,795 [INFO] Synchronizing with the server and with 172.16.1.30...
client 2022-08-02 06:38:17,799 [INFO] NTP:offset = 0.000 s, delay = 0.001 s 
client 2022-08-02 06:38:17,799 [INFO] Sending command to the server: 'time'
client 2022-08-02 06:38:17,801 [INFO] Got response: '1659422297.816092'
client 2022-08-02 06:38:17,801 [INFO] The time difference between the client and the server is within range -16.659 ms..-14.996 ms
client 2022-08-02 06:38:17,801 [INFO] Sending command to the server: 'new,,e6d2d5ac-cbd2-4cab-886a-b6580c88b62d'
client 2022-08-02 06:38:17,804 [INFO] Got response: 'OK 2022-08-01_23-38-17,bf50315a-cdf9-4bb3-97d6-f583019518be'
client 2022-08-02 06:38:17,804 [INFO] Session id is '2022-08-01_23-38-17'
client 2022-08-02 06:38:17,804 [INFO] Sources: {"sources": {"__init__.py": "da39a3ee5e6b4b0d3255bfef95601890afd80709", "client.py": "33ca4f26368777ac06e01f9567b714a4b8063886", "lib/__init__.py": "da39a3ee5e6b4b0d3255bfef95601890afd80709", "lib/client.py": "4c2b78fb4849a7e5b584ef792d82aaed20b17f57", "lib/common.py": "624d0c0acc7c39aaff3674f0b99d6a09da53d1dc", "lib/external/__init__.py": "da39a3ee5e6b4b0d3255bfef95601890afd80709", "lib/external/ntplib.py": "4da8f970656505a40483206ef2b5d3dd5e81711d", "lib/server.py": "59c9fb92908260d3e9f81a895c7aa009742275e4", "lib/source_hashes.py": "60a2e02193209e8d392803326208d5466342da18", "lib/summary.py": "aa92f0a3f975eecd44d3c0cd0236342ccc9f941d", "lib/time_sync.py": "3210db56eb0ff0df57bf4293dc4d4b03fffd46f1", "server.py": "c3f90f2f7eeb4db30727556d0c815ebc89b3d28b", "tests/unit/__init__.py": "da39a3ee5e6b4b0d3255bfef95601890afd80709", "tests/unit/test_server.py": "99ae15aef722f2000ee6ed1ae1523637bf1ae42b", "tests/unit/test_source_hashes.py": "00468a2907583c593e6574a1f6b404e4651c221a"}, "modules": {"ptd_client_server.lib.client": "lib/client.py", "ptd_client_server.lib.common": "lib/common.py", "ptd_client_server.lib.external.ntplib": "lib/external/ntplib.py", "ptd_client_server.lib.source_hashes": "lib/source_hashes.py", "ptd_client_server.lib.summary": "lib/summary.py", "ptd_client_server.lib.time_sync": "lib/time_sync.py"}}
client 2022-08-02 06:38:17,804 [INFO] Running workload in ranging mode
client 2022-08-02 06:38:17,804 [INFO] Synchronizing with the server and with 172.16.1.30...
client 2022-08-02 06:38:17,805 [INFO] NTP:offset = 0.001 s, delay = 0.000 s 
client 2022-08-02 06:38:17,805 [INFO] Sending command to the server: 'time'
client 2022-08-02 06:38:17,807 [INFO] Got response: '1659422297.8220654'
client 2022-08-02 06:38:17,807 [INFO] The time difference between the client and the server is within range -16.623 ms..-14.827 ms
client 2022-08-02 06:38:17,807 [INFO] Sending command to the server: 'session,2022-08-01_23-38-17,start,ranging'
client 2022-08-02 06:38:46,479 [INFO] Got response: 'OK'
client 2022-08-02 06:38:46,479 [INFO] Running the workload 'LOG_DIR=/work/build/power_logs_temp python3 -m code.main_v2 --benchmarks=rnnt --scenarios=Offline --config_ver=maxq --action="run_harness" \\\n\t\t2>&1 | tee -a /work/build/power_logs/2022.08.02-06.36.37/stdout.txt \\\n\t\t&& if [ ! -d /work/build/power_logs/2022.08.02-06.36.37/ranging_tmp ]; \\\n\t\t\tthen mkdir /work/build/power_logs/2022.08.02-06.36.37/ranging_tmp \\\n\t\t\t\t&& mv /work/build/power_logs_temp/* /work/build/power_logs/2022.08.02-06.36.37/ranging_tmp/ \\\n\t\t\t\t&& cp -v /work/build/power_logs/2022.08.02-06.36.37/ranging_tmp/*/*/*/mlperf_log_detail.txt /work/build/power_logs_temp/ \\\n\t\t\t\t&& cp -v /work/build/power_logs/2022.08.02-06.36.37/ranging_tmp/*/*/*/mlperf_log_summary.txt /work/build/power_logs_temp/; \\\n\t\t\telse mkdir /work/build/power_logs/2022.08.02-06.36.37/testing_tmp \\\n\t\t\t\t&& mv /work/build/power_logs_temp/* /work/build/power_logs/2022.08.02-06.36.37/testing_tmp/ \\\n\t\t\t\t&& cp -v /work/build/power_logs/2022.08.02-06.36.37/testing_tmp/*/*/*/mlperf_log_detail.txt /work/build/power_logs_temp/ \\\n\t\t\t\t&& cp -v /work/build/power_logs/2022.08.02-06.36.37/testing_tmp/*/*/*/mlperf_log_summary.txt /work/build/power_logs_temp/; fi'
client 2022-08-02 06:49:55,964 [INFO] Sending command to the server: 'session,2022-08-01_23-38-17,stop,ranging'
client 2022-08-02 06:50:06,007 [INFO] Got response: 'OK'
client 2022-08-02 06:50:06,016 [INFO] Copying loadgen logs from '/work/build/power_logs_temp' to '/work/build/power_logs/2022.08.02-06.36.37/2022-08-01_23-38-17/ranging'
client 2022-08-02 06:50:06,017 [INFO] Running workload in testing mode
client 2022-08-02 06:50:06,017 [INFO] Synchronizing with the server and with 172.16.1.30...
client 2022-08-02 06:50:06,021 [INFO] NTP:offset = 0.000 s, delay = 0.002 s 
client 2022-08-02 06:50:06,021 [INFO] Sending command to the server: 'time'
client 2022-08-02 06:50:06,022 [INFO] Got response: '1659423006.0385785'
client 2022-08-02 06:50:06,022 [INFO] The time difference between the client and the server is within range -17.353 ms..-15.833 ms
client 2022-08-02 06:50:06,022 [INFO] Sending command to the server: 'session,2022-08-01_23-38-17,start,testing'
client 2022-08-02 06:50:19,501 [INFO] Got response: 'OK'
client 2022-08-02 06:50:19,501 [INFO] Running the workload 'LOG_DIR=/work/build/power_logs_temp python3 -m code.main_v2 --benchmarks=rnnt --scenarios=Offline --config_ver=maxq --action="run_harness" \\\n\t\t2>&1 | tee -a /work/build/power_logs/2022.08.02-06.36.37/stdout.txt \\\n\t\t&& if [ ! -d /work/build/power_logs/2022.08.02-06.36.37/ranging_tmp ]; \\\n\t\t\tthen mkdir /work/build/power_logs/2022.08.02-06.36.37/ranging_tmp \\\n\t\t\t\t&& mv /work/build/power_logs_temp/* /work/build/power_logs/2022.08.02-06.36.37/ranging_tmp/ \\\n\t\t\t\t&& cp -v /work/build/power_logs/2022.08.02-06.36.37/ranging_tmp/*/*/*/mlperf_log_detail.txt /work/build/power_logs_temp/ \\\n\t\t\t\t&& cp -v /work/build/power_logs/2022.08.02-06.36.37/ranging_tmp/*/*/*/mlperf_log_summary.txt /work/build/power_logs_temp/; \\\n\t\t\telse mkdir /work/build/power_logs/2022.08.02-06.36.37/testing_tmp \\\n\t\t\t\t&& mv /work/build/power_logs_temp/* /work/build/power_logs/2022.08.02-06.36.37/testing_tmp/ \\\n\t\t\t\t&& cp -v /work/build/power_logs/2022.08.02-06.36.37/testing_tmp/*/*/*/mlperf_log_detail.txt /work/build/power_logs_temp/ \\\n\t\t\t\t&& cp -v /work/build/power_logs/2022.08.02-06.36.37/testing_tmp/*/*/*/mlperf_log_summary.txt /work/build/power_logs_temp/; fi'
client 2022-08-02 07:01:24,398 [INFO] Sending command to the server: 'session,2022-08-01_23-38-17,stop,testing'
client 2022-08-02 07:01:34,430 [INFO] Got response: 'OK'
client 2022-08-02 07:01:34,432 [INFO] Copying loadgen logs from '/work/build/power_logs_temp' to '/work/build/power_logs/2022.08.02-06.36.37/2022-08-01_23-38-17/run_1'
client 2022-08-02 07:01:34,433 [INFO] Done runs
