ptd-server 2022-08-01 23:38:17,810 [INFO] Got command from the client 'stop'
ptd-server 2022-08-01 23:38:17,810 [INFO] The server will be stopped after processing this client
ptd-server 2022-08-01 23:38:17,811 [INFO] Sending reply to client 'OK'
ptd-server 2022-08-01 23:38:17,816 [INFO] Got command from the client 'time'
ptd-server 2022-08-01 23:38:17,816 [INFO] Sending reply to client '1659422297.816092'
ptd-server 2022-08-01 23:38:17,817 [INFO] Got command from the client 'new,,e6d2d5ac-cbd2-4cab-886a-b6580c88b62d'
ptd-server 2022-08-01 23:38:17,819 [INFO] Sending reply to client 'OK 2022-08-01_23-38-17,bf50315a-cdf9-4bb3-97d6-f583019518be'
ptd-server 2022-08-01 23:38:17,822 [INFO] Got command from the client 'time'
ptd-server 2022-08-01 23:38:17,822 [INFO] Sending reply to client '1659422297.8220654'
ptd-server 2022-08-01 23:38:17,823 [INFO] Got command from the client 'session,2022-08-01_23-38-17,start,ranging'
ptd-server 2022-08-01 23:38:17,924 [INFO] Running PTDaemon: ['C:\\PTD\\ptd-windows-x86.exe', '-l', 'C:\\Users\\Administrator\\AppData\\Local\\Temp\\tmptb37ssjh\\ptd_logfile.txt', '-p', '8888', '-g', '49', '1']
ptd-server 2022-08-01 23:38:35,465 [INFO] Sending to ptd: 'Hello'
ptd-server 2022-08-01 23:38:35,466 [INFO] Reply from ptd: 'Hello, PTDaemon here!'
ptd-server 2022-08-01 23:38:35,467 [INFO] Sending to ptd: 'Identify'
ptd-server 2022-08-01 23:38:35,469 [INFO] Reply from ptd: 'YokogawaWT310E,1000,1,1,1,1,0,1,1,version=1.9.2-3976349f-20201208,OS=Windows 8 / Server 2012,mode=power,1,1,1,0,0,no_cal_date,YOKOGAWA;WT310EH;C3XF27015E;F1.04'
ptd-server 2022-08-01 23:38:35,470 [INFO] Connected to PTDaemon
ptd-server 2022-08-01 23:38:35,470 [INFO] Sending to ptd: 'RR'
ptd-server 2022-08-01 23:38:35,471 [INFO] Reply from ptd: 'Ranges,1,5.000000,1,300.000000'
ptd-server 2022-08-01 23:38:35,472 [INFO] Initial range for Amps is Auto for Volts is Auto
ptd-server 2022-08-01 23:38:35,473 [INFO] Sending to ptd: 'SR,V,Auto'
ptd-server 2022-08-01 23:38:35,981 [INFO] Reply from ptd: 'Range V changed'
ptd-server 2022-08-01 23:38:35,982 [INFO] Sending to ptd: 'SR,A,Auto'
ptd-server 2022-08-01 23:38:36,489 [INFO] Reply from ptd: 'Range A changed'
ptd-server 2022-08-01 23:38:46,491 [INFO] Starting ranging mode
ptd-server 2022-08-01 23:38:46,491 [INFO] Sending to ptd: 'Go,1000,0,2022-08-01_23-38-17_ranging'
ptd-server 2022-08-01 23:38:46,493 [INFO] Reply from ptd: 'Starting untimed measurement, maximum 500000 samples at 1000ms with 0 rampup samples'
ptd-server 2022-08-01 23:38:46,494 [INFO] Sending reply to client 'OK'
ptd-server 2022-08-01 23:49:55,981 [INFO] Got command from the client 'session,2022-08-01_23-38-17,stop,ranging'
ptd-server 2022-08-01 23:50:05,983 [INFO] Sending to ptd: 'Stop'
ptd-server 2022-08-01 23:50:05,984 [INFO] Reply from ptd: 'Stopping untimed measurement'
ptd-server 2022-08-01 23:50:06,023 [INFO] Sending reply to client 'OK'
ptd-server 2022-08-01 23:50:06,038 [INFO] Got command from the client 'time'
ptd-server 2022-08-01 23:50:06,038 [INFO] Sending reply to client '1659423006.0385785'
ptd-server 2022-08-01 23:50:06,039 [INFO] Got command from the client 'session,2022-08-01_23-38-17,start,testing'
ptd-server 2022-08-01 23:50:06,040 [INFO] Sending to ptd: 'SR,V,236.880000'
ptd-server 2022-08-01 23:50:08,002 [INFO] Reply from ptd: 'Range V changed'
ptd-server 2022-08-01 23:50:08,003 [INFO] Sending to ptd: 'SR,A,4.018400'
ptd-server 2022-08-01 23:50:09,512 [INFO] Reply from ptd: 'Range A changed'
ptd-server 2022-08-01 23:50:19,514 [INFO] Starting testing mode
ptd-server 2022-08-01 23:50:19,514 [INFO] Sending to ptd: 'Go,1000,0,2022-08-01_23-38-17_testing'
ptd-server 2022-08-01 23:50:19,516 [INFO] Reply from ptd: 'Starting untimed measurement, maximum 500000 samples at 1000ms with 0 rampup samples'
ptd-server 2022-08-01 23:50:19,517 [INFO] Sending reply to client 'OK'
ptd-server 2022-08-02 00:01:24,417 [INFO] Got command from the client 'session,2022-08-01_23-38-17,stop,testing'
ptd-server 2022-08-02 00:01:34,418 [INFO] Sending to ptd: 'Stop'
ptd-server 2022-08-02 00:01:34,419 [INFO] Reply from ptd: 'Stopping untimed measurement'
ptd-server 2022-08-02 00:01:34,447 [INFO] Sending reply to client 'OK'
ptd-server 2022-08-02 00:01:34,455 [INFO] Got command from the client 'session,2022-08-01_23-38-17,done'
ptd-server 2022-08-02 00:01:34,456 [INFO] Sending to ptd: 'Stop'
ptd-server 2022-08-02 00:01:34,518 [INFO] Reply from ptd: 'Error: no measurement to stop'
ptd-server 2022-08-02 00:01:34,519 [INFO] Sending to ptd: 'SR,V,Auto'
ptd-server 2022-08-02 00:01:35,026 [INFO] Reply from ptd: 'Range V changed'
ptd-server 2022-08-02 00:01:35,027 [INFO] Sending to ptd: 'SR,A,Auto'
ptd-server 2022-08-02 00:01:35,535 [INFO] Reply from ptd: 'Range A changed'
ptd-server 2022-08-02 00:01:35,536 [INFO] Set initial values for Amps Auto and Volts Auto
ptd-server 2022-08-02 00:01:35,537 [INFO] Stopping ptd...
