ptd-server 2022-07-27 01:14:22,271 [INFO] Got command from the client 'time'
ptd-server 2022-07-27 01:14:22,271 [INFO] Sending reply to client '1658902462.2718184'
ptd-server 2022-07-27 01:14:22,273 [INFO] Got command from the client 'new,,400104fa-0fed-44c0-8cbd-d1e9b4cb8eed'
ptd-server 2022-07-27 01:14:22,274 [INFO] Sending reply to client 'OK 2022-07-27_01-14-22,d42cea98-3830-4383-8f3f-bb8a65ec319a'
ptd-server 2022-07-27 01:14:22,378 [INFO] Got command from the client 'time'
ptd-server 2022-07-27 01:14:22,378 [INFO] Sending reply to client '1658902462.3785644'
ptd-server 2022-07-27 01:14:22,380 [INFO] Got command from the client 'session,2022-07-27_01-14-22,start,ranging'
ptd-server 2022-07-27 01:14:22,380 [INFO] Running PTDaemon: ['/local/mnt/workspace/mlcommons/power-main/inference_v1.0/ptd-linux-x86', '-l', '/tmp/tmpgw0prjiw/ptd_logfile.txt', '-p', '8880', '-c', '1', '52', '/dev/usbtmc0']
ptd-server 2022-07-27 01:14:39,503 [INFO] Sending to ptd: 'Hello'
ptd-server 2022-07-27 01:14:39,504 [INFO] Reply from ptd: 'Hello, PTDaemon here!'
ptd-server 2022-07-27 01:14:39,504 [INFO] Sending to ptd: 'Identify'
ptd-server 2022-07-27 01:14:39,505 [INFO] Reply from ptd: 'YokogawaWT330,1000,1,1,1,1,0,0,1,version=1.9.2-e8c7a49a-20201208,OS=Linux 5.4.0-96-generic #109~18.04.1-Ubuntu SMP Thu Jan 13 15:06:26 UTC 2022 x86_64,mode=power,1,1,1,0,0,no_cal_date,YOKOGAWA;WT333;C2SF14011V;F1.01EM'
ptd-server 2022-07-27 01:14:39,505 [INFO] Connected to PTDaemon
ptd-server 2022-07-27 01:14:39,505 [INFO] Sending to ptd: 'RR'
ptd-server 2022-07-27 01:14:39,506 [INFO] Reply from ptd: 'Ranges,0,5.000000,0,150.000000'
ptd-server 2022-07-27 01:14:39,506 [INFO] Initial range for Amps is 5.000000 for Volts is 150.000000
ptd-server 2022-07-27 01:14:39,506 [INFO] Sending to ptd: 'SR,V,Auto'
ptd-server 2022-07-27 01:14:40,009 [INFO] Reply from ptd: 'Range V changed'
ptd-server 2022-07-27 01:14:40,009 [INFO] Sending to ptd: 'SR,A,20'
ptd-server 2022-07-27 01:14:41,511 [INFO] Reply from ptd: 'Range A changed'
ptd-server 2022-07-27 01:14:51,513 [INFO] Starting ranging mode
ptd-server 2022-07-27 01:14:51,513 [INFO] Sending to ptd: 'Go,1000,0,2022-07-27_01-14-22_ranging'
ptd-server 2022-07-27 01:14:51,514 [INFO] Reply from ptd: 'Starting untimed measurement, maximum 500000 samples at 1000ms with 0 rampup samples'
ptd-server 2022-07-27 01:14:51,514 [INFO] Sending reply to client 'OK'
ptd-server 2022-07-27 01:25:51,146 [INFO] Got command from the client 'session,2022-07-27_01-14-22,stop,ranging'
ptd-server 2022-07-27 01:26:01,157 [INFO] Sending to ptd: 'Stop'
ptd-server 2022-07-27 01:26:01,158 [INFO] Reply from ptd: 'Stopping untimed measurement'
ptd-server 2022-07-27 01:26:01,183 [INFO] Sending reply to client 'OK'
ptd-server 2022-07-27 01:26:01,295 [INFO] Got command from the client 'time'
ptd-server 2022-07-27 01:26:01,296 [INFO] Sending reply to client '1658903161.296003'
ptd-server 2022-07-27 01:26:01,297 [INFO] Got command from the client 'session,2022-07-27_01-14-22,start,testing'
ptd-server 2022-07-27 01:26:01,297 [INFO] Sending to ptd: 'SR,V,125.310000'
ptd-server 2022-07-27 01:26:03,017 [INFO] Reply from ptd: 'Range V changed'
ptd-server 2022-07-27 01:26:03,017 [INFO] Sending to ptd: 'SR,A,2.017000'
ptd-server 2022-07-27 01:26:04,519 [INFO] Reply from ptd: 'Range A changed'
ptd-server 2022-07-27 01:26:14,521 [INFO] Starting testing mode
ptd-server 2022-07-27 01:26:14,521 [INFO] Sending to ptd: 'Go,1000,0,2022-07-27_01-14-22_testing'
ptd-server 2022-07-27 01:26:14,522 [INFO] Reply from ptd: 'Starting untimed measurement, maximum 500000 samples at 1000ms with 0 rampup samples'
ptd-server 2022-07-27 01:26:14,522 [INFO] Sending reply to client 'OK'
ptd-server 2022-07-27 01:37:13,879 [INFO] Got command from the client 'session,2022-07-27_01-14-22,stop,testing'
ptd-server 2022-07-27 01:37:23,889 [INFO] Sending to ptd: 'Stop'
ptd-server 2022-07-27 01:37:23,889 [INFO] Reply from ptd: 'Stopping untimed measurement'
ptd-server 2022-07-27 01:37:23,902 [INFO] Sending reply to client 'OK'
ptd-server 2022-07-27 01:37:23,910 [INFO] Got command from the client 'session,2022-07-27_01-14-22,done'
ptd-server 2022-07-27 01:37:23,910 [INFO] Sending to ptd: 'Stop'
ptd-server 2022-07-27 01:37:24,523 [INFO] Reply from ptd: 'Error: no measurement to stop'
ptd-server 2022-07-27 01:37:24,524 [INFO] Sending to ptd: 'SR,V,150.000000'
ptd-server 2022-07-27 01:37:26,026 [INFO] Reply from ptd: 'Range V changed'
ptd-server 2022-07-27 01:37:26,026 [INFO] Sending to ptd: 'SR,A,5.000000'
ptd-server 2022-07-27 01:37:27,528 [INFO] Reply from ptd: 'Range A changed'
ptd-server 2022-07-27 01:37:27,529 [INFO] Set initial values for Amps 5.000000 and Volts 150.000000
ptd-server 2022-07-27 01:37:27,529 [INFO] Stopping ptd...
