ptd-server 2022-07-31 17:44:04,310 [INFO] Got command from the client 'time'
ptd-server 2022-07-31 17:44:04,310 [INFO] Sending reply to client '1659307444.310907'
ptd-server 2022-07-31 17:44:04,313 [INFO] Got command from the client 'new,,40fc0d29-fbec-4c6d-b16d-c1bde53e35ed'
ptd-server 2022-07-31 17:44:04,314 [INFO] Sending reply to client 'OK 2022-07-31_17-44-04,7ca948e5-a187-4bf8-8f36-857ad8faa607'
ptd-server 2022-07-31 17:44:04,423 [INFO] Got command from the client 'time'
ptd-server 2022-07-31 17:44:04,423 [INFO] Sending reply to client '1659307444.423763'
ptd-server 2022-07-31 17:44:04,426 [INFO] Got command from the client 'session,2022-07-31_17-44-04,start,ranging'
ptd-server 2022-07-31 17:44:04,426 [INFO] Running PTDaemon: ['/local/mnt/workspace/mlcommons/power-main/inference_v1.0/ptd-linux-x86', '-l', '/tmp/tmp9n_tf46s/ptd_logfile.txt', '-p', '8889', '-c', '2', '52', '/dev/usbtmc0']
ptd-server 2022-07-31 17:44:21,550 [INFO] Sending to ptd: 'Hello'
ptd-server 2022-07-31 17:44:21,551 [INFO] Reply from ptd: 'Hello, PTDaemon here!'
ptd-server 2022-07-31 17:44:21,551 [INFO] Sending to ptd: 'Identify'
ptd-server 2022-07-31 17:44:21,552 [INFO] Reply from ptd: 'YokogawaWT330,1000,1,1,1,1,0,0,1,version=1.9.2-e8c7a49a-20201208,OS=Linux 5.4.0-120-generic #136~18.04.1-Ubuntu SMP Fri Jun 10 18:00:44 UTC 2022 x86_64,mode=power,1,1,1,0,0,no_cal_date,YOKOGAWA;WT333;C2QH26002V;F1.06'
ptd-server 2022-07-31 17:44:21,552 [INFO] Connected to PTDaemon
ptd-server 2022-07-31 17:44:21,552 [INFO] Sending to ptd: 'RR'
ptd-server 2022-07-31 17:44:21,553 [INFO] Reply from ptd: 'Ranges,1,0.500000,1,150.000000'
ptd-server 2022-07-31 17:44:21,553 [INFO] Initial range for Amps is Auto for Volts is Auto
ptd-server 2022-07-31 17:44:21,553 [INFO] Sending to ptd: 'SR,V,Auto'
ptd-server 2022-07-31 17:44:22,056 [INFO] Reply from ptd: 'Range V changed'
ptd-server 2022-07-31 17:44:22,056 [INFO] Sending to ptd: 'SR,A,Auto'
ptd-server 2022-07-31 17:44:22,560 [INFO] Reply from ptd: 'Range A changed'
ptd-server 2022-07-31 17:44:32,565 [INFO] Starting ranging mode
ptd-server 2022-07-31 17:44:32,566 [INFO] Sending to ptd: 'Go,1000,0,2022-07-31_17-44-04_ranging'
ptd-server 2022-07-31 17:44:32,566 [INFO] Reply from ptd: 'Starting untimed measurement, maximum 500000 samples at 1000ms with 0 rampup samples'
ptd-server 2022-07-31 17:44:32,566 [INFO] Sending reply to client 'OK'
ptd-server 2022-07-31 17:56:20,684 [INFO] Got command from the client 'session,2022-07-31_17-44-04,stop,ranging'
ptd-server 2022-07-31 17:56:30,694 [INFO] Sending to ptd: 'Stop'
ptd-server 2022-07-31 17:56:30,695 [INFO] Reply from ptd: 'Stopping untimed measurement'
ptd-server 2022-07-31 17:56:30,728 [INFO] Sending reply to client 'OK'
ptd-server 2022-07-31 17:56:30,857 [INFO] Got command from the client 'time'
ptd-server 2022-07-31 17:56:30,858 [INFO] Sending reply to client '1659308190.8580348'
ptd-server 2022-07-31 17:56:30,861 [INFO] Got command from the client 'session,2022-07-31_17-44-04,start,testing'
ptd-server 2022-07-31 17:56:30,861 [INFO] Sending to ptd: 'SR,V,119.090000'
ptd-server 2022-07-31 17:56:33,068 [INFO] Reply from ptd: 'Range V changed'
ptd-server 2022-07-31 17:56:33,069 [INFO] Sending to ptd: 'SR,A,0.195940'
ptd-server 2022-07-31 17:56:34,571 [INFO] Reply from ptd: 'Range A changed'
ptd-server 2022-07-31 17:56:44,578 [INFO] Starting testing mode
ptd-server 2022-07-31 17:56:44,578 [INFO] Sending to ptd: 'Go,1000,0,2022-07-31_17-44-04_testing'
ptd-server 2022-07-31 17:56:44,579 [INFO] Reply from ptd: 'Starting untimed measurement, maximum 500000 samples at 1000ms with 0 rampup samples'
ptd-server 2022-07-31 17:56:44,579 [INFO] Sending reply to client 'OK'
ptd-server 2022-07-31 18:08:33,132 [INFO] Got command from the client 'session,2022-07-31_17-44-04,stop,testing'
ptd-server 2022-07-31 18:08:43,143 [INFO] Sending to ptd: 'Stop'
ptd-server 2022-07-31 18:08:43,144 [INFO] Reply from ptd: 'Stopping untimed measurement'
ptd-server 2022-07-31 18:08:43,160 [INFO] Sending reply to client 'OK'
ptd-server 2022-07-31 18:08:43,192 [INFO] Got command from the client 'session,2022-07-31_17-44-04,done'
ptd-server 2022-07-31 18:08:43,192 [INFO] Sending to ptd: 'Stop'
ptd-server 2022-07-31 18:08:43,579 [INFO] Reply from ptd: 'Error: no measurement to stop'
ptd-server 2022-07-31 18:08:43,579 [INFO] Sending to ptd: 'SR,V,Auto'
ptd-server 2022-07-31 18:08:44,082 [INFO] Reply from ptd: 'Range V changed'
ptd-server 2022-07-31 18:08:44,082 [INFO] Sending to ptd: 'SR,A,Auto'
ptd-server 2022-07-31 18:08:44,586 [INFO] Reply from ptd: 'Range A changed'
ptd-server 2022-07-31 18:08:44,586 [INFO] Set initial values for Amps Auto and Volts Auto
ptd-server 2022-07-31 18:08:44,586 [INFO] Stopping ptd...
