ptd-server 2022-07-24 19:38:26,711 [INFO] Got command from the client 'time'
ptd-server 2022-07-24 19:38:26,711 [INFO] Sending reply to client '1658687906.7116332'
ptd-server 2022-07-24 19:38:26,712 [INFO] Got command from the client 'new,,719a8a4c-2ff5-450d-a770-cbf3788adb68'
ptd-server 2022-07-24 19:38:26,713 [INFO] Sending reply to client 'OK 2022-07-24_19-38-26,74311872-8009-410e-a8ea-4516b6a1b621'
ptd-server 2022-07-24 19:38:26,741 [INFO] Got command from the client 'time'
ptd-server 2022-07-24 19:38:26,741 [INFO] Sending reply to client '1658687906.7417204'
ptd-server 2022-07-24 19:38:26,742 [INFO] Got command from the client 'session,2022-07-24_19-38-26,start,ranging'
ptd-server 2022-07-24 19:38:26,743 [INFO] Running PTDaemon: ['/home/anton/projects/mlperf/power/inference_v1.0/ptd-linux-x86', '-l', '/tmp/tmp7lgbo8s4/ptd_logfile.txt', '-p', '8888', '49', '/dev/usbtmc0']
ptd-server 2022-07-24 19:38:43,917 [INFO] Sending to ptd: 'Hello'
ptd-server 2022-07-24 19:38:43,918 [INFO] Reply from ptd: 'Hello, PTDaemon here!'
ptd-server 2022-07-24 19:38:43,918 [INFO] Sending to ptd: 'Identify'
ptd-server 2022-07-24 19:38:43,918 [INFO] Reply from ptd: 'YokogawaWT310E,1000,1,1,1,1,0,1,1,version=1.9.2-e8c7a49a-20201208,OS=Linux 5.13.0-52-generic #59~20.04.1-Ubuntu SMP Thu Jun 16 21:21:28 UTC 2022 x86_64,mode=power,1,1,1,0,0,no_cal_date,YOKOGAWA;WT310E;C3XA04010E;F1.04'
ptd-server 2022-07-24 19:38:43,919 [INFO] Connected to PTDaemon
ptd-server 2022-07-24 19:38:43,919 [INFO] Sending to ptd: 'RR'
ptd-server 2022-07-24 19:38:43,919 [INFO] Reply from ptd: 'Ranges,0,0.500000,1,300.000000'
ptd-server 2022-07-24 19:38:43,919 [INFO] Initial range for Amps is 0.500000 for Volts is Auto
ptd-server 2022-07-24 19:38:43,919 [INFO] Sending to ptd: 'SR,V,Auto'
ptd-server 2022-07-24 19:38:44,422 [INFO] Reply from ptd: 'Range V changed'
ptd-server 2022-07-24 19:38:44,422 [INFO] Sending to ptd: 'SR,A,Auto'
ptd-server 2022-07-24 19:38:44,924 [INFO] Reply from ptd: 'Range A changed'
ptd-server 2022-07-24 19:38:54,935 [INFO] Starting ranging mode
ptd-server 2022-07-24 19:38:54,935 [INFO] Sending to ptd: 'Go,1000,0,2022-07-24_19-38-26_ranging'
ptd-server 2022-07-24 19:38:54,935 [INFO] Reply from ptd: 'Starting untimed measurement, maximum 500000 samples at 1000ms with 0 rampup samples'
ptd-server 2022-07-24 19:38:54,936 [INFO] Sending reply to client 'OK'
ptd-server 2022-07-24 19:49:13,184 [INFO] Got command from the client 'session,2022-07-24_19-38-26,stop,ranging'
ptd-server 2022-07-24 19:49:23,194 [INFO] Sending to ptd: 'Stop'
ptd-server 2022-07-24 19:49:23,195 [INFO] Reply from ptd: 'Stopping untimed measurement'
ptd-server 2022-07-24 19:49:23,917 [INFO] Sending reply to client 'OK'
ptd-server 2022-07-24 19:49:23,987 [INFO] Got command from the client 'time'
ptd-server 2022-07-24 19:49:23,988 [INFO] Sending reply to client '1658688563.9880223'
ptd-server 2022-07-24 19:49:23,989 [INFO] Got command from the client 'session,2022-07-24_19-38-26,start,testing'
ptd-server 2022-07-24 19:49:23,989 [INFO] Sending to ptd: 'SR,V,249.460000'
ptd-server 2022-07-24 19:49:25,490 [INFO] Reply from ptd: 'Range V changed'
ptd-server 2022-07-24 19:49:25,490 [INFO] Sending to ptd: 'SR,A,0.053690'
ptd-server 2022-07-24 19:49:26,992 [INFO] Reply from ptd: 'Range A changed'
ptd-server 2022-07-24 19:49:37,002 [INFO] Starting testing mode
ptd-server 2022-07-24 19:49:37,002 [INFO] Sending to ptd: 'Go,1000,0,2022-07-24_19-38-26_testing'
ptd-server 2022-07-24 19:49:37,003 [INFO] Reply from ptd: 'Starting untimed measurement, maximum 500000 samples at 1000ms with 0 rampup samples'
ptd-server 2022-07-24 19:49:37,003 [INFO] Sending reply to client 'OK'
ptd-server 2022-07-24 19:59:55,214 [INFO] Got command from the client 'session,2022-07-24_19-38-26,stop,testing'
ptd-server 2022-07-24 20:00:05,224 [INFO] Sending to ptd: 'Stop'
ptd-server 2022-07-24 20:00:05,225 [INFO] Reply from ptd: 'Stopping untimed measurement'
ptd-server 2022-07-24 20:00:05,597 [INFO] Sending reply to client 'OK'
ptd-server 2022-07-24 20:00:05,605 [INFO] Got command from the client 'session,2022-07-24_19-38-26,done'
ptd-server 2022-07-24 20:00:05,605 [INFO] Sending to ptd: 'Stop'
ptd-server 2022-07-24 20:00:06,003 [INFO] Reply from ptd: 'Error: no measurement to stop'
ptd-server 2022-07-24 20:00:06,003 [INFO] Sending to ptd: 'SR,V,Auto'
ptd-server 2022-07-24 20:00:06,506 [INFO] Reply from ptd: 'Range V changed'
ptd-server 2022-07-24 20:00:06,506 [INFO] Sending to ptd: 'SR,A,0.500000'
ptd-server 2022-07-24 20:00:08,008 [INFO] Reply from ptd: 'Range A changed'
ptd-server 2022-07-24 20:00:08,008 [INFO] Set initial values for Amps 0.500000 and Volts Auto
ptd-server 2022-07-24 20:00:08,008 [INFO] Stopping ptd...
