client 2022-08-03 10:46:21,907 [WARNING] Removing loadgen logs directory '/home/odroid/CK/ck-mlperf/program/image-classification-armnn-tflite-loadgen/tmp/loadgen_logs'
client 2022-08-03 10:46:21,908 [INFO] Sending command to the server: 'mlcommons/power client v3'
client 2022-08-03 10:46:21,909 [INFO] Got response: 'mlcommons/power server v3'
client 2022-08-03 10:46:21,909 [INFO] Synchronizing with the server and with time.google.com...
client 2022-08-03 10:46:21,937 [INFO] NTP:offset = 0.008 s, delay = 0.022 s 
client 2022-08-03 10:46:21,938 [INFO] Sending command to the server: 'time'
client 2022-08-03 10:46:21,939 [INFO] Got response: '1659523581.9414332'
client 2022-08-03 10:46:21,939 [INFO] The time difference between the client and the server is within range -3.301 ms..-1.896 ms
client 2022-08-03 10:46:21,939 [INFO] Sending command to the server: 'new,,63bd2db5-4fbd-4cf3-a11b-e04764c55fc0'
client 2022-08-03 10:46:21,941 [INFO] Got response: 'OK 2022-08-03_11-46-21,8e5e1124-d3b5-4448-80c2-83ff10f5ab02'
client 2022-08-03 10:46:21,941 [INFO] Session id is '2022-08-03_11-46-21'
client 2022-08-03 10:46:21,941 [INFO] Sources: {"sources": {"__init__.py": "da39a3ee5e6b4b0d3255bfef95601890afd80709", "client.py": "33ca4f26368777ac06e01f9567b714a4b8063886", "lib/__init__.py": "da39a3ee5e6b4b0d3255bfef95601890afd80709", "lib/client.py": "4c2b78fb4849a7e5b584ef792d82aaed20b17f57", "lib/common.py": "624d0c0acc7c39aaff3674f0b99d6a09da53d1dc", "lib/external/__init__.py": "da39a3ee5e6b4b0d3255bfef95601890afd80709", "lib/external/ntplib.py": "4da8f970656505a40483206ef2b5d3dd5e81711d", "lib/server.py": "cda0cdfaee9bfa1249c64a7dd4f89b7bf1b279f0", "lib/source_hashes.py": "60a2e02193209e8d392803326208d5466342da18", "lib/summary.py": "aa92f0a3f975eecd44d3c0cd0236342ccc9f941d", "lib/time_sync.py": "3210db56eb0ff0df57bf4293dc4d4b03fffd46f1", "server.py": "c3f90f2f7eeb4db30727556d0c815ebc89b3d28b", "tests/unit/__init__.py": "da39a3ee5e6b4b0d3255bfef95601890afd80709", "tests/unit/test_server.py": "99ae15aef722f2000ee6ed1ae1523637bf1ae42b", "tests/unit/test_source_hashes.py": "00468a2907583c593e6574a1f6b404e4651c221a"}, "modules": {"ptd_client_server.lib.client": "lib/client.py", "ptd_client_server.lib.common": "lib/common.py", "ptd_client_server.lib.external.ntplib": "lib/external/ntplib.py", "ptd_client_server.lib.source_hashes": "lib/source_hashes.py", "ptd_client_server.lib.summary": "lib/summary.py", "ptd_client_server.lib.time_sync": "lib/time_sync.py"}}
client 2022-08-03 10:46:21,941 [INFO] Running workload in ranging mode
client 2022-08-03 10:46:21,942 [INFO] Synchronizing with the server and with time.google.com...
client 2022-08-03 10:46:21,971 [INFO] NTP:offset = 0.004 s, delay = 0.027 s 
client 2022-08-03 10:46:21,972 [INFO] Sending command to the server: 'time'
client 2022-08-03 10:46:21,973 [INFO] Got response: '1659523581.9754343'
client 2022-08-03 10:46:21,973 [INFO] The time difference between the client and the server is within range -3.293 ms..-1.897 ms
client 2022-08-03 10:46:21,973 [INFO] Sending command to the server: 'session,2022-08-03_11-46-21,start,ranging'
client 2022-08-03 10:46:50,167 [INFO] Got response: 'OK'
client 2022-08-03 10:46:50,167 [INFO] Running the workload 'ck benchmark program:image-classification-armnn-tflite-loadgen --env.CK_SILENT_MODE=YES --skip_print_timers --dep_add_tags.compiler=gcc,v7 --dep_add_tags.python=v3 --dep_add_tags.mlperf-inference-src=r2.1 --dep_add_tags.weights=resnet50 --dep_add_tags.images=crop.875,preprocessed,using-opencv --dep_add_tags.library=armnn,rel.22.05,opencl --env.CK_LOADGEN_DATASET_SIZE=1024 --env.USE_NEON=0 --env.USE_OPENCL=1 --env.CK_LOADGEN_MODE=PerformanceOnly --env.CK_LOADGEN_SCENARIO=SingleStream --env.CK_LOADGEN_TARGET_LATENCY=246 --skip_stat_analysis --process_multi_keys --repetitions=1 --record --record_repo=local --record_uoa=mlperf_v2.1-closed-odroid-armnn-v22.05-opencl-resnet50-singlestream-performance-target_latency.246-power.workload --tags=mlperf,round.v2.1,division.closed,task.image-classification,platform.odroid,scenario.singlestream,mode.performance,workload.resnet50,preprocessed_using.opencv,inference_engine.armnn,inference_engine_version.v22.05,inference_engine_backend.opencl,target_latency.246,power.workload "@@@{\'meta\': {\'ck_benchmark_program\': \'ck benchmark program:image-classification-armnn-tflite-loadgen --env.CK_SILENT_MODE=YES --skip_print_timers --dep_add_tags.compiler=gcc,v7 --dep_add_tags.python=v3 --dep_add_tags.mlperf-inference-src=r2.1 --dep_add_tags.weights=resnet50 --dep_add_tags.images=crop.875,preprocessed,using-opencv --dep_add_tags.library=armnn,rel.22.05,opencl --env.CK_LOADGEN_DATASET_SIZE=1024 --env.USE_NEON=0 --env.USE_OPENCL=1 --env.CK_LOADGEN_MODE=PerformanceOnly --env.CK_LOADGEN_SCENARIO=SingleStream --env.CK_LOADGEN_TARGET_LATENCY=246 --skip_stat_analysis --process_multi_keys --repetitions=1 --record --record_repo=local --record_uoa=mlperf_v2.1-closed-odroid-armnn-v22.05-opencl-resnet50-singlestream-performance-target_latency.246-power.workload --tags=mlperf,round.v2.1,division.closed,task.image-classification,platform.odroid,scenario.singlestream,mode.performance,workload.resnet50,preprocessed_using.opencv,inference_engine.armnn,inference_engine_version.v22.05,inference_engine_backend.opencl,target_latency.246,power.workload\'}}" && cat `ck find program:image-classification-armnn-tflite-loadgen`/tmp/mlperf_log_summary.txt && mkdir -p "$CK_MLPERF_POWER_CLIENT_LOADGEN_LOGS" && cp "$CK_MLPERF_POWER_CLIENT_LOADGEN_LOGS"/../mlperf_log_* "$CK_MLPERF_POWER_CLIENT_LOADGEN_LOGS"/'
client 2022-08-03 10:57:10,892 [INFO] Sending command to the server: 'session,2022-08-03_11-46-21,stop,ranging'
client 2022-08-03 10:57:22,518 [INFO] Got response: 'OK'
client 2022-08-03 10:57:22,526 [INFO] Copying loadgen logs from '/home/odroid/CK/ck-mlperf/program/image-classification-armnn-tflite-loadgen/tmp/loadgen_logs' to '/home/odroid/CK/ck-mlperf/program/mlperf-power-client/tmp/2022-08-03_11-46-21/ranging'
client 2022-08-03 10:57:22,528 [INFO] Running workload in testing mode
client 2022-08-03 10:57:22,528 [INFO] Synchronizing with the server and with time.google.com...
client 2022-08-03 10:57:22,551 [INFO] NTP:offset = 0.005 s, delay = 0.020 s 
client 2022-08-03 10:57:22,551 [INFO] Sending command to the server: 'time'
client 2022-08-03 10:57:22,552 [INFO] Got response: '1659524242.5548265'
client 2022-08-03 10:57:22,553 [INFO] The time difference between the client and the server is within range -3.107 ms..-1.647 ms
client 2022-08-03 10:57:22,553 [INFO] Sending command to the server: 'session,2022-08-03_11-46-21,start,testing'
client 2022-08-03 10:57:35,568 [INFO] Got response: 'OK'
client 2022-08-03 10:57:35,569 [INFO] Running the workload 'ck benchmark program:image-classification-armnn-tflite-loadgen --env.CK_SILENT_MODE=YES --skip_print_timers --dep_add_tags.compiler=gcc,v7 --dep_add_tags.python=v3 --dep_add_tags.mlperf-inference-src=r2.1 --dep_add_tags.weights=resnet50 --dep_add_tags.images=crop.875,preprocessed,using-opencv --dep_add_tags.library=armnn,rel.22.05,opencl --env.CK_LOADGEN_DATASET_SIZE=1024 --env.USE_NEON=0 --env.USE_OPENCL=1 --env.CK_LOADGEN_MODE=PerformanceOnly --env.CK_LOADGEN_SCENARIO=SingleStream --env.CK_LOADGEN_TARGET_LATENCY=246 --skip_stat_analysis --process_multi_keys --repetitions=1 --record --record_repo=local --record_uoa=mlperf_v2.1-closed-odroid-armnn-v22.05-opencl-resnet50-singlestream-performance-target_latency.246-power.workload --tags=mlperf,round.v2.1,division.closed,task.image-classification,platform.odroid,scenario.singlestream,mode.performance,workload.resnet50,preprocessed_using.opencv,inference_engine.armnn,inference_engine_version.v22.05,inference_engine_backend.opencl,target_latency.246,power.workload "@@@{\'meta\': {\'ck_benchmark_program\': \'ck benchmark program:image-classification-armnn-tflite-loadgen --env.CK_SILENT_MODE=YES --skip_print_timers --dep_add_tags.compiler=gcc,v7 --dep_add_tags.python=v3 --dep_add_tags.mlperf-inference-src=r2.1 --dep_add_tags.weights=resnet50 --dep_add_tags.images=crop.875,preprocessed,using-opencv --dep_add_tags.library=armnn,rel.22.05,opencl --env.CK_LOADGEN_DATASET_SIZE=1024 --env.USE_NEON=0 --env.USE_OPENCL=1 --env.CK_LOADGEN_MODE=PerformanceOnly --env.CK_LOADGEN_SCENARIO=SingleStream --env.CK_LOADGEN_TARGET_LATENCY=246 --skip_stat_analysis --process_multi_keys --repetitions=1 --record --record_repo=local --record_uoa=mlperf_v2.1-closed-odroid-armnn-v22.05-opencl-resnet50-singlestream-performance-target_latency.246-power.workload --tags=mlperf,round.v2.1,division.closed,task.image-classification,platform.odroid,scenario.singlestream,mode.performance,workload.resnet50,preprocessed_using.opencv,inference_engine.armnn,inference_engine_version.v22.05,inference_engine_backend.opencl,target_latency.246,power.workload\'}}" && cat `ck find program:image-classification-armnn-tflite-loadgen`/tmp/mlperf_log_summary.txt && mkdir -p "$CK_MLPERF_POWER_CLIENT_LOADGEN_LOGS" && cp "$CK_MLPERF_POWER_CLIENT_LOADGEN_LOGS"/../mlperf_log_* "$CK_MLPERF_POWER_CLIENT_LOADGEN_LOGS"/'
client 2022-08-03 11:07:56,029 [INFO] Sending command to the server: 'session,2022-08-03_11-46-21,stop,testing'
client 2022-08-03 11:08:06,852 [INFO] Got response: 'OK'
client 2022-08-03 11:08:06,854 [INFO] Copying loadgen logs from '/home/odroid/CK/ck-mlperf/program/image-classification-armnn-tflite-loadgen/tmp/loadgen_logs' to '/home/odroid/CK/ck-mlperf/program/mlperf-power-client/tmp/2022-08-03_11-46-21/run_1'
client 2022-08-03 11:08:06,854 [INFO] Done runs
