ptd-server 2022-07-28 09:56:25,680 [INFO] Got command from the client 'time'
ptd-server 2022-07-28 09:56:25,680 [INFO] Sending reply to client '1658998585.6801567'
ptd-server 2022-07-28 09:56:25,683 [INFO] Got command from the client 'new,,68ebe00e-8e73-4c55-90a6-25744d01b161'
ptd-server 2022-07-28 09:56:25,684 [INFO] Sending reply to client 'OK 2022-07-28_09-56-25,496a299d-b85c-4c58-ba44-aea5f1be70fc'
ptd-server 2022-07-28 09:56:25,804 [INFO] Got command from the client 'time'
ptd-server 2022-07-28 09:56:25,804 [INFO] Sending reply to client '1658998585.804422'
ptd-server 2022-07-28 09:56:25,809 [INFO] Got command from the client 'session,2022-07-28_09-56-25,start,ranging'
ptd-server 2022-07-28 09:56:25,809 [INFO] Running PTDaemon: ['/home/anton/projects/mlperf/power/inference_v1.0/ptd-linux-x86', '-l', '/tmp/tmp7lgbo8s4/ptd_logfile.txt', '-p', '8888', '49', '/dev/usbtmc0']
ptd-server 2022-07-28 09:56:42,983 [INFO] Sending to ptd: 'Hello'
ptd-server 2022-07-28 09:56:42,983 [INFO] Reply from ptd: 'Hello, PTDaemon here!'
ptd-server 2022-07-28 09:56:42,984 [INFO] Sending to ptd: 'Identify'
ptd-server 2022-07-28 09:56:42,984 [INFO] Reply from ptd: 'YokogawaWT310E,1000,1,1,1,1,0,1,1,version=1.9.2-e8c7a49a-20201208,OS=Linux 5.13.0-52-generic #59~20.04.1-Ubuntu SMP Thu Jun 16 21:21:28 UTC 2022 x86_64,mode=power,1,1,1,0,0,no_cal_date,YOKOGAWA;WT310E;C3XA04010E;F1.04'
ptd-server 2022-07-28 09:56:42,984 [INFO] Connected to PTDaemon
ptd-server 2022-07-28 09:56:42,984 [INFO] Sending to ptd: 'RR'
ptd-server 2022-07-28 09:56:42,985 [INFO] Reply from ptd: 'Ranges,0,0.500000,1,300.000000'
ptd-server 2022-07-28 09:56:42,985 [INFO] Initial range for Amps is 0.500000 for Volts is Auto
ptd-server 2022-07-28 09:56:42,985 [INFO] Sending to ptd: 'SR,V,Auto'
ptd-server 2022-07-28 09:56:43,487 [INFO] Reply from ptd: 'Range V changed'
ptd-server 2022-07-28 09:56:43,488 [INFO] Sending to ptd: 'SR,A,Auto'
ptd-server 2022-07-28 09:56:43,990 [INFO] Reply from ptd: 'Range A changed'
ptd-server 2022-07-28 09:56:54,000 [INFO] Starting ranging mode
ptd-server 2022-07-28 09:56:54,001 [INFO] Sending to ptd: 'Go,1000,0,2022-07-28_09-56-25_ranging'
ptd-server 2022-07-28 09:56:54,001 [INFO] Reply from ptd: 'Starting untimed measurement, maximum 500000 samples at 1000ms with 0 rampup samples'
ptd-server 2022-07-28 09:56:54,001 [INFO] Sending reply to client 'OK'
ptd-server 2022-07-28 10:07:10,530 [INFO] Got command from the client 'session,2022-07-28_09-56-25,stop,ranging'
ptd-server 2022-07-28 10:07:20,533 [INFO] Sending to ptd: 'Stop'
ptd-server 2022-07-28 10:07:20,533 [INFO] Reply from ptd: 'Stopping untimed measurement'
ptd-server 2022-07-28 10:07:21,596 [INFO] Sending reply to client 'OK'
ptd-server 2022-07-28 10:07:21,690 [INFO] Got command from the client 'time'
ptd-server 2022-07-28 10:07:21,690 [INFO] Sending reply to client '1658999241.69063'
ptd-server 2022-07-28 10:07:21,694 [INFO] Got command from the client 'session,2022-07-28_09-56-25,start,testing'
ptd-server 2022-07-28 10:07:21,694 [INFO] Sending to ptd: 'SR,V,250.360000'
ptd-server 2022-07-28 10:07:23,196 [INFO] Reply from ptd: 'Range V changed'
ptd-server 2022-07-28 10:07:23,196 [INFO] Sending to ptd: 'SR,A,0.051220'
ptd-server 2022-07-28 10:07:24,697 [INFO] Reply from ptd: 'Range A changed'
ptd-server 2022-07-28 10:07:34,708 [INFO] Starting testing mode
ptd-server 2022-07-28 10:07:34,708 [INFO] Sending to ptd: 'Go,1000,0,2022-07-28_09-56-25_testing'
ptd-server 2022-07-28 10:07:34,708 [INFO] Reply from ptd: 'Starting untimed measurement, maximum 500000 samples at 1000ms with 0 rampup samples'
ptd-server 2022-07-28 10:07:34,708 [INFO] Sending reply to client 'OK'
ptd-server 2022-07-28 10:17:51,131 [INFO] Got command from the client 'session,2022-07-28_09-56-25,stop,testing'
ptd-server 2022-07-28 10:18:01,141 [INFO] Sending to ptd: 'Stop'
ptd-server 2022-07-28 10:18:01,142 [INFO] Reply from ptd: 'Stopping untimed measurement'
ptd-server 2022-07-28 10:18:01,683 [INFO] Sending reply to client 'OK'
ptd-server 2022-07-28 10:18:01,704 [INFO] Got command from the client 'session,2022-07-28_09-56-25,done'
ptd-server 2022-07-28 10:18:01,704 [INFO] Sending to ptd: 'Stop'
ptd-server 2022-07-28 10:18:01,708 [INFO] Reply from ptd: 'Error: no measurement to stop'
ptd-server 2022-07-28 10:18:01,708 [INFO] Sending to ptd: 'SR,V,Auto'
ptd-server 2022-07-28 10:18:02,211 [INFO] Reply from ptd: 'Range V changed'
ptd-server 2022-07-28 10:18:02,211 [INFO] Sending to ptd: 'SR,A,0.500000'
ptd-server 2022-07-28 10:18:03,712 [INFO] Reply from ptd: 'Range A changed'
ptd-server 2022-07-28 10:18:03,712 [INFO] Set initial values for Amps 0.500000 and Volts Auto
ptd-server 2022-07-28 10:18:03,712 [INFO] Stopping ptd...
