ptd-server 2022-07-20 21:35:14,725 [INFO] Got command from the client 'time'
ptd-server 2022-07-20 21:35:14,725 [INFO] Sending reply to client '1658349314.725924'
ptd-server 2022-07-20 21:35:14,729 [INFO] Got command from the client 'new,,65ed5892-18c2-40b2-aab3-528ed6733d50'
ptd-server 2022-07-20 21:35:14,730 [INFO] Sending reply to client 'OK 2022-07-20_21-35-14,acfd1feb-908c-44b7-94a6-b82e6a88d6e7'
ptd-server 2022-07-20 21:35:14,826 [INFO] Got command from the client 'time'
ptd-server 2022-07-20 21:35:14,826 [INFO] Sending reply to client '1658349314.8266335'
ptd-server 2022-07-20 21:35:14,830 [INFO] Got command from the client 'session,2022-07-20_21-35-14,start,ranging'
ptd-server 2022-07-20 21:35:14,831 [INFO] Running PTDaemon: ['/home/anton/projects/mlperf/power/inference_v1.0/ptd-linux-x86', '-l', '/tmp/tmp7lgbo8s4/ptd_logfile.txt', '-p', '8888', '49', '/dev/usbtmc0']
ptd-server 2022-07-20 21:35:32,005 [INFO] Sending to ptd: 'Hello'
ptd-server 2022-07-20 21:35:32,006 [INFO] Reply from ptd: 'Hello, PTDaemon here!'
ptd-server 2022-07-20 21:35:32,006 [INFO] Sending to ptd: 'Identify'
ptd-server 2022-07-20 21:35:32,006 [INFO] Reply from ptd: 'YokogawaWT310E,1000,1,1,1,1,0,1,1,version=1.9.2-e8c7a49a-20201208,OS=Linux 5.13.0-52-generic #59~20.04.1-Ubuntu SMP Thu Jun 16 21:21:28 UTC 2022 x86_64,mode=power,1,1,1,0,0,no_cal_date,YOKOGAWA;WT310E;C3XA04010E;F1.04'
ptd-server 2022-07-20 21:35:32,006 [INFO] Connected to PTDaemon
ptd-server 2022-07-20 21:35:32,006 [INFO] Sending to ptd: 'RR'
ptd-server 2022-07-20 21:35:32,007 [INFO] Reply from ptd: 'Ranges,0,0.500000,1,300.000000'
ptd-server 2022-07-20 21:35:32,007 [INFO] Initial range for Amps is 0.500000 for Volts is Auto
ptd-server 2022-07-20 21:35:32,007 [INFO] Sending to ptd: 'SR,V,Auto'
ptd-server 2022-07-20 21:35:32,509 [INFO] Reply from ptd: 'Range V changed'
ptd-server 2022-07-20 21:35:32,510 [INFO] Sending to ptd: 'SR,A,Auto'
ptd-server 2022-07-20 21:35:33,012 [INFO] Reply from ptd: 'Range A changed'
ptd-server 2022-07-20 21:35:43,022 [INFO] Starting ranging mode
ptd-server 2022-07-20 21:35:43,023 [INFO] Sending to ptd: 'Go,1000,0,2022-07-20_21-35-14_ranging'
ptd-server 2022-07-20 21:35:43,023 [INFO] Reply from ptd: 'Starting untimed measurement, maximum 500000 samples at 1000ms with 0 rampup samples'
ptd-server 2022-07-20 21:35:43,023 [INFO] Sending reply to client 'OK'
ptd-server 2022-07-20 21:46:08,837 [INFO] Got command from the client 'session,2022-07-20_21-35-14,stop,ranging'
ptd-server 2022-07-20 21:46:18,843 [INFO] Sending to ptd: 'Stop'
ptd-server 2022-07-20 21:46:18,843 [INFO] Reply from ptd: 'Stopping untimed measurement'
ptd-server 2022-07-20 21:46:19,107 [INFO] Sending reply to client 'OK'
ptd-server 2022-07-20 21:46:19,214 [INFO] Got command from the client 'time'
ptd-server 2022-07-20 21:46:19,214 [INFO] Sending reply to client '1658349979.2144358'
ptd-server 2022-07-20 21:46:19,220 [INFO] Got command from the client 'session,2022-07-20_21-35-14,start,testing'
ptd-server 2022-07-20 21:46:19,220 [INFO] Sending to ptd: 'SR,V,249.270000'
ptd-server 2022-07-20 21:46:20,721 [INFO] Reply from ptd: 'Range V changed'
ptd-server 2022-07-20 21:46:20,721 [INFO] Sending to ptd: 'SR,A,0.088000'
ptd-server 2022-07-20 21:46:22,223 [INFO] Reply from ptd: 'Range A changed'
ptd-server 2022-07-20 21:46:32,233 [INFO] Starting testing mode
ptd-server 2022-07-20 21:46:32,233 [INFO] Sending to ptd: 'Go,1000,0,2022-07-20_21-35-14_testing'
ptd-server 2022-07-20 21:46:32,234 [INFO] Reply from ptd: 'Starting untimed measurement, maximum 500000 samples at 1000ms with 0 rampup samples'
ptd-server 2022-07-20 21:46:32,234 [INFO] Sending reply to client 'OK'
ptd-server 2022-07-20 21:56:50,503 [INFO] Got command from the client 'session,2022-07-20_21-35-14,stop,testing'
ptd-server 2022-07-20 21:57:00,514 [INFO] Sending to ptd: 'Stop'
ptd-server 2022-07-20 21:57:00,514 [INFO] Reply from ptd: 'Stopping untimed measurement'
ptd-server 2022-07-20 21:57:00,665 [INFO] Sending reply to client 'OK'
ptd-server 2022-07-20 21:57:00,686 [INFO] Got command from the client 'session,2022-07-20_21-35-14,done'
ptd-server 2022-07-20 21:57:00,686 [INFO] Sending to ptd: 'Stop'
ptd-server 2022-07-20 21:57:01,235 [INFO] Reply from ptd: 'Error: no measurement to stop'
ptd-server 2022-07-20 21:57:01,235 [INFO] Sending to ptd: 'SR,V,Auto'
ptd-server 2022-07-20 21:57:01,737 [INFO] Reply from ptd: 'Range V changed'
ptd-server 2022-07-20 21:57:01,737 [INFO] Sending to ptd: 'SR,A,0.500000'
ptd-server 2022-07-20 21:57:03,239 [INFO] Reply from ptd: 'Range A changed'
ptd-server 2022-07-20 21:57:03,239 [INFO] Set initial values for Amps 0.500000 and Volts Auto
ptd-server 2022-07-20 21:57:03,239 [INFO] Stopping ptd...
