ptd-server 2022-07-31 17:50:09,028 [INFO] Got command from the client 'time'
ptd-server 2022-07-31 17:50:09,028 [INFO] Sending reply to client '1659286209.0289102'
ptd-server 2022-07-31 17:50:09,029 [INFO] Got command from the client 'new,,03308717-1edb-4f6a-a69a-8f3f842b4adb'
ptd-server 2022-07-31 17:50:09,030 [INFO] Sending reply to client 'OK 2022-07-31_17-50-09,4a84c10e-5125-454a-92e0-6c7aea697e06'
ptd-server 2022-07-31 17:50:09,058 [INFO] Got command from the client 'time'
ptd-server 2022-07-31 17:50:09,058 [INFO] Sending reply to client '1659286209.0586681'
ptd-server 2022-07-31 17:50:09,059 [INFO] Got command from the client 'session,2022-07-31_17-50-09,start,ranging'
ptd-server 2022-07-31 17:50:09,059 [INFO] Running PTDaemon: ['/home/anton/projects/mlperf/power/inference_v1.0/ptd-linux-x86', '-l', '/tmp/tmp7lgbo8s4/ptd_logfile.txt', '-p', '8888', '49', '/dev/usbtmc0']
ptd-server 2022-07-31 17:50:26,232 [INFO] Sending to ptd: 'Hello'
ptd-server 2022-07-31 17:50:26,233 [INFO] Reply from ptd: 'Hello, PTDaemon here!'
ptd-server 2022-07-31 17:50:26,233 [INFO] Sending to ptd: 'Identify'
ptd-server 2022-07-31 17:50:26,234 [INFO] Reply from ptd: 'YokogawaWT310E,1000,1,1,1,1,0,1,1,version=1.9.2-e8c7a49a-20201208,OS=Linux 5.13.0-52-generic #59~20.04.1-Ubuntu SMP Thu Jun 16 21:21:28 UTC 2022 x86_64,mode=power,1,1,1,0,0,no_cal_date,YOKOGAWA;WT310E;C3XA04010E;F1.04'
ptd-server 2022-07-31 17:50:26,234 [INFO] Connected to PTDaemon
ptd-server 2022-07-31 17:50:26,234 [INFO] Sending to ptd: 'RR'
ptd-server 2022-07-31 17:50:26,234 [INFO] Reply from ptd: 'Ranges,0,0.500000,1,300.000000'
ptd-server 2022-07-31 17:50:26,234 [INFO] Initial range for Amps is 0.500000 for Volts is Auto
ptd-server 2022-07-31 17:50:26,234 [INFO] Sending to ptd: 'SR,V,Auto'
ptd-server 2022-07-31 17:50:26,737 [INFO] Reply from ptd: 'Range V changed'
ptd-server 2022-07-31 17:50:26,737 [INFO] Sending to ptd: 'SR,A,Auto'
ptd-server 2022-07-31 17:50:27,240 [INFO] Reply from ptd: 'Range A changed'
ptd-server 2022-07-31 17:50:37,250 [INFO] Starting ranging mode
ptd-server 2022-07-31 17:50:37,250 [INFO] Sending to ptd: 'Go,1000,0,2022-07-31_17-50-09_ranging'
ptd-server 2022-07-31 17:50:37,250 [INFO] Reply from ptd: 'Starting untimed measurement, maximum 500000 samples at 1000ms with 0 rampup samples'
ptd-server 2022-07-31 17:50:37,251 [INFO] Sending reply to client 'OK'
ptd-server 2022-07-31 18:00:55,505 [INFO] Got command from the client 'session,2022-07-31_17-50-09,stop,ranging'
ptd-server 2022-07-31 18:01:05,515 [INFO] Sending to ptd: 'Stop'
ptd-server 2022-07-31 18:01:05,515 [INFO] Reply from ptd: 'Stopping untimed measurement'
ptd-server 2022-07-31 18:01:06,843 [INFO] Sending reply to client 'OK'
ptd-server 2022-07-31 18:01:06,897 [INFO] Got command from the client 'time'
ptd-server 2022-07-31 18:01:06,897 [INFO] Sending reply to client '1659286866.8979292'
ptd-server 2022-07-31 18:01:06,899 [INFO] Got command from the client 'session,2022-07-31_17-50-09,start,testing'
ptd-server 2022-07-31 18:01:06,899 [INFO] Sending to ptd: 'SR,V,249.700000'
ptd-server 2022-07-31 18:01:08,400 [INFO] Reply from ptd: 'Range V changed'
ptd-server 2022-07-31 18:01:08,401 [INFO] Sending to ptd: 'SR,A,0.296920'
ptd-server 2022-07-31 18:01:09,902 [INFO] Reply from ptd: 'Range A changed'
ptd-server 2022-07-31 18:01:19,911 [INFO] Starting testing mode
ptd-server 2022-07-31 18:01:19,911 [INFO] Sending to ptd: 'Go,1000,0,2022-07-31_17-50-09_testing'
ptd-server 2022-07-31 18:01:19,912 [INFO] Reply from ptd: 'Starting untimed measurement, maximum 500000 samples at 1000ms with 0 rampup samples'
ptd-server 2022-07-31 18:01:19,912 [INFO] Sending reply to client 'OK'
ptd-server 2022-07-31 18:11:33,731 [INFO] Got command from the client 'session,2022-07-31_17-50-09,stop,testing'
ptd-server 2022-07-31 18:11:43,741 [INFO] Sending to ptd: 'Stop'
ptd-server 2022-07-31 18:11:43,741 [INFO] Reply from ptd: 'Stopping untimed measurement'
ptd-server 2022-07-31 18:11:44,452 [INFO] Sending reply to client 'OK'
ptd-server 2022-07-31 18:11:44,466 [INFO] Got command from the client 'session,2022-07-31_17-50-09,done'
ptd-server 2022-07-31 18:11:44,466 [INFO] Sending to ptd: 'Stop'
ptd-server 2022-07-31 18:11:44,466 [INFO] Reply from ptd: 'Error: no measurement to stop'
ptd-server 2022-07-31 18:11:44,467 [INFO] Sending to ptd: 'SR,V,Auto'
ptd-server 2022-07-31 18:11:44,969 [INFO] Reply from ptd: 'Range V changed'
ptd-server 2022-07-31 18:11:44,969 [INFO] Sending to ptd: 'SR,A,0.500000'
ptd-server 2022-07-31 18:11:46,471 [INFO] Reply from ptd: 'Range A changed'
ptd-server 2022-07-31 18:11:46,471 [INFO] Set initial values for Amps 0.500000 and Volts Auto
ptd-server 2022-07-31 18:11:46,471 [INFO] Stopping ptd...
