ptd-server 2022-08-05 13:18:25,097 [INFO] Got command from the client 'time'
ptd-server 2022-08-05 13:18:25,097 [INFO] Sending reply to client '1659723505.0976262'
ptd-server 2022-08-05 13:18:25,100 [INFO] Got command from the client 'new,,12bfcba7-06f4-44c1-a5fe-9d3987315632'
ptd-server 2022-08-05 13:18:25,101 [INFO] Sending reply to client 'OK 2022-08-05_13-18-25,780e317d-28bb-4595-8a95-9b3c0cc69f3e'
ptd-server 2022-08-05 13:18:25,186 [INFO] Got command from the client 'time'
ptd-server 2022-08-05 13:18:25,186 [INFO] Sending reply to client '1659723505.1865253'
ptd-server 2022-08-05 13:18:25,189 [INFO] Got command from the client 'session,2022-08-05_13-18-25,start,ranging'
ptd-server 2022-08-05 13:18:25,189 [INFO] Running PTDaemon: ['/local/mnt/workspace/mlcommons/power-main/inference_v1.0/ptd-linux-x86', '-l', '/tmp/tmpsbncd2hd/ptd_logfile.txt', '-p', '8889', '-c', '2', '52', '/dev/usbtmc0']
ptd-server 2022-08-05 13:18:42,308 [INFO] Sending to ptd: 'Hello'
ptd-server 2022-08-05 13:18:42,309 [INFO] Reply from ptd: 'Hello, PTDaemon here!'
ptd-server 2022-08-05 13:18:42,309 [INFO] Sending to ptd: 'Identify'
ptd-server 2022-08-05 13:18:42,310 [INFO] Reply from ptd: 'YokogawaWT330,1000,1,1,1,1,0,0,1,version=1.9.2-e8c7a49a-20201208,OS=Linux 5.4.0-120-generic #136~18.04.1-Ubuntu SMP Fri Jun 10 18:00:44 UTC 2022 x86_64,mode=power,1,1,1,0,0,no_cal_date,YOKOGAWA;WT333;C2QH26002V;F1.06'
ptd-server 2022-08-05 13:18:42,310 [INFO] Connected to PTDaemon
ptd-server 2022-08-05 13:18:42,311 [INFO] Sending to ptd: 'RR'
ptd-server 2022-08-05 13:18:42,311 [INFO] Reply from ptd: 'Ranges,1,0.500000,1,150.000000'
ptd-server 2022-08-05 13:18:42,311 [INFO] Initial range for Amps is Auto for Volts is Auto
ptd-server 2022-08-05 13:18:42,311 [INFO] Sending to ptd: 'SR,V,Auto'
ptd-server 2022-08-05 13:18:42,814 [INFO] Reply from ptd: 'Range V changed'
ptd-server 2022-08-05 13:18:42,815 [INFO] Sending to ptd: 'SR,A,Auto'
ptd-server 2022-08-05 13:18:43,318 [INFO] Reply from ptd: 'Range A changed'
ptd-server 2022-08-05 13:18:53,326 [INFO] Starting ranging mode
ptd-server 2022-08-05 13:18:53,326 [INFO] Sending to ptd: 'Go,1000,0,2022-08-05_13-18-25_ranging'
ptd-server 2022-08-05 13:18:53,327 [INFO] Reply from ptd: 'Starting untimed measurement, maximum 500000 samples at 1000ms with 0 rampup samples'
ptd-server 2022-08-05 13:18:53,327 [INFO] Sending reply to client 'OK'
ptd-server 2022-08-05 13:29:56,215 [INFO] Got command from the client 'session,2022-08-05_13-18-25,stop,ranging'
ptd-server 2022-08-05 13:30:06,226 [INFO] Sending to ptd: 'Stop'
ptd-server 2022-08-05 13:30:06,227 [INFO] Reply from ptd: 'Stopping untimed measurement'
ptd-server 2022-08-05 13:30:06,267 [INFO] Sending reply to client 'OK'
ptd-server 2022-08-05 13:30:06,415 [INFO] Got command from the client 'time'
ptd-server 2022-08-05 13:30:06,415 [INFO] Sending reply to client '1659724206.4154782'
ptd-server 2022-08-05 13:30:06,418 [INFO] Got command from the client 'session,2022-08-05_13-18-25,start,testing'
ptd-server 2022-08-05 13:30:06,419 [INFO] Sending to ptd: 'SR,V,118.230000'
ptd-server 2022-08-05 13:30:07,921 [INFO] Reply from ptd: 'Range V changed'
ptd-server 2022-08-05 13:30:07,921 [INFO] Sending to ptd: 'SR,A,0.158110'
ptd-server 2022-08-05 13:30:09,423 [INFO] Reply from ptd: 'Range A changed'
ptd-server 2022-08-05 13:30:19,427 [INFO] Starting testing mode
ptd-server 2022-08-05 13:30:19,427 [INFO] Sending to ptd: 'Go,1000,0,2022-08-05_13-18-25_testing'
ptd-server 2022-08-05 13:30:19,428 [INFO] Reply from ptd: 'Starting untimed measurement, maximum 500000 samples at 1000ms with 0 rampup samples'
ptd-server 2022-08-05 13:30:19,428 [INFO] Sending reply to client 'OK'
ptd-server 2022-08-05 13:41:24,063 [INFO] Got command from the client 'session,2022-08-05_13-18-25,stop,testing'
ptd-server 2022-08-05 13:41:34,074 [INFO] Sending to ptd: 'Stop'
ptd-server 2022-08-05 13:41:34,074 [INFO] Reply from ptd: 'Stopping untimed measurement'
ptd-server 2022-08-05 13:41:34,096 [INFO] Sending reply to client 'OK'
ptd-server 2022-08-05 13:41:34,125 [INFO] Got command from the client 'session,2022-08-05_13-18-25,done'
ptd-server 2022-08-05 13:41:34,125 [INFO] Sending to ptd: 'Stop'
ptd-server 2022-08-05 13:41:34,429 [INFO] Reply from ptd: 'Error: no measurement to stop'
ptd-server 2022-08-05 13:41:34,429 [INFO] Sending to ptd: 'SR,V,Auto'
ptd-server 2022-08-05 13:41:34,932 [INFO] Reply from ptd: 'Range V changed'
ptd-server 2022-08-05 13:41:34,933 [INFO] Sending to ptd: 'SR,A,Auto'
ptd-server 2022-08-05 13:41:35,436 [INFO] Reply from ptd: 'Range A changed'
ptd-server 2022-08-05 13:41:35,436 [INFO] Set initial values for Amps Auto and Volts Auto
ptd-server 2022-08-05 13:41:35,436 [INFO] Stopping ptd...
