ptd-server 2022-08-02 05:23:30,963 [INFO] Got command from the client 'time'
ptd-server 2022-08-02 05:23:30,963 [INFO] Sending reply to client '1659414210.9637823'
ptd-server 2022-08-02 05:23:30,964 [INFO] Got command from the client 'new,,b3680d03-81ef-4da8-b11d-7e1328669159'
ptd-server 2022-08-02 05:23:30,965 [INFO] Sending reply to client 'OK 2022-08-02_05-23-30,806b4388-443c-4ec6-a1d7-108b02b2e22b'
ptd-server 2022-08-02 05:23:30,993 [INFO] Got command from the client 'time'
ptd-server 2022-08-02 05:23:30,994 [INFO] Sending reply to client '1659414210.9940333'
ptd-server 2022-08-02 05:23:30,994 [INFO] Got command from the client 'session,2022-08-02_05-23-30,start,ranging'
ptd-server 2022-08-02 05:23:30,995 [INFO] Running PTDaemon: ['/home/anton/projects/mlperf/power/inference_v1.0/ptd-linux-x86', '-l', '/tmp/tmp7lgbo8s4/ptd_logfile.txt', '-p', '8888', '49', '/dev/usbtmc0']
ptd-server 2022-08-02 05:23:48,169 [INFO] Sending to ptd: 'Hello'
ptd-server 2022-08-02 05:23:48,169 [INFO] Reply from ptd: 'Hello, PTDaemon here!'
ptd-server 2022-08-02 05:23:48,170 [INFO] Sending to ptd: 'Identify'
ptd-server 2022-08-02 05:23:48,170 [INFO] Reply from ptd: 'YokogawaWT310E,1000,1,1,1,1,0,1,1,version=1.9.2-e8c7a49a-20201208,OS=Linux 5.13.0-52-generic #59~20.04.1-Ubuntu SMP Thu Jun 16 21:21:28 UTC 2022 x86_64,mode=power,1,1,1,0,0,no_cal_date,YOKOGAWA;WT310E;C3XA04010E;F1.04'
ptd-server 2022-08-02 05:23:48,170 [INFO] Connected to PTDaemon
ptd-server 2022-08-02 05:23:48,170 [INFO] Sending to ptd: 'RR'
ptd-server 2022-08-02 05:23:48,171 [INFO] Reply from ptd: 'Ranges,0,0.500000,1,300.000000'
ptd-server 2022-08-02 05:23:48,171 [INFO] Initial range for Amps is 0.500000 for Volts is Auto
ptd-server 2022-08-02 05:23:48,171 [INFO] Sending to ptd: 'SR,V,Auto'
ptd-server 2022-08-02 05:23:48,673 [INFO] Reply from ptd: 'Range V changed'
ptd-server 2022-08-02 05:23:48,674 [INFO] Sending to ptd: 'SR,A,Auto'
ptd-server 2022-08-02 05:23:49,176 [INFO] Reply from ptd: 'Range A changed'
ptd-server 2022-08-02 05:23:59,186 [INFO] Starting ranging mode
ptd-server 2022-08-02 05:23:59,186 [INFO] Sending to ptd: 'Go,1000,0,2022-08-02_05-23-30_ranging'
ptd-server 2022-08-02 05:23:59,187 [INFO] Reply from ptd: 'Starting untimed measurement, maximum 500000 samples at 1000ms with 0 rampup samples'
ptd-server 2022-08-02 05:23:59,187 [INFO] Sending reply to client 'OK'
ptd-server 2022-08-02 05:34:10,688 [INFO] Got command from the client 'session,2022-08-02_05-23-30,stop,ranging'
ptd-server 2022-08-02 05:34:20,699 [INFO] Sending to ptd: 'Stop'
ptd-server 2022-08-02 05:34:20,699 [INFO] Reply from ptd: 'Stopping untimed measurement'
ptd-server 2022-08-02 05:34:22,156 [INFO] Sending reply to client 'OK'
ptd-server 2022-08-02 05:34:22,210 [INFO] Got command from the client 'time'
ptd-server 2022-08-02 05:34:22,210 [INFO] Sending reply to client '1659414862.2106826'
ptd-server 2022-08-02 05:34:22,212 [INFO] Got command from the client 'session,2022-08-02_05-23-30,start,testing'
ptd-server 2022-08-02 05:34:22,212 [INFO] Sending to ptd: 'SR,V,250.640000'
ptd-server 2022-08-02 05:34:23,713 [INFO] Reply from ptd: 'Range V changed'
ptd-server 2022-08-02 05:34:23,713 [INFO] Sending to ptd: 'SR,A,0.183980'
ptd-server 2022-08-02 05:34:25,215 [INFO] Reply from ptd: 'Range A changed'
ptd-server 2022-08-02 05:34:35,225 [INFO] Starting testing mode
ptd-server 2022-08-02 05:34:35,225 [INFO] Sending to ptd: 'Go,1000,0,2022-08-02_05-23-30_testing'
ptd-server 2022-08-02 05:34:35,226 [INFO] Reply from ptd: 'Starting untimed measurement, maximum 500000 samples at 1000ms with 0 rampup samples'
ptd-server 2022-08-02 05:34:35,226 [INFO] Sending reply to client 'OK'
ptd-server 2022-08-02 05:44:46,713 [INFO] Got command from the client 'session,2022-08-02_05-23-30,stop,testing'
ptd-server 2022-08-02 05:44:56,723 [INFO] Sending to ptd: 'Stop'
ptd-server 2022-08-02 05:44:56,724 [INFO] Reply from ptd: 'Stopping untimed measurement'
ptd-server 2022-08-02 05:44:57,473 [INFO] Sending reply to client 'OK'
ptd-server 2022-08-02 05:44:57,488 [INFO] Got command from the client 'session,2022-08-02_05-23-30,done'
ptd-server 2022-08-02 05:44:57,488 [INFO] Sending to ptd: 'Stop'
ptd-server 2022-08-02 05:44:57,488 [INFO] Reply from ptd: 'Error: no measurement to stop'
ptd-server 2022-08-02 05:44:57,488 [INFO] Sending to ptd: 'SR,V,Auto'
ptd-server 2022-08-02 05:44:57,991 [INFO] Reply from ptd: 'Range V changed'
ptd-server 2022-08-02 05:44:57,991 [INFO] Sending to ptd: 'SR,A,0.500000'
ptd-server 2022-08-02 05:44:59,493 [INFO] Reply from ptd: 'Range A changed'
ptd-server 2022-08-02 05:44:59,493 [INFO] Set initial values for Amps 0.500000 and Volts Auto
ptd-server 2022-08-02 05:44:59,493 [INFO] Stopping ptd...
