ptd-server 2022-07-27 18:25:04,638 [INFO] Got command from the client 'time'
ptd-server 2022-07-27 18:25:04,638 [INFO] Sending reply to client '1658942704.6381862'
ptd-server 2022-07-27 18:25:04,642 [INFO] Got command from the client 'new,,4ae73ca1-93a6-400c-acb0-c94a725ab94c'
ptd-server 2022-07-27 18:25:04,643 [INFO] Sending reply to client 'OK 2022-07-27_18-25-04,da8c7914-2809-48c7-953d-586ad6586e5f'
ptd-server 2022-07-27 18:25:04,741 [INFO] Got command from the client 'time'
ptd-server 2022-07-27 18:25:04,741 [INFO] Sending reply to client '1658942704.741782'
ptd-server 2022-07-27 18:25:04,746 [INFO] Got command from the client 'session,2022-07-27_18-25-04,start,ranging'
ptd-server 2022-07-27 18:25:04,747 [INFO] Running PTDaemon: ['/home/anton/projects/mlperf/power/inference_v1.0/ptd-linux-x86', '-l', '/tmp/tmp7lgbo8s4/ptd_logfile.txt', '-p', '8888', '49', '/dev/usbtmc0']
ptd-server 2022-07-27 18:25:21,921 [INFO] Sending to ptd: 'Hello'
ptd-server 2022-07-27 18:25:21,921 [INFO] Reply from ptd: 'Hello, PTDaemon here!'
ptd-server 2022-07-27 18:25:21,921 [INFO] Sending to ptd: 'Identify'
ptd-server 2022-07-27 18:25:21,922 [INFO] Reply from ptd: 'YokogawaWT310E,1000,1,1,1,1,0,1,1,version=1.9.2-e8c7a49a-20201208,OS=Linux 5.13.0-52-generic #59~20.04.1-Ubuntu SMP Thu Jun 16 21:21:28 UTC 2022 x86_64,mode=power,1,1,1,0,0,no_cal_date,YOKOGAWA;WT310E;C3XA04010E;F1.04'
ptd-server 2022-07-27 18:25:21,922 [INFO] Connected to PTDaemon
ptd-server 2022-07-27 18:25:21,922 [INFO] Sending to ptd: 'RR'
ptd-server 2022-07-27 18:25:21,922 [INFO] Reply from ptd: 'Ranges,0,0.500000,1,300.000000'
ptd-server 2022-07-27 18:25:21,922 [INFO] Initial range for Amps is 0.500000 for Volts is Auto
ptd-server 2022-07-27 18:25:21,922 [INFO] Sending to ptd: 'SR,V,Auto'
ptd-server 2022-07-27 18:25:22,425 [INFO] Reply from ptd: 'Range V changed'
ptd-server 2022-07-27 18:25:22,425 [INFO] Sending to ptd: 'SR,A,Auto'
ptd-server 2022-07-27 18:25:22,928 [INFO] Reply from ptd: 'Range A changed'
ptd-server 2022-07-27 18:25:32,938 [INFO] Starting ranging mode
ptd-server 2022-07-27 18:25:32,938 [INFO] Sending to ptd: 'Go,1000,0,2022-07-27_18-25-04_ranging'
ptd-server 2022-07-27 18:25:32,939 [INFO] Reply from ptd: 'Starting untimed measurement, maximum 500000 samples at 1000ms with 0 rampup samples'
ptd-server 2022-07-27 18:25:32,939 [INFO] Sending reply to client 'OK'
ptd-server 2022-07-27 18:35:48,169 [INFO] Got command from the client 'session,2022-07-27_18-25-04,stop,ranging'
ptd-server 2022-07-27 18:35:58,180 [INFO] Sending to ptd: 'Stop'
ptd-server 2022-07-27 18:35:58,180 [INFO] Reply from ptd: 'Stopping untimed measurement'
ptd-server 2022-07-27 18:35:59,176 [INFO] Sending reply to client 'OK'
ptd-server 2022-07-27 18:35:59,298 [INFO] Got command from the client 'time'
ptd-server 2022-07-27 18:35:59,298 [INFO] Sending reply to client '1658943359.298479'
ptd-server 2022-07-27 18:35:59,304 [INFO] Got command from the client 'session,2022-07-27_18-25-04,start,testing'
ptd-server 2022-07-27 18:35:59,304 [INFO] Sending to ptd: 'SR,V,250.040000'
ptd-server 2022-07-27 18:36:00,805 [INFO] Reply from ptd: 'Range V changed'
ptd-server 2022-07-27 18:36:00,805 [INFO] Sending to ptd: 'SR,A,0.051150'
ptd-server 2022-07-27 18:36:02,307 [INFO] Reply from ptd: 'Range A changed'
ptd-server 2022-07-27 18:36:12,317 [INFO] Starting testing mode
ptd-server 2022-07-27 18:36:12,317 [INFO] Sending to ptd: 'Go,1000,0,2022-07-27_18-25-04_testing'
ptd-server 2022-07-27 18:36:12,318 [INFO] Reply from ptd: 'Starting untimed measurement, maximum 500000 samples at 1000ms with 0 rampup samples'
ptd-server 2022-07-27 18:36:12,318 [INFO] Sending reply to client 'OK'
ptd-server 2022-07-27 18:46:27,741 [INFO] Got command from the client 'session,2022-07-27_18-25-04,stop,testing'
ptd-server 2022-07-27 18:46:37,752 [INFO] Sending to ptd: 'Stop'
ptd-server 2022-07-27 18:46:37,752 [INFO] Reply from ptd: 'Stopping untimed measurement'
ptd-server 2022-07-27 18:46:38,261 [INFO] Sending reply to client 'OK'
ptd-server 2022-07-27 18:46:38,303 [INFO] Got command from the client 'session,2022-07-27_18-25-04,done'
ptd-server 2022-07-27 18:46:38,303 [INFO] Sending to ptd: 'Stop'
ptd-server 2022-07-27 18:46:38,318 [INFO] Reply from ptd: 'Error: no measurement to stop'
ptd-server 2022-07-27 18:46:38,319 [INFO] Sending to ptd: 'SR,V,Auto'
ptd-server 2022-07-27 18:46:38,821 [INFO] Reply from ptd: 'Range V changed'
ptd-server 2022-07-27 18:46:38,821 [INFO] Sending to ptd: 'SR,A,0.500000'
ptd-server 2022-07-27 18:46:40,322 [INFO] Reply from ptd: 'Range A changed'
ptd-server 2022-07-27 18:46:40,323 [INFO] Set initial values for Amps 0.500000 and Volts Auto
ptd-server 2022-07-27 18:46:40,323 [INFO] Stopping ptd...
