ptd-server 2022-07-22 00:03:31,663 [INFO] Got command from the client 'time'
ptd-server 2022-07-22 00:03:31,663 [INFO] Sending reply to client '1658444611.6633377'
ptd-server 2022-07-22 00:03:31,664 [INFO] Got command from the client 'new,,3062d4df-449d-4ae3-a8cb-b26efbe3db77'
ptd-server 2022-07-22 00:03:31,665 [INFO] Sending reply to client 'OK 2022-07-22_00-03-31,a028e741-8460-453c-a1ea-7bdeacd46929'
ptd-server 2022-07-22 00:03:31,706 [INFO] Got command from the client 'time'
ptd-server 2022-07-22 00:03:31,706 [INFO] Sending reply to client '1658444611.7066126'
ptd-server 2022-07-22 00:03:31,707 [INFO] Got command from the client 'session,2022-07-22_00-03-31,start,ranging'
ptd-server 2022-07-22 00:03:31,708 [INFO] Running PTDaemon: ['/home/anton/projects/mlperf/power/inference_v1.0/ptd-linux-x86', '-l', '/tmp/tmp7lgbo8s4/ptd_logfile.txt', '-p', '8888', '49', '/dev/usbtmc0']
ptd-server 2022-07-22 00:03:48,882 [INFO] Sending to ptd: 'Hello'
ptd-server 2022-07-22 00:03:48,883 [INFO] Reply from ptd: 'Hello, PTDaemon here!'
ptd-server 2022-07-22 00:03:48,883 [INFO] Sending to ptd: 'Identify'
ptd-server 2022-07-22 00:03:48,883 [INFO] Reply from ptd: 'YokogawaWT310E,1000,1,1,1,1,0,1,1,version=1.9.2-e8c7a49a-20201208,OS=Linux 5.13.0-52-generic #59~20.04.1-Ubuntu SMP Thu Jun 16 21:21:28 UTC 2022 x86_64,mode=power,1,1,1,0,0,no_cal_date,YOKOGAWA;WT310E;C3XA04010E;F1.04'
ptd-server 2022-07-22 00:03:48,883 [INFO] Connected to PTDaemon
ptd-server 2022-07-22 00:03:48,883 [INFO] Sending to ptd: 'RR'
ptd-server 2022-07-22 00:03:48,884 [INFO] Reply from ptd: 'Ranges,0,0.500000,1,300.000000'
ptd-server 2022-07-22 00:03:48,884 [INFO] Initial range for Amps is 0.500000 for Volts is Auto
ptd-server 2022-07-22 00:03:48,884 [INFO] Sending to ptd: 'SR,V,Auto'
ptd-server 2022-07-22 00:03:49,386 [INFO] Reply from ptd: 'Range V changed'
ptd-server 2022-07-22 00:03:49,387 [INFO] Sending to ptd: 'SR,A,Auto'
ptd-server 2022-07-22 00:03:49,889 [INFO] Reply from ptd: 'Range A changed'
ptd-server 2022-07-22 00:03:59,899 [INFO] Starting ranging mode
ptd-server 2022-07-22 00:03:59,900 [INFO] Sending to ptd: 'Go,1000,0,2022-07-22_00-03-31_ranging'
ptd-server 2022-07-22 00:03:59,900 [INFO] Reply from ptd: 'Starting untimed measurement, maximum 500000 samples at 1000ms with 0 rampup samples'
ptd-server 2022-07-22 00:03:59,900 [INFO] Sending reply to client 'OK'
ptd-server 2022-07-22 00:14:21,671 [INFO] Got command from the client 'session,2022-07-22_00-03-31,stop,ranging'
ptd-server 2022-07-22 00:14:31,681 [INFO] Sending to ptd: 'Stop'
ptd-server 2022-07-22 00:14:31,681 [INFO] Reply from ptd: 'Stopping untimed measurement'
ptd-server 2022-07-22 00:14:32,069 [INFO] Sending reply to client 'OK'
ptd-server 2022-07-22 00:14:32,133 [INFO] Got command from the client 'time'
ptd-server 2022-07-22 00:14:32,134 [INFO] Sending reply to client '1658445272.1340117'
ptd-server 2022-07-22 00:14:32,135 [INFO] Got command from the client 'session,2022-07-22_00-03-31,start,testing'
ptd-server 2022-07-22 00:14:32,135 [INFO] Sending to ptd: 'SR,V,252.100000'
ptd-server 2022-07-22 00:14:33,636 [INFO] Reply from ptd: 'Range V changed'
ptd-server 2022-07-22 00:14:33,637 [INFO] Sending to ptd: 'SR,A,0.066020'
ptd-server 2022-07-22 00:14:35,138 [INFO] Reply from ptd: 'Range A changed'
ptd-server 2022-07-22 00:14:45,148 [INFO] Starting testing mode
ptd-server 2022-07-22 00:14:45,148 [INFO] Sending to ptd: 'Go,1000,0,2022-07-22_00-03-31_testing'
ptd-server 2022-07-22 00:14:45,149 [INFO] Reply from ptd: 'Starting untimed measurement, maximum 500000 samples at 1000ms with 0 rampup samples'
ptd-server 2022-07-22 00:14:45,149 [INFO] Sending reply to client 'OK'
ptd-server 2022-07-22 00:25:06,887 [INFO] Got command from the client 'session,2022-07-22_00-03-31,stop,testing'
ptd-server 2022-07-22 00:25:16,897 [INFO] Sending to ptd: 'Stop'
ptd-server 2022-07-22 00:25:16,898 [INFO] Reply from ptd: 'Stopping untimed measurement'
ptd-server 2022-07-22 00:25:17,100 [INFO] Sending reply to client 'OK'
ptd-server 2022-07-22 00:25:17,108 [INFO] Got command from the client 'session,2022-07-22_00-03-31,done'
ptd-server 2022-07-22 00:25:17,109 [INFO] Sending to ptd: 'Stop'
ptd-server 2022-07-22 00:25:17,149 [INFO] Reply from ptd: 'Error: no measurement to stop'
ptd-server 2022-07-22 00:25:17,149 [INFO] Sending to ptd: 'SR,V,Auto'
ptd-server 2022-07-22 00:25:17,652 [INFO] Reply from ptd: 'Range V changed'
ptd-server 2022-07-22 00:25:17,652 [INFO] Sending to ptd: 'SR,A,0.500000'
ptd-server 2022-07-22 00:25:19,153 [INFO] Reply from ptd: 'Range A changed'
ptd-server 2022-07-22 00:25:19,153 [INFO] Set initial values for Amps 0.500000 and Volts Auto
ptd-server 2022-07-22 00:25:19,153 [INFO] Stopping ptd...
