ptd-server 2022-07-29 06:00:39,895 [INFO] Got command from the client 'time'
ptd-server 2022-07-29 06:00:39,895 [INFO] Sending reply to client '1659070839.8957617'
ptd-server 2022-07-29 06:00:39,899 [INFO] Got command from the client 'new,,21ed53ad-03ac-409f-9b24-de5caf7ef936'
ptd-server 2022-07-29 06:00:39,900 [INFO] Sending reply to client 'OK 2022-07-29_06-00-39,854685dc-a402-4c8b-9813-2ab9a886d950'
ptd-server 2022-07-29 06:00:39,990 [INFO] Got command from the client 'time'
ptd-server 2022-07-29 06:00:39,991 [INFO] Sending reply to client '1659070839.9911313'
ptd-server 2022-07-29 06:00:39,995 [INFO] Got command from the client 'session,2022-07-29_06-00-39,start,ranging'
ptd-server 2022-07-29 06:00:39,995 [INFO] Running PTDaemon: ['/home/anton/projects/mlperf/power/inference_v1.0/ptd-linux-x86', '-l', '/tmp/tmp7lgbo8s4/ptd_logfile.txt', '-p', '8888', '49', '/dev/usbtmc0']
ptd-server 2022-07-29 06:00:57,171 [INFO] Sending to ptd: 'Hello'
ptd-server 2022-07-29 06:00:57,171 [INFO] Reply from ptd: 'Hello, PTDaemon here!'
ptd-server 2022-07-29 06:00:57,172 [INFO] Sending to ptd: 'Identify'
ptd-server 2022-07-29 06:00:57,172 [INFO] Reply from ptd: 'YokogawaWT310E,1000,1,1,1,1,0,1,1,version=1.9.2-e8c7a49a-20201208,OS=Linux 5.13.0-52-generic #59~20.04.1-Ubuntu SMP Thu Jun 16 21:21:28 UTC 2022 x86_64,mode=power,1,1,1,0,0,no_cal_date,YOKOGAWA;WT310E;C3XA04010E;F1.04'
ptd-server 2022-07-29 06:00:57,172 [INFO] Connected to PTDaemon
ptd-server 2022-07-29 06:00:57,172 [INFO] Sending to ptd: 'RR'
ptd-server 2022-07-29 06:00:57,172 [INFO] Reply from ptd: 'Ranges,0,0.500000,1,300.000000'
ptd-server 2022-07-29 06:00:57,173 [INFO] Initial range for Amps is 0.500000 for Volts is Auto
ptd-server 2022-07-29 06:00:57,173 [INFO] Sending to ptd: 'SR,V,Auto'
ptd-server 2022-07-29 06:00:57,675 [INFO] Reply from ptd: 'Range V changed'
ptd-server 2022-07-29 06:00:57,675 [INFO] Sending to ptd: 'SR,A,Auto'
ptd-server 2022-07-29 06:00:58,178 [INFO] Reply from ptd: 'Range A changed'
ptd-server 2022-07-29 06:01:08,188 [INFO] Starting ranging mode
ptd-server 2022-07-29 06:01:08,188 [INFO] Sending to ptd: 'Go,1000,0,2022-07-29_06-00-39_ranging'
ptd-server 2022-07-29 06:01:08,189 [INFO] Reply from ptd: 'Starting untimed measurement, maximum 500000 samples at 1000ms with 0 rampup samples'
ptd-server 2022-07-29 06:01:08,189 [INFO] Sending reply to client 'OK'
ptd-server 2022-07-29 06:11:39,981 [INFO] Got command from the client 'session,2022-07-29_06-00-39,stop,ranging'
ptd-server 2022-07-29 06:11:49,992 [INFO] Sending to ptd: 'Stop'
ptd-server 2022-07-29 06:11:49,992 [INFO] Reply from ptd: 'Stopping untimed measurement'
ptd-server 2022-07-29 06:11:51,150 [INFO] Sending reply to client 'OK'
ptd-server 2022-07-29 06:11:51,347 [INFO] Got command from the client 'time'
ptd-server 2022-07-29 06:11:51,348 [INFO] Sending reply to client '1659071511.3480687'
ptd-server 2022-07-29 06:11:51,351 [INFO] Got command from the client 'session,2022-07-29_06-00-39,start,testing'
ptd-server 2022-07-29 06:11:51,351 [INFO] Sending to ptd: 'SR,V,250.350000'
ptd-server 2022-07-29 06:11:52,852 [INFO] Reply from ptd: 'Range V changed'
ptd-server 2022-07-29 06:11:52,853 [INFO] Sending to ptd: 'SR,A,0.046960'
ptd-server 2022-07-29 06:11:54,354 [INFO] Reply from ptd: 'Range A changed'
ptd-server 2022-07-29 06:12:04,364 [INFO] Starting testing mode
ptd-server 2022-07-29 06:12:04,365 [INFO] Sending to ptd: 'Go,1000,0,2022-07-29_06-00-39_testing'
ptd-server 2022-07-29 06:12:04,365 [INFO] Reply from ptd: 'Starting untimed measurement, maximum 500000 samples at 1000ms with 0 rampup samples'
ptd-server 2022-07-29 06:12:04,365 [INFO] Sending reply to client 'OK'
ptd-server 2022-07-29 06:22:36,145 [INFO] Got command from the client 'session,2022-07-29_06-00-39,stop,testing'
ptd-server 2022-07-29 06:22:46,155 [INFO] Sending to ptd: 'Stop'
ptd-server 2022-07-29 06:22:46,156 [INFO] Reply from ptd: 'Stopping untimed measurement'
ptd-server 2022-07-29 06:22:46,751 [INFO] Sending reply to client 'OK'
ptd-server 2022-07-29 06:22:46,773 [INFO] Got command from the client 'session,2022-07-29_06-00-39,done'
ptd-server 2022-07-29 06:22:46,773 [INFO] Sending to ptd: 'Stop'
ptd-server 2022-07-29 06:22:46,774 [INFO] Reply from ptd: 'Error: no measurement to stop'
ptd-server 2022-07-29 06:22:46,774 [INFO] Sending to ptd: 'SR,V,Auto'
ptd-server 2022-07-29 06:22:47,276 [INFO] Reply from ptd: 'Range V changed'
ptd-server 2022-07-29 06:22:47,276 [INFO] Sending to ptd: 'SR,A,0.500000'
ptd-server 2022-07-29 06:22:48,778 [INFO] Reply from ptd: 'Range A changed'
ptd-server 2022-07-29 06:22:48,778 [INFO] Set initial values for Amps 0.500000 and Volts Auto
ptd-server 2022-07-29 06:22:48,778 [INFO] Stopping ptd...
