ptd-server 2022-07-19 08:11:27,876 [INFO] Got command from the client 'time'
ptd-server 2022-07-19 08:11:27,876 [INFO] Sending reply to client '1658214687.8765707'
ptd-server 2022-07-19 08:11:27,880 [INFO] Got command from the client 'new,,0e31b897-087e-477f-9570-74a5c92ae906'
ptd-server 2022-07-19 08:11:27,880 [INFO] Sending reply to client 'OK 2022-07-19_08-11-27,3785e03f-dfa1-4501-b401-583da0758163'
ptd-server 2022-07-19 08:11:27,979 [INFO] Got command from the client 'time'
ptd-server 2022-07-19 08:11:27,979 [INFO] Sending reply to client '1658214687.9797802'
ptd-server 2022-07-19 08:11:27,984 [INFO] Got command from the client 'session,2022-07-19_08-11-27,start,ranging'
ptd-server 2022-07-19 08:11:27,984 [INFO] Running PTDaemon: ['/home/anton/projects/mlperf/power/inference_v1.0/ptd-linux-x86', '-l', '/tmp/tmp7lgbo8s4/ptd_logfile.txt', '-p', '8888', '49', '/dev/usbtmc0']
ptd-server 2022-07-19 08:11:45,157 [INFO] Sending to ptd: 'Hello'
ptd-server 2022-07-19 08:11:45,158 [INFO] Reply from ptd: 'Hello, PTDaemon here!'
ptd-server 2022-07-19 08:11:45,158 [INFO] Sending to ptd: 'Identify'
ptd-server 2022-07-19 08:11:45,159 [INFO] Reply from ptd: 'YokogawaWT310E,1000,1,1,1,1,0,1,1,version=1.9.2-e8c7a49a-20201208,OS=Linux 5.13.0-52-generic #59~20.04.1-Ubuntu SMP Thu Jun 16 21:21:28 UTC 2022 x86_64,mode=power,1,1,1,0,0,no_cal_date,YOKOGAWA;WT310E;C3XA04010E;F1.04'
ptd-server 2022-07-19 08:11:45,159 [INFO] Connected to PTDaemon
ptd-server 2022-07-19 08:11:45,159 [INFO] Sending to ptd: 'RR'
ptd-server 2022-07-19 08:11:45,159 [INFO] Reply from ptd: 'Ranges,0,0.500000,1,300.000000'
ptd-server 2022-07-19 08:11:45,159 [INFO] Initial range for Amps is 0.500000 for Volts is Auto
ptd-server 2022-07-19 08:11:45,159 [INFO] Sending to ptd: 'SR,V,Auto'
ptd-server 2022-07-19 08:11:45,662 [INFO] Reply from ptd: 'Range V changed'
ptd-server 2022-07-19 08:11:45,662 [INFO] Sending to ptd: 'SR,A,Auto'
ptd-server 2022-07-19 08:11:46,164 [INFO] Reply from ptd: 'Range A changed'
ptd-server 2022-07-19 08:11:56,175 [INFO] Starting ranging mode
ptd-server 2022-07-19 08:11:56,175 [INFO] Sending to ptd: 'Go,1000,0,2022-07-19_08-11-27_ranging'
ptd-server 2022-07-19 08:11:56,175 [INFO] Reply from ptd: 'Starting untimed measurement, maximum 500000 samples at 1000ms with 0 rampup samples'
ptd-server 2022-07-19 08:11:56,176 [INFO] Sending reply to client 'OK'
ptd-server 2022-07-19 08:22:13,702 [INFO] Got command from the client 'session,2022-07-19_08-11-27,stop,ranging'
ptd-server 2022-07-19 08:22:23,713 [INFO] Sending to ptd: 'Stop'
ptd-server 2022-07-19 08:22:23,713 [INFO] Reply from ptd: 'Stopping untimed measurement'
ptd-server 2022-07-19 08:22:23,783 [INFO] Sending reply to client 'OK'
ptd-server 2022-07-19 08:22:23,973 [INFO] Got command from the client 'time'
ptd-server 2022-07-19 08:22:23,974 [INFO] Sending reply to client '1658215343.9741232'
ptd-server 2022-07-19 08:22:23,977 [INFO] Got command from the client 'session,2022-07-19_08-11-27,start,testing'
ptd-server 2022-07-19 08:22:23,977 [INFO] Sending to ptd: 'SR,V,249.070000'
ptd-server 2022-07-19 08:22:25,676 [INFO] Reply from ptd: 'Range V changed'
ptd-server 2022-07-19 08:22:25,676 [INFO] Sending to ptd: 'SR,A,0.094200'
ptd-server 2022-07-19 08:22:27,178 [INFO] Reply from ptd: 'Range A changed'
ptd-server 2022-07-19 08:22:37,188 [INFO] Starting testing mode
ptd-server 2022-07-19 08:22:37,188 [INFO] Sending to ptd: 'Go,1000,0,2022-07-19_08-11-27_testing'
ptd-server 2022-07-19 08:22:37,188 [INFO] Reply from ptd: 'Starting untimed measurement, maximum 500000 samples at 1000ms with 0 rampup samples'
ptd-server 2022-07-19 08:22:37,189 [INFO] Sending reply to client 'OK'
ptd-server 2022-07-19 08:32:54,893 [INFO] Got command from the client 'session,2022-07-19_08-11-27,stop,testing'
ptd-server 2022-07-19 08:33:04,904 [INFO] Sending to ptd: 'Stop'
ptd-server 2022-07-19 08:33:04,904 [INFO] Reply from ptd: 'Stopping untimed measurement'
ptd-server 2022-07-19 08:33:04,941 [INFO] Sending reply to client 'OK'
ptd-server 2022-07-19 08:33:05,106 [INFO] Got command from the client 'session,2022-07-19_08-11-27,done'
ptd-server 2022-07-19 08:33:05,106 [INFO] Sending to ptd: 'Stop'
ptd-server 2022-07-19 08:33:05,188 [INFO] Reply from ptd: 'Error: no measurement to stop'
ptd-server 2022-07-19 08:33:05,188 [INFO] Sending to ptd: 'SR,V,Auto'
ptd-server 2022-07-19 08:33:05,691 [INFO] Reply from ptd: 'Range V changed'
ptd-server 2022-07-19 08:33:05,691 [INFO] Sending to ptd: 'SR,A,0.500000'
ptd-server 2022-07-19 08:33:07,192 [INFO] Reply from ptd: 'Range A changed'
ptd-server 2022-07-19 08:33:07,193 [INFO] Set initial values for Amps 0.500000 and Volts Auto
ptd-server 2022-07-19 08:33:07,193 [INFO] Stopping ptd...
