ptd-server 2022-07-27 10:59:07,184 [INFO] Got command from the client 'time'
ptd-server 2022-07-27 10:59:07,184 [INFO] Sending reply to client '1658915947.1847632'
ptd-server 2022-07-27 10:59:07,189 [INFO] Got command from the client 'new,,974213d5-8439-41d5-95d6-8adc796552a2'
ptd-server 2022-07-27 10:59:07,189 [INFO] Sending reply to client 'OK 2022-07-27_10-59-07,760987a3-7d3a-4ada-8dcd-f8acf4dcad69'
ptd-server 2022-07-27 10:59:07,229 [INFO] Got command from the client 'time'
ptd-server 2022-07-27 10:59:07,230 [INFO] Sending reply to client '1658915947.2300415'
ptd-server 2022-07-27 10:59:07,233 [INFO] Got command from the client 'session,2022-07-27_10-59-07,start,ranging'
ptd-server 2022-07-27 10:59:07,234 [INFO] Running PTDaemon: ['/home/anton/projects/mlperf/power/inference_v1.0/ptd-linux-x86', '-l', '/tmp/tmp7lgbo8s4/ptd_logfile.txt', '-p', '8888', '49', '/dev/usbtmc0']
ptd-server 2022-07-27 10:59:24,409 [INFO] Sending to ptd: 'Hello'
ptd-server 2022-07-27 10:59:24,409 [INFO] Reply from ptd: 'Hello, PTDaemon here!'
ptd-server 2022-07-27 10:59:24,410 [INFO] Sending to ptd: 'Identify'
ptd-server 2022-07-27 10:59:24,410 [INFO] Reply from ptd: 'YokogawaWT310E,1000,1,1,1,1,0,1,1,version=1.9.2-e8c7a49a-20201208,OS=Linux 5.13.0-52-generic #59~20.04.1-Ubuntu SMP Thu Jun 16 21:21:28 UTC 2022 x86_64,mode=power,1,1,1,0,0,no_cal_date,YOKOGAWA;WT310E;C3XA04010E;F1.04'
ptd-server 2022-07-27 10:59:24,410 [INFO] Connected to PTDaemon
ptd-server 2022-07-27 10:59:24,411 [INFO] Sending to ptd: 'RR'
ptd-server 2022-07-27 10:59:24,411 [INFO] Reply from ptd: 'Ranges,0,0.500000,1,300.000000'
ptd-server 2022-07-27 10:59:24,411 [INFO] Initial range for Amps is 0.500000 for Volts is Auto
ptd-server 2022-07-27 10:59:24,411 [INFO] Sending to ptd: 'SR,V,Auto'
ptd-server 2022-07-27 10:59:24,914 [INFO] Reply from ptd: 'Range V changed'
ptd-server 2022-07-27 10:59:24,914 [INFO] Sending to ptd: 'SR,A,Auto'
ptd-server 2022-07-27 10:59:25,416 [INFO] Reply from ptd: 'Range A changed'
ptd-server 2022-07-27 10:59:35,427 [INFO] Starting ranging mode
ptd-server 2022-07-27 10:59:35,427 [INFO] Sending to ptd: 'Go,1000,0,2022-07-27_10-59-07_ranging'
ptd-server 2022-07-27 10:59:35,427 [INFO] Reply from ptd: 'Starting untimed measurement, maximum 500000 samples at 1000ms with 0 rampup samples'
ptd-server 2022-07-27 10:59:35,428 [INFO] Sending reply to client 'OK'
ptd-server 2022-07-27 11:09:50,671 [INFO] Got command from the client 'session,2022-07-27_10-59-07,stop,ranging'
ptd-server 2022-07-27 11:10:00,681 [INFO] Sending to ptd: 'Stop'
ptd-server 2022-07-27 11:10:00,682 [INFO] Reply from ptd: 'Stopping untimed measurement'
ptd-server 2022-07-27 11:10:01,631 [INFO] Sending reply to client 'OK'
ptd-server 2022-07-27 11:10:01,757 [INFO] Got command from the client 'time'
ptd-server 2022-07-27 11:10:01,757 [INFO] Sending reply to client '1658916601.757804'
ptd-server 2022-07-27 11:10:01,764 [INFO] Got command from the client 'session,2022-07-27_10-59-07,start,testing'
ptd-server 2022-07-27 11:10:01,764 [INFO] Sending to ptd: 'SR,V,251.450000'
ptd-server 2022-07-27 11:10:03,266 [INFO] Reply from ptd: 'Range V changed'
ptd-server 2022-07-27 11:10:03,266 [INFO] Sending to ptd: 'SR,A,0.042910'
ptd-server 2022-07-27 11:10:04,767 [INFO] Reply from ptd: 'Range A changed'
ptd-server 2022-07-27 11:10:14,778 [INFO] Starting testing mode
ptd-server 2022-07-27 11:10:14,778 [INFO] Sending to ptd: 'Go,1000,0,2022-07-27_10-59-07_testing'
ptd-server 2022-07-27 11:10:14,778 [INFO] Reply from ptd: 'Starting untimed measurement, maximum 500000 samples at 1000ms with 0 rampup samples'
ptd-server 2022-07-27 11:10:14,778 [INFO] Sending reply to client 'OK'
ptd-server 2022-07-27 11:20:30,005 [INFO] Got command from the client 'session,2022-07-27_10-59-07,stop,testing'
ptd-server 2022-07-27 11:20:40,016 [INFO] Sending to ptd: 'Stop'
ptd-server 2022-07-27 11:20:40,016 [INFO] Reply from ptd: 'Stopping untimed measurement'
ptd-server 2022-07-27 11:20:40,516 [INFO] Sending reply to client 'OK'
ptd-server 2022-07-27 11:20:40,540 [INFO] Got command from the client 'session,2022-07-27_10-59-07,done'
ptd-server 2022-07-27 11:20:40,541 [INFO] Sending to ptd: 'Stop'
ptd-server 2022-07-27 11:20:40,779 [INFO] Reply from ptd: 'Error: no measurement to stop'
ptd-server 2022-07-27 11:20:40,779 [INFO] Sending to ptd: 'SR,V,Auto'
ptd-server 2022-07-27 11:20:41,281 [INFO] Reply from ptd: 'Range V changed'
ptd-server 2022-07-27 11:20:41,282 [INFO] Sending to ptd: 'SR,A,0.500000'
ptd-server 2022-07-27 11:20:42,783 [INFO] Reply from ptd: 'Range A changed'
ptd-server 2022-07-27 11:20:42,783 [INFO] Set initial values for Amps 0.500000 and Volts Auto
ptd-server 2022-07-27 11:20:42,783 [INFO] Stopping ptd...
