ptd-server 2022-07-22 19:03:39,507 [INFO] Got command from the client 'time'
ptd-server 2022-07-22 19:03:39,508 [INFO] Sending reply to client '1658513019.5080137'
ptd-server 2022-07-22 19:03:39,509 [INFO] Got command from the client 'new,,696434ad-960f-4bae-b9ba-69ea07963c2f'
ptd-server 2022-07-22 19:03:39,509 [INFO] Sending reply to client 'OK 2022-07-22_19-03-39,23fc020b-2ce9-4765-a838-6afbd7f6f44c'
ptd-server 2022-07-22 19:03:39,550 [INFO] Got command from the client 'time'
ptd-server 2022-07-22 19:03:39,550 [INFO] Sending reply to client '1658513019.5508027'
ptd-server 2022-07-22 19:03:39,552 [INFO] Got command from the client 'session,2022-07-22_19-03-39,start,ranging'
ptd-server 2022-07-22 19:03:39,552 [INFO] Running PTDaemon: ['/home/anton/projects/mlperf/power/inference_v1.0/ptd-linux-x86', '-l', '/tmp/tmp7lgbo8s4/ptd_logfile.txt', '-p', '8888', '49', '/dev/usbtmc0']
ptd-server 2022-07-22 19:03:56,727 [INFO] Sending to ptd: 'Hello'
ptd-server 2022-07-22 19:03:56,727 [INFO] Reply from ptd: 'Hello, PTDaemon here!'
ptd-server 2022-07-22 19:03:56,728 [INFO] Sending to ptd: 'Identify'
ptd-server 2022-07-22 19:03:56,728 [INFO] Reply from ptd: 'YokogawaWT310E,1000,1,1,1,1,0,1,1,version=1.9.2-e8c7a49a-20201208,OS=Linux 5.13.0-52-generic #59~20.04.1-Ubuntu SMP Thu Jun 16 21:21:28 UTC 2022 x86_64,mode=power,1,1,1,0,0,no_cal_date,YOKOGAWA;WT310E;C3XA04010E;F1.04'
ptd-server 2022-07-22 19:03:56,728 [INFO] Connected to PTDaemon
ptd-server 2022-07-22 19:03:56,728 [INFO] Sending to ptd: 'RR'
ptd-server 2022-07-22 19:03:56,729 [INFO] Reply from ptd: 'Ranges,0,0.500000,1,300.000000'
ptd-server 2022-07-22 19:03:56,729 [INFO] Initial range for Amps is 0.500000 for Volts is Auto
ptd-server 2022-07-22 19:03:56,729 [INFO] Sending to ptd: 'SR,V,Auto'
ptd-server 2022-07-22 19:03:57,231 [INFO] Reply from ptd: 'Range V changed'
ptd-server 2022-07-22 19:03:57,231 [INFO] Sending to ptd: 'SR,A,Auto'
ptd-server 2022-07-22 19:03:57,734 [INFO] Reply from ptd: 'Range A changed'
ptd-server 2022-07-22 19:04:07,744 [INFO] Starting ranging mode
ptd-server 2022-07-22 19:04:07,744 [INFO] Sending to ptd: 'Go,1000,0,2022-07-22_19-03-39_ranging'
ptd-server 2022-07-22 19:04:07,745 [INFO] Reply from ptd: 'Starting untimed measurement, maximum 500000 samples at 1000ms with 0 rampup samples'
ptd-server 2022-07-22 19:04:07,745 [INFO] Sending reply to client 'OK'
ptd-server 2022-07-22 19:14:24,200 [INFO] Got command from the client 'session,2022-07-22_19-03-39,stop,ranging'
ptd-server 2022-07-22 19:14:34,211 [INFO] Sending to ptd: 'Stop'
ptd-server 2022-07-22 19:14:34,211 [INFO] Reply from ptd: 'Stopping untimed measurement'
ptd-server 2022-07-22 19:14:34,675 [INFO] Sending reply to client 'OK'
ptd-server 2022-07-22 19:14:34,722 [INFO] Got command from the client 'time'
ptd-server 2022-07-22 19:14:34,723 [INFO] Sending reply to client '1658513674.7229977'
ptd-server 2022-07-22 19:14:34,724 [INFO] Got command from the client 'session,2022-07-22_19-03-39,start,testing'
ptd-server 2022-07-22 19:14:34,724 [INFO] Sending to ptd: 'SR,V,250.300000'
ptd-server 2022-07-22 19:14:36,247 [INFO] Reply from ptd: 'Range V changed'
ptd-server 2022-07-22 19:14:36,247 [INFO] Sending to ptd: 'SR,A,0.056510'
ptd-server 2022-07-22 19:14:37,748 [INFO] Reply from ptd: 'Range A changed'
ptd-server 2022-07-22 19:14:47,759 [INFO] Starting testing mode
ptd-server 2022-07-22 19:14:47,759 [INFO] Sending to ptd: 'Go,1000,0,2022-07-22_19-03-39_testing'
ptd-server 2022-07-22 19:14:47,759 [INFO] Reply from ptd: 'Starting untimed measurement, maximum 500000 samples at 1000ms with 0 rampup samples'
ptd-server 2022-07-22 19:14:47,760 [INFO] Sending reply to client 'OK'
ptd-server 2022-07-22 19:25:04,113 [INFO] Got command from the client 'session,2022-07-22_19-03-39,stop,testing'
ptd-server 2022-07-22 19:25:14,123 [INFO] Sending to ptd: 'Stop'
ptd-server 2022-07-22 19:25:14,123 [INFO] Reply from ptd: 'Stopping untimed measurement'
ptd-server 2022-07-22 19:25:14,365 [INFO] Sending reply to client 'OK'
ptd-server 2022-07-22 19:25:14,373 [INFO] Got command from the client 'session,2022-07-22_19-03-39,done'
ptd-server 2022-07-22 19:25:14,373 [INFO] Sending to ptd: 'Stop'
ptd-server 2022-07-22 19:25:14,759 [INFO] Reply from ptd: 'Error: no measurement to stop'
ptd-server 2022-07-22 19:25:14,759 [INFO] Sending to ptd: 'SR,V,Auto'
ptd-server 2022-07-22 19:25:15,262 [INFO] Reply from ptd: 'Range V changed'
ptd-server 2022-07-22 19:25:15,262 [INFO] Sending to ptd: 'SR,A,0.500000'
ptd-server 2022-07-22 19:25:16,763 [INFO] Reply from ptd: 'Range A changed'
ptd-server 2022-07-22 19:25:16,763 [INFO] Set initial values for Amps 0.500000 and Volts Auto
ptd-server 2022-07-22 19:25:16,764 [INFO] Stopping ptd...
