ptd-server 2022-07-26 08:18:16,449 [INFO] Got command from the client 'time'
ptd-server 2022-07-26 08:18:16,449 [INFO] Sending reply to client '1658819896.449889'
ptd-server 2022-07-26 08:18:16,452 [INFO] Got command from the client 'new,,c7a00502-e8d2-45ad-9c5a-f7fb9a7afa9c'
ptd-server 2022-07-26 08:18:16,452 [INFO] Sending reply to client 'OK 2022-07-26_08-18-16,d88fc5a6-8eea-41f1-8586-63f11f537e7e'
ptd-server 2022-07-26 08:18:16,489 [INFO] Got command from the client 'time'
ptd-server 2022-07-26 08:18:16,489 [INFO] Sending reply to client '1658819896.489891'
ptd-server 2022-07-26 08:18:16,492 [INFO] Got command from the client 'session,2022-07-26_08-18-16,start,ranging'
ptd-server 2022-07-26 08:18:16,492 [INFO] Running PTDaemon: ['/home/anton/projects/mlperf/power/inference_v1.0/ptd-linux-x86', '-l', '/tmp/tmp7lgbo8s4/ptd_logfile.txt', '-p', '8888', '49', '/dev/usbtmc0']
ptd-server 2022-07-26 08:18:33,666 [INFO] Sending to ptd: 'Hello'
ptd-server 2022-07-26 08:18:33,667 [INFO] Reply from ptd: 'Hello, PTDaemon here!'
ptd-server 2022-07-26 08:18:33,667 [INFO] Sending to ptd: 'Identify'
ptd-server 2022-07-26 08:18:33,667 [INFO] Reply from ptd: 'YokogawaWT310E,1000,1,1,1,1,0,1,1,version=1.9.2-e8c7a49a-20201208,OS=Linux 5.13.0-52-generic #59~20.04.1-Ubuntu SMP Thu Jun 16 21:21:28 UTC 2022 x86_64,mode=power,1,1,1,0,0,no_cal_date,YOKOGAWA;WT310E;C3XA04010E;F1.04'
ptd-server 2022-07-26 08:18:33,667 [INFO] Connected to PTDaemon
ptd-server 2022-07-26 08:18:33,667 [INFO] Sending to ptd: 'RR'
ptd-server 2022-07-26 08:18:33,668 [INFO] Reply from ptd: 'Ranges,0,0.500000,1,300.000000'
ptd-server 2022-07-26 08:18:33,668 [INFO] Initial range for Amps is 0.500000 for Volts is Auto
ptd-server 2022-07-26 08:18:33,668 [INFO] Sending to ptd: 'SR,V,Auto'
ptd-server 2022-07-26 08:18:34,171 [INFO] Reply from ptd: 'Range V changed'
ptd-server 2022-07-26 08:18:34,171 [INFO] Sending to ptd: 'SR,A,Auto'
ptd-server 2022-07-26 08:18:34,673 [INFO] Reply from ptd: 'Range A changed'
ptd-server 2022-07-26 08:18:44,683 [INFO] Starting ranging mode
ptd-server 2022-07-26 08:18:44,684 [INFO] Sending to ptd: 'Go,1000,0,2022-07-26_08-18-16_ranging'
ptd-server 2022-07-26 08:18:44,684 [INFO] Reply from ptd: 'Starting untimed measurement, maximum 500000 samples at 1000ms with 0 rampup samples'
ptd-server 2022-07-26 08:18:44,684 [INFO] Sending reply to client 'OK'
ptd-server 2022-07-26 08:29:13,797 [INFO] Got command from the client 'session,2022-07-26_08-18-16,stop,ranging'
ptd-server 2022-07-26 08:29:23,807 [INFO] Sending to ptd: 'Stop'
ptd-server 2022-07-26 08:29:23,808 [INFO] Reply from ptd: 'Stopping untimed measurement'
ptd-server 2022-07-26 08:29:24,656 [INFO] Sending reply to client 'OK'
ptd-server 2022-07-26 08:29:24,715 [INFO] Got command from the client 'time'
ptd-server 2022-07-26 08:29:24,715 [INFO] Sending reply to client '1658820564.7158787'
ptd-server 2022-07-26 08:29:24,718 [INFO] Got command from the client 'session,2022-07-26_08-18-16,start,testing'
ptd-server 2022-07-26 08:29:24,718 [INFO] Sending to ptd: 'SR,V,250.090000'
ptd-server 2022-07-26 08:29:26,219 [INFO] Reply from ptd: 'Range V changed'
ptd-server 2022-07-26 08:29:26,219 [INFO] Sending to ptd: 'SR,A,0.051880'
ptd-server 2022-07-26 08:29:27,721 [INFO] Reply from ptd: 'Range A changed'
ptd-server 2022-07-26 08:29:37,731 [INFO] Starting testing mode
ptd-server 2022-07-26 08:29:37,731 [INFO] Sending to ptd: 'Go,1000,0,2022-07-26_08-18-16_testing'
ptd-server 2022-07-26 08:29:37,732 [INFO] Reply from ptd: 'Starting untimed measurement, maximum 500000 samples at 1000ms with 0 rampup samples'
ptd-server 2022-07-26 08:29:37,732 [INFO] Sending reply to client 'OK'
ptd-server 2022-07-26 08:40:06,267 [INFO] Got command from the client 'session,2022-07-26_08-18-16,stop,testing'
ptd-server 2022-07-26 08:40:16,278 [INFO] Sending to ptd: 'Stop'
ptd-server 2022-07-26 08:40:16,278 [INFO] Reply from ptd: 'Stopping untimed measurement'
ptd-server 2022-07-26 08:40:16,719 [INFO] Sending reply to client 'OK'
ptd-server 2022-07-26 08:40:16,740 [INFO] Got command from the client 'session,2022-07-26_08-18-16,done'
ptd-server 2022-07-26 08:40:16,740 [INFO] Sending to ptd: 'Stop'
ptd-server 2022-07-26 08:40:16,740 [INFO] Reply from ptd: 'Error: no measurement to stop'
ptd-server 2022-07-26 08:40:16,740 [INFO] Sending to ptd: 'SR,V,Auto'
ptd-server 2022-07-26 08:40:17,243 [INFO] Reply from ptd: 'Range V changed'
ptd-server 2022-07-26 08:40:17,243 [INFO] Sending to ptd: 'SR,A,0.500000'
ptd-server 2022-07-26 08:40:18,744 [INFO] Reply from ptd: 'Range A changed'
ptd-server 2022-07-26 08:40:18,745 [INFO] Set initial values for Amps 0.500000 and Volts Auto
ptd-server 2022-07-26 08:40:18,745 [INFO] Stopping ptd...
