ptd-server 2022-07-23 20:40:54,268 [INFO] Got command from the client 'time'
ptd-server 2022-07-23 20:40:54,269 [INFO] Sending reply to client '1658605254.2691188'
ptd-server 2022-07-23 20:40:54,270 [INFO] Got command from the client 'new,,72d29060-7fd7-4698-9a28-1d7256605d9c'
ptd-server 2022-07-23 20:40:54,271 [INFO] Sending reply to client 'OK 2022-07-23_20-40-54,a1e13aba-981d-4407-ab42-4f71d6849f4a'
ptd-server 2022-07-23 20:40:54,303 [INFO] Got command from the client 'time'
ptd-server 2022-07-23 20:40:54,304 [INFO] Sending reply to client '1658605254.304008'
ptd-server 2022-07-23 20:40:54,305 [INFO] Got command from the client 'session,2022-07-23_20-40-54,start,ranging'
ptd-server 2022-07-23 20:40:54,305 [INFO] Running PTDaemon: ['/home/anton/projects/mlperf/power/inference_v1.0/ptd-linux-x86', '-l', '/tmp/tmp7lgbo8s4/ptd_logfile.txt', '-p', '8888', '49', '/dev/usbtmc0']
ptd-server 2022-07-23 20:41:11,479 [INFO] Sending to ptd: 'Hello'
ptd-server 2022-07-23 20:41:11,480 [INFO] Reply from ptd: 'Hello, PTDaemon here!'
ptd-server 2022-07-23 20:41:11,480 [INFO] Sending to ptd: 'Identify'
ptd-server 2022-07-23 20:41:11,480 [INFO] Reply from ptd: 'YokogawaWT310E,1000,1,1,1,1,0,1,1,version=1.9.2-e8c7a49a-20201208,OS=Linux 5.13.0-52-generic #59~20.04.1-Ubuntu SMP Thu Jun 16 21:21:28 UTC 2022 x86_64,mode=power,1,1,1,0,0,no_cal_date,YOKOGAWA;WT310E;C3XA04010E;F1.04'
ptd-server 2022-07-23 20:41:11,481 [INFO] Connected to PTDaemon
ptd-server 2022-07-23 20:41:11,481 [INFO] Sending to ptd: 'RR'
ptd-server 2022-07-23 20:41:11,481 [INFO] Reply from ptd: 'Ranges,0,0.500000,1,300.000000'
ptd-server 2022-07-23 20:41:11,481 [INFO] Initial range for Amps is 0.500000 for Volts is Auto
ptd-server 2022-07-23 20:41:11,481 [INFO] Sending to ptd: 'SR,V,Auto'
ptd-server 2022-07-23 20:41:11,984 [INFO] Reply from ptd: 'Range V changed'
ptd-server 2022-07-23 20:41:11,984 [INFO] Sending to ptd: 'SR,A,Auto'
ptd-server 2022-07-23 20:41:12,486 [INFO] Reply from ptd: 'Range A changed'
ptd-server 2022-07-23 20:41:22,497 [INFO] Starting ranging mode
ptd-server 2022-07-23 20:41:22,497 [INFO] Sending to ptd: 'Go,1000,0,2022-07-23_20-40-54_ranging'
ptd-server 2022-07-23 20:41:22,497 [INFO] Reply from ptd: 'Starting untimed measurement, maximum 500000 samples at 1000ms with 0 rampup samples'
ptd-server 2022-07-23 20:41:22,498 [INFO] Sending reply to client 'OK'
ptd-server 2022-07-23 20:51:38,889 [INFO] Got command from the client 'session,2022-07-23_20-40-54,stop,ranging'
ptd-server 2022-07-23 20:51:48,899 [INFO] Sending to ptd: 'Stop'
ptd-server 2022-07-23 20:51:48,900 [INFO] Reply from ptd: 'Stopping untimed measurement'
ptd-server 2022-07-23 20:51:49,509 [INFO] Sending reply to client 'OK'
ptd-server 2022-07-23 20:51:49,555 [INFO] Got command from the client 'time'
ptd-server 2022-07-23 20:51:49,555 [INFO] Sending reply to client '1658605909.5559328'
ptd-server 2022-07-23 20:51:49,557 [INFO] Got command from the client 'session,2022-07-23_20-40-54,start,testing'
ptd-server 2022-07-23 20:51:49,557 [INFO] Sending to ptd: 'SR,V,250.680000'
ptd-server 2022-07-23 20:51:51,058 [INFO] Reply from ptd: 'Range V changed'
ptd-server 2022-07-23 20:51:51,058 [INFO] Sending to ptd: 'SR,A,0.061990'
ptd-server 2022-07-23 20:51:52,560 [INFO] Reply from ptd: 'Range A changed'
ptd-server 2022-07-23 20:52:02,570 [INFO] Starting testing mode
ptd-server 2022-07-23 20:52:02,570 [INFO] Sending to ptd: 'Go,1000,0,2022-07-23_20-40-54_testing'
ptd-server 2022-07-23 20:52:02,571 [INFO] Reply from ptd: 'Starting untimed measurement, maximum 500000 samples at 1000ms with 0 rampup samples'
ptd-server 2022-07-23 20:52:02,571 [INFO] Sending reply to client 'OK'
ptd-server 2022-07-23 21:02:18,923 [INFO] Got command from the client 'session,2022-07-23_20-40-54,stop,testing'
ptd-server 2022-07-23 21:02:28,928 [INFO] Sending to ptd: 'Stop'
ptd-server 2022-07-23 21:02:28,928 [INFO] Reply from ptd: 'Stopping untimed measurement'
ptd-server 2022-07-23 21:02:29,254 [INFO] Sending reply to client 'OK'
ptd-server 2022-07-23 21:02:29,262 [INFO] Got command from the client 'session,2022-07-23_20-40-54,done'
ptd-server 2022-07-23 21:02:29,262 [INFO] Sending to ptd: 'Stop'
ptd-server 2022-07-23 21:02:29,571 [INFO] Reply from ptd: 'Error: no measurement to stop'
ptd-server 2022-07-23 21:02:29,571 [INFO] Sending to ptd: 'SR,V,Auto'
ptd-server 2022-07-23 21:02:30,074 [INFO] Reply from ptd: 'Range V changed'
ptd-server 2022-07-23 21:02:30,074 [INFO] Sending to ptd: 'SR,A,0.500000'
ptd-server 2022-07-23 21:02:31,575 [INFO] Reply from ptd: 'Range A changed'
ptd-server 2022-07-23 21:02:31,575 [INFO] Set initial values for Amps 0.500000 and Volts Auto
ptd-server 2022-07-23 21:02:31,576 [INFO] Stopping ptd...
