client 2022-08-02 00:11:22,744 [INFO] Sending command to the server: 'mlcommons/power client v3'
client 2022-08-02 00:11:22,746 [INFO] Got response: 'mlcommons/power server v3'
client 2022-08-02 00:11:22,746 [INFO] Synchronizing with the server and with ntp1.css.fujitsu.com...
client 2022-08-02 00:11:22,768 [INFO] NTP:offset = -0.000 s, delay = 0.015 s 
client 2022-08-02 00:11:22,768 [INFO] Sending command to the server: 'time'
client 2022-08-02 00:11:22,771 [INFO] Got response: '1659399082.8301444'
client 2022-08-02 00:11:22,771 [INFO] The time difference between the client and the server is within range -61.396 ms..-58.361 ms
client 2022-08-02 00:11:22,772 [INFO] Sending command to the server: 'new,,e2322a77-716f-41e3-ad8c-3f5f770881d5'
client 2022-08-02 00:11:22,775 [INFO] Got response: 'OK 2022-08-02_09-11-22,319959de-a473-4310-b4f4-4723e6c848d3'
client 2022-08-02 00:11:22,775 [INFO] Session id is '2022-08-02_09-11-22'
client 2022-08-02 00:11:22,775 [INFO] Sources: {"sources": {"__init__.py": "da39a3ee5e6b4b0d3255bfef95601890afd80709", "client.py": "33ca4f26368777ac06e01f9567b714a4b8063886", "lib/__init__.py": "da39a3ee5e6b4b0d3255bfef95601890afd80709", "lib/client.py": "4c2b78fb4849a7e5b584ef792d82aaed20b17f57", "lib/common.py": "624d0c0acc7c39aaff3674f0b99d6a09da53d1dc", "lib/external/__init__.py": "da39a3ee5e6b4b0d3255bfef95601890afd80709", "lib/external/ntplib.py": "4da8f970656505a40483206ef2b5d3dd5e81711d", "lib/server.py": "59c9fb92908260d3e9f81a895c7aa009742275e4", "lib/source_hashes.py": "60a2e02193209e8d392803326208d5466342da18", "lib/summary.py": "aa92f0a3f975eecd44d3c0cd0236342ccc9f941d", "lib/time_sync.py": "3210db56eb0ff0df57bf4293dc4d4b03fffd46f1", "server.py": "c3f90f2f7eeb4db30727556d0c815ebc89b3d28b", "tests/unit/__init__.py": "da39a3ee5e6b4b0d3255bfef95601890afd80709", "tests/unit/test_server.py": "99ae15aef722f2000ee6ed1ae1523637bf1ae42b", "tests/unit/test_source_hashes.py": "00468a2907583c593e6574a1f6b404e4651c221a"}, "modules": {"ptd_client_server.lib.client": "lib/client.py", "ptd_client_server.lib.common": "lib/common.py", "ptd_client_server.lib.external.ntplib": "lib/external/ntplib.py", "ptd_client_server.lib.source_hashes": "lib/source_hashes.py", "ptd_client_server.lib.summary": "lib/summary.py", "ptd_client_server.lib.time_sync": "lib/time_sync.py"}}
client 2022-08-02 00:11:22,775 [INFO] Running workload in ranging mode
client 2022-08-02 00:11:22,776 [INFO] Synchronizing with the server and with ntp1.css.fujitsu.com...
client 2022-08-02 00:11:22,794 [INFO] NTP:offset = -0.000 s, delay = 0.015 s 
client 2022-08-02 00:11:22,794 [INFO] Sending command to the server: 'time'
client 2022-08-02 00:11:22,798 [INFO] Got response: '1659399082.861016'
client 2022-08-02 00:11:22,798 [INFO] The time difference between the client and the server is within range -66.707 ms..-62.561 ms
client 2022-08-02 00:11:22,798 [INFO] Sending command to the server: 'session,2022-08-02_09-11-22,start,ranging'
client 2022-08-02 00:11:53,052 [INFO] Got response: 'OK'
client 2022-08-02 00:11:53,052 [INFO] Running the workload 'LOG_DIR=/work/build/power_logs_temp python3 -m code.main_v2 --benchmarks=3d-unet --scenarios=Offline --test_mode=PerformanceOnly --accuracy_target=0.999 --power_setting=MaxQ --action="run_harness" \\\n\t\t2>&1 | tee -a /work/build/power_logs/2022.08.02-00.10.41/stdout.txt \\\n\t\t&& if [ ! -d /work/build/power_logs/2022.08.02-00.10.41/ranging_tmp ]; \\\n\t\t\tthen mkdir /work/build/power_logs/2022.08.02-00.10.41/ranging_tmp \\\n\t\t\t\t&& mv /work/build/power_logs_temp/* /work/build/power_logs/2022.08.02-00.10.41/ranging_tmp/ \\\n\t\t\t\t&& cp -v /work/build/power_logs/2022.08.02-00.10.41/ranging_tmp/*/*/*/mlperf_log_detail.txt /work/build/power_logs_temp/ \\\n\t\t\t\t&& cp -v /work/build/power_logs/2022.08.02-00.10.41/ranging_tmp/*/*/*/mlperf_log_summary.txt /work/build/power_logs_temp/; \\\n\t\t\telse mkdir /work/build/power_logs/2022.08.02-00.10.41/testing_tmp \\\n\t\t\t\t&& mv /work/build/power_logs_temp/* /work/build/power_logs/2022.08.02-00.10.41/testing_tmp/ \\\n\t\t\t\t&& cp -v /work/build/power_logs/2022.08.02-00.10.41/testing_tmp/*/*/*/mlperf_log_detail.txt /work/build/power_logs_temp/ \\\n\t\t\t\t&& cp -v /work/build/power_logs/2022.08.02-00.10.41/testing_tmp/*/*/*/mlperf_log_summary.txt /work/build/power_logs_temp/; fi'
client 2022-08-02 00:29:28,656 [INFO] Sending command to the server: 'session,2022-08-02_09-11-22,stop,ranging'
client 2022-08-02 00:29:39,037 [INFO] Got response: 'OK'
client 2022-08-02 00:29:39,047 [INFO] Copying loadgen logs from '/work/build/power_logs_temp' to '/work/build/power_logs/2022.08.02-00.10.41/2022-08-02_09-11-22/ranging'
client 2022-08-02 00:29:39,048 [INFO] Running workload in testing mode
client 2022-08-02 00:29:39,048 [INFO] Synchronizing with the server and with ntp1.css.fujitsu.com...
client 2022-08-02 00:29:39,068 [INFO] NTP:offset = -0.000 s, delay = 0.015 s 
client 2022-08-02 00:29:39,068 [INFO] Sending command to the server: 'time'
client 2022-08-02 00:29:39,072 [INFO] Got response: '1659400179.1194382'
client 2022-08-02 00:29:39,072 [INFO] The time difference between the client and the server is within range -51.122 ms..-47.071 ms
client 2022-08-02 00:29:39,072 [INFO] Sending command to the server: 'session,2022-08-02_09-11-22,start,testing'
client 2022-08-02 00:29:52,151 [INFO] Got response: 'OK'
client 2022-08-02 00:29:52,151 [INFO] Running the workload 'LOG_DIR=/work/build/power_logs_temp python3 -m code.main_v2 --benchmarks=3d-unet --scenarios=Offline --test_mode=PerformanceOnly --accuracy_target=0.999 --power_setting=MaxQ --action="run_harness" \\\n\t\t2>&1 | tee -a /work/build/power_logs/2022.08.02-00.10.41/stdout.txt \\\n\t\t&& if [ ! -d /work/build/power_logs/2022.08.02-00.10.41/ranging_tmp ]; \\\n\t\t\tthen mkdir /work/build/power_logs/2022.08.02-00.10.41/ranging_tmp \\\n\t\t\t\t&& mv /work/build/power_logs_temp/* /work/build/power_logs/2022.08.02-00.10.41/ranging_tmp/ \\\n\t\t\t\t&& cp -v /work/build/power_logs/2022.08.02-00.10.41/ranging_tmp/*/*/*/mlperf_log_detail.txt /work/build/power_logs_temp/ \\\n\t\t\t\t&& cp -v /work/build/power_logs/2022.08.02-00.10.41/ranging_tmp/*/*/*/mlperf_log_summary.txt /work/build/power_logs_temp/; \\\n\t\t\telse mkdir /work/build/power_logs/2022.08.02-00.10.41/testing_tmp \\\n\t\t\t\t&& mv /work/build/power_logs_temp/* /work/build/power_logs/2022.08.02-00.10.41/testing_tmp/ \\\n\t\t\t\t&& cp -v /work/build/power_logs/2022.08.02-00.10.41/testing_tmp/*/*/*/mlperf_log_detail.txt /work/build/power_logs_temp/ \\\n\t\t\t\t&& cp -v /work/build/power_logs/2022.08.02-00.10.41/testing_tmp/*/*/*/mlperf_log_summary.txt /work/build/power_logs_temp/; fi'
client 2022-08-02 00:47:27,886 [INFO] Sending command to the server: 'session,2022-08-02_09-11-22,stop,testing'
client 2022-08-02 00:47:37,987 [INFO] Got response: 'OK'
client 2022-08-02 00:47:37,989 [INFO] Copying loadgen logs from '/work/build/power_logs_temp' to '/work/build/power_logs/2022.08.02-00.10.41/2022-08-02_09-11-22/run_1'
client 2022-08-02 00:47:37,990 [INFO] Done runs
