ptd-server 2022-08-02 09:11:22,830 [INFO] Got command from the client 'time'
ptd-server 2022-08-02 09:11:22,830 [INFO] Sending reply to client '1659399082.8301444'
ptd-server 2022-08-02 09:11:22,830 [INFO] Got command from the client 'new,,e2322a77-716f-41e3-ad8c-3f5f770881d5'
ptd-server 2022-08-02 09:11:22,830 [INFO] Sending reply to client 'OK 2022-08-02_09-11-22,319959de-a473-4310-b4f4-4723e6c848d3'
ptd-server 2022-08-02 09:11:22,845 [INFO] Got command from the client 'time'
ptd-server 2022-08-02 09:11:22,861 [INFO] Sending reply to client '1659399082.861016'
ptd-server 2022-08-02 09:11:22,861 [INFO] Got command from the client 'session,2022-08-02_09-11-22,start,ranging'
ptd-server 2022-08-02 09:11:22,970 [INFO] Running PTDaemon: ['C:\\mlperf\\power\\inference_v1.0\\ptd-windows-x86.exe', '-l', 'C:\\Users\\mlperf\\AppData\\Local\\Temp\\tmpwbdjfnoe\\ptd_logfile.txt', '-p', '8888', '-y', '49', 'C3YB05015E']
ptd-server 2022-08-02 09:11:42,032 [INFO] Sending to ptd: 'Hello'
ptd-server 2022-08-02 09:11:42,032 [INFO] Reply from ptd: 'Hello, PTDaemon here!'
ptd-server 2022-08-02 09:11:42,032 [INFO] Sending to ptd: 'Identify'
ptd-server 2022-08-02 09:11:42,032 [INFO] Reply from ptd: 'YokogawaWT310E,1000,1,1,1,1,0,1,1,version=1.9.2-3976349f-20201208,OS=Windows 8 / Server 2012,mode=power,1,1,1,0,0,no_cal_date,YOKOGAWA;WT310E;C3YB05015E;F1.04'
ptd-server 2022-08-02 09:11:42,048 [INFO] Connected to PTDaemon
ptd-server 2022-08-02 09:11:42,048 [INFO] Sending to ptd: 'RR'
ptd-server 2022-08-02 09:11:42,048 [INFO] Reply from ptd: 'Ranges,1,20.000000,1,300.000000'
ptd-server 2022-08-02 09:11:42,048 [INFO] Initial range for Amps is Auto for Volts is Auto
ptd-server 2022-08-02 09:11:42,048 [INFO] Sending to ptd: 'SR,V,Auto'
ptd-server 2022-08-02 09:11:42,581 [INFO] Reply from ptd: 'Range V changed'
ptd-server 2022-08-02 09:11:42,581 [INFO] Sending to ptd: 'SR,A,Auto'
ptd-server 2022-08-02 09:11:43,095 [INFO] Reply from ptd: 'Range A changed'
ptd-server 2022-08-02 09:11:53,110 [INFO] Starting ranging mode
ptd-server 2022-08-02 09:11:53,110 [INFO] Sending to ptd: 'Go,1000,0,2022-08-02_09-11-22_ranging'
ptd-server 2022-08-02 09:11:53,111 [INFO] Reply from ptd: 'Starting untimed measurement, maximum 500000 samples at 1000ms with 0 rampup samples'
ptd-server 2022-08-02 09:11:53,111 [INFO] Sending reply to client 'OK'
ptd-server 2022-08-02 09:29:28,713 [INFO] Got command from the client 'session,2022-08-02_09-11-22,stop,ranging'
ptd-server 2022-08-02 09:29:38,713 [INFO] Sending to ptd: 'Stop'
ptd-server 2022-08-02 09:29:38,713 [INFO] Reply from ptd: 'Stopping untimed measurement'
ptd-server 2022-08-02 09:29:39,088 [INFO] Sending reply to client 'OK'
ptd-server 2022-08-02 09:29:39,119 [INFO] Got command from the client 'time'
ptd-server 2022-08-02 09:29:39,119 [INFO] Sending reply to client '1659400179.1194382'
ptd-server 2022-08-02 09:29:39,135 [INFO] Got command from the client 'session,2022-08-02_09-11-22,start,testing'
ptd-server 2022-08-02 09:29:39,135 [INFO] Sending to ptd: 'SR,V,206.560000'
ptd-server 2022-08-02 09:29:40,667 [INFO] Reply from ptd: 'Range V changed'
ptd-server 2022-08-02 09:29:40,667 [INFO] Sending to ptd: 'SR,A,16.900000'
ptd-server 2022-08-02 09:29:42,199 [INFO] Reply from ptd: 'Range A changed'
ptd-server 2022-08-02 09:29:52,212 [INFO] Starting testing mode
ptd-server 2022-08-02 09:29:52,212 [INFO] Sending to ptd: 'Go,1000,0,2022-08-02_09-11-22_testing'
ptd-server 2022-08-02 09:29:52,212 [INFO] Reply from ptd: 'Starting untimed measurement, maximum 500000 samples at 1000ms with 0 rampup samples'
ptd-server 2022-08-02 09:29:52,212 [INFO] Sending reply to client 'OK'
ptd-server 2022-08-02 09:47:27,941 [INFO] Got command from the client 'session,2022-08-02_09-11-22,stop,testing'
ptd-server 2022-08-02 09:47:37,956 [INFO] Sending to ptd: 'Stop'
ptd-server 2022-08-02 09:47:37,956 [INFO] Reply from ptd: 'Stopping untimed measurement'
ptd-server 2022-08-02 09:47:38,050 [INFO] Sending reply to client 'OK'
ptd-server 2022-08-02 09:47:38,050 [INFO] Got command from the client 'session,2022-08-02_09-11-22,done'
ptd-server 2022-08-02 09:47:38,050 [INFO] Sending to ptd: 'Stop'
ptd-server 2022-08-02 09:47:38,237 [INFO] Reply from ptd: 'Error: no measurement to stop'
ptd-server 2022-08-02 09:47:38,237 [INFO] Sending to ptd: 'SR,V,Auto'
ptd-server 2022-08-02 09:47:38,754 [INFO] Reply from ptd: 'Range V changed'
ptd-server 2022-08-02 09:47:38,754 [INFO] Sending to ptd: 'SR,A,Auto'
ptd-server 2022-08-02 09:47:39,269 [INFO] Reply from ptd: 'Range A changed'
ptd-server 2022-08-02 09:47:39,269 [INFO] Set initial values for Amps Auto and Volts Auto
ptd-server 2022-08-02 09:47:39,269 [INFO] Stopping ptd...
