ptd-server 2022-08-01 20:24:21,467 [INFO] Got command from the client 'stop'
ptd-server 2022-08-01 20:24:21,467 [INFO] The server will be stopped after processing this client
ptd-server 2022-08-01 20:24:21,467 [INFO] Sending reply to client 'OK'
ptd-server 2022-08-01 20:24:21,685 [INFO] Got command from the client 'time'
ptd-server 2022-08-01 20:24:21,685 [INFO] Sending reply to client '1659410661.6859164'
ptd-server 2022-08-01 20:24:21,685 [INFO] Got command from the client 'new,,3bfca937-6b34-49e7-8401-2c6dd78f4ffe'
ptd-server 2022-08-01 20:24:21,685 [INFO] Sending reply to client 'OK 2022-08-01_20-24-21,377d6add-c1d1-4411-9c56-760d80ca76c2'
ptd-server 2022-08-01 20:24:21,920 [INFO] Got command from the client 'time'
ptd-server 2022-08-01 20:24:21,920 [INFO] Sending reply to client '1659410661.920235'
ptd-server 2022-08-01 20:24:21,920 [INFO] Got command from the client 'session,2022-08-01_20-24-21,start,ranging'
ptd-server 2022-08-01 20:24:22,029 [INFO] Running PTDaemon: ['C:\\PTD\\ptd-windows-x86.exe', '-l', 'C:\\Users\\lab\\AppData\\Local\\Temp\\tmp5z59b_mi\\ptd_logfile.txt', '-p', '8888', '-c', '1', '-y', '52', '10.116.21.204']
ptd-server 2022-08-01 20:24:40,618 [INFO] Sending to ptd: 'Hello'
ptd-server 2022-08-01 20:24:40,618 [INFO] Reply from ptd: 'Hello, PTDaemon here!'
ptd-server 2022-08-01 20:24:40,618 [INFO] Sending to ptd: 'Identify'
ptd-server 2022-08-01 20:24:40,618 [INFO] Reply from ptd: 'YokogawaWT330E,1000,1,1,1,1,0,0,1,version=1.9.2-3976349f-20201208,OS=Windows 8 / Server 2012,mode=power,1,1,1,0,0,no_cal_date,YOKOGAWA;WT333E;C2VL22012V;F1.04'
ptd-server 2022-08-01 20:24:40,618 [INFO] Connected to PTDaemon
ptd-server 2022-08-01 20:24:40,618 [INFO] Sending to ptd: 'RR'
ptd-server 2022-08-01 20:24:40,618 [INFO] Reply from ptd: 'Ranges,0,1.000000,0,150.000000'
ptd-server 2022-08-01 20:24:40,618 [INFO] Initial range for Amps is 1.000000 for Volts is 150.000000
ptd-server 2022-08-01 20:24:40,618 [INFO] Sending to ptd: 'SR,V,Auto'
ptd-server 2022-08-01 20:24:41,134 [INFO] Reply from ptd: 'Range V changed'
ptd-server 2022-08-01 20:24:41,134 [INFO] Sending to ptd: 'SR,A,Auto'
ptd-server 2022-08-01 20:24:41,649 [INFO] Reply from ptd: 'Range A changed'
ptd-server 2022-08-01 20:24:51,663 [INFO] Starting ranging mode
ptd-server 2022-08-01 20:24:51,663 [INFO] Sending to ptd: 'Go,1000,0,2022-08-01_20-24-21_ranging'
ptd-server 2022-08-01 20:24:51,663 [INFO] Reply from ptd: 'Starting untimed measurement, maximum 500000 samples at 1000ms with 0 rampup samples'
ptd-server 2022-08-01 20:24:51,663 [INFO] Sending reply to client 'OK'
ptd-server 2022-08-01 21:55:00,335 [INFO] Got command from the client 'session,2022-08-01_20-24-21,stop,ranging'
ptd-server 2022-08-01 21:55:10,348 [INFO] Sending to ptd: 'Stop'
ptd-server 2022-08-01 21:55:10,348 [INFO] Reply from ptd: 'Stopping untimed measurement'
ptd-server 2022-08-01 21:55:10,442 [INFO] Sending reply to client 'OK'
ptd-server 2022-08-01 21:55:10,707 [INFO] Got command from the client 'time'
ptd-server 2022-08-01 21:55:10,707 [INFO] Sending reply to client '1659416110.7079978'
ptd-server 2022-08-01 21:55:10,707 [INFO] Got command from the client 'session,2022-08-01_20-24-21,start,testing'
ptd-server 2022-08-01 21:55:10,707 [INFO] Sending to ptd: 'SR,V,206.830000'
ptd-server 2022-08-01 21:55:12,238 [INFO] Reply from ptd: 'Range V changed'
ptd-server 2022-08-01 21:55:12,238 [INFO] Sending to ptd: 'SR,A,0.458700'
ptd-server 2022-08-01 21:55:13,769 [INFO] Reply from ptd: 'Range A changed'
ptd-server 2022-08-01 21:55:23,782 [INFO] Starting testing mode
ptd-server 2022-08-01 21:55:23,798 [INFO] Sending to ptd: 'Go,1000,0,2022-08-01_20-24-21_testing'
ptd-server 2022-08-01 21:55:23,798 [INFO] Reply from ptd: 'Starting untimed measurement, maximum 500000 samples at 1000ms with 0 rampup samples'
ptd-server 2022-08-01 21:55:23,798 [INFO] Sending reply to client 'OK'
ptd-server 2022-08-01 23:25:43,011 [INFO] Got command from the client 'session,2022-08-01_20-24-21,stop,testing'
ptd-server 2022-08-01 23:25:53,025 [INFO] Sending to ptd: 'Stop'
ptd-server 2022-08-01 23:25:53,025 [INFO] Reply from ptd: 'Stopping untimed measurement'
ptd-server 2022-08-01 23:25:53,165 [INFO] Sending reply to client 'OK'
ptd-server 2022-08-01 23:25:53,274 [INFO] Got command from the client 'session,2022-08-01_20-24-21,done'
ptd-server 2022-08-01 23:25:53,274 [INFO] Sending to ptd: 'Stop'
ptd-server 2022-08-01 23:25:53,806 [INFO] Reply from ptd: 'Error: no measurement to stop'
ptd-server 2022-08-01 23:25:53,806 [INFO] Sending to ptd: 'SR,V,150.000000'
ptd-server 2022-08-01 23:25:55,337 [INFO] Reply from ptd: 'Range V changed'
ptd-server 2022-08-01 23:25:55,337 [INFO] Sending to ptd: 'SR,A,1.000000'
ptd-server 2022-08-01 23:25:56,867 [INFO] Reply from ptd: 'Range A changed'
ptd-server 2022-08-01 23:25:56,867 [INFO] Set initial values for Amps 1.000000 and Volts 150.000000
ptd-server 2022-08-01 23:25:56,867 [INFO] Stopping ptd...
