ptd-server 2022-08-01 01:44:56,916 [INFO] Got command from the client 'time'
ptd-server 2022-08-01 01:44:56,916 [INFO] Sending reply to client '1659314696.9167542'
ptd-server 2022-08-01 01:44:56,917 [INFO] Got command from the client 'new,,a6af8b32-c426-43c1-95e4-71b6cdf987d1'
ptd-server 2022-08-01 01:44:56,917 [INFO] Sending reply to client 'OK 2022-08-01_01-44-56,98b2312b-30ca-49d8-bf90-12cf5b2b82c7'
ptd-server 2022-08-01 01:44:56,944 [INFO] Got command from the client 'time'
ptd-server 2022-08-01 01:44:56,944 [INFO] Sending reply to client '1659314696.9447207'
ptd-server 2022-08-01 01:44:56,945 [INFO] Got command from the client 'session,2022-08-01_01-44-56,start,ranging'
ptd-server 2022-08-01 01:44:56,945 [INFO] Running PTDaemon: ['/home/anton/projects/mlperf/power/inference_v1.0/ptd-linux-x86', '-l', '/tmp/tmp7lgbo8s4/ptd_logfile.txt', '-p', '8888', '49', '/dev/usbtmc0']
ptd-server 2022-08-01 01:45:14,119 [INFO] Sending to ptd: 'Hello'
ptd-server 2022-08-01 01:45:14,120 [INFO] Reply from ptd: 'Hello, PTDaemon here!'
ptd-server 2022-08-01 01:45:14,120 [INFO] Sending to ptd: 'Identify'
ptd-server 2022-08-01 01:45:14,120 [INFO] Reply from ptd: 'YokogawaWT310E,1000,1,1,1,1,0,1,1,version=1.9.2-e8c7a49a-20201208,OS=Linux 5.13.0-52-generic #59~20.04.1-Ubuntu SMP Thu Jun 16 21:21:28 UTC 2022 x86_64,mode=power,1,1,1,0,0,no_cal_date,YOKOGAWA;WT310E;C3XA04010E;F1.04'
ptd-server 2022-08-01 01:45:14,120 [INFO] Connected to PTDaemon
ptd-server 2022-08-01 01:45:14,121 [INFO] Sending to ptd: 'RR'
ptd-server 2022-08-01 01:45:14,121 [INFO] Reply from ptd: 'Ranges,0,0.500000,1,300.000000'
ptd-server 2022-08-01 01:45:14,121 [INFO] Initial range for Amps is 0.500000 for Volts is Auto
ptd-server 2022-08-01 01:45:14,121 [INFO] Sending to ptd: 'SR,V,Auto'
ptd-server 2022-08-01 01:45:14,624 [INFO] Reply from ptd: 'Range V changed'
ptd-server 2022-08-01 01:45:14,624 [INFO] Sending to ptd: 'SR,A,Auto'
ptd-server 2022-08-01 01:45:15,126 [INFO] Reply from ptd: 'Range A changed'
ptd-server 2022-08-01 01:45:25,133 [INFO] Starting ranging mode
ptd-server 2022-08-01 01:45:25,133 [INFO] Sending to ptd: 'Go,1000,0,2022-08-01_01-44-56_ranging'
ptd-server 2022-08-01 01:45:25,133 [INFO] Reply from ptd: 'Starting untimed measurement, maximum 500000 samples at 1000ms with 0 rampup samples'
ptd-server 2022-08-01 01:45:25,134 [INFO] Sending reply to client 'OK'
ptd-server 2022-08-01 01:55:43,190 [INFO] Got command from the client 'session,2022-08-01_01-44-56,stop,ranging'
ptd-server 2022-08-01 01:55:53,201 [INFO] Sending to ptd: 'Stop'
ptd-server 2022-08-01 01:55:53,201 [INFO] Reply from ptd: 'Stopping untimed measurement'
ptd-server 2022-08-01 01:55:54,546 [INFO] Sending reply to client 'OK'
ptd-server 2022-08-01 01:55:54,596 [INFO] Got command from the client 'time'
ptd-server 2022-08-01 01:55:54,596 [INFO] Sending reply to client '1659315354.5964723'
ptd-server 2022-08-01 01:55:54,597 [INFO] Got command from the client 'session,2022-08-01_01-44-56,start,testing'
ptd-server 2022-08-01 01:55:54,597 [INFO] Sending to ptd: 'SR,V,249.730000'
ptd-server 2022-08-01 01:55:56,098 [INFO] Reply from ptd: 'Range V changed'
ptd-server 2022-08-01 01:55:56,099 [INFO] Sending to ptd: 'SR,A,0.246750'
ptd-server 2022-08-01 01:55:57,600 [INFO] Reply from ptd: 'Range A changed'
ptd-server 2022-08-01 01:56:07,610 [INFO] Starting testing mode
ptd-server 2022-08-01 01:56:07,610 [INFO] Sending to ptd: 'Go,1000,0,2022-08-01_01-44-56_testing'
ptd-server 2022-08-01 01:56:07,611 [INFO] Reply from ptd: 'Starting untimed measurement, maximum 500000 samples at 1000ms with 0 rampup samples'
ptd-server 2022-08-01 01:56:07,611 [INFO] Sending reply to client 'OK'
ptd-server 2022-08-01 02:06:22,155 [INFO] Got command from the client 'session,2022-08-01_01-44-56,stop,testing'
ptd-server 2022-08-01 02:06:32,165 [INFO] Sending to ptd: 'Stop'
ptd-server 2022-08-01 02:06:32,166 [INFO] Reply from ptd: 'Stopping untimed measurement'
ptd-server 2022-08-01 02:06:32,843 [INFO] Sending reply to client 'OK'
ptd-server 2022-08-01 02:06:32,851 [INFO] Got command from the client 'session,2022-08-01_01-44-56,done'
ptd-server 2022-08-01 02:06:32,851 [INFO] Sending to ptd: 'Stop'
ptd-server 2022-08-01 02:06:32,852 [INFO] Reply from ptd: 'Error: no measurement to stop'
ptd-server 2022-08-01 02:06:32,852 [INFO] Sending to ptd: 'SR,V,Auto'
ptd-server 2022-08-01 02:06:33,354 [INFO] Reply from ptd: 'Range V changed'
ptd-server 2022-08-01 02:06:33,354 [INFO] Sending to ptd: 'SR,A,0.500000'
ptd-server 2022-08-01 02:06:34,856 [INFO] Reply from ptd: 'Range A changed'
ptd-server 2022-08-01 02:06:34,856 [INFO] Set initial values for Amps 0.500000 and Volts Auto
ptd-server 2022-08-01 02:06:34,856 [INFO] Stopping ptd...
