ptd-server 2022-08-03 06:54:22,967 [INFO] Got command from the client 'stop'
ptd-server 2022-08-03 06:54:22,968 [INFO] The server will be stopped after processing this client
ptd-server 2022-08-03 06:54:22,969 [INFO] Sending reply to client 'OK'
ptd-server 2022-08-03 06:54:22,973 [INFO] Got command from the client 'time'
ptd-server 2022-08-03 06:54:22,974 [INFO] Sending reply to client '1659509662.9747193'
ptd-server 2022-08-03 06:54:22,976 [INFO] Got command from the client 'new,,9d81e83c-5262-4c49-ab12-66386a7fcef6'
ptd-server 2022-08-03 06:54:22,979 [INFO] Sending reply to client 'OK 2022-08-03_06-54-22,4b974a78-0df7-4b54-8e9f-b0b720a4a43f'
ptd-server 2022-08-03 06:54:22,983 [INFO] Got command from the client 'time'
ptd-server 2022-08-03 06:54:22,984 [INFO] Sending reply to client '1659509662.9841022'
ptd-server 2022-08-03 06:54:22,985 [INFO] Got command from the client 'session,2022-08-03_06-54-22,start,ranging'
ptd-server 2022-08-03 06:54:23,087 [INFO] Running PTDaemon: ['C:\\power-dev\\ptd_client_server\\ptd-windows-x86.exe', '-l', 'C:\\Users\\root\\AppData\\Local\\Temp\\tmpxa7nyyfv\\ptd_logfile.txt', '-p', '8888', '-c', '2', '-y', '48', '100.83.149.90']
ptd-server 2022-08-03 06:54:41,922 [INFO] Sending to ptd: 'Hello'
ptd-server 2022-08-03 06:54:41,924 [INFO] Reply from ptd: 'Hello, PTDaemon here!'
ptd-server 2022-08-03 06:54:41,925 [INFO] Sending to ptd: 'Identify'
ptd-server 2022-08-03 06:54:41,928 [INFO] Reply from ptd: 'YokogawaWT500_multichannel,1000,1,1,1,1,0,0,1,version=1.9.2-3976349f-20201208,OS=Windows 8 / Server 2012,mode=power,1,1,3,0,0,no_cal_date,YOKOGAWA;760203;U1J802935;F1.21'
ptd-server 2022-08-03 06:54:41,930 [INFO] Connected to PTDaemon
ptd-server 2022-08-03 06:54:41,932 [INFO] Sending to ptd: 'RR'
ptd-server 2022-08-03 06:54:41,933 [INFO] Reply from ptd: 'Ranges,-1,-1.000000,-1,-1.000000'
ptd-server 2022-08-03 06:54:41,935 [INFO] Initial range for Amps is Auto for Volts is Auto
ptd-server 2022-08-03 06:54:41,937 [INFO] Sending to ptd: 'SR,V,Auto'
ptd-server 2022-08-03 06:54:42,157 [INFO] Reply from ptd: 'Range V changed'
ptd-server 2022-08-03 06:54:42,160 [INFO] Sending to ptd: 'SR,A,Auto'
ptd-server 2022-08-03 06:54:42,311 [INFO] Reply from ptd: 'Range A changed'
ptd-server 2022-08-03 06:54:52,328 [INFO] Starting ranging mode
ptd-server 2022-08-03 06:54:52,330 [INFO] Sending to ptd: 'Go,1000,0,2022-08-03_06-54-22_ranging'
ptd-server 2022-08-03 06:54:52,334 [INFO] Reply from ptd: 'Starting untimed measurement, maximum 500000 samples at 1000ms with 0 rampup samples'
ptd-server 2022-08-03 06:54:52,336 [INFO] Sending reply to client 'OK'
ptd-server 2022-08-03 07:15:22,417 [INFO] Got command from the client 'session,2022-08-03_06-54-22,stop,ranging'
ptd-server 2022-08-03 07:15:32,427 [INFO] Sending to ptd: 'Stop'
ptd-server 2022-08-03 07:15:32,429 [INFO] Reply from ptd: 'Stopping untimed measurement'
ptd-server 2022-08-03 07:15:32,505 [INFO] Sending reply to client 'OK'
ptd-server 2022-08-03 07:15:32,512 [INFO] Got command from the client 'time'
ptd-server 2022-08-03 07:15:32,513 [INFO] Sending reply to client '1659510932.5131955'
ptd-server 2022-08-03 07:15:32,514 [INFO] Got command from the client 'session,2022-08-03_06-54-22,start,testing'
ptd-server 2022-08-03 07:15:32,515 [INFO] Sending to ptd: 'SR,V,130.550000'
ptd-server 2022-08-03 07:15:34,564 [INFO] Reply from ptd: 'Range V changed'
ptd-server 2022-08-03 07:15:34,565 [INFO] Sending to ptd: 'SR,A,7.435000'
ptd-server 2022-08-03 07:15:35,281 [INFO] Reply from ptd: 'Range A changed'
ptd-server 2022-08-03 07:15:45,294 [INFO] Starting testing mode
ptd-server 2022-08-03 07:15:45,296 [INFO] Sending to ptd: 'Go,1000,0,2022-08-03_06-54-22_testing'
ptd-server 2022-08-03 07:15:45,298 [INFO] Reply from ptd: 'Starting untimed measurement, maximum 500000 samples at 1000ms with 0 rampup samples'
ptd-server 2022-08-03 07:15:45,301 [INFO] Sending reply to client 'OK'
ptd-server 2022-08-03 07:36:11,941 [INFO] Got command from the client 'session,2022-08-03_06-54-22,stop,testing'
ptd-server 2022-08-03 07:36:21,955 [INFO] Sending to ptd: 'Stop'
ptd-server 2022-08-03 07:36:21,958 [INFO] Reply from ptd: 'Stopping untimed measurement'
ptd-server 2022-08-03 07:36:21,974 [INFO] Sending reply to client 'OK'
ptd-server 2022-08-03 07:36:21,979 [INFO] Got command from the client 'session,2022-08-03_06-54-22,done'
ptd-server 2022-08-03 07:36:21,980 [INFO] Sending to ptd: 'Stop'
ptd-server 2022-08-03 07:36:22,316 [INFO] Reply from ptd: 'Error: no measurement to stop'
ptd-server 2022-08-03 07:36:22,318 [INFO] Sending to ptd: 'SR,V,Auto'
ptd-server 2022-08-03 07:36:22,534 [INFO] Reply from ptd: 'Range V changed'
ptd-server 2022-08-03 07:36:22,536 [INFO] Sending to ptd: 'SR,A,Auto'
ptd-server 2022-08-03 07:36:22,689 [INFO] Reply from ptd: 'Range A changed'
ptd-server 2022-08-03 07:36:22,691 [INFO] Set initial values for Amps Auto and Volts Auto
ptd-server 2022-08-03 07:36:22,693 [INFO] Stopping ptd...
