ptd-server 2022-08-01 07:33:14,402 [INFO] Got command from the client 'time'
ptd-server 2022-08-01 07:33:14,402 [INFO] Sending reply to client '1659335594.4027514'
ptd-server 2022-08-01 07:33:14,403 [INFO] Got command from the client 'new,,2f39261a-ad8d-48f9-b102-11c7fbe71686'
ptd-server 2022-08-01 07:33:14,404 [INFO] Sending reply to client 'OK 2022-08-01_07-33-14,6f69802e-de5c-477a-aee2-99ef26f41f11'
ptd-server 2022-08-01 07:33:14,439 [INFO] Got command from the client 'time'
ptd-server 2022-08-01 07:33:14,440 [INFO] Sending reply to client '1659335594.4400291'
ptd-server 2022-08-01 07:33:14,440 [INFO] Got command from the client 'session,2022-08-01_07-33-14,start,ranging'
ptd-server 2022-08-01 07:33:14,441 [INFO] Running PTDaemon: ['/home/anton/projects/mlperf/power/inference_v1.0/ptd-linux-x86', '-l', '/tmp/tmp7lgbo8s4/ptd_logfile.txt', '-p', '8888', '49', '/dev/usbtmc0']
ptd-server 2022-08-01 07:33:31,614 [INFO] Sending to ptd: 'Hello'
ptd-server 2022-08-01 07:33:31,614 [INFO] Reply from ptd: 'Hello, PTDaemon here!'
ptd-server 2022-08-01 07:33:31,614 [INFO] Sending to ptd: 'Identify'
ptd-server 2022-08-01 07:33:31,615 [INFO] Reply from ptd: 'YokogawaWT310E,1000,1,1,1,1,0,1,1,version=1.9.2-e8c7a49a-20201208,OS=Linux 5.13.0-52-generic #59~20.04.1-Ubuntu SMP Thu Jun 16 21:21:28 UTC 2022 x86_64,mode=power,1,1,1,0,0,no_cal_date,YOKOGAWA;WT310E;C3XA04010E;F1.04'
ptd-server 2022-08-01 07:33:31,615 [INFO] Connected to PTDaemon
ptd-server 2022-08-01 07:33:31,615 [INFO] Sending to ptd: 'RR'
ptd-server 2022-08-01 07:33:31,615 [INFO] Reply from ptd: 'Ranges,0,0.500000,1,300.000000'
ptd-server 2022-08-01 07:33:31,616 [INFO] Initial range for Amps is 0.500000 for Volts is Auto
ptd-server 2022-08-01 07:33:31,616 [INFO] Sending to ptd: 'SR,V,Auto'
ptd-server 2022-08-01 07:33:32,118 [INFO] Reply from ptd: 'Range V changed'
ptd-server 2022-08-01 07:33:32,118 [INFO] Sending to ptd: 'SR,A,Auto'
ptd-server 2022-08-01 07:33:32,621 [INFO] Reply from ptd: 'Range A changed'
ptd-server 2022-08-01 07:33:42,629 [INFO] Starting ranging mode
ptd-server 2022-08-01 07:33:42,630 [INFO] Sending to ptd: 'Go,1000,0,2022-08-01_07-33-14_ranging'
ptd-server 2022-08-01 07:33:42,630 [INFO] Reply from ptd: 'Starting untimed measurement, maximum 500000 samples at 1000ms with 0 rampup samples'
ptd-server 2022-08-01 07:33:42,630 [INFO] Sending reply to client 'OK'
ptd-server 2022-08-01 07:43:59,966 [INFO] Got command from the client 'session,2022-08-01_07-33-14,stop,ranging'
ptd-server 2022-08-01 07:44:09,976 [INFO] Sending to ptd: 'Stop'
ptd-server 2022-08-01 07:44:09,977 [INFO] Reply from ptd: 'Stopping untimed measurement'
ptd-server 2022-08-01 07:44:11,337 [INFO] Sending reply to client 'OK'
ptd-server 2022-08-01 07:44:11,379 [INFO] Got command from the client 'time'
ptd-server 2022-08-01 07:44:11,379 [INFO] Sending reply to client '1659336251.3793588'
ptd-server 2022-08-01 07:44:11,380 [INFO] Got command from the client 'session,2022-08-01_07-33-14,start,testing'
ptd-server 2022-08-01 07:44:11,380 [INFO] Sending to ptd: 'SR,V,251.650000'
ptd-server 2022-08-01 07:44:12,882 [INFO] Reply from ptd: 'Range V changed'
ptd-server 2022-08-01 07:44:12,882 [INFO] Sending to ptd: 'SR,A,0.244100'
ptd-server 2022-08-01 07:44:14,383 [INFO] Reply from ptd: 'Range A changed'
ptd-server 2022-08-01 07:44:24,391 [INFO] Starting testing mode
ptd-server 2022-08-01 07:44:24,391 [INFO] Sending to ptd: 'Go,1000,0,2022-08-01_07-33-14_testing'
ptd-server 2022-08-01 07:44:24,392 [INFO] Reply from ptd: 'Starting untimed measurement, maximum 500000 samples at 1000ms with 0 rampup samples'
ptd-server 2022-08-01 07:44:24,392 [INFO] Sending reply to client 'OK'
ptd-server 2022-08-01 07:54:38,897 [INFO] Got command from the client 'session,2022-08-01_07-33-14,stop,testing'
ptd-server 2022-08-01 07:54:48,904 [INFO] Sending to ptd: 'Stop'
ptd-server 2022-08-01 07:54:48,904 [INFO] Reply from ptd: 'Stopping untimed measurement'
ptd-server 2022-08-01 07:54:49,619 [INFO] Sending reply to client 'OK'
ptd-server 2022-08-01 07:54:49,634 [INFO] Got command from the client 'session,2022-08-01_07-33-14,done'
ptd-server 2022-08-01 07:54:49,634 [INFO] Sending to ptd: 'Stop'
ptd-server 2022-08-01 07:54:49,634 [INFO] Reply from ptd: 'Error: no measurement to stop'
ptd-server 2022-08-01 07:54:49,634 [INFO] Sending to ptd: 'SR,V,Auto'
ptd-server 2022-08-01 07:54:50,137 [INFO] Reply from ptd: 'Range V changed'
ptd-server 2022-08-01 07:54:50,137 [INFO] Sending to ptd: 'SR,A,0.500000'
ptd-server 2022-08-01 07:54:51,638 [INFO] Reply from ptd: 'Range A changed'
ptd-server 2022-08-01 07:54:51,639 [INFO] Set initial values for Amps 0.500000 and Volts Auto
ptd-server 2022-08-01 07:54:51,639 [INFO] Stopping ptd...
