ptd-server 2022-07-31 04:22:11,498 [INFO] Got command from the client 'time'
ptd-server 2022-07-31 04:22:11,498 [INFO] Sending reply to client '1659237731.498874'
ptd-server 2022-07-31 04:22:11,499 [INFO] Got command from the client 'new,,906fa8dd-8b42-407a-accb-abb0edcc5859'
ptd-server 2022-07-31 04:22:11,500 [INFO] Sending reply to client 'OK 2022-07-31_04-22-11,4ebd7f44-cecc-4b03-b0cf-40478971d79a'
ptd-server 2022-07-31 04:22:11,533 [INFO] Got command from the client 'time'
ptd-server 2022-07-31 04:22:11,533 [INFO] Sending reply to client '1659237731.5332458'
ptd-server 2022-07-31 04:22:11,533 [INFO] Got command from the client 'session,2022-07-31_04-22-11,start,ranging'
ptd-server 2022-07-31 04:22:11,534 [INFO] Running PTDaemon: ['/home/anton/projects/mlperf/power/inference_v1.0/ptd-linux-x86', '-l', '/tmp/tmp7lgbo8s4/ptd_logfile.txt', '-p', '8888', '49', '/dev/usbtmc0']
ptd-server 2022-07-31 04:22:28,707 [INFO] Sending to ptd: 'Hello'
ptd-server 2022-07-31 04:22:28,708 [INFO] Reply from ptd: 'Hello, PTDaemon here!'
ptd-server 2022-07-31 04:22:28,708 [INFO] Sending to ptd: 'Identify'
ptd-server 2022-07-31 04:22:28,708 [INFO] Reply from ptd: 'YokogawaWT310E,1000,1,1,1,1,0,1,1,version=1.9.2-e8c7a49a-20201208,OS=Linux 5.13.0-52-generic #59~20.04.1-Ubuntu SMP Thu Jun 16 21:21:28 UTC 2022 x86_64,mode=power,1,1,1,0,0,no_cal_date,YOKOGAWA;WT310E;C3XA04010E;F1.04'
ptd-server 2022-07-31 04:22:28,708 [INFO] Connected to PTDaemon
ptd-server 2022-07-31 04:22:28,708 [INFO] Sending to ptd: 'RR'
ptd-server 2022-07-31 04:22:28,709 [INFO] Reply from ptd: 'Ranges,0,0.500000,1,300.000000'
ptd-server 2022-07-31 04:22:28,709 [INFO] Initial range for Amps is 0.500000 for Volts is Auto
ptd-server 2022-07-31 04:22:28,709 [INFO] Sending to ptd: 'SR,V,Auto'
ptd-server 2022-07-31 04:22:29,211 [INFO] Reply from ptd: 'Range V changed'
ptd-server 2022-07-31 04:22:29,212 [INFO] Sending to ptd: 'SR,A,Auto'
ptd-server 2022-07-31 04:22:29,714 [INFO] Reply from ptd: 'Range A changed'
ptd-server 2022-07-31 04:22:39,724 [INFO] Starting ranging mode
ptd-server 2022-07-31 04:22:39,724 [INFO] Sending to ptd: 'Go,1000,0,2022-07-31_04-22-11_ranging'
ptd-server 2022-07-31 04:22:39,725 [INFO] Reply from ptd: 'Starting untimed measurement, maximum 500000 samples at 1000ms with 0 rampup samples'
ptd-server 2022-07-31 04:22:39,725 [INFO] Sending reply to client 'OK'
ptd-server 2022-07-31 04:32:53,712 [INFO] Got command from the client 'session,2022-07-31_04-22-11,stop,ranging'
ptd-server 2022-07-31 04:33:03,722 [INFO] Sending to ptd: 'Stop'
ptd-server 2022-07-31 04:33:03,722 [INFO] Reply from ptd: 'Stopping untimed measurement'
ptd-server 2022-07-31 04:33:04,990 [INFO] Sending reply to client 'OK'
ptd-server 2022-07-31 04:33:05,046 [INFO] Got command from the client 'time'
ptd-server 2022-07-31 04:33:05,046 [INFO] Sending reply to client '1659238385.0464108'
ptd-server 2022-07-31 04:33:05,047 [INFO] Got command from the client 'session,2022-07-31_04-22-11,start,testing'
ptd-server 2022-07-31 04:33:05,048 [INFO] Sending to ptd: 'SR,V,250.450000'
ptd-server 2022-07-31 04:33:06,549 [INFO] Reply from ptd: 'Range V changed'
ptd-server 2022-07-31 04:33:06,549 [INFO] Sending to ptd: 'SR,A,0.217470'
ptd-server 2022-07-31 04:33:08,050 [INFO] Reply from ptd: 'Range A changed'
ptd-server 2022-07-31 04:33:18,061 [INFO] Starting testing mode
ptd-server 2022-07-31 04:33:18,061 [INFO] Sending to ptd: 'Go,1000,0,2022-07-31_04-22-11_testing'
ptd-server 2022-07-31 04:33:18,061 [INFO] Reply from ptd: 'Starting untimed measurement, maximum 500000 samples at 1000ms with 0 rampup samples'
ptd-server 2022-07-31 04:33:18,061 [INFO] Sending reply to client 'OK'
ptd-server 2022-07-31 04:43:29,824 [INFO] Got command from the client 'session,2022-07-31_04-22-11,stop,testing'
ptd-server 2022-07-31 04:43:39,835 [INFO] Sending to ptd: 'Stop'
ptd-server 2022-07-31 04:43:39,835 [INFO] Reply from ptd: 'Stopping untimed measurement'
ptd-server 2022-07-31 04:43:40,471 [INFO] Sending reply to client 'OK'
ptd-server 2022-07-31 04:43:40,486 [INFO] Got command from the client 'session,2022-07-31_04-22-11,done'
ptd-server 2022-07-31 04:43:40,486 [INFO] Sending to ptd: 'Stop'
ptd-server 2022-07-31 04:43:40,487 [INFO] Reply from ptd: 'Error: no measurement to stop'
ptd-server 2022-07-31 04:43:40,487 [INFO] Sending to ptd: 'SR,V,Auto'
ptd-server 2022-07-31 04:43:40,989 [INFO] Reply from ptd: 'Range V changed'
ptd-server 2022-07-31 04:43:40,990 [INFO] Sending to ptd: 'SR,A,0.500000'
ptd-server 2022-07-31 04:43:42,491 [INFO] Reply from ptd: 'Range A changed'
ptd-server 2022-07-31 04:43:42,491 [INFO] Set initial values for Amps 0.500000 and Volts Auto
ptd-server 2022-07-31 04:43:42,491 [INFO] Stopping ptd...
