ptd-server 2022-07-23 01:13:27,699 [INFO] Got command from the client 'time'
ptd-server 2022-07-23 01:13:27,699 [INFO] Sending reply to client '1658535207.699679'
ptd-server 2022-07-23 01:13:27,700 [INFO] Got command from the client 'new,,88d2001a-f38e-4196-b3f7-24a503b5cd24'
ptd-server 2022-07-23 01:13:27,701 [INFO] Sending reply to client 'OK 2022-07-23_01-13-27,52619098-2412-4527-a641-2b20d323d20b'
ptd-server 2022-07-23 01:13:27,736 [INFO] Got command from the client 'time'
ptd-server 2022-07-23 01:13:27,736 [INFO] Sending reply to client '1658535207.7366946'
ptd-server 2022-07-23 01:13:27,737 [INFO] Got command from the client 'session,2022-07-23_01-13-27,start,ranging'
ptd-server 2022-07-23 01:13:27,737 [INFO] Running PTDaemon: ['/home/anton/projects/mlperf/power/inference_v1.0/ptd-linux-x86', '-l', '/tmp/tmp7lgbo8s4/ptd_logfile.txt', '-p', '8888', '49', '/dev/usbtmc0']
ptd-server 2022-07-23 01:13:44,912 [INFO] Sending to ptd: 'Hello'
ptd-server 2022-07-23 01:13:44,912 [INFO] Reply from ptd: 'Hello, PTDaemon here!'
ptd-server 2022-07-23 01:13:44,912 [INFO] Sending to ptd: 'Identify'
ptd-server 2022-07-23 01:13:44,913 [INFO] Reply from ptd: 'YokogawaWT310E,1000,1,1,1,1,0,1,1,version=1.9.2-e8c7a49a-20201208,OS=Linux 5.13.0-52-generic #59~20.04.1-Ubuntu SMP Thu Jun 16 21:21:28 UTC 2022 x86_64,mode=power,1,1,1,0,0,no_cal_date,YOKOGAWA;WT310E;C3XA04010E;F1.04'
ptd-server 2022-07-23 01:13:44,913 [INFO] Connected to PTDaemon
ptd-server 2022-07-23 01:13:44,913 [INFO] Sending to ptd: 'RR'
ptd-server 2022-07-23 01:13:44,913 [INFO] Reply from ptd: 'Ranges,0,0.500000,1,300.000000'
ptd-server 2022-07-23 01:13:44,913 [INFO] Initial range for Amps is 0.500000 for Volts is Auto
ptd-server 2022-07-23 01:13:44,914 [INFO] Sending to ptd: 'SR,V,Auto'
ptd-server 2022-07-23 01:13:45,416 [INFO] Reply from ptd: 'Range V changed'
ptd-server 2022-07-23 01:13:45,416 [INFO] Sending to ptd: 'SR,A,Auto'
ptd-server 2022-07-23 01:13:45,918 [INFO] Reply from ptd: 'Range A changed'
ptd-server 2022-07-23 01:13:55,929 [INFO] Starting ranging mode
ptd-server 2022-07-23 01:13:55,929 [INFO] Sending to ptd: 'Go,1000,0,2022-07-23_01-13-27_ranging'
ptd-server 2022-07-23 01:13:55,929 [INFO] Reply from ptd: 'Starting untimed measurement, maximum 500000 samples at 1000ms with 0 rampup samples'
ptd-server 2022-07-23 01:13:55,930 [INFO] Sending reply to client 'OK'
ptd-server 2022-07-23 01:24:12,308 [INFO] Got command from the client 'session,2022-07-23_01-13-27,stop,ranging'
ptd-server 2022-07-23 01:24:22,319 [INFO] Sending to ptd: 'Stop'
ptd-server 2022-07-23 01:24:22,319 [INFO] Reply from ptd: 'Stopping untimed measurement'
ptd-server 2022-07-23 01:24:22,827 [INFO] Sending reply to client 'OK'
ptd-server 2022-07-23 01:24:22,889 [INFO] Got command from the client 'time'
ptd-server 2022-07-23 01:24:22,889 [INFO] Sending reply to client '1658535862.889889'
ptd-server 2022-07-23 01:24:22,890 [INFO] Got command from the client 'session,2022-07-23_01-13-27,start,testing'
ptd-server 2022-07-23 01:24:22,890 [INFO] Sending to ptd: 'SR,V,249.730000'
ptd-server 2022-07-23 01:24:24,431 [INFO] Reply from ptd: 'Range V changed'
ptd-server 2022-07-23 01:24:24,431 [INFO] Sending to ptd: 'SR,A,0.055540'
ptd-server 2022-07-23 01:24:25,932 [INFO] Reply from ptd: 'Range A changed'
ptd-server 2022-07-23 01:24:35,943 [INFO] Starting testing mode
ptd-server 2022-07-23 01:24:35,943 [INFO] Sending to ptd: 'Go,1000,0,2022-07-23_01-13-27_testing'
ptd-server 2022-07-23 01:24:35,943 [INFO] Reply from ptd: 'Starting untimed measurement, maximum 500000 samples at 1000ms with 0 rampup samples'
ptd-server 2022-07-23 01:24:35,943 [INFO] Sending reply to client 'OK'
ptd-server 2022-07-23 01:34:52,284 [INFO] Got command from the client 'session,2022-07-23_01-13-27,stop,testing'
ptd-server 2022-07-23 01:35:02,295 [INFO] Sending to ptd: 'Stop'
ptd-server 2022-07-23 01:35:02,295 [INFO] Reply from ptd: 'Stopping untimed measurement'
ptd-server 2022-07-23 01:35:02,572 [INFO] Sending reply to client 'OK'
ptd-server 2022-07-23 01:35:02,580 [INFO] Got command from the client 'session,2022-07-23_01-13-27,done'
ptd-server 2022-07-23 01:35:02,580 [INFO] Sending to ptd: 'Stop'
ptd-server 2022-07-23 01:35:02,944 [INFO] Reply from ptd: 'Error: no measurement to stop'
ptd-server 2022-07-23 01:35:02,944 [INFO] Sending to ptd: 'SR,V,Auto'
ptd-server 2022-07-23 01:35:03,447 [INFO] Reply from ptd: 'Range V changed'
ptd-server 2022-07-23 01:35:03,447 [INFO] Sending to ptd: 'SR,A,0.500000'
ptd-server 2022-07-23 01:35:04,948 [INFO] Reply from ptd: 'Range A changed'
ptd-server 2022-07-23 01:35:04,948 [INFO] Set initial values for Amps 0.500000 and Volts Auto
ptd-server 2022-07-23 01:35:04,949 [INFO] Stopping ptd...
