ptd-server 2022-07-21 20:17:35,791 [INFO] Got command from the client 'time'
ptd-server 2022-07-21 20:17:35,791 [INFO] Sending reply to client '1658431055.7915862'
ptd-server 2022-07-21 20:17:35,792 [INFO] Got command from the client 'new,,281078af-724f-45ce-928d-e4c13836c04a'
ptd-server 2022-07-21 20:17:35,793 [INFO] Sending reply to client 'OK 2022-07-21_20-17-35,747100e3-63bc-42e7-8293-cbab2c517626'
ptd-server 2022-07-21 20:17:35,831 [INFO] Got command from the client 'time'
ptd-server 2022-07-21 20:17:35,831 [INFO] Sending reply to client '1658431055.831856'
ptd-server 2022-07-21 20:17:35,833 [INFO] Got command from the client 'session,2022-07-21_20-17-35,start,ranging'
ptd-server 2022-07-21 20:17:35,833 [INFO] Running PTDaemon: ['/home/anton/projects/mlperf/power/inference_v1.0/ptd-linux-x86', '-l', '/tmp/tmp7lgbo8s4/ptd_logfile.txt', '-p', '8888', '49', '/dev/usbtmc0']
ptd-server 2022-07-21 20:17:53,006 [INFO] Sending to ptd: 'Hello'
ptd-server 2022-07-21 20:17:53,007 [INFO] Reply from ptd: 'Hello, PTDaemon here!'
ptd-server 2022-07-21 20:17:53,007 [INFO] Sending to ptd: 'Identify'
ptd-server 2022-07-21 20:17:53,008 [INFO] Reply from ptd: 'YokogawaWT310E,1000,1,1,1,1,0,1,1,version=1.9.2-e8c7a49a-20201208,OS=Linux 5.13.0-52-generic #59~20.04.1-Ubuntu SMP Thu Jun 16 21:21:28 UTC 2022 x86_64,mode=power,1,1,1,0,0,no_cal_date,YOKOGAWA;WT310E;C3XA04010E;F1.04'
ptd-server 2022-07-21 20:17:53,008 [INFO] Connected to PTDaemon
ptd-server 2022-07-21 20:17:53,008 [INFO] Sending to ptd: 'RR'
ptd-server 2022-07-21 20:17:53,008 [INFO] Reply from ptd: 'Ranges,0,0.500000,1,300.000000'
ptd-server 2022-07-21 20:17:53,008 [INFO] Initial range for Amps is 0.500000 for Volts is Auto
ptd-server 2022-07-21 20:17:53,008 [INFO] Sending to ptd: 'SR,V,Auto'
ptd-server 2022-07-21 20:17:53,511 [INFO] Reply from ptd: 'Range V changed'
ptd-server 2022-07-21 20:17:53,511 [INFO] Sending to ptd: 'SR,A,Auto'
ptd-server 2022-07-21 20:17:54,014 [INFO] Reply from ptd: 'Range A changed'
ptd-server 2022-07-21 20:18:04,024 [INFO] Starting ranging mode
ptd-server 2022-07-21 20:18:04,024 [INFO] Sending to ptd: 'Go,1000,0,2022-07-21_20-17-35_ranging'
ptd-server 2022-07-21 20:18:04,024 [INFO] Reply from ptd: 'Starting untimed measurement, maximum 500000 samples at 1000ms with 0 rampup samples'
ptd-server 2022-07-21 20:18:04,025 [INFO] Sending reply to client 'OK'
ptd-server 2022-07-21 20:28:25,154 [INFO] Got command from the client 'session,2022-07-21_20-17-35,stop,ranging'
ptd-server 2022-07-21 20:28:35,165 [INFO] Sending to ptd: 'Stop'
ptd-server 2022-07-21 20:28:35,165 [INFO] Reply from ptd: 'Stopping untimed measurement'
ptd-server 2022-07-21 20:28:35,536 [INFO] Sending reply to client 'OK'
ptd-server 2022-07-21 20:28:35,589 [INFO] Got command from the client 'time'
ptd-server 2022-07-21 20:28:35,589 [INFO] Sending reply to client '1658431715.589479'
ptd-server 2022-07-21 20:28:35,590 [INFO] Got command from the client 'session,2022-07-21_20-17-35,start,testing'
ptd-server 2022-07-21 20:28:35,590 [INFO] Sending to ptd: 'SR,V,250.870000'
ptd-server 2022-07-21 20:28:37,526 [INFO] Reply from ptd: 'Range V changed'
ptd-server 2022-07-21 20:28:37,526 [INFO] Sending to ptd: 'SR,A,0.069680'
ptd-server 2022-07-21 20:28:39,028 [INFO] Reply from ptd: 'Range A changed'
ptd-server 2022-07-21 20:28:49,038 [INFO] Starting testing mode
ptd-server 2022-07-21 20:28:49,038 [INFO] Sending to ptd: 'Go,1000,0,2022-07-21_20-17-35_testing'
ptd-server 2022-07-21 20:28:49,038 [INFO] Reply from ptd: 'Starting untimed measurement, maximum 500000 samples at 1000ms with 0 rampup samples'
ptd-server 2022-07-21 20:28:49,039 [INFO] Sending reply to client 'OK'
ptd-server 2022-07-21 20:39:10,027 [INFO] Got command from the client 'session,2022-07-21_20-17-35,stop,testing'
ptd-server 2022-07-21 20:39:20,037 [INFO] Sending to ptd: 'Stop'
ptd-server 2022-07-21 20:39:20,038 [INFO] Reply from ptd: 'Stopping untimed measurement'
ptd-server 2022-07-21 20:39:20,231 [INFO] Sending reply to client 'OK'
ptd-server 2022-07-21 20:39:20,239 [INFO] Got command from the client 'session,2022-07-21_20-17-35,done'
ptd-server 2022-07-21 20:39:20,239 [INFO] Sending to ptd: 'Stop'
ptd-server 2022-07-21 20:39:21,038 [INFO] Reply from ptd: 'Error: no measurement to stop'
ptd-server 2022-07-21 20:39:21,038 [INFO] Sending to ptd: 'SR,V,Auto'
ptd-server 2022-07-21 20:39:21,541 [INFO] Reply from ptd: 'Range V changed'
ptd-server 2022-07-21 20:39:21,541 [INFO] Sending to ptd: 'SR,A,0.500000'
ptd-server 2022-07-21 20:39:23,043 [INFO] Reply from ptd: 'Range A changed'
ptd-server 2022-07-21 20:39:23,043 [INFO] Set initial values for Amps 0.500000 and Volts Auto
ptd-server 2022-07-21 20:39:23,043 [INFO] Stopping ptd...
