ptd-server 2022-07-25 23:56:36,857 [INFO] Got command from the client 'time'
ptd-server 2022-07-25 23:56:36,857 [INFO] Sending reply to client '1658789796.8577404'
ptd-server 2022-07-25 23:56:36,859 [INFO] Got command from the client 'new,,3ba1a9cd-3f9d-4b82-bb0b-2c18a57106d7'
ptd-server 2022-07-25 23:56:36,859 [INFO] Sending reply to client 'OK 2022-07-25_23-56-36,6526d16b-486d-42d5-9a6f-644ea8f9a5dd'
ptd-server 2022-07-25 23:56:36,887 [INFO] Got command from the client 'time'
ptd-server 2022-07-25 23:56:36,887 [INFO] Sending reply to client '1658789796.887713'
ptd-server 2022-07-25 23:56:36,888 [INFO] Got command from the client 'session,2022-07-25_23-56-36,start,ranging'
ptd-server 2022-07-25 23:56:36,888 [INFO] Running PTDaemon: ['/home/anton/projects/mlperf/power/inference_v1.0/ptd-linux-x86', '-l', '/tmp/tmp7lgbo8s4/ptd_logfile.txt', '-p', '8888', '49', '/dev/usbtmc0']
ptd-server 2022-07-25 23:56:54,062 [INFO] Sending to ptd: 'Hello'
ptd-server 2022-07-25 23:56:54,062 [INFO] Reply from ptd: 'Hello, PTDaemon here!'
ptd-server 2022-07-25 23:56:54,063 [INFO] Sending to ptd: 'Identify'
ptd-server 2022-07-25 23:56:54,063 [INFO] Reply from ptd: 'YokogawaWT310E,1000,1,1,1,1,0,1,1,version=1.9.2-e8c7a49a-20201208,OS=Linux 5.13.0-52-generic #59~20.04.1-Ubuntu SMP Thu Jun 16 21:21:28 UTC 2022 x86_64,mode=power,1,1,1,0,0,no_cal_date,YOKOGAWA;WT310E;C3XA04010E;F1.04'
ptd-server 2022-07-25 23:56:54,063 [INFO] Connected to PTDaemon
ptd-server 2022-07-25 23:56:54,063 [INFO] Sending to ptd: 'RR'
ptd-server 2022-07-25 23:56:54,064 [INFO] Reply from ptd: 'Ranges,0,0.500000,1,300.000000'
ptd-server 2022-07-25 23:56:54,064 [INFO] Initial range for Amps is 0.500000 for Volts is Auto
ptd-server 2022-07-25 23:56:54,064 [INFO] Sending to ptd: 'SR,V,Auto'
ptd-server 2022-07-25 23:56:54,566 [INFO] Reply from ptd: 'Range V changed'
ptd-server 2022-07-25 23:56:54,567 [INFO] Sending to ptd: 'SR,A,Auto'
ptd-server 2022-07-25 23:56:55,069 [INFO] Reply from ptd: 'Range A changed'
ptd-server 2022-07-25 23:57:05,079 [INFO] Starting ranging mode
ptd-server 2022-07-25 23:57:05,079 [INFO] Sending to ptd: 'Go,1000,0,2022-07-25_23-56-36_ranging'
ptd-server 2022-07-25 23:57:05,080 [INFO] Reply from ptd: 'Starting untimed measurement, maximum 500000 samples at 1000ms with 0 rampup samples'
ptd-server 2022-07-25 23:57:05,080 [INFO] Sending reply to client 'OK'
ptd-server 2022-07-26 00:07:25,773 [INFO] Got command from the client 'session,2022-07-25_23-56-36,stop,ranging'
ptd-server 2022-07-26 00:07:35,784 [INFO] Sending to ptd: 'Stop'
ptd-server 2022-07-26 00:07:35,784 [INFO] Reply from ptd: 'Stopping untimed measurement'
ptd-server 2022-07-26 00:07:36,608 [INFO] Sending reply to client 'OK'
ptd-server 2022-07-26 00:07:36,670 [INFO] Got command from the client 'time'
ptd-server 2022-07-26 00:07:36,670 [INFO] Sending reply to client '1658790456.670786'
ptd-server 2022-07-26 00:07:36,671 [INFO] Got command from the client 'session,2022-07-25_23-56-36,start,testing'
ptd-server 2022-07-26 00:07:36,671 [INFO] Sending to ptd: 'SR,V,250.800000'
ptd-server 2022-07-26 00:07:38,173 [INFO] Reply from ptd: 'Range V changed'
ptd-server 2022-07-26 00:07:38,173 [INFO] Sending to ptd: 'SR,A,0.064250'
ptd-server 2022-07-26 00:07:39,674 [INFO] Reply from ptd: 'Range A changed'
ptd-server 2022-07-26 00:07:49,678 [INFO] Starting testing mode
ptd-server 2022-07-26 00:07:49,678 [INFO] Sending to ptd: 'Go,1000,0,2022-07-25_23-56-36_testing'
ptd-server 2022-07-26 00:07:49,678 [INFO] Reply from ptd: 'Starting untimed measurement, maximum 500000 samples at 1000ms with 0 rampup samples'
ptd-server 2022-07-26 00:07:49,679 [INFO] Sending reply to client 'OK'
ptd-server 2022-07-26 00:18:06,391 [INFO] Got command from the client 'session,2022-07-25_23-56-36,stop,testing'
ptd-server 2022-07-26 00:18:16,401 [INFO] Sending to ptd: 'Stop'
ptd-server 2022-07-26 00:18:16,402 [INFO] Reply from ptd: 'Stopping untimed measurement'
ptd-server 2022-07-26 00:18:16,820 [INFO] Sending reply to client 'OK'
ptd-server 2022-07-26 00:18:16,828 [INFO] Got command from the client 'session,2022-07-25_23-56-36,done'
ptd-server 2022-07-26 00:18:16,828 [INFO] Sending to ptd: 'Stop'
ptd-server 2022-07-26 00:18:16,828 [INFO] Reply from ptd: 'Error: no measurement to stop'
ptd-server 2022-07-26 00:18:16,829 [INFO] Sending to ptd: 'SR,V,Auto'
ptd-server 2022-07-26 00:18:17,331 [INFO] Reply from ptd: 'Range V changed'
ptd-server 2022-07-26 00:18:17,331 [INFO] Sending to ptd: 'SR,A,0.500000'
ptd-server 2022-07-26 00:18:18,833 [INFO] Reply from ptd: 'Range A changed'
ptd-server 2022-07-26 00:18:18,833 [INFO] Set initial values for Amps 0.500000 and Volts Auto
ptd-server 2022-07-26 00:18:18,833 [INFO] Stopping ptd...
