ptd-server 2022-07-20 00:52:01,922 [INFO] Got command from the client 'time'
ptd-server 2022-07-20 00:52:01,923 [INFO] Sending reply to client '1658274721.923094'
ptd-server 2022-07-20 00:52:01,927 [INFO] Got command from the client 'new,,65bb445e-c3ae-4d90-8e6a-04270a8f4fba'
ptd-server 2022-07-20 00:52:01,928 [INFO] Sending reply to client 'OK 2022-07-20_00-52-01,5fb40fff-9fe8-4f9c-aa58-dbbb5a8fba35'
ptd-server 2022-07-20 00:52:02,025 [INFO] Got command from the client 'time'
ptd-server 2022-07-20 00:52:02,025 [INFO] Sending reply to client '1658274722.0257847'
ptd-server 2022-07-20 00:52:02,029 [INFO] Got command from the client 'session,2022-07-20_00-52-01,start,ranging'
ptd-server 2022-07-20 00:52:02,030 [INFO] Running PTDaemon: ['/home/anton/projects/mlperf/power/inference_v1.0/ptd-linux-x86', '-l', '/tmp/tmp7lgbo8s4/ptd_logfile.txt', '-p', '8888', '49', '/dev/usbtmc0']
ptd-server 2022-07-20 00:52:19,204 [INFO] Sending to ptd: 'Hello'
ptd-server 2022-07-20 00:52:19,204 [INFO] Reply from ptd: 'Hello, PTDaemon here!'
ptd-server 2022-07-20 00:52:19,204 [INFO] Sending to ptd: 'Identify'
ptd-server 2022-07-20 00:52:19,205 [INFO] Reply from ptd: 'YokogawaWT310E,1000,1,1,1,1,0,1,1,version=1.9.2-e8c7a49a-20201208,OS=Linux 5.13.0-52-generic #59~20.04.1-Ubuntu SMP Thu Jun 16 21:21:28 UTC 2022 x86_64,mode=power,1,1,1,0,0,no_cal_date,YOKOGAWA;WT310E;C3XA04010E;F1.04'
ptd-server 2022-07-20 00:52:19,205 [INFO] Connected to PTDaemon
ptd-server 2022-07-20 00:52:19,205 [INFO] Sending to ptd: 'RR'
ptd-server 2022-07-20 00:52:19,205 [INFO] Reply from ptd: 'Ranges,0,0.500000,1,300.000000'
ptd-server 2022-07-20 00:52:19,205 [INFO] Initial range for Amps is 0.500000 for Volts is Auto
ptd-server 2022-07-20 00:52:19,206 [INFO] Sending to ptd: 'SR,V,Auto'
ptd-server 2022-07-20 00:52:19,708 [INFO] Reply from ptd: 'Range V changed'
ptd-server 2022-07-20 00:52:19,708 [INFO] Sending to ptd: 'SR,A,Auto'
ptd-server 2022-07-20 00:52:20,211 [INFO] Reply from ptd: 'Range A changed'
ptd-server 2022-07-20 00:52:30,215 [INFO] Starting ranging mode
ptd-server 2022-07-20 00:52:30,215 [INFO] Sending to ptd: 'Go,1000,0,2022-07-20_00-52-01_ranging'
ptd-server 2022-07-20 00:52:30,216 [INFO] Reply from ptd: 'Starting untimed measurement, maximum 500000 samples at 1000ms with 0 rampup samples'
ptd-server 2022-07-20 00:52:30,216 [INFO] Sending reply to client 'OK'
ptd-server 2022-07-20 01:02:48,770 [INFO] Got command from the client 'session,2022-07-20_00-52-01,stop,ranging'
ptd-server 2022-07-20 01:02:58,781 [INFO] Sending to ptd: 'Stop'
ptd-server 2022-07-20 01:02:58,781 [INFO] Reply from ptd: 'Stopping untimed measurement'
ptd-server 2022-07-20 01:02:58,933 [INFO] Sending reply to client 'OK'
ptd-server 2022-07-20 01:02:59,151 [INFO] Got command from the client 'time'
ptd-server 2022-07-20 01:02:59,151 [INFO] Sending reply to client '1658275379.1512337'
ptd-server 2022-07-20 01:02:59,157 [INFO] Got command from the client 'session,2022-07-20_00-52-01,start,testing'
ptd-server 2022-07-20 01:02:59,157 [INFO] Sending to ptd: 'SR,V,251.500000'
ptd-server 2022-07-20 01:03:00,717 [INFO] Reply from ptd: 'Range V changed'
ptd-server 2022-07-20 01:03:00,717 [INFO] Sending to ptd: 'SR,A,0.086010'
ptd-server 2022-07-20 01:03:02,218 [INFO] Reply from ptd: 'Range A changed'
ptd-server 2022-07-20 01:03:12,229 [INFO] Starting testing mode
ptd-server 2022-07-20 01:03:12,229 [INFO] Sending to ptd: 'Go,1000,0,2022-07-20_00-52-01_testing'
ptd-server 2022-07-20 01:03:12,229 [INFO] Reply from ptd: 'Starting untimed measurement, maximum 500000 samples at 1000ms with 0 rampup samples'
ptd-server 2022-07-20 01:03:12,229 [INFO] Sending reply to client 'OK'
ptd-server 2022-07-20 01:13:30,356 [INFO] Got command from the client 'session,2022-07-20_00-52-01,stop,testing'
ptd-server 2022-07-20 01:13:40,366 [INFO] Sending to ptd: 'Stop'
ptd-server 2022-07-20 01:13:40,366 [INFO] Reply from ptd: 'Stopping untimed measurement'
ptd-server 2022-07-20 01:13:40,450 [INFO] Sending reply to client 'OK'
ptd-server 2022-07-20 01:13:40,473 [INFO] Got command from the client 'session,2022-07-20_00-52-01,done'
ptd-server 2022-07-20 01:13:40,473 [INFO] Sending to ptd: 'Stop'
ptd-server 2022-07-20 01:13:41,230 [INFO] Reply from ptd: 'Error: no measurement to stop'
ptd-server 2022-07-20 01:13:41,230 [INFO] Sending to ptd: 'SR,V,Auto'
ptd-server 2022-07-20 01:13:41,732 [INFO] Reply from ptd: 'Range V changed'
ptd-server 2022-07-20 01:13:41,733 [INFO] Sending to ptd: 'SR,A,0.500000'
ptd-server 2022-07-20 01:13:43,234 [INFO] Reply from ptd: 'Range A changed'
ptd-server 2022-07-20 01:13:43,234 [INFO] Set initial values for Amps 0.500000 and Volts Auto
ptd-server 2022-07-20 01:13:43,234 [INFO] Stopping ptd...
