ptd-server 2022-07-28 07:40:33,127 [INFO] Got command from the client 'time'
ptd-server 2022-07-28 07:40:33,127 [INFO] Sending reply to client '1659012033.1273518'
ptd-server 2022-07-28 07:40:33,128 [INFO] Got command from the client 'new,,e81f2084-ad53-4fbf-8be2-6d9cca94b1f2'
ptd-server 2022-07-28 07:40:33,128 [INFO] Sending reply to client 'OK 2022-07-28_07-40-33,b8b4e1b8-5161-45ba-a131-829ca96ae18e'
ptd-server 2022-07-28 07:40:33,211 [INFO] Got command from the client 'time'
ptd-server 2022-07-28 07:40:33,211 [INFO] Sending reply to client '1659012033.2112787'
ptd-server 2022-07-28 07:40:33,212 [INFO] Got command from the client 'session,2022-07-28_07-40-33,start,ranging'
ptd-server 2022-07-28 07:40:33,213 [INFO] Running PTDaemon: ['/local/mnt/workspace/mlcommons/power-main/inference_v1.0/ptd-linux-x86', '-l', '/tmp/tmp8xrjvdjh/ptd_logfile.txt', '-p', '8888', '49', '/dev/usbtmc0']
ptd-server 2022-07-28 07:40:50,333 [INFO] Sending to ptd: 'Hello'
ptd-server 2022-07-28 07:40:50,334 [INFO] Reply from ptd: 'Hello, PTDaemon here!'
ptd-server 2022-07-28 07:40:50,334 [INFO] Sending to ptd: 'Identify'
ptd-server 2022-07-28 07:40:50,334 [INFO] Reply from ptd: 'YokogawaWT310E,1000,1,1,1,1,0,1,1,version=1.9.2-e8c7a49a-20201208,OS=Linux 4.15.0-188-generic #199-Ubuntu SMP Wed Jun 15 20:42:56 UTC 2022 x86_64,mode=power,1,1,1,0,0,no_cal_date,YOKOGAWA;WT310E;C2XF16028V;F1.04'
ptd-server 2022-07-28 07:40:50,335 [INFO] Connected to PTDaemon
ptd-server 2022-07-28 07:40:50,335 [INFO] Sending to ptd: 'RR'
ptd-server 2022-07-28 07:40:50,335 [INFO] Reply from ptd: 'Ranges,1,5.000000,1,150.000000'
ptd-server 2022-07-28 07:40:50,335 [INFO] Initial range for Amps is Auto for Volts is Auto
ptd-server 2022-07-28 07:40:50,336 [INFO] Sending to ptd: 'SR,V,Auto'
ptd-server 2022-07-28 07:40:50,839 [INFO] Reply from ptd: 'Range V changed'
ptd-server 2022-07-28 07:40:50,839 [INFO] Sending to ptd: 'SR,A,Auto'
ptd-server 2022-07-28 07:40:51,342 [INFO] Reply from ptd: 'Range A changed'
ptd-server 2022-07-28 07:41:01,353 [INFO] Starting ranging mode
ptd-server 2022-07-28 07:41:01,353 [INFO] Sending to ptd: 'Go,1000,0,2022-07-28_07-40-33_ranging'
ptd-server 2022-07-28 07:41:01,354 [INFO] Reply from ptd: 'Starting untimed measurement, maximum 500000 samples at 1000ms with 0 rampup samples'
ptd-server 2022-07-28 07:41:01,354 [INFO] Sending reply to client 'OK'
ptd-server 2022-07-28 07:54:02,871 [INFO] Got command from the client 'session,2022-07-28_07-40-33,stop,ranging'
ptd-server 2022-07-28 07:54:12,882 [INFO] Sending to ptd: 'Stop'
ptd-server 2022-07-28 07:54:12,882 [INFO] Reply from ptd: 'Stopping untimed measurement'
ptd-server 2022-07-28 07:54:12,896 [INFO] Sending reply to client 'OK'
ptd-server 2022-07-28 07:54:12,985 [INFO] Got command from the client 'time'
ptd-server 2022-07-28 07:54:12,986 [INFO] Sending reply to client '1659012852.9861426'
ptd-server 2022-07-28 07:54:12,987 [INFO] Got command from the client 'session,2022-07-28_07-40-33,start,testing'
ptd-server 2022-07-28 07:54:12,987 [INFO] Sending to ptd: 'SR,V,120.030000'
ptd-server 2022-07-28 07:54:14,857 [INFO] Reply from ptd: 'Range V changed'
ptd-server 2022-07-28 07:54:14,857 [INFO] Sending to ptd: 'SR,A,6.232100'
ptd-server 2022-07-28 07:54:16,359 [INFO] Reply from ptd: 'Range A changed'
ptd-server 2022-07-28 07:54:26,370 [INFO] Starting testing mode
ptd-server 2022-07-28 07:54:26,370 [INFO] Sending to ptd: 'Go,1000,0,2022-07-28_07-40-33_testing'
ptd-server 2022-07-28 07:54:26,371 [INFO] Reply from ptd: 'Starting untimed measurement, maximum 500000 samples at 1000ms with 0 rampup samples'
ptd-server 2022-07-28 07:54:26,371 [INFO] Sending reply to client 'OK'
ptd-server 2022-07-28 08:07:35,963 [INFO] Got command from the client 'session,2022-07-28_07-40-33,stop,testing'
ptd-server 2022-07-28 08:07:45,974 [INFO] Sending to ptd: 'Stop'
ptd-server 2022-07-28 08:07:45,974 [INFO] Reply from ptd: 'Stopping untimed measurement'
ptd-server 2022-07-28 08:07:45,980 [INFO] Sending reply to client 'OK'
ptd-server 2022-07-28 08:07:45,986 [INFO] Got command from the client 'session,2022-07-28_07-40-33,done'
ptd-server 2022-07-28 08:07:45,986 [INFO] Sending to ptd: 'Stop'
ptd-server 2022-07-28 08:07:46,372 [INFO] Reply from ptd: 'Error: no measurement to stop'
ptd-server 2022-07-28 08:07:46,372 [INFO] Sending to ptd: 'SR,V,Auto'
ptd-server 2022-07-28 08:07:46,876 [INFO] Reply from ptd: 'Range V changed'
ptd-server 2022-07-28 08:07:46,876 [INFO] Sending to ptd: 'SR,A,Auto'
ptd-server 2022-07-28 08:07:47,379 [INFO] Reply from ptd: 'Range A changed'
ptd-server 2022-07-28 08:07:47,379 [INFO] Set initial values for Amps Auto and Volts Auto
ptd-server 2022-07-28 08:07:47,380 [INFO] Stopping ptd...
