ptd-server 2022-07-27 03:22:41,215 [INFO] Got command from the client 'time'
ptd-server 2022-07-27 03:22:41,216 [INFO] Sending reply to client '1658888561.2159698'
ptd-server 2022-07-27 03:22:41,220 [INFO] Got command from the client 'new,,e58f10eb-8280-4357-8c5d-4323f0cbeb3b'
ptd-server 2022-07-27 03:22:41,220 [INFO] Sending reply to client 'OK 2022-07-27_03-22-41,3ce665f7-1111-433e-8c06-5a377f13b5d1'
ptd-server 2022-07-27 03:22:41,317 [INFO] Got command from the client 'time'
ptd-server 2022-07-27 03:22:41,317 [INFO] Sending reply to client '1658888561.317719'
ptd-server 2022-07-27 03:22:41,321 [INFO] Got command from the client 'session,2022-07-27_03-22-41,start,ranging'
ptd-server 2022-07-27 03:22:41,321 [INFO] Running PTDaemon: ['/home/anton/projects/mlperf/power/inference_v1.0/ptd-linux-x86', '-l', '/tmp/tmp7lgbo8s4/ptd_logfile.txt', '-p', '8888', '49', '/dev/usbtmc0']
ptd-server 2022-07-27 03:22:58,497 [INFO] Sending to ptd: 'Hello'
ptd-server 2022-07-27 03:22:58,497 [INFO] Reply from ptd: 'Hello, PTDaemon here!'
ptd-server 2022-07-27 03:22:58,497 [INFO] Sending to ptd: 'Identify'
ptd-server 2022-07-27 03:22:58,498 [INFO] Reply from ptd: 'YokogawaWT310E,1000,1,1,1,1,0,1,1,version=1.9.2-e8c7a49a-20201208,OS=Linux 5.13.0-52-generic #59~20.04.1-Ubuntu SMP Thu Jun 16 21:21:28 UTC 2022 x86_64,mode=power,1,1,1,0,0,no_cal_date,YOKOGAWA;WT310E;C3XA04010E;F1.04'
ptd-server 2022-07-27 03:22:58,498 [INFO] Connected to PTDaemon
ptd-server 2022-07-27 03:22:58,498 [INFO] Sending to ptd: 'RR'
ptd-server 2022-07-27 03:22:58,498 [INFO] Reply from ptd: 'Ranges,0,0.500000,1,300.000000'
ptd-server 2022-07-27 03:22:58,498 [INFO] Initial range for Amps is 0.500000 for Volts is Auto
ptd-server 2022-07-27 03:22:58,499 [INFO] Sending to ptd: 'SR,V,Auto'
ptd-server 2022-07-27 03:22:59,001 [INFO] Reply from ptd: 'Range V changed'
ptd-server 2022-07-27 03:22:59,001 [INFO] Sending to ptd: 'SR,A,Auto'
ptd-server 2022-07-27 03:22:59,504 [INFO] Reply from ptd: 'Range A changed'
ptd-server 2022-07-27 03:23:09,514 [INFO] Starting ranging mode
ptd-server 2022-07-27 03:23:09,514 [INFO] Sending to ptd: 'Go,1000,0,2022-07-27_03-22-41_ranging'
ptd-server 2022-07-27 03:23:09,515 [INFO] Reply from ptd: 'Starting untimed measurement, maximum 500000 samples at 1000ms with 0 rampup samples'
ptd-server 2022-07-27 03:23:09,515 [INFO] Sending reply to client 'OK'
ptd-server 2022-07-27 03:33:24,900 [INFO] Got command from the client 'session,2022-07-27_03-22-41,stop,ranging'
ptd-server 2022-07-27 03:33:34,910 [INFO] Sending to ptd: 'Stop'
ptd-server 2022-07-27 03:33:34,911 [INFO] Reply from ptd: 'Stopping untimed measurement'
ptd-server 2022-07-27 03:33:35,823 [INFO] Sending reply to client 'OK'
ptd-server 2022-07-27 03:33:35,975 [INFO] Got command from the client 'time'
ptd-server 2022-07-27 03:33:35,975 [INFO] Sending reply to client '1658889215.9757264'
ptd-server 2022-07-27 03:33:35,979 [INFO] Got command from the client 'session,2022-07-27_03-22-41,start,testing'
ptd-server 2022-07-27 03:33:35,979 [INFO] Sending to ptd: 'SR,V,251.340000'
ptd-server 2022-07-27 03:33:37,481 [INFO] Reply from ptd: 'Range V changed'
ptd-server 2022-07-27 03:33:37,481 [INFO] Sending to ptd: 'SR,A,0.048850'
ptd-server 2022-07-27 03:33:38,982 [INFO] Reply from ptd: 'Range A changed'
ptd-server 2022-07-27 03:33:48,993 [INFO] Starting testing mode
ptd-server 2022-07-27 03:33:48,993 [INFO] Sending to ptd: 'Go,1000,0,2022-07-27_03-22-41_testing'
ptd-server 2022-07-27 03:33:48,993 [INFO] Reply from ptd: 'Starting untimed measurement, maximum 500000 samples at 1000ms with 0 rampup samples'
ptd-server 2022-07-27 03:33:48,993 [INFO] Sending reply to client 'OK'
ptd-server 2022-07-27 03:44:04,340 [INFO] Got command from the client 'session,2022-07-27_03-22-41,stop,testing'
ptd-server 2022-07-27 03:44:14,350 [INFO] Sending to ptd: 'Stop'
ptd-server 2022-07-27 03:44:14,350 [INFO] Reply from ptd: 'Stopping untimed measurement'
ptd-server 2022-07-27 03:44:14,813 [INFO] Sending reply to client 'OK'
ptd-server 2022-07-27 03:44:14,879 [INFO] Got command from the client 'session,2022-07-27_03-22-41,done'
ptd-server 2022-07-27 03:44:14,880 [INFO] Sending to ptd: 'Stop'
ptd-server 2022-07-27 03:44:14,993 [INFO] Reply from ptd: 'Error: no measurement to stop'
ptd-server 2022-07-27 03:44:14,993 [INFO] Sending to ptd: 'SR,V,Auto'
ptd-server 2022-07-27 03:44:15,496 [INFO] Reply from ptd: 'Range V changed'
ptd-server 2022-07-27 03:44:15,496 [INFO] Sending to ptd: 'SR,A,0.500000'
ptd-server 2022-07-27 03:44:16,997 [INFO] Reply from ptd: 'Range A changed'
ptd-server 2022-07-27 03:44:16,998 [INFO] Set initial values for Amps 0.500000 and Volts Auto
ptd-server 2022-07-27 03:44:16,998 [INFO] Stopping ptd...
