ptd-server 2022-07-28 12:29:32,780 [INFO] Got command from the client 'time'
ptd-server 2022-07-28 12:29:32,781 [INFO] Sending reply to client '1659007772.7810555'
ptd-server 2022-07-28 12:29:32,784 [INFO] Got command from the client 'new,,8c15dca3-041d-46e6-8e8e-9a71ac0a662d'
ptd-server 2022-07-28 12:29:32,785 [INFO] Sending reply to client 'OK 2022-07-28_12-29-32,92861652-fd5d-48a6-a735-65809b3ef426'
ptd-server 2022-07-28 12:29:32,883 [INFO] Got command from the client 'time'
ptd-server 2022-07-28 12:29:32,883 [INFO] Sending reply to client '1659007772.8833268'
ptd-server 2022-07-28 12:29:32,888 [INFO] Got command from the client 'session,2022-07-28_12-29-32,start,ranging'
ptd-server 2022-07-28 12:29:32,888 [INFO] Running PTDaemon: ['/home/anton/projects/mlperf/power/inference_v1.0/ptd-linux-x86', '-l', '/tmp/tmp7lgbo8s4/ptd_logfile.txt', '-p', '8888', '49', '/dev/usbtmc0']
ptd-server 2022-07-28 12:29:50,063 [INFO] Sending to ptd: 'Hello'
ptd-server 2022-07-28 12:29:50,063 [INFO] Reply from ptd: 'Hello, PTDaemon here!'
ptd-server 2022-07-28 12:29:50,064 [INFO] Sending to ptd: 'Identify'
ptd-server 2022-07-28 12:29:50,064 [INFO] Reply from ptd: 'YokogawaWT310E,1000,1,1,1,1,0,1,1,version=1.9.2-e8c7a49a-20201208,OS=Linux 5.13.0-52-generic #59~20.04.1-Ubuntu SMP Thu Jun 16 21:21:28 UTC 2022 x86_64,mode=power,1,1,1,0,0,no_cal_date,YOKOGAWA;WT310E;C3XA04010E;F1.04'
ptd-server 2022-07-28 12:29:50,064 [INFO] Connected to PTDaemon
ptd-server 2022-07-28 12:29:50,064 [INFO] Sending to ptd: 'RR'
ptd-server 2022-07-28 12:29:50,065 [INFO] Reply from ptd: 'Ranges,0,0.500000,1,300.000000'
ptd-server 2022-07-28 12:29:50,065 [INFO] Initial range for Amps is 0.500000 for Volts is Auto
ptd-server 2022-07-28 12:29:50,065 [INFO] Sending to ptd: 'SR,V,Auto'
ptd-server 2022-07-28 12:29:50,567 [INFO] Reply from ptd: 'Range V changed'
ptd-server 2022-07-28 12:29:50,568 [INFO] Sending to ptd: 'SR,A,Auto'
ptd-server 2022-07-28 12:29:51,070 [INFO] Reply from ptd: 'Range A changed'
ptd-server 2022-07-28 12:30:01,080 [INFO] Starting ranging mode
ptd-server 2022-07-28 12:30:01,080 [INFO] Sending to ptd: 'Go,1000,0,2022-07-28_12-29-32_ranging'
ptd-server 2022-07-28 12:30:01,081 [INFO] Reply from ptd: 'Starting untimed measurement, maximum 500000 samples at 1000ms with 0 rampup samples'
ptd-server 2022-07-28 12:30:01,081 [INFO] Sending reply to client 'OK'
ptd-server 2022-07-28 12:40:24,346 [INFO] Got command from the client 'session,2022-07-28_12-29-32,stop,ranging'
ptd-server 2022-07-28 12:40:34,356 [INFO] Sending to ptd: 'Stop'
ptd-server 2022-07-28 12:40:34,357 [INFO] Reply from ptd: 'Stopping untimed measurement'
ptd-server 2022-07-28 12:40:35,429 [INFO] Sending reply to client 'OK'
ptd-server 2022-07-28 12:40:35,637 [INFO] Got command from the client 'time'
ptd-server 2022-07-28 12:40:35,637 [INFO] Sending reply to client '1659008435.637588'
ptd-server 2022-07-28 12:40:35,641 [INFO] Got command from the client 'session,2022-07-28_12-29-32,start,testing'
ptd-server 2022-07-28 12:40:35,641 [INFO] Sending to ptd: 'SR,V,250.280000'
ptd-server 2022-07-28 12:40:37,143 [INFO] Reply from ptd: 'Range V changed'
ptd-server 2022-07-28 12:40:37,143 [INFO] Sending to ptd: 'SR,A,0.050020'
ptd-server 2022-07-28 12:40:38,644 [INFO] Reply from ptd: 'Range A changed'
ptd-server 2022-07-28 12:40:48,655 [INFO] Starting testing mode
ptd-server 2022-07-28 12:40:48,655 [INFO] Sending to ptd: 'Go,1000,0,2022-07-28_12-29-32_testing'
ptd-server 2022-07-28 12:40:48,655 [INFO] Reply from ptd: 'Starting untimed measurement, maximum 500000 samples at 1000ms with 0 rampup samples'
ptd-server 2022-07-28 12:40:48,656 [INFO] Sending reply to client 'OK'
ptd-server 2022-07-28 12:51:11,971 [INFO] Got command from the client 'session,2022-07-28_12-29-32,stop,testing'
ptd-server 2022-07-28 12:51:21,982 [INFO] Sending to ptd: 'Stop'
ptd-server 2022-07-28 12:51:21,982 [INFO] Reply from ptd: 'Stopping untimed measurement'
ptd-server 2022-07-28 12:51:22,529 [INFO] Sending reply to client 'OK'
ptd-server 2022-07-28 12:51:22,601 [INFO] Got command from the client 'session,2022-07-28_12-29-32,done'
ptd-server 2022-07-28 12:51:22,601 [INFO] Sending to ptd: 'Stop'
ptd-server 2022-07-28 12:51:22,655 [INFO] Reply from ptd: 'Error: no measurement to stop'
ptd-server 2022-07-28 12:51:22,655 [INFO] Sending to ptd: 'SR,V,Auto'
ptd-server 2022-07-28 12:51:23,158 [INFO] Reply from ptd: 'Range V changed'
ptd-server 2022-07-28 12:51:23,158 [INFO] Sending to ptd: 'SR,A,0.500000'
ptd-server 2022-07-28 12:51:24,660 [INFO] Reply from ptd: 'Range A changed'
ptd-server 2022-07-28 12:51:24,660 [INFO] Set initial values for Amps 0.500000 and Volts Auto
ptd-server 2022-07-28 12:51:24,660 [INFO] Stopping ptd...
