ptd-server 2022-08-01 06:47:46,381 [INFO] Got command from the client 'time'
ptd-server 2022-08-01 06:47:46,381 [INFO] Sending reply to client '1659354466.3812985'
ptd-server 2022-08-01 06:47:46,382 [INFO] Got command from the client 'new,,48fb94d5-1dae-468c-abf5-169e2c7781ae'
ptd-server 2022-08-01 06:47:46,383 [INFO] Sending reply to client 'OK 2022-08-01_06-47-46,0768ef06-9922-4d5c-8966-9bc58f8ea334'
ptd-server 2022-08-01 06:47:46,532 [INFO] Got command from the client 'time'
ptd-server 2022-08-01 06:47:46,532 [INFO] Sending reply to client '1659354466.5323014'
ptd-server 2022-08-01 06:47:46,533 [INFO] Got command from the client 'session,2022-08-01_06-47-46,start,ranging'
ptd-server 2022-08-01 06:47:46,533 [INFO] Running PTDaemon: ['/local/mnt/workspace/mlcommons/power-main/inference_v1.0/ptd-linux-x86', '-l', '/tmp/tmp2fo0zny1/ptd_logfile.txt', '-p', '8888', '-c', '1', '52', '/dev/usbtmc0']
ptd-server 2022-08-01 06:48:03,657 [INFO] Sending to ptd: 'Hello'
ptd-server 2022-08-01 06:48:03,658 [INFO] Reply from ptd: 'Hello, PTDaemon here!'
ptd-server 2022-08-01 06:48:03,658 [INFO] Sending to ptd: 'Identify'
ptd-server 2022-08-01 06:48:03,659 [INFO] Reply from ptd: 'YokogawaWT330E,1000,1,1,1,1,0,0,1,version=1.9.2-e8c7a49a-20201208,OS=Linux 5.4.0-105-generic #119~18.04.1-Ubuntu SMP Tue Mar 8 11:21:24 UTC 2022 x86_64,mode=power,1,1,1,0,0,no_cal_date,YOKOGAWA;WT333E;C2XC17005V;F1.04'
ptd-server 2022-08-01 06:48:03,659 [INFO] Connected to PTDaemon
ptd-server 2022-08-01 06:48:03,660 [INFO] Sending to ptd: 'RR'
ptd-server 2022-08-01 06:48:03,660 [INFO] Reply from ptd: 'Ranges,1,2.000000,1,150.000000'
ptd-server 2022-08-01 06:48:03,660 [INFO] Initial range for Amps is Auto for Volts is Auto
ptd-server 2022-08-01 06:48:03,661 [INFO] Sending to ptd: 'SR,V,Auto'
ptd-server 2022-08-01 06:48:04,164 [INFO] Reply from ptd: 'Range V changed'
ptd-server 2022-08-01 06:48:04,164 [INFO] Sending to ptd: 'SR,A,Auto'
ptd-server 2022-08-01 06:48:04,667 [INFO] Reply from ptd: 'Range A changed'
ptd-server 2022-08-01 06:48:14,678 [INFO] Starting ranging mode
ptd-server 2022-08-01 06:48:14,678 [INFO] Sending to ptd: 'Go,1000,0,2022-08-01_06-47-46_ranging'
ptd-server 2022-08-01 06:48:14,679 [INFO] Reply from ptd: 'Starting untimed measurement, maximum 500000 samples at 1000ms with 0 rampup samples'
ptd-server 2022-08-01 06:48:14,679 [INFO] Sending reply to client 'OK'
ptd-server 2022-08-01 06:58:38,101 [INFO] Got command from the client 'session,2022-08-01_06-47-46,stop,ranging'
ptd-server 2022-08-01 06:58:48,112 [INFO] Sending to ptd: 'Stop'
ptd-server 2022-08-01 06:58:48,113 [INFO] Reply from ptd: 'Stopping untimed measurement'
ptd-server 2022-08-01 06:58:48,146 [INFO] Sending reply to client 'OK'
ptd-server 2022-08-01 06:58:48,300 [INFO] Got command from the client 'time'
ptd-server 2022-08-01 06:58:48,300 [INFO] Sending reply to client '1659355128.3003707'
ptd-server 2022-08-01 06:58:48,301 [INFO] Got command from the client 'session,2022-08-01_06-47-46,start,testing'
ptd-server 2022-08-01 06:58:48,301 [INFO] Sending to ptd: 'SR,V,119.360000'
ptd-server 2022-08-01 06:58:50,182 [INFO] Reply from ptd: 'Range V changed'
ptd-server 2022-08-01 06:58:50,182 [INFO] Sending to ptd: 'SR,A,1.156300'
ptd-server 2022-08-01 06:58:51,684 [INFO] Reply from ptd: 'Range A changed'
ptd-server 2022-08-01 06:59:01,695 [INFO] Starting testing mode
ptd-server 2022-08-01 06:59:01,695 [INFO] Sending to ptd: 'Go,1000,0,2022-08-01_06-47-46_testing'
ptd-server 2022-08-01 06:59:01,696 [INFO] Reply from ptd: 'Starting untimed measurement, maximum 500000 samples at 1000ms with 0 rampup samples'
ptd-server 2022-08-01 06:59:01,696 [INFO] Sending reply to client 'OK'
ptd-server 2022-08-01 07:09:25,104 [INFO] Got command from the client 'session,2022-08-01_06-47-46,stop,testing'
ptd-server 2022-08-01 07:09:35,114 [INFO] Sending to ptd: 'Stop'
ptd-server 2022-08-01 07:09:35,115 [INFO] Reply from ptd: 'Stopping untimed measurement'
ptd-server 2022-08-01 07:09:35,132 [INFO] Sending reply to client 'OK'
ptd-server 2022-08-01 07:09:35,136 [INFO] Got command from the client 'session,2022-08-01_06-47-46,done'
ptd-server 2022-08-01 07:09:35,136 [INFO] Sending to ptd: 'Stop'
ptd-server 2022-08-01 07:09:35,697 [INFO] Reply from ptd: 'Error: no measurement to stop'
ptd-server 2022-08-01 07:09:35,697 [INFO] Sending to ptd: 'SR,V,Auto'
ptd-server 2022-08-01 07:09:36,200 [INFO] Reply from ptd: 'Range V changed'
ptd-server 2022-08-01 07:09:36,201 [INFO] Sending to ptd: 'SR,A,Auto'
ptd-server 2022-08-01 07:09:36,704 [INFO] Reply from ptd: 'Range A changed'
ptd-server 2022-08-01 07:09:36,704 [INFO] Set initial values for Amps Auto and Volts Auto
ptd-server 2022-08-01 07:09:36,704 [INFO] Stopping ptd...
