ptd-server 2022-08-01 11:00:39,436 [INFO] Got command from the client 'time'
ptd-server 2022-08-01 11:00:39,437 [INFO] Sending reply to client '1659369639.4369767'
ptd-server 2022-08-01 11:00:39,437 [INFO] Got command from the client 'new,,dac6fab7-7644-49d1-9569-02e21797e30a'
ptd-server 2022-08-01 11:00:39,438 [INFO] Sending reply to client 'OK 2022-08-01_11-00-39,ce5e75ef-0964-4d88-9f85-230727476895'
ptd-server 2022-08-01 11:00:39,540 [INFO] Got command from the client 'time'
ptd-server 2022-08-01 11:00:39,541 [INFO] Sending reply to client '1659369639.5410643'
ptd-server 2022-08-01 11:00:39,542 [INFO] Got command from the client 'session,2022-08-01_11-00-39,start,ranging'
ptd-server 2022-08-01 11:00:39,542 [INFO] Running PTDaemon: ['/local/mnt/workspace/mlcommons/power-main/inference_v1.0/ptd-linux-x86', '-l', '/tmp/tmpxhgxh_gz/ptd_logfile.txt', '-p', '8888', '-c', '1,2', '77', '/dev/usbtmc0']
ptd-server 2022-08-01 11:00:57,171 [INFO] Sending to ptd: 'Hello'
ptd-server 2022-08-01 11:00:57,172 [INFO] Reply from ptd: 'Hello, PTDaemon here!'
ptd-server 2022-08-01 11:00:57,172 [INFO] Sending to ptd: 'Identify'
ptd-server 2022-08-01 11:00:57,173 [INFO] Reply from ptd: 'YokogawaWT330_multichannel,1000,1,1,1,1,0,0,1,version=1.9.2-e8c7a49a-20201208,OS=Linux 5.4.0-96-generic #109~18.04.1-Ubuntu SMP Thu Jan 13 15:06:26 UTC 2022 x86_64,mode=power,1,1,2,0,0,no_cal_date,YOKOGAWA;WT333E;C2XC17004V;F1.04'
ptd-server 2022-08-01 11:00:57,173 [INFO] Connected to PTDaemon
ptd-server 2022-08-01 11:00:57,173 [INFO] Sending to ptd: 'RR'
ptd-server 2022-08-01 11:00:57,174 [INFO] Reply from ptd: 'Ranges,-1,-1.000000,-1,-1.000000'
ptd-server 2022-08-01 11:00:57,174 [INFO] Initial range for Amps is Auto for Volts is Auto
ptd-server 2022-08-01 11:00:57,174 [INFO] Sending to ptd: 'SR,V,Auto'
ptd-server 2022-08-01 11:01:02,228 [INFO] Reply from ptd: 'Range V changed'
ptd-server 2022-08-01 11:01:02,228 [INFO] Sending to ptd: 'SR,A,Auto'
ptd-server 2022-08-01 11:01:07,281 [INFO] Reply from ptd: 'Range A changed'
ptd-server 2022-08-01 11:01:17,292 [INFO] Starting ranging mode
ptd-server 2022-08-01 11:01:17,292 [INFO] Sending to ptd: 'Go,1000,0,2022-08-01_11-00-39_ranging'
ptd-server 2022-08-01 11:01:17,293 [INFO] Reply from ptd: 'Starting untimed measurement, maximum 500000 samples at 1000ms with 0 rampup samples'
ptd-server 2022-08-01 11:01:17,293 [INFO] Sending reply to client 'OK'
ptd-server 2022-08-01 11:15:28,169 [INFO] Got command from the client 'session,2022-08-01_11-00-39,stop,ranging'
ptd-server 2022-08-01 11:15:38,179 [INFO] Sending to ptd: 'Stop'
ptd-server 2022-08-01 11:15:38,180 [INFO] Reply from ptd: 'Stopping untimed measurement'
ptd-server 2022-08-01 11:15:38,361 [INFO] Sending reply to client 'OK'
ptd-server 2022-08-01 11:15:38,466 [INFO] Got command from the client 'time'
ptd-server 2022-08-01 11:15:38,466 [INFO] Sending reply to client '1659370538.4663222'
ptd-server 2022-08-01 11:15:38,467 [INFO] Got command from the client 'session,2022-08-01_11-00-39,start,testing'
ptd-server 2022-08-01 11:15:38,467 [INFO] Sending to ptd: 'SR,V,208.780000'
ptd-server 2022-08-01 11:15:44,519 [INFO] Reply from ptd: 'Range V changed'
ptd-server 2022-08-01 11:15:44,520 [INFO] Sending to ptd: 'SR,A,3.705100'
ptd-server 2022-08-01 11:15:50,072 [INFO] Reply from ptd: 'Range A changed'
ptd-server 2022-08-01 11:16:00,083 [INFO] Starting testing mode
ptd-server 2022-08-01 11:16:00,083 [INFO] Sending to ptd: 'Go,1000,0,2022-08-01_11-00-39_testing'
ptd-server 2022-08-01 11:16:00,084 [INFO] Reply from ptd: 'Starting untimed measurement, maximum 500000 samples at 1000ms with 0 rampup samples'
ptd-server 2022-08-01 11:16:00,084 [INFO] Sending reply to client 'OK'
ptd-server 2022-08-01 11:31:17,563 [INFO] Got command from the client 'session,2022-08-01_11-00-39,stop,testing'
ptd-server 2022-08-01 11:31:27,574 [INFO] Sending to ptd: 'Stop'
ptd-server 2022-08-01 11:31:27,574 [INFO] Reply from ptd: 'Stopping untimed measurement'
ptd-server 2022-08-01 11:31:27,668 [INFO] Sending reply to client 'OK'
ptd-server 2022-08-01 11:31:27,673 [INFO] Got command from the client 'session,2022-08-01_11-00-39,done'
ptd-server 2022-08-01 11:31:27,673 [INFO] Sending to ptd: 'Stop'
ptd-server 2022-08-01 11:31:28,084 [INFO] Reply from ptd: 'Error: no measurement to stop'
ptd-server 2022-08-01 11:31:28,084 [INFO] Sending to ptd: 'SR,V,Auto'
ptd-server 2022-08-01 11:31:33,138 [INFO] Reply from ptd: 'Range V changed'
ptd-server 2022-08-01 11:31:33,138 [INFO] Sending to ptd: 'SR,A,Auto'
ptd-server 2022-08-01 11:31:38,192 [INFO] Reply from ptd: 'Range A changed'
ptd-server 2022-08-01 11:31:38,192 [INFO] Set initial values for Amps Auto and Volts Auto
ptd-server 2022-08-01 11:31:38,192 [INFO] Stopping ptd...
