ptd-server 2022-08-01 15:55:44,284 [INFO] Got command from the client 'time'
ptd-server 2022-08-01 15:55:44,284 [INFO] Sending reply to client '1659365744.284669'
ptd-server 2022-08-01 15:55:44,285 [INFO] Got command from the client 'new,,1aa27b22-e884-46cc-b143-8eece614b5c8'
ptd-server 2022-08-01 15:55:44,286 [INFO] Sending reply to client 'OK 2022-08-01_15-55-44,c07e2cb5-1b8d-4b74-85c0-988fb1fd8c09'
ptd-server 2022-08-01 15:55:44,316 [INFO] Got command from the client 'time'
ptd-server 2022-08-01 15:55:44,317 [INFO] Sending reply to client '1659365744.3170035'
ptd-server 2022-08-01 15:55:44,317 [INFO] Got command from the client 'session,2022-08-01_15-55-44,start,ranging'
ptd-server 2022-08-01 15:55:44,318 [INFO] Running PTDaemon: ['/home/anton/projects/mlperf/power/inference_v1.0/ptd-linux-x86', '-l', '/tmp/tmp7lgbo8s4/ptd_logfile.txt', '-p', '8888', '49', '/dev/usbtmc0']
ptd-server 2022-08-01 15:56:01,492 [INFO] Sending to ptd: 'Hello'
ptd-server 2022-08-01 15:56:01,493 [INFO] Reply from ptd: 'Hello, PTDaemon here!'
ptd-server 2022-08-01 15:56:01,493 [INFO] Sending to ptd: 'Identify'
ptd-server 2022-08-01 15:56:01,493 [INFO] Reply from ptd: 'YokogawaWT310E,1000,1,1,1,1,0,1,1,version=1.9.2-e8c7a49a-20201208,OS=Linux 5.13.0-52-generic #59~20.04.1-Ubuntu SMP Thu Jun 16 21:21:28 UTC 2022 x86_64,mode=power,1,1,1,0,0,no_cal_date,YOKOGAWA;WT310E;C3XA04010E;F1.04'
ptd-server 2022-08-01 15:56:01,493 [INFO] Connected to PTDaemon
ptd-server 2022-08-01 15:56:01,493 [INFO] Sending to ptd: 'RR'
ptd-server 2022-08-01 15:56:01,494 [INFO] Reply from ptd: 'Ranges,0,0.500000,1,300.000000'
ptd-server 2022-08-01 15:56:01,494 [INFO] Initial range for Amps is 0.500000 for Volts is Auto
ptd-server 2022-08-01 15:56:01,494 [INFO] Sending to ptd: 'SR,V,Auto'
ptd-server 2022-08-01 15:56:01,997 [INFO] Reply from ptd: 'Range V changed'
ptd-server 2022-08-01 15:56:01,997 [INFO] Sending to ptd: 'SR,A,Auto'
ptd-server 2022-08-01 15:56:02,499 [INFO] Reply from ptd: 'Range A changed'
ptd-server 2022-08-01 15:56:12,509 [INFO] Starting ranging mode
ptd-server 2022-08-01 15:56:12,510 [INFO] Sending to ptd: 'Go,1000,0,2022-08-01_15-55-44_ranging'
ptd-server 2022-08-01 15:56:12,510 [INFO] Reply from ptd: 'Starting untimed measurement, maximum 500000 samples at 1000ms with 0 rampup samples'
ptd-server 2022-08-01 15:56:12,510 [INFO] Sending reply to client 'OK'
ptd-server 2022-08-01 16:06:29,806 [INFO] Got command from the client 'session,2022-08-01_15-55-44,stop,ranging'
ptd-server 2022-08-01 16:06:39,816 [INFO] Sending to ptd: 'Stop'
ptd-server 2022-08-01 16:06:39,817 [INFO] Reply from ptd: 'Stopping untimed measurement'
ptd-server 2022-08-01 16:06:41,216 [INFO] Sending reply to client 'OK'
ptd-server 2022-08-01 16:06:41,262 [INFO] Got command from the client 'time'
ptd-server 2022-08-01 16:06:41,262 [INFO] Sending reply to client '1659366401.2627988'
ptd-server 2022-08-01 16:06:41,264 [INFO] Got command from the client 'session,2022-08-01_15-55-44,start,testing'
ptd-server 2022-08-01 16:06:41,264 [INFO] Sending to ptd: 'SR,V,250.850000'
ptd-server 2022-08-01 16:06:42,765 [INFO] Reply from ptd: 'Range V changed'
ptd-server 2022-08-01 16:06:42,765 [INFO] Sending to ptd: 'SR,A,0.255270'
ptd-server 2022-08-01 16:06:44,267 [INFO] Reply from ptd: 'Range A changed'
ptd-server 2022-08-01 16:06:54,277 [INFO] Starting testing mode
ptd-server 2022-08-01 16:06:54,277 [INFO] Sending to ptd: 'Go,1000,0,2022-08-01_15-55-44_testing'
ptd-server 2022-08-01 16:06:54,278 [INFO] Reply from ptd: 'Starting untimed measurement, maximum 500000 samples at 1000ms with 0 rampup samples'
ptd-server 2022-08-01 16:06:54,278 [INFO] Sending reply to client 'OK'
ptd-server 2022-08-01 16:17:08,538 [INFO] Got command from the client 'session,2022-08-01_15-55-44,stop,testing'
ptd-server 2022-08-01 16:17:18,548 [INFO] Sending to ptd: 'Stop'
ptd-server 2022-08-01 16:17:18,549 [INFO] Reply from ptd: 'Stopping untimed measurement'
ptd-server 2022-08-01 16:17:19,276 [INFO] Sending reply to client 'OK'
ptd-server 2022-08-01 16:17:19,290 [INFO] Got command from the client 'session,2022-08-01_15-55-44,done'
ptd-server 2022-08-01 16:17:19,290 [INFO] Sending to ptd: 'Stop'
ptd-server 2022-08-01 16:17:19,290 [INFO] Reply from ptd: 'Error: no measurement to stop'
ptd-server 2022-08-01 16:17:19,290 [INFO] Sending to ptd: 'SR,V,Auto'
ptd-server 2022-08-01 16:17:19,793 [INFO] Reply from ptd: 'Range V changed'
ptd-server 2022-08-01 16:17:19,793 [INFO] Sending to ptd: 'SR,A,0.500000'
ptd-server 2022-08-01 16:17:21,294 [INFO] Reply from ptd: 'Range A changed'
ptd-server 2022-08-01 16:17:21,294 [INFO] Set initial values for Amps 0.500000 and Volts Auto
ptd-server 2022-08-01 16:17:21,295 [INFO] Stopping ptd...
