ptd-server 2022-07-31 13:24:08,987 [INFO] Got command from the client 'time'
ptd-server 2022-07-31 13:24:08,987 [INFO] Sending reply to client '1659270248.9873059'
ptd-server 2022-07-31 13:24:08,988 [INFO] Got command from the client 'new,,beb0719d-48a1-4386-ad89-f51aff376856'
ptd-server 2022-07-31 13:24:08,988 [INFO] Sending reply to client 'OK 2022-07-31_13-24-08,3f0e99e7-bc24-4f42-8637-4b6adae04b2e'
ptd-server 2022-07-31 13:24:09,016 [INFO] Got command from the client 'time'
ptd-server 2022-07-31 13:24:09,017 [INFO] Sending reply to client '1659270249.0170734'
ptd-server 2022-07-31 13:24:09,017 [INFO] Got command from the client 'session,2022-07-31_13-24-08,start,ranging'
ptd-server 2022-07-31 13:24:09,018 [INFO] Running PTDaemon: ['/home/anton/projects/mlperf/power/inference_v1.0/ptd-linux-x86', '-l', '/tmp/tmp7lgbo8s4/ptd_logfile.txt', '-p', '8888', '49', '/dev/usbtmc0']
ptd-server 2022-07-31 13:24:26,191 [INFO] Sending to ptd: 'Hello'
ptd-server 2022-07-31 13:24:26,192 [INFO] Reply from ptd: 'Hello, PTDaemon here!'
ptd-server 2022-07-31 13:24:26,192 [INFO] Sending to ptd: 'Identify'
ptd-server 2022-07-31 13:24:26,192 [INFO] Reply from ptd: 'YokogawaWT310E,1000,1,1,1,1,0,1,1,version=1.9.2-e8c7a49a-20201208,OS=Linux 5.13.0-52-generic #59~20.04.1-Ubuntu SMP Thu Jun 16 21:21:28 UTC 2022 x86_64,mode=power,1,1,1,0,0,no_cal_date,YOKOGAWA;WT310E;C3XA04010E;F1.04'
ptd-server 2022-07-31 13:24:26,192 [INFO] Connected to PTDaemon
ptd-server 2022-07-31 13:24:26,193 [INFO] Sending to ptd: 'RR'
ptd-server 2022-07-31 13:24:26,193 [INFO] Reply from ptd: 'Ranges,0,0.500000,1,300.000000'
ptd-server 2022-07-31 13:24:26,193 [INFO] Initial range for Amps is 0.500000 for Volts is Auto
ptd-server 2022-07-31 13:24:26,193 [INFO] Sending to ptd: 'SR,V,Auto'
ptd-server 2022-07-31 13:24:26,696 [INFO] Reply from ptd: 'Range V changed'
ptd-server 2022-07-31 13:24:26,696 [INFO] Sending to ptd: 'SR,A,Auto'
ptd-server 2022-07-31 13:24:27,198 [INFO] Reply from ptd: 'Range A changed'
ptd-server 2022-07-31 13:24:37,209 [INFO] Starting ranging mode
ptd-server 2022-07-31 13:24:37,209 [INFO] Sending to ptd: 'Go,1000,0,2022-07-31_13-24-08_ranging'
ptd-server 2022-07-31 13:24:37,209 [INFO] Reply from ptd: 'Starting untimed measurement, maximum 500000 samples at 1000ms with 0 rampup samples'
ptd-server 2022-07-31 13:24:37,210 [INFO] Sending reply to client 'OK'
ptd-server 2022-07-31 13:35:03,163 [INFO] Got command from the client 'session,2022-07-31_13-24-08,stop,ranging'
ptd-server 2022-07-31 13:35:13,173 [INFO] Sending to ptd: 'Stop'
ptd-server 2022-07-31 13:35:13,174 [INFO] Reply from ptd: 'Stopping untimed measurement'
ptd-server 2022-07-31 13:35:14,472 [INFO] Sending reply to client 'OK'
ptd-server 2022-07-31 13:35:14,533 [INFO] Got command from the client 'time'
ptd-server 2022-07-31 13:35:14,533 [INFO] Sending reply to client '1659270914.533348'
ptd-server 2022-07-31 13:35:14,534 [INFO] Got command from the client 'session,2022-07-31_13-24-08,start,testing'
ptd-server 2022-07-31 13:35:14,534 [INFO] Sending to ptd: 'SR,V,249.520000'
ptd-server 2022-07-31 13:35:16,036 [INFO] Reply from ptd: 'Range V changed'
ptd-server 2022-07-31 13:35:16,036 [INFO] Sending to ptd: 'SR,A,0.266190'
ptd-server 2022-07-31 13:35:17,537 [INFO] Reply from ptd: 'Range A changed'
ptd-server 2022-07-31 13:35:27,547 [INFO] Starting testing mode
ptd-server 2022-07-31 13:35:27,548 [INFO] Sending to ptd: 'Go,1000,0,2022-07-31_13-24-08_testing'
ptd-server 2022-07-31 13:35:27,548 [INFO] Reply from ptd: 'Starting untimed measurement, maximum 500000 samples at 1000ms with 0 rampup samples'
ptd-server 2022-07-31 13:35:27,548 [INFO] Sending reply to client 'OK'
ptd-server 2022-07-31 13:45:41,460 [INFO] Got command from the client 'session,2022-07-31_13-24-08,stop,testing'
ptd-server 2022-07-31 13:45:51,470 [INFO] Sending to ptd: 'Stop'
ptd-server 2022-07-31 13:45:51,470 [INFO] Reply from ptd: 'Stopping untimed measurement'
ptd-server 2022-07-31 13:45:52,133 [INFO] Sending reply to client 'OK'
ptd-server 2022-07-31 13:45:52,148 [INFO] Got command from the client 'session,2022-07-31_13-24-08,done'
ptd-server 2022-07-31 13:45:52,148 [INFO] Sending to ptd: 'Stop'
ptd-server 2022-07-31 13:45:52,149 [INFO] Reply from ptd: 'Error: no measurement to stop'
ptd-server 2022-07-31 13:45:52,149 [INFO] Sending to ptd: 'SR,V,Auto'
ptd-server 2022-07-31 13:45:52,651 [INFO] Reply from ptd: 'Range V changed'
ptd-server 2022-07-31 13:45:52,652 [INFO] Sending to ptd: 'SR,A,0.500000'
ptd-server 2022-07-31 13:45:54,153 [INFO] Reply from ptd: 'Range A changed'
ptd-server 2022-07-31 13:45:54,153 [INFO] Set initial values for Amps 0.500000 and Volts Auto
ptd-server 2022-07-31 13:45:54,153 [INFO] Stopping ptd...
