ptd-server 2022-07-27 15:19:52,011 [INFO] Got command from the client 'time'
ptd-server 2022-07-27 15:19:52,011 [INFO] Sending reply to client '1658931592.011669'
ptd-server 2022-07-27 15:19:52,015 [INFO] Got command from the client 'new,,2e6da13b-701e-4e2c-bb4e-985d0a2bb94e'
ptd-server 2022-07-27 15:19:52,015 [INFO] Sending reply to client 'OK 2022-07-27_15-19-52,655e8f72-8d2c-4663-870f-c9d4f73f7020'
ptd-server 2022-07-27 15:19:52,051 [INFO] Got command from the client 'time'
ptd-server 2022-07-27 15:19:52,052 [INFO] Sending reply to client '1658931592.0521033'
ptd-server 2022-07-27 15:19:52,056 [INFO] Got command from the client 'session,2022-07-27_15-19-52,start,ranging'
ptd-server 2022-07-27 15:19:52,056 [INFO] Running PTDaemon: ['/home/anton/projects/mlperf/power/inference_v1.0/ptd-linux-x86', '-l', '/tmp/tmp7lgbo8s4/ptd_logfile.txt', '-p', '8888', '49', '/dev/usbtmc0']
ptd-server 2022-07-27 15:20:09,231 [INFO] Sending to ptd: 'Hello'
ptd-server 2022-07-27 15:20:09,231 [INFO] Reply from ptd: 'Hello, PTDaemon here!'
ptd-server 2022-07-27 15:20:09,232 [INFO] Sending to ptd: 'Identify'
ptd-server 2022-07-27 15:20:09,232 [INFO] Reply from ptd: 'YokogawaWT310E,1000,1,1,1,1,0,1,1,version=1.9.2-e8c7a49a-20201208,OS=Linux 5.13.0-52-generic #59~20.04.1-Ubuntu SMP Thu Jun 16 21:21:28 UTC 2022 x86_64,mode=power,1,1,1,0,0,no_cal_date,YOKOGAWA;WT310E;C3XA04010E;F1.04'
ptd-server 2022-07-27 15:20:09,232 [INFO] Connected to PTDaemon
ptd-server 2022-07-27 15:20:09,232 [INFO] Sending to ptd: 'RR'
ptd-server 2022-07-27 15:20:09,232 [INFO] Reply from ptd: 'Ranges,0,0.500000,1,300.000000'
ptd-server 2022-07-27 15:20:09,233 [INFO] Initial range for Amps is 0.500000 for Volts is Auto
ptd-server 2022-07-27 15:20:09,233 [INFO] Sending to ptd: 'SR,V,Auto'
ptd-server 2022-07-27 15:20:09,735 [INFO] Reply from ptd: 'Range V changed'
ptd-server 2022-07-27 15:20:09,735 [INFO] Sending to ptd: 'SR,A,Auto'
ptd-server 2022-07-27 15:20:10,238 [INFO] Reply from ptd: 'Range A changed'
ptd-server 2022-07-27 15:20:20,248 [INFO] Starting ranging mode
ptd-server 2022-07-27 15:20:20,248 [INFO] Sending to ptd: 'Go,1000,0,2022-07-27_15-19-52_ranging'
ptd-server 2022-07-27 15:20:20,249 [INFO] Reply from ptd: 'Starting untimed measurement, maximum 500000 samples at 1000ms with 0 rampup samples'
ptd-server 2022-07-27 15:20:20,249 [INFO] Sending reply to client 'OK'
ptd-server 2022-07-27 15:30:35,567 [INFO] Got command from the client 'session,2022-07-27_15-19-52,stop,ranging'
ptd-server 2022-07-27 15:30:45,577 [INFO] Sending to ptd: 'Stop'
ptd-server 2022-07-27 15:30:45,578 [INFO] Reply from ptd: 'Stopping untimed measurement'
ptd-server 2022-07-27 15:30:46,549 [INFO] Sending reply to client 'OK'
ptd-server 2022-07-27 15:30:46,668 [INFO] Got command from the client 'time'
ptd-server 2022-07-27 15:30:46,668 [INFO] Sending reply to client '1658932246.6684444'
ptd-server 2022-07-27 15:30:46,672 [INFO] Got command from the client 'session,2022-07-27_15-19-52,start,testing'
ptd-server 2022-07-27 15:30:46,672 [INFO] Sending to ptd: 'SR,V,250.500000'
ptd-server 2022-07-27 15:30:48,174 [INFO] Reply from ptd: 'Range V changed'
ptd-server 2022-07-27 15:30:48,174 [INFO] Sending to ptd: 'SR,A,0.042260'
ptd-server 2022-07-27 15:30:49,675 [INFO] Reply from ptd: 'Range A changed'
ptd-server 2022-07-27 15:30:59,686 [INFO] Starting testing mode
ptd-server 2022-07-27 15:30:59,686 [INFO] Sending to ptd: 'Go,1000,0,2022-07-27_15-19-52_testing'
ptd-server 2022-07-27 15:30:59,686 [INFO] Reply from ptd: 'Starting untimed measurement, maximum 500000 samples at 1000ms with 0 rampup samples'
ptd-server 2022-07-27 15:30:59,687 [INFO] Sending reply to client 'OK'
ptd-server 2022-07-27 15:41:14,851 [INFO] Got command from the client 'session,2022-07-27_15-19-52,stop,testing'
ptd-server 2022-07-27 15:41:24,861 [INFO] Sending to ptd: 'Stop'
ptd-server 2022-07-27 15:41:24,861 [INFO] Reply from ptd: 'Stopping untimed measurement'
ptd-server 2022-07-27 15:41:25,362 [INFO] Sending reply to client 'OK'
ptd-server 2022-07-27 15:41:25,469 [INFO] Got command from the client 'session,2022-07-27_15-19-52,done'
ptd-server 2022-07-27 15:41:25,469 [INFO] Sending to ptd: 'Stop'
ptd-server 2022-07-27 15:41:25,687 [INFO] Reply from ptd: 'Error: no measurement to stop'
ptd-server 2022-07-27 15:41:25,687 [INFO] Sending to ptd: 'SR,V,Auto'
ptd-server 2022-07-27 15:41:26,190 [INFO] Reply from ptd: 'Range V changed'
ptd-server 2022-07-27 15:41:26,190 [INFO] Sending to ptd: 'SR,A,0.500000'
ptd-server 2022-07-27 15:41:27,691 [INFO] Reply from ptd: 'Range A changed'
ptd-server 2022-07-27 15:41:27,691 [INFO] Set initial values for Amps 0.500000 and Volts Auto
ptd-server 2022-07-27 15:41:27,692 [INFO] Stopping ptd...
