ptd-server 2022-07-28 10:18:11,927 [INFO] Got command from the client 'time'
ptd-server 2022-07-28 10:18:11,927 [INFO] Sending reply to client '1658999891.9271457'
ptd-server 2022-07-28 10:18:11,930 [INFO] Got command from the client 'new,,9ec5be2a-2f71-48b7-b8c1-725d4119f376'
ptd-server 2022-07-28 10:18:11,930 [INFO] Sending reply to client 'OK 2022-07-28_10-18-11,40d0bcc0-a12d-4a1e-92aa-e68d75f892d1'
ptd-server 2022-07-28 10:18:11,968 [INFO] Got command from the client 'time'
ptd-server 2022-07-28 10:18:11,968 [INFO] Sending reply to client '1658999891.9682844'
ptd-server 2022-07-28 10:18:11,974 [INFO] Got command from the client 'session,2022-07-28_10-18-11,start,ranging'
ptd-server 2022-07-28 10:18:11,975 [INFO] Running PTDaemon: ['/home/anton/projects/mlperf/power/inference_v1.0/ptd-linux-x86', '-l', '/tmp/tmp7lgbo8s4/ptd_logfile.txt', '-p', '8888', '49', '/dev/usbtmc0']
ptd-server 2022-07-28 10:18:29,150 [INFO] Sending to ptd: 'Hello'
ptd-server 2022-07-28 10:18:29,150 [INFO] Reply from ptd: 'Hello, PTDaemon here!'
ptd-server 2022-07-28 10:18:29,150 [INFO] Sending to ptd: 'Identify'
ptd-server 2022-07-28 10:18:29,151 [INFO] Reply from ptd: 'YokogawaWT310E,1000,1,1,1,1,0,1,1,version=1.9.2-e8c7a49a-20201208,OS=Linux 5.13.0-52-generic #59~20.04.1-Ubuntu SMP Thu Jun 16 21:21:28 UTC 2022 x86_64,mode=power,1,1,1,0,0,no_cal_date,YOKOGAWA;WT310E;C3XA04010E;F1.04'
ptd-server 2022-07-28 10:18:29,151 [INFO] Connected to PTDaemon
ptd-server 2022-07-28 10:18:29,151 [INFO] Sending to ptd: 'RR'
ptd-server 2022-07-28 10:18:29,151 [INFO] Reply from ptd: 'Ranges,0,0.500000,1,300.000000'
ptd-server 2022-07-28 10:18:29,152 [INFO] Initial range for Amps is 0.500000 for Volts is Auto
ptd-server 2022-07-28 10:18:29,152 [INFO] Sending to ptd: 'SR,V,Auto'
ptd-server 2022-07-28 10:18:29,654 [INFO] Reply from ptd: 'Range V changed'
ptd-server 2022-07-28 10:18:29,654 [INFO] Sending to ptd: 'SR,A,Auto'
ptd-server 2022-07-28 10:18:30,157 [INFO] Reply from ptd: 'Range A changed'
ptd-server 2022-07-28 10:18:40,167 [INFO] Starting ranging mode
ptd-server 2022-07-28 10:18:40,167 [INFO] Sending to ptd: 'Go,1000,0,2022-07-28_10-18-11_ranging'
ptd-server 2022-07-28 10:18:40,168 [INFO] Reply from ptd: 'Starting untimed measurement, maximum 500000 samples at 1000ms with 0 rampup samples'
ptd-server 2022-07-28 10:18:40,168 [INFO] Sending reply to client 'OK'
ptd-server 2022-07-28 10:29:04,002 [INFO] Got command from the client 'session,2022-07-28_10-18-11,stop,ranging'
ptd-server 2022-07-28 10:29:14,013 [INFO] Sending to ptd: 'Stop'
ptd-server 2022-07-28 10:29:14,013 [INFO] Reply from ptd: 'Stopping untimed measurement'
ptd-server 2022-07-28 10:29:15,070 [INFO] Sending reply to client 'OK'
ptd-server 2022-07-28 10:29:15,154 [INFO] Got command from the client 'time'
ptd-server 2022-07-28 10:29:15,154 [INFO] Sending reply to client '1659000555.154175'
ptd-server 2022-07-28 10:29:15,159 [INFO] Got command from the client 'session,2022-07-28_10-18-11,start,testing'
ptd-server 2022-07-28 10:29:15,159 [INFO] Sending to ptd: 'SR,V,250.610000'
ptd-server 2022-07-28 10:29:16,661 [INFO] Reply from ptd: 'Range V changed'
ptd-server 2022-07-28 10:29:16,661 [INFO] Sending to ptd: 'SR,A,0.048210'
ptd-server 2022-07-28 10:29:18,162 [INFO] Reply from ptd: 'Range A changed'
ptd-server 2022-07-28 10:29:28,173 [INFO] Starting testing mode
ptd-server 2022-07-28 10:29:28,173 [INFO] Sending to ptd: 'Go,1000,0,2022-07-28_10-18-11_testing'
ptd-server 2022-07-28 10:29:28,173 [INFO] Reply from ptd: 'Starting untimed measurement, maximum 500000 samples at 1000ms with 0 rampup samples'
ptd-server 2022-07-28 10:29:28,173 [INFO] Sending reply to client 'OK'
ptd-server 2022-07-28 10:39:51,622 [INFO] Got command from the client 'session,2022-07-28_10-18-11,stop,testing'
ptd-server 2022-07-28 10:40:01,632 [INFO] Sending to ptd: 'Stop'
ptd-server 2022-07-28 10:40:01,633 [INFO] Reply from ptd: 'Stopping untimed measurement'
ptd-server 2022-07-28 10:40:02,178 [INFO] Sending reply to client 'OK'
ptd-server 2022-07-28 10:40:02,199 [INFO] Got command from the client 'session,2022-07-28_10-18-11,done'
ptd-server 2022-07-28 10:40:02,199 [INFO] Sending to ptd: 'Stop'
ptd-server 2022-07-28 10:40:02,199 [INFO] Reply from ptd: 'Error: no measurement to stop'
ptd-server 2022-07-28 10:40:02,199 [INFO] Sending to ptd: 'SR,V,Auto'
ptd-server 2022-07-28 10:40:02,702 [INFO] Reply from ptd: 'Range V changed'
ptd-server 2022-07-28 10:40:02,702 [INFO] Sending to ptd: 'SR,A,0.500000'
ptd-server 2022-07-28 10:40:04,203 [INFO] Reply from ptd: 'Range A changed'
ptd-server 2022-07-28 10:40:04,204 [INFO] Set initial values for Amps 0.500000 and Volts Auto
ptd-server 2022-07-28 10:40:04,204 [INFO] Stopping ptd...
