ptd-server 2022-08-05 12:56:33,732 [INFO] Got command from the client 'time'
ptd-server 2022-08-05 12:56:33,733 [INFO] Sending reply to client '1659722193.733133'
ptd-server 2022-08-05 12:56:33,735 [INFO] Got command from the client 'new,,397058de-a2b9-4010-b3b1-ada2b4808c48'
ptd-server 2022-08-05 12:56:33,736 [INFO] Sending reply to client 'OK 2022-08-05_12-56-33,d6d92da6-8945-4288-a9aa-49c63267ce0e'
ptd-server 2022-08-05 12:56:33,823 [INFO] Got command from the client 'time'
ptd-server 2022-08-05 12:56:33,823 [INFO] Sending reply to client '1659722193.823333'
ptd-server 2022-08-05 12:56:33,826 [INFO] Got command from the client 'session,2022-08-05_12-56-33,start,ranging'
ptd-server 2022-08-05 12:56:33,826 [INFO] Running PTDaemon: ['/local/mnt/workspace/mlcommons/power-main/inference_v1.0/ptd-linux-x86', '-l', '/tmp/tmpsbncd2hd/ptd_logfile.txt', '-p', '8889', '-c', '2', '52', '/dev/usbtmc0']
ptd-server 2022-08-05 12:56:50,947 [INFO] Sending to ptd: 'Hello'
ptd-server 2022-08-05 12:56:50,948 [INFO] Reply from ptd: 'Hello, PTDaemon here!'
ptd-server 2022-08-05 12:56:50,948 [INFO] Sending to ptd: 'Identify'
ptd-server 2022-08-05 12:56:50,949 [INFO] Reply from ptd: 'YokogawaWT330,1000,1,1,1,1,0,0,1,version=1.9.2-e8c7a49a-20201208,OS=Linux 5.4.0-120-generic #136~18.04.1-Ubuntu SMP Fri Jun 10 18:00:44 UTC 2022 x86_64,mode=power,1,1,1,0,0,no_cal_date,YOKOGAWA;WT333;C2QH26002V;F1.06'
ptd-server 2022-08-05 12:56:50,949 [INFO] Connected to PTDaemon
ptd-server 2022-08-05 12:56:50,949 [INFO] Sending to ptd: 'RR'
ptd-server 2022-08-05 12:56:50,950 [INFO] Reply from ptd: 'Ranges,1,0.500000,1,150.000000'
ptd-server 2022-08-05 12:56:50,950 [INFO] Initial range for Amps is Auto for Volts is Auto
ptd-server 2022-08-05 12:56:50,950 [INFO] Sending to ptd: 'SR,V,Auto'
ptd-server 2022-08-05 12:56:51,453 [INFO] Reply from ptd: 'Range V changed'
ptd-server 2022-08-05 12:56:51,454 [INFO] Sending to ptd: 'SR,A,Auto'
ptd-server 2022-08-05 12:56:51,957 [INFO] Reply from ptd: 'Range A changed'
ptd-server 2022-08-05 12:57:01,967 [INFO] Starting ranging mode
ptd-server 2022-08-05 12:57:01,968 [INFO] Sending to ptd: 'Go,1000,0,2022-08-05_12-56-33_ranging'
ptd-server 2022-08-05 12:57:01,968 [INFO] Reply from ptd: 'Starting untimed measurement, maximum 500000 samples at 1000ms with 0 rampup samples'
ptd-server 2022-08-05 12:57:01,969 [INFO] Sending reply to client 'OK'
ptd-server 2022-08-05 13:07:20,904 [INFO] Got command from the client 'session,2022-08-05_12-56-33,stop,ranging'
ptd-server 2022-08-05 13:07:30,914 [INFO] Sending to ptd: 'Stop'
ptd-server 2022-08-05 13:07:30,915 [INFO] Reply from ptd: 'Stopping untimed measurement'
ptd-server 2022-08-05 13:07:30,954 [INFO] Sending reply to client 'OK'
ptd-server 2022-08-05 13:07:31,095 [INFO] Got command from the client 'time'
ptd-server 2022-08-05 13:07:31,095 [INFO] Sending reply to client '1659722851.0958955'
ptd-server 2022-08-05 13:07:31,099 [INFO] Got command from the client 'session,2022-08-05_12-56-33,start,testing'
ptd-server 2022-08-05 13:07:31,099 [INFO] Sending to ptd: 'SR,V,118.330000'
ptd-server 2022-08-05 13:07:32,601 [INFO] Reply from ptd: 'Range V changed'
ptd-server 2022-08-05 13:07:32,602 [INFO] Sending to ptd: 'SR,A,0.141210'
ptd-server 2022-08-05 13:07:34,104 [INFO] Reply from ptd: 'Range A changed'
ptd-server 2022-08-05 13:07:44,115 [INFO] Starting testing mode
ptd-server 2022-08-05 13:07:44,115 [INFO] Sending to ptd: 'Go,1000,0,2022-08-05_12-56-33_testing'
ptd-server 2022-08-05 13:07:44,115 [INFO] Reply from ptd: 'Starting untimed measurement, maximum 500000 samples at 1000ms with 0 rampup samples'
ptd-server 2022-08-05 13:07:44,116 [INFO] Sending reply to client 'OK'
ptd-server 2022-08-05 13:18:03,848 [INFO] Got command from the client 'session,2022-08-05_12-56-33,stop,testing'
ptd-server 2022-08-05 13:18:13,858 [INFO] Sending to ptd: 'Stop'
ptd-server 2022-08-05 13:18:13,859 [INFO] Reply from ptd: 'Stopping untimed measurement'
ptd-server 2022-08-05 13:18:13,880 [INFO] Sending reply to client 'OK'
ptd-server 2022-08-05 13:18:13,901 [INFO] Got command from the client 'session,2022-08-05_12-56-33,done'
ptd-server 2022-08-05 13:18:13,901 [INFO] Sending to ptd: 'Stop'
ptd-server 2022-08-05 13:18:14,116 [INFO] Reply from ptd: 'Error: no measurement to stop'
ptd-server 2022-08-05 13:18:14,116 [INFO] Sending to ptd: 'SR,V,Auto'
ptd-server 2022-08-05 13:18:14,619 [INFO] Reply from ptd: 'Range V changed'
ptd-server 2022-08-05 13:18:14,619 [INFO] Sending to ptd: 'SR,A,Auto'
ptd-server 2022-08-05 13:18:15,122 [INFO] Reply from ptd: 'Range A changed'
ptd-server 2022-08-05 13:18:15,123 [INFO] Set initial values for Amps Auto and Volts Auto
ptd-server 2022-08-05 13:18:15,123 [INFO] Stopping ptd...
