ptd-server 2022-07-27 22:33:19,078 [INFO] Got command from the client 'time'
ptd-server 2022-07-27 22:33:19,078 [INFO] Sending reply to client '1658957599.0784497'
ptd-server 2022-07-27 22:33:19,082 [INFO] Got command from the client 'new,,002f7a17-cd27-4615-a627-c996d84d8b75'
ptd-server 2022-07-27 22:33:19,083 [INFO] Sending reply to client 'OK 2022-07-27_22-33-19,ad694af4-a838-4203-9e3a-c90118cf585f'
ptd-server 2022-07-27 22:33:19,179 [INFO] Got command from the client 'time'
ptd-server 2022-07-27 22:33:19,180 [INFO] Sending reply to client '1658957599.1800616'
ptd-server 2022-07-27 22:33:19,184 [INFO] Got command from the client 'session,2022-07-27_22-33-19,start,ranging'
ptd-server 2022-07-27 22:33:19,185 [INFO] Running PTDaemon: ['/home/anton/projects/mlperf/power/inference_v1.0/ptd-linux-x86', '-l', '/tmp/tmp7lgbo8s4/ptd_logfile.txt', '-p', '8888', '49', '/dev/usbtmc0']
ptd-server 2022-07-27 22:33:36,360 [INFO] Sending to ptd: 'Hello'
ptd-server 2022-07-27 22:33:36,361 [INFO] Reply from ptd: 'Hello, PTDaemon here!'
ptd-server 2022-07-27 22:33:36,361 [INFO] Sending to ptd: 'Identify'
ptd-server 2022-07-27 22:33:36,362 [INFO] Reply from ptd: 'YokogawaWT310E,1000,1,1,1,1,0,1,1,version=1.9.2-e8c7a49a-20201208,OS=Linux 5.13.0-52-generic #59~20.04.1-Ubuntu SMP Thu Jun 16 21:21:28 UTC 2022 x86_64,mode=power,1,1,1,0,0,no_cal_date,YOKOGAWA;WT310E;C3XA04010E;F1.04'
ptd-server 2022-07-27 22:33:36,362 [INFO] Connected to PTDaemon
ptd-server 2022-07-27 22:33:36,362 [INFO] Sending to ptd: 'RR'
ptd-server 2022-07-27 22:33:36,362 [INFO] Reply from ptd: 'Ranges,0,0.500000,1,300.000000'
ptd-server 2022-07-27 22:33:36,362 [INFO] Initial range for Amps is 0.500000 for Volts is Auto
ptd-server 2022-07-27 22:33:36,363 [INFO] Sending to ptd: 'SR,V,Auto'
ptd-server 2022-07-27 22:33:36,865 [INFO] Reply from ptd: 'Range V changed'
ptd-server 2022-07-27 22:33:36,865 [INFO] Sending to ptd: 'SR,A,Auto'
ptd-server 2022-07-27 22:33:37,368 [INFO] Reply from ptd: 'Range A changed'
ptd-server 2022-07-27 22:33:47,378 [INFO] Starting ranging mode
ptd-server 2022-07-27 22:33:47,378 [INFO] Sending to ptd: 'Go,1000,0,2022-07-27_22-33-19_ranging'
ptd-server 2022-07-27 22:33:47,379 [INFO] Reply from ptd: 'Starting untimed measurement, maximum 500000 samples at 1000ms with 0 rampup samples'
ptd-server 2022-07-27 22:33:47,379 [INFO] Sending reply to client 'OK'
ptd-server 2022-07-27 22:44:02,657 [INFO] Got command from the client 'session,2022-07-27_22-33-19,stop,ranging'
ptd-server 2022-07-27 22:44:12,667 [INFO] Sending to ptd: 'Stop'
ptd-server 2022-07-27 22:44:12,668 [INFO] Reply from ptd: 'Stopping untimed measurement'
ptd-server 2022-07-27 22:44:13,696 [INFO] Sending reply to client 'OK'
ptd-server 2022-07-27 22:44:13,838 [INFO] Got command from the client 'time'
ptd-server 2022-07-27 22:44:13,839 [INFO] Sending reply to client '1658958253.8390212'
ptd-server 2022-07-27 22:44:13,842 [INFO] Got command from the client 'session,2022-07-27_22-33-19,start,testing'
ptd-server 2022-07-27 22:44:13,843 [INFO] Sending to ptd: 'SR,V,251.130000'
ptd-server 2022-07-27 22:44:15,344 [INFO] Reply from ptd: 'Range V changed'
ptd-server 2022-07-27 22:44:15,344 [INFO] Sending to ptd: 'SR,A,0.052550'
ptd-server 2022-07-27 22:44:16,845 [INFO] Reply from ptd: 'Range A changed'
ptd-server 2022-07-27 22:44:26,856 [INFO] Starting testing mode
ptd-server 2022-07-27 22:44:26,856 [INFO] Sending to ptd: 'Go,1000,0,2022-07-27_22-33-19_testing'
ptd-server 2022-07-27 22:44:26,856 [INFO] Reply from ptd: 'Starting untimed measurement, maximum 500000 samples at 1000ms with 0 rampup samples'
ptd-server 2022-07-27 22:44:26,856 [INFO] Sending reply to client 'OK'
ptd-server 2022-07-27 22:54:42,321 [INFO] Got command from the client 'session,2022-07-27_22-33-19,stop,testing'
ptd-server 2022-07-27 22:54:52,331 [INFO] Sending to ptd: 'Stop'
ptd-server 2022-07-27 22:54:52,331 [INFO] Reply from ptd: 'Stopping untimed measurement'
ptd-server 2022-07-27 22:54:52,879 [INFO] Sending reply to client 'OK'
ptd-server 2022-07-27 22:54:52,948 [INFO] Got command from the client 'session,2022-07-27_22-33-19,done'
ptd-server 2022-07-27 22:54:52,948 [INFO] Sending to ptd: 'Stop'
ptd-server 2022-07-27 22:54:52,949 [INFO] Reply from ptd: 'Error: no measurement to stop'
ptd-server 2022-07-27 22:54:52,949 [INFO] Sending to ptd: 'SR,V,Auto'
ptd-server 2022-07-27 22:54:53,451 [INFO] Reply from ptd: 'Range V changed'
ptd-server 2022-07-27 22:54:53,451 [INFO] Sending to ptd: 'SR,A,0.500000'
ptd-server 2022-07-27 22:54:54,953 [INFO] Reply from ptd: 'Range A changed'
ptd-server 2022-07-27 22:54:54,953 [INFO] Set initial values for Amps 0.500000 and Volts Auto
ptd-server 2022-07-27 22:54:54,953 [INFO] Stopping ptd...
