ptd-server 2022-07-23 22:40:23,377 [INFO] Got command from the client 'time'
ptd-server 2022-07-23 22:40:23,377 [INFO] Sending reply to client '1658612423.3776758'
ptd-server 2022-07-23 22:40:23,378 [INFO] Got command from the client 'new,,f716d28f-ec46-4c54-8ca2-731073fcbac1'
ptd-server 2022-07-23 22:40:23,379 [INFO] Sending reply to client 'OK 2022-07-23_22-40-23,76ec7e8e-af56-44ff-80e9-adab8bac85f2'
ptd-server 2022-07-23 22:40:23,407 [INFO] Got command from the client 'time'
ptd-server 2022-07-23 22:40:23,407 [INFO] Sending reply to client '1658612423.4076223'
ptd-server 2022-07-23 22:40:23,408 [INFO] Got command from the client 'session,2022-07-23_22-40-23,start,ranging'
ptd-server 2022-07-23 22:40:23,408 [INFO] Running PTDaemon: ['/home/anton/projects/mlperf/power/inference_v1.0/ptd-linux-x86', '-l', '/tmp/tmp7lgbo8s4/ptd_logfile.txt', '-p', '8888', '49', '/dev/usbtmc0']
ptd-server 2022-07-23 22:40:40,584 [INFO] Sending to ptd: 'Hello'
ptd-server 2022-07-23 22:40:40,584 [INFO] Reply from ptd: 'Hello, PTDaemon here!'
ptd-server 2022-07-23 22:40:40,584 [INFO] Sending to ptd: 'Identify'
ptd-server 2022-07-23 22:40:40,585 [INFO] Reply from ptd: 'YokogawaWT310E,1000,1,1,1,1,0,1,1,version=1.9.2-e8c7a49a-20201208,OS=Linux 5.13.0-52-generic #59~20.04.1-Ubuntu SMP Thu Jun 16 21:21:28 UTC 2022 x86_64,mode=power,1,1,1,0,0,no_cal_date,YOKOGAWA;WT310E;C3XA04010E;F1.04'
ptd-server 2022-07-23 22:40:40,585 [INFO] Connected to PTDaemon
ptd-server 2022-07-23 22:40:40,585 [INFO] Sending to ptd: 'RR'
ptd-server 2022-07-23 22:40:40,585 [INFO] Reply from ptd: 'Ranges,0,0.500000,1,300.000000'
ptd-server 2022-07-23 22:40:40,585 [INFO] Initial range for Amps is 0.500000 for Volts is Auto
ptd-server 2022-07-23 22:40:40,585 [INFO] Sending to ptd: 'SR,V,Auto'
ptd-server 2022-07-23 22:40:41,088 [INFO] Reply from ptd: 'Range V changed'
ptd-server 2022-07-23 22:40:41,088 [INFO] Sending to ptd: 'SR,A,Auto'
ptd-server 2022-07-23 22:40:41,590 [INFO] Reply from ptd: 'Range A changed'
ptd-server 2022-07-23 22:40:51,601 [INFO] Starting ranging mode
ptd-server 2022-07-23 22:40:51,601 [INFO] Sending to ptd: 'Go,1000,0,2022-07-23_22-40-23_ranging'
ptd-server 2022-07-23 22:40:51,601 [INFO] Reply from ptd: 'Starting untimed measurement, maximum 500000 samples at 1000ms with 0 rampup samples'
ptd-server 2022-07-23 22:40:51,602 [INFO] Sending reply to client 'OK'
ptd-server 2022-07-23 22:51:10,879 [INFO] Got command from the client 'session,2022-07-23_22-40-23,stop,ranging'
ptd-server 2022-07-23 22:51:20,883 [INFO] Sending to ptd: 'Stop'
ptd-server 2022-07-23 22:51:20,884 [INFO] Reply from ptd: 'Stopping untimed measurement'
ptd-server 2022-07-23 22:51:21,501 [INFO] Sending reply to client 'OK'
ptd-server 2022-07-23 22:51:21,564 [INFO] Got command from the client 'time'
ptd-server 2022-07-23 22:51:21,564 [INFO] Sending reply to client '1658613081.5648696'
ptd-server 2022-07-23 22:51:21,565 [INFO] Got command from the client 'session,2022-07-23_22-40-23,start,testing'
ptd-server 2022-07-23 22:51:21,566 [INFO] Sending to ptd: 'SR,V,250.700000'
ptd-server 2022-07-23 22:51:23,102 [INFO] Reply from ptd: 'Range V changed'
ptd-server 2022-07-23 22:51:23,103 [INFO] Sending to ptd: 'SR,A,0.052570'
ptd-server 2022-07-23 22:51:24,604 [INFO] Reply from ptd: 'Range A changed'
ptd-server 2022-07-23 22:51:34,614 [INFO] Starting testing mode
ptd-server 2022-07-23 22:51:34,614 [INFO] Sending to ptd: 'Go,1000,0,2022-07-23_22-40-23_testing'
ptd-server 2022-07-23 22:51:34,615 [INFO] Reply from ptd: 'Starting untimed measurement, maximum 500000 samples at 1000ms with 0 rampup samples'
ptd-server 2022-07-23 22:51:34,615 [INFO] Sending reply to client 'OK'
ptd-server 2022-07-23 23:01:53,891 [INFO] Got command from the client 'session,2022-07-23_22-40-23,stop,testing'
ptd-server 2022-07-23 23:02:03,901 [INFO] Sending to ptd: 'Stop'
ptd-server 2022-07-23 23:02:03,901 [INFO] Reply from ptd: 'Stopping untimed measurement'
ptd-server 2022-07-23 23:02:04,223 [INFO] Sending reply to client 'OK'
ptd-server 2022-07-23 23:02:04,231 [INFO] Got command from the client 'session,2022-07-23_22-40-23,done'
ptd-server 2022-07-23 23:02:04,231 [INFO] Sending to ptd: 'Stop'
ptd-server 2022-07-23 23:02:04,616 [INFO] Reply from ptd: 'Error: no measurement to stop'
ptd-server 2022-07-23 23:02:04,616 [INFO] Sending to ptd: 'SR,V,Auto'
ptd-server 2022-07-23 23:02:05,118 [INFO] Reply from ptd: 'Range V changed'
ptd-server 2022-07-23 23:02:05,119 [INFO] Sending to ptd: 'SR,A,0.500000'
ptd-server 2022-07-23 23:02:06,620 [INFO] Reply from ptd: 'Range A changed'
ptd-server 2022-07-23 23:02:06,620 [INFO] Set initial values for Amps 0.500000 and Volts Auto
ptd-server 2022-07-23 23:02:06,620 [INFO] Stopping ptd...
