ptd-server 2022-07-19 01:39:15,143 [INFO] Got command from the client 'time'
ptd-server 2022-07-19 01:39:15,144 [INFO] Sending reply to client '1658191155.1439788'
ptd-server 2022-07-19 01:39:15,148 [INFO] Got command from the client 'new,,23b329bd-a2f7-460c-964f-49f5352136a9'
ptd-server 2022-07-19 01:39:15,148 [INFO] Sending reply to client 'OK 2022-07-19_01-39-15,4ecda7e7-a31c-4b21-830a-e145c785b854'
ptd-server 2022-07-19 01:39:15,191 [INFO] Got command from the client 'time'
ptd-server 2022-07-19 01:39:15,192 [INFO] Sending reply to client '1658191155.1920357'
ptd-server 2022-07-19 01:39:15,197 [INFO] Got command from the client 'session,2022-07-19_01-39-15,start,ranging'
ptd-server 2022-07-19 01:39:15,198 [INFO] Running PTDaemon: ['/home/anton/projects/mlperf/power/inference_v1.0/ptd-linux-x86', '-l', '/tmp/tmp7lgbo8s4/ptd_logfile.txt', '-p', '8888', '49', '/dev/usbtmc0']
ptd-server 2022-07-19 01:39:32,372 [INFO] Sending to ptd: 'Hello'
ptd-server 2022-07-19 01:39:32,372 [INFO] Reply from ptd: 'Hello, PTDaemon here!'
ptd-server 2022-07-19 01:39:32,372 [INFO] Sending to ptd: 'Identify'
ptd-server 2022-07-19 01:39:32,373 [INFO] Reply from ptd: 'YokogawaWT310E,1000,1,1,1,1,0,1,1,version=1.9.2-e8c7a49a-20201208,OS=Linux 5.13.0-52-generic #59~20.04.1-Ubuntu SMP Thu Jun 16 21:21:28 UTC 2022 x86_64,mode=power,1,1,1,0,0,no_cal_date,YOKOGAWA;WT310E;C3XA04010E;F1.04'
ptd-server 2022-07-19 01:39:32,373 [INFO] Connected to PTDaemon
ptd-server 2022-07-19 01:39:32,373 [INFO] Sending to ptd: 'RR'
ptd-server 2022-07-19 01:39:32,373 [INFO] Reply from ptd: 'Ranges,0,0.500000,1,300.000000'
ptd-server 2022-07-19 01:39:32,374 [INFO] Initial range for Amps is 0.500000 for Volts is Auto
ptd-server 2022-07-19 01:39:32,374 [INFO] Sending to ptd: 'SR,V,Auto'
ptd-server 2022-07-19 01:39:32,876 [INFO] Reply from ptd: 'Range V changed'
ptd-server 2022-07-19 01:39:32,876 [INFO] Sending to ptd: 'SR,A,Auto'
ptd-server 2022-07-19 01:39:33,379 [INFO] Reply from ptd: 'Range A changed'
ptd-server 2022-07-19 01:39:43,389 [INFO] Starting ranging mode
ptd-server 2022-07-19 01:39:43,389 [INFO] Sending to ptd: 'Go,1000,0,2022-07-19_01-39-15_ranging'
ptd-server 2022-07-19 01:39:43,390 [INFO] Reply from ptd: 'Starting untimed measurement, maximum 500000 samples at 1000ms with 0 rampup samples'
ptd-server 2022-07-19 01:39:43,390 [INFO] Sending reply to client 'OK'
ptd-server 2022-07-19 01:50:00,514 [INFO] Got command from the client 'session,2022-07-19_01-39-15,stop,ranging'
ptd-server 2022-07-19 01:50:10,525 [INFO] Sending to ptd: 'Stop'
ptd-server 2022-07-19 01:50:10,525 [INFO] Reply from ptd: 'Stopping untimed measurement'
ptd-server 2022-07-19 01:50:10,549 [INFO] Sending reply to client 'OK'
ptd-server 2022-07-19 01:50:10,610 [INFO] Got command from the client 'time'
ptd-server 2022-07-19 01:50:10,610 [INFO] Sending reply to client '1658191810.6104164'
ptd-server 2022-07-19 01:50:10,613 [INFO] Got command from the client 'session,2022-07-19_01-39-15,start,testing'
ptd-server 2022-07-19 01:50:10,614 [INFO] Sending to ptd: 'SR,V,250.270000'
ptd-server 2022-07-19 01:50:12,892 [INFO] Reply from ptd: 'Range V changed'
ptd-server 2022-07-19 01:50:12,892 [INFO] Sending to ptd: 'SR,A,0.077420'
ptd-server 2022-07-19 01:50:14,393 [INFO] Reply from ptd: 'Range A changed'
ptd-server 2022-07-19 01:50:24,403 [INFO] Starting testing mode
ptd-server 2022-07-19 01:50:24,404 [INFO] Sending to ptd: 'Go,1000,0,2022-07-19_01-39-15_testing'
ptd-server 2022-07-19 01:50:24,404 [INFO] Reply from ptd: 'Starting untimed measurement, maximum 500000 samples at 1000ms with 0 rampup samples'
ptd-server 2022-07-19 01:50:24,404 [INFO] Sending reply to client 'OK'
ptd-server 2022-07-19 02:00:41,512 [INFO] Got command from the client 'session,2022-07-19_01-39-15,stop,testing'
ptd-server 2022-07-19 02:00:51,522 [INFO] Sending to ptd: 'Stop'
ptd-server 2022-07-19 02:00:51,523 [INFO] Reply from ptd: 'Stopping untimed measurement'
ptd-server 2022-07-19 02:00:51,534 [INFO] Sending reply to client 'OK'
ptd-server 2022-07-19 02:00:51,574 [INFO] Got command from the client 'session,2022-07-19_01-39-15,done'
ptd-server 2022-07-19 02:00:51,575 [INFO] Sending to ptd: 'Stop'
ptd-server 2022-07-19 02:00:52,405 [INFO] Reply from ptd: 'Error: no measurement to stop'
ptd-server 2022-07-19 02:00:52,405 [INFO] Sending to ptd: 'SR,V,Auto'
ptd-server 2022-07-19 02:00:52,907 [INFO] Reply from ptd: 'Range V changed'
ptd-server 2022-07-19 02:00:52,908 [INFO] Sending to ptd: 'SR,A,0.500000'
ptd-server 2022-07-19 02:00:54,409 [INFO] Reply from ptd: 'Range A changed'
ptd-server 2022-07-19 02:00:54,409 [INFO] Set initial values for Amps 0.500000 and Volts Auto
ptd-server 2022-07-19 02:00:54,409 [INFO] Stopping ptd...
