ptd-server 2022-07-26 22:24:36,723 [INFO] Got command from the client 'time'
ptd-server 2022-07-26 22:24:36,723 [INFO] Sending reply to client '1658870676.7235894'
ptd-server 2022-07-26 22:24:36,727 [INFO] Got command from the client 'new,,038fded1-3593-4562-a03a-dedd794827cd'
ptd-server 2022-07-26 22:24:36,727 [INFO] Sending reply to client 'OK 2022-07-26_22-24-36,b5e480f4-317d-49ae-89e6-8278569e3bfd'
ptd-server 2022-07-26 22:24:36,826 [INFO] Got command from the client 'time'
ptd-server 2022-07-26 22:24:36,826 [INFO] Sending reply to client '1658870676.8266914'
ptd-server 2022-07-26 22:24:36,831 [INFO] Got command from the client 'session,2022-07-26_22-24-36,start,ranging'
ptd-server 2022-07-26 22:24:36,831 [INFO] Running PTDaemon: ['/home/anton/projects/mlperf/power/inference_v1.0/ptd-linux-x86', '-l', '/tmp/tmp7lgbo8s4/ptd_logfile.txt', '-p', '8888', '49', '/dev/usbtmc0']
ptd-server 2022-07-26 22:24:54,005 [INFO] Sending to ptd: 'Hello'
ptd-server 2022-07-26 22:24:54,006 [INFO] Reply from ptd: 'Hello, PTDaemon here!'
ptd-server 2022-07-26 22:24:54,006 [INFO] Sending to ptd: 'Identify'
ptd-server 2022-07-26 22:24:54,006 [INFO] Reply from ptd: 'YokogawaWT310E,1000,1,1,1,1,0,1,1,version=1.9.2-e8c7a49a-20201208,OS=Linux 5.13.0-52-generic #59~20.04.1-Ubuntu SMP Thu Jun 16 21:21:28 UTC 2022 x86_64,mode=power,1,1,1,0,0,no_cal_date,YOKOGAWA;WT310E;C3XA04010E;F1.04'
ptd-server 2022-07-26 22:24:54,006 [INFO] Connected to PTDaemon
ptd-server 2022-07-26 22:24:54,006 [INFO] Sending to ptd: 'RR'
ptd-server 2022-07-26 22:24:54,007 [INFO] Reply from ptd: 'Ranges,0,0.500000,1,300.000000'
ptd-server 2022-07-26 22:24:54,007 [INFO] Initial range for Amps is 0.500000 for Volts is Auto
ptd-server 2022-07-26 22:24:54,007 [INFO] Sending to ptd: 'SR,V,Auto'
ptd-server 2022-07-26 22:24:54,509 [INFO] Reply from ptd: 'Range V changed'
ptd-server 2022-07-26 22:24:54,510 [INFO] Sending to ptd: 'SR,A,Auto'
ptd-server 2022-07-26 22:24:55,012 [INFO] Reply from ptd: 'Range A changed'
ptd-server 2022-07-26 22:25:05,022 [INFO] Starting ranging mode
ptd-server 2022-07-26 22:25:05,023 [INFO] Sending to ptd: 'Go,1000,0,2022-07-26_22-24-36_ranging'
ptd-server 2022-07-26 22:25:05,023 [INFO] Reply from ptd: 'Starting untimed measurement, maximum 500000 samples at 1000ms with 0 rampup samples'
ptd-server 2022-07-26 22:25:05,023 [INFO] Sending reply to client 'OK'
ptd-server 2022-07-26 22:35:46,798 [INFO] Got command from the client 'session,2022-07-26_22-24-36,stop,ranging'
ptd-server 2022-07-26 22:35:56,809 [INFO] Sending to ptd: 'Stop'
ptd-server 2022-07-26 22:35:56,809 [INFO] Reply from ptd: 'Stopping untimed measurement'
ptd-server 2022-07-26 22:35:57,685 [INFO] Sending reply to client 'OK'
ptd-server 2022-07-26 22:35:57,756 [INFO] Got command from the client 'time'
ptd-server 2022-07-26 22:35:57,757 [INFO] Sending reply to client '1658871357.757041'
ptd-server 2022-07-26 22:35:57,760 [INFO] Got command from the client 'session,2022-07-26_22-24-36,start,testing'
ptd-server 2022-07-26 22:35:57,761 [INFO] Sending to ptd: 'SR,V,249.630000'
ptd-server 2022-07-26 22:35:59,262 [INFO] Reply from ptd: 'Range V changed'
ptd-server 2022-07-26 22:35:59,262 [INFO] Sending to ptd: 'SR,A,0.069140'
ptd-server 2022-07-26 22:36:00,763 [INFO] Reply from ptd: 'Range A changed'
ptd-server 2022-07-26 22:36:10,774 [INFO] Starting testing mode
ptd-server 2022-07-26 22:36:10,774 [INFO] Sending to ptd: 'Go,1000,0,2022-07-26_22-24-36_testing'
ptd-server 2022-07-26 22:36:10,774 [INFO] Reply from ptd: 'Starting untimed measurement, maximum 500000 samples at 1000ms with 0 rampup samples'
ptd-server 2022-07-26 22:36:10,775 [INFO] Sending reply to client 'OK'
ptd-server 2022-07-26 22:46:53,405 [INFO] Got command from the client 'session,2022-07-26_22-24-36,stop,testing'
ptd-server 2022-07-26 22:47:03,415 [INFO] Sending to ptd: 'Stop'
ptd-server 2022-07-26 22:47:03,416 [INFO] Reply from ptd: 'Stopping untimed measurement'
ptd-server 2022-07-26 22:47:03,875 [INFO] Sending reply to client 'OK'
ptd-server 2022-07-26 22:47:03,903 [INFO] Got command from the client 'session,2022-07-26_22-24-36,done'
ptd-server 2022-07-26 22:47:03,903 [INFO] Sending to ptd: 'Stop'
ptd-server 2022-07-26 22:47:03,903 [INFO] Reply from ptd: 'Error: no measurement to stop'
ptd-server 2022-07-26 22:47:03,904 [INFO] Sending to ptd: 'SR,V,Auto'
ptd-server 2022-07-26 22:47:04,406 [INFO] Reply from ptd: 'Range V changed'
ptd-server 2022-07-26 22:47:04,406 [INFO] Sending to ptd: 'SR,A,0.500000'
ptd-server 2022-07-26 22:47:05,907 [INFO] Reply from ptd: 'Range A changed'
ptd-server 2022-07-26 22:47:05,908 [INFO] Set initial values for Amps 0.500000 and Volts Auto
ptd-server 2022-07-26 22:47:05,908 [INFO] Stopping ptd...
