client 2022-07-29 10:39:28,546 [INFO] Sending command to the server: 'mlcommons/power client v3'
client 2022-07-29 10:39:28,550 [INFO] Got response: 'mlcommons/power server v3'
client 2022-07-29 10:39:28,550 [INFO] Sending command to the server: 'stop'
client 2022-07-29 10:39:28,552 [INFO] Got response: 'OK'
client 2022-07-29 10:39:28,553 [INFO] Synchronizing with the server and with ib-01.dc4-in.nvidia.com...
client 2022-07-29 10:39:28,762 [INFO] NTP:offset = 0.001 s, delay = 0.203 s 
client 2022-07-29 10:39:28,762 [INFO] Sending command to the server: 'time'
client 2022-07-29 10:39:28,764 [INFO] Got response: '1659091168.7546453'
client 2022-07-29 10:39:28,764 [INFO] The time difference between the client and the server is within range 7.935 ms..9.643 ms
client 2022-07-29 10:39:28,764 [INFO] Sending command to the server: 'new,,e4db4347-7771-4ac8-a530-fb89bd9a2d1f'
client 2022-07-29 10:39:28,767 [INFO] Got response: 'OK 2022-07-29_03-39-28,4cbcaa5f-a1e1-440c-a024-87634588b873'
client 2022-07-29 10:39:28,767 [INFO] Session id is '2022-07-29_03-39-28'
client 2022-07-29 10:39:28,767 [INFO] Sources: {"sources": {"__init__.py": "da39a3ee5e6b4b0d3255bfef95601890afd80709", "client.py": "33ca4f26368777ac06e01f9567b714a4b8063886", "lib/__init__.py": "da39a3ee5e6b4b0d3255bfef95601890afd80709", "lib/client.py": "4c2b78fb4849a7e5b584ef792d82aaed20b17f57", "lib/common.py": "624d0c0acc7c39aaff3674f0b99d6a09da53d1dc", "lib/external/__init__.py": "da39a3ee5e6b4b0d3255bfef95601890afd80709", "lib/external/ntplib.py": "4da8f970656505a40483206ef2b5d3dd5e81711d", "lib/server.py": "59c9fb92908260d3e9f81a895c7aa009742275e4", "lib/source_hashes.py": "60a2e02193209e8d392803326208d5466342da18", "lib/summary.py": "aa92f0a3f975eecd44d3c0cd0236342ccc9f941d", "lib/time_sync.py": "3210db56eb0ff0df57bf4293dc4d4b03fffd46f1", "server.py": "c3f90f2f7eeb4db30727556d0c815ebc89b3d28b", "tests/unit/__init__.py": "da39a3ee5e6b4b0d3255bfef95601890afd80709", "tests/unit/test_server.py": "99ae15aef722f2000ee6ed1ae1523637bf1ae42b", "tests/unit/test_source_hashes.py": "00468a2907583c593e6574a1f6b404e4651c221a"}, "modules": {"ptd_client_server.lib.client": "lib/client.py", "ptd_client_server.lib.common": "lib/common.py", "ptd_client_server.lib.external.ntplib": "lib/external/ntplib.py", "ptd_client_server.lib.source_hashes": "lib/source_hashes.py", "ptd_client_server.lib.summary": "lib/summary.py", "ptd_client_server.lib.time_sync": "lib/time_sync.py"}}
client 2022-07-29 10:39:28,771 [INFO] Running workload in ranging mode
client 2022-07-29 10:39:28,771 [INFO] Synchronizing with the server and with ib-01.dc4-in.nvidia.com...
client 2022-07-29 10:39:28,976 [INFO] NTP:offset = 0.000 s, delay = 0.202 s 
client 2022-07-29 10:39:28,976 [INFO] Sending command to the server: 'time'
client 2022-07-29 10:39:28,977 [INFO] Got response: '1659091168.9733562'
client 2022-07-29 10:39:28,978 [INFO] The time difference between the client and the server is within range 3.035 ms..4.700 ms
client 2022-07-29 10:39:28,978 [INFO] Sending command to the server: 'session,2022-07-29_03-39-28,start,ranging'
client 2022-07-29 10:40:09,698 [INFO] Got response: 'OK'
client 2022-07-29 10:40:09,699 [INFO] Running the workload 'LOG_DIR=/work/build/power_logs_temp python3 -m code.main_v2 --benchmarks=rnnt --scenarios=Offline --test_mode=PerformanceOnly --config_ver=maxq --action="run_harness" \\\n\t\t2>&1 | tee -a /work/build/power_logs/2022.07.29-10.38.50/stdout.txt \\\n\t\t&& if [ ! -d /work/build/power_logs/2022.07.29-10.38.50/ranging_tmp ]; \\\n\t\t\tthen mkdir /work/build/power_logs/2022.07.29-10.38.50/ranging_tmp \\\n\t\t\t\t&& mv /work/build/power_logs_temp/* /work/build/power_logs/2022.07.29-10.38.50/ranging_tmp/ \\\n\t\t\t\t&& cp -v /work/build/power_logs/2022.07.29-10.38.50/ranging_tmp/*/*/*/mlperf_log_detail.txt /work/build/power_logs_temp/ \\\n\t\t\t\t&& cp -v /work/build/power_logs/2022.07.29-10.38.50/ranging_tmp/*/*/*/mlperf_log_summary.txt /work/build/power_logs_temp/; \\\n\t\t\telse mkdir /work/build/power_logs/2022.07.29-10.38.50/testing_tmp \\\n\t\t\t\t&& mv /work/build/power_logs_temp/* /work/build/power_logs/2022.07.29-10.38.50/testing_tmp/ \\\n\t\t\t\t&& cp -v /work/build/power_logs/2022.07.29-10.38.50/testing_tmp/*/*/*/mlperf_log_detail.txt /work/build/power_logs_temp/ \\\n\t\t\t\t&& cp -v /work/build/power_logs/2022.07.29-10.38.50/testing_tmp/*/*/*/mlperf_log_summary.txt /work/build/power_logs_temp/; fi'
client 2022-07-29 10:53:08,912 [INFO] Sending command to the server: 'session,2022-07-29_03-39-28,stop,ranging'
client 2022-07-29 10:53:19,019 [INFO] Got response: 'OK'
client 2022-07-29 10:53:19,043 [INFO] Copying loadgen logs from '/work/build/power_logs_temp' to '/work/build/power_logs/2022.07.29-10.38.50/2022-07-29_03-39-28/ranging'
client 2022-07-29 10:53:19,064 [INFO] Running workload in testing mode
client 2022-07-29 10:53:19,064 [INFO] Synchronizing with the server and with ib-01.dc4-in.nvidia.com...
client 2022-07-29 10:53:19,267 [INFO] NTP:offset = -0.000 s, delay = 0.201 s 
client 2022-07-29 10:53:19,267 [INFO] Sending command to the server: 'time'
client 2022-07-29 10:53:19,269 [INFO] Got response: '1659091999.2912717'
client 2022-07-29 10:53:19,269 [INFO] The time difference between the client and the server is within range -23.501 ms..-21.861 ms
client 2022-07-29 10:53:19,269 [INFO] Sending command to the server: 'session,2022-07-29_03-39-28,start,testing'
client 2022-07-29 10:53:41,400 [INFO] Got response: 'OK'
client 2022-07-29 10:53:41,400 [INFO] Running the workload 'LOG_DIR=/work/build/power_logs_temp python3 -m code.main_v2 --benchmarks=rnnt --scenarios=Offline --test_mode=PerformanceOnly --config_ver=maxq --action="run_harness" \\\n\t\t2>&1 | tee -a /work/build/power_logs/2022.07.29-10.38.50/stdout.txt \\\n\t\t&& if [ ! -d /work/build/power_logs/2022.07.29-10.38.50/ranging_tmp ]; \\\n\t\t\tthen mkdir /work/build/power_logs/2022.07.29-10.38.50/ranging_tmp \\\n\t\t\t\t&& mv /work/build/power_logs_temp/* /work/build/power_logs/2022.07.29-10.38.50/ranging_tmp/ \\\n\t\t\t\t&& cp -v /work/build/power_logs/2022.07.29-10.38.50/ranging_tmp/*/*/*/mlperf_log_detail.txt /work/build/power_logs_temp/ \\\n\t\t\t\t&& cp -v /work/build/power_logs/2022.07.29-10.38.50/ranging_tmp/*/*/*/mlperf_log_summary.txt /work/build/power_logs_temp/; \\\n\t\t\telse mkdir /work/build/power_logs/2022.07.29-10.38.50/testing_tmp \\\n\t\t\t\t&& mv /work/build/power_logs_temp/* /work/build/power_logs/2022.07.29-10.38.50/testing_tmp/ \\\n\t\t\t\t&& cp -v /work/build/power_logs/2022.07.29-10.38.50/testing_tmp/*/*/*/mlperf_log_detail.txt /work/build/power_logs_temp/ \\\n\t\t\t\t&& cp -v /work/build/power_logs/2022.07.29-10.38.50/testing_tmp/*/*/*/mlperf_log_summary.txt /work/build/power_logs_temp/; fi'
client 2022-07-29 11:06:39,383 [INFO] Sending command to the server: 'session,2022-07-29_03-39-28,stop,testing'
client 2022-07-29 11:06:49,423 [INFO] Got response: 'OK'
client 2022-07-29 11:06:49,431 [INFO] Copying loadgen logs from '/work/build/power_logs_temp' to '/work/build/power_logs/2022.07.29-10.38.50/2022-07-29_03-39-28/run_1'
client 2022-07-29 11:06:49,480 [INFO] Done runs
