ptd-server 2022-07-31 16:23:28,073 [INFO] Got command from the client 'time'
ptd-server 2022-07-31 16:23:28,073 [INFO] Sending reply to client '1659281008.0739284'
ptd-server 2022-07-31 16:23:28,074 [INFO] Got command from the client 'new,,9c7e0498-0967-4094-ac8d-b1f09ab62d56'
ptd-server 2022-07-31 16:23:28,075 [INFO] Sending reply to client 'OK 2022-07-31_16-23-28,2a44b921-da60-4ed3-b0bd-125508531a4e'
ptd-server 2022-07-31 16:23:28,103 [INFO] Got command from the client 'time'
ptd-server 2022-07-31 16:23:28,103 [INFO] Sending reply to client '1659281008.1034493'
ptd-server 2022-07-31 16:23:28,104 [INFO] Got command from the client 'session,2022-07-31_16-23-28,start,ranging'
ptd-server 2022-07-31 16:23:28,104 [INFO] Running PTDaemon: ['/home/anton/projects/mlperf/power/inference_v1.0/ptd-linux-x86', '-l', '/tmp/tmp7lgbo8s4/ptd_logfile.txt', '-p', '8888', '49', '/dev/usbtmc0']
ptd-server 2022-07-31 16:23:45,278 [INFO] Sending to ptd: 'Hello'
ptd-server 2022-07-31 16:23:45,279 [INFO] Reply from ptd: 'Hello, PTDaemon here!'
ptd-server 2022-07-31 16:23:45,279 [INFO] Sending to ptd: 'Identify'
ptd-server 2022-07-31 16:23:45,279 [INFO] Reply from ptd: 'YokogawaWT310E,1000,1,1,1,1,0,1,1,version=1.9.2-e8c7a49a-20201208,OS=Linux 5.13.0-52-generic #59~20.04.1-Ubuntu SMP Thu Jun 16 21:21:28 UTC 2022 x86_64,mode=power,1,1,1,0,0,no_cal_date,YOKOGAWA;WT310E;C3XA04010E;F1.04'
ptd-server 2022-07-31 16:23:45,279 [INFO] Connected to PTDaemon
ptd-server 2022-07-31 16:23:45,279 [INFO] Sending to ptd: 'RR'
ptd-server 2022-07-31 16:23:45,280 [INFO] Reply from ptd: 'Ranges,0,0.500000,1,300.000000'
ptd-server 2022-07-31 16:23:45,280 [INFO] Initial range for Amps is 0.500000 for Volts is Auto
ptd-server 2022-07-31 16:23:45,280 [INFO] Sending to ptd: 'SR,V,Auto'
ptd-server 2022-07-31 16:23:45,783 [INFO] Reply from ptd: 'Range V changed'
ptd-server 2022-07-31 16:23:45,783 [INFO] Sending to ptd: 'SR,A,Auto'
ptd-server 2022-07-31 16:23:46,285 [INFO] Reply from ptd: 'Range A changed'
ptd-server 2022-07-31 16:23:56,295 [INFO] Starting ranging mode
ptd-server 2022-07-31 16:23:56,295 [INFO] Sending to ptd: 'Go,1000,0,2022-07-31_16-23-28_ranging'
ptd-server 2022-07-31 16:23:56,296 [INFO] Reply from ptd: 'Starting untimed measurement, maximum 500000 samples at 1000ms with 0 rampup samples'
ptd-server 2022-07-31 16:23:56,296 [INFO] Sending reply to client 'OK'
ptd-server 2022-07-31 16:34:10,514 [INFO] Got command from the client 'session,2022-07-31_16-23-28,stop,ranging'
ptd-server 2022-07-31 16:34:20,525 [INFO] Sending to ptd: 'Stop'
ptd-server 2022-07-31 16:34:20,525 [INFO] Reply from ptd: 'Stopping untimed measurement'
ptd-server 2022-07-31 16:34:21,865 [INFO] Sending reply to client 'OK'
ptd-server 2022-07-31 16:34:21,931 [INFO] Got command from the client 'time'
ptd-server 2022-07-31 16:34:21,931 [INFO] Sending reply to client '1659281661.931566'
ptd-server 2022-07-31 16:34:21,932 [INFO] Got command from the client 'session,2022-07-31_16-23-28,start,testing'
ptd-server 2022-07-31 16:34:21,933 [INFO] Sending to ptd: 'SR,V,249.890000'
ptd-server 2022-07-31 16:34:23,434 [INFO] Reply from ptd: 'Range V changed'
ptd-server 2022-07-31 16:34:23,434 [INFO] Sending to ptd: 'SR,A,0.281500'
ptd-server 2022-07-31 16:34:24,936 [INFO] Reply from ptd: 'Range A changed'
ptd-server 2022-07-31 16:34:34,946 [INFO] Starting testing mode
ptd-server 2022-07-31 16:34:34,946 [INFO] Sending to ptd: 'Go,1000,0,2022-07-31_16-23-28_testing'
ptd-server 2022-07-31 16:34:34,946 [INFO] Reply from ptd: 'Starting untimed measurement, maximum 500000 samples at 1000ms with 0 rampup samples'
ptd-server 2022-07-31 16:34:34,947 [INFO] Sending reply to client 'OK'
ptd-server 2022-07-31 16:44:48,814 [INFO] Got command from the client 'session,2022-07-31_16-23-28,stop,testing'
ptd-server 2022-07-31 16:44:58,823 [INFO] Sending to ptd: 'Stop'
ptd-server 2022-07-31 16:44:58,823 [INFO] Reply from ptd: 'Stopping untimed measurement'
ptd-server 2022-07-31 16:44:59,503 [INFO] Sending reply to client 'OK'
ptd-server 2022-07-31 16:44:59,517 [INFO] Got command from the client 'session,2022-07-31_16-23-28,done'
ptd-server 2022-07-31 16:44:59,517 [INFO] Sending to ptd: 'Stop'
ptd-server 2022-07-31 16:44:59,518 [INFO] Reply from ptd: 'Error: no measurement to stop'
ptd-server 2022-07-31 16:44:59,518 [INFO] Sending to ptd: 'SR,V,Auto'
ptd-server 2022-07-31 16:45:00,020 [INFO] Reply from ptd: 'Range V changed'
ptd-server 2022-07-31 16:45:00,020 [INFO] Sending to ptd: 'SR,A,0.500000'
ptd-server 2022-07-31 16:45:01,522 [INFO] Reply from ptd: 'Range A changed'
ptd-server 2022-07-31 16:45:01,522 [INFO] Set initial values for Amps 0.500000 and Volts Auto
ptd-server 2022-07-31 16:45:01,522 [INFO] Stopping ptd...
