ptd-server 2022-07-23 23:46:27,373 [INFO] Got command from the client 'time'
ptd-server 2022-07-23 23:46:27,373 [INFO] Sending reply to client '1658616387.373357'
ptd-server 2022-07-23 23:46:27,374 [INFO] Got command from the client 'new,,651b5661-a5ff-42cb-bc11-ee4dfd0e4536'
ptd-server 2022-07-23 23:46:27,375 [INFO] Sending reply to client 'OK 2022-07-23_23-46-27,ec10999b-314e-4382-97dc-30395063e78e'
ptd-server 2022-07-23 23:46:27,413 [INFO] Got command from the client 'time'
ptd-server 2022-07-23 23:46:27,413 [INFO] Sending reply to client '1658616387.4131424'
ptd-server 2022-07-23 23:46:27,414 [INFO] Got command from the client 'session,2022-07-23_23-46-27,start,ranging'
ptd-server 2022-07-23 23:46:27,414 [INFO] Running PTDaemon: ['/home/anton/projects/mlperf/power/inference_v1.0/ptd-linux-x86', '-l', '/tmp/tmp7lgbo8s4/ptd_logfile.txt', '-p', '8888', '49', '/dev/usbtmc0']
ptd-server 2022-07-23 23:46:44,589 [INFO] Sending to ptd: 'Hello'
ptd-server 2022-07-23 23:46:44,589 [INFO] Reply from ptd: 'Hello, PTDaemon here!'
ptd-server 2022-07-23 23:46:44,589 [INFO] Sending to ptd: 'Identify'
ptd-server 2022-07-23 23:46:44,590 [INFO] Reply from ptd: 'YokogawaWT310E,1000,1,1,1,1,0,1,1,version=1.9.2-e8c7a49a-20201208,OS=Linux 5.13.0-52-generic #59~20.04.1-Ubuntu SMP Thu Jun 16 21:21:28 UTC 2022 x86_64,mode=power,1,1,1,0,0,no_cal_date,YOKOGAWA;WT310E;C3XA04010E;F1.04'
ptd-server 2022-07-23 23:46:44,590 [INFO] Connected to PTDaemon
ptd-server 2022-07-23 23:46:44,590 [INFO] Sending to ptd: 'RR'
ptd-server 2022-07-23 23:46:44,590 [INFO] Reply from ptd: 'Ranges,0,0.500000,1,300.000000'
ptd-server 2022-07-23 23:46:44,590 [INFO] Initial range for Amps is 0.500000 for Volts is Auto
ptd-server 2022-07-23 23:46:44,591 [INFO] Sending to ptd: 'SR,V,Auto'
ptd-server 2022-07-23 23:46:45,093 [INFO] Reply from ptd: 'Range V changed'
ptd-server 2022-07-23 23:46:45,093 [INFO] Sending to ptd: 'SR,A,Auto'
ptd-server 2022-07-23 23:46:45,596 [INFO] Reply from ptd: 'Range A changed'
ptd-server 2022-07-23 23:46:55,606 [INFO] Starting ranging mode
ptd-server 2022-07-23 23:46:55,606 [INFO] Sending to ptd: 'Go,1000,0,2022-07-23_23-46-27_ranging'
ptd-server 2022-07-23 23:46:55,607 [INFO] Reply from ptd: 'Starting untimed measurement, maximum 500000 samples at 1000ms with 0 rampup samples'
ptd-server 2022-07-23 23:46:55,607 [INFO] Sending reply to client 'OK'
ptd-server 2022-07-23 23:57:29,744 [INFO] Got command from the client 'session,2022-07-23_23-46-27,stop,ranging'
ptd-server 2022-07-23 23:57:39,754 [INFO] Sending to ptd: 'Stop'
ptd-server 2022-07-23 23:57:39,755 [INFO] Reply from ptd: 'Stopping untimed measurement'
ptd-server 2022-07-23 23:57:40,395 [INFO] Sending reply to client 'OK'
ptd-server 2022-07-23 23:57:40,459 [INFO] Got command from the client 'time'
ptd-server 2022-07-23 23:57:40,459 [INFO] Sending reply to client '1658617060.459514'
ptd-server 2022-07-23 23:57:40,460 [INFO] Got command from the client 'session,2022-07-23_23-46-27,start,testing'
ptd-server 2022-07-23 23:57:40,460 [INFO] Sending to ptd: 'SR,V,250.440000'
ptd-server 2022-07-23 23:57:42,109 [INFO] Reply from ptd: 'Range V changed'
ptd-server 2022-07-23 23:57:42,109 [INFO] Sending to ptd: 'SR,A,0.051340'
ptd-server 2022-07-23 23:57:43,610 [INFO] Reply from ptd: 'Range A changed'
ptd-server 2022-07-23 23:57:53,620 [INFO] Starting testing mode
ptd-server 2022-07-23 23:57:53,621 [INFO] Sending to ptd: 'Go,1000,0,2022-07-23_23-46-27_testing'
ptd-server 2022-07-23 23:57:53,621 [INFO] Reply from ptd: 'Starting untimed measurement, maximum 500000 samples at 1000ms with 0 rampup samples'
ptd-server 2022-07-23 23:57:53,621 [INFO] Sending reply to client 'OK'
ptd-server 2022-07-24 00:08:27,559 [INFO] Got command from the client 'session,2022-07-23_23-46-27,stop,testing'
ptd-server 2022-07-24 00:08:37,570 [INFO] Sending to ptd: 'Stop'
ptd-server 2022-07-24 00:08:37,570 [INFO] Reply from ptd: 'Stopping untimed measurement'
ptd-server 2022-07-24 00:08:37,890 [INFO] Sending reply to client 'OK'
ptd-server 2022-07-24 00:08:37,898 [INFO] Got command from the client 'session,2022-07-23_23-46-27,done'
ptd-server 2022-07-24 00:08:37,898 [INFO] Sending to ptd: 'Stop'
ptd-server 2022-07-24 00:08:37,899 [INFO] Reply from ptd: 'Error: no measurement to stop'
ptd-server 2022-07-24 00:08:37,899 [INFO] Sending to ptd: 'SR,V,Auto'
ptd-server 2022-07-24 00:08:38,401 [INFO] Reply from ptd: 'Range V changed'
ptd-server 2022-07-24 00:08:38,401 [INFO] Sending to ptd: 'SR,A,0.500000'
ptd-server 2022-07-24 00:08:39,903 [INFO] Reply from ptd: 'Range A changed'
ptd-server 2022-07-24 00:08:39,903 [INFO] Set initial values for Amps 0.500000 and Volts Auto
ptd-server 2022-07-24 00:08:39,903 [INFO] Stopping ptd...
