ptd-server 2022-07-27 06:38:18,817 [INFO] Got command from the client 'time'
ptd-server 2022-07-27 06:38:18,817 [INFO] Sending reply to client '1658900298.817512'
ptd-server 2022-07-27 06:38:18,821 [INFO] Got command from the client 'new,,2b5b11e6-4bd8-4fbf-929a-129e31546257'
ptd-server 2022-07-27 06:38:18,822 [INFO] Sending reply to client 'OK 2022-07-27_06-38-18,395338d6-67b7-461d-997d-2db68c3c4fae'
ptd-server 2022-07-27 06:38:18,919 [INFO] Got command from the client 'time'
ptd-server 2022-07-27 06:38:18,919 [INFO] Sending reply to client '1658900298.9194427'
ptd-server 2022-07-27 06:38:18,922 [INFO] Got command from the client 'session,2022-07-27_06-38-18,start,ranging'
ptd-server 2022-07-27 06:38:18,923 [INFO] Running PTDaemon: ['/home/anton/projects/mlperf/power/inference_v1.0/ptd-linux-x86', '-l', '/tmp/tmp7lgbo8s4/ptd_logfile.txt', '-p', '8888', '49', '/dev/usbtmc0']
ptd-server 2022-07-27 06:38:36,098 [INFO] Sending to ptd: 'Hello'
ptd-server 2022-07-27 06:38:36,098 [INFO] Reply from ptd: 'Hello, PTDaemon here!'
ptd-server 2022-07-27 06:38:36,098 [INFO] Sending to ptd: 'Identify'
ptd-server 2022-07-27 06:38:36,099 [INFO] Reply from ptd: 'YokogawaWT310E,1000,1,1,1,1,0,1,1,version=1.9.2-e8c7a49a-20201208,OS=Linux 5.13.0-52-generic #59~20.04.1-Ubuntu SMP Thu Jun 16 21:21:28 UTC 2022 x86_64,mode=power,1,1,1,0,0,no_cal_date,YOKOGAWA;WT310E;C3XA04010E;F1.04'
ptd-server 2022-07-27 06:38:36,099 [INFO] Connected to PTDaemon
ptd-server 2022-07-27 06:38:36,099 [INFO] Sending to ptd: 'RR'
ptd-server 2022-07-27 06:38:36,099 [INFO] Reply from ptd: 'Ranges,0,0.500000,1,300.000000'
ptd-server 2022-07-27 06:38:36,099 [INFO] Initial range for Amps is 0.500000 for Volts is Auto
ptd-server 2022-07-27 06:38:36,100 [INFO] Sending to ptd: 'SR,V,Auto'
ptd-server 2022-07-27 06:38:36,602 [INFO] Reply from ptd: 'Range V changed'
ptd-server 2022-07-27 06:38:36,602 [INFO] Sending to ptd: 'SR,A,Auto'
ptd-server 2022-07-27 06:38:37,105 [INFO] Reply from ptd: 'Range A changed'
ptd-server 2022-07-27 06:38:47,111 [INFO] Starting ranging mode
ptd-server 2022-07-27 06:38:47,111 [INFO] Sending to ptd: 'Go,1000,0,2022-07-27_06-38-18_ranging'
ptd-server 2022-07-27 06:38:47,112 [INFO] Reply from ptd: 'Starting untimed measurement, maximum 500000 samples at 1000ms with 0 rampup samples'
ptd-server 2022-07-27 06:38:47,112 [INFO] Sending reply to client 'OK'
ptd-server 2022-07-27 06:49:02,500 [INFO] Got command from the client 'session,2022-07-27_06-38-18,stop,ranging'
ptd-server 2022-07-27 06:49:12,507 [INFO] Sending to ptd: 'Stop'
ptd-server 2022-07-27 06:49:12,508 [INFO] Reply from ptd: 'Stopping untimed measurement'
ptd-server 2022-07-27 06:49:13,435 [INFO] Sending reply to client 'OK'
ptd-server 2022-07-27 06:49:13,585 [INFO] Got command from the client 'time'
ptd-server 2022-07-27 06:49:13,585 [INFO] Sending reply to client '1658900953.5854938'
ptd-server 2022-07-27 06:49:13,590 [INFO] Got command from the client 'session,2022-07-27_06-38-18,start,testing'
ptd-server 2022-07-27 06:49:13,590 [INFO] Sending to ptd: 'SR,V,248.740000'
ptd-server 2022-07-27 06:49:15,091 [INFO] Reply from ptd: 'Range V changed'
ptd-server 2022-07-27 06:49:15,091 [INFO] Sending to ptd: 'SR,A,0.048800'
ptd-server 2022-07-27 06:49:16,593 [INFO] Reply from ptd: 'Range A changed'
ptd-server 2022-07-27 06:49:26,603 [INFO] Starting testing mode
ptd-server 2022-07-27 06:49:26,603 [INFO] Sending to ptd: 'Go,1000,0,2022-07-27_06-38-18_testing'
ptd-server 2022-07-27 06:49:26,604 [INFO] Reply from ptd: 'Starting untimed measurement, maximum 500000 samples at 1000ms with 0 rampup samples'
ptd-server 2022-07-27 06:49:26,604 [INFO] Sending reply to client 'OK'
ptd-server 2022-07-27 06:59:41,772 [INFO] Got command from the client 'session,2022-07-27_06-38-18,stop,testing'
ptd-server 2022-07-27 06:59:51,782 [INFO] Sending to ptd: 'Stop'
ptd-server 2022-07-27 06:59:51,783 [INFO] Reply from ptd: 'Stopping untimed measurement'
ptd-server 2022-07-27 06:59:52,256 [INFO] Sending reply to client 'OK'
ptd-server 2022-07-27 06:59:52,276 [INFO] Got command from the client 'session,2022-07-27_06-38-18,done'
ptd-server 2022-07-27 06:59:52,277 [INFO] Sending to ptd: 'Stop'
ptd-server 2022-07-27 06:59:52,604 [INFO] Reply from ptd: 'Error: no measurement to stop'
ptd-server 2022-07-27 06:59:52,604 [INFO] Sending to ptd: 'SR,V,Auto'
ptd-server 2022-07-27 06:59:53,107 [INFO] Reply from ptd: 'Range V changed'
ptd-server 2022-07-27 06:59:53,107 [INFO] Sending to ptd: 'SR,A,0.500000'
ptd-server 2022-07-27 06:59:54,608 [INFO] Reply from ptd: 'Range A changed'
ptd-server 2022-07-27 06:59:54,608 [INFO] Set initial values for Amps 0.500000 and Volts Auto
ptd-server 2022-07-27 06:59:54,609 [INFO] Stopping ptd...
