ptd-server 2022-07-29 05:16:33,277 [INFO] Got command from the client 'time'
ptd-server 2022-07-29 05:16:33,277 [INFO] Sending reply to client '1659068193.2774065'
ptd-server 2022-07-29 05:16:33,281 [INFO] Got command from the client 'new,,ae99a05f-3923-4835-b63a-296f310af452'
ptd-server 2022-07-29 05:16:33,281 [INFO] Sending reply to client 'OK 2022-07-29_05-16-33,0e16a31e-e7cb-4419-bfad-84137488185a'
ptd-server 2022-07-29 05:16:33,379 [INFO] Got command from the client 'time'
ptd-server 2022-07-29 05:16:33,379 [INFO] Sending reply to client '1659068193.3796723'
ptd-server 2022-07-29 05:16:33,384 [INFO] Got command from the client 'session,2022-07-29_05-16-33,start,ranging'
ptd-server 2022-07-29 05:16:33,385 [INFO] Running PTDaemon: ['/home/anton/projects/mlperf/power/inference_v1.0/ptd-linux-x86', '-l', '/tmp/tmp7lgbo8s4/ptd_logfile.txt', '-p', '8888', '49', '/dev/usbtmc0']
ptd-server 2022-07-29 05:16:50,560 [INFO] Sending to ptd: 'Hello'
ptd-server 2022-07-29 05:16:50,561 [INFO] Reply from ptd: 'Hello, PTDaemon here!'
ptd-server 2022-07-29 05:16:50,561 [INFO] Sending to ptd: 'Identify'
ptd-server 2022-07-29 05:16:50,561 [INFO] Reply from ptd: 'YokogawaWT310E,1000,1,1,1,1,0,1,1,version=1.9.2-e8c7a49a-20201208,OS=Linux 5.13.0-52-generic #59~20.04.1-Ubuntu SMP Thu Jun 16 21:21:28 UTC 2022 x86_64,mode=power,1,1,1,0,0,no_cal_date,YOKOGAWA;WT310E;C3XA04010E;F1.04'
ptd-server 2022-07-29 05:16:50,561 [INFO] Connected to PTDaemon
ptd-server 2022-07-29 05:16:50,561 [INFO] Sending to ptd: 'RR'
ptd-server 2022-07-29 05:16:50,562 [INFO] Reply from ptd: 'Ranges,0,0.500000,1,300.000000'
ptd-server 2022-07-29 05:16:50,562 [INFO] Initial range for Amps is 0.500000 for Volts is Auto
ptd-server 2022-07-29 05:16:50,562 [INFO] Sending to ptd: 'SR,V,Auto'
ptd-server 2022-07-29 05:16:51,064 [INFO] Reply from ptd: 'Range V changed'
ptd-server 2022-07-29 05:16:51,065 [INFO] Sending to ptd: 'SR,A,Auto'
ptd-server 2022-07-29 05:16:51,567 [INFO] Reply from ptd: 'Range A changed'
ptd-server 2022-07-29 05:17:01,577 [INFO] Starting ranging mode
ptd-server 2022-07-29 05:17:01,578 [INFO] Sending to ptd: 'Go,1000,0,2022-07-29_05-16-33_ranging'
ptd-server 2022-07-29 05:17:01,578 [INFO] Reply from ptd: 'Starting untimed measurement, maximum 500000 samples at 1000ms with 0 rampup samples'
ptd-server 2022-07-29 05:17:01,578 [INFO] Sending reply to client 'OK'
ptd-server 2022-07-29 05:27:34,216 [INFO] Got command from the client 'session,2022-07-29_05-16-33,stop,ranging'
ptd-server 2022-07-29 05:27:44,226 [INFO] Sending to ptd: 'Stop'
ptd-server 2022-07-29 05:27:44,227 [INFO] Reply from ptd: 'Stopping untimed measurement'
ptd-server 2022-07-29 05:27:45,374 [INFO] Sending reply to client 'OK'
ptd-server 2022-07-29 05:27:45,554 [INFO] Got command from the client 'time'
ptd-server 2022-07-29 05:27:45,555 [INFO] Sending reply to client '1659068865.5550466'
ptd-server 2022-07-29 05:27:45,559 [INFO] Got command from the client 'session,2022-07-29_05-16-33,start,testing'
ptd-server 2022-07-29 05:27:45,559 [INFO] Sending to ptd: 'SR,V,250.720000'
ptd-server 2022-07-29 05:27:47,060 [INFO] Reply from ptd: 'Range V changed'
ptd-server 2022-07-29 05:27:47,060 [INFO] Sending to ptd: 'SR,A,0.048260'
ptd-server 2022-07-29 05:27:48,562 [INFO] Reply from ptd: 'Range A changed'
ptd-server 2022-07-29 05:27:58,572 [INFO] Starting testing mode
ptd-server 2022-07-29 05:27:58,572 [INFO] Sending to ptd: 'Go,1000,0,2022-07-29_05-16-33_testing'
ptd-server 2022-07-29 05:27:58,572 [INFO] Reply from ptd: 'Starting untimed measurement, maximum 500000 samples at 1000ms with 0 rampup samples'
ptd-server 2022-07-29 05:27:58,573 [INFO] Sending reply to client 'OK'
ptd-server 2022-07-29 05:38:31,417 [INFO] Got command from the client 'session,2022-07-29_05-16-33,stop,testing'
ptd-server 2022-07-29 05:38:41,428 [INFO] Sending to ptd: 'Stop'
ptd-server 2022-07-29 05:38:41,428 [INFO] Reply from ptd: 'Stopping untimed measurement'
ptd-server 2022-07-29 05:38:42,022 [INFO] Sending reply to client 'OK'
ptd-server 2022-07-29 05:38:42,063 [INFO] Got command from the client 'session,2022-07-29_05-16-33,done'
ptd-server 2022-07-29 05:38:42,063 [INFO] Sending to ptd: 'Stop'
ptd-server 2022-07-29 05:38:42,063 [INFO] Reply from ptd: 'Error: no measurement to stop'
ptd-server 2022-07-29 05:38:42,064 [INFO] Sending to ptd: 'SR,V,Auto'
ptd-server 2022-07-29 05:38:42,566 [INFO] Reply from ptd: 'Range V changed'
ptd-server 2022-07-29 05:38:42,566 [INFO] Sending to ptd: 'SR,A,0.500000'
ptd-server 2022-07-29 05:38:44,067 [INFO] Reply from ptd: 'Range A changed'
ptd-server 2022-07-29 05:38:44,067 [INFO] Set initial values for Amps 0.500000 and Volts Auto
ptd-server 2022-07-29 05:38:44,068 [INFO] Stopping ptd...
