ptd-server 2022-08-05 11:46:38,941 [INFO] Got command from the client 'time'
ptd-server 2022-08-05 11:46:38,942 [INFO] Sending reply to client '1659717998.94207'
ptd-server 2022-08-05 11:46:38,943 [INFO] Got command from the client 'new,,b66687bc-5f84-45a4-a8fb-000acca42a5d'
ptd-server 2022-08-05 11:46:38,943 [INFO] Sending reply to client 'OK 2022-08-05_11-46-38,80324e0d-d459-4f31-81f5-b46442424c35'
ptd-server 2022-08-05 11:46:39,024 [INFO] Got command from the client 'time'
ptd-server 2022-08-05 11:46:39,024 [INFO] Sending reply to client '1659717999.0243802'
ptd-server 2022-08-05 11:46:39,025 [INFO] Got command from the client 'session,2022-08-05_11-46-38,start,ranging'
ptd-server 2022-08-05 11:46:39,025 [INFO] Running PTDaemon: ['/local/mnt/workspace/mlcommons/power-main/inference_v1.0/ptd-linux-x86', '-l', '/tmp/tmp3rup6cv3/ptd_logfile.txt', '-p', '8888', '-c', '3', '52', '/dev/usbtmc0']
ptd-server 2022-08-05 11:46:56,152 [INFO] Sending to ptd: 'Hello'
ptd-server 2022-08-05 11:46:56,153 [INFO] Reply from ptd: 'Hello, PTDaemon here!'
ptd-server 2022-08-05 11:46:56,153 [INFO] Sending to ptd: 'Identify'
ptd-server 2022-08-05 11:46:56,154 [INFO] Reply from ptd: 'YokogawaWT330E,1000,1,1,1,1,0,0,1,version=1.9.2-e8c7a49a-20201208,OS=Linux 5.4.0-105-generic #119~18.04.1-Ubuntu SMP Tue Mar 8 11:21:24 UTC 2022 x86_64,mode=power,1,1,1,0,0,no_cal_date,YOKOGAWA;WT333E;C2XC17005V;F1.04'
ptd-server 2022-08-05 11:46:56,154 [INFO] Connected to PTDaemon
ptd-server 2022-08-05 11:46:56,154 [INFO] Sending to ptd: 'RR'
ptd-server 2022-08-05 11:46:56,155 [INFO] Reply from ptd: 'Ranges,1,1.000000,1,150.000000'
ptd-server 2022-08-05 11:46:56,155 [INFO] Initial range for Amps is Auto for Volts is Auto
ptd-server 2022-08-05 11:46:56,155 [INFO] Sending to ptd: 'SR,V,Auto'
ptd-server 2022-08-05 11:46:56,658 [INFO] Reply from ptd: 'Range V changed'
ptd-server 2022-08-05 11:46:56,659 [INFO] Sending to ptd: 'SR,A,Auto'
ptd-server 2022-08-05 11:46:57,162 [INFO] Reply from ptd: 'Range A changed'
ptd-server 2022-08-05 11:47:07,172 [INFO] Starting ranging mode
ptd-server 2022-08-05 11:47:07,173 [INFO] Sending to ptd: 'Go,1000,0,2022-08-05_11-46-38_ranging'
ptd-server 2022-08-05 11:47:07,173 [INFO] Reply from ptd: 'Starting untimed measurement, maximum 500000 samples at 1000ms with 0 rampup samples'
ptd-server 2022-08-05 11:47:07,174 [INFO] Sending reply to client 'OK'
ptd-server 2022-08-05 11:58:03,858 [INFO] Got command from the client 'session,2022-08-05_11-46-38,stop,ranging'
ptd-server 2022-08-05 11:58:13,869 [INFO] Sending to ptd: 'Stop'
ptd-server 2022-08-05 11:58:13,870 [INFO] Reply from ptd: 'Stopping untimed measurement'
ptd-server 2022-08-05 11:58:13,911 [INFO] Sending reply to client 'OK'
ptd-server 2022-08-05 11:58:14,001 [INFO] Got command from the client 'time'
ptd-server 2022-08-05 11:58:14,001 [INFO] Sending reply to client '1659718694.0016766'
ptd-server 2022-08-05 11:58:14,003 [INFO] Got command from the client 'session,2022-08-05_11-46-38,start,testing'
ptd-server 2022-08-05 11:58:14,003 [INFO] Sending to ptd: 'SR,V,120.210000'
ptd-server 2022-08-05 11:58:15,675 [INFO] Reply from ptd: 'Range V changed'
ptd-server 2022-08-05 11:58:15,676 [INFO] Sending to ptd: 'SR,A,0.246200'
ptd-server 2022-08-05 11:58:17,178 [INFO] Reply from ptd: 'Range A changed'
ptd-server 2022-08-05 11:58:27,188 [INFO] Starting testing mode
ptd-server 2022-08-05 11:58:27,189 [INFO] Sending to ptd: 'Go,1000,0,2022-08-05_11-46-38_testing'
ptd-server 2022-08-05 11:58:27,189 [INFO] Reply from ptd: 'Starting untimed measurement, maximum 500000 samples at 1000ms with 0 rampup samples'
ptd-server 2022-08-05 11:58:27,190 [INFO] Sending reply to client 'OK'
ptd-server 2022-08-05 12:09:26,192 [INFO] Got command from the client 'session,2022-08-05_11-46-38,stop,testing'
ptd-server 2022-08-05 12:09:36,203 [INFO] Sending to ptd: 'Stop'
ptd-server 2022-08-05 12:09:36,203 [INFO] Reply from ptd: 'Stopping untimed measurement'
ptd-server 2022-08-05 12:09:36,225 [INFO] Sending reply to client 'OK'
ptd-server 2022-08-05 12:09:36,232 [INFO] Got command from the client 'session,2022-08-05_11-46-38,done'
ptd-server 2022-08-05 12:09:36,232 [INFO] Sending to ptd: 'Stop'
ptd-server 2022-08-05 12:09:37,190 [INFO] Reply from ptd: 'Error: no measurement to stop'
ptd-server 2022-08-05 12:09:37,190 [INFO] Sending to ptd: 'SR,V,Auto'
ptd-server 2022-08-05 12:09:37,693 [INFO] Reply from ptd: 'Range V changed'
ptd-server 2022-08-05 12:09:37,694 [INFO] Sending to ptd: 'SR,A,Auto'
ptd-server 2022-08-05 12:09:38,197 [INFO] Reply from ptd: 'Range A changed'
ptd-server 2022-08-05 12:09:38,197 [INFO] Set initial values for Amps Auto and Volts Auto
ptd-server 2022-08-05 12:09:38,197 [INFO] Stopping ptd...
