ptd-server 2022-07-22 21:35:56,038 [INFO] Got command from the client 'time'
ptd-server 2022-07-22 21:35:56,039 [INFO] Sending reply to client '1658522156.0390508'
ptd-server 2022-07-22 21:35:56,040 [INFO] Got command from the client 'new,,ca92a15d-dd26-4d17-80e1-95ea02172c13'
ptd-server 2022-07-22 21:35:56,040 [INFO] Sending reply to client 'OK 2022-07-22_21-35-56,642eadbc-dca3-42d1-b947-22fbecf2bc8e'
ptd-server 2022-07-22 21:35:56,072 [INFO] Got command from the client 'time'
ptd-server 2022-07-22 21:35:56,072 [INFO] Sending reply to client '1658522156.0722733'
ptd-server 2022-07-22 21:35:56,073 [INFO] Got command from the client 'session,2022-07-22_21-35-56,start,ranging'
ptd-server 2022-07-22 21:35:56,073 [INFO] Running PTDaemon: ['/home/anton/projects/mlperf/power/inference_v1.0/ptd-linux-x86', '-l', '/tmp/tmp7lgbo8s4/ptd_logfile.txt', '-p', '8888', '49', '/dev/usbtmc0']
ptd-server 2022-07-22 21:36:13,248 [INFO] Sending to ptd: 'Hello'
ptd-server 2022-07-22 21:36:13,249 [INFO] Reply from ptd: 'Hello, PTDaemon here!'
ptd-server 2022-07-22 21:36:13,249 [INFO] Sending to ptd: 'Identify'
ptd-server 2022-07-22 21:36:13,249 [INFO] Reply from ptd: 'YokogawaWT310E,1000,1,1,1,1,0,1,1,version=1.9.2-e8c7a49a-20201208,OS=Linux 5.13.0-52-generic #59~20.04.1-Ubuntu SMP Thu Jun 16 21:21:28 UTC 2022 x86_64,mode=power,1,1,1,0,0,no_cal_date,YOKOGAWA;WT310E;C3XA04010E;F1.04'
ptd-server 2022-07-22 21:36:13,249 [INFO] Connected to PTDaemon
ptd-server 2022-07-22 21:36:13,249 [INFO] Sending to ptd: 'RR'
ptd-server 2022-07-22 21:36:13,250 [INFO] Reply from ptd: 'Ranges,0,0.500000,1,300.000000'
ptd-server 2022-07-22 21:36:13,250 [INFO] Initial range for Amps is 0.500000 for Volts is Auto
ptd-server 2022-07-22 21:36:13,250 [INFO] Sending to ptd: 'SR,V,Auto'
ptd-server 2022-07-22 21:36:13,753 [INFO] Reply from ptd: 'Range V changed'
ptd-server 2022-07-22 21:36:13,753 [INFO] Sending to ptd: 'SR,A,Auto'
ptd-server 2022-07-22 21:36:14,255 [INFO] Reply from ptd: 'Range A changed'
ptd-server 2022-07-22 21:36:24,266 [INFO] Starting ranging mode
ptd-server 2022-07-22 21:36:24,266 [INFO] Sending to ptd: 'Go,1000,0,2022-07-22_21-35-56_ranging'
ptd-server 2022-07-22 21:36:24,266 [INFO] Reply from ptd: 'Starting untimed measurement, maximum 500000 samples at 1000ms with 0 rampup samples'
ptd-server 2022-07-22 21:36:24,266 [INFO] Sending reply to client 'OK'
ptd-server 2022-07-22 21:46:40,683 [INFO] Got command from the client 'session,2022-07-22_21-35-56,stop,ranging'
ptd-server 2022-07-22 21:46:50,694 [INFO] Sending to ptd: 'Stop'
ptd-server 2022-07-22 21:46:50,694 [INFO] Reply from ptd: 'Stopping untimed measurement'
ptd-server 2022-07-22 21:46:51,172 [INFO] Sending reply to client 'OK'
ptd-server 2022-07-22 21:46:51,231 [INFO] Got command from the client 'time'
ptd-server 2022-07-22 21:46:51,231 [INFO] Sending reply to client '1658522811.2319303'
ptd-server 2022-07-22 21:46:51,233 [INFO] Got command from the client 'session,2022-07-22_21-35-56,start,testing'
ptd-server 2022-07-22 21:46:51,233 [INFO] Sending to ptd: 'SR,V,249.970000'
ptd-server 2022-07-22 21:46:52,767 [INFO] Reply from ptd: 'Range V changed'
ptd-server 2022-07-22 21:46:52,768 [INFO] Sending to ptd: 'SR,A,0.048170'
ptd-server 2022-07-22 21:46:54,269 [INFO] Reply from ptd: 'Range A changed'
ptd-server 2022-07-22 21:47:04,279 [INFO] Starting testing mode
ptd-server 2022-07-22 21:47:04,280 [INFO] Sending to ptd: 'Go,1000,0,2022-07-22_21-35-56_testing'
ptd-server 2022-07-22 21:47:04,280 [INFO] Reply from ptd: 'Starting untimed measurement, maximum 500000 samples at 1000ms with 0 rampup samples'
ptd-server 2022-07-22 21:47:04,280 [INFO] Sending reply to client 'OK'
ptd-server 2022-07-22 21:57:20,650 [INFO] Got command from the client 'session,2022-07-22_21-35-56,stop,testing'
ptd-server 2022-07-22 21:57:30,661 [INFO] Sending to ptd: 'Stop'
ptd-server 2022-07-22 21:57:30,661 [INFO] Reply from ptd: 'Stopping untimed measurement'
ptd-server 2022-07-22 21:57:30,917 [INFO] Sending reply to client 'OK'
ptd-server 2022-07-22 21:57:30,925 [INFO] Got command from the client 'session,2022-07-22_21-35-56,done'
ptd-server 2022-07-22 21:57:30,925 [INFO] Sending to ptd: 'Stop'
ptd-server 2022-07-22 21:57:31,281 [INFO] Reply from ptd: 'Error: no measurement to stop'
ptd-server 2022-07-22 21:57:31,281 [INFO] Sending to ptd: 'SR,V,Auto'
ptd-server 2022-07-22 21:57:31,783 [INFO] Reply from ptd: 'Range V changed'
ptd-server 2022-07-22 21:57:31,783 [INFO] Sending to ptd: 'SR,A,0.500000'
ptd-server 2022-07-22 21:57:33,285 [INFO] Reply from ptd: 'Range A changed'
ptd-server 2022-07-22 21:57:33,285 [INFO] Set initial values for Amps 0.500000 and Volts Auto
ptd-server 2022-07-22 21:57:33,285 [INFO] Stopping ptd...
