ptd-server 2022-07-22 23:46:27,067 [INFO] Got command from the client 'time'
ptd-server 2022-07-22 23:46:27,068 [INFO] Sending reply to client '1658529987.0680208'
ptd-server 2022-07-22 23:46:27,069 [INFO] Got command from the client 'new,,73e4d95d-dcbb-4aca-963d-d49f14248823'
ptd-server 2022-07-22 23:46:27,069 [INFO] Sending reply to client 'OK 2022-07-22_23-46-27,48b1e9b1-1191-4564-b56b-ffb3fad7e7b3'
ptd-server 2022-07-22 23:46:27,105 [INFO] Got command from the client 'time'
ptd-server 2022-07-22 23:46:27,105 [INFO] Sending reply to client '1658529987.105694'
ptd-server 2022-07-22 23:46:27,106 [INFO] Got command from the client 'session,2022-07-22_23-46-27,start,ranging'
ptd-server 2022-07-22 23:46:27,107 [INFO] Running PTDaemon: ['/home/anton/projects/mlperf/power/inference_v1.0/ptd-linux-x86', '-l', '/tmp/tmp7lgbo8s4/ptd_logfile.txt', '-p', '8888', '49', '/dev/usbtmc0']
ptd-server 2022-07-22 23:46:44,281 [INFO] Sending to ptd: 'Hello'
ptd-server 2022-07-22 23:46:44,282 [INFO] Reply from ptd: 'Hello, PTDaemon here!'
ptd-server 2022-07-22 23:46:44,282 [INFO] Sending to ptd: 'Identify'
ptd-server 2022-07-22 23:46:44,282 [INFO] Reply from ptd: 'YokogawaWT310E,1000,1,1,1,1,0,1,1,version=1.9.2-e8c7a49a-20201208,OS=Linux 5.13.0-52-generic #59~20.04.1-Ubuntu SMP Thu Jun 16 21:21:28 UTC 2022 x86_64,mode=power,1,1,1,0,0,no_cal_date,YOKOGAWA;WT310E;C3XA04010E;F1.04'
ptd-server 2022-07-22 23:46:44,282 [INFO] Connected to PTDaemon
ptd-server 2022-07-22 23:46:44,282 [INFO] Sending to ptd: 'RR'
ptd-server 2022-07-22 23:46:44,283 [INFO] Reply from ptd: 'Ranges,0,0.500000,1,300.000000'
ptd-server 2022-07-22 23:46:44,283 [INFO] Initial range for Amps is 0.500000 for Volts is Auto
ptd-server 2022-07-22 23:46:44,283 [INFO] Sending to ptd: 'SR,V,Auto'
ptd-server 2022-07-22 23:46:44,785 [INFO] Reply from ptd: 'Range V changed'
ptd-server 2022-07-22 23:46:44,786 [INFO] Sending to ptd: 'SR,A,Auto'
ptd-server 2022-07-22 23:46:45,288 [INFO] Reply from ptd: 'Range A changed'
ptd-server 2022-07-22 23:46:55,298 [INFO] Starting ranging mode
ptd-server 2022-07-22 23:46:55,299 [INFO] Sending to ptd: 'Go,1000,0,2022-07-22_23-46-27_ranging'
ptd-server 2022-07-22 23:46:55,299 [INFO] Reply from ptd: 'Starting untimed measurement, maximum 500000 samples at 1000ms with 0 rampup samples'
ptd-server 2022-07-22 23:46:55,299 [INFO] Sending reply to client 'OK'
ptd-server 2022-07-22 23:57:11,620 [INFO] Got command from the client 'session,2022-07-22_23-46-27,stop,ranging'
ptd-server 2022-07-22 23:57:21,631 [INFO] Sending to ptd: 'Stop'
ptd-server 2022-07-22 23:57:21,631 [INFO] Reply from ptd: 'Stopping untimed measurement'
ptd-server 2022-07-22 23:57:22,123 [INFO] Sending reply to client 'OK'
ptd-server 2022-07-22 23:57:22,160 [INFO] Got command from the client 'time'
ptd-server 2022-07-22 23:57:22,161 [INFO] Sending reply to client '1658530642.161043'
ptd-server 2022-07-22 23:57:22,161 [INFO] Got command from the client 'session,2022-07-22_23-46-27,start,testing'
ptd-server 2022-07-22 23:57:22,162 [INFO] Sending to ptd: 'SR,V,251.620000'
ptd-server 2022-07-22 23:57:23,800 [INFO] Reply from ptd: 'Range V changed'
ptd-server 2022-07-22 23:57:23,801 [INFO] Sending to ptd: 'SR,A,0.051460'
ptd-server 2022-07-22 23:57:25,302 [INFO] Reply from ptd: 'Range A changed'
ptd-server 2022-07-22 23:57:35,312 [INFO] Starting testing mode
ptd-server 2022-07-22 23:57:35,312 [INFO] Sending to ptd: 'Go,1000,0,2022-07-22_23-46-27_testing'
ptd-server 2022-07-22 23:57:35,313 [INFO] Reply from ptd: 'Starting untimed measurement, maximum 500000 samples at 1000ms with 0 rampup samples'
ptd-server 2022-07-22 23:57:35,313 [INFO] Sending reply to client 'OK'
ptd-server 2022-07-23 00:07:51,622 [INFO] Got command from the client 'session,2022-07-22_23-46-27,stop,testing'
ptd-server 2022-07-23 00:08:01,630 [INFO] Sending to ptd: 'Stop'
ptd-server 2022-07-23 00:08:01,631 [INFO] Reply from ptd: 'Stopping untimed measurement'
ptd-server 2022-07-23 00:08:01,897 [INFO] Sending reply to client 'OK'
ptd-server 2022-07-23 00:08:01,905 [INFO] Got command from the client 'session,2022-07-22_23-46-27,done'
ptd-server 2022-07-23 00:08:01,905 [INFO] Sending to ptd: 'Stop'
ptd-server 2022-07-23 00:08:02,313 [INFO] Reply from ptd: 'Error: no measurement to stop'
ptd-server 2022-07-23 00:08:02,313 [INFO] Sending to ptd: 'SR,V,Auto'
ptd-server 2022-07-23 00:08:02,816 [INFO] Reply from ptd: 'Range V changed'
ptd-server 2022-07-23 00:08:02,816 [INFO] Sending to ptd: 'SR,A,0.500000'
ptd-server 2022-07-23 00:08:04,317 [INFO] Reply from ptd: 'Range A changed'
ptd-server 2022-07-23 00:08:04,318 [INFO] Set initial values for Amps 0.500000 and Volts Auto
ptd-server 2022-07-23 00:08:04,318 [INFO] Stopping ptd...
