ptd-server 2022-07-29 07:50:41,201 [INFO] Got command from the client 'time'
ptd-server 2022-07-29 07:50:41,201 [INFO] Sending reply to client '1659077441.2014656'
ptd-server 2022-07-29 07:50:41,205 [INFO] Got command from the client 'new,,2c74d352-b7e0-4389-8dcf-4b45aa05ec64'
ptd-server 2022-07-29 07:50:41,205 [INFO] Sending reply to client 'OK 2022-07-29_07-50-41,a35a9d50-2375-4d70-ad4b-2acdd716453e'
ptd-server 2022-07-29 07:50:41,303 [INFO] Got command from the client 'time'
ptd-server 2022-07-29 07:50:41,303 [INFO] Sending reply to client '1659077441.3036153'
ptd-server 2022-07-29 07:50:41,308 [INFO] Got command from the client 'session,2022-07-29_07-50-41,start,ranging'
ptd-server 2022-07-29 07:50:41,309 [INFO] Running PTDaemon: ['/home/anton/projects/mlperf/power/inference_v1.0/ptd-linux-x86', '-l', '/tmp/tmp7lgbo8s4/ptd_logfile.txt', '-p', '8888', '49', '/dev/usbtmc0']
ptd-server 2022-07-29 07:50:58,485 [INFO] Sending to ptd: 'Hello'
ptd-server 2022-07-29 07:50:58,485 [INFO] Reply from ptd: 'Hello, PTDaemon here!'
ptd-server 2022-07-29 07:50:58,485 [INFO] Sending to ptd: 'Identify'
ptd-server 2022-07-29 07:50:58,486 [INFO] Reply from ptd: 'YokogawaWT310E,1000,1,1,1,1,0,1,1,version=1.9.2-e8c7a49a-20201208,OS=Linux 5.13.0-52-generic #59~20.04.1-Ubuntu SMP Thu Jun 16 21:21:28 UTC 2022 x86_64,mode=power,1,1,1,0,0,no_cal_date,YOKOGAWA;WT310E;C3XA04010E;F1.04'
ptd-server 2022-07-29 07:50:58,486 [INFO] Connected to PTDaemon
ptd-server 2022-07-29 07:50:58,486 [INFO] Sending to ptd: 'RR'
ptd-server 2022-07-29 07:50:58,486 [INFO] Reply from ptd: 'Ranges,0,0.500000,1,300.000000'
ptd-server 2022-07-29 07:50:58,486 [INFO] Initial range for Amps is 0.500000 for Volts is Auto
ptd-server 2022-07-29 07:50:58,487 [INFO] Sending to ptd: 'SR,V,Auto'
ptd-server 2022-07-29 07:50:58,989 [INFO] Reply from ptd: 'Range V changed'
ptd-server 2022-07-29 07:50:58,989 [INFO] Sending to ptd: 'SR,A,Auto'
ptd-server 2022-07-29 07:50:59,492 [INFO] Reply from ptd: 'Range A changed'
ptd-server 2022-07-29 07:51:09,502 [INFO] Starting ranging mode
ptd-server 2022-07-29 07:51:09,502 [INFO] Sending to ptd: 'Go,1000,0,2022-07-29_07-50-41_ranging'
ptd-server 2022-07-29 07:51:09,503 [INFO] Reply from ptd: 'Starting untimed measurement, maximum 500000 samples at 1000ms with 0 rampup samples'
ptd-server 2022-07-29 07:51:09,503 [INFO] Sending reply to client 'OK'
ptd-server 2022-07-29 08:01:41,414 [INFO] Got command from the client 'session,2022-07-29_07-50-41,stop,ranging'
ptd-server 2022-07-29 08:01:51,424 [INFO] Sending to ptd: 'Stop'
ptd-server 2022-07-29 08:01:51,425 [INFO] Reply from ptd: 'Stopping untimed measurement'
ptd-server 2022-07-29 08:01:52,595 [INFO] Sending reply to client 'OK'
ptd-server 2022-07-29 08:01:52,762 [INFO] Got command from the client 'time'
ptd-server 2022-07-29 08:01:52,762 [INFO] Sending reply to client '1659078112.7623918'
ptd-server 2022-07-29 08:01:52,765 [INFO] Got command from the client 'session,2022-07-29_07-50-41,start,testing'
ptd-server 2022-07-29 08:01:52,765 [INFO] Sending to ptd: 'SR,V,252.670000'
ptd-server 2022-07-29 08:01:54,267 [INFO] Reply from ptd: 'Range V changed'
ptd-server 2022-07-29 08:01:54,267 [INFO] Sending to ptd: 'SR,A,0.048860'
ptd-server 2022-07-29 08:01:55,768 [INFO] Reply from ptd: 'Range A changed'
ptd-server 2022-07-29 08:02:05,779 [INFO] Starting testing mode
ptd-server 2022-07-29 08:02:05,779 [INFO] Sending to ptd: 'Go,1000,0,2022-07-29_07-50-41_testing'
ptd-server 2022-07-29 08:02:05,779 [INFO] Reply from ptd: 'Starting untimed measurement, maximum 500000 samples at 1000ms with 0 rampup samples'
ptd-server 2022-07-29 08:02:05,779 [INFO] Sending reply to client 'OK'
ptd-server 2022-07-29 08:12:37,764 [INFO] Got command from the client 'session,2022-07-29_07-50-41,stop,testing'
ptd-server 2022-07-29 08:12:47,774 [INFO] Sending to ptd: 'Stop'
ptd-server 2022-07-29 08:12:47,775 [INFO] Reply from ptd: 'Stopping untimed measurement'
ptd-server 2022-07-29 08:12:48,364 [INFO] Sending reply to client 'OK'
ptd-server 2022-07-29 08:12:48,386 [INFO] Got command from the client 'session,2022-07-29_07-50-41,done'
ptd-server 2022-07-29 08:12:48,386 [INFO] Sending to ptd: 'Stop'
ptd-server 2022-07-29 08:12:48,386 [INFO] Reply from ptd: 'Error: no measurement to stop'
ptd-server 2022-07-29 08:12:48,386 [INFO] Sending to ptd: 'SR,V,Auto'
ptd-server 2022-07-29 08:12:48,889 [INFO] Reply from ptd: 'Range V changed'
ptd-server 2022-07-29 08:12:48,889 [INFO] Sending to ptd: 'SR,A,0.500000'
ptd-server 2022-07-29 08:12:50,390 [INFO] Reply from ptd: 'Range A changed'
ptd-server 2022-07-29 08:12:50,390 [INFO] Set initial values for Amps 0.500000 and Volts Auto
ptd-server 2022-07-29 08:12:50,391 [INFO] Stopping ptd...
