client 2022-07-19 23:46:31,350 [WARNING] Removing loadgen logs directory '/home/firefly/CK/ck-mlperf/program/image-classification-tflite-loadgen/tmp/loadgen_logs'
client 2022-07-19 23:46:31,354 [INFO] Sending command to the server: 'mlcommons/power client v3'
client 2022-07-19 23:46:31,357 [INFO] Got response: 'mlcommons/power server v3'
client 2022-07-19 23:46:31,357 [INFO] Synchronizing with the server and with time.google.com...
client 2022-07-19 23:46:31,492 [INFO] NTP:offset = -0.048 s, delay = 0.127 s 
client 2022-07-19 23:46:31,492 [INFO] Sending command to the server: 'time'
client 2022-07-19 23:46:31,495 [INFO] Got response: '1658270791.4972918'
client 2022-07-19 23:46:31,496 [INFO] The time difference between the client and the server is within range -4.918 ms..-1.251 ms
client 2022-07-19 23:46:31,496 [INFO] Sending command to the server: 'new,,3fd55dc1-eafa-4207-a3de-bc1602d2c302'
client 2022-07-19 23:46:31,499 [INFO] Got response: 'OK 2022-07-19_23-46-31,4bc99a1f-140a-4d12-965c-ea4d6963541f'
client 2022-07-19 23:46:31,499 [INFO] Session id is '2022-07-19_23-46-31'
client 2022-07-19 23:46:31,500 [INFO] Sources: {"sources": {"__init__.py": "da39a3ee5e6b4b0d3255bfef95601890afd80709", "client.py": "33ca4f26368777ac06e01f9567b714a4b8063886", "lib/__init__.py": "da39a3ee5e6b4b0d3255bfef95601890afd80709", "lib/client.py": "4c2b78fb4849a7e5b584ef792d82aaed20b17f57", "lib/common.py": "624d0c0acc7c39aaff3674f0b99d6a09da53d1dc", "lib/external/__init__.py": "da39a3ee5e6b4b0d3255bfef95601890afd80709", "lib/external/ntplib.py": "4da8f970656505a40483206ef2b5d3dd5e81711d", "lib/server.py": "cda0cdfaee9bfa1249c64a7dd4f89b7bf1b279f0", "lib/source_hashes.py": "60a2e02193209e8d392803326208d5466342da18", "lib/summary.py": "aa92f0a3f975eecd44d3c0cd0236342ccc9f941d", "lib/time_sync.py": "3210db56eb0ff0df57bf4293dc4d4b03fffd46f1", "server.py": "c3f90f2f7eeb4db30727556d0c815ebc89b3d28b", "tests/unit/__init__.py": "da39a3ee5e6b4b0d3255bfef95601890afd80709", "tests/unit/test_server.py": "99ae15aef722f2000ee6ed1ae1523637bf1ae42b", "tests/unit/test_source_hashes.py": "00468a2907583c593e6574a1f6b404e4651c221a"}, "modules": {"ptd_client_server.lib.client": "lib/client.py", "ptd_client_server.lib.common": "lib/common.py", "ptd_client_server.lib.external.ntplib": "lib/external/ntplib.py", "ptd_client_server.lib.source_hashes": "lib/source_hashes.py", "ptd_client_server.lib.summary": "lib/summary.py", "ptd_client_server.lib.time_sync": "lib/time_sync.py"}}
client 2022-07-19 23:46:31,500 [INFO] Running workload in ranging mode
client 2022-07-19 23:46:31,501 [INFO] Synchronizing with the server and with time.google.com...
client 2022-07-19 23:46:31,594 [INFO] NTP:offset = -0.029 s, delay = 0.088 s 
client 2022-07-19 23:46:31,595 [INFO] Sending command to the server: 'time'
client 2022-07-19 23:46:31,599 [INFO] Got response: '1658270791.6005564'
client 2022-07-19 23:46:31,599 [INFO] The time difference between the client and the server is within range -5.453 ms..-1.091 ms
client 2022-07-19 23:46:31,599 [INFO] Sending command to the server: 'session,2022-07-19_23-46-31,start,ranging'
client 2022-07-19 23:46:59,858 [INFO] Got response: 'OK'
client 2022-07-19 23:46:59,859 [INFO] Running the workload 'ck benchmark program:image-classification-tflite-loadgen --env.CK_SILENT_MODE=YES --skip_print_timers --dep_add_tags.compiler=gcc,v9 --dep_add_tags.python=v3 --dep_add_tags.mlperf-inference-src=r2.1 --dep_add_tags.weights=mobilenet,v2-0.35-160,quantized --dep_add_tags.images=crop.875,preprocessed,using-opencv --dep_add_tags.library=tflite,v2.7.1,with.ruy --env.CK_LOADGEN_DATASET_SIZE=1024 --env.CK_LOADGEN_MODE=PerformanceOnly --env.CK_LOADGEN_SCENARIO=SingleStream --env.CK_LOADGEN_TARGET_LATENCY=$CK_LOADGEN_TARGET_LATENCY --skip_stat_analysis --process_multi_keys --repetitions=1 --record --record_repo=local --record_uoa=mlperf_v2.1-open-firefly-tflite-v2.7.1-ruy-mobilenet-v2-0.35-160-quantized-singlestream-performance-target_latency.$CK_LOADGEN_TARGET_LATENCY-power.workload --tags=mlperf,round.v2.1,division.open,task.image-classification,platform.firefly,scenario.singlestream,mode.performance,workload.mobilenet-v2-0.35-160-quantized,preprocessed_using.opencv,inference_engine.tflite,inference_engine_version.v2.7.1,inference_engine_backend.ruy,target_latency.$CK_LOADGEN_TARGET_LATENCY,power.workload "@@@{\'meta\': {\'ck_benchmark_program\': \'ck benchmark program:image-classification-tflite-loadgen --env.CK_SILENT_MODE=YES --skip_print_timers --dep_add_tags.compiler=gcc,v9 --dep_add_tags.python=v3 --dep_add_tags.mlperf-inference-src=r2.1 --dep_add_tags.weights=mobilenet,v2-0.35-160,quantized --dep_add_tags.images=crop.875,preprocessed,using-opencv --dep_add_tags.library=tflite,v2.7.1,with.ruy --env.CK_LOADGEN_DATASET_SIZE=1024 --env.CK_LOADGEN_MODE=PerformanceOnly --env.CK_LOADGEN_SCENARIO=SingleStream --env.CK_LOADGEN_TARGET_LATENCY=$CK_LOADGEN_TARGET_LATENCY --skip_stat_analysis --process_multi_keys --repetitions=1 --record --record_repo=local --record_uoa=mlperf_v2.1-open-firefly-tflite-v2.7.1-ruy-mobilenet-v2-0.35-160-quantized-singlestream-performance-target_latency.$CK_LOADGEN_TARGET_LATENCY-power.workload --tags=mlperf,round.v2.1,division.open,task.image-classification,platform.firefly,scenario.singlestream,mode.performance,workload.mobilenet-v2-0.35-160-quantized,preprocessed_using.opencv,inference_engine.tflite,inference_engine_version.v2.7.1,inference_engine_backend.ruy,target_latency.$CK_LOADGEN_TARGET_LATENCY,power.workload\'}}" && cat `ck find program:image-classification-tflite-loadgen`/tmp/mlperf_log_summary.txt && mkdir -p "$CK_MLPERF_POWER_CLIENT_LOADGEN_LOGS" && cp "$CK_MLPERF_POWER_CLIENT_LOADGEN_LOGS"/../mlperf_log_* "$CK_MLPERF_POWER_CLIENT_LOADGEN_LOGS"/'
client 2022-07-19 23:57:18,891 [INFO] Sending command to the server: 'session,2022-07-19_23-46-31,stop,ranging'
client 2022-07-19 23:57:29,121 [INFO] Got response: 'OK'
client 2022-07-19 23:57:29,142 [INFO] Copying loadgen logs from '/home/firefly/CK/ck-mlperf/program/image-classification-tflite-loadgen/tmp/loadgen_logs' to '/home/firefly/CK/ck-mlperf/program/mlperf-power-client/tmp/2022-07-19_23-46-31/ranging'
client 2022-07-19 23:57:29,145 [INFO] Running workload in testing mode
client 2022-07-19 23:57:29,145 [INFO] Synchronizing with the server and with time.google.com...
client 2022-07-19 23:57:29,223 [INFO] NTP:offset = -0.014 s, delay = 0.071 s 
client 2022-07-19 23:57:29,225 [INFO] Sending command to the server: 'time'
client 2022-07-19 23:57:29,229 [INFO] Got response: '1658271449.2368662'
client 2022-07-19 23:57:29,230 [INFO] The time difference between the client and the server is within range -11.856 ms..-6.841 ms
client 2022-07-19 23:57:29,230 [INFO] Sending command to the server: 'session,2022-07-19_23-46-31,start,testing'
client 2022-07-19 23:57:42,843 [INFO] Got response: 'OK'
client 2022-07-19 23:57:42,844 [INFO] Running the workload 'ck benchmark program:image-classification-tflite-loadgen --env.CK_SILENT_MODE=YES --skip_print_timers --dep_add_tags.compiler=gcc,v9 --dep_add_tags.python=v3 --dep_add_tags.mlperf-inference-src=r2.1 --dep_add_tags.weights=mobilenet,v2-0.35-160,quantized --dep_add_tags.images=crop.875,preprocessed,using-opencv --dep_add_tags.library=tflite,v2.7.1,with.ruy --env.CK_LOADGEN_DATASET_SIZE=1024 --env.CK_LOADGEN_MODE=PerformanceOnly --env.CK_LOADGEN_SCENARIO=SingleStream --env.CK_LOADGEN_TARGET_LATENCY=$CK_LOADGEN_TARGET_LATENCY --skip_stat_analysis --process_multi_keys --repetitions=1 --record --record_repo=local --record_uoa=mlperf_v2.1-open-firefly-tflite-v2.7.1-ruy-mobilenet-v2-0.35-160-quantized-singlestream-performance-target_latency.$CK_LOADGEN_TARGET_LATENCY-power.workload --tags=mlperf,round.v2.1,division.open,task.image-classification,platform.firefly,scenario.singlestream,mode.performance,workload.mobilenet-v2-0.35-160-quantized,preprocessed_using.opencv,inference_engine.tflite,inference_engine_version.v2.7.1,inference_engine_backend.ruy,target_latency.$CK_LOADGEN_TARGET_LATENCY,power.workload "@@@{\'meta\': {\'ck_benchmark_program\': \'ck benchmark program:image-classification-tflite-loadgen --env.CK_SILENT_MODE=YES --skip_print_timers --dep_add_tags.compiler=gcc,v9 --dep_add_tags.python=v3 --dep_add_tags.mlperf-inference-src=r2.1 --dep_add_tags.weights=mobilenet,v2-0.35-160,quantized --dep_add_tags.images=crop.875,preprocessed,using-opencv --dep_add_tags.library=tflite,v2.7.1,with.ruy --env.CK_LOADGEN_DATASET_SIZE=1024 --env.CK_LOADGEN_MODE=PerformanceOnly --env.CK_LOADGEN_SCENARIO=SingleStream --env.CK_LOADGEN_TARGET_LATENCY=$CK_LOADGEN_TARGET_LATENCY --skip_stat_analysis --process_multi_keys --repetitions=1 --record --record_repo=local --record_uoa=mlperf_v2.1-open-firefly-tflite-v2.7.1-ruy-mobilenet-v2-0.35-160-quantized-singlestream-performance-target_latency.$CK_LOADGEN_TARGET_LATENCY-power.workload --tags=mlperf,round.v2.1,division.open,task.image-classification,platform.firefly,scenario.singlestream,mode.performance,workload.mobilenet-v2-0.35-160-quantized,preprocessed_using.opencv,inference_engine.tflite,inference_engine_version.v2.7.1,inference_engine_backend.ruy,target_latency.$CK_LOADGEN_TARGET_LATENCY,power.workload\'}}" && cat `ck find program:image-classification-tflite-loadgen`/tmp/mlperf_log_summary.txt && mkdir -p "$CK_MLPERF_POWER_CLIENT_LOADGEN_LOGS" && cp "$CK_MLPERF_POWER_CLIENT_LOADGEN_LOGS"/../mlperf_log_* "$CK_MLPERF_POWER_CLIENT_LOADGEN_LOGS"/'
client 2022-07-20 00:08:01,716 [INFO] Sending command to the server: 'session,2022-07-19_23-46-31,stop,testing'
client 2022-07-20 00:08:11,888 [INFO] Got response: 'OK'
client 2022-07-20 00:08:11,897 [INFO] Copying loadgen logs from '/home/firefly/CK/ck-mlperf/program/image-classification-tflite-loadgen/tmp/loadgen_logs' to '/home/firefly/CK/ck-mlperf/program/mlperf-power-client/tmp/2022-07-19_23-46-31/run_1'
client 2022-07-20 00:08:11,900 [INFO] Done runs
