ptd-server 2022-07-19 23:46:31,497 [INFO] Got command from the client 'time'
ptd-server 2022-07-19 23:46:31,497 [INFO] Sending reply to client '1658270791.4972918'
ptd-server 2022-07-19 23:46:31,500 [INFO] Got command from the client 'new,,3fd55dc1-eafa-4207-a3de-bc1602d2c302'
ptd-server 2022-07-19 23:46:31,501 [INFO] Sending reply to client 'OK 2022-07-19_23-46-31,4bc99a1f-140a-4d12-965c-ea4d6963541f'
ptd-server 2022-07-19 23:46:31,600 [INFO] Got command from the client 'time'
ptd-server 2022-07-19 23:46:31,600 [INFO] Sending reply to client '1658270791.6005564'
ptd-server 2022-07-19 23:46:31,604 [INFO] Got command from the client 'session,2022-07-19_23-46-31,start,ranging'
ptd-server 2022-07-19 23:46:31,605 [INFO] Running PTDaemon: ['/home/anton/projects/mlperf/power/inference_v1.0/ptd-linux-x86', '-l', '/tmp/tmp7lgbo8s4/ptd_logfile.txt', '-p', '8888', '49', '/dev/usbtmc0']
ptd-server 2022-07-19 23:46:48,780 [INFO] Sending to ptd: 'Hello'
ptd-server 2022-07-19 23:46:48,781 [INFO] Reply from ptd: 'Hello, PTDaemon here!'
ptd-server 2022-07-19 23:46:48,781 [INFO] Sending to ptd: 'Identify'
ptd-server 2022-07-19 23:46:48,781 [INFO] Reply from ptd: 'YokogawaWT310E,1000,1,1,1,1,0,1,1,version=1.9.2-e8c7a49a-20201208,OS=Linux 5.13.0-52-generic #59~20.04.1-Ubuntu SMP Thu Jun 16 21:21:28 UTC 2022 x86_64,mode=power,1,1,1,0,0,no_cal_date,YOKOGAWA;WT310E;C3XA04010E;F1.04'
ptd-server 2022-07-19 23:46:48,781 [INFO] Connected to PTDaemon
ptd-server 2022-07-19 23:46:48,781 [INFO] Sending to ptd: 'RR'
ptd-server 2022-07-19 23:46:48,782 [INFO] Reply from ptd: 'Ranges,0,0.500000,1,300.000000'
ptd-server 2022-07-19 23:46:48,782 [INFO] Initial range for Amps is 0.500000 for Volts is Auto
ptd-server 2022-07-19 23:46:48,782 [INFO] Sending to ptd: 'SR,V,Auto'
ptd-server 2022-07-19 23:46:49,285 [INFO] Reply from ptd: 'Range V changed'
ptd-server 2022-07-19 23:46:49,285 [INFO] Sending to ptd: 'SR,A,Auto'
ptd-server 2022-07-19 23:46:49,787 [INFO] Reply from ptd: 'Range A changed'
ptd-server 2022-07-19 23:46:59,797 [INFO] Starting ranging mode
ptd-server 2022-07-19 23:46:59,798 [INFO] Sending to ptd: 'Go,1000,0,2022-07-19_23-46-31_ranging'
ptd-server 2022-07-19 23:46:59,798 [INFO] Reply from ptd: 'Starting untimed measurement, maximum 500000 samples at 1000ms with 0 rampup samples'
ptd-server 2022-07-19 23:46:59,798 [INFO] Sending reply to client 'OK'
ptd-server 2022-07-19 23:57:18,902 [INFO] Got command from the client 'session,2022-07-19_23-46-31,stop,ranging'
ptd-server 2022-07-19 23:57:28,912 [INFO] Sending to ptd: 'Stop'
ptd-server 2022-07-19 23:57:28,913 [INFO] Reply from ptd: 'Stopping untimed measurement'
ptd-server 2022-07-19 23:57:29,071 [INFO] Sending reply to client 'OK'
ptd-server 2022-07-19 23:57:29,236 [INFO] Got command from the client 'time'
ptd-server 2022-07-19 23:57:29,236 [INFO] Sending reply to client '1658271449.2368662'
ptd-server 2022-07-19 23:57:29,241 [INFO] Got command from the client 'session,2022-07-19_23-46-31,start,testing'
ptd-server 2022-07-19 23:57:29,241 [INFO] Sending to ptd: 'SR,V,252.210000'
ptd-server 2022-07-19 23:57:31,299 [INFO] Reply from ptd: 'Range V changed'
ptd-server 2022-07-19 23:57:31,299 [INFO] Sending to ptd: 'SR,A,0.076340'
ptd-server 2022-07-19 23:57:32,801 [INFO] Reply from ptd: 'Range A changed'
ptd-server 2022-07-19 23:57:42,811 [INFO] Starting testing mode
ptd-server 2022-07-19 23:57:42,811 [INFO] Sending to ptd: 'Go,1000,0,2022-07-19_23-46-31_testing'
ptd-server 2022-07-19 23:57:42,812 [INFO] Reply from ptd: 'Starting untimed measurement, maximum 500000 samples at 1000ms with 0 rampup samples'
ptd-server 2022-07-19 23:57:42,812 [INFO] Sending reply to client 'OK'
ptd-server 2022-07-20 00:08:01,743 [INFO] Got command from the client 'session,2022-07-19_23-46-31,stop,testing'
ptd-server 2022-07-20 00:08:11,754 [INFO] Sending to ptd: 'Stop'
ptd-server 2022-07-20 00:08:11,754 [INFO] Reply from ptd: 'Stopping untimed measurement'
ptd-server 2022-07-20 00:08:11,835 [INFO] Sending reply to client 'OK'
ptd-server 2022-07-20 00:08:11,934 [INFO] Got command from the client 'session,2022-07-19_23-46-31,done'
ptd-server 2022-07-20 00:08:11,934 [INFO] Sending to ptd: 'Stop'
ptd-server 2022-07-20 00:08:11,934 [INFO] Reply from ptd: 'Error: no measurement to stop'
ptd-server 2022-07-20 00:08:11,934 [INFO] Sending to ptd: 'SR,V,Auto'
ptd-server 2022-07-20 00:08:12,437 [INFO] Reply from ptd: 'Range V changed'
ptd-server 2022-07-20 00:08:12,437 [INFO] Sending to ptd: 'SR,A,0.500000'
ptd-server 2022-07-20 00:08:13,938 [INFO] Reply from ptd: 'Range A changed'
ptd-server 2022-07-20 00:08:13,939 [INFO] Set initial values for Amps 0.500000 and Volts Auto
ptd-server 2022-07-20 00:08:13,939 [INFO] Stopping ptd...
