ptd-server 2022-07-23 10:17:18,578 [INFO] Got command from the client 'time'
ptd-server 2022-07-23 10:17:18,578 [INFO] Sending reply to client '1658567838.578958'
ptd-server 2022-07-23 10:17:18,580 [INFO] Got command from the client 'new,,1593224c-3818-4e25-bab7-507d384bf6bf'
ptd-server 2022-07-23 10:17:18,580 [INFO] Sending reply to client 'OK 2022-07-23_10-17-18,363109f0-024b-4530-be7e-44fd1235ec01'
ptd-server 2022-07-23 10:17:18,608 [INFO] Got command from the client 'time'
ptd-server 2022-07-23 10:17:18,608 [INFO] Sending reply to client '1658567838.6088119'
ptd-server 2022-07-23 10:17:18,609 [INFO] Got command from the client 'session,2022-07-23_10-17-18,start,ranging'
ptd-server 2022-07-23 10:17:18,610 [INFO] Running PTDaemon: ['/home/anton/projects/mlperf/power/inference_v1.0/ptd-linux-x86', '-l', '/tmp/tmp7lgbo8s4/ptd_logfile.txt', '-p', '8888', '49', '/dev/usbtmc0']
ptd-server 2022-07-23 10:17:35,784 [INFO] Sending to ptd: 'Hello'
ptd-server 2022-07-23 10:17:35,785 [INFO] Reply from ptd: 'Hello, PTDaemon here!'
ptd-server 2022-07-23 10:17:35,785 [INFO] Sending to ptd: 'Identify'
ptd-server 2022-07-23 10:17:35,785 [INFO] Reply from ptd: 'YokogawaWT310E,1000,1,1,1,1,0,1,1,version=1.9.2-e8c7a49a-20201208,OS=Linux 5.13.0-52-generic #59~20.04.1-Ubuntu SMP Thu Jun 16 21:21:28 UTC 2022 x86_64,mode=power,1,1,1,0,0,no_cal_date,YOKOGAWA;WT310E;C3XA04010E;F1.04'
ptd-server 2022-07-23 10:17:35,786 [INFO] Connected to PTDaemon
ptd-server 2022-07-23 10:17:35,786 [INFO] Sending to ptd: 'RR'
ptd-server 2022-07-23 10:17:35,786 [INFO] Reply from ptd: 'Ranges,0,0.500000,1,300.000000'
ptd-server 2022-07-23 10:17:35,786 [INFO] Initial range for Amps is 0.500000 for Volts is Auto
ptd-server 2022-07-23 10:17:35,786 [INFO] Sending to ptd: 'SR,V,Auto'
ptd-server 2022-07-23 10:17:36,289 [INFO] Reply from ptd: 'Range V changed'
ptd-server 2022-07-23 10:17:36,289 [INFO] Sending to ptd: 'SR,A,Auto'
ptd-server 2022-07-23 10:17:36,791 [INFO] Reply from ptd: 'Range A changed'
ptd-server 2022-07-23 10:17:46,802 [INFO] Starting ranging mode
ptd-server 2022-07-23 10:17:46,802 [INFO] Sending to ptd: 'Go,1000,0,2022-07-23_10-17-18_ranging'
ptd-server 2022-07-23 10:17:46,802 [INFO] Reply from ptd: 'Starting untimed measurement, maximum 500000 samples at 1000ms with 0 rampup samples'
ptd-server 2022-07-23 10:17:46,802 [INFO] Sending reply to client 'OK'
ptd-server 2022-07-23 10:28:03,361 [INFO] Got command from the client 'session,2022-07-23_10-17-18,stop,ranging'
ptd-server 2022-07-23 10:28:13,372 [INFO] Sending to ptd: 'Stop'
ptd-server 2022-07-23 10:28:13,372 [INFO] Reply from ptd: 'Stopping untimed measurement'
ptd-server 2022-07-23 10:28:13,930 [INFO] Sending reply to client 'OK'
ptd-server 2022-07-23 10:28:14,005 [INFO] Got command from the client 'time'
ptd-server 2022-07-23 10:28:14,005 [INFO] Sending reply to client '1658568494.0055804'
ptd-server 2022-07-23 10:28:14,006 [INFO] Got command from the client 'session,2022-07-23_10-17-18,start,testing'
ptd-server 2022-07-23 10:28:14,006 [INFO] Sending to ptd: 'SR,V,250.890000'
ptd-server 2022-07-23 10:28:15,507 [INFO] Reply from ptd: 'Range V changed'
ptd-server 2022-07-23 10:28:15,508 [INFO] Sending to ptd: 'SR,A,0.052830'
ptd-server 2022-07-23 10:28:17,009 [INFO] Reply from ptd: 'Range A changed'
ptd-server 2022-07-23 10:28:27,019 [INFO] Starting testing mode
ptd-server 2022-07-23 10:28:27,019 [INFO] Sending to ptd: 'Go,1000,0,2022-07-23_10-17-18_testing'
ptd-server 2022-07-23 10:28:27,020 [INFO] Reply from ptd: 'Starting untimed measurement, maximum 500000 samples at 1000ms with 0 rampup samples'
ptd-server 2022-07-23 10:28:27,020 [INFO] Sending reply to client 'OK'
ptd-server 2022-07-23 10:38:43,437 [INFO] Got command from the client 'session,2022-07-23_10-17-18,stop,testing'
ptd-server 2022-07-23 10:38:53,448 [INFO] Sending to ptd: 'Stop'
ptd-server 2022-07-23 10:38:53,448 [INFO] Reply from ptd: 'Stopping untimed measurement'
ptd-server 2022-07-23 10:38:53,738 [INFO] Sending reply to client 'OK'
ptd-server 2022-07-23 10:38:53,746 [INFO] Got command from the client 'session,2022-07-23_10-17-18,done'
ptd-server 2022-07-23 10:38:53,746 [INFO] Sending to ptd: 'Stop'
ptd-server 2022-07-23 10:38:54,020 [INFO] Reply from ptd: 'Error: no measurement to stop'
ptd-server 2022-07-23 10:38:54,020 [INFO] Sending to ptd: 'SR,V,Auto'
ptd-server 2022-07-23 10:38:54,523 [INFO] Reply from ptd: 'Range V changed'
ptd-server 2022-07-23 10:38:54,523 [INFO] Sending to ptd: 'SR,A,0.500000'
ptd-server 2022-07-23 10:38:56,025 [INFO] Reply from ptd: 'Range A changed'
ptd-server 2022-07-23 10:38:56,025 [INFO] Set initial values for Amps 0.500000 and Volts Auto
ptd-server 2022-07-23 10:38:56,025 [INFO] Stopping ptd...
