ptd-server 2022-08-01 05:22:41,939 [INFO] Got command from the client 'time'
ptd-server 2022-08-01 05:22:41,939 [INFO] Sending reply to client '1659327761.9392898'
ptd-server 2022-08-01 05:22:41,940 [INFO] Got command from the client 'new,,01feba9c-1bd7-4998-86d3-3b98286dea6f'
ptd-server 2022-08-01 05:22:41,940 [INFO] Sending reply to client 'OK 2022-08-01_05-22-41,9a2caecc-b562-4c29-8e2d-94b438945e5f'
ptd-server 2022-08-01 05:22:41,969 [INFO] Got command from the client 'time'
ptd-server 2022-08-01 05:22:41,969 [INFO] Sending reply to client '1659327761.9692724'
ptd-server 2022-08-01 05:22:41,970 [INFO] Got command from the client 'session,2022-08-01_05-22-41,start,ranging'
ptd-server 2022-08-01 05:22:41,970 [INFO] Running PTDaemon: ['/home/anton/projects/mlperf/power/inference_v1.0/ptd-linux-x86', '-l', '/tmp/tmp7lgbo8s4/ptd_logfile.txt', '-p', '8888', '49', '/dev/usbtmc0']
ptd-server 2022-08-01 05:22:59,145 [INFO] Sending to ptd: 'Hello'
ptd-server 2022-08-01 05:22:59,145 [INFO] Reply from ptd: 'Hello, PTDaemon here!'
ptd-server 2022-08-01 05:22:59,145 [INFO] Sending to ptd: 'Identify'
ptd-server 2022-08-01 05:22:59,146 [INFO] Reply from ptd: 'YokogawaWT310E,1000,1,1,1,1,0,1,1,version=1.9.2-e8c7a49a-20201208,OS=Linux 5.13.0-52-generic #59~20.04.1-Ubuntu SMP Thu Jun 16 21:21:28 UTC 2022 x86_64,mode=power,1,1,1,0,0,no_cal_date,YOKOGAWA;WT310E;C3XA04010E;F1.04'
ptd-server 2022-08-01 05:22:59,146 [INFO] Connected to PTDaemon
ptd-server 2022-08-01 05:22:59,146 [INFO] Sending to ptd: 'RR'
ptd-server 2022-08-01 05:22:59,146 [INFO] Reply from ptd: 'Ranges,0,0.500000,1,300.000000'
ptd-server 2022-08-01 05:22:59,147 [INFO] Initial range for Amps is 0.500000 for Volts is Auto
ptd-server 2022-08-01 05:22:59,147 [INFO] Sending to ptd: 'SR,V,Auto'
ptd-server 2022-08-01 05:22:59,649 [INFO] Reply from ptd: 'Range V changed'
ptd-server 2022-08-01 05:22:59,649 [INFO] Sending to ptd: 'SR,A,Auto'
ptd-server 2022-08-01 05:23:00,152 [INFO] Reply from ptd: 'Range A changed'
ptd-server 2022-08-01 05:23:10,162 [INFO] Starting ranging mode
ptd-server 2022-08-01 05:23:10,162 [INFO] Sending to ptd: 'Go,1000,0,2022-08-01_05-22-41_ranging'
ptd-server 2022-08-01 05:23:10,163 [INFO] Reply from ptd: 'Starting untimed measurement, maximum 500000 samples at 1000ms with 0 rampup samples'
ptd-server 2022-08-01 05:23:10,163 [INFO] Sending reply to client 'OK'
ptd-server 2022-08-01 05:33:27,708 [INFO] Got command from the client 'session,2022-08-01_05-22-41,stop,ranging'
ptd-server 2022-08-01 05:33:37,718 [INFO] Sending to ptd: 'Stop'
ptd-server 2022-08-01 05:33:37,719 [INFO] Reply from ptd: 'Stopping untimed measurement'
ptd-server 2022-08-01 05:33:39,082 [INFO] Sending reply to client 'OK'
ptd-server 2022-08-01 05:33:39,136 [INFO] Got command from the client 'time'
ptd-server 2022-08-01 05:33:39,136 [INFO] Sending reply to client '1659328419.136165'
ptd-server 2022-08-01 05:33:39,137 [INFO] Got command from the client 'session,2022-08-01_05-22-41,start,testing'
ptd-server 2022-08-01 05:33:39,137 [INFO] Sending to ptd: 'SR,V,250.910000'
ptd-server 2022-08-01 05:33:40,639 [INFO] Reply from ptd: 'Range V changed'
ptd-server 2022-08-01 05:33:40,639 [INFO] Sending to ptd: 'SR,A,0.246250'
ptd-server 2022-08-01 05:33:42,140 [INFO] Reply from ptd: 'Range A changed'
ptd-server 2022-08-01 05:33:52,150 [INFO] Starting testing mode
ptd-server 2022-08-01 05:33:52,151 [INFO] Sending to ptd: 'Go,1000,0,2022-08-01_05-22-41_testing'
ptd-server 2022-08-01 05:33:52,151 [INFO] Reply from ptd: 'Starting untimed measurement, maximum 500000 samples at 1000ms with 0 rampup samples'
ptd-server 2022-08-01 05:33:52,151 [INFO] Sending reply to client 'OK'
ptd-server 2022-08-01 05:44:06,647 [INFO] Got command from the client 'session,2022-08-01_05-22-41,stop,testing'
ptd-server 2022-08-01 05:44:16,657 [INFO] Sending to ptd: 'Stop'
ptd-server 2022-08-01 05:44:16,658 [INFO] Reply from ptd: 'Stopping untimed measurement'
ptd-server 2022-08-01 05:44:17,338 [INFO] Sending reply to client 'OK'
ptd-server 2022-08-01 05:44:17,352 [INFO] Got command from the client 'session,2022-08-01_05-22-41,done'
ptd-server 2022-08-01 05:44:17,353 [INFO] Sending to ptd: 'Stop'
ptd-server 2022-08-01 05:44:17,353 [INFO] Reply from ptd: 'Error: no measurement to stop'
ptd-server 2022-08-01 05:44:17,353 [INFO] Sending to ptd: 'SR,V,Auto'
ptd-server 2022-08-01 05:44:17,855 [INFO] Reply from ptd: 'Range V changed'
ptd-server 2022-08-01 05:44:17,856 [INFO] Sending to ptd: 'SR,A,0.500000'
ptd-server 2022-08-01 05:44:19,357 [INFO] Reply from ptd: 'Range A changed'
ptd-server 2022-08-01 05:44:19,357 [INFO] Set initial values for Amps 0.500000 and Volts Auto
ptd-server 2022-08-01 05:44:19,357 [INFO] Stopping ptd...
