ptd-server 2022-08-02 12:12:18,186 [INFO] Got command from the client 'time'
ptd-server 2022-08-02 12:12:18,186 [INFO] Sending reply to client '1659438738.1864593'
ptd-server 2022-08-02 12:12:18,187 [INFO] Got command from the client 'new,,23315f33-45e4-4262-899a-c67bf28bd83c'
ptd-server 2022-08-02 12:12:18,187 [INFO] Sending reply to client 'OK 2022-08-02_12-12-18,0b17b465-f87c-418e-88cc-3ffbec1cdc9d'
ptd-server 2022-08-02 12:12:18,225 [INFO] Got command from the client 'time'
ptd-server 2022-08-02 12:12:18,226 [INFO] Sending reply to client '1659438738.2260785'
ptd-server 2022-08-02 12:12:18,226 [INFO] Got command from the client 'session,2022-08-02_12-12-18,start,ranging'
ptd-server 2022-08-02 12:12:18,227 [INFO] Running PTDaemon: ['/home/anton/projects/mlperf/power/inference_v1.0/ptd-linux-x86', '-l', '/tmp/tmp7lgbo8s4/ptd_logfile.txt', '-p', '8888', '49', '/dev/usbtmc0']
ptd-server 2022-08-02 12:12:35,401 [INFO] Sending to ptd: 'Hello'
ptd-server 2022-08-02 12:12:35,401 [INFO] Reply from ptd: 'Hello, PTDaemon here!'
ptd-server 2022-08-02 12:12:35,401 [INFO] Sending to ptd: 'Identify'
ptd-server 2022-08-02 12:12:35,402 [INFO] Reply from ptd: 'YokogawaWT310E,1000,1,1,1,1,0,1,1,version=1.9.2-e8c7a49a-20201208,OS=Linux 5.13.0-52-generic #59~20.04.1-Ubuntu SMP Thu Jun 16 21:21:28 UTC 2022 x86_64,mode=power,1,1,1,0,0,no_cal_date,YOKOGAWA;WT310E;C3XA04010E;F1.04'
ptd-server 2022-08-02 12:12:35,402 [INFO] Connected to PTDaemon
ptd-server 2022-08-02 12:12:35,402 [INFO] Sending to ptd: 'RR'
ptd-server 2022-08-02 12:12:35,402 [INFO] Reply from ptd: 'Ranges,0,0.500000,1,300.000000'
ptd-server 2022-08-02 12:12:35,403 [INFO] Initial range for Amps is 0.500000 for Volts is Auto
ptd-server 2022-08-02 12:12:35,403 [INFO] Sending to ptd: 'SR,V,Auto'
ptd-server 2022-08-02 12:12:35,905 [INFO] Reply from ptd: 'Range V changed'
ptd-server 2022-08-02 12:12:35,905 [INFO] Sending to ptd: 'SR,A,Auto'
ptd-server 2022-08-02 12:12:36,408 [INFO] Reply from ptd: 'Range A changed'
ptd-server 2022-08-02 12:12:46,418 [INFO] Starting ranging mode
ptd-server 2022-08-02 12:12:46,418 [INFO] Sending to ptd: 'Go,1000,0,2022-08-02_12-12-18_ranging'
ptd-server 2022-08-02 12:12:46,419 [INFO] Reply from ptd: 'Starting untimed measurement, maximum 500000 samples at 1000ms with 0 rampup samples'
ptd-server 2022-08-02 12:12:46,419 [INFO] Sending reply to client 'OK'
ptd-server 2022-08-02 12:23:01,064 [INFO] Got command from the client 'session,2022-08-02_12-12-18,stop,ranging'
ptd-server 2022-08-02 12:23:11,074 [INFO] Sending to ptd: 'Stop'
ptd-server 2022-08-02 12:23:11,075 [INFO] Reply from ptd: 'Stopping untimed measurement'
ptd-server 2022-08-02 12:23:12,694 [INFO] Sending reply to client 'OK'
ptd-server 2022-08-02 12:23:12,758 [INFO] Got command from the client 'time'
ptd-server 2022-08-02 12:23:12,758 [INFO] Sending reply to client '1659439392.7588654'
ptd-server 2022-08-02 12:23:12,760 [INFO] Got command from the client 'session,2022-08-02_12-12-18,start,testing'
ptd-server 2022-08-02 12:23:12,760 [INFO] Sending to ptd: 'SR,V,250.170000'
ptd-server 2022-08-02 12:23:14,262 [INFO] Reply from ptd: 'Range V changed'
ptd-server 2022-08-02 12:23:14,262 [INFO] Sending to ptd: 'SR,A,0.250610'
ptd-server 2022-08-02 12:23:15,763 [INFO] Reply from ptd: 'Range A changed'
ptd-server 2022-08-02 12:23:25,773 [INFO] Starting testing mode
ptd-server 2022-08-02 12:23:25,774 [INFO] Sending to ptd: 'Go,1000,0,2022-08-02_12-12-18_testing'
ptd-server 2022-08-02 12:23:25,774 [INFO] Reply from ptd: 'Starting untimed measurement, maximum 500000 samples at 1000ms with 0 rampup samples'
ptd-server 2022-08-02 12:23:25,774 [INFO] Sending reply to client 'OK'
ptd-server 2022-08-02 12:33:40,345 [INFO] Got command from the client 'session,2022-08-02_12-12-18,stop,testing'
ptd-server 2022-08-02 12:33:50,356 [INFO] Sending to ptd: 'Stop'
ptd-server 2022-08-02 12:33:50,356 [INFO] Reply from ptd: 'Stopping untimed measurement'
ptd-server 2022-08-02 12:33:51,130 [INFO] Sending reply to client 'OK'
ptd-server 2022-08-02 12:33:51,144 [INFO] Got command from the client 'session,2022-08-02_12-12-18,done'
ptd-server 2022-08-02 12:33:51,144 [INFO] Sending to ptd: 'Stop'
ptd-server 2022-08-02 12:33:51,145 [INFO] Reply from ptd: 'Error: no measurement to stop'
ptd-server 2022-08-02 12:33:51,145 [INFO] Sending to ptd: 'SR,V,Auto'
ptd-server 2022-08-02 12:33:51,647 [INFO] Reply from ptd: 'Range V changed'
ptd-server 2022-08-02 12:33:51,647 [INFO] Sending to ptd: 'SR,A,0.500000'
ptd-server 2022-08-02 12:33:53,149 [INFO] Reply from ptd: 'Range A changed'
ptd-server 2022-08-02 12:33:53,149 [INFO] Set initial values for Amps 0.500000 and Volts Auto
ptd-server 2022-08-02 12:33:53,149 [INFO] Stopping ptd...
