ptd-server 2022-08-01 10:28:33,864 [INFO] Got command from the client 'time'
ptd-server 2022-08-01 10:28:33,864 [INFO] Sending reply to client '1659346113.8644757'
ptd-server 2022-08-01 10:28:33,865 [INFO] Got command from the client 'new,,0b117c76-b3f2-45ca-a8b0-afacc222cafb'
ptd-server 2022-08-01 10:28:33,865 [INFO] Sending reply to client 'OK 2022-08-01_10-28-33,3db9510a-666e-40ba-a204-e8e066b99ab5'
ptd-server 2022-08-01 10:28:33,894 [INFO] Got command from the client 'time'
ptd-server 2022-08-01 10:28:33,894 [INFO] Sending reply to client '1659346113.8942032'
ptd-server 2022-08-01 10:28:33,895 [INFO] Got command from the client 'session,2022-08-01_10-28-33,start,ranging'
ptd-server 2022-08-01 10:28:33,895 [INFO] Running PTDaemon: ['/home/anton/projects/mlperf/power/inference_v1.0/ptd-linux-x86', '-l', '/tmp/tmp7lgbo8s4/ptd_logfile.txt', '-p', '8888', '49', '/dev/usbtmc0']
ptd-server 2022-08-01 10:28:51,069 [INFO] Sending to ptd: 'Hello'
ptd-server 2022-08-01 10:28:51,069 [INFO] Reply from ptd: 'Hello, PTDaemon here!'
ptd-server 2022-08-01 10:28:51,069 [INFO] Sending to ptd: 'Identify'
ptd-server 2022-08-01 10:28:51,070 [INFO] Reply from ptd: 'YokogawaWT310E,1000,1,1,1,1,0,1,1,version=1.9.2-e8c7a49a-20201208,OS=Linux 5.13.0-52-generic #59~20.04.1-Ubuntu SMP Thu Jun 16 21:21:28 UTC 2022 x86_64,mode=power,1,1,1,0,0,no_cal_date,YOKOGAWA;WT310E;C3XA04010E;F1.04'
ptd-server 2022-08-01 10:28:51,070 [INFO] Connected to PTDaemon
ptd-server 2022-08-01 10:28:51,070 [INFO] Sending to ptd: 'RR'
ptd-server 2022-08-01 10:28:51,070 [INFO] Reply from ptd: 'Ranges,0,0.500000,1,300.000000'
ptd-server 2022-08-01 10:28:51,071 [INFO] Initial range for Amps is 0.500000 for Volts is Auto
ptd-server 2022-08-01 10:28:51,071 [INFO] Sending to ptd: 'SR,V,Auto'
ptd-server 2022-08-01 10:28:51,573 [INFO] Reply from ptd: 'Range V changed'
ptd-server 2022-08-01 10:28:51,573 [INFO] Sending to ptd: 'SR,A,Auto'
ptd-server 2022-08-01 10:28:52,076 [INFO] Reply from ptd: 'Range A changed'
ptd-server 2022-08-01 10:29:02,086 [INFO] Starting ranging mode
ptd-server 2022-08-01 10:29:02,086 [INFO] Sending to ptd: 'Go,1000,0,2022-08-01_10-28-33_ranging'
ptd-server 2022-08-01 10:29:02,087 [INFO] Reply from ptd: 'Starting untimed measurement, maximum 500000 samples at 1000ms with 0 rampup samples'
ptd-server 2022-08-01 10:29:02,087 [INFO] Sending reply to client 'OK'
ptd-server 2022-08-01 10:39:23,202 [INFO] Got command from the client 'session,2022-08-01_10-28-33,stop,ranging'
ptd-server 2022-08-01 10:39:33,212 [INFO] Sending to ptd: 'Stop'
ptd-server 2022-08-01 10:39:33,213 [INFO] Reply from ptd: 'Stopping untimed measurement'
ptd-server 2022-08-01 10:39:34,607 [INFO] Sending reply to client 'OK'
ptd-server 2022-08-01 10:39:34,658 [INFO] Got command from the client 'time'
ptd-server 2022-08-01 10:39:34,659 [INFO] Sending reply to client '1659346774.6589897'
ptd-server 2022-08-01 10:39:34,660 [INFO] Got command from the client 'session,2022-08-01_10-28-33,start,testing'
ptd-server 2022-08-01 10:39:34,660 [INFO] Sending to ptd: 'SR,V,251.260000'
ptd-server 2022-08-01 10:39:36,161 [INFO] Reply from ptd: 'Range V changed'
ptd-server 2022-08-01 10:39:36,162 [INFO] Sending to ptd: 'SR,A,0.265690'
ptd-server 2022-08-01 10:39:37,663 [INFO] Reply from ptd: 'Range A changed'
ptd-server 2022-08-01 10:39:47,673 [INFO] Starting testing mode
ptd-server 2022-08-01 10:39:47,673 [INFO] Sending to ptd: 'Go,1000,0,2022-08-01_10-28-33_testing'
ptd-server 2022-08-01 10:39:47,674 [INFO] Reply from ptd: 'Starting untimed measurement, maximum 500000 samples at 1000ms with 0 rampup samples'
ptd-server 2022-08-01 10:39:47,674 [INFO] Sending reply to client 'OK'
ptd-server 2022-08-01 10:50:01,589 [INFO] Got command from the client 'session,2022-08-01_10-28-33,stop,testing'
ptd-server 2022-08-01 10:50:11,599 [INFO] Sending to ptd: 'Stop'
ptd-server 2022-08-01 10:50:11,600 [INFO] Reply from ptd: 'Stopping untimed measurement'
ptd-server 2022-08-01 10:50:12,301 [INFO] Sending reply to client 'OK'
ptd-server 2022-08-01 10:50:12,334 [INFO] Got command from the client 'session,2022-08-01_10-28-33,done'
ptd-server 2022-08-01 10:50:12,334 [INFO] Sending to ptd: 'Stop'
ptd-server 2022-08-01 10:50:12,334 [INFO] Reply from ptd: 'Error: no measurement to stop'
ptd-server 2022-08-01 10:50:12,334 [INFO] Sending to ptd: 'SR,V,Auto'
ptd-server 2022-08-01 10:50:12,837 [INFO] Reply from ptd: 'Range V changed'
ptd-server 2022-08-01 10:50:12,837 [INFO] Sending to ptd: 'SR,A,0.500000'
ptd-server 2022-08-01 10:50:14,338 [INFO] Reply from ptd: 'Range A changed'
ptd-server 2022-08-01 10:50:14,339 [INFO] Set initial values for Amps 0.500000 and Volts Auto
ptd-server 2022-08-01 10:50:14,339 [INFO] Stopping ptd...
