ptd-server 2022-08-03 05:26:21,163 [INFO] Got command from the client 'stop'
ptd-server 2022-08-03 05:26:21,164 [INFO] The server will be stopped after processing this client
ptd-server 2022-08-03 05:26:21,165 [INFO] Sending reply to client 'OK'
ptd-server 2022-08-03 05:26:21,170 [INFO] Got command from the client 'time'
ptd-server 2022-08-03 05:26:21,171 [INFO] Sending reply to client '1659504381.1714802'
ptd-server 2022-08-03 05:26:21,173 [INFO] Got command from the client 'new,,bcac784b-c69c-4b19-9964-f57c6de18fc7'
ptd-server 2022-08-03 05:26:21,180 [INFO] Sending reply to client 'OK 2022-08-03_05-26-21,64568ffd-14b8-4cd6-9cc9-45c9afa1567e'
ptd-server 2022-08-03 05:26:21,183 [INFO] Got command from the client 'time'
ptd-server 2022-08-03 05:26:21,185 [INFO] Sending reply to client '1659504381.1853695'
ptd-server 2022-08-03 05:26:21,187 [INFO] Got command from the client 'session,2022-08-03_05-26-21,start,ranging'
ptd-server 2022-08-03 05:26:21,298 [INFO] Running PTDaemon: ['C:\\power-dev\\ptd_client_server\\ptd-windows-x86.exe', '-l', 'C:\\Users\\root\\AppData\\Local\\Temp\\tmp1mfwe1sb\\ptd_logfile.txt', '-p', '8888', '-c', '2', '-y', '48', '100.83.149.90']
ptd-server 2022-08-03 05:26:40,157 [INFO] Sending to ptd: 'Hello'
ptd-server 2022-08-03 05:26:40,160 [INFO] Reply from ptd: 'Hello, PTDaemon here!'
ptd-server 2022-08-03 05:26:40,161 [INFO] Sending to ptd: 'Identify'
ptd-server 2022-08-03 05:26:40,165 [INFO] Reply from ptd: 'YokogawaWT500_multichannel,1000,1,1,1,1,0,0,1,version=1.9.2-3976349f-20201208,OS=Windows 8 / Server 2012,mode=power,1,1,3,0,0,no_cal_date,YOKOGAWA;760203;U1J802935;F1.21'
ptd-server 2022-08-03 05:26:40,167 [INFO] Connected to PTDaemon
ptd-server 2022-08-03 05:26:40,170 [INFO] Sending to ptd: 'RR'
ptd-server 2022-08-03 05:26:40,172 [INFO] Reply from ptd: 'Ranges,-1,-1.000000,-1,-1.000000'
ptd-server 2022-08-03 05:26:40,173 [INFO] Initial range for Amps is Auto for Volts is Auto
ptd-server 2022-08-03 05:26:40,176 [INFO] Sending to ptd: 'SR,V,Auto'
ptd-server 2022-08-03 05:26:40,392 [INFO] Reply from ptd: 'Range V changed'
ptd-server 2022-08-03 05:26:40,393 [INFO] Sending to ptd: 'SR,A,Auto'
ptd-server 2022-08-03 05:26:40,546 [INFO] Reply from ptd: 'Range A changed'
ptd-server 2022-08-03 05:26:50,548 [INFO] Starting ranging mode
ptd-server 2022-08-03 05:26:50,549 [INFO] Sending to ptd: 'Go,1000,0,2022-08-03_05-26-21_ranging'
ptd-server 2022-08-03 05:26:50,552 [INFO] Reply from ptd: 'Starting untimed measurement, maximum 500000 samples at 1000ms with 0 rampup samples'
ptd-server 2022-08-03 05:26:50,554 [INFO] Sending reply to client 'OK'
ptd-server 2022-08-03 06:06:07,998 [INFO] Got command from the client 'session,2022-08-03_05-26-21,stop,ranging'
ptd-server 2022-08-03 06:06:18,012 [INFO] Sending to ptd: 'Stop'
ptd-server 2022-08-03 06:06:18,015 [INFO] Reply from ptd: 'Stopping untimed measurement'
ptd-server 2022-08-03 06:06:18,114 [INFO] Sending reply to client 'OK'
ptd-server 2022-08-03 06:06:18,121 [INFO] Got command from the client 'time'
ptd-server 2022-08-03 06:06:18,122 [INFO] Sending reply to client '1659506778.1223476'
ptd-server 2022-08-03 06:06:18,124 [INFO] Got command from the client 'session,2022-08-03_05-26-21,start,testing'
ptd-server 2022-08-03 06:06:18,125 [INFO] Sending to ptd: 'SR,V,130.100000'
ptd-server 2022-08-03 06:06:19,777 [INFO] Reply from ptd: 'Range V changed'
ptd-server 2022-08-03 06:06:19,780 [INFO] Sending to ptd: 'SR,A,6.331000'
ptd-server 2022-08-03 06:06:20,504 [INFO] Reply from ptd: 'Range A changed'
ptd-server 2022-08-03 06:06:30,510 [INFO] Starting testing mode
ptd-server 2022-08-03 06:06:30,511 [INFO] Sending to ptd: 'Go,1000,0,2022-08-03_05-26-21_testing'
ptd-server 2022-08-03 06:06:30,515 [INFO] Reply from ptd: 'Starting untimed measurement, maximum 500000 samples at 1000ms with 0 rampup samples'
ptd-server 2022-08-03 06:06:30,516 [INFO] Sending reply to client 'OK'
ptd-server 2022-08-03 06:45:42,120 [INFO] Got command from the client 'session,2022-08-03_05-26-21,stop,testing'
ptd-server 2022-08-03 06:45:52,136 [INFO] Sending to ptd: 'Stop'
ptd-server 2022-08-03 06:45:52,139 [INFO] Reply from ptd: 'Stopping untimed measurement'
ptd-server 2022-08-03 06:45:52,162 [INFO] Sending reply to client 'OK'
ptd-server 2022-08-03 06:45:52,167 [INFO] Got command from the client 'session,2022-08-03_05-26-21,done'
ptd-server 2022-08-03 06:45:52,168 [INFO] Sending to ptd: 'Stop'
ptd-server 2022-08-03 06:45:52,519 [INFO] Reply from ptd: 'Error: no measurement to stop'
ptd-server 2022-08-03 06:45:52,521 [INFO] Sending to ptd: 'SR,V,Auto'
ptd-server 2022-08-03 06:45:52,735 [INFO] Reply from ptd: 'Range V changed'
ptd-server 2022-08-03 06:45:52,737 [INFO] Sending to ptd: 'SR,A,Auto'
ptd-server 2022-08-03 06:45:52,890 [INFO] Reply from ptd: 'Range A changed'
ptd-server 2022-08-03 06:45:52,892 [INFO] Set initial values for Amps Auto and Volts Auto
ptd-server 2022-08-03 06:45:52,895 [INFO] Stopping ptd...
