ptd-server 2022-07-28 22:39:44,737 [INFO] Got command from the client 'time'
ptd-server 2022-07-28 22:39:44,737 [INFO] Sending reply to client '1659044384.737209'
ptd-server 2022-07-28 22:39:44,741 [INFO] Got command from the client 'new,,b62e48d6-3512-41c3-8041-19e77a98af0f'
ptd-server 2022-07-28 22:39:44,742 [INFO] Sending reply to client 'OK 2022-07-28_22-39-44,174f60cd-69b7-4453-b60c-c346bfd5cbe1'
ptd-server 2022-07-28 22:39:44,784 [INFO] Got command from the client 'time'
ptd-server 2022-07-28 22:39:44,784 [INFO] Sending reply to client '1659044384.7844768'
ptd-server 2022-07-28 22:39:44,787 [INFO] Got command from the client 'session,2022-07-28_22-39-44,start,ranging'
ptd-server 2022-07-28 22:39:44,788 [INFO] Running PTDaemon: ['/home/anton/projects/mlperf/power/inference_v1.0/ptd-linux-x86', '-l', '/tmp/tmp7lgbo8s4/ptd_logfile.txt', '-p', '8888', '49', '/dev/usbtmc0']
ptd-server 2022-07-28 22:40:01,962 [INFO] Sending to ptd: 'Hello'
ptd-server 2022-07-28 22:40:01,962 [INFO] Reply from ptd: 'Hello, PTDaemon here!'
ptd-server 2022-07-28 22:40:01,963 [INFO] Sending to ptd: 'Identify'
ptd-server 2022-07-28 22:40:01,963 [INFO] Reply from ptd: 'YokogawaWT310E,1000,1,1,1,1,0,1,1,version=1.9.2-e8c7a49a-20201208,OS=Linux 5.13.0-52-generic #59~20.04.1-Ubuntu SMP Thu Jun 16 21:21:28 UTC 2022 x86_64,mode=power,1,1,1,0,0,no_cal_date,YOKOGAWA;WT310E;C3XA04010E;F1.04'
ptd-server 2022-07-28 22:40:01,963 [INFO] Connected to PTDaemon
ptd-server 2022-07-28 22:40:01,963 [INFO] Sending to ptd: 'RR'
ptd-server 2022-07-28 22:40:01,963 [INFO] Reply from ptd: 'Ranges,0,0.500000,1,300.000000'
ptd-server 2022-07-28 22:40:01,964 [INFO] Initial range for Amps is 0.500000 for Volts is Auto
ptd-server 2022-07-28 22:40:01,964 [INFO] Sending to ptd: 'SR,V,Auto'
ptd-server 2022-07-28 22:40:02,466 [INFO] Reply from ptd: 'Range V changed'
ptd-server 2022-07-28 22:40:02,466 [INFO] Sending to ptd: 'SR,A,Auto'
ptd-server 2022-07-28 22:40:02,969 [INFO] Reply from ptd: 'Range A changed'
ptd-server 2022-07-28 22:40:12,979 [INFO] Starting ranging mode
ptd-server 2022-07-28 22:40:12,979 [INFO] Sending to ptd: 'Go,1000,0,2022-07-28_22-39-44_ranging'
ptd-server 2022-07-28 22:40:12,980 [INFO] Reply from ptd: 'Starting untimed measurement, maximum 500000 samples at 1000ms with 0 rampup samples'
ptd-server 2022-07-28 22:40:12,980 [INFO] Sending reply to client 'OK'
ptd-server 2022-07-28 22:50:44,368 [INFO] Got command from the client 'session,2022-07-28_22-39-44,stop,ranging'
ptd-server 2022-07-28 22:50:54,379 [INFO] Sending to ptd: 'Stop'
ptd-server 2022-07-28 22:50:54,379 [INFO] Reply from ptd: 'Stopping untimed measurement'
ptd-server 2022-07-28 22:50:55,493 [INFO] Sending reply to client 'OK'
ptd-server 2022-07-28 22:50:55,561 [INFO] Got command from the client 'time'
ptd-server 2022-07-28 22:50:55,561 [INFO] Sending reply to client '1659045055.5614505'
ptd-server 2022-07-28 22:50:55,570 [INFO] Got command from the client 'session,2022-07-28_22-39-44,start,testing'
ptd-server 2022-07-28 22:50:55,570 [INFO] Sending to ptd: 'SR,V,250.920000'
ptd-server 2022-07-28 22:50:57,072 [INFO] Reply from ptd: 'Range V changed'
ptd-server 2022-07-28 22:50:57,072 [INFO] Sending to ptd: 'SR,A,0.048660'
ptd-server 2022-07-28 22:50:58,573 [INFO] Reply from ptd: 'Range A changed'
ptd-server 2022-07-28 22:51:08,584 [INFO] Starting testing mode
ptd-server 2022-07-28 22:51:08,584 [INFO] Sending to ptd: 'Go,1000,0,2022-07-28_22-39-44_testing'
ptd-server 2022-07-28 22:51:08,584 [INFO] Reply from ptd: 'Starting untimed measurement, maximum 500000 samples at 1000ms with 0 rampup samples'
ptd-server 2022-07-28 22:51:08,584 [INFO] Sending reply to client 'OK'
ptd-server 2022-07-28 23:01:39,822 [INFO] Got command from the client 'session,2022-07-28_22-39-44,stop,testing'
ptd-server 2022-07-28 23:01:49,832 [INFO] Sending to ptd: 'Stop'
ptd-server 2022-07-28 23:01:49,833 [INFO] Reply from ptd: 'Stopping untimed measurement'
ptd-server 2022-07-28 23:01:50,400 [INFO] Sending reply to client 'OK'
ptd-server 2022-07-28 23:01:50,423 [INFO] Got command from the client 'session,2022-07-28_22-39-44,done'
ptd-server 2022-07-28 23:01:50,423 [INFO] Sending to ptd: 'Stop'
ptd-server 2022-07-28 23:01:50,584 [INFO] Reply from ptd: 'Error: no measurement to stop'
ptd-server 2022-07-28 23:01:50,585 [INFO] Sending to ptd: 'SR,V,Auto'
ptd-server 2022-07-28 23:01:51,087 [INFO] Reply from ptd: 'Range V changed'
ptd-server 2022-07-28 23:01:51,087 [INFO] Sending to ptd: 'SR,A,0.500000'
ptd-server 2022-07-28 23:01:52,589 [INFO] Reply from ptd: 'Range A changed'
ptd-server 2022-07-28 23:01:52,589 [INFO] Set initial values for Amps 0.500000 and Volts Auto
ptd-server 2022-07-28 23:01:52,590 [INFO] Stopping ptd...
