ptd-server 2022-07-27 01:34:00,273 [INFO] Got command from the client 'time'
ptd-server 2022-07-27 01:34:00,273 [INFO] Sending reply to client '1658882040.273662'
ptd-server 2022-07-27 01:34:00,277 [INFO] Got command from the client 'new,,2723de67-0965-42e0-9c36-78e9f9c06710'
ptd-server 2022-07-27 01:34:00,277 [INFO] Sending reply to client 'OK 2022-07-27_01-34-00,0965f65f-f125-4514-9075-b75cf2298aad'
ptd-server 2022-07-27 01:34:00,316 [INFO] Got command from the client 'time'
ptd-server 2022-07-27 01:34:00,316 [INFO] Sending reply to client '1658882040.3165836'
ptd-server 2022-07-27 01:34:00,323 [INFO] Got command from the client 'session,2022-07-27_01-34-00,start,ranging'
ptd-server 2022-07-27 01:34:00,323 [INFO] Running PTDaemon: ['/home/anton/projects/mlperf/power/inference_v1.0/ptd-linux-x86', '-l', '/tmp/tmp7lgbo8s4/ptd_logfile.txt', '-p', '8888', '49', '/dev/usbtmc0']
ptd-server 2022-07-27 01:34:17,498 [INFO] Sending to ptd: 'Hello'
ptd-server 2022-07-27 01:34:17,499 [INFO] Reply from ptd: 'Hello, PTDaemon here!'
ptd-server 2022-07-27 01:34:17,499 [INFO] Sending to ptd: 'Identify'
ptd-server 2022-07-27 01:34:17,499 [INFO] Reply from ptd: 'YokogawaWT310E,1000,1,1,1,1,0,1,1,version=1.9.2-e8c7a49a-20201208,OS=Linux 5.13.0-52-generic #59~20.04.1-Ubuntu SMP Thu Jun 16 21:21:28 UTC 2022 x86_64,mode=power,1,1,1,0,0,no_cal_date,YOKOGAWA;WT310E;C3XA04010E;F1.04'
ptd-server 2022-07-27 01:34:17,499 [INFO] Connected to PTDaemon
ptd-server 2022-07-27 01:34:17,499 [INFO] Sending to ptd: 'RR'
ptd-server 2022-07-27 01:34:17,500 [INFO] Reply from ptd: 'Ranges,0,0.500000,1,300.000000'
ptd-server 2022-07-27 01:34:17,500 [INFO] Initial range for Amps is 0.500000 for Volts is Auto
ptd-server 2022-07-27 01:34:17,500 [INFO] Sending to ptd: 'SR,V,Auto'
ptd-server 2022-07-27 01:34:18,002 [INFO] Reply from ptd: 'Range V changed'
ptd-server 2022-07-27 01:34:18,003 [INFO] Sending to ptd: 'SR,A,Auto'
ptd-server 2022-07-27 01:34:18,505 [INFO] Reply from ptd: 'Range A changed'
ptd-server 2022-07-27 01:34:28,515 [INFO] Starting ranging mode
ptd-server 2022-07-27 01:34:28,516 [INFO] Sending to ptd: 'Go,1000,0,2022-07-27_01-34-00_ranging'
ptd-server 2022-07-27 01:34:28,516 [INFO] Reply from ptd: 'Starting untimed measurement, maximum 500000 samples at 1000ms with 0 rampup samples'
ptd-server 2022-07-27 01:34:28,516 [INFO] Sending reply to client 'OK'
ptd-server 2022-07-27 01:44:43,712 [INFO] Got command from the client 'session,2022-07-27_01-34-00,stop,ranging'
ptd-server 2022-07-27 01:44:53,723 [INFO] Sending to ptd: 'Stop'
ptd-server 2022-07-27 01:44:53,723 [INFO] Reply from ptd: 'Stopping untimed measurement'
ptd-server 2022-07-27 01:44:54,618 [INFO] Sending reply to client 'OK'
ptd-server 2022-07-27 01:44:54,685 [INFO] Got command from the client 'time'
ptd-server 2022-07-27 01:44:54,685 [INFO] Sending reply to client '1658882694.6857994'
ptd-server 2022-07-27 01:44:54,690 [INFO] Got command from the client 'session,2022-07-27_01-34-00,start,testing'
ptd-server 2022-07-27 01:44:54,690 [INFO] Sending to ptd: 'SR,V,250.150000'
ptd-server 2022-07-27 01:44:56,191 [INFO] Reply from ptd: 'Range V changed'
ptd-server 2022-07-27 01:44:56,191 [INFO] Sending to ptd: 'SR,A,0.041990'
ptd-server 2022-07-27 01:44:57,693 [INFO] Reply from ptd: 'Range A changed'
ptd-server 2022-07-27 01:45:07,703 [INFO] Starting testing mode
ptd-server 2022-07-27 01:45:07,703 [INFO] Sending to ptd: 'Go,1000,0,2022-07-27_01-34-00_testing'
ptd-server 2022-07-27 01:45:07,704 [INFO] Reply from ptd: 'Starting untimed measurement, maximum 500000 samples at 1000ms with 0 rampup samples'
ptd-server 2022-07-27 01:45:07,704 [INFO] Sending reply to client 'OK'
ptd-server 2022-07-27 01:55:22,989 [INFO] Got command from the client 'session,2022-07-27_01-34-00,stop,testing'
ptd-server 2022-07-27 01:55:32,999 [INFO] Sending to ptd: 'Stop'
ptd-server 2022-07-27 01:55:32,999 [INFO] Reply from ptd: 'Stopping untimed measurement'
ptd-server 2022-07-27 01:55:33,463 [INFO] Sending reply to client 'OK'
ptd-server 2022-07-27 01:55:33,483 [INFO] Got command from the client 'session,2022-07-27_01-34-00,done'
ptd-server 2022-07-27 01:55:33,483 [INFO] Sending to ptd: 'Stop'
ptd-server 2022-07-27 01:55:33,704 [INFO] Reply from ptd: 'Error: no measurement to stop'
ptd-server 2022-07-27 01:55:33,704 [INFO] Sending to ptd: 'SR,V,Auto'
ptd-server 2022-07-27 01:55:34,207 [INFO] Reply from ptd: 'Range V changed'
ptd-server 2022-07-27 01:55:34,207 [INFO] Sending to ptd: 'SR,A,0.500000'
ptd-server 2022-07-27 01:55:35,708 [INFO] Reply from ptd: 'Range A changed'
ptd-server 2022-07-27 01:55:35,708 [INFO] Set initial values for Amps 0.500000 and Volts Auto
ptd-server 2022-07-27 01:55:35,709 [INFO] Stopping ptd...
