ptd-server 2022-07-31 01:07:19,989 [INFO] Got command from the client 'time'
ptd-server 2022-07-31 01:07:19,989 [INFO] Sending reply to client '1659226039.9898124'
ptd-server 2022-07-31 01:07:19,990 [INFO] Got command from the client 'new,,c950a159-1e95-4b64-a158-ccdee7bb49a9'
ptd-server 2022-07-31 01:07:19,991 [INFO] Sending reply to client 'OK 2022-07-31_01-07-19,86aa9cdf-4ba9-4a6f-a3dd-c7ca758bc2c8'
ptd-server 2022-07-31 01:07:20,034 [INFO] Got command from the client 'time'
ptd-server 2022-07-31 01:07:20,034 [INFO] Sending reply to client '1659226040.0348926'
ptd-server 2022-07-31 01:07:20,035 [INFO] Got command from the client 'session,2022-07-31_01-07-19,start,ranging'
ptd-server 2022-07-31 01:07:20,036 [INFO] Running PTDaemon: ['/home/anton/projects/mlperf/power/inference_v1.0/ptd-linux-x86', '-l', '/tmp/tmp7lgbo8s4/ptd_logfile.txt', '-p', '8888', '49', '/dev/usbtmc0']
ptd-server 2022-07-31 01:07:37,210 [INFO] Sending to ptd: 'Hello'
ptd-server 2022-07-31 01:07:37,211 [INFO] Reply from ptd: 'Hello, PTDaemon here!'
ptd-server 2022-07-31 01:07:37,211 [INFO] Sending to ptd: 'Identify'
ptd-server 2022-07-31 01:07:37,211 [INFO] Reply from ptd: 'YokogawaWT310E,1000,1,1,1,1,0,1,1,version=1.9.2-e8c7a49a-20201208,OS=Linux 5.13.0-52-generic #59~20.04.1-Ubuntu SMP Thu Jun 16 21:21:28 UTC 2022 x86_64,mode=power,1,1,1,0,0,no_cal_date,YOKOGAWA;WT310E;C3XA04010E;F1.04'
ptd-server 2022-07-31 01:07:37,211 [INFO] Connected to PTDaemon
ptd-server 2022-07-31 01:07:37,212 [INFO] Sending to ptd: 'RR'
ptd-server 2022-07-31 01:07:37,212 [INFO] Reply from ptd: 'Ranges,0,0.500000,1,300.000000'
ptd-server 2022-07-31 01:07:37,212 [INFO] Initial range for Amps is 0.500000 for Volts is Auto
ptd-server 2022-07-31 01:07:37,212 [INFO] Sending to ptd: 'SR,V,Auto'
ptd-server 2022-07-31 01:07:37,715 [INFO] Reply from ptd: 'Range V changed'
ptd-server 2022-07-31 01:07:37,715 [INFO] Sending to ptd: 'SR,A,Auto'
ptd-server 2022-07-31 01:07:38,217 [INFO] Reply from ptd: 'Range A changed'
ptd-server 2022-07-31 01:07:48,228 [INFO] Starting ranging mode
ptd-server 2022-07-31 01:07:48,228 [INFO] Sending to ptd: 'Go,1000,0,2022-07-31_01-07-19_ranging'
ptd-server 2022-07-31 01:07:48,228 [INFO] Reply from ptd: 'Starting untimed measurement, maximum 500000 samples at 1000ms with 0 rampup samples'
ptd-server 2022-07-31 01:07:48,228 [INFO] Sending reply to client 'OK'
ptd-server 2022-07-31 01:18:04,088 [INFO] Got command from the client 'session,2022-07-31_01-07-19,stop,ranging'
ptd-server 2022-07-31 01:18:14,098 [INFO] Sending to ptd: 'Stop'
ptd-server 2022-07-31 01:18:14,098 [INFO] Reply from ptd: 'Stopping untimed measurement'
ptd-server 2022-07-31 01:18:15,324 [INFO] Sending reply to client 'OK'
ptd-server 2022-07-31 01:18:15,378 [INFO] Got command from the client 'time'
ptd-server 2022-07-31 01:18:15,378 [INFO] Sending reply to client '1659226695.3787835'
ptd-server 2022-07-31 01:18:15,380 [INFO] Got command from the client 'session,2022-07-31_01-07-19,start,testing'
ptd-server 2022-07-31 01:18:15,380 [INFO] Sending to ptd: 'SR,V,251.640000'
ptd-server 2022-07-31 01:18:16,882 [INFO] Reply from ptd: 'Range V changed'
ptd-server 2022-07-31 01:18:16,882 [INFO] Sending to ptd: 'SR,A,0.180490'
ptd-server 2022-07-31 01:18:18,383 [INFO] Reply from ptd: 'Range A changed'
ptd-server 2022-07-31 01:18:28,393 [INFO] Starting testing mode
ptd-server 2022-07-31 01:18:28,394 [INFO] Sending to ptd: 'Go,1000,0,2022-07-31_01-07-19_testing'
ptd-server 2022-07-31 01:18:28,394 [INFO] Reply from ptd: 'Starting untimed measurement, maximum 500000 samples at 1000ms with 0 rampup samples'
ptd-server 2022-07-31 01:18:28,394 [INFO] Sending reply to client 'OK'
ptd-server 2022-07-31 01:28:39,744 [INFO] Got command from the client 'session,2022-07-31_01-07-19,stop,testing'
ptd-server 2022-07-31 01:28:49,755 [INFO] Sending to ptd: 'Stop'
ptd-server 2022-07-31 01:28:49,755 [INFO] Reply from ptd: 'Stopping untimed measurement'
ptd-server 2022-07-31 01:28:50,378 [INFO] Sending reply to client 'OK'
ptd-server 2022-07-31 01:28:50,393 [INFO] Got command from the client 'session,2022-07-31_01-07-19,done'
ptd-server 2022-07-31 01:28:50,393 [INFO] Sending to ptd: 'Stop'
ptd-server 2022-07-31 01:28:50,394 [INFO] Reply from ptd: 'Error: no measurement to stop'
ptd-server 2022-07-31 01:28:50,394 [INFO] Sending to ptd: 'SR,V,Auto'
ptd-server 2022-07-31 01:28:50,897 [INFO] Reply from ptd: 'Range V changed'
ptd-server 2022-07-31 01:28:50,897 [INFO] Sending to ptd: 'SR,A,0.500000'
ptd-server 2022-07-31 01:28:52,398 [INFO] Reply from ptd: 'Range A changed'
ptd-server 2022-07-31 01:28:52,398 [INFO] Set initial values for Amps 0.500000 and Volts Auto
ptd-server 2022-07-31 01:28:52,399 [INFO] Stopping ptd...
