ptd-server 2022-07-23 04:29:14,629 [INFO] Got command from the client 'time'
ptd-server 2022-07-23 04:29:14,629 [INFO] Sending reply to client '1658546954.629736'
ptd-server 2022-07-23 04:29:14,630 [INFO] Got command from the client 'new,,8ab94645-58da-40e0-8f56-ae792d67c0df'
ptd-server 2022-07-23 04:29:14,631 [INFO] Sending reply to client 'OK 2022-07-23_04-29-14,ef65bccc-b27f-476b-99f4-86ccdeae66be'
ptd-server 2022-07-23 04:29:14,669 [INFO] Got command from the client 'time'
ptd-server 2022-07-23 04:29:14,669 [INFO] Sending reply to client '1658546954.6696465'
ptd-server 2022-07-23 04:29:14,670 [INFO] Got command from the client 'session,2022-07-23_04-29-14,start,ranging'
ptd-server 2022-07-23 04:29:14,671 [INFO] Running PTDaemon: ['/home/anton/projects/mlperf/power/inference_v1.0/ptd-linux-x86', '-l', '/tmp/tmp7lgbo8s4/ptd_logfile.txt', '-p', '8888', '49', '/dev/usbtmc0']
ptd-server 2022-07-23 04:29:31,844 [INFO] Sending to ptd: 'Hello'
ptd-server 2022-07-23 04:29:31,845 [INFO] Reply from ptd: 'Hello, PTDaemon here!'
ptd-server 2022-07-23 04:29:31,845 [INFO] Sending to ptd: 'Identify'
ptd-server 2022-07-23 04:29:31,845 [INFO] Reply from ptd: 'YokogawaWT310E,1000,1,1,1,1,0,1,1,version=1.9.2-e8c7a49a-20201208,OS=Linux 5.13.0-52-generic #59~20.04.1-Ubuntu SMP Thu Jun 16 21:21:28 UTC 2022 x86_64,mode=power,1,1,1,0,0,no_cal_date,YOKOGAWA;WT310E;C3XA04010E;F1.04'
ptd-server 2022-07-23 04:29:31,846 [INFO] Connected to PTDaemon
ptd-server 2022-07-23 04:29:31,846 [INFO] Sending to ptd: 'RR'
ptd-server 2022-07-23 04:29:31,846 [INFO] Reply from ptd: 'Ranges,0,0.500000,1,300.000000'
ptd-server 2022-07-23 04:29:31,846 [INFO] Initial range for Amps is 0.500000 for Volts is Auto
ptd-server 2022-07-23 04:29:31,846 [INFO] Sending to ptd: 'SR,V,Auto'
ptd-server 2022-07-23 04:29:32,349 [INFO] Reply from ptd: 'Range V changed'
ptd-server 2022-07-23 04:29:32,349 [INFO] Sending to ptd: 'SR,A,Auto'
ptd-server 2022-07-23 04:29:32,851 [INFO] Reply from ptd: 'Range A changed'
ptd-server 2022-07-23 04:29:42,862 [INFO] Starting ranging mode
ptd-server 2022-07-23 04:29:42,862 [INFO] Sending to ptd: 'Go,1000,0,2022-07-23_04-29-14_ranging'
ptd-server 2022-07-23 04:29:42,862 [INFO] Reply from ptd: 'Starting untimed measurement, maximum 500000 samples at 1000ms with 0 rampup samples'
ptd-server 2022-07-23 04:29:42,863 [INFO] Sending reply to client 'OK'
ptd-server 2022-07-23 04:39:59,311 [INFO] Got command from the client 'session,2022-07-23_04-29-14,stop,ranging'
ptd-server 2022-07-23 04:40:09,321 [INFO] Sending to ptd: 'Stop'
ptd-server 2022-07-23 04:40:09,321 [INFO] Reply from ptd: 'Stopping untimed measurement'
ptd-server 2022-07-23 04:40:09,838 [INFO] Sending reply to client 'OK'
ptd-server 2022-07-23 04:40:09,883 [INFO] Got command from the client 'time'
ptd-server 2022-07-23 04:40:09,883 [INFO] Sending reply to client '1658547609.8833027'
ptd-server 2022-07-23 04:40:09,884 [INFO] Got command from the client 'session,2022-07-23_04-29-14,start,testing'
ptd-server 2022-07-23 04:40:09,884 [INFO] Sending to ptd: 'SR,V,250.900000'
ptd-server 2022-07-23 04:40:11,385 [INFO] Reply from ptd: 'Range V changed'
ptd-server 2022-07-23 04:40:11,385 [INFO] Sending to ptd: 'SR,A,0.057050'
ptd-server 2022-07-23 04:40:12,887 [INFO] Reply from ptd: 'Range A changed'
ptd-server 2022-07-23 04:40:22,897 [INFO] Starting testing mode
ptd-server 2022-07-23 04:40:22,897 [INFO] Sending to ptd: 'Go,1000,0,2022-07-23_04-29-14_testing'
ptd-server 2022-07-23 04:40:22,898 [INFO] Reply from ptd: 'Starting untimed measurement, maximum 500000 samples at 1000ms with 0 rampup samples'
ptd-server 2022-07-23 04:40:22,898 [INFO] Sending reply to client 'OK'
ptd-server 2022-07-23 04:50:39,267 [INFO] Got command from the client 'session,2022-07-23_04-29-14,stop,testing'
ptd-server 2022-07-23 04:50:49,277 [INFO] Sending to ptd: 'Stop'
ptd-server 2022-07-23 04:50:49,277 [INFO] Reply from ptd: 'Stopping untimed measurement'
ptd-server 2022-07-23 04:50:49,545 [INFO] Sending reply to client 'OK'
ptd-server 2022-07-23 04:50:49,553 [INFO] Got command from the client 'session,2022-07-23_04-29-14,done'
ptd-server 2022-07-23 04:50:49,553 [INFO] Sending to ptd: 'Stop'
ptd-server 2022-07-23 04:50:49,898 [INFO] Reply from ptd: 'Error: no measurement to stop'
ptd-server 2022-07-23 04:50:49,899 [INFO] Sending to ptd: 'SR,V,Auto'
ptd-server 2022-07-23 04:50:50,401 [INFO] Reply from ptd: 'Range V changed'
ptd-server 2022-07-23 04:50:50,401 [INFO] Sending to ptd: 'SR,A,0.500000'
ptd-server 2022-07-23 04:50:51,903 [INFO] Reply from ptd: 'Range A changed'
ptd-server 2022-07-23 04:50:51,903 [INFO] Set initial values for Amps 0.500000 and Volts Auto
ptd-server 2022-07-23 04:50:51,903 [INFO] Stopping ptd...
