ptd-server 2022-07-27 04:49:38,092 [INFO] Got command from the client 'time'
ptd-server 2022-07-27 04:49:38,092 [INFO] Sending reply to client '1658893778.0928423'
ptd-server 2022-07-27 04:49:38,096 [INFO] Got command from the client 'new,,d48953f2-bc72-4a9e-8b70-5b81c17769e2'
ptd-server 2022-07-27 04:49:38,097 [INFO] Sending reply to client 'OK 2022-07-27_04-49-38,d2ae77f6-1641-463a-bb92-3d9ed6e730a3'
ptd-server 2022-07-27 04:49:38,196 [INFO] Got command from the client 'time'
ptd-server 2022-07-27 04:49:38,196 [INFO] Sending reply to client '1658893778.1962564'
ptd-server 2022-07-27 04:49:38,201 [INFO] Got command from the client 'session,2022-07-27_04-49-38,start,ranging'
ptd-server 2022-07-27 04:49:38,201 [INFO] Running PTDaemon: ['/home/anton/projects/mlperf/power/inference_v1.0/ptd-linux-x86', '-l', '/tmp/tmp7lgbo8s4/ptd_logfile.txt', '-p', '8888', '49', '/dev/usbtmc0']
ptd-server 2022-07-27 04:49:55,376 [INFO] Sending to ptd: 'Hello'
ptd-server 2022-07-27 04:49:55,377 [INFO] Reply from ptd: 'Hello, PTDaemon here!'
ptd-server 2022-07-27 04:49:55,377 [INFO] Sending to ptd: 'Identify'
ptd-server 2022-07-27 04:49:55,377 [INFO] Reply from ptd: 'YokogawaWT310E,1000,1,1,1,1,0,1,1,version=1.9.2-e8c7a49a-20201208,OS=Linux 5.13.0-52-generic #59~20.04.1-Ubuntu SMP Thu Jun 16 21:21:28 UTC 2022 x86_64,mode=power,1,1,1,0,0,no_cal_date,YOKOGAWA;WT310E;C3XA04010E;F1.04'
ptd-server 2022-07-27 04:49:55,377 [INFO] Connected to PTDaemon
ptd-server 2022-07-27 04:49:55,378 [INFO] Sending to ptd: 'RR'
ptd-server 2022-07-27 04:49:55,378 [INFO] Reply from ptd: 'Ranges,0,0.500000,1,300.000000'
ptd-server 2022-07-27 04:49:55,378 [INFO] Initial range for Amps is 0.500000 for Volts is Auto
ptd-server 2022-07-27 04:49:55,378 [INFO] Sending to ptd: 'SR,V,Auto'
ptd-server 2022-07-27 04:49:55,881 [INFO] Reply from ptd: 'Range V changed'
ptd-server 2022-07-27 04:49:55,881 [INFO] Sending to ptd: 'SR,A,Auto'
ptd-server 2022-07-27 04:49:56,383 [INFO] Reply from ptd: 'Range A changed'
ptd-server 2022-07-27 04:50:06,394 [INFO] Starting ranging mode
ptd-server 2022-07-27 04:50:06,394 [INFO] Sending to ptd: 'Go,1000,0,2022-07-27_04-49-38_ranging'
ptd-server 2022-07-27 04:50:06,394 [INFO] Reply from ptd: 'Starting untimed measurement, maximum 500000 samples at 1000ms with 0 rampup samples'
ptd-server 2022-07-27 04:50:06,394 [INFO] Sending reply to client 'OK'
ptd-server 2022-07-27 05:00:21,670 [INFO] Got command from the client 'session,2022-07-27_04-49-38,stop,ranging'
ptd-server 2022-07-27 05:00:31,680 [INFO] Sending to ptd: 'Stop'
ptd-server 2022-07-27 05:00:31,681 [INFO] Reply from ptd: 'Stopping untimed measurement'
ptd-server 2022-07-27 05:00:32,597 [INFO] Sending reply to client 'OK'
ptd-server 2022-07-27 05:00:32,756 [INFO] Got command from the client 'time'
ptd-server 2022-07-27 05:00:32,756 [INFO] Sending reply to client '1658894432.7568'
ptd-server 2022-07-27 05:00:32,761 [INFO] Got command from the client 'session,2022-07-27_04-49-38,start,testing'
ptd-server 2022-07-27 05:00:32,761 [INFO] Sending to ptd: 'SR,V,252.210000'
ptd-server 2022-07-27 05:00:34,263 [INFO] Reply from ptd: 'Range V changed'
ptd-server 2022-07-27 05:00:34,263 [INFO] Sending to ptd: 'SR,A,0.040230'
ptd-server 2022-07-27 05:00:35,764 [INFO] Reply from ptd: 'Range A changed'
ptd-server 2022-07-27 05:00:45,774 [INFO] Starting testing mode
ptd-server 2022-07-27 05:00:45,775 [INFO] Sending to ptd: 'Go,1000,0,2022-07-27_04-49-38_testing'
ptd-server 2022-07-27 05:00:45,775 [INFO] Reply from ptd: 'Starting untimed measurement, maximum 500000 samples at 1000ms with 0 rampup samples'
ptd-server 2022-07-27 05:00:45,775 [INFO] Sending reply to client 'OK'
ptd-server 2022-07-27 05:11:01,094 [INFO] Got command from the client 'session,2022-07-27_04-49-38,stop,testing'
ptd-server 2022-07-27 05:11:11,105 [INFO] Sending to ptd: 'Stop'
ptd-server 2022-07-27 05:11:11,105 [INFO] Reply from ptd: 'Stopping untimed measurement'
ptd-server 2022-07-27 05:11:11,577 [INFO] Sending reply to client 'OK'
ptd-server 2022-07-27 05:11:11,664 [INFO] Got command from the client 'session,2022-07-27_04-49-38,done'
ptd-server 2022-07-27 05:11:11,664 [INFO] Sending to ptd: 'Stop'
ptd-server 2022-07-27 05:11:11,775 [INFO] Reply from ptd: 'Error: no measurement to stop'
ptd-server 2022-07-27 05:11:11,775 [INFO] Sending to ptd: 'SR,V,Auto'
ptd-server 2022-07-27 05:11:12,278 [INFO] Reply from ptd: 'Range V changed'
ptd-server 2022-07-27 05:11:12,278 [INFO] Sending to ptd: 'SR,A,0.500000'
ptd-server 2022-07-27 05:11:13,779 [INFO] Reply from ptd: 'Range A changed'
ptd-server 2022-07-27 05:11:13,779 [INFO] Set initial values for Amps 0.500000 and Volts Auto
ptd-server 2022-07-27 05:11:13,780 [INFO] Stopping ptd...
