ptd-server 2022-08-03 00:24:05,411 [INFO] Got command from the client 'stop'
ptd-server 2022-08-03 00:24:05,412 [INFO] The server will be stopped after processing this client
ptd-server 2022-08-03 00:24:05,412 [INFO] Sending reply to client 'OK'
ptd-server 2022-08-03 00:24:05,619 [INFO] Got command from the client 'time'
ptd-server 2022-08-03 00:24:05,620 [INFO] Sending reply to client '1659511445.6201937'
ptd-server 2022-08-03 00:24:05,621 [INFO] Got command from the client 'new,,64098a5e-05d0-4c31-a46e-5c0f486035ae'
ptd-server 2022-08-03 00:24:05,622 [INFO] Sending reply to client 'OK 2022-08-03_00-24-05,94be241d-2f34-4eba-bd15-b6b7ae1fd2b8'
ptd-server 2022-08-03 00:24:05,828 [INFO] Got command from the client 'time'
ptd-server 2022-08-03 00:24:05,829 [INFO] Sending reply to client '1659511445.8298593'
ptd-server 2022-08-03 00:24:05,830 [INFO] Got command from the client 'session,2022-08-03_00-24-05,start,ranging'
ptd-server 2022-08-03 00:24:05,939 [INFO] Running PTDaemon: ['C:\\PTD\\ptd-windows-x86.exe', '-l', 'C:\\Users\\lab\\AppData\\Local\\Temp\\tmp50kpufp5\\ptd_logfile.txt', '-p', '8888', '-c', '1,3', '-y', '77', '10.34.232.250']
ptd-server 2022-08-03 00:24:26,281 [INFO] Sending to ptd: 'Hello'
ptd-server 2022-08-03 00:24:26,306 [INFO] Reply from ptd: 'Hello, PTDaemon here!'
ptd-server 2022-08-03 00:24:26,307 [INFO] Sending to ptd: 'Identify'
ptd-server 2022-08-03 00:24:26,309 [INFO] Reply from ptd: 'YokogawaWT330_multichannel,1000,1,1,1,1,0,0,1,version=1.9.2-3976349f-20201208,OS=Windows 8 / Server 2012,mode=power,1,1,2,0,0,no_cal_date,YOKOGAWA;WT333E;C2WA21018V;F1.04'
ptd-server 2022-08-03 00:24:26,309 [INFO] Connected to PTDaemon
ptd-server 2022-08-03 00:24:26,310 [INFO] Sending to ptd: 'RR'
ptd-server 2022-08-03 00:24:26,311 [INFO] Reply from ptd: 'Ranges,0,10.000000,1,300.000000'
ptd-server 2022-08-03 00:24:26,312 [INFO] Initial range for Amps is 10.000000 for Volts is Auto
ptd-server 2022-08-03 00:24:26,313 [INFO] Sending to ptd: 'SR,V,Auto'
ptd-server 2022-08-03 00:24:31,379 [INFO] Reply from ptd: 'Range V changed'
ptd-server 2022-08-03 00:24:31,380 [INFO] Sending to ptd: 'SR,A,Auto'
ptd-server 2022-08-03 00:24:36,449 [INFO] Reply from ptd: 'Range A changed'
ptd-server 2022-08-03 00:24:46,455 [INFO] Starting ranging mode
ptd-server 2022-08-03 00:24:46,480 [INFO] Sending to ptd: 'Go,1000,0,2022-08-03_00-24-05_ranging'
ptd-server 2022-08-03 00:24:46,497 [INFO] Reply from ptd: 'Starting untimed measurement, maximum 500000 samples at 1000ms with 0 rampup samples'
ptd-server 2022-08-03 00:24:46,498 [INFO] Sending reply to client 'OK'
ptd-server 2022-08-03 00:36:29,395 [INFO] Got command from the client 'session,2022-08-03_00-24-05,stop,ranging'
ptd-server 2022-08-03 00:36:39,411 [INFO] Sending to ptd: 'Stop'
ptd-server 2022-08-03 00:36:39,412 [INFO] Reply from ptd: 'Stopping untimed measurement'
ptd-server 2022-08-03 00:36:39,460 [INFO] Sending reply to client 'OK'
ptd-server 2022-08-03 00:36:39,693 [INFO] Got command from the client 'time'
ptd-server 2022-08-03 00:36:39,694 [INFO] Sending reply to client '1659512199.6945765'
ptd-server 2022-08-03 00:36:39,695 [INFO] Got command from the client 'session,2022-08-03_00-24-05,start,testing'
ptd-server 2022-08-03 00:36:39,695 [INFO] Sending to ptd: 'SR,V,209.110000'
ptd-server 2022-08-03 00:36:45,777 [INFO] Reply from ptd: 'Range V changed'
ptd-server 2022-08-03 00:36:45,778 [INFO] Sending to ptd: 'SR,A,5.410800'
ptd-server 2022-08-03 00:36:51,362 [INFO] Reply from ptd: 'Range A changed'
ptd-server 2022-08-03 00:37:01,378 [INFO] Starting testing mode
ptd-server 2022-08-03 00:37:01,379 [INFO] Sending to ptd: 'Go,1000,0,2022-08-03_00-24-05_testing'
ptd-server 2022-08-03 00:37:01,380 [INFO] Reply from ptd: 'Starting untimed measurement, maximum 500000 samples at 1000ms with 0 rampup samples'
ptd-server 2022-08-03 00:37:01,380 [INFO] Sending reply to client 'OK'
ptd-server 2022-08-03 00:48:44,676 [INFO] Got command from the client 'session,2022-08-03_00-24-05,stop,testing'
ptd-server 2022-08-03 00:48:54,678 [INFO] Sending to ptd: 'Stop'
ptd-server 2022-08-03 00:48:54,680 [INFO] Reply from ptd: 'Stopping untimed measurement'
ptd-server 2022-08-03 00:48:54,706 [INFO] Sending reply to client 'OK'
ptd-server 2022-08-03 00:48:54,749 [INFO] Got command from the client 'session,2022-08-03_00-24-05,done'
ptd-server 2022-08-03 00:48:54,749 [INFO] Sending to ptd: 'Stop'
ptd-server 2022-08-03 00:48:55,385 [INFO] Reply from ptd: 'Error: no measurement to stop'
ptd-server 2022-08-03 00:48:55,386 [INFO] Sending to ptd: 'SR,V,Auto'
ptd-server 2022-08-03 00:49:00,476 [INFO] Reply from ptd: 'Range V changed'
ptd-server 2022-08-03 00:49:00,477 [INFO] Sending to ptd: 'SR,A,10.000000'
ptd-server 2022-08-03 00:49:06,055 [INFO] Reply from ptd: 'Range A changed'
ptd-server 2022-08-03 00:49:06,056 [INFO] Set initial values for Amps 10.000000 and Volts Auto
ptd-server 2022-08-03 00:49:06,057 [INFO] Stopping ptd...
