ptd-server 2022-07-21 15:08:59,225 [INFO] Got command from the client 'stop'
ptd-server 2022-07-21 15:08:59,225 [INFO] The server will be stopped after processing this client
ptd-server 2022-07-21 15:08:59,226 [INFO] Sending reply to client 'OK'
ptd-server 2022-07-21 15:08:59,432 [INFO] Got command from the client 'time'
ptd-server 2022-07-21 15:08:59,432 [INFO] Sending reply to client '1658441339.432298'
ptd-server 2022-07-21 15:08:59,434 [INFO] Got command from the client 'new,,21652943-66c2-427c-9e5f-ee82f16f806b'
ptd-server 2022-07-21 15:08:59,436 [INFO] Sending reply to client 'OK 2022-07-21_15-08-59,790bac9e-89f8-4dcc-ae7e-afc3a56ecb3d'
ptd-server 2022-07-21 15:08:59,643 [INFO] Got command from the client 'time'
ptd-server 2022-07-21 15:08:59,643 [INFO] Sending reply to client '1658441339.6439657'
ptd-server 2022-07-21 15:08:59,645 [INFO] Got command from the client 'session,2022-07-21_15-08-59,start,ranging'
ptd-server 2022-07-21 15:08:59,751 [INFO] Running PTDaemon: ['C:\\PTD\\ptd-windows-x86.exe', '-l', 'C:\\Users\\lab\\AppData\\Local\\Temp\\tmp_a2xxb04\\ptd_logfile.txt', '-p', '8888', '-c', '1,3', '-y', '77', '10.34.232.250']
ptd-server 2022-07-21 15:09:20,341 [INFO] Sending to ptd: 'Hello'
ptd-server 2022-07-21 15:09:20,347 [INFO] Reply from ptd: 'Hello, PTDaemon here!'
ptd-server 2022-07-21 15:09:20,348 [INFO] Sending to ptd: 'Identify'
ptd-server 2022-07-21 15:09:20,349 [INFO] Reply from ptd: 'YokogawaWT330_multichannel,1000,1,1,1,1,0,0,1,version=1.9.2-3976349f-20201208,OS=Windows 8 / Server 2012,mode=power,1,1,2,0,0,no_cal_date,YOKOGAWA;WT333E;C2WA21018V;F1.04'
ptd-server 2022-07-21 15:09:20,349 [INFO] Connected to PTDaemon
ptd-server 2022-07-21 15:09:20,350 [INFO] Sending to ptd: 'RR'
ptd-server 2022-07-21 15:09:20,351 [INFO] Reply from ptd: 'Ranges,0,10.000000,1,300.000000'
ptd-server 2022-07-21 15:09:20,352 [INFO] Initial range for Amps is 10.000000 for Volts is Auto
ptd-server 2022-07-21 15:09:20,353 [INFO] Sending to ptd: 'SR,V,Auto'
ptd-server 2022-07-21 15:09:25,432 [INFO] Reply from ptd: 'Range V changed'
ptd-server 2022-07-21 15:09:25,433 [INFO] Sending to ptd: 'SR,A,Auto'
ptd-server 2022-07-21 15:09:30,501 [INFO] Reply from ptd: 'Range A changed'
ptd-server 2022-07-21 15:09:40,507 [INFO] Starting ranging mode
ptd-server 2022-07-21 15:09:40,508 [INFO] Sending to ptd: 'Go,1000,0,2022-07-21_15-08-59_ranging'
ptd-server 2022-07-21 15:09:40,509 [INFO] Reply from ptd: 'Starting untimed measurement, maximum 500000 samples at 1000ms with 0 rampup samples'
ptd-server 2022-07-21 15:09:40,509 [INFO] Sending reply to client 'OK'
ptd-server 2022-07-21 15:28:24,274 [INFO] Got command from the client 'session,2022-07-21_15-08-59,stop,ranging'
ptd-server 2022-07-21 15:28:34,283 [INFO] Sending to ptd: 'Stop'
ptd-server 2022-07-21 15:28:34,284 [INFO] Reply from ptd: 'Stopping untimed measurement'
ptd-server 2022-07-21 15:28:34,399 [INFO] Sending reply to client 'OK'
ptd-server 2022-07-21 15:28:34,634 [INFO] Got command from the client 'time'
ptd-server 2022-07-21 15:28:34,635 [INFO] Sending reply to client '1658442514.6359618'
ptd-server 2022-07-21 15:28:34,642 [INFO] Got command from the client 'session,2022-07-21_15-08-59,start,testing'
ptd-server 2022-07-21 15:28:34,646 [INFO] Sending to ptd: 'SR,V,209.080000'
ptd-server 2022-07-21 15:28:40,722 [INFO] Reply from ptd: 'Range V changed'
ptd-server 2022-07-21 15:28:40,723 [INFO] Sending to ptd: 'SR,A,4.956800'
ptd-server 2022-07-21 15:28:46,301 [INFO] Reply from ptd: 'Range A changed'
ptd-server 2022-07-21 15:28:56,308 [INFO] Starting testing mode
ptd-server 2022-07-21 15:28:56,309 [INFO] Sending to ptd: 'Go,1000,0,2022-07-21_15-08-59_testing'
ptd-server 2022-07-21 15:28:56,310 [INFO] Reply from ptd: 'Starting untimed measurement, maximum 500000 samples at 1000ms with 0 rampup samples'
ptd-server 2022-07-21 15:28:56,310 [INFO] Sending reply to client 'OK'
ptd-server 2022-07-21 15:47:41,561 [INFO] Got command from the client 'session,2022-07-21_15-08-59,stop,testing'
ptd-server 2022-07-21 15:47:51,570 [INFO] Sending to ptd: 'Stop'
ptd-server 2022-07-21 15:47:51,571 [INFO] Reply from ptd: 'Stopping untimed measurement'
ptd-server 2022-07-21 15:47:51,594 [INFO] Sending reply to client 'OK'
ptd-server 2022-07-21 15:47:51,651 [INFO] Got command from the client 'session,2022-07-21_15-08-59,done'
ptd-server 2022-07-21 15:47:51,652 [INFO] Sending to ptd: 'Stop'
ptd-server 2022-07-21 15:47:52,317 [INFO] Reply from ptd: 'Error: no measurement to stop'
ptd-server 2022-07-21 15:47:52,318 [INFO] Sending to ptd: 'SR,V,Auto'
ptd-server 2022-07-21 15:47:57,398 [INFO] Reply from ptd: 'Range V changed'
ptd-server 2022-07-21 15:47:57,399 [INFO] Sending to ptd: 'SR,A,10.000000'
ptd-server 2022-07-21 15:48:02,991 [INFO] Reply from ptd: 'Range A changed'
ptd-server 2022-07-21 15:48:02,992 [INFO] Set initial values for Amps 10.000000 and Volts Auto
ptd-server 2022-07-21 15:48:02,993 [INFO] Stopping ptd...
