ptd-server 2022-07-28 11:43:27,062 [INFO] Got command from the client 'stop'
ptd-server 2022-07-28 11:43:27,063 [INFO] The server will be stopped after processing this client
ptd-server 2022-07-28 11:43:27,063 [INFO] Sending reply to client 'OK'
ptd-server 2022-07-28 11:43:27,066 [INFO] Got command from the client 'time'
ptd-server 2022-07-28 11:43:27,067 [INFO] Sending reply to client '1659008607.0670068'
ptd-server 2022-07-28 11:43:27,067 [INFO] Got command from the client 'new,,451ac159-5162-4f5d-8004-b727e8971398'
ptd-server 2022-07-28 11:43:27,068 [INFO] Sending reply to client 'OK 2022-07-28_11-43-27,5cd4a761-6c3d-46b1-8888-da883fad82d7'
ptd-server 2022-07-28 11:43:27,070 [INFO] Got command from the client 'time'
ptd-server 2022-07-28 11:43:27,070 [INFO] Sending reply to client '1659008607.070482'
ptd-server 2022-07-28 11:43:27,071 [INFO] Got command from the client 'session,2022-07-28_11-43-27,start,ranging'
ptd-server 2022-07-28 11:43:27,173 [INFO] Running PTDaemon: ['C:\\PTD\\ptd-windows-x86.exe', '-l', 'C:\\Users\\pa\\AppData\\Local\\Temp\\tmpurts9wkp\\ptd_logfile.txt', '-p', '8888', '-c', '1,2', '-y', '77', 'C2WL21005V']
ptd-server 2022-07-28 11:43:45,469 [INFO] Sending to ptd: 'Hello'
ptd-server 2022-07-28 11:43:45,470 [INFO] Reply from ptd: 'Hello, PTDaemon here!'
ptd-server 2022-07-28 11:43:45,470 [INFO] Sending to ptd: 'Identify'
ptd-server 2022-07-28 11:43:45,471 [INFO] Reply from ptd: 'YokogawaWT330_multichannel,1000,1,1,1,1,0,0,1,version=1.9.2-3976349f-20201208,OS=Windows 8 / Server 2012,mode=power,1,1,2,0,0,no_cal_date,YOKOGAWA;WT333E;C2WL21005V;F1.04'
ptd-server 2022-07-28 11:43:45,471 [INFO] Connected to PTDaemon
ptd-server 2022-07-28 11:43:45,471 [INFO] Sending to ptd: 'RR'
ptd-server 2022-07-28 11:43:45,472 [INFO] Reply from ptd: 'Ranges,-1,-1.000000,-1,-1.000000'
ptd-server 2022-07-28 11:43:45,472 [INFO] Initial range for Amps is Auto for Volts is Auto
ptd-server 2022-07-28 11:43:45,472 [INFO] Sending to ptd: 'SR,V,Auto'
ptd-server 2022-07-28 11:43:50,543 [INFO] Reply from ptd: 'Range V changed'
ptd-server 2022-07-28 11:43:50,543 [INFO] Sending to ptd: 'SR,A,20'
ptd-server 2022-07-28 11:43:56,122 [INFO] Reply from ptd: 'Range A changed'
ptd-server 2022-07-28 11:44:06,137 [INFO] Starting ranging mode
ptd-server 2022-07-28 11:44:06,137 [INFO] Sending to ptd: 'Go,1000,0,2022-07-28_11-43-27_ranging'
ptd-server 2022-07-28 11:44:06,137 [INFO] Reply from ptd: 'Starting untimed measurement, maximum 500000 samples at 1000ms with 0 rampup samples'
ptd-server 2022-07-28 11:44:06,138 [INFO] Sending reply to client 'OK'
ptd-server 2022-07-28 11:54:14,471 [INFO] Got command from the client 'session,2022-07-28_11-43-27,stop,ranging'
ptd-server 2022-07-28 11:54:24,477 [INFO] Sending to ptd: 'Stop'
ptd-server 2022-07-28 11:54:24,477 [INFO] Reply from ptd: 'Stopping untimed measurement'
ptd-server 2022-07-28 11:54:24,506 [INFO] Sending reply to client 'OK'
ptd-server 2022-07-28 11:54:24,517 [INFO] Got command from the client 'time'
ptd-server 2022-07-28 11:54:24,517 [INFO] Sending reply to client '1659009264.517822'
ptd-server 2022-07-28 11:54:24,518 [INFO] Got command from the client 'session,2022-07-28_11-43-27,start,testing'
ptd-server 2022-07-28 11:54:24,518 [INFO] Sending to ptd: 'SR,V,120.200000'
ptd-server 2022-07-28 11:54:31,225 [INFO] Reply from ptd: 'Range V changed'
ptd-server 2022-07-28 11:54:31,225 [INFO] Sending to ptd: 'SR,A,1.504000'
ptd-server 2022-07-28 11:54:36,811 [INFO] Reply from ptd: 'Range A changed'
ptd-server 2022-07-28 11:54:46,826 [INFO] Starting testing mode
ptd-server 2022-07-28 11:54:46,826 [INFO] Sending to ptd: 'Go,1000,0,2022-07-28_11-43-27_testing'
ptd-server 2022-07-28 11:54:46,826 [INFO] Reply from ptd: 'Starting untimed measurement, maximum 500000 samples at 1000ms with 0 rampup samples'
ptd-server 2022-07-28 11:54:46,827 [INFO] Sending reply to client 'OK'
ptd-server 2022-07-28 12:04:55,804 [INFO] Got command from the client 'session,2022-07-28_11-43-27,stop,testing'
ptd-server 2022-07-28 12:05:05,807 [INFO] Sending to ptd: 'Stop'
ptd-server 2022-07-28 12:05:05,808 [INFO] Reply from ptd: 'Stopping untimed measurement'
ptd-server 2022-07-28 12:05:05,822 [INFO] Sending reply to client 'OK'
ptd-server 2022-07-28 12:05:05,830 [INFO] Got command from the client 'session,2022-07-28_11-43-27,done'
ptd-server 2022-07-28 12:05:05,830 [INFO] Sending to ptd: 'Stop'
ptd-server 2022-07-28 12:05:05,838 [INFO] Reply from ptd: 'Error: no measurement to stop'
ptd-server 2022-07-28 12:05:05,839 [INFO] Sending to ptd: 'SR,V,Auto'
ptd-server 2022-07-28 12:05:10,904 [INFO] Reply from ptd: 'Range V changed'
ptd-server 2022-07-28 12:05:10,905 [INFO] Sending to ptd: 'SR,A,Auto'
ptd-server 2022-07-28 12:05:15,981 [INFO] Reply from ptd: 'Range A changed'
ptd-server 2022-07-28 12:05:15,981 [INFO] Set initial values for Amps Auto and Volts Auto
ptd-server 2022-07-28 12:05:15,982 [INFO] Stopping ptd...
