ptd-server 2022-07-21 19:13:22,693 [INFO] Got command from the client 'time'
ptd-server 2022-07-21 19:13:22,693 [INFO] Sending reply to client '1658427202.6934617'
ptd-server 2022-07-21 19:13:22,694 [INFO] Got command from the client 'new,,b7976e6f-0d72-4114-b8b3-0d57b639c582'
ptd-server 2022-07-21 19:13:22,695 [INFO] Sending reply to client 'OK 2022-07-21_19-13-22,993628d1-2841-44f5-b922-8f56e4e2f952'
ptd-server 2022-07-21 19:13:22,723 [INFO] Got command from the client 'time'
ptd-server 2022-07-21 19:13:22,723 [INFO] Sending reply to client '1658427202.7234554'
ptd-server 2022-07-21 19:13:22,724 [INFO] Got command from the client 'session,2022-07-21_19-13-22,start,ranging'
ptd-server 2022-07-21 19:13:22,724 [INFO] Running PTDaemon: ['/home/anton/projects/mlperf/power/inference_v1.0/ptd-linux-x86', '-l', '/tmp/tmp7lgbo8s4/ptd_logfile.txt', '-p', '8888', '49', '/dev/usbtmc0']
ptd-server 2022-07-21 19:13:39,898 [INFO] Sending to ptd: 'Hello'
ptd-server 2022-07-21 19:13:39,899 [INFO] Reply from ptd: 'Hello, PTDaemon here!'
ptd-server 2022-07-21 19:13:39,899 [INFO] Sending to ptd: 'Identify'
ptd-server 2022-07-21 19:13:39,899 [INFO] Reply from ptd: 'YokogawaWT310E,1000,1,1,1,1,0,1,1,version=1.9.2-e8c7a49a-20201208,OS=Linux 5.13.0-52-generic #59~20.04.1-Ubuntu SMP Thu Jun 16 21:21:28 UTC 2022 x86_64,mode=power,1,1,1,0,0,no_cal_date,YOKOGAWA;WT310E;C3XA04010E;F1.04'
ptd-server 2022-07-21 19:13:39,900 [INFO] Connected to PTDaemon
ptd-server 2022-07-21 19:13:39,900 [INFO] Sending to ptd: 'RR'
ptd-server 2022-07-21 19:13:39,900 [INFO] Reply from ptd: 'Ranges,0,0.500000,1,300.000000'
ptd-server 2022-07-21 19:13:39,900 [INFO] Initial range for Amps is 0.500000 for Volts is Auto
ptd-server 2022-07-21 19:13:39,900 [INFO] Sending to ptd: 'SR,V,Auto'
ptd-server 2022-07-21 19:13:40,403 [INFO] Reply from ptd: 'Range V changed'
ptd-server 2022-07-21 19:13:40,403 [INFO] Sending to ptd: 'SR,A,Auto'
ptd-server 2022-07-21 19:13:40,905 [INFO] Reply from ptd: 'Range A changed'
ptd-server 2022-07-21 19:13:50,916 [INFO] Starting ranging mode
ptd-server 2022-07-21 19:13:50,916 [INFO] Sending to ptd: 'Go,1000,0,2022-07-21_19-13-22_ranging'
ptd-server 2022-07-21 19:13:50,916 [INFO] Reply from ptd: 'Starting untimed measurement, maximum 500000 samples at 1000ms with 0 rampup samples'
ptd-server 2022-07-21 19:13:50,917 [INFO] Sending reply to client 'OK'
ptd-server 2022-07-21 19:24:13,086 [INFO] Got command from the client 'session,2022-07-21_19-13-22,stop,ranging'
ptd-server 2022-07-21 19:24:23,096 [INFO] Sending to ptd: 'Stop'
ptd-server 2022-07-21 19:24:23,097 [INFO] Reply from ptd: 'Stopping untimed measurement'
ptd-server 2022-07-21 19:24:23,457 [INFO] Sending reply to client 'OK'
ptd-server 2022-07-21 19:24:23,513 [INFO] Got command from the client 'time'
ptd-server 2022-07-21 19:24:23,513 [INFO] Sending reply to client '1658427863.5137732'
ptd-server 2022-07-21 19:24:23,514 [INFO] Got command from the client 'session,2022-07-21_19-13-22,start,testing'
ptd-server 2022-07-21 19:24:23,514 [INFO] Sending to ptd: 'SR,V,249.890000'
ptd-server 2022-07-21 19:24:25,417 [INFO] Reply from ptd: 'Range V changed'
ptd-server 2022-07-21 19:24:25,418 [INFO] Sending to ptd: 'SR,A,0.056250'
ptd-server 2022-07-21 19:24:26,919 [INFO] Reply from ptd: 'Range A changed'
ptd-server 2022-07-21 19:24:36,927 [INFO] Starting testing mode
ptd-server 2022-07-21 19:24:36,927 [INFO] Sending to ptd: 'Go,1000,0,2022-07-21_19-13-22_testing'
ptd-server 2022-07-21 19:24:36,928 [INFO] Reply from ptd: 'Starting untimed measurement, maximum 500000 samples at 1000ms with 0 rampup samples'
ptd-server 2022-07-21 19:24:36,928 [INFO] Sending reply to client 'OK'
ptd-server 2022-07-21 19:34:58,922 [INFO] Got command from the client 'session,2022-07-21_19-13-22,stop,testing'
ptd-server 2022-07-21 19:35:08,932 [INFO] Sending to ptd: 'Stop'
ptd-server 2022-07-21 19:35:08,933 [INFO] Reply from ptd: 'Stopping untimed measurement'
ptd-server 2022-07-21 19:35:09,126 [INFO] Sending reply to client 'OK'
ptd-server 2022-07-21 19:35:09,133 [INFO] Got command from the client 'session,2022-07-21_19-13-22,done'
ptd-server 2022-07-21 19:35:09,134 [INFO] Sending to ptd: 'Stop'
ptd-server 2022-07-21 19:35:09,929 [INFO] Reply from ptd: 'Error: no measurement to stop'
ptd-server 2022-07-21 19:35:09,929 [INFO] Sending to ptd: 'SR,V,Auto'
ptd-server 2022-07-21 19:35:10,431 [INFO] Reply from ptd: 'Range V changed'
ptd-server 2022-07-21 19:35:10,432 [INFO] Sending to ptd: 'SR,A,0.500000'
ptd-server 2022-07-21 19:35:11,933 [INFO] Reply from ptd: 'Range A changed'
ptd-server 2022-07-21 19:35:11,933 [INFO] Set initial values for Amps 0.500000 and Volts Auto
ptd-server 2022-07-21 19:35:11,933 [INFO] Stopping ptd...
