ptd-server 2022-07-21 16:55:27,275 [INFO] Got command from the client 'stop'
ptd-server 2022-07-21 16:55:27,277 [INFO] The server will be stopped after processing this client
ptd-server 2022-07-21 16:55:27,277 [INFO] Sending reply to client 'OK'
ptd-server 2022-07-21 16:55:27,482 [INFO] Got command from the client 'time'
ptd-server 2022-07-21 16:55:27,482 [INFO] Sending reply to client '1658447727.4828155'
ptd-server 2022-07-21 16:55:27,484 [INFO] Got command from the client 'new,,5f32feaf-9c79-4df0-a2d8-61ae5b3c2d49'
ptd-server 2022-07-21 16:55:27,485 [INFO] Sending reply to client 'OK 2022-07-21_16-55-27,b94d2fef-e8da-4c74-8764-43787be7418c'
ptd-server 2022-07-21 16:55:27,692 [INFO] Got command from the client 'time'
ptd-server 2022-07-21 16:55:27,693 [INFO] Sending reply to client '1658447727.6934817'
ptd-server 2022-07-21 16:55:27,694 [INFO] Got command from the client 'session,2022-07-21_16-55-27,start,ranging'
ptd-server 2022-07-21 16:55:27,803 [INFO] Running PTDaemon: ['C:\\PTD\\ptd-windows-x86.exe', '-l', 'C:\\Users\\lab\\AppData\\Local\\Temp\\tmp8ics9y3z\\ptd_logfile.txt', '-p', '8888', '-c', '1,3', '-y', '77', '10.34.232.250']
ptd-server 2022-07-21 16:55:47,999 [INFO] Sending to ptd: 'Hello'
ptd-server 2022-07-21 16:55:48,000 [INFO] Reply from ptd: 'Hello, PTDaemon here!'
ptd-server 2022-07-21 16:55:48,000 [INFO] Sending to ptd: 'Identify'
ptd-server 2022-07-21 16:55:48,002 [INFO] Reply from ptd: 'YokogawaWT330_multichannel,1000,1,1,1,1,0,0,1,version=1.9.2-3976349f-20201208,OS=Windows 8 / Server 2012,mode=power,1,1,2,0,0,no_cal_date,YOKOGAWA;WT333E;C2WA21018V;F1.04'
ptd-server 2022-07-21 16:55:48,002 [INFO] Connected to PTDaemon
ptd-server 2022-07-21 16:55:48,003 [INFO] Sending to ptd: 'RR'
ptd-server 2022-07-21 16:55:48,004 [INFO] Reply from ptd: 'Ranges,0,10.000000,1,300.000000'
ptd-server 2022-07-21 16:55:48,005 [INFO] Initial range for Amps is 10.000000 for Volts is Auto
ptd-server 2022-07-21 16:55:48,006 [INFO] Sending to ptd: 'SR,V,Auto'
ptd-server 2022-07-21 16:55:53,076 [INFO] Reply from ptd: 'Range V changed'
ptd-server 2022-07-21 16:55:53,077 [INFO] Sending to ptd: 'SR,A,Auto'
ptd-server 2022-07-21 16:55:58,152 [INFO] Reply from ptd: 'Range A changed'
ptd-server 2022-07-21 16:56:08,159 [INFO] Starting ranging mode
ptd-server 2022-07-21 16:56:08,174 [INFO] Sending to ptd: 'Go,1000,0,2022-07-21_16-55-27_ranging'
ptd-server 2022-07-21 16:56:08,186 [INFO] Reply from ptd: 'Starting untimed measurement, maximum 500000 samples at 1000ms with 0 rampup samples'
ptd-server 2022-07-21 16:56:08,186 [INFO] Sending reply to client 'OK'
ptd-server 2022-07-21 17:06:58,607 [INFO] Got command from the client 'session,2022-07-21_16-55-27,stop,ranging'
ptd-server 2022-07-21 17:07:08,623 [INFO] Sending to ptd: 'Stop'
ptd-server 2022-07-21 17:07:08,624 [INFO] Reply from ptd: 'Stopping untimed measurement'
ptd-server 2022-07-21 17:07:08,675 [INFO] Sending reply to client 'OK'
ptd-server 2022-07-21 17:07:08,911 [INFO] Got command from the client 'time'
ptd-server 2022-07-21 17:07:08,917 [INFO] Sending reply to client '1658448428.9171894'
ptd-server 2022-07-21 17:07:08,931 [INFO] Got command from the client 'session,2022-07-21_16-55-27,start,testing'
ptd-server 2022-07-21 17:07:08,931 [INFO] Sending to ptd: 'SR,V,209.210000'
ptd-server 2022-07-21 17:07:15,282 [INFO] Reply from ptd: 'Range V changed'
ptd-server 2022-07-21 17:07:15,283 [INFO] Sending to ptd: 'SR,A,5.499900'
ptd-server 2022-07-21 17:07:20,883 [INFO] Reply from ptd: 'Range A changed'
ptd-server 2022-07-21 17:07:30,896 [INFO] Starting testing mode
ptd-server 2022-07-21 17:07:30,919 [INFO] Sending to ptd: 'Go,1000,0,2022-07-21_16-55-27_testing'
ptd-server 2022-07-21 17:07:30,933 [INFO] Reply from ptd: 'Starting untimed measurement, maximum 500000 samples at 1000ms with 0 rampup samples'
ptd-server 2022-07-21 17:07:30,934 [INFO] Sending reply to client 'OK'
ptd-server 2022-07-21 17:18:19,937 [INFO] Got command from the client 'session,2022-07-21_16-55-27,stop,testing'
ptd-server 2022-07-21 17:18:29,953 [INFO] Sending to ptd: 'Stop'
ptd-server 2022-07-21 17:18:29,975 [INFO] Reply from ptd: 'Stopping untimed measurement'
ptd-server 2022-07-21 17:18:29,997 [INFO] Sending reply to client 'OK'
ptd-server 2022-07-21 17:18:30,056 [INFO] Got command from the client 'session,2022-07-21_16-55-27,done'
ptd-server 2022-07-21 17:18:30,057 [INFO] Sending to ptd: 'Stop'
ptd-server 2022-07-21 17:18:30,938 [INFO] Reply from ptd: 'Error: no measurement to stop'
ptd-server 2022-07-21 17:18:30,939 [INFO] Sending to ptd: 'SR,V,Auto'
ptd-server 2022-07-21 17:18:36,026 [INFO] Reply from ptd: 'Range V changed'
ptd-server 2022-07-21 17:18:36,027 [INFO] Sending to ptd: 'SR,A,10.000000'
ptd-server 2022-07-21 17:18:41,613 [INFO] Reply from ptd: 'Range A changed'
ptd-server 2022-07-21 17:18:41,614 [INFO] Set initial values for Amps 10.000000 and Volts Auto
ptd-server 2022-07-21 17:18:41,615 [INFO] Stopping ptd...
