ptd-server 2022-07-21 10:09:03,739 [INFO] Got command from the client 'time'
ptd-server 2022-07-21 10:09:03,739 [INFO] Sending reply to client '1658394543.7397149'
ptd-server 2022-07-21 10:09:03,741 [INFO] Got command from the client 'new,,af653541-925a-4974-9a55-bce1666a525f'
ptd-server 2022-07-21 10:09:03,741 [INFO] Sending reply to client 'OK 2022-07-21_10-09-03,c5b0dcc7-c8a0-4fba-90e2-f1bab8163195'
ptd-server 2022-07-21 10:09:03,771 [INFO] Got command from the client 'time'
ptd-server 2022-07-21 10:09:03,771 [INFO] Sending reply to client '1658394543.7719624'
ptd-server 2022-07-21 10:09:03,773 [INFO] Got command from the client 'session,2022-07-21_10-09-03,start,ranging'
ptd-server 2022-07-21 10:09:03,773 [INFO] Running PTDaemon: ['/home/anton/projects/mlperf/power/inference_v1.0/ptd-linux-x86', '-l', '/tmp/tmp7lgbo8s4/ptd_logfile.txt', '-p', '8888', '49', '/dev/usbtmc0']
ptd-server 2022-07-21 10:09:20,948 [INFO] Sending to ptd: 'Hello'
ptd-server 2022-07-21 10:09:20,949 [INFO] Reply from ptd: 'Hello, PTDaemon here!'
ptd-server 2022-07-21 10:09:20,949 [INFO] Sending to ptd: 'Identify'
ptd-server 2022-07-21 10:09:20,950 [INFO] Reply from ptd: 'YokogawaWT310E,1000,1,1,1,1,0,1,1,version=1.9.2-e8c7a49a-20201208,OS=Linux 5.13.0-52-generic #59~20.04.1-Ubuntu SMP Thu Jun 16 21:21:28 UTC 2022 x86_64,mode=power,1,1,1,0,0,no_cal_date,YOKOGAWA;WT310E;C3XA04010E;F1.04'
ptd-server 2022-07-21 10:09:20,950 [INFO] Connected to PTDaemon
ptd-server 2022-07-21 10:09:20,950 [INFO] Sending to ptd: 'RR'
ptd-server 2022-07-21 10:09:20,950 [INFO] Reply from ptd: 'Ranges,0,0.500000,1,300.000000'
ptd-server 2022-07-21 10:09:20,951 [INFO] Initial range for Amps is 0.500000 for Volts is Auto
ptd-server 2022-07-21 10:09:20,951 [INFO] Sending to ptd: 'SR,V,Auto'
ptd-server 2022-07-21 10:09:21,453 [INFO] Reply from ptd: 'Range V changed'
ptd-server 2022-07-21 10:09:21,453 [INFO] Sending to ptd: 'SR,A,Auto'
ptd-server 2022-07-21 10:09:21,956 [INFO] Reply from ptd: 'Range A changed'
ptd-server 2022-07-21 10:09:31,966 [INFO] Starting ranging mode
ptd-server 2022-07-21 10:09:31,966 [INFO] Sending to ptd: 'Go,1000,0,2022-07-21_10-09-03_ranging'
ptd-server 2022-07-21 10:09:31,967 [INFO] Reply from ptd: 'Starting untimed measurement, maximum 500000 samples at 1000ms with 0 rampup samples'
ptd-server 2022-07-21 10:09:31,967 [INFO] Sending reply to client 'OK'
ptd-server 2022-07-21 10:19:53,240 [INFO] Got command from the client 'session,2022-07-21_10-09-03,stop,ranging'
ptd-server 2022-07-21 10:20:03,251 [INFO] Sending to ptd: 'Stop'
ptd-server 2022-07-21 10:20:03,252 [INFO] Reply from ptd: 'Stopping untimed measurement'
ptd-server 2022-07-21 10:20:03,571 [INFO] Sending reply to client 'OK'
ptd-server 2022-07-21 10:20:03,634 [INFO] Got command from the client 'time'
ptd-server 2022-07-21 10:20:03,634 [INFO] Sending reply to client '1658395203.6344173'
ptd-server 2022-07-21 10:20:03,635 [INFO] Got command from the client 'session,2022-07-21_10-09-03,start,testing'
ptd-server 2022-07-21 10:20:03,635 [INFO] Sending to ptd: 'SR,V,250.320000'
ptd-server 2022-07-21 10:20:05,468 [INFO] Reply from ptd: 'Range V changed'
ptd-server 2022-07-21 10:20:05,468 [INFO] Sending to ptd: 'SR,A,0.070610'
ptd-server 2022-07-21 10:20:06,970 [INFO] Reply from ptd: 'Range A changed'
ptd-server 2022-07-21 10:20:16,980 [INFO] Starting testing mode
ptd-server 2022-07-21 10:20:16,980 [INFO] Sending to ptd: 'Go,1000,0,2022-07-21_10-09-03_testing'
ptd-server 2022-07-21 10:20:16,981 [INFO] Reply from ptd: 'Starting untimed measurement, maximum 500000 samples at 1000ms with 0 rampup samples'
ptd-server 2022-07-21 10:20:16,981 [INFO] Sending reply to client 'OK'
ptd-server 2022-07-21 10:30:38,225 [INFO] Got command from the client 'session,2022-07-21_10-09-03,stop,testing'
ptd-server 2022-07-21 10:30:48,236 [INFO] Sending to ptd: 'Stop'
ptd-server 2022-07-21 10:30:48,236 [INFO] Reply from ptd: 'Stopping untimed measurement'
ptd-server 2022-07-21 10:30:48,412 [INFO] Sending reply to client 'OK'
ptd-server 2022-07-21 10:30:48,420 [INFO] Got command from the client 'session,2022-07-21_10-09-03,done'
ptd-server 2022-07-21 10:30:48,420 [INFO] Sending to ptd: 'Stop'
ptd-server 2022-07-21 10:30:48,981 [INFO] Reply from ptd: 'Error: no measurement to stop'
ptd-server 2022-07-21 10:30:48,981 [INFO] Sending to ptd: 'SR,V,Auto'
ptd-server 2022-07-21 10:30:49,484 [INFO] Reply from ptd: 'Range V changed'
ptd-server 2022-07-21 10:30:49,484 [INFO] Sending to ptd: 'SR,A,0.500000'
ptd-server 2022-07-21 10:30:50,985 [INFO] Reply from ptd: 'Range A changed'
ptd-server 2022-07-21 10:30:50,985 [INFO] Set initial values for Amps 0.500000 and Volts Auto
ptd-server 2022-07-21 10:30:50,986 [INFO] Stopping ptd...
