ptd-server 2022-07-27 01:21:30,231 [INFO] Got command from the client 'time'
ptd-server 2022-07-27 01:21:30,232 [INFO] Sending reply to client '1658902890.2320654'
ptd-server 2022-07-27 01:21:30,232 [INFO] Got command from the client 'new,,42b85085-9608-40e3-84ea-970881209fe3'
ptd-server 2022-07-27 01:21:30,233 [INFO] Sending reply to client 'OK 2022-07-27_01-21-30,ff796fe7-fc89-4fb7-b499-8da6ecf94d37'
ptd-server 2022-07-27 01:21:30,313 [INFO] Got command from the client 'time'
ptd-server 2022-07-27 01:21:30,313 [INFO] Sending reply to client '1658902890.3133364'
ptd-server 2022-07-27 01:21:30,314 [INFO] Got command from the client 'session,2022-07-27_01-21-30,start,ranging'
ptd-server 2022-07-27 01:21:30,315 [INFO] Running PTDaemon: ['/local/mnt/workspace/mlcommons/power-main/inference_v1.0/ptd-linux-x86', '-l', '/tmp/tmp8hy9s8eg/ptd_logfile.txt', '-p', '8886', '49', '/dev/usbtmc0']
ptd-server 2022-07-27 01:21:47,440 [INFO] Sending to ptd: 'Hello'
ptd-server 2022-07-27 01:21:47,441 [INFO] Reply from ptd: 'Hello, PTDaemon here!'
ptd-server 2022-07-27 01:21:47,442 [INFO] Sending to ptd: 'Identify'
ptd-server 2022-07-27 01:21:47,442 [INFO] Reply from ptd: 'YokogawaWT310E,1000,1,1,1,1,0,1,1,version=1.9.2-e8c7a49a-20201208,OS=Linux 5.4.0-105-generic #119~18.04.1-Ubuntu SMP Tue Mar 8 11:21:24 UTC 2022 x86_64,mode=power,1,1,1,0,0,no_cal_date,YOKOGAWA;WT310E;C2XF16030V;F1.04'
ptd-server 2022-07-27 01:21:47,442 [INFO] Connected to PTDaemon
ptd-server 2022-07-27 01:21:47,443 [INFO] Sending to ptd: 'RR'
ptd-server 2022-07-27 01:21:47,443 [INFO] Reply from ptd: 'Ranges,1,2.000000,1,150.000000'
ptd-server 2022-07-27 01:21:47,443 [INFO] Initial range for Amps is Auto for Volts is Auto
ptd-server 2022-07-27 01:21:47,444 [INFO] Sending to ptd: 'SR,V,Auto'
ptd-server 2022-07-27 01:21:47,947 [INFO] Reply from ptd: 'Range V changed'
ptd-server 2022-07-27 01:21:47,947 [INFO] Sending to ptd: 'SR,A,Auto'
ptd-server 2022-07-27 01:21:48,450 [INFO] Reply from ptd: 'Range A changed'
ptd-server 2022-07-27 01:21:58,461 [INFO] Starting ranging mode
ptd-server 2022-07-27 01:21:58,461 [INFO] Sending to ptd: 'Go,1000,0,2022-07-27_01-21-30_ranging'
ptd-server 2022-07-27 01:21:58,462 [INFO] Reply from ptd: 'Starting untimed measurement, maximum 500000 samples at 1000ms with 0 rampup samples'
ptd-server 2022-07-27 01:21:58,462 [INFO] Sending reply to client 'OK'
ptd-server 2022-07-27 01:32:24,933 [INFO] Got command from the client 'session,2022-07-27_01-21-30,stop,ranging'
ptd-server 2022-07-27 01:32:34,944 [INFO] Sending to ptd: 'Stop'
ptd-server 2022-07-27 01:32:34,945 [INFO] Reply from ptd: 'Stopping untimed measurement'
ptd-server 2022-07-27 01:32:34,962 [INFO] Sending reply to client 'OK'
ptd-server 2022-07-27 01:32:35,069 [INFO] Got command from the client 'time'
ptd-server 2022-07-27 01:32:35,070 [INFO] Sending reply to client '1658903555.0700479'
ptd-server 2022-07-27 01:32:35,071 [INFO] Got command from the client 'session,2022-07-27_01-21-30,start,testing'
ptd-server 2022-07-27 01:32:35,071 [INFO] Sending to ptd: 'SR,V,122.220000'
ptd-server 2022-07-27 01:32:36,964 [INFO] Reply from ptd: 'Range V changed'
ptd-server 2022-07-27 01:32:36,964 [INFO] Sending to ptd: 'SR,A,2.029000'
ptd-server 2022-07-27 01:32:38,466 [INFO] Reply from ptd: 'Range A changed'
ptd-server 2022-07-27 01:32:48,473 [INFO] Starting testing mode
ptd-server 2022-07-27 01:32:48,474 [INFO] Sending to ptd: 'Go,1000,0,2022-07-27_01-21-30_testing'
ptd-server 2022-07-27 01:32:48,474 [INFO] Reply from ptd: 'Starting untimed measurement, maximum 500000 samples at 1000ms with 0 rampup samples'
ptd-server 2022-07-27 01:32:48,475 [INFO] Sending reply to client 'OK'
ptd-server 2022-07-27 01:43:14,934 [INFO] Got command from the client 'session,2022-07-27_01-21-30,stop,testing'
ptd-server 2022-07-27 01:43:24,941 [INFO] Sending to ptd: 'Stop'
ptd-server 2022-07-27 01:43:24,942 [INFO] Reply from ptd: 'Stopping untimed measurement'
ptd-server 2022-07-27 01:43:24,950 [INFO] Sending reply to client 'OK'
ptd-server 2022-07-27 01:43:24,956 [INFO] Got command from the client 'session,2022-07-27_01-21-30,done'
ptd-server 2022-07-27 01:43:24,956 [INFO] Sending to ptd: 'Stop'
ptd-server 2022-07-27 01:43:25,475 [INFO] Reply from ptd: 'Error: no measurement to stop'
ptd-server 2022-07-27 01:43:25,476 [INFO] Sending to ptd: 'SR,V,Auto'
ptd-server 2022-07-27 01:43:25,979 [INFO] Reply from ptd: 'Range V changed'
ptd-server 2022-07-27 01:43:25,979 [INFO] Sending to ptd: 'SR,A,Auto'
ptd-server 2022-07-27 01:43:26,482 [INFO] Reply from ptd: 'Range A changed'
ptd-server 2022-07-27 01:43:26,482 [INFO] Set initial values for Amps Auto and Volts Auto
ptd-server 2022-07-27 01:43:26,483 [INFO] Stopping ptd...
