ptd-server 2022-07-26 04:29:14,187 [INFO] Got command from the client 'time'
ptd-server 2022-07-26 04:29:14,187 [INFO] Sending reply to client '1658806154.1874397'
ptd-server 2022-07-26 04:29:14,188 [INFO] Got command from the client 'new,,986d9de7-2501-45ce-8308-443731e45649'
ptd-server 2022-07-26 04:29:14,189 [INFO] Sending reply to client 'OK 2022-07-26_04-29-14,c4595856-4367-4837-9b19-fcba2b0fc1d0'
ptd-server 2022-07-26 04:29:14,219 [INFO] Got command from the client 'time'
ptd-server 2022-07-26 04:29:14,219 [INFO] Sending reply to client '1658806154.2194877'
ptd-server 2022-07-26 04:29:14,220 [INFO] Got command from the client 'session,2022-07-26_04-29-14,start,ranging'
ptd-server 2022-07-26 04:29:14,220 [INFO] Running PTDaemon: ['/home/anton/projects/mlperf/power/inference_v1.0/ptd-linux-x86', '-l', '/tmp/tmp7lgbo8s4/ptd_logfile.txt', '-p', '8888', '49', '/dev/usbtmc0']
ptd-server 2022-07-26 04:29:31,395 [INFO] Sending to ptd: 'Hello'
ptd-server 2022-07-26 04:29:31,396 [INFO] Reply from ptd: 'Hello, PTDaemon here!'
ptd-server 2022-07-26 04:29:31,396 [INFO] Sending to ptd: 'Identify'
ptd-server 2022-07-26 04:29:31,396 [INFO] Reply from ptd: 'YokogawaWT310E,1000,1,1,1,1,0,1,1,version=1.9.2-e8c7a49a-20201208,OS=Linux 5.13.0-52-generic #59~20.04.1-Ubuntu SMP Thu Jun 16 21:21:28 UTC 2022 x86_64,mode=power,1,1,1,0,0,no_cal_date,YOKOGAWA;WT310E;C3XA04010E;F1.04'
ptd-server 2022-07-26 04:29:31,397 [INFO] Connected to PTDaemon
ptd-server 2022-07-26 04:29:31,397 [INFO] Sending to ptd: 'RR'
ptd-server 2022-07-26 04:29:31,397 [INFO] Reply from ptd: 'Ranges,0,0.500000,1,300.000000'
ptd-server 2022-07-26 04:29:31,397 [INFO] Initial range for Amps is 0.500000 for Volts is Auto
ptd-server 2022-07-26 04:29:31,397 [INFO] Sending to ptd: 'SR,V,Auto'
ptd-server 2022-07-26 04:29:31,900 [INFO] Reply from ptd: 'Range V changed'
ptd-server 2022-07-26 04:29:31,900 [INFO] Sending to ptd: 'SR,A,Auto'
ptd-server 2022-07-26 04:29:32,402 [INFO] Reply from ptd: 'Range A changed'
ptd-server 2022-07-26 04:29:42,413 [INFO] Starting ranging mode
ptd-server 2022-07-26 04:29:42,413 [INFO] Sending to ptd: 'Go,1000,0,2022-07-26_04-29-14_ranging'
ptd-server 2022-07-26 04:29:42,413 [INFO] Reply from ptd: 'Starting untimed measurement, maximum 500000 samples at 1000ms with 0 rampup samples'
ptd-server 2022-07-26 04:29:42,413 [INFO] Sending reply to client 'OK'
ptd-server 2022-07-26 04:40:02,833 [INFO] Got command from the client 'session,2022-07-26_04-29-14,stop,ranging'
ptd-server 2022-07-26 04:40:12,843 [INFO] Sending to ptd: 'Stop'
ptd-server 2022-07-26 04:40:12,844 [INFO] Reply from ptd: 'Stopping untimed measurement'
ptd-server 2022-07-26 04:40:13,679 [INFO] Sending reply to client 'OK'
ptd-server 2022-07-26 04:40:13,721 [INFO] Got command from the client 'time'
ptd-server 2022-07-26 04:40:13,721 [INFO] Sending reply to client '1658806813.7214725'
ptd-server 2022-07-26 04:40:13,722 [INFO] Got command from the client 'session,2022-07-26_04-29-14,start,testing'
ptd-server 2022-07-26 04:40:13,722 [INFO] Sending to ptd: 'SR,V,251.020000'
ptd-server 2022-07-26 04:40:15,224 [INFO] Reply from ptd: 'Range V changed'
ptd-server 2022-07-26 04:40:15,224 [INFO] Sending to ptd: 'SR,A,0.053320'
ptd-server 2022-07-26 04:40:16,725 [INFO] Reply from ptd: 'Range A changed'
ptd-server 2022-07-26 04:40:26,736 [INFO] Starting testing mode
ptd-server 2022-07-26 04:40:26,736 [INFO] Sending to ptd: 'Go,1000,0,2022-07-26_04-29-14_testing'
ptd-server 2022-07-26 04:40:26,736 [INFO] Reply from ptd: 'Starting untimed measurement, maximum 500000 samples at 1000ms with 0 rampup samples'
ptd-server 2022-07-26 04:40:26,736 [INFO] Sending reply to client 'OK'
ptd-server 2022-07-26 04:50:47,207 [INFO] Got command from the client 'session,2022-07-26_04-29-14,stop,testing'
ptd-server 2022-07-26 04:50:57,217 [INFO] Sending to ptd: 'Stop'
ptd-server 2022-07-26 04:50:57,218 [INFO] Reply from ptd: 'Stopping untimed measurement'
ptd-server 2022-07-26 04:50:57,648 [INFO] Sending reply to client 'OK'
ptd-server 2022-07-26 04:50:57,656 [INFO] Got command from the client 'session,2022-07-26_04-29-14,done'
ptd-server 2022-07-26 04:50:57,656 [INFO] Sending to ptd: 'Stop'
ptd-server 2022-07-26 04:50:57,736 [INFO] Reply from ptd: 'Error: no measurement to stop'
ptd-server 2022-07-26 04:50:57,737 [INFO] Sending to ptd: 'SR,V,Auto'
ptd-server 2022-07-26 04:50:58,239 [INFO] Reply from ptd: 'Range V changed'
ptd-server 2022-07-26 04:50:58,239 [INFO] Sending to ptd: 'SR,A,0.500000'
ptd-server 2022-07-26 04:50:59,741 [INFO] Reply from ptd: 'Range A changed'
ptd-server 2022-07-26 04:50:59,741 [INFO] Set initial values for Amps 0.500000 and Volts Auto
ptd-server 2022-07-26 04:50:59,741 [INFO] Stopping ptd...
