ptd-server 2022-07-23 11:37:00,521 [INFO] Got command from the client 'time'
ptd-server 2022-07-23 11:37:00,522 [INFO] Sending reply to client '1658572620.5219886'
ptd-server 2022-07-23 11:37:00,523 [INFO] Got command from the client 'new,,278bd2d7-1f6f-4583-bfc0-1cf6183d116d'
ptd-server 2022-07-23 11:37:00,523 [INFO] Sending reply to client 'OK 2022-07-23_11-37-00,8c9b0991-6baf-48d8-ba28-0b033bc7466d'
ptd-server 2022-07-23 11:37:00,551 [INFO] Got command from the client 'time'
ptd-server 2022-07-23 11:37:00,551 [INFO] Sending reply to client '1658572620.5518763'
ptd-server 2022-07-23 11:37:00,553 [INFO] Got command from the client 'session,2022-07-23_11-37-00,start,ranging'
ptd-server 2022-07-23 11:37:00,553 [INFO] Running PTDaemon: ['/home/anton/projects/mlperf/power/inference_v1.0/ptd-linux-x86', '-l', '/tmp/tmp7lgbo8s4/ptd_logfile.txt', '-p', '8888', '49', '/dev/usbtmc0']
ptd-server 2022-07-23 11:37:17,727 [INFO] Sending to ptd: 'Hello'
ptd-server 2022-07-23 11:37:17,728 [INFO] Reply from ptd: 'Hello, PTDaemon here!'
ptd-server 2022-07-23 11:37:17,728 [INFO] Sending to ptd: 'Identify'
ptd-server 2022-07-23 11:37:17,728 [INFO] Reply from ptd: 'YokogawaWT310E,1000,1,1,1,1,0,1,1,version=1.9.2-e8c7a49a-20201208,OS=Linux 5.13.0-52-generic #59~20.04.1-Ubuntu SMP Thu Jun 16 21:21:28 UTC 2022 x86_64,mode=power,1,1,1,0,0,no_cal_date,YOKOGAWA;WT310E;C3XA04010E;F1.04'
ptd-server 2022-07-23 11:37:17,728 [INFO] Connected to PTDaemon
ptd-server 2022-07-23 11:37:17,729 [INFO] Sending to ptd: 'RR'
ptd-server 2022-07-23 11:37:17,729 [INFO] Reply from ptd: 'Ranges,0,0.500000,1,300.000000'
ptd-server 2022-07-23 11:37:17,729 [INFO] Initial range for Amps is 0.500000 for Volts is Auto
ptd-server 2022-07-23 11:37:17,729 [INFO] Sending to ptd: 'SR,V,Auto'
ptd-server 2022-07-23 11:37:18,232 [INFO] Reply from ptd: 'Range V changed'
ptd-server 2022-07-23 11:37:18,232 [INFO] Sending to ptd: 'SR,A,Auto'
ptd-server 2022-07-23 11:37:18,734 [INFO] Reply from ptd: 'Range A changed'
ptd-server 2022-07-23 11:37:28,745 [INFO] Starting ranging mode
ptd-server 2022-07-23 11:37:28,745 [INFO] Sending to ptd: 'Go,1000,0,2022-07-23_11-37-00_ranging'
ptd-server 2022-07-23 11:37:28,745 [INFO] Reply from ptd: 'Starting untimed measurement, maximum 500000 samples at 1000ms with 0 rampup samples'
ptd-server 2022-07-23 11:37:28,745 [INFO] Sending reply to client 'OK'
ptd-server 2022-07-23 11:47:45,241 [INFO] Got command from the client 'session,2022-07-23_11-37-00,stop,ranging'
ptd-server 2022-07-23 11:47:55,252 [INFO] Sending to ptd: 'Stop'
ptd-server 2022-07-23 11:47:55,252 [INFO] Reply from ptd: 'Stopping untimed measurement'
ptd-server 2022-07-23 11:47:55,819 [INFO] Sending reply to client 'OK'
ptd-server 2022-07-23 11:47:55,861 [INFO] Got command from the client 'time'
ptd-server 2022-07-23 11:47:55,862 [INFO] Sending reply to client '1658573275.8620563'
ptd-server 2022-07-23 11:47:55,863 [INFO] Got command from the client 'session,2022-07-23_11-37-00,start,testing'
ptd-server 2022-07-23 11:47:55,863 [INFO] Sending to ptd: 'SR,V,249.500000'
ptd-server 2022-07-23 11:47:57,364 [INFO] Reply from ptd: 'Range V changed'
ptd-server 2022-07-23 11:47:57,364 [INFO] Sending to ptd: 'SR,A,0.060750'
ptd-server 2022-07-23 11:47:58,866 [INFO] Reply from ptd: 'Range A changed'
ptd-server 2022-07-23 11:48:08,876 [INFO] Starting testing mode
ptd-server 2022-07-23 11:48:08,876 [INFO] Sending to ptd: 'Go,1000,0,2022-07-23_11-37-00_testing'
ptd-server 2022-07-23 11:48:08,876 [INFO] Reply from ptd: 'Starting untimed measurement, maximum 500000 samples at 1000ms with 0 rampup samples'
ptd-server 2022-07-23 11:48:08,877 [INFO] Sending reply to client 'OK'
ptd-server 2022-07-23 11:58:25,315 [INFO] Got command from the client 'session,2022-07-23_11-37-00,stop,testing'
ptd-server 2022-07-23 11:58:35,326 [INFO] Sending to ptd: 'Stop'
ptd-server 2022-07-23 11:58:35,326 [INFO] Reply from ptd: 'Stopping untimed measurement'
ptd-server 2022-07-23 11:58:35,614 [INFO] Sending reply to client 'OK'
ptd-server 2022-07-23 11:58:35,622 [INFO] Got command from the client 'session,2022-07-23_11-37-00,done'
ptd-server 2022-07-23 11:58:35,622 [INFO] Sending to ptd: 'Stop'
ptd-server 2022-07-23 11:58:35,876 [INFO] Reply from ptd: 'Error: no measurement to stop'
ptd-server 2022-07-23 11:58:35,877 [INFO] Sending to ptd: 'SR,V,Auto'
ptd-server 2022-07-23 11:58:36,379 [INFO] Reply from ptd: 'Range V changed'
ptd-server 2022-07-23 11:58:36,379 [INFO] Sending to ptd: 'SR,A,0.500000'
ptd-server 2022-07-23 11:58:37,881 [INFO] Reply from ptd: 'Range A changed'
ptd-server 2022-07-23 11:58:37,881 [INFO] Set initial values for Amps 0.500000 and Volts Auto
ptd-server 2022-07-23 11:58:37,881 [INFO] Stopping ptd...
