ptd-server 2022-07-31 04:00:32,912 [INFO] Got command from the client 'time'
ptd-server 2022-07-31 04:00:32,912 [INFO] Sending reply to client '1659236432.9127128'
ptd-server 2022-07-31 04:00:32,913 [INFO] Got command from the client 'new,,7e59d805-1f0c-402d-9bf0-025adb62132b'
ptd-server 2022-07-31 04:00:32,914 [INFO] Sending reply to client 'OK 2022-07-31_04-00-32,b6d6cc8b-aa8e-452d-b4be-4e118df3df81'
ptd-server 2022-07-31 04:00:32,941 [INFO] Got command from the client 'time'
ptd-server 2022-07-31 04:00:32,941 [INFO] Sending reply to client '1659236432.9414322'
ptd-server 2022-07-31 04:00:32,942 [INFO] Got command from the client 'session,2022-07-31_04-00-32,start,ranging'
ptd-server 2022-07-31 04:00:32,942 [INFO] Running PTDaemon: ['/home/anton/projects/mlperf/power/inference_v1.0/ptd-linux-x86', '-l', '/tmp/tmp7lgbo8s4/ptd_logfile.txt', '-p', '8888', '49', '/dev/usbtmc0']
ptd-server 2022-07-31 04:00:50,115 [INFO] Sending to ptd: 'Hello'
ptd-server 2022-07-31 04:00:50,116 [INFO] Reply from ptd: 'Hello, PTDaemon here!'
ptd-server 2022-07-31 04:00:50,116 [INFO] Sending to ptd: 'Identify'
ptd-server 2022-07-31 04:00:50,116 [INFO] Reply from ptd: 'YokogawaWT310E,1000,1,1,1,1,0,1,1,version=1.9.2-e8c7a49a-20201208,OS=Linux 5.13.0-52-generic #59~20.04.1-Ubuntu SMP Thu Jun 16 21:21:28 UTC 2022 x86_64,mode=power,1,1,1,0,0,no_cal_date,YOKOGAWA;WT310E;C3XA04010E;F1.04'
ptd-server 2022-07-31 04:00:50,117 [INFO] Connected to PTDaemon
ptd-server 2022-07-31 04:00:50,117 [INFO] Sending to ptd: 'RR'
ptd-server 2022-07-31 04:00:50,117 [INFO] Reply from ptd: 'Ranges,0,0.500000,1,300.000000'
ptd-server 2022-07-31 04:00:50,117 [INFO] Initial range for Amps is 0.500000 for Volts is Auto
ptd-server 2022-07-31 04:00:50,117 [INFO] Sending to ptd: 'SR,V,Auto'
ptd-server 2022-07-31 04:00:50,620 [INFO] Reply from ptd: 'Range V changed'
ptd-server 2022-07-31 04:00:50,620 [INFO] Sending to ptd: 'SR,A,Auto'
ptd-server 2022-07-31 04:00:51,122 [INFO] Reply from ptd: 'Range A changed'
ptd-server 2022-07-31 04:01:01,133 [INFO] Starting ranging mode
ptd-server 2022-07-31 04:01:01,133 [INFO] Sending to ptd: 'Go,1000,0,2022-07-31_04-00-32_ranging'
ptd-server 2022-07-31 04:01:01,133 [INFO] Reply from ptd: 'Starting untimed measurement, maximum 500000 samples at 1000ms with 0 rampup samples'
ptd-server 2022-07-31 04:01:01,134 [INFO] Sending reply to client 'OK'
ptd-server 2022-07-31 04:11:16,195 [INFO] Got command from the client 'session,2022-07-31_04-00-32,stop,ranging'
ptd-server 2022-07-31 04:11:26,198 [INFO] Sending to ptd: 'Stop'
ptd-server 2022-07-31 04:11:26,198 [INFO] Reply from ptd: 'Stopping untimed measurement'
ptd-server 2022-07-31 04:11:27,473 [INFO] Sending reply to client 'OK'
ptd-server 2022-07-31 04:11:27,521 [INFO] Got command from the client 'time'
ptd-server 2022-07-31 04:11:27,521 [INFO] Sending reply to client '1659237087.5219338'
ptd-server 2022-07-31 04:11:27,523 [INFO] Got command from the client 'session,2022-07-31_04-00-32,start,testing'
ptd-server 2022-07-31 04:11:27,523 [INFO] Sending to ptd: 'SR,V,250.430000'
ptd-server 2022-07-31 04:11:29,024 [INFO] Reply from ptd: 'Range V changed'
ptd-server 2022-07-31 04:11:29,025 [INFO] Sending to ptd: 'SR,A,0.208450'
ptd-server 2022-07-31 04:11:30,526 [INFO] Reply from ptd: 'Range A changed'
ptd-server 2022-07-31 04:11:40,536 [INFO] Starting testing mode
ptd-server 2022-07-31 04:11:40,537 [INFO] Sending to ptd: 'Go,1000,0,2022-07-31_04-00-32_testing'
ptd-server 2022-07-31 04:11:40,537 [INFO] Reply from ptd: 'Starting untimed measurement, maximum 500000 samples at 1000ms with 0 rampup samples'
ptd-server 2022-07-31 04:11:40,537 [INFO] Sending reply to client 'OK'
ptd-server 2022-07-31 04:21:51,841 [INFO] Got command from the client 'session,2022-07-31_04-00-32,stop,testing'
ptd-server 2022-07-31 04:22:01,851 [INFO] Sending to ptd: 'Stop'
ptd-server 2022-07-31 04:22:01,852 [INFO] Reply from ptd: 'Stopping untimed measurement'
ptd-server 2022-07-31 04:22:02,504 [INFO] Sending reply to client 'OK'
ptd-server 2022-07-31 04:22:02,519 [INFO] Got command from the client 'session,2022-07-31_04-00-32,done'
ptd-server 2022-07-31 04:22:02,519 [INFO] Sending to ptd: 'Stop'
ptd-server 2022-07-31 04:22:02,538 [INFO] Reply from ptd: 'Error: no measurement to stop'
ptd-server 2022-07-31 04:22:02,538 [INFO] Sending to ptd: 'SR,V,Auto'
ptd-server 2022-07-31 04:22:03,040 [INFO] Reply from ptd: 'Range V changed'
ptd-server 2022-07-31 04:22:03,040 [INFO] Sending to ptd: 'SR,A,0.500000'
ptd-server 2022-07-31 04:22:04,542 [INFO] Reply from ptd: 'Range A changed'
ptd-server 2022-07-31 04:22:04,542 [INFO] Set initial values for Amps 0.500000 and Volts Auto
ptd-server 2022-07-31 04:22:04,542 [INFO] Stopping ptd...
