ptd-server 2022-08-02 11:30:35,403 [INFO] Got command from the client 'time'
ptd-server 2022-08-02 11:30:35,403 [INFO] Sending reply to client '1659436235.4036925'
ptd-server 2022-08-02 11:30:35,404 [INFO] Got command from the client 'new,,1940aebf-056d-4c20-ad8a-4f39a35c46e4'
ptd-server 2022-08-02 11:30:35,405 [INFO] Sending reply to client 'OK 2022-08-02_11-30-35,a29a6d6d-76c2-443f-8f43-a1d83e234909'
ptd-server 2022-08-02 11:30:35,433 [INFO] Got command from the client 'time'
ptd-server 2022-08-02 11:30:35,433 [INFO] Sending reply to client '1659436235.4337335'
ptd-server 2022-08-02 11:30:35,435 [INFO] Got command from the client 'session,2022-08-02_11-30-35,start,ranging'
ptd-server 2022-08-02 11:30:35,435 [INFO] Running PTDaemon: ['/home/anton/projects/mlperf/power/inference_v1.0/ptd-linux-x86', '-l', '/tmp/tmp7lgbo8s4/ptd_logfile.txt', '-p', '8888', '49', '/dev/usbtmc0']
ptd-server 2022-08-02 11:30:52,603 [INFO] Sending to ptd: 'Hello'
ptd-server 2022-08-02 11:30:52,604 [INFO] Reply from ptd: 'Hello, PTDaemon here!'
ptd-server 2022-08-02 11:30:52,604 [INFO] Sending to ptd: 'Identify'
ptd-server 2022-08-02 11:30:52,605 [INFO] Reply from ptd: 'YokogawaWT310E,1000,1,1,1,1,0,1,1,version=1.9.2-e8c7a49a-20201208,OS=Linux 5.13.0-52-generic #59~20.04.1-Ubuntu SMP Thu Jun 16 21:21:28 UTC 2022 x86_64,mode=power,1,1,1,0,0,no_cal_date,YOKOGAWA;WT310E;C3XA04010E;F1.04'
ptd-server 2022-08-02 11:30:52,605 [INFO] Connected to PTDaemon
ptd-server 2022-08-02 11:30:52,605 [INFO] Sending to ptd: 'RR'
ptd-server 2022-08-02 11:30:52,605 [INFO] Reply from ptd: 'Ranges,0,0.500000,1,300.000000'
ptd-server 2022-08-02 11:30:52,605 [INFO] Initial range for Amps is 0.500000 for Volts is Auto
ptd-server 2022-08-02 11:30:52,605 [INFO] Sending to ptd: 'SR,V,Auto'
ptd-server 2022-08-02 11:30:53,108 [INFO] Reply from ptd: 'Range V changed'
ptd-server 2022-08-02 11:30:53,108 [INFO] Sending to ptd: 'SR,A,Auto'
ptd-server 2022-08-02 11:30:53,611 [INFO] Reply from ptd: 'Range A changed'
ptd-server 2022-08-02 11:31:03,619 [INFO] Starting ranging mode
ptd-server 2022-08-02 11:31:03,619 [INFO] Sending to ptd: 'Go,1000,0,2022-08-02_11-30-35_ranging'
ptd-server 2022-08-02 11:31:03,620 [INFO] Reply from ptd: 'Starting untimed measurement, maximum 500000 samples at 1000ms with 0 rampup samples'
ptd-server 2022-08-02 11:31:03,620 [INFO] Sending reply to client 'OK'
ptd-server 2022-08-02 11:41:15,230 [INFO] Got command from the client 'session,2022-08-02_11-30-35,stop,ranging'
ptd-server 2022-08-02 11:41:25,241 [INFO] Sending to ptd: 'Stop'
ptd-server 2022-08-02 11:41:25,241 [INFO] Reply from ptd: 'Stopping untimed measurement'
ptd-server 2022-08-02 11:41:26,936 [INFO] Sending reply to client 'OK'
ptd-server 2022-08-02 11:41:26,988 [INFO] Got command from the client 'time'
ptd-server 2022-08-02 11:41:26,988 [INFO] Sending reply to client '1659436886.9881947'
ptd-server 2022-08-02 11:41:26,989 [INFO] Got command from the client 'session,2022-08-02_11-30-35,start,testing'
ptd-server 2022-08-02 11:41:26,989 [INFO] Sending to ptd: 'SR,V,249.700000'
ptd-server 2022-08-02 11:41:28,490 [INFO] Reply from ptd: 'Range V changed'
ptd-server 2022-08-02 11:41:28,491 [INFO] Sending to ptd: 'SR,A,0.209250'
ptd-server 2022-08-02 11:41:29,992 [INFO] Reply from ptd: 'Range A changed'
ptd-server 2022-08-02 11:41:40,002 [INFO] Starting testing mode
ptd-server 2022-08-02 11:41:40,002 [INFO] Sending to ptd: 'Go,1000,0,2022-08-02_11-30-35_testing'
ptd-server 2022-08-02 11:41:40,003 [INFO] Reply from ptd: 'Starting untimed measurement, maximum 500000 samples at 1000ms with 0 rampup samples'
ptd-server 2022-08-02 11:41:40,003 [INFO] Sending reply to client 'OK'
ptd-server 2022-08-02 11:51:51,565 [INFO] Got command from the client 'session,2022-08-02_11-30-35,stop,testing'
ptd-server 2022-08-02 11:52:01,575 [INFO] Sending to ptd: 'Stop'
ptd-server 2022-08-02 11:52:01,576 [INFO] Reply from ptd: 'Stopping untimed measurement'
ptd-server 2022-08-02 11:52:02,344 [INFO] Sending reply to client 'OK'
ptd-server 2022-08-02 11:52:02,358 [INFO] Got command from the client 'session,2022-08-02_11-30-35,done'
ptd-server 2022-08-02 11:52:02,358 [INFO] Sending to ptd: 'Stop'
ptd-server 2022-08-02 11:52:02,359 [INFO] Reply from ptd: 'Error: no measurement to stop'
ptd-server 2022-08-02 11:52:02,359 [INFO] Sending to ptd: 'SR,V,Auto'
ptd-server 2022-08-02 11:52:02,861 [INFO] Reply from ptd: 'Range V changed'
ptd-server 2022-08-02 11:52:02,861 [INFO] Sending to ptd: 'SR,A,0.500000'
ptd-server 2022-08-02 11:52:04,363 [INFO] Reply from ptd: 'Range A changed'
ptd-server 2022-08-02 11:52:04,363 [INFO] Set initial values for Amps 0.500000 and Volts Auto
ptd-server 2022-08-02 11:52:04,363 [INFO] Stopping ptd...
