ptd-server 2022-08-02 00:21:14,849 [INFO] Got command from the client 'time'
ptd-server 2022-08-02 00:21:14,849 [INFO] Sending reply to client '1659396074.8498907'
ptd-server 2022-08-02 00:21:14,850 [INFO] Got command from the client 'new,,4b1ff4f6-ad7f-4a9a-8919-f77ea6a09cb0'
ptd-server 2022-08-02 00:21:14,851 [INFO] Sending reply to client 'OK 2022-08-02_00-21-14,fce7bef3-9a06-4efb-b8cc-19f01e2bd2d6'
ptd-server 2022-08-02 00:21:14,879 [INFO] Got command from the client 'time'
ptd-server 2022-08-02 00:21:14,880 [INFO] Sending reply to client '1659396074.8800428'
ptd-server 2022-08-02 00:21:14,881 [INFO] Got command from the client 'session,2022-08-02_00-21-14,start,ranging'
ptd-server 2022-08-02 00:21:14,881 [INFO] Running PTDaemon: ['/home/anton/projects/mlperf/power/inference_v1.0/ptd-linux-x86', '-l', '/tmp/tmp7lgbo8s4/ptd_logfile.txt', '-p', '8888', '49', '/dev/usbtmc0']
ptd-server 2022-08-02 00:21:32,055 [INFO] Sending to ptd: 'Hello'
ptd-server 2022-08-02 00:21:32,056 [INFO] Reply from ptd: 'Hello, PTDaemon here!'
ptd-server 2022-08-02 00:21:32,056 [INFO] Sending to ptd: 'Identify'
ptd-server 2022-08-02 00:21:32,056 [INFO] Reply from ptd: 'YokogawaWT310E,1000,1,1,1,1,0,1,1,version=1.9.2-e8c7a49a-20201208,OS=Linux 5.13.0-52-generic #59~20.04.1-Ubuntu SMP Thu Jun 16 21:21:28 UTC 2022 x86_64,mode=power,1,1,1,0,0,no_cal_date,YOKOGAWA;WT310E;C3XA04010E;F1.04'
ptd-server 2022-08-02 00:21:32,056 [INFO] Connected to PTDaemon
ptd-server 2022-08-02 00:21:32,056 [INFO] Sending to ptd: 'RR'
ptd-server 2022-08-02 00:21:32,057 [INFO] Reply from ptd: 'Ranges,0,0.500000,1,300.000000'
ptd-server 2022-08-02 00:21:32,057 [INFO] Initial range for Amps is 0.500000 for Volts is Auto
ptd-server 2022-08-02 00:21:32,057 [INFO] Sending to ptd: 'SR,V,Auto'
ptd-server 2022-08-02 00:21:32,559 [INFO] Reply from ptd: 'Range V changed'
ptd-server 2022-08-02 00:21:32,560 [INFO] Sending to ptd: 'SR,A,Auto'
ptd-server 2022-08-02 00:21:33,062 [INFO] Reply from ptd: 'Range A changed'
ptd-server 2022-08-02 00:21:43,072 [INFO] Starting ranging mode
ptd-server 2022-08-02 00:21:43,073 [INFO] Sending to ptd: 'Go,1000,0,2022-08-02_00-21-14_ranging'
ptd-server 2022-08-02 00:21:43,073 [INFO] Reply from ptd: 'Starting untimed measurement, maximum 500000 samples at 1000ms with 0 rampup samples'
ptd-server 2022-08-02 00:21:43,073 [INFO] Sending reply to client 'OK'
ptd-server 2022-08-02 00:31:54,417 [INFO] Got command from the client 'session,2022-08-02_00-21-14,stop,ranging'
ptd-server 2022-08-02 00:32:04,427 [INFO] Sending to ptd: 'Stop'
ptd-server 2022-08-02 00:32:04,428 [INFO] Reply from ptd: 'Stopping untimed measurement'
ptd-server 2022-08-02 00:32:05,892 [INFO] Sending reply to client 'OK'
ptd-server 2022-08-02 00:32:05,936 [INFO] Got command from the client 'time'
ptd-server 2022-08-02 00:32:05,936 [INFO] Sending reply to client '1659396725.936301'
ptd-server 2022-08-02 00:32:05,937 [INFO] Got command from the client 'session,2022-08-02_00-21-14,start,testing'
ptd-server 2022-08-02 00:32:05,937 [INFO] Sending to ptd: 'SR,V,250.570000'
ptd-server 2022-08-02 00:32:07,439 [INFO] Reply from ptd: 'Range V changed'
ptd-server 2022-08-02 00:32:07,439 [INFO] Sending to ptd: 'SR,A,0.221230'
ptd-server 2022-08-02 00:32:08,940 [INFO] Reply from ptd: 'Range A changed'
ptd-server 2022-08-02 00:32:18,951 [INFO] Starting testing mode
ptd-server 2022-08-02 00:32:18,951 [INFO] Sending to ptd: 'Go,1000,0,2022-08-02_00-21-14_testing'
ptd-server 2022-08-02 00:32:18,951 [INFO] Reply from ptd: 'Starting untimed measurement, maximum 500000 samples at 1000ms with 0 rampup samples'
ptd-server 2022-08-02 00:32:18,951 [INFO] Sending reply to client 'OK'
ptd-server 2022-08-02 00:42:30,298 [INFO] Got command from the client 'session,2022-08-02_00-21-14,stop,testing'
ptd-server 2022-08-02 00:42:40,308 [INFO] Sending to ptd: 'Stop'
ptd-server 2022-08-02 00:42:40,309 [INFO] Reply from ptd: 'Stopping untimed measurement'
ptd-server 2022-08-02 00:42:41,048 [INFO] Sending reply to client 'OK'
ptd-server 2022-08-02 00:42:41,058 [INFO] Got command from the client 'session,2022-08-02_00-21-14,done'
ptd-server 2022-08-02 00:42:41,058 [INFO] Sending to ptd: 'Stop'
ptd-server 2022-08-02 00:42:41,058 [INFO] Reply from ptd: 'Error: no measurement to stop'
ptd-server 2022-08-02 00:42:41,058 [INFO] Sending to ptd: 'SR,V,Auto'
ptd-server 2022-08-02 00:42:41,561 [INFO] Reply from ptd: 'Range V changed'
ptd-server 2022-08-02 00:42:41,561 [INFO] Sending to ptd: 'SR,A,0.500000'
ptd-server 2022-08-02 00:42:43,062 [INFO] Reply from ptd: 'Range A changed'
ptd-server 2022-08-02 00:42:43,062 [INFO] Set initial values for Amps 0.500000 and Volts Auto
ptd-server 2022-08-02 00:42:43,063 [INFO] Stopping ptd...
