ptd-server 2022-07-31 04:53:46,502 [INFO] Got command from the client 'time'
ptd-server 2022-07-31 04:53:46,502 [INFO] Sending reply to client '1659261226.5026257'
ptd-server 2022-07-31 04:53:46,503 [INFO] Got command from the client 'new,,5ccecb98-edcc-4fcd-8c7c-d58f4a7c33b0'
ptd-server 2022-07-31 04:53:46,504 [INFO] Sending reply to client 'OK 2022-07-31_04-53-46,b98f7848-ae2a-46f9-bbd1-bdbd5d83e84d'
ptd-server 2022-07-31 04:53:46,653 [INFO] Got command from the client 'time'
ptd-server 2022-07-31 04:53:46,653 [INFO] Sending reply to client '1659261226.6532907'
ptd-server 2022-07-31 04:53:46,654 [INFO] Got command from the client 'session,2022-07-31_04-53-46,start,ranging'
ptd-server 2022-07-31 04:53:46,654 [INFO] Running PTDaemon: ['/local/mnt/workspace/mlcommons/power-main/inference_v1.0/ptd-linux-x86', '-l', '/tmp/tmp2fo0zny1/ptd_logfile.txt', '-p', '8888', '-c', '1', '52', '/dev/usbtmc0']
ptd-server 2022-07-31 04:54:03,780 [INFO] Sending to ptd: 'Hello'
ptd-server 2022-07-31 04:54:03,781 [INFO] Reply from ptd: 'Hello, PTDaemon here!'
ptd-server 2022-07-31 04:54:03,781 [INFO] Sending to ptd: 'Identify'
ptd-server 2022-07-31 04:54:03,782 [INFO] Reply from ptd: 'YokogawaWT330E,1000,1,1,1,1,0,0,1,version=1.9.2-e8c7a49a-20201208,OS=Linux 5.4.0-105-generic #119~18.04.1-Ubuntu SMP Tue Mar 8 11:21:24 UTC 2022 x86_64,mode=power,1,1,1,0,0,no_cal_date,YOKOGAWA;WT333E;C2XC17005V;F1.04'
ptd-server 2022-07-31 04:54:03,782 [INFO] Connected to PTDaemon
ptd-server 2022-07-31 04:54:03,782 [INFO] Sending to ptd: 'RR'
ptd-server 2022-07-31 04:54:03,782 [INFO] Reply from ptd: 'Ranges,1,2.000000,1,150.000000'
ptd-server 2022-07-31 04:54:03,782 [INFO] Initial range for Amps is Auto for Volts is Auto
ptd-server 2022-07-31 04:54:03,783 [INFO] Sending to ptd: 'SR,V,Auto'
ptd-server 2022-07-31 04:54:04,286 [INFO] Reply from ptd: 'Range V changed'
ptd-server 2022-07-31 04:54:04,286 [INFO] Sending to ptd: 'SR,A,Auto'
ptd-server 2022-07-31 04:54:04,789 [INFO] Reply from ptd: 'Range A changed'
ptd-server 2022-07-31 04:54:14,800 [INFO] Starting ranging mode
ptd-server 2022-07-31 04:54:14,800 [INFO] Sending to ptd: 'Go,1000,0,2022-07-31_04-53-46_ranging'
ptd-server 2022-07-31 04:54:14,801 [INFO] Reply from ptd: 'Starting untimed measurement, maximum 500000 samples at 1000ms with 0 rampup samples'
ptd-server 2022-07-31 04:54:14,801 [INFO] Sending reply to client 'OK'
ptd-server 2022-07-31 05:06:00,319 [INFO] Got command from the client 'session,2022-07-31_04-53-46,stop,ranging'
ptd-server 2022-07-31 05:06:10,320 [INFO] Sending to ptd: 'Stop'
ptd-server 2022-07-31 05:06:10,321 [INFO] Reply from ptd: 'Stopping untimed measurement'
ptd-server 2022-07-31 05:06:10,346 [INFO] Sending reply to client 'OK'
ptd-server 2022-07-31 05:06:10,498 [INFO] Got command from the client 'time'
ptd-server 2022-07-31 05:06:10,498 [INFO] Sending reply to client '1659261970.4982708'
ptd-server 2022-07-31 05:06:10,499 [INFO] Got command from the client 'session,2022-07-31_04-53-46,start,testing'
ptd-server 2022-07-31 05:06:10,499 [INFO] Sending to ptd: 'SR,V,123.240000'
ptd-server 2022-07-31 05:06:12,304 [INFO] Reply from ptd: 'Range V changed'
ptd-server 2022-07-31 05:06:12,304 [INFO] Sending to ptd: 'SR,A,1.653100'
ptd-server 2022-07-31 05:06:13,806 [INFO] Reply from ptd: 'Range A changed'
ptd-server 2022-07-31 05:06:23,817 [INFO] Starting testing mode
ptd-server 2022-07-31 05:06:23,817 [INFO] Sending to ptd: 'Go,1000,0,2022-07-31_04-53-46_testing'
ptd-server 2022-07-31 05:06:23,818 [INFO] Reply from ptd: 'Starting untimed measurement, maximum 500000 samples at 1000ms with 0 rampup samples'
ptd-server 2022-07-31 05:06:23,818 [INFO] Sending reply to client 'OK'
ptd-server 2022-07-31 05:18:08,804 [INFO] Got command from the client 'session,2022-07-31_04-53-46,stop,testing'
ptd-server 2022-07-31 05:18:18,814 [INFO] Sending to ptd: 'Stop'
ptd-server 2022-07-31 05:18:18,815 [INFO] Reply from ptd: 'Stopping untimed measurement'
ptd-server 2022-07-31 05:18:18,828 [INFO] Sending reply to client 'OK'
ptd-server 2022-07-31 05:18:18,832 [INFO] Got command from the client 'session,2022-07-31_04-53-46,done'
ptd-server 2022-07-31 05:18:18,832 [INFO] Sending to ptd: 'Stop'
ptd-server 2022-07-31 05:18:18,832 [INFO] Reply from ptd: 'Error: no measurement to stop'
ptd-server 2022-07-31 05:18:18,832 [INFO] Sending to ptd: 'SR,V,Auto'
ptd-server 2022-07-31 05:18:19,335 [INFO] Reply from ptd: 'Range V changed'
ptd-server 2022-07-31 05:18:19,335 [INFO] Sending to ptd: 'SR,A,Auto'
ptd-server 2022-07-31 05:18:19,839 [INFO] Reply from ptd: 'Range A changed'
ptd-server 2022-07-31 05:18:19,839 [INFO] Set initial values for Amps Auto and Volts Auto
ptd-server 2022-07-31 05:18:19,839 [INFO] Stopping ptd...
