ptd-server 2022-07-25 22:29:26,262 [INFO] Got command from the client 'time'
ptd-server 2022-07-25 22:29:26,263 [INFO] Sending reply to client '1658784566.26298'
ptd-server 2022-07-25 22:29:26,263 [INFO] Got command from the client 'new,,5f474be6-036f-4bdf-9de0-8ab28b972957'
ptd-server 2022-07-25 22:29:26,264 [INFO] Sending reply to client 'OK 2022-07-25_22-29-26,d07df97d-6572-48f7-a141-1d3556bce2e4'
ptd-server 2022-07-25 22:29:26,292 [INFO] Got command from the client 'time'
ptd-server 2022-07-25 22:29:26,293 [INFO] Sending reply to client '1658784566.292979'
ptd-server 2022-07-25 22:29:26,294 [INFO] Got command from the client 'session,2022-07-25_22-29-26,start,ranging'
ptd-server 2022-07-25 22:29:26,294 [INFO] Running PTDaemon: ['/home/anton/projects/mlperf/power/inference_v1.0/ptd-linux-x86', '-l', '/tmp/tmp7lgbo8s4/ptd_logfile.txt', '-p', '8888', '49', '/dev/usbtmc0']
ptd-server 2022-07-25 22:29:43,468 [INFO] Sending to ptd: 'Hello'
ptd-server 2022-07-25 22:29:43,469 [INFO] Reply from ptd: 'Hello, PTDaemon here!'
ptd-server 2022-07-25 22:29:43,469 [INFO] Sending to ptd: 'Identify'
ptd-server 2022-07-25 22:29:43,470 [INFO] Reply from ptd: 'YokogawaWT310E,1000,1,1,1,1,0,1,1,version=1.9.2-e8c7a49a-20201208,OS=Linux 5.13.0-52-generic #59~20.04.1-Ubuntu SMP Thu Jun 16 21:21:28 UTC 2022 x86_64,mode=power,1,1,1,0,0,no_cal_date,YOKOGAWA;WT310E;C3XA04010E;F1.04'
ptd-server 2022-07-25 22:29:43,470 [INFO] Connected to PTDaemon
ptd-server 2022-07-25 22:29:43,470 [INFO] Sending to ptd: 'RR'
ptd-server 2022-07-25 22:29:43,470 [INFO] Reply from ptd: 'Ranges,0,0.500000,1,300.000000'
ptd-server 2022-07-25 22:29:43,470 [INFO] Initial range for Amps is 0.500000 for Volts is Auto
ptd-server 2022-07-25 22:29:43,470 [INFO] Sending to ptd: 'SR,V,Auto'
ptd-server 2022-07-25 22:29:43,973 [INFO] Reply from ptd: 'Range V changed'
ptd-server 2022-07-25 22:29:43,973 [INFO] Sending to ptd: 'SR,A,Auto'
ptd-server 2022-07-25 22:29:44,476 [INFO] Reply from ptd: 'Range A changed'
ptd-server 2022-07-25 22:29:54,486 [INFO] Starting ranging mode
ptd-server 2022-07-25 22:29:54,486 [INFO] Sending to ptd: 'Go,1000,0,2022-07-25_22-29-26_ranging'
ptd-server 2022-07-25 22:29:54,486 [INFO] Reply from ptd: 'Starting untimed measurement, maximum 500000 samples at 1000ms with 0 rampup samples'
ptd-server 2022-07-25 22:29:54,487 [INFO] Sending reply to client 'OK'
ptd-server 2022-07-25 22:40:14,040 [INFO] Got command from the client 'session,2022-07-25_22-29-26,stop,ranging'
ptd-server 2022-07-25 22:40:24,050 [INFO] Sending to ptd: 'Stop'
ptd-server 2022-07-25 22:40:24,051 [INFO] Reply from ptd: 'Stopping untimed measurement'
ptd-server 2022-07-25 22:40:24,857 [INFO] Sending reply to client 'OK'
ptd-server 2022-07-25 22:40:24,899 [INFO] Got command from the client 'time'
ptd-server 2022-07-25 22:40:24,899 [INFO] Sending reply to client '1658785224.8998008'
ptd-server 2022-07-25 22:40:24,900 [INFO] Got command from the client 'session,2022-07-25_22-29-26,start,testing'
ptd-server 2022-07-25 22:40:24,900 [INFO] Sending to ptd: 'SR,V,251.550000'
ptd-server 2022-07-25 22:40:26,402 [INFO] Reply from ptd: 'Range V changed'
ptd-server 2022-07-25 22:40:26,402 [INFO] Sending to ptd: 'SR,A,0.060710'
ptd-server 2022-07-25 22:40:27,903 [INFO] Reply from ptd: 'Range A changed'
ptd-server 2022-07-25 22:40:37,914 [INFO] Starting testing mode
ptd-server 2022-07-25 22:40:37,914 [INFO] Sending to ptd: 'Go,1000,0,2022-07-25_22-29-26_testing'
ptd-server 2022-07-25 22:40:37,914 [INFO] Reply from ptd: 'Starting untimed measurement, maximum 500000 samples at 1000ms with 0 rampup samples'
ptd-server 2022-07-25 22:40:37,914 [INFO] Sending reply to client 'OK'
ptd-server 2022-07-25 22:50:54,335 [INFO] Got command from the client 'session,2022-07-25_22-29-26,stop,testing'
ptd-server 2022-07-25 22:51:04,345 [INFO] Sending to ptd: 'Stop'
ptd-server 2022-07-25 22:51:04,346 [INFO] Reply from ptd: 'Stopping untimed measurement'
ptd-server 2022-07-25 22:51:04,758 [INFO] Sending reply to client 'OK'
ptd-server 2022-07-25 22:51:04,766 [INFO] Got command from the client 'session,2022-07-25_22-29-26,done'
ptd-server 2022-07-25 22:51:04,766 [INFO] Sending to ptd: 'Stop'
ptd-server 2022-07-25 22:51:04,915 [INFO] Reply from ptd: 'Error: no measurement to stop'
ptd-server 2022-07-25 22:51:04,915 [INFO] Sending to ptd: 'SR,V,Auto'
ptd-server 2022-07-25 22:51:05,417 [INFO] Reply from ptd: 'Range V changed'
ptd-server 2022-07-25 22:51:05,417 [INFO] Sending to ptd: 'SR,A,0.500000'
ptd-server 2022-07-25 22:51:06,919 [INFO] Reply from ptd: 'Range A changed'
ptd-server 2022-07-25 22:51:06,919 [INFO] Set initial values for Amps 0.500000 and Volts Auto
ptd-server 2022-07-25 22:51:06,919 [INFO] Stopping ptd...
