ptd-server 2022-07-21 06:29:54,521 [INFO] Got command from the client 'time'
ptd-server 2022-07-21 06:29:54,522 [INFO] Sending reply to client '1658381394.5220666'
ptd-server 2022-07-21 06:29:54,523 [INFO] Got command from the client 'new,,927825de-fdc2-4243-973c-7f19a34d3293'
ptd-server 2022-07-21 06:29:54,523 [INFO] Sending reply to client 'OK 2022-07-21_06-29-54,e6834726-da39-4a3c-8ecf-0022c677aa2b'
ptd-server 2022-07-21 06:29:54,551 [INFO] Got command from the client 'time'
ptd-server 2022-07-21 06:29:54,551 [INFO] Sending reply to client '1658381394.5518906'
ptd-server 2022-07-21 06:29:54,552 [INFO] Got command from the client 'session,2022-07-21_06-29-54,start,ranging'
ptd-server 2022-07-21 06:29:54,553 [INFO] Running PTDaemon: ['/home/anton/projects/mlperf/power/inference_v1.0/ptd-linux-x86', '-l', '/tmp/tmp7lgbo8s4/ptd_logfile.txt', '-p', '8888', '49', '/dev/usbtmc0']
ptd-server 2022-07-21 06:30:11,726 [INFO] Sending to ptd: 'Hello'
ptd-server 2022-07-21 06:30:11,727 [INFO] Reply from ptd: 'Hello, PTDaemon here!'
ptd-server 2022-07-21 06:30:11,727 [INFO] Sending to ptd: 'Identify'
ptd-server 2022-07-21 06:30:11,727 [INFO] Reply from ptd: 'YokogawaWT310E,1000,1,1,1,1,0,1,1,version=1.9.2-e8c7a49a-20201208,OS=Linux 5.13.0-52-generic #59~20.04.1-Ubuntu SMP Thu Jun 16 21:21:28 UTC 2022 x86_64,mode=power,1,1,1,0,0,no_cal_date,YOKOGAWA;WT310E;C3XA04010E;F1.04'
ptd-server 2022-07-21 06:30:11,727 [INFO] Connected to PTDaemon
ptd-server 2022-07-21 06:30:11,728 [INFO] Sending to ptd: 'RR'
ptd-server 2022-07-21 06:30:11,728 [INFO] Reply from ptd: 'Ranges,0,0.500000,1,300.000000'
ptd-server 2022-07-21 06:30:11,728 [INFO] Initial range for Amps is 0.500000 for Volts is Auto
ptd-server 2022-07-21 06:30:11,728 [INFO] Sending to ptd: 'SR,V,Auto'
ptd-server 2022-07-21 06:30:12,231 [INFO] Reply from ptd: 'Range V changed'
ptd-server 2022-07-21 06:30:12,231 [INFO] Sending to ptd: 'SR,A,Auto'
ptd-server 2022-07-21 06:30:12,733 [INFO] Reply from ptd: 'Range A changed'
ptd-server 2022-07-21 06:30:22,743 [INFO] Starting ranging mode
ptd-server 2022-07-21 06:30:22,744 [INFO] Sending to ptd: 'Go,1000,0,2022-07-21_06-29-54_ranging'
ptd-server 2022-07-21 06:30:22,744 [INFO] Reply from ptd: 'Starting untimed measurement, maximum 500000 samples at 1000ms with 0 rampup samples'
ptd-server 2022-07-21 06:30:22,744 [INFO] Sending reply to client 'OK'
ptd-server 2022-07-21 06:40:43,881 [INFO] Got command from the client 'session,2022-07-21_06-29-54,stop,ranging'
ptd-server 2022-07-21 06:40:53,891 [INFO] Sending to ptd: 'Stop'
ptd-server 2022-07-21 06:40:53,892 [INFO] Reply from ptd: 'Stopping untimed measurement'
ptd-server 2022-07-21 06:40:54,202 [INFO] Sending reply to client 'OK'
ptd-server 2022-07-21 06:40:54,238 [INFO] Got command from the client 'time'
ptd-server 2022-07-21 06:40:54,238 [INFO] Sending reply to client '1658382054.238845'
ptd-server 2022-07-21 06:40:54,240 [INFO] Got command from the client 'session,2022-07-21_06-29-54,start,testing'
ptd-server 2022-07-21 06:40:54,240 [INFO] Sending to ptd: 'SR,V,249.450000'
ptd-server 2022-07-21 06:40:56,246 [INFO] Reply from ptd: 'Range V changed'
ptd-server 2022-07-21 06:40:56,246 [INFO] Sending to ptd: 'SR,A,0.072850'
ptd-server 2022-07-21 06:40:57,747 [INFO] Reply from ptd: 'Range A changed'
ptd-server 2022-07-21 06:41:07,758 [INFO] Starting testing mode
ptd-server 2022-07-21 06:41:07,758 [INFO] Sending to ptd: 'Go,1000,0,2022-07-21_06-29-54_testing'
ptd-server 2022-07-21 06:41:07,758 [INFO] Reply from ptd: 'Starting untimed measurement, maximum 500000 samples at 1000ms with 0 rampup samples'
ptd-server 2022-07-21 06:41:07,758 [INFO] Sending reply to client 'OK'
ptd-server 2022-07-21 06:51:28,741 [INFO] Got command from the client 'session,2022-07-21_06-29-54,stop,testing'
ptd-server 2022-07-21 06:51:38,751 [INFO] Sending to ptd: 'Stop'
ptd-server 2022-07-21 06:51:38,752 [INFO] Reply from ptd: 'Stopping untimed measurement'
ptd-server 2022-07-21 06:51:38,921 [INFO] Sending reply to client 'OK'
ptd-server 2022-07-21 06:51:38,929 [INFO] Got command from the client 'session,2022-07-21_06-29-54,done'
ptd-server 2022-07-21 06:51:38,929 [INFO] Sending to ptd: 'Stop'
ptd-server 2022-07-21 06:51:38,929 [INFO] Reply from ptd: 'Error: no measurement to stop'
ptd-server 2022-07-21 06:51:38,929 [INFO] Sending to ptd: 'SR,V,Auto'
ptd-server 2022-07-21 06:51:39,432 [INFO] Reply from ptd: 'Range V changed'
ptd-server 2022-07-21 06:51:39,432 [INFO] Sending to ptd: 'SR,A,0.500000'
ptd-server 2022-07-21 06:51:40,933 [INFO] Reply from ptd: 'Range A changed'
ptd-server 2022-07-21 06:51:40,934 [INFO] Set initial values for Amps 0.500000 and Volts Auto
ptd-server 2022-07-21 06:51:40,934 [INFO] Stopping ptd...
