ptd-server 2022-08-01 05:00:52,266 [INFO] Got command from the client 'time'
ptd-server 2022-08-01 05:00:52,266 [INFO] Sending reply to client '1659326452.2664082'
ptd-server 2022-08-01 05:00:52,267 [INFO] Got command from the client 'new,,ee665445-991e-4f8d-b27b-b625e47b9fac'
ptd-server 2022-08-01 05:00:52,267 [INFO] Sending reply to client 'OK 2022-08-01_05-00-52,7159d757-89a6-468c-8f72-b8b5dab80c7e'
ptd-server 2022-08-01 05:00:52,296 [INFO] Got command from the client 'time'
ptd-server 2022-08-01 05:00:52,296 [INFO] Sending reply to client '1659326452.2964096'
ptd-server 2022-08-01 05:00:52,297 [INFO] Got command from the client 'session,2022-08-01_05-00-52,start,ranging'
ptd-server 2022-08-01 05:00:52,297 [INFO] Running PTDaemon: ['/home/anton/projects/mlperf/power/inference_v1.0/ptd-linux-x86', '-l', '/tmp/tmp7lgbo8s4/ptd_logfile.txt', '-p', '8888', '49', '/dev/usbtmc0']
ptd-server 2022-08-01 05:01:09,470 [INFO] Sending to ptd: 'Hello'
ptd-server 2022-08-01 05:01:09,471 [INFO] Reply from ptd: 'Hello, PTDaemon here!'
ptd-server 2022-08-01 05:01:09,471 [INFO] Sending to ptd: 'Identify'
ptd-server 2022-08-01 05:01:09,471 [INFO] Reply from ptd: 'YokogawaWT310E,1000,1,1,1,1,0,1,1,version=1.9.2-e8c7a49a-20201208,OS=Linux 5.13.0-52-generic #59~20.04.1-Ubuntu SMP Thu Jun 16 21:21:28 UTC 2022 x86_64,mode=power,1,1,1,0,0,no_cal_date,YOKOGAWA;WT310E;C3XA04010E;F1.04'
ptd-server 2022-08-01 05:01:09,472 [INFO] Connected to PTDaemon
ptd-server 2022-08-01 05:01:09,472 [INFO] Sending to ptd: 'RR'
ptd-server 2022-08-01 05:01:09,472 [INFO] Reply from ptd: 'Ranges,0,0.500000,1,300.000000'
ptd-server 2022-08-01 05:01:09,472 [INFO] Initial range for Amps is 0.500000 for Volts is Auto
ptd-server 2022-08-01 05:01:09,472 [INFO] Sending to ptd: 'SR,V,Auto'
ptd-server 2022-08-01 05:01:09,975 [INFO] Reply from ptd: 'Range V changed'
ptd-server 2022-08-01 05:01:09,975 [INFO] Sending to ptd: 'SR,A,Auto'
ptd-server 2022-08-01 05:01:10,477 [INFO] Reply from ptd: 'Range A changed'
ptd-server 2022-08-01 05:01:20,487 [INFO] Starting ranging mode
ptd-server 2022-08-01 05:01:20,487 [INFO] Sending to ptd: 'Go,1000,0,2022-08-01_05-00-52_ranging'
ptd-server 2022-08-01 05:01:20,488 [INFO] Reply from ptd: 'Starting untimed measurement, maximum 500000 samples at 1000ms with 0 rampup samples'
ptd-server 2022-08-01 05:01:20,488 [INFO] Sending reply to client 'OK'
ptd-server 2022-08-01 05:11:43,484 [INFO] Got command from the client 'session,2022-08-01_05-00-52,stop,ranging'
ptd-server 2022-08-01 05:11:53,494 [INFO] Sending to ptd: 'Stop'
ptd-server 2022-08-01 05:11:53,495 [INFO] Reply from ptd: 'Stopping untimed measurement'
ptd-server 2022-08-01 05:11:54,849 [INFO] Sending reply to client 'OK'
ptd-server 2022-08-01 05:11:54,898 [INFO] Got command from the client 'time'
ptd-server 2022-08-01 05:11:54,898 [INFO] Sending reply to client '1659327114.8985412'
ptd-server 2022-08-01 05:11:54,899 [INFO] Got command from the client 'session,2022-08-01_05-00-52,start,testing'
ptd-server 2022-08-01 05:11:54,900 [INFO] Sending to ptd: 'SR,V,251.150000'
ptd-server 2022-08-01 05:11:56,401 [INFO] Reply from ptd: 'Range V changed'
ptd-server 2022-08-01 05:11:56,401 [INFO] Sending to ptd: 'SR,A,0.253670'
ptd-server 2022-08-01 05:11:57,903 [INFO] Reply from ptd: 'Range A changed'
ptd-server 2022-08-01 05:12:07,913 [INFO] Starting testing mode
ptd-server 2022-08-01 05:12:07,913 [INFO] Sending to ptd: 'Go,1000,0,2022-08-01_05-00-52_testing'
ptd-server 2022-08-01 05:12:07,913 [INFO] Reply from ptd: 'Starting untimed measurement, maximum 500000 samples at 1000ms with 0 rampup samples'
ptd-server 2022-08-01 05:12:07,913 [INFO] Sending reply to client 'OK'
ptd-server 2022-08-01 05:22:22,109 [INFO] Got command from the client 'session,2022-08-01_05-00-52,stop,testing'
ptd-server 2022-08-01 05:22:32,120 [INFO] Sending to ptd: 'Stop'
ptd-server 2022-08-01 05:22:32,120 [INFO] Reply from ptd: 'Stopping untimed measurement'
ptd-server 2022-08-01 05:22:32,806 [INFO] Sending reply to client 'OK'
ptd-server 2022-08-01 05:22:32,820 [INFO] Got command from the client 'session,2022-08-01_05-00-52,done'
ptd-server 2022-08-01 05:22:32,820 [INFO] Sending to ptd: 'Stop'
ptd-server 2022-08-01 05:22:32,913 [INFO] Reply from ptd: 'Error: no measurement to stop'
ptd-server 2022-08-01 05:22:32,913 [INFO] Sending to ptd: 'SR,V,Auto'
ptd-server 2022-08-01 05:22:33,416 [INFO] Reply from ptd: 'Range V changed'
ptd-server 2022-08-01 05:22:33,416 [INFO] Sending to ptd: 'SR,A,0.500000'
ptd-server 2022-08-01 05:22:34,918 [INFO] Reply from ptd: 'Range A changed'
ptd-server 2022-08-01 05:22:34,918 [INFO] Set initial values for Amps 0.500000 and Volts Auto
ptd-server 2022-08-01 05:22:34,918 [INFO] Stopping ptd...
