ptd-server 2022-07-21 22:51:14,037 [INFO] Got command from the client 'time'
ptd-server 2022-07-21 22:51:14,038 [INFO] Sending reply to client '1658440274.0380673'
ptd-server 2022-07-21 22:51:14,039 [INFO] Got command from the client 'new,,88ff2e3a-cef9-4e34-a02d-1f011a1f767d'
ptd-server 2022-07-21 22:51:14,039 [INFO] Sending reply to client 'OK 2022-07-21_22-51-14,38ca6ffe-1e4a-4a86-af64-7574e0549c02'
ptd-server 2022-07-21 22:51:14,077 [INFO] Got command from the client 'time'
ptd-server 2022-07-21 22:51:14,078 [INFO] Sending reply to client '1658440274.0780969'
ptd-server 2022-07-21 22:51:14,079 [INFO] Got command from the client 'session,2022-07-21_22-51-14,start,ranging'
ptd-server 2022-07-21 22:51:14,079 [INFO] Running PTDaemon: ['/home/anton/projects/mlperf/power/inference_v1.0/ptd-linux-x86', '-l', '/tmp/tmp7lgbo8s4/ptd_logfile.txt', '-p', '8888', '49', '/dev/usbtmc0']
ptd-server 2022-07-21 22:51:31,253 [INFO] Sending to ptd: 'Hello'
ptd-server 2022-07-21 22:51:31,253 [INFO] Reply from ptd: 'Hello, PTDaemon here!'
ptd-server 2022-07-21 22:51:31,253 [INFO] Sending to ptd: 'Identify'
ptd-server 2022-07-21 22:51:31,254 [INFO] Reply from ptd: 'YokogawaWT310E,1000,1,1,1,1,0,1,1,version=1.9.2-e8c7a49a-20201208,OS=Linux 5.13.0-52-generic #59~20.04.1-Ubuntu SMP Thu Jun 16 21:21:28 UTC 2022 x86_64,mode=power,1,1,1,0,0,no_cal_date,YOKOGAWA;WT310E;C3XA04010E;F1.04'
ptd-server 2022-07-21 22:51:31,254 [INFO] Connected to PTDaemon
ptd-server 2022-07-21 22:51:31,254 [INFO] Sending to ptd: 'RR'
ptd-server 2022-07-21 22:51:31,254 [INFO] Reply from ptd: 'Ranges,0,0.500000,1,300.000000'
ptd-server 2022-07-21 22:51:31,255 [INFO] Initial range for Amps is 0.500000 for Volts is Auto
ptd-server 2022-07-21 22:51:31,255 [INFO] Sending to ptd: 'SR,V,Auto'
ptd-server 2022-07-21 22:51:31,757 [INFO] Reply from ptd: 'Range V changed'
ptd-server 2022-07-21 22:51:31,757 [INFO] Sending to ptd: 'SR,A,Auto'
ptd-server 2022-07-21 22:51:32,260 [INFO] Reply from ptd: 'Range A changed'
ptd-server 2022-07-21 22:51:42,270 [INFO] Starting ranging mode
ptd-server 2022-07-21 22:51:42,270 [INFO] Sending to ptd: 'Go,1000,0,2022-07-21_22-51-14_ranging'
ptd-server 2022-07-21 22:51:42,271 [INFO] Reply from ptd: 'Starting untimed measurement, maximum 500000 samples at 1000ms with 0 rampup samples'
ptd-server 2022-07-21 22:51:42,271 [INFO] Sending reply to client 'OK'
ptd-server 2022-07-21 23:02:07,552 [INFO] Got command from the client 'session,2022-07-21_22-51-14,stop,ranging'
ptd-server 2022-07-21 23:02:17,562 [INFO] Sending to ptd: 'Stop'
ptd-server 2022-07-21 23:02:17,563 [INFO] Reply from ptd: 'Stopping untimed measurement'
ptd-server 2022-07-21 23:02:17,937 [INFO] Sending reply to client 'OK'
ptd-server 2022-07-21 23:02:17,993 [INFO] Got command from the client 'time'
ptd-server 2022-07-21 23:02:17,993 [INFO] Sending reply to client '1658440937.993247'
ptd-server 2022-07-21 23:02:17,994 [INFO] Got command from the client 'session,2022-07-21_22-51-14,start,testing'
ptd-server 2022-07-21 23:02:17,994 [INFO] Sending to ptd: 'SR,V,250.020000'
ptd-server 2022-07-21 23:02:19,773 [INFO] Reply from ptd: 'Range V changed'
ptd-server 2022-07-21 23:02:19,773 [INFO] Sending to ptd: 'SR,A,0.073520'
ptd-server 2022-07-21 23:02:21,274 [INFO] Reply from ptd: 'Range A changed'
ptd-server 2022-07-21 23:02:31,284 [INFO] Starting testing mode
ptd-server 2022-07-21 23:02:31,285 [INFO] Sending to ptd: 'Go,1000,0,2022-07-21_22-51-14_testing'
ptd-server 2022-07-21 23:02:31,285 [INFO] Reply from ptd: 'Starting untimed measurement, maximum 500000 samples at 1000ms with 0 rampup samples'
ptd-server 2022-07-21 23:02:31,285 [INFO] Sending reply to client 'OK'
ptd-server 2022-07-21 23:12:52,314 [INFO] Got command from the client 'session,2022-07-21_22-51-14,stop,testing'
ptd-server 2022-07-21 23:13:02,324 [INFO] Sending to ptd: 'Stop'
ptd-server 2022-07-21 23:13:02,325 [INFO] Reply from ptd: 'Stopping untimed measurement'
ptd-server 2022-07-21 23:13:02,524 [INFO] Sending reply to client 'OK'
ptd-server 2022-07-21 23:13:02,532 [INFO] Got command from the client 'session,2022-07-21_22-51-14,done'
ptd-server 2022-07-21 23:13:02,532 [INFO] Sending to ptd: 'Stop'
ptd-server 2022-07-21 23:13:03,286 [INFO] Reply from ptd: 'Error: no measurement to stop'
ptd-server 2022-07-21 23:13:03,286 [INFO] Sending to ptd: 'SR,V,Auto'
ptd-server 2022-07-21 23:13:03,789 [INFO] Reply from ptd: 'Range V changed'
ptd-server 2022-07-21 23:13:03,789 [INFO] Sending to ptd: 'SR,A,0.500000'
ptd-server 2022-07-21 23:13:05,290 [INFO] Reply from ptd: 'Range A changed'
ptd-server 2022-07-21 23:13:05,290 [INFO] Set initial values for Amps 0.500000 and Volts Auto
ptd-server 2022-07-21 23:13:05,290 [INFO] Stopping ptd...
