ptd-server 2022-07-23 15:36:18,625 [INFO] Got command from the client 'time'
ptd-server 2022-07-23 15:36:18,625 [INFO] Sending reply to client '1658586978.6253152'
ptd-server 2022-07-23 15:36:18,626 [INFO] Got command from the client 'new,,22f27eec-e495-495a-a15a-5f3dccb2eeda'
ptd-server 2022-07-23 15:36:18,627 [INFO] Sending reply to client 'OK 2022-07-23_15-36-18,300da110-195e-4410-997c-ea58da885d6f'
ptd-server 2022-07-23 15:36:18,655 [INFO] Got command from the client 'time'
ptd-server 2022-07-23 15:36:18,655 [INFO] Sending reply to client '1658586978.6551666'
ptd-server 2022-07-23 15:36:18,656 [INFO] Got command from the client 'session,2022-07-23_15-36-18,start,ranging'
ptd-server 2022-07-23 15:36:18,656 [INFO] Running PTDaemon: ['/home/anton/projects/mlperf/power/inference_v1.0/ptd-linux-x86', '-l', '/tmp/tmp7lgbo8s4/ptd_logfile.txt', '-p', '8888', '49', '/dev/usbtmc0']
ptd-server 2022-07-23 15:36:35,831 [INFO] Sending to ptd: 'Hello'
ptd-server 2022-07-23 15:36:35,831 [INFO] Reply from ptd: 'Hello, PTDaemon here!'
ptd-server 2022-07-23 15:36:35,832 [INFO] Sending to ptd: 'Identify'
ptd-server 2022-07-23 15:36:35,832 [INFO] Reply from ptd: 'YokogawaWT310E,1000,1,1,1,1,0,1,1,version=1.9.2-e8c7a49a-20201208,OS=Linux 5.13.0-52-generic #59~20.04.1-Ubuntu SMP Thu Jun 16 21:21:28 UTC 2022 x86_64,mode=power,1,1,1,0,0,no_cal_date,YOKOGAWA;WT310E;C3XA04010E;F1.04'
ptd-server 2022-07-23 15:36:35,832 [INFO] Connected to PTDaemon
ptd-server 2022-07-23 15:36:35,832 [INFO] Sending to ptd: 'RR'
ptd-server 2022-07-23 15:36:35,833 [INFO] Reply from ptd: 'Ranges,0,0.500000,1,300.000000'
ptd-server 2022-07-23 15:36:35,833 [INFO] Initial range for Amps is 0.500000 for Volts is Auto
ptd-server 2022-07-23 15:36:35,833 [INFO] Sending to ptd: 'SR,V,Auto'
ptd-server 2022-07-23 15:36:36,335 [INFO] Reply from ptd: 'Range V changed'
ptd-server 2022-07-23 15:36:36,336 [INFO] Sending to ptd: 'SR,A,Auto'
ptd-server 2022-07-23 15:36:36,838 [INFO] Reply from ptd: 'Range A changed'
ptd-server 2022-07-23 15:36:46,848 [INFO] Starting ranging mode
ptd-server 2022-07-23 15:36:46,848 [INFO] Sending to ptd: 'Go,1000,0,2022-07-23_15-36-18_ranging'
ptd-server 2022-07-23 15:36:46,849 [INFO] Reply from ptd: 'Starting untimed measurement, maximum 500000 samples at 1000ms with 0 rampup samples'
ptd-server 2022-07-23 15:36:46,849 [INFO] Sending reply to client 'OK'
ptd-server 2022-07-23 15:47:03,469 [INFO] Got command from the client 'session,2022-07-23_15-36-18,stop,ranging'
ptd-server 2022-07-23 15:47:13,479 [INFO] Sending to ptd: 'Stop'
ptd-server 2022-07-23 15:47:13,480 [INFO] Reply from ptd: 'Stopping untimed measurement'
ptd-server 2022-07-23 15:47:14,069 [INFO] Sending reply to client 'OK'
ptd-server 2022-07-23 15:47:14,112 [INFO] Got command from the client 'time'
ptd-server 2022-07-23 15:47:14,112 [INFO] Sending reply to client '1658587634.1126275'
ptd-server 2022-07-23 15:47:14,113 [INFO] Got command from the client 'session,2022-07-23_15-36-18,start,testing'
ptd-server 2022-07-23 15:47:14,113 [INFO] Sending to ptd: 'SR,V,251.620000'
ptd-server 2022-07-23 15:47:15,615 [INFO] Reply from ptd: 'Range V changed'
ptd-server 2022-07-23 15:47:15,615 [INFO] Sending to ptd: 'SR,A,0.060800'
ptd-server 2022-07-23 15:47:17,116 [INFO] Reply from ptd: 'Range A changed'
ptd-server 2022-07-23 15:47:27,126 [INFO] Starting testing mode
ptd-server 2022-07-23 15:47:27,127 [INFO] Sending to ptd: 'Go,1000,0,2022-07-23_15-36-18_testing'
ptd-server 2022-07-23 15:47:27,127 [INFO] Reply from ptd: 'Starting untimed measurement, maximum 500000 samples at 1000ms with 0 rampup samples'
ptd-server 2022-07-23 15:47:27,127 [INFO] Sending reply to client 'OK'
ptd-server 2022-07-23 15:57:43,612 [INFO] Got command from the client 'session,2022-07-23_15-36-18,stop,testing'
ptd-server 2022-07-23 15:57:53,622 [INFO] Sending to ptd: 'Stop'
ptd-server 2022-07-23 15:57:53,622 [INFO] Reply from ptd: 'Stopping untimed measurement'
ptd-server 2022-07-23 15:57:53,925 [INFO] Sending reply to client 'OK'
ptd-server 2022-07-23 15:57:53,933 [INFO] Got command from the client 'session,2022-07-23_15-36-18,done'
ptd-server 2022-07-23 15:57:53,933 [INFO] Sending to ptd: 'Stop'
ptd-server 2022-07-23 15:57:54,127 [INFO] Reply from ptd: 'Error: no measurement to stop'
ptd-server 2022-07-23 15:57:54,128 [INFO] Sending to ptd: 'SR,V,Auto'
ptd-server 2022-07-23 15:57:54,630 [INFO] Reply from ptd: 'Range V changed'
ptd-server 2022-07-23 15:57:54,630 [INFO] Sending to ptd: 'SR,A,0.500000'
ptd-server 2022-07-23 15:57:56,132 [INFO] Reply from ptd: 'Range A changed'
ptd-server 2022-07-23 15:57:56,132 [INFO] Set initial values for Amps 0.500000 and Volts Auto
ptd-server 2022-07-23 15:57:56,132 [INFO] Stopping ptd...
