ptd-server 2022-08-01 14:49:46,650 [INFO] Got command from the client 'time'
ptd-server 2022-08-01 14:49:46,650 [INFO] Sending reply to client '1659361786.6504529'
ptd-server 2022-08-01 14:49:46,651 [INFO] Got command from the client 'new,,933ecfa9-6698-4395-87ce-9c5063c1a979'
ptd-server 2022-08-01 14:49:46,652 [INFO] Sending reply to client 'OK 2022-08-01_14-49-46,e0f8964e-ab12-4491-bf97-023f0e67265b'
ptd-server 2022-08-01 14:49:46,690 [INFO] Got command from the client 'time'
ptd-server 2022-08-01 14:49:46,690 [INFO] Sending reply to client '1659361786.690376'
ptd-server 2022-08-01 14:49:46,691 [INFO] Got command from the client 'session,2022-08-01_14-49-46,start,ranging'
ptd-server 2022-08-01 14:49:46,691 [INFO] Running PTDaemon: ['/home/anton/projects/mlperf/power/inference_v1.0/ptd-linux-x86', '-l', '/tmp/tmp7lgbo8s4/ptd_logfile.txt', '-p', '8888', '49', '/dev/usbtmc0']
ptd-server 2022-08-01 14:50:03,866 [INFO] Sending to ptd: 'Hello'
ptd-server 2022-08-01 14:50:03,866 [INFO] Reply from ptd: 'Hello, PTDaemon here!'
ptd-server 2022-08-01 14:50:03,866 [INFO] Sending to ptd: 'Identify'
ptd-server 2022-08-01 14:50:03,867 [INFO] Reply from ptd: 'YokogawaWT310E,1000,1,1,1,1,0,1,1,version=1.9.2-e8c7a49a-20201208,OS=Linux 5.13.0-52-generic #59~20.04.1-Ubuntu SMP Thu Jun 16 21:21:28 UTC 2022 x86_64,mode=power,1,1,1,0,0,no_cal_date,YOKOGAWA;WT310E;C3XA04010E;F1.04'
ptd-server 2022-08-01 14:50:03,867 [INFO] Connected to PTDaemon
ptd-server 2022-08-01 14:50:03,867 [INFO] Sending to ptd: 'RR'
ptd-server 2022-08-01 14:50:03,867 [INFO] Reply from ptd: 'Ranges,0,0.500000,1,300.000000'
ptd-server 2022-08-01 14:50:03,868 [INFO] Initial range for Amps is 0.500000 for Volts is Auto
ptd-server 2022-08-01 14:50:03,868 [INFO] Sending to ptd: 'SR,V,Auto'
ptd-server 2022-08-01 14:50:04,370 [INFO] Reply from ptd: 'Range V changed'
ptd-server 2022-08-01 14:50:04,370 [INFO] Sending to ptd: 'SR,A,Auto'
ptd-server 2022-08-01 14:50:04,873 [INFO] Reply from ptd: 'Range A changed'
ptd-server 2022-08-01 14:50:14,883 [INFO] Starting ranging mode
ptd-server 2022-08-01 14:50:14,883 [INFO] Sending to ptd: 'Go,1000,0,2022-08-01_14-49-46_ranging'
ptd-server 2022-08-01 14:50:14,884 [INFO] Reply from ptd: 'Starting untimed measurement, maximum 500000 samples at 1000ms with 0 rampup samples'
ptd-server 2022-08-01 14:50:14,884 [INFO] Sending reply to client 'OK'
ptd-server 2022-08-01 15:01:10,207 [INFO] Got command from the client 'session,2022-08-01_14-49-46,stop,ranging'
ptd-server 2022-08-01 15:01:20,218 [INFO] Sending to ptd: 'Stop'
ptd-server 2022-08-01 15:01:20,218 [INFO] Reply from ptd: 'Stopping untimed measurement'
ptd-server 2022-08-01 15:01:21,614 [INFO] Sending reply to client 'OK'
ptd-server 2022-08-01 15:01:21,692 [INFO] Got command from the client 'time'
ptd-server 2022-08-01 15:01:21,692 [INFO] Sending reply to client '1659362481.6923466'
ptd-server 2022-08-01 15:01:21,693 [INFO] Got command from the client 'session,2022-08-01_14-49-46,start,testing'
ptd-server 2022-08-01 15:01:21,693 [INFO] Sending to ptd: 'SR,V,252.670000'
ptd-server 2022-08-01 15:01:23,195 [INFO] Reply from ptd: 'Range V changed'
ptd-server 2022-08-01 15:01:23,195 [INFO] Sending to ptd: 'SR,A,0.259800'
ptd-server 2022-08-01 15:01:24,696 [INFO] Reply from ptd: 'Range A changed'
ptd-server 2022-08-01 15:01:34,707 [INFO] Starting testing mode
ptd-server 2022-08-01 15:01:34,707 [INFO] Sending to ptd: 'Go,1000,0,2022-08-01_14-49-46_testing'
ptd-server 2022-08-01 15:01:34,707 [INFO] Reply from ptd: 'Starting untimed measurement, maximum 500000 samples at 1000ms with 0 rampup samples'
ptd-server 2022-08-01 15:01:34,708 [INFO] Sending reply to client 'OK'
ptd-server 2022-08-01 15:11:48,957 [INFO] Got command from the client 'session,2022-08-01_14-49-46,stop,testing'
ptd-server 2022-08-01 15:11:58,968 [INFO] Sending to ptd: 'Stop'
ptd-server 2022-08-01 15:11:58,968 [INFO] Reply from ptd: 'Stopping untimed measurement'
ptd-server 2022-08-01 15:11:59,678 [INFO] Sending reply to client 'OK'
ptd-server 2022-08-01 15:11:59,692 [INFO] Got command from the client 'session,2022-08-01_14-49-46,done'
ptd-server 2022-08-01 15:11:59,692 [INFO] Sending to ptd: 'Stop'
ptd-server 2022-08-01 15:11:59,707 [INFO] Reply from ptd: 'Error: no measurement to stop'
ptd-server 2022-08-01 15:11:59,707 [INFO] Sending to ptd: 'SR,V,Auto'
ptd-server 2022-08-01 15:12:00,210 [INFO] Reply from ptd: 'Range V changed'
ptd-server 2022-08-01 15:12:00,210 [INFO] Sending to ptd: 'SR,A,0.500000'
ptd-server 2022-08-01 15:12:01,711 [INFO] Reply from ptd: 'Range A changed'
ptd-server 2022-08-01 15:12:01,711 [INFO] Set initial values for Amps 0.500000 and Volts Auto
ptd-server 2022-08-01 15:12:01,712 [INFO] Stopping ptd...
