ptd-server 2022-08-01 17:55:57,507 [INFO] Got command from the client 'time'
ptd-server 2022-08-01 17:55:57,507 [INFO] Sending reply to client '1659372957.507461'
ptd-server 2022-08-01 17:55:57,508 [INFO] Got command from the client 'new,,684717f3-052d-4887-80cb-e40c39c66299'
ptd-server 2022-08-01 17:55:57,508 [INFO] Sending reply to client 'OK 2022-08-01_17-55-57,2082ad76-8017-49d2-b3d6-ff5908b358e7'
ptd-server 2022-08-01 17:55:57,541 [INFO] Got command from the client 'time'
ptd-server 2022-08-01 17:55:57,541 [INFO] Sending reply to client '1659372957.541692'
ptd-server 2022-08-01 17:55:57,542 [INFO] Got command from the client 'session,2022-08-01_17-55-57,start,ranging'
ptd-server 2022-08-01 17:55:57,542 [INFO] Running PTDaemon: ['/home/anton/projects/mlperf/power/inference_v1.0/ptd-linux-x86', '-l', '/tmp/tmp7lgbo8s4/ptd_logfile.txt', '-p', '8888', '49', '/dev/usbtmc0']
ptd-server 2022-08-01 17:56:14,716 [INFO] Sending to ptd: 'Hello'
ptd-server 2022-08-01 17:56:14,717 [INFO] Reply from ptd: 'Hello, PTDaemon here!'
ptd-server 2022-08-01 17:56:14,717 [INFO] Sending to ptd: 'Identify'
ptd-server 2022-08-01 17:56:14,717 [INFO] Reply from ptd: 'YokogawaWT310E,1000,1,1,1,1,0,1,1,version=1.9.2-e8c7a49a-20201208,OS=Linux 5.13.0-52-generic #59~20.04.1-Ubuntu SMP Thu Jun 16 21:21:28 UTC 2022 x86_64,mode=power,1,1,1,0,0,no_cal_date,YOKOGAWA;WT310E;C3XA04010E;F1.04'
ptd-server 2022-08-01 17:56:14,717 [INFO] Connected to PTDaemon
ptd-server 2022-08-01 17:56:14,717 [INFO] Sending to ptd: 'RR'
ptd-server 2022-08-01 17:56:14,718 [INFO] Reply from ptd: 'Ranges,0,0.500000,1,300.000000'
ptd-server 2022-08-01 17:56:14,718 [INFO] Initial range for Amps is 0.500000 for Volts is Auto
ptd-server 2022-08-01 17:56:14,718 [INFO] Sending to ptd: 'SR,V,Auto'
ptd-server 2022-08-01 17:56:15,221 [INFO] Reply from ptd: 'Range V changed'
ptd-server 2022-08-01 17:56:15,221 [INFO] Sending to ptd: 'SR,A,Auto'
ptd-server 2022-08-01 17:56:15,723 [INFO] Reply from ptd: 'Range A changed'
ptd-server 2022-08-01 17:56:25,733 [INFO] Starting ranging mode
ptd-server 2022-08-01 17:56:25,734 [INFO] Sending to ptd: 'Go,1000,0,2022-08-01_17-55-57_ranging'
ptd-server 2022-08-01 17:56:25,734 [INFO] Reply from ptd: 'Starting untimed measurement, maximum 500000 samples at 1000ms with 0 rampup samples'
ptd-server 2022-08-01 17:56:25,734 [INFO] Sending reply to client 'OK'
ptd-server 2022-08-01 18:06:43,907 [INFO] Got command from the client 'session,2022-08-01_17-55-57,stop,ranging'
ptd-server 2022-08-01 18:06:53,917 [INFO] Sending to ptd: 'Stop'
ptd-server 2022-08-01 18:06:53,918 [INFO] Reply from ptd: 'Stopping untimed measurement'
ptd-server 2022-08-01 18:06:55,367 [INFO] Sending reply to client 'OK'
ptd-server 2022-08-01 18:06:55,407 [INFO] Got command from the client 'time'
ptd-server 2022-08-01 18:06:55,407 [INFO] Sending reply to client '1659373615.4076984'
ptd-server 2022-08-01 18:06:55,409 [INFO] Got command from the client 'session,2022-08-01_17-55-57,start,testing'
ptd-server 2022-08-01 18:06:55,409 [INFO] Sending to ptd: 'SR,V,249.930000'
ptd-server 2022-08-01 18:06:56,910 [INFO] Reply from ptd: 'Range V changed'
ptd-server 2022-08-01 18:06:56,910 [INFO] Sending to ptd: 'SR,A,0.283560'
ptd-server 2022-08-01 18:06:58,412 [INFO] Reply from ptd: 'Range A changed'
ptd-server 2022-08-01 18:07:08,419 [INFO] Starting testing mode
ptd-server 2022-08-01 18:07:08,419 [INFO] Sending to ptd: 'Go,1000,0,2022-08-01_17-55-57_testing'
ptd-server 2022-08-01 18:07:08,420 [INFO] Reply from ptd: 'Starting untimed measurement, maximum 500000 samples at 1000ms with 0 rampup samples'
ptd-server 2022-08-01 18:07:08,420 [INFO] Sending reply to client 'OK'
ptd-server 2022-08-01 18:17:20,065 [INFO] Got command from the client 'session,2022-08-01_17-55-57,stop,testing'
ptd-server 2022-08-01 18:17:30,076 [INFO] Sending to ptd: 'Stop'
ptd-server 2022-08-01 18:17:30,076 [INFO] Reply from ptd: 'Stopping untimed measurement'
ptd-server 2022-08-01 18:17:30,843 [INFO] Sending reply to client 'OK'
ptd-server 2022-08-01 18:17:30,858 [INFO] Got command from the client 'session,2022-08-01_17-55-57,done'
ptd-server 2022-08-01 18:17:30,858 [INFO] Sending to ptd: 'Stop'
ptd-server 2022-08-01 18:17:30,858 [INFO] Reply from ptd: 'Error: no measurement to stop'
ptd-server 2022-08-01 18:17:30,858 [INFO] Sending to ptd: 'SR,V,Auto'
ptd-server 2022-08-01 18:17:31,361 [INFO] Reply from ptd: 'Range V changed'
ptd-server 2022-08-01 18:17:31,361 [INFO] Sending to ptd: 'SR,A,0.500000'
ptd-server 2022-08-01 18:17:32,862 [INFO] Reply from ptd: 'Range A changed'
ptd-server 2022-08-01 18:17:32,863 [INFO] Set initial values for Amps 0.500000 and Volts Auto
ptd-server 2022-08-01 18:17:32,863 [INFO] Stopping ptd...
