client 2022-07-25 23:34:51,219 [WARNING] Removing loadgen logs directory '/home/khadas/CK/ck-mlperf/program/image-classification-armnn-tflite-loadgen/tmp/loadgen_logs'
client 2022-07-25 23:34:51,220 [INFO] Sending command to the server: 'mlcommons/power client v3'
client 2022-07-25 23:34:51,221 [INFO] Got response: 'mlcommons/power server v3'
client 2022-07-25 23:34:51,221 [INFO] Synchronizing with the server and with time.google.com...
client 2022-07-25 23:34:51,285 [INFO] NTP:offset = 0.000 s, delay = 0.032 s 
client 2022-07-25 23:34:51,285 [INFO] Sending command to the server: 'time'
client 2022-07-25 23:34:51,286 [INFO] Got response: '1658788491.2878044'
client 2022-07-25 23:34:51,286 [INFO] The time difference between the client and the server is within range -2.185 ms..-1.194 ms
client 2022-07-25 23:34:51,286 [INFO] Sending command to the server: 'new,,4e14a8f2-5750-4b18-a645-e2d1858cb0b6'
client 2022-07-25 23:34:51,287 [INFO] Got response: 'OK 2022-07-25_23-34-51,2233ef0f-89dc-445a-be3f-8af59bbcd8e5'
client 2022-07-25 23:34:51,288 [INFO] Session id is '2022-07-25_23-34-51'
client 2022-07-25 23:34:51,288 [INFO] Sources: {"sources": {"__init__.py": "da39a3ee5e6b4b0d3255bfef95601890afd80709", "client.py": "33ca4f26368777ac06e01f9567b714a4b8063886", "lib/__init__.py": "da39a3ee5e6b4b0d3255bfef95601890afd80709", "lib/client.py": "4c2b78fb4849a7e5b584ef792d82aaed20b17f57", "lib/common.py": "624d0c0acc7c39aaff3674f0b99d6a09da53d1dc", "lib/external/__init__.py": "da39a3ee5e6b4b0d3255bfef95601890afd80709", "lib/external/ntplib.py": "4da8f970656505a40483206ef2b5d3dd5e81711d", "lib/server.py": "cda0cdfaee9bfa1249c64a7dd4f89b7bf1b279f0", "lib/source_hashes.py": "60a2e02193209e8d392803326208d5466342da18", "lib/summary.py": "aa92f0a3f975eecd44d3c0cd0236342ccc9f941d", "lib/time_sync.py": "3210db56eb0ff0df57bf4293dc4d4b03fffd46f1", "server.py": "c3f90f2f7eeb4db30727556d0c815ebc89b3d28b", "tests/unit/__init__.py": "da39a3ee5e6b4b0d3255bfef95601890afd80709", "tests/unit/test_server.py": "99ae15aef722f2000ee6ed1ae1523637bf1ae42b", "tests/unit/test_source_hashes.py": "00468a2907583c593e6574a1f6b404e4651c221a"}, "modules": {"ptd_client_server.lib.client": "lib/client.py", "ptd_client_server.lib.common": "lib/common.py", "ptd_client_server.lib.external.ntplib": "lib/external/ntplib.py", "ptd_client_server.lib.source_hashes": "lib/source_hashes.py", "ptd_client_server.lib.summary": "lib/summary.py", "ptd_client_server.lib.time_sync": "lib/time_sync.py"}}
client 2022-07-25 23:34:51,288 [INFO] Running workload in ranging mode
client 2022-07-25 23:34:51,288 [INFO] Synchronizing with the server and with time.google.com...
client 2022-07-25 23:34:51,325 [INFO] NTP:offset = -0.002 s, delay = 0.033 s 
client 2022-07-25 23:34:51,325 [INFO] Sending command to the server: 'time'
client 2022-07-25 23:34:51,326 [INFO] Got response: '1658788491.3277886'
client 2022-07-25 23:34:51,326 [INFO] The time difference between the client and the server is within range -2.172 ms..-0.911 ms
client 2022-07-25 23:34:51,327 [INFO] Sending command to the server: 'session,2022-07-25_23-34-51,start,ranging'
client 2022-07-25 23:35:19,521 [INFO] Got response: 'OK'
client 2022-07-25 23:35:19,521 [INFO] Running the workload 'ck benchmark program:image-classification-armnn-tflite-loadgen --env.CK_SILENT_MODE=YES --skip_print_timers --dep_add_tags.compiler=gcc,v11 --dep_add_tags.python=v3 --dep_add_tags.mlperf-inference-src=r2.1 --dep_add_tags.weights=efficientnet,lite3,quantized --dep_add_tags.images=crop.875,preprocessed,using-opencv --dep_add_tags.library=armnn,rel.22.05,neon --env.CK_LOADGEN_DATASET_SIZE=1024 --env.USE_NEON=1 --env.USE_OPENCL=0 --env.CK_LOADGEN_MODE=PerformanceOnly --env.CK_LOADGEN_SCENARIO=SingleStream --env.CK_LOADGEN_TARGET_LATENCY=$CK_LOADGEN_TARGET_LATENCY --skip_stat_analysis --process_multi_keys --repetitions=1 --record --record_repo=local --record_uoa=mlperf_v2.1-open-vim4-armnn-v22.05-neon-efficientnet-lite3-quantized-singlestream-performance-target_latency.$CK_LOADGEN_TARGET_LATENCY-power.workload --tags=mlperf,round.v2.1,division.open,task.image-classification,platform.vim4,scenario.singlestream,mode.performance,workload.efficientnet-lite3-quantized,preprocessed_using.opencv,inference_engine.armnn,inference_engine_version.v22.05,inference_engine_backend.neon,target_latency.$CK_LOADGEN_TARGET_LATENCY,power.workload "@@@{\'meta\': {\'ck_benchmark_program\': \'ck benchmark program:image-classification-armnn-tflite-loadgen --env.CK_SILENT_MODE=YES --skip_print_timers --dep_add_tags.compiler=gcc,v11 --dep_add_tags.python=v3 --dep_add_tags.mlperf-inference-src=r2.1 --dep_add_tags.weights=efficientnet,lite3,quantized --dep_add_tags.images=crop.875,preprocessed,using-opencv --dep_add_tags.library=armnn,rel.22.05,neon --env.CK_LOADGEN_DATASET_SIZE=1024 --env.USE_NEON=1 --env.USE_OPENCL=0 --env.CK_LOADGEN_MODE=PerformanceOnly --env.CK_LOADGEN_SCENARIO=SingleStream --env.CK_LOADGEN_TARGET_LATENCY=$CK_LOADGEN_TARGET_LATENCY --skip_stat_analysis --process_multi_keys --repetitions=1 --record --record_repo=local --record_uoa=mlperf_v2.1-open-vim4-armnn-v22.05-neon-efficientnet-lite3-quantized-singlestream-performance-target_latency.$CK_LOADGEN_TARGET_LATENCY-power.workload --tags=mlperf,round.v2.1,division.open,task.image-classification,platform.vim4,scenario.singlestream,mode.performance,workload.efficientnet-lite3-quantized,preprocessed_using.opencv,inference_engine.armnn,inference_engine_version.v22.05,inference_engine_backend.neon,target_latency.$CK_LOADGEN_TARGET_LATENCY,power.workload\'}}" && cat `ck find program:image-classification-armnn-tflite-loadgen`/tmp/mlperf_log_summary.txt && mkdir -p "$CK_MLPERF_POWER_CLIENT_LOADGEN_LOGS" && cp "$CK_MLPERF_POWER_CLIENT_LOADGEN_LOGS"/../mlperf_log_* "$CK_MLPERF_POWER_CLIENT_LOADGEN_LOGS"/'
client 2022-07-25 23:45:36,087 [INFO] Sending command to the server: 'session,2022-07-25_23-34-51,stop,ranging'
client 2022-07-25 23:45:46,913 [INFO] Got response: 'OK'
client 2022-07-25 23:45:46,923 [INFO] Copying loadgen logs from '/home/khadas/CK/ck-mlperf/program/image-classification-armnn-tflite-loadgen/tmp/loadgen_logs' to '/home/khadas/CK/ck-mlperf/program/mlperf-power-client/tmp/2022-07-25_23-34-51/ranging'
client 2022-07-25 23:45:46,924 [INFO] Running workload in testing mode
client 2022-07-25 23:45:46,924 [INFO] Synchronizing with the server and with time.google.com...
client 2022-07-25 23:45:46,971 [INFO] NTP:offset = -0.002 s, delay = 0.029 s 
client 2022-07-25 23:45:46,972 [INFO] Sending command to the server: 'time'
client 2022-07-25 23:45:46,972 [INFO] Got response: '1658789146.972613'
client 2022-07-25 23:45:46,972 [INFO] The time difference between the client and the server is within range -0.616 ms..0.283 ms
client 2022-07-25 23:45:46,973 [INFO] Sending command to the server: 'session,2022-07-25_23-34-51,start,testing'
client 2022-07-25 23:45:59,987 [INFO] Got response: 'OK'
client 2022-07-25 23:45:59,988 [INFO] Running the workload 'ck benchmark program:image-classification-armnn-tflite-loadgen --env.CK_SILENT_MODE=YES --skip_print_timers --dep_add_tags.compiler=gcc,v11 --dep_add_tags.python=v3 --dep_add_tags.mlperf-inference-src=r2.1 --dep_add_tags.weights=efficientnet,lite3,quantized --dep_add_tags.images=crop.875,preprocessed,using-opencv --dep_add_tags.library=armnn,rel.22.05,neon --env.CK_LOADGEN_DATASET_SIZE=1024 --env.USE_NEON=1 --env.USE_OPENCL=0 --env.CK_LOADGEN_MODE=PerformanceOnly --env.CK_LOADGEN_SCENARIO=SingleStream --env.CK_LOADGEN_TARGET_LATENCY=$CK_LOADGEN_TARGET_LATENCY --skip_stat_analysis --process_multi_keys --repetitions=1 --record --record_repo=local --record_uoa=mlperf_v2.1-open-vim4-armnn-v22.05-neon-efficientnet-lite3-quantized-singlestream-performance-target_latency.$CK_LOADGEN_TARGET_LATENCY-power.workload --tags=mlperf,round.v2.1,division.open,task.image-classification,platform.vim4,scenario.singlestream,mode.performance,workload.efficientnet-lite3-quantized,preprocessed_using.opencv,inference_engine.armnn,inference_engine_version.v22.05,inference_engine_backend.neon,target_latency.$CK_LOADGEN_TARGET_LATENCY,power.workload "@@@{\'meta\': {\'ck_benchmark_program\': \'ck benchmark program:image-classification-armnn-tflite-loadgen --env.CK_SILENT_MODE=YES --skip_print_timers --dep_add_tags.compiler=gcc,v11 --dep_add_tags.python=v3 --dep_add_tags.mlperf-inference-src=r2.1 --dep_add_tags.weights=efficientnet,lite3,quantized --dep_add_tags.images=crop.875,preprocessed,using-opencv --dep_add_tags.library=armnn,rel.22.05,neon --env.CK_LOADGEN_DATASET_SIZE=1024 --env.USE_NEON=1 --env.USE_OPENCL=0 --env.CK_LOADGEN_MODE=PerformanceOnly --env.CK_LOADGEN_SCENARIO=SingleStream --env.CK_LOADGEN_TARGET_LATENCY=$CK_LOADGEN_TARGET_LATENCY --skip_stat_analysis --process_multi_keys --repetitions=1 --record --record_repo=local --record_uoa=mlperf_v2.1-open-vim4-armnn-v22.05-neon-efficientnet-lite3-quantized-singlestream-performance-target_latency.$CK_LOADGEN_TARGET_LATENCY-power.workload --tags=mlperf,round.v2.1,division.open,task.image-classification,platform.vim4,scenario.singlestream,mode.performance,workload.efficientnet-lite3-quantized,preprocessed_using.opencv,inference_engine.armnn,inference_engine_version.v22.05,inference_engine_backend.neon,target_latency.$CK_LOADGEN_TARGET_LATENCY,power.workload\'}}" && cat `ck find program:image-classification-armnn-tflite-loadgen`/tmp/mlperf_log_summary.txt && mkdir -p "$CK_MLPERF_POWER_CLIENT_LOADGEN_LOGS" && cp "$CK_MLPERF_POWER_CLIENT_LOADGEN_LOGS"/../mlperf_log_* "$CK_MLPERF_POWER_CLIENT_LOADGEN_LOGS"/'
client 2022-07-25 23:56:16,507 [INFO] Sending command to the server: 'session,2022-07-25_23-34-51,stop,testing'
client 2022-07-25 23:56:26,936 [INFO] Got response: 'OK'
client 2022-07-25 23:56:26,938 [INFO] Copying loadgen logs from '/home/khadas/CK/ck-mlperf/program/image-classification-armnn-tflite-loadgen/tmp/loadgen_logs' to '/home/khadas/CK/ck-mlperf/program/mlperf-power-client/tmp/2022-07-25_23-34-51/run_1'
client 2022-07-25 23:56:26,940 [INFO] Done runs
