ptd-server 2022-07-19 12:55:15,987 [INFO] Got command from the client 'time'
ptd-server 2022-07-19 12:55:15,987 [INFO] Sending reply to client '1658231715.9874718'
ptd-server 2022-07-19 12:55:15,991 [INFO] Got command from the client 'new,,41f10192-3ac3-417a-982b-13df0d56fd3b'
ptd-server 2022-07-19 12:55:15,991 [INFO] Sending reply to client 'OK 2022-07-19_12-55-15,76f81011-ee69-49a9-a9e0-142ac018d229'
ptd-server 2022-07-19 12:55:16,027 [INFO] Got command from the client 'time'
ptd-server 2022-07-19 12:55:16,027 [INFO] Sending reply to client '1658231716.0272322'
ptd-server 2022-07-19 12:55:16,032 [INFO] Got command from the client 'session,2022-07-19_12-55-15,start,ranging'
ptd-server 2022-07-19 12:55:16,033 [INFO] Running PTDaemon: ['/home/anton/projects/mlperf/power/inference_v1.0/ptd-linux-x86', '-l', '/tmp/tmp7lgbo8s4/ptd_logfile.txt', '-p', '8888', '49', '/dev/usbtmc0']
ptd-server 2022-07-19 12:55:33,206 [INFO] Sending to ptd: 'Hello'
ptd-server 2022-07-19 12:55:33,206 [INFO] Reply from ptd: 'Hello, PTDaemon here!'
ptd-server 2022-07-19 12:55:33,207 [INFO] Sending to ptd: 'Identify'
ptd-server 2022-07-19 12:55:33,207 [INFO] Reply from ptd: 'YokogawaWT310E,1000,1,1,1,1,0,1,1,version=1.9.2-e8c7a49a-20201208,OS=Linux 5.13.0-52-generic #59~20.04.1-Ubuntu SMP Thu Jun 16 21:21:28 UTC 2022 x86_64,mode=power,1,1,1,0,0,no_cal_date,YOKOGAWA;WT310E;C3XA04010E;F1.04'
ptd-server 2022-07-19 12:55:33,207 [INFO] Connected to PTDaemon
ptd-server 2022-07-19 12:55:33,207 [INFO] Sending to ptd: 'RR'
ptd-server 2022-07-19 12:55:33,208 [INFO] Reply from ptd: 'Ranges,0,0.500000,1,300.000000'
ptd-server 2022-07-19 12:55:33,208 [INFO] Initial range for Amps is 0.500000 for Volts is Auto
ptd-server 2022-07-19 12:55:33,208 [INFO] Sending to ptd: 'SR,V,Auto'
ptd-server 2022-07-19 12:55:33,710 [INFO] Reply from ptd: 'Range V changed'
ptd-server 2022-07-19 12:55:33,710 [INFO] Sending to ptd: 'SR,A,Auto'
ptd-server 2022-07-19 12:55:34,213 [INFO] Reply from ptd: 'Range A changed'
ptd-server 2022-07-19 12:55:44,223 [INFO] Starting ranging mode
ptd-server 2022-07-19 12:55:44,223 [INFO] Sending to ptd: 'Go,1000,0,2022-07-19_12-55-15_ranging'
ptd-server 2022-07-19 12:55:44,224 [INFO] Reply from ptd: 'Starting untimed measurement, maximum 500000 samples at 1000ms with 0 rampup samples'
ptd-server 2022-07-19 12:55:44,224 [INFO] Sending reply to client 'OK'
ptd-server 2022-07-19 13:06:02,412 [INFO] Got command from the client 'session,2022-07-19_12-55-15,stop,ranging'
ptd-server 2022-07-19 13:06:12,419 [INFO] Sending to ptd: 'Stop'
ptd-server 2022-07-19 13:06:12,420 [INFO] Reply from ptd: 'Stopping untimed measurement'
ptd-server 2022-07-19 13:06:12,515 [INFO] Sending reply to client 'OK'
ptd-server 2022-07-19 13:06:12,625 [INFO] Got command from the client 'time'
ptd-server 2022-07-19 13:06:12,625 [INFO] Sending reply to client '1658232372.6254776'
ptd-server 2022-07-19 13:06:12,631 [INFO] Got command from the client 'session,2022-07-19_12-55-15,start,testing'
ptd-server 2022-07-19 13:06:12,631 [INFO] Sending to ptd: 'SR,V,250.040000'
ptd-server 2022-07-19 13:06:14,725 [INFO] Reply from ptd: 'Range V changed'
ptd-server 2022-07-19 13:06:14,726 [INFO] Sending to ptd: 'SR,A,0.082530'
ptd-server 2022-07-19 13:06:16,227 [INFO] Reply from ptd: 'Range A changed'
ptd-server 2022-07-19 13:06:26,235 [INFO] Starting testing mode
ptd-server 2022-07-19 13:06:26,235 [INFO] Sending to ptd: 'Go,1000,0,2022-07-19_12-55-15_testing'
ptd-server 2022-07-19 13:06:26,236 [INFO] Reply from ptd: 'Starting untimed measurement, maximum 500000 samples at 1000ms with 0 rampup samples'
ptd-server 2022-07-19 13:06:26,236 [INFO] Sending reply to client 'OK'
ptd-server 2022-07-19 13:16:44,343 [INFO] Got command from the client 'session,2022-07-19_12-55-15,stop,testing'
ptd-server 2022-07-19 13:16:54,353 [INFO] Sending to ptd: 'Stop'
ptd-server 2022-07-19 13:16:54,354 [INFO] Reply from ptd: 'Stopping untimed measurement'
ptd-server 2022-07-19 13:16:54,401 [INFO] Sending reply to client 'OK'
ptd-server 2022-07-19 13:16:54,422 [INFO] Got command from the client 'session,2022-07-19_12-55-15,done'
ptd-server 2022-07-19 13:16:54,422 [INFO] Sending to ptd: 'Stop'
ptd-server 2022-07-19 13:16:55,236 [INFO] Reply from ptd: 'Error: no measurement to stop'
ptd-server 2022-07-19 13:16:55,236 [INFO] Sending to ptd: 'SR,V,Auto'
ptd-server 2022-07-19 13:16:55,739 [INFO] Reply from ptd: 'Range V changed'
ptd-server 2022-07-19 13:16:55,739 [INFO] Sending to ptd: 'SR,A,0.500000'
ptd-server 2022-07-19 13:16:57,240 [INFO] Reply from ptd: 'Range A changed'
ptd-server 2022-07-19 13:16:57,241 [INFO] Set initial values for Amps 0.500000 and Volts Auto
ptd-server 2022-07-19 13:16:57,241 [INFO] Stopping ptd...
