ptd-server 2022-07-28 01:48:56,470 [INFO] Got command from the client 'time'
ptd-server 2022-07-28 01:48:56,470 [INFO] Sending reply to client '1658969336.4705603'
ptd-server 2022-07-28 01:48:56,474 [INFO] Got command from the client 'new,,60e0d97b-7a39-4c94-af2d-41aaac3a22f9'
ptd-server 2022-07-28 01:48:56,474 [INFO] Sending reply to client 'OK 2022-07-28_01-48-56,513a3a29-fb88-46a3-930a-b3877919a5a0'
ptd-server 2022-07-28 01:48:56,573 [INFO] Got command from the client 'time'
ptd-server 2022-07-28 01:48:56,573 [INFO] Sending reply to client '1658969336.5736141'
ptd-server 2022-07-28 01:48:56,577 [INFO] Got command from the client 'session,2022-07-28_01-48-56,start,ranging'
ptd-server 2022-07-28 01:48:56,577 [INFO] Running PTDaemon: ['/home/anton/projects/mlperf/power/inference_v1.0/ptd-linux-x86', '-l', '/tmp/tmp7lgbo8s4/ptd_logfile.txt', '-p', '8888', '49', '/dev/usbtmc0']
ptd-server 2022-07-28 01:49:13,752 [INFO] Sending to ptd: 'Hello'
ptd-server 2022-07-28 01:49:13,752 [INFO] Reply from ptd: 'Hello, PTDaemon here!'
ptd-server 2022-07-28 01:49:13,752 [INFO] Sending to ptd: 'Identify'
ptd-server 2022-07-28 01:49:13,753 [INFO] Reply from ptd: 'YokogawaWT310E,1000,1,1,1,1,0,1,1,version=1.9.2-e8c7a49a-20201208,OS=Linux 5.13.0-52-generic #59~20.04.1-Ubuntu SMP Thu Jun 16 21:21:28 UTC 2022 x86_64,mode=power,1,1,1,0,0,no_cal_date,YOKOGAWA;WT310E;C3XA04010E;F1.04'
ptd-server 2022-07-28 01:49:13,753 [INFO] Connected to PTDaemon
ptd-server 2022-07-28 01:49:13,753 [INFO] Sending to ptd: 'RR'
ptd-server 2022-07-28 01:49:13,753 [INFO] Reply from ptd: 'Ranges,0,0.500000,1,300.000000'
ptd-server 2022-07-28 01:49:13,753 [INFO] Initial range for Amps is 0.500000 for Volts is Auto
ptd-server 2022-07-28 01:49:13,754 [INFO] Sending to ptd: 'SR,V,Auto'
ptd-server 2022-07-28 01:49:14,256 [INFO] Reply from ptd: 'Range V changed'
ptd-server 2022-07-28 01:49:14,256 [INFO] Sending to ptd: 'SR,A,Auto'
ptd-server 2022-07-28 01:49:14,759 [INFO] Reply from ptd: 'Range A changed'
ptd-server 2022-07-28 01:49:24,769 [INFO] Starting ranging mode
ptd-server 2022-07-28 01:49:24,769 [INFO] Sending to ptd: 'Go,1000,0,2022-07-28_01-48-56_ranging'
ptd-server 2022-07-28 01:49:24,770 [INFO] Reply from ptd: 'Starting untimed measurement, maximum 500000 samples at 1000ms with 0 rampup samples'
ptd-server 2022-07-28 01:49:24,770 [INFO] Sending reply to client 'OK'
ptd-server 2022-07-28 01:59:40,118 [INFO] Got command from the client 'session,2022-07-28_01-48-56,stop,ranging'
ptd-server 2022-07-28 01:59:50,128 [INFO] Sending to ptd: 'Stop'
ptd-server 2022-07-28 01:59:50,129 [INFO] Reply from ptd: 'Stopping untimed measurement'
ptd-server 2022-07-28 01:59:51,144 [INFO] Sending reply to client 'OK'
ptd-server 2022-07-28 01:59:51,340 [INFO] Got command from the client 'time'
ptd-server 2022-07-28 01:59:51,340 [INFO] Sending reply to client '1658969991.3404772'
ptd-server 2022-07-28 01:59:51,344 [INFO] Got command from the client 'session,2022-07-28_01-48-56,start,testing'
ptd-server 2022-07-28 01:59:51,344 [INFO] Sending to ptd: 'SR,V,249.230000'
ptd-server 2022-07-28 01:59:52,845 [INFO] Reply from ptd: 'Range V changed'
ptd-server 2022-07-28 01:59:52,845 [INFO] Sending to ptd: 'SR,A,0.051500'
ptd-server 2022-07-28 01:59:54,347 [INFO] Reply from ptd: 'Range A changed'
ptd-server 2022-07-28 02:00:04,357 [INFO] Starting testing mode
ptd-server 2022-07-28 02:00:04,357 [INFO] Sending to ptd: 'Go,1000,0,2022-07-28_01-48-56_testing'
ptd-server 2022-07-28 02:00:04,358 [INFO] Reply from ptd: 'Starting untimed measurement, maximum 500000 samples at 1000ms with 0 rampup samples'
ptd-server 2022-07-28 02:00:04,358 [INFO] Sending reply to client 'OK'
ptd-server 2022-07-28 02:10:19,521 [INFO] Got command from the client 'session,2022-07-28_01-48-56,stop,testing'
ptd-server 2022-07-28 02:10:29,531 [INFO] Sending to ptd: 'Stop'
ptd-server 2022-07-28 02:10:29,531 [INFO] Reply from ptd: 'Stopping untimed measurement'
ptd-server 2022-07-28 02:10:30,047 [INFO] Sending reply to client 'OK'
ptd-server 2022-07-28 02:10:30,128 [INFO] Got command from the client 'session,2022-07-28_01-48-56,done'
ptd-server 2022-07-28 02:10:30,129 [INFO] Sending to ptd: 'Stop'
ptd-server 2022-07-28 02:10:30,359 [INFO] Reply from ptd: 'Error: no measurement to stop'
ptd-server 2022-07-28 02:10:30,359 [INFO] Sending to ptd: 'SR,V,Auto'
ptd-server 2022-07-28 02:10:30,861 [INFO] Reply from ptd: 'Range V changed'
ptd-server 2022-07-28 02:10:30,861 [INFO] Sending to ptd: 'SR,A,0.500000'
ptd-server 2022-07-28 02:10:32,363 [INFO] Reply from ptd: 'Range A changed'
ptd-server 2022-07-28 02:10:32,363 [INFO] Set initial values for Amps 0.500000 and Volts Auto
ptd-server 2022-07-28 02:10:32,363 [INFO] Stopping ptd...
