ptd-server 2022-07-23 12:42:16,116 [INFO] Got command from the client 'time'
ptd-server 2022-07-23 12:42:16,116 [INFO] Sending reply to client '1658576536.1168153'
ptd-server 2022-07-23 12:42:16,118 [INFO] Got command from the client 'new,,8f1c5732-b050-425b-96ec-a4f19f62c426'
ptd-server 2022-07-23 12:42:16,118 [INFO] Sending reply to client 'OK 2022-07-23_12-42-16,024c14d3-9a09-471b-9804-0ea708fb66fb'
ptd-server 2022-07-23 12:42:16,149 [INFO] Got command from the client 'time'
ptd-server 2022-07-23 12:42:16,149 [INFO] Sending reply to client '1658576536.1499116'
ptd-server 2022-07-23 12:42:16,151 [INFO] Got command from the client 'session,2022-07-23_12-42-16,start,ranging'
ptd-server 2022-07-23 12:42:16,151 [INFO] Running PTDaemon: ['/home/anton/projects/mlperf/power/inference_v1.0/ptd-linux-x86', '-l', '/tmp/tmp7lgbo8s4/ptd_logfile.txt', '-p', '8888', '49', '/dev/usbtmc0']
ptd-server 2022-07-23 12:42:33,326 [INFO] Sending to ptd: 'Hello'
ptd-server 2022-07-23 12:42:33,326 [INFO] Reply from ptd: 'Hello, PTDaemon here!'
ptd-server 2022-07-23 12:42:33,327 [INFO] Sending to ptd: 'Identify'
ptd-server 2022-07-23 12:42:33,327 [INFO] Reply from ptd: 'YokogawaWT310E,1000,1,1,1,1,0,1,1,version=1.9.2-e8c7a49a-20201208,OS=Linux 5.13.0-52-generic #59~20.04.1-Ubuntu SMP Thu Jun 16 21:21:28 UTC 2022 x86_64,mode=power,1,1,1,0,0,no_cal_date,YOKOGAWA;WT310E;C3XA04010E;F1.04'
ptd-server 2022-07-23 12:42:33,327 [INFO] Connected to PTDaemon
ptd-server 2022-07-23 12:42:33,327 [INFO] Sending to ptd: 'RR'
ptd-server 2022-07-23 12:42:33,328 [INFO] Reply from ptd: 'Ranges,0,0.500000,1,300.000000'
ptd-server 2022-07-23 12:42:33,328 [INFO] Initial range for Amps is 0.500000 for Volts is Auto
ptd-server 2022-07-23 12:42:33,328 [INFO] Sending to ptd: 'SR,V,Auto'
ptd-server 2022-07-23 12:42:33,830 [INFO] Reply from ptd: 'Range V changed'
ptd-server 2022-07-23 12:42:33,831 [INFO] Sending to ptd: 'SR,A,Auto'
ptd-server 2022-07-23 12:42:34,333 [INFO] Reply from ptd: 'Range A changed'
ptd-server 2022-07-23 12:42:44,343 [INFO] Starting ranging mode
ptd-server 2022-07-23 12:42:44,343 [INFO] Sending to ptd: 'Go,1000,0,2022-07-23_12-42-16_ranging'
ptd-server 2022-07-23 12:42:44,344 [INFO] Reply from ptd: 'Starting untimed measurement, maximum 500000 samples at 1000ms with 0 rampup samples'
ptd-server 2022-07-23 12:42:44,344 [INFO] Sending reply to client 'OK'
ptd-server 2022-07-23 12:53:01,001 [INFO] Got command from the client 'session,2022-07-23_12-42-16,stop,ranging'
ptd-server 2022-07-23 12:53:11,012 [INFO] Sending to ptd: 'Stop'
ptd-server 2022-07-23 12:53:11,012 [INFO] Reply from ptd: 'Stopping untimed measurement'
ptd-server 2022-07-23 12:53:11,581 [INFO] Sending reply to client 'OK'
ptd-server 2022-07-23 12:53:11,618 [INFO] Got command from the client 'time'
ptd-server 2022-07-23 12:53:11,618 [INFO] Sending reply to client '1658577191.6181607'
ptd-server 2022-07-23 12:53:11,619 [INFO] Got command from the client 'session,2022-07-23_12-42-16,start,testing'
ptd-server 2022-07-23 12:53:11,619 [INFO] Sending to ptd: 'SR,V,251.350000'
ptd-server 2022-07-23 12:53:13,120 [INFO] Reply from ptd: 'Range V changed'
ptd-server 2022-07-23 12:53:13,121 [INFO] Sending to ptd: 'SR,A,0.058940'
ptd-server 2022-07-23 12:53:14,622 [INFO] Reply from ptd: 'Range A changed'
ptd-server 2022-07-23 12:53:24,632 [INFO] Starting testing mode
ptd-server 2022-07-23 12:53:24,632 [INFO] Sending to ptd: 'Go,1000,0,2022-07-23_12-42-16_testing'
ptd-server 2022-07-23 12:53:24,633 [INFO] Reply from ptd: 'Starting untimed measurement, maximum 500000 samples at 1000ms with 0 rampup samples'
ptd-server 2022-07-23 12:53:24,633 [INFO] Sending reply to client 'OK'
ptd-server 2022-07-23 13:03:41,202 [INFO] Got command from the client 'session,2022-07-23_12-42-16,stop,testing'
ptd-server 2022-07-23 13:03:51,213 [INFO] Sending to ptd: 'Stop'
ptd-server 2022-07-23 13:03:51,213 [INFO] Reply from ptd: 'Stopping untimed measurement'
ptd-server 2022-07-23 13:03:51,509 [INFO] Sending reply to client 'OK'
ptd-server 2022-07-23 13:03:51,516 [INFO] Got command from the client 'session,2022-07-23_12-42-16,done'
ptd-server 2022-07-23 13:03:51,517 [INFO] Sending to ptd: 'Stop'
ptd-server 2022-07-23 13:03:51,633 [INFO] Reply from ptd: 'Error: no measurement to stop'
ptd-server 2022-07-23 13:03:51,634 [INFO] Sending to ptd: 'SR,V,Auto'
ptd-server 2022-07-23 13:03:52,136 [INFO] Reply from ptd: 'Range V changed'
ptd-server 2022-07-23 13:03:52,136 [INFO] Sending to ptd: 'SR,A,0.500000'
ptd-server 2022-07-23 13:03:53,638 [INFO] Reply from ptd: 'Range A changed'
ptd-server 2022-07-23 13:03:53,638 [INFO] Set initial values for Amps 0.500000 and Volts Auto
ptd-server 2022-07-23 13:03:53,638 [INFO] Stopping ptd...
