ptd-server 2022-08-04 06:15:20,091 [INFO] Got command from the client 'time'
ptd-server 2022-08-04 06:15:20,091 [INFO] Sending reply to client '1659611720.0917237'
ptd-server 2022-08-04 06:15:20,093 [INFO] Got command from the client 'new,,8bd995b0-2dba-415e-8a7f-7074eac27d9c'
ptd-server 2022-08-04 06:15:20,093 [INFO] Sending reply to client 'OK 2022-08-04_06-15-20,6e621c29-f28e-4fe0-9e07-2e0a26662dbc'
ptd-server 2022-08-04 06:15:20,176 [INFO] Got command from the client 'time'
ptd-server 2022-08-04 06:15:20,176 [INFO] Sending reply to client '1659611720.1767375'
ptd-server 2022-08-04 06:15:20,178 [INFO] Got command from the client 'session,2022-08-04_06-15-20,start,ranging'
ptd-server 2022-08-04 06:15:20,178 [INFO] Running PTDaemon: ['/local/mnt/workspace/mlcommons/power-main/inference_v1.0/ptd-linux-x86', '-l', '/tmp/tmpgw0prjiw/ptd_logfile.txt', '-p', '8880', '-c', '1', '52', '/dev/usbtmc0']
ptd-server 2022-08-04 06:15:37,299 [INFO] Sending to ptd: 'Hello'
ptd-server 2022-08-04 06:15:37,300 [INFO] Reply from ptd: 'Hello, PTDaemon here!'
ptd-server 2022-08-04 06:15:37,300 [INFO] Sending to ptd: 'Identify'
ptd-server 2022-08-04 06:15:37,300 [INFO] Reply from ptd: 'YokogawaWT330,1000,1,1,1,1,0,0,1,version=1.9.2-e8c7a49a-20201208,OS=Linux 5.4.0-96-generic #109~18.04.1-Ubuntu SMP Thu Jan 13 15:06:26 UTC 2022 x86_64,mode=power,1,1,1,0,0,no_cal_date,YOKOGAWA;WT333;C2SF14011V;F1.01EM'
ptd-server 2022-08-04 06:15:37,301 [INFO] Connected to PTDaemon
ptd-server 2022-08-04 06:15:37,301 [INFO] Sending to ptd: 'RR'
ptd-server 2022-08-04 06:15:37,302 [INFO] Reply from ptd: 'Ranges,0,5.000000,0,150.000000'
ptd-server 2022-08-04 06:15:37,302 [INFO] Initial range for Amps is 5.000000 for Volts is 150.000000
ptd-server 2022-08-04 06:15:37,302 [INFO] Sending to ptd: 'SR,V,Auto'
ptd-server 2022-08-04 06:15:37,805 [INFO] Reply from ptd: 'Range V changed'
ptd-server 2022-08-04 06:15:37,806 [INFO] Sending to ptd: 'SR,A,20'
ptd-server 2022-08-04 06:15:39,308 [INFO] Reply from ptd: 'Range A changed'
ptd-server 2022-08-04 06:15:49,318 [INFO] Starting ranging mode
ptd-server 2022-08-04 06:15:49,319 [INFO] Sending to ptd: 'Go,1000,0,2022-08-04_06-15-20_ranging'
ptd-server 2022-08-04 06:15:49,319 [INFO] Reply from ptd: 'Starting untimed measurement, maximum 500000 samples at 1000ms with 0 rampup samples'
ptd-server 2022-08-04 06:15:49,320 [INFO] Sending reply to client 'OK'
ptd-server 2022-08-04 06:28:00,356 [INFO] Got command from the client 'session,2022-08-04_06-15-20,stop,ranging'
ptd-server 2022-08-04 06:28:10,367 [INFO] Sending to ptd: 'Stop'
ptd-server 2022-08-04 06:28:10,367 [INFO] Reply from ptd: 'Stopping untimed measurement'
ptd-server 2022-08-04 06:28:10,410 [INFO] Sending reply to client 'OK'
ptd-server 2022-08-04 06:28:10,501 [INFO] Got command from the client 'time'
ptd-server 2022-08-04 06:28:10,501 [INFO] Sending reply to client '1659612490.5018737'
ptd-server 2022-08-04 06:28:10,503 [INFO] Got command from the client 'session,2022-08-04_06-15-20,start,testing'
ptd-server 2022-08-04 06:28:10,503 [INFO] Sending to ptd: 'SR,V,121.550000'
ptd-server 2022-08-04 06:28:12,821 [INFO] Reply from ptd: 'Range V changed'
ptd-server 2022-08-04 06:28:12,822 [INFO] Sending to ptd: 'SR,A,2.072000'
ptd-server 2022-08-04 06:28:14,324 [INFO] Reply from ptd: 'Range A changed'
ptd-server 2022-08-04 06:28:24,329 [INFO] Starting testing mode
ptd-server 2022-08-04 06:28:24,329 [INFO] Sending to ptd: 'Go,1000,0,2022-08-04_06-15-20_testing'
ptd-server 2022-08-04 06:28:24,330 [INFO] Reply from ptd: 'Starting untimed measurement, maximum 500000 samples at 1000ms with 0 rampup samples'
ptd-server 2022-08-04 06:28:24,330 [INFO] Sending reply to client 'OK'
ptd-server 2022-08-04 06:40:36,184 [INFO] Got command from the client 'session,2022-08-04_06-15-20,stop,testing'
ptd-server 2022-08-04 06:40:46,194 [INFO] Sending to ptd: 'Stop'
ptd-server 2022-08-04 06:40:46,195 [INFO] Reply from ptd: 'Stopping untimed measurement'
ptd-server 2022-08-04 06:40:46,218 [INFO] Sending reply to client 'OK'
ptd-server 2022-08-04 06:40:46,225 [INFO] Got command from the client 'session,2022-08-04_06-15-20,done'
ptd-server 2022-08-04 06:40:46,225 [INFO] Sending to ptd: 'Stop'
ptd-server 2022-08-04 06:40:46,331 [INFO] Reply from ptd: 'Error: no measurement to stop'
ptd-server 2022-08-04 06:40:46,331 [INFO] Sending to ptd: 'SR,V,150.000000'
ptd-server 2022-08-04 06:40:47,834 [INFO] Reply from ptd: 'Range V changed'
ptd-server 2022-08-04 06:40:47,834 [INFO] Sending to ptd: 'SR,A,5.000000'
ptd-server 2022-08-04 06:40:49,336 [INFO] Reply from ptd: 'Range A changed'
ptd-server 2022-08-04 06:40:49,336 [INFO] Set initial values for Amps 5.000000 and Volts 150.000000
ptd-server 2022-08-04 06:40:49,337 [INFO] Stopping ptd...
