ptd-server 2022-07-28 18:41:51,437 [INFO] Got command from the client 'time'
ptd-server 2022-07-28 18:41:51,438 [INFO] Sending reply to client '1659030111.4380136'
ptd-server 2022-07-28 18:41:51,442 [INFO] Got command from the client 'new,,06c1aa3b-3aa5-4909-af70-d3d9feb6bcf1'
ptd-server 2022-07-28 18:41:51,442 [INFO] Sending reply to client 'OK 2022-07-28_18-41-51,9607dec1-5c17-4b05-a1ba-3089b7fc1418'
ptd-server 2022-07-28 18:41:51,541 [INFO] Got command from the client 'time'
ptd-server 2022-07-28 18:41:51,542 [INFO] Sending reply to client '1659030111.5421'
ptd-server 2022-07-28 18:41:51,546 [INFO] Got command from the client 'session,2022-07-28_18-41-51,start,ranging'
ptd-server 2022-07-28 18:41:51,547 [INFO] Running PTDaemon: ['/home/anton/projects/mlperf/power/inference_v1.0/ptd-linux-x86', '-l', '/tmp/tmp7lgbo8s4/ptd_logfile.txt', '-p', '8888', '49', '/dev/usbtmc0']
ptd-server 2022-07-28 18:42:08,720 [INFO] Sending to ptd: 'Hello'
ptd-server 2022-07-28 18:42:08,721 [INFO] Reply from ptd: 'Hello, PTDaemon here!'
ptd-server 2022-07-28 18:42:08,721 [INFO] Sending to ptd: 'Identify'
ptd-server 2022-07-28 18:42:08,722 [INFO] Reply from ptd: 'YokogawaWT310E,1000,1,1,1,1,0,1,1,version=1.9.2-e8c7a49a-20201208,OS=Linux 5.13.0-52-generic #59~20.04.1-Ubuntu SMP Thu Jun 16 21:21:28 UTC 2022 x86_64,mode=power,1,1,1,0,0,no_cal_date,YOKOGAWA;WT310E;C3XA04010E;F1.04'
ptd-server 2022-07-28 18:42:08,722 [INFO] Connected to PTDaemon
ptd-server 2022-07-28 18:42:08,722 [INFO] Sending to ptd: 'RR'
ptd-server 2022-07-28 18:42:08,722 [INFO] Reply from ptd: 'Ranges,0,0.500000,1,300.000000'
ptd-server 2022-07-28 18:42:08,722 [INFO] Initial range for Amps is 0.500000 for Volts is Auto
ptd-server 2022-07-28 18:42:08,722 [INFO] Sending to ptd: 'SR,V,Auto'
ptd-server 2022-07-28 18:42:09,225 [INFO] Reply from ptd: 'Range V changed'
ptd-server 2022-07-28 18:42:09,225 [INFO] Sending to ptd: 'SR,A,Auto'
ptd-server 2022-07-28 18:42:09,728 [INFO] Reply from ptd: 'Range A changed'
ptd-server 2022-07-28 18:42:19,738 [INFO] Starting ranging mode
ptd-server 2022-07-28 18:42:19,738 [INFO] Sending to ptd: 'Go,1000,0,2022-07-28_18-41-51_ranging'
ptd-server 2022-07-28 18:42:19,738 [INFO] Reply from ptd: 'Starting untimed measurement, maximum 500000 samples at 1000ms with 0 rampup samples'
ptd-server 2022-07-28 18:42:19,739 [INFO] Sending reply to client 'OK'
ptd-server 2022-07-28 18:52:36,286 [INFO] Got command from the client 'session,2022-07-28_18-41-51,stop,ranging'
ptd-server 2022-07-28 18:52:46,296 [INFO] Sending to ptd: 'Stop'
ptd-server 2022-07-28 18:52:46,296 [INFO] Reply from ptd: 'Stopping untimed measurement'
ptd-server 2022-07-28 18:52:47,455 [INFO] Sending reply to client 'OK'
ptd-server 2022-07-28 18:52:47,631 [INFO] Got command from the client 'time'
ptd-server 2022-07-28 18:52:47,631 [INFO] Sending reply to client '1659030767.6314917'
ptd-server 2022-07-28 18:52:47,635 [INFO] Got command from the client 'session,2022-07-28_18-41-51,start,testing'
ptd-server 2022-07-28 18:52:47,635 [INFO] Sending to ptd: 'SR,V,250.290000'
ptd-server 2022-07-28 18:52:49,137 [INFO] Reply from ptd: 'Range V changed'
ptd-server 2022-07-28 18:52:49,137 [INFO] Sending to ptd: 'SR,A,0.052710'
ptd-server 2022-07-28 18:52:50,638 [INFO] Reply from ptd: 'Range A changed'
ptd-server 2022-07-28 18:53:00,648 [INFO] Starting testing mode
ptd-server 2022-07-28 18:53:00,649 [INFO] Sending to ptd: 'Go,1000,0,2022-07-28_18-41-51_testing'
ptd-server 2022-07-28 18:53:00,649 [INFO] Reply from ptd: 'Starting untimed measurement, maximum 500000 samples at 1000ms with 0 rampup samples'
ptd-server 2022-07-28 18:53:00,649 [INFO] Sending reply to client 'OK'
ptd-server 2022-07-28 19:03:17,194 [INFO] Got command from the client 'session,2022-07-28_18-41-51,stop,testing'
ptd-server 2022-07-28 19:03:27,204 [INFO] Sending to ptd: 'Stop'
ptd-server 2022-07-28 19:03:27,204 [INFO] Reply from ptd: 'Stopping untimed measurement'
ptd-server 2022-07-28 19:03:27,772 [INFO] Sending reply to client 'OK'
ptd-server 2022-07-28 19:03:27,866 [INFO] Got command from the client 'session,2022-07-28_18-41-51,done'
ptd-server 2022-07-28 19:03:27,866 [INFO] Sending to ptd: 'Stop'
ptd-server 2022-07-28 19:03:27,867 [INFO] Reply from ptd: 'Error: no measurement to stop'
ptd-server 2022-07-28 19:03:27,867 [INFO] Sending to ptd: 'SR,V,Auto'
ptd-server 2022-07-28 19:03:28,369 [INFO] Reply from ptd: 'Range V changed'
ptd-server 2022-07-28 19:03:28,370 [INFO] Sending to ptd: 'SR,A,0.500000'
ptd-server 2022-07-28 19:03:29,871 [INFO] Reply from ptd: 'Range A changed'
ptd-server 2022-07-28 19:03:29,871 [INFO] Set initial values for Amps 0.500000 and Volts Auto
ptd-server 2022-07-28 19:03:29,871 [INFO] Stopping ptd...
