[2mINFO   [m Sucessfully loaded MLPerf log from open/Lenovo/results/se350_prev-qaic-v1.8.0.73-aic100/retinanet/multistream/accuracy/mlperf_log_detail.txt.
[2mINFO   [m Detected power logs for open/Lenovo/results/se350_prev-qaic-v1.8.0.73-aic100/retinanet/multistream
[2mINFO   [m Sucessfully loaded MLPerf log from open/Lenovo/results/se350_prev-qaic-v1.8.0.73-aic100/retinanet/multistream/performance/run_1/mlperf_log_detail.txt.
[2mINFO   [m Sucessfully loaded MLPerf log from open/Lenovo/results/se350_prev-qaic-v1.8.0.73-aic100/retinanet/multistream/performance/run_1/mlperf_log_detail.txt.
[2mINFO   [m Sucessfully loaded MLPerf log from open/Lenovo/results/se350_prev-qaic-v1.8.0.73-aic100/retinanet/multistream/performance/run_1/mlperf_log_detail.txt.
[x] Check client sources checksum

[x] Check server sources checksum

[x] Check PTD commands and replies

[x] Check UUID

[x] Check session name

[x] Check time difference

[x] Check client server messages

[x] Check results checksum

[x] Check errors and warnings from PTD logs

[x] Check PTD configuration

[x] Check debug is disabled on server-side



All checks passed

[2mINFO   [m Sucessfully loaded MLPerf log from open/Lenovo/results/se350_prev-qaic-v1.8.0.73-aic100/retinanet/singlestream/accuracy/mlperf_log_detail.txt.
[2mINFO   [m Detected power logs for open/Lenovo/results/se350_prev-qaic-v1.8.0.73-aic100/retinanet/singlestream
[2mINFO   [m Sucessfully loaded MLPerf log from open/Lenovo/results/se350_prev-qaic-v1.8.0.73-aic100/retinanet/singlestream/performance/run_1/mlperf_log_detail.txt.
[2mINFO   [m Sucessfully loaded MLPerf log from open/Lenovo/results/se350_prev-qaic-v1.8.0.73-aic100/retinanet/singlestream/performance/run_1/mlperf_log_detail.txt.
[2mINFO   [m Sucessfully loaded MLPerf log from open/Lenovo/results/se350_prev-qaic-v1.8.0.73-aic100/retinanet/singlestream/performance/run_1/mlperf_log_detail.txt.
[x] Check client sources checksum

[x] Check server sources checksum

[x] Check PTD commands and replies

[x] Check UUID

[x] Check session name

[x] Check time difference

[x] Check client server messages

[x] Check results checksum

[x] Check errors and warnings from PTD logs

[x] Check PTD configuration

[x] Check debug is disabled on server-side



All checks passed

[2mINFO   [m Sucessfully loaded MLPerf log from open/Lenovo/results/se350_prev-qaic-v1.8.0.73-aic100/retinanet/offline/accuracy/mlperf_log_detail.txt.
[2mINFO   [m Detected power logs for open/Lenovo/results/se350_prev-qaic-v1.8.0.73-aic100/retinanet/offline
[2mINFO   [m Sucessfully loaded MLPerf log from open/Lenovo/results/se350_prev-qaic-v1.8.0.73-aic100/retinanet/offline/performance/run_1/mlperf_log_detail.txt.
[2mINFO   [m Sucessfully loaded MLPerf log from open/Lenovo/results/se350_prev-qaic-v1.8.0.73-aic100/retinanet/offline/performance/run_1/mlperf_log_detail.txt.
[2mINFO   [m Target latency: None, Latency: 628936572439, Scenario: Offline
[2mINFO   [m Sucessfully loaded MLPerf log from open/Lenovo/results/se350_prev-qaic-v1.8.0.73-aic100/retinanet/offline/performance/run_1/mlperf_log_detail.txt.
[x] Check client sources checksum

[x] Check server sources checksum

[x] Check PTD commands and replies

[x] Check UUID

[x] Check session name

[x] Check time difference

[x] Check client server messages

[x] Check results checksum

[x] Check errors and warnings from PTD logs

[x] Check PTD configuration

[x] Check debug is disabled on server-side



All checks passed

[2mINFO   [m Sucessfully loaded MLPerf log from closed/Lenovo/results/A100-PCIe-80GBx8_TRT/rnnt/Server/accuracy/mlperf_log_detail.txt.
[2mINFO   [m Sucessfully loaded MLPerf log from closed/Lenovo/results/A100-PCIe-80GBx8_TRT/rnnt/Server/performance/run_1/mlperf_log_detail.txt.
[2mINFO   [m Sucessfully loaded MLPerf log from closed/Lenovo/results/A100-PCIe-80GBx8_TRT/rnnt/Server/performance/run_1/mlperf_log_detail.txt.
[2mINFO   [m Target latency: 1000000000, Early Stopping Latency: 1000000000, Scenario: Server
[2mINFO   [m Sucessfully loaded MLPerf log from closed/Lenovo/compliance/A100-PCIe-80GBx8_TRT/rnnt/Server/TEST01/performance/run_1/mlperf_log_detail.txt.
[2mINFO   [m Sucessfully loaded MLPerf log from closed/Lenovo/compliance/A100-PCIe-80GBx8_TRT/rnnt/Server/TEST01/performance/run_1/mlperf_log_detail.txt.
[2mINFO   [m Target latency: 1000000000, Early Stopping Latency: 1000000000, Scenario: Server
[2mINFO   [m Sucessfully loaded MLPerf log from closed/Lenovo/compliance/A100-PCIe-80GBx8_TRT/rnnt/Server/TEST05/performance/run_1/mlperf_log_detail.txt.
[2mINFO   [m Sucessfully loaded MLPerf log from closed/Lenovo/compliance/A100-PCIe-80GBx8_TRT/rnnt/Server/TEST05/performance/run_1/mlperf_log_detail.txt.
[2mINFO   [m Target latency: 1000000000, Early Stopping Latency: 1000000000, Scenario: Server
[2mINFO   [m Sucessfully loaded MLPerf log from closed/Lenovo/results/A100-PCIe-80GBx8_TRT/rnnt/Offline/accuracy/mlperf_log_detail.txt.
[2mINFO   [m Sucessfully loaded MLPerf log from closed/Lenovo/results/A100-PCIe-80GBx8_TRT/rnnt/Offline/performance/run_1/mlperf_log_detail.txt.
[2mINFO   [m Sucessfully loaded MLPerf log from closed/Lenovo/results/A100-PCIe-80GBx8_TRT/rnnt/Offline/performance/run_1/mlperf_log_detail.txt.
[2mINFO   [m Target latency: None, Latency: 652514283888, Scenario: Offline
[2mINFO   [m Sucessfully loaded MLPerf log from closed/Lenovo/compliance/A100-PCIe-80GBx8_TRT/rnnt/Offline/TEST01/performance/run_1/mlperf_log_detail.txt.
[2mINFO   [m Sucessfully loaded MLPerf log from closed/Lenovo/compliance/A100-PCIe-80GBx8_TRT/rnnt/Offline/TEST01/performance/run_1/mlperf_log_detail.txt.
[2mINFO   [m Target latency: None, Latency: 650625643108, Scenario: Offline
[2mINFO   [m Sucessfully loaded MLPerf log from closed/Lenovo/compliance/A100-PCIe-80GBx8_TRT/rnnt/Offline/TEST05/performance/run_1/mlperf_log_detail.txt.
[2mINFO   [m Sucessfully loaded MLPerf log from closed/Lenovo/compliance/A100-PCIe-80GBx8_TRT/rnnt/Offline/TEST05/performance/run_1/mlperf_log_detail.txt.
[2mINFO   [m Target latency: None, Latency: 654816390575, Scenario: Offline
[2mINFO   [m Sucessfully loaded MLPerf log from closed/Lenovo/results/A100-PCIe-80GBx8_TRT/bert-99/Server/accuracy/mlperf_log_detail.txt.
[2mINFO   [m Sucessfully loaded MLPerf log from closed/Lenovo/results/A100-PCIe-80GBx8_TRT/bert-99/Server/performance/run_1/mlperf_log_detail.txt.
[2mINFO   [m Sucessfully loaded MLPerf log from closed/Lenovo/results/A100-PCIe-80GBx8_TRT/bert-99/Server/performance/run_1/mlperf_log_detail.txt.
[2mINFO   [m Target latency: 130000000, Early Stopping Latency: 130000000, Scenario: Server
[2mINFO   [m Sucessfully loaded MLPerf log from closed/Lenovo/compliance/A100-PCIe-80GBx8_TRT/bert-99/Server/TEST01/performance/run_1/mlperf_log_detail.txt.
[2mINFO   [m Sucessfully loaded MLPerf log from closed/Lenovo/compliance/A100-PCIe-80GBx8_TRT/bert-99/Server/TEST01/performance/run_1/mlperf_log_detail.txt.
[2mINFO   [m Target latency: 130000000, Early Stopping Latency: 130000000, Scenario: Server
[2mINFO   [m Sucessfully loaded MLPerf log from closed/Lenovo/compliance/A100-PCIe-80GBx8_TRT/bert-99/Server/TEST05/performance/run_1/mlperf_log_detail.txt.
[2mINFO   [m Sucessfully loaded MLPerf log from closed/Lenovo/compliance/A100-PCIe-80GBx8_TRT/bert-99/Server/TEST05/performance/run_1/mlperf_log_detail.txt.
[2mINFO   [m Target latency: 130000000, Early Stopping Latency: 130000000, Scenario: Server
[2mINFO   [m Sucessfully loaded MLPerf log from closed/Lenovo/results/A100-PCIe-80GBx8_TRT/bert-99/Offline/accuracy/mlperf_log_detail.txt.
[2mINFO   [m Sucessfully loaded MLPerf log from closed/Lenovo/results/A100-PCIe-80GBx8_TRT/bert-99/Offline/performance/run_1/mlperf_log_detail.txt.
[2mINFO   [m Sucessfully loaded MLPerf log from closed/Lenovo/results/A100-PCIe-80GBx8_TRT/bert-99/Offline/performance/run_1/mlperf_log_detail.txt.
[2mINFO   [m Target latency: None, Latency: 697034128288, Scenario: Offline
[2mINFO   [m Sucessfully loaded MLPerf log from closed/Lenovo/compliance/A100-PCIe-80GBx8_TRT/bert-99/Offline/TEST01/performance/run_1/mlperf_log_detail.txt.
[2mINFO   [m Sucessfully loaded MLPerf log from closed/Lenovo/compliance/A100-PCIe-80GBx8_TRT/bert-99/Offline/TEST01/performance/run_1/mlperf_log_detail.txt.
[2mINFO   [m Target latency: None, Latency: 656490725184, Scenario: Offline
[2mINFO   [m Sucessfully loaded MLPerf log from closed/Lenovo/compliance/A100-PCIe-80GBx8_TRT/bert-99/Offline/TEST05/performance/run_1/mlperf_log_detail.txt.
[2mINFO   [m Sucessfully loaded MLPerf log from closed/Lenovo/compliance/A100-PCIe-80GBx8_TRT/bert-99/Offline/TEST05/performance/run_1/mlperf_log_detail.txt.
[2mINFO   [m Target latency: None, Latency: 656893580098, Scenario: Offline
[2mINFO   [m Compliance test accuracy check in closed/Lenovo/compliance/A100-PCIe-80GBx8_TRT/bert-99/Offline/TEST01 failed
[2mINFO   [m Sucessfully loaded MLPerf log from closed/Lenovo/results/A100-PCIe-80GBx8_TRT/resnet50/Server/accuracy/mlperf_log_detail.txt.
[2mINFO   [m Sucessfully loaded MLPerf log from closed/Lenovo/results/A100-PCIe-80GBx8_TRT/resnet50/Server/performance/run_1/mlperf_log_detail.txt.
[2mINFO   [m Sucessfully loaded MLPerf log from closed/Lenovo/results/A100-PCIe-80GBx8_TRT/resnet50/Server/performance/run_1/mlperf_log_detail.txt.
[2mINFO   [m Target latency: 15000000, Early Stopping Latency: 15000000, Scenario: Server
[2mINFO   [m Sucessfully loaded MLPerf log from closed/Lenovo/compliance/A100-PCIe-80GBx8_TRT/resnet50/Server/TEST01/performance/run_1/mlperf_log_detail.txt.
[2mINFO   [m Sucessfully loaded MLPerf log from closed/Lenovo/compliance/A100-PCIe-80GBx8_TRT/resnet50/Server/TEST01/performance/run_1/mlperf_log_detail.txt.
[2mINFO   [m Target latency: 15000000, Early Stopping Latency: 15000000, Scenario: Server
[2mINFO   [m Sucessfully loaded MLPerf log from closed/Lenovo/compliance/A100-PCIe-80GBx8_TRT/resnet50/Server/TEST04/performance/run_1/mlperf_log_detail.txt.
[2mINFO   [m Sucessfully loaded MLPerf log from closed/Lenovo/compliance/A100-PCIe-80GBx8_TRT/resnet50/Server/TEST04/performance/run_1/mlperf_log_detail.txt.
[2mINFO   [m Target latency: 15000000, Early Stopping Latency: 15000000, Scenario: Server
[2mINFO   [m Sucessfully loaded MLPerf log from closed/Lenovo/compliance/A100-PCIe-80GBx8_TRT/resnet50/Server/TEST05/performance/run_1/mlperf_log_detail.txt.
[2mINFO   [m Sucessfully loaded MLPerf log from closed/Lenovo/compliance/A100-PCIe-80GBx8_TRT/resnet50/Server/TEST05/performance/run_1/mlperf_log_detail.txt.
[2mINFO   [m Target latency: 15000000, Early Stopping Latency: 15000000, Scenario: Server
[2mINFO   [m Sucessfully loaded MLPerf log from closed/Lenovo/results/A100-PCIe-80GBx8_TRT/resnet50/Offline/accuracy/mlperf_log_detail.txt.
[2mINFO   [m Sucessfully loaded MLPerf log from closed/Lenovo/results/A100-PCIe-80GBx8_TRT/resnet50/Offline/performance/run_1/mlperf_log_detail.txt.
[2mINFO   [m Sucessfully loaded MLPerf log from closed/Lenovo/results/A100-PCIe-80GBx8_TRT/resnet50/Offline/performance/run_1/mlperf_log_detail.txt.
[2mINFO   [m Target latency: None, Latency: 601736235680, Scenario: Offline
[2mINFO   [m Sucessfully loaded MLPerf log from closed/Lenovo/compliance/A100-PCIe-80GBx8_TRT/resnet50/Offline/TEST01/performance/run_1/mlperf_log_detail.txt.
[2mINFO   [m Sucessfully loaded MLPerf log from closed/Lenovo/compliance/A100-PCIe-80GBx8_TRT/resnet50/Offline/TEST01/performance/run_1/mlperf_log_detail.txt.
[2mINFO   [m Target latency: None, Latency: 601876702877, Scenario: Offline
[2mINFO   [m Sucessfully loaded MLPerf log from closed/Lenovo/compliance/A100-PCIe-80GBx8_TRT/resnet50/Offline/TEST04/performance/run_1/mlperf_log_detail.txt.
[2mINFO   [m Sucessfully loaded MLPerf log from closed/Lenovo/compliance/A100-PCIe-80GBx8_TRT/resnet50/Offline/TEST04/performance/run_1/mlperf_log_detail.txt.
[2mINFO   [m Target latency: None, Latency: 1057124152917, Scenario: Offline
[2mINFO   [m Sucessfully loaded MLPerf log from closed/Lenovo/compliance/A100-PCIe-80GBx8_TRT/resnet50/Offline/TEST05/performance/run_1/mlperf_log_detail.txt.
[2mINFO   [m Sucessfully loaded MLPerf log from closed/Lenovo/compliance/A100-PCIe-80GBx8_TRT/resnet50/Offline/TEST05/performance/run_1/mlperf_log_detail.txt.
[2mINFO   [m Target latency: None, Latency: 601755083956, Scenario: Offline
[2mINFO   [m Sucessfully loaded MLPerf log from closed/Lenovo/results/A100-PCIe-80GBx8_TRT/3d-unet-99.9/Offline/accuracy/mlperf_log_detail.txt.
[2mINFO   [m Sucessfully loaded MLPerf log from closed/Lenovo/results/A100-PCIe-80GBx8_TRT/3d-unet-99.9/Offline/performance/run_1/mlperf_log_detail.txt.
[2mINFO   [m Sucessfully loaded MLPerf log from closed/Lenovo/results/A100-PCIe-80GBx8_TRT/3d-unet-99.9/Offline/performance/run_1/mlperf_log_detail.txt.
[2mINFO   [m Target latency: None, Latency: 962336731102, Scenario: Offline
[2mINFO   [m Sucessfully loaded MLPerf log from closed/Lenovo/compliance/A100-PCIe-80GBx8_TRT/3d-unet-99.9/Offline/TEST01/performance/run_1/mlperf_log_detail.txt.
[2mINFO   [m Sucessfully loaded MLPerf log from closed/Lenovo/compliance/A100-PCIe-80GBx8_TRT/3d-unet-99.9/Offline/TEST01/performance/run_1/mlperf_log_detail.txt.
[2mINFO   [m Target latency: None, Latency: 962706397654, Scenario: Offline
[2mINFO   [m Sucessfully loaded MLPerf log from closed/Lenovo/compliance/A100-PCIe-80GBx8_TRT/3d-unet-99.9/Offline/TEST05/performance/run_1/mlperf_log_detail.txt.
[2mINFO   [m Sucessfully loaded MLPerf log from closed/Lenovo/compliance/A100-PCIe-80GBx8_TRT/3d-unet-99.9/Offline/TEST05/performance/run_1/mlperf_log_detail.txt.
[2mINFO   [m Target latency: None, Latency: 962707225127, Scenario: Offline
[2mINFO   [m Sucessfully loaded MLPerf log from closed/Lenovo/results/A100-PCIe-80GBx8_TRT/bert-99.9/Server/accuracy/mlperf_log_detail.txt.
[2mINFO   [m Sucessfully loaded MLPerf log from closed/Lenovo/results/A100-PCIe-80GBx8_TRT/bert-99.9/Server/performance/run_1/mlperf_log_detail.txt.
[2mINFO   [m Sucessfully loaded MLPerf log from closed/Lenovo/results/A100-PCIe-80GBx8_TRT/bert-99.9/Server/performance/run_1/mlperf_log_detail.txt.
[2mINFO   [m Target latency: 130000000, Early Stopping Latency: 130000000, Scenario: Server
[2mINFO   [m Sucessfully loaded MLPerf log from closed/Lenovo/compliance/A100-PCIe-80GBx8_TRT/bert-99.9/Server/TEST01/performance/run_1/mlperf_log_detail.txt.
[2mINFO   [m Sucessfully loaded MLPerf log from closed/Lenovo/compliance/A100-PCIe-80GBx8_TRT/bert-99.9/Server/TEST01/performance/run_1/mlperf_log_detail.txt.
[2mINFO   [m Target latency: 130000000, Early Stopping Latency: 130000000, Scenario: Server
[2mINFO   [m Sucessfully loaded MLPerf log from closed/Lenovo/compliance/A100-PCIe-80GBx8_TRT/bert-99.9/Server/TEST05/performance/run_1/mlperf_log_detail.txt.
[2mINFO   [m Sucessfully loaded MLPerf log from closed/Lenovo/compliance/A100-PCIe-80GBx8_TRT/bert-99.9/Server/TEST05/performance/run_1/mlperf_log_detail.txt.
[2mINFO   [m Target latency: 130000000, Early Stopping Latency: 130000000, Scenario: Server
[2mINFO   [m Sucessfully loaded MLPerf log from closed/Lenovo/results/A100-PCIe-80GBx8_TRT/bert-99.9/Offline/accuracy/mlperf_log_detail.txt.
[2mINFO   [m Sucessfully loaded MLPerf log from closed/Lenovo/results/A100-PCIe-80GBx8_TRT/bert-99.9/Offline/performance/run_1/mlperf_log_detail.txt.
[2mINFO   [m Sucessfully loaded MLPerf log from closed/Lenovo/results/A100-PCIe-80GBx8_TRT/bert-99.9/Offline/performance/run_1/mlperf_log_detail.txt.
[2mINFO   [m Target latency: None, Latency: 647288596601, Scenario: Offline
[2mINFO   [m Sucessfully loaded MLPerf log from closed/Lenovo/compliance/A100-PCIe-80GBx8_TRT/bert-99.9/Offline/TEST01/performance/run_1/mlperf_log_detail.txt.
[2mINFO   [m Sucessfully loaded MLPerf log from closed/Lenovo/compliance/A100-PCIe-80GBx8_TRT/bert-99.9/Offline/TEST01/performance/run_1/mlperf_log_detail.txt.
[2mINFO   [m Target latency: None, Latency: 647361493280, Scenario: Offline
[2mINFO   [m Sucessfully loaded MLPerf log from closed/Lenovo/compliance/A100-PCIe-80GBx8_TRT/bert-99.9/Offline/TEST05/performance/run_1/mlperf_log_detail.txt.
[2mINFO   [m Sucessfully loaded MLPerf log from closed/Lenovo/compliance/A100-PCIe-80GBx8_TRT/bert-99.9/Offline/TEST05/performance/run_1/mlperf_log_detail.txt.
[2mINFO   [m Target latency: None, Latency: 647475932411, Scenario: Offline
[2mINFO   [m Compliance test accuracy check in closed/Lenovo/compliance/A100-PCIe-80GBx8_TRT/bert-99.9/Offline/TEST01 failed
[2mINFO   [m Sucessfully loaded MLPerf log from closed/Lenovo/results/A100-PCIe-80GBx8_TRT/3d-unet-99/Offline/accuracy/mlperf_log_detail.txt.
[2mINFO   [m Sucessfully loaded MLPerf log from closed/Lenovo/results/A100-PCIe-80GBx8_TRT/3d-unet-99/Offline/performance/run_1/mlperf_log_detail.txt.
[2mINFO   [m Sucessfully loaded MLPerf log from closed/Lenovo/results/A100-PCIe-80GBx8_TRT/3d-unet-99/Offline/performance/run_1/mlperf_log_detail.txt.
[2mINFO   [m Target latency: None, Latency: 962336731102, Scenario: Offline
[2mINFO   [m Sucessfully loaded MLPerf log from closed/Lenovo/compliance/A100-PCIe-80GBx8_TRT/3d-unet-99/Offline/TEST01/performance/run_1/mlperf_log_detail.txt.
[2mINFO   [m Sucessfully loaded MLPerf log from closed/Lenovo/compliance/A100-PCIe-80GBx8_TRT/3d-unet-99/Offline/TEST01/performance/run_1/mlperf_log_detail.txt.
[2mINFO   [m Target latency: None, Latency: 962706397654, Scenario: Offline
[2mINFO   [m Sucessfully loaded MLPerf log from closed/Lenovo/compliance/A100-PCIe-80GBx8_TRT/3d-unet-99/Offline/TEST05/performance/run_1/mlperf_log_detail.txt.
[2mINFO   [m Sucessfully loaded MLPerf log from closed/Lenovo/compliance/A100-PCIe-80GBx8_TRT/3d-unet-99/Offline/TEST05/performance/run_1/mlperf_log_detail.txt.
[2mINFO   [m Target latency: None, Latency: 962707225127, Scenario: Offline
[2mINFO   [m Sucessfully loaded MLPerf log from closed/Lenovo/results/A100_SXM_80GBx4_TRT/rnnt/Server/accuracy/mlperf_log_detail.txt.
[2mINFO   [m Sucessfully loaded MLPerf log from closed/Lenovo/results/A100_SXM_80GBx4_TRT/rnnt/Server/performance/run_1/mlperf_log_detail.txt.
[2mINFO   [m Sucessfully loaded MLPerf log from closed/Lenovo/results/A100_SXM_80GBx4_TRT/rnnt/Server/performance/run_1/mlperf_log_detail.txt.
[2mINFO   [m Target latency: 1000000000, Early Stopping Latency: 1000000000, Scenario: Server
[2mINFO   [m Sucessfully loaded MLPerf log from closed/Lenovo/compliance/A100_SXM_80GBx4_TRT/rnnt/Server/TEST01/performance/run_1/mlperf_log_detail.txt.
[2mINFO   [m Sucessfully loaded MLPerf log from closed/Lenovo/compliance/A100_SXM_80GBx4_TRT/rnnt/Server/TEST01/performance/run_1/mlperf_log_detail.txt.
[2mINFO   [m Target latency: 1000000000, Early Stopping Latency: 1000000000, Scenario: Server
[2mINFO   [m Sucessfully loaded MLPerf log from closed/Lenovo/compliance/A100_SXM_80GBx4_TRT/rnnt/Server/TEST05/performance/run_1/mlperf_log_detail.txt.
[2mINFO   [m Sucessfully loaded MLPerf log from closed/Lenovo/compliance/A100_SXM_80GBx4_TRT/rnnt/Server/TEST05/performance/run_1/mlperf_log_detail.txt.
[2mINFO   [m Target latency: 1000000000, Early Stopping Latency: 1000000000, Scenario: Server
[2mINFO   [m Sucessfully loaded MLPerf log from closed/Lenovo/results/A100_SXM_80GBx4_TRT/rnnt/Offline/accuracy/mlperf_log_detail.txt.
[2mINFO   [m Sucessfully loaded MLPerf log from closed/Lenovo/results/A100_SXM_80GBx4_TRT/rnnt/Offline/performance/run_1/mlperf_log_detail.txt.
[2mINFO   [m Sucessfully loaded MLPerf log from closed/Lenovo/results/A100_SXM_80GBx4_TRT/rnnt/Offline/performance/run_1/mlperf_log_detail.txt.
[2mINFO   [m Target latency: None, Latency: 679590886008, Scenario: Offline
[2mINFO   [m Sucessfully loaded MLPerf log from closed/Lenovo/compliance/A100_SXM_80GBx4_TRT/rnnt/Offline/TEST01/performance/run_1/mlperf_log_detail.txt.
[2mINFO   [m Sucessfully loaded MLPerf log from closed/Lenovo/compliance/A100_SXM_80GBx4_TRT/rnnt/Offline/TEST01/performance/run_1/mlperf_log_detail.txt.
[2mINFO   [m Target latency: None, Latency: 678987949634, Scenario: Offline
[2mINFO   [m Sucessfully loaded MLPerf log from closed/Lenovo/compliance/A100_SXM_80GBx4_TRT/rnnt/Offline/TEST05/performance/run_1/mlperf_log_detail.txt.
[2mINFO   [m Sucessfully loaded MLPerf log from closed/Lenovo/compliance/A100_SXM_80GBx4_TRT/rnnt/Offline/TEST05/performance/run_1/mlperf_log_detail.txt.
[2mINFO   [m Target latency: None, Latency: 679338905556, Scenario: Offline
[2mINFO   [m Sucessfully loaded MLPerf log from closed/Lenovo/results/A100_SXM_80GBx4_TRT/resnet50/Server/accuracy/mlperf_log_detail.txt.
[2mINFO   [m Sucessfully loaded MLPerf log from closed/Lenovo/results/A100_SXM_80GBx4_TRT/resnet50/Server/performance/run_1/mlperf_log_detail.txt.
[2mINFO   [m Sucessfully loaded MLPerf log from closed/Lenovo/results/A100_SXM_80GBx4_TRT/resnet50/Server/performance/run_1/mlperf_log_detail.txt.
[2mINFO   [m Target latency: 15000000, Early Stopping Latency: 15000000, Scenario: Server
[2mINFO   [m Sucessfully loaded MLPerf log from closed/Lenovo/compliance/A100_SXM_80GBx4_TRT/resnet50/Server/TEST01/performance/run_1/mlperf_log_detail.txt.
[2mINFO   [m Sucessfully loaded MLPerf log from closed/Lenovo/compliance/A100_SXM_80GBx4_TRT/resnet50/Server/TEST01/performance/run_1/mlperf_log_detail.txt.
[2mINFO   [m Target latency: 15000000, Early Stopping Latency: 15000000, Scenario: Server
[2mINFO   [m Sucessfully loaded MLPerf log from closed/Lenovo/compliance/A100_SXM_80GBx4_TRT/resnet50/Server/TEST04/performance/run_1/mlperf_log_detail.txt.
[2mINFO   [m Sucessfully loaded MLPerf log from closed/Lenovo/compliance/A100_SXM_80GBx4_TRT/resnet50/Server/TEST04/performance/run_1/mlperf_log_detail.txt.
[2mINFO   [m Target latency: 15000000, Early Stopping Latency: 15000000, Scenario: Server
[2mINFO   [m Sucessfully loaded MLPerf log from closed/Lenovo/compliance/A100_SXM_80GBx4_TRT/resnet50/Server/TEST05/performance/run_1/mlperf_log_detail.txt.
[2mINFO   [m Sucessfully loaded MLPerf log from closed/Lenovo/compliance/A100_SXM_80GBx4_TRT/resnet50/Server/TEST05/performance/run_1/mlperf_log_detail.txt.
[2mINFO   [m Target latency: 15000000, Early Stopping Latency: 15000000, Scenario: Server
[2mINFO   [m Sucessfully loaded MLPerf log from closed/Lenovo/results/A100_SXM_80GBx4_TRT/resnet50/Offline/accuracy/mlperf_log_detail.txt.
[2mINFO   [m Sucessfully loaded MLPerf log from closed/Lenovo/results/A100_SXM_80GBx4_TRT/resnet50/Offline/performance/run_1/mlperf_log_detail.txt.
[2mINFO   [m Sucessfully loaded MLPerf log from closed/Lenovo/results/A100_SXM_80GBx4_TRT/resnet50/Offline/performance/run_1/mlperf_log_detail.txt.
[2mINFO   [m Target latency: None, Latency: 1275477668983, Scenario: Offline
[2mINFO   [m Sucessfully loaded MLPerf log from closed/Lenovo/compliance/A100_SXM_80GBx4_TRT/resnet50/Offline/TEST01/performance/run_1/mlperf_log_detail.txt.
[2mINFO   [m Sucessfully loaded MLPerf log from closed/Lenovo/compliance/A100_SXM_80GBx4_TRT/resnet50/Offline/TEST01/performance/run_1/mlperf_log_detail.txt.
[2mINFO   [m Target latency: None, Latency: 1275349775914, Scenario: Offline
[2mINFO   [m Sucessfully loaded MLPerf log from closed/Lenovo/compliance/A100_SXM_80GBx4_TRT/resnet50/Offline/TEST04/performance/run_1/mlperf_log_detail.txt.
[2mINFO   [m Sucessfully loaded MLPerf log from closed/Lenovo/compliance/A100_SXM_80GBx4_TRT/resnet50/Offline/TEST04/performance/run_1/mlperf_log_detail.txt.
[2mINFO   [m Target latency: None, Latency: 1341068726261, Scenario: Offline
[2mINFO   [m Sucessfully loaded MLPerf log from closed/Lenovo/compliance/A100_SXM_80GBx4_TRT/resnet50/Offline/TEST05/performance/run_1/mlperf_log_detail.txt.
[2mINFO   [m Sucessfully loaded MLPerf log from closed/Lenovo/compliance/A100_SXM_80GBx4_TRT/resnet50/Offline/TEST05/performance/run_1/mlperf_log_detail.txt.
[2mINFO   [m Target latency: None, Latency: 1273658352681, Scenario: Offline
[2mINFO   [m Sucessfully loaded MLPerf log from closed/Lenovo/results/A100_SXM_80GBx4_TRT/3d-unet-99.9/Offline/accuracy/mlperf_log_detail.txt.
[2mINFO   [m Sucessfully loaded MLPerf log from closed/Lenovo/results/A100_SXM_80GBx4_TRT/3d-unet-99.9/Offline/performance/run_1/mlperf_log_detail.txt.
[2mINFO   [m Sucessfully loaded MLPerf log from closed/Lenovo/results/A100_SXM_80GBx4_TRT/3d-unet-99.9/Offline/performance/run_1/mlperf_log_detail.txt.
[2mINFO   [m Target latency: None, Latency: 1868238509126, Scenario: Offline
[2mINFO   [m Sucessfully loaded MLPerf log from closed/Lenovo/compliance/A100_SXM_80GBx4_TRT/3d-unet-99.9/Offline/TEST01/performance/run_1/mlperf_log_detail.txt.
[2mINFO   [m Sucessfully loaded MLPerf log from closed/Lenovo/compliance/A100_SXM_80GBx4_TRT/3d-unet-99.9/Offline/TEST01/performance/run_1/mlperf_log_detail.txt.
[2mINFO   [m Target latency: None, Latency: 1868775268588, Scenario: Offline
[2mINFO   [m Sucessfully loaded MLPerf log from closed/Lenovo/compliance/A100_SXM_80GBx4_TRT/3d-unet-99.9/Offline/TEST05/performance/run_1/mlperf_log_detail.txt.
[2mINFO   [m Sucessfully loaded MLPerf log from closed/Lenovo/compliance/A100_SXM_80GBx4_TRT/3d-unet-99.9/Offline/TEST05/performance/run_1/mlperf_log_detail.txt.
[2mINFO   [m Target latency: None, Latency: 1867449079515, Scenario: Offline
[2mINFO   [m Sucessfully loaded MLPerf log from closed/Lenovo/results/A100_SXM_80GBx4_TRT/3d-unet-99/Offline/accuracy/mlperf_log_detail.txt.
[2mINFO   [m Sucessfully loaded MLPerf log from closed/Lenovo/results/A100_SXM_80GBx4_TRT/3d-unet-99/Offline/performance/run_1/mlperf_log_detail.txt.
[2mINFO   [m Sucessfully loaded MLPerf log from closed/Lenovo/results/A100_SXM_80GBx4_TRT/3d-unet-99/Offline/performance/run_1/mlperf_log_detail.txt.
[2mINFO   [m Target latency: None, Latency: 1868238509126, Scenario: Offline
[2mINFO   [m Sucessfully loaded MLPerf log from closed/Lenovo/compliance/A100_SXM_80GBx4_TRT/3d-unet-99/Offline/TEST01/performance/run_1/mlperf_log_detail.txt.
[2mINFO   [m Sucessfully loaded MLPerf log from closed/Lenovo/compliance/A100_SXM_80GBx4_TRT/3d-unet-99/Offline/TEST01/performance/run_1/mlperf_log_detail.txt.
[2mINFO   [m Target latency: None, Latency: 1868775268588, Scenario: Offline
[2mINFO   [m Sucessfully loaded MLPerf log from closed/Lenovo/compliance/A100_SXM_80GBx4_TRT/3d-unet-99/Offline/TEST05/performance/run_1/mlperf_log_detail.txt.
[2mINFO   [m Sucessfully loaded MLPerf log from closed/Lenovo/compliance/A100_SXM_80GBx4_TRT/3d-unet-99/Offline/TEST05/performance/run_1/mlperf_log_detail.txt.
[2mINFO   [m Target latency: None, Latency: 1867449079515, Scenario: Offline
[2mINFO   [m Sucessfully loaded MLPerf log from closed/Lenovo/results/se350-qaic-v1.7.1.12-aic100/bert-99/singlestream/accuracy/mlperf_log_detail.txt.
[2mINFO   [m Detected power logs for closed/Lenovo/results/se350-qaic-v1.7.1.12-aic100/bert-99/singlestream
[2mINFO   [m Sucessfully loaded MLPerf log from closed/Lenovo/results/se350-qaic-v1.7.1.12-aic100/bert-99/singlestream/performance/run_1/mlperf_log_detail.txt.
[2mINFO   [m Sucessfully loaded MLPerf log from closed/Lenovo/results/se350-qaic-v1.7.1.12-aic100/bert-99/singlestream/performance/run_1/mlperf_log_detail.txt.
[2mINFO   [m Sucessfully loaded MLPerf log from closed/Lenovo/results/se350-qaic-v1.7.1.12-aic100/bert-99/singlestream/performance/run_1/mlperf_log_detail.txt.
[x] Check client sources checksum

[x] Check server sources checksum

[x] Check PTD commands and replies

[x] Check UUID

[x] Check session name

[x] Check time difference

[x] Check client server messages

[x] Check results checksum

[x] Check errors and warnings from PTD logs

[x] Check PTD configuration

[x] Check debug is disabled on server-side



All checks passed

[2mINFO   [m Sucessfully loaded MLPerf log from closed/Lenovo/compliance/se350-qaic-v1.7.1.12-aic100/bert-99/singlestream/TEST01/performance/run_1/mlperf_log_detail.txt.
[2mINFO   [m Sucessfully loaded MLPerf log from closed/Lenovo/compliance/se350-qaic-v1.7.1.12-aic100/bert-99/singlestream/TEST01/performance/run_1/mlperf_log_detail.txt.
[2mINFO   [m Sucessfully loaded MLPerf log from closed/Lenovo/compliance/se350-qaic-v1.7.1.12-aic100/bert-99/singlestream/TEST05/performance/run_1/mlperf_log_detail.txt.
[2mINFO   [m Sucessfully loaded MLPerf log from closed/Lenovo/compliance/se350-qaic-v1.7.1.12-aic100/bert-99/singlestream/TEST05/performance/run_1/mlperf_log_detail.txt.
[2mINFO   [m Sucessfully loaded MLPerf log from closed/Lenovo/results/se350-qaic-v1.7.1.12-aic100/bert-99/offline/accuracy/mlperf_log_detail.txt.
[2mINFO   [m Detected power logs for closed/Lenovo/results/se350-qaic-v1.7.1.12-aic100/bert-99/offline
[2mINFO   [m Sucessfully loaded MLPerf log from closed/Lenovo/results/se350-qaic-v1.7.1.12-aic100/bert-99/offline/performance/run_1/mlperf_log_detail.txt.
[2mINFO   [m Sucessfully loaded MLPerf log from closed/Lenovo/results/se350-qaic-v1.7.1.12-aic100/bert-99/offline/performance/run_1/mlperf_log_detail.txt.
[2mINFO   [m Target latency: None, Latency: 644252706920, Scenario: Offline
[2mINFO   [m Sucessfully loaded MLPerf log from closed/Lenovo/results/se350-qaic-v1.7.1.12-aic100/bert-99/offline/performance/run_1/mlperf_log_detail.txt.
[x] Check client sources checksum

[x] Check server sources checksum

[x] Check PTD commands and replies

[x] Check UUID

[x] Check session name

[x] Check time difference

[x] Check client server messages

[x] Check results checksum

[x] Check errors and warnings from PTD logs

[x] Check PTD configuration

[x] Check debug is disabled on server-side



All checks passed

[2mINFO   [m Sucessfully loaded MLPerf log from closed/Lenovo/compliance/se350-qaic-v1.7.1.12-aic100/bert-99/offline/TEST01/performance/run_1/mlperf_log_detail.txt.
[2mINFO   [m Sucessfully loaded MLPerf log from closed/Lenovo/compliance/se350-qaic-v1.7.1.12-aic100/bert-99/offline/TEST01/performance/run_1/mlperf_log_detail.txt.
[2mINFO   [m Target latency: None, Latency: 646431259418, Scenario: Offline
[2mINFO   [m Sucessfully loaded MLPerf log from closed/Lenovo/compliance/se350-qaic-v1.7.1.12-aic100/bert-99/offline/TEST05/performance/run_1/mlperf_log_detail.txt.
[2mINFO   [m Sucessfully loaded MLPerf log from closed/Lenovo/compliance/se350-qaic-v1.7.1.12-aic100/bert-99/offline/TEST05/performance/run_1/mlperf_log_detail.txt.
[2mINFO   [m Target latency: None, Latency: 644230324699, Scenario: Offline
[2mINFO   [m Sucessfully loaded MLPerf log from closed/Lenovo/results/se350-qaic-v1.7.1.12-aic100/resnet50/multistream/accuracy/mlperf_log_detail.txt.
[2mINFO   [m Detected power logs for closed/Lenovo/results/se350-qaic-v1.7.1.12-aic100/resnet50/multistream
[2mINFO   [m Sucessfully loaded MLPerf log from closed/Lenovo/results/se350-qaic-v1.7.1.12-aic100/resnet50/multistream/performance/run_1/mlperf_log_detail.txt.
[2mINFO   [m Sucessfully loaded MLPerf log from closed/Lenovo/results/se350-qaic-v1.7.1.12-aic100/resnet50/multistream/performance/run_1/mlperf_log_detail.txt.
[2mINFO   [m Sucessfully loaded MLPerf log from closed/Lenovo/results/se350-qaic-v1.7.1.12-aic100/resnet50/multistream/performance/run_1/mlperf_log_detail.txt.
[x] Check client sources checksum

[x] Check server sources checksum

[x] Check PTD commands and replies

[x] Check UUID

[x] Check session name

[x] Check time difference

[x] Check client server messages

[x] Check results checksum

[x] Check errors and warnings from PTD logs

[x] Check PTD configuration

[x] Check debug is disabled on server-side



All checks passed

[2mINFO   [m Sucessfully loaded MLPerf log from closed/Lenovo/compliance/se350-qaic-v1.7.1.12-aic100/resnet50/multistream/TEST01/performance/run_1/mlperf_log_detail.txt.
[2mINFO   [m Sucessfully loaded MLPerf log from closed/Lenovo/compliance/se350-qaic-v1.7.1.12-aic100/resnet50/multistream/TEST01/performance/run_1/mlperf_log_detail.txt.
[2mINFO   [m Sucessfully loaded MLPerf log from closed/Lenovo/compliance/se350-qaic-v1.7.1.12-aic100/resnet50/multistream/TEST04/performance/run_1/mlperf_log_detail.txt.
[2mINFO   [m Sucessfully loaded MLPerf log from closed/Lenovo/compliance/se350-qaic-v1.7.1.12-aic100/resnet50/multistream/TEST04/performance/run_1/mlperf_log_detail.txt.
[2mINFO   [m Sucessfully loaded MLPerf log from closed/Lenovo/compliance/se350-qaic-v1.7.1.12-aic100/resnet50/multistream/TEST05/performance/run_1/mlperf_log_detail.txt.
[2mINFO   [m Sucessfully loaded MLPerf log from closed/Lenovo/compliance/se350-qaic-v1.7.1.12-aic100/resnet50/multistream/TEST05/performance/run_1/mlperf_log_detail.txt.
[2mINFO   [m Sucessfully loaded MLPerf log from closed/Lenovo/results/se350-qaic-v1.7.1.12-aic100/resnet50/singlestream/accuracy/mlperf_log_detail.txt.
[2mINFO   [m Detected power logs for closed/Lenovo/results/se350-qaic-v1.7.1.12-aic100/resnet50/singlestream
[2mINFO   [m Sucessfully loaded MLPerf log from closed/Lenovo/results/se350-qaic-v1.7.1.12-aic100/resnet50/singlestream/performance/run_1/mlperf_log_detail.txt.
[2mINFO   [m Sucessfully loaded MLPerf log from closed/Lenovo/results/se350-qaic-v1.7.1.12-aic100/resnet50/singlestream/performance/run_1/mlperf_log_detail.txt.
[2mINFO   [m Sucessfully loaded MLPerf log from closed/Lenovo/results/se350-qaic-v1.7.1.12-aic100/resnet50/singlestream/performance/run_1/mlperf_log_detail.txt.
[x] Check client sources checksum

[x] Check server sources checksum

[x] Check PTD commands and replies

[x] Check UUID

[x] Check session name

[x] Check time difference

[x] Check client server messages

[x] Check results checksum

[x] Check errors and warnings from PTD logs

	'07-30-2022 21:02:13.245: ERROR: Bad watts reading nan from WT310' in ptd_log.txt during ranging stage. Treated as WARNING



[x] Check PTD configuration

[x] Check debug is disabled on server-side



All checks passed. Warnings encountered, check for audit!

[2mINFO   [m Sucessfully loaded MLPerf log from closed/Lenovo/compliance/se350-qaic-v1.7.1.12-aic100/resnet50/singlestream/TEST01/performance/run_1/mlperf_log_detail.txt.
[2mINFO   [m Sucessfully loaded MLPerf log from closed/Lenovo/compliance/se350-qaic-v1.7.1.12-aic100/resnet50/singlestream/TEST01/performance/run_1/mlperf_log_detail.txt.
[2mINFO   [m Sucessfully loaded MLPerf log from closed/Lenovo/compliance/se350-qaic-v1.7.1.12-aic100/resnet50/singlestream/TEST04/performance/run_1/mlperf_log_detail.txt.
[2mINFO   [m Sucessfully loaded MLPerf log from closed/Lenovo/compliance/se350-qaic-v1.7.1.12-aic100/resnet50/singlestream/TEST04/performance/run_1/mlperf_log_detail.txt.
[2mINFO   [m Sucessfully loaded MLPerf log from closed/Lenovo/compliance/se350-qaic-v1.7.1.12-aic100/resnet50/singlestream/TEST05/performance/run_1/mlperf_log_detail.txt.
[2mINFO   [m Sucessfully loaded MLPerf log from closed/Lenovo/compliance/se350-qaic-v1.7.1.12-aic100/resnet50/singlestream/TEST05/performance/run_1/mlperf_log_detail.txt.
[2mINFO   [m Sucessfully loaded MLPerf log from closed/Lenovo/results/se350-qaic-v1.7.1.12-aic100/resnet50/offline/accuracy/mlperf_log_detail.txt.
[2mINFO   [m Detected power logs for closed/Lenovo/results/se350-qaic-v1.7.1.12-aic100/resnet50/offline
[2mINFO   [m Sucessfully loaded MLPerf log from closed/Lenovo/results/se350-qaic-v1.7.1.12-aic100/resnet50/offline/performance/run_1/mlperf_log_detail.txt.
[2mINFO   [m Sucessfully loaded MLPerf log from closed/Lenovo/results/se350-qaic-v1.7.1.12-aic100/resnet50/offline/performance/run_1/mlperf_log_detail.txt.
[2mINFO   [m Target latency: None, Latency: 616666630139, Scenario: Offline
[2mINFO   [m Sucessfully loaded MLPerf log from closed/Lenovo/results/se350-qaic-v1.7.1.12-aic100/resnet50/offline/performance/run_1/mlperf_log_detail.txt.
[x] Check client sources checksum

[x] Check server sources checksum

[x] Check PTD commands and replies

[x] Check UUID

[x] Check session name

[x] Check time difference

[x] Check client server messages

[x] Check results checksum

[x] Check errors and warnings from PTD logs

[x] Check PTD configuration

[x] Check debug is disabled on server-side



All checks passed

[2mINFO   [m Sucessfully loaded MLPerf log from closed/Lenovo/compliance/se350-qaic-v1.7.1.12-aic100/resnet50/offline/TEST01/performance/run_1/mlperf_log_detail.txt.
[2mINFO   [m Sucessfully loaded MLPerf log from closed/Lenovo/compliance/se350-qaic-v1.7.1.12-aic100/resnet50/offline/TEST01/performance/run_1/mlperf_log_detail.txt.
[2mINFO   [m Target latency: None, Latency: 619424360625, Scenario: Offline
[2mINFO   [m Sucessfully loaded MLPerf log from closed/Lenovo/compliance/se350-qaic-v1.7.1.12-aic100/resnet50/offline/TEST04/performance/run_1/mlperf_log_detail.txt.
[2mINFO   [m Sucessfully loaded MLPerf log from closed/Lenovo/compliance/se350-qaic-v1.7.1.12-aic100/resnet50/offline/TEST04/performance/run_1/mlperf_log_detail.txt.
[2mINFO   [m Target latency: None, Latency: 616810817107, Scenario: Offline
[2mINFO   [m Sucessfully loaded MLPerf log from closed/Lenovo/compliance/se350-qaic-v1.7.1.12-aic100/resnet50/offline/TEST05/performance/run_1/mlperf_log_detail.txt.
[2mINFO   [m Sucessfully loaded MLPerf log from closed/Lenovo/compliance/se350-qaic-v1.7.1.12-aic100/resnet50/offline/TEST05/performance/run_1/mlperf_log_detail.txt.
[2mINFO   [m Target latency: None, Latency: 616714909514, Scenario: Offline
[2mINFO   [m ---
[2mINFO   [m Results closed/Lenovo/results/A100-PCIe-80GBx8_TRT/3d-unet-99.9/Offline 25.2961
[2mINFO   [m Results closed/Lenovo/results/A100-PCIe-80GBx8_TRT/3d-unet-99/Offline 25.2961
[2mINFO   [m Results closed/Lenovo/results/A100-PCIe-80GBx8_TRT/bert-99.9/Offline 13019.1
[2mINFO   [m Results closed/Lenovo/results/A100-PCIe-80GBx8_TRT/bert-99.9/Server 10795.2
[2mINFO   [m Results closed/Lenovo/results/A100-PCIe-80GBx8_TRT/bert-99/Offline 25683.5
[2mINFO   [m Results closed/Lenovo/results/A100-PCIe-80GBx8_TRT/bert-99/Server 22990.0
[2mINFO   [m Results closed/Lenovo/results/A100-PCIe-80GBx8_TRT/resnet50/Offline 318162.0
[2mINFO   [m Results closed/Lenovo/results/A100-PCIe-80GBx8_TRT/resnet50/Server 262068.0
[2mINFO   [m Results closed/Lenovo/results/A100-PCIe-80GBx8_TRT/rnnt/Offline 107881.0
[2mINFO   [m Results closed/Lenovo/results/A100-PCIe-80GBx8_TRT/rnnt/Server 90004.9
[2mINFO   [m Results closed/Lenovo/results/A100_SXM_80GBx4_TRT/3d-unet-99.9/Offline 13.0317
[2mINFO   [m Results closed/Lenovo/results/A100_SXM_80GBx4_TRT/3d-unet-99/Offline 13.0317
[2mINFO   [m Results closed/Lenovo/results/A100_SXM_80GBx4_TRT/resnet50/Offline 174180.0
[2mINFO   [m Results closed/Lenovo/results/A100_SXM_80GBx4_TRT/resnet50/Server 150027.0
[2mINFO   [m Results closed/Lenovo/results/A100_SXM_80GBx4_TRT/rnnt/Offline 49998.1
[2mINFO   [m Results closed/Lenovo/results/A100_SXM_80GBx4_TRT/rnnt/Server 51997.9
[2mINFO   [m Results closed/Lenovo/results/se350-qaic-v1.7.1.12-aic100/bert-99/offline 750.602000 with power_metric = 172.710645
[2mINFO   [m Results closed/Lenovo/results/se350-qaic-v1.7.1.12-aic100/bert-99/singlestream 7.281042 with power_metric = 0.910776
[2mINFO   [m Results closed/Lenovo/results/se350-qaic-v1.7.1.12-aic100/resnet50/multistream 1.021253 with power_metric = 0.117080
[2mINFO   [m Results closed/Lenovo/results/se350-qaic-v1.7.1.12-aic100/resnet50/offline 23311.000000 with power_metric = 178.971029
[2mINFO   [m Results closed/Lenovo/results/se350-qaic-v1.7.1.12-aic100/resnet50/singlestream 0.404702 with power_metric = 0.042916
[2mINFO   [m Results open/Lenovo/results/se350_prev-qaic-v1.8.0.73-aic100/retinanet/multistream 127.923074 with power_metric = 13.505830
[2mINFO   [m Results open/Lenovo/results/se350_prev-qaic-v1.8.0.73-aic100/retinanet/offline 187.002000 with power_metric = 132.638160
[2mINFO   [m Results open/Lenovo/results/se350_prev-qaic-v1.8.0.73-aic100/retinanet/singlestream 23.940921 with power_metric = 2.464468
[2mINFO   [m ---
[2mINFO   [m ---
[2mINFO   [m Results=24, NoResults=0
[2mINFO   [m SUMMARY: submission looks OK

[31m0[m errors, [33m0[m warnings, [2m277[m infos
