ptd-server 2022-07-24 08:36:54,401 [INFO] Got command from the client 'time'
ptd-server 2022-07-24 08:36:54,401 [INFO] Sending reply to client '1658648214.4015121'
ptd-server 2022-07-24 08:36:54,402 [INFO] Got command from the client 'new,,028ff736-5fe1-4b6f-a34a-d6ea4a5a9ebd'
ptd-server 2022-07-24 08:36:54,403 [INFO] Sending reply to client 'OK 2022-07-24_08-36-54,00a9c0fb-ad00-4837-9cc9-3b3d6092bafa'
ptd-server 2022-07-24 08:36:54,431 [INFO] Got command from the client 'time'
ptd-server 2022-07-24 08:36:54,431 [INFO] Sending reply to client '1658648214.4313598'
ptd-server 2022-07-24 08:36:54,432 [INFO] Got command from the client 'session,2022-07-24_08-36-54,start,ranging'
ptd-server 2022-07-24 08:36:54,432 [INFO] Running PTDaemon: ['/home/anton/projects/mlperf/power/inference_v1.0/ptd-linux-x86', '-l', '/tmp/tmp7lgbo8s4/ptd_logfile.txt', '-p', '8888', '49', '/dev/usbtmc0']
ptd-server 2022-07-24 08:37:11,606 [INFO] Sending to ptd: 'Hello'
ptd-server 2022-07-24 08:37:11,607 [INFO] Reply from ptd: 'Hello, PTDaemon here!'
ptd-server 2022-07-24 08:37:11,607 [INFO] Sending to ptd: 'Identify'
ptd-server 2022-07-24 08:37:11,607 [INFO] Reply from ptd: 'YokogawaWT310E,1000,1,1,1,1,0,1,1,version=1.9.2-e8c7a49a-20201208,OS=Linux 5.13.0-52-generic #59~20.04.1-Ubuntu SMP Thu Jun 16 21:21:28 UTC 2022 x86_64,mode=power,1,1,1,0,0,no_cal_date,YOKOGAWA;WT310E;C3XA04010E;F1.04'
ptd-server 2022-07-24 08:37:11,607 [INFO] Connected to PTDaemon
ptd-server 2022-07-24 08:37:11,608 [INFO] Sending to ptd: 'RR'
ptd-server 2022-07-24 08:37:11,608 [INFO] Reply from ptd: 'Ranges,0,0.500000,1,300.000000'
ptd-server 2022-07-24 08:37:11,608 [INFO] Initial range for Amps is 0.500000 for Volts is Auto
ptd-server 2022-07-24 08:37:11,608 [INFO] Sending to ptd: 'SR,V,Auto'
ptd-server 2022-07-24 08:37:12,111 [INFO] Reply from ptd: 'Range V changed'
ptd-server 2022-07-24 08:37:12,111 [INFO] Sending to ptd: 'SR,A,Auto'
ptd-server 2022-07-24 08:37:12,613 [INFO] Reply from ptd: 'Range A changed'
ptd-server 2022-07-24 08:37:22,623 [INFO] Starting ranging mode
ptd-server 2022-07-24 08:37:22,624 [INFO] Sending to ptd: 'Go,1000,0,2022-07-24_08-36-54_ranging'
ptd-server 2022-07-24 08:37:22,624 [INFO] Reply from ptd: 'Starting untimed measurement, maximum 500000 samples at 1000ms with 0 rampup samples'
ptd-server 2022-07-24 08:37:22,624 [INFO] Sending reply to client 'OK'
ptd-server 2022-07-24 08:47:57,277 [INFO] Got command from the client 'session,2022-07-24_08-36-54,stop,ranging'
ptd-server 2022-07-24 08:48:07,288 [INFO] Sending to ptd: 'Stop'
ptd-server 2022-07-24 08:48:07,288 [INFO] Reply from ptd: 'Stopping untimed measurement'
ptd-server 2022-07-24 08:48:07,962 [INFO] Sending reply to client 'OK'
ptd-server 2022-07-24 08:48:07,999 [INFO] Got command from the client 'time'
ptd-server 2022-07-24 08:48:07,999 [INFO] Sending reply to client '1658648887.9995248'
ptd-server 2022-07-24 08:48:08,000 [INFO] Got command from the client 'session,2022-07-24_08-36-54,start,testing'
ptd-server 2022-07-24 08:48:08,000 [INFO] Sending to ptd: 'SR,V,250.210000'
ptd-server 2022-07-24 08:48:09,501 [INFO] Reply from ptd: 'Range V changed'
ptd-server 2022-07-24 08:48:09,502 [INFO] Sending to ptd: 'SR,A,0.052750'
ptd-server 2022-07-24 08:48:11,003 [INFO] Reply from ptd: 'Range A changed'
ptd-server 2022-07-24 08:48:21,013 [INFO] Starting testing mode
ptd-server 2022-07-24 08:48:21,013 [INFO] Sending to ptd: 'Go,1000,0,2022-07-24_08-36-54_testing'
ptd-server 2022-07-24 08:48:21,014 [INFO] Reply from ptd: 'Starting untimed measurement, maximum 500000 samples at 1000ms with 0 rampup samples'
ptd-server 2022-07-24 08:48:21,014 [INFO] Sending reply to client 'OK'
ptd-server 2022-07-24 08:58:55,394 [INFO] Got command from the client 'session,2022-07-24_08-36-54,stop,testing'
ptd-server 2022-07-24 08:59:05,405 [INFO] Sending to ptd: 'Stop'
ptd-server 2022-07-24 08:59:05,405 [INFO] Reply from ptd: 'Stopping untimed measurement'
ptd-server 2022-07-24 08:59:05,766 [INFO] Sending reply to client 'OK'
ptd-server 2022-07-24 08:59:05,774 [INFO] Got command from the client 'session,2022-07-24_08-36-54,done'
ptd-server 2022-07-24 08:59:05,775 [INFO] Sending to ptd: 'Stop'
ptd-server 2022-07-24 08:59:06,015 [INFO] Reply from ptd: 'Error: no measurement to stop'
ptd-server 2022-07-24 08:59:06,015 [INFO] Sending to ptd: 'SR,V,Auto'
ptd-server 2022-07-24 08:59:06,517 [INFO] Reply from ptd: 'Range V changed'
ptd-server 2022-07-24 08:59:06,518 [INFO] Sending to ptd: 'SR,A,0.500000'
ptd-server 2022-07-24 08:59:08,019 [INFO] Reply from ptd: 'Range A changed'
ptd-server 2022-07-24 08:59:08,019 [INFO] Set initial values for Amps 0.500000 and Volts Auto
ptd-server 2022-07-24 08:59:08,019 [INFO] Stopping ptd...
