[2mINFO   [m Sucessfully loaded MLPerf log from open/HPE/results/e920d_q4_std_prev-qaic-v1.8.0.73-aic100/retinanet/multistream/accuracy/mlperf_log_detail.txt.
[2mINFO   [m Detected power logs for open/HPE/results/e920d_q4_std_prev-qaic-v1.8.0.73-aic100/retinanet/multistream
[2mINFO   [m Sucessfully loaded MLPerf log from open/HPE/results/e920d_q4_std_prev-qaic-v1.8.0.73-aic100/retinanet/multistream/performance/run_1/mlperf_log_detail.txt.
[2mINFO   [m Sucessfully loaded MLPerf log from open/HPE/results/e920d_q4_std_prev-qaic-v1.8.0.73-aic100/retinanet/multistream/performance/run_1/mlperf_log_detail.txt.
[2mINFO   [m Sucessfully loaded MLPerf log from open/HPE/results/e920d_q4_std_prev-qaic-v1.8.0.73-aic100/retinanet/multistream/performance/run_1/mlperf_log_detail.txt.
[x] Check client sources checksum

[x] Check server sources checksum

[x] Check PTD commands and replies

[x] Check UUID

[x] Check session name

[x] Check time difference

[x] Check client server messages

[x] Check results checksum

[x] Check errors and warnings from PTD logs

[x] Check PTD configuration

[x] Check debug is disabled on server-side



All checks passed

[2mINFO   [m Sucessfully loaded MLPerf log from open/HPE/results/e920d_q4_std_prev-qaic-v1.8.0.73-aic100/retinanet/singlestream/accuracy/mlperf_log_detail.txt.
[2mINFO   [m Detected power logs for open/HPE/results/e920d_q4_std_prev-qaic-v1.8.0.73-aic100/retinanet/singlestream
[2mINFO   [m Sucessfully loaded MLPerf log from open/HPE/results/e920d_q4_std_prev-qaic-v1.8.0.73-aic100/retinanet/singlestream/performance/run_1/mlperf_log_detail.txt.
[2mINFO   [m Sucessfully loaded MLPerf log from open/HPE/results/e920d_q4_std_prev-qaic-v1.8.0.73-aic100/retinanet/singlestream/performance/run_1/mlperf_log_detail.txt.
[2mINFO   [m Sucessfully loaded MLPerf log from open/HPE/results/e920d_q4_std_prev-qaic-v1.8.0.73-aic100/retinanet/singlestream/performance/run_1/mlperf_log_detail.txt.
[x] Check client sources checksum

[x] Check server sources checksum

[x] Check PTD commands and replies

[x] Check UUID

[x] Check session name

[x] Check time difference

[x] Check client server messages

[x] Check results checksum

[x] Check errors and warnings from PTD logs

[x] Check PTD configuration

[x] Check debug is disabled on server-side



All checks passed

[2mINFO   [m Sucessfully loaded MLPerf log from open/HPE/results/e920d_q4_std_prev-qaic-v1.8.0.73-aic100/retinanet/offline/accuracy/mlperf_log_detail.txt.
[2mINFO   [m Detected power logs for open/HPE/results/e920d_q4_std_prev-qaic-v1.8.0.73-aic100/retinanet/offline
[2mINFO   [m Sucessfully loaded MLPerf log from open/HPE/results/e920d_q4_std_prev-qaic-v1.8.0.73-aic100/retinanet/offline/performance/run_1/mlperf_log_detail.txt.
[2mINFO   [m Sucessfully loaded MLPerf log from open/HPE/results/e920d_q4_std_prev-qaic-v1.8.0.73-aic100/retinanet/offline/performance/run_1/mlperf_log_detail.txt.
[2mINFO   [m Target latency: None, Latency: 652478787750, Scenario: Offline
[2mINFO   [m Sucessfully loaded MLPerf log from open/HPE/results/e920d_q4_std_prev-qaic-v1.8.0.73-aic100/retinanet/offline/performance/run_1/mlperf_log_detail.txt.
[x] Check client sources checksum

[x] Check server sources checksum

[x] Check PTD commands and replies

[x] Check UUID

[x] Check session name

[x] Check time difference

[x] Check client server messages

[x] Check results checksum

[x] Check errors and warnings from PTD logs

[x] Check PTD configuration

[x] Check debug is disabled on server-side



All checks passed

[2mINFO   [m Sucessfully loaded MLPerf log from closed/HPE/results/Apollo_6500_gen10_plus_A100-SXM-40GBx4_TRT/rnnt/Server/accuracy/mlperf_log_detail.txt.
[2mINFO   [m Sucessfully loaded MLPerf log from closed/HPE/results/Apollo_6500_gen10_plus_A100-SXM-40GBx4_TRT/rnnt/Server/performance/run_1/mlperf_log_detail.txt.
[2mINFO   [m Sucessfully loaded MLPerf log from closed/HPE/results/Apollo_6500_gen10_plus_A100-SXM-40GBx4_TRT/rnnt/Server/performance/run_1/mlperf_log_detail.txt.
[2mINFO   [m Target latency: 1000000000, Early Stopping Latency: 1000000000, Scenario: Server
[2mINFO   [m Sucessfully loaded MLPerf log from closed/HPE/compliance/Apollo_6500_gen10_plus_A100-SXM-40GBx4_TRT/rnnt/Server/TEST01/performance/run_1/mlperf_log_detail.txt.
[2mINFO   [m Sucessfully loaded MLPerf log from closed/HPE/compliance/Apollo_6500_gen10_plus_A100-SXM-40GBx4_TRT/rnnt/Server/TEST01/performance/run_1/mlperf_log_detail.txt.
[2mINFO   [m Target latency: 1000000000, Early Stopping Latency: 1000000000, Scenario: Server
[2mINFO   [m Sucessfully loaded MLPerf log from closed/HPE/compliance/Apollo_6500_gen10_plus_A100-SXM-40GBx4_TRT/rnnt/Server/TEST05/performance/run_1/mlperf_log_detail.txt.
[2mINFO   [m Sucessfully loaded MLPerf log from closed/HPE/compliance/Apollo_6500_gen10_plus_A100-SXM-40GBx4_TRT/rnnt/Server/TEST05/performance/run_1/mlperf_log_detail.txt.
[2mINFO   [m Target latency: 1000000000, Early Stopping Latency: 1000000000, Scenario: Server
[2mINFO   [m Sucessfully loaded MLPerf log from closed/HPE/results/Apollo_6500_gen10_plus_A100-SXM-40GBx4_TRT/rnnt/Offline/accuracy/mlperf_log_detail.txt.
[2mINFO   [m Sucessfully loaded MLPerf log from closed/HPE/results/Apollo_6500_gen10_plus_A100-SXM-40GBx4_TRT/rnnt/Offline/performance/run_1/mlperf_log_detail.txt.
[2mINFO   [m Sucessfully loaded MLPerf log from closed/HPE/results/Apollo_6500_gen10_plus_A100-SXM-40GBx4_TRT/rnnt/Offline/performance/run_1/mlperf_log_detail.txt.
[2mINFO   [m Target latency: None, Latency: 666548881968, Scenario: Offline
[2mINFO   [m Sucessfully loaded MLPerf log from closed/HPE/compliance/Apollo_6500_gen10_plus_A100-SXM-40GBx4_TRT/rnnt/Offline/TEST01/performance/run_1/mlperf_log_detail.txt.
[2mINFO   [m Sucessfully loaded MLPerf log from closed/HPE/compliance/Apollo_6500_gen10_plus_A100-SXM-40GBx4_TRT/rnnt/Offline/TEST01/performance/run_1/mlperf_log_detail.txt.
[2mINFO   [m Target latency: None, Latency: 663888853144, Scenario: Offline
[2mINFO   [m Sucessfully loaded MLPerf log from closed/HPE/compliance/Apollo_6500_gen10_plus_A100-SXM-40GBx4_TRT/rnnt/Offline/TEST05/performance/run_1/mlperf_log_detail.txt.
[2mINFO   [m Sucessfully loaded MLPerf log from closed/HPE/compliance/Apollo_6500_gen10_plus_A100-SXM-40GBx4_TRT/rnnt/Offline/TEST05/performance/run_1/mlperf_log_detail.txt.
[2mINFO   [m Target latency: None, Latency: 666168783677, Scenario: Offline
[2mINFO   [m Sucessfully loaded MLPerf log from closed/HPE/results/Apollo_6500_gen10_plus_A100-SXM-40GBx4_TRT/bert-99/Server/accuracy/mlperf_log_detail.txt.
[2mINFO   [m Sucessfully loaded MLPerf log from closed/HPE/results/Apollo_6500_gen10_plus_A100-SXM-40GBx4_TRT/bert-99/Server/performance/run_1/mlperf_log_detail.txt.
[2mINFO   [m Sucessfully loaded MLPerf log from closed/HPE/results/Apollo_6500_gen10_plus_A100-SXM-40GBx4_TRT/bert-99/Server/performance/run_1/mlperf_log_detail.txt.
[2mINFO   [m Target latency: 130000000, Early Stopping Latency: 130000000, Scenario: Server
[2mINFO   [m Sucessfully loaded MLPerf log from closed/HPE/compliance/Apollo_6500_gen10_plus_A100-SXM-40GBx4_TRT/bert-99/Server/TEST01/performance/run_1/mlperf_log_detail.txt.
[2mINFO   [m Sucessfully loaded MLPerf log from closed/HPE/compliance/Apollo_6500_gen10_plus_A100-SXM-40GBx4_TRT/bert-99/Server/TEST01/performance/run_1/mlperf_log_detail.txt.
[2mINFO   [m Target latency: 130000000, Early Stopping Latency: 130000000, Scenario: Server
[2mINFO   [m Sucessfully loaded MLPerf log from closed/HPE/compliance/Apollo_6500_gen10_plus_A100-SXM-40GBx4_TRT/bert-99/Server/TEST05/performance/run_1/mlperf_log_detail.txt.
[2mINFO   [m Sucessfully loaded MLPerf log from closed/HPE/compliance/Apollo_6500_gen10_plus_A100-SXM-40GBx4_TRT/bert-99/Server/TEST05/performance/run_1/mlperf_log_detail.txt.
[2mINFO   [m Target latency: 130000000, Early Stopping Latency: 130000000, Scenario: Server
[2mINFO   [m Sucessfully loaded MLPerf log from closed/HPE/results/Apollo_6500_gen10_plus_A100-SXM-40GBx4_TRT/bert-99/Offline/accuracy/mlperf_log_detail.txt.
[2mINFO   [m Sucessfully loaded MLPerf log from closed/HPE/results/Apollo_6500_gen10_plus_A100-SXM-40GBx4_TRT/bert-99/Offline/performance/run_1/mlperf_log_detail.txt.
[2mINFO   [m Sucessfully loaded MLPerf log from closed/HPE/results/Apollo_6500_gen10_plus_A100-SXM-40GBx4_TRT/bert-99/Offline/performance/run_1/mlperf_log_detail.txt.
[2mINFO   [m Target latency: None, Latency: 641575824225, Scenario: Offline
[2mINFO   [m Sucessfully loaded MLPerf log from closed/HPE/compliance/Apollo_6500_gen10_plus_A100-SXM-40GBx4_TRT/bert-99/Offline/TEST01/performance/run_1/mlperf_log_detail.txt.
[2mINFO   [m Sucessfully loaded MLPerf log from closed/HPE/compliance/Apollo_6500_gen10_plus_A100-SXM-40GBx4_TRT/bert-99/Offline/TEST01/performance/run_1/mlperf_log_detail.txt.
[2mINFO   [m Target latency: None, Latency: 641284897525, Scenario: Offline
[2mINFO   [m Sucessfully loaded MLPerf log from closed/HPE/compliance/Apollo_6500_gen10_plus_A100-SXM-40GBx4_TRT/bert-99/Offline/TEST05/performance/run_1/mlperf_log_detail.txt.
[2mINFO   [m Sucessfully loaded MLPerf log from closed/HPE/compliance/Apollo_6500_gen10_plus_A100-SXM-40GBx4_TRT/bert-99/Offline/TEST05/performance/run_1/mlperf_log_detail.txt.
[2mINFO   [m Target latency: None, Latency: 641551320064, Scenario: Offline
[2mINFO   [m Compliance test accuracy check in closed/HPE/compliance/Apollo_6500_gen10_plus_A100-SXM-40GBx4_TRT/bert-99/Offline/TEST01 failed
[2mINFO   [m Sucessfully loaded MLPerf log from closed/HPE/results/Apollo_6500_gen10_plus_A100-SXM-40GBx4_TRT/resnet50/Server/accuracy/mlperf_log_detail.txt.
[2mINFO   [m Sucessfully loaded MLPerf log from closed/HPE/results/Apollo_6500_gen10_plus_A100-SXM-40GBx4_TRT/resnet50/Server/performance/run_1/mlperf_log_detail.txt.
[2mINFO   [m Sucessfully loaded MLPerf log from closed/HPE/results/Apollo_6500_gen10_plus_A100-SXM-40GBx4_TRT/resnet50/Server/performance/run_1/mlperf_log_detail.txt.
[2mINFO   [m Target latency: 15000000, Early Stopping Latency: 15000000, Scenario: Server
[2mINFO   [m Sucessfully loaded MLPerf log from closed/HPE/compliance/Apollo_6500_gen10_plus_A100-SXM-40GBx4_TRT/resnet50/Server/TEST01/performance/run_1/mlperf_log_detail.txt.
[2mINFO   [m Sucessfully loaded MLPerf log from closed/HPE/compliance/Apollo_6500_gen10_plus_A100-SXM-40GBx4_TRT/resnet50/Server/TEST01/performance/run_1/mlperf_log_detail.txt.
[2mINFO   [m Target latency: 15000000, Early Stopping Latency: 15000000, Scenario: Server
[2mINFO   [m Sucessfully loaded MLPerf log from closed/HPE/compliance/Apollo_6500_gen10_plus_A100-SXM-40GBx4_TRT/resnet50/Server/TEST04/performance/run_1/mlperf_log_detail.txt.
[2mINFO   [m Sucessfully loaded MLPerf log from closed/HPE/compliance/Apollo_6500_gen10_plus_A100-SXM-40GBx4_TRT/resnet50/Server/TEST04/performance/run_1/mlperf_log_detail.txt.
[2mINFO   [m Target latency: 15000000, Early Stopping Latency: 15000000, Scenario: Server
[2mINFO   [m Sucessfully loaded MLPerf log from closed/HPE/compliance/Apollo_6500_gen10_plus_A100-SXM-40GBx4_TRT/resnet50/Server/TEST05/performance/run_1/mlperf_log_detail.txt.
[2mINFO   [m Sucessfully loaded MLPerf log from closed/HPE/compliance/Apollo_6500_gen10_plus_A100-SXM-40GBx4_TRT/resnet50/Server/TEST05/performance/run_1/mlperf_log_detail.txt.
[2mINFO   [m Target latency: 15000000, Early Stopping Latency: 15000000, Scenario: Server
[2mINFO   [m Sucessfully loaded MLPerf log from closed/HPE/results/Apollo_6500_gen10_plus_A100-SXM-40GBx4_TRT/resnet50/Offline/accuracy/mlperf_log_detail.txt.
[2mINFO   [m Sucessfully loaded MLPerf log from closed/HPE/results/Apollo_6500_gen10_plus_A100-SXM-40GBx4_TRT/resnet50/Offline/performance/run_1/mlperf_log_detail.txt.
[2mINFO   [m Sucessfully loaded MLPerf log from closed/HPE/results/Apollo_6500_gen10_plus_A100-SXM-40GBx4_TRT/resnet50/Offline/performance/run_1/mlperf_log_detail.txt.
[2mINFO   [m Target latency: None, Latency: 1212863114350, Scenario: Offline
[2mINFO   [m Sucessfully loaded MLPerf log from closed/HPE/compliance/Apollo_6500_gen10_plus_A100-SXM-40GBx4_TRT/resnet50/Offline/TEST01/performance/run_1/mlperf_log_detail.txt.
[2mINFO   [m Sucessfully loaded MLPerf log from closed/HPE/compliance/Apollo_6500_gen10_plus_A100-SXM-40GBx4_TRT/resnet50/Offline/TEST01/performance/run_1/mlperf_log_detail.txt.
[2mINFO   [m Target latency: None, Latency: 1213876077549, Scenario: Offline
[2mINFO   [m Sucessfully loaded MLPerf log from closed/HPE/compliance/Apollo_6500_gen10_plus_A100-SXM-40GBx4_TRT/resnet50/Offline/TEST04/performance/run_1/mlperf_log_detail.txt.
[2mINFO   [m Sucessfully loaded MLPerf log from closed/HPE/compliance/Apollo_6500_gen10_plus_A100-SXM-40GBx4_TRT/resnet50/Offline/TEST04/performance/run_1/mlperf_log_detail.txt.
[2mINFO   [m Target latency: None, Latency: 1315672606110, Scenario: Offline
[2mINFO   [m Sucessfully loaded MLPerf log from closed/HPE/compliance/Apollo_6500_gen10_plus_A100-SXM-40GBx4_TRT/resnet50/Offline/TEST05/performance/run_1/mlperf_log_detail.txt.
[2mINFO   [m Sucessfully loaded MLPerf log from closed/HPE/compliance/Apollo_6500_gen10_plus_A100-SXM-40GBx4_TRT/resnet50/Offline/TEST05/performance/run_1/mlperf_log_detail.txt.
[2mINFO   [m Target latency: None, Latency: 1213197593372, Scenario: Offline
[2mINFO   [m Sucessfully loaded MLPerf log from closed/HPE/results/Apollo_6500_gen10_plus_A100-SXM-40GBx4_TRT/3d-unet-99/Offline/accuracy/mlperf_log_detail.txt.
[2mINFO   [m Sucessfully loaded MLPerf log from closed/HPE/results/Apollo_6500_gen10_plus_A100-SXM-40GBx4_TRT/3d-unet-99/Offline/performance/run_1/mlperf_log_detail.txt.
[2mINFO   [m Sucessfully loaded MLPerf log from closed/HPE/results/Apollo_6500_gen10_plus_A100-SXM-40GBx4_TRT/3d-unet-99/Offline/performance/run_1/mlperf_log_detail.txt.
[2mINFO   [m Target latency: None, Latency: 1924197826957, Scenario: Offline
[2mINFO   [m Sucessfully loaded MLPerf log from closed/HPE/compliance/Apollo_6500_gen10_plus_A100-SXM-40GBx4_TRT/3d-unet-99/Offline/TEST01/performance/run_1/mlperf_log_detail.txt.
[2mINFO   [m Sucessfully loaded MLPerf log from closed/HPE/compliance/Apollo_6500_gen10_plus_A100-SXM-40GBx4_TRT/3d-unet-99/Offline/TEST01/performance/run_1/mlperf_log_detail.txt.
[2mINFO   [m Target latency: None, Latency: 1925186052253, Scenario: Offline
[2mINFO   [m Sucessfully loaded MLPerf log from closed/HPE/compliance/Apollo_6500_gen10_plus_A100-SXM-40GBx4_TRT/3d-unet-99/Offline/TEST05/performance/run_1/mlperf_log_detail.txt.
[2mINFO   [m Sucessfully loaded MLPerf log from closed/HPE/compliance/Apollo_6500_gen10_plus_A100-SXM-40GBx4_TRT/3d-unet-99/Offline/TEST05/performance/run_1/mlperf_log_detail.txt.
[2mINFO   [m Target latency: None, Latency: 1925251751627, Scenario: Offline
[2mINFO   [m Sucessfully loaded MLPerf log from closed/HPE/results/e920d_q4_std-qaic-v1.7.1.12-aic100/bert-99/singlestream/accuracy/mlperf_log_detail.txt.
[2mINFO   [m Detected power logs for closed/HPE/results/e920d_q4_std-qaic-v1.7.1.12-aic100/bert-99/singlestream
[2mINFO   [m Sucessfully loaded MLPerf log from closed/HPE/results/e920d_q4_std-qaic-v1.7.1.12-aic100/bert-99/singlestream/performance/run_1/mlperf_log_detail.txt.
[2mINFO   [m Sucessfully loaded MLPerf log from closed/HPE/results/e920d_q4_std-qaic-v1.7.1.12-aic100/bert-99/singlestream/performance/run_1/mlperf_log_detail.txt.
[2mINFO   [m Sucessfully loaded MLPerf log from closed/HPE/results/e920d_q4_std-qaic-v1.7.1.12-aic100/bert-99/singlestream/performance/run_1/mlperf_log_detail.txt.
[x] Check client sources checksum

[x] Check server sources checksum

[x] Check PTD commands and replies

[x] Check UUID

[x] Check session name

[x] Check time difference

[x] Check client server messages

[x] Check results checksum

[x] Check errors and warnings from PTD logs

[x] Check PTD configuration

[x] Check debug is disabled on server-side



All checks passed

[2mINFO   [m Sucessfully loaded MLPerf log from closed/HPE/compliance/e920d_q4_std-qaic-v1.7.1.12-aic100/bert-99/singlestream/TEST01/performance/run_1/mlperf_log_detail.txt.
[2mINFO   [m Sucessfully loaded MLPerf log from closed/HPE/compliance/e920d_q4_std-qaic-v1.7.1.12-aic100/bert-99/singlestream/TEST01/performance/run_1/mlperf_log_detail.txt.
[2mINFO   [m Sucessfully loaded MLPerf log from closed/HPE/compliance/e920d_q4_std-qaic-v1.7.1.12-aic100/bert-99/singlestream/TEST05/performance/run_1/mlperf_log_detail.txt.
[2mINFO   [m Sucessfully loaded MLPerf log from closed/HPE/compliance/e920d_q4_std-qaic-v1.7.1.12-aic100/bert-99/singlestream/TEST05/performance/run_1/mlperf_log_detail.txt.
[2mINFO   [m Sucessfully loaded MLPerf log from closed/HPE/results/e920d_q4_std-qaic-v1.7.1.12-aic100/bert-99/offline/accuracy/mlperf_log_detail.txt.
[2mINFO   [m Detected power logs for closed/HPE/results/e920d_q4_std-qaic-v1.7.1.12-aic100/bert-99/offline
[2mINFO   [m Sucessfully loaded MLPerf log from closed/HPE/results/e920d_q4_std-qaic-v1.7.1.12-aic100/bert-99/offline/performance/run_1/mlperf_log_detail.txt.
[2mINFO   [m Sucessfully loaded MLPerf log from closed/HPE/results/e920d_q4_std-qaic-v1.7.1.12-aic100/bert-99/offline/performance/run_1/mlperf_log_detail.txt.
[2mINFO   [m Target latency: None, Latency: 638861011326, Scenario: Offline
[2mINFO   [m Sucessfully loaded MLPerf log from closed/HPE/results/e920d_q4_std-qaic-v1.7.1.12-aic100/bert-99/offline/performance/run_1/mlperf_log_detail.txt.
[x] Check client sources checksum

[x] Check server sources checksum

[x] Check PTD commands and replies

[x] Check UUID

[x] Check session name

[x] Check time difference

[x] Check client server messages

[x] Check results checksum

[x] Check errors and warnings from PTD logs

[x] Check PTD configuration

[x] Check debug is disabled on server-side



All checks passed

[2mINFO   [m Sucessfully loaded MLPerf log from closed/HPE/compliance/e920d_q4_std-qaic-v1.7.1.12-aic100/bert-99/offline/TEST01/performance/run_1/mlperf_log_detail.txt.
[2mINFO   [m Sucessfully loaded MLPerf log from closed/HPE/compliance/e920d_q4_std-qaic-v1.7.1.12-aic100/bert-99/offline/TEST01/performance/run_1/mlperf_log_detail.txt.
[2mINFO   [m Target latency: None, Latency: 638617150137, Scenario: Offline
[2mINFO   [m Sucessfully loaded MLPerf log from closed/HPE/compliance/e920d_q4_std-qaic-v1.7.1.12-aic100/bert-99/offline/TEST05/performance/run_1/mlperf_log_detail.txt.
[2mINFO   [m Sucessfully loaded MLPerf log from closed/HPE/compliance/e920d_q4_std-qaic-v1.7.1.12-aic100/bert-99/offline/TEST05/performance/run_1/mlperf_log_detail.txt.
[2mINFO   [m Target latency: None, Latency: 637919070394, Scenario: Offline
[2mINFO   [m Sucessfully loaded MLPerf log from closed/HPE/results/e920d_q4_std-qaic-v1.7.1.12-aic100/resnet50/multistream/accuracy/mlperf_log_detail.txt.
[2mINFO   [m Detected power logs for closed/HPE/results/e920d_q4_std-qaic-v1.7.1.12-aic100/resnet50/multistream
[2mINFO   [m Sucessfully loaded MLPerf log from closed/HPE/results/e920d_q4_std-qaic-v1.7.1.12-aic100/resnet50/multistream/performance/run_1/mlperf_log_detail.txt.
[2mINFO   [m Sucessfully loaded MLPerf log from closed/HPE/results/e920d_q4_std-qaic-v1.7.1.12-aic100/resnet50/multistream/performance/run_1/mlperf_log_detail.txt.
[2mINFO   [m Sucessfully loaded MLPerf log from closed/HPE/results/e920d_q4_std-qaic-v1.7.1.12-aic100/resnet50/multistream/performance/run_1/mlperf_log_detail.txt.
[x] Check client sources checksum

[x] Check server sources checksum

[x] Check PTD commands and replies

[x] Check UUID

[x] Check session name

[x] Check time difference

[x] Check client server messages

[x] Check results checksum

[x] Check errors and warnings from PTD logs

[x] Check PTD configuration

[x] Check debug is disabled on server-side



All checks passed

[2mINFO   [m Sucessfully loaded MLPerf log from closed/HPE/compliance/e920d_q4_std-qaic-v1.7.1.12-aic100/resnet50/multistream/TEST01/performance/run_1/mlperf_log_detail.txt.
[2mINFO   [m Sucessfully loaded MLPerf log from closed/HPE/compliance/e920d_q4_std-qaic-v1.7.1.12-aic100/resnet50/multistream/TEST01/performance/run_1/mlperf_log_detail.txt.
[2mINFO   [m Sucessfully loaded MLPerf log from closed/HPE/compliance/e920d_q4_std-qaic-v1.7.1.12-aic100/resnet50/multistream/TEST04/performance/run_1/mlperf_log_detail.txt.
[2mINFO   [m Sucessfully loaded MLPerf log from closed/HPE/compliance/e920d_q4_std-qaic-v1.7.1.12-aic100/resnet50/multistream/TEST04/performance/run_1/mlperf_log_detail.txt.
[2mINFO   [m Sucessfully loaded MLPerf log from closed/HPE/compliance/e920d_q4_std-qaic-v1.7.1.12-aic100/resnet50/multistream/TEST05/performance/run_1/mlperf_log_detail.txt.
[2mINFO   [m Sucessfully loaded MLPerf log from closed/HPE/compliance/e920d_q4_std-qaic-v1.7.1.12-aic100/resnet50/multistream/TEST05/performance/run_1/mlperf_log_detail.txt.
[2mINFO   [m Sucessfully loaded MLPerf log from closed/HPE/results/e920d_q4_std-qaic-v1.7.1.12-aic100/resnet50/singlestream/accuracy/mlperf_log_detail.txt.
[2mINFO   [m Detected power logs for closed/HPE/results/e920d_q4_std-qaic-v1.7.1.12-aic100/resnet50/singlestream
[2mINFO   [m Sucessfully loaded MLPerf log from closed/HPE/results/e920d_q4_std-qaic-v1.7.1.12-aic100/resnet50/singlestream/performance/run_1/mlperf_log_detail.txt.
[2mINFO   [m Sucessfully loaded MLPerf log from closed/HPE/results/e920d_q4_std-qaic-v1.7.1.12-aic100/resnet50/singlestream/performance/run_1/mlperf_log_detail.txt.
[2mINFO   [m Sucessfully loaded MLPerf log from closed/HPE/results/e920d_q4_std-qaic-v1.7.1.12-aic100/resnet50/singlestream/performance/run_1/mlperf_log_detail.txt.
[x] Check client sources checksum

[x] Check server sources checksum

[x] Check PTD commands and replies

[x] Check UUID

[x] Check session name

[x] Check time difference

[x] Check client server messages

[x] Check results checksum

[x] Check errors and warnings from PTD logs

[x] Check PTD configuration

[x] Check debug is disabled on server-side



All checks passed

[2mINFO   [m Sucessfully loaded MLPerf log from closed/HPE/compliance/e920d_q4_std-qaic-v1.7.1.12-aic100/resnet50/singlestream/TEST01/performance/run_1/mlperf_log_detail.txt.
[2mINFO   [m Sucessfully loaded MLPerf log from closed/HPE/compliance/e920d_q4_std-qaic-v1.7.1.12-aic100/resnet50/singlestream/TEST01/performance/run_1/mlperf_log_detail.txt.
[2mINFO   [m Sucessfully loaded MLPerf log from closed/HPE/compliance/e920d_q4_std-qaic-v1.7.1.12-aic100/resnet50/singlestream/TEST04/performance/run_1/mlperf_log_detail.txt.
[2mINFO   [m Sucessfully loaded MLPerf log from closed/HPE/compliance/e920d_q4_std-qaic-v1.7.1.12-aic100/resnet50/singlestream/TEST04/performance/run_1/mlperf_log_detail.txt.
[2mINFO   [m Sucessfully loaded MLPerf log from closed/HPE/compliance/e920d_q4_std-qaic-v1.7.1.12-aic100/resnet50/singlestream/TEST05/performance/run_1/mlperf_log_detail.txt.
[2mINFO   [m Sucessfully loaded MLPerf log from closed/HPE/compliance/e920d_q4_std-qaic-v1.7.1.12-aic100/resnet50/singlestream/TEST05/performance/run_1/mlperf_log_detail.txt.
[2mINFO   [m Sucessfully loaded MLPerf log from closed/HPE/results/e920d_q4_std-qaic-v1.7.1.12-aic100/resnet50/offline/accuracy/mlperf_log_detail.txt.
[2mINFO   [m Detected power logs for closed/HPE/results/e920d_q4_std-qaic-v1.7.1.12-aic100/resnet50/offline
[2mINFO   [m Sucessfully loaded MLPerf log from closed/HPE/results/e920d_q4_std-qaic-v1.7.1.12-aic100/resnet50/offline/performance/run_1/mlperf_log_detail.txt.
[2mINFO   [m Sucessfully loaded MLPerf log from closed/HPE/results/e920d_q4_std-qaic-v1.7.1.12-aic100/resnet50/offline/performance/run_1/mlperf_log_detail.txt.
[2mINFO   [m Target latency: None, Latency: 647876161605, Scenario: Offline
[2mINFO   [m Sucessfully loaded MLPerf log from closed/HPE/results/e920d_q4_std-qaic-v1.7.1.12-aic100/resnet50/offline/performance/run_1/mlperf_log_detail.txt.
[x] Check client sources checksum

[x] Check server sources checksum

[x] Check PTD commands and replies

[x] Check UUID

[x] Check session name

[x] Check time difference

[x] Check client server messages

[x] Check results checksum

[x] Check errors and warnings from PTD logs

[x] Check PTD configuration

[x] Check debug is disabled on server-side



All checks passed

[2mINFO   [m Sucessfully loaded MLPerf log from closed/HPE/compliance/e920d_q4_std-qaic-v1.7.1.12-aic100/resnet50/offline/TEST01/performance/run_1/mlperf_log_detail.txt.
[2mINFO   [m Sucessfully loaded MLPerf log from closed/HPE/compliance/e920d_q4_std-qaic-v1.7.1.12-aic100/resnet50/offline/TEST01/performance/run_1/mlperf_log_detail.txt.
[2mINFO   [m Target latency: None, Latency: 644811552339, Scenario: Offline
[2mINFO   [m Sucessfully loaded MLPerf log from closed/HPE/compliance/e920d_q4_std-qaic-v1.7.1.12-aic100/resnet50/offline/TEST04/performance/run_1/mlperf_log_detail.txt.
[2mINFO   [m Sucessfully loaded MLPerf log from closed/HPE/compliance/e920d_q4_std-qaic-v1.7.1.12-aic100/resnet50/offline/TEST04/performance/run_1/mlperf_log_detail.txt.
[2mINFO   [m Target latency: None, Latency: 646206966765, Scenario: Offline
[2mINFO   [m Sucessfully loaded MLPerf log from closed/HPE/compliance/e920d_q4_std-qaic-v1.7.1.12-aic100/resnet50/offline/TEST05/performance/run_1/mlperf_log_detail.txt.
[2mINFO   [m Sucessfully loaded MLPerf log from closed/HPE/compliance/e920d_q4_std-qaic-v1.7.1.12-aic100/resnet50/offline/TEST05/performance/run_1/mlperf_log_detail.txt.
[2mINFO   [m Target latency: None, Latency: 645401366653, Scenario: Offline
[2mINFO   [m Sucessfully loaded MLPerf log from closed/HPE/results/Apollo_6500_gen10_plus_A100-SXM-80GB-MIG_1x1g.10gb_TRT/rnnt/Server/accuracy/mlperf_log_detail.txt.
[2mINFO   [m Sucessfully loaded MLPerf log from closed/HPE/results/Apollo_6500_gen10_plus_A100-SXM-80GB-MIG_1x1g.10gb_TRT/rnnt/Server/performance/run_1/mlperf_log_detail.txt.
[2mINFO   [m Sucessfully loaded MLPerf log from closed/HPE/results/Apollo_6500_gen10_plus_A100-SXM-80GB-MIG_1x1g.10gb_TRT/rnnt/Server/performance/run_1/mlperf_log_detail.txt.
[2mINFO   [m Target latency: 1000000000, Early Stopping Latency: 1000000000, Scenario: Server
[2mINFO   [m Sucessfully loaded MLPerf log from closed/HPE/compliance/Apollo_6500_gen10_plus_A100-SXM-80GB-MIG_1x1g.10gb_TRT/rnnt/Server/TEST01/performance/run_1/mlperf_log_detail.txt.
[2mINFO   [m Sucessfully loaded MLPerf log from closed/HPE/compliance/Apollo_6500_gen10_plus_A100-SXM-80GB-MIG_1x1g.10gb_TRT/rnnt/Server/TEST01/performance/run_1/mlperf_log_detail.txt.
[2mINFO   [m Target latency: 1000000000, Early Stopping Latency: 1000000000, Scenario: Server
[2mINFO   [m Sucessfully loaded MLPerf log from closed/HPE/compliance/Apollo_6500_gen10_plus_A100-SXM-80GB-MIG_1x1g.10gb_TRT/rnnt/Server/TEST05/performance/run_1/mlperf_log_detail.txt.
[2mINFO   [m Sucessfully loaded MLPerf log from closed/HPE/compliance/Apollo_6500_gen10_plus_A100-SXM-80GB-MIG_1x1g.10gb_TRT/rnnt/Server/TEST05/performance/run_1/mlperf_log_detail.txt.
[2mINFO   [m Target latency: 1000000000, Early Stopping Latency: 1000000000, Scenario: Server
[2mINFO   [m Sucessfully loaded MLPerf log from closed/HPE/results/Apollo_6500_gen10_plus_A100-SXM-80GB-MIG_1x1g.10gb_TRT/rnnt/Offline/accuracy/mlperf_log_detail.txt.
[2mINFO   [m Sucessfully loaded MLPerf log from closed/HPE/results/Apollo_6500_gen10_plus_A100-SXM-80GB-MIG_1x1g.10gb_TRT/rnnt/Offline/performance/run_1/mlperf_log_detail.txt.
[2mINFO   [m Sucessfully loaded MLPerf log from closed/HPE/results/Apollo_6500_gen10_plus_A100-SXM-80GB-MIG_1x1g.10gb_TRT/rnnt/Offline/performance/run_1/mlperf_log_detail.txt.
[2mINFO   [m Target latency: None, Latency: 602287795360, Scenario: Offline
[2mINFO   [m Sucessfully loaded MLPerf log from closed/HPE/compliance/Apollo_6500_gen10_plus_A100-SXM-80GB-MIG_1x1g.10gb_TRT/rnnt/Offline/TEST01/performance/run_1/mlperf_log_detail.txt.
[2mINFO   [m Sucessfully loaded MLPerf log from closed/HPE/compliance/Apollo_6500_gen10_plus_A100-SXM-80GB-MIG_1x1g.10gb_TRT/rnnt/Offline/TEST01/performance/run_1/mlperf_log_detail.txt.
[2mINFO   [m Target latency: None, Latency: 604063149015, Scenario: Offline
[2mINFO   [m Sucessfully loaded MLPerf log from closed/HPE/compliance/Apollo_6500_gen10_plus_A100-SXM-80GB-MIG_1x1g.10gb_TRT/rnnt/Offline/TEST05/performance/run_1/mlperf_log_detail.txt.
[2mINFO   [m Sucessfully loaded MLPerf log from closed/HPE/compliance/Apollo_6500_gen10_plus_A100-SXM-80GB-MIG_1x1g.10gb_TRT/rnnt/Offline/TEST05/performance/run_1/mlperf_log_detail.txt.
[2mINFO   [m Target latency: None, Latency: 603863056917, Scenario: Offline
[2mINFO   [m Sucessfully loaded MLPerf log from closed/HPE/results/Apollo_6500_gen10_plus_A100-SXM-80GB-MIG_1x1g.10gb_TRT/rnnt/SingleStream/accuracy/mlperf_log_detail.txt.
[2mINFO   [m Sucessfully loaded MLPerf log from closed/HPE/results/Apollo_6500_gen10_plus_A100-SXM-80GB-MIG_1x1g.10gb_TRT/rnnt/SingleStream/performance/run_1/mlperf_log_detail.txt.
[2mINFO   [m Sucessfully loaded MLPerf log from closed/HPE/results/Apollo_6500_gen10_plus_A100-SXM-80GB-MIG_1x1g.10gb_TRT/rnnt/SingleStream/performance/run_1/mlperf_log_detail.txt.
[2mINFO   [m Sucessfully loaded MLPerf log from closed/HPE/compliance/Apollo_6500_gen10_plus_A100-SXM-80GB-MIG_1x1g.10gb_TRT/rnnt/SingleStream/TEST01/performance/run_1/mlperf_log_detail.txt.
[2mINFO   [m Sucessfully loaded MLPerf log from closed/HPE/compliance/Apollo_6500_gen10_plus_A100-SXM-80GB-MIG_1x1g.10gb_TRT/rnnt/SingleStream/TEST01/performance/run_1/mlperf_log_detail.txt.
[2mINFO   [m Sucessfully loaded MLPerf log from closed/HPE/compliance/Apollo_6500_gen10_plus_A100-SXM-80GB-MIG_1x1g.10gb_TRT/rnnt/SingleStream/TEST05/performance/run_1/mlperf_log_detail.txt.
[2mINFO   [m Sucessfully loaded MLPerf log from closed/HPE/compliance/Apollo_6500_gen10_plus_A100-SXM-80GB-MIG_1x1g.10gb_TRT/rnnt/SingleStream/TEST05/performance/run_1/mlperf_log_detail.txt.
[2mINFO   [m Sucessfully loaded MLPerf log from closed/HPE/results/Apollo_6500_gen10_plus_A100-SXM-80GB-MIG_1x1g.10gb_TRT/bert-99/Server/accuracy/mlperf_log_detail.txt.
[2mINFO   [m Sucessfully loaded MLPerf log from closed/HPE/results/Apollo_6500_gen10_plus_A100-SXM-80GB-MIG_1x1g.10gb_TRT/bert-99/Server/performance/run_1/mlperf_log_detail.txt.
[2mINFO   [m Sucessfully loaded MLPerf log from closed/HPE/results/Apollo_6500_gen10_plus_A100-SXM-80GB-MIG_1x1g.10gb_TRT/bert-99/Server/performance/run_1/mlperf_log_detail.txt.
[2mINFO   [m Target latency: 130000000, Early Stopping Latency: 130000000, Scenario: Server
[2mINFO   [m Sucessfully loaded MLPerf log from closed/HPE/compliance/Apollo_6500_gen10_plus_A100-SXM-80GB-MIG_1x1g.10gb_TRT/bert-99/Server/TEST01/performance/run_1/mlperf_log_detail.txt.
[2mINFO   [m Sucessfully loaded MLPerf log from closed/HPE/compliance/Apollo_6500_gen10_plus_A100-SXM-80GB-MIG_1x1g.10gb_TRT/bert-99/Server/TEST01/performance/run_1/mlperf_log_detail.txt.
[2mINFO   [m Target latency: 130000000, Early Stopping Latency: 130000000, Scenario: Server
[2mINFO   [m Sucessfully loaded MLPerf log from closed/HPE/compliance/Apollo_6500_gen10_plus_A100-SXM-80GB-MIG_1x1g.10gb_TRT/bert-99/Server/TEST05/performance/run_1/mlperf_log_detail.txt.
[2mINFO   [m Sucessfully loaded MLPerf log from closed/HPE/compliance/Apollo_6500_gen10_plus_A100-SXM-80GB-MIG_1x1g.10gb_TRT/bert-99/Server/TEST05/performance/run_1/mlperf_log_detail.txt.
[2mINFO   [m Target latency: 130000000, Early Stopping Latency: 130000000, Scenario: Server
[2mINFO   [m Compliance test accuracy check in closed/HPE/compliance/Apollo_6500_gen10_plus_A100-SXM-80GB-MIG_1x1g.10gb_TRT/bert-99/Server/TEST01 failed
[2mINFO   [m Sucessfully loaded MLPerf log from closed/HPE/results/Apollo_6500_gen10_plus_A100-SXM-80GB-MIG_1x1g.10gb_TRT/bert-99/Offline/accuracy/mlperf_log_detail.txt.
[2mINFO   [m Sucessfully loaded MLPerf log from closed/HPE/results/Apollo_6500_gen10_plus_A100-SXM-80GB-MIG_1x1g.10gb_TRT/bert-99/Offline/performance/run_1/mlperf_log_detail.txt.
[2mINFO   [m Sucessfully loaded MLPerf log from closed/HPE/results/Apollo_6500_gen10_plus_A100-SXM-80GB-MIG_1x1g.10gb_TRT/bert-99/Offline/performance/run_1/mlperf_log_detail.txt.
[2mINFO   [m Target latency: None, Latency: 671590703394, Scenario: Offline
[2mINFO   [m Sucessfully loaded MLPerf log from closed/HPE/compliance/Apollo_6500_gen10_plus_A100-SXM-80GB-MIG_1x1g.10gb_TRT/bert-99/Offline/TEST01/performance/run_1/mlperf_log_detail.txt.
[2mINFO   [m Sucessfully loaded MLPerf log from closed/HPE/compliance/Apollo_6500_gen10_plus_A100-SXM-80GB-MIG_1x1g.10gb_TRT/bert-99/Offline/TEST01/performance/run_1/mlperf_log_detail.txt.
[2mINFO   [m Target latency: None, Latency: 673572030730, Scenario: Offline
[2mINFO   [m Sucessfully loaded MLPerf log from closed/HPE/compliance/Apollo_6500_gen10_plus_A100-SXM-80GB-MIG_1x1g.10gb_TRT/bert-99/Offline/TEST05/performance/run_1/mlperf_log_detail.txt.
[2mINFO   [m Sucessfully loaded MLPerf log from closed/HPE/compliance/Apollo_6500_gen10_plus_A100-SXM-80GB-MIG_1x1g.10gb_TRT/bert-99/Offline/TEST05/performance/run_1/mlperf_log_detail.txt.
[2mINFO   [m Target latency: None, Latency: 673969453984, Scenario: Offline
[2mINFO   [m Sucessfully loaded MLPerf log from closed/HPE/results/Apollo_6500_gen10_plus_A100-SXM-80GB-MIG_1x1g.10gb_TRT/bert-99/SingleStream/accuracy/mlperf_log_detail.txt.
[2mINFO   [m Sucessfully loaded MLPerf log from closed/HPE/results/Apollo_6500_gen10_plus_A100-SXM-80GB-MIG_1x1g.10gb_TRT/bert-99/SingleStream/performance/run_1/mlperf_log_detail.txt.
[2mINFO   [m Sucessfully loaded MLPerf log from closed/HPE/results/Apollo_6500_gen10_plus_A100-SXM-80GB-MIG_1x1g.10gb_TRT/bert-99/SingleStream/performance/run_1/mlperf_log_detail.txt.
[2mINFO   [m Sucessfully loaded MLPerf log from closed/HPE/compliance/Apollo_6500_gen10_plus_A100-SXM-80GB-MIG_1x1g.10gb_TRT/bert-99/SingleStream/TEST01/performance/run_1/mlperf_log_detail.txt.
[2mINFO   [m Sucessfully loaded MLPerf log from closed/HPE/compliance/Apollo_6500_gen10_plus_A100-SXM-80GB-MIG_1x1g.10gb_TRT/bert-99/SingleStream/TEST01/performance/run_1/mlperf_log_detail.txt.
[2mINFO   [m Sucessfully loaded MLPerf log from closed/HPE/compliance/Apollo_6500_gen10_plus_A100-SXM-80GB-MIG_1x1g.10gb_TRT/bert-99/SingleStream/TEST05/performance/run_1/mlperf_log_detail.txt.
[2mINFO   [m Sucessfully loaded MLPerf log from closed/HPE/compliance/Apollo_6500_gen10_plus_A100-SXM-80GB-MIG_1x1g.10gb_TRT/bert-99/SingleStream/TEST05/performance/run_1/mlperf_log_detail.txt.
[2mINFO   [m Sucessfully loaded MLPerf log from closed/HPE/results/Apollo_6500_gen10_plus_A100-SXM-80GB-MIG_1x1g.10gb_TRT/resnet50/Server/accuracy/mlperf_log_detail.txt.
[2mINFO   [m Sucessfully loaded MLPerf log from closed/HPE/results/Apollo_6500_gen10_plus_A100-SXM-80GB-MIG_1x1g.10gb_TRT/resnet50/Server/performance/run_1/mlperf_log_detail.txt.
[2mINFO   [m Sucessfully loaded MLPerf log from closed/HPE/results/Apollo_6500_gen10_plus_A100-SXM-80GB-MIG_1x1g.10gb_TRT/resnet50/Server/performance/run_1/mlperf_log_detail.txt.
[2mINFO   [m Target latency: 15000000, Early Stopping Latency: 15000000, Scenario: Server
[2mINFO   [m Sucessfully loaded MLPerf log from closed/HPE/compliance/Apollo_6500_gen10_plus_A100-SXM-80GB-MIG_1x1g.10gb_TRT/resnet50/Server/TEST01/performance/run_1/mlperf_log_detail.txt.
[2mINFO   [m Sucessfully loaded MLPerf log from closed/HPE/compliance/Apollo_6500_gen10_plus_A100-SXM-80GB-MIG_1x1g.10gb_TRT/resnet50/Server/TEST01/performance/run_1/mlperf_log_detail.txt.
[2mINFO   [m Target latency: 15000000, Early Stopping Latency: 15000000, Scenario: Server
[2mINFO   [m Sucessfully loaded MLPerf log from closed/HPE/compliance/Apollo_6500_gen10_plus_A100-SXM-80GB-MIG_1x1g.10gb_TRT/resnet50/Server/TEST04/performance/run_1/mlperf_log_detail.txt.
[2mINFO   [m Sucessfully loaded MLPerf log from closed/HPE/compliance/Apollo_6500_gen10_plus_A100-SXM-80GB-MIG_1x1g.10gb_TRT/resnet50/Server/TEST04/performance/run_1/mlperf_log_detail.txt.
[2mINFO   [m Target latency: 15000000, Early Stopping Latency: 15000000, Scenario: Server
[2mINFO   [m Sucessfully loaded MLPerf log from closed/HPE/compliance/Apollo_6500_gen10_plus_A100-SXM-80GB-MIG_1x1g.10gb_TRT/resnet50/Server/TEST05/performance/run_1/mlperf_log_detail.txt.
[2mINFO   [m Sucessfully loaded MLPerf log from closed/HPE/compliance/Apollo_6500_gen10_plus_A100-SXM-80GB-MIG_1x1g.10gb_TRT/resnet50/Server/TEST05/performance/run_1/mlperf_log_detail.txt.
[2mINFO   [m Target latency: 15000000, Early Stopping Latency: 15000000, Scenario: Server
[2mINFO   [m Sucessfully loaded MLPerf log from closed/HPE/results/Apollo_6500_gen10_plus_A100-SXM-80GB-MIG_1x1g.10gb_TRT/resnet50/Offline/accuracy/mlperf_log_detail.txt.
[2mINFO   [m Sucessfully loaded MLPerf log from closed/HPE/results/Apollo_6500_gen10_plus_A100-SXM-80GB-MIG_1x1g.10gb_TRT/resnet50/Offline/performance/run_1/mlperf_log_detail.txt.
[2mINFO   [m Sucessfully loaded MLPerf log from closed/HPE/results/Apollo_6500_gen10_plus_A100-SXM-80GB-MIG_1x1g.10gb_TRT/resnet50/Offline/performance/run_1/mlperf_log_detail.txt.
[2mINFO   [m Target latency: None, Latency: 599451838179, Scenario: Offline
[2mINFO   [m Sucessfully loaded MLPerf log from closed/HPE/compliance/Apollo_6500_gen10_plus_A100-SXM-80GB-MIG_1x1g.10gb_TRT/resnet50/Offline/TEST01/performance/run_1/mlperf_log_detail.txt.
[2mINFO   [m Sucessfully loaded MLPerf log from closed/HPE/compliance/Apollo_6500_gen10_plus_A100-SXM-80GB-MIG_1x1g.10gb_TRT/resnet50/Offline/TEST01/performance/run_1/mlperf_log_detail.txt.
[2mINFO   [m Target latency: None, Latency: 601078571482, Scenario: Offline
[2mINFO   [m Sucessfully loaded MLPerf log from closed/HPE/compliance/Apollo_6500_gen10_plus_A100-SXM-80GB-MIG_1x1g.10gb_TRT/resnet50/Offline/TEST04/performance/run_1/mlperf_log_detail.txt.
[2mINFO   [m Sucessfully loaded MLPerf log from closed/HPE/compliance/Apollo_6500_gen10_plus_A100-SXM-80GB-MIG_1x1g.10gb_TRT/resnet50/Offline/TEST04/performance/run_1/mlperf_log_detail.txt.
[2mINFO   [m Target latency: None, Latency: 615447738516, Scenario: Offline
[2mINFO   [m Sucessfully loaded MLPerf log from closed/HPE/compliance/Apollo_6500_gen10_plus_A100-SXM-80GB-MIG_1x1g.10gb_TRT/resnet50/Offline/TEST05/performance/run_1/mlperf_log_detail.txt.
[2mINFO   [m Sucessfully loaded MLPerf log from closed/HPE/compliance/Apollo_6500_gen10_plus_A100-SXM-80GB-MIG_1x1g.10gb_TRT/resnet50/Offline/TEST05/performance/run_1/mlperf_log_detail.txt.
[2mINFO   [m Target latency: None, Latency: 601094183050, Scenario: Offline
[2mINFO   [m Sucessfully loaded MLPerf log from closed/HPE/results/Apollo_6500_gen10_plus_A100-SXM-80GB-MIG_1x1g.10gb_TRT/resnet50/SingleStream/accuracy/mlperf_log_detail.txt.
[2mINFO   [m Sucessfully loaded MLPerf log from closed/HPE/results/Apollo_6500_gen10_plus_A100-SXM-80GB-MIG_1x1g.10gb_TRT/resnet50/SingleStream/performance/run_1/mlperf_log_detail.txt.
[2mINFO   [m Sucessfully loaded MLPerf log from closed/HPE/results/Apollo_6500_gen10_plus_A100-SXM-80GB-MIG_1x1g.10gb_TRT/resnet50/SingleStream/performance/run_1/mlperf_log_detail.txt.
[2mINFO   [m Sucessfully loaded MLPerf log from closed/HPE/compliance/Apollo_6500_gen10_plus_A100-SXM-80GB-MIG_1x1g.10gb_TRT/resnet50/SingleStream/TEST01/performance/run_1/mlperf_log_detail.txt.
[2mINFO   [m Sucessfully loaded MLPerf log from closed/HPE/compliance/Apollo_6500_gen10_plus_A100-SXM-80GB-MIG_1x1g.10gb_TRT/resnet50/SingleStream/TEST01/performance/run_1/mlperf_log_detail.txt.
[2mINFO   [m Sucessfully loaded MLPerf log from closed/HPE/compliance/Apollo_6500_gen10_plus_A100-SXM-80GB-MIG_1x1g.10gb_TRT/resnet50/SingleStream/TEST04/performance/run_1/mlperf_log_detail.txt.
[2mINFO   [m Sucessfully loaded MLPerf log from closed/HPE/compliance/Apollo_6500_gen10_plus_A100-SXM-80GB-MIG_1x1g.10gb_TRT/resnet50/SingleStream/TEST04/performance/run_1/mlperf_log_detail.txt.
[2mINFO   [m Sucessfully loaded MLPerf log from closed/HPE/compliance/Apollo_6500_gen10_plus_A100-SXM-80GB-MIG_1x1g.10gb_TRT/resnet50/SingleStream/TEST05/performance/run_1/mlperf_log_detail.txt.
[2mINFO   [m Sucessfully loaded MLPerf log from closed/HPE/compliance/Apollo_6500_gen10_plus_A100-SXM-80GB-MIG_1x1g.10gb_TRT/resnet50/SingleStream/TEST05/performance/run_1/mlperf_log_detail.txt.
[2mINFO   [m Sucessfully loaded MLPerf log from closed/HPE/results/Apollo_6500_gen10_plus_A100-SXM-80GB-MIG_1x1g.10gb_TRT/resnet50/MultiStream/accuracy/mlperf_log_detail.txt.
[2mINFO   [m Sucessfully loaded MLPerf log from closed/HPE/results/Apollo_6500_gen10_plus_A100-SXM-80GB-MIG_1x1g.10gb_TRT/resnet50/MultiStream/performance/run_1/mlperf_log_detail.txt.
[2mINFO   [m Sucessfully loaded MLPerf log from closed/HPE/results/Apollo_6500_gen10_plus_A100-SXM-80GB-MIG_1x1g.10gb_TRT/resnet50/MultiStream/performance/run_1/mlperf_log_detail.txt.
[2mINFO   [m Sucessfully loaded MLPerf log from closed/HPE/compliance/Apollo_6500_gen10_plus_A100-SXM-80GB-MIG_1x1g.10gb_TRT/resnet50/MultiStream/TEST01/performance/run_1/mlperf_log_detail.txt.
[2mINFO   [m Sucessfully loaded MLPerf log from closed/HPE/compliance/Apollo_6500_gen10_plus_A100-SXM-80GB-MIG_1x1g.10gb_TRT/resnet50/MultiStream/TEST01/performance/run_1/mlperf_log_detail.txt.
[2mINFO   [m Sucessfully loaded MLPerf log from closed/HPE/compliance/Apollo_6500_gen10_plus_A100-SXM-80GB-MIG_1x1g.10gb_TRT/resnet50/MultiStream/TEST04/performance/run_1/mlperf_log_detail.txt.
[2mINFO   [m Sucessfully loaded MLPerf log from closed/HPE/compliance/Apollo_6500_gen10_plus_A100-SXM-80GB-MIG_1x1g.10gb_TRT/resnet50/MultiStream/TEST04/performance/run_1/mlperf_log_detail.txt.
[2mINFO   [m Sucessfully loaded MLPerf log from closed/HPE/compliance/Apollo_6500_gen10_plus_A100-SXM-80GB-MIG_1x1g.10gb_TRT/resnet50/MultiStream/TEST05/performance/run_1/mlperf_log_detail.txt.
[2mINFO   [m Sucessfully loaded MLPerf log from closed/HPE/compliance/Apollo_6500_gen10_plus_A100-SXM-80GB-MIG_1x1g.10gb_TRT/resnet50/MultiStream/TEST05/performance/run_1/mlperf_log_detail.txt.
[2mINFO   [m Sucessfully loaded MLPerf log from closed/HPE/results/Apollo_6500_gen10_plus_A100-SXM-80GB-MIG_1x1g.10gb_TRT/3d-unet-99.9/Offline/accuracy/mlperf_log_detail.txt.
[2mINFO   [m Sucessfully loaded MLPerf log from closed/HPE/results/Apollo_6500_gen10_plus_A100-SXM-80GB-MIG_1x1g.10gb_TRT/3d-unet-99.9/Offline/performance/run_1/mlperf_log_detail.txt.
[2mINFO   [m Sucessfully loaded MLPerf log from closed/HPE/results/Apollo_6500_gen10_plus_A100-SXM-80GB-MIG_1x1g.10gb_TRT/3d-unet-99.9/Offline/performance/run_1/mlperf_log_detail.txt.
[2mINFO   [m closed/HPE/results/Apollo_6500_gen10_plus_A100-SXM-80GB-MIG_1x1g.10gb_TRT/3d-unet-99.9/Offline/performance/run_1 has inferred results, qps=0.510582
[2mINFO   [m Sucessfully loaded MLPerf log from closed/HPE/compliance/Apollo_6500_gen10_plus_A100-SXM-80GB-MIG_1x1g.10gb_TRT/3d-unet-99.9/Offline/TEST01/performance/run_1/mlperf_log_detail.txt.
[2mINFO   [m Sucessfully loaded MLPerf log from closed/HPE/compliance/Apollo_6500_gen10_plus_A100-SXM-80GB-MIG_1x1g.10gb_TRT/3d-unet-99.9/Offline/TEST01/performance/run_1/mlperf_log_detail.txt.
[2mINFO   [m closed/HPE/compliance/Apollo_6500_gen10_plus_A100-SXM-80GB-MIG_1x1g.10gb_TRT/3d-unet-99.9/Offline/TEST01/performance/run_1 has inferred results, qps=0.508773
[2mINFO   [m Sucessfully loaded MLPerf log from closed/HPE/compliance/Apollo_6500_gen10_plus_A100-SXM-80GB-MIG_1x1g.10gb_TRT/3d-unet-99.9/Offline/TEST05/performance/run_1/mlperf_log_detail.txt.
[2mINFO   [m Sucessfully loaded MLPerf log from closed/HPE/compliance/Apollo_6500_gen10_plus_A100-SXM-80GB-MIG_1x1g.10gb_TRT/3d-unet-99.9/Offline/TEST05/performance/run_1/mlperf_log_detail.txt.
[2mINFO   [m closed/HPE/compliance/Apollo_6500_gen10_plus_A100-SXM-80GB-MIG_1x1g.10gb_TRT/3d-unet-99.9/Offline/TEST05/performance/run_1 has inferred results, qps=0.508804
[2mINFO   [m Sucessfully loaded MLPerf log from closed/HPE/results/Apollo_6500_gen10_plus_A100-SXM-80GB-MIG_1x1g.10gb_TRT/3d-unet-99.9/SingleStream/accuracy/mlperf_log_detail.txt.
[2mINFO   [m Sucessfully loaded MLPerf log from closed/HPE/results/Apollo_6500_gen10_plus_A100-SXM-80GB-MIG_1x1g.10gb_TRT/3d-unet-99.9/SingleStream/performance/run_1/mlperf_log_detail.txt.
[2mINFO   [m Sucessfully loaded MLPerf log from closed/HPE/results/Apollo_6500_gen10_plus_A100-SXM-80GB-MIG_1x1g.10gb_TRT/3d-unet-99.9/SingleStream/performance/run_1/mlperf_log_detail.txt.
[2mINFO   [m Sucessfully loaded MLPerf log from closed/HPE/compliance/Apollo_6500_gen10_plus_A100-SXM-80GB-MIG_1x1g.10gb_TRT/3d-unet-99.9/SingleStream/TEST01/performance/run_1/mlperf_log_detail.txt.
[2mINFO   [m Sucessfully loaded MLPerf log from closed/HPE/compliance/Apollo_6500_gen10_plus_A100-SXM-80GB-MIG_1x1g.10gb_TRT/3d-unet-99.9/SingleStream/TEST01/performance/run_1/mlperf_log_detail.txt.
[2mINFO   [m Sucessfully loaded MLPerf log from closed/HPE/compliance/Apollo_6500_gen10_plus_A100-SXM-80GB-MIG_1x1g.10gb_TRT/3d-unet-99.9/SingleStream/TEST05/performance/run_1/mlperf_log_detail.txt.
[2mINFO   [m Sucessfully loaded MLPerf log from closed/HPE/compliance/Apollo_6500_gen10_plus_A100-SXM-80GB-MIG_1x1g.10gb_TRT/3d-unet-99.9/SingleStream/TEST05/performance/run_1/mlperf_log_detail.txt.
[2mINFO   [m Sucessfully loaded MLPerf log from closed/HPE/results/Apollo_6500_gen10_plus_A100-SXM-80GB-MIG_1x1g.10gb_TRT/bert-99.9/Server/accuracy/mlperf_log_detail.txt.
[2mINFO   [m Sucessfully loaded MLPerf log from closed/HPE/results/Apollo_6500_gen10_plus_A100-SXM-80GB-MIG_1x1g.10gb_TRT/bert-99.9/Server/performance/run_1/mlperf_log_detail.txt.
[2mINFO   [m Sucessfully loaded MLPerf log from closed/HPE/results/Apollo_6500_gen10_plus_A100-SXM-80GB-MIG_1x1g.10gb_TRT/bert-99.9/Server/performance/run_1/mlperf_log_detail.txt.
[2mINFO   [m Target latency: 130000000, Early Stopping Latency: 130000000, Scenario: Server
[2mINFO   [m Sucessfully loaded MLPerf log from closed/HPE/compliance/Apollo_6500_gen10_plus_A100-SXM-80GB-MIG_1x1g.10gb_TRT/bert-99.9/Server/TEST01/performance/run_1/mlperf_log_detail.txt.
[2mINFO   [m Sucessfully loaded MLPerf log from closed/HPE/compliance/Apollo_6500_gen10_plus_A100-SXM-80GB-MIG_1x1g.10gb_TRT/bert-99.9/Server/TEST01/performance/run_1/mlperf_log_detail.txt.
[2mINFO   [m Target latency: 130000000, Early Stopping Latency: 130000000, Scenario: Server
[2mINFO   [m Sucessfully loaded MLPerf log from closed/HPE/compliance/Apollo_6500_gen10_plus_A100-SXM-80GB-MIG_1x1g.10gb_TRT/bert-99.9/Server/TEST05/performance/run_1/mlperf_log_detail.txt.
[2mINFO   [m Sucessfully loaded MLPerf log from closed/HPE/compliance/Apollo_6500_gen10_plus_A100-SXM-80GB-MIG_1x1g.10gb_TRT/bert-99.9/Server/TEST05/performance/run_1/mlperf_log_detail.txt.
[2mINFO   [m Target latency: 130000000, Early Stopping Latency: 130000000, Scenario: Server
[2mINFO   [m Compliance test accuracy check in closed/HPE/compliance/Apollo_6500_gen10_plus_A100-SXM-80GB-MIG_1x1g.10gb_TRT/bert-99.9/Server/TEST01 failed
[2mINFO   [m Sucessfully loaded MLPerf log from closed/HPE/results/Apollo_6500_gen10_plus_A100-SXM-80GB-MIG_1x1g.10gb_TRT/bert-99.9/Offline/accuracy/mlperf_log_detail.txt.
[2mINFO   [m Sucessfully loaded MLPerf log from closed/HPE/results/Apollo_6500_gen10_plus_A100-SXM-80GB-MIG_1x1g.10gb_TRT/bert-99.9/Offline/performance/run_1/mlperf_log_detail.txt.
[2mINFO   [m Sucessfully loaded MLPerf log from closed/HPE/results/Apollo_6500_gen10_plus_A100-SXM-80GB-MIG_1x1g.10gb_TRT/bert-99.9/Offline/performance/run_1/mlperf_log_detail.txt.
[2mINFO   [m Target latency: None, Latency: 603611577406, Scenario: Offline
[2mINFO   [m Sucessfully loaded MLPerf log from closed/HPE/compliance/Apollo_6500_gen10_plus_A100-SXM-80GB-MIG_1x1g.10gb_TRT/bert-99.9/Offline/TEST01/performance/run_1/mlperf_log_detail.txt.
[2mINFO   [m Sucessfully loaded MLPerf log from closed/HPE/compliance/Apollo_6500_gen10_plus_A100-SXM-80GB-MIG_1x1g.10gb_TRT/bert-99.9/Offline/TEST01/performance/run_1/mlperf_log_detail.txt.
[2mINFO   [m Target latency: None, Latency: 605091123849, Scenario: Offline
[2mINFO   [m Sucessfully loaded MLPerf log from closed/HPE/compliance/Apollo_6500_gen10_plus_A100-SXM-80GB-MIG_1x1g.10gb_TRT/bert-99.9/Offline/TEST05/performance/run_1/mlperf_log_detail.txt.
[2mINFO   [m Sucessfully loaded MLPerf log from closed/HPE/compliance/Apollo_6500_gen10_plus_A100-SXM-80GB-MIG_1x1g.10gb_TRT/bert-99.9/Offline/TEST05/performance/run_1/mlperf_log_detail.txt.
[2mINFO   [m Target latency: None, Latency: 605201402153, Scenario: Offline
[2mINFO   [m Compliance test accuracy check in closed/HPE/compliance/Apollo_6500_gen10_plus_A100-SXM-80GB-MIG_1x1g.10gb_TRT/bert-99.9/Offline/TEST01 failed
[2mINFO   [m Sucessfully loaded MLPerf log from closed/HPE/results/Apollo_6500_gen10_plus_A100-SXM-80GB-MIG_1x1g.10gb_TRT/3d-unet-99/Offline/accuracy/mlperf_log_detail.txt.
[2mINFO   [m Sucessfully loaded MLPerf log from closed/HPE/results/Apollo_6500_gen10_plus_A100-SXM-80GB-MIG_1x1g.10gb_TRT/3d-unet-99/Offline/performance/run_1/mlperf_log_detail.txt.
[2mINFO   [m Sucessfully loaded MLPerf log from closed/HPE/results/Apollo_6500_gen10_plus_A100-SXM-80GB-MIG_1x1g.10gb_TRT/3d-unet-99/Offline/performance/run_1/mlperf_log_detail.txt.
[2mINFO   [m closed/HPE/results/Apollo_6500_gen10_plus_A100-SXM-80GB-MIG_1x1g.10gb_TRT/3d-unet-99/Offline/performance/run_1 has inferred results, qps=0.510582
[2mINFO   [m Sucessfully loaded MLPerf log from closed/HPE/compliance/Apollo_6500_gen10_plus_A100-SXM-80GB-MIG_1x1g.10gb_TRT/3d-unet-99/Offline/TEST01/performance/run_1/mlperf_log_detail.txt.
[2mINFO   [m Sucessfully loaded MLPerf log from closed/HPE/compliance/Apollo_6500_gen10_plus_A100-SXM-80GB-MIG_1x1g.10gb_TRT/3d-unet-99/Offline/TEST01/performance/run_1/mlperf_log_detail.txt.
[2mINFO   [m closed/HPE/compliance/Apollo_6500_gen10_plus_A100-SXM-80GB-MIG_1x1g.10gb_TRT/3d-unet-99/Offline/TEST01/performance/run_1 has inferred results, qps=0.508773
[2mINFO   [m Sucessfully loaded MLPerf log from closed/HPE/compliance/Apollo_6500_gen10_plus_A100-SXM-80GB-MIG_1x1g.10gb_TRT/3d-unet-99/Offline/TEST05/performance/run_1/mlperf_log_detail.txt.
[2mINFO   [m Sucessfully loaded MLPerf log from closed/HPE/compliance/Apollo_6500_gen10_plus_A100-SXM-80GB-MIG_1x1g.10gb_TRT/3d-unet-99/Offline/TEST05/performance/run_1/mlperf_log_detail.txt.
[2mINFO   [m closed/HPE/compliance/Apollo_6500_gen10_plus_A100-SXM-80GB-MIG_1x1g.10gb_TRT/3d-unet-99/Offline/TEST05/performance/run_1 has inferred results, qps=0.508804
[2mINFO   [m Sucessfully loaded MLPerf log from closed/HPE/results/Apollo_6500_gen10_plus_A100-SXM-80GB-MIG_1x1g.10gb_TRT/3d-unet-99/SingleStream/accuracy/mlperf_log_detail.txt.
[2mINFO   [m Sucessfully loaded MLPerf log from closed/HPE/results/Apollo_6500_gen10_plus_A100-SXM-80GB-MIG_1x1g.10gb_TRT/3d-unet-99/SingleStream/performance/run_1/mlperf_log_detail.txt.
[2mINFO   [m Sucessfully loaded MLPerf log from closed/HPE/results/Apollo_6500_gen10_plus_A100-SXM-80GB-MIG_1x1g.10gb_TRT/3d-unet-99/SingleStream/performance/run_1/mlperf_log_detail.txt.
[2mINFO   [m Sucessfully loaded MLPerf log from closed/HPE/compliance/Apollo_6500_gen10_plus_A100-SXM-80GB-MIG_1x1g.10gb_TRT/3d-unet-99/SingleStream/TEST01/performance/run_1/mlperf_log_detail.txt.
[2mINFO   [m Sucessfully loaded MLPerf log from closed/HPE/compliance/Apollo_6500_gen10_plus_A100-SXM-80GB-MIG_1x1g.10gb_TRT/3d-unet-99/SingleStream/TEST01/performance/run_1/mlperf_log_detail.txt.
[2mINFO   [m Sucessfully loaded MLPerf log from closed/HPE/compliance/Apollo_6500_gen10_plus_A100-SXM-80GB-MIG_1x1g.10gb_TRT/3d-unet-99/SingleStream/TEST05/performance/run_1/mlperf_log_detail.txt.
[2mINFO   [m Sucessfully loaded MLPerf log from closed/HPE/compliance/Apollo_6500_gen10_plus_A100-SXM-80GB-MIG_1x1g.10gb_TRT/3d-unet-99/SingleStream/TEST05/performance/run_1/mlperf_log_detail.txt.
[2mINFO   [m Sucessfully loaded MLPerf log from closed/HPE/results/Apollo_6500_gen10_plus_A100-SXM-40GBx8_TRT/bert-99/Server/accuracy/mlperf_log_detail.txt.
[2mINFO   [m Sucessfully loaded MLPerf log from closed/HPE/results/Apollo_6500_gen10_plus_A100-SXM-40GBx8_TRT/bert-99/Server/performance/run_1/mlperf_log_detail.txt.
[2mINFO   [m Sucessfully loaded MLPerf log from closed/HPE/results/Apollo_6500_gen10_plus_A100-SXM-40GBx8_TRT/bert-99/Server/performance/run_1/mlperf_log_detail.txt.
[2mINFO   [m Target latency: 130000000, Early Stopping Latency: 130000000, Scenario: Server
[2mINFO   [m Sucessfully loaded MLPerf log from closed/HPE/compliance/Apollo_6500_gen10_plus_A100-SXM-40GBx8_TRT/bert-99/Server/TEST01/performance/run_1/mlperf_log_detail.txt.
[2mINFO   [m Sucessfully loaded MLPerf log from closed/HPE/compliance/Apollo_6500_gen10_plus_A100-SXM-40GBx8_TRT/bert-99/Server/TEST01/performance/run_1/mlperf_log_detail.txt.
[2mINFO   [m Target latency: 130000000, Early Stopping Latency: 130000000, Scenario: Server
[2mINFO   [m Sucessfully loaded MLPerf log from closed/HPE/compliance/Apollo_6500_gen10_plus_A100-SXM-40GBx8_TRT/bert-99/Server/TEST05/performance/run_1/mlperf_log_detail.txt.
[2mINFO   [m Sucessfully loaded MLPerf log from closed/HPE/compliance/Apollo_6500_gen10_plus_A100-SXM-40GBx8_TRT/bert-99/Server/TEST05/performance/run_1/mlperf_log_detail.txt.
[2mINFO   [m Target latency: 130000000, Early Stopping Latency: 130000000, Scenario: Server
[2mINFO   [m Sucessfully loaded MLPerf log from closed/HPE/results/Apollo_6500_gen10_plus_A100-SXM-40GBx8_TRT/bert-99/Offline/accuracy/mlperf_log_detail.txt.
[2mINFO   [m Sucessfully loaded MLPerf log from closed/HPE/results/Apollo_6500_gen10_plus_A100-SXM-40GBx8_TRT/bert-99/Offline/performance/run_1/mlperf_log_detail.txt.
[2mINFO   [m Sucessfully loaded MLPerf log from closed/HPE/results/Apollo_6500_gen10_plus_A100-SXM-40GBx8_TRT/bert-99/Offline/performance/run_1/mlperf_log_detail.txt.
[2mINFO   [m Target latency: None, Latency: 734068449643, Scenario: Offline
[2mINFO   [m Sucessfully loaded MLPerf log from closed/HPE/compliance/Apollo_6500_gen10_plus_A100-SXM-40GBx8_TRT/bert-99/Offline/TEST01/performance/run_1/mlperf_log_detail.txt.
[2mINFO   [m Sucessfully loaded MLPerf log from closed/HPE/compliance/Apollo_6500_gen10_plus_A100-SXM-40GBx8_TRT/bert-99/Offline/TEST01/performance/run_1/mlperf_log_detail.txt.
[2mINFO   [m Target latency: None, Latency: 769225939543, Scenario: Offline
[2mINFO   [m Sucessfully loaded MLPerf log from closed/HPE/compliance/Apollo_6500_gen10_plus_A100-SXM-40GBx8_TRT/bert-99/Offline/TEST05/performance/run_1/mlperf_log_detail.txt.
[2mINFO   [m Sucessfully loaded MLPerf log from closed/HPE/compliance/Apollo_6500_gen10_plus_A100-SXM-40GBx8_TRT/bert-99/Offline/TEST05/performance/run_1/mlperf_log_detail.txt.
[2mINFO   [m Target latency: None, Latency: 772565789114, Scenario: Offline
[2mINFO   [m Compliance test accuracy check in closed/HPE/compliance/Apollo_6500_gen10_plus_A100-SXM-40GBx8_TRT/bert-99/Offline/TEST01 failed
[2mINFO   [m Sucessfully loaded MLPerf log from closed/HPE/results/Apollo_6500_gen10_plus_A100-SXM-40GBx8_TRT/resnet50/Server/accuracy/mlperf_log_detail.txt.
[2mINFO   [m Sucessfully loaded MLPerf log from closed/HPE/results/Apollo_6500_gen10_plus_A100-SXM-40GBx8_TRT/resnet50/Server/performance/run_1/mlperf_log_detail.txt.
[2mINFO   [m Sucessfully loaded MLPerf log from closed/HPE/results/Apollo_6500_gen10_plus_A100-SXM-40GBx8_TRT/resnet50/Server/performance/run_1/mlperf_log_detail.txt.
[2mINFO   [m Target latency: 15000000, Early Stopping Latency: 15000000, Scenario: Server
[2mINFO   [m Sucessfully loaded MLPerf log from closed/HPE/compliance/Apollo_6500_gen10_plus_A100-SXM-40GBx8_TRT/resnet50/Server/TEST01/performance/run_1/mlperf_log_detail.txt.
[2mINFO   [m Sucessfully loaded MLPerf log from closed/HPE/compliance/Apollo_6500_gen10_plus_A100-SXM-40GBx8_TRT/resnet50/Server/TEST01/performance/run_1/mlperf_log_detail.txt.
[2mINFO   [m Target latency: 15000000, Early Stopping Latency: 15000000, Scenario: Server
[2mINFO   [m Sucessfully loaded MLPerf log from closed/HPE/compliance/Apollo_6500_gen10_plus_A100-SXM-40GBx8_TRT/resnet50/Server/TEST04/performance/run_1/mlperf_log_detail.txt.
[2mINFO   [m Sucessfully loaded MLPerf log from closed/HPE/compliance/Apollo_6500_gen10_plus_A100-SXM-40GBx8_TRT/resnet50/Server/TEST04/performance/run_1/mlperf_log_detail.txt.
[2mINFO   [m Target latency: 15000000, Early Stopping Latency: 15000000, Scenario: Server
[2mINFO   [m Sucessfully loaded MLPerf log from closed/HPE/compliance/Apollo_6500_gen10_plus_A100-SXM-40GBx8_TRT/resnet50/Server/TEST05/performance/run_1/mlperf_log_detail.txt.
[2mINFO   [m Sucessfully loaded MLPerf log from closed/HPE/compliance/Apollo_6500_gen10_plus_A100-SXM-40GBx8_TRT/resnet50/Server/TEST05/performance/run_1/mlperf_log_detail.txt.
[2mINFO   [m Target latency: 15000000, Early Stopping Latency: 15000000, Scenario: Server
[2mINFO   [m Sucessfully loaded MLPerf log from closed/HPE/results/Apollo_6500_gen10_plus_A100-SXM-40GBx8_TRT/resnet50/Offline/accuracy/mlperf_log_detail.txt.
[2mINFO   [m Sucessfully loaded MLPerf log from closed/HPE/results/Apollo_6500_gen10_plus_A100-SXM-40GBx8_TRT/resnet50/Offline/performance/run_1/mlperf_log_detail.txt.
[2mINFO   [m Sucessfully loaded MLPerf log from closed/HPE/results/Apollo_6500_gen10_plus_A100-SXM-40GBx8_TRT/resnet50/Offline/performance/run_1/mlperf_log_detail.txt.
[2mINFO   [m Target latency: None, Latency: 670863898706, Scenario: Offline
[2mINFO   [m Sucessfully loaded MLPerf log from closed/HPE/compliance/Apollo_6500_gen10_plus_A100-SXM-40GBx8_TRT/resnet50/Offline/TEST01/performance/run_1/mlperf_log_detail.txt.
[2mINFO   [m Sucessfully loaded MLPerf log from closed/HPE/compliance/Apollo_6500_gen10_plus_A100-SXM-40GBx8_TRT/resnet50/Offline/TEST01/performance/run_1/mlperf_log_detail.txt.
[2mINFO   [m Target latency: None, Latency: 741221765838, Scenario: Offline
[2mINFO   [m Sucessfully loaded MLPerf log from closed/HPE/compliance/Apollo_6500_gen10_plus_A100-SXM-40GBx8_TRT/resnet50/Offline/TEST04/performance/run_1/mlperf_log_detail.txt.
[2mINFO   [m Sucessfully loaded MLPerf log from closed/HPE/compliance/Apollo_6500_gen10_plus_A100-SXM-40GBx8_TRT/resnet50/Offline/TEST04/performance/run_1/mlperf_log_detail.txt.
[2mINFO   [m Target latency: None, Latency: 3570343543745, Scenario: Offline
[2mINFO   [m Sucessfully loaded MLPerf log from closed/HPE/compliance/Apollo_6500_gen10_plus_A100-SXM-40GBx8_TRT/resnet50/Offline/TEST05/performance/run_1/mlperf_log_detail.txt.
[2mINFO   [m Sucessfully loaded MLPerf log from closed/HPE/compliance/Apollo_6500_gen10_plus_A100-SXM-40GBx8_TRT/resnet50/Offline/TEST05/performance/run_1/mlperf_log_detail.txt.
[2mINFO   [m Target latency: None, Latency: 676246092542, Scenario: Offline
[2mINFO   [m Sucessfully loaded MLPerf log from closed/HPE/results/Apollo_6500_gen10_plus_A100-SXM-40GBx8_TRT/3d-unet-99.9/Offline/accuracy/mlperf_log_detail.txt.
[2mINFO   [m Sucessfully loaded MLPerf log from closed/HPE/results/Apollo_6500_gen10_plus_A100-SXM-40GBx8_TRT/3d-unet-99.9/Offline/performance/run_1/mlperf_log_detail.txt.
[2mINFO   [m Sucessfully loaded MLPerf log from closed/HPE/results/Apollo_6500_gen10_plus_A100-SXM-40GBx8_TRT/3d-unet-99.9/Offline/performance/run_1/mlperf_log_detail.txt.
[2mINFO   [m Target latency: None, Latency: 967633123700, Scenario: Offline
[2mINFO   [m Sucessfully loaded MLPerf log from closed/HPE/compliance/Apollo_6500_gen10_plus_A100-SXM-40GBx8_TRT/3d-unet-99.9/Offline/TEST01/performance/run_1/mlperf_log_detail.txt.
[2mINFO   [m Sucessfully loaded MLPerf log from closed/HPE/compliance/Apollo_6500_gen10_plus_A100-SXM-40GBx8_TRT/3d-unet-99.9/Offline/TEST01/performance/run_1/mlperf_log_detail.txt.
[2mINFO   [m Target latency: None, Latency: 968184557735, Scenario: Offline
[2mINFO   [m Sucessfully loaded MLPerf log from closed/HPE/compliance/Apollo_6500_gen10_plus_A100-SXM-40GBx8_TRT/3d-unet-99.9/Offline/TEST05/performance/run_1/mlperf_log_detail.txt.
[2mINFO   [m Sucessfully loaded MLPerf log from closed/HPE/compliance/Apollo_6500_gen10_plus_A100-SXM-40GBx8_TRT/3d-unet-99.9/Offline/TEST05/performance/run_1/mlperf_log_detail.txt.
[2mINFO   [m Target latency: None, Latency: 968008481132, Scenario: Offline
[2mINFO   [m Sucessfully loaded MLPerf log from closed/HPE/results/Apollo_6500_gen10_plus_A100-SXM-40GBx8_TRT/bert-99.9/Server/accuracy/mlperf_log_detail.txt.
[2mINFO   [m Sucessfully loaded MLPerf log from closed/HPE/results/Apollo_6500_gen10_plus_A100-SXM-40GBx8_TRT/bert-99.9/Server/performance/run_1/mlperf_log_detail.txt.
[2mINFO   [m Sucessfully loaded MLPerf log from closed/HPE/results/Apollo_6500_gen10_plus_A100-SXM-40GBx8_TRT/bert-99.9/Server/performance/run_1/mlperf_log_detail.txt.
[2mINFO   [m Target latency: 130000000, Early Stopping Latency: 130000000, Scenario: Server
[2mINFO   [m Sucessfully loaded MLPerf log from closed/HPE/compliance/Apollo_6500_gen10_plus_A100-SXM-40GBx8_TRT/bert-99.9/Server/TEST01/performance/run_1/mlperf_log_detail.txt.
[2mINFO   [m Sucessfully loaded MLPerf log from closed/HPE/compliance/Apollo_6500_gen10_plus_A100-SXM-40GBx8_TRT/bert-99.9/Server/TEST01/performance/run_1/mlperf_log_detail.txt.
[2mINFO   [m Target latency: 130000000, Early Stopping Latency: 130000000, Scenario: Server
[2mINFO   [m Sucessfully loaded MLPerf log from closed/HPE/compliance/Apollo_6500_gen10_plus_A100-SXM-40GBx8_TRT/bert-99.9/Server/TEST05/performance/run_1/mlperf_log_detail.txt.
[2mINFO   [m Sucessfully loaded MLPerf log from closed/HPE/compliance/Apollo_6500_gen10_plus_A100-SXM-40GBx8_TRT/bert-99.9/Server/TEST05/performance/run_1/mlperf_log_detail.txt.
[2mINFO   [m Target latency: 130000000, Early Stopping Latency: 130000000, Scenario: Server
[2mINFO   [m Sucessfully loaded MLPerf log from closed/HPE/results/Apollo_6500_gen10_plus_A100-SXM-40GBx8_TRT/bert-99.9/Offline/accuracy/mlperf_log_detail.txt.
[2mINFO   [m Sucessfully loaded MLPerf log from closed/HPE/results/Apollo_6500_gen10_plus_A100-SXM-40GBx8_TRT/bert-99.9/Offline/performance/run_1/mlperf_log_detail.txt.
[2mINFO   [m Sucessfully loaded MLPerf log from closed/HPE/results/Apollo_6500_gen10_plus_A100-SXM-40GBx8_TRT/bert-99.9/Offline/performance/run_1/mlperf_log_detail.txt.
[2mINFO   [m Target latency: None, Latency: 739972646793, Scenario: Offline
[2mINFO   [m Sucessfully loaded MLPerf log from closed/HPE/compliance/Apollo_6500_gen10_plus_A100-SXM-40GBx8_TRT/bert-99.9/Offline/TEST01/performance/run_1/mlperf_log_detail.txt.
[2mINFO   [m Sucessfully loaded MLPerf log from closed/HPE/compliance/Apollo_6500_gen10_plus_A100-SXM-40GBx8_TRT/bert-99.9/Offline/TEST01/performance/run_1/mlperf_log_detail.txt.
[2mINFO   [m Target latency: None, Latency: 759815615360, Scenario: Offline
[2mINFO   [m Sucessfully loaded MLPerf log from closed/HPE/compliance/Apollo_6500_gen10_plus_A100-SXM-40GBx8_TRT/bert-99.9/Offline/TEST05/performance/run_1/mlperf_log_detail.txt.
[2mINFO   [m Sucessfully loaded MLPerf log from closed/HPE/compliance/Apollo_6500_gen10_plus_A100-SXM-40GBx8_TRT/bert-99.9/Offline/TEST05/performance/run_1/mlperf_log_detail.txt.
[2mINFO   [m Target latency: None, Latency: 757707294922, Scenario: Offline
[2mINFO   [m Compliance test accuracy check in closed/HPE/compliance/Apollo_6500_gen10_plus_A100-SXM-40GBx8_TRT/bert-99.9/Offline/TEST01 failed
[2mINFO   [m Sucessfully loaded MLPerf log from closed/HPE/results/Apollo_6500_gen10_plus_A100-SXM-40GBx8_TRT/3d-unet-99/Offline/accuracy/mlperf_log_detail.txt.
[2mINFO   [m Sucessfully loaded MLPerf log from closed/HPE/results/Apollo_6500_gen10_plus_A100-SXM-40GBx8_TRT/3d-unet-99/Offline/performance/run_1/mlperf_log_detail.txt.
[2mINFO   [m Sucessfully loaded MLPerf log from closed/HPE/results/Apollo_6500_gen10_plus_A100-SXM-40GBx8_TRT/3d-unet-99/Offline/performance/run_1/mlperf_log_detail.txt.
[2mINFO   [m Target latency: None, Latency: 967633123700, Scenario: Offline
[2mINFO   [m Sucessfully loaded MLPerf log from closed/HPE/compliance/Apollo_6500_gen10_plus_A100-SXM-40GBx8_TRT/3d-unet-99/Offline/TEST01/performance/run_1/mlperf_log_detail.txt.
[2mINFO   [m Sucessfully loaded MLPerf log from closed/HPE/compliance/Apollo_6500_gen10_plus_A100-SXM-40GBx8_TRT/3d-unet-99/Offline/TEST01/performance/run_1/mlperf_log_detail.txt.
[2mINFO   [m Target latency: None, Latency: 968184557735, Scenario: Offline
[2mINFO   [m Sucessfully loaded MLPerf log from closed/HPE/compliance/Apollo_6500_gen10_plus_A100-SXM-40GBx8_TRT/3d-unet-99/Offline/TEST05/performance/run_1/mlperf_log_detail.txt.
[2mINFO   [m Sucessfully loaded MLPerf log from closed/HPE/compliance/Apollo_6500_gen10_plus_A100-SXM-40GBx8_TRT/3d-unet-99/Offline/TEST05/performance/run_1/mlperf_log_detail.txt.
[2mINFO   [m Target latency: None, Latency: 968008481132, Scenario: Offline
[2mINFO   [m Sucessfully loaded MLPerf log from closed/HPE/results/Apollo_6500_gen10_plus_A100-SXM-80GBx8_TRT/resnet50/Server/accuracy/mlperf_log_detail.txt.
[2mINFO   [m Sucessfully loaded MLPerf log from closed/HPE/results/Apollo_6500_gen10_plus_A100-SXM-80GBx8_TRT/resnet50/Server/performance/run_1/mlperf_log_detail.txt.
[2mINFO   [m Sucessfully loaded MLPerf log from closed/HPE/results/Apollo_6500_gen10_plus_A100-SXM-80GBx8_TRT/resnet50/Server/performance/run_1/mlperf_log_detail.txt.
[2mINFO   [m Target latency: 15000000, Early Stopping Latency: 15000000, Scenario: Server
[2mINFO   [m Sucessfully loaded MLPerf log from closed/HPE/compliance/Apollo_6500_gen10_plus_A100-SXM-80GBx8_TRT/resnet50/Server/TEST01/performance/run_1/mlperf_log_detail.txt.
[2mINFO   [m Sucessfully loaded MLPerf log from closed/HPE/compliance/Apollo_6500_gen10_plus_A100-SXM-80GBx8_TRT/resnet50/Server/TEST01/performance/run_1/mlperf_log_detail.txt.
[2mINFO   [m Target latency: 15000000, Early Stopping Latency: 15000000, Scenario: Server
[2mINFO   [m Sucessfully loaded MLPerf log from closed/HPE/compliance/Apollo_6500_gen10_plus_A100-SXM-80GBx8_TRT/resnet50/Server/TEST04/performance/run_1/mlperf_log_detail.txt.
[2mINFO   [m Sucessfully loaded MLPerf log from closed/HPE/compliance/Apollo_6500_gen10_plus_A100-SXM-80GBx8_TRT/resnet50/Server/TEST04/performance/run_1/mlperf_log_detail.txt.
[2mINFO   [m Target latency: 15000000, Early Stopping Latency: 15000000, Scenario: Server
[2mINFO   [m Sucessfully loaded MLPerf log from closed/HPE/compliance/Apollo_6500_gen10_plus_A100-SXM-80GBx8_TRT/resnet50/Server/TEST05/performance/run_1/mlperf_log_detail.txt.
[2mINFO   [m Sucessfully loaded MLPerf log from closed/HPE/compliance/Apollo_6500_gen10_plus_A100-SXM-80GBx8_TRT/resnet50/Server/TEST05/performance/run_1/mlperf_log_detail.txt.
[2mINFO   [m Target latency: 15000000, Early Stopping Latency: 15000000, Scenario: Server
[2mINFO   [m Sucessfully loaded MLPerf log from closed/HPE/results/Apollo_6500_gen10_plus_A100-SXM-80GBx8_TRT/resnet50/Offline/accuracy/mlperf_log_detail.txt.
[2mINFO   [m Sucessfully loaded MLPerf log from closed/HPE/results/Apollo_6500_gen10_plus_A100-SXM-80GBx8_TRT/resnet50/Offline/performance/run_1/mlperf_log_detail.txt.
[2mINFO   [m Sucessfully loaded MLPerf log from closed/HPE/results/Apollo_6500_gen10_plus_A100-SXM-80GBx8_TRT/resnet50/Offline/performance/run_1/mlperf_log_detail.txt.
[2mINFO   [m Target latency: None, Latency: 655022241992, Scenario: Offline
[2mINFO   [m Sucessfully loaded MLPerf log from closed/HPE/compliance/Apollo_6500_gen10_plus_A100-SXM-80GBx8_TRT/resnet50/Offline/TEST01/performance/run_1/mlperf_log_detail.txt.
[2mINFO   [m Sucessfully loaded MLPerf log from closed/HPE/compliance/Apollo_6500_gen10_plus_A100-SXM-80GBx8_TRT/resnet50/Offline/TEST01/performance/run_1/mlperf_log_detail.txt.
[2mINFO   [m Target latency: None, Latency: 658335255086, Scenario: Offline
[2mINFO   [m Sucessfully loaded MLPerf log from closed/HPE/compliance/Apollo_6500_gen10_plus_A100-SXM-80GBx8_TRT/resnet50/Offline/TEST04/performance/run_1/mlperf_log_detail.txt.
[2mINFO   [m Sucessfully loaded MLPerf log from closed/HPE/compliance/Apollo_6500_gen10_plus_A100-SXM-80GBx8_TRT/resnet50/Offline/TEST04/performance/run_1/mlperf_log_detail.txt.
[2mINFO   [m Target latency: None, Latency: 740108054800, Scenario: Offline
[2mINFO   [m Sucessfully loaded MLPerf log from closed/HPE/compliance/Apollo_6500_gen10_plus_A100-SXM-80GBx8_TRT/resnet50/Offline/TEST05/performance/run_1/mlperf_log_detail.txt.
[2mINFO   [m Sucessfully loaded MLPerf log from closed/HPE/compliance/Apollo_6500_gen10_plus_A100-SXM-80GBx8_TRT/resnet50/Offline/TEST05/performance/run_1/mlperf_log_detail.txt.
[2mINFO   [m Target latency: None, Latency: 658509132836, Scenario: Offline
[2mINFO   [m Sucessfully loaded MLPerf log from closed/HPE/results/Apollo_6500_gen10_plus_A100-SXM-80GBx8_TRT/3d-unet-99.9/Offline/accuracy/mlperf_log_detail.txt.
[2mINFO   [m Sucessfully loaded MLPerf log from closed/HPE/results/Apollo_6500_gen10_plus_A100-SXM-80GBx8_TRT/3d-unet-99.9/Offline/performance/run_1/mlperf_log_detail.txt.
[2mINFO   [m Sucessfully loaded MLPerf log from closed/HPE/results/Apollo_6500_gen10_plus_A100-SXM-80GBx8_TRT/3d-unet-99.9/Offline/performance/run_1/mlperf_log_detail.txt.
[2mINFO   [m Target latency: None, Latency: 933099314199, Scenario: Offline
[2mINFO   [m Sucessfully loaded MLPerf log from closed/HPE/compliance/Apollo_6500_gen10_plus_A100-SXM-80GBx8_TRT/3d-unet-99.9/Offline/TEST01/performance/run_1/mlperf_log_detail.txt.
[2mINFO   [m Sucessfully loaded MLPerf log from closed/HPE/compliance/Apollo_6500_gen10_plus_A100-SXM-80GBx8_TRT/3d-unet-99.9/Offline/TEST01/performance/run_1/mlperf_log_detail.txt.
[2mINFO   [m Target latency: None, Latency: 933366472690, Scenario: Offline
[2mINFO   [m Sucessfully loaded MLPerf log from closed/HPE/compliance/Apollo_6500_gen10_plus_A100-SXM-80GBx8_TRT/3d-unet-99.9/Offline/TEST05/performance/run_1/mlperf_log_detail.txt.
[2mINFO   [m Sucessfully loaded MLPerf log from closed/HPE/compliance/Apollo_6500_gen10_plus_A100-SXM-80GBx8_TRT/3d-unet-99.9/Offline/TEST05/performance/run_1/mlperf_log_detail.txt.
[2mINFO   [m Target latency: None, Latency: 932730397341, Scenario: Offline
[2mINFO   [m Sucessfully loaded MLPerf log from closed/HPE/results/Apollo_6500_gen10_plus_A100-SXM-80GBx8_TRT/bert-99.9/Server/accuracy/mlperf_log_detail.txt.
[2mINFO   [m Sucessfully loaded MLPerf log from closed/HPE/results/Apollo_6500_gen10_plus_A100-SXM-80GBx8_TRT/bert-99.9/Server/performance/run_1/mlperf_log_detail.txt.
[2mINFO   [m Sucessfully loaded MLPerf log from closed/HPE/results/Apollo_6500_gen10_plus_A100-SXM-80GBx8_TRT/bert-99.9/Server/performance/run_1/mlperf_log_detail.txt.
[2mINFO   [m Target latency: 130000000, Early Stopping Latency: 130000000, Scenario: Server
[2mINFO   [m Sucessfully loaded MLPerf log from closed/HPE/compliance/Apollo_6500_gen10_plus_A100-SXM-80GBx8_TRT/bert-99.9/Server/TEST01/performance/run_1/mlperf_log_detail.txt.
[2mINFO   [m Sucessfully loaded MLPerf log from closed/HPE/compliance/Apollo_6500_gen10_plus_A100-SXM-80GBx8_TRT/bert-99.9/Server/TEST01/performance/run_1/mlperf_log_detail.txt.
[2mINFO   [m Target latency: 130000000, Early Stopping Latency: 130000000, Scenario: Server
[2mINFO   [m Sucessfully loaded MLPerf log from closed/HPE/compliance/Apollo_6500_gen10_plus_A100-SXM-80GBx8_TRT/bert-99.9/Server/TEST05/performance/run_1/mlperf_log_detail.txt.
[2mINFO   [m Sucessfully loaded MLPerf log from closed/HPE/compliance/Apollo_6500_gen10_plus_A100-SXM-80GBx8_TRT/bert-99.9/Server/TEST05/performance/run_1/mlperf_log_detail.txt.
[2mINFO   [m Target latency: 130000000, Early Stopping Latency: 130000000, Scenario: Server
[2mINFO   [m Sucessfully loaded MLPerf log from closed/HPE/results/Apollo_6500_gen10_plus_A100-SXM-80GBx8_TRT/bert-99.9/Offline/accuracy/mlperf_log_detail.txt.
[2mINFO   [m Sucessfully loaded MLPerf log from closed/HPE/results/Apollo_6500_gen10_plus_A100-SXM-80GBx8_TRT/bert-99.9/Offline/performance/run_1/mlperf_log_detail.txt.
[2mINFO   [m Sucessfully loaded MLPerf log from closed/HPE/results/Apollo_6500_gen10_plus_A100-SXM-80GBx8_TRT/bert-99.9/Offline/performance/run_1/mlperf_log_detail.txt.
[2mINFO   [m Target latency: None, Latency: 699831526330, Scenario: Offline
[2mINFO   [m Sucessfully loaded MLPerf log from closed/HPE/compliance/Apollo_6500_gen10_plus_A100-SXM-80GBx8_TRT/bert-99.9/Offline/TEST01/performance/run_1/mlperf_log_detail.txt.
[2mINFO   [m Sucessfully loaded MLPerf log from closed/HPE/compliance/Apollo_6500_gen10_plus_A100-SXM-80GBx8_TRT/bert-99.9/Offline/TEST01/performance/run_1/mlperf_log_detail.txt.
[2mINFO   [m Target latency: None, Latency: 645796516609, Scenario: Offline
[2mINFO   [m Sucessfully loaded MLPerf log from closed/HPE/compliance/Apollo_6500_gen10_plus_A100-SXM-80GBx8_TRT/bert-99.9/Offline/TEST05/performance/run_1/mlperf_log_detail.txt.
[2mINFO   [m Sucessfully loaded MLPerf log from closed/HPE/compliance/Apollo_6500_gen10_plus_A100-SXM-80GBx8_TRT/bert-99.9/Offline/TEST05/performance/run_1/mlperf_log_detail.txt.
[2mINFO   [m Target latency: None, Latency: 670251120768, Scenario: Offline
[2mINFO   [m Compliance test accuracy check in closed/HPE/compliance/Apollo_6500_gen10_plus_A100-SXM-80GBx8_TRT/bert-99.9/Offline/TEST01 failed
[2mINFO   [m Sucessfully loaded MLPerf log from closed/HPE/results/Apollo_6500_gen10_plus_A100-SXM-80GBx8_TRT/3d-unet-99/Offline/accuracy/mlperf_log_detail.txt.
[2mINFO   [m Sucessfully loaded MLPerf log from closed/HPE/results/Apollo_6500_gen10_plus_A100-SXM-80GBx8_TRT/3d-unet-99/Offline/performance/run_1/mlperf_log_detail.txt.
[2mINFO   [m Sucessfully loaded MLPerf log from closed/HPE/results/Apollo_6500_gen10_plus_A100-SXM-80GBx8_TRT/3d-unet-99/Offline/performance/run_1/mlperf_log_detail.txt.
[2mINFO   [m Target latency: None, Latency: 933099314199, Scenario: Offline
[2mINFO   [m Sucessfully loaded MLPerf log from closed/HPE/compliance/Apollo_6500_gen10_plus_A100-SXM-80GBx8_TRT/3d-unet-99/Offline/TEST01/performance/run_1/mlperf_log_detail.txt.
[2mINFO   [m Sucessfully loaded MLPerf log from closed/HPE/compliance/Apollo_6500_gen10_plus_A100-SXM-80GBx8_TRT/3d-unet-99/Offline/TEST01/performance/run_1/mlperf_log_detail.txt.
[2mINFO   [m Target latency: None, Latency: 933366472690, Scenario: Offline
[2mINFO   [m Sucessfully loaded MLPerf log from closed/HPE/compliance/Apollo_6500_gen10_plus_A100-SXM-80GBx8_TRT/3d-unet-99/Offline/TEST05/performance/run_1/mlperf_log_detail.txt.
[2mINFO   [m Sucessfully loaded MLPerf log from closed/HPE/compliance/Apollo_6500_gen10_plus_A100-SXM-80GBx8_TRT/3d-unet-99/Offline/TEST05/performance/run_1/mlperf_log_detail.txt.
[2mINFO   [m Target latency: None, Latency: 932730397341, Scenario: Offline
[2mINFO   [m Sucessfully loaded MLPerf log from closed/HPE/results/Apollo_6500_gen10_plus_A100-SXM-80GB-MIG_1x1g.10gb_TRT_Triton/bert-99/Server/accuracy/mlperf_log_detail.txt.
[2mINFO   [m Sucessfully loaded MLPerf log from closed/HPE/results/Apollo_6500_gen10_plus_A100-SXM-80GB-MIG_1x1g.10gb_TRT_Triton/bert-99/Server/performance/run_1/mlperf_log_detail.txt.
[2mINFO   [m Sucessfully loaded MLPerf log from closed/HPE/results/Apollo_6500_gen10_plus_A100-SXM-80GB-MIG_1x1g.10gb_TRT_Triton/bert-99/Server/performance/run_1/mlperf_log_detail.txt.
[2mINFO   [m Target latency: 130000000, Early Stopping Latency: 130000000, Scenario: Server
[2mINFO   [m Sucessfully loaded MLPerf log from closed/HPE/compliance/Apollo_6500_gen10_plus_A100-SXM-80GB-MIG_1x1g.10gb_TRT_Triton/bert-99/Server/TEST01/performance/run_1/mlperf_log_detail.txt.
[2mINFO   [m Sucessfully loaded MLPerf log from closed/HPE/compliance/Apollo_6500_gen10_plus_A100-SXM-80GB-MIG_1x1g.10gb_TRT_Triton/bert-99/Server/TEST01/performance/run_1/mlperf_log_detail.txt.
[2mINFO   [m Target latency: 130000000, Early Stopping Latency: 130000000, Scenario: Server
[2mINFO   [m Sucessfully loaded MLPerf log from closed/HPE/compliance/Apollo_6500_gen10_plus_A100-SXM-80GB-MIG_1x1g.10gb_TRT_Triton/bert-99/Server/TEST05/performance/run_1/mlperf_log_detail.txt.
[2mINFO   [m Sucessfully loaded MLPerf log from closed/HPE/compliance/Apollo_6500_gen10_plus_A100-SXM-80GB-MIG_1x1g.10gb_TRT_Triton/bert-99/Server/TEST05/performance/run_1/mlperf_log_detail.txt.
[2mINFO   [m Target latency: 130000000, Early Stopping Latency: 130000000, Scenario: Server
[2mINFO   [m Sucessfully loaded MLPerf log from closed/HPE/results/Apollo_6500_gen10_plus_A100-SXM-80GB-MIG_1x1g.10gb_TRT_Triton/bert-99/Offline/accuracy/mlperf_log_detail.txt.
[2mINFO   [m Sucessfully loaded MLPerf log from closed/HPE/results/Apollo_6500_gen10_plus_A100-SXM-80GB-MIG_1x1g.10gb_TRT_Triton/bert-99/Offline/performance/run_1/mlperf_log_detail.txt.
[2mINFO   [m Sucessfully loaded MLPerf log from closed/HPE/results/Apollo_6500_gen10_plus_A100-SXM-80GB-MIG_1x1g.10gb_TRT_Triton/bert-99/Offline/performance/run_1/mlperf_log_detail.txt.
[2mINFO   [m Target latency: None, Latency: 671720239265, Scenario: Offline
[2mINFO   [m Sucessfully loaded MLPerf log from closed/HPE/compliance/Apollo_6500_gen10_plus_A100-SXM-80GB-MIG_1x1g.10gb_TRT_Triton/bert-99/Offline/TEST01/performance/run_1/mlperf_log_detail.txt.
[2mINFO   [m Sucessfully loaded MLPerf log from closed/HPE/compliance/Apollo_6500_gen10_plus_A100-SXM-80GB-MIG_1x1g.10gb_TRT_Triton/bert-99/Offline/TEST01/performance/run_1/mlperf_log_detail.txt.
[2mINFO   [m Target latency: None, Latency: 673567138786, Scenario: Offline
[2mINFO   [m Sucessfully loaded MLPerf log from closed/HPE/compliance/Apollo_6500_gen10_plus_A100-SXM-80GB-MIG_1x1g.10gb_TRT_Triton/bert-99/Offline/TEST05/performance/run_1/mlperf_log_detail.txt.
[2mINFO   [m Sucessfully loaded MLPerf log from closed/HPE/compliance/Apollo_6500_gen10_plus_A100-SXM-80GB-MIG_1x1g.10gb_TRT_Triton/bert-99/Offline/TEST05/performance/run_1/mlperf_log_detail.txt.
[2mINFO   [m Target latency: None, Latency: 673615219679, Scenario: Offline
[2mINFO   [m Sucessfully loaded MLPerf log from closed/HPE/results/Apollo_6500_gen10_plus_A100-SXM-80GB-MIG_1x1g.10gb_TRT_Triton/bert-99/SingleStream/accuracy/mlperf_log_detail.txt.
[2mINFO   [m Sucessfully loaded MLPerf log from closed/HPE/results/Apollo_6500_gen10_plus_A100-SXM-80GB-MIG_1x1g.10gb_TRT_Triton/bert-99/SingleStream/performance/run_1/mlperf_log_detail.txt.
[2mINFO   [m Sucessfully loaded MLPerf log from closed/HPE/results/Apollo_6500_gen10_plus_A100-SXM-80GB-MIG_1x1g.10gb_TRT_Triton/bert-99/SingleStream/performance/run_1/mlperf_log_detail.txt.
[2mINFO   [m Sucessfully loaded MLPerf log from closed/HPE/compliance/Apollo_6500_gen10_plus_A100-SXM-80GB-MIG_1x1g.10gb_TRT_Triton/bert-99/SingleStream/TEST01/performance/run_1/mlperf_log_detail.txt.
[2mINFO   [m Sucessfully loaded MLPerf log from closed/HPE/compliance/Apollo_6500_gen10_plus_A100-SXM-80GB-MIG_1x1g.10gb_TRT_Triton/bert-99/SingleStream/TEST01/performance/run_1/mlperf_log_detail.txt.
[2mINFO   [m Sucessfully loaded MLPerf log from closed/HPE/compliance/Apollo_6500_gen10_plus_A100-SXM-80GB-MIG_1x1g.10gb_TRT_Triton/bert-99/SingleStream/TEST05/performance/run_1/mlperf_log_detail.txt.
[2mINFO   [m Sucessfully loaded MLPerf log from closed/HPE/compliance/Apollo_6500_gen10_plus_A100-SXM-80GB-MIG_1x1g.10gb_TRT_Triton/bert-99/SingleStream/TEST05/performance/run_1/mlperf_log_detail.txt.
[2mINFO   [m Sucessfully loaded MLPerf log from closed/HPE/results/Apollo_6500_gen10_plus_A100-SXM-80GB-MIG_1x1g.10gb_TRT_Triton/resnet50/Server/accuracy/mlperf_log_detail.txt.
[2mINFO   [m Sucessfully loaded MLPerf log from closed/HPE/results/Apollo_6500_gen10_plus_A100-SXM-80GB-MIG_1x1g.10gb_TRT_Triton/resnet50/Server/performance/run_1/mlperf_log_detail.txt.
[2mINFO   [m Sucessfully loaded MLPerf log from closed/HPE/results/Apollo_6500_gen10_plus_A100-SXM-80GB-MIG_1x1g.10gb_TRT_Triton/resnet50/Server/performance/run_1/mlperf_log_detail.txt.
[2mINFO   [m Target latency: 15000000, Early Stopping Latency: 15000000, Scenario: Server
[2mINFO   [m Sucessfully loaded MLPerf log from closed/HPE/compliance/Apollo_6500_gen10_plus_A100-SXM-80GB-MIG_1x1g.10gb_TRT_Triton/resnet50/Server/TEST01/performance/run_1/mlperf_log_detail.txt.
[2mINFO   [m Sucessfully loaded MLPerf log from closed/HPE/compliance/Apollo_6500_gen10_plus_A100-SXM-80GB-MIG_1x1g.10gb_TRT_Triton/resnet50/Server/TEST01/performance/run_1/mlperf_log_detail.txt.
[2mINFO   [m Target latency: 15000000, Early Stopping Latency: 15000000, Scenario: Server
[2mINFO   [m Sucessfully loaded MLPerf log from closed/HPE/compliance/Apollo_6500_gen10_plus_A100-SXM-80GB-MIG_1x1g.10gb_TRT_Triton/resnet50/Server/TEST04/performance/run_1/mlperf_log_detail.txt.
[2mINFO   [m Sucessfully loaded MLPerf log from closed/HPE/compliance/Apollo_6500_gen10_plus_A100-SXM-80GB-MIG_1x1g.10gb_TRT_Triton/resnet50/Server/TEST04/performance/run_1/mlperf_log_detail.txt.
[2mINFO   [m Target latency: 15000000, Early Stopping Latency: 15000000, Scenario: Server
[2mINFO   [m Sucessfully loaded MLPerf log from closed/HPE/compliance/Apollo_6500_gen10_plus_A100-SXM-80GB-MIG_1x1g.10gb_TRT_Triton/resnet50/Server/TEST05/performance/run_1/mlperf_log_detail.txt.
[2mINFO   [m Sucessfully loaded MLPerf log from closed/HPE/compliance/Apollo_6500_gen10_plus_A100-SXM-80GB-MIG_1x1g.10gb_TRT_Triton/resnet50/Server/TEST05/performance/run_1/mlperf_log_detail.txt.
[2mINFO   [m Target latency: 15000000, Early Stopping Latency: 15000000, Scenario: Server
[2mINFO   [m Sucessfully loaded MLPerf log from closed/HPE/results/Apollo_6500_gen10_plus_A100-SXM-80GB-MIG_1x1g.10gb_TRT_Triton/resnet50/Offline/accuracy/mlperf_log_detail.txt.
[2mINFO   [m Sucessfully loaded MLPerf log from closed/HPE/results/Apollo_6500_gen10_plus_A100-SXM-80GB-MIG_1x1g.10gb_TRT_Triton/resnet50/Offline/performance/run_1/mlperf_log_detail.txt.
[2mINFO   [m Sucessfully loaded MLPerf log from closed/HPE/results/Apollo_6500_gen10_plus_A100-SXM-80GB-MIG_1x1g.10gb_TRT_Triton/resnet50/Offline/performance/run_1/mlperf_log_detail.txt.
[2mINFO   [m Target latency: None, Latency: 621949865098, Scenario: Offline
[2mINFO   [m Sucessfully loaded MLPerf log from closed/HPE/compliance/Apollo_6500_gen10_plus_A100-SXM-80GB-MIG_1x1g.10gb_TRT_Triton/resnet50/Offline/TEST01/performance/run_1/mlperf_log_detail.txt.
[2mINFO   [m Sucessfully loaded MLPerf log from closed/HPE/compliance/Apollo_6500_gen10_plus_A100-SXM-80GB-MIG_1x1g.10gb_TRT_Triton/resnet50/Offline/TEST01/performance/run_1/mlperf_log_detail.txt.
[2mINFO   [m Target latency: None, Latency: 623685234182, Scenario: Offline
[2mINFO   [m Sucessfully loaded MLPerf log from closed/HPE/compliance/Apollo_6500_gen10_plus_A100-SXM-80GB-MIG_1x1g.10gb_TRT_Triton/resnet50/Offline/TEST04/performance/run_1/mlperf_log_detail.txt.
[2mINFO   [m Sucessfully loaded MLPerf log from closed/HPE/compliance/Apollo_6500_gen10_plus_A100-SXM-80GB-MIG_1x1g.10gb_TRT_Triton/resnet50/Offline/TEST04/performance/run_1/mlperf_log_detail.txt.
[2mINFO   [m Target latency: None, Latency: 614095214971, Scenario: Offline
[2mINFO   [m Sucessfully loaded MLPerf log from closed/HPE/compliance/Apollo_6500_gen10_plus_A100-SXM-80GB-MIG_1x1g.10gb_TRT_Triton/resnet50/Offline/TEST05/performance/run_1/mlperf_log_detail.txt.
[2mINFO   [m Sucessfully loaded MLPerf log from closed/HPE/compliance/Apollo_6500_gen10_plus_A100-SXM-80GB-MIG_1x1g.10gb_TRT_Triton/resnet50/Offline/TEST05/performance/run_1/mlperf_log_detail.txt.
[2mINFO   [m Target latency: None, Latency: 623779573565, Scenario: Offline
[2mINFO   [m Sucessfully loaded MLPerf log from closed/HPE/results/Apollo_6500_gen10_plus_A100-SXM-80GB-MIG_1x1g.10gb_TRT_Triton/resnet50/SingleStream/accuracy/mlperf_log_detail.txt.
[2mINFO   [m Sucessfully loaded MLPerf log from closed/HPE/results/Apollo_6500_gen10_plus_A100-SXM-80GB-MIG_1x1g.10gb_TRT_Triton/resnet50/SingleStream/performance/run_1/mlperf_log_detail.txt.
[2mINFO   [m Sucessfully loaded MLPerf log from closed/HPE/results/Apollo_6500_gen10_plus_A100-SXM-80GB-MIG_1x1g.10gb_TRT_Triton/resnet50/SingleStream/performance/run_1/mlperf_log_detail.txt.
[2mINFO   [m Sucessfully loaded MLPerf log from closed/HPE/compliance/Apollo_6500_gen10_plus_A100-SXM-80GB-MIG_1x1g.10gb_TRT_Triton/resnet50/SingleStream/TEST01/performance/run_1/mlperf_log_detail.txt.
[2mINFO   [m Sucessfully loaded MLPerf log from closed/HPE/compliance/Apollo_6500_gen10_plus_A100-SXM-80GB-MIG_1x1g.10gb_TRT_Triton/resnet50/SingleStream/TEST01/performance/run_1/mlperf_log_detail.txt.
[2mINFO   [m Sucessfully loaded MLPerf log from closed/HPE/compliance/Apollo_6500_gen10_plus_A100-SXM-80GB-MIG_1x1g.10gb_TRT_Triton/resnet50/SingleStream/TEST04/performance/run_1/mlperf_log_detail.txt.
[2mINFO   [m Sucessfully loaded MLPerf log from closed/HPE/compliance/Apollo_6500_gen10_plus_A100-SXM-80GB-MIG_1x1g.10gb_TRT_Triton/resnet50/SingleStream/TEST04/performance/run_1/mlperf_log_detail.txt.
[2mINFO   [m Sucessfully loaded MLPerf log from closed/HPE/compliance/Apollo_6500_gen10_plus_A100-SXM-80GB-MIG_1x1g.10gb_TRT_Triton/resnet50/SingleStream/TEST05/performance/run_1/mlperf_log_detail.txt.
[2mINFO   [m Sucessfully loaded MLPerf log from closed/HPE/compliance/Apollo_6500_gen10_plus_A100-SXM-80GB-MIG_1x1g.10gb_TRT_Triton/resnet50/SingleStream/TEST05/performance/run_1/mlperf_log_detail.txt.
[2mINFO   [m Sucessfully loaded MLPerf log from closed/HPE/results/Apollo_6500_gen10_plus_A100-SXM-80GB-MIG_1x1g.10gb_TRT_Triton/resnet50/MultiStream/accuracy/mlperf_log_detail.txt.
[2mINFO   [m Sucessfully loaded MLPerf log from closed/HPE/results/Apollo_6500_gen10_plus_A100-SXM-80GB-MIG_1x1g.10gb_TRT_Triton/resnet50/MultiStream/performance/run_1/mlperf_log_detail.txt.
[2mINFO   [m Sucessfully loaded MLPerf log from closed/HPE/results/Apollo_6500_gen10_plus_A100-SXM-80GB-MIG_1x1g.10gb_TRT_Triton/resnet50/MultiStream/performance/run_1/mlperf_log_detail.txt.
[2mINFO   [m Sucessfully loaded MLPerf log from closed/HPE/compliance/Apollo_6500_gen10_plus_A100-SXM-80GB-MIG_1x1g.10gb_TRT_Triton/resnet50/MultiStream/TEST01/performance/run_1/mlperf_log_detail.txt.
[2mINFO   [m Sucessfully loaded MLPerf log from closed/HPE/compliance/Apollo_6500_gen10_plus_A100-SXM-80GB-MIG_1x1g.10gb_TRT_Triton/resnet50/MultiStream/TEST01/performance/run_1/mlperf_log_detail.txt.
[2mINFO   [m Sucessfully loaded MLPerf log from closed/HPE/compliance/Apollo_6500_gen10_plus_A100-SXM-80GB-MIG_1x1g.10gb_TRT_Triton/resnet50/MultiStream/TEST04/performance/run_1/mlperf_log_detail.txt.
[2mINFO   [m Sucessfully loaded MLPerf log from closed/HPE/compliance/Apollo_6500_gen10_plus_A100-SXM-80GB-MIG_1x1g.10gb_TRT_Triton/resnet50/MultiStream/TEST04/performance/run_1/mlperf_log_detail.txt.
[2mINFO   [m Sucessfully loaded MLPerf log from closed/HPE/compliance/Apollo_6500_gen10_plus_A100-SXM-80GB-MIG_1x1g.10gb_TRT_Triton/resnet50/MultiStream/TEST05/performance/run_1/mlperf_log_detail.txt.
[2mINFO   [m Sucessfully loaded MLPerf log from closed/HPE/compliance/Apollo_6500_gen10_plus_A100-SXM-80GB-MIG_1x1g.10gb_TRT_Triton/resnet50/MultiStream/TEST05/performance/run_1/mlperf_log_detail.txt.
[2mINFO   [m ---
[2mINFO   [m Results closed/HPE/results/Apollo_6500_gen10_plus_A100-SXM-40GBx4_TRT/3d-unet-99/Offline 12.6526
[2mINFO   [m Results closed/HPE/results/Apollo_6500_gen10_plus_A100-SXM-40GBx4_TRT/bert-99/Offline 13952.4
[2mINFO   [m Results closed/HPE/results/Apollo_6500_gen10_plus_A100-SXM-40GBx4_TRT/bert-99/Server 13094.7
[2mINFO   [m Results closed/HPE/results/Apollo_6500_gen10_plus_A100-SXM-40GBx4_TRT/resnet50/Offline 158608.0
[2mINFO   [m Results closed/HPE/results/Apollo_6500_gen10_plus_A100-SXM-40GBx4_TRT/resnet50/Server 99012.1
[2mINFO   [m Results closed/HPE/results/Apollo_6500_gen10_plus_A100-SXM-40GBx4_TRT/rnnt/Offline 54303.2
[2mINFO   [m Results closed/HPE/results/Apollo_6500_gen10_plus_A100-SXM-40GBx4_TRT/rnnt/Server 47997.8
[2mINFO   [m Results closed/HPE/results/Apollo_6500_gen10_plus_A100-SXM-40GBx8_TRT/3d-unet-99.9/Offline 25.1582
[2mINFO   [m Results closed/HPE/results/Apollo_6500_gen10_plus_A100-SXM-40GBx8_TRT/3d-unet-99/Offline 25.1582
[2mINFO   [m Results closed/HPE/results/Apollo_6500_gen10_plus_A100-SXM-40GBx8_TRT/bert-99.9/Offline 13345.1
[2mINFO   [m Results closed/HPE/results/Apollo_6500_gen10_plus_A100-SXM-40GBx8_TRT/bert-99.9/Server 12494.8
[2mINFO   [m Results closed/HPE/results/Apollo_6500_gen10_plus_A100-SXM-40GBx8_TRT/bert-99/Offline 26899.6
[2mINFO   [m Results closed/HPE/results/Apollo_6500_gen10_plus_A100-SXM-40GBx8_TRT/bert-99/Server 22990.0
[2mINFO   [m Results closed/HPE/results/Apollo_6500_gen10_plus_A100-SXM-40GBx8_TRT/resnet50/Offline 311662.0
[2mINFO   [m Results closed/HPE/results/Apollo_6500_gen10_plus_A100-SXM-40GBx8_TRT/resnet50/Server 280066.0
[2mINFO   [m Results closed/HPE/results/Apollo_6500_gen10_plus_A100-SXM-80GB-MIG_1x1g.10gb_TRT/3d-unet-99.9/Offline 0.510582
[2mINFO   [m Results closed/HPE/results/Apollo_6500_gen10_plus_A100-SXM-80GB-MIG_1x1g.10gb_TRT/3d-unet-99.9/SingleStream 3810.741446
[2mINFO   [m Results closed/HPE/results/Apollo_6500_gen10_plus_A100-SXM-80GB-MIG_1x1g.10gb_TRT/3d-unet-99/Offline 0.510582
[2mINFO   [m Results closed/HPE/results/Apollo_6500_gen10_plus_A100-SXM-80GB-MIG_1x1g.10gb_TRT/3d-unet-99/SingleStream 3810.741446
[2mINFO   [m Results closed/HPE/results/Apollo_6500_gen10_plus_A100-SXM-80GB-MIG_1x1g.10gb_TRT/bert-99.9/Offline 245.402
[2mINFO   [m Results closed/HPE/results/Apollo_6500_gen10_plus_A100-SXM-80GB-MIG_1x1g.10gb_TRT/bert-99.9/Server 163.644
[2mINFO   [m Results closed/HPE/results/Apollo_6500_gen10_plus_A100-SXM-80GB-MIG_1x1g.10gb_TRT/bert-99/Offline 489.993
[2mINFO   [m Results closed/HPE/results/Apollo_6500_gen10_plus_A100-SXM-80GB-MIG_1x1g.10gb_TRT/bert-99/Server 379.175
[2mINFO   [m Results closed/HPE/results/Apollo_6500_gen10_plus_A100-SXM-80GB-MIG_1x1g.10gb_TRT/bert-99/SingleStream 5.425844
[2mINFO   [m Results closed/HPE/results/Apollo_6500_gen10_plus_A100-SXM-80GB-MIG_1x1g.10gb_TRT/resnet50/MultiStream 1.88866
[2mINFO   [m Results closed/HPE/results/Apollo_6500_gen10_plus_A100-SXM-80GB-MIG_1x1g.10gb_TRT/resnet50/Offline 5559.41
[2mINFO   [m Results closed/HPE/results/Apollo_6500_gen10_plus_A100-SXM-80GB-MIG_1x1g.10gb_TRT/resnet50/Server 3526.96
[2mINFO   [m Results closed/HPE/results/Apollo_6500_gen10_plus_A100-SXM-80GB-MIG_1x1g.10gb_TRT/resnet50/SingleStream 0.696141
[2mINFO   [m Results closed/HPE/results/Apollo_6500_gen10_plus_A100-SXM-80GB-MIG_1x1g.10gb_TRT/rnnt/Offline 1922.67
[2mINFO   [m Results closed/HPE/results/Apollo_6500_gen10_plus_A100-SXM-80GB-MIG_1x1g.10gb_TRT/rnnt/Server 1347.28
[2mINFO   [m Results closed/HPE/results/Apollo_6500_gen10_plus_A100-SXM-80GB-MIG_1x1g.10gb_TRT/rnnt/SingleStream 76.371579
[2mINFO   [m Results closed/HPE/results/Apollo_6500_gen10_plus_A100-SXM-80GB-MIG_1x1g.10gb_TRT_Triton/bert-99/Offline 489.796
[2mINFO   [m Results closed/HPE/results/Apollo_6500_gen10_plus_A100-SXM-80GB-MIG_1x1g.10gb_TRT_Triton/bert-99/Server 359.219
[2mINFO   [m Results closed/HPE/results/Apollo_6500_gen10_plus_A100-SXM-80GB-MIG_1x1g.10gb_TRT_Triton/bert-99/SingleStream 5.414459
[2mINFO   [m Results closed/HPE/results/Apollo_6500_gen10_plus_A100-SXM-80GB-MIG_1x1g.10gb_TRT_Triton/resnet50/MultiStream 2.061009
[2mINFO   [m Results closed/HPE/results/Apollo_6500_gen10_plus_A100-SXM-80GB-MIG_1x1g.10gb_TRT_Triton/resnet50/Offline 5357.92
[2mINFO   [m Results closed/HPE/results/Apollo_6500_gen10_plus_A100-SXM-80GB-MIG_1x1g.10gb_TRT_Triton/resnet50/Server 3437.4
[2mINFO   [m Results closed/HPE/results/Apollo_6500_gen10_plus_A100-SXM-80GB-MIG_1x1g.10gb_TRT_Triton/resnet50/SingleStream 0.648291
[2mINFO   [m Results closed/HPE/results/Apollo_6500_gen10_plus_A100-SXM-80GBx8_TRT/3d-unet-99.9/Offline 26.0883
[2mINFO   [m Results closed/HPE/results/Apollo_6500_gen10_plus_A100-SXM-80GBx8_TRT/3d-unet-99/Offline 26.0883
[2mINFO   [m Results closed/HPE/results/Apollo_6500_gen10_plus_A100-SXM-80GBx8_TRT/bert-99.9/Offline 14109.1
[2mINFO   [m Results closed/HPE/results/Apollo_6500_gen10_plus_A100-SXM-80GBx8_TRT/bert-99.9/Server 12994.7
[2mINFO   [m Results closed/HPE/results/Apollo_6500_gen10_plus_A100-SXM-80GBx8_TRT/resnet50/Offline 339166.0
[2mINFO   [m Results closed/HPE/results/Apollo_6500_gen10_plus_A100-SXM-80GBx8_TRT/resnet50/Server 300064.0
[2mINFO   [m Results closed/HPE/results/e920d_q4_std-qaic-v1.7.1.12-aic100/bert-99/offline 2863.630000 with power_metric = 418.394149
[2mINFO   [m Results closed/HPE/results/e920d_q4_std-qaic-v1.7.1.12-aic100/bert-99/singlestream 7.311144 with power_metric = 1.761800
[2mINFO   [m Results closed/HPE/results/e920d_q4_std-qaic-v1.7.1.12-aic100/resnet50/multistream 0.658950 with power_metric = 0.182947
[2mINFO   [m Results closed/HPE/results/e920d_q4_std-qaic-v1.7.1.12-aic100/resnet50/offline 77652.400000 with power_metric = 450.988073
[2mINFO   [m Results closed/HPE/results/e920d_q4_std-qaic-v1.7.1.12-aic100/resnet50/singlestream 0.615680 with power_metric = 0.130318
[2mINFO   [m Results open/HPE/results/e920d_q4_std_prev-qaic-v1.8.0.73-aic100/retinanet/multistream 63.668711 with power_metric = 15.468529
[2mINFO   [m Results open/HPE/results/e920d_q4_std_prev-qaic-v1.8.0.73-aic100/retinanet/offline 660.935000 with power_metric = 296.492212
[2mINFO   [m Results open/HPE/results/e920d_q4_std_prev-qaic-v1.8.0.73-aic100/retinanet/singlestream 25.386139 with power_metric = 5.464875
[2mINFO   [m ---
[2mINFO   [m ---
[2mINFO   [m Results=52, NoResults=0
[2mINFO   [m SUMMARY: submission looks OK

[31m0[m errors, [33m0[m warnings, [2m589[m infos
