ptd-server 2022-07-23 23:24:36,160 [INFO] Got command from the client 'time'
ptd-server 2022-07-23 23:24:36,160 [INFO] Sending reply to client '1658615076.1606405'
ptd-server 2022-07-23 23:24:36,161 [INFO] Got command from the client 'new,,9973a0d0-8f7a-4817-9cd7-556ee5e12d48'
ptd-server 2022-07-23 23:24:36,162 [INFO] Sending reply to client 'OK 2022-07-23_23-24-36,5220d917-29d8-446f-b665-eb12ae141a41'
ptd-server 2022-07-23 23:24:36,202 [INFO] Got command from the client 'time'
ptd-server 2022-07-23 23:24:36,202 [INFO] Sending reply to client '1658615076.202368'
ptd-server 2022-07-23 23:24:36,203 [INFO] Got command from the client 'session,2022-07-23_23-24-36,start,ranging'
ptd-server 2022-07-23 23:24:36,203 [INFO] Running PTDaemon: ['/home/anton/projects/mlperf/power/inference_v1.0/ptd-linux-x86', '-l', '/tmp/tmp7lgbo8s4/ptd_logfile.txt', '-p', '8888', '49', '/dev/usbtmc0']
ptd-server 2022-07-23 23:24:53,378 [INFO] Sending to ptd: 'Hello'
ptd-server 2022-07-23 23:24:53,379 [INFO] Reply from ptd: 'Hello, PTDaemon here!'
ptd-server 2022-07-23 23:24:53,379 [INFO] Sending to ptd: 'Identify'
ptd-server 2022-07-23 23:24:53,379 [INFO] Reply from ptd: 'YokogawaWT310E,1000,1,1,1,1,0,1,1,version=1.9.2-e8c7a49a-20201208,OS=Linux 5.13.0-52-generic #59~20.04.1-Ubuntu SMP Thu Jun 16 21:21:28 UTC 2022 x86_64,mode=power,1,1,1,0,0,no_cal_date,YOKOGAWA;WT310E;C3XA04010E;F1.04'
ptd-server 2022-07-23 23:24:53,379 [INFO] Connected to PTDaemon
ptd-server 2022-07-23 23:24:53,379 [INFO] Sending to ptd: 'RR'
ptd-server 2022-07-23 23:24:53,380 [INFO] Reply from ptd: 'Ranges,0,0.500000,1,300.000000'
ptd-server 2022-07-23 23:24:53,380 [INFO] Initial range for Amps is 0.500000 for Volts is Auto
ptd-server 2022-07-23 23:24:53,380 [INFO] Sending to ptd: 'SR,V,Auto'
ptd-server 2022-07-23 23:24:53,882 [INFO] Reply from ptd: 'Range V changed'
ptd-server 2022-07-23 23:24:53,883 [INFO] Sending to ptd: 'SR,A,Auto'
ptd-server 2022-07-23 23:24:54,385 [INFO] Reply from ptd: 'Range A changed'
ptd-server 2022-07-23 23:25:04,395 [INFO] Starting ranging mode
ptd-server 2022-07-23 23:25:04,396 [INFO] Sending to ptd: 'Go,1000,0,2022-07-23_23-24-36_ranging'
ptd-server 2022-07-23 23:25:04,396 [INFO] Reply from ptd: 'Starting untimed measurement, maximum 500000 samples at 1000ms with 0 rampup samples'
ptd-server 2022-07-23 23:25:04,396 [INFO] Sending reply to client 'OK'
ptd-server 2022-07-23 23:35:23,493 [INFO] Got command from the client 'session,2022-07-23_23-24-36,stop,ranging'
ptd-server 2022-07-23 23:35:33,504 [INFO] Sending to ptd: 'Stop'
ptd-server 2022-07-23 23:35:33,504 [INFO] Reply from ptd: 'Stopping untimed measurement'
ptd-server 2022-07-23 23:35:34,126 [INFO] Sending reply to client 'OK'
ptd-server 2022-07-23 23:35:34,164 [INFO] Got command from the client 'time'
ptd-server 2022-07-23 23:35:34,164 [INFO] Sending reply to client '1658615734.1644857'
ptd-server 2022-07-23 23:35:34,165 [INFO] Got command from the client 'session,2022-07-23_23-24-36,start,testing'
ptd-server 2022-07-23 23:35:34,165 [INFO] Sending to ptd: 'SR,V,251.760000'
ptd-server 2022-07-23 23:35:35,898 [INFO] Reply from ptd: 'Range V changed'
ptd-server 2022-07-23 23:35:35,898 [INFO] Sending to ptd: 'SR,A,0.050680'
ptd-server 2022-07-23 23:35:37,399 [INFO] Reply from ptd: 'Range A changed'
ptd-server 2022-07-23 23:35:47,409 [INFO] Starting testing mode
ptd-server 2022-07-23 23:35:47,410 [INFO] Sending to ptd: 'Go,1000,0,2022-07-23_23-24-36_testing'
ptd-server 2022-07-23 23:35:47,410 [INFO] Reply from ptd: 'Starting untimed measurement, maximum 500000 samples at 1000ms with 0 rampup samples'
ptd-server 2022-07-23 23:35:47,410 [INFO] Sending reply to client 'OK'
ptd-server 2022-07-23 23:46:06,461 [INFO] Got command from the client 'session,2022-07-23_23-24-36,stop,testing'
ptd-server 2022-07-23 23:46:16,472 [INFO] Sending to ptd: 'Stop'
ptd-server 2022-07-23 23:46:16,472 [INFO] Reply from ptd: 'Stopping untimed measurement'
ptd-server 2022-07-23 23:46:16,797 [INFO] Sending reply to client 'OK'
ptd-server 2022-07-23 23:46:16,805 [INFO] Got command from the client 'session,2022-07-23_23-24-36,done'
ptd-server 2022-07-23 23:46:16,805 [INFO] Sending to ptd: 'Stop'
ptd-server 2022-07-23 23:46:17,410 [INFO] Reply from ptd: 'Error: no measurement to stop'
ptd-server 2022-07-23 23:46:17,411 [INFO] Sending to ptd: 'SR,V,Auto'
ptd-server 2022-07-23 23:46:17,913 [INFO] Reply from ptd: 'Range V changed'
ptd-server 2022-07-23 23:46:17,913 [INFO] Sending to ptd: 'SR,A,0.500000'
ptd-server 2022-07-23 23:46:19,414 [INFO] Reply from ptd: 'Range A changed'
ptd-server 2022-07-23 23:46:19,415 [INFO] Set initial values for Amps 0.500000 and Volts Auto
ptd-server 2022-07-23 23:46:19,415 [INFO] Stopping ptd...
