ptd-server 2022-07-24 20:44:06,939 [INFO] Got command from the client 'time'
ptd-server 2022-07-24 20:44:06,939 [INFO] Sending reply to client '1658691846.9391596'
ptd-server 2022-07-24 20:44:06,940 [INFO] Got command from the client 'new,,c266c4ae-6f4d-4d02-9a79-a5c51a6ffa03'
ptd-server 2022-07-24 20:44:06,940 [INFO] Sending reply to client 'OK 2022-07-24_20-44-06,164a2e30-c64f-4c0e-b4f0-692346266622'
ptd-server 2022-07-24 20:44:06,969 [INFO] Got command from the client 'time'
ptd-server 2022-07-24 20:44:06,969 [INFO] Sending reply to client '1658691846.9691765'
ptd-server 2022-07-24 20:44:06,970 [INFO] Got command from the client 'session,2022-07-24_20-44-06,start,ranging'
ptd-server 2022-07-24 20:44:06,970 [INFO] Running PTDaemon: ['/home/anton/projects/mlperf/power/inference_v1.0/ptd-linux-x86', '-l', '/tmp/tmp7lgbo8s4/ptd_logfile.txt', '-p', '8888', '49', '/dev/usbtmc0']
ptd-server 2022-07-24 20:44:24,145 [INFO] Sending to ptd: 'Hello'
ptd-server 2022-07-24 20:44:24,145 [INFO] Reply from ptd: 'Hello, PTDaemon here!'
ptd-server 2022-07-24 20:44:24,145 [INFO] Sending to ptd: 'Identify'
ptd-server 2022-07-24 20:44:24,146 [INFO] Reply from ptd: 'YokogawaWT310E,1000,1,1,1,1,0,1,1,version=1.9.2-e8c7a49a-20201208,OS=Linux 5.13.0-52-generic #59~20.04.1-Ubuntu SMP Thu Jun 16 21:21:28 UTC 2022 x86_64,mode=power,1,1,1,0,0,no_cal_date,YOKOGAWA;WT310E;C3XA04010E;F1.04'
ptd-server 2022-07-24 20:44:24,146 [INFO] Connected to PTDaemon
ptd-server 2022-07-24 20:44:24,146 [INFO] Sending to ptd: 'RR'
ptd-server 2022-07-24 20:44:24,146 [INFO] Reply from ptd: 'Ranges,0,0.500000,1,300.000000'
ptd-server 2022-07-24 20:44:24,147 [INFO] Initial range for Amps is 0.500000 for Volts is Auto
ptd-server 2022-07-24 20:44:24,147 [INFO] Sending to ptd: 'SR,V,Auto'
ptd-server 2022-07-24 20:44:24,649 [INFO] Reply from ptd: 'Range V changed'
ptd-server 2022-07-24 20:44:24,649 [INFO] Sending to ptd: 'SR,A,Auto'
ptd-server 2022-07-24 20:44:25,152 [INFO] Reply from ptd: 'Range A changed'
ptd-server 2022-07-24 20:44:35,162 [INFO] Starting ranging mode
ptd-server 2022-07-24 20:44:35,162 [INFO] Sending to ptd: 'Go,1000,0,2022-07-24_20-44-06_ranging'
ptd-server 2022-07-24 20:44:35,163 [INFO] Reply from ptd: 'Starting untimed measurement, maximum 500000 samples at 1000ms with 0 rampup samples'
ptd-server 2022-07-24 20:44:35,163 [INFO] Sending reply to client 'OK'
ptd-server 2022-07-24 20:55:00,300 [INFO] Got command from the client 'session,2022-07-24_20-44-06,stop,ranging'
ptd-server 2022-07-24 20:55:10,311 [INFO] Sending to ptd: 'Stop'
ptd-server 2022-07-24 20:55:10,311 [INFO] Reply from ptd: 'Stopping untimed measurement'
ptd-server 2022-07-24 20:55:11,038 [INFO] Sending reply to client 'OK'
ptd-server 2022-07-24 20:55:11,103 [INFO] Got command from the client 'time'
ptd-server 2022-07-24 20:55:11,103 [INFO] Sending reply to client '1658692511.1033576'
ptd-server 2022-07-24 20:55:11,104 [INFO] Got command from the client 'session,2022-07-24_20-44-06,start,testing'
ptd-server 2022-07-24 20:55:11,104 [INFO] Sending to ptd: 'SR,V,248.860000'
ptd-server 2022-07-24 20:55:12,665 [INFO] Reply from ptd: 'Range V changed'
ptd-server 2022-07-24 20:55:12,665 [INFO] Sending to ptd: 'SR,A,0.050280'
ptd-server 2022-07-24 20:55:14,166 [INFO] Reply from ptd: 'Range A changed'
ptd-server 2022-07-24 20:55:24,177 [INFO] Starting testing mode
ptd-server 2022-07-24 20:55:24,177 [INFO] Sending to ptd: 'Go,1000,0,2022-07-24_20-44-06_testing'
ptd-server 2022-07-24 20:55:24,177 [INFO] Reply from ptd: 'Starting untimed measurement, maximum 500000 samples at 1000ms with 0 rampup samples'
ptd-server 2022-07-24 20:55:24,177 [INFO] Sending reply to client 'OK'
ptd-server 2022-07-24 21:05:49,226 [INFO] Got command from the client 'session,2022-07-24_20-44-06,stop,testing'
ptd-server 2022-07-24 21:05:59,237 [INFO] Sending to ptd: 'Stop'
ptd-server 2022-07-24 21:05:59,237 [INFO] Reply from ptd: 'Stopping untimed measurement'
ptd-server 2022-07-24 21:05:59,612 [INFO] Sending reply to client 'OK'
ptd-server 2022-07-24 21:05:59,620 [INFO] Got command from the client 'session,2022-07-24_20-44-06,done'
ptd-server 2022-07-24 21:05:59,621 [INFO] Sending to ptd: 'Stop'
ptd-server 2022-07-24 21:06:00,177 [INFO] Reply from ptd: 'Error: no measurement to stop'
ptd-server 2022-07-24 21:06:00,177 [INFO] Sending to ptd: 'SR,V,Auto'
ptd-server 2022-07-24 21:06:00,680 [INFO] Reply from ptd: 'Range V changed'
ptd-server 2022-07-24 21:06:00,680 [INFO] Sending to ptd: 'SR,A,0.500000'
ptd-server 2022-07-24 21:06:02,182 [INFO] Reply from ptd: 'Range A changed'
ptd-server 2022-07-24 21:06:02,182 [INFO] Set initial values for Amps 0.500000 and Volts Auto
ptd-server 2022-07-24 21:06:02,182 [INFO] Stopping ptd...
