ptd-server 2022-07-27 19:08:33,023 [INFO] Got command from the client 'time'
ptd-server 2022-07-27 19:08:33,023 [INFO] Sending reply to client '1658945313.0238006'
ptd-server 2022-07-27 19:08:33,028 [INFO] Got command from the client 'new,,614763c5-e5e0-4043-98b5-afbc612b7baa'
ptd-server 2022-07-27 19:08:33,029 [INFO] Sending reply to client 'OK 2022-07-27_19-08-33,47ab6f18-085d-4eb7-bb6e-628c6f639a90'
ptd-server 2022-07-27 19:08:33,126 [INFO] Got command from the client 'time'
ptd-server 2022-07-27 19:08:33,126 [INFO] Sending reply to client '1658945313.1262703'
ptd-server 2022-07-27 19:08:33,131 [INFO] Got command from the client 'session,2022-07-27_19-08-33,start,ranging'
ptd-server 2022-07-27 19:08:33,132 [INFO] Running PTDaemon: ['/home/anton/projects/mlperf/power/inference_v1.0/ptd-linux-x86', '-l', '/tmp/tmp7lgbo8s4/ptd_logfile.txt', '-p', '8888', '49', '/dev/usbtmc0']
ptd-server 2022-07-27 19:08:50,307 [INFO] Sending to ptd: 'Hello'
ptd-server 2022-07-27 19:08:50,307 [INFO] Reply from ptd: 'Hello, PTDaemon here!'
ptd-server 2022-07-27 19:08:50,307 [INFO] Sending to ptd: 'Identify'
ptd-server 2022-07-27 19:08:50,308 [INFO] Reply from ptd: 'YokogawaWT310E,1000,1,1,1,1,0,1,1,version=1.9.2-e8c7a49a-20201208,OS=Linux 5.13.0-52-generic #59~20.04.1-Ubuntu SMP Thu Jun 16 21:21:28 UTC 2022 x86_64,mode=power,1,1,1,0,0,no_cal_date,YOKOGAWA;WT310E;C3XA04010E;F1.04'
ptd-server 2022-07-27 19:08:50,308 [INFO] Connected to PTDaemon
ptd-server 2022-07-27 19:08:50,308 [INFO] Sending to ptd: 'RR'
ptd-server 2022-07-27 19:08:50,308 [INFO] Reply from ptd: 'Ranges,0,0.500000,1,300.000000'
ptd-server 2022-07-27 19:08:50,309 [INFO] Initial range for Amps is 0.500000 for Volts is Auto
ptd-server 2022-07-27 19:08:50,309 [INFO] Sending to ptd: 'SR,V,Auto'
ptd-server 2022-07-27 19:08:50,811 [INFO] Reply from ptd: 'Range V changed'
ptd-server 2022-07-27 19:08:50,811 [INFO] Sending to ptd: 'SR,A,Auto'
ptd-server 2022-07-27 19:08:51,314 [INFO] Reply from ptd: 'Range A changed'
ptd-server 2022-07-27 19:09:01,324 [INFO] Starting ranging mode
ptd-server 2022-07-27 19:09:01,324 [INFO] Sending to ptd: 'Go,1000,0,2022-07-27_19-08-33_ranging'
ptd-server 2022-07-27 19:09:01,325 [INFO] Reply from ptd: 'Starting untimed measurement, maximum 500000 samples at 1000ms with 0 rampup samples'
ptd-server 2022-07-27 19:09:01,325 [INFO] Sending reply to client 'OK'
ptd-server 2022-07-27 19:19:16,576 [INFO] Got command from the client 'session,2022-07-27_19-08-33,stop,ranging'
ptd-server 2022-07-27 19:19:26,587 [INFO] Sending to ptd: 'Stop'
ptd-server 2022-07-27 19:19:26,587 [INFO] Reply from ptd: 'Stopping untimed measurement'
ptd-server 2022-07-27 19:19:27,596 [INFO] Sending reply to client 'OK'
ptd-server 2022-07-27 19:19:27,792 [INFO] Got command from the client 'time'
ptd-server 2022-07-27 19:19:27,792 [INFO] Sending reply to client '1658945967.7922766'
ptd-server 2022-07-27 19:19:27,796 [INFO] Got command from the client 'session,2022-07-27_19-08-33,start,testing'
ptd-server 2022-07-27 19:19:27,796 [INFO] Sending to ptd: 'SR,V,248.560000'
ptd-server 2022-07-27 19:19:29,297 [INFO] Reply from ptd: 'Range V changed'
ptd-server 2022-07-27 19:19:29,297 [INFO] Sending to ptd: 'SR,A,0.041210'
ptd-server 2022-07-27 19:19:30,799 [INFO] Reply from ptd: 'Range A changed'
ptd-server 2022-07-27 19:19:40,809 [INFO] Starting testing mode
ptd-server 2022-07-27 19:19:40,809 [INFO] Sending to ptd: 'Go,1000,0,2022-07-27_19-08-33_testing'
ptd-server 2022-07-27 19:19:40,810 [INFO] Reply from ptd: 'Starting untimed measurement, maximum 500000 samples at 1000ms with 0 rampup samples'
ptd-server 2022-07-27 19:19:40,810 [INFO] Sending reply to client 'OK'
ptd-server 2022-07-27 19:29:56,020 [INFO] Got command from the client 'session,2022-07-27_19-08-33,stop,testing'
ptd-server 2022-07-27 19:30:06,030 [INFO] Sending to ptd: 'Stop'
ptd-server 2022-07-27 19:30:06,030 [INFO] Reply from ptd: 'Stopping untimed measurement'
ptd-server 2022-07-27 19:30:06,538 [INFO] Sending reply to client 'OK'
ptd-server 2022-07-27 19:30:06,600 [INFO] Got command from the client 'session,2022-07-27_19-08-33,done'
ptd-server 2022-07-27 19:30:06,600 [INFO] Sending to ptd: 'Stop'
ptd-server 2022-07-27 19:30:06,811 [INFO] Reply from ptd: 'Error: no measurement to stop'
ptd-server 2022-07-27 19:30:06,811 [INFO] Sending to ptd: 'SR,V,Auto'
ptd-server 2022-07-27 19:30:07,313 [INFO] Reply from ptd: 'Range V changed'
ptd-server 2022-07-27 19:30:07,314 [INFO] Sending to ptd: 'SR,A,0.500000'
ptd-server 2022-07-27 19:30:08,815 [INFO] Reply from ptd: 'Range A changed'
ptd-server 2022-07-27 19:30:08,815 [INFO] Set initial values for Amps 0.500000 and Volts Auto
ptd-server 2022-07-27 19:30:08,815 [INFO] Stopping ptd...
