ptd-server 2022-07-22 14:18:18,146 [INFO] Got command from the client 'time'
ptd-server 2022-07-22 14:18:18,146 [INFO] Sending reply to client '1658495898.1463902'
ptd-server 2022-07-22 14:18:18,147 [INFO] Got command from the client 'new,,ef767410-85cd-4649-ac08-25fc9e9f860a'
ptd-server 2022-07-22 14:18:18,147 [INFO] Sending reply to client 'OK 2022-07-22_14-18-18,05d2a55c-62c9-45a5-ba12-8d4e2ccfa04a'
ptd-server 2022-07-22 14:18:18,196 [INFO] Got command from the client 'time'
ptd-server 2022-07-22 14:18:18,196 [INFO] Sending reply to client '1658495898.1964293'
ptd-server 2022-07-22 14:18:18,197 [INFO] Got command from the client 'session,2022-07-22_14-18-18,start,ranging'
ptd-server 2022-07-22 14:18:18,197 [INFO] Running PTDaemon: ['/home/anton/projects/mlperf/power/inference_v1.0/ptd-linux-x86', '-l', '/tmp/tmp7lgbo8s4/ptd_logfile.txt', '-p', '8888', '49', '/dev/usbtmc0']
ptd-server 2022-07-22 14:18:35,375 [INFO] Sending to ptd: 'Hello'
ptd-server 2022-07-22 14:18:35,375 [INFO] Reply from ptd: 'Hello, PTDaemon here!'
ptd-server 2022-07-22 14:18:35,375 [INFO] Sending to ptd: 'Identify'
ptd-server 2022-07-22 14:18:35,376 [INFO] Reply from ptd: 'YokogawaWT310E,1000,1,1,1,1,0,1,1,version=1.9.2-e8c7a49a-20201208,OS=Linux 5.13.0-52-generic #59~20.04.1-Ubuntu SMP Thu Jun 16 21:21:28 UTC 2022 x86_64,mode=power,1,1,1,0,0,no_cal_date,YOKOGAWA;WT310E;C3XA04010E;F1.04'
ptd-server 2022-07-22 14:18:35,376 [INFO] Connected to PTDaemon
ptd-server 2022-07-22 14:18:35,376 [INFO] Sending to ptd: 'RR'
ptd-server 2022-07-22 14:18:35,376 [INFO] Reply from ptd: 'Ranges,0,0.500000,1,300.000000'
ptd-server 2022-07-22 14:18:35,376 [INFO] Initial range for Amps is 0.500000 for Volts is Auto
ptd-server 2022-07-22 14:18:35,376 [INFO] Sending to ptd: 'SR,V,Auto'
ptd-server 2022-07-22 14:18:35,878 [INFO] Reply from ptd: 'Range V changed'
ptd-server 2022-07-22 14:18:35,878 [INFO] Sending to ptd: 'SR,A,Auto'
ptd-server 2022-07-22 14:18:36,381 [INFO] Reply from ptd: 'Range A changed'
ptd-server 2022-07-22 14:18:46,391 [INFO] Starting ranging mode
ptd-server 2022-07-22 14:18:46,391 [INFO] Sending to ptd: 'Go,1000,0,2022-07-22_14-18-18_ranging'
ptd-server 2022-07-22 14:18:46,392 [INFO] Reply from ptd: 'Starting untimed measurement, maximum 500000 samples at 1000ms with 0 rampup samples'
ptd-server 2022-07-22 14:18:46,392 [INFO] Sending reply to client 'OK'
ptd-server 2022-07-22 14:29:08,482 [INFO] Got command from the client 'session,2022-07-22_14-18-18,stop,ranging'
ptd-server 2022-07-22 14:29:18,493 [INFO] Sending to ptd: 'Stop'
ptd-server 2022-07-22 14:29:18,493 [INFO] Reply from ptd: 'Stopping untimed measurement'
ptd-server 2022-07-22 14:29:18,957 [INFO] Sending reply to client 'OK'
ptd-server 2022-07-22 14:29:19,001 [INFO] Got command from the client 'time'
ptd-server 2022-07-22 14:29:19,001 [INFO] Sending reply to client '1658496559.0017343'
ptd-server 2022-07-22 14:29:19,002 [INFO] Got command from the client 'session,2022-07-22_14-18-18,start,testing'
ptd-server 2022-07-22 14:29:19,003 [INFO] Sending to ptd: 'SR,V,251.740000'
ptd-server 2022-07-22 14:29:20,894 [INFO] Reply from ptd: 'Range V changed'
ptd-server 2022-07-22 14:29:20,894 [INFO] Sending to ptd: 'SR,A,0.071730'
ptd-server 2022-07-22 14:29:22,395 [INFO] Reply from ptd: 'Range A changed'
ptd-server 2022-07-22 14:29:32,405 [INFO] Starting testing mode
ptd-server 2022-07-22 14:29:32,406 [INFO] Sending to ptd: 'Go,1000,0,2022-07-22_14-18-18_testing'
ptd-server 2022-07-22 14:29:32,406 [INFO] Reply from ptd: 'Starting untimed measurement, maximum 500000 samples at 1000ms with 0 rampup samples'
ptd-server 2022-07-22 14:29:32,406 [INFO] Sending reply to client 'OK'
ptd-server 2022-07-22 14:39:53,335 [INFO] Got command from the client 'session,2022-07-22_14-18-18,stop,testing'
ptd-server 2022-07-22 14:40:03,346 [INFO] Sending to ptd: 'Stop'
ptd-server 2022-07-22 14:40:03,346 [INFO] Reply from ptd: 'Stopping untimed measurement'
ptd-server 2022-07-22 14:40:03,598 [INFO] Sending reply to client 'OK'
ptd-server 2022-07-22 14:40:03,606 [INFO] Got command from the client 'session,2022-07-22_14-18-18,done'
ptd-server 2022-07-22 14:40:03,606 [INFO] Sending to ptd: 'Stop'
ptd-server 2022-07-22 14:40:03,606 [INFO] Reply from ptd: 'Error: no measurement to stop'
ptd-server 2022-07-22 14:40:03,606 [INFO] Sending to ptd: 'SR,V,Auto'
ptd-server 2022-07-22 14:40:04,109 [INFO] Reply from ptd: 'Range V changed'
ptd-server 2022-07-22 14:40:04,109 [INFO] Sending to ptd: 'SR,A,0.500000'
ptd-server 2022-07-22 14:40:05,610 [INFO] Reply from ptd: 'Range A changed'
ptd-server 2022-07-22 14:40:05,610 [INFO] Set initial values for Amps 0.500000 and Volts Auto
ptd-server 2022-07-22 14:40:05,610 [INFO] Stopping ptd...
