ptd-server 2022-07-27 09:53:56,078 [INFO] Got command from the client 'time'
ptd-server 2022-07-27 09:53:56,078 [INFO] Sending reply to client '1658912036.0784585'
ptd-server 2022-07-27 09:53:56,082 [INFO] Got command from the client 'new,,2b6be1a6-e24e-4285-a9cb-ee1e79bf0252'
ptd-server 2022-07-27 09:53:56,083 [INFO] Sending reply to client 'OK 2022-07-27_09-53-56,ca00ee31-ef29-45a7-8ae6-bc460d347e73'
ptd-server 2022-07-27 09:53:56,125 [INFO] Got command from the client 'time'
ptd-server 2022-07-27 09:53:56,125 [INFO] Sending reply to client '1658912036.1255891'
ptd-server 2022-07-27 09:53:56,129 [INFO] Got command from the client 'session,2022-07-27_09-53-56,start,ranging'
ptd-server 2022-07-27 09:53:56,129 [INFO] Running PTDaemon: ['/home/anton/projects/mlperf/power/inference_v1.0/ptd-linux-x86', '-l', '/tmp/tmp7lgbo8s4/ptd_logfile.txt', '-p', '8888', '49', '/dev/usbtmc0']
ptd-server 2022-07-27 09:54:13,304 [INFO] Sending to ptd: 'Hello'
ptd-server 2022-07-27 09:54:13,304 [INFO] Reply from ptd: 'Hello, PTDaemon here!'
ptd-server 2022-07-27 09:54:13,304 [INFO] Sending to ptd: 'Identify'
ptd-server 2022-07-27 09:54:13,305 [INFO] Reply from ptd: 'YokogawaWT310E,1000,1,1,1,1,0,1,1,version=1.9.2-e8c7a49a-20201208,OS=Linux 5.13.0-52-generic #59~20.04.1-Ubuntu SMP Thu Jun 16 21:21:28 UTC 2022 x86_64,mode=power,1,1,1,0,0,no_cal_date,YOKOGAWA;WT310E;C3XA04010E;F1.04'
ptd-server 2022-07-27 09:54:13,305 [INFO] Connected to PTDaemon
ptd-server 2022-07-27 09:54:13,305 [INFO] Sending to ptd: 'RR'
ptd-server 2022-07-27 09:54:13,305 [INFO] Reply from ptd: 'Ranges,0,0.500000,1,300.000000'
ptd-server 2022-07-27 09:54:13,305 [INFO] Initial range for Amps is 0.500000 for Volts is Auto
ptd-server 2022-07-27 09:54:13,305 [INFO] Sending to ptd: 'SR,V,Auto'
ptd-server 2022-07-27 09:54:13,808 [INFO] Reply from ptd: 'Range V changed'
ptd-server 2022-07-27 09:54:13,808 [INFO] Sending to ptd: 'SR,A,Auto'
ptd-server 2022-07-27 09:54:14,311 [INFO] Reply from ptd: 'Range A changed'
ptd-server 2022-07-27 09:54:24,321 [INFO] Starting ranging mode
ptd-server 2022-07-27 09:54:24,321 [INFO] Sending to ptd: 'Go,1000,0,2022-07-27_09-53-56_ranging'
ptd-server 2022-07-27 09:54:24,321 [INFO] Reply from ptd: 'Starting untimed measurement, maximum 500000 samples at 1000ms with 0 rampup samples'
ptd-server 2022-07-27 09:54:24,322 [INFO] Sending reply to client 'OK'
ptd-server 2022-07-27 10:04:39,472 [INFO] Got command from the client 'session,2022-07-27_09-53-56,stop,ranging'
ptd-server 2022-07-27 10:04:49,483 [INFO] Sending to ptd: 'Stop'
ptd-server 2022-07-27 10:04:49,483 [INFO] Reply from ptd: 'Stopping untimed measurement'
ptd-server 2022-07-27 10:04:50,441 [INFO] Sending reply to client 'OK'
ptd-server 2022-07-27 10:04:50,534 [INFO] Got command from the client 'time'
ptd-server 2022-07-27 10:04:50,534 [INFO] Sending reply to client '1658912690.5348606'
ptd-server 2022-07-27 10:04:50,544 [INFO] Got command from the client 'session,2022-07-27_09-53-56,start,testing'
ptd-server 2022-07-27 10:04:50,545 [INFO] Sending to ptd: 'SR,V,250.320000'
ptd-server 2022-07-27 10:04:52,046 [INFO] Reply from ptd: 'Range V changed'
ptd-server 2022-07-27 10:04:52,046 [INFO] Sending to ptd: 'SR,A,0.042310'
ptd-server 2022-07-27 10:04:53,548 [INFO] Reply from ptd: 'Range A changed'
ptd-server 2022-07-27 10:05:03,551 [INFO] Starting testing mode
ptd-server 2022-07-27 10:05:03,551 [INFO] Sending to ptd: 'Go,1000,0,2022-07-27_09-53-56_testing'
ptd-server 2022-07-27 10:05:03,552 [INFO] Reply from ptd: 'Starting untimed measurement, maximum 500000 samples at 1000ms with 0 rampup samples'
ptd-server 2022-07-27 10:05:03,552 [INFO] Sending reply to client 'OK'
ptd-server 2022-07-27 10:15:18,706 [INFO] Got command from the client 'session,2022-07-27_09-53-56,stop,testing'
ptd-server 2022-07-27 10:15:28,715 [INFO] Sending to ptd: 'Stop'
ptd-server 2022-07-27 10:15:28,715 [INFO] Reply from ptd: 'Stopping untimed measurement'
ptd-server 2022-07-27 10:15:29,196 [INFO] Sending reply to client 'OK'
ptd-server 2022-07-27 10:15:29,217 [INFO] Got command from the client 'session,2022-07-27_09-53-56,done'
ptd-server 2022-07-27 10:15:29,217 [INFO] Sending to ptd: 'Stop'
ptd-server 2022-07-27 10:15:29,552 [INFO] Reply from ptd: 'Error: no measurement to stop'
ptd-server 2022-07-27 10:15:29,552 [INFO] Sending to ptd: 'SR,V,Auto'
ptd-server 2022-07-27 10:15:30,055 [INFO] Reply from ptd: 'Range V changed'
ptd-server 2022-07-27 10:15:30,055 [INFO] Sending to ptd: 'SR,A,0.500000'
ptd-server 2022-07-27 10:15:31,556 [INFO] Reply from ptd: 'Range A changed'
ptd-server 2022-07-27 10:15:31,557 [INFO] Set initial values for Amps 0.500000 and Volts Auto
ptd-server 2022-07-27 10:15:31,557 [INFO] Stopping ptd...
