ptd-server 2022-08-01 06:27:54,834 [INFO] Got command from the client 'time'
ptd-server 2022-08-01 06:27:54,834 [INFO] Sending reply to client '1659331674.8347764'
ptd-server 2022-08-01 06:27:54,835 [INFO] Got command from the client 'new,,6d8be8dd-adca-4a82-8b4d-efec85fb568b'
ptd-server 2022-08-01 06:27:54,836 [INFO] Sending reply to client 'OK 2022-08-01_06-27-54,855e1009-c6c8-4660-af70-aec770eb343a'
ptd-server 2022-08-01 06:27:54,863 [INFO] Got command from the client 'time'
ptd-server 2022-08-01 06:27:54,863 [INFO] Sending reply to client '1659331674.8639603'
ptd-server 2022-08-01 06:27:54,864 [INFO] Got command from the client 'session,2022-08-01_06-27-54,start,ranging'
ptd-server 2022-08-01 06:27:54,865 [INFO] Running PTDaemon: ['/home/anton/projects/mlperf/power/inference_v1.0/ptd-linux-x86', '-l', '/tmp/tmp7lgbo8s4/ptd_logfile.txt', '-p', '8888', '49', '/dev/usbtmc0']
ptd-server 2022-08-01 06:28:12,037 [INFO] Sending to ptd: 'Hello'
ptd-server 2022-08-01 06:28:12,038 [INFO] Reply from ptd: 'Hello, PTDaemon here!'
ptd-server 2022-08-01 06:28:12,038 [INFO] Sending to ptd: 'Identify'
ptd-server 2022-08-01 06:28:12,039 [INFO] Reply from ptd: 'YokogawaWT310E,1000,1,1,1,1,0,1,1,version=1.9.2-e8c7a49a-20201208,OS=Linux 5.13.0-52-generic #59~20.04.1-Ubuntu SMP Thu Jun 16 21:21:28 UTC 2022 x86_64,mode=power,1,1,1,0,0,no_cal_date,YOKOGAWA;WT310E;C3XA04010E;F1.04'
ptd-server 2022-08-01 06:28:12,039 [INFO] Connected to PTDaemon
ptd-server 2022-08-01 06:28:12,039 [INFO] Sending to ptd: 'RR'
ptd-server 2022-08-01 06:28:12,039 [INFO] Reply from ptd: 'Ranges,0,0.500000,1,300.000000'
ptd-server 2022-08-01 06:28:12,039 [INFO] Initial range for Amps is 0.500000 for Volts is Auto
ptd-server 2022-08-01 06:28:12,039 [INFO] Sending to ptd: 'SR,V,Auto'
ptd-server 2022-08-01 06:28:12,542 [INFO] Reply from ptd: 'Range V changed'
ptd-server 2022-08-01 06:28:12,542 [INFO] Sending to ptd: 'SR,A,Auto'
ptd-server 2022-08-01 06:28:13,045 [INFO] Reply from ptd: 'Range A changed'
ptd-server 2022-08-01 06:28:23,055 [INFO] Starting ranging mode
ptd-server 2022-08-01 06:28:23,055 [INFO] Sending to ptd: 'Go,1000,0,2022-08-01_06-27-54_ranging'
ptd-server 2022-08-01 06:28:23,055 [INFO] Reply from ptd: 'Starting untimed measurement, maximum 500000 samples at 1000ms with 0 rampup samples'
ptd-server 2022-08-01 06:28:23,056 [INFO] Sending reply to client 'OK'
ptd-server 2022-08-01 06:38:46,356 [INFO] Got command from the client 'session,2022-08-01_06-27-54,stop,ranging'
ptd-server 2022-08-01 06:38:56,357 [INFO] Sending to ptd: 'Stop'
ptd-server 2022-08-01 06:38:56,358 [INFO] Reply from ptd: 'Stopping untimed measurement'
ptd-server 2022-08-01 06:38:57,716 [INFO] Sending reply to client 'OK'
ptd-server 2022-08-01 06:38:57,766 [INFO] Got command from the client 'time'
ptd-server 2022-08-01 06:38:57,766 [INFO] Sending reply to client '1659332337.7668757'
ptd-server 2022-08-01 06:38:57,768 [INFO] Got command from the client 'session,2022-08-01_06-27-54,start,testing'
ptd-server 2022-08-01 06:38:57,768 [INFO] Sending to ptd: 'SR,V,249.800000'
ptd-server 2022-08-01 06:38:59,269 [INFO] Reply from ptd: 'Range V changed'
ptd-server 2022-08-01 06:38:59,270 [INFO] Sending to ptd: 'SR,A,0.288840'
ptd-server 2022-08-01 06:39:00,771 [INFO] Reply from ptd: 'Range A changed'
ptd-server 2022-08-01 06:39:10,781 [INFO] Starting testing mode
ptd-server 2022-08-01 06:39:10,781 [INFO] Sending to ptd: 'Go,1000,0,2022-08-01_06-27-54_testing'
ptd-server 2022-08-01 06:39:10,782 [INFO] Reply from ptd: 'Starting untimed measurement, maximum 500000 samples at 1000ms with 0 rampup samples'
ptd-server 2022-08-01 06:39:10,782 [INFO] Sending reply to client 'OK'
ptd-server 2022-08-01 06:49:24,715 [INFO] Got command from the client 'session,2022-08-01_06-27-54,stop,testing'
ptd-server 2022-08-01 06:49:34,726 [INFO] Sending to ptd: 'Stop'
ptd-server 2022-08-01 06:49:34,726 [INFO] Reply from ptd: 'Stopping untimed measurement'
ptd-server 2022-08-01 06:49:35,408 [INFO] Sending reply to client 'OK'
ptd-server 2022-08-01 06:49:35,417 [INFO] Got command from the client 'session,2022-08-01_06-27-54,done'
ptd-server 2022-08-01 06:49:35,418 [INFO] Sending to ptd: 'Stop'
ptd-server 2022-08-01 06:49:35,418 [INFO] Reply from ptd: 'Error: no measurement to stop'
ptd-server 2022-08-01 06:49:35,418 [INFO] Sending to ptd: 'SR,V,Auto'
ptd-server 2022-08-01 06:49:35,920 [INFO] Reply from ptd: 'Range V changed'
ptd-server 2022-08-01 06:49:35,921 [INFO] Sending to ptd: 'SR,A,0.500000'
ptd-server 2022-08-01 06:49:37,422 [INFO] Reply from ptd: 'Range A changed'
ptd-server 2022-08-01 06:49:37,422 [INFO] Set initial values for Amps 0.500000 and Volts Auto
ptd-server 2022-08-01 06:49:37,422 [INFO] Stopping ptd...
