ptd-server 2022-08-05 09:45:18,548 [INFO] Got command from the client 'time'
ptd-server 2022-08-05 09:45:18,549 [INFO] Sending reply to client '1659710718.5490983'
ptd-server 2022-08-05 09:45:18,551 [INFO] Got command from the client 'new,,123cf084-9324-4c91-b880-f56c48aefc85'
ptd-server 2022-08-05 09:45:18,552 [INFO] Sending reply to client 'OK 2022-08-05_09-45-18,e7e84140-f088-4b9c-b760-ba93fb8602a3'
ptd-server 2022-08-05 09:45:18,694 [INFO] Got command from the client 'time'
ptd-server 2022-08-05 09:45:18,694 [INFO] Sending reply to client '1659710718.6946633'
ptd-server 2022-08-05 09:45:18,696 [INFO] Got command from the client 'session,2022-08-05_09-45-18,start,ranging'
ptd-server 2022-08-05 09:45:18,697 [INFO] Running PTDaemon: ['/local/mnt/workspace/mlcommons/power-main/inference_v1.0/ptd-linux-x86', '-l', '/tmp/tmp9557c5cm/ptd_logfile.txt', '-p', '8888', '-c', '3', '52', '/dev/usbtmc0']
ptd-server 2022-08-05 09:45:35,819 [INFO] Sending to ptd: 'Hello'
ptd-server 2022-08-05 09:45:35,820 [INFO] Reply from ptd: 'Hello, PTDaemon here!'
ptd-server 2022-08-05 09:45:35,820 [INFO] Sending to ptd: 'Identify'
ptd-server 2022-08-05 09:45:35,821 [INFO] Reply from ptd: 'YokogawaWT330,1000,1,1,1,1,0,0,1,version=1.9.2-e8c7a49a-20201208,OS=Linux 5.4.0-120-generic #136~18.04.1-Ubuntu SMP Fri Jun 10 18:00:44 UTC 2022 x86_64,mode=power,1,1,1,0,0,no_cal_date,YOKOGAWA;WT333;C2QH26002V;F1.06'
ptd-server 2022-08-05 09:45:35,821 [INFO] Connected to PTDaemon
ptd-server 2022-08-05 09:45:35,821 [INFO] Sending to ptd: 'RR'
ptd-server 2022-08-05 09:45:35,821 [INFO] Reply from ptd: 'Ranges,1,0.500000,1,150.000000'
ptd-server 2022-08-05 09:45:35,822 [INFO] Initial range for Amps is Auto for Volts is Auto
ptd-server 2022-08-05 09:45:35,822 [INFO] Sending to ptd: 'SR,V,Auto'
ptd-server 2022-08-05 09:45:36,325 [INFO] Reply from ptd: 'Range V changed'
ptd-server 2022-08-05 09:45:36,325 [INFO] Sending to ptd: 'SR,A,Auto'
ptd-server 2022-08-05 09:45:36,828 [INFO] Reply from ptd: 'Range A changed'
ptd-server 2022-08-05 09:45:46,838 [INFO] Starting ranging mode
ptd-server 2022-08-05 09:45:46,839 [INFO] Sending to ptd: 'Go,1000,0,2022-08-05_09-45-18_ranging'
ptd-server 2022-08-05 09:45:46,839 [INFO] Reply from ptd: 'Starting untimed measurement, maximum 500000 samples at 1000ms with 0 rampup samples'
ptd-server 2022-08-05 09:45:46,840 [INFO] Sending reply to client 'OK'
ptd-server 2022-08-05 09:56:50,935 [INFO] Got command from the client 'session,2022-08-05_09-45-18,stop,ranging'
ptd-server 2022-08-05 09:57:00,942 [INFO] Sending to ptd: 'Stop'
ptd-server 2022-08-05 09:57:00,942 [INFO] Reply from ptd: 'Stopping untimed measurement'
ptd-server 2022-08-05 09:57:00,963 [INFO] Sending reply to client 'OK'
ptd-server 2022-08-05 09:57:01,170 [INFO] Got command from the client 'time'
ptd-server 2022-08-05 09:57:01,170 [INFO] Sending reply to client '1659711421.1704464'
ptd-server 2022-08-05 09:57:01,173 [INFO] Got command from the client 'session,2022-08-05_09-45-18,start,testing'
ptd-server 2022-08-05 09:57:01,174 [INFO] Sending to ptd: 'SR,V,119.530000'
ptd-server 2022-08-05 09:57:03,341 [INFO] Reply from ptd: 'Range V changed'
ptd-server 2022-08-05 09:57:03,342 [INFO] Sending to ptd: 'SR,A,0.338400'
ptd-server 2022-08-05 09:57:04,844 [INFO] Reply from ptd: 'Range A changed'
ptd-server 2022-08-05 09:57:14,855 [INFO] Starting testing mode
ptd-server 2022-08-05 09:57:14,855 [INFO] Sending to ptd: 'Go,1000,0,2022-08-05_09-45-18_testing'
ptd-server 2022-08-05 09:57:14,855 [INFO] Reply from ptd: 'Starting untimed measurement, maximum 500000 samples at 1000ms with 0 rampup samples'
ptd-server 2022-08-05 09:57:14,856 [INFO] Sending reply to client 'OK'
ptd-server 2022-08-05 10:08:20,640 [INFO] Got command from the client 'session,2022-08-05_09-45-18,stop,testing'
ptd-server 2022-08-05 10:08:30,642 [INFO] Sending to ptd: 'Stop'
ptd-server 2022-08-05 10:08:30,642 [INFO] Reply from ptd: 'Stopping untimed measurement'
ptd-server 2022-08-05 10:08:30,653 [INFO] Sending reply to client 'OK'
ptd-server 2022-08-05 10:08:30,687 [INFO] Got command from the client 'session,2022-08-05_09-45-18,done'
ptd-server 2022-08-05 10:08:30,687 [INFO] Sending to ptd: 'Stop'
ptd-server 2022-08-05 10:08:30,855 [INFO] Reply from ptd: 'Error: no measurement to stop'
ptd-server 2022-08-05 10:08:30,856 [INFO] Sending to ptd: 'SR,V,Auto'
ptd-server 2022-08-05 10:08:31,359 [INFO] Reply from ptd: 'Range V changed'
ptd-server 2022-08-05 10:08:31,359 [INFO] Sending to ptd: 'SR,A,Auto'
ptd-server 2022-08-05 10:08:31,862 [INFO] Reply from ptd: 'Range A changed'
ptd-server 2022-08-05 10:08:31,862 [INFO] Set initial values for Amps Auto and Volts Auto
ptd-server 2022-08-05 10:08:31,862 [INFO] Stopping ptd...
