ptd-server 2022-08-02 18:43:35,458 [INFO] Got command from the client 'time'
ptd-server 2022-08-02 18:43:35,458 [INFO] Sending reply to client '1659483815.4588003'
ptd-server 2022-08-02 18:43:35,459 [INFO] Got command from the client 'new,,d9377c52-7877-48f6-b301-d11a73630bec'
ptd-server 2022-08-02 18:43:35,460 [INFO] Sending reply to client 'OK 2022-08-02_18-43-35,9fc0006c-f514-4690-850b-97d7f4ab3af8'
ptd-server 2022-08-02 18:43:35,560 [INFO] Got command from the client 'time'
ptd-server 2022-08-02 18:43:35,560 [INFO] Sending reply to client '1659483815.5603557'
ptd-server 2022-08-02 18:43:35,561 [INFO] Got command from the client 'session,2022-08-02_18-43-35,start,ranging'
ptd-server 2022-08-02 18:43:35,561 [INFO] Running PTDaemon: ['/local/mnt/workspace/mlcommons/power-main/inference_v1.0/ptd-linux-x86', '-l', '/tmp/tmp3rup6cv3/ptd_logfile.txt', '-p', '8888', '-c', '3', '52', '/dev/usbtmc0']
ptd-server 2022-08-02 18:43:52,686 [INFO] Sending to ptd: 'Hello'
ptd-server 2022-08-02 18:43:52,687 [INFO] Reply from ptd: 'Hello, PTDaemon here!'
ptd-server 2022-08-02 18:43:52,687 [INFO] Sending to ptd: 'Identify'
ptd-server 2022-08-02 18:43:52,688 [INFO] Reply from ptd: 'YokogawaWT330E,1000,1,1,1,1,0,0,1,version=1.9.2-e8c7a49a-20201208,OS=Linux 5.4.0-105-generic #119~18.04.1-Ubuntu SMP Tue Mar 8 11:21:24 UTC 2022 x86_64,mode=power,1,1,1,0,0,no_cal_date,YOKOGAWA;WT333E;C2XC17005V;F1.04'
ptd-server 2022-08-02 18:43:52,688 [INFO] Connected to PTDaemon
ptd-server 2022-08-02 18:43:52,688 [INFO] Sending to ptd: 'RR'
ptd-server 2022-08-02 18:43:52,688 [INFO] Reply from ptd: 'Ranges,1,2.000000,1,150.000000'
ptd-server 2022-08-02 18:43:52,688 [INFO] Initial range for Amps is Auto for Volts is Auto
ptd-server 2022-08-02 18:43:52,689 [INFO] Sending to ptd: 'SR,V,Auto'
ptd-server 2022-08-02 18:43:53,192 [INFO] Reply from ptd: 'Range V changed'
ptd-server 2022-08-02 18:43:53,192 [INFO] Sending to ptd: 'SR,A,Auto'
ptd-server 2022-08-02 18:43:53,695 [INFO] Reply from ptd: 'Range A changed'
ptd-server 2022-08-02 18:44:03,705 [INFO] Starting ranging mode
ptd-server 2022-08-02 18:44:03,706 [INFO] Sending to ptd: 'Go,1000,0,2022-08-02_18-43-35_ranging'
ptd-server 2022-08-02 18:44:03,706 [INFO] Reply from ptd: 'Starting untimed measurement, maximum 500000 samples at 1000ms with 0 rampup samples'
ptd-server 2022-08-02 18:44:03,707 [INFO] Sending reply to client 'OK'
ptd-server 2022-08-02 18:54:53,716 [INFO] Got command from the client 'session,2022-08-02_18-43-35,stop,ranging'
ptd-server 2022-08-02 18:55:03,726 [INFO] Sending to ptd: 'Stop'
ptd-server 2022-08-02 18:55:03,727 [INFO] Reply from ptd: 'Stopping untimed measurement'
ptd-server 2022-08-02 18:55:03,751 [INFO] Sending reply to client 'OK'
ptd-server 2022-08-02 18:55:03,863 [INFO] Got command from the client 'time'
ptd-server 2022-08-02 18:55:03,863 [INFO] Sending reply to client '1659484503.8637757'
ptd-server 2022-08-02 18:55:03,865 [INFO] Got command from the client 'session,2022-08-02_18-43-35,start,testing'
ptd-server 2022-08-02 18:55:03,865 [INFO] Sending to ptd: 'SR,V,120.790000'
ptd-server 2022-08-02 18:55:06,209 [INFO] Reply from ptd: 'Range V changed'
ptd-server 2022-08-02 18:55:06,209 [INFO] Sending to ptd: 'SR,A,0.368900'
ptd-server 2022-08-02 18:55:07,711 [INFO] Reply from ptd: 'Range A changed'
ptd-server 2022-08-02 18:55:17,722 [INFO] Starting testing mode
ptd-server 2022-08-02 18:55:17,722 [INFO] Sending to ptd: 'Go,1000,0,2022-08-02_18-43-35_testing'
ptd-server 2022-08-02 18:55:17,723 [INFO] Reply from ptd: 'Starting untimed measurement, maximum 500000 samples at 1000ms with 0 rampup samples'
ptd-server 2022-08-02 18:55:17,723 [INFO] Sending reply to client 'OK'
ptd-server 2022-08-02 19:05:52,969 [INFO] Got command from the client 'session,2022-08-02_18-43-35,stop,testing'
ptd-server 2022-08-02 19:06:02,980 [INFO] Sending to ptd: 'Stop'
ptd-server 2022-08-02 19:06:02,981 [INFO] Reply from ptd: 'Stopping untimed measurement'
ptd-server 2022-08-02 19:06:02,993 [INFO] Sending reply to client 'OK'
ptd-server 2022-08-02 19:06:03,014 [INFO] Got command from the client 'session,2022-08-02_18-43-35,done'
ptd-server 2022-08-02 19:06:03,014 [INFO] Sending to ptd: 'Stop'
ptd-server 2022-08-02 19:06:03,724 [INFO] Reply from ptd: 'Error: no measurement to stop'
ptd-server 2022-08-02 19:06:03,724 [INFO] Sending to ptd: 'SR,V,Auto'
ptd-server 2022-08-02 19:06:04,227 [INFO] Reply from ptd: 'Range V changed'
ptd-server 2022-08-02 19:06:04,228 [INFO] Sending to ptd: 'SR,A,Auto'
ptd-server 2022-08-02 19:06:04,731 [INFO] Reply from ptd: 'Range A changed'
ptd-server 2022-08-02 19:06:04,731 [INFO] Set initial values for Amps Auto and Volts Auto
ptd-server 2022-08-02 19:06:04,731 [INFO] Stopping ptd...
