ptd-server 2022-07-23 14:52:48,114 [INFO] Got command from the client 'time'
ptd-server 2022-07-23 14:52:48,114 [INFO] Sending reply to client '1658584368.1142776'
ptd-server 2022-07-23 14:52:48,115 [INFO] Got command from the client 'new,,7edcf25b-5abf-457e-a1a3-d04b255d97db'
ptd-server 2022-07-23 14:52:48,116 [INFO] Sending reply to client 'OK 2022-07-23_14-52-48,ba75230f-6fce-478d-a42f-bcc190f129ea'
ptd-server 2022-07-23 14:52:48,144 [INFO] Got command from the client 'time'
ptd-server 2022-07-23 14:52:48,145 [INFO] Sending reply to client '1658584368.1449938'
ptd-server 2022-07-23 14:52:48,146 [INFO] Got command from the client 'session,2022-07-23_14-52-48,start,ranging'
ptd-server 2022-07-23 14:52:48,146 [INFO] Running PTDaemon: ['/home/anton/projects/mlperf/power/inference_v1.0/ptd-linux-x86', '-l', '/tmp/tmp7lgbo8s4/ptd_logfile.txt', '-p', '8888', '49', '/dev/usbtmc0']
ptd-server 2022-07-23 14:53:05,322 [INFO] Sending to ptd: 'Hello'
ptd-server 2022-07-23 14:53:05,322 [INFO] Reply from ptd: 'Hello, PTDaemon here!'
ptd-server 2022-07-23 14:53:05,322 [INFO] Sending to ptd: 'Identify'
ptd-server 2022-07-23 14:53:05,323 [INFO] Reply from ptd: 'YokogawaWT310E,1000,1,1,1,1,0,1,1,version=1.9.2-e8c7a49a-20201208,OS=Linux 5.13.0-52-generic #59~20.04.1-Ubuntu SMP Thu Jun 16 21:21:28 UTC 2022 x86_64,mode=power,1,1,1,0,0,no_cal_date,YOKOGAWA;WT310E;C3XA04010E;F1.04'
ptd-server 2022-07-23 14:53:05,323 [INFO] Connected to PTDaemon
ptd-server 2022-07-23 14:53:05,323 [INFO] Sending to ptd: 'RR'
ptd-server 2022-07-23 14:53:05,323 [INFO] Reply from ptd: 'Ranges,0,0.500000,1,300.000000'
ptd-server 2022-07-23 14:53:05,323 [INFO] Initial range for Amps is 0.500000 for Volts is Auto
ptd-server 2022-07-23 14:53:05,324 [INFO] Sending to ptd: 'SR,V,Auto'
ptd-server 2022-07-23 14:53:05,826 [INFO] Reply from ptd: 'Range V changed'
ptd-server 2022-07-23 14:53:05,826 [INFO] Sending to ptd: 'SR,A,Auto'
ptd-server 2022-07-23 14:53:06,329 [INFO] Reply from ptd: 'Range A changed'
ptd-server 2022-07-23 14:53:16,339 [INFO] Starting ranging mode
ptd-server 2022-07-23 14:53:16,339 [INFO] Sending to ptd: 'Go,1000,0,2022-07-23_14-52-48_ranging'
ptd-server 2022-07-23 14:53:16,340 [INFO] Reply from ptd: 'Starting untimed measurement, maximum 500000 samples at 1000ms with 0 rampup samples'
ptd-server 2022-07-23 14:53:16,340 [INFO] Sending reply to client 'OK'
ptd-server 2022-07-23 15:03:32,795 [INFO] Got command from the client 'session,2022-07-23_14-52-48,stop,ranging'
ptd-server 2022-07-23 15:03:42,805 [INFO] Sending to ptd: 'Stop'
ptd-server 2022-07-23 15:03:42,806 [INFO] Reply from ptd: 'Stopping untimed measurement'
ptd-server 2022-07-23 15:03:43,382 [INFO] Sending reply to client 'OK'
ptd-server 2022-07-23 15:03:43,429 [INFO] Got command from the client 'time'
ptd-server 2022-07-23 15:03:43,429 [INFO] Sending reply to client '1658585023.4298155'
ptd-server 2022-07-23 15:03:43,430 [INFO] Got command from the client 'session,2022-07-23_14-52-48,start,testing'
ptd-server 2022-07-23 15:03:43,430 [INFO] Sending to ptd: 'SR,V,250.380000'
ptd-server 2022-07-23 15:03:44,932 [INFO] Reply from ptd: 'Range V changed'
ptd-server 2022-07-23 15:03:44,932 [INFO] Sending to ptd: 'SR,A,0.063780'
ptd-server 2022-07-23 15:03:46,433 [INFO] Reply from ptd: 'Range A changed'
ptd-server 2022-07-23 15:03:56,444 [INFO] Starting testing mode
ptd-server 2022-07-23 15:03:56,444 [INFO] Sending to ptd: 'Go,1000,0,2022-07-23_14-52-48_testing'
ptd-server 2022-07-23 15:03:56,444 [INFO] Reply from ptd: 'Starting untimed measurement, maximum 500000 samples at 1000ms with 0 rampup samples'
ptd-server 2022-07-23 15:03:56,444 [INFO] Sending reply to client 'OK'
ptd-server 2022-07-23 15:14:12,856 [INFO] Got command from the client 'session,2022-07-23_14-52-48,stop,testing'
ptd-server 2022-07-23 15:14:22,867 [INFO] Sending to ptd: 'Stop'
ptd-server 2022-07-23 15:14:22,867 [INFO] Reply from ptd: 'Stopping untimed measurement'
ptd-server 2022-07-23 15:14:23,161 [INFO] Sending reply to client 'OK'
ptd-server 2022-07-23 15:14:23,169 [INFO] Got command from the client 'session,2022-07-23_14-52-48,done'
ptd-server 2022-07-23 15:14:23,169 [INFO] Sending to ptd: 'Stop'
ptd-server 2022-07-23 15:14:23,445 [INFO] Reply from ptd: 'Error: no measurement to stop'
ptd-server 2022-07-23 15:14:23,445 [INFO] Sending to ptd: 'SR,V,Auto'
ptd-server 2022-07-23 15:14:23,947 [INFO] Reply from ptd: 'Range V changed'
ptd-server 2022-07-23 15:14:23,948 [INFO] Sending to ptd: 'SR,A,0.500000'
ptd-server 2022-07-23 15:14:25,449 [INFO] Reply from ptd: 'Range A changed'
ptd-server 2022-07-23 15:14:25,449 [INFO] Set initial values for Amps 0.500000 and Volts Auto
ptd-server 2022-07-23 15:14:25,449 [INFO] Stopping ptd...
