ptd-server 2022-07-29 08:12:58,793 [INFO] Got command from the client 'time'
ptd-server 2022-07-29 08:12:58,793 [INFO] Sending reply to client '1659078778.793252'
ptd-server 2022-07-29 08:12:58,797 [INFO] Got command from the client 'new,,d89813f0-9a80-4a19-a618-a1c488358b16'
ptd-server 2022-07-29 08:12:58,798 [INFO] Sending reply to client 'OK 2022-07-29_08-12-58,227778bd-10f6-42b1-9863-2b1a66ae8890'
ptd-server 2022-07-29 08:12:58,895 [INFO] Got command from the client 'time'
ptd-server 2022-07-29 08:12:58,895 [INFO] Sending reply to client '1659078778.8959029'
ptd-server 2022-07-29 08:12:58,901 [INFO] Got command from the client 'session,2022-07-29_08-12-58,start,ranging'
ptd-server 2022-07-29 08:12:58,901 [INFO] Running PTDaemon: ['/home/anton/projects/mlperf/power/inference_v1.0/ptd-linux-x86', '-l', '/tmp/tmp7lgbo8s4/ptd_logfile.txt', '-p', '8888', '49', '/dev/usbtmc0']
ptd-server 2022-07-29 08:13:16,076 [INFO] Sending to ptd: 'Hello'
ptd-server 2022-07-29 08:13:16,077 [INFO] Reply from ptd: 'Hello, PTDaemon here!'
ptd-server 2022-07-29 08:13:16,077 [INFO] Sending to ptd: 'Identify'
ptd-server 2022-07-29 08:13:16,077 [INFO] Reply from ptd: 'YokogawaWT310E,1000,1,1,1,1,0,1,1,version=1.9.2-e8c7a49a-20201208,OS=Linux 5.13.0-52-generic #59~20.04.1-Ubuntu SMP Thu Jun 16 21:21:28 UTC 2022 x86_64,mode=power,1,1,1,0,0,no_cal_date,YOKOGAWA;WT310E;C3XA04010E;F1.04'
ptd-server 2022-07-29 08:13:16,077 [INFO] Connected to PTDaemon
ptd-server 2022-07-29 08:13:16,077 [INFO] Sending to ptd: 'RR'
ptd-server 2022-07-29 08:13:16,078 [INFO] Reply from ptd: 'Ranges,0,0.500000,1,300.000000'
ptd-server 2022-07-29 08:13:16,078 [INFO] Initial range for Amps is 0.500000 for Volts is Auto
ptd-server 2022-07-29 08:13:16,078 [INFO] Sending to ptd: 'SR,V,Auto'
ptd-server 2022-07-29 08:13:16,580 [INFO] Reply from ptd: 'Range V changed'
ptd-server 2022-07-29 08:13:16,581 [INFO] Sending to ptd: 'SR,A,Auto'
ptd-server 2022-07-29 08:13:17,083 [INFO] Reply from ptd: 'Range A changed'
ptd-server 2022-07-29 08:13:27,093 [INFO] Starting ranging mode
ptd-server 2022-07-29 08:13:27,094 [INFO] Sending to ptd: 'Go,1000,0,2022-07-29_08-12-58_ranging'
ptd-server 2022-07-29 08:13:27,094 [INFO] Reply from ptd: 'Starting untimed measurement, maximum 500000 samples at 1000ms with 0 rampup samples'
ptd-server 2022-07-29 08:13:27,094 [INFO] Sending reply to client 'OK'
ptd-server 2022-07-29 08:23:44,329 [INFO] Got command from the client 'session,2022-07-29_08-12-58,stop,ranging'
ptd-server 2022-07-29 08:23:54,339 [INFO] Sending to ptd: 'Stop'
ptd-server 2022-07-29 08:23:54,339 [INFO] Reply from ptd: 'Stopping untimed measurement'
ptd-server 2022-07-29 08:23:55,515 [INFO] Sending reply to client 'OK'
ptd-server 2022-07-29 08:23:55,634 [INFO] Got command from the client 'time'
ptd-server 2022-07-29 08:23:55,634 [INFO] Sending reply to client '1659079435.6348498'
ptd-server 2022-07-29 08:23:55,638 [INFO] Got command from the client 'session,2022-07-29_08-12-58,start,testing'
ptd-server 2022-07-29 08:23:55,638 [INFO] Sending to ptd: 'SR,V,250.060000'
ptd-server 2022-07-29 08:23:57,139 [INFO] Reply from ptd: 'Range V changed'
ptd-server 2022-07-29 08:23:57,140 [INFO] Sending to ptd: 'SR,A,0.057790'
ptd-server 2022-07-29 08:23:58,641 [INFO] Reply from ptd: 'Range A changed'
ptd-server 2022-07-29 08:24:08,651 [INFO] Starting testing mode
ptd-server 2022-07-29 08:24:08,651 [INFO] Sending to ptd: 'Go,1000,0,2022-07-29_08-12-58_testing'
ptd-server 2022-07-29 08:24:08,652 [INFO] Reply from ptd: 'Starting untimed measurement, maximum 500000 samples at 1000ms with 0 rampup samples'
ptd-server 2022-07-29 08:24:08,652 [INFO] Sending reply to client 'OK'
ptd-server 2022-07-29 08:34:25,667 [INFO] Got command from the client 'session,2022-07-29_08-12-58,stop,testing'
ptd-server 2022-07-29 08:34:35,677 [INFO] Sending to ptd: 'Stop'
ptd-server 2022-07-29 08:34:35,678 [INFO] Reply from ptd: 'Stopping untimed measurement'
ptd-server 2022-07-29 08:34:36,276 [INFO] Sending reply to client 'OK'
ptd-server 2022-07-29 08:34:36,298 [INFO] Got command from the client 'session,2022-07-29_08-12-58,done'
ptd-server 2022-07-29 08:34:36,298 [INFO] Sending to ptd: 'Stop'
ptd-server 2022-07-29 08:34:36,653 [INFO] Reply from ptd: 'Error: no measurement to stop'
ptd-server 2022-07-29 08:34:36,653 [INFO] Sending to ptd: 'SR,V,Auto'
ptd-server 2022-07-29 08:34:37,156 [INFO] Reply from ptd: 'Range V changed'
ptd-server 2022-07-29 08:34:37,156 [INFO] Sending to ptd: 'SR,A,0.500000'
ptd-server 2022-07-29 08:34:38,658 [INFO] Reply from ptd: 'Range A changed'
ptd-server 2022-07-29 08:34:38,658 [INFO] Set initial values for Amps 0.500000 and Volts Auto
ptd-server 2022-07-29 08:34:38,658 [INFO] Stopping ptd...
