client 2022-08-03 09:11:27,023 [INFO] Sending command to the server: 'mlcommons/power client v3'
client 2022-08-03 09:11:27,024 [INFO] Got response: 'mlcommons/power server v3'
client 2022-08-03 09:11:27,024 [INFO] Synchronizing with the server and with time.google.com...
client 2022-08-03 09:11:27,094 [INFO] NTP:offset = 0.006 s, delay = 0.026 s 
client 2022-08-03 09:11:27,095 [INFO] Sending command to the server: 'time'
client 2022-08-03 09:11:27,097 [INFO] Got response: '1659514287.1062593'
client 2022-08-03 09:11:27,098 [INFO] The time difference between the client and the server is within range -11.156 ms..-8.007 ms
client 2022-08-03 09:11:27,099 [INFO] Sending command to the server: 'new,,f8325d7a-2e4e-41b6-8e79-10ba34de9a9f'
client 2022-08-03 09:11:27,101 [INFO] Got response: 'OK 2022-08-03_09-11-27,0d64e2cf-9c12-4528-a570-b6a9b2d59177'
client 2022-08-03 09:11:27,102 [INFO] Session id is '2022-08-03_09-11-27'
client 2022-08-03 09:11:27,103 [INFO] Sources: {"sources": {"__init__.py": "da39a3ee5e6b4b0d3255bfef95601890afd80709", "client.py": "33ca4f26368777ac06e01f9567b714a4b8063886", "lib/__init__.py": "da39a3ee5e6b4b0d3255bfef95601890afd80709", "lib/client.py": "4c2b78fb4849a7e5b584ef792d82aaed20b17f57", "lib/common.py": "624d0c0acc7c39aaff3674f0b99d6a09da53d1dc", "lib/external/__init__.py": "da39a3ee5e6b4b0d3255bfef95601890afd80709", "lib/external/ntplib.py": "4da8f970656505a40483206ef2b5d3dd5e81711d", "lib/server.py": "cda0cdfaee9bfa1249c64a7dd4f89b7bf1b279f0", "lib/source_hashes.py": "60a2e02193209e8d392803326208d5466342da18", "lib/summary.py": "aa92f0a3f975eecd44d3c0cd0236342ccc9f941d", "lib/time_sync.py": "3210db56eb0ff0df57bf4293dc4d4b03fffd46f1", "server.py": "c3f90f2f7eeb4db30727556d0c815ebc89b3d28b", "tests/unit/__init__.py": "da39a3ee5e6b4b0d3255bfef95601890afd80709", "tests/unit/test_server.py": "99ae15aef722f2000ee6ed1ae1523637bf1ae42b", "tests/unit/test_source_hashes.py": "00468a2907583c593e6574a1f6b404e4651c221a"}, "modules": {"ptd_client_server.lib.client": "lib/client.py", "ptd_client_server.lib.common": "lib/common.py", "ptd_client_server.lib.external.ntplib": "lib/external/ntplib.py", "ptd_client_server.lib.source_hashes": "lib/source_hashes.py", "ptd_client_server.lib.summary": "lib/summary.py", "ptd_client_server.lib.time_sync": "lib/time_sync.py"}}
client 2022-08-03 09:11:27,104 [INFO] Running workload in ranging mode
client 2022-08-03 09:11:27,104 [INFO] Synchronizing with the server and with time.google.com...
client 2022-08-03 09:11:27,134 [INFO] NTP:offset = 0.006 s, delay = 0.022 s 
client 2022-08-03 09:11:27,134 [INFO] Sending command to the server: 'time'
client 2022-08-03 09:11:27,136 [INFO] Got response: '1659514287.145492'
client 2022-08-03 09:11:27,136 [INFO] The time difference between the client and the server is within range -10.942 ms..-9.065 ms
client 2022-08-03 09:11:27,136 [INFO] Sending command to the server: 'session,2022-08-03_09-11-27,start,ranging'
client 2022-08-03 09:11:55,337 [INFO] Got response: 'OK'
client 2022-08-03 09:11:55,338 [INFO] Running the workload 'ck benchmark program:image-classification-armnn-tflite-loadgen --env.CK_SILENT_MODE=YES --skip_print_timers --dep_add_tags.compiler=gcc,v7 --dep_add_tags.python=v3 --dep_add_tags.mlperf-inference-src=r2.1 --dep_add_tags.weights=resnet50 --dep_add_tags.images=crop.875,preprocessed,using-opencv --dep_add_tags.library=armnn,rel.22.05,neon --env.CK_LOADGEN_DATASET_SIZE=1024 --env.USE_NEON=1 --env.USE_OPENCL=0 --env.CK_LOADGEN_MODE=PerformanceOnly --env.CK_LOADGEN_SCENARIO=SingleStream --env.CK_LOADGEN_TARGET_LATENCY=82 --skip_stat_analysis --process_multi_keys --repetitions=1 --record --record_repo=local --record_uoa=mlperf_v2.1-closed-xavier-armnn-v22.05-neon-resnet50-singlestream-performance-target_latency.82-power.workload --tags=mlperf,round.v2.1,division.closed,task.image-classification,platform.xavier,scenario.singlestream,mode.performance,workload.resnet50,preprocessed_using.opencv,inference_engine.armnn,inference_engine_version.v22.05,inference_engine_backend.neon,target_latency.82,power.workload "@@@{\'meta\': {\'ck_benchmark_program\': \'ck benchmark program:image-classification-armnn-tflite-loadgen --env.CK_SILENT_MODE=YES --skip_print_timers --dep_add_tags.compiler=gcc,v7 --dep_add_tags.python=v3 --dep_add_tags.mlperf-inference-src=r2.1 --dep_add_tags.weights=resnet50 --dep_add_tags.images=crop.875,preprocessed,using-opencv --dep_add_tags.library=armnn,rel.22.05,neon --env.CK_LOADGEN_DATASET_SIZE=1024 --env.USE_NEON=1 --env.USE_OPENCL=0 --env.CK_LOADGEN_MODE=PerformanceOnly --env.CK_LOADGEN_SCENARIO=SingleStream --env.CK_LOADGEN_TARGET_LATENCY=82 --skip_stat_analysis --process_multi_keys --repetitions=1 --record --record_repo=local --record_uoa=mlperf_v2.1-closed-xavier-armnn-v22.05-neon-resnet50-singlestream-performance-target_latency.82-power.workload --tags=mlperf,round.v2.1,division.closed,task.image-classification,platform.xavier,scenario.singlestream,mode.performance,workload.resnet50,preprocessed_using.opencv,inference_engine.armnn,inference_engine_version.v22.05,inference_engine_backend.neon,target_latency.82,power.workload\'}}" && cat `ck find program:image-classification-armnn-tflite-loadgen`/tmp/mlperf_log_summary.txt && mkdir -p "$CK_MLPERF_POWER_CLIENT_LOADGEN_LOGS" && cp "$CK_MLPERF_POWER_CLIENT_LOADGEN_LOGS"/../mlperf_log_* "$CK_MLPERF_POWER_CLIENT_LOADGEN_LOGS"/'
client 2022-08-03 09:22:17,281 [INFO] Sending command to the server: 'session,2022-08-03_09-11-27,stop,ranging'
client 2022-08-03 09:22:28,874 [INFO] Got response: 'OK'
client 2022-08-03 09:22:28,908 [INFO] Copying loadgen logs from '/home/yvan/CK/ck-mlperf/program/image-classification-armnn-tflite-loadgen/tmp/loadgen_logs' to '/home/yvan/CK/ck-mlperf/program/mlperf-power-client/tmp/2022-08-03_09-11-27/ranging'
client 2022-08-03 09:22:28,910 [INFO] Running workload in testing mode
client 2022-08-03 09:22:28,910 [INFO] Synchronizing with the server and with time.google.com...
client 2022-08-03 09:22:28,936 [INFO] NTP:offset = -0.090 s, delay = 0.022 s 
client 2022-08-03 09:22:28,936 [INFO] Sending command to the server: 'time'
client 2022-08-03 09:22:28,938 [INFO] Got response: '1659514948.8524902'
client 2022-08-03 09:22:28,938 [INFO] The time difference between the client and the server is within range 84.279 ms..86.024 ms
client 2022-08-03 09:22:28,939 [INFO] Sending command to the server: 'session,2022-08-03_09-11-27,start,testing'
client 2022-08-03 09:22:41,961 [INFO] Got response: 'OK'
client 2022-08-03 09:22:41,962 [INFO] Running the workload 'ck benchmark program:image-classification-armnn-tflite-loadgen --env.CK_SILENT_MODE=YES --skip_print_timers --dep_add_tags.compiler=gcc,v7 --dep_add_tags.python=v3 --dep_add_tags.mlperf-inference-src=r2.1 --dep_add_tags.weights=resnet50 --dep_add_tags.images=crop.875,preprocessed,using-opencv --dep_add_tags.library=armnn,rel.22.05,neon --env.CK_LOADGEN_DATASET_SIZE=1024 --env.USE_NEON=1 --env.USE_OPENCL=0 --env.CK_LOADGEN_MODE=PerformanceOnly --env.CK_LOADGEN_SCENARIO=SingleStream --env.CK_LOADGEN_TARGET_LATENCY=82 --skip_stat_analysis --process_multi_keys --repetitions=1 --record --record_repo=local --record_uoa=mlperf_v2.1-closed-xavier-armnn-v22.05-neon-resnet50-singlestream-performance-target_latency.82-power.workload --tags=mlperf,round.v2.1,division.closed,task.image-classification,platform.xavier,scenario.singlestream,mode.performance,workload.resnet50,preprocessed_using.opencv,inference_engine.armnn,inference_engine_version.v22.05,inference_engine_backend.neon,target_latency.82,power.workload "@@@{\'meta\': {\'ck_benchmark_program\': \'ck benchmark program:image-classification-armnn-tflite-loadgen --env.CK_SILENT_MODE=YES --skip_print_timers --dep_add_tags.compiler=gcc,v7 --dep_add_tags.python=v3 --dep_add_tags.mlperf-inference-src=r2.1 --dep_add_tags.weights=resnet50 --dep_add_tags.images=crop.875,preprocessed,using-opencv --dep_add_tags.library=armnn,rel.22.05,neon --env.CK_LOADGEN_DATASET_SIZE=1024 --env.USE_NEON=1 --env.USE_OPENCL=0 --env.CK_LOADGEN_MODE=PerformanceOnly --env.CK_LOADGEN_SCENARIO=SingleStream --env.CK_LOADGEN_TARGET_LATENCY=82 --skip_stat_analysis --process_multi_keys --repetitions=1 --record --record_repo=local --record_uoa=mlperf_v2.1-closed-xavier-armnn-v22.05-neon-resnet50-singlestream-performance-target_latency.82-power.workload --tags=mlperf,round.v2.1,division.closed,task.image-classification,platform.xavier,scenario.singlestream,mode.performance,workload.resnet50,preprocessed_using.opencv,inference_engine.armnn,inference_engine_version.v22.05,inference_engine_backend.neon,target_latency.82,power.workload\'}}" && cat `ck find program:image-classification-armnn-tflite-loadgen`/tmp/mlperf_log_summary.txt && mkdir -p "$CK_MLPERF_POWER_CLIENT_LOADGEN_LOGS" && cp "$CK_MLPERF_POWER_CLIENT_LOADGEN_LOGS"/../mlperf_log_* "$CK_MLPERF_POWER_CLIENT_LOADGEN_LOGS"/'
client 2022-08-03 09:32:58,254 [INFO] Sending command to the server: 'session,2022-08-03_09-11-27,stop,testing'
client 2022-08-03 09:33:09,076 [INFO] Got response: 'OK'
client 2022-08-03 09:33:09,084 [INFO] Copying loadgen logs from '/home/yvan/CK/ck-mlperf/program/image-classification-armnn-tflite-loadgen/tmp/loadgen_logs' to '/home/yvan/CK/ck-mlperf/program/mlperf-power-client/tmp/2022-08-03_09-11-27/run_1'
client 2022-08-03 09:33:09,087 [INFO] Done runs
