ptd-server 2022-08-03 11:46:21,941 [INFO] Got command from the client 'time'
ptd-server 2022-08-03 11:46:21,941 [INFO] Sending reply to client '1659523581.9414332'
ptd-server 2022-08-03 11:46:21,942 [INFO] Got command from the client 'new,,63bd2db5-4fbd-4cf3-a11b-e04764c55fc0'
ptd-server 2022-08-03 11:46:21,943 [INFO] Sending reply to client 'OK 2022-08-03_11-46-21,8e5e1124-d3b5-4448-80c2-83ff10f5ab02'
ptd-server 2022-08-03 11:46:21,975 [INFO] Got command from the client 'time'
ptd-server 2022-08-03 11:46:21,975 [INFO] Sending reply to client '1659523581.9754343'
ptd-server 2022-08-03 11:46:21,976 [INFO] Got command from the client 'session,2022-08-03_11-46-21,start,ranging'
ptd-server 2022-08-03 11:46:21,976 [INFO] Running PTDaemon: ['/home/anton/projects/mlperf/power/inference_v1.0/ptd-linux-x86', '-l', '/tmp/tmp7lgbo8s4/ptd_logfile.txt', '-p', '8888', '49', '/dev/usbtmc0']
ptd-server 2022-08-03 11:46:39,151 [INFO] Sending to ptd: 'Hello'
ptd-server 2022-08-03 11:46:39,151 [INFO] Reply from ptd: 'Hello, PTDaemon here!'
ptd-server 2022-08-03 11:46:39,151 [INFO] Sending to ptd: 'Identify'
ptd-server 2022-08-03 11:46:39,152 [INFO] Reply from ptd: 'YokogawaWT310E,1000,1,1,1,1,0,1,1,version=1.9.2-e8c7a49a-20201208,OS=Linux 5.13.0-52-generic #59~20.04.1-Ubuntu SMP Thu Jun 16 21:21:28 UTC 2022 x86_64,mode=power,1,1,1,0,0,no_cal_date,YOKOGAWA;WT310E;C3XA04010E;F1.04'
ptd-server 2022-08-03 11:46:39,152 [INFO] Connected to PTDaemon
ptd-server 2022-08-03 11:46:39,152 [INFO] Sending to ptd: 'RR'
ptd-server 2022-08-03 11:46:39,152 [INFO] Reply from ptd: 'Ranges,0,0.500000,1,300.000000'
ptd-server 2022-08-03 11:46:39,153 [INFO] Initial range for Amps is 0.500000 for Volts is Auto
ptd-server 2022-08-03 11:46:39,153 [INFO] Sending to ptd: 'SR,V,Auto'
ptd-server 2022-08-03 11:46:39,655 [INFO] Reply from ptd: 'Range V changed'
ptd-server 2022-08-03 11:46:39,655 [INFO] Sending to ptd: 'SR,A,Auto'
ptd-server 2022-08-03 11:46:40,158 [INFO] Reply from ptd: 'Range A changed'
ptd-server 2022-08-03 11:46:50,168 [INFO] Starting ranging mode
ptd-server 2022-08-03 11:46:50,168 [INFO] Sending to ptd: 'Go,1000,0,2022-08-03_11-46-21_ranging'
ptd-server 2022-08-03 11:46:50,169 [INFO] Reply from ptd: 'Starting untimed measurement, maximum 500000 samples at 1000ms with 0 rampup samples'
ptd-server 2022-08-03 11:46:50,169 [INFO] Sending reply to client 'OK'
ptd-server 2022-08-03 11:57:10,895 [INFO] Got command from the client 'session,2022-08-03_11-46-21,stop,ranging'
ptd-server 2022-08-03 11:57:20,905 [INFO] Sending to ptd: 'Stop'
ptd-server 2022-08-03 11:57:20,906 [INFO] Reply from ptd: 'Stopping untimed measurement'
ptd-server 2022-08-03 11:57:22,520 [INFO] Sending reply to client 'OK'
ptd-server 2022-08-03 11:57:22,554 [INFO] Got command from the client 'time'
ptd-server 2022-08-03 11:57:22,554 [INFO] Sending reply to client '1659524242.5548265'
ptd-server 2022-08-03 11:57:22,556 [INFO] Got command from the client 'session,2022-08-03_11-46-21,start,testing'
ptd-server 2022-08-03 11:57:22,556 [INFO] Sending to ptd: 'SR,V,251.050000'
ptd-server 2022-08-03 11:57:24,058 [INFO] Reply from ptd: 'Range V changed'
ptd-server 2022-08-03 11:57:24,058 [INFO] Sending to ptd: 'SR,A,0.048690'
ptd-server 2022-08-03 11:57:25,559 [INFO] Reply from ptd: 'Range A changed'
ptd-server 2022-08-03 11:57:35,569 [INFO] Starting testing mode
ptd-server 2022-08-03 11:57:35,570 [INFO] Sending to ptd: 'Go,1000,0,2022-08-03_11-46-21_testing'
ptd-server 2022-08-03 11:57:35,570 [INFO] Reply from ptd: 'Starting untimed measurement, maximum 500000 samples at 1000ms with 0 rampup samples'
ptd-server 2022-08-03 11:57:35,570 [INFO] Sending reply to client 'OK'
ptd-server 2022-08-03 12:07:56,033 [INFO] Got command from the client 'session,2022-08-03_11-46-21,stop,testing'
ptd-server 2022-08-03 12:08:06,043 [INFO] Sending to ptd: 'Stop'
ptd-server 2022-08-03 12:08:06,044 [INFO] Reply from ptd: 'Stopping untimed measurement'
ptd-server 2022-08-03 12:08:06,854 [INFO] Sending reply to client 'OK'
ptd-server 2022-08-03 12:08:06,861 [INFO] Got command from the client 'session,2022-08-03_11-46-21,done'
ptd-server 2022-08-03 12:08:06,861 [INFO] Sending to ptd: 'Stop'
ptd-server 2022-08-03 12:08:06,861 [INFO] Reply from ptd: 'Error: no measurement to stop'
ptd-server 2022-08-03 12:08:06,861 [INFO] Sending to ptd: 'SR,V,Auto'
ptd-server 2022-08-03 12:08:07,364 [INFO] Reply from ptd: 'Range V changed'
ptd-server 2022-08-03 12:08:07,364 [INFO] Sending to ptd: 'SR,A,0.500000'
ptd-server 2022-08-03 12:08:08,865 [INFO] Reply from ptd: 'Range A changed'
ptd-server 2022-08-03 12:08:08,865 [INFO] Set initial values for Amps 0.500000 and Volts Auto
ptd-server 2022-08-03 12:08:08,865 [INFO] Stopping ptd...
