ptd-server 2022-08-02 20:49:12,540 [INFO] Got command from the client 'time'
ptd-server 2022-08-02 20:49:12,540 [INFO] Sending reply to client '1659491352.540677'
ptd-server 2022-08-02 20:49:12,542 [INFO] Got command from the client 'new,,fc3f73b6-3656-492d-a17f-a2374567e990'
ptd-server 2022-08-02 20:49:12,543 [INFO] Sending reply to client 'OK 2022-08-02_20-49-12,c196548c-800e-496c-a7e9-95c456df4dec'
ptd-server 2022-08-02 20:49:12,708 [INFO] Got command from the client 'time'
ptd-server 2022-08-02 20:49:12,709 [INFO] Sending reply to client '1659491352.7091923'
ptd-server 2022-08-02 20:49:12,711 [INFO] Got command from the client 'session,2022-08-02_20-49-12,start,ranging'
ptd-server 2022-08-02 20:49:12,711 [INFO] Running PTDaemon: ['/local/mnt/workspace/mlcommons/power-main/inference_v1.0/ptd-linux-x86', '-l', '/tmp/tmp9557c5cm/ptd_logfile.txt', '-p', '8888', '-c', '3', '52', '/dev/usbtmc0']
ptd-server 2022-08-02 20:49:29,818 [INFO] Sending to ptd: 'Hello'
ptd-server 2022-08-02 20:49:29,818 [INFO] Reply from ptd: 'Hello, PTDaemon here!'
ptd-server 2022-08-02 20:49:29,818 [INFO] Sending to ptd: 'Identify'
ptd-server 2022-08-02 20:49:29,818 [INFO] Reply from ptd: 'YokogawaWT330,1000,1,1,1,1,0,0,1,version=1.9.2-e8c7a49a-20201208,OS=Linux 5.4.0-120-generic #136~18.04.1-Ubuntu SMP Fri Jun 10 18:00:44 UTC 2022 x86_64,mode=power,1,1,1,0,0,no_cal_date,YOKOGAWA;WT333;C2QH26002V;F1.06'
ptd-server 2022-08-02 20:49:29,819 [INFO] Connected to PTDaemon
ptd-server 2022-08-02 20:49:29,819 [INFO] Sending to ptd: 'RR'
ptd-server 2022-08-02 20:49:29,819 [INFO] Reply from ptd: 'Ranges,1,0.500000,1,150.000000'
ptd-server 2022-08-02 20:49:29,819 [INFO] Initial range for Amps is Auto for Volts is Auto
ptd-server 2022-08-02 20:49:29,819 [INFO] Sending to ptd: 'SR,V,Auto'
ptd-server 2022-08-02 20:49:30,321 [INFO] Reply from ptd: 'Range V changed'
ptd-server 2022-08-02 20:49:30,321 [INFO] Sending to ptd: 'SR,A,Auto'
ptd-server 2022-08-02 20:49:30,824 [INFO] Reply from ptd: 'Range A changed'
ptd-server 2022-08-02 20:49:40,835 [INFO] Starting ranging mode
ptd-server 2022-08-02 20:49:40,835 [INFO] Sending to ptd: 'Go,1000,0,2022-08-02_20-49-12_ranging'
ptd-server 2022-08-02 20:49:40,835 [INFO] Reply from ptd: 'Starting untimed measurement, maximum 500000 samples at 1000ms with 0 rampup samples'
ptd-server 2022-08-02 20:49:40,836 [INFO] Sending reply to client 'OK'
ptd-server 2022-08-02 21:00:47,054 [INFO] Got command from the client 'session,2022-08-02_20-49-12,stop,ranging'
ptd-server 2022-08-02 21:00:57,055 [INFO] Sending to ptd: 'Stop'
ptd-server 2022-08-02 21:00:57,055 [INFO] Reply from ptd: 'Stopping untimed measurement'
ptd-server 2022-08-02 21:00:57,067 [INFO] Sending reply to client 'OK'
ptd-server 2022-08-02 21:00:57,290 [INFO] Got command from the client 'time'
ptd-server 2022-08-02 21:00:57,290 [INFO] Sending reply to client '1659492057.2904294'
ptd-server 2022-08-02 21:00:57,294 [INFO] Got command from the client 'session,2022-08-02_20-49-12,start,testing'
ptd-server 2022-08-02 21:00:57,294 [INFO] Sending to ptd: 'SR,V,121.710000'
ptd-server 2022-08-02 21:00:59,338 [INFO] Reply from ptd: 'Range V changed'
ptd-server 2022-08-02 21:00:59,338 [INFO] Sending to ptd: 'SR,A,0.437700'
ptd-server 2022-08-02 21:01:00,840 [INFO] Reply from ptd: 'Range A changed'
ptd-server 2022-08-02 21:01:10,851 [INFO] Starting testing mode
ptd-server 2022-08-02 21:01:10,851 [INFO] Sending to ptd: 'Go,1000,0,2022-08-02_20-49-12_testing'
ptd-server 2022-08-02 21:01:10,852 [INFO] Reply from ptd: 'Starting untimed measurement, maximum 500000 samples at 1000ms with 0 rampup samples'
ptd-server 2022-08-02 21:01:10,852 [INFO] Sending reply to client 'OK'
ptd-server 2022-08-02 21:12:15,972 [INFO] Got command from the client 'session,2022-08-02_20-49-12,stop,testing'
ptd-server 2022-08-02 21:12:25,978 [INFO] Sending to ptd: 'Stop'
ptd-server 2022-08-02 21:12:25,979 [INFO] Reply from ptd: 'Stopping untimed measurement'
ptd-server 2022-08-02 21:12:25,984 [INFO] Sending reply to client 'OK'
ptd-server 2022-08-02 21:12:26,020 [INFO] Got command from the client 'session,2022-08-02_20-49-12,done'
ptd-server 2022-08-02 21:12:26,020 [INFO] Sending to ptd: 'Stop'
ptd-server 2022-08-02 21:12:26,852 [INFO] Reply from ptd: 'Error: no measurement to stop'
ptd-server 2022-08-02 21:12:26,852 [INFO] Sending to ptd: 'SR,V,Auto'
ptd-server 2022-08-02 21:12:27,356 [INFO] Reply from ptd: 'Range V changed'
ptd-server 2022-08-02 21:12:27,356 [INFO] Sending to ptd: 'SR,A,Auto'
ptd-server 2022-08-02 21:12:27,859 [INFO] Reply from ptd: 'Range A changed'
ptd-server 2022-08-02 21:12:27,859 [INFO] Set initial values for Amps Auto and Volts Auto
ptd-server 2022-08-02 21:12:27,860 [INFO] Stopping ptd...
