ptd-server 2022-08-03 21:05:42,130 [INFO] Got command from the client 'time'
ptd-server 2022-08-03 21:05:42,130 [INFO] Sending reply to client '1659528342.1309137'
ptd-server 2022-08-03 21:05:42,130 [INFO] Got command from the client 'new,,7540a16f-3358-4aec-abae-7ad211418339'
ptd-server 2022-08-03 21:05:42,130 [INFO] Sending reply to client 'OK 2022-08-03_21-05-42,fd252b0d-3859-4d0d-a6cf-017d919153f0'
ptd-server 2022-08-03 21:05:42,146 [INFO] Got command from the client 'time'
ptd-server 2022-08-03 21:05:42,146 [INFO] Sending reply to client '1659528342.146499'
ptd-server 2022-08-03 21:05:42,146 [INFO] Got command from the client 'session,2022-08-03_21-05-42,start,ranging'
ptd-server 2022-08-03 21:05:42,271 [INFO] Running PTDaemon: ['C:\\mlperf\\power\\inference_v1.0\\ptd-windows-x86.exe', '-l', 'C:\\Users\\mlperf\\AppData\\Local\\Temp\\tmpfzrz1615\\ptd_logfile.txt', '-p', '8888', '-y', '49', 'C3YB05015E']
ptd-server 2022-08-03 21:06:00,995 [INFO] Sending to ptd: 'Hello'
ptd-server 2022-08-03 21:06:00,995 [INFO] Reply from ptd: 'Hello, PTDaemon here!'
ptd-server 2022-08-03 21:06:00,995 [INFO] Sending to ptd: 'Identify'
ptd-server 2022-08-03 21:06:00,995 [INFO] Reply from ptd: 'YokogawaWT310E,1000,1,1,1,1,0,1,1,version=1.9.2-3976349f-20201208,OS=Windows 8 / Server 2012,mode=power,1,1,1,0,0,no_cal_date,YOKOGAWA;WT310E;C3YB05015E;F1.04'
ptd-server 2022-08-03 21:06:00,995 [INFO] Connected to PTDaemon
ptd-server 2022-08-03 21:06:00,995 [INFO] Sending to ptd: 'RR'
ptd-server 2022-08-03 21:06:00,995 [INFO] Reply from ptd: 'Ranges,1,20.000000,1,300.000000'
ptd-server 2022-08-03 21:06:00,995 [INFO] Initial range for Amps is Auto for Volts is Auto
ptd-server 2022-08-03 21:06:00,995 [INFO] Sending to ptd: 'SR,V,Auto'
ptd-server 2022-08-03 21:06:01,510 [INFO] Reply from ptd: 'Range V changed'
ptd-server 2022-08-03 21:06:01,510 [INFO] Sending to ptd: 'SR,A,Auto'
ptd-server 2022-08-03 21:06:02,026 [INFO] Reply from ptd: 'Range A changed'
ptd-server 2022-08-03 21:06:12,041 [INFO] Starting ranging mode
ptd-server 2022-08-03 21:06:12,041 [INFO] Sending to ptd: 'Go,1000,0,2022-08-03_21-05-42_ranging'
ptd-server 2022-08-03 21:06:12,041 [INFO] Reply from ptd: 'Starting untimed measurement, maximum 500000 samples at 1000ms with 0 rampup samples'
ptd-server 2022-08-03 21:06:12,041 [INFO] Sending reply to client 'OK'
ptd-server 2022-08-03 21:18:09,150 [INFO] Got command from the client 'session,2022-08-03_21-05-42,stop,ranging'
ptd-server 2022-08-03 21:18:19,165 [INFO] Sending to ptd: 'Stop'
ptd-server 2022-08-03 21:18:19,165 [INFO] Reply from ptd: 'Stopping untimed measurement'
ptd-server 2022-08-03 21:18:19,259 [INFO] Sending reply to client 'OK'
ptd-server 2022-08-03 21:18:19,290 [INFO] Got command from the client 'time'
ptd-server 2022-08-03 21:18:19,290 [INFO] Sending reply to client '1659529099.29076'
ptd-server 2022-08-03 21:18:19,290 [INFO] Got command from the client 'session,2022-08-03_21-05-42,start,testing'
ptd-server 2022-08-03 21:18:19,290 [INFO] Sending to ptd: 'SR,V,201.950000'
ptd-server 2022-08-03 21:18:21,588 [INFO] Reply from ptd: 'Range V changed'
ptd-server 2022-08-03 21:18:21,588 [INFO] Sending to ptd: 'SR,A,16.921000'
ptd-server 2022-08-03 21:18:23,120 [INFO] Reply from ptd: 'Range A changed'
ptd-server 2022-08-03 21:18:33,135 [INFO] Starting testing mode
ptd-server 2022-08-03 21:18:33,135 [INFO] Sending to ptd: 'Go,1000,0,2022-08-03_21-05-42_testing'
ptd-server 2022-08-03 21:18:33,135 [INFO] Reply from ptd: 'Starting untimed measurement, maximum 500000 samples at 1000ms with 0 rampup samples'
ptd-server 2022-08-03 21:18:33,135 [INFO] Sending reply to client 'OK'
ptd-server 2022-08-03 21:30:30,213 [INFO] Got command from the client 'session,2022-08-03_21-05-42,stop,testing'
ptd-server 2022-08-03 21:30:40,228 [INFO] Sending to ptd: 'Stop'
ptd-server 2022-08-03 21:30:40,228 [INFO] Reply from ptd: 'Stopping untimed measurement'
ptd-server 2022-08-03 21:30:40,447 [INFO] Sending reply to client 'OK'
ptd-server 2022-08-03 21:30:40,463 [INFO] Got command from the client 'session,2022-08-03_21-05-42,done'
ptd-server 2022-08-03 21:30:40,463 [INFO] Sending to ptd: 'Stop'
ptd-server 2022-08-03 21:30:41,150 [INFO] Reply from ptd: 'Error: no measurement to stop'
ptd-server 2022-08-03 21:30:41,150 [INFO] Sending to ptd: 'SR,V,Auto'
ptd-server 2022-08-03 21:30:41,666 [INFO] Reply from ptd: 'Range V changed'
ptd-server 2022-08-03 21:30:41,666 [INFO] Sending to ptd: 'SR,A,Auto'
ptd-server 2022-08-03 21:30:42,182 [INFO] Reply from ptd: 'Range A changed'
ptd-server 2022-08-03 21:30:42,182 [INFO] Set initial values for Amps Auto and Volts Auto
ptd-server 2022-08-03 21:30:42,182 [INFO] Stopping ptd...
