ptd-server 2022-08-02 11:09:00,031 [INFO] Got command from the client 'time'
ptd-server 2022-08-02 11:09:00,032 [INFO] Sending reply to client '1659434940.032104'
ptd-server 2022-08-02 11:09:00,032 [INFO] Got command from the client 'new,,0cb2ac5c-f663-4278-b1de-3ffffcd7109e'
ptd-server 2022-08-02 11:09:00,033 [INFO] Sending reply to client 'OK 2022-08-02_11-09-00,0fc277c8-676d-4aca-b29e-9da226eedb96'
ptd-server 2022-08-02 11:09:00,061 [INFO] Got command from the client 'time'
ptd-server 2022-08-02 11:09:00,062 [INFO] Sending reply to client '1659434940.062075'
ptd-server 2022-08-02 11:09:00,062 [INFO] Got command from the client 'session,2022-08-02_11-09-00,start,ranging'
ptd-server 2022-08-02 11:09:00,063 [INFO] Running PTDaemon: ['/home/anton/projects/mlperf/power/inference_v1.0/ptd-linux-x86', '-l', '/tmp/tmp7lgbo8s4/ptd_logfile.txt', '-p', '8888', '49', '/dev/usbtmc0']
ptd-server 2022-08-02 11:09:17,237 [INFO] Sending to ptd: 'Hello'
ptd-server 2022-08-02 11:09:17,237 [INFO] Reply from ptd: 'Hello, PTDaemon here!'
ptd-server 2022-08-02 11:09:17,238 [INFO] Sending to ptd: 'Identify'
ptd-server 2022-08-02 11:09:17,238 [INFO] Reply from ptd: 'YokogawaWT310E,1000,1,1,1,1,0,1,1,version=1.9.2-e8c7a49a-20201208,OS=Linux 5.13.0-52-generic #59~20.04.1-Ubuntu SMP Thu Jun 16 21:21:28 UTC 2022 x86_64,mode=power,1,1,1,0,0,no_cal_date,YOKOGAWA;WT310E;C3XA04010E;F1.04'
ptd-server 2022-08-02 11:09:17,238 [INFO] Connected to PTDaemon
ptd-server 2022-08-02 11:09:17,238 [INFO] Sending to ptd: 'RR'
ptd-server 2022-08-02 11:09:17,239 [INFO] Reply from ptd: 'Ranges,0,0.500000,1,300.000000'
ptd-server 2022-08-02 11:09:17,239 [INFO] Initial range for Amps is 0.500000 for Volts is Auto
ptd-server 2022-08-02 11:09:17,239 [INFO] Sending to ptd: 'SR,V,Auto'
ptd-server 2022-08-02 11:09:17,741 [INFO] Reply from ptd: 'Range V changed'
ptd-server 2022-08-02 11:09:17,742 [INFO] Sending to ptd: 'SR,A,Auto'
ptd-server 2022-08-02 11:09:18,244 [INFO] Reply from ptd: 'Range A changed'
ptd-server 2022-08-02 11:09:28,254 [INFO] Starting ranging mode
ptd-server 2022-08-02 11:09:28,255 [INFO] Sending to ptd: 'Go,1000,0,2022-08-02_11-09-00_ranging'
ptd-server 2022-08-02 11:09:28,255 [INFO] Reply from ptd: 'Starting untimed measurement, maximum 500000 samples at 1000ms with 0 rampup samples'
ptd-server 2022-08-02 11:09:28,255 [INFO] Sending reply to client 'OK'
ptd-server 2022-08-02 11:19:39,632 [INFO] Got command from the client 'session,2022-08-02_11-09-00,stop,ranging'
ptd-server 2022-08-02 11:19:49,643 [INFO] Sending to ptd: 'Stop'
ptd-server 2022-08-02 11:19:49,643 [INFO] Reply from ptd: 'Stopping untimed measurement'
ptd-server 2022-08-02 11:19:51,131 [INFO] Sending reply to client 'OK'
ptd-server 2022-08-02 11:19:51,188 [INFO] Got command from the client 'time'
ptd-server 2022-08-02 11:19:51,188 [INFO] Sending reply to client '1659435591.1884842'
ptd-server 2022-08-02 11:19:51,189 [INFO] Got command from the client 'session,2022-08-02_11-09-00,start,testing'
ptd-server 2022-08-02 11:19:51,189 [INFO] Sending to ptd: 'SR,V,250.220000'
ptd-server 2022-08-02 11:19:52,691 [INFO] Reply from ptd: 'Range V changed'
ptd-server 2022-08-02 11:19:52,691 [INFO] Sending to ptd: 'SR,A,0.202470'
ptd-server 2022-08-02 11:19:54,192 [INFO] Reply from ptd: 'Range A changed'
ptd-server 2022-08-02 11:20:04,199 [INFO] Starting testing mode
ptd-server 2022-08-02 11:20:04,199 [INFO] Sending to ptd: 'Go,1000,0,2022-08-02_11-09-00_testing'
ptd-server 2022-08-02 11:20:04,200 [INFO] Reply from ptd: 'Starting untimed measurement, maximum 500000 samples at 1000ms with 0 rampup samples'
ptd-server 2022-08-02 11:20:04,200 [INFO] Sending reply to client 'OK'
ptd-server 2022-08-02 11:30:15,587 [INFO] Got command from the client 'session,2022-08-02_11-09-00,stop,testing'
ptd-server 2022-08-02 11:30:25,598 [INFO] Sending to ptd: 'Stop'
ptd-server 2022-08-02 11:30:25,598 [INFO] Reply from ptd: 'Stopping untimed measurement'
ptd-server 2022-08-02 11:30:26,401 [INFO] Sending reply to client 'OK'
ptd-server 2022-08-02 11:30:26,416 [INFO] Got command from the client 'session,2022-08-02_11-09-00,done'
ptd-server 2022-08-02 11:30:26,416 [INFO] Sending to ptd: 'Stop'
ptd-server 2022-08-02 11:30:26,416 [INFO] Reply from ptd: 'Error: no measurement to stop'
ptd-server 2022-08-02 11:30:26,416 [INFO] Sending to ptd: 'SR,V,Auto'
ptd-server 2022-08-02 11:30:26,919 [INFO] Reply from ptd: 'Range V changed'
ptd-server 2022-08-02 11:30:26,919 [INFO] Sending to ptd: 'SR,A,0.500000'
ptd-server 2022-08-02 11:30:28,420 [INFO] Reply from ptd: 'Range A changed'
ptd-server 2022-08-02 11:30:28,421 [INFO] Set initial values for Amps 0.500000 and Volts Auto
ptd-server 2022-08-02 11:30:28,421 [INFO] Stopping ptd...
