ptd-server 2022-07-20 16:17:37,357 [INFO] Got command from the client 'time'
ptd-server 2022-07-20 16:17:37,357 [INFO] Sending reply to client '1658330257.3577838'
ptd-server 2022-07-20 16:17:37,362 [INFO] Got command from the client 'new,,21a48b32-5cc2-4f12-9868-a8a94f929091'
ptd-server 2022-07-20 16:17:37,362 [INFO] Sending reply to client 'OK 2022-07-20_16-17-37,2dbebacb-2e8a-4fc6-a482-3dd1fb19f66d'
ptd-server 2022-07-20 16:17:37,406 [INFO] Got command from the client 'time'
ptd-server 2022-07-20 16:17:37,406 [INFO] Sending reply to client '1658330257.4064019'
ptd-server 2022-07-20 16:17:37,410 [INFO] Got command from the client 'session,2022-07-20_16-17-37,start,ranging'
ptd-server 2022-07-20 16:17:37,410 [INFO] Running PTDaemon: ['/home/anton/projects/mlperf/power/inference_v1.0/ptd-linux-x86', '-l', '/tmp/tmp7lgbo8s4/ptd_logfile.txt', '-p', '8888', '49', '/dev/usbtmc0']
ptd-server 2022-07-20 16:17:54,585 [INFO] Sending to ptd: 'Hello'
ptd-server 2022-07-20 16:17:54,585 [INFO] Reply from ptd: 'Hello, PTDaemon here!'
ptd-server 2022-07-20 16:17:54,585 [INFO] Sending to ptd: 'Identify'
ptd-server 2022-07-20 16:17:54,586 [INFO] Reply from ptd: 'YokogawaWT310E,1000,1,1,1,1,0,1,1,version=1.9.2-e8c7a49a-20201208,OS=Linux 5.13.0-52-generic #59~20.04.1-Ubuntu SMP Thu Jun 16 21:21:28 UTC 2022 x86_64,mode=power,1,1,1,0,0,no_cal_date,YOKOGAWA;WT310E;C3XA04010E;F1.04'
ptd-server 2022-07-20 16:17:54,586 [INFO] Connected to PTDaemon
ptd-server 2022-07-20 16:17:54,586 [INFO] Sending to ptd: 'RR'
ptd-server 2022-07-20 16:17:54,586 [INFO] Reply from ptd: 'Ranges,0,0.500000,1,300.000000'
ptd-server 2022-07-20 16:17:54,587 [INFO] Initial range for Amps is 0.500000 for Volts is Auto
ptd-server 2022-07-20 16:17:54,587 [INFO] Sending to ptd: 'SR,V,Auto'
ptd-server 2022-07-20 16:17:55,089 [INFO] Reply from ptd: 'Range V changed'
ptd-server 2022-07-20 16:17:55,089 [INFO] Sending to ptd: 'SR,A,Auto'
ptd-server 2022-07-20 16:17:55,592 [INFO] Reply from ptd: 'Range A changed'
ptd-server 2022-07-20 16:18:05,602 [INFO] Starting ranging mode
ptd-server 2022-07-20 16:18:05,602 [INFO] Sending to ptd: 'Go,1000,0,2022-07-20_16-17-37_ranging'
ptd-server 2022-07-20 16:18:05,603 [INFO] Reply from ptd: 'Starting untimed measurement, maximum 500000 samples at 1000ms with 0 rampup samples'
ptd-server 2022-07-20 16:18:05,603 [INFO] Sending reply to client 'OK'
ptd-server 2022-07-20 16:28:24,215 [INFO] Got command from the client 'session,2022-07-20_16-17-37,stop,ranging'
ptd-server 2022-07-20 16:28:34,226 [INFO] Sending to ptd: 'Stop'
ptd-server 2022-07-20 16:28:34,226 [INFO] Reply from ptd: 'Stopping untimed measurement'
ptd-server 2022-07-20 16:28:34,477 [INFO] Sending reply to client 'OK'
ptd-server 2022-07-20 16:28:34,653 [INFO] Got command from the client 'time'
ptd-server 2022-07-20 16:28:34,653 [INFO] Sending reply to client '1658330914.6532357'
ptd-server 2022-07-20 16:28:34,657 [INFO] Got command from the client 'session,2022-07-20_16-17-37,start,testing'
ptd-server 2022-07-20 16:28:34,657 [INFO] Sending to ptd: 'SR,V,250.050000'
ptd-server 2022-07-20 16:28:36,159 [INFO] Reply from ptd: 'Range V changed'
ptd-server 2022-07-20 16:28:36,159 [INFO] Sending to ptd: 'SR,A,0.076420'
ptd-server 2022-07-20 16:28:37,660 [INFO] Reply from ptd: 'Range A changed'
ptd-server 2022-07-20 16:28:47,670 [INFO] Starting testing mode
ptd-server 2022-07-20 16:28:47,671 [INFO] Sending to ptd: 'Go,1000,0,2022-07-20_16-17-37_testing'
ptd-server 2022-07-20 16:28:47,671 [INFO] Reply from ptd: 'Starting untimed measurement, maximum 500000 samples at 1000ms with 0 rampup samples'
ptd-server 2022-07-20 16:28:47,671 [INFO] Sending reply to client 'OK'
ptd-server 2022-07-20 16:39:05,929 [INFO] Got command from the client 'session,2022-07-20_16-17-37,stop,testing'
ptd-server 2022-07-20 16:39:15,935 [INFO] Sending to ptd: 'Stop'
ptd-server 2022-07-20 16:39:15,935 [INFO] Reply from ptd: 'Stopping untimed measurement'
ptd-server 2022-07-20 16:39:16,073 [INFO] Sending reply to client 'OK'
ptd-server 2022-07-20 16:39:16,124 [INFO] Got command from the client 'session,2022-07-20_16-17-37,done'
ptd-server 2022-07-20 16:39:16,124 [INFO] Sending to ptd: 'Stop'
ptd-server 2022-07-20 16:39:16,672 [INFO] Reply from ptd: 'Error: no measurement to stop'
ptd-server 2022-07-20 16:39:16,672 [INFO] Sending to ptd: 'SR,V,Auto'
ptd-server 2022-07-20 16:39:17,175 [INFO] Reply from ptd: 'Range V changed'
ptd-server 2022-07-20 16:39:17,175 [INFO] Sending to ptd: 'SR,A,0.500000'
ptd-server 2022-07-20 16:39:18,676 [INFO] Reply from ptd: 'Range A changed'
ptd-server 2022-07-20 16:39:18,676 [INFO] Set initial values for Amps 0.500000 and Volts Auto
ptd-server 2022-07-20 16:39:18,677 [INFO] Stopping ptd...
