ptd-server 2022-07-24 06:24:16,867 [INFO] Got command from the client 'time'
ptd-server 2022-07-24 06:24:16,867 [INFO] Sending reply to client '1658640256.8676312'
ptd-server 2022-07-24 06:24:16,868 [INFO] Got command from the client 'new,,dd580cf3-3185-4717-bb32-0f193ef43839'
ptd-server 2022-07-24 06:24:16,869 [INFO] Sending reply to client 'OK 2022-07-24_06-24-16,cfa5e8dd-968f-45da-8e0b-e92faa781f16'
ptd-server 2022-07-24 06:24:16,907 [INFO] Got command from the client 'time'
ptd-server 2022-07-24 06:24:16,907 [INFO] Sending reply to client '1658640256.9074824'
ptd-server 2022-07-24 06:24:16,908 [INFO] Got command from the client 'session,2022-07-24_06-24-16,start,ranging'
ptd-server 2022-07-24 06:24:16,908 [INFO] Running PTDaemon: ['/home/anton/projects/mlperf/power/inference_v1.0/ptd-linux-x86', '-l', '/tmp/tmp7lgbo8s4/ptd_logfile.txt', '-p', '8888', '49', '/dev/usbtmc0']
ptd-server 2022-07-24 06:24:34,084 [INFO] Sending to ptd: 'Hello'
ptd-server 2022-07-24 06:24:34,084 [INFO] Reply from ptd: 'Hello, PTDaemon here!'
ptd-server 2022-07-24 06:24:34,084 [INFO] Sending to ptd: 'Identify'
ptd-server 2022-07-24 06:24:34,085 [INFO] Reply from ptd: 'YokogawaWT310E,1000,1,1,1,1,0,1,1,version=1.9.2-e8c7a49a-20201208,OS=Linux 5.13.0-52-generic #59~20.04.1-Ubuntu SMP Thu Jun 16 21:21:28 UTC 2022 x86_64,mode=power,1,1,1,0,0,no_cal_date,YOKOGAWA;WT310E;C3XA04010E;F1.04'
ptd-server 2022-07-24 06:24:34,085 [INFO] Connected to PTDaemon
ptd-server 2022-07-24 06:24:34,085 [INFO] Sending to ptd: 'RR'
ptd-server 2022-07-24 06:24:34,085 [INFO] Reply from ptd: 'Ranges,0,0.500000,1,300.000000'
ptd-server 2022-07-24 06:24:34,085 [INFO] Initial range for Amps is 0.500000 for Volts is Auto
ptd-server 2022-07-24 06:24:34,086 [INFO] Sending to ptd: 'SR,V,Auto'
ptd-server 2022-07-24 06:24:34,588 [INFO] Reply from ptd: 'Range V changed'
ptd-server 2022-07-24 06:24:34,588 [INFO] Sending to ptd: 'SR,A,Auto'
ptd-server 2022-07-24 06:24:35,091 [INFO] Reply from ptd: 'Range A changed'
ptd-server 2022-07-24 06:24:45,101 [INFO] Starting ranging mode
ptd-server 2022-07-24 06:24:45,101 [INFO] Sending to ptd: 'Go,1000,0,2022-07-24_06-24-16_ranging'
ptd-server 2022-07-24 06:24:45,101 [INFO] Reply from ptd: 'Starting untimed measurement, maximum 500000 samples at 1000ms with 0 rampup samples'
ptd-server 2022-07-24 06:24:45,102 [INFO] Sending reply to client 'OK'
ptd-server 2022-07-24 06:35:19,625 [INFO] Got command from the client 'session,2022-07-24_06-24-16,stop,ranging'
ptd-server 2022-07-24 06:35:29,636 [INFO] Sending to ptd: 'Stop'
ptd-server 2022-07-24 06:35:29,636 [INFO] Reply from ptd: 'Stopping untimed measurement'
ptd-server 2022-07-24 06:35:30,301 [INFO] Sending reply to client 'OK'
ptd-server 2022-07-24 06:35:30,339 [INFO] Got command from the client 'time'
ptd-server 2022-07-24 06:35:30,339 [INFO] Sending reply to client '1658640930.3395915'
ptd-server 2022-07-24 06:35:30,340 [INFO] Got command from the client 'session,2022-07-24_06-24-16,start,testing'
ptd-server 2022-07-24 06:35:30,340 [INFO] Sending to ptd: 'SR,V,249.330000'
ptd-server 2022-07-24 06:35:31,842 [INFO] Reply from ptd: 'Range V changed'
ptd-server 2022-07-24 06:35:31,842 [INFO] Sending to ptd: 'SR,A,0.052310'
ptd-server 2022-07-24 06:35:33,343 [INFO] Reply from ptd: 'Range A changed'
ptd-server 2022-07-24 06:35:43,353 [INFO] Starting testing mode
ptd-server 2022-07-24 06:35:43,354 [INFO] Sending to ptd: 'Go,1000,0,2022-07-24_06-24-16_testing'
ptd-server 2022-07-24 06:35:43,354 [INFO] Reply from ptd: 'Starting untimed measurement, maximum 500000 samples at 1000ms with 0 rampup samples'
ptd-server 2022-07-24 06:35:43,354 [INFO] Sending reply to client 'OK'
ptd-server 2022-07-24 06:46:17,936 [INFO] Got command from the client 'session,2022-07-24_06-24-16,stop,testing'
ptd-server 2022-07-24 06:46:27,946 [INFO] Sending to ptd: 'Stop'
ptd-server 2022-07-24 06:46:27,947 [INFO] Reply from ptd: 'Stopping untimed measurement'
ptd-server 2022-07-24 06:46:28,285 [INFO] Sending reply to client 'OK'
ptd-server 2022-07-24 06:46:28,293 [INFO] Got command from the client 'session,2022-07-24_06-24-16,done'
ptd-server 2022-07-24 06:46:28,293 [INFO] Sending to ptd: 'Stop'
ptd-server 2022-07-24 06:46:28,355 [INFO] Reply from ptd: 'Error: no measurement to stop'
ptd-server 2022-07-24 06:46:28,355 [INFO] Sending to ptd: 'SR,V,Auto'
ptd-server 2022-07-24 06:46:28,857 [INFO] Reply from ptd: 'Range V changed'
ptd-server 2022-07-24 06:46:28,858 [INFO] Sending to ptd: 'SR,A,0.500000'
ptd-server 2022-07-24 06:46:30,359 [INFO] Reply from ptd: 'Range A changed'
ptd-server 2022-07-24 06:46:30,359 [INFO] Set initial values for Amps 0.500000 and Volts Auto
ptd-server 2022-07-24 06:46:30,359 [INFO] Stopping ptd...
