ptd-server 2022-08-02 08:37:50,779 [INFO] Got command from the client 'time'
ptd-server 2022-08-02 08:37:50,779 [INFO] Sending reply to client '1659425870.7794795'
ptd-server 2022-08-02 08:37:50,780 [INFO] Got command from the client 'new,,d76e9de4-e119-45d9-9f25-35f54f496355'
ptd-server 2022-08-02 08:37:50,780 [INFO] Sending reply to client 'OK 2022-08-02_08-37-50,13f861e1-d082-47df-9fdc-9ca4803cc83d'
ptd-server 2022-08-02 08:37:50,810 [INFO] Got command from the client 'time'
ptd-server 2022-08-02 08:37:50,810 [INFO] Sending reply to client '1659425870.8109634'
ptd-server 2022-08-02 08:37:50,811 [INFO] Got command from the client 'session,2022-08-02_08-37-50,start,ranging'
ptd-server 2022-08-02 08:37:50,812 [INFO] Running PTDaemon: ['/home/anton/projects/mlperf/power/inference_v1.0/ptd-linux-x86', '-l', '/tmp/tmp7lgbo8s4/ptd_logfile.txt', '-p', '8888', '49', '/dev/usbtmc0']
ptd-server 2022-08-02 08:38:07,986 [INFO] Sending to ptd: 'Hello'
ptd-server 2022-08-02 08:38:07,987 [INFO] Reply from ptd: 'Hello, PTDaemon here!'
ptd-server 2022-08-02 08:38:07,987 [INFO] Sending to ptd: 'Identify'
ptd-server 2022-08-02 08:38:07,988 [INFO] Reply from ptd: 'YokogawaWT310E,1000,1,1,1,1,0,1,1,version=1.9.2-e8c7a49a-20201208,OS=Linux 5.13.0-52-generic #59~20.04.1-Ubuntu SMP Thu Jun 16 21:21:28 UTC 2022 x86_64,mode=power,1,1,1,0,0,no_cal_date,YOKOGAWA;WT310E;C3XA04010E;F1.04'
ptd-server 2022-08-02 08:38:07,988 [INFO] Connected to PTDaemon
ptd-server 2022-08-02 08:38:07,988 [INFO] Sending to ptd: 'RR'
ptd-server 2022-08-02 08:38:07,988 [INFO] Reply from ptd: 'Ranges,0,0.500000,1,300.000000'
ptd-server 2022-08-02 08:38:07,988 [INFO] Initial range for Amps is 0.500000 for Volts is Auto
ptd-server 2022-08-02 08:38:07,988 [INFO] Sending to ptd: 'SR,V,Auto'
ptd-server 2022-08-02 08:38:08,491 [INFO] Reply from ptd: 'Range V changed'
ptd-server 2022-08-02 08:38:08,491 [INFO] Sending to ptd: 'SR,A,Auto'
ptd-server 2022-08-02 08:38:08,994 [INFO] Reply from ptd: 'Range A changed'
ptd-server 2022-08-02 08:38:19,004 [INFO] Starting ranging mode
ptd-server 2022-08-02 08:38:19,004 [INFO] Sending to ptd: 'Go,1000,0,2022-08-02_08-37-50_ranging'
ptd-server 2022-08-02 08:38:19,005 [INFO] Reply from ptd: 'Starting untimed measurement, maximum 500000 samples at 1000ms with 0 rampup samples'
ptd-server 2022-08-02 08:38:19,005 [INFO] Sending reply to client 'OK'
ptd-server 2022-08-02 08:48:30,466 [INFO] Got command from the client 'session,2022-08-02_08-37-50,stop,ranging'
ptd-server 2022-08-02 08:48:40,475 [INFO] Sending to ptd: 'Stop'
ptd-server 2022-08-02 08:48:40,475 [INFO] Reply from ptd: 'Stopping untimed measurement'
ptd-server 2022-08-02 08:48:42,132 [INFO] Sending reply to client 'OK'
ptd-server 2022-08-02 08:48:42,177 [INFO] Got command from the client 'time'
ptd-server 2022-08-02 08:48:42,177 [INFO] Sending reply to client '1659426522.1773064'
ptd-server 2022-08-02 08:48:42,178 [INFO] Got command from the client 'session,2022-08-02_08-37-50,start,testing'
ptd-server 2022-08-02 08:48:42,178 [INFO] Sending to ptd: 'SR,V,249.320000'
ptd-server 2022-08-02 08:48:43,680 [INFO] Reply from ptd: 'Range V changed'
ptd-server 2022-08-02 08:48:43,680 [INFO] Sending to ptd: 'SR,A,0.201990'
ptd-server 2022-08-02 08:48:45,181 [INFO] Reply from ptd: 'Range A changed'
ptd-server 2022-08-02 08:48:55,191 [INFO] Starting testing mode
ptd-server 2022-08-02 08:48:55,191 [INFO] Sending to ptd: 'Go,1000,0,2022-08-02_08-37-50_testing'
ptd-server 2022-08-02 08:48:55,192 [INFO] Reply from ptd: 'Starting untimed measurement, maximum 500000 samples at 1000ms with 0 rampup samples'
ptd-server 2022-08-02 08:48:55,192 [INFO] Sending reply to client 'OK'
ptd-server 2022-08-02 08:59:06,643 [INFO] Got command from the client 'session,2022-08-02_08-37-50,stop,testing'
ptd-server 2022-08-02 08:59:16,653 [INFO] Sending to ptd: 'Stop'
ptd-server 2022-08-02 08:59:16,654 [INFO] Reply from ptd: 'Stopping untimed measurement'
ptd-server 2022-08-02 08:59:17,405 [INFO] Sending reply to client 'OK'
ptd-server 2022-08-02 08:59:17,427 [INFO] Got command from the client 'session,2022-08-02_08-37-50,done'
ptd-server 2022-08-02 08:59:17,427 [INFO] Sending to ptd: 'Stop'
ptd-server 2022-08-02 08:59:17,428 [INFO] Reply from ptd: 'Error: no measurement to stop'
ptd-server 2022-08-02 08:59:17,428 [INFO] Sending to ptd: 'SR,V,Auto'
ptd-server 2022-08-02 08:59:17,930 [INFO] Reply from ptd: 'Range V changed'
ptd-server 2022-08-02 08:59:17,930 [INFO] Sending to ptd: 'SR,A,0.500000'
ptd-server 2022-08-02 08:59:19,432 [INFO] Reply from ptd: 'Range A changed'
ptd-server 2022-08-02 08:59:19,432 [INFO] Set initial values for Amps 0.500000 and Volts Auto
ptd-server 2022-08-02 08:59:19,432 [INFO] Stopping ptd...
