ptd-server 2022-07-27 11:20:51,024 [INFO] Got command from the client 'time'
ptd-server 2022-07-27 11:20:51,025 [INFO] Sending reply to client '1658917251.0250802'
ptd-server 2022-07-27 11:20:51,028 [INFO] Got command from the client 'new,,50ef0c08-ba7e-4569-98a0-db8a865a1569'
ptd-server 2022-07-27 11:20:51,028 [INFO] Sending reply to client 'OK 2022-07-27_11-20-51,129d6a6a-2fbb-4d1c-85c7-c923987bfcdf'
ptd-server 2022-07-27 11:20:51,064 [INFO] Got command from the client 'time'
ptd-server 2022-07-27 11:20:51,064 [INFO] Sending reply to client '1658917251.0641716'
ptd-server 2022-07-27 11:20:51,069 [INFO] Got command from the client 'session,2022-07-27_11-20-51,start,ranging'
ptd-server 2022-07-27 11:20:51,069 [INFO] Running PTDaemon: ['/home/anton/projects/mlperf/power/inference_v1.0/ptd-linux-x86', '-l', '/tmp/tmp7lgbo8s4/ptd_logfile.txt', '-p', '8888', '49', '/dev/usbtmc0']
ptd-server 2022-07-27 11:21:08,243 [INFO] Sending to ptd: 'Hello'
ptd-server 2022-07-27 11:21:08,244 [INFO] Reply from ptd: 'Hello, PTDaemon here!'
ptd-server 2022-07-27 11:21:08,244 [INFO] Sending to ptd: 'Identify'
ptd-server 2022-07-27 11:21:08,244 [INFO] Reply from ptd: 'YokogawaWT310E,1000,1,1,1,1,0,1,1,version=1.9.2-e8c7a49a-20201208,OS=Linux 5.13.0-52-generic #59~20.04.1-Ubuntu SMP Thu Jun 16 21:21:28 UTC 2022 x86_64,mode=power,1,1,1,0,0,no_cal_date,YOKOGAWA;WT310E;C3XA04010E;F1.04'
ptd-server 2022-07-27 11:21:08,244 [INFO] Connected to PTDaemon
ptd-server 2022-07-27 11:21:08,244 [INFO] Sending to ptd: 'RR'
ptd-server 2022-07-27 11:21:08,245 [INFO] Reply from ptd: 'Ranges,0,0.500000,1,300.000000'
ptd-server 2022-07-27 11:21:08,245 [INFO] Initial range for Amps is 0.500000 for Volts is Auto
ptd-server 2022-07-27 11:21:08,245 [INFO] Sending to ptd: 'SR,V,Auto'
ptd-server 2022-07-27 11:21:08,748 [INFO] Reply from ptd: 'Range V changed'
ptd-server 2022-07-27 11:21:08,748 [INFO] Sending to ptd: 'SR,A,Auto'
ptd-server 2022-07-27 11:21:09,250 [INFO] Reply from ptd: 'Range A changed'
ptd-server 2022-07-27 11:21:19,260 [INFO] Starting ranging mode
ptd-server 2022-07-27 11:21:19,261 [INFO] Sending to ptd: 'Go,1000,0,2022-07-27_11-20-51_ranging'
ptd-server 2022-07-27 11:21:19,261 [INFO] Reply from ptd: 'Starting untimed measurement, maximum 500000 samples at 1000ms with 0 rampup samples'
ptd-server 2022-07-27 11:21:19,261 [INFO] Sending reply to client 'OK'
ptd-server 2022-07-27 11:31:34,466 [INFO] Got command from the client 'session,2022-07-27_11-20-51,stop,ranging'
ptd-server 2022-07-27 11:31:44,475 [INFO] Sending to ptd: 'Stop'
ptd-server 2022-07-27 11:31:44,475 [INFO] Reply from ptd: 'Stopping untimed measurement'
ptd-server 2022-07-27 11:31:45,448 [INFO] Sending reply to client 'OK'
ptd-server 2022-07-27 11:31:45,529 [INFO] Got command from the client 'time'
ptd-server 2022-07-27 11:31:45,529 [INFO] Sending reply to client '1658917905.5298023'
ptd-server 2022-07-27 11:31:45,533 [INFO] Got command from the client 'session,2022-07-27_11-20-51,start,testing'
ptd-server 2022-07-27 11:31:45,533 [INFO] Sending to ptd: 'SR,V,250.980000'
ptd-server 2022-07-27 11:31:47,034 [INFO] Reply from ptd: 'Range V changed'
ptd-server 2022-07-27 11:31:47,035 [INFO] Sending to ptd: 'SR,A,0.042330'
ptd-server 2022-07-27 11:31:48,536 [INFO] Reply from ptd: 'Range A changed'
ptd-server 2022-07-27 11:31:58,546 [INFO] Starting testing mode
ptd-server 2022-07-27 11:31:58,546 [INFO] Sending to ptd: 'Go,1000,0,2022-07-27_11-20-51_testing'
ptd-server 2022-07-27 11:31:58,547 [INFO] Reply from ptd: 'Starting untimed measurement, maximum 500000 samples at 1000ms with 0 rampup samples'
ptd-server 2022-07-27 11:31:58,547 [INFO] Sending reply to client 'OK'
ptd-server 2022-07-27 11:42:13,803 [INFO] Got command from the client 'session,2022-07-27_11-20-51,stop,testing'
ptd-server 2022-07-27 11:42:23,814 [INFO] Sending to ptd: 'Stop'
ptd-server 2022-07-27 11:42:23,814 [INFO] Reply from ptd: 'Stopping untimed measurement'
ptd-server 2022-07-27 11:42:24,303 [INFO] Sending reply to client 'OK'
ptd-server 2022-07-27 11:42:24,330 [INFO] Got command from the client 'session,2022-07-27_11-20-51,done'
ptd-server 2022-07-27 11:42:24,330 [INFO] Sending to ptd: 'Stop'
ptd-server 2022-07-27 11:42:24,548 [INFO] Reply from ptd: 'Error: no measurement to stop'
ptd-server 2022-07-27 11:42:24,548 [INFO] Sending to ptd: 'SR,V,Auto'
ptd-server 2022-07-27 11:42:25,051 [INFO] Reply from ptd: 'Range V changed'
ptd-server 2022-07-27 11:42:25,051 [INFO] Sending to ptd: 'SR,A,0.500000'
ptd-server 2022-07-27 11:42:26,552 [INFO] Reply from ptd: 'Range A changed'
ptd-server 2022-07-27 11:42:26,552 [INFO] Set initial values for Amps 0.500000 and Volts Auto
ptd-server 2022-07-27 11:42:26,553 [INFO] Stopping ptd...
