ptd-server 2022-08-01 02:06:41,811 [INFO] Got command from the client 'time'
ptd-server 2022-08-01 02:06:41,811 [INFO] Sending reply to client '1659316001.811931'
ptd-server 2022-08-01 02:06:41,812 [INFO] Got command from the client 'new,,0a5608ab-69f4-4cf9-9b6f-f8561a924176'
ptd-server 2022-08-01 02:06:41,813 [INFO] Sending reply to client 'OK 2022-08-01_02-06-41,9548b1fe-8383-4728-b12d-1a040cfedd10'
ptd-server 2022-08-01 02:06:41,841 [INFO] Got command from the client 'time'
ptd-server 2022-08-01 02:06:41,842 [INFO] Sending reply to client '1659316001.8421113'
ptd-server 2022-08-01 02:06:41,842 [INFO] Got command from the client 'session,2022-08-01_02-06-41,start,ranging'
ptd-server 2022-08-01 02:06:41,843 [INFO] Running PTDaemon: ['/home/anton/projects/mlperf/power/inference_v1.0/ptd-linux-x86', '-l', '/tmp/tmp7lgbo8s4/ptd_logfile.txt', '-p', '8888', '49', '/dev/usbtmc0']
ptd-server 2022-08-01 02:06:59,016 [INFO] Sending to ptd: 'Hello'
ptd-server 2022-08-01 02:06:59,017 [INFO] Reply from ptd: 'Hello, PTDaemon here!'
ptd-server 2022-08-01 02:06:59,017 [INFO] Sending to ptd: 'Identify'
ptd-server 2022-08-01 02:06:59,017 [INFO] Reply from ptd: 'YokogawaWT310E,1000,1,1,1,1,0,1,1,version=1.9.2-e8c7a49a-20201208,OS=Linux 5.13.0-52-generic #59~20.04.1-Ubuntu SMP Thu Jun 16 21:21:28 UTC 2022 x86_64,mode=power,1,1,1,0,0,no_cal_date,YOKOGAWA;WT310E;C3XA04010E;F1.04'
ptd-server 2022-08-01 02:06:59,017 [INFO] Connected to PTDaemon
ptd-server 2022-08-01 02:06:59,017 [INFO] Sending to ptd: 'RR'
ptd-server 2022-08-01 02:06:59,018 [INFO] Reply from ptd: 'Ranges,0,0.500000,1,300.000000'
ptd-server 2022-08-01 02:06:59,018 [INFO] Initial range for Amps is 0.500000 for Volts is Auto
ptd-server 2022-08-01 02:06:59,018 [INFO] Sending to ptd: 'SR,V,Auto'
ptd-server 2022-08-01 02:06:59,520 [INFO] Reply from ptd: 'Range V changed'
ptd-server 2022-08-01 02:06:59,520 [INFO] Sending to ptd: 'SR,A,Auto'
ptd-server 2022-08-01 02:07:00,023 [INFO] Reply from ptd: 'Range A changed'
ptd-server 2022-08-01 02:07:10,032 [INFO] Starting ranging mode
ptd-server 2022-08-01 02:07:10,032 [INFO] Sending to ptd: 'Go,1000,0,2022-08-01_02-06-41_ranging'
ptd-server 2022-08-01 02:07:10,032 [INFO] Reply from ptd: 'Starting untimed measurement, maximum 500000 samples at 1000ms with 0 rampup samples'
ptd-server 2022-08-01 02:07:10,032 [INFO] Sending reply to client 'OK'
ptd-server 2022-08-01 02:17:34,339 [INFO] Got command from the client 'session,2022-08-01_02-06-41,stop,ranging'
ptd-server 2022-08-01 02:17:44,344 [INFO] Sending to ptd: 'Stop'
ptd-server 2022-08-01 02:17:44,345 [INFO] Reply from ptd: 'Stopping untimed measurement'
ptd-server 2022-08-01 02:17:45,700 [INFO] Sending reply to client 'OK'
ptd-server 2022-08-01 02:17:45,758 [INFO] Got command from the client 'time'
ptd-server 2022-08-01 02:17:45,758 [INFO] Sending reply to client '1659316665.7587965'
ptd-server 2022-08-01 02:17:45,760 [INFO] Got command from the client 'session,2022-08-01_02-06-41,start,testing'
ptd-server 2022-08-01 02:17:45,760 [INFO] Sending to ptd: 'SR,V,252.160000'
ptd-server 2022-08-01 02:17:47,261 [INFO] Reply from ptd: 'Range V changed'
ptd-server 2022-08-01 02:17:47,261 [INFO] Sending to ptd: 'SR,A,0.247940'
ptd-server 2022-08-01 02:17:48,763 [INFO] Reply from ptd: 'Range A changed'
ptd-server 2022-08-01 02:17:58,773 [INFO] Starting testing mode
ptd-server 2022-08-01 02:17:58,773 [INFO] Sending to ptd: 'Go,1000,0,2022-08-01_02-06-41_testing'
ptd-server 2022-08-01 02:17:58,774 [INFO] Reply from ptd: 'Starting untimed measurement, maximum 500000 samples at 1000ms with 0 rampup samples'
ptd-server 2022-08-01 02:17:58,774 [INFO] Sending reply to client 'OK'
ptd-server 2022-08-01 02:28:12,844 [INFO] Got command from the client 'session,2022-08-01_02-06-41,stop,testing'
ptd-server 2022-08-01 02:28:22,854 [INFO] Sending to ptd: 'Stop'
ptd-server 2022-08-01 02:28:22,855 [INFO] Reply from ptd: 'Stopping untimed measurement'
ptd-server 2022-08-01 02:28:23,527 [INFO] Sending reply to client 'OK'
ptd-server 2022-08-01 02:28:23,542 [INFO] Got command from the client 'session,2022-08-01_02-06-41,done'
ptd-server 2022-08-01 02:28:23,542 [INFO] Sending to ptd: 'Stop'
ptd-server 2022-08-01 02:28:23,774 [INFO] Reply from ptd: 'Error: no measurement to stop'
ptd-server 2022-08-01 02:28:23,774 [INFO] Sending to ptd: 'SR,V,Auto'
ptd-server 2022-08-01 02:28:24,277 [INFO] Reply from ptd: 'Range V changed'
ptd-server 2022-08-01 02:28:24,277 [INFO] Sending to ptd: 'SR,A,0.500000'
ptd-server 2022-08-01 02:28:25,779 [INFO] Reply from ptd: 'Range A changed'
ptd-server 2022-08-01 02:28:25,779 [INFO] Set initial values for Amps 0.500000 and Volts Auto
ptd-server 2022-08-01 02:28:25,779 [INFO] Stopping ptd...
