ptd-server 2022-08-02 08:59:26,432 [INFO] Got command from the client 'time'
ptd-server 2022-08-02 08:59:26,432 [INFO] Sending reply to client '1659427166.432856'
ptd-server 2022-08-02 08:59:26,433 [INFO] Got command from the client 'new,,034baf70-5c59-40c0-8799-21d855f029c0'
ptd-server 2022-08-02 08:59:26,434 [INFO] Sending reply to client 'OK 2022-08-02_08-59-26,95265a8d-aa62-4f4c-8f97-6a33c70ebcc3'
ptd-server 2022-08-02 08:59:26,462 [INFO] Got command from the client 'time'
ptd-server 2022-08-02 08:59:26,462 [INFO] Sending reply to client '1659427166.4627843'
ptd-server 2022-08-02 08:59:26,463 [INFO] Got command from the client 'session,2022-08-02_08-59-26,start,ranging'
ptd-server 2022-08-02 08:59:26,463 [INFO] Running PTDaemon: ['/home/anton/projects/mlperf/power/inference_v1.0/ptd-linux-x86', '-l', '/tmp/tmp7lgbo8s4/ptd_logfile.txt', '-p', '8888', '49', '/dev/usbtmc0']
ptd-server 2022-08-02 08:59:43,638 [INFO] Sending to ptd: 'Hello'
ptd-server 2022-08-02 08:59:43,639 [INFO] Reply from ptd: 'Hello, PTDaemon here!'
ptd-server 2022-08-02 08:59:43,639 [INFO] Sending to ptd: 'Identify'
ptd-server 2022-08-02 08:59:43,639 [INFO] Reply from ptd: 'YokogawaWT310E,1000,1,1,1,1,0,1,1,version=1.9.2-e8c7a49a-20201208,OS=Linux 5.13.0-52-generic #59~20.04.1-Ubuntu SMP Thu Jun 16 21:21:28 UTC 2022 x86_64,mode=power,1,1,1,0,0,no_cal_date,YOKOGAWA;WT310E;C3XA04010E;F1.04'
ptd-server 2022-08-02 08:59:43,639 [INFO] Connected to PTDaemon
ptd-server 2022-08-02 08:59:43,640 [INFO] Sending to ptd: 'RR'
ptd-server 2022-08-02 08:59:43,640 [INFO] Reply from ptd: 'Ranges,0,0.500000,1,300.000000'
ptd-server 2022-08-02 08:59:43,640 [INFO] Initial range for Amps is 0.500000 for Volts is Auto
ptd-server 2022-08-02 08:59:43,640 [INFO] Sending to ptd: 'SR,V,Auto'
ptd-server 2022-08-02 08:59:44,143 [INFO] Reply from ptd: 'Range V changed'
ptd-server 2022-08-02 08:59:44,143 [INFO] Sending to ptd: 'SR,A,Auto'
ptd-server 2022-08-02 08:59:44,645 [INFO] Reply from ptd: 'Range A changed'
ptd-server 2022-08-02 08:59:54,656 [INFO] Starting ranging mode
ptd-server 2022-08-02 08:59:54,656 [INFO] Sending to ptd: 'Go,1000,0,2022-08-02_08-59-26_ranging'
ptd-server 2022-08-02 08:59:54,656 [INFO] Reply from ptd: 'Starting untimed measurement, maximum 500000 samples at 1000ms with 0 rampup samples'
ptd-server 2022-08-02 08:59:54,656 [INFO] Sending reply to client 'OK'
ptd-server 2022-08-02 09:10:06,142 [INFO] Got command from the client 'session,2022-08-02_08-59-26,stop,ranging'
ptd-server 2022-08-02 09:10:16,152 [INFO] Sending to ptd: 'Stop'
ptd-server 2022-08-02 09:10:16,153 [INFO] Reply from ptd: 'Stopping untimed measurement'
ptd-server 2022-08-02 09:10:17,642 [INFO] Sending reply to client 'OK'
ptd-server 2022-08-02 09:10:17,698 [INFO] Got command from the client 'time'
ptd-server 2022-08-02 09:10:17,699 [INFO] Sending reply to client '1659427817.6991043'
ptd-server 2022-08-02 09:10:17,700 [INFO] Got command from the client 'session,2022-08-02_08-59-26,start,testing'
ptd-server 2022-08-02 09:10:17,700 [INFO] Sending to ptd: 'SR,V,251.690000'
ptd-server 2022-08-02 09:10:19,201 [INFO] Reply from ptd: 'Range V changed'
ptd-server 2022-08-02 09:10:19,202 [INFO] Sending to ptd: 'SR,A,0.193300'
ptd-server 2022-08-02 09:10:20,703 [INFO] Reply from ptd: 'Range A changed'
ptd-server 2022-08-02 09:10:30,713 [INFO] Starting testing mode
ptd-server 2022-08-02 09:10:30,714 [INFO] Sending to ptd: 'Go,1000,0,2022-08-02_08-59-26_testing'
ptd-server 2022-08-02 09:10:30,714 [INFO] Reply from ptd: 'Starting untimed measurement, maximum 500000 samples at 1000ms with 0 rampup samples'
ptd-server 2022-08-02 09:10:30,714 [INFO] Sending reply to client 'OK'
ptd-server 2022-08-02 09:20:42,154 [INFO] Got command from the client 'session,2022-08-02_08-59-26,stop,testing'
ptd-server 2022-08-02 09:20:52,165 [INFO] Sending to ptd: 'Stop'
ptd-server 2022-08-02 09:20:52,165 [INFO] Reply from ptd: 'Stopping untimed measurement'
ptd-server 2022-08-02 09:20:52,941 [INFO] Sending reply to client 'OK'
ptd-server 2022-08-02 09:20:52,950 [INFO] Got command from the client 'session,2022-08-02_08-59-26,done'
ptd-server 2022-08-02 09:20:52,950 [INFO] Sending to ptd: 'Stop'
ptd-server 2022-08-02 09:20:52,951 [INFO] Reply from ptd: 'Error: no measurement to stop'
ptd-server 2022-08-02 09:20:52,951 [INFO] Sending to ptd: 'SR,V,Auto'
ptd-server 2022-08-02 09:20:53,453 [INFO] Reply from ptd: 'Range V changed'
ptd-server 2022-08-02 09:20:53,453 [INFO] Sending to ptd: 'SR,A,0.500000'
ptd-server 2022-08-02 09:20:54,955 [INFO] Reply from ptd: 'Range A changed'
ptd-server 2022-08-02 09:20:54,955 [INFO] Set initial values for Amps 0.500000 and Volts Auto
ptd-server 2022-08-02 09:20:54,955 [INFO] Stopping ptd...
