client 2022-08-02 14:46:49,519 [INFO] Sending command to the server: 'mlcommons/power client v3'
client 2022-08-02 14:46:49,532 [INFO] Got response: 'mlcommons/power server v3'
client 2022-08-02 14:46:49,532 [INFO] Sending command to the server: 'stop'
client 2022-08-02 14:46:49,534 [INFO] Got response: 'OK'
client 2022-08-02 14:46:49,534 [INFO] Synchronizing with the server and with ib-01.dc4-in.nvidia.com...
client 2022-08-02 14:46:49,741 [INFO] NTP:offset = 0.000 s, delay = 0.201 s 
client 2022-08-02 14:46:49,741 [INFO] Sending command to the server: 'time'
client 2022-08-02 14:46:49,743 [INFO] Got response: '1659451609.6233492'
client 2022-08-02 14:46:49,743 [INFO] The time difference between the client and the server is within range 118.454 ms..120.075 ms
client 2022-08-02 14:46:49,743 [INFO] Sending command to the server: 'new,,0baa36b9-fe30-4f62-9679-ec0a6769f810'
client 2022-08-02 14:46:49,768 [INFO] Got response: 'OK 2022-08-02_07-46-49,ea3f4060-a42e-47ef-ab45-75c44d65786c'
client 2022-08-02 14:46:49,768 [INFO] Session id is '2022-08-02_07-46-49'
client 2022-08-02 14:46:49,768 [INFO] Sources: {"sources": {"__init__.py": "da39a3ee5e6b4b0d3255bfef95601890afd80709", "client.py": "33ca4f26368777ac06e01f9567b714a4b8063886", "lib/__init__.py": "da39a3ee5e6b4b0d3255bfef95601890afd80709", "lib/client.py": "4c2b78fb4849a7e5b584ef792d82aaed20b17f57", "lib/common.py": "624d0c0acc7c39aaff3674f0b99d6a09da53d1dc", "lib/external/__init__.py": "da39a3ee5e6b4b0d3255bfef95601890afd80709", "lib/external/ntplib.py": "4da8f970656505a40483206ef2b5d3dd5e81711d", "lib/server.py": "59c9fb92908260d3e9f81a895c7aa009742275e4", "lib/source_hashes.py": "60a2e02193209e8d392803326208d5466342da18", "lib/summary.py": "aa92f0a3f975eecd44d3c0cd0236342ccc9f941d", "lib/time_sync.py": "3210db56eb0ff0df57bf4293dc4d4b03fffd46f1", "server.py": "c3f90f2f7eeb4db30727556d0c815ebc89b3d28b", "tests/unit/__init__.py": "da39a3ee5e6b4b0d3255bfef95601890afd80709", "tests/unit/test_server.py": "99ae15aef722f2000ee6ed1ae1523637bf1ae42b", "tests/unit/test_source_hashes.py": "00468a2907583c593e6574a1f6b404e4651c221a"}, "modules": {"ptd_client_server.lib.client": "lib/client.py", "ptd_client_server.lib.common": "lib/common.py", "ptd_client_server.lib.external.ntplib": "lib/external/ntplib.py", "ptd_client_server.lib.source_hashes": "lib/source_hashes.py", "ptd_client_server.lib.summary": "lib/summary.py", "ptd_client_server.lib.time_sync": "lib/time_sync.py"}}
client 2022-08-02 14:46:49,773 [INFO] Running workload in ranging mode
client 2022-08-02 14:46:49,773 [INFO] Synchronizing with the server and with ib-01.dc4-in.nvidia.com...
client 2022-08-02 14:46:49,976 [INFO] NTP:offset = -0.000 s, delay = 0.201 s 
client 2022-08-02 14:46:49,976 [INFO] Sending command to the server: 'time'
client 2022-08-02 14:46:49,978 [INFO] Got response: '1659451609.8576703'
client 2022-08-02 14:46:49,978 [INFO] The time difference between the client and the server is within range 118.876 ms..120.515 ms
client 2022-08-02 14:46:49,978 [INFO] Sending command to the server: 'session,2022-08-02_07-46-49,start,ranging'
client 2022-08-02 14:47:31,100 [INFO] Got response: 'OK'
client 2022-08-02 14:47:31,101 [INFO] Running the workload 'LOG_DIR=/work/build/power_logs_temp python3 -m code.main_v2 --benchmarks=retinanet --scenarios=Server --test_mode=PerformanceOnly --config_ver=maxq --action="run_harness" \\\n\t\t2>&1 | tee -a /work/build/power_logs/2022.08.02-14.46.00/stdout.txt \\\n\t\t&& if [ ! -d /work/build/power_logs/2022.08.02-14.46.00/ranging_tmp ]; \\\n\t\t\tthen mkdir /work/build/power_logs/2022.08.02-14.46.00/ranging_tmp \\\n\t\t\t\t&& mv /work/build/power_logs_temp/* /work/build/power_logs/2022.08.02-14.46.00/ranging_tmp/ \\\n\t\t\t\t&& cp -v /work/build/power_logs/2022.08.02-14.46.00/ranging_tmp/*/*/*/mlperf_log_detail.txt /work/build/power_logs_temp/ \\\n\t\t\t\t&& cp -v /work/build/power_logs/2022.08.02-14.46.00/ranging_tmp/*/*/*/mlperf_log_summary.txt /work/build/power_logs_temp/; \\\n\t\t\telse mkdir /work/build/power_logs/2022.08.02-14.46.00/testing_tmp \\\n\t\t\t\t&& mv /work/build/power_logs_temp/* /work/build/power_logs/2022.08.02-14.46.00/testing_tmp/ \\\n\t\t\t\t&& cp -v /work/build/power_logs/2022.08.02-14.46.00/testing_tmp/*/*/*/mlperf_log_detail.txt /work/build/power_logs_temp/ \\\n\t\t\t\t&& cp -v /work/build/power_logs/2022.08.02-14.46.00/testing_tmp/*/*/*/mlperf_log_summary.txt /work/build/power_logs_temp/; fi'
client 2022-08-02 14:58:03,233 [INFO] Sending command to the server: 'session,2022-08-02_07-46-49,stop,ranging'
client 2022-08-02 14:58:13,323 [INFO] Got response: 'OK'
client 2022-08-02 14:58:13,343 [INFO] Copying loadgen logs from '/work/build/power_logs_temp' to '/work/build/power_logs/2022.08.02-14.46.00/2022-08-02_07-46-49/ranging'
client 2022-08-02 14:58:13,368 [INFO] Running workload in testing mode
client 2022-08-02 14:58:13,368 [INFO] Synchronizing with the server and with ib-01.dc4-in.nvidia.com...
client 2022-08-02 14:58:13,572 [INFO] NTP:offset = -0.000 s, delay = 0.201 s 
client 2022-08-02 14:58:13,572 [INFO] Sending command to the server: 'time'
client 2022-08-02 14:58:13,574 [INFO] Got response: '1659452293.4499378'
client 2022-08-02 14:58:13,574 [INFO] The time difference between the client and the server is within range 122.862 ms..124.327 ms
client 2022-08-02 14:58:13,574 [INFO] Sending command to the server: 'session,2022-08-02_07-46-49,start,testing'
client 2022-08-02 14:58:35,809 [INFO] Got response: 'OK'
client 2022-08-02 14:58:35,809 [INFO] Running the workload 'LOG_DIR=/work/build/power_logs_temp python3 -m code.main_v2 --benchmarks=retinanet --scenarios=Server --test_mode=PerformanceOnly --config_ver=maxq --action="run_harness" \\\n\t\t2>&1 | tee -a /work/build/power_logs/2022.08.02-14.46.00/stdout.txt \\\n\t\t&& if [ ! -d /work/build/power_logs/2022.08.02-14.46.00/ranging_tmp ]; \\\n\t\t\tthen mkdir /work/build/power_logs/2022.08.02-14.46.00/ranging_tmp \\\n\t\t\t\t&& mv /work/build/power_logs_temp/* /work/build/power_logs/2022.08.02-14.46.00/ranging_tmp/ \\\n\t\t\t\t&& cp -v /work/build/power_logs/2022.08.02-14.46.00/ranging_tmp/*/*/*/mlperf_log_detail.txt /work/build/power_logs_temp/ \\\n\t\t\t\t&& cp -v /work/build/power_logs/2022.08.02-14.46.00/ranging_tmp/*/*/*/mlperf_log_summary.txt /work/build/power_logs_temp/; \\\n\t\t\telse mkdir /work/build/power_logs/2022.08.02-14.46.00/testing_tmp \\\n\t\t\t\t&& mv /work/build/power_logs_temp/* /work/build/power_logs/2022.08.02-14.46.00/testing_tmp/ \\\n\t\t\t\t&& cp -v /work/build/power_logs/2022.08.02-14.46.00/testing_tmp/*/*/*/mlperf_log_detail.txt /work/build/power_logs_temp/ \\\n\t\t\t\t&& cp -v /work/build/power_logs/2022.08.02-14.46.00/testing_tmp/*/*/*/mlperf_log_summary.txt /work/build/power_logs_temp/; fi'
client 2022-08-02 15:09:09,127 [INFO] Sending command to the server: 'session,2022-08-02_07-46-49,stop,testing'
client 2022-08-02 15:09:19,157 [INFO] Got response: 'OK'
client 2022-08-02 15:09:19,166 [INFO] Copying loadgen logs from '/work/build/power_logs_temp' to '/work/build/power_logs/2022.08.02-14.46.00/2022-08-02_07-46-49/run_1'
client 2022-08-02 15:09:19,193 [INFO] Done runs
