ptd-server 2022-08-02 07:46:49,420 [INFO] Got command from the client 'stop'
ptd-server 2022-08-02 07:46:49,420 [INFO] The server will be stopped after processing this client
ptd-server 2022-08-02 07:46:49,420 [INFO] Sending reply to client 'OK'
ptd-server 2022-08-02 07:46:49,623 [INFO] Got command from the client 'time'
ptd-server 2022-08-02 07:46:49,623 [INFO] Sending reply to client '1659451609.6233492'
ptd-server 2022-08-02 07:46:49,623 [INFO] Got command from the client 'new,,0baa36b9-fe30-4f62-9679-ec0a6769f810'
ptd-server 2022-08-02 07:46:49,654 [INFO] Sending reply to client 'OK 2022-08-02_07-46-49,ea3f4060-a42e-47ef-ab45-75c44d65786c'
ptd-server 2022-08-02 07:46:49,857 [INFO] Got command from the client 'time'
ptd-server 2022-08-02 07:46:49,857 [INFO] Sending reply to client '1659451609.8576703'
ptd-server 2022-08-02 07:46:49,857 [INFO] Got command from the client 'session,2022-08-02_07-46-49,start,ranging'
ptd-server 2022-08-02 07:46:49,967 [INFO] Running PTDaemon: ['C:\\PTD\\ptd-windows-x86.exe', '-l', 'C:\\Users\\lab\\AppData\\Local\\Temp\\tmp6i1vqimh\\ptd_logfile.txt', '-p', '8888', '-c', '1,3', '-y', '77', '10.117.41.199']
ptd-server 2022-08-02 07:47:10,821 [INFO] Sending to ptd: 'Hello'
ptd-server 2022-08-02 07:47:10,821 [INFO] Reply from ptd: 'Hello, PTDaemon here!'
ptd-server 2022-08-02 07:47:10,821 [INFO] Sending to ptd: 'Identify'
ptd-server 2022-08-02 07:47:10,821 [INFO] Reply from ptd: 'YokogawaWT330_multichannel,1000,1,1,1,1,0,0,1,version=1.9.2-3976349f-20201208,OS=Windows 8 / Server 2012,mode=power,1,1,2,0,0,no_cal_date,YOKOGAWA;WT333E;C2WL21011V;F1.04'
ptd-server 2022-08-02 07:47:10,821 [INFO] Connected to PTDaemon
ptd-server 2022-08-02 07:47:10,821 [INFO] Sending to ptd: 'RR'
ptd-server 2022-08-02 07:47:10,821 [INFO] Reply from ptd: 'Ranges,1,2.000000,0,300.000000'
ptd-server 2022-08-02 07:47:10,821 [INFO] Initial range for Amps is Auto for Volts is 300.000000
ptd-server 2022-08-02 07:47:10,821 [INFO] Sending to ptd: 'SR,V,Auto'
ptd-server 2022-08-02 07:47:15,898 [INFO] Reply from ptd: 'Range V changed'
ptd-server 2022-08-02 07:47:15,898 [INFO] Sending to ptd: 'SR,A,Auto'
ptd-server 2022-08-02 07:47:20,975 [INFO] Reply from ptd: 'Range A changed'
ptd-server 2022-08-02 07:47:30,988 [INFO] Starting ranging mode
ptd-server 2022-08-02 07:47:30,988 [INFO] Sending to ptd: 'Go,1000,0,2022-08-02_07-46-49_ranging'
ptd-server 2022-08-02 07:47:30,988 [INFO] Reply from ptd: 'Starting untimed measurement, maximum 500000 samples at 1000ms with 0 rampup samples'
ptd-server 2022-08-02 07:47:30,988 [INFO] Sending reply to client 'OK'
ptd-server 2022-08-02 07:58:03,108 [INFO] Got command from the client 'session,2022-08-02_07-46-49,stop,ranging'
ptd-server 2022-08-02 07:58:13,137 [INFO] Sending to ptd: 'Stop'
ptd-server 2022-08-02 07:58:13,137 [INFO] Reply from ptd: 'Stopping untimed measurement'
ptd-server 2022-08-02 07:58:13,199 [INFO] Sending reply to client 'OK'
ptd-server 2022-08-02 07:58:13,449 [INFO] Got command from the client 'time'
ptd-server 2022-08-02 07:58:13,449 [INFO] Sending reply to client '1659452293.4499378'
ptd-server 2022-08-02 07:58:13,449 [INFO] Got command from the client 'session,2022-08-02_07-46-49,start,testing'
ptd-server 2022-08-02 07:58:13,449 [INFO] Sending to ptd: 'SR,V,205.810000'
ptd-server 2022-08-02 07:58:20,089 [INFO] Reply from ptd: 'Range V changed'
ptd-server 2022-08-02 07:58:20,089 [INFO] Sending to ptd: 'SR,A,3.712200'
ptd-server 2022-08-02 07:58:25,681 [INFO] Reply from ptd: 'Range A changed'
ptd-server 2022-08-02 07:58:35,694 [INFO] Starting testing mode
ptd-server 2022-08-02 07:58:35,694 [INFO] Sending to ptd: 'Go,1000,0,2022-08-02_07-46-49_testing'
ptd-server 2022-08-02 07:58:35,694 [INFO] Reply from ptd: 'Starting untimed measurement, maximum 500000 samples at 1000ms with 0 rampup samples'
ptd-server 2022-08-02 07:58:35,694 [INFO] Sending reply to client 'OK'
ptd-server 2022-08-02 08:09:09,001 [INFO] Got command from the client 'session,2022-08-02_07-46-49,stop,testing'
ptd-server 2022-08-02 08:09:19,014 [INFO] Sending to ptd: 'Stop'
ptd-server 2022-08-02 08:09:19,014 [INFO] Reply from ptd: 'Stopping untimed measurement'
ptd-server 2022-08-02 08:09:19,030 [INFO] Sending reply to client 'OK'
ptd-server 2022-08-02 08:09:19,139 [INFO] Got command from the client 'session,2022-08-02_07-46-49,done'
ptd-server 2022-08-02 08:09:19,139 [INFO] Sending to ptd: 'Stop'
ptd-server 2022-08-02 08:09:19,701 [INFO] Reply from ptd: 'Error: no measurement to stop'
ptd-server 2022-08-02 08:09:19,701 [INFO] Sending to ptd: 'SR,V,300.000000'
ptd-server 2022-08-02 08:09:25,794 [INFO] Reply from ptd: 'Range V changed'
ptd-server 2022-08-02 08:09:25,794 [INFO] Sending to ptd: 'SR,A,Auto'
ptd-server 2022-08-02 08:09:30,871 [INFO] Reply from ptd: 'Range A changed'
ptd-server 2022-08-02 08:09:30,871 [INFO] Set initial values for Amps Auto and Volts 300.000000
ptd-server 2022-08-02 08:09:30,871 [INFO] Stopping ptd...
