ptd-server 2022-07-25 03:18:51,113 [INFO] Got command from the client 'time'
ptd-server 2022-07-25 03:18:51,113 [INFO] Sending reply to client '1658715531.1132054'
ptd-server 2022-07-25 03:18:51,114 [INFO] Got command from the client 'new,,007bc057-9e80-4694-a8c9-92ac41bb86a3'
ptd-server 2022-07-25 03:18:51,115 [INFO] Sending reply to client 'OK 2022-07-25_03-18-51,df593b0a-1ed0-4204-ab8f-561a760073df'
ptd-server 2022-07-25 03:18:51,143 [INFO] Got command from the client 'time'
ptd-server 2022-07-25 03:18:51,143 [INFO] Sending reply to client '1658715531.1431434'
ptd-server 2022-07-25 03:18:51,144 [INFO] Got command from the client 'session,2022-07-25_03-18-51,start,ranging'
ptd-server 2022-07-25 03:18:51,144 [INFO] Running PTDaemon: ['/home/anton/projects/mlperf/power/inference_v1.0/ptd-linux-x86', '-l', '/tmp/tmp7lgbo8s4/ptd_logfile.txt', '-p', '8888', '49', '/dev/usbtmc0']
ptd-server 2022-07-25 03:19:08,318 [INFO] Sending to ptd: 'Hello'
ptd-server 2022-07-25 03:19:08,319 [INFO] Reply from ptd: 'Hello, PTDaemon here!'
ptd-server 2022-07-25 03:19:08,319 [INFO] Sending to ptd: 'Identify'
ptd-server 2022-07-25 03:19:08,320 [INFO] Reply from ptd: 'YokogawaWT310E,1000,1,1,1,1,0,1,1,version=1.9.2-e8c7a49a-20201208,OS=Linux 5.13.0-52-generic #59~20.04.1-Ubuntu SMP Thu Jun 16 21:21:28 UTC 2022 x86_64,mode=power,1,1,1,0,0,no_cal_date,YOKOGAWA;WT310E;C3XA04010E;F1.04'
ptd-server 2022-07-25 03:19:08,320 [INFO] Connected to PTDaemon
ptd-server 2022-07-25 03:19:08,320 [INFO] Sending to ptd: 'RR'
ptd-server 2022-07-25 03:19:08,320 [INFO] Reply from ptd: 'Ranges,0,0.500000,1,300.000000'
ptd-server 2022-07-25 03:19:08,320 [INFO] Initial range for Amps is 0.500000 for Volts is Auto
ptd-server 2022-07-25 03:19:08,320 [INFO] Sending to ptd: 'SR,V,Auto'
ptd-server 2022-07-25 03:19:08,823 [INFO] Reply from ptd: 'Range V changed'
ptd-server 2022-07-25 03:19:08,823 [INFO] Sending to ptd: 'SR,A,Auto'
ptd-server 2022-07-25 03:19:09,326 [INFO] Reply from ptd: 'Range A changed'
ptd-server 2022-07-25 03:19:19,335 [INFO] Starting ranging mode
ptd-server 2022-07-25 03:19:19,335 [INFO] Sending to ptd: 'Go,1000,0,2022-07-25_03-18-51_ranging'
ptd-server 2022-07-25 03:19:19,336 [INFO] Reply from ptd: 'Starting untimed measurement, maximum 500000 samples at 1000ms with 0 rampup samples'
ptd-server 2022-07-25 03:19:19,336 [INFO] Sending reply to client 'OK'
ptd-server 2022-07-25 03:29:44,071 [INFO] Got command from the client 'session,2022-07-25_03-18-51,stop,ranging'
ptd-server 2022-07-25 03:29:54,081 [INFO] Sending to ptd: 'Stop'
ptd-server 2022-07-25 03:29:54,082 [INFO] Reply from ptd: 'Stopping untimed measurement'
ptd-server 2022-07-25 03:29:54,850 [INFO] Sending reply to client 'OK'
ptd-server 2022-07-25 03:29:54,897 [INFO] Got command from the client 'time'
ptd-server 2022-07-25 03:29:54,897 [INFO] Sending reply to client '1658716194.8978512'
ptd-server 2022-07-25 03:29:54,898 [INFO] Got command from the client 'session,2022-07-25_03-18-51,start,testing'
ptd-server 2022-07-25 03:29:54,898 [INFO] Sending to ptd: 'SR,V,252.360000'
ptd-server 2022-07-25 03:29:56,400 [INFO] Reply from ptd: 'Range V changed'
ptd-server 2022-07-25 03:29:56,400 [INFO] Sending to ptd: 'SR,A,0.050740'
ptd-server 2022-07-25 03:29:57,901 [INFO] Reply from ptd: 'Range A changed'
ptd-server 2022-07-25 03:30:07,912 [INFO] Starting testing mode
ptd-server 2022-07-25 03:30:07,912 [INFO] Sending to ptd: 'Go,1000,0,2022-07-25_03-18-51_testing'
ptd-server 2022-07-25 03:30:07,912 [INFO] Reply from ptd: 'Starting untimed measurement, maximum 500000 samples at 1000ms with 0 rampup samples'
ptd-server 2022-07-25 03:30:07,912 [INFO] Sending reply to client 'OK'
ptd-server 2022-07-25 03:40:32,690 [INFO] Got command from the client 'session,2022-07-25_03-18-51,stop,testing'
ptd-server 2022-07-25 03:40:42,695 [INFO] Sending to ptd: 'Stop'
ptd-server 2022-07-25 03:40:42,695 [INFO] Reply from ptd: 'Stopping untimed measurement'
ptd-server 2022-07-25 03:40:43,104 [INFO] Sending reply to client 'OK'
ptd-server 2022-07-25 03:40:43,112 [INFO] Got command from the client 'session,2022-07-25_03-18-51,done'
ptd-server 2022-07-25 03:40:43,112 [INFO] Sending to ptd: 'Stop'
ptd-server 2022-07-25 03:40:43,112 [INFO] Reply from ptd: 'Error: no measurement to stop'
ptd-server 2022-07-25 03:40:43,112 [INFO] Sending to ptd: 'SR,V,Auto'
ptd-server 2022-07-25 03:40:43,614 [INFO] Reply from ptd: 'Range V changed'
ptd-server 2022-07-25 03:40:43,615 [INFO] Sending to ptd: 'SR,A,0.500000'
ptd-server 2022-07-25 03:40:45,116 [INFO] Reply from ptd: 'Range A changed'
ptd-server 2022-07-25 03:40:45,116 [INFO] Set initial values for Amps 0.500000 and Volts Auto
ptd-server 2022-07-25 03:40:45,116 [INFO] Stopping ptd...
