ptd-server 2022-08-02 14:22:29,719 [INFO] Got command from the client 'time'
ptd-server 2022-08-02 14:22:29,719 [INFO] Sending reply to client '1659446549.7195652'
ptd-server 2022-08-02 14:22:29,720 [INFO] Got command from the client 'new,,605d2482-e168-433b-bdf1-54b3f10d7b53'
ptd-server 2022-08-02 14:22:29,720 [INFO] Sending reply to client 'OK 2022-08-02_14-22-29,a43c7e41-cba6-404d-88d0-b9282ebca15d'
ptd-server 2022-08-02 14:22:29,749 [INFO] Got command from the client 'time'
ptd-server 2022-08-02 14:22:29,750 [INFO] Sending reply to client '1659446549.7500749'
ptd-server 2022-08-02 14:22:29,750 [INFO] Got command from the client 'session,2022-08-02_14-22-29,start,ranging'
ptd-server 2022-08-02 14:22:29,751 [INFO] Running PTDaemon: ['/home/anton/projects/mlperf/power/inference_v1.0/ptd-linux-x86', '-l', '/tmp/tmp7lgbo8s4/ptd_logfile.txt', '-p', '8888', '49', '/dev/usbtmc0']
ptd-server 2022-08-02 14:22:46,924 [INFO] Sending to ptd: 'Hello'
ptd-server 2022-08-02 14:22:46,924 [INFO] Reply from ptd: 'Hello, PTDaemon here!'
ptd-server 2022-08-02 14:22:46,925 [INFO] Sending to ptd: 'Identify'
ptd-server 2022-08-02 14:22:46,925 [INFO] Reply from ptd: 'YokogawaWT310E,1000,1,1,1,1,0,1,1,version=1.9.2-e8c7a49a-20201208,OS=Linux 5.13.0-52-generic #59~20.04.1-Ubuntu SMP Thu Jun 16 21:21:28 UTC 2022 x86_64,mode=power,1,1,1,0,0,no_cal_date,YOKOGAWA;WT310E;C3XA04010E;F1.04'
ptd-server 2022-08-02 14:22:46,925 [INFO] Connected to PTDaemon
ptd-server 2022-08-02 14:22:46,925 [INFO] Sending to ptd: 'RR'
ptd-server 2022-08-02 14:22:46,925 [INFO] Reply from ptd: 'Ranges,0,0.500000,1,300.000000'
ptd-server 2022-08-02 14:22:46,926 [INFO] Initial range for Amps is 0.500000 for Volts is Auto
ptd-server 2022-08-02 14:22:46,926 [INFO] Sending to ptd: 'SR,V,Auto'
ptd-server 2022-08-02 14:22:47,428 [INFO] Reply from ptd: 'Range V changed'
ptd-server 2022-08-02 14:22:47,428 [INFO] Sending to ptd: 'SR,A,Auto'
ptd-server 2022-08-02 14:22:47,931 [INFO] Reply from ptd: 'Range A changed'
ptd-server 2022-08-02 14:22:57,938 [INFO] Starting ranging mode
ptd-server 2022-08-02 14:22:57,938 [INFO] Sending to ptd: 'Go,1000,0,2022-08-02_14-22-29_ranging'
ptd-server 2022-08-02 14:22:57,938 [INFO] Reply from ptd: 'Starting untimed measurement, maximum 500000 samples at 1000ms with 0 rampup samples'
ptd-server 2022-08-02 14:22:57,939 [INFO] Sending reply to client 'OK'
ptd-server 2022-08-02 14:33:12,250 [INFO] Got command from the client 'session,2022-08-02_14-22-29,stop,ranging'
ptd-server 2022-08-02 14:33:22,260 [INFO] Sending to ptd: 'Stop'
ptd-server 2022-08-02 14:33:22,260 [INFO] Reply from ptd: 'Stopping untimed measurement'
ptd-server 2022-08-02 14:33:23,816 [INFO] Sending reply to client 'OK'
ptd-server 2022-08-02 14:33:23,866 [INFO] Got command from the client 'time'
ptd-server 2022-08-02 14:33:23,866 [INFO] Sending reply to client '1659447203.8661983'
ptd-server 2022-08-02 14:33:23,867 [INFO] Got command from the client 'session,2022-08-02_14-22-29,start,testing'
ptd-server 2022-08-02 14:33:23,867 [INFO] Sending to ptd: 'SR,V,252.610000'
ptd-server 2022-08-02 14:33:25,369 [INFO] Reply from ptd: 'Range V changed'
ptd-server 2022-08-02 14:33:25,369 [INFO] Sending to ptd: 'SR,A,0.300880'
ptd-server 2022-08-02 14:33:26,870 [INFO] Reply from ptd: 'Range A changed'
ptd-server 2022-08-02 14:33:36,880 [INFO] Starting testing mode
ptd-server 2022-08-02 14:33:36,880 [INFO] Sending to ptd: 'Go,1000,0,2022-08-02_14-22-29_testing'
ptd-server 2022-08-02 14:33:36,881 [INFO] Reply from ptd: 'Starting untimed measurement, maximum 500000 samples at 1000ms with 0 rampup samples'
ptd-server 2022-08-02 14:33:36,881 [INFO] Sending reply to client 'OK'
ptd-server 2022-08-02 14:43:50,912 [INFO] Got command from the client 'session,2022-08-02_14-22-29,stop,testing'
ptd-server 2022-08-02 14:44:00,922 [INFO] Sending to ptd: 'Stop'
ptd-server 2022-08-02 14:44:00,923 [INFO] Reply from ptd: 'Stopping untimed measurement'
ptd-server 2022-08-02 14:44:01,692 [INFO] Sending reply to client 'OK'
ptd-server 2022-08-02 14:44:01,705 [INFO] Got command from the client 'session,2022-08-02_14-22-29,done'
ptd-server 2022-08-02 14:44:01,705 [INFO] Sending to ptd: 'Stop'
ptd-server 2022-08-02 14:44:01,882 [INFO] Reply from ptd: 'Error: no measurement to stop'
ptd-server 2022-08-02 14:44:01,882 [INFO] Sending to ptd: 'SR,V,Auto'
ptd-server 2022-08-02 14:44:02,384 [INFO] Reply from ptd: 'Range V changed'
ptd-server 2022-08-02 14:44:02,384 [INFO] Sending to ptd: 'SR,A,0.500000'
ptd-server 2022-08-02 14:44:03,886 [INFO] Reply from ptd: 'Range A changed'
ptd-server 2022-08-02 14:44:03,886 [INFO] Set initial values for Amps 0.500000 and Volts Auto
ptd-server 2022-08-02 14:44:03,887 [INFO] Stopping ptd...
