ptd-server 2022-07-20 09:14:07,851 [INFO] Got command from the client 'time'
ptd-server 2022-07-20 09:14:07,852 [INFO] Sending reply to client '1658304847.8519945'
ptd-server 2022-07-20 09:14:07,856 [INFO] Got command from the client 'new,,97a75bc9-7d78-495e-8da8-cf4eefd0246d'
ptd-server 2022-07-20 09:14:07,856 [INFO] Sending reply to client 'OK 2022-07-20_09-14-07,12c27841-5b15-493b-885b-1083828e4527'
ptd-server 2022-07-20 09:14:07,891 [INFO] Got command from the client 'time'
ptd-server 2022-07-20 09:14:07,891 [INFO] Sending reply to client '1658304847.8915808'
ptd-server 2022-07-20 09:14:07,897 [INFO] Got command from the client 'session,2022-07-20_09-14-07,start,ranging'
ptd-server 2022-07-20 09:14:07,897 [INFO] Running PTDaemon: ['/home/anton/projects/mlperf/power/inference_v1.0/ptd-linux-x86', '-l', '/tmp/tmp7lgbo8s4/ptd_logfile.txt', '-p', '8888', '49', '/dev/usbtmc0']
ptd-server 2022-07-20 09:14:25,072 [INFO] Sending to ptd: 'Hello'
ptd-server 2022-07-20 09:14:25,073 [INFO] Reply from ptd: 'Hello, PTDaemon here!'
ptd-server 2022-07-20 09:14:25,073 [INFO] Sending to ptd: 'Identify'
ptd-server 2022-07-20 09:14:25,073 [INFO] Reply from ptd: 'YokogawaWT310E,1000,1,1,1,1,0,1,1,version=1.9.2-e8c7a49a-20201208,OS=Linux 5.13.0-52-generic #59~20.04.1-Ubuntu SMP Thu Jun 16 21:21:28 UTC 2022 x86_64,mode=power,1,1,1,0,0,no_cal_date,YOKOGAWA;WT310E;C3XA04010E;F1.04'
ptd-server 2022-07-20 09:14:25,073 [INFO] Connected to PTDaemon
ptd-server 2022-07-20 09:14:25,074 [INFO] Sending to ptd: 'RR'
ptd-server 2022-07-20 09:14:25,074 [INFO] Reply from ptd: 'Ranges,0,0.500000,1,300.000000'
ptd-server 2022-07-20 09:14:25,074 [INFO] Initial range for Amps is 0.500000 for Volts is Auto
ptd-server 2022-07-20 09:14:25,074 [INFO] Sending to ptd: 'SR,V,Auto'
ptd-server 2022-07-20 09:14:25,577 [INFO] Reply from ptd: 'Range V changed'
ptd-server 2022-07-20 09:14:25,577 [INFO] Sending to ptd: 'SR,A,Auto'
ptd-server 2022-07-20 09:14:26,079 [INFO] Reply from ptd: 'Range A changed'
ptd-server 2022-07-20 09:14:36,090 [INFO] Starting ranging mode
ptd-server 2022-07-20 09:14:36,090 [INFO] Sending to ptd: 'Go,1000,0,2022-07-20_09-14-07_ranging'
ptd-server 2022-07-20 09:14:36,090 [INFO] Reply from ptd: 'Starting untimed measurement, maximum 500000 samples at 1000ms with 0 rampup samples'
ptd-server 2022-07-20 09:14:36,090 [INFO] Sending reply to client 'OK'
ptd-server 2022-07-20 09:24:54,729 [INFO] Got command from the client 'session,2022-07-20_09-14-07,stop,ranging'
ptd-server 2022-07-20 09:25:04,740 [INFO] Sending to ptd: 'Stop'
ptd-server 2022-07-20 09:25:04,740 [INFO] Reply from ptd: 'Stopping untimed measurement'
ptd-server 2022-07-20 09:25:04,940 [INFO] Sending reply to client 'OK'
ptd-server 2022-07-20 09:25:05,022 [INFO] Got command from the client 'time'
ptd-server 2022-07-20 09:25:05,022 [INFO] Sending reply to client '1658305505.022823'
ptd-server 2022-07-20 09:25:05,030 [INFO] Got command from the client 'session,2022-07-20_09-14-07,start,testing'
ptd-server 2022-07-20 09:25:05,030 [INFO] Sending to ptd: 'SR,V,249.660000'
ptd-server 2022-07-20 09:25:06,591 [INFO] Reply from ptd: 'Range V changed'
ptd-server 2022-07-20 09:25:06,591 [INFO] Sending to ptd: 'SR,A,0.078320'
ptd-server 2022-07-20 09:25:08,093 [INFO] Reply from ptd: 'Range A changed'
ptd-server 2022-07-20 09:25:18,103 [INFO] Starting testing mode
ptd-server 2022-07-20 09:25:18,103 [INFO] Sending to ptd: 'Go,1000,0,2022-07-20_09-14-07_testing'
ptd-server 2022-07-20 09:25:18,104 [INFO] Reply from ptd: 'Starting untimed measurement, maximum 500000 samples at 1000ms with 0 rampup samples'
ptd-server 2022-07-20 09:25:18,104 [INFO] Sending reply to client 'OK'
ptd-server 2022-07-20 09:35:36,822 [INFO] Got command from the client 'session,2022-07-20_09-14-07,stop,testing'
ptd-server 2022-07-20 09:35:46,832 [INFO] Sending to ptd: 'Stop'
ptd-server 2022-07-20 09:35:46,833 [INFO] Reply from ptd: 'Stopping untimed measurement'
ptd-server 2022-07-20 09:35:46,944 [INFO] Sending reply to client 'OK'
ptd-server 2022-07-20 09:35:46,967 [INFO] Got command from the client 'session,2022-07-20_09-14-07,done'
ptd-server 2022-07-20 09:35:46,967 [INFO] Sending to ptd: 'Stop'
ptd-server 2022-07-20 09:35:47,104 [INFO] Reply from ptd: 'Error: no measurement to stop'
ptd-server 2022-07-20 09:35:47,104 [INFO] Sending to ptd: 'SR,V,Auto'
ptd-server 2022-07-20 09:35:47,607 [INFO] Reply from ptd: 'Range V changed'
ptd-server 2022-07-20 09:35:47,607 [INFO] Sending to ptd: 'SR,A,0.500000'
ptd-server 2022-07-20 09:35:49,108 [INFO] Reply from ptd: 'Range A changed'
ptd-server 2022-07-20 09:35:49,109 [INFO] Set initial values for Amps 0.500000 and Volts Auto
ptd-server 2022-07-20 09:35:49,109 [INFO] Stopping ptd...
