ptd-server 2022-07-19 15:34:23,237 [INFO] Got command from the client 'time'
ptd-server 2022-07-19 15:34:23,237 [INFO] Sending reply to client '1658241263.2376692'
ptd-server 2022-07-19 15:34:23,241 [INFO] Got command from the client 'new,,960957f4-7e97-461d-b1d8-35d33ea74647'
ptd-server 2022-07-19 15:34:23,241 [INFO] Sending reply to client 'OK 2022-07-19_15-34-23,a1b6af18-7a58-4ccb-a3c8-f885f3576666'
ptd-server 2022-07-19 15:34:23,282 [INFO] Got command from the client 'time'
ptd-server 2022-07-19 15:34:23,282 [INFO] Sending reply to client '1658241263.2821894'
ptd-server 2022-07-19 15:34:23,288 [INFO] Got command from the client 'session,2022-07-19_15-34-23,start,ranging'
ptd-server 2022-07-19 15:34:23,288 [INFO] Running PTDaemon: ['/home/anton/projects/mlperf/power/inference_v1.0/ptd-linux-x86', '-l', '/tmp/tmp7lgbo8s4/ptd_logfile.txt', '-p', '8888', '49', '/dev/usbtmc0']
ptd-server 2022-07-19 15:34:40,462 [INFO] Sending to ptd: 'Hello'
ptd-server 2022-07-19 15:34:40,462 [INFO] Reply from ptd: 'Hello, PTDaemon here!'
ptd-server 2022-07-19 15:34:40,463 [INFO] Sending to ptd: 'Identify'
ptd-server 2022-07-19 15:34:40,463 [INFO] Reply from ptd: 'YokogawaWT310E,1000,1,1,1,1,0,1,1,version=1.9.2-e8c7a49a-20201208,OS=Linux 5.13.0-52-generic #59~20.04.1-Ubuntu SMP Thu Jun 16 21:21:28 UTC 2022 x86_64,mode=power,1,1,1,0,0,no_cal_date,YOKOGAWA;WT310E;C3XA04010E;F1.04'
ptd-server 2022-07-19 15:34:40,463 [INFO] Connected to PTDaemon
ptd-server 2022-07-19 15:34:40,463 [INFO] Sending to ptd: 'RR'
ptd-server 2022-07-19 15:34:40,463 [INFO] Reply from ptd: 'Ranges,0,0.500000,1,300.000000'
ptd-server 2022-07-19 15:34:40,464 [INFO] Initial range for Amps is 0.500000 for Volts is Auto
ptd-server 2022-07-19 15:34:40,464 [INFO] Sending to ptd: 'SR,V,Auto'
ptd-server 2022-07-19 15:34:40,966 [INFO] Reply from ptd: 'Range V changed'
ptd-server 2022-07-19 15:34:40,966 [INFO] Sending to ptd: 'SR,A,Auto'
ptd-server 2022-07-19 15:34:41,469 [INFO] Reply from ptd: 'Range A changed'
ptd-server 2022-07-19 15:34:51,479 [INFO] Starting ranging mode
ptd-server 2022-07-19 15:34:51,479 [INFO] Sending to ptd: 'Go,1000,0,2022-07-19_15-34-23_ranging'
ptd-server 2022-07-19 15:34:51,480 [INFO] Reply from ptd: 'Starting untimed measurement, maximum 500000 samples at 1000ms with 0 rampup samples'
ptd-server 2022-07-19 15:34:51,480 [INFO] Sending reply to client 'OK'
ptd-server 2022-07-19 15:45:10,166 [INFO] Got command from the client 'session,2022-07-19_15-34-23,stop,ranging'
ptd-server 2022-07-19 15:45:20,176 [INFO] Sending to ptd: 'Stop'
ptd-server 2022-07-19 15:45:20,177 [INFO] Reply from ptd: 'Stopping untimed measurement'
ptd-server 2022-07-19 15:45:20,283 [INFO] Sending reply to client 'OK'
ptd-server 2022-07-19 15:45:20,383 [INFO] Got command from the client 'time'
ptd-server 2022-07-19 15:45:20,383 [INFO] Sending reply to client '1658241920.383804'
ptd-server 2022-07-19 15:45:20,389 [INFO] Got command from the client 'session,2022-07-19_15-34-23,start,testing'
ptd-server 2022-07-19 15:45:20,389 [INFO] Sending to ptd: 'SR,V,251.090000'
ptd-server 2022-07-19 15:45:21,982 [INFO] Reply from ptd: 'Range V changed'
ptd-server 2022-07-19 15:45:21,982 [INFO] Sending to ptd: 'SR,A,0.083270'
ptd-server 2022-07-19 15:45:23,483 [INFO] Reply from ptd: 'Range A changed'
ptd-server 2022-07-19 15:45:33,494 [INFO] Starting testing mode
ptd-server 2022-07-19 15:45:33,494 [INFO] Sending to ptd: 'Go,1000,0,2022-07-19_15-34-23_testing'
ptd-server 2022-07-19 15:45:33,494 [INFO] Reply from ptd: 'Starting untimed measurement, maximum 500000 samples at 1000ms with 0 rampup samples'
ptd-server 2022-07-19 15:45:33,494 [INFO] Sending reply to client 'OK'
ptd-server 2022-07-19 15:55:52,182 [INFO] Got command from the client 'session,2022-07-19_15-34-23,stop,testing'
ptd-server 2022-07-19 15:56:02,192 [INFO] Sending to ptd: 'Stop'
ptd-server 2022-07-19 15:56:02,192 [INFO] Reply from ptd: 'Stopping untimed measurement'
ptd-server 2022-07-19 15:56:02,247 [INFO] Sending reply to client 'OK'
ptd-server 2022-07-19 15:56:02,283 [INFO] Got command from the client 'session,2022-07-19_15-34-23,done'
ptd-server 2022-07-19 15:56:02,283 [INFO] Sending to ptd: 'Stop'
ptd-server 2022-07-19 15:56:02,494 [INFO] Reply from ptd: 'Error: no measurement to stop'
ptd-server 2022-07-19 15:56:02,495 [INFO] Sending to ptd: 'SR,V,Auto'
ptd-server 2022-07-19 15:56:02,997 [INFO] Reply from ptd: 'Range V changed'
ptd-server 2022-07-19 15:56:02,997 [INFO] Sending to ptd: 'SR,A,0.500000'
ptd-server 2022-07-19 15:56:04,499 [INFO] Reply from ptd: 'Range A changed'
ptd-server 2022-07-19 15:56:04,499 [INFO] Set initial values for Amps 0.500000 and Volts Auto
ptd-server 2022-07-19 15:56:04,499 [INFO] Stopping ptd...
