ptd-server 2022-08-01 17:12:44,237 [INFO] Got command from the client 'time'
ptd-server 2022-08-01 17:12:44,237 [INFO] Sending reply to client '1659370364.2374482'
ptd-server 2022-08-01 17:12:44,238 [INFO] Got command from the client 'new,,2e31198c-ca23-4cf4-a9bd-754e5bf39e4c'
ptd-server 2022-08-01 17:12:44,238 [INFO] Sending reply to client 'OK 2022-08-01_17-12-44,d1aceffa-0a17-405c-8407-d2306fde429c'
ptd-server 2022-08-01 17:12:44,267 [INFO] Got command from the client 'time'
ptd-server 2022-08-01 17:12:44,267 [INFO] Sending reply to client '1659370364.2674766'
ptd-server 2022-08-01 17:12:44,268 [INFO] Got command from the client 'session,2022-08-01_17-12-44,start,ranging'
ptd-server 2022-08-01 17:12:44,268 [INFO] Running PTDaemon: ['/home/anton/projects/mlperf/power/inference_v1.0/ptd-linux-x86', '-l', '/tmp/tmp7lgbo8s4/ptd_logfile.txt', '-p', '8888', '49', '/dev/usbtmc0']
ptd-server 2022-08-01 17:13:01,443 [INFO] Sending to ptd: 'Hello'
ptd-server 2022-08-01 17:13:01,443 [INFO] Reply from ptd: 'Hello, PTDaemon here!'
ptd-server 2022-08-01 17:13:01,444 [INFO] Sending to ptd: 'Identify'
ptd-server 2022-08-01 17:13:01,444 [INFO] Reply from ptd: 'YokogawaWT310E,1000,1,1,1,1,0,1,1,version=1.9.2-e8c7a49a-20201208,OS=Linux 5.13.0-52-generic #59~20.04.1-Ubuntu SMP Thu Jun 16 21:21:28 UTC 2022 x86_64,mode=power,1,1,1,0,0,no_cal_date,YOKOGAWA;WT310E;C3XA04010E;F1.04'
ptd-server 2022-08-01 17:13:01,444 [INFO] Connected to PTDaemon
ptd-server 2022-08-01 17:13:01,444 [INFO] Sending to ptd: 'RR'
ptd-server 2022-08-01 17:13:01,445 [INFO] Reply from ptd: 'Ranges,0,0.500000,1,300.000000'
ptd-server 2022-08-01 17:13:01,445 [INFO] Initial range for Amps is 0.500000 for Volts is Auto
ptd-server 2022-08-01 17:13:01,445 [INFO] Sending to ptd: 'SR,V,Auto'
ptd-server 2022-08-01 17:13:01,947 [INFO] Reply from ptd: 'Range V changed'
ptd-server 2022-08-01 17:13:01,947 [INFO] Sending to ptd: 'SR,A,Auto'
ptd-server 2022-08-01 17:13:02,450 [INFO] Reply from ptd: 'Range A changed'
ptd-server 2022-08-01 17:13:12,460 [INFO] Starting ranging mode
ptd-server 2022-08-01 17:13:12,460 [INFO] Sending to ptd: 'Go,1000,0,2022-08-01_17-12-44_ranging'
ptd-server 2022-08-01 17:13:12,461 [INFO] Reply from ptd: 'Starting untimed measurement, maximum 500000 samples at 1000ms with 0 rampup samples'
ptd-server 2022-08-01 17:13:12,461 [INFO] Sending reply to client 'OK'
ptd-server 2022-08-01 17:23:26,044 [INFO] Got command from the client 'session,2022-08-01_17-12-44,stop,ranging'
ptd-server 2022-08-01 17:23:36,051 [INFO] Sending to ptd: 'Stop'
ptd-server 2022-08-01 17:23:36,051 [INFO] Reply from ptd: 'Stopping untimed measurement'
ptd-server 2022-08-01 17:23:37,814 [INFO] Sending reply to client 'OK'
ptd-server 2022-08-01 17:23:37,868 [INFO] Got command from the client 'time'
ptd-server 2022-08-01 17:23:37,868 [INFO] Sending reply to client '1659371017.8685706'
ptd-server 2022-08-01 17:23:37,869 [INFO] Got command from the client 'session,2022-08-01_17-12-44,start,testing'
ptd-server 2022-08-01 17:23:37,869 [INFO] Sending to ptd: 'SR,V,250.600000'
ptd-server 2022-08-01 17:23:39,371 [INFO] Reply from ptd: 'Range V changed'
ptd-server 2022-08-01 17:23:39,371 [INFO] Sending to ptd: 'SR,A,0.279590'
ptd-server 2022-08-01 17:23:40,872 [INFO] Reply from ptd: 'Range A changed'
ptd-server 2022-08-01 17:23:50,883 [INFO] Starting testing mode
ptd-server 2022-08-01 17:23:50,883 [INFO] Sending to ptd: 'Go,1000,0,2022-08-01_17-12-44_testing'
ptd-server 2022-08-01 17:23:50,883 [INFO] Reply from ptd: 'Starting untimed measurement, maximum 500000 samples at 1000ms with 0 rampup samples'
ptd-server 2022-08-01 17:23:50,884 [INFO] Sending reply to client 'OK'
ptd-server 2022-08-01 17:34:02,364 [INFO] Got command from the client 'session,2022-08-01_17-12-44,stop,testing'
ptd-server 2022-08-01 17:34:12,374 [INFO] Sending to ptd: 'Stop'
ptd-server 2022-08-01 17:34:12,375 [INFO] Reply from ptd: 'Stopping untimed measurement'
ptd-server 2022-08-01 17:34:13,095 [INFO] Sending reply to client 'OK'
ptd-server 2022-08-01 17:34:13,108 [INFO] Got command from the client 'session,2022-08-01_17-12-44,done'
ptd-server 2022-08-01 17:34:13,108 [INFO] Sending to ptd: 'Stop'
ptd-server 2022-08-01 17:34:13,109 [INFO] Reply from ptd: 'Error: no measurement to stop'
ptd-server 2022-08-01 17:34:13,109 [INFO] Sending to ptd: 'SR,V,Auto'
ptd-server 2022-08-01 17:34:13,611 [INFO] Reply from ptd: 'Range V changed'
ptd-server 2022-08-01 17:34:13,611 [INFO] Sending to ptd: 'SR,A,0.500000'
ptd-server 2022-08-01 17:34:15,113 [INFO] Reply from ptd: 'Range A changed'
ptd-server 2022-08-01 17:34:15,113 [INFO] Set initial values for Amps 0.500000 and Volts Auto
ptd-server 2022-08-01 17:34:15,113 [INFO] Stopping ptd...
