ptd-server 2022-07-28 03:37:36,759 [INFO] Got command from the client 'time'
ptd-server 2022-07-28 03:37:36,759 [INFO] Sending reply to client '1658975856.7598786'
ptd-server 2022-07-28 03:37:36,763 [INFO] Got command from the client 'new,,760a3263-e432-43b9-9bb1-e38c72224e9b'
ptd-server 2022-07-28 03:37:36,764 [INFO] Sending reply to client 'OK 2022-07-28_03-37-36,aef817fd-bc40-4ad4-937b-cde4319b03bf'
ptd-server 2022-07-28 03:37:36,801 [INFO] Got command from the client 'time'
ptd-server 2022-07-28 03:37:36,801 [INFO] Sending reply to client '1658975856.8015516'
ptd-server 2022-07-28 03:37:36,805 [INFO] Got command from the client 'session,2022-07-28_03-37-36,start,ranging'
ptd-server 2022-07-28 03:37:36,805 [INFO] Running PTDaemon: ['/home/anton/projects/mlperf/power/inference_v1.0/ptd-linux-x86', '-l', '/tmp/tmp7lgbo8s4/ptd_logfile.txt', '-p', '8888', '49', '/dev/usbtmc0']
ptd-server 2022-07-28 03:37:53,979 [INFO] Sending to ptd: 'Hello'
ptd-server 2022-07-28 03:37:53,980 [INFO] Reply from ptd: 'Hello, PTDaemon here!'
ptd-server 2022-07-28 03:37:53,980 [INFO] Sending to ptd: 'Identify'
ptd-server 2022-07-28 03:37:53,980 [INFO] Reply from ptd: 'YokogawaWT310E,1000,1,1,1,1,0,1,1,version=1.9.2-e8c7a49a-20201208,OS=Linux 5.13.0-52-generic #59~20.04.1-Ubuntu SMP Thu Jun 16 21:21:28 UTC 2022 x86_64,mode=power,1,1,1,0,0,no_cal_date,YOKOGAWA;WT310E;C3XA04010E;F1.04'
ptd-server 2022-07-28 03:37:53,980 [INFO] Connected to PTDaemon
ptd-server 2022-07-28 03:37:53,980 [INFO] Sending to ptd: 'RR'
ptd-server 2022-07-28 03:37:53,981 [INFO] Reply from ptd: 'Ranges,0,0.500000,1,300.000000'
ptd-server 2022-07-28 03:37:53,981 [INFO] Initial range for Amps is 0.500000 for Volts is Auto
ptd-server 2022-07-28 03:37:53,981 [INFO] Sending to ptd: 'SR,V,Auto'
ptd-server 2022-07-28 03:37:54,483 [INFO] Reply from ptd: 'Range V changed'
ptd-server 2022-07-28 03:37:54,484 [INFO] Sending to ptd: 'SR,A,Auto'
ptd-server 2022-07-28 03:37:54,986 [INFO] Reply from ptd: 'Range A changed'
ptd-server 2022-07-28 03:38:04,995 [INFO] Starting ranging mode
ptd-server 2022-07-28 03:38:04,995 [INFO] Sending to ptd: 'Go,1000,0,2022-07-28_03-37-36_ranging'
ptd-server 2022-07-28 03:38:04,996 [INFO] Reply from ptd: 'Starting untimed measurement, maximum 500000 samples at 1000ms with 0 rampup samples'
ptd-server 2022-07-28 03:38:04,996 [INFO] Sending reply to client 'OK'
ptd-server 2022-07-28 03:48:20,406 [INFO] Got command from the client 'session,2022-07-28_03-37-36,stop,ranging'
ptd-server 2022-07-28 03:48:30,416 [INFO] Sending to ptd: 'Stop'
ptd-server 2022-07-28 03:48:30,417 [INFO] Reply from ptd: 'Stopping untimed measurement'
ptd-server 2022-07-28 03:48:31,448 [INFO] Sending reply to client 'OK'
ptd-server 2022-07-28 03:48:31,628 [INFO] Got command from the client 'time'
ptd-server 2022-07-28 03:48:31,628 [INFO] Sending reply to client '1658976511.6284933'
ptd-server 2022-07-28 03:48:31,633 [INFO] Got command from the client 'session,2022-07-28_03-37-36,start,testing'
ptd-server 2022-07-28 03:48:31,633 [INFO] Sending to ptd: 'SR,V,250.350000'
ptd-server 2022-07-28 03:48:33,134 [INFO] Reply from ptd: 'Range V changed'
ptd-server 2022-07-28 03:48:33,134 [INFO] Sending to ptd: 'SR,A,0.039370'
ptd-server 2022-07-28 03:48:34,636 [INFO] Reply from ptd: 'Range A changed'
ptd-server 2022-07-28 03:48:44,646 [INFO] Starting testing mode
ptd-server 2022-07-28 03:48:44,646 [INFO] Sending to ptd: 'Go,1000,0,2022-07-28_03-37-36_testing'
ptd-server 2022-07-28 03:48:44,647 [INFO] Reply from ptd: 'Starting untimed measurement, maximum 500000 samples at 1000ms with 0 rampup samples'
ptd-server 2022-07-28 03:48:44,647 [INFO] Sending reply to client 'OK'
ptd-server 2022-07-28 03:59:00,093 [INFO] Got command from the client 'session,2022-07-28_03-37-36,stop,testing'
ptd-server 2022-07-28 03:59:10,104 [INFO] Sending to ptd: 'Stop'
ptd-server 2022-07-28 03:59:10,104 [INFO] Reply from ptd: 'Stopping untimed measurement'
ptd-server 2022-07-28 03:59:10,631 [INFO] Sending reply to client 'OK'
ptd-server 2022-07-28 03:59:10,657 [INFO] Got command from the client 'session,2022-07-28_03-37-36,done'
ptd-server 2022-07-28 03:59:10,657 [INFO] Sending to ptd: 'Stop'
ptd-server 2022-07-28 03:59:10,657 [INFO] Reply from ptd: 'Error: no measurement to stop'
ptd-server 2022-07-28 03:59:10,657 [INFO] Sending to ptd: 'SR,V,Auto'
ptd-server 2022-07-28 03:59:11,160 [INFO] Reply from ptd: 'Range V changed'
ptd-server 2022-07-28 03:59:11,160 [INFO] Sending to ptd: 'SR,A,0.500000'
ptd-server 2022-07-28 03:59:12,661 [INFO] Reply from ptd: 'Range A changed'
ptd-server 2022-07-28 03:59:12,661 [INFO] Set initial values for Amps 0.500000 and Volts Auto
ptd-server 2022-07-28 03:59:12,662 [INFO] Stopping ptd...
