ptd-server 2022-07-23 05:12:45,006 [INFO] Got command from the client 'time'
ptd-server 2022-07-23 05:12:45,006 [INFO] Sending reply to client '1658549565.0067687'
ptd-server 2022-07-23 05:12:45,008 [INFO] Got command from the client 'new,,5403c096-0aea-444d-9602-8a67d92a9590'
ptd-server 2022-07-23 05:12:45,008 [INFO] Sending reply to client 'OK 2022-07-23_05-12-45,00a9ba3d-5842-4f1a-92d7-5280523789db'
ptd-server 2022-07-23 05:12:45,042 [INFO] Got command from the client 'time'
ptd-server 2022-07-23 05:12:45,042 [INFO] Sending reply to client '1658549565.0427363'
ptd-server 2022-07-23 05:12:45,043 [INFO] Got command from the client 'session,2022-07-23_05-12-45,start,ranging'
ptd-server 2022-07-23 05:12:45,044 [INFO] Running PTDaemon: ['/home/anton/projects/mlperf/power/inference_v1.0/ptd-linux-x86', '-l', '/tmp/tmp7lgbo8s4/ptd_logfile.txt', '-p', '8888', '49', '/dev/usbtmc0']
ptd-server 2022-07-23 05:13:02,218 [INFO] Sending to ptd: 'Hello'
ptd-server 2022-07-23 05:13:02,219 [INFO] Reply from ptd: 'Hello, PTDaemon here!'
ptd-server 2022-07-23 05:13:02,219 [INFO] Sending to ptd: 'Identify'
ptd-server 2022-07-23 05:13:02,220 [INFO] Reply from ptd: 'YokogawaWT310E,1000,1,1,1,1,0,1,1,version=1.9.2-e8c7a49a-20201208,OS=Linux 5.13.0-52-generic #59~20.04.1-Ubuntu SMP Thu Jun 16 21:21:28 UTC 2022 x86_64,mode=power,1,1,1,0,0,no_cal_date,YOKOGAWA;WT310E;C3XA04010E;F1.04'
ptd-server 2022-07-23 05:13:02,220 [INFO] Connected to PTDaemon
ptd-server 2022-07-23 05:13:02,220 [INFO] Sending to ptd: 'RR'
ptd-server 2022-07-23 05:13:02,220 [INFO] Reply from ptd: 'Ranges,0,0.500000,1,300.000000'
ptd-server 2022-07-23 05:13:02,220 [INFO] Initial range for Amps is 0.500000 for Volts is Auto
ptd-server 2022-07-23 05:13:02,220 [INFO] Sending to ptd: 'SR,V,Auto'
ptd-server 2022-07-23 05:13:02,723 [INFO] Reply from ptd: 'Range V changed'
ptd-server 2022-07-23 05:13:02,723 [INFO] Sending to ptd: 'SR,A,Auto'
ptd-server 2022-07-23 05:13:03,226 [INFO] Reply from ptd: 'Range A changed'
ptd-server 2022-07-23 05:13:13,236 [INFO] Starting ranging mode
ptd-server 2022-07-23 05:13:13,236 [INFO] Sending to ptd: 'Go,1000,0,2022-07-23_05-12-45_ranging'
ptd-server 2022-07-23 05:13:13,237 [INFO] Reply from ptd: 'Starting untimed measurement, maximum 500000 samples at 1000ms with 0 rampup samples'
ptd-server 2022-07-23 05:13:13,237 [INFO] Sending reply to client 'OK'
ptd-server 2022-07-23 05:23:29,651 [INFO] Got command from the client 'session,2022-07-23_05-12-45,stop,ranging'
ptd-server 2022-07-23 05:23:39,661 [INFO] Sending to ptd: 'Stop'
ptd-server 2022-07-23 05:23:39,662 [INFO] Reply from ptd: 'Stopping untimed measurement'
ptd-server 2022-07-23 05:23:40,176 [INFO] Sending reply to client 'OK'
ptd-server 2022-07-23 05:23:40,223 [INFO] Got command from the client 'time'
ptd-server 2022-07-23 05:23:40,223 [INFO] Sending reply to client '1658550220.2231321'
ptd-server 2022-07-23 05:23:40,224 [INFO] Got command from the client 'session,2022-07-23_05-12-45,start,testing'
ptd-server 2022-07-23 05:23:40,224 [INFO] Sending to ptd: 'SR,V,250.900000'
ptd-server 2022-07-23 05:23:41,738 [INFO] Reply from ptd: 'Range V changed'
ptd-server 2022-07-23 05:23:41,738 [INFO] Sending to ptd: 'SR,A,0.050490'
ptd-server 2022-07-23 05:23:43,240 [INFO] Reply from ptd: 'Range A changed'
ptd-server 2022-07-23 05:23:53,250 [INFO] Starting testing mode
ptd-server 2022-07-23 05:23:53,250 [INFO] Sending to ptd: 'Go,1000,0,2022-07-23_05-12-45_testing'
ptd-server 2022-07-23 05:23:53,251 [INFO] Reply from ptd: 'Starting untimed measurement, maximum 500000 samples at 1000ms with 0 rampup samples'
ptd-server 2022-07-23 05:23:53,251 [INFO] Sending reply to client 'OK'
ptd-server 2022-07-23 05:34:09,633 [INFO] Got command from the client 'session,2022-07-23_05-12-45,stop,testing'
ptd-server 2022-07-23 05:34:19,643 [INFO] Sending to ptd: 'Stop'
ptd-server 2022-07-23 05:34:19,644 [INFO] Reply from ptd: 'Stopping untimed measurement'
ptd-server 2022-07-23 05:34:19,923 [INFO] Sending reply to client 'OK'
ptd-server 2022-07-23 05:34:19,931 [INFO] Got command from the client 'session,2022-07-23_05-12-45,done'
ptd-server 2022-07-23 05:34:19,932 [INFO] Sending to ptd: 'Stop'
ptd-server 2022-07-23 05:34:20,251 [INFO] Reply from ptd: 'Error: no measurement to stop'
ptd-server 2022-07-23 05:34:20,252 [INFO] Sending to ptd: 'SR,V,Auto'
ptd-server 2022-07-23 05:34:20,754 [INFO] Reply from ptd: 'Range V changed'
ptd-server 2022-07-23 05:34:20,754 [INFO] Sending to ptd: 'SR,A,0.500000'
ptd-server 2022-07-23 05:34:22,256 [INFO] Reply from ptd: 'Range A changed'
ptd-server 2022-07-23 05:34:22,256 [INFO] Set initial values for Amps 0.500000 and Volts Auto
ptd-server 2022-07-23 05:34:22,256 [INFO] Stopping ptd...
