ptd-server 2022-07-26 00:40:12,122 [INFO] Got command from the client 'time'
ptd-server 2022-07-26 00:40:12,122 [INFO] Sending reply to client '1658792412.1227093'
ptd-server 2022-07-26 00:40:12,124 [INFO] Got command from the client 'new,,73c0679c-dce2-426c-ad95-16b44339174d'
ptd-server 2022-07-26 00:40:12,124 [INFO] Sending reply to client 'OK 2022-07-26_00-40-12,7fb12241-5c76-4eb0-8a54-de73634091ea'
ptd-server 2022-07-26 00:40:12,162 [INFO] Got command from the client 'time'
ptd-server 2022-07-26 00:40:12,162 [INFO] Sending reply to client '1658792412.1626558'
ptd-server 2022-07-26 00:40:12,163 [INFO] Got command from the client 'session,2022-07-26_00-40-12,start,ranging'
ptd-server 2022-07-26 00:40:12,164 [INFO] Running PTDaemon: ['/home/anton/projects/mlperf/power/inference_v1.0/ptd-linux-x86', '-l', '/tmp/tmp7lgbo8s4/ptd_logfile.txt', '-p', '8888', '49', '/dev/usbtmc0']
ptd-server 2022-07-26 00:40:29,339 [INFO] Sending to ptd: 'Hello'
ptd-server 2022-07-26 00:40:29,339 [INFO] Reply from ptd: 'Hello, PTDaemon here!'
ptd-server 2022-07-26 00:40:29,340 [INFO] Sending to ptd: 'Identify'
ptd-server 2022-07-26 00:40:29,340 [INFO] Reply from ptd: 'YokogawaWT310E,1000,1,1,1,1,0,1,1,version=1.9.2-e8c7a49a-20201208,OS=Linux 5.13.0-52-generic #59~20.04.1-Ubuntu SMP Thu Jun 16 21:21:28 UTC 2022 x86_64,mode=power,1,1,1,0,0,no_cal_date,YOKOGAWA;WT310E;C3XA04010E;F1.04'
ptd-server 2022-07-26 00:40:29,340 [INFO] Connected to PTDaemon
ptd-server 2022-07-26 00:40:29,340 [INFO] Sending to ptd: 'RR'
ptd-server 2022-07-26 00:40:29,341 [INFO] Reply from ptd: 'Ranges,0,0.500000,1,300.000000'
ptd-server 2022-07-26 00:40:29,341 [INFO] Initial range for Amps is 0.500000 for Volts is Auto
ptd-server 2022-07-26 00:40:29,341 [INFO] Sending to ptd: 'SR,V,Auto'
ptd-server 2022-07-26 00:40:29,843 [INFO] Reply from ptd: 'Range V changed'
ptd-server 2022-07-26 00:40:29,843 [INFO] Sending to ptd: 'SR,A,Auto'
ptd-server 2022-07-26 00:40:30,346 [INFO] Reply from ptd: 'Range A changed'
ptd-server 2022-07-26 00:40:40,356 [INFO] Starting ranging mode
ptd-server 2022-07-26 00:40:40,356 [INFO] Sending to ptd: 'Go,1000,0,2022-07-26_00-40-12_ranging'
ptd-server 2022-07-26 00:40:40,357 [INFO] Reply from ptd: 'Starting untimed measurement, maximum 500000 samples at 1000ms with 0 rampup samples'
ptd-server 2022-07-26 00:40:40,357 [INFO] Sending reply to client 'OK'
ptd-server 2022-07-26 00:51:03,026 [INFO] Got command from the client 'session,2022-07-26_00-40-12,stop,ranging'
ptd-server 2022-07-26 00:51:13,036 [INFO] Sending to ptd: 'Stop'
ptd-server 2022-07-26 00:51:13,037 [INFO] Reply from ptd: 'Stopping untimed measurement'
ptd-server 2022-07-26 00:51:13,861 [INFO] Sending reply to client 'OK'
ptd-server 2022-07-26 00:51:13,918 [INFO] Got command from the client 'time'
ptd-server 2022-07-26 00:51:13,918 [INFO] Sending reply to client '1658793073.91853'
ptd-server 2022-07-26 00:51:13,919 [INFO] Got command from the client 'session,2022-07-26_00-40-12,start,testing'
ptd-server 2022-07-26 00:51:13,919 [INFO] Sending to ptd: 'SR,V,251.800000'
ptd-server 2022-07-26 00:51:15,421 [INFO] Reply from ptd: 'Range V changed'
ptd-server 2022-07-26 00:51:15,421 [INFO] Sending to ptd: 'SR,A,0.065040'
ptd-server 2022-07-26 00:51:16,922 [INFO] Reply from ptd: 'Range A changed'
ptd-server 2022-07-26 00:51:26,932 [INFO] Starting testing mode
ptd-server 2022-07-26 00:51:26,933 [INFO] Sending to ptd: 'Go,1000,0,2022-07-26_00-40-12_testing'
ptd-server 2022-07-26 00:51:26,933 [INFO] Reply from ptd: 'Starting untimed measurement, maximum 500000 samples at 1000ms with 0 rampup samples'
ptd-server 2022-07-26 00:51:26,933 [INFO] Sending reply to client 'OK'
ptd-server 2022-07-26 01:01:44,521 [INFO] Got command from the client 'session,2022-07-26_00-40-12,stop,testing'
ptd-server 2022-07-26 01:01:54,531 [INFO] Sending to ptd: 'Stop'
ptd-server 2022-07-26 01:01:54,531 [INFO] Reply from ptd: 'Stopping untimed measurement'
ptd-server 2022-07-26 01:01:54,968 [INFO] Sending reply to client 'OK'
ptd-server 2022-07-26 01:01:54,976 [INFO] Got command from the client 'session,2022-07-26_00-40-12,done'
ptd-server 2022-07-26 01:01:54,976 [INFO] Sending to ptd: 'Stop'
ptd-server 2022-07-26 01:01:54,976 [INFO] Reply from ptd: 'Error: no measurement to stop'
ptd-server 2022-07-26 01:01:54,976 [INFO] Sending to ptd: 'SR,V,Auto'
ptd-server 2022-07-26 01:01:55,479 [INFO] Reply from ptd: 'Range V changed'
ptd-server 2022-07-26 01:01:55,479 [INFO] Sending to ptd: 'SR,A,0.500000'
ptd-server 2022-07-26 01:01:56,980 [INFO] Reply from ptd: 'Range A changed'
ptd-server 2022-07-26 01:01:56,981 [INFO] Set initial values for Amps 0.500000 and Volts Auto
ptd-server 2022-07-26 01:01:56,981 [INFO] Stopping ptd...
