ptd-server 2022-08-05 07:21:02,573 [INFO] Got command from the client 'time'
ptd-server 2022-08-05 07:21:02,573 [INFO] Sending reply to client '1659702062.5732327'
ptd-server 2022-08-05 07:21:02,575 [INFO] Got command from the client 'new,,f40f7905-181e-44e4-ad4d-d4d57452c266'
ptd-server 2022-08-05 07:21:02,576 [INFO] Sending reply to client 'OK 2022-08-05_07-21-02,c7c6e57d-2561-4a0a-ae6b-bf59a148401d'
ptd-server 2022-08-05 07:21:02,682 [INFO] Got command from the client 'time'
ptd-server 2022-08-05 07:21:02,682 [INFO] Sending reply to client '1659702062.6827524'
ptd-server 2022-08-05 07:21:02,685 [INFO] Got command from the client 'session,2022-08-05_07-21-02,start,ranging'
ptd-server 2022-08-05 07:21:02,685 [INFO] Running PTDaemon: ['/local/mnt/workspace/mlcommons/power-main/inference_v1.0/ptd-linux-x86', '-l', '/tmp/tmpl8t2s5ku/ptd_logfile.txt', '-p', '8888', '-c', '1', '52', '/dev/usbtmc0']
ptd-server 2022-08-05 07:21:19,806 [INFO] Sending to ptd: 'Hello'
ptd-server 2022-08-05 07:21:19,807 [INFO] Reply from ptd: 'Hello, PTDaemon here!'
ptd-server 2022-08-05 07:21:19,808 [INFO] Sending to ptd: 'Identify'
ptd-server 2022-08-05 07:21:19,808 [INFO] Reply from ptd: 'YokogawaWT330,1000,1,1,1,1,0,0,1,version=1.9.2-e8c7a49a-20201208,OS=Linux 5.4.0-120-generic #136~18.04.1-Ubuntu SMP Fri Jun 10 18:00:44 UTC 2022 x86_64,mode=power,1,1,1,0,0,no_cal_date,YOKOGAWA;WT333;C2QH26002V;F1.06'
ptd-server 2022-08-05 07:21:19,808 [INFO] Connected to PTDaemon
ptd-server 2022-08-05 07:21:19,808 [INFO] Sending to ptd: 'RR'
ptd-server 2022-08-05 07:21:19,809 [INFO] Reply from ptd: 'Ranges,1,1.000000,1,150.000000'
ptd-server 2022-08-05 07:21:19,809 [INFO] Initial range for Amps is Auto for Volts is Auto
ptd-server 2022-08-05 07:21:19,809 [INFO] Sending to ptd: 'SR,V,Auto'
ptd-server 2022-08-05 07:21:20,312 [INFO] Reply from ptd: 'Range V changed'
ptd-server 2022-08-05 07:21:20,313 [INFO] Sending to ptd: 'SR,A,Auto'
ptd-server 2022-08-05 07:21:20,816 [INFO] Reply from ptd: 'Range A changed'
ptd-server 2022-08-05 07:21:30,820 [INFO] Starting ranging mode
ptd-server 2022-08-05 07:21:30,820 [INFO] Sending to ptd: 'Go,1000,0,2022-08-05_07-21-02_ranging'
ptd-server 2022-08-05 07:21:30,821 [INFO] Reply from ptd: 'Starting untimed measurement, maximum 500000 samples at 1000ms with 0 rampup samples'
ptd-server 2022-08-05 07:21:30,821 [INFO] Sending reply to client 'OK'
ptd-server 2022-08-05 07:31:49,263 [INFO] Got command from the client 'session,2022-08-05_07-21-02,stop,ranging'
ptd-server 2022-08-05 07:31:59,274 [INFO] Sending to ptd: 'Stop'
ptd-server 2022-08-05 07:31:59,274 [INFO] Reply from ptd: 'Stopping untimed measurement'
ptd-server 2022-08-05 07:31:59,365 [INFO] Sending reply to client 'OK'
ptd-server 2022-08-05 07:31:59,490 [INFO] Got command from the client 'time'
ptd-server 2022-08-05 07:31:59,491 [INFO] Sending reply to client '1659702719.49103'
ptd-server 2022-08-05 07:31:59,494 [INFO] Got command from the client 'session,2022-08-05_07-21-02,start,testing'
ptd-server 2022-08-05 07:31:59,494 [INFO] Sending to ptd: 'SR,V,118.270000'
ptd-server 2022-08-05 07:32:01,324 [INFO] Reply from ptd: 'Range V changed'
ptd-server 2022-08-05 07:32:01,324 [INFO] Sending to ptd: 'SR,A,0.160500'
ptd-server 2022-08-05 07:32:02,827 [INFO] Reply from ptd: 'Range A changed'
ptd-server 2022-08-05 07:32:12,837 [INFO] Starting testing mode
ptd-server 2022-08-05 07:32:12,837 [INFO] Sending to ptd: 'Go,1000,0,2022-08-05_07-21-02_testing'
ptd-server 2022-08-05 07:32:12,838 [INFO] Reply from ptd: 'Starting untimed measurement, maximum 500000 samples at 1000ms with 0 rampup samples'
ptd-server 2022-08-05 07:32:12,838 [INFO] Sending reply to client 'OK'
ptd-server 2022-08-05 07:42:32,184 [INFO] Got command from the client 'session,2022-08-05_07-21-02,stop,testing'
ptd-server 2022-08-05 07:42:42,194 [INFO] Sending to ptd: 'Stop'
ptd-server 2022-08-05 07:42:42,195 [INFO] Reply from ptd: 'Stopping untimed measurement'
ptd-server 2022-08-05 07:42:42,246 [INFO] Sending reply to client 'OK'
ptd-server 2022-08-05 07:42:42,278 [INFO] Got command from the client 'session,2022-08-05_07-21-02,done'
ptd-server 2022-08-05 07:42:42,278 [INFO] Sending to ptd: 'Stop'
ptd-server 2022-08-05 07:42:42,838 [INFO] Reply from ptd: 'Error: no measurement to stop'
ptd-server 2022-08-05 07:42:42,839 [INFO] Sending to ptd: 'SR,V,Auto'
ptd-server 2022-08-05 07:42:43,342 [INFO] Reply from ptd: 'Range V changed'
ptd-server 2022-08-05 07:42:43,342 [INFO] Sending to ptd: 'SR,A,Auto'
ptd-server 2022-08-05 07:42:43,845 [INFO] Reply from ptd: 'Range A changed'
ptd-server 2022-08-05 07:42:43,845 [INFO] Set initial values for Amps Auto and Volts Auto
ptd-server 2022-08-05 07:42:43,846 [INFO] Stopping ptd...
