ptd-server 2022-07-19 23:24:41,758 [INFO] Got command from the client 'time'
ptd-server 2022-07-19 23:24:41,758 [INFO] Sending reply to client '1658269481.7582688'
ptd-server 2022-07-19 23:24:41,762 [INFO] Got command from the client 'new,,e423fb8d-eedc-4ccb-bd81-763d14ab4409'
ptd-server 2022-07-19 23:24:41,763 [INFO] Sending reply to client 'OK 2022-07-19_23-24-41,a20a5771-6715-4216-8709-e7106d52e525'
ptd-server 2022-07-19 23:24:41,808 [INFO] Got command from the client 'time'
ptd-server 2022-07-19 23:24:41,808 [INFO] Sending reply to client '1658269481.808215'
ptd-server 2022-07-19 23:24:41,814 [INFO] Got command from the client 'session,2022-07-19_23-24-41,start,ranging'
ptd-server 2022-07-19 23:24:41,814 [INFO] Running PTDaemon: ['/home/anton/projects/mlperf/power/inference_v1.0/ptd-linux-x86', '-l', '/tmp/tmp7lgbo8s4/ptd_logfile.txt', '-p', '8888', '49', '/dev/usbtmc0']
ptd-server 2022-07-19 23:24:58,989 [INFO] Sending to ptd: 'Hello'
ptd-server 2022-07-19 23:24:58,989 [INFO] Reply from ptd: 'Hello, PTDaemon here!'
ptd-server 2022-07-19 23:24:58,990 [INFO] Sending to ptd: 'Identify'
ptd-server 2022-07-19 23:24:58,990 [INFO] Reply from ptd: 'YokogawaWT310E,1000,1,1,1,1,0,1,1,version=1.9.2-e8c7a49a-20201208,OS=Linux 5.13.0-52-generic #59~20.04.1-Ubuntu SMP Thu Jun 16 21:21:28 UTC 2022 x86_64,mode=power,1,1,1,0,0,no_cal_date,YOKOGAWA;WT310E;C3XA04010E;F1.04'
ptd-server 2022-07-19 23:24:58,990 [INFO] Connected to PTDaemon
ptd-server 2022-07-19 23:24:58,990 [INFO] Sending to ptd: 'RR'
ptd-server 2022-07-19 23:24:58,990 [INFO] Reply from ptd: 'Ranges,0,0.500000,1,300.000000'
ptd-server 2022-07-19 23:24:58,991 [INFO] Initial range for Amps is 0.500000 for Volts is Auto
ptd-server 2022-07-19 23:24:58,991 [INFO] Sending to ptd: 'SR,V,Auto'
ptd-server 2022-07-19 23:24:59,493 [INFO] Reply from ptd: 'Range V changed'
ptd-server 2022-07-19 23:24:59,493 [INFO] Sending to ptd: 'SR,A,Auto'
ptd-server 2022-07-19 23:24:59,996 [INFO] Reply from ptd: 'Range A changed'
ptd-server 2022-07-19 23:25:10,006 [INFO] Starting ranging mode
ptd-server 2022-07-19 23:25:10,006 [INFO] Sending to ptd: 'Go,1000,0,2022-07-19_23-24-41_ranging'
ptd-server 2022-07-19 23:25:10,007 [INFO] Reply from ptd: 'Starting untimed measurement, maximum 500000 samples at 1000ms with 0 rampup samples'
ptd-server 2022-07-19 23:25:10,007 [INFO] Sending reply to client 'OK'
ptd-server 2022-07-19 23:35:28,333 [INFO] Got command from the client 'session,2022-07-19_23-24-41,stop,ranging'
ptd-server 2022-07-19 23:35:38,344 [INFO] Sending to ptd: 'Stop'
ptd-server 2022-07-19 23:35:38,344 [INFO] Reply from ptd: 'Stopping untimed measurement'
ptd-server 2022-07-19 23:35:38,489 [INFO] Sending reply to client 'OK'
ptd-server 2022-07-19 23:35:38,677 [INFO] Got command from the client 'time'
ptd-server 2022-07-19 23:35:38,678 [INFO] Sending reply to client '1658270138.6781192'
ptd-server 2022-07-19 23:35:38,682 [INFO] Got command from the client 'session,2022-07-19_23-24-41,start,testing'
ptd-server 2022-07-19 23:35:38,682 [INFO] Sending to ptd: 'SR,V,251.390000'
ptd-server 2022-07-19 23:35:40,508 [INFO] Reply from ptd: 'Range V changed'
ptd-server 2022-07-19 23:35:40,509 [INFO] Sending to ptd: 'SR,A,0.078650'
ptd-server 2022-07-19 23:35:42,010 [INFO] Reply from ptd: 'Range A changed'
ptd-server 2022-07-19 23:35:52,020 [INFO] Starting testing mode
ptd-server 2022-07-19 23:35:52,021 [INFO] Sending to ptd: 'Go,1000,0,2022-07-19_23-24-41_testing'
ptd-server 2022-07-19 23:35:52,021 [INFO] Reply from ptd: 'Starting untimed measurement, maximum 500000 samples at 1000ms with 0 rampup samples'
ptd-server 2022-07-19 23:35:52,021 [INFO] Sending reply to client 'OK'
ptd-server 2022-07-19 23:46:10,403 [INFO] Got command from the client 'session,2022-07-19_23-24-41,stop,testing'
ptd-server 2022-07-19 23:46:20,414 [INFO] Sending to ptd: 'Stop'
ptd-server 2022-07-19 23:46:20,414 [INFO] Reply from ptd: 'Stopping untimed measurement'
ptd-server 2022-07-19 23:46:20,492 [INFO] Sending reply to client 'OK'
ptd-server 2022-07-19 23:46:20,557 [INFO] Got command from the client 'session,2022-07-19_23-24-41,done'
ptd-server 2022-07-19 23:46:20,557 [INFO] Sending to ptd: 'Stop'
ptd-server 2022-07-19 23:46:21,021 [INFO] Reply from ptd: 'Error: no measurement to stop'
ptd-server 2022-07-19 23:46:21,022 [INFO] Sending to ptd: 'SR,V,Auto'
ptd-server 2022-07-19 23:46:21,524 [INFO] Reply from ptd: 'Range V changed'
ptd-server 2022-07-19 23:46:21,524 [INFO] Sending to ptd: 'SR,A,0.500000'
ptd-server 2022-07-19 23:46:23,026 [INFO] Reply from ptd: 'Range A changed'
ptd-server 2022-07-19 23:46:23,026 [INFO] Set initial values for Amps 0.500000 and Volts Auto
ptd-server 2022-07-19 23:46:23,026 [INFO] Stopping ptd...
