ptd-server 2022-07-20 17:23:06,030 [INFO] Got command from the client 'time'
ptd-server 2022-07-20 17:23:06,031 [INFO] Sending reply to client '1658334186.0310235'
ptd-server 2022-07-20 17:23:06,035 [INFO] Got command from the client 'new,,fb1cc850-bd0f-403f-a04a-e8f1413c5967'
ptd-server 2022-07-20 17:23:06,035 [INFO] Sending reply to client 'OK 2022-07-20_17-23-06,2a52d13c-2268-4e1d-84e8-b32acd046819'
ptd-server 2022-07-20 17:23:06,070 [INFO] Got command from the client 'time'
ptd-server 2022-07-20 17:23:06,070 [INFO] Sending reply to client '1658334186.0707319'
ptd-server 2022-07-20 17:23:06,074 [INFO] Got command from the client 'session,2022-07-20_17-23-06,start,ranging'
ptd-server 2022-07-20 17:23:06,075 [INFO] Running PTDaemon: ['/home/anton/projects/mlperf/power/inference_v1.0/ptd-linux-x86', '-l', '/tmp/tmp7lgbo8s4/ptd_logfile.txt', '-p', '8888', '49', '/dev/usbtmc0']
ptd-server 2022-07-20 17:23:23,248 [INFO] Sending to ptd: 'Hello'
ptd-server 2022-07-20 17:23:23,249 [INFO] Reply from ptd: 'Hello, PTDaemon here!'
ptd-server 2022-07-20 17:23:23,249 [INFO] Sending to ptd: 'Identify'
ptd-server 2022-07-20 17:23:23,249 [INFO] Reply from ptd: 'YokogawaWT310E,1000,1,1,1,1,0,1,1,version=1.9.2-e8c7a49a-20201208,OS=Linux 5.13.0-52-generic #59~20.04.1-Ubuntu SMP Thu Jun 16 21:21:28 UTC 2022 x86_64,mode=power,1,1,1,0,0,no_cal_date,YOKOGAWA;WT310E;C3XA04010E;F1.04'
ptd-server 2022-07-20 17:23:23,249 [INFO] Connected to PTDaemon
ptd-server 2022-07-20 17:23:23,250 [INFO] Sending to ptd: 'RR'
ptd-server 2022-07-20 17:23:23,250 [INFO] Reply from ptd: 'Ranges,0,0.500000,1,300.000000'
ptd-server 2022-07-20 17:23:23,250 [INFO] Initial range for Amps is 0.500000 for Volts is Auto
ptd-server 2022-07-20 17:23:23,250 [INFO] Sending to ptd: 'SR,V,Auto'
ptd-server 2022-07-20 17:23:23,753 [INFO] Reply from ptd: 'Range V changed'
ptd-server 2022-07-20 17:23:23,753 [INFO] Sending to ptd: 'SR,A,Auto'
ptd-server 2022-07-20 17:23:24,255 [INFO] Reply from ptd: 'Range A changed'
ptd-server 2022-07-20 17:23:34,265 [INFO] Starting ranging mode
ptd-server 2022-07-20 17:23:34,266 [INFO] Sending to ptd: 'Go,1000,0,2022-07-20_17-23-06_ranging'
ptd-server 2022-07-20 17:23:34,266 [INFO] Reply from ptd: 'Starting untimed measurement, maximum 500000 samples at 1000ms with 0 rampup samples'
ptd-server 2022-07-20 17:23:34,266 [INFO] Sending reply to client 'OK'
ptd-server 2022-07-20 17:33:52,392 [INFO] Got command from the client 'session,2022-07-20_17-23-06,stop,ranging'
ptd-server 2022-07-20 17:34:02,403 [INFO] Sending to ptd: 'Stop'
ptd-server 2022-07-20 17:34:02,403 [INFO] Reply from ptd: 'Stopping untimed measurement'
ptd-server 2022-07-20 17:34:02,642 [INFO] Sending reply to client 'OK'
ptd-server 2022-07-20 17:34:02,723 [INFO] Got command from the client 'time'
ptd-server 2022-07-20 17:34:02,723 [INFO] Sending reply to client '1658334842.7232046'
ptd-server 2022-07-20 17:34:02,730 [INFO] Got command from the client 'session,2022-07-20_17-23-06,start,testing'
ptd-server 2022-07-20 17:34:02,730 [INFO] Sending to ptd: 'SR,V,251.110000'
ptd-server 2022-07-20 17:34:04,768 [INFO] Reply from ptd: 'Range V changed'
ptd-server 2022-07-20 17:34:04,768 [INFO] Sending to ptd: 'SR,A,0.077160'
ptd-server 2022-07-20 17:34:06,269 [INFO] Reply from ptd: 'Range A changed'
ptd-server 2022-07-20 17:34:16,279 [INFO] Starting testing mode
ptd-server 2022-07-20 17:34:16,280 [INFO] Sending to ptd: 'Go,1000,0,2022-07-20_17-23-06_testing'
ptd-server 2022-07-20 17:34:16,280 [INFO] Reply from ptd: 'Starting untimed measurement, maximum 500000 samples at 1000ms with 0 rampup samples'
ptd-server 2022-07-20 17:34:16,280 [INFO] Sending reply to client 'OK'
ptd-server 2022-07-20 17:44:34,507 [INFO] Got command from the client 'session,2022-07-20_17-23-06,stop,testing'
ptd-server 2022-07-20 17:44:44,517 [INFO] Sending to ptd: 'Stop'
ptd-server 2022-07-20 17:44:44,518 [INFO] Reply from ptd: 'Stopping untimed measurement'
ptd-server 2022-07-20 17:44:44,652 [INFO] Sending reply to client 'OK'
ptd-server 2022-07-20 17:44:44,675 [INFO] Got command from the client 'session,2022-07-20_17-23-06,done'
ptd-server 2022-07-20 17:44:44,675 [INFO] Sending to ptd: 'Stop'
ptd-server 2022-07-20 17:44:45,280 [INFO] Reply from ptd: 'Error: no measurement to stop'
ptd-server 2022-07-20 17:44:45,281 [INFO] Sending to ptd: 'SR,V,Auto'
ptd-server 2022-07-20 17:44:45,783 [INFO] Reply from ptd: 'Range V changed'
ptd-server 2022-07-20 17:44:45,783 [INFO] Sending to ptd: 'SR,A,0.500000'
ptd-server 2022-07-20 17:44:47,285 [INFO] Reply from ptd: 'Range A changed'
ptd-server 2022-07-20 17:44:47,285 [INFO] Set initial values for Amps 0.500000 and Volts Auto
ptd-server 2022-07-20 17:44:47,285 [INFO] Stopping ptd...
