ptd-server 2022-07-20 02:41:11,400 [INFO] Got command from the client 'time'
ptd-server 2022-07-20 02:41:11,401 [INFO] Sending reply to client '1658281271.4010918'
ptd-server 2022-07-20 02:41:11,405 [INFO] Got command from the client 'new,,8e20c42c-3c6c-48ab-beb2-ce37aa531109'
ptd-server 2022-07-20 02:41:11,405 [INFO] Sending reply to client 'OK 2022-07-20_02-41-11,f0c439ed-9248-4bc6-98aa-7349f3446445'
ptd-server 2022-07-20 02:41:11,505 [INFO] Got command from the client 'time'
ptd-server 2022-07-20 02:41:11,505 [INFO] Sending reply to client '1658281271.5051682'
ptd-server 2022-07-20 02:41:11,509 [INFO] Got command from the client 'session,2022-07-20_02-41-11,start,ranging'
ptd-server 2022-07-20 02:41:11,509 [INFO] Running PTDaemon: ['/home/anton/projects/mlperf/power/inference_v1.0/ptd-linux-x86', '-l', '/tmp/tmp7lgbo8s4/ptd_logfile.txt', '-p', '8888', '49', '/dev/usbtmc0']
ptd-server 2022-07-20 02:41:28,684 [INFO] Sending to ptd: 'Hello'
ptd-server 2022-07-20 02:41:28,685 [INFO] Reply from ptd: 'Hello, PTDaemon here!'
ptd-server 2022-07-20 02:41:28,685 [INFO] Sending to ptd: 'Identify'
ptd-server 2022-07-20 02:41:28,685 [INFO] Reply from ptd: 'YokogawaWT310E,1000,1,1,1,1,0,1,1,version=1.9.2-e8c7a49a-20201208,OS=Linux 5.13.0-52-generic #59~20.04.1-Ubuntu SMP Thu Jun 16 21:21:28 UTC 2022 x86_64,mode=power,1,1,1,0,0,no_cal_date,YOKOGAWA;WT310E;C3XA04010E;F1.04'
ptd-server 2022-07-20 02:41:28,685 [INFO] Connected to PTDaemon
ptd-server 2022-07-20 02:41:28,685 [INFO] Sending to ptd: 'RR'
ptd-server 2022-07-20 02:41:28,686 [INFO] Reply from ptd: 'Ranges,0,0.500000,1,300.000000'
ptd-server 2022-07-20 02:41:28,686 [INFO] Initial range for Amps is 0.500000 for Volts is Auto
ptd-server 2022-07-20 02:41:28,686 [INFO] Sending to ptd: 'SR,V,Auto'
ptd-server 2022-07-20 02:41:29,188 [INFO] Reply from ptd: 'Range V changed'
ptd-server 2022-07-20 02:41:29,189 [INFO] Sending to ptd: 'SR,A,Auto'
ptd-server 2022-07-20 02:41:29,691 [INFO] Reply from ptd: 'Range A changed'
ptd-server 2022-07-20 02:41:39,701 [INFO] Starting ranging mode
ptd-server 2022-07-20 02:41:39,702 [INFO] Sending to ptd: 'Go,1000,0,2022-07-20_02-41-11_ranging'
ptd-server 2022-07-20 02:41:39,702 [INFO] Reply from ptd: 'Starting untimed measurement, maximum 500000 samples at 1000ms with 0 rampup samples'
ptd-server 2022-07-20 02:41:39,702 [INFO] Sending reply to client 'OK'
ptd-server 2022-07-20 02:51:58,325 [INFO] Got command from the client 'session,2022-07-20_02-41-11,stop,ranging'
ptd-server 2022-07-20 02:52:08,335 [INFO] Sending to ptd: 'Stop'
ptd-server 2022-07-20 02:52:08,336 [INFO] Reply from ptd: 'Stopping untimed measurement'
ptd-server 2022-07-20 02:52:08,500 [INFO] Sending reply to client 'OK'
ptd-server 2022-07-20 02:52:08,618 [INFO] Got command from the client 'time'
ptd-server 2022-07-20 02:52:08,618 [INFO] Sending reply to client '1658281928.618929'
ptd-server 2022-07-20 02:52:08,623 [INFO] Got command from the client 'session,2022-07-20_02-41-11,start,testing'
ptd-server 2022-07-20 02:52:08,623 [INFO] Sending to ptd: 'SR,V,251.320000'
ptd-server 2022-07-20 02:52:10,203 [INFO] Reply from ptd: 'Range V changed'
ptd-server 2022-07-20 02:52:10,203 [INFO] Sending to ptd: 'SR,A,0.076560'
ptd-server 2022-07-20 02:52:11,705 [INFO] Reply from ptd: 'Range A changed'
ptd-server 2022-07-20 02:52:21,715 [INFO] Starting testing mode
ptd-server 2022-07-20 02:52:21,715 [INFO] Sending to ptd: 'Go,1000,0,2022-07-20_02-41-11_testing'
ptd-server 2022-07-20 02:52:21,716 [INFO] Reply from ptd: 'Starting untimed measurement, maximum 500000 samples at 1000ms with 0 rampup samples'
ptd-server 2022-07-20 02:52:21,716 [INFO] Sending reply to client 'OK'
ptd-server 2022-07-20 03:02:40,451 [INFO] Got command from the client 'session,2022-07-20_02-41-11,stop,testing'
ptd-server 2022-07-20 03:02:50,461 [INFO] Sending to ptd: 'Stop'
ptd-server 2022-07-20 03:02:50,462 [INFO] Reply from ptd: 'Stopping untimed measurement'
ptd-server 2022-07-20 03:02:50,552 [INFO] Sending reply to client 'OK'
ptd-server 2022-07-20 03:02:50,600 [INFO] Got command from the client 'session,2022-07-20_02-41-11,done'
ptd-server 2022-07-20 03:02:50,601 [INFO] Sending to ptd: 'Stop'
ptd-server 2022-07-20 03:02:50,716 [INFO] Reply from ptd: 'Error: no measurement to stop'
ptd-server 2022-07-20 03:02:50,717 [INFO] Sending to ptd: 'SR,V,Auto'
ptd-server 2022-07-20 03:02:51,219 [INFO] Reply from ptd: 'Range V changed'
ptd-server 2022-07-20 03:02:51,219 [INFO] Sending to ptd: 'SR,A,0.500000'
ptd-server 2022-07-20 03:02:52,721 [INFO] Reply from ptd: 'Range A changed'
ptd-server 2022-07-20 03:02:52,721 [INFO] Set initial values for Amps 0.500000 and Volts Auto
ptd-server 2022-07-20 03:02:52,721 [INFO] Stopping ptd...
