ptd-server 2022-07-19 12:33:26,445 [INFO] Got command from the client 'time'
ptd-server 2022-07-19 12:33:26,445 [INFO] Sending reply to client '1658230406.445409'
ptd-server 2022-07-19 12:33:26,449 [INFO] Got command from the client 'new,,227f9bfb-fc53-4494-b051-17d011985fcd'
ptd-server 2022-07-19 12:33:26,450 [INFO] Sending reply to client 'OK 2022-07-19_12-33-26,1931d60d-ad0e-4d46-8a3b-1e98a45e6b23'
ptd-server 2022-07-19 12:33:26,485 [INFO] Got command from the client 'time'
ptd-server 2022-07-19 12:33:26,485 [INFO] Sending reply to client '1658230406.4858282'
ptd-server 2022-07-19 12:33:26,489 [INFO] Got command from the client 'session,2022-07-19_12-33-26,start,ranging'
ptd-server 2022-07-19 12:33:26,489 [INFO] Running PTDaemon: ['/home/anton/projects/mlperf/power/inference_v1.0/ptd-linux-x86', '-l', '/tmp/tmp7lgbo8s4/ptd_logfile.txt', '-p', '8888', '49', '/dev/usbtmc0']
ptd-server 2022-07-19 12:33:43,663 [INFO] Sending to ptd: 'Hello'
ptd-server 2022-07-19 12:33:43,663 [INFO] Reply from ptd: 'Hello, PTDaemon here!'
ptd-server 2022-07-19 12:33:43,664 [INFO] Sending to ptd: 'Identify'
ptd-server 2022-07-19 12:33:43,664 [INFO] Reply from ptd: 'YokogawaWT310E,1000,1,1,1,1,0,1,1,version=1.9.2-e8c7a49a-20201208,OS=Linux 5.13.0-52-generic #59~20.04.1-Ubuntu SMP Thu Jun 16 21:21:28 UTC 2022 x86_64,mode=power,1,1,1,0,0,no_cal_date,YOKOGAWA;WT310E;C3XA04010E;F1.04'
ptd-server 2022-07-19 12:33:43,664 [INFO] Connected to PTDaemon
ptd-server 2022-07-19 12:33:43,664 [INFO] Sending to ptd: 'RR'
ptd-server 2022-07-19 12:33:43,664 [INFO] Reply from ptd: 'Ranges,0,0.500000,1,300.000000'
ptd-server 2022-07-19 12:33:43,665 [INFO] Initial range for Amps is 0.500000 for Volts is Auto
ptd-server 2022-07-19 12:33:43,665 [INFO] Sending to ptd: 'SR,V,Auto'
ptd-server 2022-07-19 12:33:44,167 [INFO] Reply from ptd: 'Range V changed'
ptd-server 2022-07-19 12:33:44,167 [INFO] Sending to ptd: 'SR,A,Auto'
ptd-server 2022-07-19 12:33:44,670 [INFO] Reply from ptd: 'Range A changed'
ptd-server 2022-07-19 12:33:54,680 [INFO] Starting ranging mode
ptd-server 2022-07-19 12:33:54,680 [INFO] Sending to ptd: 'Go,1000,0,2022-07-19_12-33-26_ranging'
ptd-server 2022-07-19 12:33:54,681 [INFO] Reply from ptd: 'Starting untimed measurement, maximum 500000 samples at 1000ms with 0 rampup samples'
ptd-server 2022-07-19 12:33:54,681 [INFO] Sending reply to client 'OK'
ptd-server 2022-07-19 12:44:12,803 [INFO] Got command from the client 'session,2022-07-19_12-33-26,stop,ranging'
ptd-server 2022-07-19 12:44:22,814 [INFO] Sending to ptd: 'Stop'
ptd-server 2022-07-19 12:44:22,814 [INFO] Reply from ptd: 'Stopping untimed measurement'
ptd-server 2022-07-19 12:44:22,907 [INFO] Sending reply to client 'OK'
ptd-server 2022-07-19 12:44:22,970 [INFO] Got command from the client 'time'
ptd-server 2022-07-19 12:44:22,970 [INFO] Sending reply to client '1658231062.970898'
ptd-server 2022-07-19 12:44:22,975 [INFO] Got command from the client 'session,2022-07-19_12-33-26,start,testing'
ptd-server 2022-07-19 12:44:22,976 [INFO] Sending to ptd: 'SR,V,250.620000'
ptd-server 2022-07-19 12:44:25,183 [INFO] Reply from ptd: 'Range V changed'
ptd-server 2022-07-19 12:44:25,183 [INFO] Sending to ptd: 'SR,A,0.096530'
ptd-server 2022-07-19 12:44:26,684 [INFO] Reply from ptd: 'Range A changed'
ptd-server 2022-07-19 12:44:36,695 [INFO] Starting testing mode
ptd-server 2022-07-19 12:44:36,695 [INFO] Sending to ptd: 'Go,1000,0,2022-07-19_12-33-26_testing'
ptd-server 2022-07-19 12:44:36,695 [INFO] Reply from ptd: 'Starting untimed measurement, maximum 500000 samples at 1000ms with 0 rampup samples'
ptd-server 2022-07-19 12:44:36,695 [INFO] Sending reply to client 'OK'
ptd-server 2022-07-19 12:54:54,772 [INFO] Got command from the client 'session,2022-07-19_12-33-26,stop,testing'
ptd-server 2022-07-19 12:55:04,783 [INFO] Sending to ptd: 'Stop'
ptd-server 2022-07-19 12:55:04,783 [INFO] Reply from ptd: 'Stopping untimed measurement'
ptd-server 2022-07-19 12:55:04,829 [INFO] Sending reply to client 'OK'
ptd-server 2022-07-19 12:55:04,849 [INFO] Got command from the client 'session,2022-07-19_12-33-26,done'
ptd-server 2022-07-19 12:55:04,849 [INFO] Sending to ptd: 'Stop'
ptd-server 2022-07-19 12:55:05,695 [INFO] Reply from ptd: 'Error: no measurement to stop'
ptd-server 2022-07-19 12:55:05,695 [INFO] Sending to ptd: 'SR,V,Auto'
ptd-server 2022-07-19 12:55:06,198 [INFO] Reply from ptd: 'Range V changed'
ptd-server 2022-07-19 12:55:06,198 [INFO] Sending to ptd: 'SR,A,0.500000'
ptd-server 2022-07-19 12:55:07,699 [INFO] Reply from ptd: 'Range A changed'
ptd-server 2022-07-19 12:55:07,700 [INFO] Set initial values for Amps 0.500000 and Volts Auto
ptd-server 2022-07-19 12:55:07,700 [INFO] Stopping ptd...
