client 2022-07-22 00:20:33,986 [INFO] Sending command to the server: 'mlcommons/power client v3'
client 2022-07-22 00:20:33,988 [INFO] Got response: 'mlcommons/power server v3'
client 2022-07-22 00:20:33,988 [INFO] Sending command to the server: 'stop'
client 2022-07-22 00:20:33,991 [INFO] Got response: 'OK'
client 2022-07-22 00:20:33,991 [INFO] Synchronizing with the server and with ib-01.dc4-in.nvidia.com...
client 2022-07-22 00:20:34,195 [INFO] NTP:offset = 0.001 s, delay = 0.201 s 
client 2022-07-22 00:20:34,195 [INFO] Sending command to the server: 'time'
client 2022-07-22 00:20:34,197 [INFO] Got response: '1658449234.2190607'
client 2022-07-22 00:20:34,197 [INFO] The time difference between the client and the server is within range -23.560 ms..-21.316 ms
client 2022-07-22 00:20:34,197 [INFO] Sending command to the server: 'new,,eb404bed-53dc-40a2-8122-b567f6769d68'
client 2022-07-22 00:20:34,200 [INFO] Got response: 'OK 2022-07-21_17-20-34,5bec64b3-da06-4517-907d-d263f818a9ee'
client 2022-07-22 00:20:34,200 [INFO] Session id is '2022-07-21_17-20-34'
client 2022-07-22 00:20:34,200 [INFO] Sources: {"sources": {"__init__.py": "da39a3ee5e6b4b0d3255bfef95601890afd80709", "client.py": "33ca4f26368777ac06e01f9567b714a4b8063886", "lib/__init__.py": "da39a3ee5e6b4b0d3255bfef95601890afd80709", "lib/client.py": "4c2b78fb4849a7e5b584ef792d82aaed20b17f57", "lib/common.py": "624d0c0acc7c39aaff3674f0b99d6a09da53d1dc", "lib/external/__init__.py": "da39a3ee5e6b4b0d3255bfef95601890afd80709", "lib/external/ntplib.py": "4da8f970656505a40483206ef2b5d3dd5e81711d", "lib/server.py": "59c9fb92908260d3e9f81a895c7aa009742275e4", "lib/source_hashes.py": "60a2e02193209e8d392803326208d5466342da18", "lib/summary.py": "aa92f0a3f975eecd44d3c0cd0236342ccc9f941d", "lib/time_sync.py": "3210db56eb0ff0df57bf4293dc4d4b03fffd46f1", "server.py": "c3f90f2f7eeb4db30727556d0c815ebc89b3d28b", "tests/unit/__init__.py": "da39a3ee5e6b4b0d3255bfef95601890afd80709", "tests/unit/test_server.py": "99ae15aef722f2000ee6ed1ae1523637bf1ae42b", "tests/unit/test_source_hashes.py": "00468a2907583c593e6574a1f6b404e4651c221a"}, "modules": {"ptd_client_server.lib.client": "lib/client.py", "ptd_client_server.lib.common": "lib/common.py", "ptd_client_server.lib.external.ntplib": "lib/external/ntplib.py", "ptd_client_server.lib.source_hashes": "lib/source_hashes.py", "ptd_client_server.lib.summary": "lib/summary.py", "ptd_client_server.lib.time_sync": "lib/time_sync.py"}}
client 2022-07-22 00:20:34,204 [INFO] Running workload in ranging mode
client 2022-07-22 00:20:34,204 [INFO] Synchronizing with the server and with ib-01.dc4-in.nvidia.com...
client 2022-07-22 00:20:34,406 [INFO] NTP:offset = 0.001 s, delay = 0.201 s 
client 2022-07-22 00:20:34,406 [INFO] Sending command to the server: 'time'
client 2022-07-22 00:20:34,408 [INFO] Got response: '1658449234.430725'
client 2022-07-22 00:20:34,408 [INFO] The time difference between the client and the server is within range -23.995 ms..-21.812 ms
client 2022-07-22 00:20:34,408 [INFO] Sending command to the server: 'session,2022-07-21_17-20-34,start,ranging'
client 2022-07-22 00:21:14,892 [INFO] Got response: 'OK'
client 2022-07-22 00:21:14,892 [INFO] Running the workload 'LOG_DIR=/work/build/power_logs_temp python3 -m code.main_v2 --benchmarks=bert --scenarios=Server --test_mode=PerformanceOnly --config_ver=maxq --action="run_harness" \\\n\t\t2>&1 | tee -a /work/build/power_logs/2022.07.22-00.19.52/stdout.txt \\\n\t\t&& if [ ! -d /work/build/power_logs/2022.07.22-00.19.52/ranging_tmp ]; \\\n\t\t\tthen mkdir /work/build/power_logs/2022.07.22-00.19.52/ranging_tmp \\\n\t\t\t\t&& mv /work/build/power_logs_temp/* /work/build/power_logs/2022.07.22-00.19.52/ranging_tmp/ \\\n\t\t\t\t&& cp -v /work/build/power_logs/2022.07.22-00.19.52/ranging_tmp/*/*/*/mlperf_log_detail.txt /work/build/power_logs_temp/ \\\n\t\t\t\t&& cp -v /work/build/power_logs/2022.07.22-00.19.52/ranging_tmp/*/*/*/mlperf_log_summary.txt /work/build/power_logs_temp/; \\\n\t\t\telse mkdir /work/build/power_logs/2022.07.22-00.19.52/testing_tmp \\\n\t\t\t\t&& mv /work/build/power_logs_temp/* /work/build/power_logs/2022.07.22-00.19.52/testing_tmp/ \\\n\t\t\t\t&& cp -v /work/build/power_logs/2022.07.22-00.19.52/testing_tmp/*/*/*/mlperf_log_detail.txt /work/build/power_logs_temp/ \\\n\t\t\t\t&& cp -v /work/build/power_logs/2022.07.22-00.19.52/testing_tmp/*/*/*/mlperf_log_summary.txt /work/build/power_logs_temp/; fi'
client 2022-07-22 00:32:23,226 [INFO] Sending command to the server: 'session,2022-07-21_17-20-34,stop,ranging'
client 2022-07-22 00:32:33,322 [INFO] Got response: 'OK'
client 2022-07-22 00:32:33,334 [INFO] Copying loadgen logs from '/work/build/power_logs_temp' to '/work/build/power_logs/2022.07.22-00.19.52/2022-07-21_17-20-34/ranging'
client 2022-07-22 00:32:33,354 [INFO] Running workload in testing mode
client 2022-07-22 00:32:33,354 [INFO] Synchronizing with the server and with ib-01.dc4-in.nvidia.com...
client 2022-07-22 00:32:33,556 [INFO] NTP:offset = 0.001 s, delay = 0.201 s 
client 2022-07-22 00:32:33,556 [INFO] Sending command to the server: 'time'
client 2022-07-22 00:32:33,559 [INFO] Got response: '1658449953.5775554'
client 2022-07-22 00:32:33,559 [INFO] The time difference between the client and the server is within range -20.593 ms..-18.293 ms
client 2022-07-22 00:32:33,559 [INFO] Sending command to the server: 'session,2022-07-21_17-20-34,start,testing'
client 2022-07-22 00:32:55,581 [INFO] Got response: 'OK'
client 2022-07-22 00:32:55,581 [INFO] Running the workload 'LOG_DIR=/work/build/power_logs_temp python3 -m code.main_v2 --benchmarks=bert --scenarios=Server --test_mode=PerformanceOnly --config_ver=maxq --action="run_harness" \\\n\t\t2>&1 | tee -a /work/build/power_logs/2022.07.22-00.19.52/stdout.txt \\\n\t\t&& if [ ! -d /work/build/power_logs/2022.07.22-00.19.52/ranging_tmp ]; \\\n\t\t\tthen mkdir /work/build/power_logs/2022.07.22-00.19.52/ranging_tmp \\\n\t\t\t\t&& mv /work/build/power_logs_temp/* /work/build/power_logs/2022.07.22-00.19.52/ranging_tmp/ \\\n\t\t\t\t&& cp -v /work/build/power_logs/2022.07.22-00.19.52/ranging_tmp/*/*/*/mlperf_log_detail.txt /work/build/power_logs_temp/ \\\n\t\t\t\t&& cp -v /work/build/power_logs/2022.07.22-00.19.52/ranging_tmp/*/*/*/mlperf_log_summary.txt /work/build/power_logs_temp/; \\\n\t\t\telse mkdir /work/build/power_logs/2022.07.22-00.19.52/testing_tmp \\\n\t\t\t\t&& mv /work/build/power_logs_temp/* /work/build/power_logs/2022.07.22-00.19.52/testing_tmp/ \\\n\t\t\t\t&& cp -v /work/build/power_logs/2022.07.22-00.19.52/testing_tmp/*/*/*/mlperf_log_detail.txt /work/build/power_logs_temp/ \\\n\t\t\t\t&& cp -v /work/build/power_logs/2022.07.22-00.19.52/testing_tmp/*/*/*/mlperf_log_summary.txt /work/build/power_logs_temp/; fi'
client 2022-07-22 00:44:04,448 [INFO] Sending command to the server: 'session,2022-07-21_17-20-34,stop,testing'
client 2022-07-22 00:44:14,585 [INFO] Got response: 'OK'
client 2022-07-22 00:44:14,593 [INFO] Copying loadgen logs from '/work/build/power_logs_temp' to '/work/build/power_logs/2022.07.22-00.19.52/2022-07-21_17-20-34/run_1'
client 2022-07-22 00:44:14,614 [INFO] Done runs
