ptd-server 2022-07-21 17:20:34,011 [INFO] Got command from the client 'stop'
ptd-server 2022-07-21 17:20:34,012 [INFO] The server will be stopped after processing this client
ptd-server 2022-07-21 17:20:34,012 [INFO] Sending reply to client 'OK'
ptd-server 2022-07-21 17:20:34,219 [INFO] Got command from the client 'time'
ptd-server 2022-07-21 17:20:34,219 [INFO] Sending reply to client '1658449234.2190607'
ptd-server 2022-07-21 17:20:34,221 [INFO] Got command from the client 'new,,eb404bed-53dc-40a2-8122-b567f6769d68'
ptd-server 2022-07-21 17:20:34,222 [INFO] Sending reply to client 'OK 2022-07-21_17-20-34,5bec64b3-da06-4517-907d-d263f818a9ee'
ptd-server 2022-07-21 17:20:34,429 [INFO] Got command from the client 'time'
ptd-server 2022-07-21 17:20:34,430 [INFO] Sending reply to client '1658449234.430725'
ptd-server 2022-07-21 17:20:34,431 [INFO] Got command from the client 'session,2022-07-21_17-20-34,start,ranging'
ptd-server 2022-07-21 17:20:34,541 [INFO] Running PTDaemon: ['C:\\PTD\\ptd-windows-x86.exe', '-l', 'C:\\Users\\lab\\AppData\\Local\\Temp\\tmp129zihcw\\ptd_logfile.txt', '-p', '8888', '-c', '1,3', '-y', '77', '10.34.232.250']
ptd-server 2022-07-21 17:20:54,749 [INFO] Sending to ptd: 'Hello'
ptd-server 2022-07-21 17:20:54,750 [INFO] Reply from ptd: 'Hello, PTDaemon here!'
ptd-server 2022-07-21 17:20:54,750 [INFO] Sending to ptd: 'Identify'
ptd-server 2022-07-21 17:20:54,752 [INFO] Reply from ptd: 'YokogawaWT330_multichannel,1000,1,1,1,1,0,0,1,version=1.9.2-3976349f-20201208,OS=Windows 8 / Server 2012,mode=power,1,1,2,0,0,no_cal_date,YOKOGAWA;WT333E;C2WA21018V;F1.04'
ptd-server 2022-07-21 17:20:54,752 [INFO] Connected to PTDaemon
ptd-server 2022-07-21 17:20:54,753 [INFO] Sending to ptd: 'RR'
ptd-server 2022-07-21 17:20:54,754 [INFO] Reply from ptd: 'Ranges,0,10.000000,1,300.000000'
ptd-server 2022-07-21 17:20:54,755 [INFO] Initial range for Amps is 10.000000 for Volts is Auto
ptd-server 2022-07-21 17:20:54,756 [INFO] Sending to ptd: 'SR,V,Auto'
ptd-server 2022-07-21 17:20:59,828 [INFO] Reply from ptd: 'Range V changed'
ptd-server 2022-07-21 17:20:59,829 [INFO] Sending to ptd: 'SR,A,Auto'
ptd-server 2022-07-21 17:21:04,899 [INFO] Reply from ptd: 'Range A changed'
ptd-server 2022-07-21 17:21:14,910 [INFO] Starting ranging mode
ptd-server 2022-07-21 17:21:14,910 [INFO] Sending to ptd: 'Go,1000,0,2022-07-21_17-20-34_ranging'
ptd-server 2022-07-21 17:21:14,912 [INFO] Reply from ptd: 'Starting untimed measurement, maximum 500000 samples at 1000ms with 0 rampup samples'
ptd-server 2022-07-21 17:21:14,912 [INFO] Sending reply to client 'OK'
ptd-server 2022-07-21 17:32:23,246 [INFO] Got command from the client 'session,2022-07-21_17-20-34,stop,ranging'
ptd-server 2022-07-21 17:32:33,261 [INFO] Sending to ptd: 'Stop'
ptd-server 2022-07-21 17:32:33,262 [INFO] Reply from ptd: 'Stopping untimed measurement'
ptd-server 2022-07-21 17:32:33,339 [INFO] Sending reply to client 'OK'
ptd-server 2022-07-21 17:32:33,577 [INFO] Got command from the client 'time'
ptd-server 2022-07-21 17:32:33,577 [INFO] Sending reply to client '1658449953.5775554'
ptd-server 2022-07-21 17:32:33,579 [INFO] Got command from the client 'session,2022-07-21_17-20-34,start,testing'
ptd-server 2022-07-21 17:32:33,580 [INFO] Sending to ptd: 'SR,V,209.080000'
ptd-server 2022-07-21 17:32:40,009 [INFO] Reply from ptd: 'Range V changed'
ptd-server 2022-07-21 17:32:40,010 [INFO] Sending to ptd: 'SR,A,5.498300'
ptd-server 2022-07-21 17:32:45,588 [INFO] Reply from ptd: 'Range A changed'
ptd-server 2022-07-21 17:32:55,597 [INFO] Starting testing mode
ptd-server 2022-07-21 17:32:55,598 [INFO] Sending to ptd: 'Go,1000,0,2022-07-21_17-20-34_testing'
ptd-server 2022-07-21 17:32:55,599 [INFO] Reply from ptd: 'Starting untimed measurement, maximum 500000 samples at 1000ms with 0 rampup samples'
ptd-server 2022-07-21 17:32:55,599 [INFO] Sending reply to client 'OK'
ptd-server 2022-07-21 17:44:04,466 [INFO] Got command from the client 'session,2022-07-21_17-20-34,stop,testing'
ptd-server 2022-07-21 17:44:14,480 [INFO] Sending to ptd: 'Stop'
ptd-server 2022-07-21 17:44:14,482 [INFO] Reply from ptd: 'Stopping untimed measurement'
ptd-server 2022-07-21 17:44:14,595 [INFO] Sending reply to client 'OK'
ptd-server 2022-07-21 17:44:14,659 [INFO] Got command from the client 'session,2022-07-21_17-20-34,done'
ptd-server 2022-07-21 17:44:14,743 [INFO] Sending to ptd: 'Stop'
ptd-server 2022-07-21 17:44:14,764 [INFO] Reply from ptd: 'Error: no measurement to stop'
ptd-server 2022-07-21 17:44:14,829 [INFO] Sending to ptd: 'SR,V,Auto'
ptd-server 2022-07-21 17:44:19,909 [INFO] Reply from ptd: 'Range V changed'
ptd-server 2022-07-21 17:44:19,911 [INFO] Sending to ptd: 'SR,A,10.000000'
ptd-server 2022-07-21 17:44:25,489 [INFO] Reply from ptd: 'Range A changed'
ptd-server 2022-07-21 17:44:25,492 [INFO] Set initial values for Amps 10.000000 and Volts Auto
ptd-server 2022-07-21 17:44:25,510 [INFO] Stopping ptd...
