ptd-server 2022-08-02 16:54:17,512 [INFO] Got command from the client 'time'
ptd-server 2022-08-02 16:54:17,512 [INFO] Sending reply to client '1659455657.51266'
ptd-server 2022-08-02 16:54:17,513 [INFO] Got command from the client 'new,,f24b926f-29ad-4838-bc9d-2f81022ca01f'
ptd-server 2022-08-02 16:54:17,514 [INFO] Sending reply to client 'OK 2022-08-02_16-54-17,cc286198-1087-437b-ad07-5321c3349eda'
ptd-server 2022-08-02 16:54:17,540 [INFO] Got command from the client 'time'
ptd-server 2022-08-02 16:54:17,540 [INFO] Sending reply to client '1659455657.5406058'
ptd-server 2022-08-02 16:54:17,541 [INFO] Got command from the client 'session,2022-08-02_16-54-17,start,ranging'
ptd-server 2022-08-02 16:54:17,541 [INFO] Running PTDaemon: ['/home/anton/projects/mlperf/power/inference_v1.0/ptd-linux-x86', '-l', '/tmp/tmp7lgbo8s4/ptd_logfile.txt', '-p', '8888', '49', '/dev/usbtmc0']
ptd-server 2022-08-02 16:54:34,717 [INFO] Sending to ptd: 'Hello'
ptd-server 2022-08-02 16:54:34,717 [INFO] Reply from ptd: 'Hello, PTDaemon here!'
ptd-server 2022-08-02 16:54:34,718 [INFO] Sending to ptd: 'Identify'
ptd-server 2022-08-02 16:54:34,718 [INFO] Reply from ptd: 'YokogawaWT310E,1000,1,1,1,1,0,1,1,version=1.9.2-e8c7a49a-20201208,OS=Linux 5.13.0-52-generic #59~20.04.1-Ubuntu SMP Thu Jun 16 21:21:28 UTC 2022 x86_64,mode=power,1,1,1,0,0,no_cal_date,YOKOGAWA;WT310E;C3XA04010E;F1.04'
ptd-server 2022-08-02 16:54:34,718 [INFO] Connected to PTDaemon
ptd-server 2022-08-02 16:54:34,718 [INFO] Sending to ptd: 'RR'
ptd-server 2022-08-02 16:54:34,719 [INFO] Reply from ptd: 'Ranges,0,0.500000,1,300.000000'
ptd-server 2022-08-02 16:54:34,719 [INFO] Initial range for Amps is 0.500000 for Volts is Auto
ptd-server 2022-08-02 16:54:34,719 [INFO] Sending to ptd: 'SR,V,Auto'
ptd-server 2022-08-02 16:54:35,221 [INFO] Reply from ptd: 'Range V changed'
ptd-server 2022-08-02 16:54:35,221 [INFO] Sending to ptd: 'SR,A,Auto'
ptd-server 2022-08-02 16:54:35,724 [INFO] Reply from ptd: 'Range A changed'
ptd-server 2022-08-02 16:54:45,734 [INFO] Starting ranging mode
ptd-server 2022-08-02 16:54:45,734 [INFO] Sending to ptd: 'Go,1000,0,2022-08-02_16-54-17_ranging'
ptd-server 2022-08-02 16:54:45,735 [INFO] Reply from ptd: 'Starting untimed measurement, maximum 500000 samples at 1000ms with 0 rampup samples'
ptd-server 2022-08-02 16:54:45,735 [INFO] Sending reply to client 'OK'
ptd-server 2022-08-02 17:05:00,365 [INFO] Got command from the client 'session,2022-08-02_16-54-17,stop,ranging'
ptd-server 2022-08-02 17:05:10,375 [INFO] Sending to ptd: 'Stop'
ptd-server 2022-08-02 17:05:10,376 [INFO] Reply from ptd: 'Stopping untimed measurement'
ptd-server 2022-08-02 17:05:11,920 [INFO] Sending reply to client 'OK'
ptd-server 2022-08-02 17:05:11,979 [INFO] Got command from the client 'time'
ptd-server 2022-08-02 17:05:11,979 [INFO] Sending reply to client '1659456311.9797974'
ptd-server 2022-08-02 17:05:11,981 [INFO] Got command from the client 'session,2022-08-02_16-54-17,start,testing'
ptd-server 2022-08-02 17:05:11,981 [INFO] Sending to ptd: 'SR,V,250.850000'
ptd-server 2022-08-02 17:05:13,482 [INFO] Reply from ptd: 'Range V changed'
ptd-server 2022-08-02 17:05:13,483 [INFO] Sending to ptd: 'SR,A,0.247010'
ptd-server 2022-08-02 17:05:14,984 [INFO] Reply from ptd: 'Range A changed'
ptd-server 2022-08-02 17:05:24,994 [INFO] Starting testing mode
ptd-server 2022-08-02 17:05:24,994 [INFO] Sending to ptd: 'Go,1000,0,2022-08-02_16-54-17_testing'
ptd-server 2022-08-02 17:05:24,995 [INFO] Reply from ptd: 'Starting untimed measurement, maximum 500000 samples at 1000ms with 0 rampup samples'
ptd-server 2022-08-02 17:05:24,995 [INFO] Sending reply to client 'OK'
ptd-server 2022-08-02 17:15:39,651 [INFO] Got command from the client 'session,2022-08-02_16-54-17,stop,testing'
ptd-server 2022-08-02 17:15:49,661 [INFO] Sending to ptd: 'Stop'
ptd-server 2022-08-02 17:15:49,661 [INFO] Reply from ptd: 'Stopping untimed measurement'
ptd-server 2022-08-02 17:15:50,480 [INFO] Sending reply to client 'OK'
ptd-server 2022-08-02 17:15:50,494 [INFO] Got command from the client 'session,2022-08-02_16-54-17,done'
ptd-server 2022-08-02 17:15:50,494 [INFO] Sending to ptd: 'Stop'
ptd-server 2022-08-02 17:15:50,494 [INFO] Reply from ptd: 'Error: no measurement to stop'
ptd-server 2022-08-02 17:15:50,494 [INFO] Sending to ptd: 'SR,V,Auto'
ptd-server 2022-08-02 17:15:50,997 [INFO] Reply from ptd: 'Range V changed'
ptd-server 2022-08-02 17:15:50,997 [INFO] Sending to ptd: 'SR,A,0.500000'
ptd-server 2022-08-02 17:15:52,498 [INFO] Reply from ptd: 'Range A changed'
ptd-server 2022-08-02 17:15:52,499 [INFO] Set initial values for Amps 0.500000 and Volts Auto
ptd-server 2022-08-02 17:15:52,499 [INFO] Stopping ptd...
