ptd-server 2022-07-27 23:38:31,559 [INFO] Got command from the client 'time'
ptd-server 2022-07-27 23:38:31,560 [INFO] Sending reply to client '1658961511.5600507'
ptd-server 2022-07-27 23:38:31,563 [INFO] Got command from the client 'new,,051f765a-a4ab-4ac6-b5d9-b40ccdb21fe1'
ptd-server 2022-07-27 23:38:31,564 [INFO] Sending reply to client 'OK 2022-07-27_23-38-31,945fd2d7-07eb-43ad-b0e7-eedd26bb04e5'
ptd-server 2022-07-27 23:38:31,663 [INFO] Got command from the client 'time'
ptd-server 2022-07-27 23:38:31,663 [INFO] Sending reply to client '1658961511.6632705'
ptd-server 2022-07-27 23:38:31,666 [INFO] Got command from the client 'session,2022-07-27_23-38-31,start,ranging'
ptd-server 2022-07-27 23:38:31,667 [INFO] Running PTDaemon: ['/home/anton/projects/mlperf/power/inference_v1.0/ptd-linux-x86', '-l', '/tmp/tmp7lgbo8s4/ptd_logfile.txt', '-p', '8888', '49', '/dev/usbtmc0']
ptd-server 2022-07-27 23:38:48,842 [INFO] Sending to ptd: 'Hello'
ptd-server 2022-07-27 23:38:48,843 [INFO] Reply from ptd: 'Hello, PTDaemon here!'
ptd-server 2022-07-27 23:38:48,843 [INFO] Sending to ptd: 'Identify'
ptd-server 2022-07-27 23:38:48,844 [INFO] Reply from ptd: 'YokogawaWT310E,1000,1,1,1,1,0,1,1,version=1.9.2-e8c7a49a-20201208,OS=Linux 5.13.0-52-generic #59~20.04.1-Ubuntu SMP Thu Jun 16 21:21:28 UTC 2022 x86_64,mode=power,1,1,1,0,0,no_cal_date,YOKOGAWA;WT310E;C3XA04010E;F1.04'
ptd-server 2022-07-27 23:38:48,844 [INFO] Connected to PTDaemon
ptd-server 2022-07-27 23:38:48,844 [INFO] Sending to ptd: 'RR'
ptd-server 2022-07-27 23:38:48,844 [INFO] Reply from ptd: 'Ranges,0,0.500000,1,300.000000'
ptd-server 2022-07-27 23:38:48,844 [INFO] Initial range for Amps is 0.500000 for Volts is Auto
ptd-server 2022-07-27 23:38:48,845 [INFO] Sending to ptd: 'SR,V,Auto'
ptd-server 2022-07-27 23:38:49,347 [INFO] Reply from ptd: 'Range V changed'
ptd-server 2022-07-27 23:38:49,347 [INFO] Sending to ptd: 'SR,A,Auto'
ptd-server 2022-07-27 23:38:49,850 [INFO] Reply from ptd: 'Range A changed'
ptd-server 2022-07-27 23:38:59,860 [INFO] Starting ranging mode
ptd-server 2022-07-27 23:38:59,860 [INFO] Sending to ptd: 'Go,1000,0,2022-07-27_23-38-31_ranging'
ptd-server 2022-07-27 23:38:59,861 [INFO] Reply from ptd: 'Starting untimed measurement, maximum 500000 samples at 1000ms with 0 rampup samples'
ptd-server 2022-07-27 23:38:59,861 [INFO] Sending reply to client 'OK'
ptd-server 2022-07-27 23:49:15,254 [INFO] Got command from the client 'session,2022-07-27_23-38-31,stop,ranging'
ptd-server 2022-07-27 23:49:25,255 [INFO] Sending to ptd: 'Stop'
ptd-server 2022-07-27 23:49:25,255 [INFO] Reply from ptd: 'Stopping untimed measurement'
ptd-server 2022-07-27 23:49:26,266 [INFO] Sending reply to client 'OK'
ptd-server 2022-07-27 23:49:26,422 [INFO] Got command from the client 'time'
ptd-server 2022-07-27 23:49:26,422 [INFO] Sending reply to client '1658962166.4225845'
ptd-server 2022-07-27 23:49:26,427 [INFO] Got command from the client 'session,2022-07-27_23-38-31,start,testing'
ptd-server 2022-07-27 23:49:26,427 [INFO] Sending to ptd: 'SR,V,251.900000'
ptd-server 2022-07-27 23:49:27,928 [INFO] Reply from ptd: 'Range V changed'
ptd-server 2022-07-27 23:49:27,928 [INFO] Sending to ptd: 'SR,A,0.056100'
ptd-server 2022-07-27 23:49:29,430 [INFO] Reply from ptd: 'Range A changed'
ptd-server 2022-07-27 23:49:39,431 [INFO] Starting testing mode
ptd-server 2022-07-27 23:49:39,431 [INFO] Sending to ptd: 'Go,1000,0,2022-07-27_23-38-31_testing'
ptd-server 2022-07-27 23:49:39,432 [INFO] Reply from ptd: 'Starting untimed measurement, maximum 500000 samples at 1000ms with 0 rampup samples'
ptd-server 2022-07-27 23:49:39,432 [INFO] Sending reply to client 'OK'
ptd-server 2022-07-27 23:59:54,773 [INFO] Got command from the client 'session,2022-07-27_23-38-31,stop,testing'
ptd-server 2022-07-28 00:00:04,783 [INFO] Sending to ptd: 'Stop'
ptd-server 2022-07-28 00:00:04,784 [INFO] Reply from ptd: 'Stopping untimed measurement'
ptd-server 2022-07-28 00:00:05,302 [INFO] Sending reply to client 'OK'
ptd-server 2022-07-28 00:00:05,324 [INFO] Got command from the client 'session,2022-07-27_23-38-31,done'
ptd-server 2022-07-28 00:00:05,325 [INFO] Sending to ptd: 'Stop'
ptd-server 2022-07-28 00:00:05,432 [INFO] Reply from ptd: 'Error: no measurement to stop'
ptd-server 2022-07-28 00:00:05,432 [INFO] Sending to ptd: 'SR,V,Auto'
ptd-server 2022-07-28 00:00:05,935 [INFO] Reply from ptd: 'Range V changed'
ptd-server 2022-07-28 00:00:05,935 [INFO] Sending to ptd: 'SR,A,0.500000'
ptd-server 2022-07-28 00:00:07,436 [INFO] Reply from ptd: 'Range A changed'
ptd-server 2022-07-28 00:00:07,436 [INFO] Set initial values for Amps 0.500000 and Volts Auto
ptd-server 2022-07-28 00:00:07,437 [INFO] Stopping ptd...
