ptd-server 2022-08-01 22:11:42,923 [INFO] Got command from the client 'time'
ptd-server 2022-08-01 22:11:42,923 [INFO] Sending reply to client '1659388302.9238753'
ptd-server 2022-08-01 22:11:42,924 [INFO] Got command from the client 'new,,92316bc3-8b7c-4948-bf4c-9e715f04fbc9'
ptd-server 2022-08-01 22:11:42,925 [INFO] Sending reply to client 'OK 2022-08-01_22-11-42,3d4fe360-c586-40ea-a92b-d900d0962699'
ptd-server 2022-08-01 22:11:42,964 [INFO] Got command from the client 'time'
ptd-server 2022-08-01 22:11:42,964 [INFO] Sending reply to client '1659388302.9644752'
ptd-server 2022-08-01 22:11:42,965 [INFO] Got command from the client 'session,2022-08-01_22-11-42,start,ranging'
ptd-server 2022-08-01 22:11:42,966 [INFO] Running PTDaemon: ['/home/anton/projects/mlperf/power/inference_v1.0/ptd-linux-x86', '-l', '/tmp/tmp7lgbo8s4/ptd_logfile.txt', '-p', '8888', '49', '/dev/usbtmc0']
ptd-server 2022-08-01 22:12:00,141 [INFO] Sending to ptd: 'Hello'
ptd-server 2022-08-01 22:12:00,141 [INFO] Reply from ptd: 'Hello, PTDaemon here!'
ptd-server 2022-08-01 22:12:00,142 [INFO] Sending to ptd: 'Identify'
ptd-server 2022-08-01 22:12:00,142 [INFO] Reply from ptd: 'YokogawaWT310E,1000,1,1,1,1,0,1,1,version=1.9.2-e8c7a49a-20201208,OS=Linux 5.13.0-52-generic #59~20.04.1-Ubuntu SMP Thu Jun 16 21:21:28 UTC 2022 x86_64,mode=power,1,1,1,0,0,no_cal_date,YOKOGAWA;WT310E;C3XA04010E;F1.04'
ptd-server 2022-08-01 22:12:00,142 [INFO] Connected to PTDaemon
ptd-server 2022-08-01 22:12:00,142 [INFO] Sending to ptd: 'RR'
ptd-server 2022-08-01 22:12:00,143 [INFO] Reply from ptd: 'Ranges,0,0.500000,1,300.000000'
ptd-server 2022-08-01 22:12:00,143 [INFO] Initial range for Amps is 0.500000 for Volts is Auto
ptd-server 2022-08-01 22:12:00,143 [INFO] Sending to ptd: 'SR,V,Auto'
ptd-server 2022-08-01 22:12:00,645 [INFO] Reply from ptd: 'Range V changed'
ptd-server 2022-08-01 22:12:00,645 [INFO] Sending to ptd: 'SR,A,Auto'
ptd-server 2022-08-01 22:12:01,148 [INFO] Reply from ptd: 'Range A changed'
ptd-server 2022-08-01 22:12:11,158 [INFO] Starting ranging mode
ptd-server 2022-08-01 22:12:11,158 [INFO] Sending to ptd: 'Go,1000,0,2022-08-01_22-11-42_ranging'
ptd-server 2022-08-01 22:12:11,159 [INFO] Reply from ptd: 'Starting untimed measurement, maximum 500000 samples at 1000ms with 0 rampup samples'
ptd-server 2022-08-01 22:12:11,159 [INFO] Sending reply to client 'OK'
ptd-server 2022-08-01 22:22:22,508 [INFO] Got command from the client 'session,2022-08-01_22-11-42,stop,ranging'
ptd-server 2022-08-01 22:22:32,519 [INFO] Sending to ptd: 'Stop'
ptd-server 2022-08-01 22:22:32,519 [INFO] Reply from ptd: 'Stopping untimed measurement'
ptd-server 2022-08-01 22:22:33,961 [INFO] Sending reply to client 'OK'
ptd-server 2022-08-01 22:22:34,010 [INFO] Got command from the client 'time'
ptd-server 2022-08-01 22:22:34,010 [INFO] Sending reply to client '1659388954.0102837'
ptd-server 2022-08-01 22:22:34,011 [INFO] Got command from the client 'session,2022-08-01_22-11-42,start,testing'
ptd-server 2022-08-01 22:22:34,012 [INFO] Sending to ptd: 'SR,V,249.730000'
ptd-server 2022-08-01 22:22:35,513 [INFO] Reply from ptd: 'Range V changed'
ptd-server 2022-08-01 22:22:35,513 [INFO] Sending to ptd: 'SR,A,0.238210'
ptd-server 2022-08-01 22:22:37,014 [INFO] Reply from ptd: 'Range A changed'
ptd-server 2022-08-01 22:22:47,025 [INFO] Starting testing mode
ptd-server 2022-08-01 22:22:47,025 [INFO] Sending to ptd: 'Go,1000,0,2022-08-01_22-11-42_testing'
ptd-server 2022-08-01 22:22:47,025 [INFO] Reply from ptd: 'Starting untimed measurement, maximum 500000 samples at 1000ms with 0 rampup samples'
ptd-server 2022-08-01 22:22:47,025 [INFO] Sending reply to client 'OK'
ptd-server 2022-08-01 22:32:58,335 [INFO] Got command from the client 'session,2022-08-01_22-11-42,stop,testing'
ptd-server 2022-08-01 22:33:08,345 [INFO] Sending to ptd: 'Stop'
ptd-server 2022-08-01 22:33:08,346 [INFO] Reply from ptd: 'Stopping untimed measurement'
ptd-server 2022-08-01 22:33:09,074 [INFO] Sending reply to client 'OK'
ptd-server 2022-08-01 22:33:09,088 [INFO] Got command from the client 'session,2022-08-01_22-11-42,done'
ptd-server 2022-08-01 22:33:09,088 [INFO] Sending to ptd: 'Stop'
ptd-server 2022-08-01 22:33:09,088 [INFO] Reply from ptd: 'Error: no measurement to stop'
ptd-server 2022-08-01 22:33:09,089 [INFO] Sending to ptd: 'SR,V,Auto'
ptd-server 2022-08-01 22:33:09,591 [INFO] Reply from ptd: 'Range V changed'
ptd-server 2022-08-01 22:33:09,591 [INFO] Sending to ptd: 'SR,A,0.500000'
ptd-server 2022-08-01 22:33:11,093 [INFO] Reply from ptd: 'Range A changed'
ptd-server 2022-08-01 22:33:11,093 [INFO] Set initial values for Amps 0.500000 and Volts Auto
ptd-server 2022-08-01 22:33:11,093 [INFO] Stopping ptd...
