ptd-server 2022-07-27 00:28:49,236 [INFO] Got command from the client 'time'
ptd-server 2022-07-27 00:28:49,236 [INFO] Sending reply to client '1658878129.2363713'
ptd-server 2022-07-27 00:28:49,240 [INFO] Got command from the client 'new,,f7089117-259f-464e-a8c0-b84c164c5cf0'
ptd-server 2022-07-27 00:28:49,241 [INFO] Sending reply to client 'OK 2022-07-27_00-28-49,cc59ff1f-28fb-42e5-be1e-4ea47ff791a8'
ptd-server 2022-07-27 00:28:49,287 [INFO] Got command from the client 'time'
ptd-server 2022-07-27 00:28:49,287 [INFO] Sending reply to client '1658878129.2878087'
ptd-server 2022-07-27 00:28:49,292 [INFO] Got command from the client 'session,2022-07-27_00-28-49,start,ranging'
ptd-server 2022-07-27 00:28:49,292 [INFO] Running PTDaemon: ['/home/anton/projects/mlperf/power/inference_v1.0/ptd-linux-x86', '-l', '/tmp/tmp7lgbo8s4/ptd_logfile.txt', '-p', '8888', '49', '/dev/usbtmc0']
ptd-server 2022-07-27 00:29:06,467 [INFO] Sending to ptd: 'Hello'
ptd-server 2022-07-27 00:29:06,467 [INFO] Reply from ptd: 'Hello, PTDaemon here!'
ptd-server 2022-07-27 00:29:06,468 [INFO] Sending to ptd: 'Identify'
ptd-server 2022-07-27 00:29:06,468 [INFO] Reply from ptd: 'YokogawaWT310E,1000,1,1,1,1,0,1,1,version=1.9.2-e8c7a49a-20201208,OS=Linux 5.13.0-52-generic #59~20.04.1-Ubuntu SMP Thu Jun 16 21:21:28 UTC 2022 x86_64,mode=power,1,1,1,0,0,no_cal_date,YOKOGAWA;WT310E;C3XA04010E;F1.04'
ptd-server 2022-07-27 00:29:06,468 [INFO] Connected to PTDaemon
ptd-server 2022-07-27 00:29:06,468 [INFO] Sending to ptd: 'RR'
ptd-server 2022-07-27 00:29:06,468 [INFO] Reply from ptd: 'Ranges,0,0.500000,1,300.000000'
ptd-server 2022-07-27 00:29:06,469 [INFO] Initial range for Amps is 0.500000 for Volts is Auto
ptd-server 2022-07-27 00:29:06,469 [INFO] Sending to ptd: 'SR,V,Auto'
ptd-server 2022-07-27 00:29:06,971 [INFO] Reply from ptd: 'Range V changed'
ptd-server 2022-07-27 00:29:06,971 [INFO] Sending to ptd: 'SR,A,Auto'
ptd-server 2022-07-27 00:29:07,474 [INFO] Reply from ptd: 'Range A changed'
ptd-server 2022-07-27 00:29:17,479 [INFO] Starting ranging mode
ptd-server 2022-07-27 00:29:17,479 [INFO] Sending to ptd: 'Go,1000,0,2022-07-27_00-28-49_ranging'
ptd-server 2022-07-27 00:29:17,480 [INFO] Reply from ptd: 'Starting untimed measurement, maximum 500000 samples at 1000ms with 0 rampup samples'
ptd-server 2022-07-27 00:29:17,480 [INFO] Sending reply to client 'OK'
ptd-server 2022-07-27 00:39:32,484 [INFO] Got command from the client 'session,2022-07-27_00-28-49,stop,ranging'
ptd-server 2022-07-27 00:39:42,495 [INFO] Sending to ptd: 'Stop'
ptd-server 2022-07-27 00:39:42,495 [INFO] Reply from ptd: 'Stopping untimed measurement'
ptd-server 2022-07-27 00:39:43,384 [INFO] Sending reply to client 'OK'
ptd-server 2022-07-27 00:39:43,441 [INFO] Got command from the client 'time'
ptd-server 2022-07-27 00:39:43,441 [INFO] Sending reply to client '1658878783.4418836'
ptd-server 2022-07-27 00:39:43,446 [INFO] Got command from the client 'session,2022-07-27_00-28-49,start,testing'
ptd-server 2022-07-27 00:39:43,447 [INFO] Sending to ptd: 'SR,V,252.230000'
ptd-server 2022-07-27 00:39:44,981 [INFO] Reply from ptd: 'Range V changed'
ptd-server 2022-07-27 00:39:44,982 [INFO] Sending to ptd: 'SR,A,0.059710'
ptd-server 2022-07-27 00:39:46,483 [INFO] Reply from ptd: 'Range A changed'
ptd-server 2022-07-27 00:39:56,493 [INFO] Starting testing mode
ptd-server 2022-07-27 00:39:56,494 [INFO] Sending to ptd: 'Go,1000,0,2022-07-27_00-28-49_testing'
ptd-server 2022-07-27 00:39:56,494 [INFO] Reply from ptd: 'Starting untimed measurement, maximum 500000 samples at 1000ms with 0 rampup samples'
ptd-server 2022-07-27 00:39:56,494 [INFO] Sending reply to client 'OK'
ptd-server 2022-07-27 00:50:11,905 [INFO] Got command from the client 'session,2022-07-27_00-28-49,stop,testing'
ptd-server 2022-07-27 00:50:21,915 [INFO] Sending to ptd: 'Stop'
ptd-server 2022-07-27 00:50:21,916 [INFO] Reply from ptd: 'Stopping untimed measurement'
ptd-server 2022-07-27 00:50:22,378 [INFO] Sending reply to client 'OK'
ptd-server 2022-07-27 00:50:22,399 [INFO] Got command from the client 'session,2022-07-27_00-28-49,done'
ptd-server 2022-07-27 00:50:22,399 [INFO] Sending to ptd: 'Stop'
ptd-server 2022-07-27 00:50:22,494 [INFO] Reply from ptd: 'Error: no measurement to stop'
ptd-server 2022-07-27 00:50:22,494 [INFO] Sending to ptd: 'SR,V,Auto'
ptd-server 2022-07-27 00:50:22,997 [INFO] Reply from ptd: 'Range V changed'
ptd-server 2022-07-27 00:50:22,997 [INFO] Sending to ptd: 'SR,A,0.500000'
ptd-server 2022-07-27 00:50:24,498 [INFO] Reply from ptd: 'Range A changed'
ptd-server 2022-07-27 00:50:24,498 [INFO] Set initial values for Amps 0.500000 and Volts Auto
ptd-server 2022-07-27 00:50:24,499 [INFO] Stopping ptd...
