ptd-server 2022-07-24 22:11:50,375 [INFO] Got command from the client 'time'
ptd-server 2022-07-24 22:11:50,375 [INFO] Sending reply to client '1658697110.375189'
ptd-server 2022-07-24 22:11:50,376 [INFO] Got command from the client 'new,,4f4c6124-9ffe-4e97-ab8a-8e554d8739ab'
ptd-server 2022-07-24 22:11:50,376 [INFO] Sending reply to client 'OK 2022-07-24_22-11-50,f7a45e9d-ebc6-4cff-bfd1-83957cde28af'
ptd-server 2022-07-24 22:11:50,415 [INFO] Got command from the client 'time'
ptd-server 2022-07-24 22:11:50,415 [INFO] Sending reply to client '1658697110.4152396'
ptd-server 2022-07-24 22:11:50,416 [INFO] Got command from the client 'session,2022-07-24_22-11-50,start,ranging'
ptd-server 2022-07-24 22:11:50,416 [INFO] Running PTDaemon: ['/home/anton/projects/mlperf/power/inference_v1.0/ptd-linux-x86', '-l', '/tmp/tmp7lgbo8s4/ptd_logfile.txt', '-p', '8888', '49', '/dev/usbtmc0']
ptd-server 2022-07-24 22:12:07,590 [INFO] Sending to ptd: 'Hello'
ptd-server 2022-07-24 22:12:07,591 [INFO] Reply from ptd: 'Hello, PTDaemon here!'
ptd-server 2022-07-24 22:12:07,591 [INFO] Sending to ptd: 'Identify'
ptd-server 2022-07-24 22:12:07,591 [INFO] Reply from ptd: 'YokogawaWT310E,1000,1,1,1,1,0,1,1,version=1.9.2-e8c7a49a-20201208,OS=Linux 5.13.0-52-generic #59~20.04.1-Ubuntu SMP Thu Jun 16 21:21:28 UTC 2022 x86_64,mode=power,1,1,1,0,0,no_cal_date,YOKOGAWA;WT310E;C3XA04010E;F1.04'
ptd-server 2022-07-24 22:12:07,591 [INFO] Connected to PTDaemon
ptd-server 2022-07-24 22:12:07,592 [INFO] Sending to ptd: 'RR'
ptd-server 2022-07-24 22:12:07,592 [INFO] Reply from ptd: 'Ranges,0,0.500000,1,300.000000'
ptd-server 2022-07-24 22:12:07,592 [INFO] Initial range for Amps is 0.500000 for Volts is Auto
ptd-server 2022-07-24 22:12:07,592 [INFO] Sending to ptd: 'SR,V,Auto'
ptd-server 2022-07-24 22:12:08,095 [INFO] Reply from ptd: 'Range V changed'
ptd-server 2022-07-24 22:12:08,095 [INFO] Sending to ptd: 'SR,A,Auto'
ptd-server 2022-07-24 22:12:08,597 [INFO] Reply from ptd: 'Range A changed'
ptd-server 2022-07-24 22:12:18,608 [INFO] Starting ranging mode
ptd-server 2022-07-24 22:12:18,608 [INFO] Sending to ptd: 'Go,1000,0,2022-07-24_22-11-50_ranging'
ptd-server 2022-07-24 22:12:18,608 [INFO] Reply from ptd: 'Starting untimed measurement, maximum 500000 samples at 1000ms with 0 rampup samples'
ptd-server 2022-07-24 22:12:18,608 [INFO] Sending reply to client 'OK'
ptd-server 2022-07-24 22:22:43,779 [INFO] Got command from the client 'session,2022-07-24_22-11-50,stop,ranging'
ptd-server 2022-07-24 22:22:53,789 [INFO] Sending to ptd: 'Stop'
ptd-server 2022-07-24 22:22:53,790 [INFO] Reply from ptd: 'Stopping untimed measurement'
ptd-server 2022-07-24 22:22:54,528 [INFO] Sending reply to client 'OK'
ptd-server 2022-07-24 22:22:54,570 [INFO] Got command from the client 'time'
ptd-server 2022-07-24 22:22:54,570 [INFO] Sending reply to client '1658697774.5706985'
ptd-server 2022-07-24 22:22:54,571 [INFO] Got command from the client 'session,2022-07-24_22-11-50,start,testing'
ptd-server 2022-07-24 22:22:54,571 [INFO] Sending to ptd: 'SR,V,249.340000'
ptd-server 2022-07-24 22:22:56,110 [INFO] Reply from ptd: 'Range V changed'
ptd-server 2022-07-24 22:22:56,110 [INFO] Sending to ptd: 'SR,A,0.050660'
ptd-server 2022-07-24 22:22:57,611 [INFO] Reply from ptd: 'Range A changed'
ptd-server 2022-07-24 22:23:07,621 [INFO] Starting testing mode
ptd-server 2022-07-24 22:23:07,622 [INFO] Sending to ptd: 'Go,1000,0,2022-07-24_22-11-50_testing'
ptd-server 2022-07-24 22:23:07,622 [INFO] Reply from ptd: 'Starting untimed measurement, maximum 500000 samples at 1000ms with 0 rampup samples'
ptd-server 2022-07-24 22:23:07,622 [INFO] Sending reply to client 'OK'
ptd-server 2022-07-24 22:33:32,891 [INFO] Got command from the client 'session,2022-07-24_22-11-50,stop,testing'
ptd-server 2022-07-24 22:33:42,901 [INFO] Sending to ptd: 'Stop'
ptd-server 2022-07-24 22:33:42,901 [INFO] Reply from ptd: 'Stopping untimed measurement'
ptd-server 2022-07-24 22:33:43,283 [INFO] Sending reply to client 'OK'
ptd-server 2022-07-24 22:33:43,291 [INFO] Got command from the client 'session,2022-07-24_22-11-50,done'
ptd-server 2022-07-24 22:33:43,292 [INFO] Sending to ptd: 'Stop'
ptd-server 2022-07-24 22:33:43,622 [INFO] Reply from ptd: 'Error: no measurement to stop'
ptd-server 2022-07-24 22:33:43,622 [INFO] Sending to ptd: 'SR,V,Auto'
ptd-server 2022-07-24 22:33:44,125 [INFO] Reply from ptd: 'Range V changed'
ptd-server 2022-07-24 22:33:44,125 [INFO] Sending to ptd: 'SR,A,0.500000'
ptd-server 2022-07-24 22:33:45,626 [INFO] Reply from ptd: 'Range A changed'
ptd-server 2022-07-24 22:33:45,627 [INFO] Set initial values for Amps 0.500000 and Volts Auto
ptd-server 2022-07-24 22:33:45,627 [INFO] Stopping ptd...
