ptd-server 2022-08-01 13:44:29,671 [INFO] Got command from the client 'time'
ptd-server 2022-08-01 13:44:29,671 [INFO] Sending reply to client '1659357869.6712275'
ptd-server 2022-08-01 13:44:29,672 [INFO] Got command from the client 'new,,918406ee-c915-40f1-ace3-a4b86aad2c71'
ptd-server 2022-08-01 13:44:29,672 [INFO] Sending reply to client 'OK 2022-08-01_13-44-29,21f25687-a971-4581-8c9d-8dc89526e48f'
ptd-server 2022-08-01 13:44:29,706 [INFO] Got command from the client 'time'
ptd-server 2022-08-01 13:44:29,706 [INFO] Sending reply to client '1659357869.7068412'
ptd-server 2022-08-01 13:44:29,707 [INFO] Got command from the client 'session,2022-08-01_13-44-29,start,ranging'
ptd-server 2022-08-01 13:44:29,707 [INFO] Running PTDaemon: ['/home/anton/projects/mlperf/power/inference_v1.0/ptd-linux-x86', '-l', '/tmp/tmp7lgbo8s4/ptd_logfile.txt', '-p', '8888', '49', '/dev/usbtmc0']
ptd-server 2022-08-01 13:44:46,881 [INFO] Sending to ptd: 'Hello'
ptd-server 2022-08-01 13:44:46,882 [INFO] Reply from ptd: 'Hello, PTDaemon here!'
ptd-server 2022-08-01 13:44:46,882 [INFO] Sending to ptd: 'Identify'
ptd-server 2022-08-01 13:44:46,883 [INFO] Reply from ptd: 'YokogawaWT310E,1000,1,1,1,1,0,1,1,version=1.9.2-e8c7a49a-20201208,OS=Linux 5.13.0-52-generic #59~20.04.1-Ubuntu SMP Thu Jun 16 21:21:28 UTC 2022 x86_64,mode=power,1,1,1,0,0,no_cal_date,YOKOGAWA;WT310E;C3XA04010E;F1.04'
ptd-server 2022-08-01 13:44:46,883 [INFO] Connected to PTDaemon
ptd-server 2022-08-01 13:44:46,883 [INFO] Sending to ptd: 'RR'
ptd-server 2022-08-01 13:44:46,884 [INFO] Reply from ptd: 'Ranges,0,0.500000,1,300.000000'
ptd-server 2022-08-01 13:44:46,884 [INFO] Initial range for Amps is 0.500000 for Volts is Auto
ptd-server 2022-08-01 13:44:46,884 [INFO] Sending to ptd: 'SR,V,Auto'
ptd-server 2022-08-01 13:44:47,386 [INFO] Reply from ptd: 'Range V changed'
ptd-server 2022-08-01 13:44:47,387 [INFO] Sending to ptd: 'SR,A,Auto'
ptd-server 2022-08-01 13:44:47,889 [INFO] Reply from ptd: 'Range A changed'
ptd-server 2022-08-01 13:44:57,899 [INFO] Starting ranging mode
ptd-server 2022-08-01 13:44:57,900 [INFO] Sending to ptd: 'Go,1000,0,2022-08-01_13-44-29_ranging'
ptd-server 2022-08-01 13:44:57,900 [INFO] Reply from ptd: 'Starting untimed measurement, maximum 500000 samples at 1000ms with 0 rampup samples'
ptd-server 2022-08-01 13:44:57,900 [INFO] Sending reply to client 'OK'
ptd-server 2022-08-01 13:55:18,120 [INFO] Got command from the client 'session,2022-08-01_13-44-29,stop,ranging'
ptd-server 2022-08-01 13:55:28,131 [INFO] Sending to ptd: 'Stop'
ptd-server 2022-08-01 13:55:28,131 [INFO] Reply from ptd: 'Stopping untimed measurement'
ptd-server 2022-08-01 13:55:29,544 [INFO] Sending reply to client 'OK'
ptd-server 2022-08-01 13:55:29,597 [INFO] Got command from the client 'time'
ptd-server 2022-08-01 13:55:29,597 [INFO] Sending reply to client '1659358529.5975168'
ptd-server 2022-08-01 13:55:29,599 [INFO] Got command from the client 'session,2022-08-01_13-44-29,start,testing'
ptd-server 2022-08-01 13:55:29,599 [INFO] Sending to ptd: 'SR,V,249.960000'
ptd-server 2022-08-01 13:55:31,100 [INFO] Reply from ptd: 'Range V changed'
ptd-server 2022-08-01 13:55:31,100 [INFO] Sending to ptd: 'SR,A,0.254450'
ptd-server 2022-08-01 13:55:32,601 [INFO] Reply from ptd: 'Range A changed'
ptd-server 2022-08-01 13:55:42,612 [INFO] Starting testing mode
ptd-server 2022-08-01 13:55:42,612 [INFO] Sending to ptd: 'Go,1000,0,2022-08-01_13-44-29_testing'
ptd-server 2022-08-01 13:55:42,612 [INFO] Reply from ptd: 'Starting untimed measurement, maximum 500000 samples at 1000ms with 0 rampup samples'
ptd-server 2022-08-01 13:55:42,613 [INFO] Sending reply to client 'OK'
ptd-server 2022-08-01 14:05:57,247 [INFO] Got command from the client 'session,2022-08-01_13-44-29,stop,testing'
ptd-server 2022-08-01 14:06:07,257 [INFO] Sending to ptd: 'Stop'
ptd-server 2022-08-01 14:06:07,258 [INFO] Reply from ptd: 'Stopping untimed measurement'
ptd-server 2022-08-01 14:06:07,964 [INFO] Sending reply to client 'OK'
ptd-server 2022-08-01 14:06:07,978 [INFO] Got command from the client 'session,2022-08-01_13-44-29,done'
ptd-server 2022-08-01 14:06:07,978 [INFO] Sending to ptd: 'Stop'
ptd-server 2022-08-01 14:06:07,979 [INFO] Reply from ptd: 'Error: no measurement to stop'
ptd-server 2022-08-01 14:06:07,979 [INFO] Sending to ptd: 'SR,V,Auto'
ptd-server 2022-08-01 14:06:08,481 [INFO] Reply from ptd: 'Range V changed'
ptd-server 2022-08-01 14:06:08,481 [INFO] Sending to ptd: 'SR,A,0.500000'
ptd-server 2022-08-01 14:06:09,983 [INFO] Reply from ptd: 'Range A changed'
ptd-server 2022-08-01 14:06:09,983 [INFO] Set initial values for Amps 0.500000 and Volts Auto
ptd-server 2022-08-01 14:06:09,983 [INFO] Stopping ptd...
