ptd-server 2022-07-28 16:08:28,374 [INFO] Got command from the client 'time'
ptd-server 2022-07-28 16:08:28,374 [INFO] Sending reply to client '1659020908.3742862'
ptd-server 2022-07-28 16:08:28,377 [INFO] Got command from the client 'new,,02c59b64-e33a-48ae-a16e-21f7bb203012'
ptd-server 2022-07-28 16:08:28,378 [INFO] Sending reply to client 'OK 2022-07-28_16-08-28,89835212-037e-4a36-92d1-85a6651fb198'
ptd-server 2022-07-28 16:08:28,414 [INFO] Got command from the client 'time'
ptd-server 2022-07-28 16:08:28,414 [INFO] Sending reply to client '1659020908.4145'
ptd-server 2022-07-28 16:08:28,418 [INFO] Got command from the client 'session,2022-07-28_16-08-28,start,ranging'
ptd-server 2022-07-28 16:08:28,418 [INFO] Running PTDaemon: ['/home/anton/projects/mlperf/power/inference_v1.0/ptd-linux-x86', '-l', '/tmp/tmp7lgbo8s4/ptd_logfile.txt', '-p', '8888', '49', '/dev/usbtmc0']
ptd-server 2022-07-28 16:08:45,592 [INFO] Sending to ptd: 'Hello'
ptd-server 2022-07-28 16:08:45,593 [INFO] Reply from ptd: 'Hello, PTDaemon here!'
ptd-server 2022-07-28 16:08:45,593 [INFO] Sending to ptd: 'Identify'
ptd-server 2022-07-28 16:08:45,593 [INFO] Reply from ptd: 'YokogawaWT310E,1000,1,1,1,1,0,1,1,version=1.9.2-e8c7a49a-20201208,OS=Linux 5.13.0-52-generic #59~20.04.1-Ubuntu SMP Thu Jun 16 21:21:28 UTC 2022 x86_64,mode=power,1,1,1,0,0,no_cal_date,YOKOGAWA;WT310E;C3XA04010E;F1.04'
ptd-server 2022-07-28 16:08:45,594 [INFO] Connected to PTDaemon
ptd-server 2022-07-28 16:08:45,594 [INFO] Sending to ptd: 'RR'
ptd-server 2022-07-28 16:08:45,594 [INFO] Reply from ptd: 'Ranges,0,0.500000,1,300.000000'
ptd-server 2022-07-28 16:08:45,594 [INFO] Initial range for Amps is 0.500000 for Volts is Auto
ptd-server 2022-07-28 16:08:45,594 [INFO] Sending to ptd: 'SR,V,Auto'
ptd-server 2022-07-28 16:08:46,097 [INFO] Reply from ptd: 'Range V changed'
ptd-server 2022-07-28 16:08:46,097 [INFO] Sending to ptd: 'SR,A,Auto'
ptd-server 2022-07-28 16:08:46,600 [INFO] Reply from ptd: 'Range A changed'
ptd-server 2022-07-28 16:08:56,609 [INFO] Starting ranging mode
ptd-server 2022-07-28 16:08:56,610 [INFO] Sending to ptd: 'Go,1000,0,2022-07-28_16-08-28_ranging'
ptd-server 2022-07-28 16:08:56,610 [INFO] Reply from ptd: 'Starting untimed measurement, maximum 500000 samples at 1000ms with 0 rampup samples'
ptd-server 2022-07-28 16:08:56,610 [INFO] Sending reply to client 'OK'
ptd-server 2022-07-28 16:19:19,884 [INFO] Got command from the client 'session,2022-07-28_16-08-28,stop,ranging'
ptd-server 2022-07-28 16:19:29,894 [INFO] Sending to ptd: 'Stop'
ptd-server 2022-07-28 16:19:29,895 [INFO] Reply from ptd: 'Stopping untimed measurement'
ptd-server 2022-07-28 16:19:30,984 [INFO] Sending reply to client 'OK'
ptd-server 2022-07-28 16:19:31,050 [INFO] Got command from the client 'time'
ptd-server 2022-07-28 16:19:31,050 [INFO] Sending reply to client '1659021571.0501509'
ptd-server 2022-07-28 16:19:31,056 [INFO] Got command from the client 'session,2022-07-28_16-08-28,start,testing'
ptd-server 2022-07-28 16:19:31,056 [INFO] Sending to ptd: 'SR,V,251.590000'
ptd-server 2022-07-28 16:19:32,557 [INFO] Reply from ptd: 'Range V changed'
ptd-server 2022-07-28 16:19:32,557 [INFO] Sending to ptd: 'SR,A,0.055550'
ptd-server 2022-07-28 16:19:34,059 [INFO] Reply from ptd: 'Range A changed'
ptd-server 2022-07-28 16:19:44,069 [INFO] Starting testing mode
ptd-server 2022-07-28 16:19:44,069 [INFO] Sending to ptd: 'Go,1000,0,2022-07-28_16-08-28_testing'
ptd-server 2022-07-28 16:19:44,070 [INFO] Reply from ptd: 'Starting untimed measurement, maximum 500000 samples at 1000ms with 0 rampup samples'
ptd-server 2022-07-28 16:19:44,070 [INFO] Sending reply to client 'OK'
ptd-server 2022-07-28 16:30:07,650 [INFO] Got command from the client 'session,2022-07-28_16-08-28,stop,testing'
ptd-server 2022-07-28 16:30:17,660 [INFO] Sending to ptd: 'Stop'
ptd-server 2022-07-28 16:30:17,661 [INFO] Reply from ptd: 'Stopping untimed measurement'
ptd-server 2022-07-28 16:30:18,218 [INFO] Sending reply to client 'OK'
ptd-server 2022-07-28 16:30:18,241 [INFO] Got command from the client 'session,2022-07-28_16-08-28,done'
ptd-server 2022-07-28 16:30:18,241 [INFO] Sending to ptd: 'Stop'
ptd-server 2022-07-28 16:30:18,241 [INFO] Reply from ptd: 'Error: no measurement to stop'
ptd-server 2022-07-28 16:30:18,241 [INFO] Sending to ptd: 'SR,V,Auto'
ptd-server 2022-07-28 16:30:18,744 [INFO] Reply from ptd: 'Range V changed'
ptd-server 2022-07-28 16:30:18,744 [INFO] Sending to ptd: 'SR,A,0.500000'
ptd-server 2022-07-28 16:30:20,245 [INFO] Reply from ptd: 'Range A changed'
ptd-server 2022-07-28 16:30:20,245 [INFO] Set initial values for Amps 0.500000 and Volts Auto
ptd-server 2022-07-28 16:30:20,246 [INFO] Stopping ptd...
