ptd-server 2022-07-26 19:21:06,793 [INFO] Got command from the client 'time'
ptd-server 2022-07-26 19:21:06,793 [INFO] Sending reply to client '1658859666.7934737'
ptd-server 2022-07-26 19:21:06,796 [INFO] Got command from the client 'new,,aedf844d-4448-4180-9b51-5b0d1522f846'
ptd-server 2022-07-26 19:21:06,797 [INFO] Sending reply to client 'OK 2022-07-26_19-21-06,4fc5ce58-ac2a-4ede-a8c4-84e6b65076e4'
ptd-server 2022-07-26 19:21:06,839 [INFO] Got command from the client 'time'
ptd-server 2022-07-26 19:21:06,839 [INFO] Sending reply to client '1658859666.8395865'
ptd-server 2022-07-26 19:21:06,843 [INFO] Got command from the client 'session,2022-07-26_19-21-06,start,ranging'
ptd-server 2022-07-26 19:21:06,844 [INFO] Running PTDaemon: ['/home/anton/projects/mlperf/power/inference_v1.0/ptd-linux-x86', '-l', '/tmp/tmp7lgbo8s4/ptd_logfile.txt', '-p', '8888', '49', '/dev/usbtmc0']
ptd-server 2022-07-26 19:21:24,018 [INFO] Sending to ptd: 'Hello'
ptd-server 2022-07-26 19:21:24,018 [INFO] Reply from ptd: 'Hello, PTDaemon here!'
ptd-server 2022-07-26 19:21:24,019 [INFO] Sending to ptd: 'Identify'
ptd-server 2022-07-26 19:21:24,019 [INFO] Reply from ptd: 'YokogawaWT310E,1000,1,1,1,1,0,1,1,version=1.9.2-e8c7a49a-20201208,OS=Linux 5.13.0-52-generic #59~20.04.1-Ubuntu SMP Thu Jun 16 21:21:28 UTC 2022 x86_64,mode=power,1,1,1,0,0,no_cal_date,YOKOGAWA;WT310E;C3XA04010E;F1.04'
ptd-server 2022-07-26 19:21:24,019 [INFO] Connected to PTDaemon
ptd-server 2022-07-26 19:21:24,019 [INFO] Sending to ptd: 'RR'
ptd-server 2022-07-26 19:21:24,020 [INFO] Reply from ptd: 'Ranges,0,0.500000,1,300.000000'
ptd-server 2022-07-26 19:21:24,020 [INFO] Initial range for Amps is 0.500000 for Volts is Auto
ptd-server 2022-07-26 19:21:24,020 [INFO] Sending to ptd: 'SR,V,Auto'
ptd-server 2022-07-26 19:21:24,522 [INFO] Reply from ptd: 'Range V changed'
ptd-server 2022-07-26 19:21:24,523 [INFO] Sending to ptd: 'SR,A,Auto'
ptd-server 2022-07-26 19:21:25,025 [INFO] Reply from ptd: 'Range A changed'
ptd-server 2022-07-26 19:21:35,035 [INFO] Starting ranging mode
ptd-server 2022-07-26 19:21:35,036 [INFO] Sending to ptd: 'Go,1000,0,2022-07-26_19-21-06_ranging'
ptd-server 2022-07-26 19:21:35,036 [INFO] Reply from ptd: 'Starting untimed measurement, maximum 500000 samples at 1000ms with 0 rampup samples'
ptd-server 2022-07-26 19:21:35,036 [INFO] Sending reply to client 'OK'
ptd-server 2022-07-26 19:31:49,655 [INFO] Got command from the client 'session,2022-07-26_19-21-06,stop,ranging'
ptd-server 2022-07-26 19:31:59,666 [INFO] Sending to ptd: 'Stop'
ptd-server 2022-07-26 19:31:59,666 [INFO] Reply from ptd: 'Stopping untimed measurement'
ptd-server 2022-07-26 19:32:00,529 [INFO] Sending reply to client 'OK'
ptd-server 2022-07-26 19:32:00,664 [INFO] Got command from the client 'time'
ptd-server 2022-07-26 19:32:00,664 [INFO] Sending reply to client '1658860320.6643312'
ptd-server 2022-07-26 19:32:00,668 [INFO] Got command from the client 'session,2022-07-26_19-21-06,start,testing'
ptd-server 2022-07-26 19:32:00,668 [INFO] Sending to ptd: 'SR,V,248.710000'
ptd-server 2022-07-26 19:32:02,169 [INFO] Reply from ptd: 'Range V changed'
ptd-server 2022-07-26 19:32:02,169 [INFO] Sending to ptd: 'SR,A,0.069450'
ptd-server 2022-07-26 19:32:03,671 [INFO] Reply from ptd: 'Range A changed'
ptd-server 2022-07-26 19:32:13,681 [INFO] Starting testing mode
ptd-server 2022-07-26 19:32:13,681 [INFO] Sending to ptd: 'Go,1000,0,2022-07-26_19-21-06_testing'
ptd-server 2022-07-26 19:32:13,682 [INFO] Reply from ptd: 'Starting untimed measurement, maximum 500000 samples at 1000ms with 0 rampup samples'
ptd-server 2022-07-26 19:32:13,682 [INFO] Sending reply to client 'OK'
ptd-server 2022-07-26 19:42:28,562 [INFO] Got command from the client 'session,2022-07-26_19-21-06,stop,testing'
ptd-server 2022-07-26 19:42:38,573 [INFO] Sending to ptd: 'Stop'
ptd-server 2022-07-26 19:42:38,573 [INFO] Reply from ptd: 'Stopping untimed measurement'
ptd-server 2022-07-26 19:42:39,018 [INFO] Sending reply to client 'OK'
ptd-server 2022-07-26 19:42:39,046 [INFO] Got command from the client 'session,2022-07-26_19-21-06,done'
ptd-server 2022-07-26 19:42:39,047 [INFO] Sending to ptd: 'Stop'
ptd-server 2022-07-26 19:42:39,047 [INFO] Reply from ptd: 'Error: no measurement to stop'
ptd-server 2022-07-26 19:42:39,047 [INFO] Sending to ptd: 'SR,V,Auto'
ptd-server 2022-07-26 19:42:39,549 [INFO] Reply from ptd: 'Range V changed'
ptd-server 2022-07-26 19:42:39,550 [INFO] Sending to ptd: 'SR,A,0.500000'
ptd-server 2022-07-26 19:42:41,051 [INFO] Reply from ptd: 'Range A changed'
ptd-server 2022-07-26 19:42:41,052 [INFO] Set initial values for Amps 0.500000 and Volts Auto
ptd-server 2022-07-26 19:42:41,052 [INFO] Stopping ptd...
