[2022-08-23 14:11:32,573 log_parser.py:50 INFO] Sucessfully loaded MLPerf log from closed/Biren/results/BR104-300W-PCIex8/bert-99.9/Server/accuracy/mlperf_log_detail.txt.
[2022-08-23 14:11:32,575 log_parser.py:50 INFO] Sucessfully loaded MLPerf log from closed/Biren/results/BR104-300W-PCIex8/bert-99.9/Server/performance/run_1/mlperf_log_detail.txt.
[2022-08-23 14:11:32,577 log_parser.py:50 INFO] Sucessfully loaded MLPerf log from closed/Biren/results/BR104-300W-PCIex8/bert-99.9/Server/performance/run_1/mlperf_log_detail.txt.
[2022-08-23 14:11:32,577 submission-checker.py:1153 INFO] Target latency: 130000000, Early Stopping Latency: 130000000, Scenario: Server
[2022-08-23 14:11:32,578 log_parser.py:50 INFO] Sucessfully loaded MLPerf log from closed/Biren/compliance/BR104-300W-PCIex8/bert-99.9/Server/TEST01/performance/run_1/mlperf_log_detail.txt.
[2022-08-23 14:11:32,580 log_parser.py:50 INFO] Sucessfully loaded MLPerf log from closed/Biren/compliance/BR104-300W-PCIex8/bert-99.9/Server/TEST01/performance/run_1/mlperf_log_detail.txt.
[2022-08-23 14:11:32,580 submission-checker.py:1153 INFO] Target latency: 130000000, Early Stopping Latency: 130000000, Scenario: Server
[2022-08-23 14:11:32,581 log_parser.py:50 INFO] Sucessfully loaded MLPerf log from closed/Biren/compliance/BR104-300W-PCIex8/bert-99.9/Server/TEST05/performance/run_1/mlperf_log_detail.txt.
[2022-08-23 14:11:32,583 log_parser.py:50 INFO] Sucessfully loaded MLPerf log from closed/Biren/compliance/BR104-300W-PCIex8/bert-99.9/Server/TEST05/performance/run_1/mlperf_log_detail.txt.
[2022-08-23 14:11:32,583 submission-checker.py:1153 INFO] Target latency: 130000000, Early Stopping Latency: 130000000, Scenario: Server
[2022-08-23 14:11:32,583 submission-checker.py:1804 INFO] closed/Biren/compliance/BR104-300W-PCIex8/bert-99.9/Server/TEST05/performance/run_1 has file list mismatch (['mlperf_log_accuracy.json'])
[2022-08-23 14:11:32,583 submission-checker.py:1825 INFO] Compliance test accuracy check in closed/Biren/compliance/BR104-300W-PCIex8/bert-99.9/Server/TEST01 failed
[2022-08-23 14:11:32,584 log_parser.py:50 INFO] Sucessfully loaded MLPerf log from closed/Biren/results/BR104-300W-PCIex8/bert-99.9/Offline/accuracy/mlperf_log_detail.txt.
[2022-08-23 14:11:32,586 log_parser.py:50 INFO] Sucessfully loaded MLPerf log from closed/Biren/results/BR104-300W-PCIex8/bert-99.9/Offline/performance/run_1/mlperf_log_detail.txt.
[2022-08-23 14:11:32,587 log_parser.py:50 INFO] Sucessfully loaded MLPerf log from closed/Biren/results/BR104-300W-PCIex8/bert-99.9/Offline/performance/run_1/mlperf_log_detail.txt.
[2022-08-23 14:11:32,587 submission-checker.py:1162 INFO] Target latency: None, Latency: 657509130952, Scenario: Offline
[2022-08-23 14:11:32,589 log_parser.py:50 INFO] Sucessfully loaded MLPerf log from closed/Biren/compliance/BR104-300W-PCIex8/bert-99.9/Offline/TEST01/performance/run_1/mlperf_log_detail.txt.
[2022-08-23 14:11:32,590 log_parser.py:50 INFO] Sucessfully loaded MLPerf log from closed/Biren/compliance/BR104-300W-PCIex8/bert-99.9/Offline/TEST01/performance/run_1/mlperf_log_detail.txt.
[2022-08-23 14:11:32,590 submission-checker.py:1162 INFO] Target latency: None, Latency: 657087696002, Scenario: Offline
[2022-08-23 14:11:32,591 log_parser.py:50 INFO] Sucessfully loaded MLPerf log from closed/Biren/compliance/BR104-300W-PCIex8/bert-99.9/Offline/TEST05/performance/run_1/mlperf_log_detail.txt.
[2022-08-23 14:11:32,593 log_parser.py:50 INFO] Sucessfully loaded MLPerf log from closed/Biren/compliance/BR104-300W-PCIex8/bert-99.9/Offline/TEST05/performance/run_1/mlperf_log_detail.txt.
[2022-08-23 14:11:32,593 submission-checker.py:1162 INFO] Target latency: None, Latency: 658028589730, Scenario: Offline
[2022-08-23 14:11:32,593 submission-checker.py:1804 INFO] closed/Biren/compliance/BR104-300W-PCIex8/bert-99.9/Offline/TEST05/performance/run_1 has file list mismatch (['mlperf_log_accuracy.json'])
[2022-08-23 14:11:32,593 submission-checker.py:1825 INFO] Compliance test accuracy check in closed/Biren/compliance/BR104-300W-PCIex8/bert-99.9/Offline/TEST01 failed
[2022-08-23 14:11:32,600 log_parser.py:50 INFO] Sucessfully loaded MLPerf log from closed/Biren/results/BR104-300W-PCIex8/resnet50/Server/accuracy/mlperf_log_detail.txt.
[2022-08-23 14:11:32,601 log_parser.py:50 INFO] Sucessfully loaded MLPerf log from closed/Biren/results/BR104-300W-PCIex8/resnet50/Server/performance/run_1/mlperf_log_detail.txt.
[2022-08-23 14:11:32,602 log_parser.py:50 INFO] Sucessfully loaded MLPerf log from closed/Biren/results/BR104-300W-PCIex8/resnet50/Server/performance/run_1/mlperf_log_detail.txt.
[2022-08-23 14:11:32,602 submission-checker.py:1153 INFO] Target latency: 15000000, Early Stopping Latency: 15000000, Scenario: Server
[2022-08-23 14:11:32,602 log_parser.py:50 INFO] Sucessfully loaded MLPerf log from closed/Biren/compliance/BR104-300W-PCIex8/resnet50/Server/TEST01/performance/run_1/mlperf_log_detail.txt.
[2022-08-23 14:11:32,603 log_parser.py:50 INFO] Sucessfully loaded MLPerf log from closed/Biren/compliance/BR104-300W-PCIex8/resnet50/Server/TEST01/performance/run_1/mlperf_log_detail.txt.
[2022-08-23 14:11:32,603 submission-checker.py:1153 INFO] Target latency: 15000000, Early Stopping Latency: 15000000, Scenario: Server
[2022-08-23 14:11:32,603 submission-checker.py:1804 INFO] closed/Biren/compliance/BR104-300W-PCIex8/resnet50/Server/TEST01/performance/run_1 has file list mismatch (['mlperf_log_accuracy.json'])
[2022-08-23 14:11:32,604 log_parser.py:50 INFO] Sucessfully loaded MLPerf log from closed/Biren/compliance/BR104-300W-PCIex8/resnet50/Server/TEST04/performance/run_1/mlperf_log_detail.txt.
[2022-08-23 14:11:32,605 log_parser.py:50 INFO] Sucessfully loaded MLPerf log from closed/Biren/compliance/BR104-300W-PCIex8/resnet50/Server/TEST04/performance/run_1/mlperf_log_detail.txt.
[2022-08-23 14:11:32,605 submission-checker.py:1153 INFO] Target latency: 15000000, Early Stopping Latency: 15000000, Scenario: Server
[2022-08-23 14:11:32,605 submission-checker.py:1804 INFO] closed/Biren/compliance/BR104-300W-PCIex8/resnet50/Server/TEST04/performance/run_1 has file list mismatch (['mlperf_log_accuracy.json'])
[2022-08-23 14:11:32,606 log_parser.py:50 INFO] Sucessfully loaded MLPerf log from closed/Biren/compliance/BR104-300W-PCIex8/resnet50/Server/TEST05/performance/run_1/mlperf_log_detail.txt.
[2022-08-23 14:11:32,607 log_parser.py:50 INFO] Sucessfully loaded MLPerf log from closed/Biren/compliance/BR104-300W-PCIex8/resnet50/Server/TEST05/performance/run_1/mlperf_log_detail.txt.
[2022-08-23 14:11:32,607 submission-checker.py:1153 INFO] Target latency: 15000000, Early Stopping Latency: 15000000, Scenario: Server
[2022-08-23 14:11:32,607 submission-checker.py:1804 INFO] closed/Biren/compliance/BR104-300W-PCIex8/resnet50/Server/TEST05/performance/run_1 has file list mismatch (['mlperf_log_accuracy.json'])
[2022-08-23 14:11:32,613 log_parser.py:50 INFO] Sucessfully loaded MLPerf log from closed/Biren/results/BR104-300W-PCIex8/resnet50/Offline/accuracy/mlperf_log_detail.txt.
[2022-08-23 14:11:32,614 log_parser.py:50 INFO] Sucessfully loaded MLPerf log from closed/Biren/results/BR104-300W-PCIex8/resnet50/Offline/performance/run_1/mlperf_log_detail.txt.
[2022-08-23 14:11:32,614 log_parser.py:50 INFO] Sucessfully loaded MLPerf log from closed/Biren/results/BR104-300W-PCIex8/resnet50/Offline/performance/run_1/mlperf_log_detail.txt.
[2022-08-23 14:11:32,615 submission-checker.py:1162 INFO] Target latency: None, Latency: 661287897454, Scenario: Offline
[2022-08-23 14:11:32,615 log_parser.py:50 INFO] Sucessfully loaded MLPerf log from closed/Biren/compliance/BR104-300W-PCIex8/resnet50/Offline/TEST01/performance/run_1/mlperf_log_detail.txt.
[2022-08-23 14:11:32,616 log_parser.py:50 INFO] Sucessfully loaded MLPerf log from closed/Biren/compliance/BR104-300W-PCIex8/resnet50/Offline/TEST01/performance/run_1/mlperf_log_detail.txt.
[2022-08-23 14:11:32,616 submission-checker.py:1162 INFO] Target latency: None, Latency: 661375309727, Scenario: Offline
[2022-08-23 14:11:32,617 log_parser.py:50 INFO] Sucessfully loaded MLPerf log from closed/Biren/compliance/BR104-300W-PCIex8/resnet50/Offline/TEST04/performance/run_1/mlperf_log_detail.txt.
[2022-08-23 14:11:32,618 log_parser.py:50 INFO] Sucessfully loaded MLPerf log from closed/Biren/compliance/BR104-300W-PCIex8/resnet50/Offline/TEST04/performance/run_1/mlperf_log_detail.txt.
[2022-08-23 14:11:32,618 submission-checker.py:1162 INFO] Target latency: None, Latency: 663670079107, Scenario: Offline
[2022-08-23 14:11:32,618 submission-checker.py:1804 INFO] closed/Biren/compliance/BR104-300W-PCIex8/resnet50/Offline/TEST04/performance/run_1 has file list mismatch (['mlperf_log_accuracy.json'])
[2022-08-23 14:11:32,619 log_parser.py:50 INFO] Sucessfully loaded MLPerf log from closed/Biren/compliance/BR104-300W-PCIex8/resnet50/Offline/TEST05/performance/run_1/mlperf_log_detail.txt.
[2022-08-23 14:11:32,619 log_parser.py:50 INFO] Sucessfully loaded MLPerf log from closed/Biren/compliance/BR104-300W-PCIex8/resnet50/Offline/TEST05/performance/run_1/mlperf_log_detail.txt.
[2022-08-23 14:11:32,620 submission-checker.py:1162 INFO] Target latency: None, Latency: 661459340978, Scenario: Offline
[2022-08-23 14:11:32,620 submission-checker.py:1804 INFO] closed/Biren/compliance/BR104-300W-PCIex8/resnet50/Offline/TEST05/performance/run_1 has file list mismatch (['mlperf_log_accuracy.json'])
[2022-08-23 14:11:32,620 submission-checker.py:1825 INFO] Compliance test accuracy check in closed/Biren/compliance/BR104-300W-PCIex8/resnet50/Offline/TEST01 failed
[2022-08-23 14:11:32,620 submission-checker.py:1885 INFO] ---
[2022-08-23 14:11:32,620 submission-checker.py:1889 INFO] Results closed/Biren/results/BR104-300W-PCIex8/bert-99.9/Offline 22133.7
[2022-08-23 14:11:32,620 submission-checker.py:1889 INFO] Results closed/Biren/results/BR104-300W-PCIex8/bert-99.9/Server 13952.2
[2022-08-23 14:11:32,620 submission-checker.py:1889 INFO] Results closed/Biren/results/BR104-300W-PCIex8/resnet50/Offline 424660.0
[2022-08-23 14:11:32,620 submission-checker.py:1889 INFO] Results closed/Biren/results/BR104-300W-PCIex8/resnet50/Server 200052.0
[2022-08-23 14:11:32,620 submission-checker.py:1891 INFO] ---
[2022-08-23 14:11:32,620 submission-checker.py:1897 INFO] ---
[2022-08-23 14:11:32,620 submission-checker.py:1898 INFO] Results=4, NoResults=0
[2022-08-23 14:11:32,620 submission-checker.py:1903 INFO] SUMMARY: submission looks OK
