ptd-server 2022-07-28 04:42:50,093 [INFO] Got command from the client 'time'
ptd-server 2022-07-28 04:42:50,093 [INFO] Sending reply to client '1658979770.093504'
ptd-server 2022-07-28 04:42:50,097 [INFO] Got command from the client 'new,,bac77857-0094-4e9b-8997-aeed04c5290d'
ptd-server 2022-07-28 04:42:50,098 [INFO] Sending reply to client 'OK 2022-07-28_04-42-50,f8095a5e-593d-4947-9560-085d1587ad36'
ptd-server 2022-07-28 04:42:50,195 [INFO] Got command from the client 'time'
ptd-server 2022-07-28 04:42:50,196 [INFO] Sending reply to client '1658979770.1959882'
ptd-server 2022-07-28 04:42:50,200 [INFO] Got command from the client 'session,2022-07-28_04-42-50,start,ranging'
ptd-server 2022-07-28 04:42:50,200 [INFO] Running PTDaemon: ['/home/anton/projects/mlperf/power/inference_v1.0/ptd-linux-x86', '-l', '/tmp/tmp7lgbo8s4/ptd_logfile.txt', '-p', '8888', '49', '/dev/usbtmc0']
ptd-server 2022-07-28 04:43:07,374 [INFO] Sending to ptd: 'Hello'
ptd-server 2022-07-28 04:43:07,374 [INFO] Reply from ptd: 'Hello, PTDaemon here!'
ptd-server 2022-07-28 04:43:07,375 [INFO] Sending to ptd: 'Identify'
ptd-server 2022-07-28 04:43:07,375 [INFO] Reply from ptd: 'YokogawaWT310E,1000,1,1,1,1,0,1,1,version=1.9.2-e8c7a49a-20201208,OS=Linux 5.13.0-52-generic #59~20.04.1-Ubuntu SMP Thu Jun 16 21:21:28 UTC 2022 x86_64,mode=power,1,1,1,0,0,no_cal_date,YOKOGAWA;WT310E;C3XA04010E;F1.04'
ptd-server 2022-07-28 04:43:07,375 [INFO] Connected to PTDaemon
ptd-server 2022-07-28 04:43:07,375 [INFO] Sending to ptd: 'RR'
ptd-server 2022-07-28 04:43:07,376 [INFO] Reply from ptd: 'Ranges,0,0.500000,1,300.000000'
ptd-server 2022-07-28 04:43:07,376 [INFO] Initial range for Amps is 0.500000 for Volts is Auto
ptd-server 2022-07-28 04:43:07,376 [INFO] Sending to ptd: 'SR,V,Auto'
ptd-server 2022-07-28 04:43:07,878 [INFO] Reply from ptd: 'Range V changed'
ptd-server 2022-07-28 04:43:07,879 [INFO] Sending to ptd: 'SR,A,Auto'
ptd-server 2022-07-28 04:43:08,381 [INFO] Reply from ptd: 'Range A changed'
ptd-server 2022-07-28 04:43:18,391 [INFO] Starting ranging mode
ptd-server 2022-07-28 04:43:18,391 [INFO] Sending to ptd: 'Go,1000,0,2022-07-28_04-42-50_ranging'
ptd-server 2022-07-28 04:43:18,392 [INFO] Reply from ptd: 'Starting untimed measurement, maximum 500000 samples at 1000ms with 0 rampup samples'
ptd-server 2022-07-28 04:43:18,392 [INFO] Sending reply to client 'OK'
ptd-server 2022-07-28 04:53:33,460 [INFO] Got command from the client 'session,2022-07-28_04-42-50,stop,ranging'
ptd-server 2022-07-28 04:53:43,471 [INFO] Sending to ptd: 'Stop'
ptd-server 2022-07-28 04:53:43,471 [INFO] Reply from ptd: 'Stopping untimed measurement'
ptd-server 2022-07-28 04:53:44,498 [INFO] Sending reply to client 'OK'
ptd-server 2022-07-28 04:53:44,653 [INFO] Got command from the client 'time'
ptd-server 2022-07-28 04:53:44,653 [INFO] Sending reply to client '1658980424.653213'
ptd-server 2022-07-28 04:53:44,657 [INFO] Got command from the client 'session,2022-07-28_04-42-50,start,testing'
ptd-server 2022-07-28 04:53:44,657 [INFO] Sending to ptd: 'SR,V,250.500000'
ptd-server 2022-07-28 04:53:46,158 [INFO] Reply from ptd: 'Range V changed'
ptd-server 2022-07-28 04:53:46,158 [INFO] Sending to ptd: 'SR,A,0.040750'
ptd-server 2022-07-28 04:53:47,660 [INFO] Reply from ptd: 'Range A changed'
ptd-server 2022-07-28 04:53:57,670 [INFO] Starting testing mode
ptd-server 2022-07-28 04:53:57,670 [INFO] Sending to ptd: 'Go,1000,0,2022-07-28_04-42-50_testing'
ptd-server 2022-07-28 04:53:57,671 [INFO] Reply from ptd: 'Starting untimed measurement, maximum 500000 samples at 1000ms with 0 rampup samples'
ptd-server 2022-07-28 04:53:57,671 [INFO] Sending reply to client 'OK'
ptd-server 2022-07-28 05:04:12,858 [INFO] Got command from the client 'session,2022-07-28_04-42-50,stop,testing'
ptd-server 2022-07-28 05:04:22,868 [INFO] Sending to ptd: 'Stop'
ptd-server 2022-07-28 05:04:22,869 [INFO] Reply from ptd: 'Stopping untimed measurement'
ptd-server 2022-07-28 05:04:23,410 [INFO] Sending reply to client 'OK'
ptd-server 2022-07-28 05:04:23,432 [INFO] Got command from the client 'session,2022-07-28_04-42-50,done'
ptd-server 2022-07-28 05:04:23,432 [INFO] Sending to ptd: 'Stop'
ptd-server 2022-07-28 05:04:23,671 [INFO] Reply from ptd: 'Error: no measurement to stop'
ptd-server 2022-07-28 05:04:23,672 [INFO] Sending to ptd: 'SR,V,Auto'
ptd-server 2022-07-28 05:04:24,174 [INFO] Reply from ptd: 'Range V changed'
ptd-server 2022-07-28 05:04:24,174 [INFO] Sending to ptd: 'SR,A,0.500000'
ptd-server 2022-07-28 05:04:25,676 [INFO] Reply from ptd: 'Range A changed'
ptd-server 2022-07-28 05:04:25,676 [INFO] Set initial values for Amps 0.500000 and Volts Auto
ptd-server 2022-07-28 05:04:25,676 [INFO] Stopping ptd...
