ptd-server 2022-07-31 10:30:39,331 [INFO] Got command from the client 'time'
ptd-server 2022-07-31 10:30:39,331 [INFO] Sending reply to client '1659259839.3319547'
ptd-server 2022-07-31 10:30:39,332 [INFO] Got command from the client 'new,,2d296683-dc1d-4b26-baa1-517fd1b2ec56'
ptd-server 2022-07-31 10:30:39,333 [INFO] Sending reply to client 'OK 2022-07-31_10-30-39,cbd6a0eb-6d89-437d-9014-3e3642aed59a'
ptd-server 2022-07-31 10:30:39,371 [INFO] Got command from the client 'time'
ptd-server 2022-07-31 10:30:39,371 [INFO] Sending reply to client '1659259839.3717875'
ptd-server 2022-07-31 10:30:39,372 [INFO] Got command from the client 'session,2022-07-31_10-30-39,start,ranging'
ptd-server 2022-07-31 10:30:39,373 [INFO] Running PTDaemon: ['/home/anton/projects/mlperf/power/inference_v1.0/ptd-linux-x86', '-l', '/tmp/tmp7lgbo8s4/ptd_logfile.txt', '-p', '8888', '49', '/dev/usbtmc0']
ptd-server 2022-07-31 10:30:56,546 [INFO] Sending to ptd: 'Hello'
ptd-server 2022-07-31 10:30:56,547 [INFO] Reply from ptd: 'Hello, PTDaemon here!'
ptd-server 2022-07-31 10:30:56,547 [INFO] Sending to ptd: 'Identify'
ptd-server 2022-07-31 10:30:56,547 [INFO] Reply from ptd: 'YokogawaWT310E,1000,1,1,1,1,0,1,1,version=1.9.2-e8c7a49a-20201208,OS=Linux 5.13.0-52-generic #59~20.04.1-Ubuntu SMP Thu Jun 16 21:21:28 UTC 2022 x86_64,mode=power,1,1,1,0,0,no_cal_date,YOKOGAWA;WT310E;C3XA04010E;F1.04'
ptd-server 2022-07-31 10:30:56,548 [INFO] Connected to PTDaemon
ptd-server 2022-07-31 10:30:56,548 [INFO] Sending to ptd: 'RR'
ptd-server 2022-07-31 10:30:56,548 [INFO] Reply from ptd: 'Ranges,0,0.500000,1,300.000000'
ptd-server 2022-07-31 10:30:56,548 [INFO] Initial range for Amps is 0.500000 for Volts is Auto
ptd-server 2022-07-31 10:30:56,548 [INFO] Sending to ptd: 'SR,V,Auto'
ptd-server 2022-07-31 10:30:57,051 [INFO] Reply from ptd: 'Range V changed'
ptd-server 2022-07-31 10:30:57,051 [INFO] Sending to ptd: 'SR,A,Auto'
ptd-server 2022-07-31 10:30:57,553 [INFO] Reply from ptd: 'Range A changed'
ptd-server 2022-07-31 10:31:07,564 [INFO] Starting ranging mode
ptd-server 2022-07-31 10:31:07,564 [INFO] Sending to ptd: 'Go,1000,0,2022-07-31_10-30-39_ranging'
ptd-server 2022-07-31 10:31:07,564 [INFO] Reply from ptd: 'Starting untimed measurement, maximum 500000 samples at 1000ms with 0 rampup samples'
ptd-server 2022-07-31 10:31:07,565 [INFO] Sending reply to client 'OK'
ptd-server 2022-07-31 10:42:14,194 [INFO] Got command from the client 'session,2022-07-31_10-30-39,stop,ranging'
ptd-server 2022-07-31 10:42:24,205 [INFO] Sending to ptd: 'Stop'
ptd-server 2022-07-31 10:42:24,205 [INFO] Reply from ptd: 'Stopping untimed measurement'
ptd-server 2022-07-31 10:42:25,489 [INFO] Sending reply to client 'OK'
ptd-server 2022-07-31 10:42:25,548 [INFO] Got command from the client 'time'
ptd-server 2022-07-31 10:42:25,548 [INFO] Sending reply to client '1659260545.5483644'
ptd-server 2022-07-31 10:42:25,549 [INFO] Got command from the client 'session,2022-07-31_10-30-39,start,testing'
ptd-server 2022-07-31 10:42:25,549 [INFO] Sending to ptd: 'SR,V,250.030000'
ptd-server 2022-07-31 10:42:27,051 [INFO] Reply from ptd: 'Range V changed'
ptd-server 2022-07-31 10:42:27,051 [INFO] Sending to ptd: 'SR,A,0.247430'
ptd-server 2022-07-31 10:42:28,552 [INFO] Reply from ptd: 'Range A changed'
ptd-server 2022-07-31 10:42:38,562 [INFO] Starting testing mode
ptd-server 2022-07-31 10:42:38,563 [INFO] Sending to ptd: 'Go,1000,0,2022-07-31_10-30-39_testing'
ptd-server 2022-07-31 10:42:38,563 [INFO] Reply from ptd: 'Starting untimed measurement, maximum 500000 samples at 1000ms with 0 rampup samples'
ptd-server 2022-07-31 10:42:38,563 [INFO] Sending reply to client 'OK'
ptd-server 2022-07-31 10:52:49,852 [INFO] Got command from the client 'session,2022-07-31_10-30-39,stop,testing'
ptd-server 2022-07-31 10:52:59,863 [INFO] Sending to ptd: 'Stop'
ptd-server 2022-07-31 10:52:59,863 [INFO] Reply from ptd: 'Stopping untimed measurement'
ptd-server 2022-07-31 10:53:00,507 [INFO] Sending reply to client 'OK'
ptd-server 2022-07-31 10:53:00,521 [INFO] Got command from the client 'session,2022-07-31_10-30-39,done'
ptd-server 2022-07-31 10:53:00,521 [INFO] Sending to ptd: 'Stop'
ptd-server 2022-07-31 10:53:00,563 [INFO] Reply from ptd: 'Error: no measurement to stop'
ptd-server 2022-07-31 10:53:00,564 [INFO] Sending to ptd: 'SR,V,Auto'
ptd-server 2022-07-31 10:53:01,066 [INFO] Reply from ptd: 'Range V changed'
ptd-server 2022-07-31 10:53:01,066 [INFO] Sending to ptd: 'SR,A,0.500000'
ptd-server 2022-07-31 10:53:02,568 [INFO] Reply from ptd: 'Range A changed'
ptd-server 2022-07-31 10:53:02,568 [INFO] Set initial values for Amps 0.500000 and Volts Auto
ptd-server 2022-07-31 10:53:02,568 [INFO] Stopping ptd...
