ptd-server 2022-07-31 18:11:53,444 [INFO] Got command from the client 'time'
ptd-server 2022-07-31 18:11:53,444 [INFO] Sending reply to client '1659287513.4441996'
ptd-server 2022-07-31 18:11:53,445 [INFO] Got command from the client 'new,,a682f92f-5e20-4eae-9c09-6404d1b4e4eb'
ptd-server 2022-07-31 18:11:53,445 [INFO] Sending reply to client 'OK 2022-07-31_18-11-53,12f915f2-d915-4c99-b823-dac4f7dedf9f'
ptd-server 2022-07-31 18:11:53,473 [INFO] Got command from the client 'time'
ptd-server 2022-07-31 18:11:53,474 [INFO] Sending reply to client '1659287513.4740903'
ptd-server 2022-07-31 18:11:53,474 [INFO] Got command from the client 'session,2022-07-31_18-11-53,start,ranging'
ptd-server 2022-07-31 18:11:53,475 [INFO] Running PTDaemon: ['/home/anton/projects/mlperf/power/inference_v1.0/ptd-linux-x86', '-l', '/tmp/tmp7lgbo8s4/ptd_logfile.txt', '-p', '8888', '49', '/dev/usbtmc0']
ptd-server 2022-07-31 18:12:10,649 [INFO] Sending to ptd: 'Hello'
ptd-server 2022-07-31 18:12:10,649 [INFO] Reply from ptd: 'Hello, PTDaemon here!'
ptd-server 2022-07-31 18:12:10,650 [INFO] Sending to ptd: 'Identify'
ptd-server 2022-07-31 18:12:10,650 [INFO] Reply from ptd: 'YokogawaWT310E,1000,1,1,1,1,0,1,1,version=1.9.2-e8c7a49a-20201208,OS=Linux 5.13.0-52-generic #59~20.04.1-Ubuntu SMP Thu Jun 16 21:21:28 UTC 2022 x86_64,mode=power,1,1,1,0,0,no_cal_date,YOKOGAWA;WT310E;C3XA04010E;F1.04'
ptd-server 2022-07-31 18:12:10,650 [INFO] Connected to PTDaemon
ptd-server 2022-07-31 18:12:10,650 [INFO] Sending to ptd: 'RR'
ptd-server 2022-07-31 18:12:10,650 [INFO] Reply from ptd: 'Ranges,0,0.500000,1,300.000000'
ptd-server 2022-07-31 18:12:10,651 [INFO] Initial range for Amps is 0.500000 for Volts is Auto
ptd-server 2022-07-31 18:12:10,651 [INFO] Sending to ptd: 'SR,V,Auto'
ptd-server 2022-07-31 18:12:11,153 [INFO] Reply from ptd: 'Range V changed'
ptd-server 2022-07-31 18:12:11,153 [INFO] Sending to ptd: 'SR,A,Auto'
ptd-server 2022-07-31 18:12:11,656 [INFO] Reply from ptd: 'Range A changed'
ptd-server 2022-07-31 18:12:21,666 [INFO] Starting ranging mode
ptd-server 2022-07-31 18:12:21,666 [INFO] Sending to ptd: 'Go,1000,0,2022-07-31_18-11-53_ranging'
ptd-server 2022-07-31 18:12:21,667 [INFO] Reply from ptd: 'Starting untimed measurement, maximum 500000 samples at 1000ms with 0 rampup samples'
ptd-server 2022-07-31 18:12:21,667 [INFO] Sending reply to client 'OK'
ptd-server 2022-07-31 18:22:35,698 [INFO] Got command from the client 'session,2022-07-31_18-11-53,stop,ranging'
ptd-server 2022-07-31 18:22:45,709 [INFO] Sending to ptd: 'Stop'
ptd-server 2022-07-31 18:22:45,709 [INFO] Reply from ptd: 'Stopping untimed measurement'
ptd-server 2022-07-31 18:22:47,031 [INFO] Sending reply to client 'OK'
ptd-server 2022-07-31 18:22:47,089 [INFO] Got command from the client 'time'
ptd-server 2022-07-31 18:22:47,089 [INFO] Sending reply to client '1659288167.089741'
ptd-server 2022-07-31 18:22:47,091 [INFO] Got command from the client 'session,2022-07-31_18-11-53,start,testing'
ptd-server 2022-07-31 18:22:47,091 [INFO] Sending to ptd: 'SR,V,250.420000'
ptd-server 2022-07-31 18:22:48,592 [INFO] Reply from ptd: 'Range V changed'
ptd-server 2022-07-31 18:22:48,592 [INFO] Sending to ptd: 'SR,A,0.269040'
ptd-server 2022-07-31 18:22:50,094 [INFO] Reply from ptd: 'Range A changed'
ptd-server 2022-07-31 18:23:00,104 [INFO] Starting testing mode
ptd-server 2022-07-31 18:23:00,104 [INFO] Sending to ptd: 'Go,1000,0,2022-07-31_18-11-53_testing'
ptd-server 2022-07-31 18:23:00,105 [INFO] Reply from ptd: 'Starting untimed measurement, maximum 500000 samples at 1000ms with 0 rampup samples'
ptd-server 2022-07-31 18:23:00,105 [INFO] Sending reply to client 'OK'
ptd-server 2022-07-31 18:33:13,951 [INFO] Got command from the client 'session,2022-07-31_18-11-53,stop,testing'
ptd-server 2022-07-31 18:33:23,962 [INFO] Sending to ptd: 'Stop'
ptd-server 2022-07-31 18:33:23,962 [INFO] Reply from ptd: 'Stopping untimed measurement'
ptd-server 2022-07-31 18:33:24,638 [INFO] Sending reply to client 'OK'
ptd-server 2022-07-31 18:33:24,653 [INFO] Got command from the client 'session,2022-07-31_18-11-53,done'
ptd-server 2022-07-31 18:33:24,653 [INFO] Sending to ptd: 'Stop'
ptd-server 2022-07-31 18:33:24,654 [INFO] Reply from ptd: 'Error: no measurement to stop'
ptd-server 2022-07-31 18:33:24,654 [INFO] Sending to ptd: 'SR,V,Auto'
ptd-server 2022-07-31 18:33:25,156 [INFO] Reply from ptd: 'Range V changed'
ptd-server 2022-07-31 18:33:25,156 [INFO] Sending to ptd: 'SR,A,0.500000'
ptd-server 2022-07-31 18:33:26,658 [INFO] Reply from ptd: 'Range A changed'
ptd-server 2022-07-31 18:33:26,658 [INFO] Set initial values for Amps 0.500000 and Volts Auto
ptd-server 2022-07-31 18:33:26,658 [INFO] Stopping ptd...
