ptd-server 2022-07-20 20:51:27,286 [INFO] Got command from the client 'time'
ptd-server 2022-07-20 20:51:27,286 [INFO] Sending reply to client '1658346687.2864833'
ptd-server 2022-07-20 20:51:27,290 [INFO] Got command from the client 'new,,cf77e60e-18df-46da-b842-7db6094989a9'
ptd-server 2022-07-20 20:51:27,291 [INFO] Sending reply to client 'OK 2022-07-20_20-51-27,ee4613ff-3e6e-4f57-8759-6082be2b76bd'
ptd-server 2022-07-20 20:51:27,388 [INFO] Got command from the client 'time'
ptd-server 2022-07-20 20:51:27,388 [INFO] Sending reply to client '1658346687.388791'
ptd-server 2022-07-20 20:51:27,393 [INFO] Got command from the client 'session,2022-07-20_20-51-27,start,ranging'
ptd-server 2022-07-20 20:51:27,393 [INFO] Running PTDaemon: ['/home/anton/projects/mlperf/power/inference_v1.0/ptd-linux-x86', '-l', '/tmp/tmp7lgbo8s4/ptd_logfile.txt', '-p', '8888', '49', '/dev/usbtmc0']
ptd-server 2022-07-20 20:51:44,567 [INFO] Sending to ptd: 'Hello'
ptd-server 2022-07-20 20:51:44,568 [INFO] Reply from ptd: 'Hello, PTDaemon here!'
ptd-server 2022-07-20 20:51:44,568 [INFO] Sending to ptd: 'Identify'
ptd-server 2022-07-20 20:51:44,568 [INFO] Reply from ptd: 'YokogawaWT310E,1000,1,1,1,1,0,1,1,version=1.9.2-e8c7a49a-20201208,OS=Linux 5.13.0-52-generic #59~20.04.1-Ubuntu SMP Thu Jun 16 21:21:28 UTC 2022 x86_64,mode=power,1,1,1,0,0,no_cal_date,YOKOGAWA;WT310E;C3XA04010E;F1.04'
ptd-server 2022-07-20 20:51:44,568 [INFO] Connected to PTDaemon
ptd-server 2022-07-20 20:51:44,568 [INFO] Sending to ptd: 'RR'
ptd-server 2022-07-20 20:51:44,569 [INFO] Reply from ptd: 'Ranges,0,0.500000,1,300.000000'
ptd-server 2022-07-20 20:51:44,569 [INFO] Initial range for Amps is 0.500000 for Volts is Auto
ptd-server 2022-07-20 20:51:44,569 [INFO] Sending to ptd: 'SR,V,Auto'
ptd-server 2022-07-20 20:51:45,072 [INFO] Reply from ptd: 'Range V changed'
ptd-server 2022-07-20 20:51:45,072 [INFO] Sending to ptd: 'SR,A,Auto'
ptd-server 2022-07-20 20:51:45,574 [INFO] Reply from ptd: 'Range A changed'
ptd-server 2022-07-20 20:51:55,584 [INFO] Starting ranging mode
ptd-server 2022-07-20 20:51:55,585 [INFO] Sending to ptd: 'Go,1000,0,2022-07-20_20-51-27_ranging'
ptd-server 2022-07-20 20:51:55,585 [INFO] Reply from ptd: 'Starting untimed measurement, maximum 500000 samples at 1000ms with 0 rampup samples'
ptd-server 2022-07-20 20:51:55,585 [INFO] Sending reply to client 'OK'
ptd-server 2022-07-20 21:02:22,164 [INFO] Got command from the client 'session,2022-07-20_20-51-27,stop,ranging'
ptd-server 2022-07-20 21:02:32,167 [INFO] Sending to ptd: 'Stop'
ptd-server 2022-07-20 21:02:32,167 [INFO] Reply from ptd: 'Stopping untimed measurement'
ptd-server 2022-07-20 21:02:32,434 [INFO] Sending reply to client 'OK'
ptd-server 2022-07-20 21:02:32,595 [INFO] Got command from the client 'time'
ptd-server 2022-07-20 21:02:32,595 [INFO] Sending reply to client '1658347352.595686'
ptd-server 2022-07-20 21:02:32,599 [INFO] Got command from the client 'session,2022-07-20_20-51-27,start,testing'
ptd-server 2022-07-20 21:02:32,599 [INFO] Sending to ptd: 'SR,V,251.710000'
ptd-server 2022-07-20 21:02:34,101 [INFO] Reply from ptd: 'Range V changed'
ptd-server 2022-07-20 21:02:34,101 [INFO] Sending to ptd: 'SR,A,0.088750'
ptd-server 2022-07-20 21:02:35,602 [INFO] Reply from ptd: 'Range A changed'
ptd-server 2022-07-20 21:02:45,607 [INFO] Starting testing mode
ptd-server 2022-07-20 21:02:45,607 [INFO] Sending to ptd: 'Go,1000,0,2022-07-20_20-51-27_testing'
ptd-server 2022-07-20 21:02:45,608 [INFO] Reply from ptd: 'Starting untimed measurement, maximum 500000 samples at 1000ms with 0 rampup samples'
ptd-server 2022-07-20 21:02:45,608 [INFO] Sending reply to client 'OK'
ptd-server 2022-07-20 21:13:04,213 [INFO] Got command from the client 'session,2022-07-20_20-51-27,stop,testing'
ptd-server 2022-07-20 21:13:14,223 [INFO] Sending to ptd: 'Stop'
ptd-server 2022-07-20 21:13:14,223 [INFO] Reply from ptd: 'Stopping untimed measurement'
ptd-server 2022-07-20 21:13:14,370 [INFO] Sending reply to client 'OK'
ptd-server 2022-07-20 21:13:14,466 [INFO] Got command from the client 'session,2022-07-20_20-51-27,done'
ptd-server 2022-07-20 21:13:14,466 [INFO] Sending to ptd: 'Stop'
ptd-server 2022-07-20 21:13:14,609 [INFO] Reply from ptd: 'Error: no measurement to stop'
ptd-server 2022-07-20 21:13:14,609 [INFO] Sending to ptd: 'SR,V,Auto'
ptd-server 2022-07-20 21:13:15,112 [INFO] Reply from ptd: 'Range V changed'
ptd-server 2022-07-20 21:13:15,112 [INFO] Sending to ptd: 'SR,A,0.500000'
ptd-server 2022-07-20 21:13:16,613 [INFO] Reply from ptd: 'Range A changed'
ptd-server 2022-07-20 21:13:16,613 [INFO] Set initial values for Amps 0.500000 and Volts Auto
ptd-server 2022-07-20 21:13:16,614 [INFO] Stopping ptd...
