ptd-server 2022-08-02 01:04:25,444 [INFO] Got command from the client 'time'
ptd-server 2022-08-02 01:04:25,444 [INFO] Sending reply to client '1659398665.4447253'
ptd-server 2022-08-02 01:04:25,445 [INFO] Got command from the client 'new,,fbd2162d-efd1-4f5f-8023-7b01c4b7f1bc'
ptd-server 2022-08-02 01:04:25,446 [INFO] Sending reply to client 'OK 2022-08-02_01-04-25,b950672d-3f3c-4897-93a1-cab54515cea6'
ptd-server 2022-08-02 01:04:25,474 [INFO] Got command from the client 'time'
ptd-server 2022-08-02 01:04:25,474 [INFO] Sending reply to client '1659398665.474764'
ptd-server 2022-08-02 01:04:25,476 [INFO] Got command from the client 'session,2022-08-02_01-04-25,start,ranging'
ptd-server 2022-08-02 01:04:25,476 [INFO] Running PTDaemon: ['/home/anton/projects/mlperf/power/inference_v1.0/ptd-linux-x86', '-l', '/tmp/tmp7lgbo8s4/ptd_logfile.txt', '-p', '8888', '49', '/dev/usbtmc0']
ptd-server 2022-08-02 01:04:42,650 [INFO] Sending to ptd: 'Hello'
ptd-server 2022-08-02 01:04:42,651 [INFO] Reply from ptd: 'Hello, PTDaemon here!'
ptd-server 2022-08-02 01:04:42,651 [INFO] Sending to ptd: 'Identify'
ptd-server 2022-08-02 01:04:42,652 [INFO] Reply from ptd: 'YokogawaWT310E,1000,1,1,1,1,0,1,1,version=1.9.2-e8c7a49a-20201208,OS=Linux 5.13.0-52-generic #59~20.04.1-Ubuntu SMP Thu Jun 16 21:21:28 UTC 2022 x86_64,mode=power,1,1,1,0,0,no_cal_date,YOKOGAWA;WT310E;C3XA04010E;F1.04'
ptd-server 2022-08-02 01:04:42,652 [INFO] Connected to PTDaemon
ptd-server 2022-08-02 01:04:42,652 [INFO] Sending to ptd: 'RR'
ptd-server 2022-08-02 01:04:42,652 [INFO] Reply from ptd: 'Ranges,0,0.500000,1,300.000000'
ptd-server 2022-08-02 01:04:42,652 [INFO] Initial range for Amps is 0.500000 for Volts is Auto
ptd-server 2022-08-02 01:04:42,652 [INFO] Sending to ptd: 'SR,V,Auto'
ptd-server 2022-08-02 01:04:43,155 [INFO] Reply from ptd: 'Range V changed'
ptd-server 2022-08-02 01:04:43,155 [INFO] Sending to ptd: 'SR,A,Auto'
ptd-server 2022-08-02 01:04:43,658 [INFO] Reply from ptd: 'Range A changed'
ptd-server 2022-08-02 01:04:53,668 [INFO] Starting ranging mode
ptd-server 2022-08-02 01:04:53,668 [INFO] Sending to ptd: 'Go,1000,0,2022-08-02_01-04-25_ranging'
ptd-server 2022-08-02 01:04:53,668 [INFO] Reply from ptd: 'Starting untimed measurement, maximum 500000 samples at 1000ms with 0 rampup samples'
ptd-server 2022-08-02 01:04:53,669 [INFO] Sending reply to client 'OK'
ptd-server 2022-08-02 01:15:05,025 [INFO] Got command from the client 'session,2022-08-02_01-04-25,stop,ranging'
ptd-server 2022-08-02 01:15:15,035 [INFO] Sending to ptd: 'Stop'
ptd-server 2022-08-02 01:15:15,036 [INFO] Reply from ptd: 'Stopping untimed measurement'
ptd-server 2022-08-02 01:15:16,486 [INFO] Sending reply to client 'OK'
ptd-server 2022-08-02 01:15:16,529 [INFO] Got command from the client 'time'
ptd-server 2022-08-02 01:15:16,529 [INFO] Sending reply to client '1659399316.5295615'
ptd-server 2022-08-02 01:15:16,530 [INFO] Got command from the client 'session,2022-08-02_01-04-25,start,testing'
ptd-server 2022-08-02 01:15:16,531 [INFO] Sending to ptd: 'SR,V,252.470000'
ptd-server 2022-08-02 01:15:18,032 [INFO] Reply from ptd: 'Range V changed'
ptd-server 2022-08-02 01:15:18,032 [INFO] Sending to ptd: 'SR,A,0.225330'
ptd-server 2022-08-02 01:15:19,534 [INFO] Reply from ptd: 'Range A changed'
ptd-server 2022-08-02 01:15:29,544 [INFO] Starting testing mode
ptd-server 2022-08-02 01:15:29,544 [INFO] Sending to ptd: 'Go,1000,0,2022-08-02_01-04-25_testing'
ptd-server 2022-08-02 01:15:29,544 [INFO] Reply from ptd: 'Starting untimed measurement, maximum 500000 samples at 1000ms with 0 rampup samples'
ptd-server 2022-08-02 01:15:29,545 [INFO] Sending reply to client 'OK'
ptd-server 2022-08-02 01:25:40,899 [INFO] Got command from the client 'session,2022-08-02_01-04-25,stop,testing'
ptd-server 2022-08-02 01:25:50,910 [INFO] Sending to ptd: 'Stop'
ptd-server 2022-08-02 01:25:50,910 [INFO] Reply from ptd: 'Stopping untimed measurement'
ptd-server 2022-08-02 01:25:51,648 [INFO] Sending reply to client 'OK'
ptd-server 2022-08-02 01:25:51,658 [INFO] Got command from the client 'session,2022-08-02_01-04-25,done'
ptd-server 2022-08-02 01:25:51,658 [INFO] Sending to ptd: 'Stop'
ptd-server 2022-08-02 01:25:51,658 [INFO] Reply from ptd: 'Error: no measurement to stop'
ptd-server 2022-08-02 01:25:51,658 [INFO] Sending to ptd: 'SR,V,Auto'
ptd-server 2022-08-02 01:25:52,161 [INFO] Reply from ptd: 'Range V changed'
ptd-server 2022-08-02 01:25:52,161 [INFO] Sending to ptd: 'SR,A,0.500000'
ptd-server 2022-08-02 01:25:53,662 [INFO] Reply from ptd: 'Range A changed'
ptd-server 2022-08-02 01:25:53,662 [INFO] Set initial values for Amps 0.500000 and Volts Auto
ptd-server 2022-08-02 01:25:53,663 [INFO] Stopping ptd...
