ptd-server 2022-07-20 17:44:55,595 [INFO] Got command from the client 'time'
ptd-server 2022-07-20 17:44:55,595 [INFO] Sending reply to client '1658335495.5957239'
ptd-server 2022-07-20 17:44:55,599 [INFO] Got command from the client 'new,,1722f9aa-d3f3-4b76-9491-c70e168d357a'
ptd-server 2022-07-20 17:44:55,600 [INFO] Sending reply to client 'OK 2022-07-20_17-44-55,ce14e78f-1a2c-417a-b2a6-947f5d40ff6a'
ptd-server 2022-07-20 17:44:55,637 [INFO] Got command from the client 'time'
ptd-server 2022-07-20 17:44:55,637 [INFO] Sending reply to client '1658335495.637962'
ptd-server 2022-07-20 17:44:55,642 [INFO] Got command from the client 'session,2022-07-20_17-44-55,start,ranging'
ptd-server 2022-07-20 17:44:55,643 [INFO] Running PTDaemon: ['/home/anton/projects/mlperf/power/inference_v1.0/ptd-linux-x86', '-l', '/tmp/tmp7lgbo8s4/ptd_logfile.txt', '-p', '8888', '49', '/dev/usbtmc0']
ptd-server 2022-07-20 17:45:12,816 [INFO] Sending to ptd: 'Hello'
ptd-server 2022-07-20 17:45:12,817 [INFO] Reply from ptd: 'Hello, PTDaemon here!'
ptd-server 2022-07-20 17:45:12,817 [INFO] Sending to ptd: 'Identify'
ptd-server 2022-07-20 17:45:12,817 [INFO] Reply from ptd: 'YokogawaWT310E,1000,1,1,1,1,0,1,1,version=1.9.2-e8c7a49a-20201208,OS=Linux 5.13.0-52-generic #59~20.04.1-Ubuntu SMP Thu Jun 16 21:21:28 UTC 2022 x86_64,mode=power,1,1,1,0,0,no_cal_date,YOKOGAWA;WT310E;C3XA04010E;F1.04'
ptd-server 2022-07-20 17:45:12,817 [INFO] Connected to PTDaemon
ptd-server 2022-07-20 17:45:12,818 [INFO] Sending to ptd: 'RR'
ptd-server 2022-07-20 17:45:12,818 [INFO] Reply from ptd: 'Ranges,0,0.500000,1,300.000000'
ptd-server 2022-07-20 17:45:12,818 [INFO] Initial range for Amps is 0.500000 for Volts is Auto
ptd-server 2022-07-20 17:45:12,818 [INFO] Sending to ptd: 'SR,V,Auto'
ptd-server 2022-07-20 17:45:13,321 [INFO] Reply from ptd: 'Range V changed'
ptd-server 2022-07-20 17:45:13,321 [INFO] Sending to ptd: 'SR,A,Auto'
ptd-server 2022-07-20 17:45:13,823 [INFO] Reply from ptd: 'Range A changed'
ptd-server 2022-07-20 17:45:23,834 [INFO] Starting ranging mode
ptd-server 2022-07-20 17:45:23,834 [INFO] Sending to ptd: 'Go,1000,0,2022-07-20_17-44-55_ranging'
ptd-server 2022-07-20 17:45:23,834 [INFO] Reply from ptd: 'Starting untimed measurement, maximum 500000 samples at 1000ms with 0 rampup samples'
ptd-server 2022-07-20 17:45:23,834 [INFO] Sending reply to client 'OK'
ptd-server 2022-07-20 17:55:42,220 [INFO] Got command from the client 'session,2022-07-20_17-44-55,stop,ranging'
ptd-server 2022-07-20 17:55:52,230 [INFO] Sending to ptd: 'Stop'
ptd-server 2022-07-20 17:55:52,231 [INFO] Reply from ptd: 'Stopping untimed measurement'
ptd-server 2022-07-20 17:55:52,472 [INFO] Sending reply to client 'OK'
ptd-server 2022-07-20 17:55:52,547 [INFO] Got command from the client 'time'
ptd-server 2022-07-20 17:55:52,547 [INFO] Sending reply to client '1658336152.5474567'
ptd-server 2022-07-20 17:55:52,552 [INFO] Got command from the client 'session,2022-07-20_17-44-55,start,testing'
ptd-server 2022-07-20 17:55:52,552 [INFO] Sending to ptd: 'SR,V,251.070000'
ptd-server 2022-07-20 17:55:54,335 [INFO] Reply from ptd: 'Range V changed'
ptd-server 2022-07-20 17:55:54,335 [INFO] Sending to ptd: 'SR,A,0.078070'
ptd-server 2022-07-20 17:55:55,837 [INFO] Reply from ptd: 'Range A changed'
ptd-server 2022-07-20 17:56:05,843 [INFO] Starting testing mode
ptd-server 2022-07-20 17:56:05,843 [INFO] Sending to ptd: 'Go,1000,0,2022-07-20_17-44-55_testing'
ptd-server 2022-07-20 17:56:05,844 [INFO] Reply from ptd: 'Starting untimed measurement, maximum 500000 samples at 1000ms with 0 rampup samples'
ptd-server 2022-07-20 17:56:05,844 [INFO] Sending reply to client 'OK'
ptd-server 2022-07-20 18:06:24,061 [INFO] Got command from the client 'session,2022-07-20_17-44-55,stop,testing'
ptd-server 2022-07-20 18:06:34,071 [INFO] Sending to ptd: 'Stop'
ptd-server 2022-07-20 18:06:34,072 [INFO] Reply from ptd: 'Stopping untimed measurement'
ptd-server 2022-07-20 18:06:34,211 [INFO] Sending reply to client 'OK'
ptd-server 2022-07-20 18:06:34,233 [INFO] Got command from the client 'session,2022-07-20_17-44-55,done'
ptd-server 2022-07-20 18:06:34,233 [INFO] Sending to ptd: 'Stop'
ptd-server 2022-07-20 18:06:34,844 [INFO] Reply from ptd: 'Error: no measurement to stop'
ptd-server 2022-07-20 18:06:34,845 [INFO] Sending to ptd: 'SR,V,Auto'
ptd-server 2022-07-20 18:06:35,347 [INFO] Reply from ptd: 'Range V changed'
ptd-server 2022-07-20 18:06:35,347 [INFO] Sending to ptd: 'SR,A,0.500000'
ptd-server 2022-07-20 18:06:36,849 [INFO] Reply from ptd: 'Range A changed'
ptd-server 2022-07-20 18:06:36,849 [INFO] Set initial values for Amps 0.500000 and Volts Auto
ptd-server 2022-07-20 18:06:36,849 [INFO] Stopping ptd...
