client 2022-07-22 11:44:54,708 [WARNING] Removing loadgen logs directory '/home/khadas/CK/ck-mlperf/program/image-classification-tflite-loadgen/tmp/loadgen_logs'
client 2022-07-22 11:44:54,710 [INFO] Sending command to the server: 'mlcommons/power client v3'
client 2022-07-22 11:44:54,711 [INFO] Got response: 'mlcommons/power server v3'
client 2022-07-22 11:44:54,711 [INFO] Synchronizing with the server and with time.google.com...
client 2022-07-22 11:44:54,743 [INFO] NTP:offset = -0.001 s, delay = 0.024 s 
client 2022-07-22 11:44:54,743 [INFO] Sending command to the server: 'time'
client 2022-07-22 11:44:54,744 [INFO] Got response: '1658486694.7450557'
client 2022-07-22 11:44:54,745 [INFO] The time difference between the client and the server is within range -1.230 ms..0.044 ms
client 2022-07-22 11:44:54,745 [INFO] Sending command to the server: 'new,,9b67fda3-0571-4eab-a805-2105239151aa'
client 2022-07-22 11:44:54,746 [INFO] Got response: 'OK 2022-07-22_11-44-54,b46cc8b9-0af2-4ae5-be4a-df1ce246d571'
client 2022-07-22 11:44:54,746 [INFO] Session id is '2022-07-22_11-44-54'
client 2022-07-22 11:44:54,746 [INFO] Sources: {"sources": {"__init__.py": "da39a3ee5e6b4b0d3255bfef95601890afd80709", "client.py": "33ca4f26368777ac06e01f9567b714a4b8063886", "lib/__init__.py": "da39a3ee5e6b4b0d3255bfef95601890afd80709", "lib/client.py": "4c2b78fb4849a7e5b584ef792d82aaed20b17f57", "lib/common.py": "624d0c0acc7c39aaff3674f0b99d6a09da53d1dc", "lib/external/__init__.py": "da39a3ee5e6b4b0d3255bfef95601890afd80709", "lib/external/ntplib.py": "4da8f970656505a40483206ef2b5d3dd5e81711d", "lib/server.py": "cda0cdfaee9bfa1249c64a7dd4f89b7bf1b279f0", "lib/source_hashes.py": "60a2e02193209e8d392803326208d5466342da18", "lib/summary.py": "aa92f0a3f975eecd44d3c0cd0236342ccc9f941d", "lib/time_sync.py": "3210db56eb0ff0df57bf4293dc4d4b03fffd46f1", "server.py": "c3f90f2f7eeb4db30727556d0c815ebc89b3d28b", "tests/unit/__init__.py": "da39a3ee5e6b4b0d3255bfef95601890afd80709", "tests/unit/test_server.py": "99ae15aef722f2000ee6ed1ae1523637bf1ae42b", "tests/unit/test_source_hashes.py": "00468a2907583c593e6574a1f6b404e4651c221a"}, "modules": {"ptd_client_server.lib.client": "lib/client.py", "ptd_client_server.lib.common": "lib/common.py", "ptd_client_server.lib.external.ntplib": "lib/external/ntplib.py", "ptd_client_server.lib.source_hashes": "lib/source_hashes.py", "ptd_client_server.lib.summary": "lib/summary.py", "ptd_client_server.lib.time_sync": "lib/time_sync.py"}}
client 2022-07-22 11:44:54,747 [INFO] Running workload in ranging mode
client 2022-07-22 11:44:54,747 [INFO] Synchronizing with the server and with time.google.com...
client 2022-07-22 11:44:54,780 [INFO] NTP:offset = -0.003 s, delay = 0.030 s 
client 2022-07-22 11:44:54,780 [INFO] Sending command to the server: 'time'
client 2022-07-22 11:44:54,781 [INFO] Got response: '1658486694.7816098'
client 2022-07-22 11:44:54,781 [INFO] The time difference between the client and the server is within range -1.190 ms..0.078 ms
client 2022-07-22 11:44:54,781 [INFO] Sending command to the server: 'session,2022-07-22_11-44-54,start,ranging'
client 2022-07-22 11:45:22,975 [INFO] Got response: 'OK'
client 2022-07-22 11:45:22,975 [INFO] Running the workload 'ck benchmark program:image-classification-tflite-loadgen --env.CK_SILENT_MODE=YES --skip_print_timers --dep_add_tags.compiler=gcc,v11 --dep_add_tags.python=v3 --dep_add_tags.mlperf-inference-src=r2.1 --dep_add_tags.weights=mobilenet,v2-1.0-96,non-quantized --dep_add_tags.images=crop.875,preprocessed,using-opencv --dep_add_tags.library=tflite,v2.7.1,with.ruy --env.CK_LOADGEN_DATASET_SIZE=1024 --env.CK_LOADGEN_MODE=PerformanceOnly --env.CK_LOADGEN_SCENARIO=SingleStream --env.CK_LOADGEN_TARGET_LATENCY=$CK_LOADGEN_TARGET_LATENCY --skip_stat_analysis --process_multi_keys --repetitions=1 --record --record_repo=local --record_uoa=mlperf_v2.1-open-vim4-tflite-v2.7.1-ruy-mobilenet-v2-1.0-96-non-quantized-singlestream-performance-target_latency.$CK_LOADGEN_TARGET_LATENCY-power.workload --tags=mlperf,round.v2.1,division.open,task.image-classification,platform.vim4,scenario.singlestream,mode.performance,workload.mobilenet-v2-1.0-96-non-quantized,preprocessed_using.opencv,inference_engine.tflite,inference_engine_version.v2.7.1,inference_engine_backend.ruy,target_latency.$CK_LOADGEN_TARGET_LATENCY,power.workload "@@@{\'meta\': {\'ck_benchmark_program\': \'ck benchmark program:image-classification-tflite-loadgen --env.CK_SILENT_MODE=YES --skip_print_timers --dep_add_tags.compiler=gcc,v11 --dep_add_tags.python=v3 --dep_add_tags.mlperf-inference-src=r2.1 --dep_add_tags.weights=mobilenet,v2-1.0-96,non-quantized --dep_add_tags.images=crop.875,preprocessed,using-opencv --dep_add_tags.library=tflite,v2.7.1,with.ruy --env.CK_LOADGEN_DATASET_SIZE=1024 --env.CK_LOADGEN_MODE=PerformanceOnly --env.CK_LOADGEN_SCENARIO=SingleStream --env.CK_LOADGEN_TARGET_LATENCY=$CK_LOADGEN_TARGET_LATENCY --skip_stat_analysis --process_multi_keys --repetitions=1 --record --record_repo=local --record_uoa=mlperf_v2.1-open-vim4-tflite-v2.7.1-ruy-mobilenet-v2-1.0-96-non-quantized-singlestream-performance-target_latency.$CK_LOADGEN_TARGET_LATENCY-power.workload --tags=mlperf,round.v2.1,division.open,task.image-classification,platform.vim4,scenario.singlestream,mode.performance,workload.mobilenet-v2-1.0-96-non-quantized,preprocessed_using.opencv,inference_engine.tflite,inference_engine_version.v2.7.1,inference_engine_backend.ruy,target_latency.$CK_LOADGEN_TARGET_LATENCY,power.workload\'}}" && cat `ck find program:image-classification-tflite-loadgen`/tmp/mlperf_log_summary.txt && mkdir -p "$CK_MLPERF_POWER_CLIENT_LOADGEN_LOGS" && cp "$CK_MLPERF_POWER_CLIENT_LOADGEN_LOGS"/../mlperf_log_* "$CK_MLPERF_POWER_CLIENT_LOADGEN_LOGS"/'
client 2022-07-22 11:55:44,088 [INFO] Sending command to the server: 'session,2022-07-22_11-44-54,stop,ranging'
client 2022-07-22 11:55:54,550 [INFO] Got response: 'OK'
client 2022-07-22 11:55:54,559 [INFO] Copying loadgen logs from '/home/khadas/CK/ck-mlperf/program/image-classification-tflite-loadgen/tmp/loadgen_logs' to '/home/khadas/CK/ck-mlperf/program/mlperf-power-client/tmp/2022-07-22_11-44-54/ranging'
client 2022-07-22 11:55:54,560 [INFO] Running workload in testing mode
client 2022-07-22 11:55:54,560 [INFO] Synchronizing with the server and with time.google.com...
client 2022-07-22 11:55:54,596 [INFO] NTP:offset = -0.003 s, delay = 0.032 s 
client 2022-07-22 11:55:54,596 [INFO] Sending command to the server: 'time'
client 2022-07-22 11:55:54,597 [INFO] Got response: '1658487354.5984926'
client 2022-07-22 11:55:54,597 [INFO] The time difference between the client and the server is within range -1.746 ms..-0.822 ms
client 2022-07-22 11:55:54,597 [INFO] Sending command to the server: 'session,2022-07-22_11-44-54,start,testing'
client 2022-07-22 11:56:07,989 [INFO] Got response: 'OK'
client 2022-07-22 11:56:07,989 [INFO] Running the workload 'ck benchmark program:image-classification-tflite-loadgen --env.CK_SILENT_MODE=YES --skip_print_timers --dep_add_tags.compiler=gcc,v11 --dep_add_tags.python=v3 --dep_add_tags.mlperf-inference-src=r2.1 --dep_add_tags.weights=mobilenet,v2-1.0-96,non-quantized --dep_add_tags.images=crop.875,preprocessed,using-opencv --dep_add_tags.library=tflite,v2.7.1,with.ruy --env.CK_LOADGEN_DATASET_SIZE=1024 --env.CK_LOADGEN_MODE=PerformanceOnly --env.CK_LOADGEN_SCENARIO=SingleStream --env.CK_LOADGEN_TARGET_LATENCY=$CK_LOADGEN_TARGET_LATENCY --skip_stat_analysis --process_multi_keys --repetitions=1 --record --record_repo=local --record_uoa=mlperf_v2.1-open-vim4-tflite-v2.7.1-ruy-mobilenet-v2-1.0-96-non-quantized-singlestream-performance-target_latency.$CK_LOADGEN_TARGET_LATENCY-power.workload --tags=mlperf,round.v2.1,division.open,task.image-classification,platform.vim4,scenario.singlestream,mode.performance,workload.mobilenet-v2-1.0-96-non-quantized,preprocessed_using.opencv,inference_engine.tflite,inference_engine_version.v2.7.1,inference_engine_backend.ruy,target_latency.$CK_LOADGEN_TARGET_LATENCY,power.workload "@@@{\'meta\': {\'ck_benchmark_program\': \'ck benchmark program:image-classification-tflite-loadgen --env.CK_SILENT_MODE=YES --skip_print_timers --dep_add_tags.compiler=gcc,v11 --dep_add_tags.python=v3 --dep_add_tags.mlperf-inference-src=r2.1 --dep_add_tags.weights=mobilenet,v2-1.0-96,non-quantized --dep_add_tags.images=crop.875,preprocessed,using-opencv --dep_add_tags.library=tflite,v2.7.1,with.ruy --env.CK_LOADGEN_DATASET_SIZE=1024 --env.CK_LOADGEN_MODE=PerformanceOnly --env.CK_LOADGEN_SCENARIO=SingleStream --env.CK_LOADGEN_TARGET_LATENCY=$CK_LOADGEN_TARGET_LATENCY --skip_stat_analysis --process_multi_keys --repetitions=1 --record --record_repo=local --record_uoa=mlperf_v2.1-open-vim4-tflite-v2.7.1-ruy-mobilenet-v2-1.0-96-non-quantized-singlestream-performance-target_latency.$CK_LOADGEN_TARGET_LATENCY-power.workload --tags=mlperf,round.v2.1,division.open,task.image-classification,platform.vim4,scenario.singlestream,mode.performance,workload.mobilenet-v2-1.0-96-non-quantized,preprocessed_using.opencv,inference_engine.tflite,inference_engine_version.v2.7.1,inference_engine_backend.ruy,target_latency.$CK_LOADGEN_TARGET_LATENCY,power.workload\'}}" && cat `ck find program:image-classification-tflite-loadgen`/tmp/mlperf_log_summary.txt && mkdir -p "$CK_MLPERF_POWER_CLIENT_LOADGEN_LOGS" && cp "$CK_MLPERF_POWER_CLIENT_LOADGEN_LOGS"/../mlperf_log_* "$CK_MLPERF_POWER_CLIENT_LOADGEN_LOGS"/'
client 2022-07-22 12:06:28,944 [INFO] Sending command to the server: 'session,2022-07-22_11-44-54,stop,testing'
client 2022-07-22 12:06:39,190 [INFO] Got response: 'OK'
client 2022-07-22 12:06:39,192 [INFO] Copying loadgen logs from '/home/khadas/CK/ck-mlperf/program/image-classification-tflite-loadgen/tmp/loadgen_logs' to '/home/khadas/CK/ck-mlperf/program/mlperf-power-client/tmp/2022-07-22_11-44-54/run_1'
client 2022-07-22 12:06:39,193 [INFO] Done runs
