ptd-server 2022-07-22 11:44:54,744 [INFO] Got command from the client 'time'
ptd-server 2022-07-22 11:44:54,745 [INFO] Sending reply to client '1658486694.7450557'
ptd-server 2022-07-22 11:44:54,746 [INFO] Got command from the client 'new,,9b67fda3-0571-4eab-a805-2105239151aa'
ptd-server 2022-07-22 11:44:54,746 [INFO] Sending reply to client 'OK 2022-07-22_11-44-54,b46cc8b9-0af2-4ae5-be4a-df1ce246d571'
ptd-server 2022-07-22 11:44:54,781 [INFO] Got command from the client 'time'
ptd-server 2022-07-22 11:44:54,781 [INFO] Sending reply to client '1658486694.7816098'
ptd-server 2022-07-22 11:44:54,782 [INFO] Got command from the client 'session,2022-07-22_11-44-54,start,ranging'
ptd-server 2022-07-22 11:44:54,783 [INFO] Running PTDaemon: ['/home/anton/projects/mlperf/power/inference_v1.0/ptd-linux-x86', '-l', '/tmp/tmp7lgbo8s4/ptd_logfile.txt', '-p', '8888', '49', '/dev/usbtmc0']
ptd-server 2022-07-22 11:45:11,956 [INFO] Sending to ptd: 'Hello'
ptd-server 2022-07-22 11:45:11,957 [INFO] Reply from ptd: 'Hello, PTDaemon here!'
ptd-server 2022-07-22 11:45:11,957 [INFO] Sending to ptd: 'Identify'
ptd-server 2022-07-22 11:45:11,957 [INFO] Reply from ptd: 'YokogawaWT310E,1000,1,1,1,1,0,1,1,version=1.9.2-e8c7a49a-20201208,OS=Linux 5.13.0-52-generic #59~20.04.1-Ubuntu SMP Thu Jun 16 21:21:28 UTC 2022 x86_64,mode=power,1,1,1,0,0,no_cal_date,YOKOGAWA;WT310E;C3XA04010E;F1.04'
ptd-server 2022-07-22 11:45:11,958 [INFO] Connected to PTDaemon
ptd-server 2022-07-22 11:45:11,958 [INFO] Sending to ptd: 'RR'
ptd-server 2022-07-22 11:45:11,958 [INFO] Reply from ptd: 'Ranges,0,0.500000,1,300.000000'
ptd-server 2022-07-22 11:45:11,958 [INFO] Initial range for Amps is 0.500000 for Volts is Auto
ptd-server 2022-07-22 11:45:11,959 [INFO] Sending to ptd: 'SR,V,Auto'
ptd-server 2022-07-22 11:45:12,461 [INFO] Reply from ptd: 'Range V changed'
ptd-server 2022-07-22 11:45:12,461 [INFO] Sending to ptd: 'SR,A,Auto'
ptd-server 2022-07-22 11:45:12,964 [INFO] Reply from ptd: 'Range A changed'
ptd-server 2022-07-22 11:45:22,974 [INFO] Starting ranging mode
ptd-server 2022-07-22 11:45:22,974 [INFO] Sending to ptd: 'Go,1000,0,2022-07-22_11-44-54_ranging'
ptd-server 2022-07-22 11:45:22,975 [INFO] Reply from ptd: 'Starting untimed measurement, maximum 500000 samples at 1000ms with 0 rampup samples'
ptd-server 2022-07-22 11:45:22,975 [INFO] Sending reply to client 'OK'
ptd-server 2022-07-22 11:55:44,090 [INFO] Got command from the client 'session,2022-07-22_11-44-54,stop,ranging'
ptd-server 2022-07-22 11:55:54,100 [INFO] Sending to ptd: 'Stop'
ptd-server 2022-07-22 11:55:54,101 [INFO] Reply from ptd: 'Stopping untimed measurement'
ptd-server 2022-07-22 11:55:54,551 [INFO] Sending reply to client 'OK'
ptd-server 2022-07-22 11:55:54,598 [INFO] Got command from the client 'time'
ptd-server 2022-07-22 11:55:54,598 [INFO] Sending reply to client '1658487354.5984926'
ptd-server 2022-07-22 11:55:54,599 [INFO] Got command from the client 'session,2022-07-22_11-44-54,start,testing'
ptd-server 2022-07-22 11:55:54,599 [INFO] Sending to ptd: 'SR,V,251.700000'
ptd-server 2022-07-22 11:55:56,477 [INFO] Reply from ptd: 'Range V changed'
ptd-server 2022-07-22 11:55:56,477 [INFO] Sending to ptd: 'SR,A,0.068670'
ptd-server 2022-07-22 11:55:57,978 [INFO] Reply from ptd: 'Range A changed'
ptd-server 2022-07-22 11:56:07,988 [INFO] Starting testing mode
ptd-server 2022-07-22 11:56:07,989 [INFO] Sending to ptd: 'Go,1000,0,2022-07-22_11-44-54_testing'
ptd-server 2022-07-22 11:56:07,989 [INFO] Reply from ptd: 'Starting untimed measurement, maximum 500000 samples at 1000ms with 0 rampup samples'
ptd-server 2022-07-22 11:56:07,989 [INFO] Sending reply to client 'OK'
ptd-server 2022-07-22 12:06:28,946 [INFO] Got command from the client 'session,2022-07-22_11-44-54,stop,testing'
ptd-server 2022-07-22 12:06:38,955 [INFO] Sending to ptd: 'Stop'
ptd-server 2022-07-22 12:06:38,955 [INFO] Reply from ptd: 'Stopping untimed measurement'
ptd-server 2022-07-22 12:06:39,190 [INFO] Sending reply to client 'OK'
ptd-server 2022-07-22 12:06:39,198 [INFO] Got command from the client 'session,2022-07-22_11-44-54,done'
ptd-server 2022-07-22 12:06:39,198 [INFO] Sending to ptd: 'Stop'
ptd-server 2022-07-22 12:06:39,199 [INFO] Reply from ptd: 'Error: no measurement to stop'
ptd-server 2022-07-22 12:06:39,199 [INFO] Sending to ptd: 'SR,V,Auto'
ptd-server 2022-07-22 12:06:39,701 [INFO] Reply from ptd: 'Range V changed'
ptd-server 2022-07-22 12:06:39,701 [INFO] Sending to ptd: 'SR,A,0.500000'
ptd-server 2022-07-22 12:06:41,203 [INFO] Reply from ptd: 'Range A changed'
ptd-server 2022-07-22 12:06:41,203 [INFO] Set initial values for Amps 0.500000 and Volts Auto
ptd-server 2022-07-22 12:06:41,204 [INFO] Stopping ptd...
