ptd-server 2022-07-29 06:22:57,272 [INFO] Got command from the client 'time'
ptd-server 2022-07-29 06:22:57,272 [INFO] Sending reply to client '1659072177.2728438'
ptd-server 2022-07-29 06:22:57,277 [INFO] Got command from the client 'new,,19f72b6f-342f-4742-8a04-a421a1e73250'
ptd-server 2022-07-29 06:22:57,277 [INFO] Sending reply to client 'OK 2022-07-29_06-22-57,7ce84744-4190-4808-b3ed-b9dc34535f25'
ptd-server 2022-07-29 06:22:57,374 [INFO] Got command from the client 'time'
ptd-server 2022-07-29 06:22:57,375 [INFO] Sending reply to client '1659072177.3749716'
ptd-server 2022-07-29 06:22:57,380 [INFO] Got command from the client 'session,2022-07-29_06-22-57,start,ranging'
ptd-server 2022-07-29 06:22:57,380 [INFO] Running PTDaemon: ['/home/anton/projects/mlperf/power/inference_v1.0/ptd-linux-x86', '-l', '/tmp/tmp7lgbo8s4/ptd_logfile.txt', '-p', '8888', '49', '/dev/usbtmc0']
ptd-server 2022-07-29 06:23:14,554 [INFO] Sending to ptd: 'Hello'
ptd-server 2022-07-29 06:23:14,554 [INFO] Reply from ptd: 'Hello, PTDaemon here!'
ptd-server 2022-07-29 06:23:14,555 [INFO] Sending to ptd: 'Identify'
ptd-server 2022-07-29 06:23:14,555 [INFO] Reply from ptd: 'YokogawaWT310E,1000,1,1,1,1,0,1,1,version=1.9.2-e8c7a49a-20201208,OS=Linux 5.13.0-52-generic #59~20.04.1-Ubuntu SMP Thu Jun 16 21:21:28 UTC 2022 x86_64,mode=power,1,1,1,0,0,no_cal_date,YOKOGAWA;WT310E;C3XA04010E;F1.04'
ptd-server 2022-07-29 06:23:14,555 [INFO] Connected to PTDaemon
ptd-server 2022-07-29 06:23:14,555 [INFO] Sending to ptd: 'RR'
ptd-server 2022-07-29 06:23:14,555 [INFO] Reply from ptd: 'Ranges,0,0.500000,1,300.000000'
ptd-server 2022-07-29 06:23:14,556 [INFO] Initial range for Amps is 0.500000 for Volts is Auto
ptd-server 2022-07-29 06:23:14,556 [INFO] Sending to ptd: 'SR,V,Auto'
ptd-server 2022-07-29 06:23:15,058 [INFO] Reply from ptd: 'Range V changed'
ptd-server 2022-07-29 06:23:15,058 [INFO] Sending to ptd: 'SR,A,Auto'
ptd-server 2022-07-29 06:23:15,561 [INFO] Reply from ptd: 'Range A changed'
ptd-server 2022-07-29 06:23:25,571 [INFO] Starting ranging mode
ptd-server 2022-07-29 06:23:25,571 [INFO] Sending to ptd: 'Go,1000,0,2022-07-29_06-22-57_ranging'
ptd-server 2022-07-29 06:23:25,572 [INFO] Reply from ptd: 'Starting untimed measurement, maximum 500000 samples at 1000ms with 0 rampup samples'
ptd-server 2022-07-29 06:23:25,572 [INFO] Sending reply to client 'OK'
ptd-server 2022-07-29 06:33:43,278 [INFO] Got command from the client 'session,2022-07-29_06-22-57,stop,ranging'
ptd-server 2022-07-29 06:33:53,289 [INFO] Sending to ptd: 'Stop'
ptd-server 2022-07-29 06:33:53,289 [INFO] Reply from ptd: 'Stopping untimed measurement'
ptd-server 2022-07-29 06:33:54,444 [INFO] Sending reply to client 'OK'
ptd-server 2022-07-29 06:33:54,597 [INFO] Got command from the client 'time'
ptd-server 2022-07-29 06:33:54,597 [INFO] Sending reply to client '1659072834.5979226'
ptd-server 2022-07-29 06:33:54,603 [INFO] Got command from the client 'session,2022-07-29_06-22-57,start,testing'
ptd-server 2022-07-29 06:33:54,603 [INFO] Sending to ptd: 'SR,V,249.190000'
ptd-server 2022-07-29 06:33:56,105 [INFO] Reply from ptd: 'Range V changed'
ptd-server 2022-07-29 06:33:56,105 [INFO] Sending to ptd: 'SR,A,0.067110'
ptd-server 2022-07-29 06:33:57,606 [INFO] Reply from ptd: 'Range A changed'
ptd-server 2022-07-29 06:34:07,617 [INFO] Starting testing mode
ptd-server 2022-07-29 06:34:07,617 [INFO] Sending to ptd: 'Go,1000,0,2022-07-29_06-22-57_testing'
ptd-server 2022-07-29 06:34:07,617 [INFO] Reply from ptd: 'Starting untimed measurement, maximum 500000 samples at 1000ms with 0 rampup samples'
ptd-server 2022-07-29 06:34:07,617 [INFO] Sending reply to client 'OK'
ptd-server 2022-07-29 06:44:24,987 [INFO] Got command from the client 'session,2022-07-29_06-22-57,stop,testing'
ptd-server 2022-07-29 06:44:34,997 [INFO] Sending to ptd: 'Stop'
ptd-server 2022-07-29 06:44:34,998 [INFO] Reply from ptd: 'Stopping untimed measurement'
ptd-server 2022-07-29 06:44:35,589 [INFO] Sending reply to client 'OK'
ptd-server 2022-07-29 06:44:35,659 [INFO] Got command from the client 'session,2022-07-29_06-22-57,done'
ptd-server 2022-07-29 06:44:35,660 [INFO] Sending to ptd: 'Stop'
ptd-server 2022-07-29 06:44:35,660 [INFO] Reply from ptd: 'Error: no measurement to stop'
ptd-server 2022-07-29 06:44:35,660 [INFO] Sending to ptd: 'SR,V,Auto'
ptd-server 2022-07-29 06:44:36,163 [INFO] Reply from ptd: 'Range V changed'
ptd-server 2022-07-29 06:44:36,163 [INFO] Sending to ptd: 'SR,A,0.500000'
ptd-server 2022-07-29 06:44:37,664 [INFO] Reply from ptd: 'Range A changed'
ptd-server 2022-07-29 06:44:37,664 [INFO] Set initial values for Amps 0.500000 and Volts Auto
ptd-server 2022-07-29 06:44:37,664 [INFO] Stopping ptd...
