ptd-server 2022-08-03 04:55:36,005 [INFO] Got command from the client 'stop'
ptd-server 2022-08-03 04:55:36,006 [INFO] The server will be stopped after processing this client
ptd-server 2022-08-03 04:55:36,007 [INFO] Sending reply to client 'OK'
ptd-server 2022-08-03 04:55:36,011 [INFO] Got command from the client 'time'
ptd-server 2022-08-03 04:55:36,012 [INFO] Sending reply to client '1659502536.012198'
ptd-server 2022-08-03 04:55:36,014 [INFO] Got command from the client 'new,,cf83a76d-3ad0-4cd6-86d1-64923edbb111'
ptd-server 2022-08-03 04:55:36,017 [INFO] Sending reply to client 'OK 2022-08-03_04-55-36,531ccc20-0077-4a64-84a0-b344cb640018'
ptd-server 2022-08-03 04:55:36,020 [INFO] Got command from the client 'time'
ptd-server 2022-08-03 04:55:36,021 [INFO] Sending reply to client '1659502536.021973'
ptd-server 2022-08-03 04:55:36,023 [INFO] Got command from the client 'session,2022-08-03_04-55-36,start,ranging'
ptd-server 2022-08-03 04:55:36,135 [INFO] Running PTDaemon: ['C:\\power-dev\\ptd_client_server\\ptd-windows-x86.exe', '-l', 'C:\\Users\\root\\AppData\\Local\\Temp\\tmpsg2ev9he\\ptd_logfile.txt', '-p', '8888', '-c', '2', '-y', '48', '100.83.149.90']
ptd-server 2022-08-03 04:55:55,003 [INFO] Sending to ptd: 'Hello'
ptd-server 2022-08-03 04:55:55,005 [INFO] Reply from ptd: 'Hello, PTDaemon here!'
ptd-server 2022-08-03 04:55:55,006 [INFO] Sending to ptd: 'Identify'
ptd-server 2022-08-03 04:55:55,011 [INFO] Reply from ptd: 'YokogawaWT500_multichannel,1000,1,1,1,1,0,0,1,version=1.9.2-3976349f-20201208,OS=Windows 8 / Server 2012,mode=power,1,1,3,0,0,no_cal_date,YOKOGAWA;760203;U1J802935;F1.21'
ptd-server 2022-08-03 04:55:55,012 [INFO] Connected to PTDaemon
ptd-server 2022-08-03 04:55:55,015 [INFO] Sending to ptd: 'RR'
ptd-server 2022-08-03 04:55:55,017 [INFO] Reply from ptd: 'Ranges,-1,-1.000000,-1,-1.000000'
ptd-server 2022-08-03 04:55:55,019 [INFO] Initial range for Amps is Auto for Volts is Auto
ptd-server 2022-08-03 04:55:55,020 [INFO] Sending to ptd: 'SR,V,Auto'
ptd-server 2022-08-03 04:55:55,237 [INFO] Reply from ptd: 'Range V changed'
ptd-server 2022-08-03 04:55:55,239 [INFO] Sending to ptd: 'SR,A,Auto'
ptd-server 2022-08-03 04:55:55,392 [INFO] Reply from ptd: 'Range A changed'
ptd-server 2022-08-03 04:56:05,400 [INFO] Starting ranging mode
ptd-server 2022-08-03 04:56:05,402 [INFO] Sending to ptd: 'Go,1000,0,2022-08-03_04-55-36_ranging'
ptd-server 2022-08-03 04:56:05,405 [INFO] Reply from ptd: 'Starting untimed measurement, maximum 500000 samples at 1000ms with 0 rampup samples'
ptd-server 2022-08-03 04:56:05,406 [INFO] Sending reply to client 'OK'
ptd-server 2022-08-03 05:07:11,908 [INFO] Got command from the client 'session,2022-08-03_04-55-36,stop,ranging'
ptd-server 2022-08-03 05:07:21,925 [INFO] Sending to ptd: 'Stop'
ptd-server 2022-08-03 05:07:21,928 [INFO] Reply from ptd: 'Stopping untimed measurement'
ptd-server 2022-08-03 05:07:21,965 [INFO] Sending reply to client 'OK'
ptd-server 2022-08-03 05:07:21,973 [INFO] Got command from the client 'time'
ptd-server 2022-08-03 05:07:21,974 [INFO] Sending reply to client '1659503241.9745455'
ptd-server 2022-08-03 05:07:21,976 [INFO] Got command from the client 'session,2022-08-03_04-55-36,start,testing'
ptd-server 2022-08-03 05:07:21,977 [INFO] Sending to ptd: 'SR,V,130.670000'
ptd-server 2022-08-03 05:07:23,636 [INFO] Reply from ptd: 'Range V changed'
ptd-server 2022-08-03 05:07:23,638 [INFO] Sending to ptd: 'SR,A,11.373000'
ptd-server 2022-08-03 05:07:24,366 [INFO] Reply from ptd: 'Range A changed'
ptd-server 2022-08-03 05:07:34,379 [INFO] Starting testing mode
ptd-server 2022-08-03 05:07:34,381 [INFO] Sending to ptd: 'Go,1000,0,2022-08-03_04-55-36_testing'
ptd-server 2022-08-03 05:07:34,383 [INFO] Reply from ptd: 'Starting untimed measurement, maximum 500000 samples at 1000ms with 0 rampup samples'
ptd-server 2022-08-03 05:07:34,385 [INFO] Sending reply to client 'OK'
ptd-server 2022-08-03 05:18:37,975 [INFO] Got command from the client 'session,2022-08-03_04-55-36,stop,testing'
ptd-server 2022-08-03 05:18:47,982 [INFO] Sending to ptd: 'Stop'
ptd-server 2022-08-03 05:18:47,984 [INFO] Reply from ptd: 'Stopping untimed measurement'
ptd-server 2022-08-03 05:18:47,997 [INFO] Sending reply to client 'OK'
ptd-server 2022-08-03 05:18:48,001 [INFO] Got command from the client 'session,2022-08-03_04-55-36,done'
ptd-server 2022-08-03 05:18:48,002 [INFO] Sending to ptd: 'Stop'
ptd-server 2022-08-03 05:18:48,389 [INFO] Reply from ptd: 'Error: no measurement to stop'
ptd-server 2022-08-03 05:18:48,392 [INFO] Sending to ptd: 'SR,V,Auto'
ptd-server 2022-08-03 05:18:48,596 [INFO] Reply from ptd: 'Range V changed'
ptd-server 2022-08-03 05:18:48,598 [INFO] Sending to ptd: 'SR,A,Auto'
ptd-server 2022-08-03 05:18:48,751 [INFO] Reply from ptd: 'Range A changed'
ptd-server 2022-08-03 05:18:48,753 [INFO] Set initial values for Amps Auto and Volts Auto
ptd-server 2022-08-03 05:18:48,756 [INFO] Stopping ptd...
