ptd-server 2022-07-20 08:30:28,717 [INFO] Got command from the client 'time'
ptd-server 2022-07-20 08:30:28,718 [INFO] Sending reply to client '1658302228.7179942'
ptd-server 2022-07-20 08:30:28,722 [INFO] Got command from the client 'new,,56f5edfa-c7a9-41ac-9606-b8ff96c0d382'
ptd-server 2022-07-20 08:30:28,723 [INFO] Sending reply to client 'OK 2022-07-20_08-30-28,89056d1b-72cf-4b53-a33b-d76778dc9046'
ptd-server 2022-07-20 08:30:28,820 [INFO] Got command from the client 'time'
ptd-server 2022-07-20 08:30:28,820 [INFO] Sending reply to client '1658302228.8207667'
ptd-server 2022-07-20 08:30:28,825 [INFO] Got command from the client 'session,2022-07-20_08-30-28,start,ranging'
ptd-server 2022-07-20 08:30:28,826 [INFO] Running PTDaemon: ['/home/anton/projects/mlperf/power/inference_v1.0/ptd-linux-x86', '-l', '/tmp/tmp7lgbo8s4/ptd_logfile.txt', '-p', '8888', '49', '/dev/usbtmc0']
ptd-server 2022-07-20 08:30:46,000 [INFO] Sending to ptd: 'Hello'
ptd-server 2022-07-20 08:30:46,000 [INFO] Reply from ptd: 'Hello, PTDaemon here!'
ptd-server 2022-07-20 08:30:46,001 [INFO] Sending to ptd: 'Identify'
ptd-server 2022-07-20 08:30:46,001 [INFO] Reply from ptd: 'YokogawaWT310E,1000,1,1,1,1,0,1,1,version=1.9.2-e8c7a49a-20201208,OS=Linux 5.13.0-52-generic #59~20.04.1-Ubuntu SMP Thu Jun 16 21:21:28 UTC 2022 x86_64,mode=power,1,1,1,0,0,no_cal_date,YOKOGAWA;WT310E;C3XA04010E;F1.04'
ptd-server 2022-07-20 08:30:46,001 [INFO] Connected to PTDaemon
ptd-server 2022-07-20 08:30:46,001 [INFO] Sending to ptd: 'RR'
ptd-server 2022-07-20 08:30:46,002 [INFO] Reply from ptd: 'Ranges,0,0.500000,1,300.000000'
ptd-server 2022-07-20 08:30:46,002 [INFO] Initial range for Amps is 0.500000 for Volts is Auto
ptd-server 2022-07-20 08:30:46,002 [INFO] Sending to ptd: 'SR,V,Auto'
ptd-server 2022-07-20 08:30:46,504 [INFO] Reply from ptd: 'Range V changed'
ptd-server 2022-07-20 08:30:46,505 [INFO] Sending to ptd: 'SR,A,Auto'
ptd-server 2022-07-20 08:30:47,007 [INFO] Reply from ptd: 'Range A changed'
ptd-server 2022-07-20 08:30:57,017 [INFO] Starting ranging mode
ptd-server 2022-07-20 08:30:57,017 [INFO] Sending to ptd: 'Go,1000,0,2022-07-20_08-30-28_ranging'
ptd-server 2022-07-20 08:30:57,018 [INFO] Reply from ptd: 'Starting untimed measurement, maximum 500000 samples at 1000ms with 0 rampup samples'
ptd-server 2022-07-20 08:30:57,018 [INFO] Sending reply to client 'OK'
ptd-server 2022-07-20 08:41:15,490 [INFO] Got command from the client 'session,2022-07-20_08-30-28,stop,ranging'
ptd-server 2022-07-20 08:41:25,495 [INFO] Sending to ptd: 'Stop'
ptd-server 2022-07-20 08:41:25,495 [INFO] Reply from ptd: 'Stopping untimed measurement'
ptd-server 2022-07-20 08:41:25,702 [INFO] Sending reply to client 'OK'
ptd-server 2022-07-20 08:41:25,941 [INFO] Got command from the client 'time'
ptd-server 2022-07-20 08:41:25,941 [INFO] Sending reply to client '1658302885.94143'
ptd-server 2022-07-20 08:41:25,946 [INFO] Got command from the client 'session,2022-07-20_08-30-28,start,testing'
ptd-server 2022-07-20 08:41:25,946 [INFO] Sending to ptd: 'SR,V,247.900000'
ptd-server 2022-07-20 08:41:27,520 [INFO] Reply from ptd: 'Range V changed'
ptd-server 2022-07-20 08:41:27,520 [INFO] Sending to ptd: 'SR,A,0.079440'
ptd-server 2022-07-20 08:41:29,021 [INFO] Reply from ptd: 'Range A changed'
ptd-server 2022-07-20 08:41:39,031 [INFO] Starting testing mode
ptd-server 2022-07-20 08:41:39,032 [INFO] Sending to ptd: 'Go,1000,0,2022-07-20_08-30-28_testing'
ptd-server 2022-07-20 08:41:39,032 [INFO] Reply from ptd: 'Starting untimed measurement, maximum 500000 samples at 1000ms with 0 rampup samples'
ptd-server 2022-07-20 08:41:39,032 [INFO] Sending reply to client 'OK'
ptd-server 2022-07-20 08:51:57,798 [INFO] Got command from the client 'session,2022-07-20_08-30-28,stop,testing'
ptd-server 2022-07-20 08:52:07,808 [INFO] Sending to ptd: 'Stop'
ptd-server 2022-07-20 08:52:07,809 [INFO] Reply from ptd: 'Stopping untimed measurement'
ptd-server 2022-07-20 08:52:07,919 [INFO] Sending reply to client 'OK'
ptd-server 2022-07-20 08:52:07,930 [INFO] Got command from the client 'session,2022-07-20_08-30-28,done'
ptd-server 2022-07-20 08:52:07,931 [INFO] Sending to ptd: 'Stop'
ptd-server 2022-07-20 08:52:08,032 [INFO] Reply from ptd: 'Error: no measurement to stop'
ptd-server 2022-07-20 08:52:08,032 [INFO] Sending to ptd: 'SR,V,Auto'
ptd-server 2022-07-20 08:52:08,535 [INFO] Reply from ptd: 'Range V changed'
ptd-server 2022-07-20 08:52:08,535 [INFO] Sending to ptd: 'SR,A,0.500000'
ptd-server 2022-07-20 08:52:10,036 [INFO] Reply from ptd: 'Range A changed'
ptd-server 2022-07-20 08:52:10,037 [INFO] Set initial values for Amps 0.500000 and Volts Auto
ptd-server 2022-07-20 08:52:10,037 [INFO] Stopping ptd...
