ptd-server 2022-07-21 04:40:15,185 [INFO] Got command from the client 'time'
ptd-server 2022-07-21 04:40:15,186 [INFO] Sending reply to client '1658374815.1860743'
ptd-server 2022-07-21 04:40:15,187 [INFO] Got command from the client 'new,,8d4c934d-2996-4e13-97f5-5c805b994b8d'
ptd-server 2022-07-21 04:40:15,187 [INFO] Sending reply to client 'OK 2022-07-21_04-40-15,e154d84c-3b11-453e-bcb7-f8160ccc3017'
ptd-server 2022-07-21 04:40:15,224 [INFO] Got command from the client 'time'
ptd-server 2022-07-21 04:40:15,225 [INFO] Sending reply to client '1658374815.2250662'
ptd-server 2022-07-21 04:40:15,226 [INFO] Got command from the client 'session,2022-07-21_04-40-15,start,ranging'
ptd-server 2022-07-21 04:40:15,226 [INFO] Running PTDaemon: ['/home/anton/projects/mlperf/power/inference_v1.0/ptd-linux-x86', '-l', '/tmp/tmp7lgbo8s4/ptd_logfile.txt', '-p', '8888', '49', '/dev/usbtmc0']
ptd-server 2022-07-21 04:40:32,400 [INFO] Sending to ptd: 'Hello'
ptd-server 2022-07-21 04:40:32,401 [INFO] Reply from ptd: 'Hello, PTDaemon here!'
ptd-server 2022-07-21 04:40:32,401 [INFO] Sending to ptd: 'Identify'
ptd-server 2022-07-21 04:40:32,401 [INFO] Reply from ptd: 'YokogawaWT310E,1000,1,1,1,1,0,1,1,version=1.9.2-e8c7a49a-20201208,OS=Linux 5.13.0-52-generic #59~20.04.1-Ubuntu SMP Thu Jun 16 21:21:28 UTC 2022 x86_64,mode=power,1,1,1,0,0,no_cal_date,YOKOGAWA;WT310E;C3XA04010E;F1.04'
ptd-server 2022-07-21 04:40:32,401 [INFO] Connected to PTDaemon
ptd-server 2022-07-21 04:40:32,402 [INFO] Sending to ptd: 'RR'
ptd-server 2022-07-21 04:40:32,402 [INFO] Reply from ptd: 'Ranges,0,0.500000,1,300.000000'
ptd-server 2022-07-21 04:40:32,402 [INFO] Initial range for Amps is 0.500000 for Volts is Auto
ptd-server 2022-07-21 04:40:32,402 [INFO] Sending to ptd: 'SR,V,Auto'
ptd-server 2022-07-21 04:40:32,905 [INFO] Reply from ptd: 'Range V changed'
ptd-server 2022-07-21 04:40:32,905 [INFO] Sending to ptd: 'SR,A,Auto'
ptd-server 2022-07-21 04:40:33,407 [INFO] Reply from ptd: 'Range A changed'
ptd-server 2022-07-21 04:40:43,418 [INFO] Starting ranging mode
ptd-server 2022-07-21 04:40:43,418 [INFO] Sending to ptd: 'Go,1000,0,2022-07-21_04-40-15_ranging'
ptd-server 2022-07-21 04:40:43,418 [INFO] Reply from ptd: 'Starting untimed measurement, maximum 500000 samples at 1000ms with 0 rampup samples'
ptd-server 2022-07-21 04:40:43,418 [INFO] Sending reply to client 'OK'
ptd-server 2022-07-21 04:51:04,714 [INFO] Got command from the client 'session,2022-07-21_04-40-15,stop,ranging'
ptd-server 2022-07-21 04:51:14,725 [INFO] Sending to ptd: 'Stop'
ptd-server 2022-07-21 04:51:14,725 [INFO] Reply from ptd: 'Stopping untimed measurement'
ptd-server 2022-07-21 04:51:15,017 [INFO] Sending reply to client 'OK'
ptd-server 2022-07-21 04:51:15,062 [INFO] Got command from the client 'time'
ptd-server 2022-07-21 04:51:15,062 [INFO] Sending reply to client '1658375475.0624397'
ptd-server 2022-07-21 04:51:15,063 [INFO] Got command from the client 'session,2022-07-21_04-40-15,start,testing'
ptd-server 2022-07-21 04:51:15,063 [INFO] Sending to ptd: 'SR,V,251.620000'
ptd-server 2022-07-21 04:51:16,919 [INFO] Reply from ptd: 'Range V changed'
ptd-server 2022-07-21 04:51:16,919 [INFO] Sending to ptd: 'SR,A,0.062500'
ptd-server 2022-07-21 04:51:18,421 [INFO] Reply from ptd: 'Range A changed'
ptd-server 2022-07-21 04:51:28,431 [INFO] Starting testing mode
ptd-server 2022-07-21 04:51:28,431 [INFO] Sending to ptd: 'Go,1000,0,2022-07-21_04-40-15_testing'
ptd-server 2022-07-21 04:51:28,432 [INFO] Reply from ptd: 'Starting untimed measurement, maximum 500000 samples at 1000ms with 0 rampup samples'
ptd-server 2022-07-21 04:51:28,432 [INFO] Sending reply to client 'OK'
ptd-server 2022-07-21 05:01:49,659 [INFO] Got command from the client 'session,2022-07-21_04-40-15,stop,testing'
ptd-server 2022-07-21 05:01:59,669 [INFO] Sending to ptd: 'Stop'
ptd-server 2022-07-21 05:01:59,670 [INFO] Reply from ptd: 'Stopping untimed measurement'
ptd-server 2022-07-21 05:01:59,832 [INFO] Sending reply to client 'OK'
ptd-server 2022-07-21 05:01:59,840 [INFO] Got command from the client 'session,2022-07-21_04-40-15,done'
ptd-server 2022-07-21 05:01:59,840 [INFO] Sending to ptd: 'Stop'
ptd-server 2022-07-21 05:02:00,433 [INFO] Reply from ptd: 'Error: no measurement to stop'
ptd-server 2022-07-21 05:02:00,433 [INFO] Sending to ptd: 'SR,V,Auto'
ptd-server 2022-07-21 05:02:00,936 [INFO] Reply from ptd: 'Range V changed'
ptd-server 2022-07-21 05:02:00,936 [INFO] Sending to ptd: 'SR,A,0.500000'
ptd-server 2022-07-21 05:02:02,437 [INFO] Reply from ptd: 'Range A changed'
ptd-server 2022-07-21 05:02:02,437 [INFO] Set initial values for Amps 0.500000 and Volts Auto
ptd-server 2022-07-21 05:02:02,438 [INFO] Stopping ptd...
