ptd-server 2022-07-23 03:45:44,245 [INFO] Got command from the client 'time'
ptd-server 2022-07-23 03:45:44,245 [INFO] Sending reply to client '1658544344.2458422'
ptd-server 2022-07-23 03:45:44,247 [INFO] Got command from the client 'new,,9011ca45-967a-4575-8d41-e517ab3b71cf'
ptd-server 2022-07-23 03:45:44,247 [INFO] Sending reply to client 'OK 2022-07-23_03-45-44,54c5853e-31f1-45b6-b457-4c184c982947'
ptd-server 2022-07-23 03:45:44,277 [INFO] Got command from the client 'time'
ptd-server 2022-07-23 03:45:44,277 [INFO] Sending reply to client '1658544344.2775676'
ptd-server 2022-07-23 03:45:44,278 [INFO] Got command from the client 'session,2022-07-23_03-45-44,start,ranging'
ptd-server 2022-07-23 03:45:44,279 [INFO] Running PTDaemon: ['/home/anton/projects/mlperf/power/inference_v1.0/ptd-linux-x86', '-l', '/tmp/tmp7lgbo8s4/ptd_logfile.txt', '-p', '8888', '49', '/dev/usbtmc0']
ptd-server 2022-07-23 03:46:01,453 [INFO] Sending to ptd: 'Hello'
ptd-server 2022-07-23 03:46:01,454 [INFO] Reply from ptd: 'Hello, PTDaemon here!'
ptd-server 2022-07-23 03:46:01,454 [INFO] Sending to ptd: 'Identify'
ptd-server 2022-07-23 03:46:01,455 [INFO] Reply from ptd: 'YokogawaWT310E,1000,1,1,1,1,0,1,1,version=1.9.2-e8c7a49a-20201208,OS=Linux 5.13.0-52-generic #59~20.04.1-Ubuntu SMP Thu Jun 16 21:21:28 UTC 2022 x86_64,mode=power,1,1,1,0,0,no_cal_date,YOKOGAWA;WT310E;C3XA04010E;F1.04'
ptd-server 2022-07-23 03:46:01,455 [INFO] Connected to PTDaemon
ptd-server 2022-07-23 03:46:01,455 [INFO] Sending to ptd: 'RR'
ptd-server 2022-07-23 03:46:01,455 [INFO] Reply from ptd: 'Ranges,0,0.500000,1,300.000000'
ptd-server 2022-07-23 03:46:01,455 [INFO] Initial range for Amps is 0.500000 for Volts is Auto
ptd-server 2022-07-23 03:46:01,455 [INFO] Sending to ptd: 'SR,V,Auto'
ptd-server 2022-07-23 03:46:01,958 [INFO] Reply from ptd: 'Range V changed'
ptd-server 2022-07-23 03:46:01,958 [INFO] Sending to ptd: 'SR,A,Auto'
ptd-server 2022-07-23 03:46:02,460 [INFO] Reply from ptd: 'Range A changed'
ptd-server 2022-07-23 03:46:12,471 [INFO] Starting ranging mode
ptd-server 2022-07-23 03:46:12,471 [INFO] Sending to ptd: 'Go,1000,0,2022-07-23_03-45-44_ranging'
ptd-server 2022-07-23 03:46:12,471 [INFO] Reply from ptd: 'Starting untimed measurement, maximum 500000 samples at 1000ms with 0 rampup samples'
ptd-server 2022-07-23 03:46:12,472 [INFO] Sending reply to client 'OK'
ptd-server 2022-07-23 03:56:28,977 [INFO] Got command from the client 'session,2022-07-23_03-45-44,stop,ranging'
ptd-server 2022-07-23 03:56:38,988 [INFO] Sending to ptd: 'Stop'
ptd-server 2022-07-23 03:56:38,988 [INFO] Reply from ptd: 'Stopping untimed measurement'
ptd-server 2022-07-23 03:56:39,505 [INFO] Sending reply to client 'OK'
ptd-server 2022-07-23 03:56:39,549 [INFO] Got command from the client 'time'
ptd-server 2022-07-23 03:56:39,549 [INFO] Sending reply to client '1658544999.5496674'
ptd-server 2022-07-23 03:56:39,550 [INFO] Got command from the client 'session,2022-07-23_03-45-44,start,testing'
ptd-server 2022-07-23 03:56:39,551 [INFO] Sending to ptd: 'SR,V,250.750000'
ptd-server 2022-07-23 03:56:41,052 [INFO] Reply from ptd: 'Range V changed'
ptd-server 2022-07-23 03:56:41,052 [INFO] Sending to ptd: 'SR,A,0.060060'
ptd-server 2022-07-23 03:56:42,553 [INFO] Reply from ptd: 'Range A changed'
ptd-server 2022-07-23 03:56:52,564 [INFO] Starting testing mode
ptd-server 2022-07-23 03:56:52,564 [INFO] Sending to ptd: 'Go,1000,0,2022-07-23_03-45-44_testing'
ptd-server 2022-07-23 03:56:52,564 [INFO] Reply from ptd: 'Starting untimed measurement, maximum 500000 samples at 1000ms with 0 rampup samples'
ptd-server 2022-07-23 03:56:52,565 [INFO] Sending reply to client 'OK'
ptd-server 2022-07-23 04:07:08,982 [INFO] Got command from the client 'session,2022-07-23_03-45-44,stop,testing'
ptd-server 2022-07-23 04:07:18,993 [INFO] Sending to ptd: 'Stop'
ptd-server 2022-07-23 04:07:18,993 [INFO] Reply from ptd: 'Stopping untimed measurement'
ptd-server 2022-07-23 04:07:19,262 [INFO] Sending reply to client 'OK'
ptd-server 2022-07-23 04:07:19,270 [INFO] Got command from the client 'session,2022-07-23_03-45-44,done'
ptd-server 2022-07-23 04:07:19,270 [INFO] Sending to ptd: 'Stop'
ptd-server 2022-07-23 04:07:19,564 [INFO] Reply from ptd: 'Error: no measurement to stop'
ptd-server 2022-07-23 04:07:19,564 [INFO] Sending to ptd: 'SR,V,Auto'
ptd-server 2022-07-23 04:07:20,067 [INFO] Reply from ptd: 'Range V changed'
ptd-server 2022-07-23 04:07:20,067 [INFO] Sending to ptd: 'SR,A,0.500000'
ptd-server 2022-07-23 04:07:21,568 [INFO] Reply from ptd: 'Range A changed'
ptd-server 2022-07-23 04:07:21,568 [INFO] Set initial values for Amps 0.500000 and Volts Auto
ptd-server 2022-07-23 04:07:21,569 [INFO] Stopping ptd...
