ptd-server 2022-07-19 14:50:35,125 [INFO] Got command from the client 'time'
ptd-server 2022-07-19 14:50:35,125 [INFO] Sending reply to client '1658238635.125408'
ptd-server 2022-07-19 14:50:35,129 [INFO] Got command from the client 'new,,575e2d9d-6848-4a99-88ea-77679a7edf1b'
ptd-server 2022-07-19 14:50:35,129 [INFO] Sending reply to client 'OK 2022-07-19_14-50-35,c6ea8c39-9dad-4a08-b5f2-c92171e3a74d'
ptd-server 2022-07-19 14:50:35,174 [INFO] Got command from the client 'time'
ptd-server 2022-07-19 14:50:35,175 [INFO] Sending reply to client '1658238635.1750023'
ptd-server 2022-07-19 14:50:35,178 [INFO] Got command from the client 'session,2022-07-19_14-50-35,start,ranging'
ptd-server 2022-07-19 14:50:35,179 [INFO] Running PTDaemon: ['/home/anton/projects/mlperf/power/inference_v1.0/ptd-linux-x86', '-l', '/tmp/tmp7lgbo8s4/ptd_logfile.txt', '-p', '8888', '49', '/dev/usbtmc0']
ptd-server 2022-07-19 14:50:52,352 [INFO] Sending to ptd: 'Hello'
ptd-server 2022-07-19 14:50:52,353 [INFO] Reply from ptd: 'Hello, PTDaemon here!'
ptd-server 2022-07-19 14:50:52,353 [INFO] Sending to ptd: 'Identify'
ptd-server 2022-07-19 14:50:52,353 [INFO] Reply from ptd: 'YokogawaWT310E,1000,1,1,1,1,0,1,1,version=1.9.2-e8c7a49a-20201208,OS=Linux 5.13.0-52-generic #59~20.04.1-Ubuntu SMP Thu Jun 16 21:21:28 UTC 2022 x86_64,mode=power,1,1,1,0,0,no_cal_date,YOKOGAWA;WT310E;C3XA04010E;F1.04'
ptd-server 2022-07-19 14:50:52,353 [INFO] Connected to PTDaemon
ptd-server 2022-07-19 14:50:52,353 [INFO] Sending to ptd: 'RR'
ptd-server 2022-07-19 14:50:52,354 [INFO] Reply from ptd: 'Ranges,0,0.500000,1,300.000000'
ptd-server 2022-07-19 14:50:52,354 [INFO] Initial range for Amps is 0.500000 for Volts is Auto
ptd-server 2022-07-19 14:50:52,354 [INFO] Sending to ptd: 'SR,V,Auto'
ptd-server 2022-07-19 14:50:52,856 [INFO] Reply from ptd: 'Range V changed'
ptd-server 2022-07-19 14:50:52,857 [INFO] Sending to ptd: 'SR,A,Auto'
ptd-server 2022-07-19 14:50:53,359 [INFO] Reply from ptd: 'Range A changed'
ptd-server 2022-07-19 14:51:03,369 [INFO] Starting ranging mode
ptd-server 2022-07-19 14:51:03,370 [INFO] Sending to ptd: 'Go,1000,0,2022-07-19_14-50-35_ranging'
ptd-server 2022-07-19 14:51:03,370 [INFO] Reply from ptd: 'Starting untimed measurement, maximum 500000 samples at 1000ms with 0 rampup samples'
ptd-server 2022-07-19 14:51:03,370 [INFO] Sending reply to client 'OK'
ptd-server 2022-07-19 15:01:22,778 [INFO] Got command from the client 'session,2022-07-19_14-50-35,stop,ranging'
ptd-server 2022-07-19 15:01:32,788 [INFO] Sending to ptd: 'Stop'
ptd-server 2022-07-19 15:01:32,789 [INFO] Reply from ptd: 'Stopping untimed measurement'
ptd-server 2022-07-19 15:01:32,891 [INFO] Sending reply to client 'OK'
ptd-server 2022-07-19 15:01:33,054 [INFO] Got command from the client 'time'
ptd-server 2022-07-19 15:01:33,054 [INFO] Sending reply to client '1658239293.05481'
ptd-server 2022-07-19 15:01:33,060 [INFO] Got command from the client 'session,2022-07-19_14-50-35,start,testing'
ptd-server 2022-07-19 15:01:33,060 [INFO] Sending to ptd: 'SR,V,251.700000'
ptd-server 2022-07-19 15:01:34,871 [INFO] Reply from ptd: 'Range V changed'
ptd-server 2022-07-19 15:01:34,872 [INFO] Sending to ptd: 'SR,A,0.084580'
ptd-server 2022-07-19 15:01:36,373 [INFO] Reply from ptd: 'Range A changed'
ptd-server 2022-07-19 15:01:46,383 [INFO] Starting testing mode
ptd-server 2022-07-19 15:01:46,384 [INFO] Sending to ptd: 'Go,1000,0,2022-07-19_14-50-35_testing'
ptd-server 2022-07-19 15:01:46,384 [INFO] Reply from ptd: 'Starting untimed measurement, maximum 500000 samples at 1000ms with 0 rampup samples'
ptd-server 2022-07-19 15:01:46,384 [INFO] Sending reply to client 'OK'
ptd-server 2022-07-19 15:12:05,816 [INFO] Got command from the client 'session,2022-07-19_14-50-35,stop,testing'
ptd-server 2022-07-19 15:12:15,826 [INFO] Sending to ptd: 'Stop'
ptd-server 2022-07-19 15:12:15,827 [INFO] Reply from ptd: 'Stopping untimed measurement'
ptd-server 2022-07-19 15:12:15,877 [INFO] Sending reply to client 'OK'
ptd-server 2022-07-19 15:12:15,944 [INFO] Got command from the client 'session,2022-07-19_14-50-35,done'
ptd-server 2022-07-19 15:12:15,944 [INFO] Sending to ptd: 'Stop'
ptd-server 2022-07-19 15:12:16,384 [INFO] Reply from ptd: 'Error: no measurement to stop'
ptd-server 2022-07-19 15:12:16,385 [INFO] Sending to ptd: 'SR,V,Auto'
ptd-server 2022-07-19 15:12:16,887 [INFO] Reply from ptd: 'Range V changed'
ptd-server 2022-07-19 15:12:16,887 [INFO] Sending to ptd: 'SR,A,0.500000'
ptd-server 2022-07-19 15:12:18,389 [INFO] Reply from ptd: 'Range A changed'
ptd-server 2022-07-19 15:12:18,389 [INFO] Set initial values for Amps 0.500000 and Volts Auto
ptd-server 2022-07-19 15:12:18,389 [INFO] Stopping ptd...
