ptd-server 2022-08-03 20:42:28,526 [INFO] Got command from the client 'time'
ptd-server 2022-08-03 20:42:28,526 [INFO] Sending reply to client '1659526948.5263133'
ptd-server 2022-08-03 20:42:28,526 [INFO] Got command from the client 'new,,0be6fa5e-0ffa-44ba-8eee-5b842f2dbd5e'
ptd-server 2022-08-03 20:42:28,635 [INFO] Sending reply to client 'OK 2022-08-03_20-42-28,cee32105-adf9-4ad0-8f34-025dc3fef209'
ptd-server 2022-08-03 20:42:28,666 [INFO] Got command from the client 'time'
ptd-server 2022-08-03 20:42:28,666 [INFO] Sending reply to client '1659526948.6667295'
ptd-server 2022-08-03 20:42:28,666 [INFO] Got command from the client 'session,2022-08-03_20-42-28,start,ranging'
ptd-server 2022-08-03 20:42:28,776 [INFO] Running PTDaemon: ['C:\\mlperf\\power\\inference_v1.0\\ptd-windows-x86.exe', '-l', 'C:\\Users\\mlperf\\AppData\\Local\\Temp\\tmpfzrz1615\\ptd_logfile.txt', '-p', '8888', '-y', '49', 'C3YB05015E']
ptd-server 2022-08-03 20:42:48,104 [INFO] Sending to ptd: 'Hello'
ptd-server 2022-08-03 20:42:48,104 [INFO] Reply from ptd: 'Hello, PTDaemon here!'
ptd-server 2022-08-03 20:42:48,104 [INFO] Sending to ptd: 'Identify'
ptd-server 2022-08-03 20:42:48,104 [INFO] Reply from ptd: 'YokogawaWT310E,1000,1,1,1,1,0,1,1,version=1.9.2-3976349f-20201208,OS=Windows 8 / Server 2012,mode=power,1,1,1,0,0,no_cal_date,YOKOGAWA;WT310E;C3YB05015E;F1.04'
ptd-server 2022-08-03 20:42:48,119 [INFO] Connected to PTDaemon
ptd-server 2022-08-03 20:42:48,119 [INFO] Sending to ptd: 'RR'
ptd-server 2022-08-03 20:42:48,119 [INFO] Reply from ptd: 'Ranges,1,20.000000,1,300.000000'
ptd-server 2022-08-03 20:42:48,119 [INFO] Initial range for Amps is Auto for Volts is Auto
ptd-server 2022-08-03 20:42:48,119 [INFO] Sending to ptd: 'SR,V,Auto'
ptd-server 2022-08-03 20:42:48,635 [INFO] Reply from ptd: 'Range V changed'
ptd-server 2022-08-03 20:42:48,635 [INFO] Sending to ptd: 'SR,A,Auto'
ptd-server 2022-08-03 20:42:49,150 [INFO] Reply from ptd: 'Range A changed'
ptd-server 2022-08-03 20:42:59,150 [INFO] Starting ranging mode
ptd-server 2022-08-03 20:42:59,150 [INFO] Sending to ptd: 'Go,1000,0,2022-08-03_20-42-28_ranging'
ptd-server 2022-08-03 20:42:59,150 [INFO] Reply from ptd: 'Starting untimed measurement, maximum 500000 samples at 1000ms with 0 rampup samples'
ptd-server 2022-08-03 20:42:59,150 [INFO] Sending reply to client 'OK'
ptd-server 2022-08-03 20:53:36,489 [INFO] Got command from the client 'session,2022-08-03_20-42-28,stop,ranging'
ptd-server 2022-08-03 20:53:46,489 [INFO] Sending to ptd: 'Stop'
ptd-server 2022-08-03 20:53:46,489 [INFO] Reply from ptd: 'Stopping untimed measurement'
ptd-server 2022-08-03 20:53:46,645 [INFO] Sending reply to client 'OK'
ptd-server 2022-08-03 20:53:46,676 [INFO] Got command from the client 'time'
ptd-server 2022-08-03 20:53:46,676 [INFO] Sending reply to client '1659527626.6766255'
ptd-server 2022-08-03 20:53:46,676 [INFO] Got command from the client 'session,2022-08-03_20-42-28,start,testing'
ptd-server 2022-08-03 20:53:46,676 [INFO] Sending to ptd: 'SR,V,201.910000'
ptd-server 2022-08-03 20:53:48,707 [INFO] Reply from ptd: 'Range V changed'
ptd-server 2022-08-03 20:53:48,707 [INFO] Sending to ptd: 'SR,A,16.135000'
ptd-server 2022-08-03 20:53:50,239 [INFO] Reply from ptd: 'Range A changed'
ptd-server 2022-08-03 20:54:00,254 [INFO] Starting testing mode
ptd-server 2022-08-03 20:54:00,254 [INFO] Sending to ptd: 'Go,1000,0,2022-08-03_20-42-28_testing'
ptd-server 2022-08-03 20:54:00,254 [INFO] Reply from ptd: 'Starting untimed measurement, maximum 500000 samples at 1000ms with 0 rampup samples'
ptd-server 2022-08-03 20:54:00,254 [INFO] Sending reply to client 'OK'
ptd-server 2022-08-03 21:04:38,355 [INFO] Got command from the client 'session,2022-08-03_20-42-28,stop,testing'
ptd-server 2022-08-03 21:04:48,371 [INFO] Sending to ptd: 'Stop'
ptd-server 2022-08-03 21:04:48,371 [INFO] Reply from ptd: 'Stopping untimed measurement'
ptd-server 2022-08-03 21:04:48,449 [INFO] Sending reply to client 'OK'
ptd-server 2022-08-03 21:04:48,464 [INFO] Got command from the client 'session,2022-08-03_20-42-28,done'
ptd-server 2022-08-03 21:04:48,464 [INFO] Sending to ptd: 'Stop'
ptd-server 2022-08-03 21:04:49,261 [INFO] Reply from ptd: 'Error: no measurement to stop'
ptd-server 2022-08-03 21:04:49,261 [INFO] Sending to ptd: 'SR,V,Auto'
ptd-server 2022-08-03 21:04:49,777 [INFO] Reply from ptd: 'Range V changed'
ptd-server 2022-08-03 21:04:49,777 [INFO] Sending to ptd: 'SR,A,Auto'
ptd-server 2022-08-03 21:04:50,292 [INFO] Reply from ptd: 'Range A changed'
ptd-server 2022-08-03 21:04:50,292 [INFO] Set initial values for Amps Auto and Volts Auto
ptd-server 2022-08-03 21:04:50,292 [INFO] Stopping ptd...
