ptd-server 2022-07-28 15:46:41,921 [INFO] Got command from the client 'time'
ptd-server 2022-07-28 15:46:41,921 [INFO] Sending reply to client '1659019601.9216323'
ptd-server 2022-07-28 15:46:41,925 [INFO] Got command from the client 'new,,3e361994-2be2-4922-bbb7-c92fd2045cc2'
ptd-server 2022-07-28 15:46:41,925 [INFO] Sending reply to client 'OK 2022-07-28_15-46-41,8c51a76e-7ab7-481b-b521-3c46308b2197'
ptd-server 2022-07-28 15:46:41,970 [INFO] Got command from the client 'time'
ptd-server 2022-07-28 15:46:41,971 [INFO] Sending reply to client '1659019601.9711175'
ptd-server 2022-07-28 15:46:41,975 [INFO] Got command from the client 'session,2022-07-28_15-46-41,start,ranging'
ptd-server 2022-07-28 15:46:41,975 [INFO] Running PTDaemon: ['/home/anton/projects/mlperf/power/inference_v1.0/ptd-linux-x86', '-l', '/tmp/tmp7lgbo8s4/ptd_logfile.txt', '-p', '8888', '49', '/dev/usbtmc0']
ptd-server 2022-07-28 15:46:59,149 [INFO] Sending to ptd: 'Hello'
ptd-server 2022-07-28 15:46:59,150 [INFO] Reply from ptd: 'Hello, PTDaemon here!'
ptd-server 2022-07-28 15:46:59,150 [INFO] Sending to ptd: 'Identify'
ptd-server 2022-07-28 15:46:59,150 [INFO] Reply from ptd: 'YokogawaWT310E,1000,1,1,1,1,0,1,1,version=1.9.2-e8c7a49a-20201208,OS=Linux 5.13.0-52-generic #59~20.04.1-Ubuntu SMP Thu Jun 16 21:21:28 UTC 2022 x86_64,mode=power,1,1,1,0,0,no_cal_date,YOKOGAWA;WT310E;C3XA04010E;F1.04'
ptd-server 2022-07-28 15:46:59,151 [INFO] Connected to PTDaemon
ptd-server 2022-07-28 15:46:59,151 [INFO] Sending to ptd: 'RR'
ptd-server 2022-07-28 15:46:59,151 [INFO] Reply from ptd: 'Ranges,0,0.500000,1,300.000000'
ptd-server 2022-07-28 15:46:59,151 [INFO] Initial range for Amps is 0.500000 for Volts is Auto
ptd-server 2022-07-28 15:46:59,151 [INFO] Sending to ptd: 'SR,V,Auto'
ptd-server 2022-07-28 15:46:59,654 [INFO] Reply from ptd: 'Range V changed'
ptd-server 2022-07-28 15:46:59,654 [INFO] Sending to ptd: 'SR,A,Auto'
ptd-server 2022-07-28 15:47:00,156 [INFO] Reply from ptd: 'Range A changed'
ptd-server 2022-07-28 15:47:10,167 [INFO] Starting ranging mode
ptd-server 2022-07-28 15:47:10,167 [INFO] Sending to ptd: 'Go,1000,0,2022-07-28_15-46-41_ranging'
ptd-server 2022-07-28 15:47:10,167 [INFO] Reply from ptd: 'Starting untimed measurement, maximum 500000 samples at 1000ms with 0 rampup samples'
ptd-server 2022-07-28 15:47:10,168 [INFO] Sending reply to client 'OK'
ptd-server 2022-07-28 15:57:26,734 [INFO] Got command from the client 'session,2022-07-28_15-46-41,stop,ranging'
ptd-server 2022-07-28 15:57:36,744 [INFO] Sending to ptd: 'Stop'
ptd-server 2022-07-28 15:57:36,744 [INFO] Reply from ptd: 'Stopping untimed measurement'
ptd-server 2022-07-28 15:57:37,838 [INFO] Sending reply to client 'OK'
ptd-server 2022-07-28 15:57:37,898 [INFO] Got command from the client 'time'
ptd-server 2022-07-28 15:57:37,898 [INFO] Sending reply to client '1659020257.898757'
ptd-server 2022-07-28 15:57:37,902 [INFO] Got command from the client 'session,2022-07-28_15-46-41,start,testing'
ptd-server 2022-07-28 15:57:37,902 [INFO] Sending to ptd: 'SR,V,251.480000'
ptd-server 2022-07-28 15:57:39,403 [INFO] Reply from ptd: 'Range V changed'
ptd-server 2022-07-28 15:57:39,404 [INFO] Sending to ptd: 'SR,A,0.061100'
ptd-server 2022-07-28 15:57:40,905 [INFO] Reply from ptd: 'Range A changed'
ptd-server 2022-07-28 15:57:50,915 [INFO] Starting testing mode
ptd-server 2022-07-28 15:57:50,916 [INFO] Sending to ptd: 'Go,1000,0,2022-07-28_15-46-41_testing'
ptd-server 2022-07-28 15:57:50,916 [INFO] Reply from ptd: 'Starting untimed measurement, maximum 500000 samples at 1000ms with 0 rampup samples'
ptd-server 2022-07-28 15:57:50,916 [INFO] Sending reply to client 'OK'
ptd-server 2022-07-28 16:08:07,543 [INFO] Got command from the client 'session,2022-07-28_15-46-41,stop,testing'
ptd-server 2022-07-28 16:08:17,554 [INFO] Sending to ptd: 'Stop'
ptd-server 2022-07-28 16:08:17,554 [INFO] Reply from ptd: 'Stopping untimed measurement'
ptd-server 2022-07-28 16:08:18,112 [INFO] Sending reply to client 'OK'
ptd-server 2022-07-28 16:08:18,133 [INFO] Got command from the client 'session,2022-07-28_15-46-41,done'
ptd-server 2022-07-28 16:08:18,134 [INFO] Sending to ptd: 'Stop'
ptd-server 2022-07-28 16:08:18,134 [INFO] Reply from ptd: 'Error: no measurement to stop'
ptd-server 2022-07-28 16:08:18,134 [INFO] Sending to ptd: 'SR,V,Auto'
ptd-server 2022-07-28 16:08:18,636 [INFO] Reply from ptd: 'Range V changed'
ptd-server 2022-07-28 16:08:18,637 [INFO] Sending to ptd: 'SR,A,0.500000'
ptd-server 2022-07-28 16:08:20,138 [INFO] Reply from ptd: 'Range A changed'
ptd-server 2022-07-28 16:08:20,138 [INFO] Set initial values for Amps 0.500000 and Volts Auto
ptd-server 2022-07-28 16:08:20,138 [INFO] Stopping ptd...
