ptd-server 2022-07-26 23:32:05,038 [INFO] Got command from the client 'time'
ptd-server 2022-07-26 23:32:05,038 [INFO] Sending reply to client '1658874725.0383193'
ptd-server 2022-07-26 23:32:05,042 [INFO] Got command from the client 'new,,a3b84667-3049-4239-87c8-d8bf39ce9472'
ptd-server 2022-07-26 23:32:05,042 [INFO] Sending reply to client 'OK 2022-07-26_23-32-05,184e1575-1b94-4385-9ac8-7f9bec23c174'
ptd-server 2022-07-26 23:32:05,079 [INFO] Got command from the client 'time'
ptd-server 2022-07-26 23:32:05,079 [INFO] Sending reply to client '1658874725.0798416'
ptd-server 2022-07-26 23:32:05,086 [INFO] Got command from the client 'session,2022-07-26_23-32-05,start,ranging'
ptd-server 2022-07-26 23:32:05,086 [INFO] Running PTDaemon: ['/home/anton/projects/mlperf/power/inference_v1.0/ptd-linux-x86', '-l', '/tmp/tmp7lgbo8s4/ptd_logfile.txt', '-p', '8888', '49', '/dev/usbtmc0']
ptd-server 2022-07-26 23:32:22,260 [INFO] Sending to ptd: 'Hello'
ptd-server 2022-07-26 23:32:22,260 [INFO] Reply from ptd: 'Hello, PTDaemon here!'
ptd-server 2022-07-26 23:32:22,261 [INFO] Sending to ptd: 'Identify'
ptd-server 2022-07-26 23:32:22,261 [INFO] Reply from ptd: 'YokogawaWT310E,1000,1,1,1,1,0,1,1,version=1.9.2-e8c7a49a-20201208,OS=Linux 5.13.0-52-generic #59~20.04.1-Ubuntu SMP Thu Jun 16 21:21:28 UTC 2022 x86_64,mode=power,1,1,1,0,0,no_cal_date,YOKOGAWA;WT310E;C3XA04010E;F1.04'
ptd-server 2022-07-26 23:32:22,261 [INFO] Connected to PTDaemon
ptd-server 2022-07-26 23:32:22,261 [INFO] Sending to ptd: 'RR'
ptd-server 2022-07-26 23:32:22,262 [INFO] Reply from ptd: 'Ranges,0,0.500000,1,300.000000'
ptd-server 2022-07-26 23:32:22,262 [INFO] Initial range for Amps is 0.500000 for Volts is Auto
ptd-server 2022-07-26 23:32:22,262 [INFO] Sending to ptd: 'SR,V,Auto'
ptd-server 2022-07-26 23:32:22,764 [INFO] Reply from ptd: 'Range V changed'
ptd-server 2022-07-26 23:32:22,765 [INFO] Sending to ptd: 'SR,A,Auto'
ptd-server 2022-07-26 23:32:23,267 [INFO] Reply from ptd: 'Range A changed'
ptd-server 2022-07-26 23:32:33,277 [INFO] Starting ranging mode
ptd-server 2022-07-26 23:32:33,277 [INFO] Sending to ptd: 'Go,1000,0,2022-07-26_23-32-05_ranging'
ptd-server 2022-07-26 23:32:33,278 [INFO] Reply from ptd: 'Starting untimed measurement, maximum 500000 samples at 1000ms with 0 rampup samples'
ptd-server 2022-07-26 23:32:33,278 [INFO] Sending reply to client 'OK'
ptd-server 2022-07-26 23:42:50,895 [INFO] Got command from the client 'session,2022-07-26_23-32-05,stop,ranging'
ptd-server 2022-07-26 23:43:00,905 [INFO] Sending to ptd: 'Stop'
ptd-server 2022-07-26 23:43:00,906 [INFO] Reply from ptd: 'Stopping untimed measurement'
ptd-server 2022-07-26 23:43:01,792 [INFO] Sending reply to client 'OK'
ptd-server 2022-07-26 23:43:01,876 [INFO] Got command from the client 'time'
ptd-server 2022-07-26 23:43:01,876 [INFO] Sending reply to client '1658875381.876293'
ptd-server 2022-07-26 23:43:01,880 [INFO] Got command from the client 'session,2022-07-26_23-32-05,start,testing'
ptd-server 2022-07-26 23:43:01,881 [INFO] Sending to ptd: 'SR,V,251.030000'
ptd-server 2022-07-26 23:43:03,382 [INFO] Reply from ptd: 'Range V changed'
ptd-server 2022-07-26 23:43:03,382 [INFO] Sending to ptd: 'SR,A,0.062780'
ptd-server 2022-07-26 23:43:04,884 [INFO] Reply from ptd: 'Range A changed'
ptd-server 2022-07-26 23:43:14,894 [INFO] Starting testing mode
ptd-server 2022-07-26 23:43:14,894 [INFO] Sending to ptd: 'Go,1000,0,2022-07-26_23-32-05_testing'
ptd-server 2022-07-26 23:43:14,894 [INFO] Reply from ptd: 'Starting untimed measurement, maximum 500000 samples at 1000ms with 0 rampup samples'
ptd-server 2022-07-26 23:43:14,895 [INFO] Sending reply to client 'OK'
ptd-server 2022-07-26 23:53:32,596 [INFO] Got command from the client 'session,2022-07-26_23-32-05,stop,testing'
ptd-server 2022-07-26 23:53:42,606 [INFO] Sending to ptd: 'Stop'
ptd-server 2022-07-26 23:53:42,606 [INFO] Reply from ptd: 'Stopping untimed measurement'
ptd-server 2022-07-26 23:53:43,058 [INFO] Sending reply to client 'OK'
ptd-server 2022-07-26 23:53:43,078 [INFO] Got command from the client 'session,2022-07-26_23-32-05,done'
ptd-server 2022-07-26 23:53:43,078 [INFO] Sending to ptd: 'Stop'
ptd-server 2022-07-26 23:53:43,079 [INFO] Reply from ptd: 'Error: no measurement to stop'
ptd-server 2022-07-26 23:53:43,079 [INFO] Sending to ptd: 'SR,V,Auto'
ptd-server 2022-07-26 23:53:43,581 [INFO] Reply from ptd: 'Range V changed'
ptd-server 2022-07-26 23:53:43,582 [INFO] Sending to ptd: 'SR,A,0.500000'
ptd-server 2022-07-26 23:53:45,083 [INFO] Reply from ptd: 'Range A changed'
ptd-server 2022-07-26 23:53:45,083 [INFO] Set initial values for Amps 0.500000 and Volts Auto
ptd-server 2022-07-26 23:53:45,083 [INFO] Stopping ptd...
