ptd-server 2022-07-26 03:00:30,085 [INFO] Got command from the client 'time'
ptd-server 2022-07-26 03:00:30,086 [INFO] Sending reply to client '1658800830.0860922'
ptd-server 2022-07-26 03:00:30,087 [INFO] Got command from the client 'new,,d4c555c2-220d-45a4-b6a9-db2eb3bf307d'
ptd-server 2022-07-26 03:00:30,087 [INFO] Sending reply to client 'OK 2022-07-26_03-00-30,5e3abca9-d562-4e09-b6b6-39bd49100985'
ptd-server 2022-07-26 03:00:30,118 [INFO] Got command from the client 'time'
ptd-server 2022-07-26 03:00:30,118 [INFO] Sending reply to client '1658800830.1183798'
ptd-server 2022-07-26 03:00:30,119 [INFO] Got command from the client 'session,2022-07-26_03-00-30,start,ranging'
ptd-server 2022-07-26 03:00:30,119 [INFO] Running PTDaemon: ['/home/anton/projects/mlperf/power/inference_v1.0/ptd-linux-x86', '-l', '/tmp/tmp7lgbo8s4/ptd_logfile.txt', '-p', '8888', '49', '/dev/usbtmc0']
ptd-server 2022-07-26 03:00:47,294 [INFO] Sending to ptd: 'Hello'
ptd-server 2022-07-26 03:00:47,295 [INFO] Reply from ptd: 'Hello, PTDaemon here!'
ptd-server 2022-07-26 03:00:47,295 [INFO] Sending to ptd: 'Identify'
ptd-server 2022-07-26 03:00:47,296 [INFO] Reply from ptd: 'YokogawaWT310E,1000,1,1,1,1,0,1,1,version=1.9.2-e8c7a49a-20201208,OS=Linux 5.13.0-52-generic #59~20.04.1-Ubuntu SMP Thu Jun 16 21:21:28 UTC 2022 x86_64,mode=power,1,1,1,0,0,no_cal_date,YOKOGAWA;WT310E;C3XA04010E;F1.04'
ptd-server 2022-07-26 03:00:47,296 [INFO] Connected to PTDaemon
ptd-server 2022-07-26 03:00:47,296 [INFO] Sending to ptd: 'RR'
ptd-server 2022-07-26 03:00:47,296 [INFO] Reply from ptd: 'Ranges,0,0.500000,1,300.000000'
ptd-server 2022-07-26 03:00:47,296 [INFO] Initial range for Amps is 0.500000 for Volts is Auto
ptd-server 2022-07-26 03:00:47,296 [INFO] Sending to ptd: 'SR,V,Auto'
ptd-server 2022-07-26 03:00:47,799 [INFO] Reply from ptd: 'Range V changed'
ptd-server 2022-07-26 03:00:47,799 [INFO] Sending to ptd: 'SR,A,Auto'
ptd-server 2022-07-26 03:00:48,302 [INFO] Reply from ptd: 'Range A changed'
ptd-server 2022-07-26 03:00:58,312 [INFO] Starting ranging mode
ptd-server 2022-07-26 03:00:58,312 [INFO] Sending to ptd: 'Go,1000,0,2022-07-26_03-00-30_ranging'
ptd-server 2022-07-26 03:00:58,313 [INFO] Reply from ptd: 'Starting untimed measurement, maximum 500000 samples at 1000ms with 0 rampup samples'
ptd-server 2022-07-26 03:00:58,313 [INFO] Sending reply to client 'OK'
ptd-server 2022-07-26 03:11:18,154 [INFO] Got command from the client 'session,2022-07-26_03-00-30,stop,ranging'
ptd-server 2022-07-26 03:11:28,165 [INFO] Sending to ptd: 'Stop'
ptd-server 2022-07-26 03:11:28,165 [INFO] Reply from ptd: 'Stopping untimed measurement'
ptd-server 2022-07-26 03:11:28,992 [INFO] Sending reply to client 'OK'
ptd-server 2022-07-26 03:11:29,031 [INFO] Got command from the client 'time'
ptd-server 2022-07-26 03:11:29,032 [INFO] Sending reply to client '1658801489.0320716'
ptd-server 2022-07-26 03:11:29,032 [INFO] Got command from the client 'session,2022-07-26_03-00-30,start,testing'
ptd-server 2022-07-26 03:11:29,033 [INFO] Sending to ptd: 'SR,V,252.100000'
ptd-server 2022-07-26 03:11:30,534 [INFO] Reply from ptd: 'Range V changed'
ptd-server 2022-07-26 03:11:30,534 [INFO] Sending to ptd: 'SR,A,0.051720'
ptd-server 2022-07-26 03:11:32,035 [INFO] Reply from ptd: 'Range A changed'
ptd-server 2022-07-26 03:11:42,046 [INFO] Starting testing mode
ptd-server 2022-07-26 03:11:42,046 [INFO] Sending to ptd: 'Go,1000,0,2022-07-26_03-00-30_testing'
ptd-server 2022-07-26 03:11:42,046 [INFO] Reply from ptd: 'Starting untimed measurement, maximum 500000 samples at 1000ms with 0 rampup samples'
ptd-server 2022-07-26 03:11:42,046 [INFO] Sending reply to client 'OK'
ptd-server 2022-07-26 03:22:01,724 [INFO] Got command from the client 'session,2022-07-26_03-00-30,stop,testing'
ptd-server 2022-07-26 03:22:11,735 [INFO] Sending to ptd: 'Stop'
ptd-server 2022-07-26 03:22:11,735 [INFO] Reply from ptd: 'Stopping untimed measurement'
ptd-server 2022-07-26 03:22:12,160 [INFO] Sending reply to client 'OK'
ptd-server 2022-07-26 03:22:12,168 [INFO] Got command from the client 'session,2022-07-26_03-00-30,done'
ptd-server 2022-07-26 03:22:12,168 [INFO] Sending to ptd: 'Stop'
ptd-server 2022-07-26 03:22:12,168 [INFO] Reply from ptd: 'Error: no measurement to stop'
ptd-server 2022-07-26 03:22:12,168 [INFO] Sending to ptd: 'SR,V,Auto'
ptd-server 2022-07-26 03:22:12,671 [INFO] Reply from ptd: 'Range V changed'
ptd-server 2022-07-26 03:22:12,671 [INFO] Sending to ptd: 'SR,A,0.500000'
ptd-server 2022-07-26 03:22:14,172 [INFO] Reply from ptd: 'Range A changed'
ptd-server 2022-07-26 03:22:14,172 [INFO] Set initial values for Amps 0.500000 and Volts Auto
ptd-server 2022-07-26 03:22:14,173 [INFO] Stopping ptd...
