ptd-server 2022-08-01 15:14:40,711 [INFO] Got command from the client 'time'
ptd-server 2022-08-01 15:14:40,711 [INFO] Sending reply to client '1659384880.711413'
ptd-server 2022-08-01 15:14:40,713 [INFO] Got command from the client 'new,,87abb42c-197d-4306-b681-42cebd5fd055'
ptd-server 2022-08-01 15:14:40,714 [INFO] Sending reply to client 'OK 2022-08-01_15-14-40,207a83e0-f24e-4f74-8e62-6763962dadb8'
ptd-server 2022-08-01 15:14:40,858 [INFO] Got command from the client 'time'
ptd-server 2022-08-01 15:14:40,858 [INFO] Sending reply to client '1659384880.8585007'
ptd-server 2022-08-01 15:14:40,860 [INFO] Got command from the client 'session,2022-08-01_15-14-40,start,ranging'
ptd-server 2022-08-01 15:14:40,861 [INFO] Running PTDaemon: ['/local/mnt/workspace/mlcommons/power-main/inference_v1.0/ptd-linux-x86', '-l', '/tmp/tmphzvhvlw0/ptd_logfile.txt', '-p', '8888', '-c', '3', '52', '/dev/usbtmc0']
ptd-server 2022-08-01 15:14:57,981 [INFO] Sending to ptd: 'Hello'
ptd-server 2022-08-01 15:14:57,982 [INFO] Reply from ptd: 'Hello, PTDaemon here!'
ptd-server 2022-08-01 15:14:57,982 [INFO] Sending to ptd: 'Identify'
ptd-server 2022-08-01 15:14:57,983 [INFO] Reply from ptd: 'YokogawaWT330,1000,1,1,1,1,0,0,1,version=1.9.2-e8c7a49a-20201208,OS=Linux 5.4.0-120-generic #136~18.04.1-Ubuntu SMP Fri Jun 10 18:00:44 UTC 2022 x86_64,mode=power,1,1,1,0,0,no_cal_date,YOKOGAWA;WT333;C2QH26002V;F1.06'
ptd-server 2022-08-01 15:14:57,983 [INFO] Connected to PTDaemon
ptd-server 2022-08-01 15:14:57,983 [INFO] Sending to ptd: 'RR'
ptd-server 2022-08-01 15:14:57,984 [INFO] Reply from ptd: 'Ranges,1,0.500000,1,150.000000'
ptd-server 2022-08-01 15:14:57,984 [INFO] Initial range for Amps is Auto for Volts is Auto
ptd-server 2022-08-01 15:14:57,984 [INFO] Sending to ptd: 'SR,V,Auto'
ptd-server 2022-08-01 15:14:58,487 [INFO] Reply from ptd: 'Range V changed'
ptd-server 2022-08-01 15:14:58,488 [INFO] Sending to ptd: 'SR,A,Auto'
ptd-server 2022-08-01 15:14:58,991 [INFO] Reply from ptd: 'Range A changed'
ptd-server 2022-08-01 15:15:09,001 [INFO] Starting ranging mode
ptd-server 2022-08-01 15:15:09,002 [INFO] Sending to ptd: 'Go,1000,0,2022-08-01_15-14-40_ranging'
ptd-server 2022-08-01 15:15:09,002 [INFO] Reply from ptd: 'Starting untimed measurement, maximum 500000 samples at 1000ms with 0 rampup samples'
ptd-server 2022-08-01 15:15:09,002 [INFO] Sending reply to client 'OK'
ptd-server 2022-08-01 15:25:35,504 [INFO] Got command from the client 'session,2022-08-01_15-14-40,stop,ranging'
ptd-server 2022-08-01 15:25:45,514 [INFO] Sending to ptd: 'Stop'
ptd-server 2022-08-01 15:25:45,515 [INFO] Reply from ptd: 'Stopping untimed measurement'
ptd-server 2022-08-01 15:25:45,540 [INFO] Sending reply to client 'OK'
ptd-server 2022-08-01 15:25:45,765 [INFO] Got command from the client 'time'
ptd-server 2022-08-01 15:25:45,765 [INFO] Sending reply to client '1659385545.7654152'
ptd-server 2022-08-01 15:25:45,767 [INFO] Got command from the client 'session,2022-08-01_15-14-40,start,testing'
ptd-server 2022-08-01 15:25:45,767 [INFO] Sending to ptd: 'SR,V,118.870000'
ptd-server 2022-08-01 15:25:47,505 [INFO] Reply from ptd: 'Range V changed'
ptd-server 2022-08-01 15:25:47,505 [INFO] Sending to ptd: 'SR,A,0.447300'
ptd-server 2022-08-01 15:25:49,007 [INFO] Reply from ptd: 'Range A changed'
ptd-server 2022-08-01 15:25:59,018 [INFO] Starting testing mode
ptd-server 2022-08-01 15:25:59,018 [INFO] Sending to ptd: 'Go,1000,0,2022-08-01_15-14-40_testing'
ptd-server 2022-08-01 15:25:59,018 [INFO] Reply from ptd: 'Starting untimed measurement, maximum 500000 samples at 1000ms with 0 rampup samples'
ptd-server 2022-08-01 15:25:59,019 [INFO] Sending reply to client 'OK'
ptd-server 2022-08-01 15:36:26,147 [INFO] Got command from the client 'session,2022-08-01_15-14-40,stop,testing'
ptd-server 2022-08-01 15:36:36,158 [INFO] Sending to ptd: 'Stop'
ptd-server 2022-08-01 15:36:36,158 [INFO] Reply from ptd: 'Stopping untimed measurement'
ptd-server 2022-08-01 15:36:36,171 [INFO] Sending reply to client 'OK'
ptd-server 2022-08-01 15:36:36,196 [INFO] Got command from the client 'session,2022-08-01_15-14-40,done'
ptd-server 2022-08-01 15:36:36,196 [INFO] Sending to ptd: 'Stop'
ptd-server 2022-08-01 15:36:37,019 [INFO] Reply from ptd: 'Error: no measurement to stop'
ptd-server 2022-08-01 15:36:37,019 [INFO] Sending to ptd: 'SR,V,Auto'
ptd-server 2022-08-01 15:36:37,523 [INFO] Reply from ptd: 'Range V changed'
ptd-server 2022-08-01 15:36:37,523 [INFO] Sending to ptd: 'SR,A,Auto'
ptd-server 2022-08-01 15:36:38,026 [INFO] Reply from ptd: 'Range A changed'
ptd-server 2022-08-01 15:36:38,026 [INFO] Set initial values for Amps Auto and Volts Auto
ptd-server 2022-08-01 15:36:38,026 [INFO] Stopping ptd...
