ptd-server 2022-08-01 16:29:32,131 [INFO] Got command from the client 'time'
ptd-server 2022-08-01 16:29:32,131 [INFO] Sending reply to client '1659367772.1315424'
ptd-server 2022-08-01 16:29:32,132 [INFO] Got command from the client 'new,,0506aec9-605f-41e8-8314-064fbf4ea012'
ptd-server 2022-08-01 16:29:32,132 [INFO] Sending reply to client 'OK 2022-08-01_16-29-32,98628dc6-16a2-42e6-8ee4-7ac43a74526e'
ptd-server 2022-08-01 16:29:32,164 [INFO] Got command from the client 'time'
ptd-server 2022-08-01 16:29:32,164 [INFO] Sending reply to client '1659367772.1646092'
ptd-server 2022-08-01 16:29:32,165 [INFO] Got command from the client 'session,2022-08-01_16-29-32,start,ranging'
ptd-server 2022-08-01 16:29:32,166 [INFO] Running PTDaemon: ['/home/anton/projects/mlperf/power/inference_v1.0/ptd-linux-x86', '-l', '/tmp/tmp7lgbo8s4/ptd_logfile.txt', '-p', '8888', '49', '/dev/usbtmc0']
ptd-server 2022-08-01 16:29:49,340 [INFO] Sending to ptd: 'Hello'
ptd-server 2022-08-01 16:29:49,341 [INFO] Reply from ptd: 'Hello, PTDaemon here!'
ptd-server 2022-08-01 16:29:49,341 [INFO] Sending to ptd: 'Identify'
ptd-server 2022-08-01 16:29:49,342 [INFO] Reply from ptd: 'YokogawaWT310E,1000,1,1,1,1,0,1,1,version=1.9.2-e8c7a49a-20201208,OS=Linux 5.13.0-52-generic #59~20.04.1-Ubuntu SMP Thu Jun 16 21:21:28 UTC 2022 x86_64,mode=power,1,1,1,0,0,no_cal_date,YOKOGAWA;WT310E;C3XA04010E;F1.04'
ptd-server 2022-08-01 16:29:49,342 [INFO] Connected to PTDaemon
ptd-server 2022-08-01 16:29:49,342 [INFO] Sending to ptd: 'RR'
ptd-server 2022-08-01 16:29:49,342 [INFO] Reply from ptd: 'Ranges,0,0.500000,1,300.000000'
ptd-server 2022-08-01 16:29:49,342 [INFO] Initial range for Amps is 0.500000 for Volts is Auto
ptd-server 2022-08-01 16:29:49,342 [INFO] Sending to ptd: 'SR,V,Auto'
ptd-server 2022-08-01 16:29:49,845 [INFO] Reply from ptd: 'Range V changed'
ptd-server 2022-08-01 16:29:49,845 [INFO] Sending to ptd: 'SR,A,Auto'
ptd-server 2022-08-01 16:29:50,347 [INFO] Reply from ptd: 'Range A changed'
ptd-server 2022-08-01 16:30:00,358 [INFO] Starting ranging mode
ptd-server 2022-08-01 16:30:00,358 [INFO] Sending to ptd: 'Go,1000,0,2022-08-01_16-29-32_ranging'
ptd-server 2022-08-01 16:30:00,358 [INFO] Reply from ptd: 'Starting untimed measurement, maximum 500000 samples at 1000ms with 0 rampup samples'
ptd-server 2022-08-01 16:30:00,359 [INFO] Sending reply to client 'OK'
ptd-server 2022-08-01 16:40:13,334 [INFO] Got command from the client 'session,2022-08-01_16-29-32,stop,ranging'
ptd-server 2022-08-01 16:40:23,344 [INFO] Sending to ptd: 'Stop'
ptd-server 2022-08-01 16:40:23,345 [INFO] Reply from ptd: 'Stopping untimed measurement'
ptd-server 2022-08-01 16:40:24,764 [INFO] Sending reply to client 'OK'
ptd-server 2022-08-01 16:40:24,812 [INFO] Got command from the client 'time'
ptd-server 2022-08-01 16:40:24,812 [INFO] Sending reply to client '1659368424.8121984'
ptd-server 2022-08-01 16:40:24,813 [INFO] Got command from the client 'session,2022-08-01_16-29-32,start,testing'
ptd-server 2022-08-01 16:40:24,813 [INFO] Sending to ptd: 'SR,V,251.050000'
ptd-server 2022-08-01 16:40:26,314 [INFO] Reply from ptd: 'Range V changed'
ptd-server 2022-08-01 16:40:26,314 [INFO] Sending to ptd: 'SR,A,0.251400'
ptd-server 2022-08-01 16:40:27,816 [INFO] Reply from ptd: 'Range A changed'
ptd-server 2022-08-01 16:40:37,826 [INFO] Starting testing mode
ptd-server 2022-08-01 16:40:37,826 [INFO] Sending to ptd: 'Go,1000,0,2022-08-01_16-29-32_testing'
ptd-server 2022-08-01 16:40:37,827 [INFO] Reply from ptd: 'Starting untimed measurement, maximum 500000 samples at 1000ms with 0 rampup samples'
ptd-server 2022-08-01 16:40:37,827 [INFO] Sending reply to client 'OK'
ptd-server 2022-08-01 16:50:49,190 [INFO] Got command from the client 'session,2022-08-01_16-29-32,stop,testing'
ptd-server 2022-08-01 16:50:59,200 [INFO] Sending to ptd: 'Stop'
ptd-server 2022-08-01 16:50:59,201 [INFO] Reply from ptd: 'Stopping untimed measurement'
ptd-server 2022-08-01 16:50:59,920 [INFO] Sending reply to client 'OK'
ptd-server 2022-08-01 16:50:59,934 [INFO] Got command from the client 'session,2022-08-01_16-29-32,done'
ptd-server 2022-08-01 16:50:59,934 [INFO] Sending to ptd: 'Stop'
ptd-server 2022-08-01 16:50:59,934 [INFO] Reply from ptd: 'Error: no measurement to stop'
ptd-server 2022-08-01 16:50:59,934 [INFO] Sending to ptd: 'SR,V,Auto'
ptd-server 2022-08-01 16:51:00,437 [INFO] Reply from ptd: 'Range V changed'
ptd-server 2022-08-01 16:51:00,437 [INFO] Sending to ptd: 'SR,A,0.500000'
ptd-server 2022-08-01 16:51:01,938 [INFO] Reply from ptd: 'Range A changed'
ptd-server 2022-08-01 16:51:01,938 [INFO] Set initial values for Amps 0.500000 and Volts Auto
ptd-server 2022-08-01 16:51:01,939 [INFO] Stopping ptd...
