ptd-server 2022-07-20 08:08:38,981 [INFO] Got command from the client 'time'
ptd-server 2022-07-20 08:08:38,981 [INFO] Sending reply to client '1658300918.9815972'
ptd-server 2022-07-20 08:08:38,985 [INFO] Got command from the client 'new,,6d6f0c0d-2318-4d51-bf63-c2cbdf0305b9'
ptd-server 2022-07-20 08:08:38,986 [INFO] Sending reply to client 'OK 2022-07-20_08-08-38,6e02ff4d-e708-4f46-9177-65e72e130708'
ptd-server 2022-07-20 08:08:39,084 [INFO] Got command from the client 'time'
ptd-server 2022-07-20 08:08:39,084 [INFO] Sending reply to client '1658300919.0846012'
ptd-server 2022-07-20 08:08:39,088 [INFO] Got command from the client 'session,2022-07-20_08-08-38,start,ranging'
ptd-server 2022-07-20 08:08:39,088 [INFO] Running PTDaemon: ['/home/anton/projects/mlperf/power/inference_v1.0/ptd-linux-x86', '-l', '/tmp/tmp7lgbo8s4/ptd_logfile.txt', '-p', '8888', '49', '/dev/usbtmc0']
ptd-server 2022-07-20 08:08:56,263 [INFO] Sending to ptd: 'Hello'
ptd-server 2022-07-20 08:08:56,264 [INFO] Reply from ptd: 'Hello, PTDaemon here!'
ptd-server 2022-07-20 08:08:56,264 [INFO] Sending to ptd: 'Identify'
ptd-server 2022-07-20 08:08:56,264 [INFO] Reply from ptd: 'YokogawaWT310E,1000,1,1,1,1,0,1,1,version=1.9.2-e8c7a49a-20201208,OS=Linux 5.13.0-52-generic #59~20.04.1-Ubuntu SMP Thu Jun 16 21:21:28 UTC 2022 x86_64,mode=power,1,1,1,0,0,no_cal_date,YOKOGAWA;WT310E;C3XA04010E;F1.04'
ptd-server 2022-07-20 08:08:56,264 [INFO] Connected to PTDaemon
ptd-server 2022-07-20 08:08:56,264 [INFO] Sending to ptd: 'RR'
ptd-server 2022-07-20 08:08:56,265 [INFO] Reply from ptd: 'Ranges,0,0.500000,1,300.000000'
ptd-server 2022-07-20 08:08:56,265 [INFO] Initial range for Amps is 0.500000 for Volts is Auto
ptd-server 2022-07-20 08:08:56,265 [INFO] Sending to ptd: 'SR,V,Auto'
ptd-server 2022-07-20 08:08:56,768 [INFO] Reply from ptd: 'Range V changed'
ptd-server 2022-07-20 08:08:56,768 [INFO] Sending to ptd: 'SR,A,Auto'
ptd-server 2022-07-20 08:08:57,270 [INFO] Reply from ptd: 'Range A changed'
ptd-server 2022-07-20 08:09:07,279 [INFO] Starting ranging mode
ptd-server 2022-07-20 08:09:07,279 [INFO] Sending to ptd: 'Go,1000,0,2022-07-20_08-08-38_ranging'
ptd-server 2022-07-20 08:09:07,280 [INFO] Reply from ptd: 'Starting untimed measurement, maximum 500000 samples at 1000ms with 0 rampup samples'
ptd-server 2022-07-20 08:09:07,280 [INFO] Sending reply to client 'OK'
ptd-server 2022-07-20 08:19:25,980 [INFO] Got command from the client 'session,2022-07-20_08-08-38,stop,ranging'
ptd-server 2022-07-20 08:19:35,990 [INFO] Sending to ptd: 'Stop'
ptd-server 2022-07-20 08:19:35,991 [INFO] Reply from ptd: 'Stopping untimed measurement'
ptd-server 2022-07-20 08:19:36,179 [INFO] Sending reply to client 'OK'
ptd-server 2022-07-20 08:19:36,309 [INFO] Got command from the client 'time'
ptd-server 2022-07-20 08:19:36,309 [INFO] Sending reply to client '1658301576.3094447'
ptd-server 2022-07-20 08:19:36,314 [INFO] Got command from the client 'session,2022-07-20_08-08-38,start,testing'
ptd-server 2022-07-20 08:19:36,314 [INFO] Sending to ptd: 'SR,V,248.430000'
ptd-server 2022-07-20 08:19:37,815 [INFO] Reply from ptd: 'Range V changed'
ptd-server 2022-07-20 08:19:37,815 [INFO] Sending to ptd: 'SR,A,0.075430'
ptd-server 2022-07-20 08:19:39,317 [INFO] Reply from ptd: 'Range A changed'
ptd-server 2022-07-20 08:19:49,319 [INFO] Starting testing mode
ptd-server 2022-07-20 08:19:49,319 [INFO] Sending to ptd: 'Go,1000,0,2022-07-20_08-08-38_testing'
ptd-server 2022-07-20 08:19:49,320 [INFO] Reply from ptd: 'Starting untimed measurement, maximum 500000 samples at 1000ms with 0 rampup samples'
ptd-server 2022-07-20 08:19:49,320 [INFO] Sending reply to client 'OK'
ptd-server 2022-07-20 08:30:07,784 [INFO] Got command from the client 'session,2022-07-20_08-08-38,stop,testing'
ptd-server 2022-07-20 08:30:17,793 [INFO] Sending to ptd: 'Stop'
ptd-server 2022-07-20 08:30:17,794 [INFO] Reply from ptd: 'Stopping untimed measurement'
ptd-server 2022-07-20 08:30:17,905 [INFO] Sending reply to client 'OK'
ptd-server 2022-07-20 08:30:17,986 [INFO] Got command from the client 'session,2022-07-20_08-08-38,done'
ptd-server 2022-07-20 08:30:17,986 [INFO] Sending to ptd: 'Stop'
ptd-server 2022-07-20 08:30:18,321 [INFO] Reply from ptd: 'Error: no measurement to stop'
ptd-server 2022-07-20 08:30:18,321 [INFO] Sending to ptd: 'SR,V,Auto'
ptd-server 2022-07-20 08:30:18,824 [INFO] Reply from ptd: 'Range V changed'
ptd-server 2022-07-20 08:30:18,824 [INFO] Sending to ptd: 'SR,A,0.500000'
ptd-server 2022-07-20 08:30:20,325 [INFO] Reply from ptd: 'Range A changed'
ptd-server 2022-07-20 08:30:20,325 [INFO] Set initial values for Amps 0.500000 and Volts Auto
ptd-server 2022-07-20 08:30:20,325 [INFO] Stopping ptd...
