ptd-server 2022-07-27 06:16:34,711 [INFO] Got command from the client 'time'
ptd-server 2022-07-27 06:16:34,711 [INFO] Sending reply to client '1658898994.7115686'
ptd-server 2022-07-27 06:16:34,715 [INFO] Got command from the client 'new,,b152c1cb-0460-4dae-8df6-9061465ff7a0'
ptd-server 2022-07-27 06:16:34,716 [INFO] Sending reply to client 'OK 2022-07-27_06-16-34,30a73952-0e56-4d27-a8df-b64243468e7e'
ptd-server 2022-07-27 06:16:34,815 [INFO] Got command from the client 'time'
ptd-server 2022-07-27 06:16:34,815 [INFO] Sending reply to client '1658898994.8157947'
ptd-server 2022-07-27 06:16:34,821 [INFO] Got command from the client 'session,2022-07-27_06-16-34,start,ranging'
ptd-server 2022-07-27 06:16:34,822 [INFO] Running PTDaemon: ['/home/anton/projects/mlperf/power/inference_v1.0/ptd-linux-x86', '-l', '/tmp/tmp7lgbo8s4/ptd_logfile.txt', '-p', '8888', '49', '/dev/usbtmc0']
ptd-server 2022-07-27 06:16:51,997 [INFO] Sending to ptd: 'Hello'
ptd-server 2022-07-27 06:16:51,998 [INFO] Reply from ptd: 'Hello, PTDaemon here!'
ptd-server 2022-07-27 06:16:51,998 [INFO] Sending to ptd: 'Identify'
ptd-server 2022-07-27 06:16:51,998 [INFO] Reply from ptd: 'YokogawaWT310E,1000,1,1,1,1,0,1,1,version=1.9.2-e8c7a49a-20201208,OS=Linux 5.13.0-52-generic #59~20.04.1-Ubuntu SMP Thu Jun 16 21:21:28 UTC 2022 x86_64,mode=power,1,1,1,0,0,no_cal_date,YOKOGAWA;WT310E;C3XA04010E;F1.04'
ptd-server 2022-07-27 06:16:51,998 [INFO] Connected to PTDaemon
ptd-server 2022-07-27 06:16:51,998 [INFO] Sending to ptd: 'RR'
ptd-server 2022-07-27 06:16:51,999 [INFO] Reply from ptd: 'Ranges,0,0.500000,1,300.000000'
ptd-server 2022-07-27 06:16:51,999 [INFO] Initial range for Amps is 0.500000 for Volts is Auto
ptd-server 2022-07-27 06:16:51,999 [INFO] Sending to ptd: 'SR,V,Auto'
ptd-server 2022-07-27 06:16:52,502 [INFO] Reply from ptd: 'Range V changed'
ptd-server 2022-07-27 06:16:52,502 [INFO] Sending to ptd: 'SR,A,Auto'
ptd-server 2022-07-27 06:16:53,004 [INFO] Reply from ptd: 'Range A changed'
ptd-server 2022-07-27 06:17:03,014 [INFO] Starting ranging mode
ptd-server 2022-07-27 06:17:03,015 [INFO] Sending to ptd: 'Go,1000,0,2022-07-27_06-16-34_ranging'
ptd-server 2022-07-27 06:17:03,015 [INFO] Reply from ptd: 'Starting untimed measurement, maximum 500000 samples at 1000ms with 0 rampup samples'
ptd-server 2022-07-27 06:17:03,015 [INFO] Sending reply to client 'OK'
ptd-server 2022-07-27 06:27:18,359 [INFO] Got command from the client 'session,2022-07-27_06-16-34,stop,ranging'
ptd-server 2022-07-27 06:27:28,369 [INFO] Sending to ptd: 'Stop'
ptd-server 2022-07-27 06:27:28,369 [INFO] Reply from ptd: 'Stopping untimed measurement'
ptd-server 2022-07-27 06:27:29,303 [INFO] Sending reply to client 'OK'
ptd-server 2022-07-27 06:27:29,478 [INFO] Got command from the client 'time'
ptd-server 2022-07-27 06:27:29,478 [INFO] Sending reply to client '1658899649.4789112'
ptd-server 2022-07-27 06:27:29,483 [INFO] Got command from the client 'session,2022-07-27_06-16-34,start,testing'
ptd-server 2022-07-27 06:27:29,483 [INFO] Sending to ptd: 'SR,V,248.720000'
ptd-server 2022-07-27 06:27:30,985 [INFO] Reply from ptd: 'Range V changed'
ptd-server 2022-07-27 06:27:30,985 [INFO] Sending to ptd: 'SR,A,0.052440'
ptd-server 2022-07-27 06:27:32,486 [INFO] Reply from ptd: 'Range A changed'
ptd-server 2022-07-27 06:27:42,497 [INFO] Starting testing mode
ptd-server 2022-07-27 06:27:42,497 [INFO] Sending to ptd: 'Go,1000,0,2022-07-27_06-16-34_testing'
ptd-server 2022-07-27 06:27:42,497 [INFO] Reply from ptd: 'Starting untimed measurement, maximum 500000 samples at 1000ms with 0 rampup samples'
ptd-server 2022-07-27 06:27:42,497 [INFO] Sending reply to client 'OK'
ptd-server 2022-07-27 06:37:57,951 [INFO] Got command from the client 'session,2022-07-27_06-16-34,stop,testing'
ptd-server 2022-07-27 06:38:07,962 [INFO] Sending to ptd: 'Stop'
ptd-server 2022-07-27 06:38:07,962 [INFO] Reply from ptd: 'Stopping untimed measurement'
ptd-server 2022-07-27 06:38:08,433 [INFO] Sending reply to client 'OK'
ptd-server 2022-07-27 06:38:08,492 [INFO] Got command from the client 'session,2022-07-27_06-16-34,done'
ptd-server 2022-07-27 06:38:08,492 [INFO] Sending to ptd: 'Stop'
ptd-server 2022-07-27 06:38:08,497 [INFO] Reply from ptd: 'Error: no measurement to stop'
ptd-server 2022-07-27 06:38:08,497 [INFO] Sending to ptd: 'SR,V,Auto'
ptd-server 2022-07-27 06:38:09,000 [INFO] Reply from ptd: 'Range V changed'
ptd-server 2022-07-27 06:38:09,000 [INFO] Sending to ptd: 'SR,A,0.500000'
ptd-server 2022-07-27 06:38:10,501 [INFO] Reply from ptd: 'Range A changed'
ptd-server 2022-07-27 06:38:10,501 [INFO] Set initial values for Amps 0.500000 and Volts Auto
ptd-server 2022-07-27 06:38:10,502 [INFO] Stopping ptd...
