ptd-server 2022-08-01 21:06:56,861 [INFO] Got command from the client 'time'
ptd-server 2022-08-01 21:06:56,861 [INFO] Sending reply to client '1659384416.8613534'
ptd-server 2022-08-01 21:06:56,862 [INFO] Got command from the client 'new,,410df76f-2f49-4bea-98b0-ee819b38d0b7'
ptd-server 2022-08-01 21:06:56,862 [INFO] Sending reply to client 'OK 2022-08-01_21-06-56,9a9eef98-7ae1-4b37-adff-0782d3bf164b'
ptd-server 2022-08-01 21:06:56,893 [INFO] Got command from the client 'time'
ptd-server 2022-08-01 21:06:56,893 [INFO] Sending reply to client '1659384416.8933253'
ptd-server 2022-08-01 21:06:56,894 [INFO] Got command from the client 'session,2022-08-01_21-06-56,start,ranging'
ptd-server 2022-08-01 21:06:56,894 [INFO] Running PTDaemon: ['/home/anton/projects/mlperf/power/inference_v1.0/ptd-linux-x86', '-l', '/tmp/tmp7lgbo8s4/ptd_logfile.txt', '-p', '8888', '49', '/dev/usbtmc0']
ptd-server 2022-08-01 21:07:14,067 [INFO] Sending to ptd: 'Hello'
ptd-server 2022-08-01 21:07:14,068 [INFO] Reply from ptd: 'Hello, PTDaemon here!'
ptd-server 2022-08-01 21:07:14,068 [INFO] Sending to ptd: 'Identify'
ptd-server 2022-08-01 21:07:14,069 [INFO] Reply from ptd: 'YokogawaWT310E,1000,1,1,1,1,0,1,1,version=1.9.2-e8c7a49a-20201208,OS=Linux 5.13.0-52-generic #59~20.04.1-Ubuntu SMP Thu Jun 16 21:21:28 UTC 2022 x86_64,mode=power,1,1,1,0,0,no_cal_date,YOKOGAWA;WT310E;C3XA04010E;F1.04'
ptd-server 2022-08-01 21:07:14,069 [INFO] Connected to PTDaemon
ptd-server 2022-08-01 21:07:14,069 [INFO] Sending to ptd: 'RR'
ptd-server 2022-08-01 21:07:14,069 [INFO] Reply from ptd: 'Ranges,0,0.500000,1,300.000000'
ptd-server 2022-08-01 21:07:14,069 [INFO] Initial range for Amps is 0.500000 for Volts is Auto
ptd-server 2022-08-01 21:07:14,069 [INFO] Sending to ptd: 'SR,V,Auto'
ptd-server 2022-08-01 21:07:14,572 [INFO] Reply from ptd: 'Range V changed'
ptd-server 2022-08-01 21:07:14,572 [INFO] Sending to ptd: 'SR,A,Auto'
ptd-server 2022-08-01 21:07:15,074 [INFO] Reply from ptd: 'Range A changed'
ptd-server 2022-08-01 21:07:25,082 [INFO] Starting ranging mode
ptd-server 2022-08-01 21:07:25,083 [INFO] Sending to ptd: 'Go,1000,0,2022-08-01_21-06-56_ranging'
ptd-server 2022-08-01 21:07:25,083 [INFO] Reply from ptd: 'Starting untimed measurement, maximum 500000 samples at 1000ms with 0 rampup samples'
ptd-server 2022-08-01 21:07:25,083 [INFO] Sending reply to client 'OK'
ptd-server 2022-08-01 21:17:36,429 [INFO] Got command from the client 'session,2022-08-01_21-06-56,stop,ranging'
ptd-server 2022-08-01 21:17:46,439 [INFO] Sending to ptd: 'Stop'
ptd-server 2022-08-01 21:17:46,440 [INFO] Reply from ptd: 'Stopping untimed measurement'
ptd-server 2022-08-01 21:17:47,898 [INFO] Sending reply to client 'OK'
ptd-server 2022-08-01 21:17:47,969 [INFO] Got command from the client 'time'
ptd-server 2022-08-01 21:17:47,969 [INFO] Sending reply to client '1659385067.9698634'
ptd-server 2022-08-01 21:17:47,971 [INFO] Got command from the client 'session,2022-08-01_21-06-56,start,testing'
ptd-server 2022-08-01 21:17:47,971 [INFO] Sending to ptd: 'SR,V,249.520000'
ptd-server 2022-08-01 21:17:49,472 [INFO] Reply from ptd: 'Range V changed'
ptd-server 2022-08-01 21:17:49,472 [INFO] Sending to ptd: 'SR,A,0.232760'
ptd-server 2022-08-01 21:17:50,974 [INFO] Reply from ptd: 'Range A changed'
ptd-server 2022-08-01 21:18:00,984 [INFO] Starting testing mode
ptd-server 2022-08-01 21:18:00,984 [INFO] Sending to ptd: 'Go,1000,0,2022-08-01_21-06-56_testing'
ptd-server 2022-08-01 21:18:00,985 [INFO] Reply from ptd: 'Starting untimed measurement, maximum 500000 samples at 1000ms with 0 rampup samples'
ptd-server 2022-08-01 21:18:00,985 [INFO] Sending reply to client 'OK'
ptd-server 2022-08-01 21:28:12,325 [INFO] Got command from the client 'session,2022-08-01_21-06-56,stop,testing'
ptd-server 2022-08-01 21:28:22,336 [INFO] Sending to ptd: 'Stop'
ptd-server 2022-08-01 21:28:22,336 [INFO] Reply from ptd: 'Stopping untimed measurement'
ptd-server 2022-08-01 21:28:23,066 [INFO] Sending reply to client 'OK'
ptd-server 2022-08-01 21:28:23,080 [INFO] Got command from the client 'session,2022-08-01_21-06-56,done'
ptd-server 2022-08-01 21:28:23,080 [INFO] Sending to ptd: 'Stop'
ptd-server 2022-08-01 21:28:23,081 [INFO] Reply from ptd: 'Error: no measurement to stop'
ptd-server 2022-08-01 21:28:23,081 [INFO] Sending to ptd: 'SR,V,Auto'
ptd-server 2022-08-01 21:28:23,583 [INFO] Reply from ptd: 'Range V changed'
ptd-server 2022-08-01 21:28:23,583 [INFO] Sending to ptd: 'SR,A,0.500000'
ptd-server 2022-08-01 21:28:25,085 [INFO] Reply from ptd: 'Range A changed'
ptd-server 2022-08-01 21:28:25,085 [INFO] Set initial values for Amps 0.500000 and Volts Auto
ptd-server 2022-08-01 21:28:25,085 [INFO] Stopping ptd...
