ptd-server 2022-07-23 10:53:29,846 [INFO] Got command from the client 'time'
ptd-server 2022-07-23 10:53:29,846 [INFO] Sending reply to client '1658570009.8461497'
ptd-server 2022-07-23 10:53:29,847 [INFO] Got command from the client 'new,,6afbaba3-f359-401e-80e7-fd9594d07f73'
ptd-server 2022-07-23 10:53:29,848 [INFO] Sending reply to client 'OK 2022-07-23_10-53-29,746b5425-a066-4003-b8ea-67224b690828'
ptd-server 2022-07-23 10:53:29,886 [INFO] Got command from the client 'time'
ptd-server 2022-07-23 10:53:29,886 [INFO] Sending reply to client '1658570009.886324'
ptd-server 2022-07-23 10:53:29,887 [INFO] Got command from the client 'session,2022-07-23_10-53-29,start,ranging'
ptd-server 2022-07-23 10:53:29,887 [INFO] Running PTDaemon: ['/home/anton/projects/mlperf/power/inference_v1.0/ptd-linux-x86', '-l', '/tmp/tmp7lgbo8s4/ptd_logfile.txt', '-p', '8888', '49', '/dev/usbtmc0']
ptd-server 2022-07-23 10:53:47,062 [INFO] Sending to ptd: 'Hello'
ptd-server 2022-07-23 10:53:47,062 [INFO] Reply from ptd: 'Hello, PTDaemon here!'
ptd-server 2022-07-23 10:53:47,062 [INFO] Sending to ptd: 'Identify'
ptd-server 2022-07-23 10:53:47,063 [INFO] Reply from ptd: 'YokogawaWT310E,1000,1,1,1,1,0,1,1,version=1.9.2-e8c7a49a-20201208,OS=Linux 5.13.0-52-generic #59~20.04.1-Ubuntu SMP Thu Jun 16 21:21:28 UTC 2022 x86_64,mode=power,1,1,1,0,0,no_cal_date,YOKOGAWA;WT310E;C3XA04010E;F1.04'
ptd-server 2022-07-23 10:53:47,063 [INFO] Connected to PTDaemon
ptd-server 2022-07-23 10:53:47,063 [INFO] Sending to ptd: 'RR'
ptd-server 2022-07-23 10:53:47,063 [INFO] Reply from ptd: 'Ranges,0,0.500000,1,300.000000'
ptd-server 2022-07-23 10:53:47,064 [INFO] Initial range for Amps is 0.500000 for Volts is Auto
ptd-server 2022-07-23 10:53:47,064 [INFO] Sending to ptd: 'SR,V,Auto'
ptd-server 2022-07-23 10:53:47,566 [INFO] Reply from ptd: 'Range V changed'
ptd-server 2022-07-23 10:53:47,566 [INFO] Sending to ptd: 'SR,A,Auto'
ptd-server 2022-07-23 10:53:48,069 [INFO] Reply from ptd: 'Range A changed'
ptd-server 2022-07-23 10:53:58,079 [INFO] Starting ranging mode
ptd-server 2022-07-23 10:53:58,079 [INFO] Sending to ptd: 'Go,1000,0,2022-07-23_10-53-29_ranging'
ptd-server 2022-07-23 10:53:58,080 [INFO] Reply from ptd: 'Starting untimed measurement, maximum 500000 samples at 1000ms with 0 rampup samples'
ptd-server 2022-07-23 10:53:58,080 [INFO] Sending reply to client 'OK'
ptd-server 2022-07-23 11:04:14,582 [INFO] Got command from the client 'session,2022-07-23_10-53-29,stop,ranging'
ptd-server 2022-07-23 11:04:24,592 [INFO] Sending to ptd: 'Stop'
ptd-server 2022-07-23 11:04:24,592 [INFO] Reply from ptd: 'Stopping untimed measurement'
ptd-server 2022-07-23 11:04:25,151 [INFO] Sending reply to client 'OK'
ptd-server 2022-07-23 11:04:25,204 [INFO] Got command from the client 'time'
ptd-server 2022-07-23 11:04:25,204 [INFO] Sending reply to client '1658570665.2048914'
ptd-server 2022-07-23 11:04:25,205 [INFO] Got command from the client 'session,2022-07-23_10-53-29,start,testing'
ptd-server 2022-07-23 11:04:25,205 [INFO] Sending to ptd: 'SR,V,249.280000'
ptd-server 2022-07-23 11:04:26,707 [INFO] Reply from ptd: 'Range V changed'
ptd-server 2022-07-23 11:04:26,707 [INFO] Sending to ptd: 'SR,A,0.061080'
ptd-server 2022-07-23 11:04:28,208 [INFO] Reply from ptd: 'Range A changed'
ptd-server 2022-07-23 11:04:38,219 [INFO] Starting testing mode
ptd-server 2022-07-23 11:04:38,219 [INFO] Sending to ptd: 'Go,1000,0,2022-07-23_10-53-29_testing'
ptd-server 2022-07-23 11:04:38,219 [INFO] Reply from ptd: 'Starting untimed measurement, maximum 500000 samples at 1000ms with 0 rampup samples'
ptd-server 2022-07-23 11:04:38,220 [INFO] Sending reply to client 'OK'
ptd-server 2022-07-23 11:14:54,716 [INFO] Got command from the client 'session,2022-07-23_10-53-29,stop,testing'
ptd-server 2022-07-23 11:15:04,726 [INFO] Sending to ptd: 'Stop'
ptd-server 2022-07-23 11:15:04,726 [INFO] Reply from ptd: 'Stopping untimed measurement'
ptd-server 2022-07-23 11:15:05,012 [INFO] Sending reply to client 'OK'
ptd-server 2022-07-23 11:15:05,020 [INFO] Got command from the client 'session,2022-07-23_10-53-29,done'
ptd-server 2022-07-23 11:15:05,020 [INFO] Sending to ptd: 'Stop'
ptd-server 2022-07-23 11:15:05,220 [INFO] Reply from ptd: 'Error: no measurement to stop'
ptd-server 2022-07-23 11:15:05,220 [INFO] Sending to ptd: 'SR,V,Auto'
ptd-server 2022-07-23 11:15:05,722 [INFO] Reply from ptd: 'Range V changed'
ptd-server 2022-07-23 11:15:05,723 [INFO] Sending to ptd: 'SR,A,0.500000'
ptd-server 2022-07-23 11:15:07,224 [INFO] Reply from ptd: 'Range A changed'
ptd-server 2022-07-23 11:15:07,224 [INFO] Set initial values for Amps 0.500000 and Volts Auto
ptd-server 2022-07-23 11:15:07,224 [INFO] Stopping ptd...
