ptd-server 2022-08-01 13:22:41,698 [INFO] Got command from the client 'time'
ptd-server 2022-08-01 13:22:41,699 [INFO] Sending reply to client '1659356561.6990874'
ptd-server 2022-08-01 13:22:41,699 [INFO] Got command from the client 'new,,94ed7725-7895-42cc-aade-d6c1db8c81a8'
ptd-server 2022-08-01 13:22:41,700 [INFO] Sending reply to client 'OK 2022-08-01_13-22-41,d86ad673-b885-43a6-895a-72ca9cc9b937'
ptd-server 2022-08-01 13:22:41,728 [INFO] Got command from the client 'time'
ptd-server 2022-08-01 13:22:41,728 [INFO] Sending reply to client '1659356561.728928'
ptd-server 2022-08-01 13:22:41,729 [INFO] Got command from the client 'session,2022-08-01_13-22-41,start,ranging'
ptd-server 2022-08-01 13:22:41,730 [INFO] Running PTDaemon: ['/home/anton/projects/mlperf/power/inference_v1.0/ptd-linux-x86', '-l', '/tmp/tmp7lgbo8s4/ptd_logfile.txt', '-p', '8888', '49', '/dev/usbtmc0']
ptd-server 2022-08-01 13:22:58,904 [INFO] Sending to ptd: 'Hello'
ptd-server 2022-08-01 13:22:58,904 [INFO] Reply from ptd: 'Hello, PTDaemon here!'
ptd-server 2022-08-01 13:22:58,905 [INFO] Sending to ptd: 'Identify'
ptd-server 2022-08-01 13:22:58,905 [INFO] Reply from ptd: 'YokogawaWT310E,1000,1,1,1,1,0,1,1,version=1.9.2-e8c7a49a-20201208,OS=Linux 5.13.0-52-generic #59~20.04.1-Ubuntu SMP Thu Jun 16 21:21:28 UTC 2022 x86_64,mode=power,1,1,1,0,0,no_cal_date,YOKOGAWA;WT310E;C3XA04010E;F1.04'
ptd-server 2022-08-01 13:22:58,905 [INFO] Connected to PTDaemon
ptd-server 2022-08-01 13:22:58,905 [INFO] Sending to ptd: 'RR'
ptd-server 2022-08-01 13:22:58,906 [INFO] Reply from ptd: 'Ranges,0,0.500000,1,300.000000'
ptd-server 2022-08-01 13:22:58,906 [INFO] Initial range for Amps is 0.500000 for Volts is Auto
ptd-server 2022-08-01 13:22:58,906 [INFO] Sending to ptd: 'SR,V,Auto'
ptd-server 2022-08-01 13:22:59,408 [INFO] Reply from ptd: 'Range V changed'
ptd-server 2022-08-01 13:22:59,409 [INFO] Sending to ptd: 'SR,A,Auto'
ptd-server 2022-08-01 13:22:59,911 [INFO] Reply from ptd: 'Range A changed'
ptd-server 2022-08-01 13:23:09,921 [INFO] Starting ranging mode
ptd-server 2022-08-01 13:23:09,922 [INFO] Sending to ptd: 'Go,1000,0,2022-08-01_13-22-41_ranging'
ptd-server 2022-08-01 13:23:09,922 [INFO] Reply from ptd: 'Starting untimed measurement, maximum 500000 samples at 1000ms with 0 rampup samples'
ptd-server 2022-08-01 13:23:09,922 [INFO] Sending reply to client 'OK'
ptd-server 2022-08-01 13:33:31,190 [INFO] Got command from the client 'session,2022-08-01_13-22-41,stop,ranging'
ptd-server 2022-08-01 13:33:41,201 [INFO] Sending to ptd: 'Stop'
ptd-server 2022-08-01 13:33:41,201 [INFO] Reply from ptd: 'Stopping untimed measurement'
ptd-server 2022-08-01 13:33:42,583 [INFO] Sending reply to client 'OK'
ptd-server 2022-08-01 13:33:42,636 [INFO] Got command from the client 'time'
ptd-server 2022-08-01 13:33:42,636 [INFO] Sending reply to client '1659357222.6363735'
ptd-server 2022-08-01 13:33:42,637 [INFO] Got command from the client 'session,2022-08-01_13-22-41,start,testing'
ptd-server 2022-08-01 13:33:42,637 [INFO] Sending to ptd: 'SR,V,248.810000'
ptd-server 2022-08-01 13:33:44,139 [INFO] Reply from ptd: 'Range V changed'
ptd-server 2022-08-01 13:33:44,139 [INFO] Sending to ptd: 'SR,A,0.272350'
ptd-server 2022-08-01 13:33:45,641 [INFO] Reply from ptd: 'Range A changed'
ptd-server 2022-08-01 13:33:55,651 [INFO] Starting testing mode
ptd-server 2022-08-01 13:33:55,651 [INFO] Sending to ptd: 'Go,1000,0,2022-08-01_13-22-41_testing'
ptd-server 2022-08-01 13:33:55,652 [INFO] Reply from ptd: 'Starting untimed measurement, maximum 500000 samples at 1000ms with 0 rampup samples'
ptd-server 2022-08-01 13:33:55,652 [INFO] Sending reply to client 'OK'
ptd-server 2022-08-01 13:44:09,883 [INFO] Got command from the client 'session,2022-08-01_13-22-41,stop,testing'
ptd-server 2022-08-01 13:44:19,893 [INFO] Sending to ptd: 'Stop'
ptd-server 2022-08-01 13:44:19,894 [INFO] Reply from ptd: 'Stopping untimed measurement'
ptd-server 2022-08-01 13:44:20,594 [INFO] Sending reply to client 'OK'
ptd-server 2022-08-01 13:44:20,608 [INFO] Got command from the client 'session,2022-08-01_13-22-41,done'
ptd-server 2022-08-01 13:44:20,608 [INFO] Sending to ptd: 'Stop'
ptd-server 2022-08-01 13:44:20,653 [INFO] Reply from ptd: 'Error: no measurement to stop'
ptd-server 2022-08-01 13:44:20,653 [INFO] Sending to ptd: 'SR,V,Auto'
ptd-server 2022-08-01 13:44:21,156 [INFO] Reply from ptd: 'Range V changed'
ptd-server 2022-08-01 13:44:21,156 [INFO] Sending to ptd: 'SR,A,0.500000'
ptd-server 2022-08-01 13:44:22,657 [INFO] Reply from ptd: 'Range A changed'
ptd-server 2022-08-01 13:44:22,657 [INFO] Set initial values for Amps 0.500000 and Volts Auto
ptd-server 2022-08-01 13:44:22,658 [INFO] Stopping ptd...
