ptd-server 2022-07-22 07:43:48,137 [INFO] Got command from the client 'time'
ptd-server 2022-07-22 07:43:48,137 [INFO] Sending reply to client '1658472228.137164'
ptd-server 2022-07-22 07:43:48,138 [INFO] Got command from the client 'new,,2139ec16-e102-4d5f-96ec-3cd8f942fd98'
ptd-server 2022-07-22 07:43:48,138 [INFO] Sending reply to client 'OK 2022-07-22_07-43-48,44ebf3ab-b0be-43c6-8d73-4ab30c5b96dd'
ptd-server 2022-07-22 07:43:48,176 [INFO] Got command from the client 'time'
ptd-server 2022-07-22 07:43:48,176 [INFO] Sending reply to client '1658472228.176178'
ptd-server 2022-07-22 07:43:48,177 [INFO] Got command from the client 'session,2022-07-22_07-43-48,start,ranging'
ptd-server 2022-07-22 07:43:48,177 [INFO] Running PTDaemon: ['/home/anton/projects/mlperf/power/inference_v1.0/ptd-linux-x86', '-l', '/tmp/tmp7lgbo8s4/ptd_logfile.txt', '-p', '8888', '49', '/dev/usbtmc0']
ptd-server 2022-07-22 07:44:05,351 [INFO] Sending to ptd: 'Hello'
ptd-server 2022-07-22 07:44:05,352 [INFO] Reply from ptd: 'Hello, PTDaemon here!'
ptd-server 2022-07-22 07:44:05,352 [INFO] Sending to ptd: 'Identify'
ptd-server 2022-07-22 07:44:05,352 [INFO] Reply from ptd: 'YokogawaWT310E,1000,1,1,1,1,0,1,1,version=1.9.2-e8c7a49a-20201208,OS=Linux 5.13.0-52-generic #59~20.04.1-Ubuntu SMP Thu Jun 16 21:21:28 UTC 2022 x86_64,mode=power,1,1,1,0,0,no_cal_date,YOKOGAWA;WT310E;C3XA04010E;F1.04'
ptd-server 2022-07-22 07:44:05,352 [INFO] Connected to PTDaemon
ptd-server 2022-07-22 07:44:05,353 [INFO] Sending to ptd: 'RR'
ptd-server 2022-07-22 07:44:05,353 [INFO] Reply from ptd: 'Ranges,0,0.500000,1,300.000000'
ptd-server 2022-07-22 07:44:05,353 [INFO] Initial range for Amps is 0.500000 for Volts is Auto
ptd-server 2022-07-22 07:44:05,353 [INFO] Sending to ptd: 'SR,V,Auto'
ptd-server 2022-07-22 07:44:05,856 [INFO] Reply from ptd: 'Range V changed'
ptd-server 2022-07-22 07:44:05,856 [INFO] Sending to ptd: 'SR,A,Auto'
ptd-server 2022-07-22 07:44:06,358 [INFO] Reply from ptd: 'Range A changed'
ptd-server 2022-07-22 07:44:16,368 [INFO] Starting ranging mode
ptd-server 2022-07-22 07:44:16,369 [INFO] Sending to ptd: 'Go,1000,0,2022-07-22_07-43-48_ranging'
ptd-server 2022-07-22 07:44:16,369 [INFO] Reply from ptd: 'Starting untimed measurement, maximum 500000 samples at 1000ms with 0 rampup samples'
ptd-server 2022-07-22 07:44:16,369 [INFO] Sending reply to client 'OK'
ptd-server 2022-07-22 07:54:37,535 [INFO] Got command from the client 'session,2022-07-22_07-43-48,stop,ranging'
ptd-server 2022-07-22 07:54:47,543 [INFO] Sending to ptd: 'Stop'
ptd-server 2022-07-22 07:54:47,544 [INFO] Reply from ptd: 'Stopping untimed measurement'
ptd-server 2022-07-22 07:54:47,974 [INFO] Sending reply to client 'OK'
ptd-server 2022-07-22 07:54:48,032 [INFO] Got command from the client 'time'
ptd-server 2022-07-22 07:54:48,033 [INFO] Sending reply to client '1658472888.033069'
ptd-server 2022-07-22 07:54:48,034 [INFO] Got command from the client 'session,2022-07-22_07-43-48,start,testing'
ptd-server 2022-07-22 07:54:48,034 [INFO] Sending to ptd: 'SR,V,250.160000'
ptd-server 2022-07-22 07:54:49,871 [INFO] Reply from ptd: 'Range V changed'
ptd-server 2022-07-22 07:54:49,871 [INFO] Sending to ptd: 'SR,A,0.074250'
ptd-server 2022-07-22 07:54:51,373 [INFO] Reply from ptd: 'Range A changed'
ptd-server 2022-07-22 07:55:01,383 [INFO] Starting testing mode
ptd-server 2022-07-22 07:55:01,383 [INFO] Sending to ptd: 'Go,1000,0,2022-07-22_07-43-48_testing'
ptd-server 2022-07-22 07:55:01,383 [INFO] Reply from ptd: 'Starting untimed measurement, maximum 500000 samples at 1000ms with 0 rampup samples'
ptd-server 2022-07-22 07:55:01,384 [INFO] Sending reply to client 'OK'
ptd-server 2022-07-22 08:05:22,307 [INFO] Got command from the client 'session,2022-07-22_07-43-48,stop,testing'
ptd-server 2022-07-22 08:05:32,317 [INFO] Sending to ptd: 'Stop'
ptd-server 2022-07-22 08:05:32,318 [INFO] Reply from ptd: 'Stopping untimed measurement'
ptd-server 2022-07-22 08:05:32,543 [INFO] Sending reply to client 'OK'
ptd-server 2022-07-22 08:05:32,551 [INFO] Got command from the client 'session,2022-07-22_07-43-48,done'
ptd-server 2022-07-22 08:05:32,551 [INFO] Sending to ptd: 'Stop'
ptd-server 2022-07-22 08:05:32,552 [INFO] Reply from ptd: 'Error: no measurement to stop'
ptd-server 2022-07-22 08:05:32,552 [INFO] Sending to ptd: 'SR,V,Auto'
ptd-server 2022-07-22 08:05:33,054 [INFO] Reply from ptd: 'Range V changed'
ptd-server 2022-07-22 08:05:33,054 [INFO] Sending to ptd: 'SR,A,0.500000'
ptd-server 2022-07-22 08:05:34,556 [INFO] Reply from ptd: 'Range A changed'
ptd-server 2022-07-22 08:05:34,556 [INFO] Set initial values for Amps 0.500000 and Volts Auto
ptd-server 2022-07-22 08:05:34,556 [INFO] Stopping ptd...
