ptd-server 2022-07-28 20:09:25,815 [INFO] Got command from the client 'time'
ptd-server 2022-07-28 20:09:25,816 [INFO] Sending reply to client '1659035365.8160267'
ptd-server 2022-07-28 20:09:25,820 [INFO] Got command from the client 'new,,71642747-5593-4c73-ba93-3cf872777762'
ptd-server 2022-07-28 20:09:25,820 [INFO] Sending reply to client 'OK 2022-07-28_20-09-25,07caf849-180c-4adb-86fe-09ada5a9e65f'
ptd-server 2022-07-28 20:09:25,917 [INFO] Got command from the client 'time'
ptd-server 2022-07-28 20:09:25,918 [INFO] Sending reply to client '1659035365.918065'
ptd-server 2022-07-28 20:09:25,922 [INFO] Got command from the client 'session,2022-07-28_20-09-25,start,ranging'
ptd-server 2022-07-28 20:09:25,922 [INFO] Running PTDaemon: ['/home/anton/projects/mlperf/power/inference_v1.0/ptd-linux-x86', '-l', '/tmp/tmp7lgbo8s4/ptd_logfile.txt', '-p', '8888', '49', '/dev/usbtmc0']
ptd-server 2022-07-28 20:09:43,096 [INFO] Sending to ptd: 'Hello'
ptd-server 2022-07-28 20:09:43,096 [INFO] Reply from ptd: 'Hello, PTDaemon here!'
ptd-server 2022-07-28 20:09:43,097 [INFO] Sending to ptd: 'Identify'
ptd-server 2022-07-28 20:09:43,097 [INFO] Reply from ptd: 'YokogawaWT310E,1000,1,1,1,1,0,1,1,version=1.9.2-e8c7a49a-20201208,OS=Linux 5.13.0-52-generic #59~20.04.1-Ubuntu SMP Thu Jun 16 21:21:28 UTC 2022 x86_64,mode=power,1,1,1,0,0,no_cal_date,YOKOGAWA;WT310E;C3XA04010E;F1.04'
ptd-server 2022-07-28 20:09:43,097 [INFO] Connected to PTDaemon
ptd-server 2022-07-28 20:09:43,097 [INFO] Sending to ptd: 'RR'
ptd-server 2022-07-28 20:09:43,097 [INFO] Reply from ptd: 'Ranges,0,0.500000,1,300.000000'
ptd-server 2022-07-28 20:09:43,098 [INFO] Initial range for Amps is 0.500000 for Volts is Auto
ptd-server 2022-07-28 20:09:43,098 [INFO] Sending to ptd: 'SR,V,Auto'
ptd-server 2022-07-28 20:09:43,600 [INFO] Reply from ptd: 'Range V changed'
ptd-server 2022-07-28 20:09:43,600 [INFO] Sending to ptd: 'SR,A,Auto'
ptd-server 2022-07-28 20:09:44,103 [INFO] Reply from ptd: 'Range A changed'
ptd-server 2022-07-28 20:09:54,113 [INFO] Starting ranging mode
ptd-server 2022-07-28 20:09:54,113 [INFO] Sending to ptd: 'Go,1000,0,2022-07-28_20-09-25_ranging'
ptd-server 2022-07-28 20:09:54,114 [INFO] Reply from ptd: 'Starting untimed measurement, maximum 500000 samples at 1000ms with 0 rampup samples'
ptd-server 2022-07-28 20:09:54,114 [INFO] Sending reply to client 'OK'
ptd-server 2022-07-28 20:20:10,739 [INFO] Got command from the client 'session,2022-07-28_20-09-25,stop,ranging'
ptd-server 2022-07-28 20:20:20,749 [INFO] Sending to ptd: 'Stop'
ptd-server 2022-07-28 20:20:20,750 [INFO] Reply from ptd: 'Stopping untimed measurement'
ptd-server 2022-07-28 20:20:21,855 [INFO] Sending reply to client 'OK'
ptd-server 2022-07-28 20:20:22,116 [INFO] Got command from the client 'time'
ptd-server 2022-07-28 20:20:22,117 [INFO] Sending reply to client '1659036022.117094'
ptd-server 2022-07-28 20:20:22,120 [INFO] Got command from the client 'session,2022-07-28_20-09-25,start,testing'
ptd-server 2022-07-28 20:20:22,120 [INFO] Sending to ptd: 'SR,V,249.280000'
ptd-server 2022-07-28 20:20:23,621 [INFO] Reply from ptd: 'Range V changed'
ptd-server 2022-07-28 20:20:23,621 [INFO] Sending to ptd: 'SR,A,0.053760'
ptd-server 2022-07-28 20:20:25,123 [INFO] Reply from ptd: 'Range A changed'
ptd-server 2022-07-28 20:20:35,133 [INFO] Starting testing mode
ptd-server 2022-07-28 20:20:35,133 [INFO] Sending to ptd: 'Go,1000,0,2022-07-28_20-09-25_testing'
ptd-server 2022-07-28 20:20:35,134 [INFO] Reply from ptd: 'Starting untimed measurement, maximum 500000 samples at 1000ms with 0 rampup samples'
ptd-server 2022-07-28 20:20:35,134 [INFO] Sending reply to client 'OK'
ptd-server 2022-07-28 20:30:51,676 [INFO] Got command from the client 'session,2022-07-28_20-09-25,stop,testing'
ptd-server 2022-07-28 20:31:01,687 [INFO] Sending to ptd: 'Stop'
ptd-server 2022-07-28 20:31:01,687 [INFO] Reply from ptd: 'Stopping untimed measurement'
ptd-server 2022-07-28 20:31:02,253 [INFO] Sending reply to client 'OK'
ptd-server 2022-07-28 20:31:02,330 [INFO] Got command from the client 'session,2022-07-28_20-09-25,done'
ptd-server 2022-07-28 20:31:02,330 [INFO] Sending to ptd: 'Stop'
ptd-server 2022-07-28 20:31:02,330 [INFO] Reply from ptd: 'Error: no measurement to stop'
ptd-server 2022-07-28 20:31:02,330 [INFO] Sending to ptd: 'SR,V,Auto'
ptd-server 2022-07-28 20:31:02,833 [INFO] Reply from ptd: 'Range V changed'
ptd-server 2022-07-28 20:31:02,833 [INFO] Sending to ptd: 'SR,A,0.500000'
ptd-server 2022-07-28 20:31:04,334 [INFO] Reply from ptd: 'Range A changed'
ptd-server 2022-07-28 20:31:04,335 [INFO] Set initial values for Amps 0.500000 and Volts Auto
ptd-server 2022-07-28 20:31:04,335 [INFO] Stopping ptd...
