client 2022-08-03 12:45:25,803 [INFO] Sending command to the server: 'mlcommons/power client v3'
client 2022-08-03 12:45:25,805 [INFO] Got response: 'mlcommons/power server v3'
client 2022-08-03 12:45:25,805 [INFO] Synchronizing with the server and with ntp1.css.fujitsu.com...
client 2022-08-03 12:45:25,825 [INFO] NTP:offset = 0.000 s, delay = 0.015 s 
client 2022-08-03 12:45:25,825 [INFO] Sending command to the server: 'time'
client 2022-08-03 12:45:25,828 [INFO] Got response: '1659530725.8811667'
client 2022-08-03 12:45:25,829 [INFO] The time difference between the client and the server is within range -55.601 ms..-52.152 ms
client 2022-08-03 12:45:25,829 [INFO] Sending command to the server: 'new,,1b395174-0626-47a9-aa91-df006d8e544a'
client 2022-08-03 12:45:25,833 [INFO] Got response: 'OK 2022-08-03_21-45-25,5ef0fe60-ff3d-411c-af50-f1e7cc380e59'
client 2022-08-03 12:45:25,834 [INFO] Session id is '2022-08-03_21-45-25'
client 2022-08-03 12:45:25,834 [INFO] Sources: {"sources": {"__init__.py": "da39a3ee5e6b4b0d3255bfef95601890afd80709", "client.py": "33ca4f26368777ac06e01f9567b714a4b8063886", "lib/__init__.py": "da39a3ee5e6b4b0d3255bfef95601890afd80709", "lib/client.py": "4c2b78fb4849a7e5b584ef792d82aaed20b17f57", "lib/common.py": "624d0c0acc7c39aaff3674f0b99d6a09da53d1dc", "lib/external/__init__.py": "da39a3ee5e6b4b0d3255bfef95601890afd80709", "lib/external/ntplib.py": "4da8f970656505a40483206ef2b5d3dd5e81711d", "lib/server.py": "59c9fb92908260d3e9f81a895c7aa009742275e4", "lib/source_hashes.py": "60a2e02193209e8d392803326208d5466342da18", "lib/summary.py": "aa92f0a3f975eecd44d3c0cd0236342ccc9f941d", "lib/time_sync.py": "3210db56eb0ff0df57bf4293dc4d4b03fffd46f1", "server.py": "c3f90f2f7eeb4db30727556d0c815ebc89b3d28b", "tests/unit/__init__.py": "da39a3ee5e6b4b0d3255bfef95601890afd80709", "tests/unit/test_server.py": "99ae15aef722f2000ee6ed1ae1523637bf1ae42b", "tests/unit/test_source_hashes.py": "00468a2907583c593e6574a1f6b404e4651c221a"}, "modules": {"ptd_client_server.lib.client": "lib/client.py", "ptd_client_server.lib.common": "lib/common.py", "ptd_client_server.lib.external.ntplib": "lib/external/ntplib.py", "ptd_client_server.lib.source_hashes": "lib/source_hashes.py", "ptd_client_server.lib.summary": "lib/summary.py", "ptd_client_server.lib.time_sync": "lib/time_sync.py"}}
client 2022-08-03 12:45:25,835 [INFO] Running workload in ranging mode
client 2022-08-03 12:45:25,835 [INFO] Synchronizing with the server and with ntp1.css.fujitsu.com...
client 2022-08-03 12:45:25,852 [INFO] NTP:offset = -0.000 s, delay = 0.015 s 
client 2022-08-03 12:45:25,853 [INFO] Sending command to the server: 'time'
client 2022-08-03 12:45:25,856 [INFO] Got response: '1659530725.912413'
client 2022-08-03 12:45:25,857 [INFO] The time difference between the client and the server is within range -59.313 ms..-55.341 ms
client 2022-08-03 12:45:25,857 [INFO] Sending command to the server: 'session,2022-08-03_21-45-25,start,ranging'
client 2022-08-03 12:45:55,774 [INFO] Got response: 'OK'
client 2022-08-03 12:45:55,775 [INFO] Running the workload 'LOG_DIR=/work/build/power_logs_temp python3 -m code.main_v2 --benchmarks=rnnt --scenarios=Offline --test_mode=PerformanceOnly --power_setting=MaxQ --action="run_harness" \\\n\t\t2>&1 | tee -a /work/build/power_logs/2022.08.03-12.44.52/stdout.txt \\\n\t\t&& if [ ! -d /work/build/power_logs/2022.08.03-12.44.52/ranging_tmp ]; \\\n\t\t\tthen mkdir /work/build/power_logs/2022.08.03-12.44.52/ranging_tmp \\\n\t\t\t\t&& mv /work/build/power_logs_temp/* /work/build/power_logs/2022.08.03-12.44.52/ranging_tmp/ \\\n\t\t\t\t&& cp -v /work/build/power_logs/2022.08.03-12.44.52/ranging_tmp/*/*/*/mlperf_log_detail.txt /work/build/power_logs_temp/ \\\n\t\t\t\t&& cp -v /work/build/power_logs/2022.08.03-12.44.52/ranging_tmp/*/*/*/mlperf_log_summary.txt /work/build/power_logs_temp/; \\\n\t\t\telse mkdir /work/build/power_logs/2022.08.03-12.44.52/testing_tmp \\\n\t\t\t\t&& mv /work/build/power_logs_temp/* /work/build/power_logs/2022.08.03-12.44.52/testing_tmp/ \\\n\t\t\t\t&& cp -v /work/build/power_logs/2022.08.03-12.44.52/testing_tmp/*/*/*/mlperf_log_detail.txt /work/build/power_logs_temp/ \\\n\t\t\t\t&& cp -v /work/build/power_logs/2022.08.03-12.44.52/testing_tmp/*/*/*/mlperf_log_summary.txt /work/build/power_logs_temp/; fi'
client 2022-08-03 12:58:23,964 [INFO] Sending command to the server: 'session,2022-08-03_21-45-25,stop,ranging'
client 2022-08-03 12:58:34,112 [INFO] Got response: 'OK'
client 2022-08-03 12:58:34,121 [INFO] Copying loadgen logs from '/work/build/power_logs_temp' to '/work/build/power_logs/2022.08.03-12.44.52/2022-08-03_21-45-25/ranging'
client 2022-08-03 12:58:34,122 [INFO] Running workload in testing mode
client 2022-08-03 12:58:34,122 [INFO] Synchronizing with the server and with ntp1.css.fujitsu.com...
client 2022-08-03 12:58:34,140 [INFO] NTP:offset = 0.000 s, delay = 0.015 s 
client 2022-08-03 12:58:34,140 [INFO] Sending command to the server: 'time'
client 2022-08-03 12:58:34,143 [INFO] Got response: '1659531514.196982'
client 2022-08-03 12:58:34,143 [INFO] The time difference between the client and the server is within range -56.317 ms..-53.166 ms
client 2022-08-03 12:58:34,143 [INFO] Sending command to the server: 'session,2022-08-03_21-45-25,start,testing'
client 2022-08-03 12:58:47,859 [INFO] Got response: 'OK'
client 2022-08-03 12:58:47,859 [INFO] Running the workload 'LOG_DIR=/work/build/power_logs_temp python3 -m code.main_v2 --benchmarks=rnnt --scenarios=Offline --test_mode=PerformanceOnly --power_setting=MaxQ --action="run_harness" \\\n\t\t2>&1 | tee -a /work/build/power_logs/2022.08.03-12.44.52/stdout.txt \\\n\t\t&& if [ ! -d /work/build/power_logs/2022.08.03-12.44.52/ranging_tmp ]; \\\n\t\t\tthen mkdir /work/build/power_logs/2022.08.03-12.44.52/ranging_tmp \\\n\t\t\t\t&& mv /work/build/power_logs_temp/* /work/build/power_logs/2022.08.03-12.44.52/ranging_tmp/ \\\n\t\t\t\t&& cp -v /work/build/power_logs/2022.08.03-12.44.52/ranging_tmp/*/*/*/mlperf_log_detail.txt /work/build/power_logs_temp/ \\\n\t\t\t\t&& cp -v /work/build/power_logs/2022.08.03-12.44.52/ranging_tmp/*/*/*/mlperf_log_summary.txt /work/build/power_logs_temp/; \\\n\t\t\telse mkdir /work/build/power_logs/2022.08.03-12.44.52/testing_tmp \\\n\t\t\t\t&& mv /work/build/power_logs_temp/* /work/build/power_logs/2022.08.03-12.44.52/testing_tmp/ \\\n\t\t\t\t&& cp -v /work/build/power_logs/2022.08.03-12.44.52/testing_tmp/*/*/*/mlperf_log_detail.txt /work/build/power_logs_temp/ \\\n\t\t\t\t&& cp -v /work/build/power_logs/2022.08.03-12.44.52/testing_tmp/*/*/*/mlperf_log_summary.txt /work/build/power_logs_temp/; fi'
client 2022-08-03 13:11:13,499 [INFO] Sending command to the server: 'session,2022-08-03_21-45-25,stop,testing'
client 2022-08-03 13:11:23,564 [INFO] Got response: 'OK'
client 2022-08-03 13:11:23,566 [INFO] Copying loadgen logs from '/work/build/power_logs_temp' to '/work/build/power_logs/2022.08.03-12.44.52/2022-08-03_21-45-25/run_1'
client 2022-08-03 13:11:23,567 [INFO] Done runs
