ptd-server 2022-08-03 21:45:25,881 [INFO] Got command from the client 'time'
ptd-server 2022-08-03 21:45:25,881 [INFO] Sending reply to client '1659530725.8811667'
ptd-server 2022-08-03 21:45:25,881 [INFO] Got command from the client 'new,,1b395174-0626-47a9-aa91-df006d8e544a'
ptd-server 2022-08-03 21:45:25,881 [INFO] Sending reply to client 'OK 2022-08-03_21-45-25,5ef0fe60-ff3d-411c-af50-f1e7cc380e59'
ptd-server 2022-08-03 21:45:25,912 [INFO] Got command from the client 'time'
ptd-server 2022-08-03 21:45:25,912 [INFO] Sending reply to client '1659530725.912413'
ptd-server 2022-08-03 21:45:25,912 [INFO] Got command from the client 'session,2022-08-03_21-45-25,start,ranging'
ptd-server 2022-08-03 21:45:26,021 [INFO] Running PTDaemon: ['C:\\mlperf\\power\\inference_v1.0\\ptd-windows-x86.exe', '-l', 'C:\\Users\\mlperf\\AppData\\Local\\Temp\\tmpfzrz1615\\ptd_logfile.txt', '-p', '8888', '-y', '49', 'C3YB05015E']
ptd-server 2022-08-03 21:45:44,784 [INFO] Sending to ptd: 'Hello'
ptd-server 2022-08-03 21:45:44,784 [INFO] Reply from ptd: 'Hello, PTDaemon here!'
ptd-server 2022-08-03 21:45:44,784 [INFO] Sending to ptd: 'Identify'
ptd-server 2022-08-03 21:45:44,784 [INFO] Reply from ptd: 'YokogawaWT310E,1000,1,1,1,1,0,1,1,version=1.9.2-3976349f-20201208,OS=Windows 8 / Server 2012,mode=power,1,1,1,0,0,no_cal_date,YOKOGAWA;WT310E;C3YB05015E;F1.04'
ptd-server 2022-08-03 21:45:44,784 [INFO] Connected to PTDaemon
ptd-server 2022-08-03 21:45:44,784 [INFO] Sending to ptd: 'RR'
ptd-server 2022-08-03 21:45:44,784 [INFO] Reply from ptd: 'Ranges,1,20.000000,1,300.000000'
ptd-server 2022-08-03 21:45:44,784 [INFO] Initial range for Amps is Auto for Volts is Auto
ptd-server 2022-08-03 21:45:44,784 [INFO] Sending to ptd: 'SR,V,Auto'
ptd-server 2022-08-03 21:45:45,299 [INFO] Reply from ptd: 'Range V changed'
ptd-server 2022-08-03 21:45:45,299 [INFO] Sending to ptd: 'SR,A,Auto'
ptd-server 2022-08-03 21:45:45,815 [INFO] Reply from ptd: 'Range A changed'
ptd-server 2022-08-03 21:45:55,830 [INFO] Starting ranging mode
ptd-server 2022-08-03 21:45:55,830 [INFO] Sending to ptd: 'Go,1000,0,2022-08-03_21-45-25_ranging'
ptd-server 2022-08-03 21:45:55,830 [INFO] Reply from ptd: 'Starting untimed measurement, maximum 500000 samples at 1000ms with 0 rampup samples'
ptd-server 2022-08-03 21:45:55,830 [INFO] Sending reply to client 'OK'
ptd-server 2022-08-03 21:58:24,025 [INFO] Got command from the client 'session,2022-08-03_21-45-25,stop,ranging'
ptd-server 2022-08-03 21:58:34,040 [INFO] Sending to ptd: 'Stop'
ptd-server 2022-08-03 21:58:34,040 [INFO] Reply from ptd: 'Stopping untimed measurement'
ptd-server 2022-08-03 21:58:34,165 [INFO] Sending reply to client 'OK'
ptd-server 2022-08-03 21:58:34,196 [INFO] Got command from the client 'time'
ptd-server 2022-08-03 21:58:34,196 [INFO] Sending reply to client '1659531514.196982'
ptd-server 2022-08-03 21:58:34,196 [INFO] Got command from the client 'session,2022-08-03_21-45-25,start,testing'
ptd-server 2022-08-03 21:58:34,196 [INFO] Sending to ptd: 'SR,V,202.320000'
ptd-server 2022-08-03 21:58:36,368 [INFO] Reply from ptd: 'Range V changed'
ptd-server 2022-08-03 21:58:36,368 [INFO] Sending to ptd: 'SR,A,17.850000'
ptd-server 2022-08-03 21:58:37,900 [INFO] Reply from ptd: 'Range A changed'
ptd-server 2022-08-03 21:58:47,915 [INFO] Starting testing mode
ptd-server 2022-08-03 21:58:47,915 [INFO] Sending to ptd: 'Go,1000,0,2022-08-03_21-45-25_testing'
ptd-server 2022-08-03 21:58:47,915 [INFO] Reply from ptd: 'Starting untimed measurement, maximum 500000 samples at 1000ms with 0 rampup samples'
ptd-server 2022-08-03 21:58:47,915 [INFO] Sending reply to client 'OK'
ptd-server 2022-08-03 22:11:13,555 [INFO] Got command from the client 'session,2022-08-03_21-45-25,stop,testing'
ptd-server 2022-08-03 22:11:23,571 [INFO] Sending to ptd: 'Stop'
ptd-server 2022-08-03 22:11:23,571 [INFO] Reply from ptd: 'Stopping untimed measurement'
ptd-server 2022-08-03 22:11:23,617 [INFO] Sending reply to client 'OK'
ptd-server 2022-08-03 22:11:23,633 [INFO] Got command from the client 'session,2022-08-03_21-45-25,done'
ptd-server 2022-08-03 22:11:23,633 [INFO] Sending to ptd: 'Stop'
ptd-server 2022-08-03 22:11:23,930 [INFO] Reply from ptd: 'Error: no measurement to stop'
ptd-server 2022-08-03 22:11:23,930 [INFO] Sending to ptd: 'SR,V,Auto'
ptd-server 2022-08-03 22:11:24,445 [INFO] Reply from ptd: 'Range V changed'
ptd-server 2022-08-03 22:11:24,445 [INFO] Sending to ptd: 'SR,A,Auto'
ptd-server 2022-08-03 22:11:24,961 [INFO] Reply from ptd: 'Range A changed'
ptd-server 2022-08-03 22:11:24,961 [INFO] Set initial values for Amps Auto and Volts Auto
ptd-server 2022-08-03 22:11:24,961 [INFO] Stopping ptd...
