ptd-server 2022-07-20 12:08:46,920 [INFO] Got command from the client 'time'
ptd-server 2022-07-20 12:08:46,920 [INFO] Sending reply to client '1658315326.9203284'
ptd-server 2022-07-20 12:08:46,923 [INFO] Got command from the client 'new,,4f7d7ca2-1b47-4ef6-a57e-977be4f7944e'
ptd-server 2022-07-20 12:08:46,924 [INFO] Sending reply to client 'OK 2022-07-20_12-08-46,ebd8a062-090c-49da-9065-077646d3bf09'
ptd-server 2022-07-20 12:08:47,023 [INFO] Got command from the client 'time'
ptd-server 2022-07-20 12:08:47,023 [INFO] Sending reply to client '1658315327.0238547'
ptd-server 2022-07-20 12:08:47,028 [INFO] Got command from the client 'session,2022-07-20_12-08-46,start,ranging'
ptd-server 2022-07-20 12:08:47,028 [INFO] Running PTDaemon: ['/home/anton/projects/mlperf/power/inference_v1.0/ptd-linux-x86', '-l', '/tmp/tmp7lgbo8s4/ptd_logfile.txt', '-p', '8888', '49', '/dev/usbtmc0']
ptd-server 2022-07-20 12:09:04,202 [INFO] Sending to ptd: 'Hello'
ptd-server 2022-07-20 12:09:04,203 [INFO] Reply from ptd: 'Hello, PTDaemon here!'
ptd-server 2022-07-20 12:09:04,203 [INFO] Sending to ptd: 'Identify'
ptd-server 2022-07-20 12:09:04,204 [INFO] Reply from ptd: 'YokogawaWT310E,1000,1,1,1,1,0,1,1,version=1.9.2-e8c7a49a-20201208,OS=Linux 5.13.0-52-generic #59~20.04.1-Ubuntu SMP Thu Jun 16 21:21:28 UTC 2022 x86_64,mode=power,1,1,1,0,0,no_cal_date,YOKOGAWA;WT310E;C3XA04010E;F1.04'
ptd-server 2022-07-20 12:09:04,204 [INFO] Connected to PTDaemon
ptd-server 2022-07-20 12:09:04,204 [INFO] Sending to ptd: 'RR'
ptd-server 2022-07-20 12:09:04,204 [INFO] Reply from ptd: 'Ranges,0,0.500000,1,300.000000'
ptd-server 2022-07-20 12:09:04,204 [INFO] Initial range for Amps is 0.500000 for Volts is Auto
ptd-server 2022-07-20 12:09:04,204 [INFO] Sending to ptd: 'SR,V,Auto'
ptd-server 2022-07-20 12:09:04,707 [INFO] Reply from ptd: 'Range V changed'
ptd-server 2022-07-20 12:09:04,707 [INFO] Sending to ptd: 'SR,A,Auto'
ptd-server 2022-07-20 12:09:05,209 [INFO] Reply from ptd: 'Range A changed'
ptd-server 2022-07-20 12:09:15,220 [INFO] Starting ranging mode
ptd-server 2022-07-20 12:09:15,220 [INFO] Sending to ptd: 'Go,1000,0,2022-07-20_12-08-46_ranging'
ptd-server 2022-07-20 12:09:15,220 [INFO] Reply from ptd: 'Starting untimed measurement, maximum 500000 samples at 1000ms with 0 rampup samples'
ptd-server 2022-07-20 12:09:15,221 [INFO] Sending reply to client 'OK'
ptd-server 2022-07-20 12:19:33,519 [INFO] Got command from the client 'session,2022-07-20_12-08-46,stop,ranging'
ptd-server 2022-07-20 12:19:43,530 [INFO] Sending to ptd: 'Stop'
ptd-server 2022-07-20 12:19:43,530 [INFO] Reply from ptd: 'Stopping untimed measurement'
ptd-server 2022-07-20 12:19:43,751 [INFO] Sending reply to client 'OK'
ptd-server 2022-07-20 12:19:43,818 [INFO] Got command from the client 'time'
ptd-server 2022-07-20 12:19:43,818 [INFO] Sending reply to client '1658315983.8187947'
ptd-server 2022-07-20 12:19:43,823 [INFO] Got command from the client 'session,2022-07-20_12-08-46,start,testing'
ptd-server 2022-07-20 12:19:43,823 [INFO] Sending to ptd: 'SR,V,250.820000'
ptd-server 2022-07-20 12:19:45,721 [INFO] Reply from ptd: 'Range V changed'
ptd-server 2022-07-20 12:19:45,722 [INFO] Sending to ptd: 'SR,A,0.083100'
ptd-server 2022-07-20 12:19:47,223 [INFO] Reply from ptd: 'Range A changed'
ptd-server 2022-07-20 12:19:57,231 [INFO] Starting testing mode
ptd-server 2022-07-20 12:19:57,231 [INFO] Sending to ptd: 'Go,1000,0,2022-07-20_12-08-46_testing'
ptd-server 2022-07-20 12:19:57,232 [INFO] Reply from ptd: 'Starting untimed measurement, maximum 500000 samples at 1000ms with 0 rampup samples'
ptd-server 2022-07-20 12:19:57,232 [INFO] Sending reply to client 'OK'
ptd-server 2022-07-20 12:30:15,541 [INFO] Got command from the client 'session,2022-07-20_12-08-46,stop,testing'
ptd-server 2022-07-20 12:30:25,547 [INFO] Sending to ptd: 'Stop'
ptd-server 2022-07-20 12:30:25,547 [INFO] Reply from ptd: 'Stopping untimed measurement'
ptd-server 2022-07-20 12:30:25,671 [INFO] Sending reply to client 'OK'
ptd-server 2022-07-20 12:30:25,719 [INFO] Got command from the client 'session,2022-07-20_12-08-46,done'
ptd-server 2022-07-20 12:30:25,719 [INFO] Sending to ptd: 'Stop'
ptd-server 2022-07-20 12:30:26,232 [INFO] Reply from ptd: 'Error: no measurement to stop'
ptd-server 2022-07-20 12:30:26,232 [INFO] Sending to ptd: 'SR,V,Auto'
ptd-server 2022-07-20 12:30:26,735 [INFO] Reply from ptd: 'Range V changed'
ptd-server 2022-07-20 12:30:26,735 [INFO] Sending to ptd: 'SR,A,0.500000'
ptd-server 2022-07-20 12:30:28,236 [INFO] Reply from ptd: 'Range A changed'
ptd-server 2022-07-20 12:30:28,236 [INFO] Set initial values for Amps 0.500000 and Volts Auto
ptd-server 2022-07-20 12:30:28,237 [INFO] Stopping ptd...
