ptd-server 2022-08-02 17:59:22,858 [INFO] Got command from the client 'time'
ptd-server 2022-08-02 17:59:22,858 [INFO] Sending reply to client '1659459562.8589616'
ptd-server 2022-08-02 17:59:22,859 [INFO] Got command from the client 'new,,3502bd10-34d4-436e-950b-0bba16b74f06'
ptd-server 2022-08-02 17:59:22,860 [INFO] Sending reply to client 'OK 2022-08-02_17-59-22,820b0657-be0c-4b81-a3d2-40b69084e9cc'
ptd-server 2022-08-02 17:59:22,892 [INFO] Got command from the client 'time'
ptd-server 2022-08-02 17:59:22,892 [INFO] Sending reply to client '1659459562.8927388'
ptd-server 2022-08-02 17:59:22,893 [INFO] Got command from the client 'session,2022-08-02_17-59-22,start,ranging'
ptd-server 2022-08-02 17:59:22,893 [INFO] Running PTDaemon: ['/home/anton/projects/mlperf/power/inference_v1.0/ptd-linux-x86', '-l', '/tmp/tmp7lgbo8s4/ptd_logfile.txt', '-p', '8888', '49', '/dev/usbtmc0']
ptd-server 2022-08-02 17:59:40,068 [INFO] Sending to ptd: 'Hello'
ptd-server 2022-08-02 17:59:40,068 [INFO] Reply from ptd: 'Hello, PTDaemon here!'
ptd-server 2022-08-02 17:59:40,069 [INFO] Sending to ptd: 'Identify'
ptd-server 2022-08-02 17:59:40,069 [INFO] Reply from ptd: 'YokogawaWT310E,1000,1,1,1,1,0,1,1,version=1.9.2-e8c7a49a-20201208,OS=Linux 5.13.0-52-generic #59~20.04.1-Ubuntu SMP Thu Jun 16 21:21:28 UTC 2022 x86_64,mode=power,1,1,1,0,0,no_cal_date,YOKOGAWA;WT310E;C3XA04010E;F1.04'
ptd-server 2022-08-02 17:59:40,069 [INFO] Connected to PTDaemon
ptd-server 2022-08-02 17:59:40,069 [INFO] Sending to ptd: 'RR'
ptd-server 2022-08-02 17:59:40,070 [INFO] Reply from ptd: 'Ranges,0,0.500000,1,300.000000'
ptd-server 2022-08-02 17:59:40,070 [INFO] Initial range for Amps is 0.500000 for Volts is Auto
ptd-server 2022-08-02 17:59:40,070 [INFO] Sending to ptd: 'SR,V,Auto'
ptd-server 2022-08-02 17:59:40,572 [INFO] Reply from ptd: 'Range V changed'
ptd-server 2022-08-02 17:59:40,572 [INFO] Sending to ptd: 'SR,A,Auto'
ptd-server 2022-08-02 17:59:41,075 [INFO] Reply from ptd: 'Range A changed'
ptd-server 2022-08-02 17:59:51,085 [INFO] Starting ranging mode
ptd-server 2022-08-02 17:59:51,085 [INFO] Sending to ptd: 'Go,1000,0,2022-08-02_17-59-22_ranging'
ptd-server 2022-08-02 17:59:51,086 [INFO] Reply from ptd: 'Starting untimed measurement, maximum 500000 samples at 1000ms with 0 rampup samples'
ptd-server 2022-08-02 17:59:51,086 [INFO] Sending reply to client 'OK'
ptd-server 2022-08-02 18:10:05,282 [INFO] Got command from the client 'session,2022-08-02_17-59-22,stop,ranging'
ptd-server 2022-08-02 18:10:15,292 [INFO] Sending to ptd: 'Stop'
ptd-server 2022-08-02 18:10:15,293 [INFO] Reply from ptd: 'Stopping untimed measurement'
ptd-server 2022-08-02 18:10:16,838 [INFO] Sending reply to client 'OK'
ptd-server 2022-08-02 18:10:16,915 [INFO] Got command from the client 'time'
ptd-server 2022-08-02 18:10:16,915 [INFO] Sending reply to client '1659460216.9155889'
ptd-server 2022-08-02 18:10:16,916 [INFO] Got command from the client 'session,2022-08-02_17-59-22,start,testing'
ptd-server 2022-08-02 18:10:16,917 [INFO] Sending to ptd: 'SR,V,248.020000'
ptd-server 2022-08-02 18:10:18,418 [INFO] Reply from ptd: 'Range V changed'
ptd-server 2022-08-02 18:10:18,418 [INFO] Sending to ptd: 'SR,A,0.245120'
ptd-server 2022-08-02 18:10:19,920 [INFO] Reply from ptd: 'Range A changed'
ptd-server 2022-08-02 18:10:29,930 [INFO] Starting testing mode
ptd-server 2022-08-02 18:10:29,930 [INFO] Sending to ptd: 'Go,1000,0,2022-08-02_17-59-22_testing'
ptd-server 2022-08-02 18:10:29,930 [INFO] Reply from ptd: 'Starting untimed measurement, maximum 500000 samples at 1000ms with 0 rampup samples'
ptd-server 2022-08-02 18:10:29,931 [INFO] Sending reply to client 'OK'
ptd-server 2022-08-02 18:20:44,078 [INFO] Got command from the client 'session,2022-08-02_17-59-22,stop,testing'
ptd-server 2022-08-02 18:20:54,089 [INFO] Sending to ptd: 'Stop'
ptd-server 2022-08-02 18:20:54,089 [INFO] Reply from ptd: 'Stopping untimed measurement'
ptd-server 2022-08-02 18:20:54,871 [INFO] Sending reply to client 'OK'
ptd-server 2022-08-02 18:20:54,885 [INFO] Got command from the client 'session,2022-08-02_17-59-22,done'
ptd-server 2022-08-02 18:20:54,885 [INFO] Sending to ptd: 'Stop'
ptd-server 2022-08-02 18:20:54,930 [INFO] Reply from ptd: 'Error: no measurement to stop'
ptd-server 2022-08-02 18:20:54,930 [INFO] Sending to ptd: 'SR,V,Auto'
ptd-server 2022-08-02 18:20:55,433 [INFO] Reply from ptd: 'Range V changed'
ptd-server 2022-08-02 18:20:55,433 [INFO] Sending to ptd: 'SR,A,0.500000'
ptd-server 2022-08-02 18:20:56,934 [INFO] Reply from ptd: 'Range A changed'
ptd-server 2022-08-02 18:20:56,934 [INFO] Set initial values for Amps 0.500000 and Volts Auto
ptd-server 2022-08-02 18:20:56,935 [INFO] Stopping ptd...
