ptd-server 2022-08-02 21:14:37,593 [INFO] Got command from the client 'time'
ptd-server 2022-08-02 21:14:37,593 [INFO] Sending reply to client '1659471277.5934098'
ptd-server 2022-08-02 21:14:37,594 [INFO] Got command from the client 'new,,4d27bbe2-0c5f-4a18-91d2-f1317126db30'
ptd-server 2022-08-02 21:14:37,594 [INFO] Sending reply to client 'OK 2022-08-02_21-14-37,583ab3d2-9d06-4f14-9845-c30e2f6209a2'
ptd-server 2022-08-02 21:14:37,623 [INFO] Got command from the client 'time'
ptd-server 2022-08-02 21:14:37,623 [INFO] Sending reply to client '1659471277.6236188'
ptd-server 2022-08-02 21:14:37,624 [INFO] Got command from the client 'session,2022-08-02_21-14-37,start,ranging'
ptd-server 2022-08-02 21:14:37,624 [INFO] Running PTDaemon: ['/home/anton/projects/mlperf/power/inference_v1.0/ptd-linux-x86', '-l', '/tmp/tmp7lgbo8s4/ptd_logfile.txt', '-p', '8888', '49', '/dev/usbtmc0']
ptd-server 2022-08-02 21:14:54,797 [INFO] Sending to ptd: 'Hello'
ptd-server 2022-08-02 21:14:54,798 [INFO] Reply from ptd: 'Hello, PTDaemon here!'
ptd-server 2022-08-02 21:14:54,798 [INFO] Sending to ptd: 'Identify'
ptd-server 2022-08-02 21:14:54,799 [INFO] Reply from ptd: 'YokogawaWT310E,1000,1,1,1,1,0,1,1,version=1.9.2-e8c7a49a-20201208,OS=Linux 5.13.0-52-generic #59~20.04.1-Ubuntu SMP Thu Jun 16 21:21:28 UTC 2022 x86_64,mode=power,1,1,1,0,0,no_cal_date,YOKOGAWA;WT310E;C3XA04010E;F1.04'
ptd-server 2022-08-02 21:14:54,799 [INFO] Connected to PTDaemon
ptd-server 2022-08-02 21:14:54,799 [INFO] Sending to ptd: 'RR'
ptd-server 2022-08-02 21:14:54,799 [INFO] Reply from ptd: 'Ranges,0,0.500000,1,300.000000'
ptd-server 2022-08-02 21:14:54,799 [INFO] Initial range for Amps is 0.500000 for Volts is Auto
ptd-server 2022-08-02 21:14:54,799 [INFO] Sending to ptd: 'SR,V,Auto'
ptd-server 2022-08-02 21:14:55,302 [INFO] Reply from ptd: 'Range V changed'
ptd-server 2022-08-02 21:14:55,302 [INFO] Sending to ptd: 'SR,A,Auto'
ptd-server 2022-08-02 21:14:55,805 [INFO] Reply from ptd: 'Range A changed'
ptd-server 2022-08-02 21:15:05,815 [INFO] Starting ranging mode
ptd-server 2022-08-02 21:15:05,815 [INFO] Sending to ptd: 'Go,1000,0,2022-08-02_21-14-37_ranging'
ptd-server 2022-08-02 21:15:05,816 [INFO] Reply from ptd: 'Starting untimed measurement, maximum 500000 samples at 1000ms with 0 rampup samples'
ptd-server 2022-08-02 21:15:05,816 [INFO] Sending reply to client 'OK'
ptd-server 2022-08-02 21:25:20,182 [INFO] Got command from the client 'session,2022-08-02_21-14-37,stop,ranging'
ptd-server 2022-08-02 21:25:30,192 [INFO] Sending to ptd: 'Stop'
ptd-server 2022-08-02 21:25:30,193 [INFO] Reply from ptd: 'Stopping untimed measurement'
ptd-server 2022-08-02 21:25:31,746 [INFO] Sending reply to client 'OK'
ptd-server 2022-08-02 21:25:31,790 [INFO] Got command from the client 'time'
ptd-server 2022-08-02 21:25:31,790 [INFO] Sending reply to client '1659471931.7908893'
ptd-server 2022-08-02 21:25:31,792 [INFO] Got command from the client 'session,2022-08-02_21-14-37,start,testing'
ptd-server 2022-08-02 21:25:31,792 [INFO] Sending to ptd: 'SR,V,247.920000'
ptd-server 2022-08-02 21:25:33,293 [INFO] Reply from ptd: 'Range V changed'
ptd-server 2022-08-02 21:25:33,293 [INFO] Sending to ptd: 'SR,A,0.270410'
ptd-server 2022-08-02 21:25:34,795 [INFO] Reply from ptd: 'Range A changed'
ptd-server 2022-08-02 21:25:44,805 [INFO] Starting testing mode
ptd-server 2022-08-02 21:25:44,805 [INFO] Sending to ptd: 'Go,1000,0,2022-08-02_21-14-37_testing'
ptd-server 2022-08-02 21:25:44,806 [INFO] Reply from ptd: 'Starting untimed measurement, maximum 500000 samples at 1000ms with 0 rampup samples'
ptd-server 2022-08-02 21:25:44,806 [INFO] Sending reply to client 'OK'
ptd-server 2022-08-02 21:35:59,329 [INFO] Got command from the client 'session,2022-08-02_21-14-37,stop,testing'
ptd-server 2022-08-02 21:36:09,340 [INFO] Sending to ptd: 'Stop'
ptd-server 2022-08-02 21:36:09,340 [INFO] Reply from ptd: 'Stopping untimed measurement'
ptd-server 2022-08-02 21:36:10,128 [INFO] Sending reply to client 'OK'
ptd-server 2022-08-02 21:36:10,143 [INFO] Got command from the client 'session,2022-08-02_21-14-37,done'
ptd-server 2022-08-02 21:36:10,143 [INFO] Sending to ptd: 'Stop'
ptd-server 2022-08-02 21:36:10,143 [INFO] Reply from ptd: 'Error: no measurement to stop'
ptd-server 2022-08-02 21:36:10,143 [INFO] Sending to ptd: 'SR,V,Auto'
ptd-server 2022-08-02 21:36:10,646 [INFO] Reply from ptd: 'Range V changed'
ptd-server 2022-08-02 21:36:10,646 [INFO] Sending to ptd: 'SR,A,0.500000'
ptd-server 2022-08-02 21:36:12,147 [INFO] Reply from ptd: 'Range A changed'
ptd-server 2022-08-02 21:36:12,148 [INFO] Set initial values for Amps 0.500000 and Volts Auto
ptd-server 2022-08-02 21:36:12,148 [INFO] Stopping ptd...
