client 2022-08-03 14:04:00,906 [INFO] Sending command to the server: 'mlcommons/power client v3'
client 2022-08-03 14:04:00,907 [INFO] Got response: 'mlcommons/power server v3'
client 2022-08-03 14:04:00,907 [INFO] Sending command to the server: 'stop'
client 2022-08-03 14:04:00,909 [INFO] Got response: 'OK'
client 2022-08-03 14:04:00,909 [INFO] Synchronizing with the server and with ib-01.dc4-in.nvidia.com...
client 2022-08-03 14:04:01,118 [INFO] NTP:offset = 0.001 s, delay = 0.201 s 
client 2022-08-03 14:04:01,119 [INFO] Sending command to the server: 'time'
client 2022-08-03 14:04:01,120 [INFO] Got response: '1659535440.9924376'
client 2022-08-03 14:04:01,121 [INFO] The time difference between the client and the server is within range 126.761 ms..128.628 ms
client 2022-08-03 14:04:01,121 [INFO] Sending command to the server: 'new,,2621c038-c146-46f1-9578-ba35f76a9988'
client 2022-08-03 14:04:01,123 [INFO] Got response: 'OK 2022-08-03_07-04-00,5a04fb25-2502-40ef-b5f5-403b7f379dc0'
client 2022-08-03 14:04:01,123 [INFO] Session id is '2022-08-03_07-04-00'
client 2022-08-03 14:04:01,124 [INFO] Sources: {"sources": {"__init__.py": "da39a3ee5e6b4b0d3255bfef95601890afd80709", "client.py": "33ca4f26368777ac06e01f9567b714a4b8063886", "lib/__init__.py": "da39a3ee5e6b4b0d3255bfef95601890afd80709", "lib/client.py": "4c2b78fb4849a7e5b584ef792d82aaed20b17f57", "lib/common.py": "624d0c0acc7c39aaff3674f0b99d6a09da53d1dc", "lib/external/__init__.py": "da39a3ee5e6b4b0d3255bfef95601890afd80709", "lib/external/ntplib.py": "4da8f970656505a40483206ef2b5d3dd5e81711d", "lib/server.py": "59c9fb92908260d3e9f81a895c7aa009742275e4", "lib/source_hashes.py": "60a2e02193209e8d392803326208d5466342da18", "lib/summary.py": "aa92f0a3f975eecd44d3c0cd0236342ccc9f941d", "lib/time_sync.py": "3210db56eb0ff0df57bf4293dc4d4b03fffd46f1", "server.py": "c3f90f2f7eeb4db30727556d0c815ebc89b3d28b", "tests/unit/__init__.py": "da39a3ee5e6b4b0d3255bfef95601890afd80709", "tests/unit/test_server.py": "99ae15aef722f2000ee6ed1ae1523637bf1ae42b", "tests/unit/test_source_hashes.py": "00468a2907583c593e6574a1f6b404e4651c221a"}, "modules": {"ptd_client_server.lib.client": "lib/client.py", "ptd_client_server.lib.common": "lib/common.py", "ptd_client_server.lib.external.ntplib": "lib/external/ntplib.py", "ptd_client_server.lib.source_hashes": "lib/source_hashes.py", "ptd_client_server.lib.summary": "lib/summary.py", "ptd_client_server.lib.time_sync": "lib/time_sync.py"}}
client 2022-08-03 14:04:01,124 [INFO] Running workload in ranging mode
client 2022-08-03 14:04:01,124 [INFO] Synchronizing with the server and with ib-01.dc4-in.nvidia.com...
client 2022-08-03 14:04:01,328 [INFO] NTP:offset = 0.001 s, delay = 0.201 s 
client 2022-08-03 14:04:01,329 [INFO] Sending command to the server: 'time'
client 2022-08-03 14:04:01,330 [INFO] Got response: '1659535441.1955135'
client 2022-08-03 14:04:01,330 [INFO] The time difference between the client and the server is within range 133.564 ms..135.248 ms
client 2022-08-03 14:04:01,330 [INFO] Sending command to the server: 'session,2022-08-03_07-04-00,start,ranging'
client 2022-08-03 14:04:31,109 [INFO] Got response: 'OK'
client 2022-08-03 14:04:31,109 [INFO] Running the workload 'LOG_DIR=/home/nvidia/mlperf-inference/closed/NVIDIA/build/power_logs_temp python3 -m code.main_v2 --benchmarks=retinanet --scenarios=Offline --config_ver=maxq --action="run_harness" \\\n\t\t2>&1 | tee -a /home/nvidia/mlperf-inference/closed/NVIDIA/build/power_logs/2022.08.03-14.03.39/stdout.txt \\\n\t\t&& if [ ! -d /home/nvidia/mlperf-inference/closed/NVIDIA/build/power_logs/2022.08.03-14.03.39/ranging_tmp ]; \\\n\t\t\tthen mkdir /home/nvidia/mlperf-inference/closed/NVIDIA/build/power_logs/2022.08.03-14.03.39/ranging_tmp \\\n\t\t\t\t&& mv /home/nvidia/mlperf-inference/closed/NVIDIA/build/power_logs_temp/* /home/nvidia/mlperf-inference/closed/NVIDIA/build/power_logs/2022.08.03-14.03.39/ranging_tmp/ \\\n\t\t\t\t&& cp -v /home/nvidia/mlperf-inference/closed/NVIDIA/build/power_logs/2022.08.03-14.03.39/ranging_tmp/*/*/*/mlperf_log_detail.txt /home/nvidia/mlperf-inference/closed/NVIDIA/build/power_logs_temp/ \\\n\t\t\t\t&& cp -v /home/nvidia/mlperf-inference/closed/NVIDIA/build/power_logs/2022.08.03-14.03.39/ranging_tmp/*/*/*/mlperf_log_summary.txt /home/nvidia/mlperf-inference/closed/NVIDIA/build/power_logs_temp/; \\\n\t\t\telse mkdir /home/nvidia/mlperf-inference/closed/NVIDIA/build/power_logs/2022.08.03-14.03.39/testing_tmp \\\n\t\t\t\t&& mv /home/nvidia/mlperf-inference/closed/NVIDIA/build/power_logs_temp/* /home/nvidia/mlperf-inference/closed/NVIDIA/build/power_logs/2022.08.03-14.03.39/testing_tmp/ \\\n\t\t\t\t&& cp -v /home/nvidia/mlperf-inference/closed/NVIDIA/build/power_logs/2022.08.03-14.03.39/testing_tmp/*/*/*/mlperf_log_detail.txt /home/nvidia/mlperf-inference/closed/NVIDIA/build/power_logs_temp/ \\\n\t\t\t\t&& cp -v /home/nvidia/mlperf-inference/closed/NVIDIA/build/power_logs/2022.08.03-14.03.39/testing_tmp/*/*/*/mlperf_log_summary.txt /home/nvidia/mlperf-inference/closed/NVIDIA/build/power_logs_temp/; fi'
client 2022-08-03 14:16:41,742 [INFO] Sending command to the server: 'session,2022-08-03_07-04-00,stop,ranging'
client 2022-08-03 14:16:51,779 [INFO] Got response: 'OK'
client 2022-08-03 14:16:51,793 [INFO] Copying loadgen logs from '/home/nvidia/mlperf-inference/closed/NVIDIA/build/power_logs_temp' to '/home/nvidia/mlperf-inference/closed/NVIDIA/build/power_logs/2022.08.03-14.03.39/2022-08-03_07-04-00/ranging'
client 2022-08-03 14:16:51,794 [INFO] Running workload in testing mode
client 2022-08-03 14:16:51,794 [INFO] Synchronizing with the server and with ib-01.dc4-in.nvidia.com...
client 2022-08-03 14:16:51,997 [INFO] NTP:offset = 0.004 s, delay = 0.201 s 
client 2022-08-03 14:16:51,997 [INFO] Sending command to the server: 'time'
client 2022-08-03 14:16:51,999 [INFO] Got response: '1659536211.8636465'
client 2022-08-03 14:16:51,999 [INFO] The time difference between the client and the server is within range 133.819 ms..135.424 ms
client 2022-08-03 14:16:51,999 [INFO] Sending command to the server: 'session,2022-08-03_07-04-00,start,testing'
client 2022-08-03 14:17:05,203 [INFO] Got response: 'OK'
client 2022-08-03 14:17:05,203 [INFO] Running the workload 'LOG_DIR=/home/nvidia/mlperf-inference/closed/NVIDIA/build/power_logs_temp python3 -m code.main_v2 --benchmarks=retinanet --scenarios=Offline --config_ver=maxq --action="run_harness" \\\n\t\t2>&1 | tee -a /home/nvidia/mlperf-inference/closed/NVIDIA/build/power_logs/2022.08.03-14.03.39/stdout.txt \\\n\t\t&& if [ ! -d /home/nvidia/mlperf-inference/closed/NVIDIA/build/power_logs/2022.08.03-14.03.39/ranging_tmp ]; \\\n\t\t\tthen mkdir /home/nvidia/mlperf-inference/closed/NVIDIA/build/power_logs/2022.08.03-14.03.39/ranging_tmp \\\n\t\t\t\t&& mv /home/nvidia/mlperf-inference/closed/NVIDIA/build/power_logs_temp/* /home/nvidia/mlperf-inference/closed/NVIDIA/build/power_logs/2022.08.03-14.03.39/ranging_tmp/ \\\n\t\t\t\t&& cp -v /home/nvidia/mlperf-inference/closed/NVIDIA/build/power_logs/2022.08.03-14.03.39/ranging_tmp/*/*/*/mlperf_log_detail.txt /home/nvidia/mlperf-inference/closed/NVIDIA/build/power_logs_temp/ \\\n\t\t\t\t&& cp -v /home/nvidia/mlperf-inference/closed/NVIDIA/build/power_logs/2022.08.03-14.03.39/ranging_tmp/*/*/*/mlperf_log_summary.txt /home/nvidia/mlperf-inference/closed/NVIDIA/build/power_logs_temp/; \\\n\t\t\telse mkdir /home/nvidia/mlperf-inference/closed/NVIDIA/build/power_logs/2022.08.03-14.03.39/testing_tmp \\\n\t\t\t\t&& mv /home/nvidia/mlperf-inference/closed/NVIDIA/build/power_logs_temp/* /home/nvidia/mlperf-inference/closed/NVIDIA/build/power_logs/2022.08.03-14.03.39/testing_tmp/ \\\n\t\t\t\t&& cp -v /home/nvidia/mlperf-inference/closed/NVIDIA/build/power_logs/2022.08.03-14.03.39/testing_tmp/*/*/*/mlperf_log_detail.txt /home/nvidia/mlperf-inference/closed/NVIDIA/build/power_logs_temp/ \\\n\t\t\t\t&& cp -v /home/nvidia/mlperf-inference/closed/NVIDIA/build/power_logs/2022.08.03-14.03.39/testing_tmp/*/*/*/mlperf_log_summary.txt /home/nvidia/mlperf-inference/closed/NVIDIA/build/power_logs_temp/; fi'
client 2022-08-03 14:29:11,983 [INFO] Sending command to the server: 'session,2022-08-03_07-04-00,stop,testing'
client 2022-08-03 14:29:22,016 [INFO] Got response: 'OK'
client 2022-08-03 14:29:22,017 [INFO] Copying loadgen logs from '/home/nvidia/mlperf-inference/closed/NVIDIA/build/power_logs_temp' to '/home/nvidia/mlperf-inference/closed/NVIDIA/build/power_logs/2022.08.03-14.03.39/2022-08-03_07-04-00/run_1'
client 2022-08-03 14:29:22,028 [INFO] Done runs
