ptd-server 2022-08-03 07:04:00,773 [INFO] Got command from the client 'stop'
ptd-server 2022-08-03 07:04:00,773 [INFO] The server will be stopped after processing this client
ptd-server 2022-08-03 07:04:00,773 [INFO] Sending reply to client 'OK'
ptd-server 2022-08-03 07:04:00,992 [INFO] Got command from the client 'time'
ptd-server 2022-08-03 07:04:00,992 [INFO] Sending reply to client '1659535440.9924376'
ptd-server 2022-08-03 07:04:00,992 [INFO] Got command from the client 'new,,2621c038-c146-46f1-9578-ba35f76a9988'
ptd-server 2022-08-03 07:04:00,992 [INFO] Sending reply to client 'OK 2022-08-03_07-04-00,5a04fb25-2502-40ef-b5f5-403b7f379dc0'
ptd-server 2022-08-03 07:04:01,195 [INFO] Got command from the client 'time'
ptd-server 2022-08-03 07:04:01,195 [INFO] Sending reply to client '1659535441.1955135'
ptd-server 2022-08-03 07:04:01,195 [INFO] Got command from the client 'session,2022-08-03_07-04-00,start,ranging'
ptd-server 2022-08-03 07:04:01,304 [INFO] Running PTDaemon: ['C:\\PTD\\ptd-windows-x86.exe', '-l', 'C:\\Users\\lab\\AppData\\Local\\Temp\\tmpaj40ltsy\\ptd_logfile.txt', '-p', '8888', '-c', '1', '-y', '52', '10.116.21.204']
ptd-server 2022-08-03 07:04:19,950 [INFO] Sending to ptd: 'Hello'
ptd-server 2022-08-03 07:04:19,950 [INFO] Reply from ptd: 'Hello, PTDaemon here!'
ptd-server 2022-08-03 07:04:19,950 [INFO] Sending to ptd: 'Identify'
ptd-server 2022-08-03 07:04:19,950 [INFO] Reply from ptd: 'YokogawaWT330E,1000,1,1,1,1,0,0,1,version=1.9.2-3976349f-20201208,OS=Windows 8 / Server 2012,mode=power,1,1,1,0,0,no_cal_date,YOKOGAWA;WT333E;C2VL22012V;F1.04'
ptd-server 2022-08-03 07:04:19,950 [INFO] Connected to PTDaemon
ptd-server 2022-08-03 07:04:19,950 [INFO] Sending to ptd: 'RR'
ptd-server 2022-08-03 07:04:19,950 [INFO] Reply from ptd: 'Ranges,0,1.000000,0,150.000000'
ptd-server 2022-08-03 07:04:19,950 [INFO] Initial range for Amps is 1.000000 for Volts is 150.000000
ptd-server 2022-08-03 07:04:19,950 [INFO] Sending to ptd: 'SR,V,Auto'
ptd-server 2022-08-03 07:04:20,465 [INFO] Reply from ptd: 'Range V changed'
ptd-server 2022-08-03 07:04:20,465 [INFO] Sending to ptd: 'SR,A,Auto'
ptd-server 2022-08-03 07:04:20,981 [INFO] Reply from ptd: 'Range A changed'
ptd-server 2022-08-03 07:04:30,982 [INFO] Starting ranging mode
ptd-server 2022-08-03 07:04:30,982 [INFO] Sending to ptd: 'Go,1000,0,2022-08-03_07-04-00_ranging'
ptd-server 2022-08-03 07:04:30,982 [INFO] Reply from ptd: 'Starting untimed measurement, maximum 500000 samples at 1000ms with 0 rampup samples'
ptd-server 2022-08-03 07:04:30,982 [INFO] Sending reply to client 'OK'
ptd-server 2022-08-03 07:16:41,599 [INFO] Got command from the client 'session,2022-08-03_07-04-00,stop,ranging'
ptd-server 2022-08-03 07:16:51,613 [INFO] Sending to ptd: 'Stop'
ptd-server 2022-08-03 07:16:51,613 [INFO] Reply from ptd: 'Stopping untimed measurement'
ptd-server 2022-08-03 07:16:51,629 [INFO] Sending reply to client 'OK'
ptd-server 2022-08-03 07:16:51,863 [INFO] Got command from the client 'time'
ptd-server 2022-08-03 07:16:51,863 [INFO] Sending reply to client '1659536211.8636465'
ptd-server 2022-08-03 07:16:51,863 [INFO] Got command from the client 'session,2022-08-03_07-04-00,start,testing'
ptd-server 2022-08-03 07:16:51,863 [INFO] Sending to ptd: 'SR,V,206.790000'
ptd-server 2022-08-03 07:16:53,519 [INFO] Reply from ptd: 'Range V changed'
ptd-server 2022-08-03 07:16:53,519 [INFO] Sending to ptd: 'SR,A,0.345600'
ptd-server 2022-08-03 07:16:55,050 [INFO] Reply from ptd: 'Range A changed'
ptd-server 2022-08-03 07:17:05,065 [INFO] Starting testing mode
ptd-server 2022-08-03 07:17:05,065 [INFO] Sending to ptd: 'Go,1000,0,2022-08-03_07-04-00_testing'
ptd-server 2022-08-03 07:17:05,065 [INFO] Reply from ptd: 'Starting untimed measurement, maximum 500000 samples at 1000ms with 0 rampup samples'
ptd-server 2022-08-03 07:17:05,065 [INFO] Sending reply to client 'OK'
ptd-server 2022-08-03 07:29:11,821 [INFO] Got command from the client 'session,2022-08-03_07-04-00,stop,testing'
ptd-server 2022-08-03 07:29:21,849 [INFO] Sending to ptd: 'Stop'
ptd-server 2022-08-03 07:29:21,849 [INFO] Reply from ptd: 'Stopping untimed measurement'
ptd-server 2022-08-03 07:29:21,865 [INFO] Sending reply to client 'OK'
ptd-server 2022-08-03 07:29:21,881 [INFO] Got command from the client 'session,2022-08-03_07-04-00,done'
ptd-server 2022-08-03 07:29:21,881 [INFO] Sending to ptd: 'Stop'
ptd-server 2022-08-03 07:29:22,068 [INFO] Reply from ptd: 'Error: no measurement to stop'
ptd-server 2022-08-03 07:29:22,068 [INFO] Sending to ptd: 'SR,V,150.000000'
ptd-server 2022-08-03 07:29:23,599 [INFO] Reply from ptd: 'Range V changed'
ptd-server 2022-08-03 07:29:23,599 [INFO] Sending to ptd: 'SR,A,1.000000'
ptd-server 2022-08-03 07:29:25,130 [INFO] Reply from ptd: 'Range A changed'
ptd-server 2022-08-03 07:29:25,130 [INFO] Set initial values for Amps 1.000000 and Volts 150.000000
ptd-server 2022-08-03 07:29:25,130 [INFO] Stopping ptd...
