ptd-server 2022-07-21 19:55:41,540 [INFO] Got command from the client 'time'
ptd-server 2022-07-21 19:55:41,540 [INFO] Sending reply to client '1658429741.540535'
ptd-server 2022-07-21 19:55:41,541 [INFO] Got command from the client 'new,,e7d84a26-ba52-46cc-a29c-0d3cd4bffae7'
ptd-server 2022-07-21 19:55:41,542 [INFO] Sending reply to client 'OK 2022-07-21_19-55-41,68893f67-dbbc-481a-a513-34b7cd8be549'
ptd-server 2022-07-21 19:55:41,580 [INFO] Got command from the client 'time'
ptd-server 2022-07-21 19:55:41,580 [INFO] Sending reply to client '1658429741.580605'
ptd-server 2022-07-21 19:55:41,581 [INFO] Got command from the client 'session,2022-07-21_19-55-41,start,ranging'
ptd-server 2022-07-21 19:55:41,581 [INFO] Running PTDaemon: ['/home/anton/projects/mlperf/power/inference_v1.0/ptd-linux-x86', '-l', '/tmp/tmp7lgbo8s4/ptd_logfile.txt', '-p', '8888', '49', '/dev/usbtmc0']
ptd-server 2022-07-21 19:55:58,756 [INFO] Sending to ptd: 'Hello'
ptd-server 2022-07-21 19:55:58,756 [INFO] Reply from ptd: 'Hello, PTDaemon here!'
ptd-server 2022-07-21 19:55:58,757 [INFO] Sending to ptd: 'Identify'
ptd-server 2022-07-21 19:55:58,757 [INFO] Reply from ptd: 'YokogawaWT310E,1000,1,1,1,1,0,1,1,version=1.9.2-e8c7a49a-20201208,OS=Linux 5.13.0-52-generic #59~20.04.1-Ubuntu SMP Thu Jun 16 21:21:28 UTC 2022 x86_64,mode=power,1,1,1,0,0,no_cal_date,YOKOGAWA;WT310E;C3XA04010E;F1.04'
ptd-server 2022-07-21 19:55:58,757 [INFO] Connected to PTDaemon
ptd-server 2022-07-21 19:55:58,757 [INFO] Sending to ptd: 'RR'
ptd-server 2022-07-21 19:55:58,757 [INFO] Reply from ptd: 'Ranges,0,0.500000,1,300.000000'
ptd-server 2022-07-21 19:55:58,758 [INFO] Initial range for Amps is 0.500000 for Volts is Auto
ptd-server 2022-07-21 19:55:58,758 [INFO] Sending to ptd: 'SR,V,Auto'
ptd-server 2022-07-21 19:55:59,260 [INFO] Reply from ptd: 'Range V changed'
ptd-server 2022-07-21 19:55:59,260 [INFO] Sending to ptd: 'SR,A,Auto'
ptd-server 2022-07-21 19:55:59,763 [INFO] Reply from ptd: 'Range A changed'
ptd-server 2022-07-21 19:56:09,773 [INFO] Starting ranging mode
ptd-server 2022-07-21 19:56:09,773 [INFO] Sending to ptd: 'Go,1000,0,2022-07-21_19-55-41_ranging'
ptd-server 2022-07-21 19:56:09,774 [INFO] Reply from ptd: 'Starting untimed measurement, maximum 500000 samples at 1000ms with 0 rampup samples'
ptd-server 2022-07-21 19:56:09,774 [INFO] Sending reply to client 'OK'
ptd-server 2022-07-21 20:06:30,861 [INFO] Got command from the client 'session,2022-07-21_19-55-41,stop,ranging'
ptd-server 2022-07-21 20:06:40,871 [INFO] Sending to ptd: 'Stop'
ptd-server 2022-07-21 20:06:40,871 [INFO] Reply from ptd: 'Stopping untimed measurement'
ptd-server 2022-07-21 20:06:41,233 [INFO] Sending reply to client 'OK'
ptd-server 2022-07-21 20:06:41,291 [INFO] Got command from the client 'time'
ptd-server 2022-07-21 20:06:41,291 [INFO] Sending reply to client '1658430401.2917242'
ptd-server 2022-07-21 20:06:41,293 [INFO] Got command from the client 'session,2022-07-21_19-55-41,start,testing'
ptd-server 2022-07-21 20:06:41,293 [INFO] Sending to ptd: 'SR,V,249.960000'
ptd-server 2022-07-21 20:06:43,275 [INFO] Reply from ptd: 'Range V changed'
ptd-server 2022-07-21 20:06:43,275 [INFO] Sending to ptd: 'SR,A,0.070890'
ptd-server 2022-07-21 20:06:44,777 [INFO] Reply from ptd: 'Range A changed'
ptd-server 2022-07-21 20:06:54,787 [INFO] Starting testing mode
ptd-server 2022-07-21 20:06:54,787 [INFO] Sending to ptd: 'Go,1000,0,2022-07-21_19-55-41_testing'
ptd-server 2022-07-21 20:06:54,787 [INFO] Reply from ptd: 'Starting untimed measurement, maximum 500000 samples at 1000ms with 0 rampup samples'
ptd-server 2022-07-21 20:06:54,788 [INFO] Sending reply to client 'OK'
ptd-server 2022-07-21 20:17:15,650 [INFO] Got command from the client 'session,2022-07-21_19-55-41,stop,testing'
ptd-server 2022-07-21 20:17:25,660 [INFO] Sending to ptd: 'Stop'
ptd-server 2022-07-21 20:17:25,661 [INFO] Reply from ptd: 'Stopping untimed measurement'
ptd-server 2022-07-21 20:17:25,858 [INFO] Sending reply to client 'OK'
ptd-server 2022-07-21 20:17:25,866 [INFO] Got command from the client 'session,2022-07-21_19-55-41,done'
ptd-server 2022-07-21 20:17:25,866 [INFO] Sending to ptd: 'Stop'
ptd-server 2022-07-21 20:17:25,866 [INFO] Reply from ptd: 'Error: no measurement to stop'
ptd-server 2022-07-21 20:17:25,866 [INFO] Sending to ptd: 'SR,V,Auto'
ptd-server 2022-07-21 20:17:26,369 [INFO] Reply from ptd: 'Range V changed'
ptd-server 2022-07-21 20:17:26,369 [INFO] Sending to ptd: 'SR,A,0.500000'
ptd-server 2022-07-21 20:17:27,870 [INFO] Reply from ptd: 'Range A changed'
ptd-server 2022-07-21 20:17:27,871 [INFO] Set initial values for Amps 0.500000 and Volts Auto
ptd-server 2022-07-21 20:17:27,871 [INFO] Stopping ptd...
