ptd-server 2022-07-22 20:08:55,286 [INFO] Got command from the client 'time'
ptd-server 2022-07-22 20:08:55,286 [INFO] Sending reply to client '1658516935.2865705'
ptd-server 2022-07-22 20:08:55,287 [INFO] Got command from the client 'new,,476a2eaf-aabf-4b40-aa72-7d57d6d029a2'
ptd-server 2022-07-22 20:08:55,288 [INFO] Sending reply to client 'OK 2022-07-22_20-08-55,3d5f32ef-691f-40ab-ad0a-3e2e7f21c4ce'
ptd-server 2022-07-22 20:08:55,317 [INFO] Got command from the client 'time'
ptd-server 2022-07-22 20:08:55,318 [INFO] Sending reply to client '1658516935.3180506'
ptd-server 2022-07-22 20:08:55,319 [INFO] Got command from the client 'session,2022-07-22_20-08-55,start,ranging'
ptd-server 2022-07-22 20:08:55,319 [INFO] Running PTDaemon: ['/home/anton/projects/mlperf/power/inference_v1.0/ptd-linux-x86', '-l', '/tmp/tmp7lgbo8s4/ptd_logfile.txt', '-p', '8888', '49', '/dev/usbtmc0']
ptd-server 2022-07-22 20:09:12,494 [INFO] Sending to ptd: 'Hello'
ptd-server 2022-07-22 20:09:12,494 [INFO] Reply from ptd: 'Hello, PTDaemon here!'
ptd-server 2022-07-22 20:09:12,495 [INFO] Sending to ptd: 'Identify'
ptd-server 2022-07-22 20:09:12,495 [INFO] Reply from ptd: 'YokogawaWT310E,1000,1,1,1,1,0,1,1,version=1.9.2-e8c7a49a-20201208,OS=Linux 5.13.0-52-generic #59~20.04.1-Ubuntu SMP Thu Jun 16 21:21:28 UTC 2022 x86_64,mode=power,1,1,1,0,0,no_cal_date,YOKOGAWA;WT310E;C3XA04010E;F1.04'
ptd-server 2022-07-22 20:09:12,495 [INFO] Connected to PTDaemon
ptd-server 2022-07-22 20:09:12,495 [INFO] Sending to ptd: 'RR'
ptd-server 2022-07-22 20:09:12,496 [INFO] Reply from ptd: 'Ranges,0,0.500000,1,300.000000'
ptd-server 2022-07-22 20:09:12,496 [INFO] Initial range for Amps is 0.500000 for Volts is Auto
ptd-server 2022-07-22 20:09:12,496 [INFO] Sending to ptd: 'SR,V,Auto'
ptd-server 2022-07-22 20:09:12,998 [INFO] Reply from ptd: 'Range V changed'
ptd-server 2022-07-22 20:09:12,999 [INFO] Sending to ptd: 'SR,A,Auto'
ptd-server 2022-07-22 20:09:13,501 [INFO] Reply from ptd: 'Range A changed'
ptd-server 2022-07-22 20:09:23,511 [INFO] Starting ranging mode
ptd-server 2022-07-22 20:09:23,511 [INFO] Sending to ptd: 'Go,1000,0,2022-07-22_20-08-55_ranging'
ptd-server 2022-07-22 20:09:23,512 [INFO] Reply from ptd: 'Starting untimed measurement, maximum 500000 samples at 1000ms with 0 rampup samples'
ptd-server 2022-07-22 20:09:23,512 [INFO] Sending reply to client 'OK'
ptd-server 2022-07-22 20:19:39,900 [INFO] Got command from the client 'session,2022-07-22_20-08-55,stop,ranging'
ptd-server 2022-07-22 20:19:49,911 [INFO] Sending to ptd: 'Stop'
ptd-server 2022-07-22 20:19:49,911 [INFO] Reply from ptd: 'Stopping untimed measurement'
ptd-server 2022-07-22 20:19:50,378 [INFO] Sending reply to client 'OK'
ptd-server 2022-07-22 20:19:50,440 [INFO] Got command from the client 'time'
ptd-server 2022-07-22 20:19:50,440 [INFO] Sending reply to client '1658517590.4406197'
ptd-server 2022-07-22 20:19:50,441 [INFO] Got command from the client 'session,2022-07-22_20-08-55,start,testing'
ptd-server 2022-07-22 20:19:50,441 [INFO] Sending to ptd: 'SR,V,250.440000'
ptd-server 2022-07-22 20:19:52,014 [INFO] Reply from ptd: 'Range V changed'
ptd-server 2022-07-22 20:19:52,014 [INFO] Sending to ptd: 'SR,A,0.062570'
ptd-server 2022-07-22 20:19:53,515 [INFO] Reply from ptd: 'Range A changed'
ptd-server 2022-07-22 20:20:03,523 [INFO] Starting testing mode
ptd-server 2022-07-22 20:20:03,523 [INFO] Sending to ptd: 'Go,1000,0,2022-07-22_20-08-55_testing'
ptd-server 2022-07-22 20:20:03,524 [INFO] Reply from ptd: 'Starting untimed measurement, maximum 500000 samples at 1000ms with 0 rampup samples'
ptd-server 2022-07-22 20:20:03,524 [INFO] Sending reply to client 'OK'
ptd-server 2022-07-22 20:30:19,891 [INFO] Got command from the client 'session,2022-07-22_20-08-55,stop,testing'
ptd-server 2022-07-22 20:30:29,902 [INFO] Sending to ptd: 'Stop'
ptd-server 2022-07-22 20:30:29,902 [INFO] Reply from ptd: 'Stopping untimed measurement'
ptd-server 2022-07-22 20:30:30,148 [INFO] Sending reply to client 'OK'
ptd-server 2022-07-22 20:30:30,156 [INFO] Got command from the client 'session,2022-07-22_20-08-55,done'
ptd-server 2022-07-22 20:30:30,156 [INFO] Sending to ptd: 'Stop'
ptd-server 2022-07-22 20:30:30,525 [INFO] Reply from ptd: 'Error: no measurement to stop'
ptd-server 2022-07-22 20:30:30,525 [INFO] Sending to ptd: 'SR,V,Auto'
ptd-server 2022-07-22 20:30:31,028 [INFO] Reply from ptd: 'Range V changed'
ptd-server 2022-07-22 20:30:31,028 [INFO] Sending to ptd: 'SR,A,0.500000'
ptd-server 2022-07-22 20:30:32,530 [INFO] Reply from ptd: 'Range A changed'
ptd-server 2022-07-22 20:30:32,530 [INFO] Set initial values for Amps 0.500000 and Volts Auto
ptd-server 2022-07-22 20:30:32,530 [INFO] Stopping ptd...
