client 2022-08-02 08:15:38,941 [INFO] Sending command to the server: 'mlcommons/power client v3'
client 2022-08-02 08:15:38,943 [INFO] Got response: 'mlcommons/power server v3'
client 2022-08-02 08:15:38,943 [INFO] Synchronizing with the server and with ntp1.css.fujitsu.com...
client 2022-08-02 08:15:38,963 [INFO] NTP:offset = 0.000 s, delay = 0.015 s 
client 2022-08-02 08:15:38,963 [INFO] Sending command to the server: 'time'
client 2022-08-02 08:15:38,966 [INFO] Got response: '1659428139.033199'
client 2022-08-02 08:15:38,966 [INFO] The time difference between the client and the server is within range -69.642 ms..-66.960 ms
client 2022-08-02 08:15:38,966 [INFO] Sending command to the server: 'new,,a395dd0f-4d81-4f96-8e89-763eb773d516'
client 2022-08-02 08:15:38,970 [INFO] Got response: 'OK 2022-08-02_17-15-39,6f49601d-ddcc-4a8f-9e79-2ed9725c853c'
client 2022-08-02 08:15:38,970 [INFO] Session id is '2022-08-02_17-15-39'
client 2022-08-02 08:15:38,971 [INFO] Sources: {"sources": {"__init__.py": "da39a3ee5e6b4b0d3255bfef95601890afd80709", "client.py": "33ca4f26368777ac06e01f9567b714a4b8063886", "lib/__init__.py": "da39a3ee5e6b4b0d3255bfef95601890afd80709", "lib/client.py": "4c2b78fb4849a7e5b584ef792d82aaed20b17f57", "lib/common.py": "624d0c0acc7c39aaff3674f0b99d6a09da53d1dc", "lib/external/__init__.py": "da39a3ee5e6b4b0d3255bfef95601890afd80709", "lib/external/ntplib.py": "4da8f970656505a40483206ef2b5d3dd5e81711d", "lib/server.py": "59c9fb92908260d3e9f81a895c7aa009742275e4", "lib/source_hashes.py": "60a2e02193209e8d392803326208d5466342da18", "lib/summary.py": "aa92f0a3f975eecd44d3c0cd0236342ccc9f941d", "lib/time_sync.py": "3210db56eb0ff0df57bf4293dc4d4b03fffd46f1", "server.py": "c3f90f2f7eeb4db30727556d0c815ebc89b3d28b", "tests/unit/__init__.py": "da39a3ee5e6b4b0d3255bfef95601890afd80709", "tests/unit/test_server.py": "99ae15aef722f2000ee6ed1ae1523637bf1ae42b", "tests/unit/test_source_hashes.py": "00468a2907583c593e6574a1f6b404e4651c221a"}, "modules": {"ptd_client_server.lib.client": "lib/client.py", "ptd_client_server.lib.common": "lib/common.py", "ptd_client_server.lib.external.ntplib": "lib/external/ntplib.py", "ptd_client_server.lib.source_hashes": "lib/source_hashes.py", "ptd_client_server.lib.summary": "lib/summary.py", "ptd_client_server.lib.time_sync": "lib/time_sync.py"}}
client 2022-08-02 08:15:38,971 [INFO] Running workload in ranging mode
client 2022-08-02 08:15:38,971 [INFO] Synchronizing with the server and with ntp1.css.fujitsu.com...
client 2022-08-02 08:15:38,988 [INFO] NTP:offset = 0.000 s, delay = 0.015 s 
client 2022-08-02 08:15:38,989 [INFO] Sending command to the server: 'time'
client 2022-08-02 08:15:38,992 [INFO] Got response: '1659428139.0644484'
client 2022-08-02 08:15:38,992 [INFO] The time difference between the client and the server is within range -75.358 ms..-71.883 ms
client 2022-08-02 08:15:38,992 [INFO] Sending command to the server: 'session,2022-08-02_17-15-39,start,ranging'
client 2022-08-02 08:16:08,924 [INFO] Got response: 'OK'
client 2022-08-02 08:16:08,924 [INFO] Running the workload 'LOG_DIR=/work/build/power_logs_temp python3 -m code.main_v2 --benchmarks=bert --scenarios=Server --test_mode=PerformanceOnly --accuracy_target=0.999 --power_setting=MaxQ --action="run_harness" \\\n\t\t2>&1 | tee -a /work/build/power_logs/2022.08.02-08.14.59/stdout.txt \\\n\t\t&& if [ ! -d /work/build/power_logs/2022.08.02-08.14.59/ranging_tmp ]; \\\n\t\t\tthen mkdir /work/build/power_logs/2022.08.02-08.14.59/ranging_tmp \\\n\t\t\t\t&& mv /work/build/power_logs_temp/* /work/build/power_logs/2022.08.02-08.14.59/ranging_tmp/ \\\n\t\t\t\t&& cp -v /work/build/power_logs/2022.08.02-08.14.59/ranging_tmp/*/*/*/mlperf_log_detail.txt /work/build/power_logs_temp/ \\\n\t\t\t\t&& cp -v /work/build/power_logs/2022.08.02-08.14.59/ranging_tmp/*/*/*/mlperf_log_summary.txt /work/build/power_logs_temp/; \\\n\t\t\telse mkdir /work/build/power_logs/2022.08.02-08.14.59/testing_tmp \\\n\t\t\t\t&& mv /work/build/power_logs_temp/* /work/build/power_logs/2022.08.02-08.14.59/testing_tmp/ \\\n\t\t\t\t&& cp -v /work/build/power_logs/2022.08.02-08.14.59/testing_tmp/*/*/*/mlperf_log_detail.txt /work/build/power_logs_temp/ \\\n\t\t\t\t&& cp -v /work/build/power_logs/2022.08.02-08.14.59/testing_tmp/*/*/*/mlperf_log_summary.txt /work/build/power_logs_temp/; fi'
client 2022-08-02 08:27:05,292 [INFO] Sending command to the server: 'session,2022-08-02_17-15-39,stop,ranging'
client 2022-08-02 08:27:16,228 [INFO] Got response: 'OK'
client 2022-08-02 08:27:16,238 [INFO] Copying loadgen logs from '/work/build/power_logs_temp' to '/work/build/power_logs/2022.08.02-08.14.59/2022-08-02_17-15-39/ranging'
client 2022-08-02 08:27:16,239 [INFO] Running workload in testing mode
client 2022-08-02 08:27:16,239 [INFO] Synchronizing with the server and with ntp1.css.fujitsu.com...
client 2022-08-02 08:27:16,258 [INFO] NTP:offset = 0.000 s, delay = 0.015 s 
client 2022-08-02 08:27:16,258 [INFO] Sending command to the server: 'time'
client 2022-08-02 08:27:16,259 [INFO] Got response: '1659428836.3231368'
client 2022-08-02 08:27:16,259 [INFO] The time difference between the client and the server is within range -64.944 ms..-63.390 ms
client 2022-08-02 08:27:16,259 [INFO] Sending command to the server: 'session,2022-08-02_17-15-39,start,testing'
client 2022-08-02 08:27:29,350 [INFO] Got response: 'OK'
client 2022-08-02 08:27:29,351 [INFO] Running the workload 'LOG_DIR=/work/build/power_logs_temp python3 -m code.main_v2 --benchmarks=bert --scenarios=Server --test_mode=PerformanceOnly --accuracy_target=0.999 --power_setting=MaxQ --action="run_harness" \\\n\t\t2>&1 | tee -a /work/build/power_logs/2022.08.02-08.14.59/stdout.txt \\\n\t\t&& if [ ! -d /work/build/power_logs/2022.08.02-08.14.59/ranging_tmp ]; \\\n\t\t\tthen mkdir /work/build/power_logs/2022.08.02-08.14.59/ranging_tmp \\\n\t\t\t\t&& mv /work/build/power_logs_temp/* /work/build/power_logs/2022.08.02-08.14.59/ranging_tmp/ \\\n\t\t\t\t&& cp -v /work/build/power_logs/2022.08.02-08.14.59/ranging_tmp/*/*/*/mlperf_log_detail.txt /work/build/power_logs_temp/ \\\n\t\t\t\t&& cp -v /work/build/power_logs/2022.08.02-08.14.59/ranging_tmp/*/*/*/mlperf_log_summary.txt /work/build/power_logs_temp/; \\\n\t\t\telse mkdir /work/build/power_logs/2022.08.02-08.14.59/testing_tmp \\\n\t\t\t\t&& mv /work/build/power_logs_temp/* /work/build/power_logs/2022.08.02-08.14.59/testing_tmp/ \\\n\t\t\t\t&& cp -v /work/build/power_logs/2022.08.02-08.14.59/testing_tmp/*/*/*/mlperf_log_detail.txt /work/build/power_logs_temp/ \\\n\t\t\t\t&& cp -v /work/build/power_logs/2022.08.02-08.14.59/testing_tmp/*/*/*/mlperf_log_summary.txt /work/build/power_logs_temp/; fi'
client 2022-08-02 08:38:28,094 [INFO] Sending command to the server: 'session,2022-08-02_17-15-39,stop,testing'
client 2022-08-02 08:38:38,185 [INFO] Got response: 'OK'
client 2022-08-02 08:38:38,188 [INFO] Copying loadgen logs from '/work/build/power_logs_temp' to '/work/build/power_logs/2022.08.02-08.14.59/2022-08-02_17-15-39/run_1'
client 2022-08-02 08:38:38,189 [INFO] Done runs
