ptd-server 2022-08-02 17:15:39,033 [INFO] Got command from the client 'time'
ptd-server 2022-08-02 17:15:39,033 [INFO] Sending reply to client '1659428139.033199'
ptd-server 2022-08-02 17:15:39,033 [INFO] Got command from the client 'new,,a395dd0f-4d81-4f96-8e89-763eb773d516'
ptd-server 2022-08-02 17:15:39,033 [INFO] Sending reply to client 'OK 2022-08-02_17-15-39,6f49601d-ddcc-4a8f-9e79-2ed9725c853c'
ptd-server 2022-08-02 17:15:39,064 [INFO] Got command from the client 'time'
ptd-server 2022-08-02 17:15:39,064 [INFO] Sending reply to client '1659428139.0644484'
ptd-server 2022-08-02 17:15:39,064 [INFO] Got command from the client 'session,2022-08-02_17-15-39,start,ranging'
ptd-server 2022-08-02 17:15:39,173 [INFO] Running PTDaemon: ['C:\\mlperf\\power\\inference_v1.0\\ptd-windows-x86.exe', '-l', 'C:\\Users\\mlperf\\AppData\\Local\\Temp\\tmpwbdjfnoe\\ptd_logfile.txt', '-p', '8888', '-y', '49', 'C3YB05015E']
ptd-server 2022-08-02 17:15:57,948 [INFO] Sending to ptd: 'Hello'
ptd-server 2022-08-02 17:15:57,948 [INFO] Reply from ptd: 'Hello, PTDaemon here!'
ptd-server 2022-08-02 17:15:57,948 [INFO] Sending to ptd: 'Identify'
ptd-server 2022-08-02 17:15:57,948 [INFO] Reply from ptd: 'YokogawaWT310E,1000,1,1,1,1,0,1,1,version=1.9.2-3976349f-20201208,OS=Windows 8 / Server 2012,mode=power,1,1,1,0,0,no_cal_date,YOKOGAWA;WT310E;C3YB05015E;F1.04'
ptd-server 2022-08-02 17:15:57,948 [INFO] Connected to PTDaemon
ptd-server 2022-08-02 17:15:57,948 [INFO] Sending to ptd: 'RR'
ptd-server 2022-08-02 17:15:57,948 [INFO] Reply from ptd: 'Ranges,1,20.000000,1,300.000000'
ptd-server 2022-08-02 17:15:57,948 [INFO] Initial range for Amps is Auto for Volts is Auto
ptd-server 2022-08-02 17:15:57,948 [INFO] Sending to ptd: 'SR,V,Auto'
ptd-server 2022-08-02 17:15:58,464 [INFO] Reply from ptd: 'Range V changed'
ptd-server 2022-08-02 17:15:58,464 [INFO] Sending to ptd: 'SR,A,Auto'
ptd-server 2022-08-02 17:15:58,980 [INFO] Reply from ptd: 'Range A changed'
ptd-server 2022-08-02 17:16:08,995 [INFO] Starting ranging mode
ptd-server 2022-08-02 17:16:08,995 [INFO] Sending to ptd: 'Go,1000,0,2022-08-02_17-15-39_ranging'
ptd-server 2022-08-02 17:16:08,995 [INFO] Reply from ptd: 'Starting untimed measurement, maximum 500000 samples at 1000ms with 0 rampup samples'
ptd-server 2022-08-02 17:16:08,995 [INFO] Sending reply to client 'OK'
ptd-server 2022-08-02 17:27:05,354 [INFO] Got command from the client 'session,2022-08-02_17-15-39,stop,ranging'
ptd-server 2022-08-02 17:27:15,370 [INFO] Sending to ptd: 'Stop'
ptd-server 2022-08-02 17:27:15,370 [INFO] Reply from ptd: 'Stopping untimed measurement'
ptd-server 2022-08-02 17:27:16,291 [INFO] Sending reply to client 'OK'
ptd-server 2022-08-02 17:27:16,323 [INFO] Got command from the client 'time'
ptd-server 2022-08-02 17:27:16,323 [INFO] Sending reply to client '1659428836.3231368'
ptd-server 2022-08-02 17:27:16,323 [INFO] Got command from the client 'session,2022-08-02_17-15-39,start,testing'
ptd-server 2022-08-02 17:27:16,323 [INFO] Sending to ptd: 'SR,V,202.390000'
ptd-server 2022-08-02 17:27:17,854 [INFO] Reply from ptd: 'Range V changed'
ptd-server 2022-08-02 17:27:17,854 [INFO] Sending to ptd: 'SR,A,17.684000'
ptd-server 2022-08-02 17:27:19,385 [INFO] Reply from ptd: 'Range A changed'
ptd-server 2022-08-02 17:27:29,400 [INFO] Starting testing mode
ptd-server 2022-08-02 17:27:29,400 [INFO] Sending to ptd: 'Go,1000,0,2022-08-02_17-15-39_testing'
ptd-server 2022-08-02 17:27:29,400 [INFO] Reply from ptd: 'Starting untimed measurement, maximum 500000 samples at 1000ms with 0 rampup samples'
ptd-server 2022-08-02 17:27:29,416 [INFO] Sending reply to client 'OK'
ptd-server 2022-08-02 17:38:28,157 [INFO] Got command from the client 'session,2022-08-02_17-15-39,stop,testing'
ptd-server 2022-08-02 17:38:38,172 [INFO] Sending to ptd: 'Stop'
ptd-server 2022-08-02 17:38:38,172 [INFO] Reply from ptd: 'Stopping untimed measurement'
ptd-server 2022-08-02 17:38:38,250 [INFO] Sending reply to client 'OK'
ptd-server 2022-08-02 17:38:38,250 [INFO] Got command from the client 'session,2022-08-02_17-15-39,done'
ptd-server 2022-08-02 17:38:38,250 [INFO] Sending to ptd: 'Stop'
ptd-server 2022-08-02 17:38:38,438 [INFO] Reply from ptd: 'Error: no measurement to stop'
ptd-server 2022-08-02 17:38:38,438 [INFO] Sending to ptd: 'SR,V,Auto'
ptd-server 2022-08-02 17:38:38,953 [INFO] Reply from ptd: 'Range V changed'
ptd-server 2022-08-02 17:38:38,953 [INFO] Sending to ptd: 'SR,A,Auto'
ptd-server 2022-08-02 17:38:39,469 [INFO] Reply from ptd: 'Range A changed'
ptd-server 2022-08-02 17:38:39,469 [INFO] Set initial values for Amps Auto and Volts Auto
ptd-server 2022-08-02 17:38:39,469 [INFO] Stopping ptd...
