ptd-server 2022-07-29 16:23:32,813 [INFO] Got command from the client 'time'
ptd-server 2022-07-29 16:23:32,813 [INFO] Sending reply to client '1659108212.8137271'
ptd-server 2022-07-29 16:23:32,817 [INFO] Got command from the client 'new,,1c0dc133-6850-494e-adf1-2507bab34644'
ptd-server 2022-07-29 16:23:32,818 [INFO] Sending reply to client 'OK 2022-07-29_16-23-32,fee27ee3-feef-4df3-b5e8-0b206cc3dc8e'
ptd-server 2022-07-29 16:23:32,863 [INFO] Got command from the client 'time'
ptd-server 2022-07-29 16:23:32,863 [INFO] Sending reply to client '1659108212.8632894'
ptd-server 2022-07-29 16:23:32,867 [INFO] Got command from the client 'session,2022-07-29_16-23-32,start,ranging'
ptd-server 2022-07-29 16:23:32,867 [INFO] Running PTDaemon: ['/home/anton/projects/mlperf/power/inference_v1.0/ptd-linux-x86', '-l', '/tmp/tmp7lgbo8s4/ptd_logfile.txt', '-p', '8888', '49', '/dev/usbtmc0']
ptd-server 2022-07-29 16:23:50,041 [INFO] Sending to ptd: 'Hello'
ptd-server 2022-07-29 16:23:50,041 [INFO] Reply from ptd: 'Hello, PTDaemon here!'
ptd-server 2022-07-29 16:23:50,041 [INFO] Sending to ptd: 'Identify'
ptd-server 2022-07-29 16:23:50,042 [INFO] Reply from ptd: 'YokogawaWT310E,1000,1,1,1,1,0,1,1,version=1.9.2-e8c7a49a-20201208,OS=Linux 5.13.0-52-generic #59~20.04.1-Ubuntu SMP Thu Jun 16 21:21:28 UTC 2022 x86_64,mode=power,1,1,1,0,0,no_cal_date,YOKOGAWA;WT310E;C3XA04010E;F1.04'
ptd-server 2022-07-29 16:23:50,042 [INFO] Connected to PTDaemon
ptd-server 2022-07-29 16:23:50,042 [INFO] Sending to ptd: 'RR'
ptd-server 2022-07-29 16:23:50,042 [INFO] Reply from ptd: 'Ranges,0,0.500000,1,300.000000'
ptd-server 2022-07-29 16:23:50,043 [INFO] Initial range for Amps is 0.500000 for Volts is Auto
ptd-server 2022-07-29 16:23:50,043 [INFO] Sending to ptd: 'SR,V,Auto'
ptd-server 2022-07-29 16:23:50,545 [INFO] Reply from ptd: 'Range V changed'
ptd-server 2022-07-29 16:23:50,545 [INFO] Sending to ptd: 'SR,A,Auto'
ptd-server 2022-07-29 16:23:51,048 [INFO] Reply from ptd: 'Range A changed'
ptd-server 2022-07-29 16:24:01,058 [INFO] Starting ranging mode
ptd-server 2022-07-29 16:24:01,058 [INFO] Sending to ptd: 'Go,1000,0,2022-07-29_16-23-32_ranging'
ptd-server 2022-07-29 16:24:01,059 [INFO] Reply from ptd: 'Starting untimed measurement, maximum 500000 samples at 1000ms with 0 rampup samples'
ptd-server 2022-07-29 16:24:01,059 [INFO] Sending reply to client 'OK'
ptd-server 2022-07-29 16:34:18,158 [INFO] Got command from the client 'session,2022-07-29_16-23-32,stop,ranging'
ptd-server 2022-07-29 16:34:28,168 [INFO] Sending to ptd: 'Stop'
ptd-server 2022-07-29 16:34:28,169 [INFO] Reply from ptd: 'Stopping untimed measurement'
ptd-server 2022-07-29 16:34:29,387 [INFO] Sending reply to client 'OK'
ptd-server 2022-07-29 16:34:29,452 [INFO] Got command from the client 'time'
ptd-server 2022-07-29 16:34:29,452 [INFO] Sending reply to client '1659108869.4527678'
ptd-server 2022-07-29 16:34:29,457 [INFO] Got command from the client 'session,2022-07-29_16-23-32,start,testing'
ptd-server 2022-07-29 16:34:29,458 [INFO] Sending to ptd: 'SR,V,251.170000'
ptd-server 2022-07-29 16:34:30,959 [INFO] Reply from ptd: 'Range V changed'
ptd-server 2022-07-29 16:34:30,959 [INFO] Sending to ptd: 'SR,A,0.054620'
ptd-server 2022-07-29 16:34:32,460 [INFO] Reply from ptd: 'Range A changed'
ptd-server 2022-07-29 16:34:42,471 [INFO] Starting testing mode
ptd-server 2022-07-29 16:34:42,471 [INFO] Sending to ptd: 'Go,1000,0,2022-07-29_16-23-32_testing'
ptd-server 2022-07-29 16:34:42,471 [INFO] Reply from ptd: 'Starting untimed measurement, maximum 500000 samples at 1000ms with 0 rampup samples'
ptd-server 2022-07-29 16:34:42,472 [INFO] Sending reply to client 'OK'
ptd-server 2022-07-29 16:44:59,564 [INFO] Got command from the client 'session,2022-07-29_16-23-32,stop,testing'
ptd-server 2022-07-29 16:45:09,566 [INFO] Sending to ptd: 'Stop'
ptd-server 2022-07-29 16:45:09,567 [INFO] Reply from ptd: 'Stopping untimed measurement'
ptd-server 2022-07-29 16:45:10,199 [INFO] Sending reply to client 'OK'
ptd-server 2022-07-29 16:45:10,222 [INFO] Got command from the client 'session,2022-07-29_16-23-32,done'
ptd-server 2022-07-29 16:45:10,222 [INFO] Sending to ptd: 'Stop'
ptd-server 2022-07-29 16:45:10,472 [INFO] Reply from ptd: 'Error: no measurement to stop'
ptd-server 2022-07-29 16:45:10,472 [INFO] Sending to ptd: 'SR,V,Auto'
ptd-server 2022-07-29 16:45:10,975 [INFO] Reply from ptd: 'Range V changed'
ptd-server 2022-07-29 16:45:10,975 [INFO] Sending to ptd: 'SR,A,0.500000'
ptd-server 2022-07-29 16:45:12,476 [INFO] Reply from ptd: 'Range A changed'
ptd-server 2022-07-29 16:45:12,476 [INFO] Set initial values for Amps 0.500000 and Volts Auto
ptd-server 2022-07-29 16:45:12,476 [INFO] Stopping ptd...
