ptd-server 2022-07-23 00:51:42,512 [INFO] Got command from the client 'time'
ptd-server 2022-07-23 00:51:42,512 [INFO] Sending reply to client '1658533902.5128567'
ptd-server 2022-07-23 00:51:42,514 [INFO] Got command from the client 'new,,c7ba4cbb-0ee6-4853-ab81-ebe6aeef3c40'
ptd-server 2022-07-23 00:51:42,514 [INFO] Sending reply to client 'OK 2022-07-23_00-51-42,2323497a-48af-4d3b-849f-deb8689a7cbc'
ptd-server 2022-07-23 00:51:42,542 [INFO] Got command from the client 'time'
ptd-server 2022-07-23 00:51:42,542 [INFO] Sending reply to client '1658533902.5427568'
ptd-server 2022-07-23 00:51:42,544 [INFO] Got command from the client 'session,2022-07-23_00-51-42,start,ranging'
ptd-server 2022-07-23 00:51:42,544 [INFO] Running PTDaemon: ['/home/anton/projects/mlperf/power/inference_v1.0/ptd-linux-x86', '-l', '/tmp/tmp7lgbo8s4/ptd_logfile.txt', '-p', '8888', '49', '/dev/usbtmc0']
ptd-server 2022-07-23 00:51:59,717 [INFO] Sending to ptd: 'Hello'
ptd-server 2022-07-23 00:51:59,718 [INFO] Reply from ptd: 'Hello, PTDaemon here!'
ptd-server 2022-07-23 00:51:59,718 [INFO] Sending to ptd: 'Identify'
ptd-server 2022-07-23 00:51:59,718 [INFO] Reply from ptd: 'YokogawaWT310E,1000,1,1,1,1,0,1,1,version=1.9.2-e8c7a49a-20201208,OS=Linux 5.13.0-52-generic #59~20.04.1-Ubuntu SMP Thu Jun 16 21:21:28 UTC 2022 x86_64,mode=power,1,1,1,0,0,no_cal_date,YOKOGAWA;WT310E;C3XA04010E;F1.04'
ptd-server 2022-07-23 00:51:59,719 [INFO] Connected to PTDaemon
ptd-server 2022-07-23 00:51:59,719 [INFO] Sending to ptd: 'RR'
ptd-server 2022-07-23 00:51:59,719 [INFO] Reply from ptd: 'Ranges,0,0.500000,1,300.000000'
ptd-server 2022-07-23 00:51:59,719 [INFO] Initial range for Amps is 0.500000 for Volts is Auto
ptd-server 2022-07-23 00:51:59,719 [INFO] Sending to ptd: 'SR,V,Auto'
ptd-server 2022-07-23 00:52:00,222 [INFO] Reply from ptd: 'Range V changed'
ptd-server 2022-07-23 00:52:00,222 [INFO] Sending to ptd: 'SR,A,Auto'
ptd-server 2022-07-23 00:52:00,724 [INFO] Reply from ptd: 'Range A changed'
ptd-server 2022-07-23 00:52:10,735 [INFO] Starting ranging mode
ptd-server 2022-07-23 00:52:10,735 [INFO] Sending to ptd: 'Go,1000,0,2022-07-23_00-51-42_ranging'
ptd-server 2022-07-23 00:52:10,735 [INFO] Reply from ptd: 'Starting untimed measurement, maximum 500000 samples at 1000ms with 0 rampup samples'
ptd-server 2022-07-23 00:52:10,736 [INFO] Sending reply to client 'OK'
ptd-server 2022-07-23 01:02:27,173 [INFO] Got command from the client 'session,2022-07-23_00-51-42,stop,ranging'
ptd-server 2022-07-23 01:02:37,184 [INFO] Sending to ptd: 'Stop'
ptd-server 2022-07-23 01:02:37,184 [INFO] Reply from ptd: 'Stopping untimed measurement'
ptd-server 2022-07-23 01:02:37,701 [INFO] Sending reply to client 'OK'
ptd-server 2022-07-23 01:02:37,750 [INFO] Got command from the client 'time'
ptd-server 2022-07-23 01:02:37,750 [INFO] Sending reply to client '1658534557.7509403'
ptd-server 2022-07-23 01:02:37,751 [INFO] Got command from the client 'session,2022-07-23_00-51-42,start,testing'
ptd-server 2022-07-23 01:02:37,752 [INFO] Sending to ptd: 'SR,V,251.480000'
ptd-server 2022-07-23 01:02:39,253 [INFO] Reply from ptd: 'Range V changed'
ptd-server 2022-07-23 01:02:39,253 [INFO] Sending to ptd: 'SR,A,0.048210'
ptd-server 2022-07-23 01:02:40,754 [INFO] Reply from ptd: 'Range A changed'
ptd-server 2022-07-23 01:02:50,765 [INFO] Starting testing mode
ptd-server 2022-07-23 01:02:50,765 [INFO] Sending to ptd: 'Go,1000,0,2022-07-23_00-51-42_testing'
ptd-server 2022-07-23 01:02:50,765 [INFO] Reply from ptd: 'Starting untimed measurement, maximum 500000 samples at 1000ms with 0 rampup samples'
ptd-server 2022-07-23 01:02:50,765 [INFO] Sending reply to client 'OK'
ptd-server 2022-07-23 01:13:07,134 [INFO] Got command from the client 'session,2022-07-23_00-51-42,stop,testing'
ptd-server 2022-07-23 01:13:17,144 [INFO] Sending to ptd: 'Stop'
ptd-server 2022-07-23 01:13:17,144 [INFO] Reply from ptd: 'Stopping untimed measurement'
ptd-server 2022-07-23 01:13:17,408 [INFO] Sending reply to client 'OK'
ptd-server 2022-07-23 01:13:17,416 [INFO] Got command from the client 'session,2022-07-23_00-51-42,done'
ptd-server 2022-07-23 01:13:17,416 [INFO] Sending to ptd: 'Stop'
ptd-server 2022-07-23 01:13:17,766 [INFO] Reply from ptd: 'Error: no measurement to stop'
ptd-server 2022-07-23 01:13:17,766 [INFO] Sending to ptd: 'SR,V,Auto'
ptd-server 2022-07-23 01:13:18,269 [INFO] Reply from ptd: 'Range V changed'
ptd-server 2022-07-23 01:13:18,269 [INFO] Sending to ptd: 'SR,A,0.500000'
ptd-server 2022-07-23 01:13:19,771 [INFO] Reply from ptd: 'Range A changed'
ptd-server 2022-07-23 01:13:19,771 [INFO] Set initial values for Amps 0.500000 and Volts Auto
ptd-server 2022-07-23 01:13:19,771 [INFO] Stopping ptd...
