ptd-server 2022-07-20 15:12:08,689 [INFO] Got command from the client 'time'
ptd-server 2022-07-20 15:12:08,690 [INFO] Sending reply to client '1658326328.690128'
ptd-server 2022-07-20 15:12:08,694 [INFO] Got command from the client 'new,,efb02f8a-5f2f-4923-863a-b82a42750be8'
ptd-server 2022-07-20 15:12:08,694 [INFO] Sending reply to client 'OK 2022-07-20_15-12-08,a3ba8695-51c6-45ac-bb02-ebed5e944aff'
ptd-server 2022-07-20 15:12:08,735 [INFO] Got command from the client 'time'
ptd-server 2022-07-20 15:12:08,735 [INFO] Sending reply to client '1658326328.735808'
ptd-server 2022-07-20 15:12:08,742 [INFO] Got command from the client 'session,2022-07-20_15-12-08,start,ranging'
ptd-server 2022-07-20 15:12:08,742 [INFO] Running PTDaemon: ['/home/anton/projects/mlperf/power/inference_v1.0/ptd-linux-x86', '-l', '/tmp/tmp7lgbo8s4/ptd_logfile.txt', '-p', '8888', '49', '/dev/usbtmc0']
ptd-server 2022-07-20 15:12:25,915 [INFO] Sending to ptd: 'Hello'
ptd-server 2022-07-20 15:12:25,916 [INFO] Reply from ptd: 'Hello, PTDaemon here!'
ptd-server 2022-07-20 15:12:25,916 [INFO] Sending to ptd: 'Identify'
ptd-server 2022-07-20 15:12:25,917 [INFO] Reply from ptd: 'YokogawaWT310E,1000,1,1,1,1,0,1,1,version=1.9.2-e8c7a49a-20201208,OS=Linux 5.13.0-52-generic #59~20.04.1-Ubuntu SMP Thu Jun 16 21:21:28 UTC 2022 x86_64,mode=power,1,1,1,0,0,no_cal_date,YOKOGAWA;WT310E;C3XA04010E;F1.04'
ptd-server 2022-07-20 15:12:25,917 [INFO] Connected to PTDaemon
ptd-server 2022-07-20 15:12:25,917 [INFO] Sending to ptd: 'RR'
ptd-server 2022-07-20 15:12:25,917 [INFO] Reply from ptd: 'Ranges,0,0.500000,1,300.000000'
ptd-server 2022-07-20 15:12:25,917 [INFO] Initial range for Amps is 0.500000 for Volts is Auto
ptd-server 2022-07-20 15:12:25,917 [INFO] Sending to ptd: 'SR,V,Auto'
ptd-server 2022-07-20 15:12:26,420 [INFO] Reply from ptd: 'Range V changed'
ptd-server 2022-07-20 15:12:26,420 [INFO] Sending to ptd: 'SR,A,Auto'
ptd-server 2022-07-20 15:12:26,922 [INFO] Reply from ptd: 'Range A changed'
ptd-server 2022-07-20 15:12:36,933 [INFO] Starting ranging mode
ptd-server 2022-07-20 15:12:36,933 [INFO] Sending to ptd: 'Go,1000,0,2022-07-20_15-12-08_ranging'
ptd-server 2022-07-20 15:12:36,933 [INFO] Reply from ptd: 'Starting untimed measurement, maximum 500000 samples at 1000ms with 0 rampup samples'
ptd-server 2022-07-20 15:12:36,933 [INFO] Sending reply to client 'OK'
ptd-server 2022-07-20 15:22:55,264 [INFO] Got command from the client 'session,2022-07-20_15-12-08,stop,ranging'
ptd-server 2022-07-20 15:23:05,274 [INFO] Sending to ptd: 'Stop'
ptd-server 2022-07-20 15:23:05,274 [INFO] Reply from ptd: 'Stopping untimed measurement'
ptd-server 2022-07-20 15:23:05,500 [INFO] Sending reply to client 'OK'
ptd-server 2022-07-20 15:23:05,663 [INFO] Got command from the client 'time'
ptd-server 2022-07-20 15:23:05,663 [INFO] Sending reply to client '1658326985.663624'
ptd-server 2022-07-20 15:23:05,669 [INFO] Got command from the client 'session,2022-07-20_15-12-08,start,testing'
ptd-server 2022-07-20 15:23:05,669 [INFO] Sending to ptd: 'SR,V,250.500000'
ptd-server 2022-07-20 15:23:07,434 [INFO] Reply from ptd: 'Range V changed'
ptd-server 2022-07-20 15:23:07,434 [INFO] Sending to ptd: 'SR,A,0.085540'
ptd-server 2022-07-20 15:23:08,936 [INFO] Reply from ptd: 'Range A changed'
ptd-server 2022-07-20 15:23:18,946 [INFO] Starting testing mode
ptd-server 2022-07-20 15:23:18,946 [INFO] Sending to ptd: 'Go,1000,0,2022-07-20_15-12-08_testing'
ptd-server 2022-07-20 15:23:18,947 [INFO] Reply from ptd: 'Starting untimed measurement, maximum 500000 samples at 1000ms with 0 rampup samples'
ptd-server 2022-07-20 15:23:18,947 [INFO] Sending reply to client 'OK'
ptd-server 2022-07-20 15:33:37,056 [INFO] Got command from the client 'session,2022-07-20_15-12-08,stop,testing'
ptd-server 2022-07-20 15:33:47,066 [INFO] Sending to ptd: 'Stop'
ptd-server 2022-07-20 15:33:47,067 [INFO] Reply from ptd: 'Stopping untimed measurement'
ptd-server 2022-07-20 15:33:47,190 [INFO] Sending reply to client 'OK'
ptd-server 2022-07-20 15:33:47,221 [INFO] Got command from the client 'session,2022-07-20_15-12-08,done'
ptd-server 2022-07-20 15:33:47,221 [INFO] Sending to ptd: 'Stop'
ptd-server 2022-07-20 15:33:47,947 [INFO] Reply from ptd: 'Error: no measurement to stop'
ptd-server 2022-07-20 15:33:47,948 [INFO] Sending to ptd: 'SR,V,Auto'
ptd-server 2022-07-20 15:33:48,450 [INFO] Reply from ptd: 'Range V changed'
ptd-server 2022-07-20 15:33:48,450 [INFO] Sending to ptd: 'SR,A,0.500000'
ptd-server 2022-07-20 15:33:49,952 [INFO] Reply from ptd: 'Range A changed'
ptd-server 2022-07-20 15:33:49,952 [INFO] Set initial values for Amps 0.500000 and Volts Auto
ptd-server 2022-07-20 15:33:49,952 [INFO] Stopping ptd...
