ptd-server 2022-07-24 00:52:59,839 [INFO] Got command from the client 'time'
ptd-server 2022-07-24 00:52:59,839 [INFO] Sending reply to client '1658620379.8397398'
ptd-server 2022-07-24 00:52:59,840 [INFO] Got command from the client 'new,,5f9c62b0-d0b2-4858-921c-1ba6b22d5fe4'
ptd-server 2022-07-24 00:52:59,841 [INFO] Sending reply to client 'OK 2022-07-24_00-52-59,faf4d6eb-cbfc-4642-92f7-41afbc51aa89'
ptd-server 2022-07-24 00:52:59,869 [INFO] Got command from the client 'time'
ptd-server 2022-07-24 00:52:59,869 [INFO] Sending reply to client '1658620379.8694448'
ptd-server 2022-07-24 00:52:59,870 [INFO] Got command from the client 'session,2022-07-24_00-52-59,start,ranging'
ptd-server 2022-07-24 00:52:59,870 [INFO] Running PTDaemon: ['/home/anton/projects/mlperf/power/inference_v1.0/ptd-linux-x86', '-l', '/tmp/tmp7lgbo8s4/ptd_logfile.txt', '-p', '8888', '49', '/dev/usbtmc0']
ptd-server 2022-07-24 00:53:17,045 [INFO] Sending to ptd: 'Hello'
ptd-server 2022-07-24 00:53:17,045 [INFO] Reply from ptd: 'Hello, PTDaemon here!'
ptd-server 2022-07-24 00:53:17,045 [INFO] Sending to ptd: 'Identify'
ptd-server 2022-07-24 00:53:17,046 [INFO] Reply from ptd: 'YokogawaWT310E,1000,1,1,1,1,0,1,1,version=1.9.2-e8c7a49a-20201208,OS=Linux 5.13.0-52-generic #59~20.04.1-Ubuntu SMP Thu Jun 16 21:21:28 UTC 2022 x86_64,mode=power,1,1,1,0,0,no_cal_date,YOKOGAWA;WT310E;C3XA04010E;F1.04'
ptd-server 2022-07-24 00:53:17,046 [INFO] Connected to PTDaemon
ptd-server 2022-07-24 00:53:17,046 [INFO] Sending to ptd: 'RR'
ptd-server 2022-07-24 00:53:17,046 [INFO] Reply from ptd: 'Ranges,0,0.500000,1,300.000000'
ptd-server 2022-07-24 00:53:17,046 [INFO] Initial range for Amps is 0.500000 for Volts is Auto
ptd-server 2022-07-24 00:53:17,046 [INFO] Sending to ptd: 'SR,V,Auto'
ptd-server 2022-07-24 00:53:17,549 [INFO] Reply from ptd: 'Range V changed'
ptd-server 2022-07-24 00:53:17,549 [INFO] Sending to ptd: 'SR,A,Auto'
ptd-server 2022-07-24 00:53:18,052 [INFO] Reply from ptd: 'Range A changed'
ptd-server 2022-07-24 00:53:28,062 [INFO] Starting ranging mode
ptd-server 2022-07-24 00:53:28,062 [INFO] Sending to ptd: 'Go,1000,0,2022-07-24_00-52-59_ranging'
ptd-server 2022-07-24 00:53:28,062 [INFO] Reply from ptd: 'Starting untimed measurement, maximum 500000 samples at 1000ms with 0 rampup samples'
ptd-server 2022-07-24 00:53:28,063 [INFO] Sending reply to client 'OK'
ptd-server 2022-07-24 01:03:46,963 [INFO] Got command from the client 'session,2022-07-24_00-52-59,stop,ranging'
ptd-server 2022-07-24 01:03:56,973 [INFO] Sending to ptd: 'Stop'
ptd-server 2022-07-24 01:03:56,974 [INFO] Reply from ptd: 'Stopping untimed measurement'
ptd-server 2022-07-24 01:03:57,607 [INFO] Sending reply to client 'OK'
ptd-server 2022-07-24 01:03:57,666 [INFO] Got command from the client 'time'
ptd-server 2022-07-24 01:03:57,666 [INFO] Sending reply to client '1658621037.6666472'
ptd-server 2022-07-24 01:03:57,667 [INFO] Got command from the client 'session,2022-07-24_00-52-59,start,testing'
ptd-server 2022-07-24 01:03:57,667 [INFO] Sending to ptd: 'SR,V,249.980000'
ptd-server 2022-07-24 01:03:59,169 [INFO] Reply from ptd: 'Range V changed'
ptd-server 2022-07-24 01:03:59,169 [INFO] Sending to ptd: 'SR,A,0.052220'
ptd-server 2022-07-24 01:04:00,670 [INFO] Reply from ptd: 'Range A changed'
ptd-server 2022-07-24 01:04:10,680 [INFO] Starting testing mode
ptd-server 2022-07-24 01:04:10,681 [INFO] Sending to ptd: 'Go,1000,0,2022-07-24_00-52-59_testing'
ptd-server 2022-07-24 01:04:10,681 [INFO] Reply from ptd: 'Starting untimed measurement, maximum 500000 samples at 1000ms with 0 rampup samples'
ptd-server 2022-07-24 01:04:10,681 [INFO] Sending reply to client 'OK'
ptd-server 2022-07-24 01:14:29,625 [INFO] Got command from the client 'session,2022-07-24_00-52-59,stop,testing'
ptd-server 2022-07-24 01:14:39,635 [INFO] Sending to ptd: 'Stop'
ptd-server 2022-07-24 01:14:39,636 [INFO] Reply from ptd: 'Stopping untimed measurement'
ptd-server 2022-07-24 01:14:39,989 [INFO] Sending reply to client 'OK'
ptd-server 2022-07-24 01:14:39,997 [INFO] Got command from the client 'session,2022-07-24_00-52-59,done'
ptd-server 2022-07-24 01:14:39,997 [INFO] Sending to ptd: 'Stop'
ptd-server 2022-07-24 01:14:39,998 [INFO] Reply from ptd: 'Error: no measurement to stop'
ptd-server 2022-07-24 01:14:39,998 [INFO] Sending to ptd: 'SR,V,Auto'
ptd-server 2022-07-24 01:14:40,500 [INFO] Reply from ptd: 'Range V changed'
ptd-server 2022-07-24 01:14:40,500 [INFO] Sending to ptd: 'SR,A,0.500000'
ptd-server 2022-07-24 01:14:42,003 [INFO] Reply from ptd: 'Range A changed'
ptd-server 2022-07-24 01:14:42,003 [INFO] Set initial values for Amps 0.500000 and Volts Auto
ptd-server 2022-07-24 01:14:42,003 [INFO] Stopping ptd...
