ptd-server 2022-07-20 01:35:41,026 [INFO] Got command from the client 'time'
ptd-server 2022-07-20 01:35:41,027 [INFO] Sending reply to client '1658277341.0270495'
ptd-server 2022-07-20 01:35:41,031 [INFO] Got command from the client 'new,,db096ff3-00f2-4589-87fc-53a1eead5a58'
ptd-server 2022-07-20 01:35:41,032 [INFO] Sending reply to client 'OK 2022-07-20_01-35-41,7b504c28-1207-41a5-952f-5b63f6be7f57'
ptd-server 2022-07-20 01:35:41,076 [INFO] Got command from the client 'time'
ptd-server 2022-07-20 01:35:41,076 [INFO] Sending reply to client '1658277341.076169'
ptd-server 2022-07-20 01:35:41,079 [INFO] Got command from the client 'session,2022-07-20_01-35-41,start,ranging'
ptd-server 2022-07-20 01:35:41,080 [INFO] Running PTDaemon: ['/home/anton/projects/mlperf/power/inference_v1.0/ptd-linux-x86', '-l', '/tmp/tmp7lgbo8s4/ptd_logfile.txt', '-p', '8888', '49', '/dev/usbtmc0']
ptd-server 2022-07-20 01:35:58,254 [INFO] Sending to ptd: 'Hello'
ptd-server 2022-07-20 01:35:58,254 [INFO] Reply from ptd: 'Hello, PTDaemon here!'
ptd-server 2022-07-20 01:35:58,255 [INFO] Sending to ptd: 'Identify'
ptd-server 2022-07-20 01:35:58,255 [INFO] Reply from ptd: 'YokogawaWT310E,1000,1,1,1,1,0,1,1,version=1.9.2-e8c7a49a-20201208,OS=Linux 5.13.0-52-generic #59~20.04.1-Ubuntu SMP Thu Jun 16 21:21:28 UTC 2022 x86_64,mode=power,1,1,1,0,0,no_cal_date,YOKOGAWA;WT310E;C3XA04010E;F1.04'
ptd-server 2022-07-20 01:35:58,255 [INFO] Connected to PTDaemon
ptd-server 2022-07-20 01:35:58,255 [INFO] Sending to ptd: 'RR'
ptd-server 2022-07-20 01:35:58,256 [INFO] Reply from ptd: 'Ranges,0,0.500000,1,300.000000'
ptd-server 2022-07-20 01:35:58,256 [INFO] Initial range for Amps is 0.500000 for Volts is Auto
ptd-server 2022-07-20 01:35:58,256 [INFO] Sending to ptd: 'SR,V,Auto'
ptd-server 2022-07-20 01:35:58,758 [INFO] Reply from ptd: 'Range V changed'
ptd-server 2022-07-20 01:35:58,759 [INFO] Sending to ptd: 'SR,A,Auto'
ptd-server 2022-07-20 01:35:59,261 [INFO] Reply from ptd: 'Range A changed'
ptd-server 2022-07-20 01:36:09,271 [INFO] Starting ranging mode
ptd-server 2022-07-20 01:36:09,272 [INFO] Sending to ptd: 'Go,1000,0,2022-07-20_01-35-41_ranging'
ptd-server 2022-07-20 01:36:09,272 [INFO] Reply from ptd: 'Starting untimed measurement, maximum 500000 samples at 1000ms with 0 rampup samples'
ptd-server 2022-07-20 01:36:09,272 [INFO] Sending reply to client 'OK'
ptd-server 2022-07-20 01:46:28,055 [INFO] Got command from the client 'session,2022-07-20_01-35-41,stop,ranging'
ptd-server 2022-07-20 01:46:38,065 [INFO] Sending to ptd: 'Stop'
ptd-server 2022-07-20 01:46:38,066 [INFO] Reply from ptd: 'Stopping untimed measurement'
ptd-server 2022-07-20 01:46:38,219 [INFO] Sending reply to client 'OK'
ptd-server 2022-07-20 01:46:38,284 [INFO] Got command from the client 'time'
ptd-server 2022-07-20 01:46:38,284 [INFO] Sending reply to client '1658277998.2845242'
ptd-server 2022-07-20 01:46:38,291 [INFO] Got command from the client 'session,2022-07-20_01-35-41,start,testing'
ptd-server 2022-07-20 01:46:38,291 [INFO] Sending to ptd: 'SR,V,249.500000'
ptd-server 2022-07-20 01:46:39,792 [INFO] Reply from ptd: 'Range V changed'
ptd-server 2022-07-20 01:46:39,792 [INFO] Sending to ptd: 'SR,A,0.078450'
ptd-server 2022-07-20 01:46:41,294 [INFO] Reply from ptd: 'Range A changed'
ptd-server 2022-07-20 01:46:51,304 [INFO] Starting testing mode
ptd-server 2022-07-20 01:46:51,304 [INFO] Sending to ptd: 'Go,1000,0,2022-07-20_01-35-41_testing'
ptd-server 2022-07-20 01:46:51,304 [INFO] Reply from ptd: 'Starting untimed measurement, maximum 500000 samples at 1000ms with 0 rampup samples'
ptd-server 2022-07-20 01:46:51,305 [INFO] Sending reply to client 'OK'
ptd-server 2022-07-20 01:57:09,723 [INFO] Got command from the client 'session,2022-07-20_01-35-41,stop,testing'
ptd-server 2022-07-20 01:57:19,733 [INFO] Sending to ptd: 'Stop'
ptd-server 2022-07-20 01:57:19,734 [INFO] Reply from ptd: 'Stopping untimed measurement'
ptd-server 2022-07-20 01:57:19,820 [INFO] Sending reply to client 'OK'
ptd-server 2022-07-20 01:57:19,881 [INFO] Got command from the client 'session,2022-07-20_01-35-41,done'
ptd-server 2022-07-20 01:57:19,881 [INFO] Sending to ptd: 'Stop'
ptd-server 2022-07-20 01:57:20,304 [INFO] Reply from ptd: 'Error: no measurement to stop'
ptd-server 2022-07-20 01:57:20,304 [INFO] Sending to ptd: 'SR,V,Auto'
ptd-server 2022-07-20 01:57:20,807 [INFO] Reply from ptd: 'Range V changed'
ptd-server 2022-07-20 01:57:20,807 [INFO] Sending to ptd: 'SR,A,0.500000'
ptd-server 2022-07-20 01:57:22,308 [INFO] Reply from ptd: 'Range A changed'
ptd-server 2022-07-20 01:57:22,309 [INFO] Set initial values for Amps 0.500000 and Volts Auto
ptd-server 2022-07-20 01:57:22,309 [INFO] Stopping ptd...
