ptd-server 2022-08-02 14:00:47,626 [INFO] Got command from the client 'time'
ptd-server 2022-08-02 14:00:47,626 [INFO] Sending reply to client '1659445247.6266363'
ptd-server 2022-08-02 14:00:47,627 [INFO] Got command from the client 'new,,56687415-d9dd-4bd9-a71c-7ca7308a3613'
ptd-server 2022-08-02 14:00:47,627 [INFO] Sending reply to client 'OK 2022-08-02_14-00-47,509a96df-8590-443e-a20d-05229b3a3f3b'
ptd-server 2022-08-02 14:00:47,657 [INFO] Got command from the client 'time'
ptd-server 2022-08-02 14:00:47,657 [INFO] Sending reply to client '1659445247.6574879'
ptd-server 2022-08-02 14:00:47,658 [INFO] Got command from the client 'session,2022-08-02_14-00-47,start,ranging'
ptd-server 2022-08-02 14:00:47,658 [INFO] Running PTDaemon: ['/home/anton/projects/mlperf/power/inference_v1.0/ptd-linux-x86', '-l', '/tmp/tmp7lgbo8s4/ptd_logfile.txt', '-p', '8888', '49', '/dev/usbtmc0']
ptd-server 2022-08-02 14:01:04,831 [INFO] Sending to ptd: 'Hello'
ptd-server 2022-08-02 14:01:04,832 [INFO] Reply from ptd: 'Hello, PTDaemon here!'
ptd-server 2022-08-02 14:01:04,832 [INFO] Sending to ptd: 'Identify'
ptd-server 2022-08-02 14:01:04,832 [INFO] Reply from ptd: 'YokogawaWT310E,1000,1,1,1,1,0,1,1,version=1.9.2-e8c7a49a-20201208,OS=Linux 5.13.0-52-generic #59~20.04.1-Ubuntu SMP Thu Jun 16 21:21:28 UTC 2022 x86_64,mode=power,1,1,1,0,0,no_cal_date,YOKOGAWA;WT310E;C3XA04010E;F1.04'
ptd-server 2022-08-02 14:01:04,832 [INFO] Connected to PTDaemon
ptd-server 2022-08-02 14:01:04,832 [INFO] Sending to ptd: 'RR'
ptd-server 2022-08-02 14:01:04,833 [INFO] Reply from ptd: 'Ranges,0,0.500000,1,300.000000'
ptd-server 2022-08-02 14:01:04,833 [INFO] Initial range for Amps is 0.500000 for Volts is Auto
ptd-server 2022-08-02 14:01:04,833 [INFO] Sending to ptd: 'SR,V,Auto'
ptd-server 2022-08-02 14:01:05,335 [INFO] Reply from ptd: 'Range V changed'
ptd-server 2022-08-02 14:01:05,336 [INFO] Sending to ptd: 'SR,A,Auto'
ptd-server 2022-08-02 14:01:05,838 [INFO] Reply from ptd: 'Range A changed'
ptd-server 2022-08-02 14:01:15,848 [INFO] Starting ranging mode
ptd-server 2022-08-02 14:01:15,849 [INFO] Sending to ptd: 'Go,1000,0,2022-08-02_14-00-47_ranging'
ptd-server 2022-08-02 14:01:15,849 [INFO] Reply from ptd: 'Starting untimed measurement, maximum 500000 samples at 1000ms with 0 rampup samples'
ptd-server 2022-08-02 14:01:15,849 [INFO] Sending reply to client 'OK'
ptd-server 2022-08-02 14:11:30,646 [INFO] Got command from the client 'session,2022-08-02_14-00-47,stop,ranging'
ptd-server 2022-08-02 14:11:40,656 [INFO] Sending to ptd: 'Stop'
ptd-server 2022-08-02 14:11:40,656 [INFO] Reply from ptd: 'Stopping untimed measurement'
ptd-server 2022-08-02 14:11:42,186 [INFO] Sending reply to client 'OK'
ptd-server 2022-08-02 14:11:42,232 [INFO] Got command from the client 'time'
ptd-server 2022-08-02 14:11:42,233 [INFO] Sending reply to client '1659445902.2329845'
ptd-server 2022-08-02 14:11:42,234 [INFO] Got command from the client 'session,2022-08-02_14-00-47,start,testing'
ptd-server 2022-08-02 14:11:42,234 [INFO] Sending to ptd: 'SR,V,252.720000'
ptd-server 2022-08-02 14:11:43,735 [INFO] Reply from ptd: 'Range V changed'
ptd-server 2022-08-02 14:11:43,736 [INFO] Sending to ptd: 'SR,A,0.258280'
ptd-server 2022-08-02 14:11:45,237 [INFO] Reply from ptd: 'Range A changed'
ptd-server 2022-08-02 14:11:55,247 [INFO] Starting testing mode
ptd-server 2022-08-02 14:11:55,248 [INFO] Sending to ptd: 'Go,1000,0,2022-08-02_14-00-47_testing'
ptd-server 2022-08-02 14:11:55,248 [INFO] Reply from ptd: 'Starting untimed measurement, maximum 500000 samples at 1000ms with 0 rampup samples'
ptd-server 2022-08-02 14:11:55,248 [INFO] Sending reply to client 'OK'
ptd-server 2022-08-02 14:22:09,908 [INFO] Got command from the client 'session,2022-08-02_14-00-47,stop,testing'
ptd-server 2022-08-02 14:22:19,918 [INFO] Sending to ptd: 'Stop'
ptd-server 2022-08-02 14:22:19,919 [INFO] Reply from ptd: 'Stopping untimed measurement'
ptd-server 2022-08-02 14:22:20,704 [INFO] Sending reply to client 'OK'
ptd-server 2022-08-02 14:22:20,719 [INFO] Got command from the client 'session,2022-08-02_14-00-47,done'
ptd-server 2022-08-02 14:22:20,719 [INFO] Sending to ptd: 'Stop'
ptd-server 2022-08-02 14:22:20,719 [INFO] Reply from ptd: 'Error: no measurement to stop'
ptd-server 2022-08-02 14:22:20,720 [INFO] Sending to ptd: 'SR,V,Auto'
ptd-server 2022-08-02 14:22:21,222 [INFO] Reply from ptd: 'Range V changed'
ptd-server 2022-08-02 14:22:21,222 [INFO] Sending to ptd: 'SR,A,0.500000'
ptd-server 2022-08-02 14:22:22,724 [INFO] Reply from ptd: 'Range A changed'
ptd-server 2022-08-02 14:22:22,724 [INFO] Set initial values for Amps 0.500000 and Volts Auto
ptd-server 2022-08-02 14:22:22,724 [INFO] Stopping ptd...
