ptd-server 2022-07-21 15:14:03,550 [INFO] Got command from the client 'time'
ptd-server 2022-07-21 15:14:03,550 [INFO] Sending reply to client '1658412843.550326'
ptd-server 2022-07-21 15:14:03,551 [INFO] Got command from the client 'new,,181b8c86-7d40-4afe-9cc8-ec443623d92d'
ptd-server 2022-07-21 15:14:03,552 [INFO] Sending reply to client 'OK 2022-07-21_15-14-03,22abbf4d-1966-4ee6-b297-fab121d4de4a'
ptd-server 2022-07-21 15:14:03,580 [INFO] Got command from the client 'time'
ptd-server 2022-07-21 15:14:03,580 [INFO] Sending reply to client '1658412843.5803032'
ptd-server 2022-07-21 15:14:03,581 [INFO] Got command from the client 'session,2022-07-21_15-14-03,start,ranging'
ptd-server 2022-07-21 15:14:03,581 [INFO] Running PTDaemon: ['/home/anton/projects/mlperf/power/inference_v1.0/ptd-linux-x86', '-l', '/tmp/tmp7lgbo8s4/ptd_logfile.txt', '-p', '8888', '49', '/dev/usbtmc0']
ptd-server 2022-07-21 15:14:20,756 [INFO] Sending to ptd: 'Hello'
ptd-server 2022-07-21 15:14:20,757 [INFO] Reply from ptd: 'Hello, PTDaemon here!'
ptd-server 2022-07-21 15:14:20,757 [INFO] Sending to ptd: 'Identify'
ptd-server 2022-07-21 15:14:20,758 [INFO] Reply from ptd: 'YokogawaWT310E,1000,1,1,1,1,0,1,1,version=1.9.2-e8c7a49a-20201208,OS=Linux 5.13.0-52-generic #59~20.04.1-Ubuntu SMP Thu Jun 16 21:21:28 UTC 2022 x86_64,mode=power,1,1,1,0,0,no_cal_date,YOKOGAWA;WT310E;C3XA04010E;F1.04'
ptd-server 2022-07-21 15:14:20,758 [INFO] Connected to PTDaemon
ptd-server 2022-07-21 15:14:20,758 [INFO] Sending to ptd: 'RR'
ptd-server 2022-07-21 15:14:20,758 [INFO] Reply from ptd: 'Ranges,0,0.500000,1,300.000000'
ptd-server 2022-07-21 15:14:20,758 [INFO] Initial range for Amps is 0.500000 for Volts is Auto
ptd-server 2022-07-21 15:14:20,759 [INFO] Sending to ptd: 'SR,V,Auto'
ptd-server 2022-07-21 15:14:21,261 [INFO] Reply from ptd: 'Range V changed'
ptd-server 2022-07-21 15:14:21,261 [INFO] Sending to ptd: 'SR,A,Auto'
ptd-server 2022-07-21 15:14:21,764 [INFO] Reply from ptd: 'Range A changed'
ptd-server 2022-07-21 15:14:31,774 [INFO] Starting ranging mode
ptd-server 2022-07-21 15:14:31,774 [INFO] Sending to ptd: 'Go,1000,0,2022-07-21_15-14-03_ranging'
ptd-server 2022-07-21 15:14:31,774 [INFO] Reply from ptd: 'Starting untimed measurement, maximum 500000 samples at 1000ms with 0 rampup samples'
ptd-server 2022-07-21 15:14:31,775 [INFO] Sending reply to client 'OK'
ptd-server 2022-07-21 15:24:52,883 [INFO] Got command from the client 'session,2022-07-21_15-14-03,stop,ranging'
ptd-server 2022-07-21 15:25:02,891 [INFO] Sending to ptd: 'Stop'
ptd-server 2022-07-21 15:25:02,892 [INFO] Reply from ptd: 'Stopping untimed measurement'
ptd-server 2022-07-21 15:25:03,252 [INFO] Sending reply to client 'OK'
ptd-server 2022-07-21 15:25:03,317 [INFO] Got command from the client 'time'
ptd-server 2022-07-21 15:25:03,317 [INFO] Sending reply to client '1658413503.3177898'
ptd-server 2022-07-21 15:25:03,319 [INFO] Got command from the client 'session,2022-07-21_15-14-03,start,testing'
ptd-server 2022-07-21 15:25:03,319 [INFO] Sending to ptd: 'SR,V,250.290000'
ptd-server 2022-07-21 15:25:05,277 [INFO] Reply from ptd: 'Range V changed'
ptd-server 2022-07-21 15:25:05,277 [INFO] Sending to ptd: 'SR,A,0.069240'
ptd-server 2022-07-21 15:25:06,778 [INFO] Reply from ptd: 'Range A changed'
ptd-server 2022-07-21 15:25:16,788 [INFO] Starting testing mode
ptd-server 2022-07-21 15:25:16,789 [INFO] Sending to ptd: 'Go,1000,0,2022-07-21_15-14-03_testing'
ptd-server 2022-07-21 15:25:16,789 [INFO] Reply from ptd: 'Starting untimed measurement, maximum 500000 samples at 1000ms with 0 rampup samples'
ptd-server 2022-07-21 15:25:16,789 [INFO] Sending reply to client 'OK'
ptd-server 2022-07-21 15:35:37,865 [INFO] Got command from the client 'session,2022-07-21_15-14-03,stop,testing'
ptd-server 2022-07-21 15:35:47,875 [INFO] Sending to ptd: 'Stop'
ptd-server 2022-07-21 15:35:47,876 [INFO] Reply from ptd: 'Stopping untimed measurement'
ptd-server 2022-07-21 15:35:48,084 [INFO] Sending reply to client 'OK'
ptd-server 2022-07-21 15:35:48,092 [INFO] Got command from the client 'session,2022-07-21_15-14-03,done'
ptd-server 2022-07-21 15:35:48,092 [INFO] Sending to ptd: 'Stop'
ptd-server 2022-07-21 15:35:48,789 [INFO] Reply from ptd: 'Error: no measurement to stop'
ptd-server 2022-07-21 15:35:48,790 [INFO] Sending to ptd: 'SR,V,Auto'
ptd-server 2022-07-21 15:35:49,292 [INFO] Reply from ptd: 'Range V changed'
ptd-server 2022-07-21 15:35:49,292 [INFO] Sending to ptd: 'SR,A,0.500000'
ptd-server 2022-07-21 15:35:50,794 [INFO] Reply from ptd: 'Range A changed'
ptd-server 2022-07-21 15:35:50,794 [INFO] Set initial values for Amps 0.500000 and Volts Auto
ptd-server 2022-07-21 15:35:50,794 [INFO] Stopping ptd...
