ptd-server 2022-08-04 19:41:57,070 [INFO] Got command from the client 'time'
ptd-server 2022-08-04 19:41:57,071 [INFO] Sending reply to client '1659660117.0711122'
ptd-server 2022-08-04 19:41:57,074 [INFO] Got command from the client 'new,,07645305-f88f-4d6e-a9fb-3cd4570747c3'
ptd-server 2022-08-04 19:41:57,075 [INFO] Sending reply to client 'OK 2022-08-04_19-41-57,c949ffa5-e45e-411f-b612-77c260423d55'
ptd-server 2022-08-04 19:41:57,166 [INFO] Got command from the client 'time'
ptd-server 2022-08-04 19:41:57,166 [INFO] Sending reply to client '1659660117.1666293'
ptd-server 2022-08-04 19:41:57,169 [INFO] Got command from the client 'session,2022-08-04_19-41-57,start,ranging'
ptd-server 2022-08-04 19:41:57,170 [INFO] Running PTDaemon: ['/local/mnt/workspace/mlcommons/power-main/inference_v1.0/ptd-linux-x86', '-l', '/tmp/tmpsbncd2hd/ptd_logfile.txt', '-p', '8889', '-c', '2', '52', '/dev/usbtmc0']
ptd-server 2022-08-04 19:42:14,289 [INFO] Sending to ptd: 'Hello'
ptd-server 2022-08-04 19:42:14,290 [INFO] Reply from ptd: 'Hello, PTDaemon here!'
ptd-server 2022-08-04 19:42:14,290 [INFO] Sending to ptd: 'Identify'
ptd-server 2022-08-04 19:42:14,291 [INFO] Reply from ptd: 'YokogawaWT330,1000,1,1,1,1,0,0,1,version=1.9.2-e8c7a49a-20201208,OS=Linux 5.4.0-120-generic #136~18.04.1-Ubuntu SMP Fri Jun 10 18:00:44 UTC 2022 x86_64,mode=power,1,1,1,0,0,no_cal_date,YOKOGAWA;WT333;C2QH26002V;F1.06'
ptd-server 2022-08-04 19:42:14,291 [INFO] Connected to PTDaemon
ptd-server 2022-08-04 19:42:14,291 [INFO] Sending to ptd: 'RR'
ptd-server 2022-08-04 19:42:14,291 [INFO] Reply from ptd: 'Ranges,1,0.500000,1,150.000000'
ptd-server 2022-08-04 19:42:14,292 [INFO] Initial range for Amps is Auto for Volts is Auto
ptd-server 2022-08-04 19:42:14,292 [INFO] Sending to ptd: 'SR,V,Auto'
ptd-server 2022-08-04 19:42:14,805 [INFO] Reply from ptd: 'Range V changed'
ptd-server 2022-08-04 19:42:14,805 [INFO] Sending to ptd: 'SR,A,Auto'
ptd-server 2022-08-04 19:42:15,308 [INFO] Reply from ptd: 'Range A changed'
ptd-server 2022-08-04 19:42:25,319 [INFO] Starting ranging mode
ptd-server 2022-08-04 19:42:25,319 [INFO] Sending to ptd: 'Go,1000,0,2022-08-04_19-41-57_ranging'
ptd-server 2022-08-04 19:42:25,320 [INFO] Reply from ptd: 'Starting untimed measurement, maximum 500000 samples at 1000ms with 0 rampup samples'
ptd-server 2022-08-04 19:42:25,320 [INFO] Sending reply to client 'OK'
ptd-server 2022-08-04 19:52:46,953 [INFO] Got command from the client 'session,2022-08-04_19-41-57,stop,ranging'
ptd-server 2022-08-04 19:52:56,964 [INFO] Sending to ptd: 'Stop'
ptd-server 2022-08-04 19:52:56,964 [INFO] Reply from ptd: 'Stopping untimed measurement'
ptd-server 2022-08-04 19:52:56,982 [INFO] Sending reply to client 'OK'
ptd-server 2022-08-04 19:52:57,126 [INFO] Got command from the client 'time'
ptd-server 2022-08-04 19:52:57,126 [INFO] Sending reply to client '1659660777.1267066'
ptd-server 2022-08-04 19:52:57,129 [INFO] Got command from the client 'session,2022-08-04_19-41-57,start,testing'
ptd-server 2022-08-04 19:52:57,130 [INFO] Sending to ptd: 'SR,V,120.710000'
ptd-server 2022-08-04 19:52:58,822 [INFO] Reply from ptd: 'Range V changed'
ptd-server 2022-08-04 19:52:58,822 [INFO] Sending to ptd: 'SR,A,0.198880'
ptd-server 2022-08-04 19:53:00,325 [INFO] Reply from ptd: 'Range A changed'
ptd-server 2022-08-04 19:53:10,333 [INFO] Starting testing mode
ptd-server 2022-08-04 19:53:10,333 [INFO] Sending to ptd: 'Go,1000,0,2022-08-04_19-41-57_testing'
ptd-server 2022-08-04 19:53:10,334 [INFO] Reply from ptd: 'Starting untimed measurement, maximum 500000 samples at 1000ms with 0 rampup samples'
ptd-server 2022-08-04 19:53:10,334 [INFO] Sending reply to client 'OK'
ptd-server 2022-08-04 20:03:32,164 [INFO] Got command from the client 'session,2022-08-04_19-41-57,stop,testing'
ptd-server 2022-08-04 20:03:42,174 [INFO] Sending to ptd: 'Stop'
ptd-server 2022-08-04 20:03:42,175 [INFO] Reply from ptd: 'Stopping untimed measurement'
ptd-server 2022-08-04 20:03:42,184 [INFO] Sending reply to client 'OK'
ptd-server 2022-08-04 20:03:42,220 [INFO] Got command from the client 'session,2022-08-04_19-41-57,done'
ptd-server 2022-08-04 20:03:42,220 [INFO] Sending to ptd: 'Stop'
ptd-server 2022-08-04 20:03:42,335 [INFO] Reply from ptd: 'Error: no measurement to stop'
ptd-server 2022-08-04 20:03:42,335 [INFO] Sending to ptd: 'SR,V,Auto'
ptd-server 2022-08-04 20:03:42,838 [INFO] Reply from ptd: 'Range V changed'
ptd-server 2022-08-04 20:03:42,838 [INFO] Sending to ptd: 'SR,A,Auto'
ptd-server 2022-08-04 20:03:43,341 [INFO] Reply from ptd: 'Range A changed'
ptd-server 2022-08-04 20:03:43,342 [INFO] Set initial values for Amps Auto and Volts Auto
ptd-server 2022-08-04 20:03:43,342 [INFO] Stopping ptd...
