client 2022-08-05 00:21:14,831 [INFO] Sending command to the server: 'mlcommons/power client v3'
client 2022-08-05 00:21:15,010 [INFO] Got response: 'mlcommons/power server v3'
client 2022-08-05 00:21:15,011 [INFO] Synchronizing with the server and with ntp1.css.fujitsu.com...
client 2022-08-05 00:21:15,036 [INFO] NTP:offset = 0.000 s, delay = 0.015 s 
client 2022-08-05 00:21:15,036 [INFO] Sending command to the server: 'time'
client 2022-08-05 00:21:15,055 [INFO] Got response: '1659658875.0972993'
client 2022-08-05 00:21:15,056 [INFO] The time difference between the client and the server is within range -60.761 ms..-41.306 ms
client 2022-08-05 00:21:15,056 [INFO] Sending command to the server: 'new,,1697ae21-4975-46ad-89fa-e7731b92066f'
client 2022-08-05 00:21:15,137 [INFO] Got response: 'OK 2022-08-05_09-21-15,cf3e3350-47ab-4e8a-a422-911de9f61c64'
client 2022-08-05 00:21:15,137 [INFO] Session id is '2022-08-05_09-21-15'
client 2022-08-05 00:21:15,138 [INFO] Sources: {"sources": {"__init__.py": "da39a3ee5e6b4b0d3255bfef95601890afd80709", "client.py": "33ca4f26368777ac06e01f9567b714a4b8063886", "lib/__init__.py": "da39a3ee5e6b4b0d3255bfef95601890afd80709", "lib/client.py": "4c2b78fb4849a7e5b584ef792d82aaed20b17f57", "lib/common.py": "624d0c0acc7c39aaff3674f0b99d6a09da53d1dc", "lib/external/__init__.py": "da39a3ee5e6b4b0d3255bfef95601890afd80709", "lib/external/ntplib.py": "4da8f970656505a40483206ef2b5d3dd5e81711d", "lib/server.py": "59c9fb92908260d3e9f81a895c7aa009742275e4", "lib/source_hashes.py": "60a2e02193209e8d392803326208d5466342da18", "lib/summary.py": "aa92f0a3f975eecd44d3c0cd0236342ccc9f941d", "lib/time_sync.py": "3210db56eb0ff0df57bf4293dc4d4b03fffd46f1", "server.py": "c3f90f2f7eeb4db30727556d0c815ebc89b3d28b", "tests/unit/__init__.py": "da39a3ee5e6b4b0d3255bfef95601890afd80709", "tests/unit/test_server.py": "99ae15aef722f2000ee6ed1ae1523637bf1ae42b", "tests/unit/test_source_hashes.py": "00468a2907583c593e6574a1f6b404e4651c221a"}, "modules": {"ptd_client_server.lib.client": "lib/client.py", "ptd_client_server.lib.common": "lib/common.py", "ptd_client_server.lib.external.ntplib": "lib/external/ntplib.py", "ptd_client_server.lib.source_hashes": "lib/source_hashes.py", "ptd_client_server.lib.summary": "lib/summary.py", "ptd_client_server.lib.time_sync": "lib/time_sync.py"}}
client 2022-08-05 00:21:15,138 [INFO] Running workload in ranging mode
client 2022-08-05 00:21:15,138 [INFO] Synchronizing with the server and with ntp1.css.fujitsu.com...
client 2022-08-05 00:21:15,157 [INFO] NTP:offset = 0.000 s, delay = 0.015 s 
client 2022-08-05 00:21:15,158 [INFO] Sending command to the server: 'time'
client 2022-08-05 00:21:15,161 [INFO] Got response: '1659658875.219334'
client 2022-08-05 00:21:15,161 [INFO] The time difference between the client and the server is within range -61.352 ms..-57.496 ms
client 2022-08-05 00:21:15,161 [INFO] Sending command to the server: 'session,2022-08-05_09-21-15,start,ranging'
client 2022-08-05 00:21:45,404 [INFO] Got response: 'OK'
client 2022-08-05 00:21:45,404 [INFO] Running the workload 'LOG_DIR=/work/build/power_logs_temp python3 -m code.main_v2 --benchmarks=resnet50 --scenarios=Offline --test_mode=PerformanceOnly --power_setting=MaxQ --action="run_harness" \\\n\t\t2>&1 | tee -a /work/build/power_logs/2022.08.05-00.20.35/stdout.txt \\\n\t\t&& if [ ! -d /work/build/power_logs/2022.08.05-00.20.35/ranging_tmp ]; \\\n\t\t\tthen mkdir /work/build/power_logs/2022.08.05-00.20.35/ranging_tmp \\\n\t\t\t\t&& mv /work/build/power_logs_temp/* /work/build/power_logs/2022.08.05-00.20.35/ranging_tmp/ \\\n\t\t\t\t&& cp -v /work/build/power_logs/2022.08.05-00.20.35/ranging_tmp/*/*/*/mlperf_log_detail.txt /work/build/power_logs_temp/ \\\n\t\t\t\t&& cp -v /work/build/power_logs/2022.08.05-00.20.35/ranging_tmp/*/*/*/mlperf_log_summary.txt /work/build/power_logs_temp/; \\\n\t\t\telse mkdir /work/build/power_logs/2022.08.05-00.20.35/testing_tmp \\\n\t\t\t\t&& mv /work/build/power_logs_temp/* /work/build/power_logs/2022.08.05-00.20.35/testing_tmp/ \\\n\t\t\t\t&& cp -v /work/build/power_logs/2022.08.05-00.20.35/testing_tmp/*/*/*/mlperf_log_detail.txt /work/build/power_logs_temp/ \\\n\t\t\t\t&& cp -v /work/build/power_logs/2022.08.05-00.20.35/testing_tmp/*/*/*/mlperf_log_summary.txt /work/build/power_logs_temp/; fi'
client 2022-08-05 00:35:33,086 [INFO] Sending command to the server: 'session,2022-08-05_09-21-15,stop,ranging'
client 2022-08-05 00:35:43,394 [INFO] Got response: 'OK'
client 2022-08-05 00:35:43,404 [INFO] Copying loadgen logs from '/work/build/power_logs_temp' to '/work/build/power_logs/2022.08.05-00.20.35/2022-08-05_09-21-15/ranging'
client 2022-08-05 00:35:43,405 [INFO] Running workload in testing mode
client 2022-08-05 00:35:43,405 [INFO] Synchronizing with the server and with ntp1.css.fujitsu.com...
client 2022-08-05 00:35:43,423 [INFO] NTP:offset = 0.000 s, delay = 0.015 s 
client 2022-08-05 00:35:43,423 [INFO] Sending command to the server: 'time'
client 2022-08-05 00:35:43,427 [INFO] Got response: '1659659743.4838502'
client 2022-08-05 00:35:43,427 [INFO] The time difference between the client and the server is within range -60.053 ms..-56.192 ms
client 2022-08-05 00:35:43,427 [INFO] Sending command to the server: 'session,2022-08-05_09-21-15,start,testing'
client 2022-08-05 00:35:56,441 [INFO] Got response: 'OK'
client 2022-08-05 00:35:56,441 [INFO] Running the workload 'LOG_DIR=/work/build/power_logs_temp python3 -m code.main_v2 --benchmarks=resnet50 --scenarios=Offline --test_mode=PerformanceOnly --power_setting=MaxQ --action="run_harness" \\\n\t\t2>&1 | tee -a /work/build/power_logs/2022.08.05-00.20.35/stdout.txt \\\n\t\t&& if [ ! -d /work/build/power_logs/2022.08.05-00.20.35/ranging_tmp ]; \\\n\t\t\tthen mkdir /work/build/power_logs/2022.08.05-00.20.35/ranging_tmp \\\n\t\t\t\t&& mv /work/build/power_logs_temp/* /work/build/power_logs/2022.08.05-00.20.35/ranging_tmp/ \\\n\t\t\t\t&& cp -v /work/build/power_logs/2022.08.05-00.20.35/ranging_tmp/*/*/*/mlperf_log_detail.txt /work/build/power_logs_temp/ \\\n\t\t\t\t&& cp -v /work/build/power_logs/2022.08.05-00.20.35/ranging_tmp/*/*/*/mlperf_log_summary.txt /work/build/power_logs_temp/; \\\n\t\t\telse mkdir /work/build/power_logs/2022.08.05-00.20.35/testing_tmp \\\n\t\t\t\t&& mv /work/build/power_logs_temp/* /work/build/power_logs/2022.08.05-00.20.35/testing_tmp/ \\\n\t\t\t\t&& cp -v /work/build/power_logs/2022.08.05-00.20.35/testing_tmp/*/*/*/mlperf_log_detail.txt /work/build/power_logs_temp/ \\\n\t\t\t\t&& cp -v /work/build/power_logs/2022.08.05-00.20.35/testing_tmp/*/*/*/mlperf_log_summary.txt /work/build/power_logs_temp/; fi'
client 2022-08-05 00:49:42,366 [INFO] Sending command to the server: 'session,2022-08-05_09-21-15,stop,testing'
client 2022-08-05 00:49:52,445 [INFO] Got response: 'OK'
client 2022-08-05 00:49:52,447 [INFO] Copying loadgen logs from '/work/build/power_logs_temp' to '/work/build/power_logs/2022.08.05-00.20.35/2022-08-05_09-21-15/run_1'
client 2022-08-05 00:49:52,448 [INFO] Done runs
