ptd-server 2022-08-03 02:21:03,437 [INFO] Got command from the client 'time'
ptd-server 2022-08-03 02:21:03,437 [INFO] Sending reply to client '1659489663.4373417'
ptd-server 2022-08-03 02:21:03,438 [INFO] Got command from the client 'new,,685ed858-3b19-4b7c-88c4-c3bbe3fb9974'
ptd-server 2022-08-03 02:21:03,438 [INFO] Sending reply to client 'OK 2022-08-03_02-21-03,9e7663a0-5e02-4ee4-b71f-188bd5574c24'
ptd-server 2022-08-03 02:21:03,468 [INFO] Got command from the client 'time'
ptd-server 2022-08-03 02:21:03,468 [INFO] Sending reply to client '1659489663.4685001'
ptd-server 2022-08-03 02:21:03,469 [INFO] Got command from the client 'session,2022-08-03_02-21-03,start,ranging'
ptd-server 2022-08-03 02:21:03,469 [INFO] Running PTDaemon: ['/home/anton/projects/mlperf/power/inference_v1.0/ptd-linux-x86', '-l', '/tmp/tmp7lgbo8s4/ptd_logfile.txt', '-p', '8888', '49', '/dev/usbtmc0']
ptd-server 2022-08-03 02:21:20,644 [INFO] Sending to ptd: 'Hello'
ptd-server 2022-08-03 02:21:20,645 [INFO] Reply from ptd: 'Hello, PTDaemon here!'
ptd-server 2022-08-03 02:21:20,645 [INFO] Sending to ptd: 'Identify'
ptd-server 2022-08-03 02:21:20,645 [INFO] Reply from ptd: 'YokogawaWT310E,1000,1,1,1,1,0,1,1,version=1.9.2-e8c7a49a-20201208,OS=Linux 5.13.0-52-generic #59~20.04.1-Ubuntu SMP Thu Jun 16 21:21:28 UTC 2022 x86_64,mode=power,1,1,1,0,0,no_cal_date,YOKOGAWA;WT310E;C3XA04010E;F1.04'
ptd-server 2022-08-03 02:21:20,645 [INFO] Connected to PTDaemon
ptd-server 2022-08-03 02:21:20,646 [INFO] Sending to ptd: 'RR'
ptd-server 2022-08-03 02:21:20,646 [INFO] Reply from ptd: 'Ranges,0,0.500000,1,300.000000'
ptd-server 2022-08-03 02:21:20,646 [INFO] Initial range for Amps is 0.500000 for Volts is Auto
ptd-server 2022-08-03 02:21:20,646 [INFO] Sending to ptd: 'SR,V,Auto'
ptd-server 2022-08-03 02:21:21,149 [INFO] Reply from ptd: 'Range V changed'
ptd-server 2022-08-03 02:21:21,149 [INFO] Sending to ptd: 'SR,A,Auto'
ptd-server 2022-08-03 02:21:21,651 [INFO] Reply from ptd: 'Range A changed'
ptd-server 2022-08-03 02:21:31,662 [INFO] Starting ranging mode
ptd-server 2022-08-03 02:21:31,662 [INFO] Sending to ptd: 'Go,1000,0,2022-08-03_02-21-03_ranging'
ptd-server 2022-08-03 02:21:31,662 [INFO] Reply from ptd: 'Starting untimed measurement, maximum 500000 samples at 1000ms with 0 rampup samples'
ptd-server 2022-08-03 02:21:31,663 [INFO] Sending reply to client 'OK'
ptd-server 2022-08-03 02:31:43,139 [INFO] Got command from the client 'session,2022-08-03_02-21-03,stop,ranging'
ptd-server 2022-08-03 02:31:53,150 [INFO] Sending to ptd: 'Stop'
ptd-server 2022-08-03 02:31:53,150 [INFO] Reply from ptd: 'Stopping untimed measurement'
ptd-server 2022-08-03 02:31:54,710 [INFO] Sending reply to client 'OK'
ptd-server 2022-08-03 02:31:54,764 [INFO] Got command from the client 'time'
ptd-server 2022-08-03 02:31:54,765 [INFO] Sending reply to client '1659490314.7650115'
ptd-server 2022-08-03 02:31:54,766 [INFO] Got command from the client 'session,2022-08-03_02-21-03,start,testing'
ptd-server 2022-08-03 02:31:54,766 [INFO] Sending to ptd: 'SR,V,251.560000'
ptd-server 2022-08-03 02:31:56,267 [INFO] Reply from ptd: 'Range V changed'
ptd-server 2022-08-03 02:31:56,268 [INFO] Sending to ptd: 'SR,A,0.195820'
ptd-server 2022-08-03 02:31:57,769 [INFO] Reply from ptd: 'Range A changed'
ptd-server 2022-08-03 02:32:07,779 [INFO] Starting testing mode
ptd-server 2022-08-03 02:32:07,779 [INFO] Sending to ptd: 'Go,1000,0,2022-08-03_02-21-03_testing'
ptd-server 2022-08-03 02:32:07,780 [INFO] Reply from ptd: 'Starting untimed measurement, maximum 500000 samples at 1000ms with 0 rampup samples'
ptd-server 2022-08-03 02:32:07,780 [INFO] Sending reply to client 'OK'
ptd-server 2022-08-03 02:42:19,106 [INFO] Got command from the client 'session,2022-08-03_02-21-03,stop,testing'
ptd-server 2022-08-03 02:42:29,117 [INFO] Sending to ptd: 'Stop'
ptd-server 2022-08-03 02:42:29,117 [INFO] Reply from ptd: 'Stopping untimed measurement'
ptd-server 2022-08-03 02:42:29,918 [INFO] Sending reply to client 'OK'
ptd-server 2022-08-03 02:42:29,928 [INFO] Got command from the client 'session,2022-08-03_02-21-03,done'
ptd-server 2022-08-03 02:42:29,928 [INFO] Sending to ptd: 'Stop'
ptd-server 2022-08-03 02:42:29,929 [INFO] Reply from ptd: 'Error: no measurement to stop'
ptd-server 2022-08-03 02:42:29,929 [INFO] Sending to ptd: 'SR,V,Auto'
ptd-server 2022-08-03 02:42:30,431 [INFO] Reply from ptd: 'Range V changed'
ptd-server 2022-08-03 02:42:30,432 [INFO] Sending to ptd: 'SR,A,0.500000'
ptd-server 2022-08-03 02:42:31,933 [INFO] Reply from ptd: 'Range A changed'
ptd-server 2022-08-03 02:42:31,933 [INFO] Set initial values for Amps 0.500000 and Volts Auto
ptd-server 2022-08-03 02:42:31,933 [INFO] Stopping ptd...
