ptd-server 2022-07-20 16:39:26,970 [INFO] Got command from the client 'time'
ptd-server 2022-07-20 16:39:26,970 [INFO] Sending reply to client '1658331566.970277'
ptd-server 2022-07-20 16:39:26,974 [INFO] Got command from the client 'new,,5790d4ce-ad12-49ca-825c-69b033d15dea'
ptd-server 2022-07-20 16:39:26,974 [INFO] Sending reply to client 'OK 2022-07-20_16-39-26,0d98540a-9d58-44c8-8e27-52bc31006f84'
ptd-server 2022-07-20 16:39:27,007 [INFO] Got command from the client 'time'
ptd-server 2022-07-20 16:39:27,008 [INFO] Sending reply to client '1658331567.0080633'
ptd-server 2022-07-20 16:39:27,012 [INFO] Got command from the client 'session,2022-07-20_16-39-26,start,ranging'
ptd-server 2022-07-20 16:39:27,012 [INFO] Running PTDaemon: ['/home/anton/projects/mlperf/power/inference_v1.0/ptd-linux-x86', '-l', '/tmp/tmp7lgbo8s4/ptd_logfile.txt', '-p', '8888', '49', '/dev/usbtmc0']
ptd-server 2022-07-20 16:39:44,194 [INFO] Sending to ptd: 'Hello'
ptd-server 2022-07-20 16:39:44,194 [INFO] Reply from ptd: 'Hello, PTDaemon here!'
ptd-server 2022-07-20 16:39:44,194 [INFO] Sending to ptd: 'Identify'
ptd-server 2022-07-20 16:39:44,195 [INFO] Reply from ptd: 'YokogawaWT310E,1000,1,1,1,1,0,1,1,version=1.9.2-e8c7a49a-20201208,OS=Linux 5.13.0-52-generic #59~20.04.1-Ubuntu SMP Thu Jun 16 21:21:28 UTC 2022 x86_64,mode=power,1,1,1,0,0,no_cal_date,YOKOGAWA;WT310E;C3XA04010E;F1.04'
ptd-server 2022-07-20 16:39:44,195 [INFO] Connected to PTDaemon
ptd-server 2022-07-20 16:39:44,195 [INFO] Sending to ptd: 'RR'
ptd-server 2022-07-20 16:39:44,195 [INFO] Reply from ptd: 'Ranges,0,0.500000,1,300.000000'
ptd-server 2022-07-20 16:39:44,195 [INFO] Initial range for Amps is 0.500000 for Volts is Auto
ptd-server 2022-07-20 16:39:44,196 [INFO] Sending to ptd: 'SR,V,Auto'
ptd-server 2022-07-20 16:39:44,698 [INFO] Reply from ptd: 'Range V changed'
ptd-server 2022-07-20 16:39:44,698 [INFO] Sending to ptd: 'SR,A,Auto'
ptd-server 2022-07-20 16:39:45,201 [INFO] Reply from ptd: 'Range A changed'
ptd-server 2022-07-20 16:39:55,211 [INFO] Starting ranging mode
ptd-server 2022-07-20 16:39:55,211 [INFO] Sending to ptd: 'Go,1000,0,2022-07-20_16-39-26_ranging'
ptd-server 2022-07-20 16:39:55,212 [INFO] Reply from ptd: 'Starting untimed measurement, maximum 500000 samples at 1000ms with 0 rampup samples'
ptd-server 2022-07-20 16:39:55,212 [INFO] Sending reply to client 'OK'
ptd-server 2022-07-20 16:50:13,543 [INFO] Got command from the client 'session,2022-07-20_16-39-26,stop,ranging'
ptd-server 2022-07-20 16:50:23,553 [INFO] Sending to ptd: 'Stop'
ptd-server 2022-07-20 16:50:23,554 [INFO] Reply from ptd: 'Stopping untimed measurement'
ptd-server 2022-07-20 16:50:23,798 [INFO] Sending reply to client 'OK'
ptd-server 2022-07-20 16:50:23,968 [INFO] Got command from the client 'time'
ptd-server 2022-07-20 16:50:23,968 [INFO] Sending reply to client '1658332223.968244'
ptd-server 2022-07-20 16:50:23,973 [INFO] Got command from the client 'session,2022-07-20_16-39-26,start,testing'
ptd-server 2022-07-20 16:50:23,973 [INFO] Sending to ptd: 'SR,V,249.960000'
ptd-server 2022-07-20 16:50:25,713 [INFO] Reply from ptd: 'Range V changed'
ptd-server 2022-07-20 16:50:25,713 [INFO] Sending to ptd: 'SR,A,0.085290'
ptd-server 2022-07-20 16:50:27,215 [INFO] Reply from ptd: 'Range A changed'
ptd-server 2022-07-20 16:50:37,225 [INFO] Starting testing mode
ptd-server 2022-07-20 16:50:37,225 [INFO] Sending to ptd: 'Go,1000,0,2022-07-20_16-39-26_testing'
ptd-server 2022-07-20 16:50:37,226 [INFO] Reply from ptd: 'Starting untimed measurement, maximum 500000 samples at 1000ms with 0 rampup samples'
ptd-server 2022-07-20 16:50:37,226 [INFO] Sending reply to client 'OK'
ptd-server 2022-07-20 17:00:55,365 [INFO] Got command from the client 'session,2022-07-20_16-39-26,stop,testing'
ptd-server 2022-07-20 17:01:05,375 [INFO] Sending to ptd: 'Stop'
ptd-server 2022-07-20 17:01:05,376 [INFO] Reply from ptd: 'Stopping untimed measurement'
ptd-server 2022-07-20 17:01:05,515 [INFO] Sending reply to client 'OK'
ptd-server 2022-07-20 17:01:05,537 [INFO] Got command from the client 'session,2022-07-20_16-39-26,done'
ptd-server 2022-07-20 17:01:05,537 [INFO] Sending to ptd: 'Stop'
ptd-server 2022-07-20 17:01:06,226 [INFO] Reply from ptd: 'Error: no measurement to stop'
ptd-server 2022-07-20 17:01:06,226 [INFO] Sending to ptd: 'SR,V,Auto'
ptd-server 2022-07-20 17:01:06,729 [INFO] Reply from ptd: 'Range V changed'
ptd-server 2022-07-20 17:01:06,729 [INFO] Sending to ptd: 'SR,A,0.500000'
ptd-server 2022-07-20 17:01:08,231 [INFO] Reply from ptd: 'Range A changed'
ptd-server 2022-07-20 17:01:08,231 [INFO] Set initial values for Amps 0.500000 and Volts Auto
ptd-server 2022-07-20 17:01:08,231 [INFO] Stopping ptd...
