ptd-server 2022-07-19 02:01:02,361 [INFO] Got command from the client 'time'
ptd-server 2022-07-19 02:01:02,361 [INFO] Sending reply to client '1658192462.361217'
ptd-server 2022-07-19 02:01:02,364 [INFO] Got command from the client 'new,,6fad74a7-8520-4552-bc3f-ae04a7e2910a'
ptd-server 2022-07-19 02:01:02,365 [INFO] Sending reply to client 'OK 2022-07-19_02-01-02,a1efbc0c-41bd-4500-9687-282a4d762a7e'
ptd-server 2022-07-19 02:01:02,403 [INFO] Got command from the client 'time'
ptd-server 2022-07-19 02:01:02,403 [INFO] Sending reply to client '1658192462.4037378'
ptd-server 2022-07-19 02:01:02,407 [INFO] Got command from the client 'session,2022-07-19_02-01-02,start,ranging'
ptd-server 2022-07-19 02:01:02,407 [INFO] Running PTDaemon: ['/home/anton/projects/mlperf/power/inference_v1.0/ptd-linux-x86', '-l', '/tmp/tmp7lgbo8s4/ptd_logfile.txt', '-p', '8888', '49', '/dev/usbtmc0']
ptd-server 2022-07-19 02:01:19,581 [INFO] Sending to ptd: 'Hello'
ptd-server 2022-07-19 02:01:19,581 [INFO] Reply from ptd: 'Hello, PTDaemon here!'
ptd-server 2022-07-19 02:01:19,582 [INFO] Sending to ptd: 'Identify'
ptd-server 2022-07-19 02:01:19,582 [INFO] Reply from ptd: 'YokogawaWT310E,1000,1,1,1,1,0,1,1,version=1.9.2-e8c7a49a-20201208,OS=Linux 5.13.0-52-generic #59~20.04.1-Ubuntu SMP Thu Jun 16 21:21:28 UTC 2022 x86_64,mode=power,1,1,1,0,0,no_cal_date,YOKOGAWA;WT310E;C3XA04010E;F1.04'
ptd-server 2022-07-19 02:01:19,582 [INFO] Connected to PTDaemon
ptd-server 2022-07-19 02:01:19,582 [INFO] Sending to ptd: 'RR'
ptd-server 2022-07-19 02:01:19,583 [INFO] Reply from ptd: 'Ranges,0,0.500000,1,300.000000'
ptd-server 2022-07-19 02:01:19,583 [INFO] Initial range for Amps is 0.500000 for Volts is Auto
ptd-server 2022-07-19 02:01:19,583 [INFO] Sending to ptd: 'SR,V,Auto'
ptd-server 2022-07-19 02:01:20,085 [INFO] Reply from ptd: 'Range V changed'
ptd-server 2022-07-19 02:01:20,085 [INFO] Sending to ptd: 'SR,A,Auto'
ptd-server 2022-07-19 02:01:20,588 [INFO] Reply from ptd: 'Range A changed'
ptd-server 2022-07-19 02:01:30,598 [INFO] Starting ranging mode
ptd-server 2022-07-19 02:01:30,598 [INFO] Sending to ptd: 'Go,1000,0,2022-07-19_02-01-02_ranging'
ptd-server 2022-07-19 02:01:30,599 [INFO] Reply from ptd: 'Starting untimed measurement, maximum 500000 samples at 1000ms with 0 rampup samples'
ptd-server 2022-07-19 02:01:30,599 [INFO] Sending reply to client 'OK'
ptd-server 2022-07-19 02:11:47,890 [INFO] Got command from the client 'session,2022-07-19_02-01-02,stop,ranging'
ptd-server 2022-07-19 02:11:57,901 [INFO] Sending to ptd: 'Stop'
ptd-server 2022-07-19 02:11:57,901 [INFO] Reply from ptd: 'Stopping untimed measurement'
ptd-server 2022-07-19 02:11:57,927 [INFO] Sending reply to client 'OK'
ptd-server 2022-07-19 02:11:58,095 [INFO] Got command from the client 'time'
ptd-server 2022-07-19 02:11:58,096 [INFO] Sending reply to client '1658193118.0960073'
ptd-server 2022-07-19 02:11:58,099 [INFO] Got command from the client 'session,2022-07-19_02-01-02,start,testing'
ptd-server 2022-07-19 02:11:58,099 [INFO] Sending to ptd: 'SR,V,250.930000'
ptd-server 2022-07-19 02:12:00,100 [INFO] Reply from ptd: 'Range V changed'
ptd-server 2022-07-19 02:12:00,101 [INFO] Sending to ptd: 'SR,A,0.076060'
ptd-server 2022-07-19 02:12:01,602 [INFO] Reply from ptd: 'Range A changed'
ptd-server 2022-07-19 02:12:11,612 [INFO] Starting testing mode
ptd-server 2022-07-19 02:12:11,613 [INFO] Sending to ptd: 'Go,1000,0,2022-07-19_02-01-02_testing'
ptd-server 2022-07-19 02:12:11,613 [INFO] Reply from ptd: 'Starting untimed measurement, maximum 500000 samples at 1000ms with 0 rampup samples'
ptd-server 2022-07-19 02:12:11,613 [INFO] Sending reply to client 'OK'
ptd-server 2022-07-19 02:22:28,965 [INFO] Got command from the client 'session,2022-07-19_02-01-02,stop,testing'
ptd-server 2022-07-19 02:22:38,976 [INFO] Sending to ptd: 'Stop'
ptd-server 2022-07-19 02:22:38,976 [INFO] Reply from ptd: 'Stopping untimed measurement'
ptd-server 2022-07-19 02:22:38,990 [INFO] Sending reply to client 'OK'
ptd-server 2022-07-19 02:22:39,047 [INFO] Got command from the client 'session,2022-07-19_02-01-02,done'
ptd-server 2022-07-19 02:22:39,047 [INFO] Sending to ptd: 'Stop'
ptd-server 2022-07-19 02:22:39,614 [INFO] Reply from ptd: 'Error: no measurement to stop'
ptd-server 2022-07-19 02:22:39,614 [INFO] Sending to ptd: 'SR,V,Auto'
ptd-server 2022-07-19 02:22:40,116 [INFO] Reply from ptd: 'Range V changed'
ptd-server 2022-07-19 02:22:40,117 [INFO] Sending to ptd: 'SR,A,0.500000'
ptd-server 2022-07-19 02:22:41,618 [INFO] Reply from ptd: 'Range A changed'
ptd-server 2022-07-19 02:22:41,618 [INFO] Set initial values for Amps 0.500000 and Volts Auto
ptd-server 2022-07-19 02:22:41,618 [INFO] Stopping ptd...
