ptd-server 2022-07-24 03:49:50,088 [INFO] Got command from the client 'time'
ptd-server 2022-07-24 03:49:50,088 [INFO] Sending reply to client '1658630990.0887601'
ptd-server 2022-07-24 03:49:50,090 [INFO] Got command from the client 'new,,a9db43f7-b7a3-4c85-a441-ef0236fdf443'
ptd-server 2022-07-24 03:49:50,090 [INFO] Sending reply to client 'OK 2022-07-24_03-49-50,f6316733-034a-4f2f-9571-c0f528a6885d'
ptd-server 2022-07-24 03:49:50,128 [INFO] Got command from the client 'time'
ptd-server 2022-07-24 03:49:50,128 [INFO] Sending reply to client '1658630990.1286585'
ptd-server 2022-07-24 03:49:50,129 [INFO] Got command from the client 'session,2022-07-24_03-49-50,start,ranging'
ptd-server 2022-07-24 03:49:50,130 [INFO] Running PTDaemon: ['/home/anton/projects/mlperf/power/inference_v1.0/ptd-linux-x86', '-l', '/tmp/tmp7lgbo8s4/ptd_logfile.txt', '-p', '8888', '49', '/dev/usbtmc0']
ptd-server 2022-07-24 03:50:07,305 [INFO] Sending to ptd: 'Hello'
ptd-server 2022-07-24 03:50:07,305 [INFO] Reply from ptd: 'Hello, PTDaemon here!'
ptd-server 2022-07-24 03:50:07,306 [INFO] Sending to ptd: 'Identify'
ptd-server 2022-07-24 03:50:07,306 [INFO] Reply from ptd: 'YokogawaWT310E,1000,1,1,1,1,0,1,1,version=1.9.2-e8c7a49a-20201208,OS=Linux 5.13.0-52-generic #59~20.04.1-Ubuntu SMP Thu Jun 16 21:21:28 UTC 2022 x86_64,mode=power,1,1,1,0,0,no_cal_date,YOKOGAWA;WT310E;C3XA04010E;F1.04'
ptd-server 2022-07-24 03:50:07,306 [INFO] Connected to PTDaemon
ptd-server 2022-07-24 03:50:07,306 [INFO] Sending to ptd: 'RR'
ptd-server 2022-07-24 03:50:07,307 [INFO] Reply from ptd: 'Ranges,0,0.500000,1,300.000000'
ptd-server 2022-07-24 03:50:07,307 [INFO] Initial range for Amps is 0.500000 for Volts is Auto
ptd-server 2022-07-24 03:50:07,307 [INFO] Sending to ptd: 'SR,V,Auto'
ptd-server 2022-07-24 03:50:07,810 [INFO] Reply from ptd: 'Range V changed'
ptd-server 2022-07-24 03:50:07,810 [INFO] Sending to ptd: 'SR,A,Auto'
ptd-server 2022-07-24 03:50:08,312 [INFO] Reply from ptd: 'Range A changed'
ptd-server 2022-07-24 03:50:18,323 [INFO] Starting ranging mode
ptd-server 2022-07-24 03:50:18,323 [INFO] Sending to ptd: 'Go,1000,0,2022-07-24_03-49-50_ranging'
ptd-server 2022-07-24 03:50:18,323 [INFO] Reply from ptd: 'Starting untimed measurement, maximum 500000 samples at 1000ms with 0 rampup samples'
ptd-server 2022-07-24 03:50:18,323 [INFO] Sending reply to client 'OK'
ptd-server 2022-07-24 04:00:37,704 [INFO] Got command from the client 'session,2022-07-24_03-49-50,stop,ranging'
ptd-server 2022-07-24 04:00:47,708 [INFO] Sending to ptd: 'Stop'
ptd-server 2022-07-24 04:00:47,708 [INFO] Reply from ptd: 'Stopping untimed measurement'
ptd-server 2022-07-24 04:00:48,358 [INFO] Sending reply to client 'OK'
ptd-server 2022-07-24 04:00:48,404 [INFO] Got command from the client 'time'
ptd-server 2022-07-24 04:00:48,404 [INFO] Sending reply to client '1658631648.4046824'
ptd-server 2022-07-24 04:00:48,405 [INFO] Got command from the client 'session,2022-07-24_03-49-50,start,testing'
ptd-server 2022-07-24 04:00:48,405 [INFO] Sending to ptd: 'SR,V,252.180000'
ptd-server 2022-07-24 04:00:49,907 [INFO] Reply from ptd: 'Range V changed'
ptd-server 2022-07-24 04:00:49,907 [INFO] Sending to ptd: 'SR,A,0.048880'
ptd-server 2022-07-24 04:00:51,408 [INFO] Reply from ptd: 'Range A changed'
ptd-server 2022-07-24 04:01:01,419 [INFO] Starting testing mode
ptd-server 2022-07-24 04:01:01,419 [INFO] Sending to ptd: 'Go,1000,0,2022-07-24_03-49-50_testing'
ptd-server 2022-07-24 04:01:01,419 [INFO] Reply from ptd: 'Starting untimed measurement, maximum 500000 samples at 1000ms with 0 rampup samples'
ptd-server 2022-07-24 04:01:01,419 [INFO] Sending reply to client 'OK'
ptd-server 2022-07-24 04:11:20,679 [INFO] Got command from the client 'session,2022-07-24_03-49-50,stop,testing'
ptd-server 2022-07-24 04:11:30,689 [INFO] Sending to ptd: 'Stop'
ptd-server 2022-07-24 04:11:30,690 [INFO] Reply from ptd: 'Stopping untimed measurement'
ptd-server 2022-07-24 04:11:31,024 [INFO] Sending reply to client 'OK'
ptd-server 2022-07-24 04:11:31,032 [INFO] Got command from the client 'session,2022-07-24_03-49-50,done'
ptd-server 2022-07-24 04:11:31,032 [INFO] Sending to ptd: 'Stop'
ptd-server 2022-07-24 04:11:31,419 [INFO] Reply from ptd: 'Error: no measurement to stop'
ptd-server 2022-07-24 04:11:31,419 [INFO] Sending to ptd: 'SR,V,Auto'
ptd-server 2022-07-24 04:11:31,922 [INFO] Reply from ptd: 'Range V changed'
ptd-server 2022-07-24 04:11:31,922 [INFO] Sending to ptd: 'SR,A,0.500000'
ptd-server 2022-07-24 04:11:33,423 [INFO] Reply from ptd: 'Range A changed'
ptd-server 2022-07-24 04:11:33,424 [INFO] Set initial values for Amps 0.500000 and Volts Auto
ptd-server 2022-07-24 04:11:33,424 [INFO] Stopping ptd...
