ptd-server 2022-07-31 20:48:09,222 [INFO] Got command from the client 'time'
ptd-server 2022-07-31 20:48:09,223 [INFO] Sending reply to client '1659296889.2231362'
ptd-server 2022-07-31 20:48:09,223 [INFO] Got command from the client 'new,,65670a13-5f74-4ae7-8675-cc615e5b66c2'
ptd-server 2022-07-31 20:48:09,224 [INFO] Sending reply to client 'OK 2022-07-31_20-48-09,87ab335c-e988-472a-aa11-12c775f87ed3'
ptd-server 2022-07-31 20:48:09,253 [INFO] Got command from the client 'time'
ptd-server 2022-07-31 20:48:09,253 [INFO] Sending reply to client '1659296889.253184'
ptd-server 2022-07-31 20:48:09,254 [INFO] Got command from the client 'session,2022-07-31_20-48-09,start,ranging'
ptd-server 2022-07-31 20:48:09,254 [INFO] Running PTDaemon: ['/home/anton/projects/mlperf/power/inference_v1.0/ptd-linux-x86', '-l', '/tmp/tmp7lgbo8s4/ptd_logfile.txt', '-p', '8888', '49', '/dev/usbtmc0']
ptd-server 2022-07-31 20:48:26,428 [INFO] Sending to ptd: 'Hello'
ptd-server 2022-07-31 20:48:26,429 [INFO] Reply from ptd: 'Hello, PTDaemon here!'
ptd-server 2022-07-31 20:48:26,429 [INFO] Sending to ptd: 'Identify'
ptd-server 2022-07-31 20:48:26,429 [INFO] Reply from ptd: 'YokogawaWT310E,1000,1,1,1,1,0,1,1,version=1.9.2-e8c7a49a-20201208,OS=Linux 5.13.0-52-generic #59~20.04.1-Ubuntu SMP Thu Jun 16 21:21:28 UTC 2022 x86_64,mode=power,1,1,1,0,0,no_cal_date,YOKOGAWA;WT310E;C3XA04010E;F1.04'
ptd-server 2022-07-31 20:48:26,429 [INFO] Connected to PTDaemon
ptd-server 2022-07-31 20:48:26,430 [INFO] Sending to ptd: 'RR'
ptd-server 2022-07-31 20:48:26,430 [INFO] Reply from ptd: 'Ranges,0,0.500000,1,300.000000'
ptd-server 2022-07-31 20:48:26,430 [INFO] Initial range for Amps is 0.500000 for Volts is Auto
ptd-server 2022-07-31 20:48:26,430 [INFO] Sending to ptd: 'SR,V,Auto'
ptd-server 2022-07-31 20:48:26,933 [INFO] Reply from ptd: 'Range V changed'
ptd-server 2022-07-31 20:48:26,933 [INFO] Sending to ptd: 'SR,A,Auto'
ptd-server 2022-07-31 20:48:27,435 [INFO] Reply from ptd: 'Range A changed'
ptd-server 2022-07-31 20:48:37,445 [INFO] Starting ranging mode
ptd-server 2022-07-31 20:48:37,446 [INFO] Sending to ptd: 'Go,1000,0,2022-07-31_20-48-09_ranging'
ptd-server 2022-07-31 20:48:37,446 [INFO] Reply from ptd: 'Starting untimed measurement, maximum 500000 samples at 1000ms with 0 rampup samples'
ptd-server 2022-07-31 20:48:37,446 [INFO] Sending reply to client 'OK'
ptd-server 2022-07-31 20:58:51,518 [INFO] Got command from the client 'session,2022-07-31_20-48-09,stop,ranging'
ptd-server 2022-07-31 20:59:01,529 [INFO] Sending to ptd: 'Stop'
ptd-server 2022-07-31 20:59:01,529 [INFO] Reply from ptd: 'Stopping untimed measurement'
ptd-server 2022-07-31 20:59:02,858 [INFO] Sending reply to client 'OK'
ptd-server 2022-07-31 20:59:02,909 [INFO] Got command from the client 'time'
ptd-server 2022-07-31 20:59:02,909 [INFO] Sending reply to client '1659297542.9094708'
ptd-server 2022-07-31 20:59:02,910 [INFO] Got command from the client 'session,2022-07-31_20-48-09,start,testing'
ptd-server 2022-07-31 20:59:02,910 [INFO] Sending to ptd: 'SR,V,250.640000'
ptd-server 2022-07-31 20:59:04,412 [INFO] Reply from ptd: 'Range V changed'
ptd-server 2022-07-31 20:59:04,412 [INFO] Sending to ptd: 'SR,A,0.264960'
ptd-server 2022-07-31 20:59:05,913 [INFO] Reply from ptd: 'Range A changed'
ptd-server 2022-07-31 20:59:15,923 [INFO] Starting testing mode
ptd-server 2022-07-31 20:59:15,924 [INFO] Sending to ptd: 'Go,1000,0,2022-07-31_20-48-09_testing'
ptd-server 2022-07-31 20:59:15,924 [INFO] Reply from ptd: 'Starting untimed measurement, maximum 500000 samples at 1000ms with 0 rampup samples'
ptd-server 2022-07-31 20:59:15,924 [INFO] Sending reply to client 'OK'
ptd-server 2022-07-31 21:09:29,848 [INFO] Got command from the client 'session,2022-07-31_20-48-09,stop,testing'
ptd-server 2022-07-31 21:09:39,859 [INFO] Sending to ptd: 'Stop'
ptd-server 2022-07-31 21:09:39,859 [INFO] Reply from ptd: 'Stopping untimed measurement'
ptd-server 2022-07-31 21:09:40,535 [INFO] Sending reply to client 'OK'
ptd-server 2022-07-31 21:09:40,549 [INFO] Got command from the client 'session,2022-07-31_20-48-09,done'
ptd-server 2022-07-31 21:09:40,549 [INFO] Sending to ptd: 'Stop'
ptd-server 2022-07-31 21:09:40,549 [INFO] Reply from ptd: 'Error: no measurement to stop'
ptd-server 2022-07-31 21:09:40,549 [INFO] Sending to ptd: 'SR,V,Auto'
ptd-server 2022-07-31 21:09:41,052 [INFO] Reply from ptd: 'Range V changed'
ptd-server 2022-07-31 21:09:41,052 [INFO] Sending to ptd: 'SR,A,0.500000'
ptd-server 2022-07-31 21:09:42,554 [INFO] Reply from ptd: 'Range A changed'
ptd-server 2022-07-31 21:09:42,554 [INFO] Set initial values for Amps 0.500000 and Volts Auto
ptd-server 2022-07-31 21:09:42,554 [INFO] Stopping ptd...
