ptd-server 2022-07-22 06:59:57,171 [INFO] Got command from the client 'time'
ptd-server 2022-07-22 06:59:57,171 [INFO] Sending reply to client '1658469597.171873'
ptd-server 2022-07-22 06:59:57,172 [INFO] Got command from the client 'new,,1dda937b-1894-4f98-a6ae-f9b2d70bfd8e'
ptd-server 2022-07-22 06:59:57,173 [INFO] Sending reply to client 'OK 2022-07-22_06-59-57,b44e73b4-fa13-4890-ab72-94db20587b6f'
ptd-server 2022-07-22 06:59:57,211 [INFO] Got command from the client 'time'
ptd-server 2022-07-22 06:59:57,211 [INFO] Sending reply to client '1658469597.2118068'
ptd-server 2022-07-22 06:59:57,213 [INFO] Got command from the client 'session,2022-07-22_06-59-57,start,ranging'
ptd-server 2022-07-22 06:59:57,213 [INFO] Running PTDaemon: ['/home/anton/projects/mlperf/power/inference_v1.0/ptd-linux-x86', '-l', '/tmp/tmp7lgbo8s4/ptd_logfile.txt', '-p', '8888', '49', '/dev/usbtmc0']
ptd-server 2022-07-22 07:00:14,388 [INFO] Sending to ptd: 'Hello'
ptd-server 2022-07-22 07:00:14,388 [INFO] Reply from ptd: 'Hello, PTDaemon here!'
ptd-server 2022-07-22 07:00:14,389 [INFO] Sending to ptd: 'Identify'
ptd-server 2022-07-22 07:00:14,389 [INFO] Reply from ptd: 'YokogawaWT310E,1000,1,1,1,1,0,1,1,version=1.9.2-e8c7a49a-20201208,OS=Linux 5.13.0-52-generic #59~20.04.1-Ubuntu SMP Thu Jun 16 21:21:28 UTC 2022 x86_64,mode=power,1,1,1,0,0,no_cal_date,YOKOGAWA;WT310E;C3XA04010E;F1.04'
ptd-server 2022-07-22 07:00:14,389 [INFO] Connected to PTDaemon
ptd-server 2022-07-22 07:00:14,389 [INFO] Sending to ptd: 'RR'
ptd-server 2022-07-22 07:00:14,390 [INFO] Reply from ptd: 'Ranges,0,0.500000,1,300.000000'
ptd-server 2022-07-22 07:00:14,390 [INFO] Initial range for Amps is 0.500000 for Volts is Auto
ptd-server 2022-07-22 07:00:14,390 [INFO] Sending to ptd: 'SR,V,Auto'
ptd-server 2022-07-22 07:00:14,892 [INFO] Reply from ptd: 'Range V changed'
ptd-server 2022-07-22 07:00:14,893 [INFO] Sending to ptd: 'SR,A,Auto'
ptd-server 2022-07-22 07:00:15,395 [INFO] Reply from ptd: 'Range A changed'
ptd-server 2022-07-22 07:00:25,405 [INFO] Starting ranging mode
ptd-server 2022-07-22 07:00:25,405 [INFO] Sending to ptd: 'Go,1000,0,2022-07-22_06-59-57_ranging'
ptd-server 2022-07-22 07:00:25,406 [INFO] Reply from ptd: 'Starting untimed measurement, maximum 500000 samples at 1000ms with 0 rampup samples'
ptd-server 2022-07-22 07:00:25,406 [INFO] Sending reply to client 'OK'
ptd-server 2022-07-22 07:10:47,862 [INFO] Got command from the client 'session,2022-07-22_06-59-57,stop,ranging'
ptd-server 2022-07-22 07:10:57,873 [INFO] Sending to ptd: 'Stop'
ptd-server 2022-07-22 07:10:57,873 [INFO] Reply from ptd: 'Stopping untimed measurement'
ptd-server 2022-07-22 07:10:58,294 [INFO] Sending reply to client 'OK'
ptd-server 2022-07-22 07:10:58,338 [INFO] Got command from the client 'time'
ptd-server 2022-07-22 07:10:58,338 [INFO] Sending reply to client '1658470258.3389285'
ptd-server 2022-07-22 07:10:58,339 [INFO] Got command from the client 'session,2022-07-22_06-59-57,start,testing'
ptd-server 2022-07-22 07:10:58,340 [INFO] Sending to ptd: 'SR,V,250.680000'
ptd-server 2022-07-22 07:10:59,908 [INFO] Reply from ptd: 'Range V changed'
ptd-server 2022-07-22 07:10:59,908 [INFO] Sending to ptd: 'SR,A,0.071080'
ptd-server 2022-07-22 07:11:01,409 [INFO] Reply from ptd: 'Range A changed'
ptd-server 2022-07-22 07:11:11,420 [INFO] Starting testing mode
ptd-server 2022-07-22 07:11:11,420 [INFO] Sending to ptd: 'Go,1000,0,2022-07-22_06-59-57_testing'
ptd-server 2022-07-22 07:11:11,420 [INFO] Reply from ptd: 'Starting untimed measurement, maximum 500000 samples at 1000ms with 0 rampup samples'
ptd-server 2022-07-22 07:11:11,420 [INFO] Sending reply to client 'OK'
ptd-server 2022-07-22 07:21:32,347 [INFO] Got command from the client 'session,2022-07-22_06-59-57,stop,testing'
ptd-server 2022-07-22 07:21:42,357 [INFO] Sending to ptd: 'Stop'
ptd-server 2022-07-22 07:21:42,358 [INFO] Reply from ptd: 'Stopping untimed measurement'
ptd-server 2022-07-22 07:21:42,581 [INFO] Sending reply to client 'OK'
ptd-server 2022-07-22 07:21:42,589 [INFO] Got command from the client 'session,2022-07-22_06-59-57,done'
ptd-server 2022-07-22 07:21:42,589 [INFO] Sending to ptd: 'Stop'
ptd-server 2022-07-22 07:21:42,590 [INFO] Reply from ptd: 'Error: no measurement to stop'
ptd-server 2022-07-22 07:21:42,590 [INFO] Sending to ptd: 'SR,V,Auto'
ptd-server 2022-07-22 07:21:43,092 [INFO] Reply from ptd: 'Range V changed'
ptd-server 2022-07-22 07:21:43,092 [INFO] Sending to ptd: 'SR,A,0.500000'
ptd-server 2022-07-22 07:21:44,594 [INFO] Reply from ptd: 'Range A changed'
ptd-server 2022-07-22 07:21:44,594 [INFO] Set initial values for Amps 0.500000 and Volts Auto
ptd-server 2022-07-22 07:21:44,594 [INFO] Stopping ptd...
