ptd-server 2022-08-01 06:49:44,409 [INFO] Got command from the client 'time'
ptd-server 2022-08-01 06:49:44,409 [INFO] Sending reply to client '1659332984.4097278'
ptd-server 2022-08-01 06:49:44,410 [INFO] Got command from the client 'new,,56e3c0b8-ac36-40e2-b65c-12650e5c26d3'
ptd-server 2022-08-01 06:49:44,411 [INFO] Sending reply to client 'OK 2022-08-01_06-49-44,086cf89f-249b-45fb-abd9-552f6d23cb2f'
ptd-server 2022-08-01 06:49:44,444 [INFO] Got command from the client 'time'
ptd-server 2022-08-01 06:49:44,444 [INFO] Sending reply to client '1659332984.444292'
ptd-server 2022-08-01 06:49:44,445 [INFO] Got command from the client 'session,2022-08-01_06-49-44,start,ranging'
ptd-server 2022-08-01 06:49:44,445 [INFO] Running PTDaemon: ['/home/anton/projects/mlperf/power/inference_v1.0/ptd-linux-x86', '-l', '/tmp/tmp7lgbo8s4/ptd_logfile.txt', '-p', '8888', '49', '/dev/usbtmc0']
ptd-server 2022-08-01 06:50:01,618 [INFO] Sending to ptd: 'Hello'
ptd-server 2022-08-01 06:50:01,619 [INFO] Reply from ptd: 'Hello, PTDaemon here!'
ptd-server 2022-08-01 06:50:01,619 [INFO] Sending to ptd: 'Identify'
ptd-server 2022-08-01 06:50:01,619 [INFO] Reply from ptd: 'YokogawaWT310E,1000,1,1,1,1,0,1,1,version=1.9.2-e8c7a49a-20201208,OS=Linux 5.13.0-52-generic #59~20.04.1-Ubuntu SMP Thu Jun 16 21:21:28 UTC 2022 x86_64,mode=power,1,1,1,0,0,no_cal_date,YOKOGAWA;WT310E;C3XA04010E;F1.04'
ptd-server 2022-08-01 06:50:01,619 [INFO] Connected to PTDaemon
ptd-server 2022-08-01 06:50:01,620 [INFO] Sending to ptd: 'RR'
ptd-server 2022-08-01 06:50:01,620 [INFO] Reply from ptd: 'Ranges,0,0.500000,1,300.000000'
ptd-server 2022-08-01 06:50:01,620 [INFO] Initial range for Amps is 0.500000 for Volts is Auto
ptd-server 2022-08-01 06:50:01,620 [INFO] Sending to ptd: 'SR,V,Auto'
ptd-server 2022-08-01 06:50:02,123 [INFO] Reply from ptd: 'Range V changed'
ptd-server 2022-08-01 06:50:02,123 [INFO] Sending to ptd: 'SR,A,Auto'
ptd-server 2022-08-01 06:50:02,625 [INFO] Reply from ptd: 'Range A changed'
ptd-server 2022-08-01 06:50:12,628 [INFO] Starting ranging mode
ptd-server 2022-08-01 06:50:12,628 [INFO] Sending to ptd: 'Go,1000,0,2022-08-01_06-49-44_ranging'
ptd-server 2022-08-01 06:50:12,628 [INFO] Reply from ptd: 'Starting untimed measurement, maximum 500000 samples at 1000ms with 0 rampup samples'
ptd-server 2022-08-01 06:50:12,628 [INFO] Sending reply to client 'OK'
ptd-server 2022-08-01 07:00:30,774 [INFO] Got command from the client 'session,2022-08-01_06-49-44,stop,ranging'
ptd-server 2022-08-01 07:00:40,784 [INFO] Sending to ptd: 'Stop'
ptd-server 2022-08-01 07:00:40,785 [INFO] Reply from ptd: 'Stopping untimed measurement'
ptd-server 2022-08-01 07:00:42,154 [INFO] Sending reply to client 'OK'
ptd-server 2022-08-01 07:00:42,215 [INFO] Got command from the client 'time'
ptd-server 2022-08-01 07:00:42,215 [INFO] Sending reply to client '1659333642.2158272'
ptd-server 2022-08-01 07:00:42,217 [INFO] Got command from the client 'session,2022-08-01_06-49-44,start,testing'
ptd-server 2022-08-01 07:00:42,217 [INFO] Sending to ptd: 'SR,V,250.810000'
ptd-server 2022-08-01 07:00:43,718 [INFO] Reply from ptd: 'Range V changed'
ptd-server 2022-08-01 07:00:43,718 [INFO] Sending to ptd: 'SR,A,0.271590'
ptd-server 2022-08-01 07:00:45,220 [INFO] Reply from ptd: 'Range A changed'
ptd-server 2022-08-01 07:00:55,230 [INFO] Starting testing mode
ptd-server 2022-08-01 07:00:55,230 [INFO] Sending to ptd: 'Go,1000,0,2022-08-01_06-49-44_testing'
ptd-server 2022-08-01 07:00:55,231 [INFO] Reply from ptd: 'Starting untimed measurement, maximum 500000 samples at 1000ms with 0 rampup samples'
ptd-server 2022-08-01 07:00:55,231 [INFO] Sending reply to client 'OK'
ptd-server 2022-08-01 07:11:09,166 [INFO] Got command from the client 'session,2022-08-01_06-49-44,stop,testing'
ptd-server 2022-08-01 07:11:19,177 [INFO] Sending to ptd: 'Stop'
ptd-server 2022-08-01 07:11:19,177 [INFO] Reply from ptd: 'Stopping untimed measurement'
ptd-server 2022-08-01 07:11:19,869 [INFO] Sending reply to client 'OK'
ptd-server 2022-08-01 07:11:19,881 [INFO] Got command from the client 'session,2022-08-01_06-49-44,done'
ptd-server 2022-08-01 07:11:19,881 [INFO] Sending to ptd: 'Stop'
ptd-server 2022-08-01 07:11:19,881 [INFO] Reply from ptd: 'Error: no measurement to stop'
ptd-server 2022-08-01 07:11:19,881 [INFO] Sending to ptd: 'SR,V,Auto'
ptd-server 2022-08-01 07:11:20,384 [INFO] Reply from ptd: 'Range V changed'
ptd-server 2022-08-01 07:11:20,384 [INFO] Sending to ptd: 'SR,A,0.500000'
ptd-server 2022-08-01 07:11:21,885 [INFO] Reply from ptd: 'Range A changed'
ptd-server 2022-08-01 07:11:21,885 [INFO] Set initial values for Amps 0.500000 and Volts Auto
ptd-server 2022-08-01 07:11:21,886 [INFO] Stopping ptd...
