ptd-server 2022-07-20 19:24:02,050 [INFO] Got command from the client 'time'
ptd-server 2022-07-20 19:24:02,050 [INFO] Sending reply to client '1658341442.0505369'
ptd-server 2022-07-20 19:24:02,054 [INFO] Got command from the client 'new,,e8064937-b71d-413f-952a-2fd371f90236'
ptd-server 2022-07-20 19:24:02,055 [INFO] Sending reply to client 'OK 2022-07-20_19-24-02,8660fb3b-0397-4132-b610-482ec285b686'
ptd-server 2022-07-20 19:24:02,096 [INFO] Got command from the client 'time'
ptd-server 2022-07-20 19:24:02,096 [INFO] Sending reply to client '1658341442.0961971'
ptd-server 2022-07-20 19:24:02,101 [INFO] Got command from the client 'session,2022-07-20_19-24-02,start,ranging'
ptd-server 2022-07-20 19:24:02,102 [INFO] Running PTDaemon: ['/home/anton/projects/mlperf/power/inference_v1.0/ptd-linux-x86', '-l', '/tmp/tmp7lgbo8s4/ptd_logfile.txt', '-p', '8888', '49', '/dev/usbtmc0']
ptd-server 2022-07-20 19:24:19,275 [INFO] Sending to ptd: 'Hello'
ptd-server 2022-07-20 19:24:19,275 [INFO] Reply from ptd: 'Hello, PTDaemon here!'
ptd-server 2022-07-20 19:24:19,276 [INFO] Sending to ptd: 'Identify'
ptd-server 2022-07-20 19:24:19,276 [INFO] Reply from ptd: 'YokogawaWT310E,1000,1,1,1,1,0,1,1,version=1.9.2-e8c7a49a-20201208,OS=Linux 5.13.0-52-generic #59~20.04.1-Ubuntu SMP Thu Jun 16 21:21:28 UTC 2022 x86_64,mode=power,1,1,1,0,0,no_cal_date,YOKOGAWA;WT310E;C3XA04010E;F1.04'
ptd-server 2022-07-20 19:24:19,276 [INFO] Connected to PTDaemon
ptd-server 2022-07-20 19:24:19,276 [INFO] Sending to ptd: 'RR'
ptd-server 2022-07-20 19:24:19,276 [INFO] Reply from ptd: 'Ranges,0,0.500000,1,300.000000'
ptd-server 2022-07-20 19:24:19,276 [INFO] Initial range for Amps is 0.500000 for Volts is Auto
ptd-server 2022-07-20 19:24:19,277 [INFO] Sending to ptd: 'SR,V,Auto'
ptd-server 2022-07-20 19:24:19,779 [INFO] Reply from ptd: 'Range V changed'
ptd-server 2022-07-20 19:24:19,779 [INFO] Sending to ptd: 'SR,A,Auto'
ptd-server 2022-07-20 19:24:20,282 [INFO] Reply from ptd: 'Range A changed'
ptd-server 2022-07-20 19:24:30,292 [INFO] Starting ranging mode
ptd-server 2022-07-20 19:24:30,292 [INFO] Sending to ptd: 'Go,1000,0,2022-07-20_19-24-02_ranging'
ptd-server 2022-07-20 19:24:30,293 [INFO] Reply from ptd: 'Starting untimed measurement, maximum 500000 samples at 1000ms with 0 rampup samples'
ptd-server 2022-07-20 19:24:30,293 [INFO] Sending reply to client 'OK'
ptd-server 2022-07-20 19:34:48,934 [INFO] Got command from the client 'session,2022-07-20_19-24-02,stop,ranging'
ptd-server 2022-07-20 19:34:58,944 [INFO] Sending to ptd: 'Stop'
ptd-server 2022-07-20 19:34:58,945 [INFO] Reply from ptd: 'Stopping untimed measurement'
ptd-server 2022-07-20 19:34:59,196 [INFO] Sending reply to client 'OK'
ptd-server 2022-07-20 19:34:59,358 [INFO] Got command from the client 'time'
ptd-server 2022-07-20 19:34:59,358 [INFO] Sending reply to client '1658342099.3585382'
ptd-server 2022-07-20 19:34:59,362 [INFO] Got command from the client 'session,2022-07-20_19-24-02,start,testing'
ptd-server 2022-07-20 19:34:59,363 [INFO] Sending to ptd: 'SR,V,249.650000'
ptd-server 2022-07-20 19:35:00,864 [INFO] Reply from ptd: 'Range V changed'
ptd-server 2022-07-20 19:35:00,864 [INFO] Sending to ptd: 'SR,A,0.084040'
ptd-server 2022-07-20 19:35:02,365 [INFO] Reply from ptd: 'Range A changed'
ptd-server 2022-07-20 19:35:12,376 [INFO] Starting testing mode
ptd-server 2022-07-20 19:35:12,376 [INFO] Sending to ptd: 'Go,1000,0,2022-07-20_19-24-02_testing'
ptd-server 2022-07-20 19:35:12,376 [INFO] Reply from ptd: 'Starting untimed measurement, maximum 500000 samples at 1000ms with 0 rampup samples'
ptd-server 2022-07-20 19:35:12,376 [INFO] Sending reply to client 'OK'
ptd-server 2022-07-20 19:45:30,450 [INFO] Got command from the client 'session,2022-07-20_19-24-02,stop,testing'
ptd-server 2022-07-20 19:45:40,460 [INFO] Sending to ptd: 'Stop'
ptd-server 2022-07-20 19:45:40,461 [INFO] Reply from ptd: 'Stopping untimed measurement'
ptd-server 2022-07-20 19:45:40,602 [INFO] Sending reply to client 'OK'
ptd-server 2022-07-20 19:45:40,624 [INFO] Got command from the client 'session,2022-07-20_19-24-02,done'
ptd-server 2022-07-20 19:45:40,624 [INFO] Sending to ptd: 'Stop'
ptd-server 2022-07-20 19:45:41,377 [INFO] Reply from ptd: 'Error: no measurement to stop'
ptd-server 2022-07-20 19:45:41,377 [INFO] Sending to ptd: 'SR,V,Auto'
ptd-server 2022-07-20 19:45:41,879 [INFO] Reply from ptd: 'Range V changed'
ptd-server 2022-07-20 19:45:41,880 [INFO] Sending to ptd: 'SR,A,0.500000'
ptd-server 2022-07-20 19:45:43,381 [INFO] Reply from ptd: 'Range A changed'
ptd-server 2022-07-20 19:45:43,381 [INFO] Set initial values for Amps 0.500000 and Volts Auto
ptd-server 2022-07-20 19:45:43,381 [INFO] Stopping ptd...
