ptd-server 2022-08-02 18:38:43,233 [INFO] Got command from the client 'time'
ptd-server 2022-08-02 18:38:43,233 [INFO] Sending reply to client '1659483523.233535'
ptd-server 2022-08-02 18:38:43,235 [INFO] Got command from the client 'new,,918dba79-ac48-41e3-a910-c614cb86adb1'
ptd-server 2022-08-02 18:38:43,236 [INFO] Sending reply to client 'OK 2022-08-02_18-38-43,b9f3a023-08cb-4f2d-8c4e-4f68679c2652'
ptd-server 2022-08-02 18:38:43,400 [INFO] Got command from the client 'time'
ptd-server 2022-08-02 18:38:43,400 [INFO] Sending reply to client '1659483523.400483'
ptd-server 2022-08-02 18:38:43,402 [INFO] Got command from the client 'session,2022-08-02_18-38-43,start,ranging'
ptd-server 2022-08-02 18:38:43,402 [INFO] Running PTDaemon: ['/local/mnt/workspace/mlcommons/power-main/inference_v1.0/ptd-linux-x86', '-l', '/tmp/tmp9557c5cm/ptd_logfile.txt', '-p', '8888', '-c', '3', '52', '/dev/usbtmc0']
ptd-server 2022-08-02 18:39:00,521 [INFO] Sending to ptd: 'Hello'
ptd-server 2022-08-02 18:39:00,522 [INFO] Reply from ptd: 'Hello, PTDaemon here!'
ptd-server 2022-08-02 18:39:00,523 [INFO] Sending to ptd: 'Identify'
ptd-server 2022-08-02 18:39:00,523 [INFO] Reply from ptd: 'YokogawaWT330,1000,1,1,1,1,0,0,1,version=1.9.2-e8c7a49a-20201208,OS=Linux 5.4.0-120-generic #136~18.04.1-Ubuntu SMP Fri Jun 10 18:00:44 UTC 2022 x86_64,mode=power,1,1,1,0,0,no_cal_date,YOKOGAWA;WT333;C2QH26002V;F1.06'
ptd-server 2022-08-02 18:39:00,523 [INFO] Connected to PTDaemon
ptd-server 2022-08-02 18:39:00,523 [INFO] Sending to ptd: 'RR'
ptd-server 2022-08-02 18:39:00,524 [INFO] Reply from ptd: 'Ranges,1,0.500000,1,150.000000'
ptd-server 2022-08-02 18:39:00,524 [INFO] Initial range for Amps is Auto for Volts is Auto
ptd-server 2022-08-02 18:39:00,524 [INFO] Sending to ptd: 'SR,V,Auto'
ptd-server 2022-08-02 18:39:01,027 [INFO] Reply from ptd: 'Range V changed'
ptd-server 2022-08-02 18:39:01,027 [INFO] Sending to ptd: 'SR,A,Auto'
ptd-server 2022-08-02 18:39:01,531 [INFO] Reply from ptd: 'Range A changed'
ptd-server 2022-08-02 18:39:11,538 [INFO] Starting ranging mode
ptd-server 2022-08-02 18:39:11,538 [INFO] Sending to ptd: 'Go,1000,0,2022-08-02_18-38-43_ranging'
ptd-server 2022-08-02 18:39:11,539 [INFO] Reply from ptd: 'Starting untimed measurement, maximum 500000 samples at 1000ms with 0 rampup samples'
ptd-server 2022-08-02 18:39:11,539 [INFO] Sending reply to client 'OK'
ptd-server 2022-08-02 18:50:46,693 [INFO] Got command from the client 'session,2022-08-02_18-38-43,stop,ranging'
ptd-server 2022-08-02 18:50:56,703 [INFO] Sending to ptd: 'Stop'
ptd-server 2022-08-02 18:50:56,704 [INFO] Reply from ptd: 'Stopping untimed measurement'
ptd-server 2022-08-02 18:50:56,714 [INFO] Sending reply to client 'OK'
ptd-server 2022-08-02 18:50:56,928 [INFO] Got command from the client 'time'
ptd-server 2022-08-02 18:50:56,928 [INFO] Sending reply to client '1659484256.9288049'
ptd-server 2022-08-02 18:50:56,931 [INFO] Got command from the client 'session,2022-08-02_18-38-43,start,testing'
ptd-server 2022-08-02 18:50:56,932 [INFO] Sending to ptd: 'SR,V,119.600000'
ptd-server 2022-08-02 18:50:59,042 [INFO] Reply from ptd: 'Range V changed'
ptd-server 2022-08-02 18:50:59,042 [INFO] Sending to ptd: 'SR,A,0.452800'
ptd-server 2022-08-02 18:51:00,544 [INFO] Reply from ptd: 'Range A changed'
ptd-server 2022-08-02 18:51:10,555 [INFO] Starting testing mode
ptd-server 2022-08-02 18:51:10,555 [INFO] Sending to ptd: 'Go,1000,0,2022-08-02_18-38-43_testing'
ptd-server 2022-08-02 18:51:10,556 [INFO] Reply from ptd: 'Starting untimed measurement, maximum 500000 samples at 1000ms with 0 rampup samples'
ptd-server 2022-08-02 18:51:10,556 [INFO] Sending reply to client 'OK'
ptd-server 2022-08-02 19:02:42,379 [INFO] Got command from the client 'session,2022-08-02_18-38-43,stop,testing'
ptd-server 2022-08-02 19:02:52,389 [INFO] Sending to ptd: 'Stop'
ptd-server 2022-08-02 19:02:52,390 [INFO] Reply from ptd: 'Stopping untimed measurement'
ptd-server 2022-08-02 19:02:52,394 [INFO] Sending reply to client 'OK'
ptd-server 2022-08-02 19:02:52,419 [INFO] Got command from the client 'session,2022-08-02_18-38-43,done'
ptd-server 2022-08-02 19:02:52,419 [INFO] Sending to ptd: 'Stop'
ptd-server 2022-08-02 19:02:52,557 [INFO] Reply from ptd: 'Error: no measurement to stop'
ptd-server 2022-08-02 19:02:52,557 [INFO] Sending to ptd: 'SR,V,Auto'
ptd-server 2022-08-02 19:02:53,060 [INFO] Reply from ptd: 'Range V changed'
ptd-server 2022-08-02 19:02:53,061 [INFO] Sending to ptd: 'SR,A,Auto'
ptd-server 2022-08-02 19:02:53,564 [INFO] Reply from ptd: 'Range A changed'
ptd-server 2022-08-02 19:02:53,564 [INFO] Set initial values for Amps Auto and Volts Auto
ptd-server 2022-08-02 19:02:53,564 [INFO] Stopping ptd...
