ptd-server 2022-07-28 23:23:48,230 [INFO] Got command from the client 'time'
ptd-server 2022-07-28 23:23:48,230 [INFO] Sending reply to client '1659047028.2307742'
ptd-server 2022-07-28 23:23:48,234 [INFO] Got command from the client 'new,,09671e99-069b-4c5f-8860-30e19b7d393e'
ptd-server 2022-07-28 23:23:48,235 [INFO] Sending reply to client 'OK 2022-07-28_23-23-48,db04745b-a0da-4b78-b5f5-808a3fed6b52'
ptd-server 2022-07-28 23:23:48,270 [INFO] Got command from the client 'time'
ptd-server 2022-07-28 23:23:48,270 [INFO] Sending reply to client '1659047028.2702777'
ptd-server 2022-07-28 23:23:48,274 [INFO] Got command from the client 'session,2022-07-28_23-23-48,start,ranging'
ptd-server 2022-07-28 23:23:48,274 [INFO] Running PTDaemon: ['/home/anton/projects/mlperf/power/inference_v1.0/ptd-linux-x86', '-l', '/tmp/tmp7lgbo8s4/ptd_logfile.txt', '-p', '8888', '49', '/dev/usbtmc0']
ptd-server 2022-07-28 23:24:05,449 [INFO] Sending to ptd: 'Hello'
ptd-server 2022-07-28 23:24:05,450 [INFO] Reply from ptd: 'Hello, PTDaemon here!'
ptd-server 2022-07-28 23:24:05,450 [INFO] Sending to ptd: 'Identify'
ptd-server 2022-07-28 23:24:05,450 [INFO] Reply from ptd: 'YokogawaWT310E,1000,1,1,1,1,0,1,1,version=1.9.2-e8c7a49a-20201208,OS=Linux 5.13.0-52-generic #59~20.04.1-Ubuntu SMP Thu Jun 16 21:21:28 UTC 2022 x86_64,mode=power,1,1,1,0,0,no_cal_date,YOKOGAWA;WT310E;C3XA04010E;F1.04'
ptd-server 2022-07-28 23:24:05,450 [INFO] Connected to PTDaemon
ptd-server 2022-07-28 23:24:05,450 [INFO] Sending to ptd: 'RR'
ptd-server 2022-07-28 23:24:05,451 [INFO] Reply from ptd: 'Ranges,0,0.500000,1,300.000000'
ptd-server 2022-07-28 23:24:05,451 [INFO] Initial range for Amps is 0.500000 for Volts is Auto
ptd-server 2022-07-28 23:24:05,451 [INFO] Sending to ptd: 'SR,V,Auto'
ptd-server 2022-07-28 23:24:05,953 [INFO] Reply from ptd: 'Range V changed'
ptd-server 2022-07-28 23:24:05,954 [INFO] Sending to ptd: 'SR,A,Auto'
ptd-server 2022-07-28 23:24:06,456 [INFO] Reply from ptd: 'Range A changed'
ptd-server 2022-07-28 23:24:16,462 [INFO] Starting ranging mode
ptd-server 2022-07-28 23:24:16,462 [INFO] Sending to ptd: 'Go,1000,0,2022-07-28_23-23-48_ranging'
ptd-server 2022-07-28 23:24:16,463 [INFO] Reply from ptd: 'Starting untimed measurement, maximum 500000 samples at 1000ms with 0 rampup samples'
ptd-server 2022-07-28 23:24:16,463 [INFO] Sending reply to client 'OK'
ptd-server 2022-07-28 23:34:48,800 [INFO] Got command from the client 'session,2022-07-28_23-23-48,stop,ranging'
ptd-server 2022-07-28 23:34:58,811 [INFO] Sending to ptd: 'Stop'
ptd-server 2022-07-28 23:34:58,811 [INFO] Reply from ptd: 'Stopping untimed measurement'
ptd-server 2022-07-28 23:34:59,930 [INFO] Sending reply to client 'OK'
ptd-server 2022-07-28 23:35:00,003 [INFO] Got command from the client 'time'
ptd-server 2022-07-28 23:35:00,003 [INFO] Sending reply to client '1659047700.0033257'
ptd-server 2022-07-28 23:35:00,009 [INFO] Got command from the client 'session,2022-07-28_23-23-48,start,testing'
ptd-server 2022-07-28 23:35:00,009 [INFO] Sending to ptd: 'SR,V,249.440000'
ptd-server 2022-07-28 23:35:01,510 [INFO] Reply from ptd: 'Range V changed'
ptd-server 2022-07-28 23:35:01,511 [INFO] Sending to ptd: 'SR,A,0.053520'
ptd-server 2022-07-28 23:35:03,012 [INFO] Reply from ptd: 'Range A changed'
ptd-server 2022-07-28 23:35:13,022 [INFO] Starting testing mode
ptd-server 2022-07-28 23:35:13,022 [INFO] Sending to ptd: 'Go,1000,0,2022-07-28_23-23-48_testing'
ptd-server 2022-07-28 23:35:13,023 [INFO] Reply from ptd: 'Starting untimed measurement, maximum 500000 samples at 1000ms with 0 rampup samples'
ptd-server 2022-07-28 23:35:13,023 [INFO] Sending reply to client 'OK'
ptd-server 2022-07-28 23:45:45,342 [INFO] Got command from the client 'session,2022-07-28_23-23-48,stop,testing'
ptd-server 2022-07-28 23:45:55,351 [INFO] Sending to ptd: 'Stop'
ptd-server 2022-07-28 23:45:55,351 [INFO] Reply from ptd: 'Stopping untimed measurement'
ptd-server 2022-07-28 23:45:55,927 [INFO] Sending reply to client 'OK'
ptd-server 2022-07-28 23:45:55,948 [INFO] Got command from the client 'session,2022-07-28_23-23-48,done'
ptd-server 2022-07-28 23:45:55,948 [INFO] Sending to ptd: 'Stop'
ptd-server 2022-07-28 23:45:56,023 [INFO] Reply from ptd: 'Error: no measurement to stop'
ptd-server 2022-07-28 23:45:56,024 [INFO] Sending to ptd: 'SR,V,Auto'
ptd-server 2022-07-28 23:45:56,526 [INFO] Reply from ptd: 'Range V changed'
ptd-server 2022-07-28 23:45:56,526 [INFO] Sending to ptd: 'SR,A,0.500000'
ptd-server 2022-07-28 23:45:58,028 [INFO] Reply from ptd: 'Range A changed'
ptd-server 2022-07-28 23:45:58,028 [INFO] Set initial values for Amps 0.500000 and Volts Auto
ptd-server 2022-07-28 23:45:58,028 [INFO] Stopping ptd...
