ptd-server 2022-08-01 21:50:07,394 [INFO] Got command from the client 'time'
ptd-server 2022-08-01 21:50:07,394 [INFO] Sending reply to client '1659387007.3944616'
ptd-server 2022-08-01 21:50:07,395 [INFO] Got command from the client 'new,,05c36d72-bd6b-46c1-a40c-cf08f8f41387'
ptd-server 2022-08-01 21:50:07,396 [INFO] Sending reply to client 'OK 2022-08-01_21-50-07,9a047e14-3b81-4584-99ab-61738ff6cc3a'
ptd-server 2022-08-01 21:50:07,434 [INFO] Got command from the client 'time'
ptd-server 2022-08-01 21:50:07,434 [INFO] Sending reply to client '1659387007.434418'
ptd-server 2022-08-01 21:50:07,435 [INFO] Got command from the client 'session,2022-08-01_21-50-07,start,ranging'
ptd-server 2022-08-01 21:50:07,435 [INFO] Running PTDaemon: ['/home/anton/projects/mlperf/power/inference_v1.0/ptd-linux-x86', '-l', '/tmp/tmp7lgbo8s4/ptd_logfile.txt', '-p', '8888', '49', '/dev/usbtmc0']
ptd-server 2022-08-01 21:50:24,610 [INFO] Sending to ptd: 'Hello'
ptd-server 2022-08-01 21:50:24,611 [INFO] Reply from ptd: 'Hello, PTDaemon here!'
ptd-server 2022-08-01 21:50:24,611 [INFO] Sending to ptd: 'Identify'
ptd-server 2022-08-01 21:50:24,611 [INFO] Reply from ptd: 'YokogawaWT310E,1000,1,1,1,1,0,1,1,version=1.9.2-e8c7a49a-20201208,OS=Linux 5.13.0-52-generic #59~20.04.1-Ubuntu SMP Thu Jun 16 21:21:28 UTC 2022 x86_64,mode=power,1,1,1,0,0,no_cal_date,YOKOGAWA;WT310E;C3XA04010E;F1.04'
ptd-server 2022-08-01 21:50:24,611 [INFO] Connected to PTDaemon
ptd-server 2022-08-01 21:50:24,611 [INFO] Sending to ptd: 'RR'
ptd-server 2022-08-01 21:50:24,612 [INFO] Reply from ptd: 'Ranges,0,0.500000,1,300.000000'
ptd-server 2022-08-01 21:50:24,612 [INFO] Initial range for Amps is 0.500000 for Volts is Auto
ptd-server 2022-08-01 21:50:24,612 [INFO] Sending to ptd: 'SR,V,Auto'
ptd-server 2022-08-01 21:50:25,114 [INFO] Reply from ptd: 'Range V changed'
ptd-server 2022-08-01 21:50:25,115 [INFO] Sending to ptd: 'SR,A,Auto'
ptd-server 2022-08-01 21:50:25,617 [INFO] Reply from ptd: 'Range A changed'
ptd-server 2022-08-01 21:50:35,627 [INFO] Starting ranging mode
ptd-server 2022-08-01 21:50:35,628 [INFO] Sending to ptd: 'Go,1000,0,2022-08-01_21-50-07_ranging'
ptd-server 2022-08-01 21:50:35,628 [INFO] Reply from ptd: 'Starting untimed measurement, maximum 500000 samples at 1000ms with 0 rampup samples'
ptd-server 2022-08-01 21:50:35,628 [INFO] Sending reply to client 'OK'
ptd-server 2022-08-01 22:00:47,133 [INFO] Got command from the client 'session,2022-08-01_21-50-07,stop,ranging'
ptd-server 2022-08-01 22:00:57,144 [INFO] Sending to ptd: 'Stop'
ptd-server 2022-08-01 22:00:57,144 [INFO] Reply from ptd: 'Stopping untimed measurement'
ptd-server 2022-08-01 22:00:58,589 [INFO] Sending reply to client 'OK'
ptd-server 2022-08-01 22:00:58,639 [INFO] Got command from the client 'time'
ptd-server 2022-08-01 22:00:58,639 [INFO] Sending reply to client '1659387658.6398602'
ptd-server 2022-08-01 22:00:58,641 [INFO] Got command from the client 'session,2022-08-01_21-50-07,start,testing'
ptd-server 2022-08-01 22:00:58,641 [INFO] Sending to ptd: 'SR,V,249.430000'
ptd-server 2022-08-01 22:01:00,143 [INFO] Reply from ptd: 'Range V changed'
ptd-server 2022-08-01 22:01:00,143 [INFO] Sending to ptd: 'SR,A,0.197770'
ptd-server 2022-08-01 22:01:01,644 [INFO] Reply from ptd: 'Range A changed'
ptd-server 2022-08-01 22:01:11,654 [INFO] Starting testing mode
ptd-server 2022-08-01 22:01:11,655 [INFO] Sending to ptd: 'Go,1000,0,2022-08-01_21-50-07_testing'
ptd-server 2022-08-01 22:01:11,655 [INFO] Reply from ptd: 'Starting untimed measurement, maximum 500000 samples at 1000ms with 0 rampup samples'
ptd-server 2022-08-01 22:01:11,655 [INFO] Sending reply to client 'OK'
ptd-server 2022-08-01 22:11:23,184 [INFO] Got command from the client 'session,2022-08-01_21-50-07,stop,testing'
ptd-server 2022-08-01 22:11:33,194 [INFO] Sending to ptd: 'Stop'
ptd-server 2022-08-01 22:11:33,195 [INFO] Reply from ptd: 'Stopping untimed measurement'
ptd-server 2022-08-01 22:11:33,922 [INFO] Sending reply to client 'OK'
ptd-server 2022-08-01 22:11:33,936 [INFO] Got command from the client 'session,2022-08-01_21-50-07,done'
ptd-server 2022-08-01 22:11:33,936 [INFO] Sending to ptd: 'Stop'
ptd-server 2022-08-01 22:11:33,936 [INFO] Reply from ptd: 'Error: no measurement to stop'
ptd-server 2022-08-01 22:11:33,936 [INFO] Sending to ptd: 'SR,V,Auto'
ptd-server 2022-08-01 22:11:34,439 [INFO] Reply from ptd: 'Range V changed'
ptd-server 2022-08-01 22:11:34,439 [INFO] Sending to ptd: 'SR,A,0.500000'
ptd-server 2022-08-01 22:11:35,940 [INFO] Reply from ptd: 'Range A changed'
ptd-server 2022-08-01 22:11:35,940 [INFO] Set initial values for Amps 0.500000 and Volts Auto
ptd-server 2022-08-01 22:11:35,941 [INFO] Stopping ptd...
