ptd-server 2022-07-31 03:38:53,842 [INFO] Got command from the client 'time'
ptd-server 2022-07-31 03:38:53,842 [INFO] Sending reply to client '1659235133.8429563'
ptd-server 2022-07-31 03:38:53,843 [INFO] Got command from the client 'new,,33ae8ba8-6dd7-478f-a406-689e4e3c400a'
ptd-server 2022-07-31 03:38:53,844 [INFO] Sending reply to client 'OK 2022-07-31_03-38-53,32393509-5f74-4e91-9ad6-a1b79f5ad4a3'
ptd-server 2022-07-31 03:38:53,872 [INFO] Got command from the client 'time'
ptd-server 2022-07-31 03:38:53,872 [INFO] Sending reply to client '1659235133.8728929'
ptd-server 2022-07-31 03:38:53,873 [INFO] Got command from the client 'session,2022-07-31_03-38-53,start,ranging'
ptd-server 2022-07-31 03:38:53,873 [INFO] Running PTDaemon: ['/home/anton/projects/mlperf/power/inference_v1.0/ptd-linux-x86', '-l', '/tmp/tmp7lgbo8s4/ptd_logfile.txt', '-p', '8888', '49', '/dev/usbtmc0']
ptd-server 2022-07-31 03:39:11,047 [INFO] Sending to ptd: 'Hello'
ptd-server 2022-07-31 03:39:11,047 [INFO] Reply from ptd: 'Hello, PTDaemon here!'
ptd-server 2022-07-31 03:39:11,047 [INFO] Sending to ptd: 'Identify'
ptd-server 2022-07-31 03:39:11,048 [INFO] Reply from ptd: 'YokogawaWT310E,1000,1,1,1,1,0,1,1,version=1.9.2-e8c7a49a-20201208,OS=Linux 5.13.0-52-generic #59~20.04.1-Ubuntu SMP Thu Jun 16 21:21:28 UTC 2022 x86_64,mode=power,1,1,1,0,0,no_cal_date,YOKOGAWA;WT310E;C3XA04010E;F1.04'
ptd-server 2022-07-31 03:39:11,048 [INFO] Connected to PTDaemon
ptd-server 2022-07-31 03:39:11,048 [INFO] Sending to ptd: 'RR'
ptd-server 2022-07-31 03:39:11,048 [INFO] Reply from ptd: 'Ranges,0,0.500000,1,300.000000'
ptd-server 2022-07-31 03:39:11,049 [INFO] Initial range for Amps is 0.500000 for Volts is Auto
ptd-server 2022-07-31 03:39:11,049 [INFO] Sending to ptd: 'SR,V,Auto'
ptd-server 2022-07-31 03:39:11,551 [INFO] Reply from ptd: 'Range V changed'
ptd-server 2022-07-31 03:39:11,551 [INFO] Sending to ptd: 'SR,A,Auto'
ptd-server 2022-07-31 03:39:12,054 [INFO] Reply from ptd: 'Range A changed'
ptd-server 2022-07-31 03:39:22,057 [INFO] Starting ranging mode
ptd-server 2022-07-31 03:39:22,058 [INFO] Sending to ptd: 'Go,1000,0,2022-07-31_03-38-53_ranging'
ptd-server 2022-07-31 03:39:22,058 [INFO] Reply from ptd: 'Starting untimed measurement, maximum 500000 samples at 1000ms with 0 rampup samples'
ptd-server 2022-07-31 03:39:22,058 [INFO] Sending reply to client 'OK'
ptd-server 2022-07-31 03:49:37,099 [INFO] Got command from the client 'session,2022-07-31_03-38-53,stop,ranging'
ptd-server 2022-07-31 03:49:47,110 [INFO] Sending to ptd: 'Stop'
ptd-server 2022-07-31 03:49:47,110 [INFO] Reply from ptd: 'Stopping untimed measurement'
ptd-server 2022-07-31 03:49:48,357 [INFO] Sending reply to client 'OK'
ptd-server 2022-07-31 03:49:48,418 [INFO] Got command from the client 'time'
ptd-server 2022-07-31 03:49:48,418 [INFO] Sending reply to client '1659235788.4186828'
ptd-server 2022-07-31 03:49:48,420 [INFO] Got command from the client 'session,2022-07-31_03-38-53,start,testing'
ptd-server 2022-07-31 03:49:48,420 [INFO] Sending to ptd: 'SR,V,252.530000'
ptd-server 2022-07-31 03:49:49,921 [INFO] Reply from ptd: 'Range V changed'
ptd-server 2022-07-31 03:49:49,921 [INFO] Sending to ptd: 'SR,A,0.210120'
ptd-server 2022-07-31 03:49:51,423 [INFO] Reply from ptd: 'Range A changed'
ptd-server 2022-07-31 03:50:01,433 [INFO] Starting testing mode
ptd-server 2022-07-31 03:50:01,433 [INFO] Sending to ptd: 'Go,1000,0,2022-07-31_03-38-53_testing'
ptd-server 2022-07-31 03:50:01,434 [INFO] Reply from ptd: 'Starting untimed measurement, maximum 500000 samples at 1000ms with 0 rampup samples'
ptd-server 2022-07-31 03:50:01,434 [INFO] Sending reply to client 'OK'
ptd-server 2022-07-31 04:00:13,271 [INFO] Got command from the client 'session,2022-07-31_03-38-53,stop,testing'
ptd-server 2022-07-31 04:00:23,281 [INFO] Sending to ptd: 'Stop'
ptd-server 2022-07-31 04:00:23,281 [INFO] Reply from ptd: 'Stopping untimed measurement'
ptd-server 2022-07-31 04:00:23,917 [INFO] Sending reply to client 'OK'
ptd-server 2022-07-31 04:00:23,931 [INFO] Got command from the client 'session,2022-07-31_03-38-53,done'
ptd-server 2022-07-31 04:00:23,931 [INFO] Sending to ptd: 'Stop'
ptd-server 2022-07-31 04:00:23,932 [INFO] Reply from ptd: 'Error: no measurement to stop'
ptd-server 2022-07-31 04:00:23,932 [INFO] Sending to ptd: 'SR,V,Auto'
ptd-server 2022-07-31 04:00:24,434 [INFO] Reply from ptd: 'Range V changed'
ptd-server 2022-07-31 04:00:24,435 [INFO] Sending to ptd: 'SR,A,0.500000'
ptd-server 2022-07-31 04:00:25,936 [INFO] Reply from ptd: 'Range A changed'
ptd-server 2022-07-31 04:00:25,936 [INFO] Set initial values for Amps 0.500000 and Volts Auto
ptd-server 2022-07-31 04:00:25,936 [INFO] Stopping ptd...
