ptd-server 2022-07-20 18:40:16,829 [INFO] Got command from the client 'time'
ptd-server 2022-07-20 18:40:16,829 [INFO] Sending reply to client '1658338816.829504'
ptd-server 2022-07-20 18:40:16,833 [INFO] Got command from the client 'new,,193b40c1-fb3f-4868-aedb-8add6e466b53'
ptd-server 2022-07-20 18:40:16,834 [INFO] Sending reply to client 'OK 2022-07-20_18-40-16,629aa66b-7a4a-4f68-aaed-106870183199'
ptd-server 2022-07-20 18:40:16,879 [INFO] Got command from the client 'time'
ptd-server 2022-07-20 18:40:16,879 [INFO] Sending reply to client '1658338816.879474'
ptd-server 2022-07-20 18:40:16,886 [INFO] Got command from the client 'session,2022-07-20_18-40-16,start,ranging'
ptd-server 2022-07-20 18:40:16,886 [INFO] Running PTDaemon: ['/home/anton/projects/mlperf/power/inference_v1.0/ptd-linux-x86', '-l', '/tmp/tmp7lgbo8s4/ptd_logfile.txt', '-p', '8888', '49', '/dev/usbtmc0']
ptd-server 2022-07-20 18:40:34,060 [INFO] Sending to ptd: 'Hello'
ptd-server 2022-07-20 18:40:34,060 [INFO] Reply from ptd: 'Hello, PTDaemon here!'
ptd-server 2022-07-20 18:40:34,060 [INFO] Sending to ptd: 'Identify'
ptd-server 2022-07-20 18:40:34,061 [INFO] Reply from ptd: 'YokogawaWT310E,1000,1,1,1,1,0,1,1,version=1.9.2-e8c7a49a-20201208,OS=Linux 5.13.0-52-generic #59~20.04.1-Ubuntu SMP Thu Jun 16 21:21:28 UTC 2022 x86_64,mode=power,1,1,1,0,0,no_cal_date,YOKOGAWA;WT310E;C3XA04010E;F1.04'
ptd-server 2022-07-20 18:40:34,061 [INFO] Connected to PTDaemon
ptd-server 2022-07-20 18:40:34,061 [INFO] Sending to ptd: 'RR'
ptd-server 2022-07-20 18:40:34,061 [INFO] Reply from ptd: 'Ranges,0,0.500000,1,300.000000'
ptd-server 2022-07-20 18:40:34,062 [INFO] Initial range for Amps is 0.500000 for Volts is Auto
ptd-server 2022-07-20 18:40:34,062 [INFO] Sending to ptd: 'SR,V,Auto'
ptd-server 2022-07-20 18:40:34,564 [INFO] Reply from ptd: 'Range V changed'
ptd-server 2022-07-20 18:40:34,564 [INFO] Sending to ptd: 'SR,A,Auto'
ptd-server 2022-07-20 18:40:35,067 [INFO] Reply from ptd: 'Range A changed'
ptd-server 2022-07-20 18:40:45,077 [INFO] Starting ranging mode
ptd-server 2022-07-20 18:40:45,077 [INFO] Sending to ptd: 'Go,1000,0,2022-07-20_18-40-16_ranging'
ptd-server 2022-07-20 18:40:45,078 [INFO] Reply from ptd: 'Starting untimed measurement, maximum 500000 samples at 1000ms with 0 rampup samples'
ptd-server 2022-07-20 18:40:45,078 [INFO] Sending reply to client 'OK'
ptd-server 2022-07-20 18:51:09,077 [INFO] Got command from the client 'session,2022-07-20_18-40-16,stop,ranging'
ptd-server 2022-07-20 18:51:19,087 [INFO] Sending to ptd: 'Stop'
ptd-server 2022-07-20 18:51:19,087 [INFO] Reply from ptd: 'Stopping untimed measurement'
ptd-server 2022-07-20 18:51:19,332 [INFO] Sending reply to client 'OK'
ptd-server 2022-07-20 18:51:19,493 [INFO] Got command from the client 'time'
ptd-server 2022-07-20 18:51:19,493 [INFO] Sending reply to client '1658339479.4935837'
ptd-server 2022-07-20 18:51:19,499 [INFO] Got command from the client 'session,2022-07-20_18-40-16,start,testing'
ptd-server 2022-07-20 18:51:19,499 [INFO] Sending to ptd: 'SR,V,248.980000'
ptd-server 2022-07-20 18:51:21,580 [INFO] Reply from ptd: 'Range V changed'
ptd-server 2022-07-20 18:51:21,580 [INFO] Sending to ptd: 'SR,A,0.087650'
ptd-server 2022-07-20 18:51:23,082 [INFO] Reply from ptd: 'Range A changed'
ptd-server 2022-07-20 18:51:33,092 [INFO] Starting testing mode
ptd-server 2022-07-20 18:51:33,092 [INFO] Sending to ptd: 'Go,1000,0,2022-07-20_18-40-16_testing'
ptd-server 2022-07-20 18:51:33,093 [INFO] Reply from ptd: 'Starting untimed measurement, maximum 500000 samples at 1000ms with 0 rampup samples'
ptd-server 2022-07-20 18:51:33,093 [INFO] Sending reply to client 'OK'
ptd-server 2022-07-20 19:01:51,246 [INFO] Got command from the client 'session,2022-07-20_18-40-16,stop,testing'
ptd-server 2022-07-20 19:02:01,255 [INFO] Sending to ptd: 'Stop'
ptd-server 2022-07-20 19:02:01,255 [INFO] Reply from ptd: 'Stopping untimed measurement'
ptd-server 2022-07-20 19:02:01,396 [INFO] Sending reply to client 'OK'
ptd-server 2022-07-20 19:02:01,421 [INFO] Got command from the client 'session,2022-07-20_18-40-16,done'
ptd-server 2022-07-20 19:02:01,421 [INFO] Sending to ptd: 'Stop'
ptd-server 2022-07-20 19:02:02,094 [INFO] Reply from ptd: 'Error: no measurement to stop'
ptd-server 2022-07-20 19:02:02,094 [INFO] Sending to ptd: 'SR,V,Auto'
ptd-server 2022-07-20 19:02:02,597 [INFO] Reply from ptd: 'Range V changed'
ptd-server 2022-07-20 19:02:02,597 [INFO] Sending to ptd: 'SR,A,0.500000'
ptd-server 2022-07-20 19:02:04,098 [INFO] Reply from ptd: 'Range A changed'
ptd-server 2022-07-20 19:02:04,098 [INFO] Set initial values for Amps 0.500000 and Volts Auto
ptd-server 2022-07-20 19:02:04,098 [INFO] Stopping ptd...
