ptd-server 2022-08-03 15:44:19,121 [INFO] Got command from the client 'time'
ptd-server 2022-08-03 15:44:19,121 [INFO] Sending reply to client '1659559459.1218498'
ptd-server 2022-08-03 15:44:19,122 [INFO] Got command from the client 'new,,2c82ba39-5655-4f02-aeab-70ab6a6b6fe4'
ptd-server 2022-08-03 15:44:19,123 [INFO] Sending reply to client 'OK 2022-08-03_15-44-19,f5b5284e-053e-43c0-980f-8859e34ac458'
ptd-server 2022-08-03 15:44:19,160 [INFO] Got command from the client 'time'
ptd-server 2022-08-03 15:44:19,160 [INFO] Sending reply to client '1659559459.1601777'
ptd-server 2022-08-03 15:44:19,160 [INFO] Got command from the client 'session,2022-08-03_15-44-19,start,ranging'
ptd-server 2022-08-03 15:44:19,161 [INFO] Running PTDaemon: ['/home/dell/power-main/inference_v1.0/ptd-linux-x86', '-l', '/tmp/tmpmf6cskfy/ptd_logfile.txt', '-p', '8888', '-c', '3', '52', '/dev/usbtmc0']
ptd-server 2022-08-03 15:44:36,239 [INFO] Sending to ptd: 'Hello'
ptd-server 2022-08-03 15:44:36,239 [INFO] Reply from ptd: 'Hello, PTDaemon here!'
ptd-server 2022-08-03 15:44:36,240 [INFO] Sending to ptd: 'Identify'
ptd-server 2022-08-03 15:44:36,240 [INFO] Reply from ptd: 'YokogawaWT330E,1000,1,1,1,1,0,0,1,version=1.9.2-e8c7a49a-20201208,OS=Linux 5.4.0-122-generic #138-Ubuntu SMP Wed Jun 22 15:00:31 UTC 2022 x86_64,mode=power,1,1,1,0,0,no_cal_date,YOKOGAWA;WT333E;C2WB13023V;F1.04'
ptd-server 2022-08-03 15:44:36,240 [INFO] Connected to PTDaemon
ptd-server 2022-08-03 15:44:36,240 [INFO] Sending to ptd: 'RR'
ptd-server 2022-08-03 15:44:36,240 [INFO] Reply from ptd: 'Ranges,1,2.000000,1,300.000000'
ptd-server 2022-08-03 15:44:36,240 [INFO] Initial range for Amps is Auto for Volts is Auto
ptd-server 2022-08-03 15:44:36,240 [INFO] Sending to ptd: 'SR,V,Auto'
ptd-server 2022-08-03 15:44:36,743 [INFO] Reply from ptd: 'Range V changed'
ptd-server 2022-08-03 15:44:36,743 [INFO] Sending to ptd: 'SR,A,20'
ptd-server 2022-08-03 15:44:38,245 [INFO] Reply from ptd: 'Range A changed'
ptd-server 2022-08-03 15:44:48,255 [INFO] Starting ranging mode
ptd-server 2022-08-03 15:44:48,255 [INFO] Sending to ptd: 'Go,1000,0,2022-08-03_15-44-19_ranging'
ptd-server 2022-08-03 15:44:48,256 [INFO] Reply from ptd: 'Starting untimed measurement, maximum 500000 samples at 1000ms with 0 rampup samples'
ptd-server 2022-08-03 15:44:48,256 [INFO] Sending reply to client 'OK'
ptd-server 2022-08-03 15:56:14,793 [INFO] Got command from the client 'session,2022-08-03_15-44-19,stop,ranging'
ptd-server 2022-08-03 15:56:24,803 [INFO] Sending to ptd: 'Stop'
ptd-server 2022-08-03 15:56:24,804 [INFO] Reply from ptd: 'Stopping untimed measurement'
ptd-server 2022-08-03 15:56:24,826 [INFO] Sending reply to client 'OK'
ptd-server 2022-08-03 15:56:24,853 [INFO] Got command from the client 'time'
ptd-server 2022-08-03 15:56:24,853 [INFO] Sending reply to client '1659560184.8539174'
ptd-server 2022-08-03 15:56:24,854 [INFO] Got command from the client 'session,2022-08-03_15-44-19,start,testing'
ptd-server 2022-08-03 15:56:24,854 [INFO] Sending to ptd: 'SR,V,209.540000'
ptd-server 2022-08-03 15:56:26,757 [INFO] Reply from ptd: 'Range V changed'
ptd-server 2022-08-03 15:56:26,757 [INFO] Sending to ptd: 'SR,A,2.435000'
ptd-server 2022-08-03 15:56:28,259 [INFO] Reply from ptd: 'Range A changed'
ptd-server 2022-08-03 15:56:38,269 [INFO] Starting testing mode
ptd-server 2022-08-03 15:56:38,270 [INFO] Sending to ptd: 'Go,1000,0,2022-08-03_15-44-19_testing'
ptd-server 2022-08-03 15:56:38,270 [INFO] Reply from ptd: 'Starting untimed measurement, maximum 500000 samples at 1000ms with 0 rampup samples'
ptd-server 2022-08-03 15:56:38,270 [INFO] Sending reply to client 'OK'
ptd-server 2022-08-03 16:08:03,680 [INFO] Got command from the client 'session,2022-08-03_15-44-19,stop,testing'
ptd-server 2022-08-03 16:08:13,691 [INFO] Sending to ptd: 'Stop'
ptd-server 2022-08-03 16:08:13,691 [INFO] Reply from ptd: 'Stopping untimed measurement'
ptd-server 2022-08-03 16:08:13,705 [INFO] Sending reply to client 'OK'
ptd-server 2022-08-03 16:08:13,711 [INFO] Got command from the client 'session,2022-08-03_15-44-19,done'
ptd-server 2022-08-03 16:08:13,711 [INFO] Sending to ptd: 'Stop'
ptd-server 2022-08-03 16:08:14,270 [INFO] Reply from ptd: 'Error: no measurement to stop'
ptd-server 2022-08-03 16:08:14,271 [INFO] Sending to ptd: 'SR,V,Auto'
ptd-server 2022-08-03 16:08:14,773 [INFO] Reply from ptd: 'Range V changed'
ptd-server 2022-08-03 16:08:14,773 [INFO] Sending to ptd: 'SR,A,Auto'
ptd-server 2022-08-03 16:08:15,276 [INFO] Reply from ptd: 'Range A changed'
ptd-server 2022-08-03 16:08:15,276 [INFO] Set initial values for Amps Auto and Volts Auto
ptd-server 2022-08-03 16:08:15,277 [INFO] Stopping ptd...
