ptd-server 2022-07-24 05:18:13,703 [INFO] Got command from the client 'time'
ptd-server 2022-07-24 05:18:13,703 [INFO] Sending reply to client '1658636293.7033045'
ptd-server 2022-07-24 05:18:13,704 [INFO] Got command from the client 'new,,4267bcf8-a96f-4695-8f28-a5689114bfff'
ptd-server 2022-07-24 05:18:13,705 [INFO] Sending reply to client 'OK 2022-07-24_05-18-13,d2946e14-fe1d-4507-ac2e-daa21bfa7e9b'
ptd-server 2022-07-24 05:18:13,733 [INFO] Got command from the client 'time'
ptd-server 2022-07-24 05:18:13,733 [INFO] Sending reply to client '1658636293.7334251'
ptd-server 2022-07-24 05:18:13,734 [INFO] Got command from the client 'session,2022-07-24_05-18-13,start,ranging'
ptd-server 2022-07-24 05:18:13,735 [INFO] Running PTDaemon: ['/home/anton/projects/mlperf/power/inference_v1.0/ptd-linux-x86', '-l', '/tmp/tmp7lgbo8s4/ptd_logfile.txt', '-p', '8888', '49', '/dev/usbtmc0']
ptd-server 2022-07-24 05:18:30,910 [INFO] Sending to ptd: 'Hello'
ptd-server 2022-07-24 05:18:30,910 [INFO] Reply from ptd: 'Hello, PTDaemon here!'
ptd-server 2022-07-24 05:18:30,911 [INFO] Sending to ptd: 'Identify'
ptd-server 2022-07-24 05:18:30,911 [INFO] Reply from ptd: 'YokogawaWT310E,1000,1,1,1,1,0,1,1,version=1.9.2-e8c7a49a-20201208,OS=Linux 5.13.0-52-generic #59~20.04.1-Ubuntu SMP Thu Jun 16 21:21:28 UTC 2022 x86_64,mode=power,1,1,1,0,0,no_cal_date,YOKOGAWA;WT310E;C3XA04010E;F1.04'
ptd-server 2022-07-24 05:18:30,911 [INFO] Connected to PTDaemon
ptd-server 2022-07-24 05:18:30,911 [INFO] Sending to ptd: 'RR'
ptd-server 2022-07-24 05:18:30,912 [INFO] Reply from ptd: 'Ranges,0,0.500000,1,300.000000'
ptd-server 2022-07-24 05:18:30,912 [INFO] Initial range for Amps is 0.500000 for Volts is Auto
ptd-server 2022-07-24 05:18:30,912 [INFO] Sending to ptd: 'SR,V,Auto'
ptd-server 2022-07-24 05:18:31,414 [INFO] Reply from ptd: 'Range V changed'
ptd-server 2022-07-24 05:18:31,414 [INFO] Sending to ptd: 'SR,A,Auto'
ptd-server 2022-07-24 05:18:31,917 [INFO] Reply from ptd: 'Range A changed'
ptd-server 2022-07-24 05:18:41,927 [INFO] Starting ranging mode
ptd-server 2022-07-24 05:18:41,927 [INFO] Sending to ptd: 'Go,1000,0,2022-07-24_05-18-13_ranging'
ptd-server 2022-07-24 05:18:41,928 [INFO] Reply from ptd: 'Starting untimed measurement, maximum 500000 samples at 1000ms with 0 rampup samples'
ptd-server 2022-07-24 05:18:41,928 [INFO] Sending reply to client 'OK'
ptd-server 2022-07-24 05:29:00,997 [INFO] Got command from the client 'session,2022-07-24_05-18-13,stop,ranging'
ptd-server 2022-07-24 05:29:11,007 [INFO] Sending to ptd: 'Stop'
ptd-server 2022-07-24 05:29:11,008 [INFO] Reply from ptd: 'Stopping untimed measurement'
ptd-server 2022-07-24 05:29:11,668 [INFO] Sending reply to client 'OK'
ptd-server 2022-07-24 05:29:11,710 [INFO] Got command from the client 'time'
ptd-server 2022-07-24 05:29:11,710 [INFO] Sending reply to client '1658636951.710854'
ptd-server 2022-07-24 05:29:11,711 [INFO] Got command from the client 'session,2022-07-24_05-18-13,start,testing'
ptd-server 2022-07-24 05:29:11,711 [INFO] Sending to ptd: 'SR,V,249.670000'
ptd-server 2022-07-24 05:29:13,430 [INFO] Reply from ptd: 'Range V changed'
ptd-server 2022-07-24 05:29:13,430 [INFO] Sending to ptd: 'SR,A,0.051050'
ptd-server 2022-07-24 05:29:14,931 [INFO] Reply from ptd: 'Range A changed'
ptd-server 2022-07-24 05:29:24,942 [INFO] Starting testing mode
ptd-server 2022-07-24 05:29:24,942 [INFO] Sending to ptd: 'Go,1000,0,2022-07-24_05-18-13_testing'
ptd-server 2022-07-24 05:29:24,942 [INFO] Reply from ptd: 'Starting untimed measurement, maximum 500000 samples at 1000ms with 0 rampup samples'
ptd-server 2022-07-24 05:29:24,942 [INFO] Sending reply to client 'OK'
ptd-server 2022-07-24 05:39:43,994 [INFO] Got command from the client 'session,2022-07-24_05-18-13,stop,testing'
ptd-server 2022-07-24 05:39:54,005 [INFO] Sending to ptd: 'Stop'
ptd-server 2022-07-24 05:39:54,005 [INFO] Reply from ptd: 'Stopping untimed measurement'
ptd-server 2022-07-24 05:39:54,343 [INFO] Sending reply to client 'OK'
ptd-server 2022-07-24 05:39:54,351 [INFO] Got command from the client 'session,2022-07-24_05-18-13,done'
ptd-server 2022-07-24 05:39:54,351 [INFO] Sending to ptd: 'Stop'
ptd-server 2022-07-24 05:39:54,943 [INFO] Reply from ptd: 'Error: no measurement to stop'
ptd-server 2022-07-24 05:39:54,943 [INFO] Sending to ptd: 'SR,V,Auto'
ptd-server 2022-07-24 05:39:55,445 [INFO] Reply from ptd: 'Range V changed'
ptd-server 2022-07-24 05:39:55,445 [INFO] Sending to ptd: 'SR,A,0.500000'
ptd-server 2022-07-24 05:39:56,947 [INFO] Reply from ptd: 'Range A changed'
ptd-server 2022-07-24 05:39:56,947 [INFO] Set initial values for Amps 0.500000 and Volts Auto
ptd-server 2022-07-24 05:39:56,947 [INFO] Stopping ptd...
