ptd-server 2022-07-24 09:43:28,765 [INFO] Got command from the client 'time'
ptd-server 2022-07-24 09:43:28,765 [INFO] Sending reply to client '1658652208.7653022'
ptd-server 2022-07-24 09:43:28,766 [INFO] Got command from the client 'new,,8a598984-a172-4394-9c73-46e6631dfb80'
ptd-server 2022-07-24 09:43:28,767 [INFO] Sending reply to client 'OK 2022-07-24_09-43-28,1c7e95f7-be56-4f42-821e-7595c7d8e758'
ptd-server 2022-07-24 09:43:28,796 [INFO] Got command from the client 'time'
ptd-server 2022-07-24 09:43:28,796 [INFO] Sending reply to client '1658652208.7969058'
ptd-server 2022-07-24 09:43:28,798 [INFO] Got command from the client 'session,2022-07-24_09-43-28,start,ranging'
ptd-server 2022-07-24 09:43:28,798 [INFO] Running PTDaemon: ['/home/anton/projects/mlperf/power/inference_v1.0/ptd-linux-x86', '-l', '/tmp/tmp7lgbo8s4/ptd_logfile.txt', '-p', '8888', '49', '/dev/usbtmc0']
ptd-server 2022-07-24 09:43:45,972 [INFO] Sending to ptd: 'Hello'
ptd-server 2022-07-24 09:43:45,972 [INFO] Reply from ptd: 'Hello, PTDaemon here!'
ptd-server 2022-07-24 09:43:45,973 [INFO] Sending to ptd: 'Identify'
ptd-server 2022-07-24 09:43:45,973 [INFO] Reply from ptd: 'YokogawaWT310E,1000,1,1,1,1,0,1,1,version=1.9.2-e8c7a49a-20201208,OS=Linux 5.13.0-52-generic #59~20.04.1-Ubuntu SMP Thu Jun 16 21:21:28 UTC 2022 x86_64,mode=power,1,1,1,0,0,no_cal_date,YOKOGAWA;WT310E;C3XA04010E;F1.04'
ptd-server 2022-07-24 09:43:45,973 [INFO] Connected to PTDaemon
ptd-server 2022-07-24 09:43:45,973 [INFO] Sending to ptd: 'RR'
ptd-server 2022-07-24 09:43:45,974 [INFO] Reply from ptd: 'Ranges,0,0.500000,1,300.000000'
ptd-server 2022-07-24 09:43:45,974 [INFO] Initial range for Amps is 0.500000 for Volts is Auto
ptd-server 2022-07-24 09:43:45,974 [INFO] Sending to ptd: 'SR,V,Auto'
ptd-server 2022-07-24 09:43:46,476 [INFO] Reply from ptd: 'Range V changed'
ptd-server 2022-07-24 09:43:46,477 [INFO] Sending to ptd: 'SR,A,Auto'
ptd-server 2022-07-24 09:43:46,979 [INFO] Reply from ptd: 'Range A changed'
ptd-server 2022-07-24 09:43:56,989 [INFO] Starting ranging mode
ptd-server 2022-07-24 09:43:56,989 [INFO] Sending to ptd: 'Go,1000,0,2022-07-24_09-43-28_ranging'
ptd-server 2022-07-24 09:43:56,990 [INFO] Reply from ptd: 'Starting untimed measurement, maximum 500000 samples at 1000ms with 0 rampup samples'
ptd-server 2022-07-24 09:43:56,990 [INFO] Sending reply to client 'OK'
ptd-server 2022-07-24 09:54:16,163 [INFO] Got command from the client 'session,2022-07-24_09-43-28,stop,ranging'
ptd-server 2022-07-24 09:54:26,173 [INFO] Sending to ptd: 'Stop'
ptd-server 2022-07-24 09:54:26,174 [INFO] Reply from ptd: 'Stopping untimed measurement'
ptd-server 2022-07-24 09:54:26,850 [INFO] Sending reply to client 'OK'
ptd-server 2022-07-24 09:54:26,888 [INFO] Got command from the client 'time'
ptd-server 2022-07-24 09:54:26,888 [INFO] Sending reply to client '1658652866.8889627'
ptd-server 2022-07-24 09:54:26,889 [INFO] Got command from the client 'session,2022-07-24_09-43-28,start,testing'
ptd-server 2022-07-24 09:54:26,890 [INFO] Sending to ptd: 'SR,V,249.350000'
ptd-server 2022-07-24 09:54:28,492 [INFO] Reply from ptd: 'Range V changed'
ptd-server 2022-07-24 09:54:28,492 [INFO] Sending to ptd: 'SR,A,0.050380'
ptd-server 2022-07-24 09:54:29,993 [INFO] Reply from ptd: 'Range A changed'
ptd-server 2022-07-24 09:54:40,004 [INFO] Starting testing mode
ptd-server 2022-07-24 09:54:40,004 [INFO] Sending to ptd: 'Go,1000,0,2022-07-24_09-43-28_testing'
ptd-server 2022-07-24 09:54:40,004 [INFO] Reply from ptd: 'Starting untimed measurement, maximum 500000 samples at 1000ms with 0 rampup samples'
ptd-server 2022-07-24 09:54:40,004 [INFO] Sending reply to client 'OK'
ptd-server 2022-07-24 10:04:58,983 [INFO] Got command from the client 'session,2022-07-24_09-43-28,stop,testing'
ptd-server 2022-07-24 10:05:08,993 [INFO] Sending to ptd: 'Stop'
ptd-server 2022-07-24 10:05:08,993 [INFO] Reply from ptd: 'Stopping untimed measurement'
ptd-server 2022-07-24 10:05:09,343 [INFO] Sending reply to client 'OK'
ptd-server 2022-07-24 10:05:09,351 [INFO] Got command from the client 'session,2022-07-24_09-43-28,done'
ptd-server 2022-07-24 10:05:09,351 [INFO] Sending to ptd: 'Stop'
ptd-server 2022-07-24 10:05:09,351 [INFO] Reply from ptd: 'Error: no measurement to stop'
ptd-server 2022-07-24 10:05:09,351 [INFO] Sending to ptd: 'SR,V,Auto'
ptd-server 2022-07-24 10:05:09,854 [INFO] Reply from ptd: 'Range V changed'
ptd-server 2022-07-24 10:05:09,854 [INFO] Sending to ptd: 'SR,A,0.500000'
ptd-server 2022-07-24 10:05:11,355 [INFO] Reply from ptd: 'Range A changed'
ptd-server 2022-07-24 10:05:11,355 [INFO] Set initial values for Amps 0.500000 and Volts Auto
ptd-server 2022-07-24 10:05:11,356 [INFO] Stopping ptd...
