ptd-server 2022-07-22 12:50:39,653 [INFO] Got command from the client 'time'
ptd-server 2022-07-22 12:50:39,653 [INFO] Sending reply to client '1658490639.653435'
ptd-server 2022-07-22 12:50:39,654 [INFO] Got command from the client 'new,,4a66edd5-f681-4679-b494-725401c368e3'
ptd-server 2022-07-22 12:50:39,655 [INFO] Sending reply to client 'OK 2022-07-22_12-50-39,5a8bc163-3b66-4612-957c-4364042e9e89'
ptd-server 2022-07-22 12:50:39,688 [INFO] Got command from the client 'time'
ptd-server 2022-07-22 12:50:39,688 [INFO] Sending reply to client '1658490639.688312'
ptd-server 2022-07-22 12:50:39,689 [INFO] Got command from the client 'session,2022-07-22_12-50-39,start,ranging'
ptd-server 2022-07-22 12:50:39,689 [INFO] Running PTDaemon: ['/home/anton/projects/mlperf/power/inference_v1.0/ptd-linux-x86', '-l', '/tmp/tmp7lgbo8s4/ptd_logfile.txt', '-p', '8888', '49', '/dev/usbtmc0']
ptd-server 2022-07-22 12:50:56,864 [INFO] Sending to ptd: 'Hello'
ptd-server 2022-07-22 12:50:56,864 [INFO] Reply from ptd: 'Hello, PTDaemon here!'
ptd-server 2022-07-22 12:50:56,865 [INFO] Sending to ptd: 'Identify'
ptd-server 2022-07-22 12:50:56,865 [INFO] Reply from ptd: 'YokogawaWT310E,1000,1,1,1,1,0,1,1,version=1.9.2-e8c7a49a-20201208,OS=Linux 5.13.0-52-generic #59~20.04.1-Ubuntu SMP Thu Jun 16 21:21:28 UTC 2022 x86_64,mode=power,1,1,1,0,0,no_cal_date,YOKOGAWA;WT310E;C3XA04010E;F1.04'
ptd-server 2022-07-22 12:50:56,865 [INFO] Connected to PTDaemon
ptd-server 2022-07-22 12:50:56,865 [INFO] Sending to ptd: 'RR'
ptd-server 2022-07-22 12:50:56,866 [INFO] Reply from ptd: 'Ranges,0,0.500000,1,300.000000'
ptd-server 2022-07-22 12:50:56,866 [INFO] Initial range for Amps is 0.500000 for Volts is Auto
ptd-server 2022-07-22 12:50:56,866 [INFO] Sending to ptd: 'SR,V,Auto'
ptd-server 2022-07-22 12:50:57,368 [INFO] Reply from ptd: 'Range V changed'
ptd-server 2022-07-22 12:50:57,368 [INFO] Sending to ptd: 'SR,A,Auto'
ptd-server 2022-07-22 12:50:57,871 [INFO] Reply from ptd: 'Range A changed'
ptd-server 2022-07-22 12:51:07,881 [INFO] Starting ranging mode
ptd-server 2022-07-22 12:51:07,881 [INFO] Sending to ptd: 'Go,1000,0,2022-07-22_12-50-39_ranging'
ptd-server 2022-07-22 12:51:07,882 [INFO] Reply from ptd: 'Starting untimed measurement, maximum 500000 samples at 1000ms with 0 rampup samples'
ptd-server 2022-07-22 12:51:07,882 [INFO] Sending reply to client 'OK'
ptd-server 2022-07-22 13:01:29,697 [INFO] Got command from the client 'session,2022-07-22_12-50-39,stop,ranging'
ptd-server 2022-07-22 13:01:39,708 [INFO] Sending to ptd: 'Stop'
ptd-server 2022-07-22 13:01:39,708 [INFO] Reply from ptd: 'Stopping untimed measurement'
ptd-server 2022-07-22 13:01:40,169 [INFO] Sending reply to client 'OK'
ptd-server 2022-07-22 13:01:40,212 [INFO] Got command from the client 'time'
ptd-server 2022-07-22 13:01:40,212 [INFO] Sending reply to client '1658491300.2128494'
ptd-server 2022-07-22 13:01:40,213 [INFO] Got command from the client 'session,2022-07-22_12-50-39,start,testing'
ptd-server 2022-07-22 13:01:40,214 [INFO] Sending to ptd: 'SR,V,251.590000'
ptd-server 2022-07-22 13:01:41,715 [INFO] Reply from ptd: 'Range V changed'
ptd-server 2022-07-22 13:01:41,715 [INFO] Sending to ptd: 'SR,A,0.067530'
ptd-server 2022-07-22 13:01:43,217 [INFO] Reply from ptd: 'Range A changed'
ptd-server 2022-07-22 13:01:53,227 [INFO] Starting testing mode
ptd-server 2022-07-22 13:01:53,227 [INFO] Sending to ptd: 'Go,1000,0,2022-07-22_12-50-39_testing'
ptd-server 2022-07-22 13:01:53,228 [INFO] Reply from ptd: 'Starting untimed measurement, maximum 500000 samples at 1000ms with 0 rampup samples'
ptd-server 2022-07-22 13:01:53,228 [INFO] Sending reply to client 'OK'
ptd-server 2022-07-22 13:12:14,454 [INFO] Got command from the client 'session,2022-07-22_12-50-39,stop,testing'
ptd-server 2022-07-22 13:12:24,465 [INFO] Sending to ptd: 'Stop'
ptd-server 2022-07-22 13:12:24,465 [INFO] Reply from ptd: 'Stopping untimed measurement'
ptd-server 2022-07-22 13:12:24,712 [INFO] Sending reply to client 'OK'
ptd-server 2022-07-22 13:12:24,719 [INFO] Got command from the client 'session,2022-07-22_12-50-39,done'
ptd-server 2022-07-22 13:12:24,720 [INFO] Sending to ptd: 'Stop'
ptd-server 2022-07-22 13:12:25,228 [INFO] Reply from ptd: 'Error: no measurement to stop'
ptd-server 2022-07-22 13:12:25,229 [INFO] Sending to ptd: 'SR,V,Auto'
ptd-server 2022-07-22 13:12:25,731 [INFO] Reply from ptd: 'Range V changed'
ptd-server 2022-07-22 13:12:25,731 [INFO] Sending to ptd: 'SR,A,0.500000'
ptd-server 2022-07-22 13:12:27,233 [INFO] Reply from ptd: 'Range A changed'
ptd-server 2022-07-22 13:12:27,233 [INFO] Set initial values for Amps 0.500000 and Volts Auto
ptd-server 2022-07-22 13:12:27,233 [INFO] Stopping ptd...
