ptd-server 2022-07-21 05:02:10,339 [INFO] Got command from the client 'time'
ptd-server 2022-07-21 05:02:10,339 [INFO] Sending reply to client '1658376130.339448'
ptd-server 2022-07-21 05:02:10,340 [INFO] Got command from the client 'new,,5bac672d-911d-43e4-a8e3-d5419cccba5b'
ptd-server 2022-07-21 05:02:10,341 [INFO] Sending reply to client 'OK 2022-07-21_05-02-10,5ccd0fdc-ad9c-4439-8253-16b327c24fc4'
ptd-server 2022-07-21 05:02:10,369 [INFO] Got command from the client 'time'
ptd-server 2022-07-21 05:02:10,369 [INFO] Sending reply to client '1658376130.3692532'
ptd-server 2022-07-21 05:02:10,370 [INFO] Got command from the client 'session,2022-07-21_05-02-10,start,ranging'
ptd-server 2022-07-21 05:02:10,370 [INFO] Running PTDaemon: ['/home/anton/projects/mlperf/power/inference_v1.0/ptd-linux-x86', '-l', '/tmp/tmp7lgbo8s4/ptd_logfile.txt', '-p', '8888', '49', '/dev/usbtmc0']
ptd-server 2022-07-21 05:02:27,545 [INFO] Sending to ptd: 'Hello'
ptd-server 2022-07-21 05:02:27,546 [INFO] Reply from ptd: 'Hello, PTDaemon here!'
ptd-server 2022-07-21 05:02:27,546 [INFO] Sending to ptd: 'Identify'
ptd-server 2022-07-21 05:02:27,546 [INFO] Reply from ptd: 'YokogawaWT310E,1000,1,1,1,1,0,1,1,version=1.9.2-e8c7a49a-20201208,OS=Linux 5.13.0-52-generic #59~20.04.1-Ubuntu SMP Thu Jun 16 21:21:28 UTC 2022 x86_64,mode=power,1,1,1,0,0,no_cal_date,YOKOGAWA;WT310E;C3XA04010E;F1.04'
ptd-server 2022-07-21 05:02:27,546 [INFO] Connected to PTDaemon
ptd-server 2022-07-21 05:02:27,546 [INFO] Sending to ptd: 'RR'
ptd-server 2022-07-21 05:02:27,547 [INFO] Reply from ptd: 'Ranges,0,0.500000,1,300.000000'
ptd-server 2022-07-21 05:02:27,547 [INFO] Initial range for Amps is 0.500000 for Volts is Auto
ptd-server 2022-07-21 05:02:27,547 [INFO] Sending to ptd: 'SR,V,Auto'
ptd-server 2022-07-21 05:02:28,050 [INFO] Reply from ptd: 'Range V changed'
ptd-server 2022-07-21 05:02:28,050 [INFO] Sending to ptd: 'SR,A,Auto'
ptd-server 2022-07-21 05:02:28,552 [INFO] Reply from ptd: 'Range A changed'
ptd-server 2022-07-21 05:02:38,563 [INFO] Starting ranging mode
ptd-server 2022-07-21 05:02:38,563 [INFO] Sending to ptd: 'Go,1000,0,2022-07-21_05-02-10_ranging'
ptd-server 2022-07-21 05:02:38,563 [INFO] Reply from ptd: 'Starting untimed measurement, maximum 500000 samples at 1000ms with 0 rampup samples'
ptd-server 2022-07-21 05:02:38,563 [INFO] Sending reply to client 'OK'
ptd-server 2022-07-21 05:13:02,610 [INFO] Got command from the client 'session,2022-07-21_05-02-10,stop,ranging'
ptd-server 2022-07-21 05:13:12,620 [INFO] Sending to ptd: 'Stop'
ptd-server 2022-07-21 05:13:12,621 [INFO] Reply from ptd: 'Stopping untimed measurement'
ptd-server 2022-07-21 05:13:12,918 [INFO] Sending reply to client 'OK'
ptd-server 2022-07-21 05:13:12,966 [INFO] Got command from the client 'time'
ptd-server 2022-07-21 05:13:12,966 [INFO] Sending reply to client '1658376792.9669516'
ptd-server 2022-07-21 05:13:12,967 [INFO] Got command from the client 'session,2022-07-21_05-02-10,start,testing'
ptd-server 2022-07-21 05:13:12,967 [INFO] Sending to ptd: 'SR,V,252.140000'
ptd-server 2022-07-21 05:13:15,065 [INFO] Reply from ptd: 'Range V changed'
ptd-server 2022-07-21 05:13:15,065 [INFO] Sending to ptd: 'SR,A,0.066480'
ptd-server 2022-07-21 05:13:16,566 [INFO] Reply from ptd: 'Range A changed'
ptd-server 2022-07-21 05:13:26,577 [INFO] Starting testing mode
ptd-server 2022-07-21 05:13:26,577 [INFO] Sending to ptd: 'Go,1000,0,2022-07-21_05-02-10_testing'
ptd-server 2022-07-21 05:13:26,577 [INFO] Reply from ptd: 'Starting untimed measurement, maximum 500000 samples at 1000ms with 0 rampup samples'
ptd-server 2022-07-21 05:13:26,578 [INFO] Sending reply to client 'OK'
ptd-server 2022-07-21 05:23:49,252 [INFO] Got command from the client 'session,2022-07-21_05-02-10,stop,testing'
ptd-server 2022-07-21 05:23:59,263 [INFO] Sending to ptd: 'Stop'
ptd-server 2022-07-21 05:23:59,263 [INFO] Reply from ptd: 'Stopping untimed measurement'
ptd-server 2022-07-21 05:23:59,419 [INFO] Sending reply to client 'OK'
ptd-server 2022-07-21 05:23:59,427 [INFO] Got command from the client 'session,2022-07-21_05-02-10,done'
ptd-server 2022-07-21 05:23:59,427 [INFO] Sending to ptd: 'Stop'
ptd-server 2022-07-21 05:23:59,577 [INFO] Reply from ptd: 'Error: no measurement to stop'
ptd-server 2022-07-21 05:23:59,577 [INFO] Sending to ptd: 'SR,V,Auto'
ptd-server 2022-07-21 05:24:00,080 [INFO] Reply from ptd: 'Range V changed'
ptd-server 2022-07-21 05:24:00,080 [INFO] Sending to ptd: 'SR,A,0.500000'
ptd-server 2022-07-21 05:24:01,581 [INFO] Reply from ptd: 'Range A changed'
ptd-server 2022-07-21 05:24:01,581 [INFO] Set initial values for Amps 0.500000 and Volts Auto
ptd-server 2022-07-21 05:24:01,582 [INFO] Stopping ptd...
