ptd-server 2022-07-21 01:44:47,470 [INFO] Got command from the client 'time'
ptd-server 2022-07-21 01:44:47,470 [INFO] Sending reply to client '1658364287.470922'
ptd-server 2022-07-21 01:44:47,472 [INFO] Got command from the client 'new,,6810d9f5-b5e6-403a-9a2f-64618b43df01'
ptd-server 2022-07-21 01:44:47,472 [INFO] Sending reply to client 'OK 2022-07-21_01-44-47,a19784f3-0d83-474c-8925-08a7b0576400'
ptd-server 2022-07-21 01:44:47,500 [INFO] Got command from the client 'time'
ptd-server 2022-07-21 01:44:47,500 [INFO] Sending reply to client '1658364287.5008504'
ptd-server 2022-07-21 01:44:47,502 [INFO] Got command from the client 'session,2022-07-21_01-44-47,start,ranging'
ptd-server 2022-07-21 01:44:47,502 [INFO] Running PTDaemon: ['/home/anton/projects/mlperf/power/inference_v1.0/ptd-linux-x86', '-l', '/tmp/tmp7lgbo8s4/ptd_logfile.txt', '-p', '8888', '49', '/dev/usbtmc0']
ptd-server 2022-07-21 01:45:04,675 [INFO] Sending to ptd: 'Hello'
ptd-server 2022-07-21 01:45:04,676 [INFO] Reply from ptd: 'Hello, PTDaemon here!'
ptd-server 2022-07-21 01:45:04,676 [INFO] Sending to ptd: 'Identify'
ptd-server 2022-07-21 01:45:04,676 [INFO] Reply from ptd: 'YokogawaWT310E,1000,1,1,1,1,0,1,1,version=1.9.2-e8c7a49a-20201208,OS=Linux 5.13.0-52-generic #59~20.04.1-Ubuntu SMP Thu Jun 16 21:21:28 UTC 2022 x86_64,mode=power,1,1,1,0,0,no_cal_date,YOKOGAWA;WT310E;C3XA04010E;F1.04'
ptd-server 2022-07-21 01:45:04,676 [INFO] Connected to PTDaemon
ptd-server 2022-07-21 01:45:04,677 [INFO] Sending to ptd: 'RR'
ptd-server 2022-07-21 01:45:04,677 [INFO] Reply from ptd: 'Ranges,0,0.500000,1,300.000000'
ptd-server 2022-07-21 01:45:04,677 [INFO] Initial range for Amps is 0.500000 for Volts is Auto
ptd-server 2022-07-21 01:45:04,677 [INFO] Sending to ptd: 'SR,V,Auto'
ptd-server 2022-07-21 01:45:05,180 [INFO] Reply from ptd: 'Range V changed'
ptd-server 2022-07-21 01:45:05,180 [INFO] Sending to ptd: 'SR,A,Auto'
ptd-server 2022-07-21 01:45:05,682 [INFO] Reply from ptd: 'Range A changed'
ptd-server 2022-07-21 01:45:15,692 [INFO] Starting ranging mode
ptd-server 2022-07-21 01:45:15,692 [INFO] Sending to ptd: 'Go,1000,0,2022-07-21_01-44-47_ranging'
ptd-server 2022-07-21 01:45:15,692 [INFO] Reply from ptd: 'Starting untimed measurement, maximum 500000 samples at 1000ms with 0 rampup samples'
ptd-server 2022-07-21 01:45:15,692 [INFO] Sending reply to client 'OK'
ptd-server 2022-07-21 01:55:40,576 [INFO] Got command from the client 'session,2022-07-21_01-44-47,stop,ranging'
ptd-server 2022-07-21 01:55:50,586 [INFO] Sending to ptd: 'Stop'
ptd-server 2022-07-21 01:55:50,586 [INFO] Reply from ptd: 'Stopping untimed measurement'
ptd-server 2022-07-21 01:55:50,876 [INFO] Sending reply to client 'OK'
ptd-server 2022-07-21 01:55:50,927 [INFO] Got command from the client 'time'
ptd-server 2022-07-21 01:55:50,927 [INFO] Sending reply to client '1658364950.9273682'
ptd-server 2022-07-21 01:55:50,928 [INFO] Got command from the client 'session,2022-07-21_01-44-47,start,testing'
ptd-server 2022-07-21 01:55:50,928 [INFO] Sending to ptd: 'SR,V,250.800000'
ptd-server 2022-07-21 01:55:52,429 [INFO] Reply from ptd: 'Range V changed'
ptd-server 2022-07-21 01:55:52,430 [INFO] Sending to ptd: 'SR,A,0.055860'
ptd-server 2022-07-21 01:55:53,931 [INFO] Reply from ptd: 'Range A changed'
ptd-server 2022-07-21 01:56:03,941 [INFO] Starting testing mode
ptd-server 2022-07-21 01:56:03,941 [INFO] Sending to ptd: 'Go,1000,0,2022-07-21_01-44-47_testing'
ptd-server 2022-07-21 01:56:03,942 [INFO] Reply from ptd: 'Starting untimed measurement, maximum 500000 samples at 1000ms with 0 rampup samples'
ptd-server 2022-07-21 01:56:03,942 [INFO] Sending reply to client 'OK'
ptd-server 2022-07-21 02:06:24,969 [INFO] Got command from the client 'session,2022-07-21_01-44-47,stop,testing'
ptd-server 2022-07-21 02:06:34,979 [INFO] Sending to ptd: 'Stop'
ptd-server 2022-07-21 02:06:34,980 [INFO] Reply from ptd: 'Stopping untimed measurement'
ptd-server 2022-07-21 02:06:35,134 [INFO] Sending reply to client 'OK'
ptd-server 2022-07-21 02:06:35,142 [INFO] Got command from the client 'session,2022-07-21_01-44-47,done'
ptd-server 2022-07-21 02:06:35,142 [INFO] Sending to ptd: 'Stop'
ptd-server 2022-07-21 02:06:35,943 [INFO] Reply from ptd: 'Error: no measurement to stop'
ptd-server 2022-07-21 02:06:35,943 [INFO] Sending to ptd: 'SR,V,Auto'
ptd-server 2022-07-21 02:06:36,445 [INFO] Reply from ptd: 'Range V changed'
ptd-server 2022-07-21 02:06:36,446 [INFO] Sending to ptd: 'SR,A,0.500000'
ptd-server 2022-07-21 02:06:37,947 [INFO] Reply from ptd: 'Range A changed'
ptd-server 2022-07-21 02:06:37,947 [INFO] Set initial values for Amps 0.500000 and Volts Auto
ptd-server 2022-07-21 02:06:37,947 [INFO] Stopping ptd...
