ptd-server 2022-07-20 21:57:15,478 [INFO] Got command from the client 'time'
ptd-server 2022-07-20 21:57:15,478 [INFO] Sending reply to client '1658350635.4786649'
ptd-server 2022-07-20 21:57:15,482 [INFO] Got command from the client 'new,,8040ae2e-d294-4ee6-98fe-282d25848df6'
ptd-server 2022-07-20 21:57:15,482 [INFO] Sending reply to client 'OK 2022-07-20_21-57-15,734dcbb5-ad75-4685-a996-71715f28ec59'
ptd-server 2022-07-20 21:57:15,518 [INFO] Got command from the client 'time'
ptd-server 2022-07-20 21:57:15,518 [INFO] Sending reply to client '1658350635.5186694'
ptd-server 2022-07-20 21:57:15,522 [INFO] Got command from the client 'session,2022-07-20_21-57-15,start,ranging'
ptd-server 2022-07-20 21:57:15,522 [INFO] Running PTDaemon: ['/home/anton/projects/mlperf/power/inference_v1.0/ptd-linux-x86', '-l', '/tmp/tmp7lgbo8s4/ptd_logfile.txt', '-p', '8888', '49', '/dev/usbtmc0']
ptd-server 2022-07-20 21:57:32,696 [INFO] Sending to ptd: 'Hello'
ptd-server 2022-07-20 21:57:32,697 [INFO] Reply from ptd: 'Hello, PTDaemon here!'
ptd-server 2022-07-20 21:57:32,697 [INFO] Sending to ptd: 'Identify'
ptd-server 2022-07-20 21:57:32,697 [INFO] Reply from ptd: 'YokogawaWT310E,1000,1,1,1,1,0,1,1,version=1.9.2-e8c7a49a-20201208,OS=Linux 5.13.0-52-generic #59~20.04.1-Ubuntu SMP Thu Jun 16 21:21:28 UTC 2022 x86_64,mode=power,1,1,1,0,0,no_cal_date,YOKOGAWA;WT310E;C3XA04010E;F1.04'
ptd-server 2022-07-20 21:57:32,697 [INFO] Connected to PTDaemon
ptd-server 2022-07-20 21:57:32,697 [INFO] Sending to ptd: 'RR'
ptd-server 2022-07-20 21:57:32,698 [INFO] Reply from ptd: 'Ranges,0,0.500000,1,300.000000'
ptd-server 2022-07-20 21:57:32,698 [INFO] Initial range for Amps is 0.500000 for Volts is Auto
ptd-server 2022-07-20 21:57:32,698 [INFO] Sending to ptd: 'SR,V,Auto'
ptd-server 2022-07-20 21:57:33,201 [INFO] Reply from ptd: 'Range V changed'
ptd-server 2022-07-20 21:57:33,201 [INFO] Sending to ptd: 'SR,A,Auto'
ptd-server 2022-07-20 21:57:33,703 [INFO] Reply from ptd: 'Range A changed'
ptd-server 2022-07-20 21:57:43,713 [INFO] Starting ranging mode
ptd-server 2022-07-20 21:57:43,714 [INFO] Sending to ptd: 'Go,1000,0,2022-07-20_21-57-15_ranging'
ptd-server 2022-07-20 21:57:43,714 [INFO] Reply from ptd: 'Starting untimed measurement, maximum 500000 samples at 1000ms with 0 rampup samples'
ptd-server 2022-07-20 21:57:43,714 [INFO] Sending reply to client 'OK'
ptd-server 2022-07-20 22:08:02,118 [INFO] Got command from the client 'session,2022-07-20_21-57-15,stop,ranging'
ptd-server 2022-07-20 22:08:12,129 [INFO] Sending to ptd: 'Stop'
ptd-server 2022-07-20 22:08:12,129 [INFO] Reply from ptd: 'Stopping untimed measurement'
ptd-server 2022-07-20 22:08:12,396 [INFO] Sending reply to client 'OK'
ptd-server 2022-07-20 22:08:12,474 [INFO] Got command from the client 'time'
ptd-server 2022-07-20 22:08:12,474 [INFO] Sending reply to client '1658351292.4745154'
ptd-server 2022-07-20 22:08:12,478 [INFO] Got command from the client 'session,2022-07-20_21-57-15,start,testing'
ptd-server 2022-07-20 22:08:12,478 [INFO] Sending to ptd: 'SR,V,250.560000'
ptd-server 2022-07-20 22:08:14,216 [INFO] Reply from ptd: 'Range V changed'
ptd-server 2022-07-20 22:08:14,216 [INFO] Sending to ptd: 'SR,A,0.077930'
ptd-server 2022-07-20 22:08:15,717 [INFO] Reply from ptd: 'Range A changed'
ptd-server 2022-07-20 22:08:25,727 [INFO] Starting testing mode
ptd-server 2022-07-20 22:08:25,728 [INFO] Sending to ptd: 'Go,1000,0,2022-07-20_21-57-15_testing'
ptd-server 2022-07-20 22:08:25,728 [INFO] Reply from ptd: 'Starting untimed measurement, maximum 500000 samples at 1000ms with 0 rampup samples'
ptd-server 2022-07-20 22:08:25,728 [INFO] Sending reply to client 'OK'
ptd-server 2022-07-20 22:18:43,869 [INFO] Got command from the client 'session,2022-07-20_21-57-15,stop,testing'
ptd-server 2022-07-20 22:18:53,880 [INFO] Sending to ptd: 'Stop'
ptd-server 2022-07-20 22:18:53,880 [INFO] Reply from ptd: 'Stopping untimed measurement'
ptd-server 2022-07-20 22:18:54,029 [INFO] Sending reply to client 'OK'
ptd-server 2022-07-20 22:18:54,052 [INFO] Got command from the client 'session,2022-07-20_21-57-15,done'
ptd-server 2022-07-20 22:18:54,053 [INFO] Sending to ptd: 'Stop'
ptd-server 2022-07-20 22:18:54,729 [INFO] Reply from ptd: 'Error: no measurement to stop'
ptd-server 2022-07-20 22:18:54,729 [INFO] Sending to ptd: 'SR,V,Auto'
ptd-server 2022-07-20 22:18:55,231 [INFO] Reply from ptd: 'Range V changed'
ptd-server 2022-07-20 22:18:55,232 [INFO] Sending to ptd: 'SR,A,0.500000'
ptd-server 2022-07-20 22:18:56,733 [INFO] Reply from ptd: 'Range A changed'
ptd-server 2022-07-20 22:18:56,733 [INFO] Set initial values for Amps 0.500000 and Volts Auto
ptd-server 2022-07-20 22:18:56,733 [INFO] Stopping ptd...
