ptd-server 2022-08-02 22:19:42,424 [INFO] Got command from the client 'time'
ptd-server 2022-08-02 22:19:42,424 [INFO] Sending reply to client '1659475182.424966'
ptd-server 2022-08-02 22:19:42,425 [INFO] Got command from the client 'new,,34c22804-0c79-4879-8e56-6edc1d38823c'
ptd-server 2022-08-02 22:19:42,426 [INFO] Sending reply to client 'OK 2022-08-02_22-19-42,b6e6e996-47a9-4ec0-b80b-7877510f8ea6'
ptd-server 2022-08-02 22:19:42,454 [INFO] Got command from the client 'time'
ptd-server 2022-08-02 22:19:42,454 [INFO] Sending reply to client '1659475182.4549413'
ptd-server 2022-08-02 22:19:42,455 [INFO] Got command from the client 'session,2022-08-02_22-19-42,start,ranging'
ptd-server 2022-08-02 22:19:42,456 [INFO] Running PTDaemon: ['/home/anton/projects/mlperf/power/inference_v1.0/ptd-linux-x86', '-l', '/tmp/tmp7lgbo8s4/ptd_logfile.txt', '-p', '8888', '49', '/dev/usbtmc0']
ptd-server 2022-08-02 22:19:59,630 [INFO] Sending to ptd: 'Hello'
ptd-server 2022-08-02 22:19:59,631 [INFO] Reply from ptd: 'Hello, PTDaemon here!'
ptd-server 2022-08-02 22:19:59,631 [INFO] Sending to ptd: 'Identify'
ptd-server 2022-08-02 22:19:59,631 [INFO] Reply from ptd: 'YokogawaWT310E,1000,1,1,1,1,0,1,1,version=1.9.2-e8c7a49a-20201208,OS=Linux 5.13.0-52-generic #59~20.04.1-Ubuntu SMP Thu Jun 16 21:21:28 UTC 2022 x86_64,mode=power,1,1,1,0,0,no_cal_date,YOKOGAWA;WT310E;C3XA04010E;F1.04'
ptd-server 2022-08-02 22:19:59,631 [INFO] Connected to PTDaemon
ptd-server 2022-08-02 22:19:59,631 [INFO] Sending to ptd: 'RR'
ptd-server 2022-08-02 22:19:59,632 [INFO] Reply from ptd: 'Ranges,0,0.500000,1,300.000000'
ptd-server 2022-08-02 22:19:59,632 [INFO] Initial range for Amps is 0.500000 for Volts is Auto
ptd-server 2022-08-02 22:19:59,632 [INFO] Sending to ptd: 'SR,V,Auto'
ptd-server 2022-08-02 22:20:00,134 [INFO] Reply from ptd: 'Range V changed'
ptd-server 2022-08-02 22:20:00,135 [INFO] Sending to ptd: 'SR,A,Auto'
ptd-server 2022-08-02 22:20:00,637 [INFO] Reply from ptd: 'Range A changed'
ptd-server 2022-08-02 22:20:10,647 [INFO] Starting ranging mode
ptd-server 2022-08-02 22:20:10,648 [INFO] Sending to ptd: 'Go,1000,0,2022-08-02_22-19-42_ranging'
ptd-server 2022-08-02 22:20:10,648 [INFO] Reply from ptd: 'Starting untimed measurement, maximum 500000 samples at 1000ms with 0 rampup samples'
ptd-server 2022-08-02 22:20:10,648 [INFO] Sending reply to client 'OK'
ptd-server 2022-08-02 22:30:24,900 [INFO] Got command from the client 'session,2022-08-02_22-19-42,stop,ranging'
ptd-server 2022-08-02 22:30:34,910 [INFO] Sending to ptd: 'Stop'
ptd-server 2022-08-02 22:30:34,911 [INFO] Reply from ptd: 'Stopping untimed measurement'
ptd-server 2022-08-02 22:30:36,465 [INFO] Sending reply to client 'OK'
ptd-server 2022-08-02 22:30:36,520 [INFO] Got command from the client 'time'
ptd-server 2022-08-02 22:30:36,520 [INFO] Sending reply to client '1659475836.5204275'
ptd-server 2022-08-02 22:30:36,522 [INFO] Got command from the client 'session,2022-08-02_22-19-42,start,testing'
ptd-server 2022-08-02 22:30:36,522 [INFO] Sending to ptd: 'SR,V,249.730000'
ptd-server 2022-08-02 22:30:38,023 [INFO] Reply from ptd: 'Range V changed'
ptd-server 2022-08-02 22:30:38,023 [INFO] Sending to ptd: 'SR,A,0.269590'
ptd-server 2022-08-02 22:30:39,525 [INFO] Reply from ptd: 'Range A changed'
ptd-server 2022-08-02 22:30:49,535 [INFO] Starting testing mode
ptd-server 2022-08-02 22:30:49,535 [INFO] Sending to ptd: 'Go,1000,0,2022-08-02_22-19-42_testing'
ptd-server 2022-08-02 22:30:49,535 [INFO] Reply from ptd: 'Starting untimed measurement, maximum 500000 samples at 1000ms with 0 rampup samples'
ptd-server 2022-08-02 22:30:49,536 [INFO] Sending reply to client 'OK'
ptd-server 2022-08-02 22:41:03,682 [INFO] Got command from the client 'session,2022-08-02_22-19-42,stop,testing'
ptd-server 2022-08-02 22:41:13,687 [INFO] Sending to ptd: 'Stop'
ptd-server 2022-08-02 22:41:13,688 [INFO] Reply from ptd: 'Stopping untimed measurement'
ptd-server 2022-08-02 22:41:14,479 [INFO] Sending reply to client 'OK'
ptd-server 2022-08-02 22:41:14,488 [INFO] Got command from the client 'session,2022-08-02_22-19-42,done'
ptd-server 2022-08-02 22:41:14,489 [INFO] Sending to ptd: 'Stop'
ptd-server 2022-08-02 22:41:14,536 [INFO] Reply from ptd: 'Error: no measurement to stop'
ptd-server 2022-08-02 22:41:14,536 [INFO] Sending to ptd: 'SR,V,Auto'
ptd-server 2022-08-02 22:41:15,038 [INFO] Reply from ptd: 'Range V changed'
ptd-server 2022-08-02 22:41:15,038 [INFO] Sending to ptd: 'SR,A,0.500000'
ptd-server 2022-08-02 22:41:16,540 [INFO] Reply from ptd: 'Range A changed'
ptd-server 2022-08-02 22:41:16,540 [INFO] Set initial values for Amps 0.500000 and Volts Auto
ptd-server 2022-08-02 22:41:16,540 [INFO] Stopping ptd...
