ptd-server 2022-07-19 08:55:21,006 [INFO] Got command from the client 'time'
ptd-server 2022-07-19 08:55:21,007 [INFO] Sending reply to client '1658217321.0070648'
ptd-server 2022-07-19 08:55:21,012 [INFO] Got command from the client 'new,,50b418b3-1040-4777-9fc8-95ea69f1b1f8'
ptd-server 2022-07-19 08:55:21,013 [INFO] Sending reply to client 'OK 2022-07-19_08-55-21,29e4f274-a147-4951-8dba-57f2ef7599ad'
ptd-server 2022-07-19 08:55:21,068 [INFO] Got command from the client 'time'
ptd-server 2022-07-19 08:55:21,068 [INFO] Sending reply to client '1658217321.0682056'
ptd-server 2022-07-19 08:55:21,075 [INFO] Got command from the client 'session,2022-07-19_08-55-21,start,ranging'
ptd-server 2022-07-19 08:55:21,076 [INFO] Running PTDaemon: ['/home/anton/projects/mlperf/power/inference_v1.0/ptd-linux-x86', '-l', '/tmp/tmp7lgbo8s4/ptd_logfile.txt', '-p', '8888', '49', '/dev/usbtmc0']
ptd-server 2022-07-19 08:55:38,250 [INFO] Sending to ptd: 'Hello'
ptd-server 2022-07-19 08:55:38,250 [INFO] Reply from ptd: 'Hello, PTDaemon here!'
ptd-server 2022-07-19 08:55:38,250 [INFO] Sending to ptd: 'Identify'
ptd-server 2022-07-19 08:55:38,251 [INFO] Reply from ptd: 'YokogawaWT310E,1000,1,1,1,1,0,1,1,version=1.9.2-e8c7a49a-20201208,OS=Linux 5.13.0-52-generic #59~20.04.1-Ubuntu SMP Thu Jun 16 21:21:28 UTC 2022 x86_64,mode=power,1,1,1,0,0,no_cal_date,YOKOGAWA;WT310E;C3XA04010E;F1.04'
ptd-server 2022-07-19 08:55:38,251 [INFO] Connected to PTDaemon
ptd-server 2022-07-19 08:55:38,251 [INFO] Sending to ptd: 'RR'
ptd-server 2022-07-19 08:55:38,251 [INFO] Reply from ptd: 'Ranges,0,0.500000,1,300.000000'
ptd-server 2022-07-19 08:55:38,252 [INFO] Initial range for Amps is 0.500000 for Volts is Auto
ptd-server 2022-07-19 08:55:38,252 [INFO] Sending to ptd: 'SR,V,Auto'
ptd-server 2022-07-19 08:55:38,754 [INFO] Reply from ptd: 'Range V changed'
ptd-server 2022-07-19 08:55:38,754 [INFO] Sending to ptd: 'SR,A,Auto'
ptd-server 2022-07-19 08:55:39,257 [INFO] Reply from ptd: 'Range A changed'
ptd-server 2022-07-19 08:55:49,267 [INFO] Starting ranging mode
ptd-server 2022-07-19 08:55:49,267 [INFO] Sending to ptd: 'Go,1000,0,2022-07-19_08-55-21_ranging'
ptd-server 2022-07-19 08:55:49,268 [INFO] Reply from ptd: 'Starting untimed measurement, maximum 500000 samples at 1000ms with 0 rampup samples'
ptd-server 2022-07-19 08:55:49,268 [INFO] Sending reply to client 'OK'
ptd-server 2022-07-19 09:06:06,931 [INFO] Got command from the client 'session,2022-07-19_08-55-21,stop,ranging'
ptd-server 2022-07-19 09:06:16,941 [INFO] Sending to ptd: 'Stop'
ptd-server 2022-07-19 09:06:16,941 [INFO] Reply from ptd: 'Stopping untimed measurement'
ptd-server 2022-07-19 09:06:17,018 [INFO] Sending reply to client 'OK'
ptd-server 2022-07-19 09:06:17,484 [INFO] Got command from the client 'time'
ptd-server 2022-07-19 09:06:17,484 [INFO] Sending reply to client '1658217977.484881'
ptd-server 2022-07-19 09:06:17,603 [INFO] Got command from the client 'session,2022-07-19_08-55-21,start,testing'
ptd-server 2022-07-19 09:06:17,604 [INFO] Sending to ptd: 'SR,V,249.770000'
ptd-server 2022-07-19 09:06:19,105 [INFO] Reply from ptd: 'Range V changed'
ptd-server 2022-07-19 09:06:19,105 [INFO] Sending to ptd: 'SR,A,0.081700'
ptd-server 2022-07-19 09:06:20,607 [INFO] Reply from ptd: 'Range A changed'
ptd-server 2022-07-19 09:06:30,617 [INFO] Starting testing mode
ptd-server 2022-07-19 09:06:30,617 [INFO] Sending to ptd: 'Go,1000,0,2022-07-19_08-55-21_testing'
ptd-server 2022-07-19 09:06:30,617 [INFO] Reply from ptd: 'Starting untimed measurement, maximum 500000 samples at 1000ms with 0 rampup samples'
ptd-server 2022-07-19 09:06:30,618 [INFO] Sending reply to client 'OK'
ptd-server 2022-07-19 09:16:47,897 [INFO] Got command from the client 'session,2022-07-19_08-55-21,stop,testing'
ptd-server 2022-07-19 09:16:57,907 [INFO] Sending to ptd: 'Stop'
ptd-server 2022-07-19 09:16:57,907 [INFO] Reply from ptd: 'Stopping untimed measurement'
ptd-server 2022-07-19 09:16:57,945 [INFO] Sending reply to client 'OK'
ptd-server 2022-07-19 09:16:57,995 [INFO] Got command from the client 'session,2022-07-19_08-55-21,done'
ptd-server 2022-07-19 09:16:57,995 [INFO] Sending to ptd: 'Stop'
ptd-server 2022-07-19 09:16:58,618 [INFO] Reply from ptd: 'Error: no measurement to stop'
ptd-server 2022-07-19 09:16:58,618 [INFO] Sending to ptd: 'SR,V,Auto'
ptd-server 2022-07-19 09:16:59,121 [INFO] Reply from ptd: 'Range V changed'
ptd-server 2022-07-19 09:16:59,121 [INFO] Sending to ptd: 'SR,A,0.500000'
ptd-server 2022-07-19 09:17:00,622 [INFO] Reply from ptd: 'Range A changed'
ptd-server 2022-07-19 09:17:00,622 [INFO] Set initial values for Amps 0.500000 and Volts Auto
ptd-server 2022-07-19 09:17:00,623 [INFO] Stopping ptd...
