ptd-server 2022-07-20 05:57:40,245 [INFO] Got command from the client 'time'
ptd-server 2022-07-20 05:57:40,245 [INFO] Sending reply to client '1658293060.245527'
ptd-server 2022-07-20 05:57:40,249 [INFO] Got command from the client 'new,,96228d27-6535-4d18-af52-07a625f32abb'
ptd-server 2022-07-20 05:57:40,249 [INFO] Sending reply to client 'OK 2022-07-20_05-57-40,2e36954b-c1ca-4e30-9ffc-2059e4a2aff1'
ptd-server 2022-07-20 05:57:40,347 [INFO] Got command from the client 'time'
ptd-server 2022-07-20 05:57:40,347 [INFO] Sending reply to client '1658293060.3477254'
ptd-server 2022-07-20 05:57:40,351 [INFO] Got command from the client 'session,2022-07-20_05-57-40,start,ranging'
ptd-server 2022-07-20 05:57:40,352 [INFO] Running PTDaemon: ['/home/anton/projects/mlperf/power/inference_v1.0/ptd-linux-x86', '-l', '/tmp/tmp7lgbo8s4/ptd_logfile.txt', '-p', '8888', '49', '/dev/usbtmc0']
ptd-server 2022-07-20 05:57:57,525 [INFO] Sending to ptd: 'Hello'
ptd-server 2022-07-20 05:57:57,526 [INFO] Reply from ptd: 'Hello, PTDaemon here!'
ptd-server 2022-07-20 05:57:57,526 [INFO] Sending to ptd: 'Identify'
ptd-server 2022-07-20 05:57:57,526 [INFO] Reply from ptd: 'YokogawaWT310E,1000,1,1,1,1,0,1,1,version=1.9.2-e8c7a49a-20201208,OS=Linux 5.13.0-52-generic #59~20.04.1-Ubuntu SMP Thu Jun 16 21:21:28 UTC 2022 x86_64,mode=power,1,1,1,0,0,no_cal_date,YOKOGAWA;WT310E;C3XA04010E;F1.04'
ptd-server 2022-07-20 05:57:57,527 [INFO] Connected to PTDaemon
ptd-server 2022-07-20 05:57:57,527 [INFO] Sending to ptd: 'RR'
ptd-server 2022-07-20 05:57:57,527 [INFO] Reply from ptd: 'Ranges,0,0.500000,1,300.000000'
ptd-server 2022-07-20 05:57:57,527 [INFO] Initial range for Amps is 0.500000 for Volts is Auto
ptd-server 2022-07-20 05:57:57,527 [INFO] Sending to ptd: 'SR,V,Auto'
ptd-server 2022-07-20 05:57:58,030 [INFO] Reply from ptd: 'Range V changed'
ptd-server 2022-07-20 05:57:58,030 [INFO] Sending to ptd: 'SR,A,Auto'
ptd-server 2022-07-20 05:57:58,532 [INFO] Reply from ptd: 'Range A changed'
ptd-server 2022-07-20 05:58:08,543 [INFO] Starting ranging mode
ptd-server 2022-07-20 05:58:08,543 [INFO] Sending to ptd: 'Go,1000,0,2022-07-20_05-57-40_ranging'
ptd-server 2022-07-20 05:58:08,543 [INFO] Reply from ptd: 'Starting untimed measurement, maximum 500000 samples at 1000ms with 0 rampup samples'
ptd-server 2022-07-20 05:58:08,543 [INFO] Sending reply to client 'OK'
ptd-server 2022-07-20 06:08:27,279 [INFO] Got command from the client 'session,2022-07-20_05-57-40,stop,ranging'
ptd-server 2022-07-20 06:08:37,290 [INFO] Sending to ptd: 'Stop'
ptd-server 2022-07-20 06:08:37,290 [INFO] Reply from ptd: 'Stopping untimed measurement'
ptd-server 2022-07-20 06:08:37,466 [INFO] Sending reply to client 'OK'
ptd-server 2022-07-20 06:08:37,572 [INFO] Got command from the client 'time'
ptd-server 2022-07-20 06:08:37,572 [INFO] Sending reply to client '1658293717.5723474'
ptd-server 2022-07-20 06:08:37,577 [INFO] Got command from the client 'session,2022-07-20_05-57-40,start,testing'
ptd-server 2022-07-20 06:08:37,577 [INFO] Sending to ptd: 'SR,V,248.300000'
ptd-server 2022-07-20 06:08:39,078 [INFO] Reply from ptd: 'Range V changed'
ptd-server 2022-07-20 06:08:39,078 [INFO] Sending to ptd: 'SR,A,0.080980'
ptd-server 2022-07-20 06:08:40,580 [INFO] Reply from ptd: 'Range A changed'
ptd-server 2022-07-20 06:08:50,590 [INFO] Starting testing mode
ptd-server 2022-07-20 06:08:50,590 [INFO] Sending to ptd: 'Go,1000,0,2022-07-20_05-57-40_testing'
ptd-server 2022-07-20 06:08:50,591 [INFO] Reply from ptd: 'Starting untimed measurement, maximum 500000 samples at 1000ms with 0 rampup samples'
ptd-server 2022-07-20 06:08:50,591 [INFO] Sending reply to client 'OK'
ptd-server 2022-07-20 06:19:08,990 [INFO] Got command from the client 'session,2022-07-20_05-57-40,stop,testing'
ptd-server 2022-07-20 06:19:19,001 [INFO] Sending to ptd: 'Stop'
ptd-server 2022-07-20 06:19:19,001 [INFO] Reply from ptd: 'Stopping untimed measurement'
ptd-server 2022-07-20 06:19:19,103 [INFO] Sending reply to client 'OK'
ptd-server 2022-07-20 06:19:19,153 [INFO] Got command from the client 'session,2022-07-20_05-57-40,done'
ptd-server 2022-07-20 06:19:19,153 [INFO] Sending to ptd: 'Stop'
ptd-server 2022-07-20 06:19:19,591 [INFO] Reply from ptd: 'Error: no measurement to stop'
ptd-server 2022-07-20 06:19:19,592 [INFO] Sending to ptd: 'SR,V,Auto'
ptd-server 2022-07-20 06:19:20,094 [INFO] Reply from ptd: 'Range V changed'
ptd-server 2022-07-20 06:19:20,094 [INFO] Sending to ptd: 'SR,A,0.500000'
ptd-server 2022-07-20 06:19:21,596 [INFO] Reply from ptd: 'Range A changed'
ptd-server 2022-07-20 06:19:21,596 [INFO] Set initial values for Amps 0.500000 and Volts Auto
ptd-server 2022-07-20 06:19:21,596 [INFO] Stopping ptd...
