ptd-server 2022-07-22 02:58:50,068 [INFO] Got command from the client 'time'
ptd-server 2022-07-22 02:58:50,068 [INFO] Sending reply to client '1658455130.068714'
ptd-server 2022-07-22 02:58:50,069 [INFO] Got command from the client 'new,,c716957e-c769-44dd-9001-6e01ccf51518'
ptd-server 2022-07-22 02:58:50,070 [INFO] Sending reply to client 'OK 2022-07-22_02-58-50,01e70ce8-373a-480c-8107-84e9be3e77e0'
ptd-server 2022-07-22 02:58:50,108 [INFO] Got command from the client 'time'
ptd-server 2022-07-22 02:58:50,108 [INFO] Sending reply to client '1658455130.1086626'
ptd-server 2022-07-22 02:58:50,109 [INFO] Got command from the client 'session,2022-07-22_02-58-50,start,ranging'
ptd-server 2022-07-22 02:58:50,110 [INFO] Running PTDaemon: ['/home/anton/projects/mlperf/power/inference_v1.0/ptd-linux-x86', '-l', '/tmp/tmp7lgbo8s4/ptd_logfile.txt', '-p', '8888', '49', '/dev/usbtmc0']
ptd-server 2022-07-22 02:59:07,284 [INFO] Sending to ptd: 'Hello'
ptd-server 2022-07-22 02:59:07,284 [INFO] Reply from ptd: 'Hello, PTDaemon here!'
ptd-server 2022-07-22 02:59:07,285 [INFO] Sending to ptd: 'Identify'
ptd-server 2022-07-22 02:59:07,285 [INFO] Reply from ptd: 'YokogawaWT310E,1000,1,1,1,1,0,1,1,version=1.9.2-e8c7a49a-20201208,OS=Linux 5.13.0-52-generic #59~20.04.1-Ubuntu SMP Thu Jun 16 21:21:28 UTC 2022 x86_64,mode=power,1,1,1,0,0,no_cal_date,YOKOGAWA;WT310E;C3XA04010E;F1.04'
ptd-server 2022-07-22 02:59:07,285 [INFO] Connected to PTDaemon
ptd-server 2022-07-22 02:59:07,285 [INFO] Sending to ptd: 'RR'
ptd-server 2022-07-22 02:59:07,286 [INFO] Reply from ptd: 'Ranges,0,0.500000,1,300.000000'
ptd-server 2022-07-22 02:59:07,286 [INFO] Initial range for Amps is 0.500000 for Volts is Auto
ptd-server 2022-07-22 02:59:07,286 [INFO] Sending to ptd: 'SR,V,Auto'
ptd-server 2022-07-22 02:59:07,788 [INFO] Reply from ptd: 'Range V changed'
ptd-server 2022-07-22 02:59:07,789 [INFO] Sending to ptd: 'SR,A,Auto'
ptd-server 2022-07-22 02:59:08,291 [INFO] Reply from ptd: 'Range A changed'
ptd-server 2022-07-22 02:59:18,301 [INFO] Starting ranging mode
ptd-server 2022-07-22 02:59:18,302 [INFO] Sending to ptd: 'Go,1000,0,2022-07-22_02-58-50_ranging'
ptd-server 2022-07-22 02:59:18,302 [INFO] Reply from ptd: 'Starting untimed measurement, maximum 500000 samples at 1000ms with 0 rampup samples'
ptd-server 2022-07-22 02:59:18,302 [INFO] Sending reply to client 'OK'
ptd-server 2022-07-22 03:09:39,526 [INFO] Got command from the client 'session,2022-07-22_02-58-50,stop,ranging'
ptd-server 2022-07-22 03:09:49,536 [INFO] Sending to ptd: 'Stop'
ptd-server 2022-07-22 03:09:49,537 [INFO] Reply from ptd: 'Stopping untimed measurement'
ptd-server 2022-07-22 03:09:49,940 [INFO] Sending reply to client 'OK'
ptd-server 2022-07-22 03:09:49,985 [INFO] Got command from the client 'time'
ptd-server 2022-07-22 03:09:49,986 [INFO] Sending reply to client '1658455789.986036'
ptd-server 2022-07-22 03:09:49,986 [INFO] Got command from the client 'session,2022-07-22_02-58-50,start,testing'
ptd-server 2022-07-22 03:09:49,987 [INFO] Sending to ptd: 'SR,V,249.720000'
ptd-server 2022-07-22 03:09:51,803 [INFO] Reply from ptd: 'Range V changed'
ptd-server 2022-07-22 03:09:51,803 [INFO] Sending to ptd: 'SR,A,0.068430'
ptd-server 2022-07-22 03:09:53,305 [INFO] Reply from ptd: 'Range A changed'
ptd-server 2022-07-22 03:10:03,315 [INFO] Starting testing mode
ptd-server 2022-07-22 03:10:03,315 [INFO] Sending to ptd: 'Go,1000,0,2022-07-22_02-58-50_testing'
ptd-server 2022-07-22 03:10:03,316 [INFO] Reply from ptd: 'Starting untimed measurement, maximum 500000 samples at 1000ms with 0 rampup samples'
ptd-server 2022-07-22 03:10:03,316 [INFO] Sending reply to client 'OK'
ptd-server 2022-07-22 03:20:24,471 [INFO] Got command from the client 'session,2022-07-22_02-58-50,stop,testing'
ptd-server 2022-07-22 03:20:34,481 [INFO] Sending to ptd: 'Stop'
ptd-server 2022-07-22 03:20:34,482 [INFO] Reply from ptd: 'Stopping untimed measurement'
ptd-server 2022-07-22 03:20:34,692 [INFO] Sending reply to client 'OK'
ptd-server 2022-07-22 03:20:34,700 [INFO] Got command from the client 'session,2022-07-22_02-58-50,done'
ptd-server 2022-07-22 03:20:34,700 [INFO] Sending to ptd: 'Stop'
ptd-server 2022-07-22 03:20:35,317 [INFO] Reply from ptd: 'Error: no measurement to stop'
ptd-server 2022-07-22 03:20:35,317 [INFO] Sending to ptd: 'SR,V,Auto'
ptd-server 2022-07-22 03:20:35,820 [INFO] Reply from ptd: 'Range V changed'
ptd-server 2022-07-22 03:20:35,820 [INFO] Sending to ptd: 'SR,A,0.500000'
ptd-server 2022-07-22 03:20:37,321 [INFO] Reply from ptd: 'Range A changed'
ptd-server 2022-07-22 03:20:37,321 [INFO] Set initial values for Amps 0.500000 and Volts Auto
ptd-server 2022-07-22 03:20:37,322 [INFO] Stopping ptd...
