client 2022-07-29 21:14:01,521 [INFO] Sending command to the server: 'mlcommons/power client v3'
client 2022-07-29 21:14:01,521 [INFO] Got response: 'mlcommons/power server v3'
client 2022-07-29 21:14:01,522 [INFO] Sending command to the server: 'stop'
client 2022-07-29 21:14:01,523 [INFO] Got response: 'OK'
client 2022-07-29 21:14:01,523 [INFO] Synchronizing with the server and with 192.168.123.123...
client 2022-07-29 21:14:01,525 [INFO] NTP:offset = 0.000 s, delay = 0.000 s 
client 2022-07-29 21:14:01,525 [INFO] Sending command to the server: 'time'
client 2022-07-29 21:14:01,526 [INFO] Got response: '1659129241.4600215'
client 2022-07-29 21:14:01,526 [INFO] The time difference between the client and the server is within range 65.811 ms..66.812 ms
client 2022-07-29 21:14:01,526 [INFO] Sending command to the server: 'new,,f9010c3a-5782-438d-8d38-7b63225e71de'
client 2022-07-29 21:14:01,528 [INFO] Got response: 'OK 2022-07-29_21-14-01,3a2721e5-53af-4ed3-b971-8b2be3c36685'
client 2022-07-29 21:14:01,528 [INFO] Session id is '2022-07-29_21-14-01'
client 2022-07-29 21:14:01,528 [INFO] Sources: {"sources": {"__init__.py": "da39a3ee5e6b4b0d3255bfef95601890afd80709", "client.py": "33ca4f26368777ac06e01f9567b714a4b8063886", "lib/__init__.py": "da39a3ee5e6b4b0d3255bfef95601890afd80709", "lib/client.py": "4c2b78fb4849a7e5b584ef792d82aaed20b17f57", "lib/common.py": "624d0c0acc7c39aaff3674f0b99d6a09da53d1dc", "lib/external/__init__.py": "da39a3ee5e6b4b0d3255bfef95601890afd80709", "lib/external/ntplib.py": "4da8f970656505a40483206ef2b5d3dd5e81711d", "lib/server.py": "cda0cdfaee9bfa1249c64a7dd4f89b7bf1b279f0", "lib/source_hashes.py": "60a2e02193209e8d392803326208d5466342da18", "lib/summary.py": "aa92f0a3f975eecd44d3c0cd0236342ccc9f941d", "lib/time_sync.py": "3210db56eb0ff0df57bf4293dc4d4b03fffd46f1", "server.py": "c3f90f2f7eeb4db30727556d0c815ebc89b3d28b", "tests/unit/__init__.py": "da39a3ee5e6b4b0d3255bfef95601890afd80709", "tests/unit/test_server.py": "99ae15aef722f2000ee6ed1ae1523637bf1ae42b", "tests/unit/test_source_hashes.py": "00468a2907583c593e6574a1f6b404e4651c221a"}, "modules": {"ptd_client_server.lib.client": "lib/client.py", "ptd_client_server.lib.common": "lib/common.py", "ptd_client_server.lib.external.ntplib": "lib/external/ntplib.py", "ptd_client_server.lib.source_hashes": "lib/source_hashes.py", "ptd_client_server.lib.summary": "lib/summary.py", "ptd_client_server.lib.time_sync": "lib/time_sync.py"}}
client 2022-07-29 21:14:01,528 [INFO] Running workload in ranging mode
client 2022-07-29 21:14:01,528 [INFO] Synchronizing with the server and with 192.168.123.123...
client 2022-07-29 21:14:01,529 [INFO] NTP:offset = 0.000 s, delay = 0.000 s 
client 2022-07-29 21:14:01,529 [INFO] Sending command to the server: 'time'
client 2022-07-29 21:14:01,530 [INFO] Got response: '1659129241.4634466'
client 2022-07-29 21:14:01,530 [INFO] The time difference between the client and the server is within range 65.814 ms..66.730 ms
client 2022-07-29 21:14:01,530 [INFO] Sending command to the server: 'session,2022-07-29_21-14-01,start,ranging'
client 2022-07-29 21:14:40,613 [INFO] Got response: 'OK'
client 2022-07-29 21:14:40,614 [INFO] Running the workload 'LOG_DIR=/work/build/power_logs_temp python3 -m code.main_v2 --benchmarks=bert --scenarios=server --config_ver=high_accuracy_maxq --action="run_harness" \\\n\t\t2>&1 | tee -a /work/build/power_logs/2022.07.29-21.13.53/stdout.txt \\\n\t\t&& if [ ! -d /work/build/power_logs/2022.07.29-21.13.53/ranging_tmp ]; \\\n\t\t\tthen mkdir /work/build/power_logs/2022.07.29-21.13.53/ranging_tmp \\\n\t\t\t\t&& mv /work/build/power_logs_temp/* /work/build/power_logs/2022.07.29-21.13.53/ranging_tmp/ \\\n\t\t\t\t&& cp -v /work/build/power_logs/2022.07.29-21.13.53/ranging_tmp/*/*/*/mlperf_log_detail.txt /work/build/power_logs_temp/ \\\n\t\t\t\t&& cp -v /work/build/power_logs/2022.07.29-21.13.53/ranging_tmp/*/*/*/mlperf_log_summary.txt /work/build/power_logs_temp/; \\\n\t\t\telse mkdir /work/build/power_logs/2022.07.29-21.13.53/testing_tmp \\\n\t\t\t\t&& mv /work/build/power_logs_temp/* /work/build/power_logs/2022.07.29-21.13.53/testing_tmp/ \\\n\t\t\t\t&& cp -v /work/build/power_logs/2022.07.29-21.13.53/testing_tmp/*/*/*/mlperf_log_detail.txt /work/build/power_logs_temp/ \\\n\t\t\t\t&& cp -v /work/build/power_logs/2022.07.29-21.13.53/testing_tmp/*/*/*/mlperf_log_summary.txt /work/build/power_logs_temp/; fi'
client 2022-07-29 22:30:42,211 [INFO] Sending command to the server: 'session,2022-07-29_21-14-01,stop,ranging'
client 2022-07-29 22:30:52,359 [INFO] Got response: 'OK'
client 2022-07-29 22:30:52,369 [INFO] Copying loadgen logs from '/work/build/power_logs_temp' to '/work/build/power_logs/2022.07.29-21.13.53/2022-07-29_21-14-01/ranging'
client 2022-07-29 22:30:52,369 [INFO] Running workload in testing mode
client 2022-07-29 22:30:52,370 [INFO] Synchronizing with the server and with 192.168.123.123...
client 2022-07-29 22:30:52,371 [INFO] NTP:offset = 0.000 s, delay = 0.000 s 
client 2022-07-29 22:30:52,371 [INFO] Sending command to the server: 'time'
client 2022-07-29 22:30:52,372 [INFO] Got response: '1659133852.133051'
client 2022-07-29 22:30:52,372 [INFO] The time difference between the client and the server is within range 238.181 ms..239.112 ms
client 2022-07-29 22:30:52,372 [WARNING] The time difference between the client and the server is more than 200 ms
client 2022-07-29 22:30:52,372 [INFO] Sending command to the server: 'set_ntp'
client 2022-07-29 22:30:53,390 [INFO] Got response: 'OK'
client 2022-07-29 22:30:53,390 [INFO] Synchronizing with 192.168.123.123 time using NTP...
client 2022-07-29 22:31:00,506 [INFO] Set system time at 2022-07-29 22:31:00.506433
client 2022-07-29 22:31:00,508 [INFO] NTP:offset = 0.000 s, delay = 0.001 s 
client 2022-07-29 22:31:00,509 [INFO] Sending command to the server: 'time'
client 2022-07-29 22:31:00,510 [INFO] Got response: '1659133860.5089333'
client 2022-07-29 22:31:00,510 [INFO] The time difference between the client and the server is within range 0.032 ms..1.367 ms
client 2022-07-29 22:31:00,510 [INFO] Sending command to the server: 'session,2022-07-29_21-14-01,start,testing'
client 2022-07-29 22:31:22,192 [INFO] Got response: 'OK'
client 2022-07-29 22:31:22,192 [INFO] Running the workload 'LOG_DIR=/work/build/power_logs_temp python3 -m code.main_v2 --benchmarks=bert --scenarios=server --config_ver=high_accuracy_maxq --action="run_harness" \\\n\t\t2>&1 | tee -a /work/build/power_logs/2022.07.29-21.13.53/stdout.txt \\\n\t\t&& if [ ! -d /work/build/power_logs/2022.07.29-21.13.53/ranging_tmp ]; \\\n\t\t\tthen mkdir /work/build/power_logs/2022.07.29-21.13.53/ranging_tmp \\\n\t\t\t\t&& mv /work/build/power_logs_temp/* /work/build/power_logs/2022.07.29-21.13.53/ranging_tmp/ \\\n\t\t\t\t&& cp -v /work/build/power_logs/2022.07.29-21.13.53/ranging_tmp/*/*/*/mlperf_log_detail.txt /work/build/power_logs_temp/ \\\n\t\t\t\t&& cp -v /work/build/power_logs/2022.07.29-21.13.53/ranging_tmp/*/*/*/mlperf_log_summary.txt /work/build/power_logs_temp/; \\\n\t\t\telse mkdir /work/build/power_logs/2022.07.29-21.13.53/testing_tmp \\\n\t\t\t\t&& mv /work/build/power_logs_temp/* /work/build/power_logs/2022.07.29-21.13.53/testing_tmp/ \\\n\t\t\t\t&& cp -v /work/build/power_logs/2022.07.29-21.13.53/testing_tmp/*/*/*/mlperf_log_detail.txt /work/build/power_logs_temp/ \\\n\t\t\t\t&& cp -v /work/build/power_logs/2022.07.29-21.13.53/testing_tmp/*/*/*/mlperf_log_summary.txt /work/build/power_logs_temp/; fi'
client 2022-07-29 23:47:23,873 [INFO] Sending command to the server: 'session,2022-07-29_21-14-01,stop,testing'
client 2022-07-29 23:47:33,923 [INFO] Got response: 'OK'
client 2022-07-29 23:47:33,925 [INFO] Copying loadgen logs from '/work/build/power_logs_temp' to '/work/build/power_logs/2022.07.29-21.13.53/2022-07-29_21-14-01/run_1'
client 2022-07-29 23:47:33,926 [INFO] Done runs
