ptd-server 2022-07-29 21:14:01,455 [INFO] Got command from the client 'stop'
ptd-server 2022-07-29 21:14:01,456 [INFO] The server will be stopped after processing this client
ptd-server 2022-07-29 21:14:01,456 [INFO] Sending reply to client 'OK'
ptd-server 2022-07-29 21:14:01,459 [INFO] Got command from the client 'time'
ptd-server 2022-07-29 21:14:01,460 [INFO] Sending reply to client '1659129241.4600215'
ptd-server 2022-07-29 21:14:01,460 [INFO] Got command from the client 'new,,f9010c3a-5782-438d-8d38-7b63225e71de'
ptd-server 2022-07-29 21:14:01,461 [INFO] Sending reply to client 'OK 2022-07-29_21-14-01,3a2721e5-53af-4ed3-b971-8b2be3c36685'
ptd-server 2022-07-29 21:14:01,463 [INFO] Got command from the client 'time'
ptd-server 2022-07-29 21:14:01,463 [INFO] Sending reply to client '1659129241.4634466'
ptd-server 2022-07-29 21:14:01,464 [INFO] Got command from the client 'session,2022-07-29_21-14-01,start,ranging'
ptd-server 2022-07-29 21:14:01,566 [INFO] Running PTDaemon: ['C:\\PTD\\ptd-windows-x86.exe', '-l', 'C:\\Users\\pa\\AppData\\Local\\Temp\\tmprrm4dzjv\\ptd_logfile.txt', '-p', '8888', '-c', '1,2', '-y', '77', 'C2WL21005V']
ptd-server 2022-07-29 21:14:19,865 [INFO] Sending to ptd: 'Hello'
ptd-server 2022-07-29 21:14:19,866 [INFO] Reply from ptd: 'Hello, PTDaemon here!'
ptd-server 2022-07-29 21:14:19,866 [INFO] Sending to ptd: 'Identify'
ptd-server 2022-07-29 21:14:19,867 [INFO] Reply from ptd: 'YokogawaWT330_multichannel,1000,1,1,1,1,0,0,1,version=1.9.2-3976349f-20201208,OS=Windows 8 / Server 2012,mode=power,1,1,2,0,0,no_cal_date,YOKOGAWA;WT333E;C2WL21005V;F1.04'
ptd-server 2022-07-29 21:14:19,867 [INFO] Connected to PTDaemon
ptd-server 2022-07-29 21:14:19,868 [INFO] Sending to ptd: 'RR'
ptd-server 2022-07-29 21:14:19,868 [INFO] Reply from ptd: 'Ranges,-1,-1.000000,-1,-1.000000'
ptd-server 2022-07-29 21:14:19,868 [INFO] Initial range for Amps is Auto for Volts is Auto
ptd-server 2022-07-29 21:14:19,868 [INFO] Sending to ptd: 'SR,V,Auto'
ptd-server 2022-07-29 21:14:24,939 [INFO] Reply from ptd: 'Range V changed'
ptd-server 2022-07-29 21:14:24,939 [INFO] Sending to ptd: 'SR,A,20'
ptd-server 2022-07-29 21:14:30,528 [INFO] Reply from ptd: 'Range A changed'
ptd-server 2022-07-29 21:14:40,544 [INFO] Starting ranging mode
ptd-server 2022-07-29 21:14:40,544 [INFO] Sending to ptd: 'Go,1000,0,2022-07-29_21-14-01_ranging'
ptd-server 2022-07-29 21:14:40,544 [INFO] Reply from ptd: 'Starting untimed measurement, maximum 500000 samples at 1000ms with 0 rampup samples'
ptd-server 2022-07-29 21:14:40,545 [INFO] Sending reply to client 'OK'
ptd-server 2022-07-29 22:30:41,973 [INFO] Got command from the client 'session,2022-07-29_21-14-01,stop,ranging'
ptd-server 2022-07-29 22:30:51,984 [INFO] Sending to ptd: 'Stop'
ptd-server 2022-07-29 22:30:51,984 [INFO] Reply from ptd: 'Stopping untimed measurement'
ptd-server 2022-07-29 22:30:52,120 [INFO] Sending reply to client 'OK'
ptd-server 2022-07-29 22:30:52,132 [INFO] Got command from the client 'time'
ptd-server 2022-07-29 22:30:52,133 [INFO] Sending reply to client '1659133852.133051'
ptd-server 2022-07-29 22:30:52,133 [INFO] Got command from the client 'set_ntp'
ptd-server 2022-07-29 22:30:52,134 [INFO] Synchronizing with 192.168.123.123 time using NTP...
ptd-server 2022-07-29 22:30:53,389 [INFO] Set system time at 2022-07-29 22:30:53.389359
ptd-server 2022-07-29 22:30:53,389 [INFO] Sending reply to client 'OK'
ptd-server 2022-07-29 22:31:00,508 [INFO] Got command from the client 'time'
ptd-server 2022-07-29 22:31:00,508 [INFO] Sending reply to client '1659133860.5089333'
ptd-server 2022-07-29 22:31:00,510 [INFO] Got command from the client 'session,2022-07-29_21-14-01,start,testing'
ptd-server 2022-07-29 22:31:00,510 [INFO] Sending to ptd: 'SR,V,119.590000'
ptd-server 2022-07-29 22:31:06,594 [INFO] Reply from ptd: 'Range V changed'
ptd-server 2022-07-29 22:31:06,594 [INFO] Sending to ptd: 'SR,A,1.406000'
ptd-server 2022-07-29 22:31:12,176 [INFO] Reply from ptd: 'Range A changed'
ptd-server 2022-07-29 22:31:22,189 [INFO] Starting testing mode
ptd-server 2022-07-29 22:31:22,189 [INFO] Sending to ptd: 'Go,1000,0,2022-07-29_21-14-01_testing'
ptd-server 2022-07-29 22:31:22,190 [INFO] Reply from ptd: 'Starting untimed measurement, maximum 500000 samples at 1000ms with 0 rampup samples'
ptd-server 2022-07-29 22:31:22,190 [INFO] Sending reply to client 'OK'
ptd-server 2022-07-29 23:47:23,702 [INFO] Got command from the client 'session,2022-07-29_21-14-01,stop,testing'
ptd-server 2022-07-29 23:47:33,712 [INFO] Sending to ptd: 'Stop'
ptd-server 2022-07-29 23:47:33,712 [INFO] Reply from ptd: 'Stopping untimed measurement'
ptd-server 2022-07-29 23:47:33,749 [INFO] Sending reply to client 'OK'
ptd-server 2022-07-29 23:47:33,757 [INFO] Got command from the client 'session,2022-07-29_21-14-01,done'
ptd-server 2022-07-29 23:47:33,757 [INFO] Sending to ptd: 'Stop'
ptd-server 2022-07-29 23:47:34,195 [INFO] Reply from ptd: 'Error: no measurement to stop'
ptd-server 2022-07-29 23:47:34,195 [INFO] Sending to ptd: 'SR,V,Auto'
ptd-server 2022-07-29 23:47:39,269 [INFO] Reply from ptd: 'Range V changed'
ptd-server 2022-07-29 23:47:39,269 [INFO] Sending to ptd: 'SR,A,Auto'
ptd-server 2022-07-29 23:47:44,334 [INFO] Reply from ptd: 'Range A changed'
ptd-server 2022-07-29 23:47:44,334 [INFO] Set initial values for Amps Auto and Volts Auto
ptd-server 2022-07-29 23:47:44,334 [INFO] Stopping ptd...
