ptd-server 2022-07-22 04:26:31,732 [INFO] Got command from the client 'time'
ptd-server 2022-07-22 04:26:31,732 [INFO] Sending reply to client '1658460391.7328544'
ptd-server 2022-07-22 04:26:31,734 [INFO] Got command from the client 'new,,38741d74-f924-4723-8399-e564a16c69fc'
ptd-server 2022-07-22 04:26:31,734 [INFO] Sending reply to client 'OK 2022-07-22_04-26-31,f4a9b30f-011d-45c8-b7a1-a32a39c4729f'
ptd-server 2022-07-22 04:26:31,772 [INFO] Got command from the client 'time'
ptd-server 2022-07-22 04:26:31,772 [INFO] Sending reply to client '1658460391.7727156'
ptd-server 2022-07-22 04:26:31,773 [INFO] Got command from the client 'session,2022-07-22_04-26-31,start,ranging'
ptd-server 2022-07-22 04:26:31,774 [INFO] Running PTDaemon: ['/home/anton/projects/mlperf/power/inference_v1.0/ptd-linux-x86', '-l', '/tmp/tmp7lgbo8s4/ptd_logfile.txt', '-p', '8888', '49', '/dev/usbtmc0']
ptd-server 2022-07-22 04:26:48,949 [INFO] Sending to ptd: 'Hello'
ptd-server 2022-07-22 04:26:48,950 [INFO] Reply from ptd: 'Hello, PTDaemon here!'
ptd-server 2022-07-22 04:26:48,950 [INFO] Sending to ptd: 'Identify'
ptd-server 2022-07-22 04:26:48,950 [INFO] Reply from ptd: 'YokogawaWT310E,1000,1,1,1,1,0,1,1,version=1.9.2-e8c7a49a-20201208,OS=Linux 5.13.0-52-generic #59~20.04.1-Ubuntu SMP Thu Jun 16 21:21:28 UTC 2022 x86_64,mode=power,1,1,1,0,0,no_cal_date,YOKOGAWA;WT310E;C3XA04010E;F1.04'
ptd-server 2022-07-22 04:26:48,950 [INFO] Connected to PTDaemon
ptd-server 2022-07-22 04:26:48,950 [INFO] Sending to ptd: 'RR'
ptd-server 2022-07-22 04:26:48,951 [INFO] Reply from ptd: 'Ranges,0,0.500000,1,300.000000'
ptd-server 2022-07-22 04:26:48,951 [INFO] Initial range for Amps is 0.500000 for Volts is Auto
ptd-server 2022-07-22 04:26:48,951 [INFO] Sending to ptd: 'SR,V,Auto'
ptd-server 2022-07-22 04:26:49,453 [INFO] Reply from ptd: 'Range V changed'
ptd-server 2022-07-22 04:26:49,454 [INFO] Sending to ptd: 'SR,A,Auto'
ptd-server 2022-07-22 04:26:49,956 [INFO] Reply from ptd: 'Range A changed'
ptd-server 2022-07-22 04:26:59,966 [INFO] Starting ranging mode
ptd-server 2022-07-22 04:26:59,967 [INFO] Sending to ptd: 'Go,1000,0,2022-07-22_04-26-31_ranging'
ptd-server 2022-07-22 04:26:59,967 [INFO] Reply from ptd: 'Starting untimed measurement, maximum 500000 samples at 1000ms with 0 rampup samples'
ptd-server 2022-07-22 04:26:59,967 [INFO] Sending reply to client 'OK'
ptd-server 2022-07-22 04:37:21,280 [INFO] Got command from the client 'session,2022-07-22_04-26-31,stop,ranging'
ptd-server 2022-07-22 04:37:31,290 [INFO] Sending to ptd: 'Stop'
ptd-server 2022-07-22 04:37:31,291 [INFO] Reply from ptd: 'Stopping untimed measurement'
ptd-server 2022-07-22 04:37:31,697 [INFO] Sending reply to client 'OK'
ptd-server 2022-07-22 04:37:31,750 [INFO] Got command from the client 'time'
ptd-server 2022-07-22 04:37:31,750 [INFO] Sending reply to client '1658461051.7509384'
ptd-server 2022-07-22 04:37:31,752 [INFO] Got command from the client 'session,2022-07-22_04-26-31,start,testing'
ptd-server 2022-07-22 04:37:31,752 [INFO] Sending to ptd: 'SR,V,249.590000'
ptd-server 2022-07-22 04:37:33,468 [INFO] Reply from ptd: 'Range V changed'
ptd-server 2022-07-22 04:37:33,468 [INFO] Sending to ptd: 'SR,A,0.066830'
ptd-server 2022-07-22 04:37:34,970 [INFO] Reply from ptd: 'Range A changed'
ptd-server 2022-07-22 04:37:44,980 [INFO] Starting testing mode
ptd-server 2022-07-22 04:37:44,980 [INFO] Sending to ptd: 'Go,1000,0,2022-07-22_04-26-31_testing'
ptd-server 2022-07-22 04:37:44,981 [INFO] Reply from ptd: 'Starting untimed measurement, maximum 500000 samples at 1000ms with 0 rampup samples'
ptd-server 2022-07-22 04:37:44,981 [INFO] Sending reply to client 'OK'
ptd-server 2022-07-22 04:48:06,347 [INFO] Got command from the client 'session,2022-07-22_04-26-31,stop,testing'
ptd-server 2022-07-22 04:48:16,357 [INFO] Sending to ptd: 'Stop'
ptd-server 2022-07-22 04:48:16,358 [INFO] Reply from ptd: 'Stopping untimed measurement'
ptd-server 2022-07-22 04:48:16,576 [INFO] Sending reply to client 'OK'
ptd-server 2022-07-22 04:48:16,584 [INFO] Got command from the client 'session,2022-07-22_04-26-31,done'
ptd-server 2022-07-22 04:48:16,584 [INFO] Sending to ptd: 'Stop'
ptd-server 2022-07-22 04:48:16,981 [INFO] Reply from ptd: 'Error: no measurement to stop'
ptd-server 2022-07-22 04:48:16,982 [INFO] Sending to ptd: 'SR,V,Auto'
ptd-server 2022-07-22 04:48:17,484 [INFO] Reply from ptd: 'Range V changed'
ptd-server 2022-07-22 04:48:17,484 [INFO] Sending to ptd: 'SR,A,0.500000'
ptd-server 2022-07-22 04:48:18,986 [INFO] Reply from ptd: 'Range A changed'
ptd-server 2022-07-22 04:48:18,986 [INFO] Set initial values for Amps 0.500000 and Volts Auto
ptd-server 2022-07-22 04:48:18,986 [INFO] Stopping ptd...
