ptd-server 2022-08-01 15:33:52,885 [INFO] Got command from the client 'time'
ptd-server 2022-08-01 15:33:52,885 [INFO] Sending reply to client '1659364432.8852224'
ptd-server 2022-08-01 15:33:52,886 [INFO] Got command from the client 'new,,df73a8fb-e82e-4983-a367-0a410f8109c5'
ptd-server 2022-08-01 15:33:52,886 [INFO] Sending reply to client 'OK 2022-08-01_15-33-52,1e38396d-8c46-4169-9504-758670d08e43'
ptd-server 2022-08-01 15:33:52,915 [INFO] Got command from the client 'time'
ptd-server 2022-08-01 15:33:52,915 [INFO] Sending reply to client '1659364432.9151475'
ptd-server 2022-08-01 15:33:52,915 [INFO] Got command from the client 'session,2022-08-01_15-33-52,start,ranging'
ptd-server 2022-08-01 15:33:52,916 [INFO] Running PTDaemon: ['/home/anton/projects/mlperf/power/inference_v1.0/ptd-linux-x86', '-l', '/tmp/tmp7lgbo8s4/ptd_logfile.txt', '-p', '8888', '49', '/dev/usbtmc0']
ptd-server 2022-08-01 15:34:10,090 [INFO] Sending to ptd: 'Hello'
ptd-server 2022-08-01 15:34:10,090 [INFO] Reply from ptd: 'Hello, PTDaemon here!'
ptd-server 2022-08-01 15:34:10,090 [INFO] Sending to ptd: 'Identify'
ptd-server 2022-08-01 15:34:10,091 [INFO] Reply from ptd: 'YokogawaWT310E,1000,1,1,1,1,0,1,1,version=1.9.2-e8c7a49a-20201208,OS=Linux 5.13.0-52-generic #59~20.04.1-Ubuntu SMP Thu Jun 16 21:21:28 UTC 2022 x86_64,mode=power,1,1,1,0,0,no_cal_date,YOKOGAWA;WT310E;C3XA04010E;F1.04'
ptd-server 2022-08-01 15:34:10,091 [INFO] Connected to PTDaemon
ptd-server 2022-08-01 15:34:10,091 [INFO] Sending to ptd: 'RR'
ptd-server 2022-08-01 15:34:10,091 [INFO] Reply from ptd: 'Ranges,0,0.500000,1,300.000000'
ptd-server 2022-08-01 15:34:10,092 [INFO] Initial range for Amps is 0.500000 for Volts is Auto
ptd-server 2022-08-01 15:34:10,092 [INFO] Sending to ptd: 'SR,V,Auto'
ptd-server 2022-08-01 15:34:10,594 [INFO] Reply from ptd: 'Range V changed'
ptd-server 2022-08-01 15:34:10,594 [INFO] Sending to ptd: 'SR,A,Auto'
ptd-server 2022-08-01 15:34:11,097 [INFO] Reply from ptd: 'Range A changed'
ptd-server 2022-08-01 15:34:21,107 [INFO] Starting ranging mode
ptd-server 2022-08-01 15:34:21,107 [INFO] Sending to ptd: 'Go,1000,0,2022-08-01_15-33-52_ranging'
ptd-server 2022-08-01 15:34:21,108 [INFO] Reply from ptd: 'Starting untimed measurement, maximum 500000 samples at 1000ms with 0 rampup samples'
ptd-server 2022-08-01 15:34:21,108 [INFO] Sending reply to client 'OK'
ptd-server 2022-08-01 15:44:45,811 [INFO] Got command from the client 'session,2022-08-01_15-33-52,stop,ranging'
ptd-server 2022-08-01 15:44:55,822 [INFO] Sending to ptd: 'Stop'
ptd-server 2022-08-01 15:44:55,822 [INFO] Reply from ptd: 'Stopping untimed measurement'
ptd-server 2022-08-01 15:44:57,221 [INFO] Sending reply to client 'OK'
ptd-server 2022-08-01 15:44:57,271 [INFO] Got command from the client 'time'
ptd-server 2022-08-01 15:44:57,271 [INFO] Sending reply to client '1659365097.27155'
ptd-server 2022-08-01 15:44:57,272 [INFO] Got command from the client 'session,2022-08-01_15-33-52,start,testing'
ptd-server 2022-08-01 15:44:57,272 [INFO] Sending to ptd: 'SR,V,250.960000'
ptd-server 2022-08-01 15:44:58,774 [INFO] Reply from ptd: 'Range V changed'
ptd-server 2022-08-01 15:44:58,774 [INFO] Sending to ptd: 'SR,A,0.261900'
ptd-server 2022-08-01 15:45:00,275 [INFO] Reply from ptd: 'Range A changed'
ptd-server 2022-08-01 15:45:10,286 [INFO] Starting testing mode
ptd-server 2022-08-01 15:45:10,286 [INFO] Sending to ptd: 'Go,1000,0,2022-08-01_15-33-52_testing'
ptd-server 2022-08-01 15:45:10,286 [INFO] Reply from ptd: 'Starting untimed measurement, maximum 500000 samples at 1000ms with 0 rampup samples'
ptd-server 2022-08-01 15:45:10,286 [INFO] Sending reply to client 'OK'
ptd-server 2022-08-01 15:55:24,284 [INFO] Got command from the client 'session,2022-08-01_15-33-52,stop,testing'
ptd-server 2022-08-01 15:55:34,291 [INFO] Sending to ptd: 'Stop'
ptd-server 2022-08-01 15:55:34,292 [INFO] Reply from ptd: 'Stopping untimed measurement'
ptd-server 2022-08-01 15:55:35,010 [INFO] Sending reply to client 'OK'
ptd-server 2022-08-01 15:55:35,020 [INFO] Got command from the client 'session,2022-08-01_15-33-52,done'
ptd-server 2022-08-01 15:55:35,020 [INFO] Sending to ptd: 'Stop'
ptd-server 2022-08-01 15:55:35,287 [INFO] Reply from ptd: 'Error: no measurement to stop'
ptd-server 2022-08-01 15:55:35,287 [INFO] Sending to ptd: 'SR,V,Auto'
ptd-server 2022-08-01 15:55:35,789 [INFO] Reply from ptd: 'Range V changed'
ptd-server 2022-08-01 15:55:35,790 [INFO] Sending to ptd: 'SR,A,0.500000'
ptd-server 2022-08-01 15:55:37,291 [INFO] Reply from ptd: 'Range A changed'
ptd-server 2022-08-01 15:55:37,291 [INFO] Set initial values for Amps 0.500000 and Volts Auto
ptd-server 2022-08-01 15:55:37,291 [INFO] Stopping ptd...
