ptd-server 2022-07-21 13:46:24,018 [INFO] Got command from the client 'time'
ptd-server 2022-07-21 13:46:24,018 [INFO] Sending reply to client '1658407584.0182047'
ptd-server 2022-07-21 13:46:24,019 [INFO] Got command from the client 'new,,86f67774-25d6-4b18-b189-edb2700dfd2f'
ptd-server 2022-07-21 13:46:24,020 [INFO] Sending reply to client 'OK 2022-07-21_13-46-24,a39b469c-bf72-42cc-85ea-afae7b5b73b0'
ptd-server 2022-07-21 13:46:24,061 [INFO] Got command from the client 'time'
ptd-server 2022-07-21 13:46:24,061 [INFO] Sending reply to client '1658407584.061746'
ptd-server 2022-07-21 13:46:24,062 [INFO] Got command from the client 'session,2022-07-21_13-46-24,start,ranging'
ptd-server 2022-07-21 13:46:24,063 [INFO] Running PTDaemon: ['/home/anton/projects/mlperf/power/inference_v1.0/ptd-linux-x86', '-l', '/tmp/tmp7lgbo8s4/ptd_logfile.txt', '-p', '8888', '49', '/dev/usbtmc0']
ptd-server 2022-07-21 13:46:41,237 [INFO] Sending to ptd: 'Hello'
ptd-server 2022-07-21 13:46:41,237 [INFO] Reply from ptd: 'Hello, PTDaemon here!'
ptd-server 2022-07-21 13:46:41,237 [INFO] Sending to ptd: 'Identify'
ptd-server 2022-07-21 13:46:41,238 [INFO] Reply from ptd: 'YokogawaWT310E,1000,1,1,1,1,0,1,1,version=1.9.2-e8c7a49a-20201208,OS=Linux 5.13.0-52-generic #59~20.04.1-Ubuntu SMP Thu Jun 16 21:21:28 UTC 2022 x86_64,mode=power,1,1,1,0,0,no_cal_date,YOKOGAWA;WT310E;C3XA04010E;F1.04'
ptd-server 2022-07-21 13:46:41,238 [INFO] Connected to PTDaemon
ptd-server 2022-07-21 13:46:41,238 [INFO] Sending to ptd: 'RR'
ptd-server 2022-07-21 13:46:41,238 [INFO] Reply from ptd: 'Ranges,0,0.500000,1,300.000000'
ptd-server 2022-07-21 13:46:41,239 [INFO] Initial range for Amps is 0.500000 for Volts is Auto
ptd-server 2022-07-21 13:46:41,239 [INFO] Sending to ptd: 'SR,V,Auto'
ptd-server 2022-07-21 13:46:41,741 [INFO] Reply from ptd: 'Range V changed'
ptd-server 2022-07-21 13:46:41,741 [INFO] Sending to ptd: 'SR,A,Auto'
ptd-server 2022-07-21 13:46:42,244 [INFO] Reply from ptd: 'Range A changed'
ptd-server 2022-07-21 13:46:52,254 [INFO] Starting ranging mode
ptd-server 2022-07-21 13:46:52,254 [INFO] Sending to ptd: 'Go,1000,0,2022-07-21_13-46-24_ranging'
ptd-server 2022-07-21 13:46:52,255 [INFO] Reply from ptd: 'Starting untimed measurement, maximum 500000 samples at 1000ms with 0 rampup samples'
ptd-server 2022-07-21 13:46:52,255 [INFO] Sending reply to client 'OK'
ptd-server 2022-07-21 13:57:13,376 [INFO] Got command from the client 'session,2022-07-21_13-46-24,stop,ranging'
ptd-server 2022-07-21 13:57:23,386 [INFO] Sending to ptd: 'Stop'
ptd-server 2022-07-21 13:57:23,387 [INFO] Reply from ptd: 'Stopping untimed measurement'
ptd-server 2022-07-21 13:57:23,731 [INFO] Sending reply to client 'OK'
ptd-server 2022-07-21 13:57:23,796 [INFO] Got command from the client 'time'
ptd-server 2022-07-21 13:57:23,796 [INFO] Sending reply to client '1658408243.7964547'
ptd-server 2022-07-21 13:57:23,797 [INFO] Got command from the client 'session,2022-07-21_13-46-24,start,testing'
ptd-server 2022-07-21 13:57:23,797 [INFO] Sending to ptd: 'SR,V,252.120000'
ptd-server 2022-07-21 13:57:25,757 [INFO] Reply from ptd: 'Range V changed'
ptd-server 2022-07-21 13:57:25,757 [INFO] Sending to ptd: 'SR,A,0.060650'
ptd-server 2022-07-21 13:57:27,258 [INFO] Reply from ptd: 'Range A changed'
ptd-server 2022-07-21 13:57:37,269 [INFO] Starting testing mode
ptd-server 2022-07-21 13:57:37,269 [INFO] Sending to ptd: 'Go,1000,0,2022-07-21_13-46-24_testing'
ptd-server 2022-07-21 13:57:37,269 [INFO] Reply from ptd: 'Starting untimed measurement, maximum 500000 samples at 1000ms with 0 rampup samples'
ptd-server 2022-07-21 13:57:37,269 [INFO] Sending reply to client 'OK'
ptd-server 2022-07-21 14:07:58,257 [INFO] Got command from the client 'session,2022-07-21_13-46-24,stop,testing'
ptd-server 2022-07-21 14:08:08,267 [INFO] Sending to ptd: 'Stop'
ptd-server 2022-07-21 14:08:08,267 [INFO] Reply from ptd: 'Stopping untimed measurement'
ptd-server 2022-07-21 14:08:08,444 [INFO] Sending reply to client 'OK'
ptd-server 2022-07-21 14:08:08,452 [INFO] Got command from the client 'session,2022-07-21_13-46-24,done'
ptd-server 2022-07-21 14:08:08,452 [INFO] Sending to ptd: 'Stop'
ptd-server 2022-07-21 14:08:08,452 [INFO] Reply from ptd: 'Error: no measurement to stop'
ptd-server 2022-07-21 14:08:08,453 [INFO] Sending to ptd: 'SR,V,Auto'
ptd-server 2022-07-21 14:08:08,955 [INFO] Reply from ptd: 'Range V changed'
ptd-server 2022-07-21 14:08:08,955 [INFO] Sending to ptd: 'SR,A,0.500000'
ptd-server 2022-07-21 14:08:10,457 [INFO] Reply from ptd: 'Range A changed'
ptd-server 2022-07-21 14:08:10,457 [INFO] Set initial values for Amps 0.500000 and Volts Auto
ptd-server 2022-07-21 14:08:10,457 [INFO] Stopping ptd...
