ptd-server 2022-07-23 19:13:52,197 [INFO] Got command from the client 'time'
ptd-server 2022-07-23 19:13:52,197 [INFO] Sending reply to client '1658600032.1976442'
ptd-server 2022-07-23 19:13:52,198 [INFO] Got command from the client 'new,,043143de-ee8a-421f-a0d5-9a7e7ed8261b'
ptd-server 2022-07-23 19:13:52,199 [INFO] Sending reply to client 'OK 2022-07-23_19-13-52,2823865c-4b6f-44cc-8e43-a012d0f1dc69'
ptd-server 2022-07-23 19:13:52,237 [INFO] Got command from the client 'time'
ptd-server 2022-07-23 19:13:52,237 [INFO] Sending reply to client '1658600032.2374825'
ptd-server 2022-07-23 19:13:52,238 [INFO] Got command from the client 'session,2022-07-23_19-13-52,start,ranging'
ptd-server 2022-07-23 19:13:52,238 [INFO] Running PTDaemon: ['/home/anton/projects/mlperf/power/inference_v1.0/ptd-linux-x86', '-l', '/tmp/tmp7lgbo8s4/ptd_logfile.txt', '-p', '8888', '49', '/dev/usbtmc0']
ptd-server 2022-07-23 19:14:09,412 [INFO] Sending to ptd: 'Hello'
ptd-server 2022-07-23 19:14:09,413 [INFO] Reply from ptd: 'Hello, PTDaemon here!'
ptd-server 2022-07-23 19:14:09,413 [INFO] Sending to ptd: 'Identify'
ptd-server 2022-07-23 19:14:09,414 [INFO] Reply from ptd: 'YokogawaWT310E,1000,1,1,1,1,0,1,1,version=1.9.2-e8c7a49a-20201208,OS=Linux 5.13.0-52-generic #59~20.04.1-Ubuntu SMP Thu Jun 16 21:21:28 UTC 2022 x86_64,mode=power,1,1,1,0,0,no_cal_date,YOKOGAWA;WT310E;C3XA04010E;F1.04'
ptd-server 2022-07-23 19:14:09,414 [INFO] Connected to PTDaemon
ptd-server 2022-07-23 19:14:09,414 [INFO] Sending to ptd: 'RR'
ptd-server 2022-07-23 19:14:09,414 [INFO] Reply from ptd: 'Ranges,0,0.500000,1,300.000000'
ptd-server 2022-07-23 19:14:09,414 [INFO] Initial range for Amps is 0.500000 for Volts is Auto
ptd-server 2022-07-23 19:14:09,414 [INFO] Sending to ptd: 'SR,V,Auto'
ptd-server 2022-07-23 19:14:09,917 [INFO] Reply from ptd: 'Range V changed'
ptd-server 2022-07-23 19:14:09,917 [INFO] Sending to ptd: 'SR,A,Auto'
ptd-server 2022-07-23 19:14:10,420 [INFO] Reply from ptd: 'Range A changed'
ptd-server 2022-07-23 19:14:20,430 [INFO] Starting ranging mode
ptd-server 2022-07-23 19:14:20,430 [INFO] Sending to ptd: 'Go,1000,0,2022-07-23_19-13-52_ranging'
ptd-server 2022-07-23 19:14:20,430 [INFO] Reply from ptd: 'Starting untimed measurement, maximum 500000 samples at 1000ms with 0 rampup samples'
ptd-server 2022-07-23 19:14:20,431 [INFO] Sending reply to client 'OK'
ptd-server 2022-07-23 19:24:37,307 [INFO] Got command from the client 'session,2022-07-23_19-13-52,stop,ranging'
ptd-server 2022-07-23 19:24:47,315 [INFO] Sending to ptd: 'Stop'
ptd-server 2022-07-23 19:24:47,315 [INFO] Reply from ptd: 'Stopping untimed measurement'
ptd-server 2022-07-23 19:24:47,907 [INFO] Sending reply to client 'OK'
ptd-server 2022-07-23 19:24:47,971 [INFO] Got command from the client 'time'
ptd-server 2022-07-23 19:24:47,972 [INFO] Sending reply to client '1658600687.9720333'
ptd-server 2022-07-23 19:24:47,973 [INFO] Got command from the client 'session,2022-07-23_19-13-52,start,testing'
ptd-server 2022-07-23 19:24:47,973 [INFO] Sending to ptd: 'SR,V,249.520000'
ptd-server 2022-07-23 19:24:49,475 [INFO] Reply from ptd: 'Range V changed'
ptd-server 2022-07-23 19:24:49,475 [INFO] Sending to ptd: 'SR,A,0.048870'
ptd-server 2022-07-23 19:24:50,976 [INFO] Reply from ptd: 'Range A changed'
ptd-server 2022-07-23 19:25:00,987 [INFO] Starting testing mode
ptd-server 2022-07-23 19:25:00,987 [INFO] Sending to ptd: 'Go,1000,0,2022-07-23_19-13-52_testing'
ptd-server 2022-07-23 19:25:00,987 [INFO] Reply from ptd: 'Starting untimed measurement, maximum 500000 samples at 1000ms with 0 rampup samples'
ptd-server 2022-07-23 19:25:00,987 [INFO] Sending reply to client 'OK'
ptd-server 2022-07-23 19:35:17,933 [INFO] Got command from the client 'session,2022-07-23_19-13-52,stop,testing'
ptd-server 2022-07-23 19:35:27,943 [INFO] Sending to ptd: 'Stop'
ptd-server 2022-07-23 19:35:27,944 [INFO] Reply from ptd: 'Stopping untimed measurement'
ptd-server 2022-07-23 19:35:28,259 [INFO] Sending reply to client 'OK'
ptd-server 2022-07-23 19:35:28,267 [INFO] Got command from the client 'session,2022-07-23_19-13-52,done'
ptd-server 2022-07-23 19:35:28,267 [INFO] Sending to ptd: 'Stop'
ptd-server 2022-07-23 19:35:28,267 [INFO] Reply from ptd: 'Error: no measurement to stop'
ptd-server 2022-07-23 19:35:28,267 [INFO] Sending to ptd: 'SR,V,Auto'
ptd-server 2022-07-23 19:35:28,770 [INFO] Reply from ptd: 'Range V changed'
ptd-server 2022-07-23 19:35:28,770 [INFO] Sending to ptd: 'SR,A,0.500000'
ptd-server 2022-07-23 19:35:30,271 [INFO] Reply from ptd: 'Range A changed'
ptd-server 2022-07-23 19:35:30,272 [INFO] Set initial values for Amps 0.500000 and Volts Auto
ptd-server 2022-07-23 19:35:30,272 [INFO] Stopping ptd...
