client 2022-07-21 22:53:40,814 [INFO] Sending command to the server: 'mlcommons/power client v3'
client 2022-07-21 22:53:40,820 [INFO] Got response: 'mlcommons/power server v3'
client 2022-07-21 22:53:40,820 [INFO] Sending command to the server: 'stop'
client 2022-07-21 22:53:40,823 [INFO] Got response: 'OK'
client 2022-07-21 22:53:40,823 [INFO] Synchronizing with the server and with ib-01.dc4-in.nvidia.com...
client 2022-07-21 22:53:41,026 [INFO] NTP:offset = -0.000 s, delay = 0.201 s 
client 2022-07-21 22:53:41,027 [INFO] Sending command to the server: 'time'
client 2022-07-21 22:53:41,028 [INFO] Got response: '1658444021.0463622'
client 2022-07-21 22:53:41,028 [INFO] The time difference between the client and the server is within range -19.354 ms..-17.497 ms
client 2022-07-21 22:53:41,028 [INFO] Sending command to the server: 'new,,2ba14ba6-011d-4ab8-85d0-7470bf406d71'
client 2022-07-21 22:53:41,031 [INFO] Got response: 'OK 2022-07-21_15-53-41,93b09d37-7f76-4abf-ad9d-3ec8a6a80a09'
client 2022-07-21 22:53:41,031 [INFO] Session id is '2022-07-21_15-53-41'
client 2022-07-21 22:53:41,031 [INFO] Sources: {"sources": {"__init__.py": "da39a3ee5e6b4b0d3255bfef95601890afd80709", "client.py": "33ca4f26368777ac06e01f9567b714a4b8063886", "lib/__init__.py": "da39a3ee5e6b4b0d3255bfef95601890afd80709", "lib/client.py": "4c2b78fb4849a7e5b584ef792d82aaed20b17f57", "lib/common.py": "624d0c0acc7c39aaff3674f0b99d6a09da53d1dc", "lib/external/__init__.py": "da39a3ee5e6b4b0d3255bfef95601890afd80709", "lib/external/ntplib.py": "4da8f970656505a40483206ef2b5d3dd5e81711d", "lib/server.py": "59c9fb92908260d3e9f81a895c7aa009742275e4", "lib/source_hashes.py": "60a2e02193209e8d392803326208d5466342da18", "lib/summary.py": "aa92f0a3f975eecd44d3c0cd0236342ccc9f941d", "lib/time_sync.py": "3210db56eb0ff0df57bf4293dc4d4b03fffd46f1", "server.py": "c3f90f2f7eeb4db30727556d0c815ebc89b3d28b", "tests/unit/__init__.py": "da39a3ee5e6b4b0d3255bfef95601890afd80709", "tests/unit/test_server.py": "99ae15aef722f2000ee6ed1ae1523637bf1ae42b", "tests/unit/test_source_hashes.py": "00468a2907583c593e6574a1f6b404e4651c221a"}, "modules": {"ptd_client_server.lib.client": "lib/client.py", "ptd_client_server.lib.common": "lib/common.py", "ptd_client_server.lib.external.ntplib": "lib/external/ntplib.py", "ptd_client_server.lib.source_hashes": "lib/source_hashes.py", "ptd_client_server.lib.summary": "lib/summary.py", "ptd_client_server.lib.time_sync": "lib/time_sync.py"}}
client 2022-07-21 22:53:41,035 [INFO] Running workload in ranging mode
client 2022-07-21 22:53:41,035 [INFO] Synchronizing with the server and with ib-01.dc4-in.nvidia.com...
client 2022-07-21 22:53:41,237 [INFO] NTP:offset = -0.000 s, delay = 0.201 s 
client 2022-07-21 22:53:41,237 [INFO] Sending command to the server: 'time'
client 2022-07-21 22:53:41,239 [INFO] Got response: '1658444021.2570298'
client 2022-07-21 22:53:41,239 [INFO] The time difference between the client and the server is within range -19.308 ms..-17.488 ms
client 2022-07-21 22:53:41,239 [INFO] Sending command to the server: 'session,2022-07-21_15-53-41,start,ranging'
client 2022-07-21 22:54:21,750 [INFO] Got response: 'OK'
client 2022-07-21 22:54:21,750 [INFO] Running the workload 'LOG_DIR=/work/build/power_logs_temp python3 -m code.main_v2 --benchmarks=bert --scenarios=Offline --test_mode=PerformanceOnly --config_ver=maxq_high_accuracy --action="run_harness" \\\n\t\t2>&1 | tee -a /work/build/power_logs/2022.07.21-22.52.59/stdout.txt \\\n\t\t&& if [ ! -d /work/build/power_logs/2022.07.21-22.52.59/ranging_tmp ]; \\\n\t\t\tthen mkdir /work/build/power_logs/2022.07.21-22.52.59/ranging_tmp \\\n\t\t\t\t&& mv /work/build/power_logs_temp/* /work/build/power_logs/2022.07.21-22.52.59/ranging_tmp/ \\\n\t\t\t\t&& cp -v /work/build/power_logs/2022.07.21-22.52.59/ranging_tmp/*/*/*/mlperf_log_detail.txt /work/build/power_logs_temp/ \\\n\t\t\t\t&& cp -v /work/build/power_logs/2022.07.21-22.52.59/ranging_tmp/*/*/*/mlperf_log_summary.txt /work/build/power_logs_temp/; \\\n\t\t\telse mkdir /work/build/power_logs/2022.07.21-22.52.59/testing_tmp \\\n\t\t\t\t&& mv /work/build/power_logs_temp/* /work/build/power_logs/2022.07.21-22.52.59/testing_tmp/ \\\n\t\t\t\t&& cp -v /work/build/power_logs/2022.07.21-22.52.59/testing_tmp/*/*/*/mlperf_log_detail.txt /work/build/power_logs_temp/ \\\n\t\t\t\t&& cp -v /work/build/power_logs/2022.07.21-22.52.59/testing_tmp/*/*/*/mlperf_log_summary.txt /work/build/power_logs_temp/; fi'
client 2022-07-21 23:05:40,061 [INFO] Sending command to the server: 'session,2022-07-21_15-53-41,stop,ranging'
client 2022-07-21 23:05:50,116 [INFO] Got response: 'OK'
client 2022-07-21 23:05:50,128 [INFO] Copying loadgen logs from '/work/build/power_logs_temp' to '/work/build/power_logs/2022.07.21-22.52.59/2022-07-21_15-53-41/ranging'
client 2022-07-21 23:05:50,149 [INFO] Running workload in testing mode
client 2022-07-21 23:05:50,150 [INFO] Synchronizing with the server and with ib-01.dc4-in.nvidia.com...
client 2022-07-21 23:05:50,352 [INFO] NTP:offset = 0.000 s, delay = 0.201 s 
client 2022-07-21 23:05:50,352 [INFO] Sending command to the server: 'time'
client 2022-07-21 23:05:50,354 [INFO] Got response: '1658444750.3755717'
client 2022-07-21 23:05:50,354 [INFO] The time difference between the client and the server is within range -23.249 ms..-21.392 ms
client 2022-07-21 23:05:50,354 [INFO] Sending command to the server: 'session,2022-07-21_15-53-41,start,testing'
client 2022-07-21 23:06:12,478 [INFO] Got response: 'OK'
client 2022-07-21 23:06:12,478 [INFO] Running the workload 'LOG_DIR=/work/build/power_logs_temp python3 -m code.main_v2 --benchmarks=bert --scenarios=Offline --test_mode=PerformanceOnly --config_ver=maxq_high_accuracy --action="run_harness" \\\n\t\t2>&1 | tee -a /work/build/power_logs/2022.07.21-22.52.59/stdout.txt \\\n\t\t&& if [ ! -d /work/build/power_logs/2022.07.21-22.52.59/ranging_tmp ]; \\\n\t\t\tthen mkdir /work/build/power_logs/2022.07.21-22.52.59/ranging_tmp \\\n\t\t\t\t&& mv /work/build/power_logs_temp/* /work/build/power_logs/2022.07.21-22.52.59/ranging_tmp/ \\\n\t\t\t\t&& cp -v /work/build/power_logs/2022.07.21-22.52.59/ranging_tmp/*/*/*/mlperf_log_detail.txt /work/build/power_logs_temp/ \\\n\t\t\t\t&& cp -v /work/build/power_logs/2022.07.21-22.52.59/ranging_tmp/*/*/*/mlperf_log_summary.txt /work/build/power_logs_temp/; \\\n\t\t\telse mkdir /work/build/power_logs/2022.07.21-22.52.59/testing_tmp \\\n\t\t\t\t&& mv /work/build/power_logs_temp/* /work/build/power_logs/2022.07.21-22.52.59/testing_tmp/ \\\n\t\t\t\t&& cp -v /work/build/power_logs/2022.07.21-22.52.59/testing_tmp/*/*/*/mlperf_log_detail.txt /work/build/power_logs_temp/ \\\n\t\t\t\t&& cp -v /work/build/power_logs/2022.07.21-22.52.59/testing_tmp/*/*/*/mlperf_log_summary.txt /work/build/power_logs_temp/; fi'
client 2022-07-21 23:17:34,666 [INFO] Sending command to the server: 'session,2022-07-21_15-53-41,stop,testing'
client 2022-07-21 23:17:44,703 [INFO] Got response: 'OK'
client 2022-07-21 23:17:44,710 [INFO] Copying loadgen logs from '/work/build/power_logs_temp' to '/work/build/power_logs/2022.07.21-22.52.59/2022-07-21_15-53-41/run_1'
client 2022-07-21 23:17:44,732 [INFO] Done runs
