ptd-server 2022-07-21 15:53:40,839 [INFO] Got command from the client 'stop'
ptd-server 2022-07-21 15:53:40,839 [INFO] The server will be stopped after processing this client
ptd-server 2022-07-21 15:53:40,840 [INFO] Sending reply to client 'OK'
ptd-server 2022-07-21 15:53:41,045 [INFO] Got command from the client 'time'
ptd-server 2022-07-21 15:53:41,046 [INFO] Sending reply to client '1658444021.0463622'
ptd-server 2022-07-21 15:53:41,047 [INFO] Got command from the client 'new,,2ba14ba6-011d-4ab8-85d0-7470bf406d71'
ptd-server 2022-07-21 15:53:41,049 [INFO] Sending reply to client 'OK 2022-07-21_15-53-41,93b09d37-7f76-4abf-ad9d-3ec8a6a80a09'
ptd-server 2022-07-21 15:53:41,256 [INFO] Got command from the client 'time'
ptd-server 2022-07-21 15:53:41,257 [INFO] Sending reply to client '1658444021.2570298'
ptd-server 2022-07-21 15:53:41,258 [INFO] Got command from the client 'session,2022-07-21_15-53-41,start,ranging'
ptd-server 2022-07-21 15:53:41,371 [INFO] Running PTDaemon: ['C:\\PTD\\ptd-windows-x86.exe', '-l', 'C:\\Users\\lab\\AppData\\Local\\Temp\\tmp94b_nwbj\\ptd_logfile.txt', '-p', '8888', '-c', '1,3', '-y', '77', '10.34.232.250']
ptd-server 2022-07-21 15:54:01,589 [INFO] Sending to ptd: 'Hello'
ptd-server 2022-07-21 15:54:01,590 [INFO] Reply from ptd: 'Hello, PTDaemon here!'
ptd-server 2022-07-21 15:54:01,590 [INFO] Sending to ptd: 'Identify'
ptd-server 2022-07-21 15:54:01,592 [INFO] Reply from ptd: 'YokogawaWT330_multichannel,1000,1,1,1,1,0,0,1,version=1.9.2-3976349f-20201208,OS=Windows 8 / Server 2012,mode=power,1,1,2,0,0,no_cal_date,YOKOGAWA;WT333E;C2WA21018V;F1.04'
ptd-server 2022-07-21 15:54:01,592 [INFO] Connected to PTDaemon
ptd-server 2022-07-21 15:54:01,593 [INFO] Sending to ptd: 'RR'
ptd-server 2022-07-21 15:54:01,594 [INFO] Reply from ptd: 'Ranges,0,10.000000,1,300.000000'
ptd-server 2022-07-21 15:54:01,595 [INFO] Initial range for Amps is 10.000000 for Volts is Auto
ptd-server 2022-07-21 15:54:01,596 [INFO] Sending to ptd: 'SR,V,Auto'
ptd-server 2022-07-21 15:54:06,664 [INFO] Reply from ptd: 'Range V changed'
ptd-server 2022-07-21 15:54:06,665 [INFO] Sending to ptd: 'SR,A,Auto'
ptd-server 2022-07-21 15:54:11,740 [INFO] Reply from ptd: 'Range A changed'
ptd-server 2022-07-21 15:54:21,744 [INFO] Starting ranging mode
ptd-server 2022-07-21 15:54:21,766 [INFO] Sending to ptd: 'Go,1000,0,2022-07-21_15-53-41_ranging'
ptd-server 2022-07-21 15:54:21,767 [INFO] Reply from ptd: 'Starting untimed measurement, maximum 500000 samples at 1000ms with 0 rampup samples'
ptd-server 2022-07-21 15:54:21,767 [INFO] Sending reply to client 'OK'
ptd-server 2022-07-21 16:05:40,083 [INFO] Got command from the client 'session,2022-07-21_15-53-41,stop,ranging'
ptd-server 2022-07-21 16:05:50,089 [INFO] Sending to ptd: 'Stop'
ptd-server 2022-07-21 16:05:50,090 [INFO] Reply from ptd: 'Stopping untimed measurement'
ptd-server 2022-07-21 16:05:50,136 [INFO] Sending reply to client 'OK'
ptd-server 2022-07-21 16:05:50,374 [INFO] Got command from the client 'time'
ptd-server 2022-07-21 16:05:50,375 [INFO] Sending reply to client '1658444750.3755717'
ptd-server 2022-07-21 16:05:50,376 [INFO] Got command from the client 'session,2022-07-21_15-53-41,start,testing'
ptd-server 2022-07-21 16:05:50,376 [INFO] Sending to ptd: 'SR,V,209.050000'
ptd-server 2022-07-21 16:05:56,861 [INFO] Reply from ptd: 'Range V changed'
ptd-server 2022-07-21 16:05:56,862 [INFO] Sending to ptd: 'SR,A,5.477800'
ptd-server 2022-07-21 16:06:02,444 [INFO] Reply from ptd: 'Range A changed'
ptd-server 2022-07-21 16:06:12,460 [INFO] Starting testing mode
ptd-server 2022-07-21 16:06:12,486 [INFO] Sending to ptd: 'Go,1000,0,2022-07-21_15-53-41_testing'
ptd-server 2022-07-21 16:06:12,497 [INFO] Reply from ptd: 'Starting untimed measurement, maximum 500000 samples at 1000ms with 0 rampup samples'
ptd-server 2022-07-21 16:06:12,498 [INFO] Sending reply to client 'OK'
ptd-server 2022-07-21 16:17:34,691 [INFO] Got command from the client 'session,2022-07-21_15-53-41,stop,testing'
ptd-server 2022-07-21 16:17:44,699 [INFO] Sending to ptd: 'Stop'
ptd-server 2022-07-21 16:17:44,701 [INFO] Reply from ptd: 'Stopping untimed measurement'
ptd-server 2022-07-21 16:17:44,726 [INFO] Sending reply to client 'OK'
ptd-server 2022-07-21 16:17:44,798 [INFO] Got command from the client 'session,2022-07-21_15-53-41,done'
ptd-server 2022-07-21 16:17:44,798 [INFO] Sending to ptd: 'Stop'
ptd-server 2022-07-21 16:17:45,514 [INFO] Reply from ptd: 'Error: no measurement to stop'
ptd-server 2022-07-21 16:17:45,515 [INFO] Sending to ptd: 'SR,V,Auto'
ptd-server 2022-07-21 16:17:50,575 [INFO] Reply from ptd: 'Range V changed'
ptd-server 2022-07-21 16:17:50,576 [INFO] Sending to ptd: 'SR,A,10.000000'
ptd-server 2022-07-21 16:17:56,158 [INFO] Reply from ptd: 'Range A changed'
ptd-server 2022-07-21 16:17:56,159 [INFO] Set initial values for Amps 10.000000 and Volts Auto
ptd-server 2022-07-21 16:17:56,160 [INFO] Stopping ptd...
