ptd-server 2022-07-30 14:15:42,328 [INFO] Got command from the client 'time'
ptd-server 2022-07-30 14:15:42,328 [INFO] Sending reply to client '1659208542.3288662'
ptd-server 2022-07-30 14:15:42,330 [INFO] Got command from the client 'new,,8e777936-1ad6-433b-a6e2-416b5aadf392'
ptd-server 2022-07-30 14:15:42,330 [INFO] Sending reply to client 'OK 2022-07-30_14-15-42,8a931b2a-c46a-4988-9e82-c1341c78537d'
ptd-server 2022-07-30 14:15:42,430 [INFO] Got command from the client 'time'
ptd-server 2022-07-30 14:15:42,430 [INFO] Sending reply to client '1659208542.430773'
ptd-server 2022-07-30 14:15:42,431 [INFO] Got command from the client 'session,2022-07-30_14-15-42,start,ranging'
ptd-server 2022-07-30 14:15:42,432 [INFO] Running PTDaemon: ['/local/mnt/workspace/mlcommons/power-main/inference_v1.0/ptd-linux-x86', '-l', '/tmp/tmp3rup6cv3/ptd_logfile.txt', '-p', '8888', '-c', '3', '52', '/dev/usbtmc0']
ptd-server 2022-07-30 14:15:59,557 [INFO] Sending to ptd: 'Hello'
ptd-server 2022-07-30 14:15:59,558 [INFO] Reply from ptd: 'Hello, PTDaemon here!'
ptd-server 2022-07-30 14:15:59,559 [INFO] Sending to ptd: 'Identify'
ptd-server 2022-07-30 14:15:59,559 [INFO] Reply from ptd: 'YokogawaWT330E,1000,1,1,1,1,0,0,1,version=1.9.2-e8c7a49a-20201208,OS=Linux 5.4.0-105-generic #119~18.04.1-Ubuntu SMP Tue Mar 8 11:21:24 UTC 2022 x86_64,mode=power,1,1,1,0,0,no_cal_date,YOKOGAWA;WT333E;C2XC17005V;F1.04'
ptd-server 2022-07-30 14:15:59,559 [INFO] Connected to PTDaemon
ptd-server 2022-07-30 14:15:59,559 [INFO] Sending to ptd: 'RR'
ptd-server 2022-07-30 14:15:59,560 [INFO] Reply from ptd: 'Ranges,0,1.000000,0,150.000000'
ptd-server 2022-07-30 14:15:59,560 [INFO] Initial range for Amps is 1.000000 for Volts is 150.000000
ptd-server 2022-07-30 14:15:59,560 [INFO] Sending to ptd: 'SR,V,Auto'
ptd-server 2022-07-30 14:16:00,064 [INFO] Reply from ptd: 'Range V changed'
ptd-server 2022-07-30 14:16:00,064 [INFO] Sending to ptd: 'SR,A,Auto'
ptd-server 2022-07-30 14:16:00,567 [INFO] Reply from ptd: 'Range A changed'
ptd-server 2022-07-30 14:16:10,578 [INFO] Starting ranging mode
ptd-server 2022-07-30 14:16:10,578 [INFO] Sending to ptd: 'Go,1000,0,2022-07-30_14-15-42_ranging'
ptd-server 2022-07-30 14:16:10,579 [INFO] Reply from ptd: 'Starting untimed measurement, maximum 500000 samples at 1000ms with 0 rampup samples'
ptd-server 2022-07-30 14:16:10,579 [INFO] Sending reply to client 'OK'
ptd-server 2022-07-30 14:26:31,396 [INFO] Got command from the client 'session,2022-07-30_14-15-42,stop,ranging'
ptd-server 2022-07-30 14:26:41,407 [INFO] Sending to ptd: 'Stop'
ptd-server 2022-07-30 14:26:41,408 [INFO] Reply from ptd: 'Stopping untimed measurement'
ptd-server 2022-07-30 14:26:41,426 [INFO] Sending reply to client 'OK'
ptd-server 2022-07-30 14:26:41,519 [INFO] Got command from the client 'time'
ptd-server 2022-07-30 14:26:41,519 [INFO] Sending reply to client '1659209201.519478'
ptd-server 2022-07-30 14:26:41,521 [INFO] Got command from the client 'session,2022-07-30_14-15-42,start,testing'
ptd-server 2022-07-30 14:26:41,521 [INFO] Sending to ptd: 'SR,V,119.670000'
ptd-server 2022-07-30 14:26:43,082 [INFO] Reply from ptd: 'Range V changed'
ptd-server 2022-07-30 14:26:43,082 [INFO] Sending to ptd: 'SR,A,0.230100'
ptd-server 2022-07-30 14:26:44,585 [INFO] Reply from ptd: 'Range A changed'
ptd-server 2022-07-30 14:26:54,595 [INFO] Starting testing mode
ptd-server 2022-07-30 14:26:54,596 [INFO] Sending to ptd: 'Go,1000,0,2022-07-30_14-15-42_testing'
ptd-server 2022-07-30 14:26:54,596 [INFO] Reply from ptd: 'Starting untimed measurement, maximum 500000 samples at 1000ms with 0 rampup samples'
ptd-server 2022-07-30 14:26:54,597 [INFO] Sending reply to client 'OK'
ptd-server 2022-07-30 14:37:16,034 [INFO] Got command from the client 'session,2022-07-30_14-15-42,stop,testing'
ptd-server 2022-07-30 14:37:26,045 [INFO] Sending to ptd: 'Stop'
ptd-server 2022-07-30 14:37:26,046 [INFO] Reply from ptd: 'Stopping untimed measurement'
ptd-server 2022-07-30 14:37:26,054 [INFO] Sending reply to client 'OK'
ptd-server 2022-07-30 14:37:26,064 [INFO] Got command from the client 'session,2022-07-30_14-15-42,done'
ptd-server 2022-07-30 14:37:26,064 [INFO] Sending to ptd: 'Stop'
ptd-server 2022-07-30 14:37:26,597 [INFO] Reply from ptd: 'Error: no measurement to stop'
ptd-server 2022-07-30 14:37:26,597 [INFO] Sending to ptd: 'SR,V,150.000000'
ptd-server 2022-07-30 14:37:28,100 [INFO] Reply from ptd: 'Range V changed'
ptd-server 2022-07-30 14:37:28,100 [INFO] Sending to ptd: 'SR,A,1.000000'
ptd-server 2022-07-30 14:37:29,602 [INFO] Reply from ptd: 'Range A changed'
ptd-server 2022-07-30 14:37:29,602 [INFO] Set initial values for Amps 1.000000 and Volts 150.000000
ptd-server 2022-07-30 14:37:29,603 [INFO] Stopping ptd...
