ptd-server 2022-07-23 06:39:46,666 [INFO] Got command from the client 'time'
ptd-server 2022-07-23 06:39:46,666 [INFO] Sending reply to client '1658554786.6662445'
ptd-server 2022-07-23 06:39:46,667 [INFO] Got command from the client 'new,,3695573f-dd2a-448f-b80f-9d1e0febd520'
ptd-server 2022-07-23 06:39:46,668 [INFO] Sending reply to client 'OK 2022-07-23_06-39-46,d3d68bb1-218e-480b-acca-b4bc895c6b2e'
ptd-server 2022-07-23 06:39:46,696 [INFO] Got command from the client 'time'
ptd-server 2022-07-23 06:39:46,696 [INFO] Sending reply to client '1658554786.6965625'
ptd-server 2022-07-23 06:39:46,697 [INFO] Got command from the client 'session,2022-07-23_06-39-46,start,ranging'
ptd-server 2022-07-23 06:39:46,698 [INFO] Running PTDaemon: ['/home/anton/projects/mlperf/power/inference_v1.0/ptd-linux-x86', '-l', '/tmp/tmp7lgbo8s4/ptd_logfile.txt', '-p', '8888', '49', '/dev/usbtmc0']
ptd-server 2022-07-23 06:40:03,872 [INFO] Sending to ptd: 'Hello'
ptd-server 2022-07-23 06:40:03,873 [INFO] Reply from ptd: 'Hello, PTDaemon here!'
ptd-server 2022-07-23 06:40:03,873 [INFO] Sending to ptd: 'Identify'
ptd-server 2022-07-23 06:40:03,873 [INFO] Reply from ptd: 'YokogawaWT310E,1000,1,1,1,1,0,1,1,version=1.9.2-e8c7a49a-20201208,OS=Linux 5.13.0-52-generic #59~20.04.1-Ubuntu SMP Thu Jun 16 21:21:28 UTC 2022 x86_64,mode=power,1,1,1,0,0,no_cal_date,YOKOGAWA;WT310E;C3XA04010E;F1.04'
ptd-server 2022-07-23 06:40:03,873 [INFO] Connected to PTDaemon
ptd-server 2022-07-23 06:40:03,873 [INFO] Sending to ptd: 'RR'
ptd-server 2022-07-23 06:40:03,874 [INFO] Reply from ptd: 'Ranges,0,0.500000,1,300.000000'
ptd-server 2022-07-23 06:40:03,874 [INFO] Initial range for Amps is 0.500000 for Volts is Auto
ptd-server 2022-07-23 06:40:03,874 [INFO] Sending to ptd: 'SR,V,Auto'
ptd-server 2022-07-23 06:40:04,376 [INFO] Reply from ptd: 'Range V changed'
ptd-server 2022-07-23 06:40:04,377 [INFO] Sending to ptd: 'SR,A,Auto'
ptd-server 2022-07-23 06:40:04,879 [INFO] Reply from ptd: 'Range A changed'
ptd-server 2022-07-23 06:40:14,889 [INFO] Starting ranging mode
ptd-server 2022-07-23 06:40:14,890 [INFO] Sending to ptd: 'Go,1000,0,2022-07-23_06-39-46_ranging'
ptd-server 2022-07-23 06:40:14,890 [INFO] Reply from ptd: 'Starting untimed measurement, maximum 500000 samples at 1000ms with 0 rampup samples'
ptd-server 2022-07-23 06:40:14,890 [INFO] Sending reply to client 'OK'
ptd-server 2022-07-23 06:50:31,380 [INFO] Got command from the client 'session,2022-07-23_06-39-46,stop,ranging'
ptd-server 2022-07-23 06:50:41,391 [INFO] Sending to ptd: 'Stop'
ptd-server 2022-07-23 06:50:41,391 [INFO] Reply from ptd: 'Stopping untimed measurement'
ptd-server 2022-07-23 06:50:41,917 [INFO] Sending reply to client 'OK'
ptd-server 2022-07-23 06:50:41,959 [INFO] Got command from the client 'time'
ptd-server 2022-07-23 06:50:41,960 [INFO] Sending reply to client '1658555441.9600565'
ptd-server 2022-07-23 06:50:41,960 [INFO] Got command from the client 'session,2022-07-23_06-39-46,start,testing'
ptd-server 2022-07-23 06:50:41,961 [INFO] Sending to ptd: 'SR,V,248.480000'
ptd-server 2022-07-23 06:50:43,462 [INFO] Reply from ptd: 'Range V changed'
ptd-server 2022-07-23 06:50:43,462 [INFO] Sending to ptd: 'SR,A,0.059100'
ptd-server 2022-07-23 06:50:44,964 [INFO] Reply from ptd: 'Range A changed'
ptd-server 2022-07-23 06:50:54,974 [INFO] Starting testing mode
ptd-server 2022-07-23 06:50:54,974 [INFO] Sending to ptd: 'Go,1000,0,2022-07-23_06-39-46_testing'
ptd-server 2022-07-23 06:50:54,975 [INFO] Reply from ptd: 'Starting untimed measurement, maximum 500000 samples at 1000ms with 0 rampup samples'
ptd-server 2022-07-23 06:50:54,975 [INFO] Sending reply to client 'OK'
ptd-server 2022-07-23 07:01:11,401 [INFO] Got command from the client 'session,2022-07-23_06-39-46,stop,testing'
ptd-server 2022-07-23 07:01:21,412 [INFO] Sending to ptd: 'Stop'
ptd-server 2022-07-23 07:01:21,412 [INFO] Reply from ptd: 'Stopping untimed measurement'
ptd-server 2022-07-23 07:01:21,699 [INFO] Sending reply to client 'OK'
ptd-server 2022-07-23 07:01:21,707 [INFO] Got command from the client 'session,2022-07-23_06-39-46,done'
ptd-server 2022-07-23 07:01:21,707 [INFO] Sending to ptd: 'Stop'
ptd-server 2022-07-23 07:01:21,975 [INFO] Reply from ptd: 'Error: no measurement to stop'
ptd-server 2022-07-23 07:01:21,976 [INFO] Sending to ptd: 'SR,V,Auto'
ptd-server 2022-07-23 07:01:22,478 [INFO] Reply from ptd: 'Range V changed'
ptd-server 2022-07-23 07:01:22,478 [INFO] Sending to ptd: 'SR,A,0.500000'
ptd-server 2022-07-23 07:01:23,980 [INFO] Reply from ptd: 'Range A changed'
ptd-server 2022-07-23 07:01:23,980 [INFO] Set initial values for Amps 0.500000 and Volts Auto
ptd-server 2022-07-23 07:01:23,980 [INFO] Stopping ptd...
