ptd-server 2022-07-21 11:58:39,957 [INFO] Got command from the client 'time'
ptd-server 2022-07-21 11:58:39,957 [INFO] Sending reply to client '1658401119.9579227'
ptd-server 2022-07-21 11:58:39,959 [INFO] Got command from the client 'new,,897ef860-cea9-4876-b618-5f773a75e4d6'
ptd-server 2022-07-21 11:58:39,959 [INFO] Sending reply to client 'OK 2022-07-21_11-58-39,7cf8d004-158e-44bc-b739-421c53fbd071'
ptd-server 2022-07-21 11:58:39,990 [INFO] Got command from the client 'time'
ptd-server 2022-07-21 11:58:39,991 [INFO] Sending reply to client '1658401119.991068'
ptd-server 2022-07-21 11:58:39,992 [INFO] Got command from the client 'session,2022-07-21_11-58-39,start,ranging'
ptd-server 2022-07-21 11:58:39,992 [INFO] Running PTDaemon: ['/home/anton/projects/mlperf/power/inference_v1.0/ptd-linux-x86', '-l', '/tmp/tmp7lgbo8s4/ptd_logfile.txt', '-p', '8888', '49', '/dev/usbtmc0']
ptd-server 2022-07-21 11:58:57,166 [INFO] Sending to ptd: 'Hello'
ptd-server 2022-07-21 11:58:57,167 [INFO] Reply from ptd: 'Hello, PTDaemon here!'
ptd-server 2022-07-21 11:58:57,167 [INFO] Sending to ptd: 'Identify'
ptd-server 2022-07-21 11:58:57,168 [INFO] Reply from ptd: 'YokogawaWT310E,1000,1,1,1,1,0,1,1,version=1.9.2-e8c7a49a-20201208,OS=Linux 5.13.0-52-generic #59~20.04.1-Ubuntu SMP Thu Jun 16 21:21:28 UTC 2022 x86_64,mode=power,1,1,1,0,0,no_cal_date,YOKOGAWA;WT310E;C3XA04010E;F1.04'
ptd-server 2022-07-21 11:58:57,168 [INFO] Connected to PTDaemon
ptd-server 2022-07-21 11:58:57,168 [INFO] Sending to ptd: 'RR'
ptd-server 2022-07-21 11:58:57,168 [INFO] Reply from ptd: 'Ranges,0,0.500000,1,300.000000'
ptd-server 2022-07-21 11:58:57,168 [INFO] Initial range for Amps is 0.500000 for Volts is Auto
ptd-server 2022-07-21 11:58:57,169 [INFO] Sending to ptd: 'SR,V,Auto'
ptd-server 2022-07-21 11:58:57,671 [INFO] Reply from ptd: 'Range V changed'
ptd-server 2022-07-21 11:58:57,671 [INFO] Sending to ptd: 'SR,A,Auto'
ptd-server 2022-07-21 11:58:58,174 [INFO] Reply from ptd: 'Range A changed'
ptd-server 2022-07-21 11:59:08,184 [INFO] Starting ranging mode
ptd-server 2022-07-21 11:59:08,184 [INFO] Sending to ptd: 'Go,1000,0,2022-07-21_11-58-39_ranging'
ptd-server 2022-07-21 11:59:08,185 [INFO] Reply from ptd: 'Starting untimed measurement, maximum 500000 samples at 1000ms with 0 rampup samples'
ptd-server 2022-07-21 11:59:08,185 [INFO] Sending reply to client 'OK'
ptd-server 2022-07-21 12:09:30,917 [INFO] Got command from the client 'session,2022-07-21_11-58-39,stop,ranging'
ptd-server 2022-07-21 12:09:40,927 [INFO] Sending to ptd: 'Stop'
ptd-server 2022-07-21 12:09:40,927 [INFO] Reply from ptd: 'Stopping untimed measurement'
ptd-server 2022-07-21 12:09:41,264 [INFO] Sending reply to client 'OK'
ptd-server 2022-07-21 12:09:41,326 [INFO] Got command from the client 'time'
ptd-server 2022-07-21 12:09:41,326 [INFO] Sending reply to client '1658401781.3267057'
ptd-server 2022-07-21 12:09:41,327 [INFO] Got command from the client 'session,2022-07-21_11-58-39,start,testing'
ptd-server 2022-07-21 12:09:41,328 [INFO] Sending to ptd: 'SR,V,251.460000'
ptd-server 2022-07-21 12:09:42,829 [INFO] Reply from ptd: 'Range V changed'
ptd-server 2022-07-21 12:09:42,829 [INFO] Sending to ptd: 'SR,A,0.066220'
ptd-server 2022-07-21 12:09:44,331 [INFO] Reply from ptd: 'Range A changed'
ptd-server 2022-07-21 12:09:54,341 [INFO] Starting testing mode
ptd-server 2022-07-21 12:09:54,341 [INFO] Sending to ptd: 'Go,1000,0,2022-07-21_11-58-39_testing'
ptd-server 2022-07-21 12:09:54,342 [INFO] Reply from ptd: 'Starting untimed measurement, maximum 500000 samples at 1000ms with 0 rampup samples'
ptd-server 2022-07-21 12:09:54,342 [INFO] Sending reply to client 'OK'
ptd-server 2022-07-21 12:20:15,401 [INFO] Got command from the client 'session,2022-07-21_11-58-39,stop,testing'
ptd-server 2022-07-21 12:20:25,412 [INFO] Sending to ptd: 'Stop'
ptd-server 2022-07-21 12:20:25,412 [INFO] Reply from ptd: 'Stopping untimed measurement'
ptd-server 2022-07-21 12:20:25,594 [INFO] Sending reply to client 'OK'
ptd-server 2022-07-21 12:20:25,602 [INFO] Got command from the client 'session,2022-07-21_11-58-39,done'
ptd-server 2022-07-21 12:20:25,602 [INFO] Sending to ptd: 'Stop'
ptd-server 2022-07-21 12:20:26,343 [INFO] Reply from ptd: 'Error: no measurement to stop'
ptd-server 2022-07-21 12:20:26,343 [INFO] Sending to ptd: 'SR,V,Auto'
ptd-server 2022-07-21 12:20:26,846 [INFO] Reply from ptd: 'Range V changed'
ptd-server 2022-07-21 12:20:26,846 [INFO] Sending to ptd: 'SR,A,0.500000'
ptd-server 2022-07-21 12:20:28,347 [INFO] Reply from ptd: 'Range A changed'
ptd-server 2022-07-21 12:20:28,348 [INFO] Set initial values for Amps 0.500000 and Volts Auto
ptd-server 2022-07-21 12:20:28,348 [INFO] Stopping ptd...
