ptd-server 2022-08-03 10:53:44,839 [INFO] Got command from the client 'time'
ptd-server 2022-08-03 10:53:44,839 [INFO] Sending reply to client '1659520424.8392746'
ptd-server 2022-08-03 10:53:44,841 [INFO] Got command from the client 'new,,37354df4-9cd1-49ae-8567-baaebf8abe39'
ptd-server 2022-08-03 10:53:44,841 [INFO] Sending reply to client 'OK 2022-08-03_10-53-44,c441a4db-0a16-46cc-8fad-b12ede779858'
ptd-server 2022-08-03 10:53:44,872 [INFO] Got command from the client 'time'
ptd-server 2022-08-03 10:53:44,872 [INFO] Sending reply to client '1659520424.872658'
ptd-server 2022-08-03 10:53:44,874 [INFO] Got command from the client 'session,2022-08-03_10-53-44,start,ranging'
ptd-server 2022-08-03 10:53:44,875 [INFO] Running PTDaemon: ['/home/anton/projects/mlperf/power/inference_v1.0/ptd-linux-x86', '-l', '/tmp/tmp7lgbo8s4/ptd_logfile.txt', '-p', '8888', '49', '/dev/usbtmc0']
ptd-server 2022-08-03 10:54:02,043 [INFO] Sending to ptd: 'Hello'
ptd-server 2022-08-03 10:54:02,044 [INFO] Reply from ptd: 'Hello, PTDaemon here!'
ptd-server 2022-08-03 10:54:02,044 [INFO] Sending to ptd: 'Identify'
ptd-server 2022-08-03 10:54:02,044 [INFO] Reply from ptd: 'YokogawaWT310E,1000,1,1,1,1,0,1,1,version=1.9.2-e8c7a49a-20201208,OS=Linux 5.13.0-52-generic #59~20.04.1-Ubuntu SMP Thu Jun 16 21:21:28 UTC 2022 x86_64,mode=power,1,1,1,0,0,no_cal_date,YOKOGAWA;WT310E;C3XA04010E;F1.04'
ptd-server 2022-08-03 10:54:02,044 [INFO] Connected to PTDaemon
ptd-server 2022-08-03 10:54:02,044 [INFO] Sending to ptd: 'RR'
ptd-server 2022-08-03 10:54:02,045 [INFO] Reply from ptd: 'Ranges,0,0.500000,1,300.000000'
ptd-server 2022-08-03 10:54:02,045 [INFO] Initial range for Amps is 0.500000 for Volts is Auto
ptd-server 2022-08-03 10:54:02,045 [INFO] Sending to ptd: 'SR,V,Auto'
ptd-server 2022-08-03 10:54:02,547 [INFO] Reply from ptd: 'Range V changed'
ptd-server 2022-08-03 10:54:02,547 [INFO] Sending to ptd: 'SR,A,Auto'
ptd-server 2022-08-03 10:54:03,050 [INFO] Reply from ptd: 'Range A changed'
ptd-server 2022-08-03 10:54:13,060 [INFO] Starting ranging mode
ptd-server 2022-08-03 10:54:13,060 [INFO] Sending to ptd: 'Go,1000,0,2022-08-03_10-53-44_ranging'
ptd-server 2022-08-03 10:54:13,061 [INFO] Reply from ptd: 'Starting untimed measurement, maximum 500000 samples at 1000ms with 0 rampup samples'
ptd-server 2022-08-03 10:54:13,061 [INFO] Sending reply to client 'OK'
ptd-server 2022-08-03 11:04:34,715 [INFO] Got command from the client 'session,2022-08-03_10-53-44,stop,ranging'
ptd-server 2022-08-03 11:04:44,725 [INFO] Sending to ptd: 'Stop'
ptd-server 2022-08-03 11:04:44,726 [INFO] Reply from ptd: 'Stopping untimed measurement'
ptd-server 2022-08-03 11:04:46,313 [INFO] Sending reply to client 'OK'
ptd-server 2022-08-03 11:04:46,375 [INFO] Got command from the client 'time'
ptd-server 2022-08-03 11:04:46,375 [INFO] Sending reply to client '1659521086.3755486'
ptd-server 2022-08-03 11:04:46,376 [INFO] Got command from the client 'session,2022-08-03_10-53-44,start,testing'
ptd-server 2022-08-03 11:04:46,377 [INFO] Sending to ptd: 'SR,V,250.740000'
ptd-server 2022-08-03 11:04:47,878 [INFO] Reply from ptd: 'Range V changed'
ptd-server 2022-08-03 11:04:47,878 [INFO] Sending to ptd: 'SR,A,0.055510'
ptd-server 2022-08-03 11:04:49,379 [INFO] Reply from ptd: 'Range A changed'
ptd-server 2022-08-03 11:04:59,390 [INFO] Starting testing mode
ptd-server 2022-08-03 11:04:59,390 [INFO] Sending to ptd: 'Go,1000,0,2022-08-03_10-53-44_testing'
ptd-server 2022-08-03 11:04:59,390 [INFO] Reply from ptd: 'Starting untimed measurement, maximum 500000 samples at 1000ms with 0 rampup samples'
ptd-server 2022-08-03 11:04:59,390 [INFO] Sending reply to client 'OK'
ptd-server 2022-08-03 11:15:16,940 [INFO] Got command from the client 'session,2022-08-03_10-53-44,stop,testing'
ptd-server 2022-08-03 11:15:26,950 [INFO] Sending to ptd: 'Stop'
ptd-server 2022-08-03 11:15:26,951 [INFO] Reply from ptd: 'Stopping untimed measurement'
ptd-server 2022-08-03 11:15:27,774 [INFO] Sending reply to client 'OK'
ptd-server 2022-08-03 11:15:27,790 [INFO] Got command from the client 'session,2022-08-03_10-53-44,done'
ptd-server 2022-08-03 11:15:27,790 [INFO] Sending to ptd: 'Stop'
ptd-server 2022-08-03 11:15:27,791 [INFO] Reply from ptd: 'Error: no measurement to stop'
ptd-server 2022-08-03 11:15:27,791 [INFO] Sending to ptd: 'SR,V,Auto'
ptd-server 2022-08-03 11:15:28,293 [INFO] Reply from ptd: 'Range V changed'
ptd-server 2022-08-03 11:15:28,293 [INFO] Sending to ptd: 'SR,A,0.500000'
ptd-server 2022-08-03 11:15:29,795 [INFO] Reply from ptd: 'Range A changed'
ptd-server 2022-08-03 11:15:29,795 [INFO] Set initial values for Amps 0.500000 and Volts Auto
ptd-server 2022-08-03 11:15:29,795 [INFO] Stopping ptd...
