ptd-server 2022-07-22 03:42:41,378 [INFO] Got command from the client 'time'
ptd-server 2022-07-22 03:42:41,378 [INFO] Sending reply to client '1658457761.3784602'
ptd-server 2022-07-22 03:42:41,379 [INFO] Got command from the client 'new,,29a32ec1-ac73-4b85-a6f2-d53eed55b7b9'
ptd-server 2022-07-22 03:42:41,380 [INFO] Sending reply to client 'OK 2022-07-22_03-42-41,bfbc82d7-e650-4374-94a2-8c26a67e12a8'
ptd-server 2022-07-22 03:42:41,411 [INFO] Got command from the client 'time'
ptd-server 2022-07-22 03:42:41,411 [INFO] Sending reply to client '1658457761.4112465'
ptd-server 2022-07-22 03:42:41,412 [INFO] Got command from the client 'session,2022-07-22_03-42-41,start,ranging'
ptd-server 2022-07-22 03:42:41,412 [INFO] Running PTDaemon: ['/home/anton/projects/mlperf/power/inference_v1.0/ptd-linux-x86', '-l', '/tmp/tmp7lgbo8s4/ptd_logfile.txt', '-p', '8888', '49', '/dev/usbtmc0']
ptd-server 2022-07-22 03:42:58,587 [INFO] Sending to ptd: 'Hello'
ptd-server 2022-07-22 03:42:58,588 [INFO] Reply from ptd: 'Hello, PTDaemon here!'
ptd-server 2022-07-22 03:42:58,588 [INFO] Sending to ptd: 'Identify'
ptd-server 2022-07-22 03:42:58,588 [INFO] Reply from ptd: 'YokogawaWT310E,1000,1,1,1,1,0,1,1,version=1.9.2-e8c7a49a-20201208,OS=Linux 5.13.0-52-generic #59~20.04.1-Ubuntu SMP Thu Jun 16 21:21:28 UTC 2022 x86_64,mode=power,1,1,1,0,0,no_cal_date,YOKOGAWA;WT310E;C3XA04010E;F1.04'
ptd-server 2022-07-22 03:42:58,589 [INFO] Connected to PTDaemon
ptd-server 2022-07-22 03:42:58,589 [INFO] Sending to ptd: 'RR'
ptd-server 2022-07-22 03:42:58,589 [INFO] Reply from ptd: 'Ranges,0,0.500000,1,300.000000'
ptd-server 2022-07-22 03:42:58,589 [INFO] Initial range for Amps is 0.500000 for Volts is Auto
ptd-server 2022-07-22 03:42:58,589 [INFO] Sending to ptd: 'SR,V,Auto'
ptd-server 2022-07-22 03:42:59,092 [INFO] Reply from ptd: 'Range V changed'
ptd-server 2022-07-22 03:42:59,092 [INFO] Sending to ptd: 'SR,A,Auto'
ptd-server 2022-07-22 03:42:59,594 [INFO] Reply from ptd: 'Range A changed'
ptd-server 2022-07-22 03:43:09,605 [INFO] Starting ranging mode
ptd-server 2022-07-22 03:43:09,605 [INFO] Sending to ptd: 'Go,1000,0,2022-07-22_03-42-41_ranging'
ptd-server 2022-07-22 03:43:09,605 [INFO] Reply from ptd: 'Starting untimed measurement, maximum 500000 samples at 1000ms with 0 rampup samples'
ptd-server 2022-07-22 03:43:09,605 [INFO] Sending reply to client 'OK'
ptd-server 2022-07-22 03:53:31,186 [INFO] Got command from the client 'session,2022-07-22_03-42-41,stop,ranging'
ptd-server 2022-07-22 03:53:41,196 [INFO] Sending to ptd: 'Stop'
ptd-server 2022-07-22 03:53:41,197 [INFO] Reply from ptd: 'Stopping untimed measurement'
ptd-server 2022-07-22 03:53:41,602 [INFO] Sending reply to client 'OK'
ptd-server 2022-07-22 03:53:41,658 [INFO] Got command from the client 'time'
ptd-server 2022-07-22 03:53:41,658 [INFO] Sending reply to client '1658458421.6584601'
ptd-server 2022-07-22 03:53:41,659 [INFO] Got command from the client 'session,2022-07-22_03-42-41,start,testing'
ptd-server 2022-07-22 03:53:41,659 [INFO] Sending to ptd: 'SR,V,249.790000'
ptd-server 2022-07-22 03:53:43,160 [INFO] Reply from ptd: 'Range V changed'
ptd-server 2022-07-22 03:53:43,161 [INFO] Sending to ptd: 'SR,A,0.068510'
ptd-server 2022-07-22 03:53:44,662 [INFO] Reply from ptd: 'Range A changed'
ptd-server 2022-07-22 03:53:54,666 [INFO] Starting testing mode
ptd-server 2022-07-22 03:53:54,666 [INFO] Sending to ptd: 'Go,1000,0,2022-07-22_03-42-41_testing'
ptd-server 2022-07-22 03:53:54,666 [INFO] Reply from ptd: 'Starting untimed measurement, maximum 500000 samples at 1000ms with 0 rampup samples'
ptd-server 2022-07-22 03:53:54,667 [INFO] Sending reply to client 'OK'
ptd-server 2022-07-22 04:04:16,192 [INFO] Got command from the client 'session,2022-07-22_03-42-41,stop,testing'
ptd-server 2022-07-22 04:04:26,202 [INFO] Sending to ptd: 'Stop'
ptd-server 2022-07-22 04:04:26,202 [INFO] Reply from ptd: 'Stopping untimed measurement'
ptd-server 2022-07-22 04:04:26,414 [INFO] Sending reply to client 'OK'
ptd-server 2022-07-22 04:04:26,422 [INFO] Got command from the client 'session,2022-07-22_03-42-41,done'
ptd-server 2022-07-22 04:04:26,422 [INFO] Sending to ptd: 'Stop'
ptd-server 2022-07-22 04:04:26,667 [INFO] Reply from ptd: 'Error: no measurement to stop'
ptd-server 2022-07-22 04:04:26,667 [INFO] Sending to ptd: 'SR,V,Auto'
ptd-server 2022-07-22 04:04:27,169 [INFO] Reply from ptd: 'Range V changed'
ptd-server 2022-07-22 04:04:27,170 [INFO] Sending to ptd: 'SR,A,0.500000'
ptd-server 2022-07-22 04:04:28,671 [INFO] Reply from ptd: 'Range A changed'
ptd-server 2022-07-22 04:04:28,671 [INFO] Set initial values for Amps 0.500000 and Volts Auto
ptd-server 2022-07-22 04:04:28,671 [INFO] Stopping ptd...
