ptd-server 2022-07-31 06:32:09,383 [INFO] Got command from the client 'time'
ptd-server 2022-07-31 06:32:09,383 [INFO] Sending reply to client '1659245529.3838336'
ptd-server 2022-07-31 06:32:09,384 [INFO] Got command from the client 'new,,33601035-0aa2-402c-8841-a728954e3cb9'
ptd-server 2022-07-31 06:32:09,385 [INFO] Sending reply to client 'OK 2022-07-31_06-32-09,2412357a-b0a6-4e0e-98f4-b7581763031e'
ptd-server 2022-07-31 06:32:09,414 [INFO] Got command from the client 'time'
ptd-server 2022-07-31 06:32:09,414 [INFO] Sending reply to client '1659245529.4143746'
ptd-server 2022-07-31 06:32:09,415 [INFO] Got command from the client 'session,2022-07-31_06-32-09,start,ranging'
ptd-server 2022-07-31 06:32:09,415 [INFO] Running PTDaemon: ['/home/anton/projects/mlperf/power/inference_v1.0/ptd-linux-x86', '-l', '/tmp/tmp7lgbo8s4/ptd_logfile.txt', '-p', '8888', '49', '/dev/usbtmc0']
ptd-server 2022-07-31 06:32:26,589 [INFO] Sending to ptd: 'Hello'
ptd-server 2022-07-31 06:32:26,590 [INFO] Reply from ptd: 'Hello, PTDaemon here!'
ptd-server 2022-07-31 06:32:26,590 [INFO] Sending to ptd: 'Identify'
ptd-server 2022-07-31 06:32:26,590 [INFO] Reply from ptd: 'YokogawaWT310E,1000,1,1,1,1,0,1,1,version=1.9.2-e8c7a49a-20201208,OS=Linux 5.13.0-52-generic #59~20.04.1-Ubuntu SMP Thu Jun 16 21:21:28 UTC 2022 x86_64,mode=power,1,1,1,0,0,no_cal_date,YOKOGAWA;WT310E;C3XA04010E;F1.04'
ptd-server 2022-07-31 06:32:26,591 [INFO] Connected to PTDaemon
ptd-server 2022-07-31 06:32:26,591 [INFO] Sending to ptd: 'RR'
ptd-server 2022-07-31 06:32:26,591 [INFO] Reply from ptd: 'Ranges,0,0.500000,1,300.000000'
ptd-server 2022-07-31 06:32:26,591 [INFO] Initial range for Amps is 0.500000 for Volts is Auto
ptd-server 2022-07-31 06:32:26,591 [INFO] Sending to ptd: 'SR,V,Auto'
ptd-server 2022-07-31 06:32:27,094 [INFO] Reply from ptd: 'Range V changed'
ptd-server 2022-07-31 06:32:27,094 [INFO] Sending to ptd: 'SR,A,Auto'
ptd-server 2022-07-31 06:32:27,596 [INFO] Reply from ptd: 'Range A changed'
ptd-server 2022-07-31 06:32:37,607 [INFO] Starting ranging mode
ptd-server 2022-07-31 06:32:37,607 [INFO] Sending to ptd: 'Go,1000,0,2022-07-31_06-32-09_ranging'
ptd-server 2022-07-31 06:32:37,607 [INFO] Reply from ptd: 'Starting untimed measurement, maximum 500000 samples at 1000ms with 0 rampup samples'
ptd-server 2022-07-31 06:32:37,607 [INFO] Sending reply to client 'OK'
ptd-server 2022-07-31 06:42:52,180 [INFO] Got command from the client 'session,2022-07-31_06-32-09,stop,ranging'
ptd-server 2022-07-31 06:43:02,187 [INFO] Sending to ptd: 'Stop'
ptd-server 2022-07-31 06:43:02,187 [INFO] Reply from ptd: 'Stopping untimed measurement'
ptd-server 2022-07-31 06:43:03,452 [INFO] Sending reply to client 'OK'
ptd-server 2022-07-31 06:43:03,515 [INFO] Got command from the client 'time'
ptd-server 2022-07-31 06:43:03,516 [INFO] Sending reply to client '1659246183.515991'
ptd-server 2022-07-31 06:43:03,517 [INFO] Got command from the client 'session,2022-07-31_06-32-09,start,testing'
ptd-server 2022-07-31 06:43:03,517 [INFO] Sending to ptd: 'SR,V,249.860000'
ptd-server 2022-07-31 06:43:05,018 [INFO] Reply from ptd: 'Range V changed'
ptd-server 2022-07-31 06:43:05,019 [INFO] Sending to ptd: 'SR,A,0.207370'
ptd-server 2022-07-31 06:43:06,520 [INFO] Reply from ptd: 'Range A changed'
ptd-server 2022-07-31 06:43:16,530 [INFO] Starting testing mode
ptd-server 2022-07-31 06:43:16,530 [INFO] Sending to ptd: 'Go,1000,0,2022-07-31_06-32-09_testing'
ptd-server 2022-07-31 06:43:16,531 [INFO] Reply from ptd: 'Starting untimed measurement, maximum 500000 samples at 1000ms with 0 rampup samples'
ptd-server 2022-07-31 06:43:16,531 [INFO] Sending reply to client 'OK'
ptd-server 2022-07-31 06:53:28,331 [INFO] Got command from the client 'session,2022-07-31_06-32-09,stop,testing'
ptd-server 2022-07-31 06:53:38,341 [INFO] Sending to ptd: 'Stop'
ptd-server 2022-07-31 06:53:38,342 [INFO] Reply from ptd: 'Stopping untimed measurement'
ptd-server 2022-07-31 06:53:38,986 [INFO] Sending reply to client 'OK'
ptd-server 2022-07-31 06:53:39,001 [INFO] Got command from the client 'session,2022-07-31_06-32-09,done'
ptd-server 2022-07-31 06:53:39,001 [INFO] Sending to ptd: 'Stop'
ptd-server 2022-07-31 06:53:39,001 [INFO] Reply from ptd: 'Error: no measurement to stop'
ptd-server 2022-07-31 06:53:39,001 [INFO] Sending to ptd: 'SR,V,Auto'
ptd-server 2022-07-31 06:53:39,504 [INFO] Reply from ptd: 'Range V changed'
ptd-server 2022-07-31 06:53:39,504 [INFO] Sending to ptd: 'SR,A,0.500000'
ptd-server 2022-07-31 06:53:41,005 [INFO] Reply from ptd: 'Range A changed'
ptd-server 2022-07-31 06:53:41,005 [INFO] Set initial values for Amps 0.500000 and Volts Auto
ptd-server 2022-07-31 06:53:41,006 [INFO] Stopping ptd...
