ptd-server 2022-07-21 20:39:30,946 [INFO] Got command from the client 'time'
ptd-server 2022-07-21 20:39:30,947 [INFO] Sending reply to client '1658432370.9470646'
ptd-server 2022-07-21 20:39:30,948 [INFO] Got command from the client 'new,,1a62879a-30c1-4a15-aaa7-f619fc00507f'
ptd-server 2022-07-21 20:39:30,948 [INFO] Sending reply to client 'OK 2022-07-21_20-39-30,cc5bb125-a244-42c6-b522-cc1ffeff425b'
ptd-server 2022-07-21 20:39:30,976 [INFO] Got command from the client 'time'
ptd-server 2022-07-21 20:39:30,977 [INFO] Sending reply to client '1658432370.9771283'
ptd-server 2022-07-21 20:39:30,978 [INFO] Got command from the client 'session,2022-07-21_20-39-30,start,ranging'
ptd-server 2022-07-21 20:39:30,978 [INFO] Running PTDaemon: ['/home/anton/projects/mlperf/power/inference_v1.0/ptd-linux-x86', '-l', '/tmp/tmp7lgbo8s4/ptd_logfile.txt', '-p', '8888', '49', '/dev/usbtmc0']
ptd-server 2022-07-21 20:39:48,152 [INFO] Sending to ptd: 'Hello'
ptd-server 2022-07-21 20:39:48,153 [INFO] Reply from ptd: 'Hello, PTDaemon here!'
ptd-server 2022-07-21 20:39:48,153 [INFO] Sending to ptd: 'Identify'
ptd-server 2022-07-21 20:39:48,153 [INFO] Reply from ptd: 'YokogawaWT310E,1000,1,1,1,1,0,1,1,version=1.9.2-e8c7a49a-20201208,OS=Linux 5.13.0-52-generic #59~20.04.1-Ubuntu SMP Thu Jun 16 21:21:28 UTC 2022 x86_64,mode=power,1,1,1,0,0,no_cal_date,YOKOGAWA;WT310E;C3XA04010E;F1.04'
ptd-server 2022-07-21 20:39:48,154 [INFO] Connected to PTDaemon
ptd-server 2022-07-21 20:39:48,154 [INFO] Sending to ptd: 'RR'
ptd-server 2022-07-21 20:39:48,154 [INFO] Reply from ptd: 'Ranges,0,0.500000,1,300.000000'
ptd-server 2022-07-21 20:39:48,154 [INFO] Initial range for Amps is 0.500000 for Volts is Auto
ptd-server 2022-07-21 20:39:48,154 [INFO] Sending to ptd: 'SR,V,Auto'
ptd-server 2022-07-21 20:39:48,657 [INFO] Reply from ptd: 'Range V changed'
ptd-server 2022-07-21 20:39:48,657 [INFO] Sending to ptd: 'SR,A,Auto'
ptd-server 2022-07-21 20:39:49,159 [INFO] Reply from ptd: 'Range A changed'
ptd-server 2022-07-21 20:39:59,170 [INFO] Starting ranging mode
ptd-server 2022-07-21 20:39:59,170 [INFO] Sending to ptd: 'Go,1000,0,2022-07-21_20-39-30_ranging'
ptd-server 2022-07-21 20:39:59,170 [INFO] Reply from ptd: 'Starting untimed measurement, maximum 500000 samples at 1000ms with 0 rampup samples'
ptd-server 2022-07-21 20:39:59,171 [INFO] Sending reply to client 'OK'
ptd-server 2022-07-21 20:50:24,957 [INFO] Got command from the client 'session,2022-07-21_20-39-30,stop,ranging'
ptd-server 2022-07-21 20:50:34,968 [INFO] Sending to ptd: 'Stop'
ptd-server 2022-07-21 20:50:34,968 [INFO] Reply from ptd: 'Stopping untimed measurement'
ptd-server 2022-07-21 20:50:35,341 [INFO] Sending reply to client 'OK'
ptd-server 2022-07-21 20:50:35,394 [INFO] Got command from the client 'time'
ptd-server 2022-07-21 20:50:35,394 [INFO] Sending reply to client '1658433035.3942127'
ptd-server 2022-07-21 20:50:35,395 [INFO] Got command from the client 'session,2022-07-21_20-39-30,start,testing'
ptd-server 2022-07-21 20:50:35,395 [INFO] Sending to ptd: 'SR,V,250.250000'
ptd-server 2022-07-21 20:50:36,896 [INFO] Reply from ptd: 'Range V changed'
ptd-server 2022-07-21 20:50:36,896 [INFO] Sending to ptd: 'SR,A,0.074740'
ptd-server 2022-07-21 20:50:38,398 [INFO] Reply from ptd: 'Range A changed'
ptd-server 2022-07-21 20:50:48,408 [INFO] Starting testing mode
ptd-server 2022-07-21 20:50:48,408 [INFO] Sending to ptd: 'Go,1000,0,2022-07-21_20-39-30_testing'
ptd-server 2022-07-21 20:50:48,409 [INFO] Reply from ptd: 'Starting untimed measurement, maximum 500000 samples at 1000ms with 0 rampup samples'
ptd-server 2022-07-21 20:50:48,409 [INFO] Sending reply to client 'OK'
ptd-server 2022-07-21 21:01:09,531 [INFO] Got command from the client 'session,2022-07-21_20-39-30,stop,testing'
ptd-server 2022-07-21 21:01:19,541 [INFO] Sending to ptd: 'Stop'
ptd-server 2022-07-21 21:01:19,542 [INFO] Reply from ptd: 'Stopping untimed measurement'
ptd-server 2022-07-21 21:01:19,734 [INFO] Sending reply to client 'OK'
ptd-server 2022-07-21 21:01:19,742 [INFO] Got command from the client 'session,2022-07-21_20-39-30,done'
ptd-server 2022-07-21 21:01:19,742 [INFO] Sending to ptd: 'Stop'
ptd-server 2022-07-21 21:01:20,410 [INFO] Reply from ptd: 'Error: no measurement to stop'
ptd-server 2022-07-21 21:01:20,410 [INFO] Sending to ptd: 'SR,V,Auto'
ptd-server 2022-07-21 21:01:20,912 [INFO] Reply from ptd: 'Range V changed'
ptd-server 2022-07-21 21:01:20,912 [INFO] Sending to ptd: 'SR,A,0.500000'
ptd-server 2022-07-21 21:01:22,414 [INFO] Reply from ptd: 'Range A changed'
ptd-server 2022-07-21 21:01:22,414 [INFO] Set initial values for Amps 0.500000 and Volts Auto
ptd-server 2022-07-21 21:01:22,414 [INFO] Stopping ptd...
