ptd-server 2022-08-01 13:00:58,236 [INFO] Got command from the client 'time'
ptd-server 2022-08-01 13:00:58,236 [INFO] Sending reply to client '1659355258.236338'
ptd-server 2022-08-01 13:00:58,237 [INFO] Got command from the client 'new,,bb1fa712-4461-4007-91a7-ccb2d4c30fa1'
ptd-server 2022-08-01 13:00:58,237 [INFO] Sending reply to client 'OK 2022-08-01_13-00-58,90904a2e-8dbe-4e03-a0a2-098855557f68'
ptd-server 2022-08-01 13:00:58,267 [INFO] Got command from the client 'time'
ptd-server 2022-08-01 13:00:58,267 [INFO] Sending reply to client '1659355258.2672632'
ptd-server 2022-08-01 13:00:58,268 [INFO] Got command from the client 'session,2022-08-01_13-00-58,start,ranging'
ptd-server 2022-08-01 13:00:58,268 [INFO] Running PTDaemon: ['/home/anton/projects/mlperf/power/inference_v1.0/ptd-linux-x86', '-l', '/tmp/tmp7lgbo8s4/ptd_logfile.txt', '-p', '8888', '49', '/dev/usbtmc0']
ptd-server 2022-08-01 13:01:15,434 [INFO] Sending to ptd: 'Hello'
ptd-server 2022-08-01 13:01:15,435 [INFO] Reply from ptd: 'Hello, PTDaemon here!'
ptd-server 2022-08-01 13:01:15,435 [INFO] Sending to ptd: 'Identify'
ptd-server 2022-08-01 13:01:15,435 [INFO] Reply from ptd: 'YokogawaWT310E,1000,1,1,1,1,0,1,1,version=1.9.2-e8c7a49a-20201208,OS=Linux 5.13.0-52-generic #59~20.04.1-Ubuntu SMP Thu Jun 16 21:21:28 UTC 2022 x86_64,mode=power,1,1,1,0,0,no_cal_date,YOKOGAWA;WT310E;C3XA04010E;F1.04'
ptd-server 2022-08-01 13:01:15,435 [INFO] Connected to PTDaemon
ptd-server 2022-08-01 13:01:15,435 [INFO] Sending to ptd: 'RR'
ptd-server 2022-08-01 13:01:15,435 [INFO] Reply from ptd: 'Ranges,0,0.500000,1,300.000000'
ptd-server 2022-08-01 13:01:15,436 [INFO] Initial range for Amps is 0.500000 for Volts is Auto
ptd-server 2022-08-01 13:01:15,436 [INFO] Sending to ptd: 'SR,V,Auto'
ptd-server 2022-08-01 13:01:15,938 [INFO] Reply from ptd: 'Range V changed'
ptd-server 2022-08-01 13:01:15,939 [INFO] Sending to ptd: 'SR,A,Auto'
ptd-server 2022-08-01 13:01:16,441 [INFO] Reply from ptd: 'Range A changed'
ptd-server 2022-08-01 13:01:26,452 [INFO] Starting ranging mode
ptd-server 2022-08-01 13:01:26,452 [INFO] Sending to ptd: 'Go,1000,0,2022-08-01_13-00-58_ranging'
ptd-server 2022-08-01 13:01:26,452 [INFO] Reply from ptd: 'Starting untimed measurement, maximum 500000 samples at 1000ms with 0 rampup samples'
ptd-server 2022-08-01 13:01:26,452 [INFO] Sending reply to client 'OK'
ptd-server 2022-08-01 13:11:43,163 [INFO] Got command from the client 'session,2022-08-01_13-00-58,stop,ranging'
ptd-server 2022-08-01 13:11:53,173 [INFO] Sending to ptd: 'Stop'
ptd-server 2022-08-01 13:11:53,173 [INFO] Reply from ptd: 'Stopping untimed measurement'
ptd-server 2022-08-01 13:11:54,573 [INFO] Sending reply to client 'OK'
ptd-server 2022-08-01 13:11:54,633 [INFO] Got command from the client 'time'
ptd-server 2022-08-01 13:11:54,633 [INFO] Sending reply to client '1659355914.6336095'
ptd-server 2022-08-01 13:11:54,634 [INFO] Got command from the client 'session,2022-08-01_13-00-58,start,testing'
ptd-server 2022-08-01 13:11:54,635 [INFO] Sending to ptd: 'SR,V,250.200000'
ptd-server 2022-08-01 13:11:56,136 [INFO] Reply from ptd: 'Range V changed'
ptd-server 2022-08-01 13:11:56,136 [INFO] Sending to ptd: 'SR,A,0.248980'
ptd-server 2022-08-01 13:11:57,637 [INFO] Reply from ptd: 'Range A changed'
ptd-server 2022-08-01 13:12:07,648 [INFO] Starting testing mode
ptd-server 2022-08-01 13:12:07,648 [INFO] Sending to ptd: 'Go,1000,0,2022-08-01_13-00-58_testing'
ptd-server 2022-08-01 13:12:07,648 [INFO] Reply from ptd: 'Starting untimed measurement, maximum 500000 samples at 1000ms with 0 rampup samples'
ptd-server 2022-08-01 13:12:07,648 [INFO] Sending reply to client 'OK'
ptd-server 2022-08-01 13:22:21,972 [INFO] Got command from the client 'session,2022-08-01_13-00-58,stop,testing'
ptd-server 2022-08-01 13:22:31,982 [INFO] Sending to ptd: 'Stop'
ptd-server 2022-08-01 13:22:31,982 [INFO] Reply from ptd: 'Stopping untimed measurement'
ptd-server 2022-08-01 13:22:32,685 [INFO] Sending reply to client 'OK'
ptd-server 2022-08-01 13:22:32,699 [INFO] Got command from the client 'session,2022-08-01_13-00-58,done'
ptd-server 2022-08-01 13:22:32,700 [INFO] Sending to ptd: 'Stop'
ptd-server 2022-08-01 13:22:32,700 [INFO] Reply from ptd: 'Error: no measurement to stop'
ptd-server 2022-08-01 13:22:32,700 [INFO] Sending to ptd: 'SR,V,Auto'
ptd-server 2022-08-01 13:22:33,202 [INFO] Reply from ptd: 'Range V changed'
ptd-server 2022-08-01 13:22:33,203 [INFO] Sending to ptd: 'SR,A,0.500000'
ptd-server 2022-08-01 13:22:34,704 [INFO] Reply from ptd: 'Range A changed'
ptd-server 2022-08-01 13:22:34,704 [INFO] Set initial values for Amps 0.500000 and Volts Auto
ptd-server 2022-08-01 13:22:34,704 [INFO] Stopping ptd...
