ptd-server 2022-07-19 08:33:16,174 [INFO] Got command from the client 'time'
ptd-server 2022-07-19 08:33:16,174 [INFO] Sending reply to client '1658215996.1746764'
ptd-server 2022-07-19 08:33:16,183 [INFO] Got command from the client 'new,,17f5045d-bdc1-49c4-b21f-ce32f513aba1'
ptd-server 2022-07-19 08:33:16,183 [INFO] Sending reply to client 'OK 2022-07-19_08-33-16,65d6466f-def3-449e-8bb2-a2a3a2066b45'
ptd-server 2022-07-19 08:33:18,285 [INFO] Got command from the client 'time'
ptd-server 2022-07-19 08:33:18,285 [INFO] Sending reply to client '1658215998.285191'
ptd-server 2022-07-19 08:33:18,297 [INFO] Got command from the client 'session,2022-07-19_08-33-16,start,ranging'
ptd-server 2022-07-19 08:33:18,297 [INFO] Running PTDaemon: ['/home/anton/projects/mlperf/power/inference_v1.0/ptd-linux-x86', '-l', '/tmp/tmp7lgbo8s4/ptd_logfile.txt', '-p', '8888', '49', '/dev/usbtmc0']
ptd-server 2022-07-19 08:33:35,471 [INFO] Sending to ptd: 'Hello'
ptd-server 2022-07-19 08:33:35,472 [INFO] Reply from ptd: 'Hello, PTDaemon here!'
ptd-server 2022-07-19 08:33:35,472 [INFO] Sending to ptd: 'Identify'
ptd-server 2022-07-19 08:33:35,472 [INFO] Reply from ptd: 'YokogawaWT310E,1000,1,1,1,1,0,1,1,version=1.9.2-e8c7a49a-20201208,OS=Linux 5.13.0-52-generic #59~20.04.1-Ubuntu SMP Thu Jun 16 21:21:28 UTC 2022 x86_64,mode=power,1,1,1,0,0,no_cal_date,YOKOGAWA;WT310E;C3XA04010E;F1.04'
ptd-server 2022-07-19 08:33:35,473 [INFO] Connected to PTDaemon
ptd-server 2022-07-19 08:33:35,473 [INFO] Sending to ptd: 'RR'
ptd-server 2022-07-19 08:33:35,473 [INFO] Reply from ptd: 'Ranges,0,0.500000,1,300.000000'
ptd-server 2022-07-19 08:33:35,473 [INFO] Initial range for Amps is 0.500000 for Volts is Auto
ptd-server 2022-07-19 08:33:35,473 [INFO] Sending to ptd: 'SR,V,Auto'
ptd-server 2022-07-19 08:33:35,976 [INFO] Reply from ptd: 'Range V changed'
ptd-server 2022-07-19 08:33:35,976 [INFO] Sending to ptd: 'SR,A,Auto'
ptd-server 2022-07-19 08:33:36,478 [INFO] Reply from ptd: 'Range A changed'
ptd-server 2022-07-19 08:33:46,486 [INFO] Starting ranging mode
ptd-server 2022-07-19 08:33:46,486 [INFO] Sending to ptd: 'Go,1000,0,2022-07-19_08-33-16_ranging'
ptd-server 2022-07-19 08:33:46,487 [INFO] Reply from ptd: 'Starting untimed measurement, maximum 500000 samples at 1000ms with 0 rampup samples'
ptd-server 2022-07-19 08:33:46,487 [INFO] Sending reply to client 'OK'
ptd-server 2022-07-19 08:44:03,913 [INFO] Got command from the client 'session,2022-07-19_08-33-16,stop,ranging'
ptd-server 2022-07-19 08:44:13,924 [INFO] Sending to ptd: 'Stop'
ptd-server 2022-07-19 08:44:13,924 [INFO] Reply from ptd: 'Stopping untimed measurement'
ptd-server 2022-07-19 08:44:13,999 [INFO] Sending reply to client 'OK'
ptd-server 2022-07-19 08:44:14,518 [INFO] Got command from the client 'time'
ptd-server 2022-07-19 08:44:14,518 [INFO] Sending reply to client '1658216654.518933'
ptd-server 2022-07-19 08:44:14,525 [INFO] Got command from the client 'session,2022-07-19_08-33-16,start,testing'
ptd-server 2022-07-19 08:44:14,525 [INFO] Sending to ptd: 'SR,V,248.190000'
ptd-server 2022-07-19 08:44:16,026 [INFO] Reply from ptd: 'Range V changed'
ptd-server 2022-07-19 08:44:16,026 [INFO] Sending to ptd: 'SR,A,0.078730'
ptd-server 2022-07-19 08:44:17,528 [INFO] Reply from ptd: 'Range A changed'
ptd-server 2022-07-19 08:44:27,538 [INFO] Starting testing mode
ptd-server 2022-07-19 08:44:27,538 [INFO] Sending to ptd: 'Go,1000,0,2022-07-19_08-33-16_testing'
ptd-server 2022-07-19 08:44:27,539 [INFO] Reply from ptd: 'Starting untimed measurement, maximum 500000 samples at 1000ms with 0 rampup samples'
ptd-server 2022-07-19 08:44:27,539 [INFO] Sending reply to client 'OK'
ptd-server 2022-07-19 08:54:45,376 [INFO] Got command from the client 'session,2022-07-19_08-33-16,stop,testing'
ptd-server 2022-07-19 08:54:55,387 [INFO] Sending to ptd: 'Stop'
ptd-server 2022-07-19 08:54:55,387 [INFO] Reply from ptd: 'Stopping untimed measurement'
ptd-server 2022-07-19 08:54:55,423 [INFO] Sending reply to client 'OK'
ptd-server 2022-07-19 08:54:55,481 [INFO] Got command from the client 'session,2022-07-19_08-33-16,done'
ptd-server 2022-07-19 08:54:55,481 [INFO] Sending to ptd: 'Stop'
ptd-server 2022-07-19 08:54:55,540 [INFO] Reply from ptd: 'Error: no measurement to stop'
ptd-server 2022-07-19 08:54:55,540 [INFO] Sending to ptd: 'SR,V,Auto'
ptd-server 2022-07-19 08:54:56,042 [INFO] Reply from ptd: 'Range V changed'
ptd-server 2022-07-19 08:54:56,043 [INFO] Sending to ptd: 'SR,A,0.500000'
ptd-server 2022-07-19 08:54:57,544 [INFO] Reply from ptd: 'Range A changed'
ptd-server 2022-07-19 08:54:57,544 [INFO] Set initial values for Amps 0.500000 and Volts Auto
ptd-server 2022-07-19 08:54:57,544 [INFO] Stopping ptd...
