client 2022-08-02 15:49:14,350 [WARNING] Removing loadgen logs directory '/home/yvan/CK/ck-mlperf/program/image-classification-tflite-loadgen/tmp/loadgen_logs'
client 2022-08-02 15:49:14,351 [INFO] Sending command to the server: 'mlcommons/power client v3'
client 2022-08-02 15:49:14,352 [INFO] Got response: 'mlcommons/power server v3'
client 2022-08-02 15:49:14,352 [INFO] Synchronizing with the server and with time.google.com...
client 2022-08-02 15:49:14,415 [INFO] NTP:offset = 0.009 s, delay = 0.039 s 
client 2022-08-02 15:49:14,415 [INFO] Sending command to the server: 'time'
client 2022-08-02 15:49:14,416 [INFO] Got response: '1659451754.413305'
client 2022-08-02 15:49:14,416 [INFO] The time difference between the client and the server is within range 2.599 ms..3.544 ms
client 2022-08-02 15:49:14,416 [INFO] Sending command to the server: 'new,,bb7c8f32-9c6e-46d7-bf27-6ccd826fab8c'
client 2022-08-02 15:49:14,418 [INFO] Got response: 'OK 2022-08-02_15-49-14,73d2208b-8ea8-4192-8caf-de412e12ab88'
client 2022-08-02 15:49:14,418 [INFO] Session id is '2022-08-02_15-49-14'
client 2022-08-02 15:49:14,418 [INFO] Sources: {"sources": {"__init__.py": "da39a3ee5e6b4b0d3255bfef95601890afd80709", "client.py": "33ca4f26368777ac06e01f9567b714a4b8063886", "lib/__init__.py": "da39a3ee5e6b4b0d3255bfef95601890afd80709", "lib/client.py": "4c2b78fb4849a7e5b584ef792d82aaed20b17f57", "lib/common.py": "624d0c0acc7c39aaff3674f0b99d6a09da53d1dc", "lib/external/__init__.py": "da39a3ee5e6b4b0d3255bfef95601890afd80709", "lib/external/ntplib.py": "4da8f970656505a40483206ef2b5d3dd5e81711d", "lib/server.py": "cda0cdfaee9bfa1249c64a7dd4f89b7bf1b279f0", "lib/source_hashes.py": "60a2e02193209e8d392803326208d5466342da18", "lib/summary.py": "aa92f0a3f975eecd44d3c0cd0236342ccc9f941d", "lib/time_sync.py": "3210db56eb0ff0df57bf4293dc4d4b03fffd46f1", "server.py": "c3f90f2f7eeb4db30727556d0c815ebc89b3d28b", "tests/unit/__init__.py": "da39a3ee5e6b4b0d3255bfef95601890afd80709", "tests/unit/test_server.py": "99ae15aef722f2000ee6ed1ae1523637bf1ae42b", "tests/unit/test_source_hashes.py": "00468a2907583c593e6574a1f6b404e4651c221a"}, "modules": {"ptd_client_server.lib.client": "lib/client.py", "ptd_client_server.lib.common": "lib/common.py", "ptd_client_server.lib.external.ntplib": "lib/external/ntplib.py", "ptd_client_server.lib.source_hashes": "lib/source_hashes.py", "ptd_client_server.lib.summary": "lib/summary.py", "ptd_client_server.lib.time_sync": "lib/time_sync.py"}}
client 2022-08-02 15:49:14,419 [INFO] Running workload in ranging mode
client 2022-08-02 15:49:14,419 [INFO] Synchronizing with the server and with time.google.com...
client 2022-08-02 15:49:14,445 [INFO] NTP:offset = 0.002 s, delay = 0.025 s 
client 2022-08-02 15:49:14,445 [INFO] Sending command to the server: 'time'
client 2022-08-02 15:49:14,446 [INFO] Got response: '1659451754.4432096'
client 2022-08-02 15:49:14,446 [INFO] The time difference between the client and the server is within range 2.539 ms..3.723 ms
client 2022-08-02 15:49:14,447 [INFO] Sending command to the server: 'session,2022-08-02_15-49-14,start,ranging'
client 2022-08-02 15:49:42,642 [INFO] Got response: 'OK'
client 2022-08-02 15:49:42,643 [INFO] Running the workload 'ck benchmark program:image-classification-tflite-loadgen --env.CK_SILENT_MODE=YES --skip_print_timers --dep_add_tags.compiler=gcc,v9 --dep_add_tags.python=v3 --dep_add_tags.mlperf-inference-src=r2.1 --dep_add_tags.weights=mobilenet,v1-0.75-224,non-quantized --dep_add_tags.images=crop.875,preprocessed,using-opencv --dep_add_tags.library=tflite,v2.7.1,with.ruy --env.CK_LOADGEN_DATASET_SIZE=1024 --env.CK_LOADGEN_MODE=PerformanceOnly --env.CK_LOADGEN_SCENARIO=SingleStream --env.CK_LOADGEN_TARGET_LATENCY=$CK_LOADGEN_TARGET_LATENCY --skip_stat_analysis --process_multi_keys --repetitions=1 --record --record_repo=local --record_uoa=mlperf_v2.1-open-orin-tflite-v2.7.1-ruy-mobilenet-v1-0.75-224-non-quantized-singlestream-performance-target_latency.$CK_LOADGEN_TARGET_LATENCY-power.workload --tags=mlperf,round.v2.1,division.open,task.image-classification,platform.orin,scenario.singlestream,mode.performance,workload.mobilenet-v1-0.75-224-non-quantized,preprocessed_using.opencv,inference_engine.tflite,inference_engine_version.v2.7.1,inference_engine_backend.ruy,target_latency.$CK_LOADGEN_TARGET_LATENCY,power.workload "@@@{\'meta\': {\'ck_benchmark_program\': \'ck benchmark program:image-classification-tflite-loadgen --env.CK_SILENT_MODE=YES --skip_print_timers --dep_add_tags.compiler=gcc,v9 --dep_add_tags.python=v3 --dep_add_tags.mlperf-inference-src=r2.1 --dep_add_tags.weights=mobilenet,v1-0.75-224,non-quantized --dep_add_tags.images=crop.875,preprocessed,using-opencv --dep_add_tags.library=tflite,v2.7.1,with.ruy --env.CK_LOADGEN_DATASET_SIZE=1024 --env.CK_LOADGEN_MODE=PerformanceOnly --env.CK_LOADGEN_SCENARIO=SingleStream --env.CK_LOADGEN_TARGET_LATENCY=$CK_LOADGEN_TARGET_LATENCY --skip_stat_analysis --process_multi_keys --repetitions=1 --record --record_repo=local --record_uoa=mlperf_v2.1-open-orin-tflite-v2.7.1-ruy-mobilenet-v1-0.75-224-non-quantized-singlestream-performance-target_latency.$CK_LOADGEN_TARGET_LATENCY-power.workload --tags=mlperf,round.v2.1,division.open,task.image-classification,platform.orin,scenario.singlestream,mode.performance,workload.mobilenet-v1-0.75-224-non-quantized,preprocessed_using.opencv,inference_engine.tflite,inference_engine_version.v2.7.1,inference_engine_backend.ruy,target_latency.$CK_LOADGEN_TARGET_LATENCY,power.workload\'}}" && cat `ck find program:image-classification-tflite-loadgen`/tmp/mlperf_log_summary.txt && mkdir -p "$CK_MLPERF_POWER_CLIENT_LOADGEN_LOGS" && cp "$CK_MLPERF_POWER_CLIENT_LOADGEN_LOGS"/../mlperf_log_* "$CK_MLPERF_POWER_CLIENT_LOADGEN_LOGS"/'
client 2022-08-02 15:59:56,863 [INFO] Sending command to the server: 'session,2022-08-02_15-49-14,stop,ranging'
client 2022-08-02 16:00:08,399 [INFO] Got response: 'OK'
client 2022-08-02 16:00:08,414 [INFO] Copying loadgen logs from '/home/yvan/CK/ck-mlperf/program/image-classification-tflite-loadgen/tmp/loadgen_logs' to '/home/yvan/CK/ck-mlperf/program/mlperf-power-client/tmp/2022-08-02_15-49-14/ranging'
client 2022-08-02 16:00:08,416 [INFO] Running workload in testing mode
client 2022-08-02 16:00:08,417 [INFO] Synchronizing with the server and with time.google.com...
client 2022-08-02 16:00:08,460 [INFO] NTP:offset = -0.000 s, delay = 0.025 s 
client 2022-08-02 16:00:08,461 [INFO] Sending command to the server: 'time'
client 2022-08-02 16:00:08,462 [INFO] Got response: '1659452408.4616835'
client 2022-08-02 16:00:08,462 [INFO] The time difference between the client and the server is within range -0.497 ms..0.846 ms
client 2022-08-02 16:00:08,462 [INFO] Sending command to the server: 'session,2022-08-02_15-49-14,start,testing'
client 2022-08-02 16:00:21,478 [INFO] Got response: 'OK'
client 2022-08-02 16:00:21,478 [INFO] Running the workload 'ck benchmark program:image-classification-tflite-loadgen --env.CK_SILENT_MODE=YES --skip_print_timers --dep_add_tags.compiler=gcc,v9 --dep_add_tags.python=v3 --dep_add_tags.mlperf-inference-src=r2.1 --dep_add_tags.weights=mobilenet,v1-0.75-224,non-quantized --dep_add_tags.images=crop.875,preprocessed,using-opencv --dep_add_tags.library=tflite,v2.7.1,with.ruy --env.CK_LOADGEN_DATASET_SIZE=1024 --env.CK_LOADGEN_MODE=PerformanceOnly --env.CK_LOADGEN_SCENARIO=SingleStream --env.CK_LOADGEN_TARGET_LATENCY=$CK_LOADGEN_TARGET_LATENCY --skip_stat_analysis --process_multi_keys --repetitions=1 --record --record_repo=local --record_uoa=mlperf_v2.1-open-orin-tflite-v2.7.1-ruy-mobilenet-v1-0.75-224-non-quantized-singlestream-performance-target_latency.$CK_LOADGEN_TARGET_LATENCY-power.workload --tags=mlperf,round.v2.1,division.open,task.image-classification,platform.orin,scenario.singlestream,mode.performance,workload.mobilenet-v1-0.75-224-non-quantized,preprocessed_using.opencv,inference_engine.tflite,inference_engine_version.v2.7.1,inference_engine_backend.ruy,target_latency.$CK_LOADGEN_TARGET_LATENCY,power.workload "@@@{\'meta\': {\'ck_benchmark_program\': \'ck benchmark program:image-classification-tflite-loadgen --env.CK_SILENT_MODE=YES --skip_print_timers --dep_add_tags.compiler=gcc,v9 --dep_add_tags.python=v3 --dep_add_tags.mlperf-inference-src=r2.1 --dep_add_tags.weights=mobilenet,v1-0.75-224,non-quantized --dep_add_tags.images=crop.875,preprocessed,using-opencv --dep_add_tags.library=tflite,v2.7.1,with.ruy --env.CK_LOADGEN_DATASET_SIZE=1024 --env.CK_LOADGEN_MODE=PerformanceOnly --env.CK_LOADGEN_SCENARIO=SingleStream --env.CK_LOADGEN_TARGET_LATENCY=$CK_LOADGEN_TARGET_LATENCY --skip_stat_analysis --process_multi_keys --repetitions=1 --record --record_repo=local --record_uoa=mlperf_v2.1-open-orin-tflite-v2.7.1-ruy-mobilenet-v1-0.75-224-non-quantized-singlestream-performance-target_latency.$CK_LOADGEN_TARGET_LATENCY-power.workload --tags=mlperf,round.v2.1,division.open,task.image-classification,platform.orin,scenario.singlestream,mode.performance,workload.mobilenet-v1-0.75-224-non-quantized,preprocessed_using.opencv,inference_engine.tflite,inference_engine_version.v2.7.1,inference_engine_backend.ruy,target_latency.$CK_LOADGEN_TARGET_LATENCY,power.workload\'}}" && cat `ck find program:image-classification-tflite-loadgen`/tmp/mlperf_log_summary.txt && mkdir -p "$CK_MLPERF_POWER_CLIENT_LOADGEN_LOGS" && cp "$CK_MLPERF_POWER_CLIENT_LOADGEN_LOGS"/../mlperf_log_* "$CK_MLPERF_POWER_CLIENT_LOADGEN_LOGS"/'
client 2022-08-02 16:10:35,436 [INFO] Sending command to the server: 'session,2022-08-02_15-49-14,stop,testing'
client 2022-08-02 16:10:46,237 [INFO] Got response: 'OK'
client 2022-08-02 16:10:46,248 [INFO] Copying loadgen logs from '/home/yvan/CK/ck-mlperf/program/image-classification-tflite-loadgen/tmp/loadgen_logs' to '/home/yvan/CK/ck-mlperf/program/mlperf-power-client/tmp/2022-08-02_15-49-14/run_1'
client 2022-08-02 16:10:46,250 [INFO] Done runs
