ptd-server 2022-08-02 15:49:14,413 [INFO] Got command from the client 'time'
ptd-server 2022-08-02 15:49:14,413 [INFO] Sending reply to client '1659451754.413305'
ptd-server 2022-08-02 15:49:14,414 [INFO] Got command from the client 'new,,bb7c8f32-9c6e-46d7-bf27-6ccd826fab8c'
ptd-server 2022-08-02 15:49:14,414 [INFO] Sending reply to client 'OK 2022-08-02_15-49-14,73d2208b-8ea8-4192-8caf-de412e12ab88'
ptd-server 2022-08-02 15:49:14,443 [INFO] Got command from the client 'time'
ptd-server 2022-08-02 15:49:14,443 [INFO] Sending reply to client '1659451754.4432096'
ptd-server 2022-08-02 15:49:14,444 [INFO] Got command from the client 'session,2022-08-02_15-49-14,start,ranging'
ptd-server 2022-08-02 15:49:14,444 [INFO] Running PTDaemon: ['/home/anton/projects/mlperf/power/inference_v1.0/ptd-linux-x86', '-l', '/tmp/tmp7lgbo8s4/ptd_logfile.txt', '-p', '8888', '49', '/dev/usbtmc0']
ptd-server 2022-08-02 15:49:31,618 [INFO] Sending to ptd: 'Hello'
ptd-server 2022-08-02 15:49:31,619 [INFO] Reply from ptd: 'Hello, PTDaemon here!'
ptd-server 2022-08-02 15:49:31,619 [INFO] Sending to ptd: 'Identify'
ptd-server 2022-08-02 15:49:31,620 [INFO] Reply from ptd: 'YokogawaWT310E,1000,1,1,1,1,0,1,1,version=1.9.2-e8c7a49a-20201208,OS=Linux 5.13.0-52-generic #59~20.04.1-Ubuntu SMP Thu Jun 16 21:21:28 UTC 2022 x86_64,mode=power,1,1,1,0,0,no_cal_date,YOKOGAWA;WT310E;C3XA04010E;F1.04'
ptd-server 2022-08-02 15:49:31,620 [INFO] Connected to PTDaemon
ptd-server 2022-08-02 15:49:31,620 [INFO] Sending to ptd: 'RR'
ptd-server 2022-08-02 15:49:31,620 [INFO] Reply from ptd: 'Ranges,0,0.500000,1,300.000000'
ptd-server 2022-08-02 15:49:31,620 [INFO] Initial range for Amps is 0.500000 for Volts is Auto
ptd-server 2022-08-02 15:49:31,621 [INFO] Sending to ptd: 'SR,V,Auto'
ptd-server 2022-08-02 15:49:32,123 [INFO] Reply from ptd: 'Range V changed'
ptd-server 2022-08-02 15:49:32,123 [INFO] Sending to ptd: 'SR,A,Auto'
ptd-server 2022-08-02 15:49:32,626 [INFO] Reply from ptd: 'Range A changed'
ptd-server 2022-08-02 15:49:42,636 [INFO] Starting ranging mode
ptd-server 2022-08-02 15:49:42,636 [INFO] Sending to ptd: 'Go,1000,0,2022-08-02_15-49-14_ranging'
ptd-server 2022-08-02 15:49:42,637 [INFO] Reply from ptd: 'Starting untimed measurement, maximum 500000 samples at 1000ms with 0 rampup samples'
ptd-server 2022-08-02 15:49:42,637 [INFO] Sending reply to client 'OK'
ptd-server 2022-08-02 15:59:56,863 [INFO] Got command from the client 'session,2022-08-02_15-49-14,stop,ranging'
ptd-server 2022-08-02 16:00:06,874 [INFO] Sending to ptd: 'Stop'
ptd-server 2022-08-02 16:00:06,874 [INFO] Reply from ptd: 'Stopping untimed measurement'
ptd-server 2022-08-02 16:00:08,397 [INFO] Sending reply to client 'OK'
ptd-server 2022-08-02 16:00:08,461 [INFO] Got command from the client 'time'
ptd-server 2022-08-02 16:00:08,461 [INFO] Sending reply to client '1659452408.4616835'
ptd-server 2022-08-02 16:00:08,462 [INFO] Got command from the client 'session,2022-08-02_15-49-14,start,testing'
ptd-server 2022-08-02 16:00:08,463 [INFO] Sending to ptd: 'SR,V,250.860000'
ptd-server 2022-08-02 16:00:09,964 [INFO] Reply from ptd: 'Range V changed'
ptd-server 2022-08-02 16:00:09,964 [INFO] Sending to ptd: 'SR,A,0.281280'
ptd-server 2022-08-02 16:00:11,466 [INFO] Reply from ptd: 'Range A changed'
ptd-server 2022-08-02 16:00:21,476 [INFO] Starting testing mode
ptd-server 2022-08-02 16:00:21,476 [INFO] Sending to ptd: 'Go,1000,0,2022-08-02_15-49-14_testing'
ptd-server 2022-08-02 16:00:21,476 [INFO] Reply from ptd: 'Starting untimed measurement, maximum 500000 samples at 1000ms with 0 rampup samples'
ptd-server 2022-08-02 16:00:21,477 [INFO] Sending reply to client 'OK'
ptd-server 2022-08-02 16:10:35,439 [INFO] Got command from the client 'session,2022-08-02_15-49-14,stop,testing'
ptd-server 2022-08-02 16:10:45,450 [INFO] Sending to ptd: 'Stop'
ptd-server 2022-08-02 16:10:45,450 [INFO] Reply from ptd: 'Stopping untimed measurement'
ptd-server 2022-08-02 16:10:46,238 [INFO] Sending reply to client 'OK'
ptd-server 2022-08-02 16:10:46,259 [INFO] Got command from the client 'session,2022-08-02_15-49-14,done'
ptd-server 2022-08-02 16:10:46,259 [INFO] Sending to ptd: 'Stop'
ptd-server 2022-08-02 16:10:46,259 [INFO] Reply from ptd: 'Error: no measurement to stop'
ptd-server 2022-08-02 16:10:46,260 [INFO] Sending to ptd: 'SR,V,Auto'
ptd-server 2022-08-02 16:10:46,762 [INFO] Reply from ptd: 'Range V changed'
ptd-server 2022-08-02 16:10:46,762 [INFO] Sending to ptd: 'SR,A,0.500000'
ptd-server 2022-08-02 16:10:48,264 [INFO] Reply from ptd: 'Range A changed'
ptd-server 2022-08-02 16:10:48,264 [INFO] Set initial values for Amps 0.500000 and Volts Auto
ptd-server 2022-08-02 16:10:48,264 [INFO] Stopping ptd...
