client 2022-07-28 12:37:46,864 [INFO] Sending command to the server: 'mlcommons/power client v3'
client 2022-07-28 12:37:46,864 [INFO] Got response: 'mlcommons/power server v3'
client 2022-07-28 12:37:46,864 [INFO] Sending command to the server: 'stop'
client 2022-07-28 12:37:46,865 [INFO] Got response: 'OK'
client 2022-07-28 12:37:46,865 [INFO] Synchronizing with the server and with 192.168.123.123...
client 2022-07-28 12:37:46,868 [INFO] NTP:offset = 0.000 s, delay = 0.000 s 
client 2022-07-28 12:37:46,868 [INFO] Sending command to the server: 'time'
client 2022-07-28 12:37:46,869 [INFO] Got response: '1659011866.7470844'
client 2022-07-28 12:37:46,869 [INFO] The time difference between the client and the server is within range 121.599 ms..122.396 ms
client 2022-07-28 12:37:46,869 [INFO] Sending command to the server: 'new,,79353887-b8ad-4551-aed1-5b6cbdd3f808'
client 2022-07-28 12:37:46,870 [INFO] Got response: 'OK 2022-07-28_12-37-46,70c60993-51ba-4888-9458-8402d12bc749'
client 2022-07-28 12:37:46,870 [INFO] Session id is '2022-07-28_12-37-46'
client 2022-07-28 12:37:46,870 [INFO] Sources: {"sources": {"__init__.py": "da39a3ee5e6b4b0d3255bfef95601890afd80709", "client.py": "33ca4f26368777ac06e01f9567b714a4b8063886", "lib/__init__.py": "da39a3ee5e6b4b0d3255bfef95601890afd80709", "lib/client.py": "4c2b78fb4849a7e5b584ef792d82aaed20b17f57", "lib/common.py": "624d0c0acc7c39aaff3674f0b99d6a09da53d1dc", "lib/external/__init__.py": "da39a3ee5e6b4b0d3255bfef95601890afd80709", "lib/external/ntplib.py": "4da8f970656505a40483206ef2b5d3dd5e81711d", "lib/server.py": "cda0cdfaee9bfa1249c64a7dd4f89b7bf1b279f0", "lib/source_hashes.py": "60a2e02193209e8d392803326208d5466342da18", "lib/summary.py": "aa92f0a3f975eecd44d3c0cd0236342ccc9f941d", "lib/time_sync.py": "3210db56eb0ff0df57bf4293dc4d4b03fffd46f1", "server.py": "c3f90f2f7eeb4db30727556d0c815ebc89b3d28b", "tests/unit/__init__.py": "da39a3ee5e6b4b0d3255bfef95601890afd80709", "tests/unit/test_server.py": "99ae15aef722f2000ee6ed1ae1523637bf1ae42b", "tests/unit/test_source_hashes.py": "00468a2907583c593e6574a1f6b404e4651c221a"}, "modules": {"ptd_client_server.lib.client": "lib/client.py", "ptd_client_server.lib.common": "lib/common.py", "ptd_client_server.lib.external.ntplib": "lib/external/ntplib.py", "ptd_client_server.lib.source_hashes": "lib/source_hashes.py", "ptd_client_server.lib.summary": "lib/summary.py", "ptd_client_server.lib.time_sync": "lib/time_sync.py"}}
client 2022-07-28 12:37:46,871 [INFO] Running workload in ranging mode
client 2022-07-28 12:37:46,871 [INFO] Synchronizing with the server and with 192.168.123.123...
client 2022-07-28 12:37:46,872 [INFO] NTP:offset = -0.000 s, delay = 0.001 s 
client 2022-07-28 12:37:46,872 [INFO] Sending command to the server: 'time'
client 2022-07-28 12:37:46,873 [INFO] Got response: '1659011866.7505746'
client 2022-07-28 12:37:46,873 [INFO] The time difference between the client and the server is within range 121.600 ms..122.527 ms
client 2022-07-28 12:37:46,873 [INFO] Sending command to the server: 'session,2022-07-28_12-37-46,start,ranging'
client 2022-07-28 12:38:25,948 [INFO] Got response: 'OK'
client 2022-07-28 12:38:25,948 [INFO] Running the workload 'LOG_DIR=/work/build/power_logs_temp python3 -m code.main_v2 --benchmarks=resnet50 --scenarios=server --config_ver=maxq --action="run_harness" \\\n\t\t2>&1 | tee -a /work/build/power_logs/2022.07.28-12.37.38/stdout.txt \\\n\t\t&& if [ ! -d /work/build/power_logs/2022.07.28-12.37.38/ranging_tmp ]; \\\n\t\t\tthen mkdir /work/build/power_logs/2022.07.28-12.37.38/ranging_tmp \\\n\t\t\t\t&& mv /work/build/power_logs_temp/* /work/build/power_logs/2022.07.28-12.37.38/ranging_tmp/ \\\n\t\t\t\t&& cp -v /work/build/power_logs/2022.07.28-12.37.38/ranging_tmp/*/*/*/mlperf_log_detail.txt /work/build/power_logs_temp/ \\\n\t\t\t\t&& cp -v /work/build/power_logs/2022.07.28-12.37.38/ranging_tmp/*/*/*/mlperf_log_summary.txt /work/build/power_logs_temp/; \\\n\t\t\telse mkdir /work/build/power_logs/2022.07.28-12.37.38/testing_tmp \\\n\t\t\t\t&& mv /work/build/power_logs_temp/* /work/build/power_logs/2022.07.28-12.37.38/testing_tmp/ \\\n\t\t\t\t&& cp -v /work/build/power_logs/2022.07.28-12.37.38/testing_tmp/*/*/*/mlperf_log_detail.txt /work/build/power_logs_temp/ \\\n\t\t\t\t&& cp -v /work/build/power_logs/2022.07.28-12.37.38/testing_tmp/*/*/*/mlperf_log_summary.txt /work/build/power_logs_temp/; fi'
client 2022-07-28 12:48:37,932 [INFO] Sending command to the server: 'session,2022-07-28_12-37-46,stop,ranging'
client 2022-07-28 12:48:47,966 [INFO] Got response: 'OK'
client 2022-07-28 12:48:47,975 [INFO] Copying loadgen logs from '/work/build/power_logs_temp' to '/work/build/power_logs/2022.07.28-12.37.38/2022-07-28_12-37-46/ranging'
client 2022-07-28 12:48:47,976 [INFO] Running workload in testing mode
client 2022-07-28 12:48:47,976 [INFO] Synchronizing with the server and with 192.168.123.123...
client 2022-07-28 12:48:47,977 [INFO] NTP:offset = -0.000 s, delay = 0.000 s 
client 2022-07-28 12:48:47,977 [INFO] Sending command to the server: 'time'
client 2022-07-28 12:48:47,978 [INFO] Got response: '1659012527.831146'
client 2022-07-28 12:48:47,978 [INFO] The time difference between the client and the server is within range 146.381 ms..147.310 ms
client 2022-07-28 12:48:47,978 [INFO] Sending command to the server: 'session,2022-07-28_12-37-46,start,testing'
client 2022-07-28 12:49:09,679 [INFO] Got response: 'OK'
client 2022-07-28 12:49:09,679 [INFO] Running the workload 'LOG_DIR=/work/build/power_logs_temp python3 -m code.main_v2 --benchmarks=resnet50 --scenarios=server --config_ver=maxq --action="run_harness" \\\n\t\t2>&1 | tee -a /work/build/power_logs/2022.07.28-12.37.38/stdout.txt \\\n\t\t&& if [ ! -d /work/build/power_logs/2022.07.28-12.37.38/ranging_tmp ]; \\\n\t\t\tthen mkdir /work/build/power_logs/2022.07.28-12.37.38/ranging_tmp \\\n\t\t\t\t&& mv /work/build/power_logs_temp/* /work/build/power_logs/2022.07.28-12.37.38/ranging_tmp/ \\\n\t\t\t\t&& cp -v /work/build/power_logs/2022.07.28-12.37.38/ranging_tmp/*/*/*/mlperf_log_detail.txt /work/build/power_logs_temp/ \\\n\t\t\t\t&& cp -v /work/build/power_logs/2022.07.28-12.37.38/ranging_tmp/*/*/*/mlperf_log_summary.txt /work/build/power_logs_temp/; \\\n\t\t\telse mkdir /work/build/power_logs/2022.07.28-12.37.38/testing_tmp \\\n\t\t\t\t&& mv /work/build/power_logs_temp/* /work/build/power_logs/2022.07.28-12.37.38/testing_tmp/ \\\n\t\t\t\t&& cp -v /work/build/power_logs/2022.07.28-12.37.38/testing_tmp/*/*/*/mlperf_log_detail.txt /work/build/power_logs_temp/ \\\n\t\t\t\t&& cp -v /work/build/power_logs/2022.07.28-12.37.38/testing_tmp/*/*/*/mlperf_log_summary.txt /work/build/power_logs_temp/; fi'
client 2022-07-28 12:59:21,525 [INFO] Sending command to the server: 'session,2022-07-28_12-37-46,stop,testing'
client 2022-07-28 12:59:31,543 [INFO] Got response: 'OK'
client 2022-07-28 12:59:31,545 [INFO] Copying loadgen logs from '/work/build/power_logs_temp' to '/work/build/power_logs/2022.07.28-12.37.38/2022-07-28_12-37-46/run_1'
client 2022-07-28 12:59:31,546 [INFO] Done runs
