ptd-server 2022-07-23 23:02:14,570 [INFO] Got command from the client 'time'
ptd-server 2022-07-23 23:02:14,571 [INFO] Sending reply to client '1658613734.571042'
ptd-server 2022-07-23 23:02:14,572 [INFO] Got command from the client 'new,,e30e132a-49ce-48e0-b066-59b113fca139'
ptd-server 2022-07-23 23:02:14,572 [INFO] Sending reply to client 'OK 2022-07-23_23-02-14,df8aa66d-520f-4304-a97b-400407e8b690'
ptd-server 2022-07-23 23:02:14,610 [INFO] Got command from the client 'time'
ptd-server 2022-07-23 23:02:14,611 [INFO] Sending reply to client '1658613734.6110091'
ptd-server 2022-07-23 23:02:14,611 [INFO] Got command from the client 'session,2022-07-23_23-02-14,start,ranging'
ptd-server 2022-07-23 23:02:14,612 [INFO] Running PTDaemon: ['/home/anton/projects/mlperf/power/inference_v1.0/ptd-linux-x86', '-l', '/tmp/tmp7lgbo8s4/ptd_logfile.txt', '-p', '8888', '49', '/dev/usbtmc0']
ptd-server 2022-07-23 23:02:31,787 [INFO] Sending to ptd: 'Hello'
ptd-server 2022-07-23 23:02:31,787 [INFO] Reply from ptd: 'Hello, PTDaemon here!'
ptd-server 2022-07-23 23:02:31,788 [INFO] Sending to ptd: 'Identify'
ptd-server 2022-07-23 23:02:31,788 [INFO] Reply from ptd: 'YokogawaWT310E,1000,1,1,1,1,0,1,1,version=1.9.2-e8c7a49a-20201208,OS=Linux 5.13.0-52-generic #59~20.04.1-Ubuntu SMP Thu Jun 16 21:21:28 UTC 2022 x86_64,mode=power,1,1,1,0,0,no_cal_date,YOKOGAWA;WT310E;C3XA04010E;F1.04'
ptd-server 2022-07-23 23:02:31,788 [INFO] Connected to PTDaemon
ptd-server 2022-07-23 23:02:31,788 [INFO] Sending to ptd: 'RR'
ptd-server 2022-07-23 23:02:31,789 [INFO] Reply from ptd: 'Ranges,0,0.500000,1,300.000000'
ptd-server 2022-07-23 23:02:31,789 [INFO] Initial range for Amps is 0.500000 for Volts is Auto
ptd-server 2022-07-23 23:02:31,789 [INFO] Sending to ptd: 'SR,V,Auto'
ptd-server 2022-07-23 23:02:32,291 [INFO] Reply from ptd: 'Range V changed'
ptd-server 2022-07-23 23:02:32,292 [INFO] Sending to ptd: 'SR,A,Auto'
ptd-server 2022-07-23 23:02:32,794 [INFO] Reply from ptd: 'Range A changed'
ptd-server 2022-07-23 23:02:42,804 [INFO] Starting ranging mode
ptd-server 2022-07-23 23:02:42,805 [INFO] Sending to ptd: 'Go,1000,0,2022-07-23_23-02-14_ranging'
ptd-server 2022-07-23 23:02:42,805 [INFO] Reply from ptd: 'Starting untimed measurement, maximum 500000 samples at 1000ms with 0 rampup samples'
ptd-server 2022-07-23 23:02:42,805 [INFO] Sending reply to client 'OK'
ptd-server 2022-07-23 23:13:17,515 [INFO] Got command from the client 'session,2022-07-23_23-02-14,stop,ranging'
ptd-server 2022-07-23 23:13:27,525 [INFO] Sending to ptd: 'Stop'
ptd-server 2022-07-23 23:13:27,526 [INFO] Reply from ptd: 'Stopping untimed measurement'
ptd-server 2022-07-23 23:13:28,143 [INFO] Sending reply to client 'OK'
ptd-server 2022-07-23 23:13:28,185 [INFO] Got command from the client 'time'
ptd-server 2022-07-23 23:13:28,186 [INFO] Sending reply to client '1658614408.1860309'
ptd-server 2022-07-23 23:13:28,186 [INFO] Got command from the client 'session,2022-07-23_23-02-14,start,testing'
ptd-server 2022-07-23 23:13:28,187 [INFO] Sending to ptd: 'SR,V,250.390000'
ptd-server 2022-07-23 23:13:29,688 [INFO] Reply from ptd: 'Range V changed'
ptd-server 2022-07-23 23:13:29,688 [INFO] Sending to ptd: 'SR,A,0.051660'
ptd-server 2022-07-23 23:13:31,190 [INFO] Reply from ptd: 'Range A changed'
ptd-server 2022-07-23 23:13:41,200 [INFO] Starting testing mode
ptd-server 2022-07-23 23:13:41,200 [INFO] Sending to ptd: 'Go,1000,0,2022-07-23_23-02-14_testing'
ptd-server 2022-07-23 23:13:41,200 [INFO] Reply from ptd: 'Starting untimed measurement, maximum 500000 samples at 1000ms with 0 rampup samples'
ptd-server 2022-07-23 23:13:41,200 [INFO] Sending reply to client 'OK'
ptd-server 2022-07-23 23:24:15,820 [INFO] Got command from the client 'session,2022-07-23_23-02-14,stop,testing'
ptd-server 2022-07-23 23:24:25,830 [INFO] Sending to ptd: 'Stop'
ptd-server 2022-07-23 23:24:25,831 [INFO] Reply from ptd: 'Stopping untimed measurement'
ptd-server 2022-07-23 23:24:26,147 [INFO] Sending reply to client 'OK'
ptd-server 2022-07-23 23:24:26,155 [INFO] Got command from the client 'session,2022-07-23_23-02-14,done'
ptd-server 2022-07-23 23:24:26,155 [INFO] Sending to ptd: 'Stop'
ptd-server 2022-07-23 23:24:26,201 [INFO] Reply from ptd: 'Error: no measurement to stop'
ptd-server 2022-07-23 23:24:26,201 [INFO] Sending to ptd: 'SR,V,Auto'
ptd-server 2022-07-23 23:24:26,703 [INFO] Reply from ptd: 'Range V changed'
ptd-server 2022-07-23 23:24:26,704 [INFO] Sending to ptd: 'SR,A,0.500000'
ptd-server 2022-07-23 23:24:28,205 [INFO] Reply from ptd: 'Range A changed'
ptd-server 2022-07-23 23:24:28,205 [INFO] Set initial values for Amps 0.500000 and Volts Auto
ptd-server 2022-07-23 23:24:28,205 [INFO] Stopping ptd...
