ptd-server 2022-07-31 09:03:36,723 [INFO] Got command from the client 'time'
ptd-server 2022-07-31 09:03:36,723 [INFO] Sending reply to client '1659254616.7239273'
ptd-server 2022-07-31 09:03:36,724 [INFO] Got command from the client 'new,,d7edf2c8-c71a-4ad7-9963-5c097c17ae5c'
ptd-server 2022-07-31 09:03:36,725 [INFO] Sending reply to client 'OK 2022-07-31_09-03-36,fc9448f4-b638-43b1-bf4f-d96ed9653504'
ptd-server 2022-07-31 09:03:36,753 [INFO] Got command from the client 'time'
ptd-server 2022-07-31 09:03:36,754 [INFO] Sending reply to client '1659254616.7540112'
ptd-server 2022-07-31 09:03:36,755 [INFO] Got command from the client 'session,2022-07-31_09-03-36,start,ranging'
ptd-server 2022-07-31 09:03:36,755 [INFO] Running PTDaemon: ['/home/anton/projects/mlperf/power/inference_v1.0/ptd-linux-x86', '-l', '/tmp/tmp7lgbo8s4/ptd_logfile.txt', '-p', '8888', '49', '/dev/usbtmc0']
ptd-server 2022-07-31 09:03:53,929 [INFO] Sending to ptd: 'Hello'
ptd-server 2022-07-31 09:03:53,930 [INFO] Reply from ptd: 'Hello, PTDaemon here!'
ptd-server 2022-07-31 09:03:53,930 [INFO] Sending to ptd: 'Identify'
ptd-server 2022-07-31 09:03:53,930 [INFO] Reply from ptd: 'YokogawaWT310E,1000,1,1,1,1,0,1,1,version=1.9.2-e8c7a49a-20201208,OS=Linux 5.13.0-52-generic #59~20.04.1-Ubuntu SMP Thu Jun 16 21:21:28 UTC 2022 x86_64,mode=power,1,1,1,0,0,no_cal_date,YOKOGAWA;WT310E;C3XA04010E;F1.04'
ptd-server 2022-07-31 09:03:53,930 [INFO] Connected to PTDaemon
ptd-server 2022-07-31 09:03:53,930 [INFO] Sending to ptd: 'RR'
ptd-server 2022-07-31 09:03:53,931 [INFO] Reply from ptd: 'Ranges,0,0.500000,1,300.000000'
ptd-server 2022-07-31 09:03:53,931 [INFO] Initial range for Amps is 0.500000 for Volts is Auto
ptd-server 2022-07-31 09:03:53,931 [INFO] Sending to ptd: 'SR,V,Auto'
ptd-server 2022-07-31 09:03:54,434 [INFO] Reply from ptd: 'Range V changed'
ptd-server 2022-07-31 09:03:54,434 [INFO] Sending to ptd: 'SR,A,Auto'
ptd-server 2022-07-31 09:03:54,936 [INFO] Reply from ptd: 'Range A changed'
ptd-server 2022-07-31 09:04:04,947 [INFO] Starting ranging mode
ptd-server 2022-07-31 09:04:04,947 [INFO] Sending to ptd: 'Go,1000,0,2022-07-31_09-03-36_ranging'
ptd-server 2022-07-31 09:04:04,947 [INFO] Reply from ptd: 'Starting untimed measurement, maximum 500000 samples at 1000ms with 0 rampup samples'
ptd-server 2022-07-31 09:04:04,947 [INFO] Sending reply to client 'OK'
ptd-server 2022-07-31 09:14:18,518 [INFO] Got command from the client 'session,2022-07-31_09-03-36,stop,ranging'
ptd-server 2022-07-31 09:14:28,529 [INFO] Sending to ptd: 'Stop'
ptd-server 2022-07-31 09:14:28,529 [INFO] Reply from ptd: 'Stopping untimed measurement'
ptd-server 2022-07-31 09:14:29,812 [INFO] Sending reply to client 'OK'
ptd-server 2022-07-31 09:14:29,860 [INFO] Got command from the client 'time'
ptd-server 2022-07-31 09:14:29,860 [INFO] Sending reply to client '1659255269.8605776'
ptd-server 2022-07-31 09:14:29,861 [INFO] Got command from the client 'session,2022-07-31_09-03-36,start,testing'
ptd-server 2022-07-31 09:14:29,862 [INFO] Sending to ptd: 'SR,V,248.880000'
ptd-server 2022-07-31 09:14:31,363 [INFO] Reply from ptd: 'Range V changed'
ptd-server 2022-07-31 09:14:31,363 [INFO] Sending to ptd: 'SR,A,0.185540'
ptd-server 2022-07-31 09:14:32,865 [INFO] Reply from ptd: 'Range A changed'
ptd-server 2022-07-31 09:14:42,875 [INFO] Starting testing mode
ptd-server 2022-07-31 09:14:42,875 [INFO] Sending to ptd: 'Go,1000,0,2022-07-31_09-03-36_testing'
ptd-server 2022-07-31 09:14:42,875 [INFO] Reply from ptd: 'Starting untimed measurement, maximum 500000 samples at 1000ms with 0 rampup samples'
ptd-server 2022-07-31 09:14:42,876 [INFO] Sending reply to client 'OK'
ptd-server 2022-07-31 09:24:54,428 [INFO] Got command from the client 'session,2022-07-31_09-03-36,stop,testing'
ptd-server 2022-07-31 09:25:04,439 [INFO] Sending to ptd: 'Stop'
ptd-server 2022-07-31 09:25:04,439 [INFO] Reply from ptd: 'Stopping untimed measurement'
ptd-server 2022-07-31 09:25:05,098 [INFO] Sending reply to client 'OK'
ptd-server 2022-07-31 09:25:05,113 [INFO] Got command from the client 'session,2022-07-31_09-03-36,done'
ptd-server 2022-07-31 09:25:05,113 [INFO] Sending to ptd: 'Stop'
ptd-server 2022-07-31 09:25:05,113 [INFO] Reply from ptd: 'Error: no measurement to stop'
ptd-server 2022-07-31 09:25:05,113 [INFO] Sending to ptd: 'SR,V,Auto'
ptd-server 2022-07-31 09:25:05,616 [INFO] Reply from ptd: 'Range V changed'
ptd-server 2022-07-31 09:25:05,616 [INFO] Sending to ptd: 'SR,A,0.500000'
ptd-server 2022-07-31 09:25:07,117 [INFO] Reply from ptd: 'Range A changed'
ptd-server 2022-07-31 09:25:07,117 [INFO] Set initial values for Amps 0.500000 and Volts Auto
ptd-server 2022-07-31 09:25:07,118 [INFO] Stopping ptd...
