ptd-server 2022-07-29 00:30:12,318 [INFO] Got command from the client 'time'
ptd-server 2022-07-29 00:30:12,319 [INFO] Sending reply to client '1659051012.3190815'
ptd-server 2022-07-29 00:30:12,322 [INFO] Got command from the client 'new,,9e92f28a-a201-4273-af98-c940ceae8c6b'
ptd-server 2022-07-29 00:30:12,323 [INFO] Sending reply to client 'OK 2022-07-29_00-30-12,326c8f96-d360-4671-8b69-5ac907c31c21'
ptd-server 2022-07-29 00:30:12,359 [INFO] Got command from the client 'time'
ptd-server 2022-07-29 00:30:12,359 [INFO] Sending reply to client '1659051012.359202'
ptd-server 2022-07-29 00:30:12,364 [INFO] Got command from the client 'session,2022-07-29_00-30-12,start,ranging'
ptd-server 2022-07-29 00:30:12,365 [INFO] Running PTDaemon: ['/home/anton/projects/mlperf/power/inference_v1.0/ptd-linux-x86', '-l', '/tmp/tmp7lgbo8s4/ptd_logfile.txt', '-p', '8888', '49', '/dev/usbtmc0']
ptd-server 2022-07-29 00:30:29,539 [INFO] Sending to ptd: 'Hello'
ptd-server 2022-07-29 00:30:29,540 [INFO] Reply from ptd: 'Hello, PTDaemon here!'
ptd-server 2022-07-29 00:30:29,540 [INFO] Sending to ptd: 'Identify'
ptd-server 2022-07-29 00:30:29,540 [INFO] Reply from ptd: 'YokogawaWT310E,1000,1,1,1,1,0,1,1,version=1.9.2-e8c7a49a-20201208,OS=Linux 5.13.0-52-generic #59~20.04.1-Ubuntu SMP Thu Jun 16 21:21:28 UTC 2022 x86_64,mode=power,1,1,1,0,0,no_cal_date,YOKOGAWA;WT310E;C3XA04010E;F1.04'
ptd-server 2022-07-29 00:30:29,541 [INFO] Connected to PTDaemon
ptd-server 2022-07-29 00:30:29,541 [INFO] Sending to ptd: 'RR'
ptd-server 2022-07-29 00:30:29,541 [INFO] Reply from ptd: 'Ranges,0,0.500000,1,300.000000'
ptd-server 2022-07-29 00:30:29,541 [INFO] Initial range for Amps is 0.500000 for Volts is Auto
ptd-server 2022-07-29 00:30:29,542 [INFO] Sending to ptd: 'SR,V,Auto'
ptd-server 2022-07-29 00:30:30,044 [INFO] Reply from ptd: 'Range V changed'
ptd-server 2022-07-29 00:30:30,044 [INFO] Sending to ptd: 'SR,A,Auto'
ptd-server 2022-07-29 00:30:30,547 [INFO] Reply from ptd: 'Range A changed'
ptd-server 2022-07-29 00:30:40,557 [INFO] Starting ranging mode
ptd-server 2022-07-29 00:30:40,557 [INFO] Sending to ptd: 'Go,1000,0,2022-07-29_00-30-12_ranging'
ptd-server 2022-07-29 00:30:40,558 [INFO] Reply from ptd: 'Starting untimed measurement, maximum 500000 samples at 1000ms with 0 rampup samples'
ptd-server 2022-07-29 00:30:40,558 [INFO] Sending reply to client 'OK'
ptd-server 2022-07-29 00:40:57,855 [INFO] Got command from the client 'session,2022-07-29_00-30-12,stop,ranging'
ptd-server 2022-07-29 00:41:07,865 [INFO] Sending to ptd: 'Stop'
ptd-server 2022-07-29 00:41:07,866 [INFO] Reply from ptd: 'Stopping untimed measurement'
ptd-server 2022-07-29 00:41:08,991 [INFO] Sending reply to client 'OK'
ptd-server 2022-07-29 00:41:09,053 [INFO] Got command from the client 'time'
ptd-server 2022-07-29 00:41:09,053 [INFO] Sending reply to client '1659051669.0537882'
ptd-server 2022-07-29 00:41:09,058 [INFO] Got command from the client 'session,2022-07-29_00-30-12,start,testing'
ptd-server 2022-07-29 00:41:09,058 [INFO] Sending to ptd: 'SR,V,249.380000'
ptd-server 2022-07-29 00:41:10,560 [INFO] Reply from ptd: 'Range V changed'
ptd-server 2022-07-29 00:41:10,560 [INFO] Sending to ptd: 'SR,A,0.063970'
ptd-server 2022-07-29 00:41:12,061 [INFO] Reply from ptd: 'Range A changed'
ptd-server 2022-07-29 00:41:22,071 [INFO] Starting testing mode
ptd-server 2022-07-29 00:41:22,072 [INFO] Sending to ptd: 'Go,1000,0,2022-07-29_00-30-12_testing'
ptd-server 2022-07-29 00:41:22,072 [INFO] Reply from ptd: 'Starting untimed measurement, maximum 500000 samples at 1000ms with 0 rampup samples'
ptd-server 2022-07-29 00:41:22,072 [INFO] Sending reply to client 'OK'
ptd-server 2022-07-29 00:51:39,356 [INFO] Got command from the client 'session,2022-07-29_00-30-12,stop,testing'
ptd-server 2022-07-29 00:51:49,366 [INFO] Sending to ptd: 'Stop'
ptd-server 2022-07-29 00:51:49,366 [INFO] Reply from ptd: 'Stopping untimed measurement'
ptd-server 2022-07-29 00:51:49,970 [INFO] Sending reply to client 'OK'
ptd-server 2022-07-29 00:51:49,993 [INFO] Got command from the client 'session,2022-07-29_00-30-12,done'
ptd-server 2022-07-29 00:51:49,993 [INFO] Sending to ptd: 'Stop'
ptd-server 2022-07-29 00:51:50,072 [INFO] Reply from ptd: 'Error: no measurement to stop'
ptd-server 2022-07-29 00:51:50,072 [INFO] Sending to ptd: 'SR,V,Auto'
ptd-server 2022-07-29 00:51:50,575 [INFO] Reply from ptd: 'Range V changed'
ptd-server 2022-07-29 00:51:50,575 [INFO] Sending to ptd: 'SR,A,0.500000'
ptd-server 2022-07-29 00:51:52,076 [INFO] Reply from ptd: 'Range A changed'
ptd-server 2022-07-29 00:51:52,077 [INFO] Set initial values for Amps 0.500000 and Volts Auto
ptd-server 2022-07-29 00:51:52,077 [INFO] Stopping ptd...
