ptd-server 2022-08-04 18:10:15,360 [INFO] Got command from the client 'time'
ptd-server 2022-08-04 18:10:15,361 [INFO] Sending reply to client '1659654615.3611364'
ptd-server 2022-08-04 18:10:15,363 [INFO] Got command from the client 'new,,8613423b-3f74-4252-9a61-72148e0815f9'
ptd-server 2022-08-04 18:10:15,364 [INFO] Sending reply to client 'OK 2022-08-04_18-10-15,fdb48baa-dbf3-453a-95da-a7eda8a61d83'
ptd-server 2022-08-04 18:10:15,449 [INFO] Got command from the client 'time'
ptd-server 2022-08-04 18:10:15,449 [INFO] Sending reply to client '1659654615.449764'
ptd-server 2022-08-04 18:10:15,452 [INFO] Got command from the client 'session,2022-08-04_18-10-15,start,ranging'
ptd-server 2022-08-04 18:10:15,452 [INFO] Running PTDaemon: ['/local/mnt/workspace/mlcommons/power-main/inference_v1.0/ptd-linux-x86', '-l', '/tmp/tmpl8t2s5ku/ptd_logfile.txt', '-p', '8888', '-c', '1', '52', '/dev/usbtmc0']
ptd-server 2022-08-04 18:10:32,575 [INFO] Sending to ptd: 'Hello'
ptd-server 2022-08-04 18:10:32,576 [INFO] Reply from ptd: 'Hello, PTDaemon here!'
ptd-server 2022-08-04 18:10:32,576 [INFO] Sending to ptd: 'Identify'
ptd-server 2022-08-04 18:10:32,577 [INFO] Reply from ptd: 'YokogawaWT330,1000,1,1,1,1,0,0,1,version=1.9.2-e8c7a49a-20201208,OS=Linux 5.4.0-120-generic #136~18.04.1-Ubuntu SMP Fri Jun 10 18:00:44 UTC 2022 x86_64,mode=power,1,1,1,0,0,no_cal_date,YOKOGAWA;WT333;C2QH26002V;F1.06'
ptd-server 2022-08-04 18:10:32,577 [INFO] Connected to PTDaemon
ptd-server 2022-08-04 18:10:32,577 [INFO] Sending to ptd: 'RR'
ptd-server 2022-08-04 18:10:32,577 [INFO] Reply from ptd: 'Ranges,1,0.500000,1,150.000000'
ptd-server 2022-08-04 18:10:32,578 [INFO] Initial range for Amps is Auto for Volts is Auto
ptd-server 2022-08-04 18:10:32,578 [INFO] Sending to ptd: 'SR,V,Auto'
ptd-server 2022-08-04 18:10:33,081 [INFO] Reply from ptd: 'Range V changed'
ptd-server 2022-08-04 18:10:33,081 [INFO] Sending to ptd: 'SR,A,Auto'
ptd-server 2022-08-04 18:10:33,584 [INFO] Reply from ptd: 'Range A changed'
ptd-server 2022-08-04 18:10:43,595 [INFO] Starting ranging mode
ptd-server 2022-08-04 18:10:43,595 [INFO] Sending to ptd: 'Go,1000,0,2022-08-04_18-10-15_ranging'
ptd-server 2022-08-04 18:10:43,596 [INFO] Reply from ptd: 'Starting untimed measurement, maximum 500000 samples at 1000ms with 0 rampup samples'
ptd-server 2022-08-04 18:10:43,596 [INFO] Sending reply to client 'OK'
ptd-server 2022-08-04 18:22:33,779 [INFO] Got command from the client 'session,2022-08-04_18-10-15,stop,ranging'
ptd-server 2022-08-04 18:22:43,790 [INFO] Sending to ptd: 'Stop'
ptd-server 2022-08-04 18:22:43,790 [INFO] Reply from ptd: 'Stopping untimed measurement'
ptd-server 2022-08-04 18:22:43,878 [INFO] Sending reply to client 'OK'
ptd-server 2022-08-04 18:22:43,995 [INFO] Got command from the client 'time'
ptd-server 2022-08-04 18:22:43,996 [INFO] Sending reply to client '1659655363.9960022'
ptd-server 2022-08-04 18:22:43,998 [INFO] Got command from the client 'session,2022-08-04_18-10-15,start,testing'
ptd-server 2022-08-04 18:22:43,999 [INFO] Sending to ptd: 'SR,V,118.710000'
ptd-server 2022-08-04 18:22:46,098 [INFO] Reply from ptd: 'Range V changed'
ptd-server 2022-08-04 18:22:46,099 [INFO] Sending to ptd: 'SR,A,0.238630'
ptd-server 2022-08-04 18:22:47,601 [INFO] Reply from ptd: 'Range A changed'
ptd-server 2022-08-04 18:22:57,610 [INFO] Starting testing mode
ptd-server 2022-08-04 18:22:57,610 [INFO] Sending to ptd: 'Go,1000,0,2022-08-04_18-10-15_testing'
ptd-server 2022-08-04 18:22:57,611 [INFO] Reply from ptd: 'Starting untimed measurement, maximum 500000 samples at 1000ms with 0 rampup samples'
ptd-server 2022-08-04 18:22:57,611 [INFO] Sending reply to client 'OK'
ptd-server 2022-08-04 18:34:51,238 [INFO] Got command from the client 'session,2022-08-04_18-10-15,stop,testing'
ptd-server 2022-08-04 18:35:01,249 [INFO] Sending to ptd: 'Stop'
ptd-server 2022-08-04 18:35:01,249 [INFO] Reply from ptd: 'Stopping untimed measurement'
ptd-server 2022-08-04 18:35:01,299 [INFO] Sending reply to client 'OK'
ptd-server 2022-08-04 18:35:01,330 [INFO] Got command from the client 'session,2022-08-04_18-10-15,done'
ptd-server 2022-08-04 18:35:01,330 [INFO] Sending to ptd: 'Stop'
ptd-server 2022-08-04 18:35:01,612 [INFO] Reply from ptd: 'Error: no measurement to stop'
ptd-server 2022-08-04 18:35:01,612 [INFO] Sending to ptd: 'SR,V,Auto'
ptd-server 2022-08-04 18:35:02,115 [INFO] Reply from ptd: 'Range V changed'
ptd-server 2022-08-04 18:35:02,115 [INFO] Sending to ptd: 'SR,A,Auto'
ptd-server 2022-08-04 18:35:02,618 [INFO] Reply from ptd: 'Range A changed'
ptd-server 2022-08-04 18:35:02,619 [INFO] Set initial values for Amps Auto and Volts Auto
ptd-server 2022-08-04 18:35:02,619 [INFO] Stopping ptd...
