ptd-server 2022-07-25 01:51:08,799 [INFO] Got command from the client 'time'
ptd-server 2022-07-25 01:51:08,799 [INFO] Sending reply to client '1658710268.7991579'
ptd-server 2022-07-25 01:51:08,800 [INFO] Got command from the client 'new,,7cbd307a-9d8e-44fe-a5ba-5682380eff72'
ptd-server 2022-07-25 01:51:08,801 [INFO] Sending reply to client 'OK 2022-07-25_01-51-08,a1457cfb-415d-4875-8ce4-a4a527c7e2c2'
ptd-server 2022-07-25 01:51:08,838 [INFO] Got command from the client 'time'
ptd-server 2022-07-25 01:51:08,838 [INFO] Sending reply to client '1658710268.8389587'
ptd-server 2022-07-25 01:51:08,840 [INFO] Got command from the client 'session,2022-07-25_01-51-08,start,ranging'
ptd-server 2022-07-25 01:51:08,840 [INFO] Running PTDaemon: ['/home/anton/projects/mlperf/power/inference_v1.0/ptd-linux-x86', '-l', '/tmp/tmp7lgbo8s4/ptd_logfile.txt', '-p', '8888', '49', '/dev/usbtmc0']
ptd-server 2022-07-25 01:51:26,015 [INFO] Sending to ptd: 'Hello'
ptd-server 2022-07-25 01:51:26,016 [INFO] Reply from ptd: 'Hello, PTDaemon here!'
ptd-server 2022-07-25 01:51:26,016 [INFO] Sending to ptd: 'Identify'
ptd-server 2022-07-25 01:51:26,016 [INFO] Reply from ptd: 'YokogawaWT310E,1000,1,1,1,1,0,1,1,version=1.9.2-e8c7a49a-20201208,OS=Linux 5.13.0-52-generic #59~20.04.1-Ubuntu SMP Thu Jun 16 21:21:28 UTC 2022 x86_64,mode=power,1,1,1,0,0,no_cal_date,YOKOGAWA;WT310E;C3XA04010E;F1.04'
ptd-server 2022-07-25 01:51:26,016 [INFO] Connected to PTDaemon
ptd-server 2022-07-25 01:51:26,016 [INFO] Sending to ptd: 'RR'
ptd-server 2022-07-25 01:51:26,017 [INFO] Reply from ptd: 'Ranges,0,0.500000,1,300.000000'
ptd-server 2022-07-25 01:51:26,017 [INFO] Initial range for Amps is 0.500000 for Volts is Auto
ptd-server 2022-07-25 01:51:26,017 [INFO] Sending to ptd: 'SR,V,Auto'
ptd-server 2022-07-25 01:51:26,519 [INFO] Reply from ptd: 'Range V changed'
ptd-server 2022-07-25 01:51:26,520 [INFO] Sending to ptd: 'SR,A,Auto'
ptd-server 2022-07-25 01:51:27,022 [INFO] Reply from ptd: 'Range A changed'
ptd-server 2022-07-25 01:51:37,032 [INFO] Starting ranging mode
ptd-server 2022-07-25 01:51:37,033 [INFO] Sending to ptd: 'Go,1000,0,2022-07-25_01-51-08_ranging'
ptd-server 2022-07-25 01:51:37,033 [INFO] Reply from ptd: 'Starting untimed measurement, maximum 500000 samples at 1000ms with 0 rampup samples'
ptd-server 2022-07-25 01:51:37,033 [INFO] Sending reply to client 'OK'
ptd-server 2022-07-25 02:02:01,894 [INFO] Got command from the client 'session,2022-07-25_01-51-08,stop,ranging'
ptd-server 2022-07-25 02:02:11,905 [INFO] Sending to ptd: 'Stop'
ptd-server 2022-07-25 02:02:11,905 [INFO] Reply from ptd: 'Stopping untimed measurement'
ptd-server 2022-07-25 02:02:12,672 [INFO] Sending reply to client 'OK'
ptd-server 2022-07-25 02:02:12,711 [INFO] Got command from the client 'time'
ptd-server 2022-07-25 02:02:12,711 [INFO] Sending reply to client '1658710932.711665'
ptd-server 2022-07-25 02:02:12,712 [INFO] Got command from the client 'session,2022-07-25_01-51-08,start,testing'
ptd-server 2022-07-25 02:02:12,712 [INFO] Sending to ptd: 'SR,V,251.370000'
ptd-server 2022-07-25 02:02:14,214 [INFO] Reply from ptd: 'Range V changed'
ptd-server 2022-07-25 02:02:14,214 [INFO] Sending to ptd: 'SR,A,0.049700'
ptd-server 2022-07-25 02:02:15,715 [INFO] Reply from ptd: 'Range A changed'
ptd-server 2022-07-25 02:02:25,726 [INFO] Starting testing mode
ptd-server 2022-07-25 02:02:25,726 [INFO] Sending to ptd: 'Go,1000,0,2022-07-25_01-51-08_testing'
ptd-server 2022-07-25 02:02:25,726 [INFO] Reply from ptd: 'Starting untimed measurement, maximum 500000 samples at 1000ms with 0 rampup samples'
ptd-server 2022-07-25 02:02:25,726 [INFO] Sending reply to client 'OK'
ptd-server 2022-07-25 02:12:50,497 [INFO] Got command from the client 'session,2022-07-25_01-51-08,stop,testing'
ptd-server 2022-07-25 02:13:00,507 [INFO] Sending to ptd: 'Stop'
ptd-server 2022-07-25 02:13:00,508 [INFO] Reply from ptd: 'Stopping untimed measurement'
ptd-server 2022-07-25 02:13:00,902 [INFO] Sending reply to client 'OK'
ptd-server 2022-07-25 02:13:00,910 [INFO] Got command from the client 'session,2022-07-25_01-51-08,done'
ptd-server 2022-07-25 02:13:00,910 [INFO] Sending to ptd: 'Stop'
ptd-server 2022-07-25 02:13:00,910 [INFO] Reply from ptd: 'Error: no measurement to stop'
ptd-server 2022-07-25 02:13:00,910 [INFO] Sending to ptd: 'SR,V,Auto'
ptd-server 2022-07-25 02:13:01,412 [INFO] Reply from ptd: 'Range V changed'
ptd-server 2022-07-25 02:13:01,412 [INFO] Sending to ptd: 'SR,A,0.500000'
ptd-server 2022-07-25 02:13:02,914 [INFO] Reply from ptd: 'Range A changed'
ptd-server 2022-07-25 02:13:02,914 [INFO] Set initial values for Amps 0.500000 and Volts Auto
ptd-server 2022-07-25 02:13:02,914 [INFO] Stopping ptd...
