ptd-server 2022-07-26 23:09:03,755 [INFO] Got command from the client 'time'
ptd-server 2022-07-26 23:09:03,756 [INFO] Sending reply to client '1658873343.756106'
ptd-server 2022-07-26 23:09:03,760 [INFO] Got command from the client 'new,,20c4597c-326e-4e5f-a057-fa76e4fd6033'
ptd-server 2022-07-26 23:09:03,761 [INFO] Sending reply to client 'OK 2022-07-26_23-09-03,738369ba-56f8-422c-b262-a05e0aa285fc'
ptd-server 2022-07-26 23:09:03,804 [INFO] Got command from the client 'time'
ptd-server 2022-07-26 23:09:03,805 [INFO] Sending reply to client '1658873343.805067'
ptd-server 2022-07-26 23:09:03,810 [INFO] Got command from the client 'session,2022-07-26_23-09-03,start,ranging'
ptd-server 2022-07-26 23:09:03,810 [INFO] Running PTDaemon: ['/home/anton/projects/mlperf/power/inference_v1.0/ptd-linux-x86', '-l', '/tmp/tmp7lgbo8s4/ptd_logfile.txt', '-p', '8888', '49', '/dev/usbtmc0']
ptd-server 2022-07-26 23:09:20,984 [INFO] Sending to ptd: 'Hello'
ptd-server 2022-07-26 23:09:20,984 [INFO] Reply from ptd: 'Hello, PTDaemon here!'
ptd-server 2022-07-26 23:09:20,985 [INFO] Sending to ptd: 'Identify'
ptd-server 2022-07-26 23:09:20,985 [INFO] Reply from ptd: 'YokogawaWT310E,1000,1,1,1,1,0,1,1,version=1.9.2-e8c7a49a-20201208,OS=Linux 5.13.0-52-generic #59~20.04.1-Ubuntu SMP Thu Jun 16 21:21:28 UTC 2022 x86_64,mode=power,1,1,1,0,0,no_cal_date,YOKOGAWA;WT310E;C3XA04010E;F1.04'
ptd-server 2022-07-26 23:09:20,985 [INFO] Connected to PTDaemon
ptd-server 2022-07-26 23:09:20,985 [INFO] Sending to ptd: 'RR'
ptd-server 2022-07-26 23:09:20,985 [INFO] Reply from ptd: 'Ranges,0,0.500000,1,300.000000'
ptd-server 2022-07-26 23:09:20,986 [INFO] Initial range for Amps is 0.500000 for Volts is Auto
ptd-server 2022-07-26 23:09:20,986 [INFO] Sending to ptd: 'SR,V,Auto'
ptd-server 2022-07-26 23:09:21,488 [INFO] Reply from ptd: 'Range V changed'
ptd-server 2022-07-26 23:09:21,488 [INFO] Sending to ptd: 'SR,A,Auto'
ptd-server 2022-07-26 23:09:21,991 [INFO] Reply from ptd: 'Range A changed'
ptd-server 2022-07-26 23:09:32,001 [INFO] Starting ranging mode
ptd-server 2022-07-26 23:09:32,001 [INFO] Sending to ptd: 'Go,1000,0,2022-07-26_23-09-03_ranging'
ptd-server 2022-07-26 23:09:32,002 [INFO] Reply from ptd: 'Starting untimed measurement, maximum 500000 samples at 1000ms with 0 rampup samples'
ptd-server 2022-07-26 23:09:32,002 [INFO] Sending reply to client 'OK'
ptd-server 2022-07-26 23:20:25,756 [INFO] Got command from the client 'session,2022-07-26_23-09-03,stop,ranging'
ptd-server 2022-07-26 23:20:35,760 [INFO] Sending to ptd: 'Stop'
ptd-server 2022-07-26 23:20:35,760 [INFO] Reply from ptd: 'Stopping untimed measurement'
ptd-server 2022-07-26 23:20:36,646 [INFO] Sending reply to client 'OK'
ptd-server 2022-07-26 23:20:36,732 [INFO] Got command from the client 'time'
ptd-server 2022-07-26 23:20:36,732 [INFO] Sending reply to client '1658874036.7327712'
ptd-server 2022-07-26 23:20:36,737 [INFO] Got command from the client 'session,2022-07-26_23-09-03,start,testing'
ptd-server 2022-07-26 23:20:36,737 [INFO] Sending to ptd: 'SR,V,250.540000'
ptd-server 2022-07-26 23:20:38,238 [INFO] Reply from ptd: 'Range V changed'
ptd-server 2022-07-26 23:20:38,238 [INFO] Sending to ptd: 'SR,A,0.059110'
ptd-server 2022-07-26 23:20:39,740 [INFO] Reply from ptd: 'Range A changed'
ptd-server 2022-07-26 23:20:49,750 [INFO] Starting testing mode
ptd-server 2022-07-26 23:20:49,750 [INFO] Sending to ptd: 'Go,1000,0,2022-07-26_23-09-03_testing'
ptd-server 2022-07-26 23:20:49,751 [INFO] Reply from ptd: 'Starting untimed measurement, maximum 500000 samples at 1000ms with 0 rampup samples'
ptd-server 2022-07-26 23:20:49,751 [INFO] Sending reply to client 'OK'
ptd-server 2022-07-26 23:31:44,069 [INFO] Got command from the client 'session,2022-07-26_23-09-03,stop,testing'
ptd-server 2022-07-26 23:31:54,080 [INFO] Sending to ptd: 'Stop'
ptd-server 2022-07-26 23:31:54,080 [INFO] Reply from ptd: 'Stopping untimed measurement'
ptd-server 2022-07-26 23:31:54,536 [INFO] Sending reply to client 'OK'
ptd-server 2022-07-26 23:31:54,557 [INFO] Got command from the client 'session,2022-07-26_23-09-03,done'
ptd-server 2022-07-26 23:31:54,557 [INFO] Sending to ptd: 'Stop'
ptd-server 2022-07-26 23:31:54,751 [INFO] Reply from ptd: 'Error: no measurement to stop'
ptd-server 2022-07-26 23:31:54,751 [INFO] Sending to ptd: 'SR,V,Auto'
ptd-server 2022-07-26 23:31:55,254 [INFO] Reply from ptd: 'Range V changed'
ptd-server 2022-07-26 23:31:55,254 [INFO] Sending to ptd: 'SR,A,0.500000'
ptd-server 2022-07-26 23:31:56,755 [INFO] Reply from ptd: 'Range A changed'
ptd-server 2022-07-26 23:31:56,755 [INFO] Set initial values for Amps 0.500000 and Volts Auto
ptd-server 2022-07-26 23:31:56,756 [INFO] Stopping ptd...
