ptd-server 2022-07-23 02:18:43,428 [INFO] Got command from the client 'time'
ptd-server 2022-07-23 02:18:43,428 [INFO] Sending reply to client '1658539123.4284172'
ptd-server 2022-07-23 02:18:43,429 [INFO] Got command from the client 'new,,ff2e3d31-fe5a-4532-9966-7b3645fdf1e9'
ptd-server 2022-07-23 02:18:43,430 [INFO] Sending reply to client 'OK 2022-07-23_02-18-43,40612fb3-716c-49a6-a7ba-7861a290984f'
ptd-server 2022-07-23 02:18:43,462 [INFO] Got command from the client 'time'
ptd-server 2022-07-23 02:18:43,462 [INFO] Sending reply to client '1658539123.4622571'
ptd-server 2022-07-23 02:18:43,463 [INFO] Got command from the client 'session,2022-07-23_02-18-43,start,ranging'
ptd-server 2022-07-23 02:18:43,463 [INFO] Running PTDaemon: ['/home/anton/projects/mlperf/power/inference_v1.0/ptd-linux-x86', '-l', '/tmp/tmp7lgbo8s4/ptd_logfile.txt', '-p', '8888', '49', '/dev/usbtmc0']
ptd-server 2022-07-23 02:19:00,637 [INFO] Sending to ptd: 'Hello'
ptd-server 2022-07-23 02:19:00,638 [INFO] Reply from ptd: 'Hello, PTDaemon here!'
ptd-server 2022-07-23 02:19:00,638 [INFO] Sending to ptd: 'Identify'
ptd-server 2022-07-23 02:19:00,638 [INFO] Reply from ptd: 'YokogawaWT310E,1000,1,1,1,1,0,1,1,version=1.9.2-e8c7a49a-20201208,OS=Linux 5.13.0-52-generic #59~20.04.1-Ubuntu SMP Thu Jun 16 21:21:28 UTC 2022 x86_64,mode=power,1,1,1,0,0,no_cal_date,YOKOGAWA;WT310E;C3XA04010E;F1.04'
ptd-server 2022-07-23 02:19:00,638 [INFO] Connected to PTDaemon
ptd-server 2022-07-23 02:19:00,638 [INFO] Sending to ptd: 'RR'
ptd-server 2022-07-23 02:19:00,639 [INFO] Reply from ptd: 'Ranges,0,0.500000,1,300.000000'
ptd-server 2022-07-23 02:19:00,639 [INFO] Initial range for Amps is 0.500000 for Volts is Auto
ptd-server 2022-07-23 02:19:00,639 [INFO] Sending to ptd: 'SR,V,Auto'
ptd-server 2022-07-23 02:19:01,142 [INFO] Reply from ptd: 'Range V changed'
ptd-server 2022-07-23 02:19:01,142 [INFO] Sending to ptd: 'SR,A,Auto'
ptd-server 2022-07-23 02:19:01,644 [INFO] Reply from ptd: 'Range A changed'
ptd-server 2022-07-23 02:19:11,654 [INFO] Starting ranging mode
ptd-server 2022-07-23 02:19:11,655 [INFO] Sending to ptd: 'Go,1000,0,2022-07-23_02-18-43_ranging'
ptd-server 2022-07-23 02:19:11,655 [INFO] Reply from ptd: 'Starting untimed measurement, maximum 500000 samples at 1000ms with 0 rampup samples'
ptd-server 2022-07-23 02:19:11,655 [INFO] Sending reply to client 'OK'
ptd-server 2022-07-23 02:29:28,195 [INFO] Got command from the client 'session,2022-07-23_02-18-43,stop,ranging'
ptd-server 2022-07-23 02:29:38,206 [INFO] Sending to ptd: 'Stop'
ptd-server 2022-07-23 02:29:38,206 [INFO] Reply from ptd: 'Stopping untimed measurement'
ptd-server 2022-07-23 02:29:38,708 [INFO] Sending reply to client 'OK'
ptd-server 2022-07-23 02:29:38,768 [INFO] Got command from the client 'time'
ptd-server 2022-07-23 02:29:38,768 [INFO] Sending reply to client '1658539778.7688758'
ptd-server 2022-07-23 02:29:38,769 [INFO] Got command from the client 'session,2022-07-23_02-18-43,start,testing'
ptd-server 2022-07-23 02:29:38,769 [INFO] Sending to ptd: 'SR,V,249.520000'
ptd-server 2022-07-23 02:29:40,271 [INFO] Reply from ptd: 'Range V changed'
ptd-server 2022-07-23 02:29:40,271 [INFO] Sending to ptd: 'SR,A,0.047270'
ptd-server 2022-07-23 02:29:41,772 [INFO] Reply from ptd: 'Range A changed'
ptd-server 2022-07-23 02:29:51,783 [INFO] Starting testing mode
ptd-server 2022-07-23 02:29:51,783 [INFO] Sending to ptd: 'Go,1000,0,2022-07-23_02-18-43_testing'
ptd-server 2022-07-23 02:29:51,783 [INFO] Reply from ptd: 'Starting untimed measurement, maximum 500000 samples at 1000ms with 0 rampup samples'
ptd-server 2022-07-23 02:29:51,783 [INFO] Sending reply to client 'OK'
ptd-server 2022-07-23 02:40:08,288 [INFO] Got command from the client 'session,2022-07-23_02-18-43,stop,testing'
ptd-server 2022-07-23 02:40:18,298 [INFO] Sending to ptd: 'Stop'
ptd-server 2022-07-23 02:40:18,299 [INFO] Reply from ptd: 'Stopping untimed measurement'
ptd-server 2022-07-23 02:40:18,559 [INFO] Sending reply to client 'OK'
ptd-server 2022-07-23 02:40:18,567 [INFO] Got command from the client 'session,2022-07-23_02-18-43,done'
ptd-server 2022-07-23 02:40:18,567 [INFO] Sending to ptd: 'Stop'
ptd-server 2022-07-23 02:40:18,784 [INFO] Reply from ptd: 'Error: no measurement to stop'
ptd-server 2022-07-23 02:40:18,784 [INFO] Sending to ptd: 'SR,V,Auto'
ptd-server 2022-07-23 02:40:19,287 [INFO] Reply from ptd: 'Range V changed'
ptd-server 2022-07-23 02:40:19,287 [INFO] Sending to ptd: 'SR,A,0.500000'
ptd-server 2022-07-23 02:40:20,788 [INFO] Reply from ptd: 'Range A changed'
ptd-server 2022-07-23 02:40:20,788 [INFO] Set initial values for Amps 0.500000 and Volts Auto
ptd-server 2022-07-23 02:40:20,788 [INFO] Stopping ptd...
