ptd-server 2022-07-21 03:56:21,801 [INFO] Got command from the client 'time'
ptd-server 2022-07-21 03:56:21,801 [INFO] Sending reply to client '1658372181.8016374'
ptd-server 2022-07-21 03:56:21,802 [INFO] Got command from the client 'new,,f53a0030-1299-43c1-a3a8-f9d9c29e85cd'
ptd-server 2022-07-21 03:56:21,803 [INFO] Sending reply to client 'OK 2022-07-21_03-56-21,b3929ed6-e6c6-41c9-8da3-0e1b4ac0231f'
ptd-server 2022-07-21 03:56:21,831 [INFO] Got command from the client 'time'
ptd-server 2022-07-21 03:56:21,831 [INFO] Sending reply to client '1658372181.8315942'
ptd-server 2022-07-21 03:56:21,832 [INFO] Got command from the client 'session,2022-07-21_03-56-21,start,ranging'
ptd-server 2022-07-21 03:56:21,833 [INFO] Running PTDaemon: ['/home/anton/projects/mlperf/power/inference_v1.0/ptd-linux-x86', '-l', '/tmp/tmp7lgbo8s4/ptd_logfile.txt', '-p', '8888', '49', '/dev/usbtmc0']
ptd-server 2022-07-21 03:56:39,007 [INFO] Sending to ptd: 'Hello'
ptd-server 2022-07-21 03:56:39,007 [INFO] Reply from ptd: 'Hello, PTDaemon here!'
ptd-server 2022-07-21 03:56:39,007 [INFO] Sending to ptd: 'Identify'
ptd-server 2022-07-21 03:56:39,008 [INFO] Reply from ptd: 'YokogawaWT310E,1000,1,1,1,1,0,1,1,version=1.9.2-e8c7a49a-20201208,OS=Linux 5.13.0-52-generic #59~20.04.1-Ubuntu SMP Thu Jun 16 21:21:28 UTC 2022 x86_64,mode=power,1,1,1,0,0,no_cal_date,YOKOGAWA;WT310E;C3XA04010E;F1.04'
ptd-server 2022-07-21 03:56:39,008 [INFO] Connected to PTDaemon
ptd-server 2022-07-21 03:56:39,008 [INFO] Sending to ptd: 'RR'
ptd-server 2022-07-21 03:56:39,008 [INFO] Reply from ptd: 'Ranges,0,0.500000,1,300.000000'
ptd-server 2022-07-21 03:56:39,008 [INFO] Initial range for Amps is 0.500000 for Volts is Auto
ptd-server 2022-07-21 03:56:39,009 [INFO] Sending to ptd: 'SR,V,Auto'
ptd-server 2022-07-21 03:56:39,511 [INFO] Reply from ptd: 'Range V changed'
ptd-server 2022-07-21 03:56:39,511 [INFO] Sending to ptd: 'SR,A,Auto'
ptd-server 2022-07-21 03:56:40,014 [INFO] Reply from ptd: 'Range A changed'
ptd-server 2022-07-21 03:56:50,024 [INFO] Starting ranging mode
ptd-server 2022-07-21 03:56:50,024 [INFO] Sending to ptd: 'Go,1000,0,2022-07-21_03-56-21_ranging'
ptd-server 2022-07-21 03:56:50,025 [INFO] Reply from ptd: 'Starting untimed measurement, maximum 500000 samples at 1000ms with 0 rampup samples'
ptd-server 2022-07-21 03:56:50,025 [INFO] Sending reply to client 'OK'
ptd-server 2022-07-21 04:07:14,153 [INFO] Got command from the client 'session,2022-07-21_03-56-21,stop,ranging'
ptd-server 2022-07-21 04:07:24,163 [INFO] Sending to ptd: 'Stop'
ptd-server 2022-07-21 04:07:24,164 [INFO] Reply from ptd: 'Stopping untimed measurement'
ptd-server 2022-07-21 04:07:24,455 [INFO] Sending reply to client 'OK'
ptd-server 2022-07-21 04:07:24,494 [INFO] Got command from the client 'time'
ptd-server 2022-07-21 04:07:24,494 [INFO] Sending reply to client '1658372844.4941804'
ptd-server 2022-07-21 04:07:24,495 [INFO] Got command from the client 'session,2022-07-21_03-56-21,start,testing'
ptd-server 2022-07-21 04:07:24,495 [INFO] Sending to ptd: 'SR,V,251.920000'
ptd-server 2022-07-21 04:07:26,527 [INFO] Reply from ptd: 'Range V changed'
ptd-server 2022-07-21 04:07:26,527 [INFO] Sending to ptd: 'SR,A,0.072430'
ptd-server 2022-07-21 04:07:28,028 [INFO] Reply from ptd: 'Range A changed'
ptd-server 2022-07-21 04:07:38,039 [INFO] Starting testing mode
ptd-server 2022-07-21 04:07:38,039 [INFO] Sending to ptd: 'Go,1000,0,2022-07-21_03-56-21_testing'
ptd-server 2022-07-21 04:07:38,039 [INFO] Reply from ptd: 'Starting untimed measurement, maximum 500000 samples at 1000ms with 0 rampup samples'
ptd-server 2022-07-21 04:07:38,040 [INFO] Sending reply to client 'OK'
ptd-server 2022-07-21 04:17:58,909 [INFO] Got command from the client 'session,2022-07-21_03-56-21,stop,testing'
ptd-server 2022-07-21 04:18:08,919 [INFO] Sending to ptd: 'Stop'
ptd-server 2022-07-21 04:18:08,920 [INFO] Reply from ptd: 'Stopping untimed measurement'
ptd-server 2022-07-21 04:18:09,081 [INFO] Sending reply to client 'OK'
ptd-server 2022-07-21 04:18:09,089 [INFO] Got command from the client 'session,2022-07-21_03-56-21,done'
ptd-server 2022-07-21 04:18:09,089 [INFO] Sending to ptd: 'Stop'
ptd-server 2022-07-21 04:18:09,090 [INFO] Reply from ptd: 'Error: no measurement to stop'
ptd-server 2022-07-21 04:18:09,090 [INFO] Sending to ptd: 'SR,V,Auto'
ptd-server 2022-07-21 04:18:09,592 [INFO] Reply from ptd: 'Range V changed'
ptd-server 2022-07-21 04:18:09,592 [INFO] Sending to ptd: 'SR,A,0.500000'
ptd-server 2022-07-21 04:18:11,094 [INFO] Reply from ptd: 'Range A changed'
ptd-server 2022-07-21 04:18:11,094 [INFO] Set initial values for Amps 0.500000 and Volts Auto
ptd-server 2022-07-21 04:18:11,094 [INFO] Stopping ptd...
