ptd-server 2022-07-21 02:50:37,186 [INFO] Got command from the client 'time'
ptd-server 2022-07-21 02:50:37,186 [INFO] Sending reply to client '1658368237.1868594'
ptd-server 2022-07-21 02:50:37,188 [INFO] Got command from the client 'new,,53adf0b4-85b2-41cb-8f21-0647fe98fbcd'
ptd-server 2022-07-21 02:50:37,188 [INFO] Sending reply to client 'OK 2022-07-21_02-50-37,b6b3e499-dcf1-4dcf-8a0c-0caa710156f2'
ptd-server 2022-07-21 02:50:37,226 [INFO] Got command from the client 'time'
ptd-server 2022-07-21 02:50:37,226 [INFO] Sending reply to client '1658368237.2265058'
ptd-server 2022-07-21 02:50:37,227 [INFO] Got command from the client 'session,2022-07-21_02-50-37,start,ranging'
ptd-server 2022-07-21 02:50:37,227 [INFO] Running PTDaemon: ['/home/anton/projects/mlperf/power/inference_v1.0/ptd-linux-x86', '-l', '/tmp/tmp7lgbo8s4/ptd_logfile.txt', '-p', '8888', '49', '/dev/usbtmc0']
ptd-server 2022-07-21 02:50:54,400 [INFO] Sending to ptd: 'Hello'
ptd-server 2022-07-21 02:50:54,401 [INFO] Reply from ptd: 'Hello, PTDaemon here!'
ptd-server 2022-07-21 02:50:54,401 [INFO] Sending to ptd: 'Identify'
ptd-server 2022-07-21 02:50:54,401 [INFO] Reply from ptd: 'YokogawaWT310E,1000,1,1,1,1,0,1,1,version=1.9.2-e8c7a49a-20201208,OS=Linux 5.13.0-52-generic #59~20.04.1-Ubuntu SMP Thu Jun 16 21:21:28 UTC 2022 x86_64,mode=power,1,1,1,0,0,no_cal_date,YOKOGAWA;WT310E;C3XA04010E;F1.04'
ptd-server 2022-07-21 02:50:54,402 [INFO] Connected to PTDaemon
ptd-server 2022-07-21 02:50:54,402 [INFO] Sending to ptd: 'RR'
ptd-server 2022-07-21 02:50:54,402 [INFO] Reply from ptd: 'Ranges,0,0.500000,1,300.000000'
ptd-server 2022-07-21 02:50:54,402 [INFO] Initial range for Amps is 0.500000 for Volts is Auto
ptd-server 2022-07-21 02:50:54,402 [INFO] Sending to ptd: 'SR,V,Auto'
ptd-server 2022-07-21 02:50:54,905 [INFO] Reply from ptd: 'Range V changed'
ptd-server 2022-07-21 02:50:54,905 [INFO] Sending to ptd: 'SR,A,Auto'
ptd-server 2022-07-21 02:50:55,407 [INFO] Reply from ptd: 'Range A changed'
ptd-server 2022-07-21 02:51:05,418 [INFO] Starting ranging mode
ptd-server 2022-07-21 02:51:05,418 [INFO] Sending to ptd: 'Go,1000,0,2022-07-21_02-50-37_ranging'
ptd-server 2022-07-21 02:51:05,418 [INFO] Reply from ptd: 'Starting untimed measurement, maximum 500000 samples at 1000ms with 0 rampup samples'
ptd-server 2022-07-21 02:51:05,418 [INFO] Sending reply to client 'OK'
ptd-server 2022-07-21 03:01:26,466 [INFO] Got command from the client 'session,2022-07-21_02-50-37,stop,ranging'
ptd-server 2022-07-21 03:01:36,477 [INFO] Sending to ptd: 'Stop'
ptd-server 2022-07-21 03:01:36,477 [INFO] Reply from ptd: 'Stopping untimed measurement'
ptd-server 2022-07-21 03:01:36,761 [INFO] Sending reply to client 'OK'
ptd-server 2022-07-21 03:01:36,808 [INFO] Got command from the client 'time'
ptd-server 2022-07-21 03:01:36,808 [INFO] Sending reply to client '1658368896.808568'
ptd-server 2022-07-21 03:01:36,809 [INFO] Got command from the client 'session,2022-07-21_02-50-37,start,testing'
ptd-server 2022-07-21 03:01:36,809 [INFO] Sending to ptd: 'SR,V,251.440000'
ptd-server 2022-07-21 03:01:38,919 [INFO] Reply from ptd: 'Range V changed'
ptd-server 2022-07-21 03:01:38,919 [INFO] Sending to ptd: 'SR,A,0.072040'
ptd-server 2022-07-21 03:01:40,421 [INFO] Reply from ptd: 'Range A changed'
ptd-server 2022-07-21 03:01:50,431 [INFO] Starting testing mode
ptd-server 2022-07-21 03:01:50,431 [INFO] Sending to ptd: 'Go,1000,0,2022-07-21_02-50-37_testing'
ptd-server 2022-07-21 03:01:50,432 [INFO] Reply from ptd: 'Starting untimed measurement, maximum 500000 samples at 1000ms with 0 rampup samples'
ptd-server 2022-07-21 03:01:50,432 [INFO] Sending reply to client 'OK'
ptd-server 2022-07-21 03:12:11,343 [INFO] Got command from the client 'session,2022-07-21_02-50-37,stop,testing'
ptd-server 2022-07-21 03:12:21,353 [INFO] Sending to ptd: 'Stop'
ptd-server 2022-07-21 03:12:21,354 [INFO] Reply from ptd: 'Stopping untimed measurement'
ptd-server 2022-07-21 03:12:21,515 [INFO] Sending reply to client 'OK'
ptd-server 2022-07-21 03:12:21,523 [INFO] Got command from the client 'session,2022-07-21_02-50-37,done'
ptd-server 2022-07-21 03:12:21,523 [INFO] Sending to ptd: 'Stop'
ptd-server 2022-07-21 03:12:21,523 [INFO] Reply from ptd: 'Error: no measurement to stop'
ptd-server 2022-07-21 03:12:21,523 [INFO] Sending to ptd: 'SR,V,Auto'
ptd-server 2022-07-21 03:12:22,026 [INFO] Reply from ptd: 'Range V changed'
ptd-server 2022-07-21 03:12:22,026 [INFO] Sending to ptd: 'SR,A,0.500000'
ptd-server 2022-07-21 03:12:23,527 [INFO] Reply from ptd: 'Range A changed'
ptd-server 2022-07-21 03:12:23,527 [INFO] Set initial values for Amps 0.500000 and Volts Auto
ptd-server 2022-07-21 03:12:23,527 [INFO] Stopping ptd...
