ptd-server 2022-07-25 06:58:06,498 [INFO] Got command from the client 'time'
ptd-server 2022-07-25 06:58:06,499 [INFO] Sending reply to client '1658728686.4991128'
ptd-server 2022-07-25 06:58:06,500 [INFO] Got command from the client 'new,,a94acf4f-4449-410b-9220-4a30795a02c9'
ptd-server 2022-07-25 06:58:06,500 [INFO] Sending reply to client 'OK 2022-07-25_06-58-06,d9369470-2eee-4346-a994-9d8d131ec90a'
ptd-server 2022-07-25 06:58:06,532 [INFO] Got command from the client 'time'
ptd-server 2022-07-25 06:58:06,532 [INFO] Sending reply to client '1658728686.5325968'
ptd-server 2022-07-25 06:58:06,533 [INFO] Got command from the client 'session,2022-07-25_06-58-06,start,ranging'
ptd-server 2022-07-25 06:58:06,534 [INFO] Running PTDaemon: ['/home/anton/projects/mlperf/power/inference_v1.0/ptd-linux-x86', '-l', '/tmp/tmp7lgbo8s4/ptd_logfile.txt', '-p', '8888', '49', '/dev/usbtmc0']
ptd-server 2022-07-25 06:58:23,708 [INFO] Sending to ptd: 'Hello'
ptd-server 2022-07-25 06:58:23,709 [INFO] Reply from ptd: 'Hello, PTDaemon here!'
ptd-server 2022-07-25 06:58:23,709 [INFO] Sending to ptd: 'Identify'
ptd-server 2022-07-25 06:58:23,709 [INFO] Reply from ptd: 'YokogawaWT310E,1000,1,1,1,1,0,1,1,version=1.9.2-e8c7a49a-20201208,OS=Linux 5.13.0-52-generic #59~20.04.1-Ubuntu SMP Thu Jun 16 21:21:28 UTC 2022 x86_64,mode=power,1,1,1,0,0,no_cal_date,YOKOGAWA;WT310E;C3XA04010E;F1.04'
ptd-server 2022-07-25 06:58:23,710 [INFO] Connected to PTDaemon
ptd-server 2022-07-25 06:58:23,710 [INFO] Sending to ptd: 'RR'
ptd-server 2022-07-25 06:58:23,710 [INFO] Reply from ptd: 'Ranges,0,0.500000,1,300.000000'
ptd-server 2022-07-25 06:58:23,710 [INFO] Initial range for Amps is 0.500000 for Volts is Auto
ptd-server 2022-07-25 06:58:23,710 [INFO] Sending to ptd: 'SR,V,Auto'
ptd-server 2022-07-25 06:58:24,213 [INFO] Reply from ptd: 'Range V changed'
ptd-server 2022-07-25 06:58:24,213 [INFO] Sending to ptd: 'SR,A,Auto'
ptd-server 2022-07-25 06:58:24,715 [INFO] Reply from ptd: 'Range A changed'
ptd-server 2022-07-25 06:58:34,726 [INFO] Starting ranging mode
ptd-server 2022-07-25 06:58:34,726 [INFO] Sending to ptd: 'Go,1000,0,2022-07-25_06-58-06_ranging'
ptd-server 2022-07-25 06:58:34,726 [INFO] Reply from ptd: 'Starting untimed measurement, maximum 500000 samples at 1000ms with 0 rampup samples'
ptd-server 2022-07-25 06:58:34,727 [INFO] Sending reply to client 'OK'
ptd-server 2022-07-25 07:08:59,371 [INFO] Got command from the client 'session,2022-07-25_06-58-06,stop,ranging'
ptd-server 2022-07-25 07:09:09,381 [INFO] Sending to ptd: 'Stop'
ptd-server 2022-07-25 07:09:09,382 [INFO] Reply from ptd: 'Stopping untimed measurement'
ptd-server 2022-07-25 07:09:10,164 [INFO] Sending reply to client 'OK'
ptd-server 2022-07-25 07:09:10,221 [INFO] Got command from the client 'time'
ptd-server 2022-07-25 07:09:10,221 [INFO] Sending reply to client '1658729350.2212963'
ptd-server 2022-07-25 07:09:10,222 [INFO] Got command from the client 'session,2022-07-25_06-58-06,start,testing'
ptd-server 2022-07-25 07:09:10,222 [INFO] Sending to ptd: 'SR,V,252.580000'
ptd-server 2022-07-25 07:09:11,724 [INFO] Reply from ptd: 'Range V changed'
ptd-server 2022-07-25 07:09:11,724 [INFO] Sending to ptd: 'SR,A,0.051710'
ptd-server 2022-07-25 07:09:13,225 [INFO] Reply from ptd: 'Range A changed'
ptd-server 2022-07-25 07:09:23,235 [INFO] Starting testing mode
ptd-server 2022-07-25 07:09:23,236 [INFO] Sending to ptd: 'Go,1000,0,2022-07-25_06-58-06_testing'
ptd-server 2022-07-25 07:09:23,236 [INFO] Reply from ptd: 'Starting untimed measurement, maximum 500000 samples at 1000ms with 0 rampup samples'
ptd-server 2022-07-25 07:09:23,236 [INFO] Sending reply to client 'OK'
ptd-server 2022-07-25 07:19:47,895 [INFO] Got command from the client 'session,2022-07-25_06-58-06,stop,testing'
ptd-server 2022-07-25 07:19:57,905 [INFO] Sending to ptd: 'Stop'
ptd-server 2022-07-25 07:19:57,906 [INFO] Reply from ptd: 'Stopping untimed measurement'
ptd-server 2022-07-25 07:19:58,310 [INFO] Sending reply to client 'OK'
ptd-server 2022-07-25 07:19:58,319 [INFO] Got command from the client 'session,2022-07-25_06-58-06,done'
ptd-server 2022-07-25 07:19:58,319 [INFO] Sending to ptd: 'Stop'
ptd-server 2022-07-25 07:19:58,319 [INFO] Reply from ptd: 'Error: no measurement to stop'
ptd-server 2022-07-25 07:19:58,319 [INFO] Sending to ptd: 'SR,V,Auto'
ptd-server 2022-07-25 07:19:58,822 [INFO] Reply from ptd: 'Range V changed'
ptd-server 2022-07-25 07:19:58,822 [INFO] Sending to ptd: 'SR,A,0.500000'
ptd-server 2022-07-25 07:20:00,323 [INFO] Reply from ptd: 'Range A changed'
ptd-server 2022-07-25 07:20:00,323 [INFO] Set initial values for Amps 0.500000 and Volts Auto
ptd-server 2022-07-25 07:20:00,323 [INFO] Stopping ptd...
