ptd-server 2022-07-19 09:17:08,635 [INFO] Got command from the client 'time'
ptd-server 2022-07-19 09:17:08,635 [INFO] Sending reply to client '1658218628.6357667'
ptd-server 2022-07-19 09:17:08,639 [INFO] Got command from the client 'new,,42d6f4e3-9d3c-4fe1-a634-bca3e93fa7b3'
ptd-server 2022-07-19 09:17:08,640 [INFO] Sending reply to client 'OK 2022-07-19_09-17-08,d8aef2b4-3650-4a4b-8fdd-aa1ebe0d16b0'
ptd-server 2022-07-19 09:17:08,681 [INFO] Got command from the client 'time'
ptd-server 2022-07-19 09:17:08,681 [INFO] Sending reply to client '1658218628.6815567'
ptd-server 2022-07-19 09:17:08,685 [INFO] Got command from the client 'session,2022-07-19_09-17-08,start,ranging'
ptd-server 2022-07-19 09:17:08,685 [INFO] Running PTDaemon: ['/home/anton/projects/mlperf/power/inference_v1.0/ptd-linux-x86', '-l', '/tmp/tmp7lgbo8s4/ptd_logfile.txt', '-p', '8888', '49', '/dev/usbtmc0']
ptd-server 2022-07-19 09:17:25,860 [INFO] Sending to ptd: 'Hello'
ptd-server 2022-07-19 09:17:25,860 [INFO] Reply from ptd: 'Hello, PTDaemon here!'
ptd-server 2022-07-19 09:17:25,860 [INFO] Sending to ptd: 'Identify'
ptd-server 2022-07-19 09:17:25,861 [INFO] Reply from ptd: 'YokogawaWT310E,1000,1,1,1,1,0,1,1,version=1.9.2-e8c7a49a-20201208,OS=Linux 5.13.0-52-generic #59~20.04.1-Ubuntu SMP Thu Jun 16 21:21:28 UTC 2022 x86_64,mode=power,1,1,1,0,0,no_cal_date,YOKOGAWA;WT310E;C3XA04010E;F1.04'
ptd-server 2022-07-19 09:17:25,861 [INFO] Connected to PTDaemon
ptd-server 2022-07-19 09:17:25,861 [INFO] Sending to ptd: 'RR'
ptd-server 2022-07-19 09:17:25,861 [INFO] Reply from ptd: 'Ranges,0,0.500000,1,300.000000'
ptd-server 2022-07-19 09:17:25,862 [INFO] Initial range for Amps is 0.500000 for Volts is Auto
ptd-server 2022-07-19 09:17:25,862 [INFO] Sending to ptd: 'SR,V,Auto'
ptd-server 2022-07-19 09:17:26,364 [INFO] Reply from ptd: 'Range V changed'
ptd-server 2022-07-19 09:17:26,364 [INFO] Sending to ptd: 'SR,A,Auto'
ptd-server 2022-07-19 09:17:26,867 [INFO] Reply from ptd: 'Range A changed'
ptd-server 2022-07-19 09:17:36,877 [INFO] Starting ranging mode
ptd-server 2022-07-19 09:17:36,877 [INFO] Sending to ptd: 'Go,1000,0,2022-07-19_09-17-08_ranging'
ptd-server 2022-07-19 09:17:36,878 [INFO] Reply from ptd: 'Starting untimed measurement, maximum 500000 samples at 1000ms with 0 rampup samples'
ptd-server 2022-07-19 09:17:36,878 [INFO] Sending reply to client 'OK'
ptd-server 2022-07-19 09:27:54,182 [INFO] Got command from the client 'session,2022-07-19_09-17-08,stop,ranging'
ptd-server 2022-07-19 09:28:04,193 [INFO] Sending to ptd: 'Stop'
ptd-server 2022-07-19 09:28:04,193 [INFO] Reply from ptd: 'Stopping untimed measurement'
ptd-server 2022-07-19 09:28:04,272 [INFO] Sending reply to client 'OK'
ptd-server 2022-07-19 09:28:04,412 [INFO] Got command from the client 'time'
ptd-server 2022-07-19 09:28:04,412 [INFO] Sending reply to client '1658219284.4126143'
ptd-server 2022-07-19 09:28:04,418 [INFO] Got command from the client 'session,2022-07-19_09-17-08,start,testing'
ptd-server 2022-07-19 09:28:04,418 [INFO] Sending to ptd: 'SR,V,250.550000'
ptd-server 2022-07-19 09:28:06,379 [INFO] Reply from ptd: 'Range V changed'
ptd-server 2022-07-19 09:28:06,380 [INFO] Sending to ptd: 'SR,A,0.087600'
ptd-server 2022-07-19 09:28:07,881 [INFO] Reply from ptd: 'Range A changed'
ptd-server 2022-07-19 09:28:17,891 [INFO] Starting testing mode
ptd-server 2022-07-19 09:28:17,891 [INFO] Sending to ptd: 'Go,1000,0,2022-07-19_09-17-08_testing'
ptd-server 2022-07-19 09:28:17,892 [INFO] Reply from ptd: 'Starting untimed measurement, maximum 500000 samples at 1000ms with 0 rampup samples'
ptd-server 2022-07-19 09:28:17,892 [INFO] Sending reply to client 'OK'
ptd-server 2022-07-19 09:38:34,985 [INFO] Got command from the client 'session,2022-07-19_09-17-08,stop,testing'
ptd-server 2022-07-19 09:38:44,996 [INFO] Sending to ptd: 'Stop'
ptd-server 2022-07-19 09:38:44,996 [INFO] Reply from ptd: 'Stopping untimed measurement'
ptd-server 2022-07-19 09:38:45,036 [INFO] Sending reply to client 'OK'
ptd-server 2022-07-19 09:38:45,153 [INFO] Got command from the client 'session,2022-07-19_09-17-08,done'
ptd-server 2022-07-19 09:38:45,153 [INFO] Sending to ptd: 'Stop'
ptd-server 2022-07-19 09:38:45,893 [INFO] Reply from ptd: 'Error: no measurement to stop'
ptd-server 2022-07-19 09:38:45,893 [INFO] Sending to ptd: 'SR,V,Auto'
ptd-server 2022-07-19 09:38:46,396 [INFO] Reply from ptd: 'Range V changed'
ptd-server 2022-07-19 09:38:46,396 [INFO] Sending to ptd: 'SR,A,0.500000'
ptd-server 2022-07-19 09:38:47,897 [INFO] Reply from ptd: 'Range A changed'
ptd-server 2022-07-19 09:38:47,897 [INFO] Set initial values for Amps 0.500000 and Volts Auto
ptd-server 2022-07-19 09:38:47,897 [INFO] Stopping ptd...
