ptd-server 2022-08-04 20:03:53,335 [INFO] Got command from the client 'time'
ptd-server 2022-08-04 20:03:53,335 [INFO] Sending reply to client '1659661433.3359451'
ptd-server 2022-08-04 20:03:53,338 [INFO] Got command from the client 'new,,4aad51ab-a5b4-4e87-99e8-1cb7cd763ea4'
ptd-server 2022-08-04 20:03:53,339 [INFO] Sending reply to client 'OK 2022-08-04_20-03-53,0d92c580-d8a9-4706-85e6-f4be237eb58b'
ptd-server 2022-08-04 20:03:53,427 [INFO] Got command from the client 'time'
ptd-server 2022-08-04 20:03:53,428 [INFO] Sending reply to client '1659661433.4280226'
ptd-server 2022-08-04 20:03:53,430 [INFO] Got command from the client 'session,2022-08-04_20-03-53,start,ranging'
ptd-server 2022-08-04 20:03:53,431 [INFO] Running PTDaemon: ['/local/mnt/workspace/mlcommons/power-main/inference_v1.0/ptd-linux-x86', '-l', '/tmp/tmpsbncd2hd/ptd_logfile.txt', '-p', '8889', '-c', '2', '52', '/dev/usbtmc0']
ptd-server 2022-08-04 20:04:10,552 [INFO] Sending to ptd: 'Hello'
ptd-server 2022-08-04 20:04:10,553 [INFO] Reply from ptd: 'Hello, PTDaemon here!'
ptd-server 2022-08-04 20:04:10,553 [INFO] Sending to ptd: 'Identify'
ptd-server 2022-08-04 20:04:10,554 [INFO] Reply from ptd: 'YokogawaWT330,1000,1,1,1,1,0,0,1,version=1.9.2-e8c7a49a-20201208,OS=Linux 5.4.0-120-generic #136~18.04.1-Ubuntu SMP Fri Jun 10 18:00:44 UTC 2022 x86_64,mode=power,1,1,1,0,0,no_cal_date,YOKOGAWA;WT333;C2QH26002V;F1.06'
ptd-server 2022-08-04 20:04:10,554 [INFO] Connected to PTDaemon
ptd-server 2022-08-04 20:04:10,554 [INFO] Sending to ptd: 'RR'
ptd-server 2022-08-04 20:04:10,555 [INFO] Reply from ptd: 'Ranges,1,0.500000,1,150.000000'
ptd-server 2022-08-04 20:04:10,555 [INFO] Initial range for Amps is Auto for Volts is Auto
ptd-server 2022-08-04 20:04:10,555 [INFO] Sending to ptd: 'SR,V,Auto'
ptd-server 2022-08-04 20:04:11,058 [INFO] Reply from ptd: 'Range V changed'
ptd-server 2022-08-04 20:04:11,058 [INFO] Sending to ptd: 'SR,A,Auto'
ptd-server 2022-08-04 20:04:11,561 [INFO] Reply from ptd: 'Range A changed'
ptd-server 2022-08-04 20:04:21,570 [INFO] Starting ranging mode
ptd-server 2022-08-04 20:04:21,570 [INFO] Sending to ptd: 'Go,1000,0,2022-08-04_20-03-53_ranging'
ptd-server 2022-08-04 20:04:21,571 [INFO] Reply from ptd: 'Starting untimed measurement, maximum 500000 samples at 1000ms with 0 rampup samples'
ptd-server 2022-08-04 20:04:21,571 [INFO] Sending reply to client 'OK'
ptd-server 2022-08-04 20:16:00,221 [INFO] Got command from the client 'session,2022-08-04_20-03-53,stop,ranging'
ptd-server 2022-08-04 20:16:10,230 [INFO] Sending to ptd: 'Stop'
ptd-server 2022-08-04 20:16:10,230 [INFO] Reply from ptd: 'Stopping untimed measurement'
ptd-server 2022-08-04 20:16:10,250 [INFO] Sending reply to client 'OK'
ptd-server 2022-08-04 20:16:10,404 [INFO] Got command from the client 'time'
ptd-server 2022-08-04 20:16:10,405 [INFO] Sending reply to client '1659662170.405192'
ptd-server 2022-08-04 20:16:10,408 [INFO] Got command from the client 'session,2022-08-04_20-03-53,start,testing'
ptd-server 2022-08-04 20:16:10,408 [INFO] Sending to ptd: 'SR,V,120.880000'
ptd-server 2022-08-04 20:16:12,073 [INFO] Reply from ptd: 'Range V changed'
ptd-server 2022-08-04 20:16:12,074 [INFO] Sending to ptd: 'SR,A,0.284060'
ptd-server 2022-08-04 20:16:13,576 [INFO] Reply from ptd: 'Range A changed'
ptd-server 2022-08-04 20:16:23,587 [INFO] Starting testing mode
ptd-server 2022-08-04 20:16:23,587 [INFO] Sending to ptd: 'Go,1000,0,2022-08-04_20-03-53_testing'
ptd-server 2022-08-04 20:16:23,587 [INFO] Reply from ptd: 'Starting untimed measurement, maximum 500000 samples at 1000ms with 0 rampup samples'
ptd-server 2022-08-04 20:16:23,588 [INFO] Sending reply to client 'OK'
ptd-server 2022-08-04 20:28:04,958 [INFO] Got command from the client 'session,2022-08-04_20-03-53,stop,testing'
ptd-server 2022-08-04 20:28:14,969 [INFO] Sending to ptd: 'Stop'
ptd-server 2022-08-04 20:28:14,970 [INFO] Reply from ptd: 'Stopping untimed measurement'
ptd-server 2022-08-04 20:28:14,980 [INFO] Sending reply to client 'OK'
ptd-server 2022-08-04 20:28:15,004 [INFO] Got command from the client 'session,2022-08-04_20-03-53,done'
ptd-server 2022-08-04 20:28:15,004 [INFO] Sending to ptd: 'Stop'
ptd-server 2022-08-04 20:28:15,588 [INFO] Reply from ptd: 'Error: no measurement to stop'
ptd-server 2022-08-04 20:28:15,588 [INFO] Sending to ptd: 'SR,V,Auto'
ptd-server 2022-08-04 20:28:16,091 [INFO] Reply from ptd: 'Range V changed'
ptd-server 2022-08-04 20:28:16,092 [INFO] Sending to ptd: 'SR,A,Auto'
ptd-server 2022-08-04 20:28:16,595 [INFO] Reply from ptd: 'Range A changed'
ptd-server 2022-08-04 20:28:16,595 [INFO] Set initial values for Amps Auto and Volts Auto
ptd-server 2022-08-04 20:28:16,596 [INFO] Stopping ptd...
