ptd-server 2022-08-01 09:44:54,022 [INFO] Got command from the client 'time'
ptd-server 2022-08-01 09:44:54,022 [INFO] Sending reply to client '1659343494.0227315'
ptd-server 2022-08-01 09:44:54,023 [INFO] Got command from the client 'new,,a06695a3-316d-4a52-9eea-6bf7c4ab32f6'
ptd-server 2022-08-01 09:44:54,024 [INFO] Sending reply to client 'OK 2022-08-01_09-44-54,1e542a89-fde6-4e33-a28f-e4555f2295e1'
ptd-server 2022-08-01 09:44:54,052 [INFO] Got command from the client 'time'
ptd-server 2022-08-01 09:44:54,052 [INFO] Sending reply to client '1659343494.0528102'
ptd-server 2022-08-01 09:44:54,053 [INFO] Got command from the client 'session,2022-08-01_09-44-54,start,ranging'
ptd-server 2022-08-01 09:44:54,054 [INFO] Running PTDaemon: ['/home/anton/projects/mlperf/power/inference_v1.0/ptd-linux-x86', '-l', '/tmp/tmp7lgbo8s4/ptd_logfile.txt', '-p', '8888', '49', '/dev/usbtmc0']
ptd-server 2022-08-01 09:45:11,227 [INFO] Sending to ptd: 'Hello'
ptd-server 2022-08-01 09:45:11,228 [INFO] Reply from ptd: 'Hello, PTDaemon here!'
ptd-server 2022-08-01 09:45:11,228 [INFO] Sending to ptd: 'Identify'
ptd-server 2022-08-01 09:45:11,228 [INFO] Reply from ptd: 'YokogawaWT310E,1000,1,1,1,1,0,1,1,version=1.9.2-e8c7a49a-20201208,OS=Linux 5.13.0-52-generic #59~20.04.1-Ubuntu SMP Thu Jun 16 21:21:28 UTC 2022 x86_64,mode=power,1,1,1,0,0,no_cal_date,YOKOGAWA;WT310E;C3XA04010E;F1.04'
ptd-server 2022-08-01 09:45:11,228 [INFO] Connected to PTDaemon
ptd-server 2022-08-01 09:45:11,228 [INFO] Sending to ptd: 'RR'
ptd-server 2022-08-01 09:45:11,229 [INFO] Reply from ptd: 'Ranges,0,0.500000,1,300.000000'
ptd-server 2022-08-01 09:45:11,229 [INFO] Initial range for Amps is 0.500000 for Volts is Auto
ptd-server 2022-08-01 09:45:11,229 [INFO] Sending to ptd: 'SR,V,Auto'
ptd-server 2022-08-01 09:45:11,732 [INFO] Reply from ptd: 'Range V changed'
ptd-server 2022-08-01 09:45:11,732 [INFO] Sending to ptd: 'SR,A,Auto'
ptd-server 2022-08-01 09:45:12,234 [INFO] Reply from ptd: 'Range A changed'
ptd-server 2022-08-01 09:45:22,244 [INFO] Starting ranging mode
ptd-server 2022-08-01 09:45:22,245 [INFO] Sending to ptd: 'Go,1000,0,2022-08-01_09-44-54_ranging'
ptd-server 2022-08-01 09:45:22,245 [INFO] Reply from ptd: 'Starting untimed measurement, maximum 500000 samples at 1000ms with 0 rampup samples'
ptd-server 2022-08-01 09:45:22,245 [INFO] Sending reply to client 'OK'
ptd-server 2022-08-01 09:55:39,695 [INFO] Got command from the client 'session,2022-08-01_09-44-54,stop,ranging'
ptd-server 2022-08-01 09:55:49,705 [INFO] Sending to ptd: 'Stop'
ptd-server 2022-08-01 09:55:49,706 [INFO] Reply from ptd: 'Stopping untimed measurement'
ptd-server 2022-08-01 09:55:51,107 [INFO] Sending reply to client 'OK'
ptd-server 2022-08-01 09:55:51,200 [INFO] Got command from the client 'time'
ptd-server 2022-08-01 09:55:51,200 [INFO] Sending reply to client '1659344151.2008498'
ptd-server 2022-08-01 09:55:51,202 [INFO] Got command from the client 'session,2022-08-01_09-44-54,start,testing'
ptd-server 2022-08-01 09:55:51,202 [INFO] Sending to ptd: 'SR,V,251.470000'
ptd-server 2022-08-01 09:55:52,703 [INFO] Reply from ptd: 'Range V changed'
ptd-server 2022-08-01 09:55:52,703 [INFO] Sending to ptd: 'SR,A,0.256470'
ptd-server 2022-08-01 09:55:54,205 [INFO] Reply from ptd: 'Range A changed'
ptd-server 2022-08-01 09:56:04,215 [INFO] Starting testing mode
ptd-server 2022-08-01 09:56:04,215 [INFO] Sending to ptd: 'Go,1000,0,2022-08-01_09-44-54_testing'
ptd-server 2022-08-01 09:56:04,216 [INFO] Reply from ptd: 'Starting untimed measurement, maximum 500000 samples at 1000ms with 0 rampup samples'
ptd-server 2022-08-01 09:56:04,216 [INFO] Sending reply to client 'OK'
ptd-server 2022-08-01 10:06:18,321 [INFO] Got command from the client 'session,2022-08-01_09-44-54,stop,testing'
ptd-server 2022-08-01 10:06:28,330 [INFO] Sending to ptd: 'Stop'
ptd-server 2022-08-01 10:06:28,330 [INFO] Reply from ptd: 'Stopping untimed measurement'
ptd-server 2022-08-01 10:06:29,034 [INFO] Sending reply to client 'OK'
ptd-server 2022-08-01 10:06:29,045 [INFO] Got command from the client 'session,2022-08-01_09-44-54,done'
ptd-server 2022-08-01 10:06:29,045 [INFO] Sending to ptd: 'Stop'
ptd-server 2022-08-01 10:06:29,217 [INFO] Reply from ptd: 'Error: no measurement to stop'
ptd-server 2022-08-01 10:06:29,217 [INFO] Sending to ptd: 'SR,V,Auto'
ptd-server 2022-08-01 10:06:29,719 [INFO] Reply from ptd: 'Range V changed'
ptd-server 2022-08-01 10:06:29,719 [INFO] Sending to ptd: 'SR,A,0.500000'
ptd-server 2022-08-01 10:06:31,221 [INFO] Reply from ptd: 'Range A changed'
ptd-server 2022-08-01 10:06:31,221 [INFO] Set initial values for Amps 0.500000 and Volts Auto
ptd-server 2022-08-01 10:06:31,221 [INFO] Stopping ptd...
