ptd-server 2022-07-31 18:33:33,681 [INFO] Got command from the client 'time'
ptd-server 2022-07-31 18:33:33,681 [INFO] Sending reply to client '1659288813.681955'
ptd-server 2022-07-31 18:33:33,682 [INFO] Got command from the client 'new,,1c739065-acf3-4f9a-b002-d6bb78cd3a6d'
ptd-server 2022-07-31 18:33:33,683 [INFO] Sending reply to client 'OK 2022-07-31_18-33-33,f8175518-4e9f-4d96-902c-0d0c5b69e72f'
ptd-server 2022-07-31 18:33:33,714 [INFO] Got command from the client 'time'
ptd-server 2022-07-31 18:33:33,714 [INFO] Sending reply to client '1659288813.7146497'
ptd-server 2022-07-31 18:33:33,715 [INFO] Got command from the client 'session,2022-07-31_18-33-33,start,ranging'
ptd-server 2022-07-31 18:33:33,716 [INFO] Running PTDaemon: ['/home/anton/projects/mlperf/power/inference_v1.0/ptd-linux-x86', '-l', '/tmp/tmp7lgbo8s4/ptd_logfile.txt', '-p', '8888', '49', '/dev/usbtmc0']
ptd-server 2022-07-31 18:33:50,889 [INFO] Sending to ptd: 'Hello'
ptd-server 2022-07-31 18:33:50,890 [INFO] Reply from ptd: 'Hello, PTDaemon here!'
ptd-server 2022-07-31 18:33:50,890 [INFO] Sending to ptd: 'Identify'
ptd-server 2022-07-31 18:33:50,891 [INFO] Reply from ptd: 'YokogawaWT310E,1000,1,1,1,1,0,1,1,version=1.9.2-e8c7a49a-20201208,OS=Linux 5.13.0-52-generic #59~20.04.1-Ubuntu SMP Thu Jun 16 21:21:28 UTC 2022 x86_64,mode=power,1,1,1,0,0,no_cal_date,YOKOGAWA;WT310E;C3XA04010E;F1.04'
ptd-server 2022-07-31 18:33:50,891 [INFO] Connected to PTDaemon
ptd-server 2022-07-31 18:33:50,891 [INFO] Sending to ptd: 'RR'
ptd-server 2022-07-31 18:33:50,891 [INFO] Reply from ptd: 'Ranges,0,0.500000,1,300.000000'
ptd-server 2022-07-31 18:33:50,891 [INFO] Initial range for Amps is 0.500000 for Volts is Auto
ptd-server 2022-07-31 18:33:50,892 [INFO] Sending to ptd: 'SR,V,Auto'
ptd-server 2022-07-31 18:33:51,394 [INFO] Reply from ptd: 'Range V changed'
ptd-server 2022-07-31 18:33:51,394 [INFO] Sending to ptd: 'SR,A,Auto'
ptd-server 2022-07-31 18:33:51,897 [INFO] Reply from ptd: 'Range A changed'
ptd-server 2022-07-31 18:34:01,907 [INFO] Starting ranging mode
ptd-server 2022-07-31 18:34:01,907 [INFO] Sending to ptd: 'Go,1000,0,2022-07-31_18-33-33_ranging'
ptd-server 2022-07-31 18:34:01,908 [INFO] Reply from ptd: 'Starting untimed measurement, maximum 500000 samples at 1000ms with 0 rampup samples'
ptd-server 2022-07-31 18:34:01,908 [INFO] Sending reply to client 'OK'
ptd-server 2022-07-31 18:44:20,264 [INFO] Got command from the client 'session,2022-07-31_18-33-33,stop,ranging'
ptd-server 2022-07-31 18:44:30,274 [INFO] Sending to ptd: 'Stop'
ptd-server 2022-07-31 18:44:30,274 [INFO] Reply from ptd: 'Stopping untimed measurement'
ptd-server 2022-07-31 18:44:31,603 [INFO] Sending reply to client 'OK'
ptd-server 2022-07-31 18:44:31,807 [INFO] Got command from the client 'time'
ptd-server 2022-07-31 18:44:31,808 [INFO] Sending reply to client '1659289471.808127'
ptd-server 2022-07-31 18:44:31,809 [INFO] Got command from the client 'session,2022-07-31_18-33-33,start,testing'
ptd-server 2022-07-31 18:44:31,809 [INFO] Sending to ptd: 'SR,V,251.300000'
ptd-server 2022-07-31 18:44:33,311 [INFO] Reply from ptd: 'Range V changed'
ptd-server 2022-07-31 18:44:33,311 [INFO] Sending to ptd: 'SR,A,0.297080'
ptd-server 2022-07-31 18:44:34,812 [INFO] Reply from ptd: 'Range A changed'
ptd-server 2022-07-31 18:44:44,823 [INFO] Starting testing mode
ptd-server 2022-07-31 18:44:44,823 [INFO] Sending to ptd: 'Go,1000,0,2022-07-31_18-33-33_testing'
ptd-server 2022-07-31 18:44:44,823 [INFO] Reply from ptd: 'Starting untimed measurement, maximum 500000 samples at 1000ms with 0 rampup samples'
ptd-server 2022-07-31 18:44:44,823 [INFO] Sending reply to client 'OK'
ptd-server 2022-07-31 18:54:58,686 [INFO] Got command from the client 'session,2022-07-31_18-33-33,stop,testing'
ptd-server 2022-07-31 18:55:08,697 [INFO] Sending to ptd: 'Stop'
ptd-server 2022-07-31 18:55:08,697 [INFO] Reply from ptd: 'Stopping untimed measurement'
ptd-server 2022-07-31 18:55:09,380 [INFO] Sending reply to client 'OK'
ptd-server 2022-07-31 18:55:09,395 [INFO] Got command from the client 'session,2022-07-31_18-33-33,done'
ptd-server 2022-07-31 18:55:09,395 [INFO] Sending to ptd: 'Stop'
ptd-server 2022-07-31 18:55:09,395 [INFO] Reply from ptd: 'Error: no measurement to stop'
ptd-server 2022-07-31 18:55:09,396 [INFO] Sending to ptd: 'SR,V,Auto'
ptd-server 2022-07-31 18:55:09,898 [INFO] Reply from ptd: 'Range V changed'
ptd-server 2022-07-31 18:55:09,898 [INFO] Sending to ptd: 'SR,A,0.500000'
ptd-server 2022-07-31 18:55:11,400 [INFO] Reply from ptd: 'Range A changed'
ptd-server 2022-07-31 18:55:11,400 [INFO] Set initial values for Amps 0.500000 and Volts Auto
ptd-server 2022-07-31 18:55:11,400 [INFO] Stopping ptd...
