ptd-server 2022-07-22 14:43:26,054 [INFO] Got command from the client 'stop'
ptd-server 2022-07-22 14:43:26,054 [INFO] The server will be stopped after processing this client
ptd-server 2022-07-22 14:43:26,054 [INFO] Sending reply to client 'OK'
ptd-server 2022-07-22 14:43:26,257 [INFO] Got command from the client 'time'
ptd-server 2022-07-22 14:43:26,257 [INFO] Sending reply to client '1658526206.2574449'
ptd-server 2022-07-22 14:43:26,257 [INFO] Got command from the client 'new,,c6a2e9bf-5a8d-45f7-b02f-c911b9105dfa'
ptd-server 2022-07-22 14:43:26,273 [INFO] Sending reply to client 'OK 2022-07-22_14-43-26,a38c54cd-5552-48c3-92d3-dea31341a412'
ptd-server 2022-07-22 14:43:26,476 [INFO] Got command from the client 'time'
ptd-server 2022-07-22 14:43:26,476 [INFO] Sending reply to client '1658526206.4761424'
ptd-server 2022-07-22 14:43:26,476 [INFO] Got command from the client 'session,2022-07-22_14-43-26,start,ranging'
ptd-server 2022-07-22 14:43:26,585 [INFO] Running PTDaemon: ['C:\\PTD\\ptd-windows-x86.exe', '-l', 'C:\\Users\\lab\\AppData\\Local\\Temp\\tmp7wq29vvi\\ptd_logfile.txt', '-p', '8888', '-c', '1,3', '-y', '77', '10.117.41.199']
ptd-server 2022-07-22 14:43:46,830 [INFO] Sending to ptd: 'Hello'
ptd-server 2022-07-22 14:43:46,830 [INFO] Reply from ptd: 'Hello, PTDaemon here!'
ptd-server 2022-07-22 14:43:46,830 [INFO] Sending to ptd: 'Identify'
ptd-server 2022-07-22 14:43:46,830 [INFO] Reply from ptd: 'YokogawaWT330_multichannel,1000,1,1,1,1,0,0,1,version=1.9.2-3976349f-20201208,OS=Windows 8 / Server 2012,mode=power,1,1,2,0,0,no_cal_date,YOKOGAWA;WT333E;C2WL21011V;F1.04'
ptd-server 2022-07-22 14:43:46,830 [INFO] Connected to PTDaemon
ptd-server 2022-07-22 14:43:46,830 [INFO] Sending to ptd: 'RR'
ptd-server 2022-07-22 14:43:46,830 [INFO] Reply from ptd: 'Ranges,0,5.000000,0,300.000000'
ptd-server 2022-07-22 14:43:46,830 [INFO] Initial range for Amps is 5.000000 for Volts is 300.000000
ptd-server 2022-07-22 14:43:46,830 [INFO] Sending to ptd: 'SR,V,Auto'
ptd-server 2022-07-22 14:43:51,907 [INFO] Reply from ptd: 'Range V changed'
ptd-server 2022-07-22 14:43:51,907 [INFO] Sending to ptd: 'SR,A,Auto'
ptd-server 2022-07-22 14:43:57,000 [INFO] Reply from ptd: 'Range A changed'
ptd-server 2022-07-22 14:44:07,013 [INFO] Starting ranging mode
ptd-server 2022-07-22 14:44:07,013 [INFO] Sending to ptd: 'Go,1000,0,2022-07-22_14-43-26_ranging'
ptd-server 2022-07-22 14:44:07,013 [INFO] Reply from ptd: 'Starting untimed measurement, maximum 500000 samples at 1000ms with 0 rampup samples'
ptd-server 2022-07-22 14:44:07,013 [INFO] Sending reply to client 'OK'
ptd-server 2022-07-22 14:55:47,438 [INFO] Got command from the client 'session,2022-07-22_14-43-26,stop,ranging'
ptd-server 2022-07-22 14:55:57,452 [INFO] Sending to ptd: 'Stop'
ptd-server 2022-07-22 14:55:57,452 [INFO] Reply from ptd: 'Stopping untimed measurement'
ptd-server 2022-07-22 14:55:57,483 [INFO] Sending reply to client 'OK'
ptd-server 2022-07-22 14:55:57,717 [INFO] Got command from the client 'time'
ptd-server 2022-07-22 14:55:57,733 [INFO] Sending reply to client '1658526957.733218'
ptd-server 2022-07-22 14:55:57,733 [INFO] Got command from the client 'session,2022-07-22_14-43-26,start,testing'
ptd-server 2022-07-22 14:55:57,733 [INFO] Sending to ptd: 'SR,V,205.710000'
ptd-server 2022-07-22 14:56:04,122 [INFO] Reply from ptd: 'Range V changed'
ptd-server 2022-07-22 14:56:04,122 [INFO] Sending to ptd: 'SR,A,4.580300'
ptd-server 2022-07-22 14:56:09,714 [INFO] Reply from ptd: 'Range A changed'
ptd-server 2022-07-22 14:56:19,727 [INFO] Starting testing mode
ptd-server 2022-07-22 14:56:19,743 [INFO] Sending to ptd: 'Go,1000,0,2022-07-22_14-43-26_testing'
ptd-server 2022-07-22 14:56:19,743 [INFO] Reply from ptd: 'Starting untimed measurement, maximum 500000 samples at 1000ms with 0 rampup samples'
ptd-server 2022-07-22 14:56:19,743 [INFO] Sending reply to client 'OK'
ptd-server 2022-07-22 15:08:01,184 [INFO] Got command from the client 'session,2022-07-22_14-43-26,stop,testing'
ptd-server 2022-07-22 15:08:11,213 [INFO] Sending to ptd: 'Stop'
ptd-server 2022-07-22 15:08:11,213 [INFO] Reply from ptd: 'Stopping untimed measurement'
ptd-server 2022-07-22 15:08:11,244 [INFO] Sending reply to client 'OK'
ptd-server 2022-07-22 15:08:11,291 [INFO] Got command from the client 'session,2022-07-22_14-43-26,done'
ptd-server 2022-07-22 15:08:11,291 [INFO] Sending to ptd: 'Stop'
ptd-server 2022-07-22 15:08:11,759 [INFO] Reply from ptd: 'Error: no measurement to stop'
ptd-server 2022-07-22 15:08:11,759 [INFO] Sending to ptd: 'SR,V,300.000000'
ptd-server 2022-07-22 15:08:17,852 [INFO] Reply from ptd: 'Range V changed'
ptd-server 2022-07-22 15:08:17,852 [INFO] Sending to ptd: 'SR,A,5.000000'
ptd-server 2022-07-22 15:08:23,460 [INFO] Reply from ptd: 'Range A changed'
ptd-server 2022-07-22 15:08:23,460 [INFO] Set initial values for Amps 5.000000 and Volts 300.000000
ptd-server 2022-07-22 15:08:23,460 [INFO] Stopping ptd...
