ptd-server 2022-07-31 05:27:10,377 [INFO] Got command from the client 'time'
ptd-server 2022-07-31 05:27:10,378 [INFO] Sending reply to client '1659241630.3780375'
ptd-server 2022-07-31 05:27:10,378 [INFO] Got command from the client 'new,,22000097-6f6d-4ec4-8ebb-e626e6ee1c44'
ptd-server 2022-07-31 05:27:10,379 [INFO] Sending reply to client 'OK 2022-07-31_05-27-10,e89f54f7-8059-45b5-8c73-36a493ecf9c6'
ptd-server 2022-07-31 05:27:10,407 [INFO] Got command from the client 'time'
ptd-server 2022-07-31 05:27:10,407 [INFO] Sending reply to client '1659241630.407787'
ptd-server 2022-07-31 05:27:10,408 [INFO] Got command from the client 'session,2022-07-31_05-27-10,start,ranging'
ptd-server 2022-07-31 05:27:10,409 [INFO] Running PTDaemon: ['/home/anton/projects/mlperf/power/inference_v1.0/ptd-linux-x86', '-l', '/tmp/tmp7lgbo8s4/ptd_logfile.txt', '-p', '8888', '49', '/dev/usbtmc0']
ptd-server 2022-07-31 05:27:27,583 [INFO] Sending to ptd: 'Hello'
ptd-server 2022-07-31 05:27:27,583 [INFO] Reply from ptd: 'Hello, PTDaemon here!'
ptd-server 2022-07-31 05:27:27,584 [INFO] Sending to ptd: 'Identify'
ptd-server 2022-07-31 05:27:27,584 [INFO] Reply from ptd: 'YokogawaWT310E,1000,1,1,1,1,0,1,1,version=1.9.2-e8c7a49a-20201208,OS=Linux 5.13.0-52-generic #59~20.04.1-Ubuntu SMP Thu Jun 16 21:21:28 UTC 2022 x86_64,mode=power,1,1,1,0,0,no_cal_date,YOKOGAWA;WT310E;C3XA04010E;F1.04'
ptd-server 2022-07-31 05:27:27,584 [INFO] Connected to PTDaemon
ptd-server 2022-07-31 05:27:27,584 [INFO] Sending to ptd: 'RR'
ptd-server 2022-07-31 05:27:27,585 [INFO] Reply from ptd: 'Ranges,0,0.500000,1,300.000000'
ptd-server 2022-07-31 05:27:27,585 [INFO] Initial range for Amps is 0.500000 for Volts is Auto
ptd-server 2022-07-31 05:27:27,585 [INFO] Sending to ptd: 'SR,V,Auto'
ptd-server 2022-07-31 05:27:28,087 [INFO] Reply from ptd: 'Range V changed'
ptd-server 2022-07-31 05:27:28,088 [INFO] Sending to ptd: 'SR,A,Auto'
ptd-server 2022-07-31 05:27:28,590 [INFO] Reply from ptd: 'Range A changed'
ptd-server 2022-07-31 05:27:38,600 [INFO] Starting ranging mode
ptd-server 2022-07-31 05:27:38,601 [INFO] Sending to ptd: 'Go,1000,0,2022-07-31_05-27-10_ranging'
ptd-server 2022-07-31 05:27:38,601 [INFO] Reply from ptd: 'Starting untimed measurement, maximum 500000 samples at 1000ms with 0 rampup samples'
ptd-server 2022-07-31 05:27:38,601 [INFO] Sending reply to client 'OK'
ptd-server 2022-07-31 05:37:53,979 [INFO] Got command from the client 'session,2022-07-31_05-27-10,stop,ranging'
ptd-server 2022-07-31 05:38:03,987 [INFO] Sending to ptd: 'Stop'
ptd-server 2022-07-31 05:38:03,987 [INFO] Reply from ptd: 'Stopping untimed measurement'
ptd-server 2022-07-31 05:38:05,247 [INFO] Sending reply to client 'OK'
ptd-server 2022-07-31 05:38:05,308 [INFO] Got command from the client 'time'
ptd-server 2022-07-31 05:38:05,308 [INFO] Sending reply to client '1659242285.3084867'
ptd-server 2022-07-31 05:38:05,309 [INFO] Got command from the client 'session,2022-07-31_05-27-10,start,testing'
ptd-server 2022-07-31 05:38:05,310 [INFO] Sending to ptd: 'SR,V,250.960000'
ptd-server 2022-07-31 05:38:06,811 [INFO] Reply from ptd: 'Range V changed'
ptd-server 2022-07-31 05:38:06,811 [INFO] Sending to ptd: 'SR,A,0.238710'
ptd-server 2022-07-31 05:38:08,312 [INFO] Reply from ptd: 'Range A changed'
ptd-server 2022-07-31 05:38:18,322 [INFO] Starting testing mode
ptd-server 2022-07-31 05:38:18,322 [INFO] Sending to ptd: 'Go,1000,0,2022-07-31_05-27-10_testing'
ptd-server 2022-07-31 05:38:18,323 [INFO] Reply from ptd: 'Starting untimed measurement, maximum 500000 samples at 1000ms with 0 rampup samples'
ptd-server 2022-07-31 05:38:18,323 [INFO] Sending reply to client 'OK'
ptd-server 2022-07-31 05:48:29,552 [INFO] Got command from the client 'session,2022-07-31_05-27-10,stop,testing'
ptd-server 2022-07-31 05:48:39,562 [INFO] Sending to ptd: 'Stop'
ptd-server 2022-07-31 05:48:39,562 [INFO] Reply from ptd: 'Stopping untimed measurement'
ptd-server 2022-07-31 05:48:40,197 [INFO] Sending reply to client 'OK'
ptd-server 2022-07-31 05:48:40,211 [INFO] Got command from the client 'session,2022-07-31_05-27-10,done'
ptd-server 2022-07-31 05:48:40,211 [INFO] Sending to ptd: 'Stop'
ptd-server 2022-07-31 05:48:40,323 [INFO] Reply from ptd: 'Error: no measurement to stop'
ptd-server 2022-07-31 05:48:40,323 [INFO] Sending to ptd: 'SR,V,Auto'
ptd-server 2022-07-31 05:48:40,826 [INFO] Reply from ptd: 'Range V changed'
ptd-server 2022-07-31 05:48:40,826 [INFO] Sending to ptd: 'SR,A,0.500000'
ptd-server 2022-07-31 05:48:42,327 [INFO] Reply from ptd: 'Range A changed'
ptd-server 2022-07-31 05:48:42,327 [INFO] Set initial values for Amps 0.500000 and Volts Auto
ptd-server 2022-07-31 05:48:42,328 [INFO] Stopping ptd...
