ptd-server 2022-07-19 04:33:33,888 [INFO] Got command from the client 'time'
ptd-server 2022-07-19 04:33:33,888 [INFO] Sending reply to client '1658201613.8886821'
ptd-server 2022-07-19 04:33:33,891 [INFO] Got command from the client 'new,,64bdd4ae-2ae5-4d5d-b011-4fd65f04d3c6'
ptd-server 2022-07-19 04:33:33,892 [INFO] Sending reply to client 'OK 2022-07-19_04-33-33,b29c8c9b-b57f-4b99-8600-60933905fdcb'
ptd-server 2022-07-19 04:33:33,991 [INFO] Got command from the client 'time'
ptd-server 2022-07-19 04:33:33,992 [INFO] Sending reply to client '1658201613.9919727'
ptd-server 2022-07-19 04:33:33,996 [INFO] Got command from the client 'session,2022-07-19_04-33-33,start,ranging'
ptd-server 2022-07-19 04:33:33,997 [INFO] Running PTDaemon: ['/home/anton/projects/mlperf/power/inference_v1.0/ptd-linux-x86', '-l', '/tmp/tmp7lgbo8s4/ptd_logfile.txt', '-p', '8888', '49', '/dev/usbtmc0']
ptd-server 2022-07-19 04:33:51,171 [INFO] Sending to ptd: 'Hello'
ptd-server 2022-07-19 04:33:51,172 [INFO] Reply from ptd: 'Hello, PTDaemon here!'
ptd-server 2022-07-19 04:33:51,172 [INFO] Sending to ptd: 'Identify'
ptd-server 2022-07-19 04:33:51,172 [INFO] Reply from ptd: 'YokogawaWT310E,1000,1,1,1,1,0,1,1,version=1.9.2-e8c7a49a-20201208,OS=Linux 5.13.0-52-generic #59~20.04.1-Ubuntu SMP Thu Jun 16 21:21:28 UTC 2022 x86_64,mode=power,1,1,1,0,0,no_cal_date,YOKOGAWA;WT310E;C3XA04010E;F1.04'
ptd-server 2022-07-19 04:33:51,173 [INFO] Connected to PTDaemon
ptd-server 2022-07-19 04:33:51,173 [INFO] Sending to ptd: 'RR'
ptd-server 2022-07-19 04:33:51,173 [INFO] Reply from ptd: 'Ranges,0,0.500000,1,300.000000'
ptd-server 2022-07-19 04:33:51,173 [INFO] Initial range for Amps is 0.500000 for Volts is Auto
ptd-server 2022-07-19 04:33:51,173 [INFO] Sending to ptd: 'SR,V,Auto'
ptd-server 2022-07-19 04:33:51,676 [INFO] Reply from ptd: 'Range V changed'
ptd-server 2022-07-19 04:33:51,676 [INFO] Sending to ptd: 'SR,A,Auto'
ptd-server 2022-07-19 04:33:52,178 [INFO] Reply from ptd: 'Range A changed'
ptd-server 2022-07-19 04:34:02,189 [INFO] Starting ranging mode
ptd-server 2022-07-19 04:34:02,189 [INFO] Sending to ptd: 'Go,1000,0,2022-07-19_04-33-33_ranging'
ptd-server 2022-07-19 04:34:02,189 [INFO] Reply from ptd: 'Starting untimed measurement, maximum 500000 samples at 1000ms with 0 rampup samples'
ptd-server 2022-07-19 04:34:02,189 [INFO] Sending reply to client 'OK'
ptd-server 2022-07-19 04:44:19,424 [INFO] Got command from the client 'session,2022-07-19_04-33-33,stop,ranging'
ptd-server 2022-07-19 04:44:29,435 [INFO] Sending to ptd: 'Stop'
ptd-server 2022-07-19 04:44:29,435 [INFO] Reply from ptd: 'Stopping untimed measurement'
ptd-server 2022-07-19 04:44:29,478 [INFO] Sending reply to client 'OK'
ptd-server 2022-07-19 04:44:29,672 [INFO] Got command from the client 'time'
ptd-server 2022-07-19 04:44:29,672 [INFO] Sending reply to client '1658202269.6727548'
ptd-server 2022-07-19 04:44:29,676 [INFO] Got command from the client 'session,2022-07-19_04-33-33,start,testing'
ptd-server 2022-07-19 04:44:29,676 [INFO] Sending to ptd: 'SR,V,250.500000'
ptd-server 2022-07-19 04:44:31,690 [INFO] Reply from ptd: 'Range V changed'
ptd-server 2022-07-19 04:44:31,690 [INFO] Sending to ptd: 'SR,A,0.083130'
ptd-server 2022-07-19 04:44:33,192 [INFO] Reply from ptd: 'Range A changed'
ptd-server 2022-07-19 04:44:43,202 [INFO] Starting testing mode
ptd-server 2022-07-19 04:44:43,202 [INFO] Sending to ptd: 'Go,1000,0,2022-07-19_04-33-33_testing'
ptd-server 2022-07-19 04:44:43,203 [INFO] Reply from ptd: 'Starting untimed measurement, maximum 500000 samples at 1000ms with 0 rampup samples'
ptd-server 2022-07-19 04:44:43,203 [INFO] Sending reply to client 'OK'
ptd-server 2022-07-19 04:55:00,598 [INFO] Got command from the client 'session,2022-07-19_04-33-33,stop,testing'
ptd-server 2022-07-19 04:55:10,605 [INFO] Sending to ptd: 'Stop'
ptd-server 2022-07-19 04:55:10,606 [INFO] Reply from ptd: 'Stopping untimed measurement'
ptd-server 2022-07-19 04:55:10,630 [INFO] Sending reply to client 'OK'
ptd-server 2022-07-19 04:55:10,733 [INFO] Got command from the client 'session,2022-07-19_04-33-33,done'
ptd-server 2022-07-19 04:55:10,733 [INFO] Sending to ptd: 'Stop'
ptd-server 2022-07-19 04:55:11,203 [INFO] Reply from ptd: 'Error: no measurement to stop'
ptd-server 2022-07-19 04:55:11,204 [INFO] Sending to ptd: 'SR,V,Auto'
ptd-server 2022-07-19 04:55:11,706 [INFO] Reply from ptd: 'Range V changed'
ptd-server 2022-07-19 04:55:11,706 [INFO] Sending to ptd: 'SR,A,0.500000'
ptd-server 2022-07-19 04:55:13,207 [INFO] Reply from ptd: 'Range A changed'
ptd-server 2022-07-19 04:55:13,208 [INFO] Set initial values for Amps 0.500000 and Volts Auto
ptd-server 2022-07-19 04:55:13,208 [INFO] Stopping ptd...
