ptd-server 2022-07-19 02:22:49,405 [INFO] Got command from the client 'time'
ptd-server 2022-07-19 02:22:49,405 [INFO] Sending reply to client '1658193769.4057078'
ptd-server 2022-07-19 02:22:49,409 [INFO] Got command from the client 'new,,fa22e95b-307e-4cf1-a639-056ea00509ca'
ptd-server 2022-07-19 02:22:49,409 [INFO] Sending reply to client 'OK 2022-07-19_02-22-49,6aac737f-7e84-422e-91bd-50c1b3e0224d'
ptd-server 2022-07-19 02:22:49,445 [INFO] Got command from the client 'time'
ptd-server 2022-07-19 02:22:49,445 [INFO] Sending reply to client '1658193769.4453554'
ptd-server 2022-07-19 02:22:49,448 [INFO] Got command from the client 'session,2022-07-19_02-22-49,start,ranging'
ptd-server 2022-07-19 02:22:49,448 [INFO] Running PTDaemon: ['/home/anton/projects/mlperf/power/inference_v1.0/ptd-linux-x86', '-l', '/tmp/tmp7lgbo8s4/ptd_logfile.txt', '-p', '8888', '49', '/dev/usbtmc0']
ptd-server 2022-07-19 02:23:06,623 [INFO] Sending to ptd: 'Hello'
ptd-server 2022-07-19 02:23:06,624 [INFO] Reply from ptd: 'Hello, PTDaemon here!'
ptd-server 2022-07-19 02:23:06,624 [INFO] Sending to ptd: 'Identify'
ptd-server 2022-07-19 02:23:06,624 [INFO] Reply from ptd: 'YokogawaWT310E,1000,1,1,1,1,0,1,1,version=1.9.2-e8c7a49a-20201208,OS=Linux 5.13.0-52-generic #59~20.04.1-Ubuntu SMP Thu Jun 16 21:21:28 UTC 2022 x86_64,mode=power,1,1,1,0,0,no_cal_date,YOKOGAWA;WT310E;C3XA04010E;F1.04'
ptd-server 2022-07-19 02:23:06,625 [INFO] Connected to PTDaemon
ptd-server 2022-07-19 02:23:06,625 [INFO] Sending to ptd: 'RR'
ptd-server 2022-07-19 02:23:06,625 [INFO] Reply from ptd: 'Ranges,0,0.500000,1,300.000000'
ptd-server 2022-07-19 02:23:06,625 [INFO] Initial range for Amps is 0.500000 for Volts is Auto
ptd-server 2022-07-19 02:23:06,625 [INFO] Sending to ptd: 'SR,V,Auto'
ptd-server 2022-07-19 02:23:07,128 [INFO] Reply from ptd: 'Range V changed'
ptd-server 2022-07-19 02:23:07,128 [INFO] Sending to ptd: 'SR,A,Auto'
ptd-server 2022-07-19 02:23:07,630 [INFO] Reply from ptd: 'Range A changed'
ptd-server 2022-07-19 02:23:17,641 [INFO] Starting ranging mode
ptd-server 2022-07-19 02:23:17,641 [INFO] Sending to ptd: 'Go,1000,0,2022-07-19_02-22-49_ranging'
ptd-server 2022-07-19 02:23:17,641 [INFO] Reply from ptd: 'Starting untimed measurement, maximum 500000 samples at 1000ms with 0 rampup samples'
ptd-server 2022-07-19 02:23:17,642 [INFO] Sending reply to client 'OK'
ptd-server 2022-07-19 02:33:35,218 [INFO] Got command from the client 'session,2022-07-19_02-22-49,stop,ranging'
ptd-server 2022-07-19 02:33:45,228 [INFO] Sending to ptd: 'Stop'
ptd-server 2022-07-19 02:33:45,229 [INFO] Reply from ptd: 'Stopping untimed measurement'
ptd-server 2022-07-19 02:33:45,258 [INFO] Sending reply to client 'OK'
ptd-server 2022-07-19 02:33:45,461 [INFO] Got command from the client 'time'
ptd-server 2022-07-19 02:33:45,462 [INFO] Sending reply to client '1658194425.4621325'
ptd-server 2022-07-19 02:33:45,466 [INFO] Got command from the client 'session,2022-07-19_02-22-49,start,testing'
ptd-server 2022-07-19 02:33:45,466 [INFO] Sending to ptd: 'SR,V,251.180000'
ptd-server 2022-07-19 02:33:47,142 [INFO] Reply from ptd: 'Range V changed'
ptd-server 2022-07-19 02:33:47,143 [INFO] Sending to ptd: 'SR,A,0.077030'
ptd-server 2022-07-19 02:33:48,644 [INFO] Reply from ptd: 'Range A changed'
ptd-server 2022-07-19 02:33:58,654 [INFO] Starting testing mode
ptd-server 2022-07-19 02:33:58,655 [INFO] Sending to ptd: 'Go,1000,0,2022-07-19_02-22-49_testing'
ptd-server 2022-07-19 02:33:58,655 [INFO] Reply from ptd: 'Starting untimed measurement, maximum 500000 samples at 1000ms with 0 rampup samples'
ptd-server 2022-07-19 02:33:58,655 [INFO] Sending reply to client 'OK'
ptd-server 2022-07-19 02:44:16,223 [INFO] Got command from the client 'session,2022-07-19_02-22-49,stop,testing'
ptd-server 2022-07-19 02:44:26,233 [INFO] Sending to ptd: 'Stop'
ptd-server 2022-07-19 02:44:26,233 [INFO] Reply from ptd: 'Stopping untimed measurement'
ptd-server 2022-07-19 02:44:26,248 [INFO] Sending reply to client 'OK'
ptd-server 2022-07-19 02:44:26,266 [INFO] Got command from the client 'session,2022-07-19_02-22-49,done'
ptd-server 2022-07-19 02:44:26,266 [INFO] Sending to ptd: 'Stop'
ptd-server 2022-07-19 02:44:26,656 [INFO] Reply from ptd: 'Error: no measurement to stop'
ptd-server 2022-07-19 02:44:26,656 [INFO] Sending to ptd: 'SR,V,Auto'
ptd-server 2022-07-19 02:44:27,158 [INFO] Reply from ptd: 'Range V changed'
ptd-server 2022-07-19 02:44:27,159 [INFO] Sending to ptd: 'SR,A,0.500000'
ptd-server 2022-07-19 02:44:28,660 [INFO] Reply from ptd: 'Range A changed'
ptd-server 2022-07-19 02:44:28,660 [INFO] Set initial values for Amps 0.500000 and Volts Auto
ptd-server 2022-07-19 02:44:28,660 [INFO] Stopping ptd...
