ptd-server 2022-07-28 17:14:14,240 [INFO] Got command from the client 'time'
ptd-server 2022-07-28 17:14:14,240 [INFO] Sending reply to client '1659024854.240695'
ptd-server 2022-07-28 17:14:14,244 [INFO] Got command from the client 'new,,e0260cd2-a522-4d8c-96a8-5eab2abb1720'
ptd-server 2022-07-28 17:14:14,245 [INFO] Sending reply to client 'OK 2022-07-28_17-14-14,f1e8fbfa-faa1-4bef-9bc2-b8b0e997330e'
ptd-server 2022-07-28 17:14:14,280 [INFO] Got command from the client 'time'
ptd-server 2022-07-28 17:14:14,281 [INFO] Sending reply to client '1659024854.2809775'
ptd-server 2022-07-28 17:14:14,285 [INFO] Got command from the client 'session,2022-07-28_17-14-14,start,ranging'
ptd-server 2022-07-28 17:14:14,286 [INFO] Running PTDaemon: ['/home/anton/projects/mlperf/power/inference_v1.0/ptd-linux-x86', '-l', '/tmp/tmp7lgbo8s4/ptd_logfile.txt', '-p', '8888', '49', '/dev/usbtmc0']
ptd-server 2022-07-28 17:14:31,459 [INFO] Sending to ptd: 'Hello'
ptd-server 2022-07-28 17:14:31,460 [INFO] Reply from ptd: 'Hello, PTDaemon here!'
ptd-server 2022-07-28 17:14:31,460 [INFO] Sending to ptd: 'Identify'
ptd-server 2022-07-28 17:14:31,461 [INFO] Reply from ptd: 'YokogawaWT310E,1000,1,1,1,1,0,1,1,version=1.9.2-e8c7a49a-20201208,OS=Linux 5.13.0-52-generic #59~20.04.1-Ubuntu SMP Thu Jun 16 21:21:28 UTC 2022 x86_64,mode=power,1,1,1,0,0,no_cal_date,YOKOGAWA;WT310E;C3XA04010E;F1.04'
ptd-server 2022-07-28 17:14:31,461 [INFO] Connected to PTDaemon
ptd-server 2022-07-28 17:14:31,461 [INFO] Sending to ptd: 'RR'
ptd-server 2022-07-28 17:14:31,461 [INFO] Reply from ptd: 'Ranges,0,0.500000,1,300.000000'
ptd-server 2022-07-28 17:14:31,461 [INFO] Initial range for Amps is 0.500000 for Volts is Auto
ptd-server 2022-07-28 17:14:31,461 [INFO] Sending to ptd: 'SR,V,Auto'
ptd-server 2022-07-28 17:14:31,964 [INFO] Reply from ptd: 'Range V changed'
ptd-server 2022-07-28 17:14:31,964 [INFO] Sending to ptd: 'SR,A,Auto'
ptd-server 2022-07-28 17:14:32,467 [INFO] Reply from ptd: 'Range A changed'
ptd-server 2022-07-28 17:14:42,477 [INFO] Starting ranging mode
ptd-server 2022-07-28 17:14:42,477 [INFO] Sending to ptd: 'Go,1000,0,2022-07-28_17-14-14_ranging'
ptd-server 2022-07-28 17:14:42,477 [INFO] Reply from ptd: 'Starting untimed measurement, maximum 500000 samples at 1000ms with 0 rampup samples'
ptd-server 2022-07-28 17:14:42,478 [INFO] Sending reply to client 'OK'
ptd-server 2022-07-28 17:24:59,014 [INFO] Got command from the client 'session,2022-07-28_17-14-14,stop,ranging'
ptd-server 2022-07-28 17:25:09,025 [INFO] Sending to ptd: 'Stop'
ptd-server 2022-07-28 17:25:09,025 [INFO] Reply from ptd: 'Stopping untimed measurement'
ptd-server 2022-07-28 17:25:10,116 [INFO] Sending reply to client 'OK'
ptd-server 2022-07-28 17:25:10,176 [INFO] Got command from the client 'time'
ptd-server 2022-07-28 17:25:10,176 [INFO] Sending reply to client '1659025510.1768882'
ptd-server 2022-07-28 17:25:10,180 [INFO] Got command from the client 'session,2022-07-28_17-14-14,start,testing'
ptd-server 2022-07-28 17:25:10,181 [INFO] Sending to ptd: 'SR,V,249.910000'
ptd-server 2022-07-28 17:25:11,682 [INFO] Reply from ptd: 'Range V changed'
ptd-server 2022-07-28 17:25:11,682 [INFO] Sending to ptd: 'SR,A,0.055400'
ptd-server 2022-07-28 17:25:13,184 [INFO] Reply from ptd: 'Range A changed'
ptd-server 2022-07-28 17:25:23,194 [INFO] Starting testing mode
ptd-server 2022-07-28 17:25:23,194 [INFO] Sending to ptd: 'Go,1000,0,2022-07-28_17-14-14_testing'
ptd-server 2022-07-28 17:25:23,195 [INFO] Reply from ptd: 'Starting untimed measurement, maximum 500000 samples at 1000ms with 0 rampup samples'
ptd-server 2022-07-28 17:25:23,195 [INFO] Sending reply to client 'OK'
ptd-server 2022-07-28 17:35:39,285 [INFO] Got command from the client 'session,2022-07-28_17-14-14,stop,testing'
ptd-server 2022-07-28 17:35:49,296 [INFO] Sending to ptd: 'Stop'
ptd-server 2022-07-28 17:35:49,296 [INFO] Reply from ptd: 'Stopping untimed measurement'
ptd-server 2022-07-28 17:35:49,856 [INFO] Sending reply to client 'OK'
ptd-server 2022-07-28 17:35:49,877 [INFO] Got command from the client 'session,2022-07-28_17-14-14,done'
ptd-server 2022-07-28 17:35:49,878 [INFO] Sending to ptd: 'Stop'
ptd-server 2022-07-28 17:35:50,195 [INFO] Reply from ptd: 'Error: no measurement to stop'
ptd-server 2022-07-28 17:35:50,195 [INFO] Sending to ptd: 'SR,V,Auto'
ptd-server 2022-07-28 17:35:50,698 [INFO] Reply from ptd: 'Range V changed'
ptd-server 2022-07-28 17:35:50,698 [INFO] Sending to ptd: 'SR,A,0.500000'
ptd-server 2022-07-28 17:35:52,200 [INFO] Reply from ptd: 'Range A changed'
ptd-server 2022-07-28 17:35:52,200 [INFO] Set initial values for Amps 0.500000 and Volts Auto
ptd-server 2022-07-28 17:35:52,200 [INFO] Stopping ptd...
