ptd-server 2022-07-21 09:25:14,221 [INFO] Got command from the client 'time'
ptd-server 2022-07-21 09:25:14,221 [INFO] Sending reply to client '1658391914.2212198'
ptd-server 2022-07-21 09:25:14,222 [INFO] Got command from the client 'new,,f5230c51-7457-437c-8d71-d37b17aaf8e9'
ptd-server 2022-07-21 09:25:14,223 [INFO] Sending reply to client 'OK 2022-07-21_09-25-14,25f459c5-c27f-4791-b415-0cd11a9b5f35'
ptd-server 2022-07-21 09:25:14,250 [INFO] Got command from the client 'time'
ptd-server 2022-07-21 09:25:14,251 [INFO] Sending reply to client '1658391914.2511084'
ptd-server 2022-07-21 09:25:14,252 [INFO] Got command from the client 'session,2022-07-21_09-25-14,start,ranging'
ptd-server 2022-07-21 09:25:14,252 [INFO] Running PTDaemon: ['/home/anton/projects/mlperf/power/inference_v1.0/ptd-linux-x86', '-l', '/tmp/tmp7lgbo8s4/ptd_logfile.txt', '-p', '8888', '49', '/dev/usbtmc0']
ptd-server 2022-07-21 09:25:31,427 [INFO] Sending to ptd: 'Hello'
ptd-server 2022-07-21 09:25:31,427 [INFO] Reply from ptd: 'Hello, PTDaemon here!'
ptd-server 2022-07-21 09:25:31,427 [INFO] Sending to ptd: 'Identify'
ptd-server 2022-07-21 09:25:31,428 [INFO] Reply from ptd: 'YokogawaWT310E,1000,1,1,1,1,0,1,1,version=1.9.2-e8c7a49a-20201208,OS=Linux 5.13.0-52-generic #59~20.04.1-Ubuntu SMP Thu Jun 16 21:21:28 UTC 2022 x86_64,mode=power,1,1,1,0,0,no_cal_date,YOKOGAWA;WT310E;C3XA04010E;F1.04'
ptd-server 2022-07-21 09:25:31,428 [INFO] Connected to PTDaemon
ptd-server 2022-07-21 09:25:31,428 [INFO] Sending to ptd: 'RR'
ptd-server 2022-07-21 09:25:31,428 [INFO] Reply from ptd: 'Ranges,0,0.500000,1,300.000000'
ptd-server 2022-07-21 09:25:31,429 [INFO] Initial range for Amps is 0.500000 for Volts is Auto
ptd-server 2022-07-21 09:25:31,429 [INFO] Sending to ptd: 'SR,V,Auto'
ptd-server 2022-07-21 09:25:31,931 [INFO] Reply from ptd: 'Range V changed'
ptd-server 2022-07-21 09:25:31,931 [INFO] Sending to ptd: 'SR,A,Auto'
ptd-server 2022-07-21 09:25:32,434 [INFO] Reply from ptd: 'Range A changed'
ptd-server 2022-07-21 09:25:42,439 [INFO] Starting ranging mode
ptd-server 2022-07-21 09:25:42,439 [INFO] Sending to ptd: 'Go,1000,0,2022-07-21_09-25-14_ranging'
ptd-server 2022-07-21 09:25:42,440 [INFO] Reply from ptd: 'Starting untimed measurement, maximum 500000 samples at 1000ms with 0 rampup samples'
ptd-server 2022-07-21 09:25:42,440 [INFO] Sending reply to client 'OK'
ptd-server 2022-07-21 09:36:03,575 [INFO] Got command from the client 'session,2022-07-21_09-25-14,stop,ranging'
ptd-server 2022-07-21 09:36:13,585 [INFO] Sending to ptd: 'Stop'
ptd-server 2022-07-21 09:36:13,586 [INFO] Reply from ptd: 'Stopping untimed measurement'
ptd-server 2022-07-21 09:36:13,906 [INFO] Sending reply to client 'OK'
ptd-server 2022-07-21 09:36:13,945 [INFO] Got command from the client 'time'
ptd-server 2022-07-21 09:36:13,945 [INFO] Sending reply to client '1658392573.9457479'
ptd-server 2022-07-21 09:36:13,946 [INFO] Got command from the client 'session,2022-07-21_09-25-14,start,testing'
ptd-server 2022-07-21 09:36:13,947 [INFO] Sending to ptd: 'SR,V,250.410000'
ptd-server 2022-07-21 09:36:15,942 [INFO] Reply from ptd: 'Range V changed'
ptd-server 2022-07-21 09:36:15,942 [INFO] Sending to ptd: 'SR,A,0.072710'
ptd-server 2022-07-21 09:36:17,443 [INFO] Reply from ptd: 'Range A changed'
ptd-server 2022-07-21 09:36:27,454 [INFO] Starting testing mode
ptd-server 2022-07-21 09:36:27,454 [INFO] Sending to ptd: 'Go,1000,0,2022-07-21_09-25-14_testing'
ptd-server 2022-07-21 09:36:27,454 [INFO] Reply from ptd: 'Starting untimed measurement, maximum 500000 samples at 1000ms with 0 rampup samples'
ptd-server 2022-07-21 09:36:27,455 [INFO] Sending reply to client 'OK'
ptd-server 2022-07-21 09:46:48,493 [INFO] Got command from the client 'session,2022-07-21_09-25-14,stop,testing'
ptd-server 2022-07-21 09:46:58,504 [INFO] Sending to ptd: 'Stop'
ptd-server 2022-07-21 09:46:58,504 [INFO] Reply from ptd: 'Stopping untimed measurement'
ptd-server 2022-07-21 09:46:58,679 [INFO] Sending reply to client 'OK'
ptd-server 2022-07-21 09:46:58,687 [INFO] Got command from the client 'session,2022-07-21_09-25-14,done'
ptd-server 2022-07-21 09:46:58,687 [INFO] Sending to ptd: 'Stop'
ptd-server 2022-07-21 09:46:59,454 [INFO] Reply from ptd: 'Error: no measurement to stop'
ptd-server 2022-07-21 09:46:59,454 [INFO] Sending to ptd: 'SR,V,Auto'
ptd-server 2022-07-21 09:46:59,957 [INFO] Reply from ptd: 'Range V changed'
ptd-server 2022-07-21 09:46:59,957 [INFO] Sending to ptd: 'SR,A,0.500000'
ptd-server 2022-07-21 09:47:01,458 [INFO] Reply from ptd: 'Range A changed'
ptd-server 2022-07-21 09:47:01,458 [INFO] Set initial values for Amps 0.500000 and Volts Auto
ptd-server 2022-07-21 09:47:01,459 [INFO] Stopping ptd...
