ptd-server 2022-07-27 12:47:45,591 [INFO] Got command from the client 'time'
ptd-server 2022-07-27 12:47:45,592 [INFO] Sending reply to client '1658922465.5920584'
ptd-server 2022-07-27 12:47:45,596 [INFO] Got command from the client 'new,,1acef10a-58c3-4627-b2c9-9ebbe1e80c2e'
ptd-server 2022-07-27 12:47:45,596 [INFO] Sending reply to client 'OK 2022-07-27_12-47-45,78eaad8c-14ed-4515-9aba-f06de7498749'
ptd-server 2022-07-27 12:47:45,636 [INFO] Got command from the client 'time'
ptd-server 2022-07-27 12:47:45,637 [INFO] Sending reply to client '1658922465.6370869'
ptd-server 2022-07-27 12:47:45,641 [INFO] Got command from the client 'session,2022-07-27_12-47-45,start,ranging'
ptd-server 2022-07-27 12:47:45,641 [INFO] Running PTDaemon: ['/home/anton/projects/mlperf/power/inference_v1.0/ptd-linux-x86', '-l', '/tmp/tmp7lgbo8s4/ptd_logfile.txt', '-p', '8888', '49', '/dev/usbtmc0']
ptd-server 2022-07-27 12:48:02,815 [INFO] Sending to ptd: 'Hello'
ptd-server 2022-07-27 12:48:02,815 [INFO] Reply from ptd: 'Hello, PTDaemon here!'
ptd-server 2022-07-27 12:48:02,816 [INFO] Sending to ptd: 'Identify'
ptd-server 2022-07-27 12:48:02,816 [INFO] Reply from ptd: 'YokogawaWT310E,1000,1,1,1,1,0,1,1,version=1.9.2-e8c7a49a-20201208,OS=Linux 5.13.0-52-generic #59~20.04.1-Ubuntu SMP Thu Jun 16 21:21:28 UTC 2022 x86_64,mode=power,1,1,1,0,0,no_cal_date,YOKOGAWA;WT310E;C3XA04010E;F1.04'
ptd-server 2022-07-27 12:48:02,816 [INFO] Connected to PTDaemon
ptd-server 2022-07-27 12:48:02,816 [INFO] Sending to ptd: 'RR'
ptd-server 2022-07-27 12:48:02,816 [INFO] Reply from ptd: 'Ranges,0,0.500000,1,300.000000'
ptd-server 2022-07-27 12:48:02,817 [INFO] Initial range for Amps is 0.500000 for Volts is Auto
ptd-server 2022-07-27 12:48:02,817 [INFO] Sending to ptd: 'SR,V,Auto'
ptd-server 2022-07-27 12:48:03,319 [INFO] Reply from ptd: 'Range V changed'
ptd-server 2022-07-27 12:48:03,319 [INFO] Sending to ptd: 'SR,A,Auto'
ptd-server 2022-07-27 12:48:03,822 [INFO] Reply from ptd: 'Range A changed'
ptd-server 2022-07-27 12:48:13,832 [INFO] Starting ranging mode
ptd-server 2022-07-27 12:48:13,832 [INFO] Sending to ptd: 'Go,1000,0,2022-07-27_12-47-45_ranging'
ptd-server 2022-07-27 12:48:13,833 [INFO] Reply from ptd: 'Starting untimed measurement, maximum 500000 samples at 1000ms with 0 rampup samples'
ptd-server 2022-07-27 12:48:13,833 [INFO] Sending reply to client 'OK'
ptd-server 2022-07-27 12:58:28,892 [INFO] Got command from the client 'session,2022-07-27_12-47-45,stop,ranging'
ptd-server 2022-07-27 12:58:38,903 [INFO] Sending to ptd: 'Stop'
ptd-server 2022-07-27 12:58:38,903 [INFO] Reply from ptd: 'Stopping untimed measurement'
ptd-server 2022-07-27 12:58:39,853 [INFO] Sending reply to client 'OK'
ptd-server 2022-07-27 12:58:39,951 [INFO] Got command from the client 'time'
ptd-server 2022-07-27 12:58:39,951 [INFO] Sending reply to client '1658923119.9513361'
ptd-server 2022-07-27 12:58:39,958 [INFO] Got command from the client 'session,2022-07-27_12-47-45,start,testing'
ptd-server 2022-07-27 12:58:39,958 [INFO] Sending to ptd: 'SR,V,249.630000'
ptd-server 2022-07-27 12:58:41,460 [INFO] Reply from ptd: 'Range V changed'
ptd-server 2022-07-27 12:58:41,460 [INFO] Sending to ptd: 'SR,A,0.047070'
ptd-server 2022-07-27 12:58:42,961 [INFO] Reply from ptd: 'Range A changed'
ptd-server 2022-07-27 12:58:52,972 [INFO] Starting testing mode
ptd-server 2022-07-27 12:58:52,972 [INFO] Sending to ptd: 'Go,1000,0,2022-07-27_12-47-45_testing'
ptd-server 2022-07-27 12:58:52,972 [INFO] Reply from ptd: 'Starting untimed measurement, maximum 500000 samples at 1000ms with 0 rampup samples'
ptd-server 2022-07-27 12:58:52,972 [INFO] Sending reply to client 'OK'
ptd-server 2022-07-27 13:09:07,914 [INFO] Got command from the client 'session,2022-07-27_12-47-45,stop,testing'
ptd-server 2022-07-27 13:09:17,925 [INFO] Sending to ptd: 'Stop'
ptd-server 2022-07-27 13:09:17,925 [INFO] Reply from ptd: 'Stopping untimed measurement'
ptd-server 2022-07-27 13:09:18,414 [INFO] Sending reply to client 'OK'
ptd-server 2022-07-27 13:09:18,436 [INFO] Got command from the client 'session,2022-07-27_12-47-45,done'
ptd-server 2022-07-27 13:09:18,436 [INFO] Sending to ptd: 'Stop'
ptd-server 2022-07-27 13:09:18,436 [INFO] Reply from ptd: 'Error: no measurement to stop'
ptd-server 2022-07-27 13:09:18,437 [INFO] Sending to ptd: 'SR,V,Auto'
ptd-server 2022-07-27 13:09:18,939 [INFO] Reply from ptd: 'Range V changed'
ptd-server 2022-07-27 13:09:18,939 [INFO] Sending to ptd: 'SR,A,0.500000'
ptd-server 2022-07-27 13:09:20,441 [INFO] Reply from ptd: 'Range A changed'
ptd-server 2022-07-27 13:09:20,441 [INFO] Set initial values for Amps 0.500000 and Volts Auto
ptd-server 2022-07-27 13:09:20,441 [INFO] Stopping ptd...
