ptd-server 2022-08-01 01:01:25,456 [INFO] Got command from the client 'time'
ptd-server 2022-08-01 01:01:25,456 [INFO] Sending reply to client '1659312085.4568977'
ptd-server 2022-08-01 01:01:25,457 [INFO] Got command from the client 'new,,67a517d8-af88-4cbd-af54-43b957836634'
ptd-server 2022-08-01 01:01:25,458 [INFO] Sending reply to client 'OK 2022-08-01_01-01-25,59b0b8be-0c95-4889-a07b-ff9a99d191ef'
ptd-server 2022-08-01 01:01:25,486 [INFO] Got command from the client 'time'
ptd-server 2022-08-01 01:01:25,487 [INFO] Sending reply to client '1659312085.486988'
ptd-server 2022-08-01 01:01:25,487 [INFO] Got command from the client 'session,2022-08-01_01-01-25,start,ranging'
ptd-server 2022-08-01 01:01:25,488 [INFO] Running PTDaemon: ['/home/anton/projects/mlperf/power/inference_v1.0/ptd-linux-x86', '-l', '/tmp/tmp7lgbo8s4/ptd_logfile.txt', '-p', '8888', '49', '/dev/usbtmc0']
ptd-server 2022-08-01 01:01:42,661 [INFO] Sending to ptd: 'Hello'
ptd-server 2022-08-01 01:01:42,661 [INFO] Reply from ptd: 'Hello, PTDaemon here!'
ptd-server 2022-08-01 01:01:42,662 [INFO] Sending to ptd: 'Identify'
ptd-server 2022-08-01 01:01:42,662 [INFO] Reply from ptd: 'YokogawaWT310E,1000,1,1,1,1,0,1,1,version=1.9.2-e8c7a49a-20201208,OS=Linux 5.13.0-52-generic #59~20.04.1-Ubuntu SMP Thu Jun 16 21:21:28 UTC 2022 x86_64,mode=power,1,1,1,0,0,no_cal_date,YOKOGAWA;WT310E;C3XA04010E;F1.04'
ptd-server 2022-08-01 01:01:42,662 [INFO] Connected to PTDaemon
ptd-server 2022-08-01 01:01:42,662 [INFO] Sending to ptd: 'RR'
ptd-server 2022-08-01 01:01:42,662 [INFO] Reply from ptd: 'Ranges,0,0.500000,1,300.000000'
ptd-server 2022-08-01 01:01:42,663 [INFO] Initial range for Amps is 0.500000 for Volts is Auto
ptd-server 2022-08-01 01:01:42,663 [INFO] Sending to ptd: 'SR,V,Auto'
ptd-server 2022-08-01 01:01:43,165 [INFO] Reply from ptd: 'Range V changed'
ptd-server 2022-08-01 01:01:43,165 [INFO] Sending to ptd: 'SR,A,Auto'
ptd-server 2022-08-01 01:01:43,668 [INFO] Reply from ptd: 'Range A changed'
ptd-server 2022-08-01 01:01:53,675 [INFO] Starting ranging mode
ptd-server 2022-08-01 01:01:53,676 [INFO] Sending to ptd: 'Go,1000,0,2022-08-01_01-01-25_ranging'
ptd-server 2022-08-01 01:01:53,676 [INFO] Reply from ptd: 'Starting untimed measurement, maximum 500000 samples at 1000ms with 0 rampup samples'
ptd-server 2022-08-01 01:01:53,676 [INFO] Sending reply to client 'OK'
ptd-server 2022-08-01 01:12:11,632 [INFO] Got command from the client 'session,2022-08-01_01-01-25,stop,ranging'
ptd-server 2022-08-01 01:12:21,642 [INFO] Sending to ptd: 'Stop'
ptd-server 2022-08-01 01:12:21,643 [INFO] Reply from ptd: 'Stopping untimed measurement'
ptd-server 2022-08-01 01:12:22,964 [INFO] Sending reply to client 'OK'
ptd-server 2022-08-01 01:12:23,013 [INFO] Got command from the client 'time'
ptd-server 2022-08-01 01:12:23,013 [INFO] Sending reply to client '1659312743.013372'
ptd-server 2022-08-01 01:12:23,014 [INFO] Got command from the client 'session,2022-08-01_01-01-25,start,testing'
ptd-server 2022-08-01 01:12:23,014 [INFO] Sending to ptd: 'SR,V,252.730000'
ptd-server 2022-08-01 01:12:24,516 [INFO] Reply from ptd: 'Range V changed'
ptd-server 2022-08-01 01:12:24,516 [INFO] Sending to ptd: 'SR,A,0.244520'
ptd-server 2022-08-01 01:12:26,017 [INFO] Reply from ptd: 'Range A changed'
ptd-server 2022-08-01 01:12:36,028 [INFO] Starting testing mode
ptd-server 2022-08-01 01:12:36,028 [INFO] Sending to ptd: 'Go,1000,0,2022-08-01_01-01-25_testing'
ptd-server 2022-08-01 01:12:36,028 [INFO] Reply from ptd: 'Starting untimed measurement, maximum 500000 samples at 1000ms with 0 rampup samples'
ptd-server 2022-08-01 01:12:36,028 [INFO] Sending reply to client 'OK'
ptd-server 2022-08-01 01:22:50,196 [INFO] Got command from the client 'session,2022-08-01_01-01-25,stop,testing'
ptd-server 2022-08-01 01:23:00,199 [INFO] Sending to ptd: 'Stop'
ptd-server 2022-08-01 01:23:00,200 [INFO] Reply from ptd: 'Stopping untimed measurement'
ptd-server 2022-08-01 01:23:00,887 [INFO] Sending reply to client 'OK'
ptd-server 2022-08-01 01:23:00,899 [INFO] Got command from the client 'session,2022-08-01_01-01-25,done'
ptd-server 2022-08-01 01:23:00,899 [INFO] Sending to ptd: 'Stop'
ptd-server 2022-08-01 01:23:01,028 [INFO] Reply from ptd: 'Error: no measurement to stop'
ptd-server 2022-08-01 01:23:01,028 [INFO] Sending to ptd: 'SR,V,Auto'
ptd-server 2022-08-01 01:23:01,531 [INFO] Reply from ptd: 'Range V changed'
ptd-server 2022-08-01 01:23:01,531 [INFO] Sending to ptd: 'SR,A,0.500000'
ptd-server 2022-08-01 01:23:03,032 [INFO] Reply from ptd: 'Range A changed'
ptd-server 2022-08-01 01:23:03,033 [INFO] Set initial values for Amps 0.500000 and Volts Auto
ptd-server 2022-08-01 01:23:03,033 [INFO] Stopping ptd...
