ptd-server 2022-07-20 17:01:16,450 [INFO] Got command from the client 'time'
ptd-server 2022-07-20 17:01:16,450 [INFO] Sending reply to client '1658332876.4508092'
ptd-server 2022-07-20 17:01:16,455 [INFO] Got command from the client 'new,,d40d82be-ab65-430d-88ab-968645c9414c'
ptd-server 2022-07-20 17:01:16,455 [INFO] Sending reply to client 'OK 2022-07-20_17-01-16,a7740af5-0a6a-412e-8388-43bbac28a512'
ptd-server 2022-07-20 17:01:16,497 [INFO] Got command from the client 'time'
ptd-server 2022-07-20 17:01:16,497 [INFO] Sending reply to client '1658332876.4978235'
ptd-server 2022-07-20 17:01:16,504 [INFO] Got command from the client 'session,2022-07-20_17-01-16,start,ranging'
ptd-server 2022-07-20 17:01:16,504 [INFO] Running PTDaemon: ['/home/anton/projects/mlperf/power/inference_v1.0/ptd-linux-x86', '-l', '/tmp/tmp7lgbo8s4/ptd_logfile.txt', '-p', '8888', '49', '/dev/usbtmc0']
ptd-server 2022-07-20 17:01:33,678 [INFO] Sending to ptd: 'Hello'
ptd-server 2022-07-20 17:01:33,679 [INFO] Reply from ptd: 'Hello, PTDaemon here!'
ptd-server 2022-07-20 17:01:33,679 [INFO] Sending to ptd: 'Identify'
ptd-server 2022-07-20 17:01:33,679 [INFO] Reply from ptd: 'YokogawaWT310E,1000,1,1,1,1,0,1,1,version=1.9.2-e8c7a49a-20201208,OS=Linux 5.13.0-52-generic #59~20.04.1-Ubuntu SMP Thu Jun 16 21:21:28 UTC 2022 x86_64,mode=power,1,1,1,0,0,no_cal_date,YOKOGAWA;WT310E;C3XA04010E;F1.04'
ptd-server 2022-07-20 17:01:33,680 [INFO] Connected to PTDaemon
ptd-server 2022-07-20 17:01:33,680 [INFO] Sending to ptd: 'RR'
ptd-server 2022-07-20 17:01:33,680 [INFO] Reply from ptd: 'Ranges,0,0.500000,1,300.000000'
ptd-server 2022-07-20 17:01:33,680 [INFO] Initial range for Amps is 0.500000 for Volts is Auto
ptd-server 2022-07-20 17:01:33,680 [INFO] Sending to ptd: 'SR,V,Auto'
ptd-server 2022-07-20 17:01:34,183 [INFO] Reply from ptd: 'Range V changed'
ptd-server 2022-07-20 17:01:34,183 [INFO] Sending to ptd: 'SR,A,Auto'
ptd-server 2022-07-20 17:01:34,686 [INFO] Reply from ptd: 'Range A changed'
ptd-server 2022-07-20 17:01:44,696 [INFO] Starting ranging mode
ptd-server 2022-07-20 17:01:44,696 [INFO] Sending to ptd: 'Go,1000,0,2022-07-20_17-01-16_ranging'
ptd-server 2022-07-20 17:01:44,696 [INFO] Reply from ptd: 'Starting untimed measurement, maximum 500000 samples at 1000ms with 0 rampup samples'
ptd-server 2022-07-20 17:01:44,697 [INFO] Sending reply to client 'OK'
ptd-server 2022-07-20 17:12:03,260 [INFO] Got command from the client 'session,2022-07-20_17-01-16,stop,ranging'
ptd-server 2022-07-20 17:12:13,271 [INFO] Sending to ptd: 'Stop'
ptd-server 2022-07-20 17:12:13,271 [INFO] Reply from ptd: 'Stopping untimed measurement'
ptd-server 2022-07-20 17:12:13,506 [INFO] Sending reply to client 'OK'
ptd-server 2022-07-20 17:12:13,566 [INFO] Got command from the client 'time'
ptd-server 2022-07-20 17:12:13,566 [INFO] Sending reply to client '1658333533.566449'
ptd-server 2022-07-20 17:12:13,573 [INFO] Got command from the client 'session,2022-07-20_17-01-16,start,testing'
ptd-server 2022-07-20 17:12:13,573 [INFO] Sending to ptd: 'SR,V,249.870000'
ptd-server 2022-07-20 17:12:15,197 [INFO] Reply from ptd: 'Range V changed'
ptd-server 2022-07-20 17:12:15,197 [INFO] Sending to ptd: 'SR,A,0.076600'
ptd-server 2022-07-20 17:12:16,699 [INFO] Reply from ptd: 'Range A changed'
ptd-server 2022-07-20 17:12:26,709 [INFO] Starting testing mode
ptd-server 2022-07-20 17:12:26,709 [INFO] Sending to ptd: 'Go,1000,0,2022-07-20_17-01-16_testing'
ptd-server 2022-07-20 17:12:26,710 [INFO] Reply from ptd: 'Starting untimed measurement, maximum 500000 samples at 1000ms with 0 rampup samples'
ptd-server 2022-07-20 17:12:26,710 [INFO] Sending reply to client 'OK'
ptd-server 2022-07-20 17:22:45,045 [INFO] Got command from the client 'session,2022-07-20_17-01-16,stop,testing'
ptd-server 2022-07-20 17:22:55,055 [INFO] Sending to ptd: 'Stop'
ptd-server 2022-07-20 17:22:55,056 [INFO] Reply from ptd: 'Stopping untimed measurement'
ptd-server 2022-07-20 17:22:55,195 [INFO] Sending reply to client 'OK'
ptd-server 2022-07-20 17:22:55,220 [INFO] Got command from the client 'session,2022-07-20_17-01-16,done'
ptd-server 2022-07-20 17:22:55,220 [INFO] Sending to ptd: 'Stop'
ptd-server 2022-07-20 17:22:55,711 [INFO] Reply from ptd: 'Error: no measurement to stop'
ptd-server 2022-07-20 17:22:55,711 [INFO] Sending to ptd: 'SR,V,Auto'
ptd-server 2022-07-20 17:22:56,213 [INFO] Reply from ptd: 'Range V changed'
ptd-server 2022-07-20 17:22:56,214 [INFO] Sending to ptd: 'SR,A,0.500000'
ptd-server 2022-07-20 17:22:57,715 [INFO] Reply from ptd: 'Range A changed'
ptd-server 2022-07-20 17:22:57,715 [INFO] Set initial values for Amps 0.500000 and Volts Auto
ptd-server 2022-07-20 17:22:57,715 [INFO] Stopping ptd...
