ptd-server 2022-08-02 06:49:52,821 [INFO] Got command from the client 'time'
ptd-server 2022-08-02 06:49:52,822 [INFO] Sending reply to client '1659419392.8220167'
ptd-server 2022-08-02 06:49:52,822 [INFO] Got command from the client 'new,,3c43f8f3-0fee-4434-b926-603a1a414645'
ptd-server 2022-08-02 06:49:52,823 [INFO] Sending reply to client 'OK 2022-08-02_06-49-52,2735b606-061f-4317-ae3c-3d873ab0fb11'
ptd-server 2022-08-02 06:49:52,851 [INFO] Got command from the client 'time'
ptd-server 2022-08-02 06:49:52,852 [INFO] Sending reply to client '1659419392.8519826'
ptd-server 2022-08-02 06:49:52,852 [INFO] Got command from the client 'session,2022-08-02_06-49-52,start,ranging'
ptd-server 2022-08-02 06:49:52,853 [INFO] Running PTDaemon: ['/home/anton/projects/mlperf/power/inference_v1.0/ptd-linux-x86', '-l', '/tmp/tmp7lgbo8s4/ptd_logfile.txt', '-p', '8888', '49', '/dev/usbtmc0']
ptd-server 2022-08-02 06:50:10,028 [INFO] Sending to ptd: 'Hello'
ptd-server 2022-08-02 06:50:10,029 [INFO] Reply from ptd: 'Hello, PTDaemon here!'
ptd-server 2022-08-02 06:50:10,029 [INFO] Sending to ptd: 'Identify'
ptd-server 2022-08-02 06:50:10,029 [INFO] Reply from ptd: 'YokogawaWT310E,1000,1,1,1,1,0,1,1,version=1.9.2-e8c7a49a-20201208,OS=Linux 5.13.0-52-generic #59~20.04.1-Ubuntu SMP Thu Jun 16 21:21:28 UTC 2022 x86_64,mode=power,1,1,1,0,0,no_cal_date,YOKOGAWA;WT310E;C3XA04010E;F1.04'
ptd-server 2022-08-02 06:50:10,029 [INFO] Connected to PTDaemon
ptd-server 2022-08-02 06:50:10,029 [INFO] Sending to ptd: 'RR'
ptd-server 2022-08-02 06:50:10,030 [INFO] Reply from ptd: 'Ranges,0,0.500000,1,300.000000'
ptd-server 2022-08-02 06:50:10,030 [INFO] Initial range for Amps is 0.500000 for Volts is Auto
ptd-server 2022-08-02 06:50:10,030 [INFO] Sending to ptd: 'SR,V,Auto'
ptd-server 2022-08-02 06:50:10,533 [INFO] Reply from ptd: 'Range V changed'
ptd-server 2022-08-02 06:50:10,533 [INFO] Sending to ptd: 'SR,A,Auto'
ptd-server 2022-08-02 06:50:11,035 [INFO] Reply from ptd: 'Range A changed'
ptd-server 2022-08-02 06:50:21,046 [INFO] Starting ranging mode
ptd-server 2022-08-02 06:50:21,046 [INFO] Sending to ptd: 'Go,1000,0,2022-08-02_06-49-52_ranging'
ptd-server 2022-08-02 06:50:21,046 [INFO] Reply from ptd: 'Starting untimed measurement, maximum 500000 samples at 1000ms with 0 rampup samples'
ptd-server 2022-08-02 06:50:21,046 [INFO] Sending reply to client 'OK'
ptd-server 2022-08-02 07:00:32,609 [INFO] Got command from the client 'session,2022-08-02_06-49-52,stop,ranging'
ptd-server 2022-08-02 07:00:42,619 [INFO] Sending to ptd: 'Stop'
ptd-server 2022-08-02 07:00:42,620 [INFO] Reply from ptd: 'Stopping untimed measurement'
ptd-server 2022-08-02 07:00:44,114 [INFO] Sending reply to client 'OK'
ptd-server 2022-08-02 07:00:44,158 [INFO] Got command from the client 'time'
ptd-server 2022-08-02 07:00:44,159 [INFO] Sending reply to client '1659420044.1590576'
ptd-server 2022-08-02 07:00:44,160 [INFO] Got command from the client 'session,2022-08-02_06-49-52,start,testing'
ptd-server 2022-08-02 07:00:44,160 [INFO] Sending to ptd: 'SR,V,251.330000'
ptd-server 2022-08-02 07:00:45,662 [INFO] Reply from ptd: 'Range V changed'
ptd-server 2022-08-02 07:00:45,662 [INFO] Sending to ptd: 'SR,A,0.192740'
ptd-server 2022-08-02 07:00:47,163 [INFO] Reply from ptd: 'Range A changed'
ptd-server 2022-08-02 07:00:57,173 [INFO] Starting testing mode
ptd-server 2022-08-02 07:00:57,174 [INFO] Sending to ptd: 'Go,1000,0,2022-08-02_06-49-52_testing'
ptd-server 2022-08-02 07:00:57,174 [INFO] Reply from ptd: 'Starting untimed measurement, maximum 500000 samples at 1000ms with 0 rampup samples'
ptd-server 2022-08-02 07:00:57,174 [INFO] Sending reply to client 'OK'
ptd-server 2022-08-02 07:11:08,716 [INFO] Got command from the client 'session,2022-08-02_06-49-52,stop,testing'
ptd-server 2022-08-02 07:11:18,727 [INFO] Sending to ptd: 'Stop'
ptd-server 2022-08-02 07:11:18,727 [INFO] Reply from ptd: 'Stopping untimed measurement'
ptd-server 2022-08-02 07:11:19,474 [INFO] Sending reply to client 'OK'
ptd-server 2022-08-02 07:11:19,488 [INFO] Got command from the client 'session,2022-08-02_06-49-52,done'
ptd-server 2022-08-02 07:11:19,488 [INFO] Sending to ptd: 'Stop'
ptd-server 2022-08-02 07:11:19,489 [INFO] Reply from ptd: 'Error: no measurement to stop'
ptd-server 2022-08-02 07:11:19,489 [INFO] Sending to ptd: 'SR,V,Auto'
ptd-server 2022-08-02 07:11:19,991 [INFO] Reply from ptd: 'Range V changed'
ptd-server 2022-08-02 07:11:19,991 [INFO] Sending to ptd: 'SR,A,0.500000'
ptd-server 2022-08-02 07:11:21,493 [INFO] Reply from ptd: 'Range A changed'
ptd-server 2022-08-02 07:11:21,493 [INFO] Set initial values for Amps 0.500000 and Volts Auto
ptd-server 2022-08-02 07:11:21,493 [INFO] Stopping ptd...
