ptd-server 2022-07-30 12:21:48,547 [INFO] Got command from the client 'time'
ptd-server 2022-07-30 12:21:48,547 [INFO] Sending reply to client '1659201708.5478575'
ptd-server 2022-07-30 12:21:48,548 [INFO] Got command from the client 'new,,4893bfb9-ba7e-4a3d-9711-1bbb74558e39'
ptd-server 2022-07-30 12:21:48,549 [INFO] Sending reply to client 'OK 2022-07-30_12-21-48,accf4db5-159d-4b14-afd2-fa6661329bd3'
ptd-server 2022-07-30 12:21:48,632 [INFO] Got command from the client 'time'
ptd-server 2022-07-30 12:21:48,632 [INFO] Sending reply to client '1659201708.6324086'
ptd-server 2022-07-30 12:21:48,633 [INFO] Got command from the client 'session,2022-07-30_12-21-48,start,ranging'
ptd-server 2022-07-30 12:21:48,633 [INFO] Running PTDaemon: ['/local/mnt/workspace/mlcommons/power-main/inference_v1.0/ptd-linux-x86', '-l', '/tmp/tmp3rup6cv3/ptd_logfile.txt', '-p', '8888', '-c', '3', '52', '/dev/usbtmc0']
ptd-server 2022-07-30 12:22:05,759 [INFO] Sending to ptd: 'Hello'
ptd-server 2022-07-30 12:22:05,760 [INFO] Reply from ptd: 'Hello, PTDaemon here!'
ptd-server 2022-07-30 12:22:05,760 [INFO] Sending to ptd: 'Identify'
ptd-server 2022-07-30 12:22:05,761 [INFO] Reply from ptd: 'YokogawaWT330E,1000,1,1,1,1,0,0,1,version=1.9.2-e8c7a49a-20201208,OS=Linux 5.4.0-105-generic #119~18.04.1-Ubuntu SMP Tue Mar 8 11:21:24 UTC 2022 x86_64,mode=power,1,1,1,0,0,no_cal_date,YOKOGAWA;WT333E;C2XC17005V;F1.04'
ptd-server 2022-07-30 12:22:05,761 [INFO] Connected to PTDaemon
ptd-server 2022-07-30 12:22:05,761 [INFO] Sending to ptd: 'RR'
ptd-server 2022-07-30 12:22:05,761 [INFO] Reply from ptd: 'Ranges,0,1.000000,0,150.000000'
ptd-server 2022-07-30 12:22:05,762 [INFO] Initial range for Amps is 1.000000 for Volts is 150.000000
ptd-server 2022-07-30 12:22:05,762 [INFO] Sending to ptd: 'SR,V,Auto'
ptd-server 2022-07-30 12:22:06,265 [INFO] Reply from ptd: 'Range V changed'
ptd-server 2022-07-30 12:22:06,266 [INFO] Sending to ptd: 'SR,A,Auto'
ptd-server 2022-07-30 12:22:06,769 [INFO] Reply from ptd: 'Range A changed'
ptd-server 2022-07-30 12:22:16,779 [INFO] Starting ranging mode
ptd-server 2022-07-30 12:22:16,780 [INFO] Sending to ptd: 'Go,1000,0,2022-07-30_12-21-48_ranging'
ptd-server 2022-07-30 12:22:16,780 [INFO] Reply from ptd: 'Starting untimed measurement, maximum 500000 samples at 1000ms with 0 rampup samples'
ptd-server 2022-07-30 12:22:16,781 [INFO] Sending reply to client 'OK'
ptd-server 2022-07-30 12:32:35,219 [INFO] Got command from the client 'session,2022-07-30_12-21-48,stop,ranging'
ptd-server 2022-07-30 12:32:45,229 [INFO] Sending to ptd: 'Stop'
ptd-server 2022-07-30 12:32:45,230 [INFO] Reply from ptd: 'Stopping untimed measurement'
ptd-server 2022-07-30 12:32:45,244 [INFO] Sending reply to client 'OK'
ptd-server 2022-07-30 12:32:45,358 [INFO] Got command from the client 'time'
ptd-server 2022-07-30 12:32:45,358 [INFO] Sending reply to client '1659202365.3588428'
ptd-server 2022-07-30 12:32:45,360 [INFO] Got command from the client 'session,2022-07-30_12-21-48,start,testing'
ptd-server 2022-07-30 12:32:45,360 [INFO] Sending to ptd: 'SR,V,119.890000'
ptd-server 2022-07-30 12:32:47,283 [INFO] Reply from ptd: 'Range V changed'
ptd-server 2022-07-30 12:32:47,283 [INFO] Sending to ptd: 'SR,A,0.229900'
ptd-server 2022-07-30 12:32:48,786 [INFO] Reply from ptd: 'Range A changed'
ptd-server 2022-07-30 12:32:58,797 [INFO] Starting testing mode
ptd-server 2022-07-30 12:32:58,797 [INFO] Sending to ptd: 'Go,1000,0,2022-07-30_12-21-48_testing'
ptd-server 2022-07-30 12:32:58,797 [INFO] Reply from ptd: 'Starting untimed measurement, maximum 500000 samples at 1000ms with 0 rampup samples'
ptd-server 2022-07-30 12:32:58,798 [INFO] Sending reply to client 'OK'
ptd-server 2022-07-30 12:43:17,465 [INFO] Got command from the client 'session,2022-07-30_12-21-48,stop,testing'
ptd-server 2022-07-30 12:43:27,476 [INFO] Sending to ptd: 'Stop'
ptd-server 2022-07-30 12:43:27,477 [INFO] Reply from ptd: 'Stopping untimed measurement'
ptd-server 2022-07-30 12:43:27,484 [INFO] Sending reply to client 'OK'
ptd-server 2022-07-30 12:43:27,492 [INFO] Got command from the client 'session,2022-07-30_12-21-48,done'
ptd-server 2022-07-30 12:43:27,492 [INFO] Sending to ptd: 'Stop'
ptd-server 2022-07-30 12:43:27,798 [INFO] Reply from ptd: 'Error: no measurement to stop'
ptd-server 2022-07-30 12:43:27,799 [INFO] Sending to ptd: 'SR,V,150.000000'
ptd-server 2022-07-30 12:43:29,301 [INFO] Reply from ptd: 'Range V changed'
ptd-server 2022-07-30 12:43:29,301 [INFO] Sending to ptd: 'SR,A,1.000000'
ptd-server 2022-07-30 12:43:30,803 [INFO] Reply from ptd: 'Range A changed'
ptd-server 2022-07-30 12:43:30,803 [INFO] Set initial values for Amps 1.000000 and Volts 150.000000
ptd-server 2022-07-30 12:43:30,804 [INFO] Stopping ptd...
