ptd-server 2022-07-22 22:19:26,390 [INFO] Got command from the client 'time'
ptd-server 2022-07-22 22:19:26,390 [INFO] Sending reply to client '1658524766.3906453'
ptd-server 2022-07-22 22:19:26,391 [INFO] Got command from the client 'new,,5e1c6600-ec99-4132-8ffd-065664e15ca7'
ptd-server 2022-07-22 22:19:26,392 [INFO] Sending reply to client 'OK 2022-07-22_22-19-26,310aa1e6-45de-4847-88e8-117aaa202994'
ptd-server 2022-07-22 22:19:26,430 [INFO] Got command from the client 'time'
ptd-server 2022-07-22 22:19:26,430 [INFO] Sending reply to client '1658524766.430638'
ptd-server 2022-07-22 22:19:26,431 [INFO] Got command from the client 'session,2022-07-22_22-19-26,start,ranging'
ptd-server 2022-07-22 22:19:26,432 [INFO] Running PTDaemon: ['/home/anton/projects/mlperf/power/inference_v1.0/ptd-linux-x86', '-l', '/tmp/tmp7lgbo8s4/ptd_logfile.txt', '-p', '8888', '49', '/dev/usbtmc0']
ptd-server 2022-07-22 22:19:43,605 [INFO] Sending to ptd: 'Hello'
ptd-server 2022-07-22 22:19:43,606 [INFO] Reply from ptd: 'Hello, PTDaemon here!'
ptd-server 2022-07-22 22:19:43,606 [INFO] Sending to ptd: 'Identify'
ptd-server 2022-07-22 22:19:43,607 [INFO] Reply from ptd: 'YokogawaWT310E,1000,1,1,1,1,0,1,1,version=1.9.2-e8c7a49a-20201208,OS=Linux 5.13.0-52-generic #59~20.04.1-Ubuntu SMP Thu Jun 16 21:21:28 UTC 2022 x86_64,mode=power,1,1,1,0,0,no_cal_date,YOKOGAWA;WT310E;C3XA04010E;F1.04'
ptd-server 2022-07-22 22:19:43,607 [INFO] Connected to PTDaemon
ptd-server 2022-07-22 22:19:43,607 [INFO] Sending to ptd: 'RR'
ptd-server 2022-07-22 22:19:43,607 [INFO] Reply from ptd: 'Ranges,0,0.500000,1,300.000000'
ptd-server 2022-07-22 22:19:43,607 [INFO] Initial range for Amps is 0.500000 for Volts is Auto
ptd-server 2022-07-22 22:19:43,607 [INFO] Sending to ptd: 'SR,V,Auto'
ptd-server 2022-07-22 22:19:44,110 [INFO] Reply from ptd: 'Range V changed'
ptd-server 2022-07-22 22:19:44,110 [INFO] Sending to ptd: 'SR,A,Auto'
ptd-server 2022-07-22 22:19:44,613 [INFO] Reply from ptd: 'Range A changed'
ptd-server 2022-07-22 22:19:54,623 [INFO] Starting ranging mode
ptd-server 2022-07-22 22:19:54,623 [INFO] Sending to ptd: 'Go,1000,0,2022-07-22_22-19-26_ranging'
ptd-server 2022-07-22 22:19:54,623 [INFO] Reply from ptd: 'Starting untimed measurement, maximum 500000 samples at 1000ms with 0 rampup samples'
ptd-server 2022-07-22 22:19:54,624 [INFO] Sending reply to client 'OK'
ptd-server 2022-07-22 22:30:11,068 [INFO] Got command from the client 'session,2022-07-22_22-19-26,stop,ranging'
ptd-server 2022-07-22 22:30:21,078 [INFO] Sending to ptd: 'Stop'
ptd-server 2022-07-22 22:30:21,079 [INFO] Reply from ptd: 'Stopping untimed measurement'
ptd-server 2022-07-22 22:30:21,561 [INFO] Sending reply to client 'OK'
ptd-server 2022-07-22 22:30:21,616 [INFO] Got command from the client 'time'
ptd-server 2022-07-22 22:30:21,616 [INFO] Sending reply to client '1658525421.616683'
ptd-server 2022-07-22 22:30:21,617 [INFO] Got command from the client 'session,2022-07-22_22-19-26,start,testing'
ptd-server 2022-07-22 22:30:21,618 [INFO] Sending to ptd: 'SR,V,250.950000'
ptd-server 2022-07-22 22:30:23,126 [INFO] Reply from ptd: 'Range V changed'
ptd-server 2022-07-22 22:30:23,126 [INFO] Sending to ptd: 'SR,A,0.057820'
ptd-server 2022-07-22 22:30:24,627 [INFO] Reply from ptd: 'Range A changed'
ptd-server 2022-07-22 22:30:34,638 [INFO] Starting testing mode
ptd-server 2022-07-22 22:30:34,638 [INFO] Sending to ptd: 'Go,1000,0,2022-07-22_22-19-26_testing'
ptd-server 2022-07-22 22:30:34,638 [INFO] Reply from ptd: 'Starting untimed measurement, maximum 500000 samples at 1000ms with 0 rampup samples'
ptd-server 2022-07-22 22:30:34,638 [INFO] Sending reply to client 'OK'
ptd-server 2022-07-22 22:40:51,051 [INFO] Got command from the client 'session,2022-07-22_22-19-26,stop,testing'
ptd-server 2022-07-22 22:41:01,062 [INFO] Sending to ptd: 'Stop'
ptd-server 2022-07-22 22:41:01,062 [INFO] Reply from ptd: 'Stopping untimed measurement'
ptd-server 2022-07-22 22:41:01,316 [INFO] Sending reply to client 'OK'
ptd-server 2022-07-22 22:41:01,324 [INFO] Got command from the client 'session,2022-07-22_22-19-26,done'
ptd-server 2022-07-22 22:41:01,324 [INFO] Sending to ptd: 'Stop'
ptd-server 2022-07-22 22:41:01,639 [INFO] Reply from ptd: 'Error: no measurement to stop'
ptd-server 2022-07-22 22:41:01,639 [INFO] Sending to ptd: 'SR,V,Auto'
ptd-server 2022-07-22 22:41:02,141 [INFO] Reply from ptd: 'Range V changed'
ptd-server 2022-07-22 22:41:02,141 [INFO] Sending to ptd: 'SR,A,0.500000'
ptd-server 2022-07-22 22:41:03,643 [INFO] Reply from ptd: 'Range A changed'
ptd-server 2022-07-22 22:41:03,643 [INFO] Set initial values for Amps 0.500000 and Volts Auto
ptd-server 2022-07-22 22:41:03,643 [INFO] Stopping ptd...
