client 2022-07-26 08:18:16,414 [INFO] Sending command to the server: 'mlcommons/power client v3'
client 2022-07-26 08:18:16,415 [INFO] Got response: 'mlcommons/power server v3'
client 2022-07-26 08:18:16,416 [INFO] Synchronizing with the server and with time.google.com...
client 2022-07-26 08:18:16,453 [INFO] NTP:offset = -0.007 s, delay = 0.027 s 
client 2022-07-26 08:18:16,454 [INFO] Sending command to the server: 'time'
client 2022-07-26 08:18:16,455 [INFO] Got response: '1658819896.449889'
client 2022-07-26 08:18:16,456 [INFO] The time difference between the client and the server is within range 4.500 ms..6.387 ms
client 2022-07-26 08:18:16,456 [INFO] Sending command to the server: 'new,,c7a00502-e8d2-45ad-9c5a-f7fb9a7afa9c'
client 2022-07-26 08:18:16,458 [INFO] Got response: 'OK 2022-07-26_08-18-16,d88fc5a6-8eea-41f1-8586-63f11f537e7e'
client 2022-07-26 08:18:16,459 [INFO] Session id is '2022-07-26_08-18-16'
client 2022-07-26 08:18:16,460 [INFO] Sources: {"sources": {"__init__.py": "da39a3ee5e6b4b0d3255bfef95601890afd80709", "client.py": "33ca4f26368777ac06e01f9567b714a4b8063886", "lib/__init__.py": "da39a3ee5e6b4b0d3255bfef95601890afd80709", "lib/client.py": "4c2b78fb4849a7e5b584ef792d82aaed20b17f57", "lib/common.py": "624d0c0acc7c39aaff3674f0b99d6a09da53d1dc", "lib/external/__init__.py": "da39a3ee5e6b4b0d3255bfef95601890afd80709", "lib/external/ntplib.py": "4da8f970656505a40483206ef2b5d3dd5e81711d", "lib/server.py": "cda0cdfaee9bfa1249c64a7dd4f89b7bf1b279f0", "lib/source_hashes.py": "60a2e02193209e8d392803326208d5466342da18", "lib/summary.py": "aa92f0a3f975eecd44d3c0cd0236342ccc9f941d", "lib/time_sync.py": "3210db56eb0ff0df57bf4293dc4d4b03fffd46f1", "server.py": "c3f90f2f7eeb4db30727556d0c815ebc89b3d28b", "tests/unit/__init__.py": "da39a3ee5e6b4b0d3255bfef95601890afd80709", "tests/unit/test_server.py": "99ae15aef722f2000ee6ed1ae1523637bf1ae42b", "tests/unit/test_source_hashes.py": "00468a2907583c593e6574a1f6b404e4651c221a"}, "modules": {"ptd_client_server.lib.client": "lib/client.py", "ptd_client_server.lib.common": "lib/common.py", "ptd_client_server.lib.external.ntplib": "lib/external/ntplib.py", "ptd_client_server.lib.source_hashes": "lib/source_hashes.py", "ptd_client_server.lib.summary": "lib/summary.py", "ptd_client_server.lib.time_sync": "lib/time_sync.py"}}
client 2022-07-26 08:18:16,461 [INFO] Running workload in ranging mode
client 2022-07-26 08:18:16,461 [INFO] Synchronizing with the server and with time.google.com...
client 2022-07-26 08:18:16,493 [INFO] NTP:offset = -0.006 s, delay = 0.026 s 
client 2022-07-26 08:18:16,494 [INFO] Sending command to the server: 'time'
client 2022-07-26 08:18:16,495 [INFO] Got response: '1658819896.489891'
client 2022-07-26 08:18:16,496 [INFO] The time difference between the client and the server is within range 4.476 ms..6.356 ms
client 2022-07-26 08:18:16,496 [INFO] Sending command to the server: 'session,2022-07-26_08-18-16,start,ranging'
client 2022-07-26 08:18:44,690 [INFO] Got response: 'OK'
client 2022-07-26 08:18:44,691 [INFO] Running the workload 'ck benchmark program:image-classification-armnn-tflite-loadgen --env.CK_SILENT_MODE=YES --skip_print_timers --dep_add_tags.compiler=gcc,v11 --dep_add_tags.python=v3 --dep_add_tags.mlperf-inference-src=r2.1 --dep_add_tags.weights=resnet50 --dep_add_tags.images=crop.875,preprocessed,using-opencv --dep_add_tags.library=armnn,rel.22.05,neon --env.CK_LOADGEN_DATASET_SIZE=1024 --env.USE_NEON=1 --env.USE_OPENCL=0 --env.CK_LOADGEN_MODE=PerformanceOnly --env.CK_LOADGEN_SCENARIO=SingleStream --env.CK_LOADGEN_TARGET_LATENCY=330 --skip_stat_analysis --process_multi_keys --repetitions=1 --record --record_repo=local --record_uoa=mlperf_v2.1-closed-rpi4-armnn-v22.05-neon-resnet50-singlestream-performance-target_latency.330-power.workload --tags=mlperf,round.v2.1,division.closed,task.image-classification,platform.rpi4,scenario.singlestream,mode.performance,workload.resnet50,preprocessed_using.opencv,inference_engine.armnn,inference_engine_version.v22.05,inference_engine_backend.neon,target_latency.330,power.workload "@@@{\'meta\': {\'ck_benchmark_program\': \'ck benchmark program:image-classification-armnn-tflite-loadgen --env.CK_SILENT_MODE=YES --skip_print_timers --dep_add_tags.compiler=gcc,v11 --dep_add_tags.python=v3 --dep_add_tags.mlperf-inference-src=r2.1 --dep_add_tags.weights=resnet50 --dep_add_tags.images=crop.875,preprocessed,using-opencv --dep_add_tags.library=armnn,rel.22.05,neon --env.CK_LOADGEN_DATASET_SIZE=1024 --env.USE_NEON=1 --env.USE_OPENCL=0 --env.CK_LOADGEN_MODE=PerformanceOnly --env.CK_LOADGEN_SCENARIO=SingleStream --env.CK_LOADGEN_TARGET_LATENCY=330 --skip_stat_analysis --process_multi_keys --repetitions=1 --record --record_repo=local --record_uoa=mlperf_v2.1-closed-rpi4-armnn-v22.05-neon-resnet50-singlestream-performance-target_latency.330-power.workload --tags=mlperf,round.v2.1,division.closed,task.image-classification,platform.rpi4,scenario.singlestream,mode.performance,workload.resnet50,preprocessed_using.opencv,inference_engine.armnn,inference_engine_version.v22.05,inference_engine_backend.neon,target_latency.330,power.workload\'}}" && cat `ck find program:image-classification-armnn-tflite-loadgen`/tmp/mlperf_log_summary.txt && mkdir -p "$CK_MLPERF_POWER_CLIENT_LOADGEN_LOGS" && cp "$CK_MLPERF_POWER_CLIENT_LOADGEN_LOGS"/../mlperf_log_* "$CK_MLPERF_POWER_CLIENT_LOADGEN_LOGS"/'
client 2022-07-26 08:29:13,804 [INFO] Sending command to the server: 'session,2022-07-26_08-18-16,stop,ranging'
client 2022-07-26 08:29:24,665 [INFO] Got response: 'OK'
client 2022-07-26 08:29:24,687 [INFO] Copying loadgen logs from '/home/yvan/CK/ck-mlperf/program/image-classification-armnn-tflite-loadgen/tmp/loadgen_logs' to '/home/yvan/CK/ck-mlperf/program/mlperf-power-client/tmp/2022-07-26_08-18-16/ranging'
client 2022-07-26 08:29:24,689 [INFO] Running workload in testing mode
client 2022-07-26 08:29:24,690 [INFO] Synchronizing with the server and with time.google.com...
client 2022-07-26 08:29:24,722 [INFO] NTP:offset = -0.008 s, delay = 0.029 s 
client 2022-07-26 08:29:24,723 [INFO] Sending command to the server: 'time'
client 2022-07-26 08:29:24,724 [INFO] Got response: '1658820564.7158787'
client 2022-07-26 08:29:24,725 [INFO] The time difference between the client and the server is within range 7.368 ms..9.285 ms
client 2022-07-26 08:29:24,725 [INFO] Sending command to the server: 'session,2022-07-26_08-18-16,start,testing'
client 2022-07-26 08:29:37,741 [INFO] Got response: 'OK'
client 2022-07-26 08:29:37,741 [INFO] Running the workload 'ck benchmark program:image-classification-armnn-tflite-loadgen --env.CK_SILENT_MODE=YES --skip_print_timers --dep_add_tags.compiler=gcc,v11 --dep_add_tags.python=v3 --dep_add_tags.mlperf-inference-src=r2.1 --dep_add_tags.weights=resnet50 --dep_add_tags.images=crop.875,preprocessed,using-opencv --dep_add_tags.library=armnn,rel.22.05,neon --env.CK_LOADGEN_DATASET_SIZE=1024 --env.USE_NEON=1 --env.USE_OPENCL=0 --env.CK_LOADGEN_MODE=PerformanceOnly --env.CK_LOADGEN_SCENARIO=SingleStream --env.CK_LOADGEN_TARGET_LATENCY=330 --skip_stat_analysis --process_multi_keys --repetitions=1 --record --record_repo=local --record_uoa=mlperf_v2.1-closed-rpi4-armnn-v22.05-neon-resnet50-singlestream-performance-target_latency.330-power.workload --tags=mlperf,round.v2.1,division.closed,task.image-classification,platform.rpi4,scenario.singlestream,mode.performance,workload.resnet50,preprocessed_using.opencv,inference_engine.armnn,inference_engine_version.v22.05,inference_engine_backend.neon,target_latency.330,power.workload "@@@{\'meta\': {\'ck_benchmark_program\': \'ck benchmark program:image-classification-armnn-tflite-loadgen --env.CK_SILENT_MODE=YES --skip_print_timers --dep_add_tags.compiler=gcc,v11 --dep_add_tags.python=v3 --dep_add_tags.mlperf-inference-src=r2.1 --dep_add_tags.weights=resnet50 --dep_add_tags.images=crop.875,preprocessed,using-opencv --dep_add_tags.library=armnn,rel.22.05,neon --env.CK_LOADGEN_DATASET_SIZE=1024 --env.USE_NEON=1 --env.USE_OPENCL=0 --env.CK_LOADGEN_MODE=PerformanceOnly --env.CK_LOADGEN_SCENARIO=SingleStream --env.CK_LOADGEN_TARGET_LATENCY=330 --skip_stat_analysis --process_multi_keys --repetitions=1 --record --record_repo=local --record_uoa=mlperf_v2.1-closed-rpi4-armnn-v22.05-neon-resnet50-singlestream-performance-target_latency.330-power.workload --tags=mlperf,round.v2.1,division.closed,task.image-classification,platform.rpi4,scenario.singlestream,mode.performance,workload.resnet50,preprocessed_using.opencv,inference_engine.armnn,inference_engine_version.v22.05,inference_engine_backend.neon,target_latency.330,power.workload\'}}" && cat `ck find program:image-classification-armnn-tflite-loadgen`/tmp/mlperf_log_summary.txt && mkdir -p "$CK_MLPERF_POWER_CLIENT_LOADGEN_LOGS" && cp "$CK_MLPERF_POWER_CLIENT_LOADGEN_LOGS"/../mlperf_log_* "$CK_MLPERF_POWER_CLIENT_LOADGEN_LOGS"/'
client 2022-07-26 08:40:06,276 [INFO] Sending command to the server: 'session,2022-07-26_08-18-16,stop,testing'
client 2022-07-26 08:40:16,729 [INFO] Got response: 'OK'
client 2022-07-26 08:40:16,736 [INFO] Copying loadgen logs from '/home/yvan/CK/ck-mlperf/program/image-classification-armnn-tflite-loadgen/tmp/loadgen_logs' to '/home/yvan/CK/ck-mlperf/program/mlperf-power-client/tmp/2022-07-26_08-18-16/run_1'
client 2022-07-26 08:40:16,742 [INFO] Done runs
