ptd-server 2022-07-31 06:10:27,516 [INFO] Got command from the client 'time'
ptd-server 2022-07-31 06:10:27,516 [INFO] Sending reply to client '1659244227.5169435'
ptd-server 2022-07-31 06:10:27,517 [INFO] Got command from the client 'new,,113e9eb2-2271-4005-ab49-14dd902848bf'
ptd-server 2022-07-31 06:10:27,518 [INFO] Sending reply to client 'OK 2022-07-31_06-10-27,a7c8b0e2-842e-4ac1-a8d5-fb1caf3f3915'
ptd-server 2022-07-31 06:10:27,547 [INFO] Got command from the client 'time'
ptd-server 2022-07-31 06:10:27,547 [INFO] Sending reply to client '1659244227.5472193'
ptd-server 2022-07-31 06:10:27,548 [INFO] Got command from the client 'session,2022-07-31_06-10-27,start,ranging'
ptd-server 2022-07-31 06:10:27,548 [INFO] Running PTDaemon: ['/home/anton/projects/mlperf/power/inference_v1.0/ptd-linux-x86', '-l', '/tmp/tmp7lgbo8s4/ptd_logfile.txt', '-p', '8888', '49', '/dev/usbtmc0']
ptd-server 2022-07-31 06:10:44,721 [INFO] Sending to ptd: 'Hello'
ptd-server 2022-07-31 06:10:44,722 [INFO] Reply from ptd: 'Hello, PTDaemon here!'
ptd-server 2022-07-31 06:10:44,722 [INFO] Sending to ptd: 'Identify'
ptd-server 2022-07-31 06:10:44,723 [INFO] Reply from ptd: 'YokogawaWT310E,1000,1,1,1,1,0,1,1,version=1.9.2-e8c7a49a-20201208,OS=Linux 5.13.0-52-generic #59~20.04.1-Ubuntu SMP Thu Jun 16 21:21:28 UTC 2022 x86_64,mode=power,1,1,1,0,0,no_cal_date,YOKOGAWA;WT310E;C3XA04010E;F1.04'
ptd-server 2022-07-31 06:10:44,723 [INFO] Connected to PTDaemon
ptd-server 2022-07-31 06:10:44,723 [INFO] Sending to ptd: 'RR'
ptd-server 2022-07-31 06:10:44,723 [INFO] Reply from ptd: 'Ranges,0,0.500000,1,300.000000'
ptd-server 2022-07-31 06:10:44,723 [INFO] Initial range for Amps is 0.500000 for Volts is Auto
ptd-server 2022-07-31 06:10:44,723 [INFO] Sending to ptd: 'SR,V,Auto'
ptd-server 2022-07-31 06:10:45,226 [INFO] Reply from ptd: 'Range V changed'
ptd-server 2022-07-31 06:10:45,226 [INFO] Sending to ptd: 'SR,A,Auto'
ptd-server 2022-07-31 06:10:45,728 [INFO] Reply from ptd: 'Range A changed'
ptd-server 2022-07-31 06:10:55,739 [INFO] Starting ranging mode
ptd-server 2022-07-31 06:10:55,739 [INFO] Sending to ptd: 'Go,1000,0,2022-07-31_06-10-27_ranging'
ptd-server 2022-07-31 06:10:55,739 [INFO] Reply from ptd: 'Starting untimed measurement, maximum 500000 samples at 1000ms with 0 rampup samples'
ptd-server 2022-07-31 06:10:55,740 [INFO] Sending reply to client 'OK'
ptd-server 2022-07-31 06:21:13,949 [INFO] Got command from the client 'session,2022-07-31_06-10-27,stop,ranging'
ptd-server 2022-07-31 06:21:23,959 [INFO] Sending to ptd: 'Stop'
ptd-server 2022-07-31 06:21:23,959 [INFO] Reply from ptd: 'Stopping untimed measurement'
ptd-server 2022-07-31 06:21:25,231 [INFO] Sending reply to client 'OK'
ptd-server 2022-07-31 06:21:25,282 [INFO] Got command from the client 'time'
ptd-server 2022-07-31 06:21:25,283 [INFO] Sending reply to client '1659244885.282978'
ptd-server 2022-07-31 06:21:25,284 [INFO] Got command from the client 'session,2022-07-31_06-10-27,start,testing'
ptd-server 2022-07-31 06:21:25,284 [INFO] Sending to ptd: 'SR,V,249.530000'
ptd-server 2022-07-31 06:21:26,785 [INFO] Reply from ptd: 'Range V changed'
ptd-server 2022-07-31 06:21:26,786 [INFO] Sending to ptd: 'SR,A,0.219690'
ptd-server 2022-07-31 06:21:28,287 [INFO] Reply from ptd: 'Range A changed'
ptd-server 2022-07-31 06:21:38,297 [INFO] Starting testing mode
ptd-server 2022-07-31 06:21:38,297 [INFO] Sending to ptd: 'Go,1000,0,2022-07-31_06-10-27_testing'
ptd-server 2022-07-31 06:21:38,298 [INFO] Reply from ptd: 'Starting untimed measurement, maximum 500000 samples at 1000ms with 0 rampup samples'
ptd-server 2022-07-31 06:21:38,298 [INFO] Sending reply to client 'OK'
ptd-server 2022-07-31 06:31:49,703 [INFO] Got command from the client 'session,2022-07-31_06-10-27,stop,testing'
ptd-server 2022-07-31 06:31:59,713 [INFO] Sending to ptd: 'Stop'
ptd-server 2022-07-31 06:31:59,714 [INFO] Reply from ptd: 'Stopping untimed measurement'
ptd-server 2022-07-31 06:32:00,352 [INFO] Sending reply to client 'OK'
ptd-server 2022-07-31 06:32:00,377 [INFO] Got command from the client 'session,2022-07-31_06-10-27,done'
ptd-server 2022-07-31 06:32:00,377 [INFO] Sending to ptd: 'Stop'
ptd-server 2022-07-31 06:32:00,377 [INFO] Reply from ptd: 'Error: no measurement to stop'
ptd-server 2022-07-31 06:32:00,378 [INFO] Sending to ptd: 'SR,V,Auto'
ptd-server 2022-07-31 06:32:00,880 [INFO] Reply from ptd: 'Range V changed'
ptd-server 2022-07-31 06:32:00,880 [INFO] Sending to ptd: 'SR,A,0.500000'
ptd-server 2022-07-31 06:32:02,382 [INFO] Reply from ptd: 'Range A changed'
ptd-server 2022-07-31 06:32:02,382 [INFO] Set initial values for Amps 0.500000 and Volts Auto
ptd-server 2022-07-31 06:32:02,382 [INFO] Stopping ptd...
