ptd-server 2022-07-22 05:10:21,195 [INFO] Got command from the client 'time'
ptd-server 2022-07-22 05:10:21,195 [INFO] Sending reply to client '1658463021.1959066'
ptd-server 2022-07-22 05:10:21,196 [INFO] Got command from the client 'new,,0044ef6a-129e-4f77-bfa5-e6f173638854'
ptd-server 2022-07-22 05:10:21,197 [INFO] Sending reply to client 'OK 2022-07-22_05-10-21,afa5d037-9322-4392-9670-13893cfe7fd7'
ptd-server 2022-07-22 05:10:21,225 [INFO] Got command from the client 'time'
ptd-server 2022-07-22 05:10:21,225 [INFO] Sending reply to client '1658463021.2259338'
ptd-server 2022-07-22 05:10:21,226 [INFO] Got command from the client 'session,2022-07-22_05-10-21,start,ranging'
ptd-server 2022-07-22 05:10:21,227 [INFO] Running PTDaemon: ['/home/anton/projects/mlperf/power/inference_v1.0/ptd-linux-x86', '-l', '/tmp/tmp7lgbo8s4/ptd_logfile.txt', '-p', '8888', '49', '/dev/usbtmc0']
ptd-server 2022-07-22 05:10:38,400 [INFO] Sending to ptd: 'Hello'
ptd-server 2022-07-22 05:10:38,401 [INFO] Reply from ptd: 'Hello, PTDaemon here!'
ptd-server 2022-07-22 05:10:38,401 [INFO] Sending to ptd: 'Identify'
ptd-server 2022-07-22 05:10:38,401 [INFO] Reply from ptd: 'YokogawaWT310E,1000,1,1,1,1,0,1,1,version=1.9.2-e8c7a49a-20201208,OS=Linux 5.13.0-52-generic #59~20.04.1-Ubuntu SMP Thu Jun 16 21:21:28 UTC 2022 x86_64,mode=power,1,1,1,0,0,no_cal_date,YOKOGAWA;WT310E;C3XA04010E;F1.04'
ptd-server 2022-07-22 05:10:38,402 [INFO] Connected to PTDaemon
ptd-server 2022-07-22 05:10:38,402 [INFO] Sending to ptd: 'RR'
ptd-server 2022-07-22 05:10:38,402 [INFO] Reply from ptd: 'Ranges,0,0.500000,1,300.000000'
ptd-server 2022-07-22 05:10:38,402 [INFO] Initial range for Amps is 0.500000 for Volts is Auto
ptd-server 2022-07-22 05:10:38,402 [INFO] Sending to ptd: 'SR,V,Auto'
ptd-server 2022-07-22 05:10:38,905 [INFO] Reply from ptd: 'Range V changed'
ptd-server 2022-07-22 05:10:38,905 [INFO] Sending to ptd: 'SR,A,Auto'
ptd-server 2022-07-22 05:10:39,407 [INFO] Reply from ptd: 'Range A changed'
ptd-server 2022-07-22 05:10:49,418 [INFO] Starting ranging mode
ptd-server 2022-07-22 05:10:49,418 [INFO] Sending to ptd: 'Go,1000,0,2022-07-22_05-10-21_ranging'
ptd-server 2022-07-22 05:10:49,418 [INFO] Reply from ptd: 'Starting untimed measurement, maximum 500000 samples at 1000ms with 0 rampup samples'
ptd-server 2022-07-22 05:10:49,418 [INFO] Sending reply to client 'OK'
ptd-server 2022-07-22 05:21:11,483 [INFO] Got command from the client 'session,2022-07-22_05-10-21,stop,ranging'
ptd-server 2022-07-22 05:21:21,493 [INFO] Sending to ptd: 'Stop'
ptd-server 2022-07-22 05:21:21,494 [INFO] Reply from ptd: 'Stopping untimed measurement'
ptd-server 2022-07-22 05:21:21,904 [INFO] Sending reply to client 'OK'
ptd-server 2022-07-22 05:21:21,946 [INFO] Got command from the client 'time'
ptd-server 2022-07-22 05:21:21,946 [INFO] Sending reply to client '1658463681.9465163'
ptd-server 2022-07-22 05:21:21,947 [INFO] Got command from the client 'session,2022-07-22_05-10-21,start,testing'
ptd-server 2022-07-22 05:21:21,947 [INFO] Sending to ptd: 'SR,V,249.680000'
ptd-server 2022-07-22 05:21:23,919 [INFO] Reply from ptd: 'Range V changed'
ptd-server 2022-07-22 05:21:23,919 [INFO] Sending to ptd: 'SR,A,0.069870'
ptd-server 2022-07-22 05:21:25,421 [INFO] Reply from ptd: 'Range A changed'
ptd-server 2022-07-22 05:21:35,431 [INFO] Starting testing mode
ptd-server 2022-07-22 05:21:35,431 [INFO] Sending to ptd: 'Go,1000,0,2022-07-22_05-10-21_testing'
ptd-server 2022-07-22 05:21:35,432 [INFO] Reply from ptd: 'Starting untimed measurement, maximum 500000 samples at 1000ms with 0 rampup samples'
ptd-server 2022-07-22 05:21:35,432 [INFO] Sending reply to client 'OK'
ptd-server 2022-07-22 05:31:56,441 [INFO] Got command from the client 'session,2022-07-22_05-10-21,stop,testing'
ptd-server 2022-07-22 05:32:06,451 [INFO] Sending to ptd: 'Stop'
ptd-server 2022-07-22 05:32:06,452 [INFO] Reply from ptd: 'Stopping untimed measurement'
ptd-server 2022-07-22 05:32:06,675 [INFO] Sending reply to client 'OK'
ptd-server 2022-07-22 05:32:06,683 [INFO] Got command from the client 'session,2022-07-22_05-10-21,done'
ptd-server 2022-07-22 05:32:06,683 [INFO] Sending to ptd: 'Stop'
ptd-server 2022-07-22 05:32:07,432 [INFO] Reply from ptd: 'Error: no measurement to stop'
ptd-server 2022-07-22 05:32:07,432 [INFO] Sending to ptd: 'SR,V,Auto'
ptd-server 2022-07-22 05:32:07,935 [INFO] Reply from ptd: 'Range V changed'
ptd-server 2022-07-22 05:32:07,935 [INFO] Sending to ptd: 'SR,A,0.500000'
ptd-server 2022-07-22 05:32:09,436 [INFO] Reply from ptd: 'Range A changed'
ptd-server 2022-07-22 05:32:09,436 [INFO] Set initial values for Amps 0.500000 and Volts Auto
ptd-server 2022-07-22 05:32:09,436 [INFO] Stopping ptd...
