ptd-server 2022-07-23 14:31:02,715 [INFO] Got command from the client 'time'
ptd-server 2022-07-23 14:31:02,715 [INFO] Sending reply to client '1658583062.7159593'
ptd-server 2022-07-23 14:31:02,717 [INFO] Got command from the client 'new,,0ec77f5e-af53-40bb-843a-259449dbbc08'
ptd-server 2022-07-23 14:31:02,717 [INFO] Sending reply to client 'OK 2022-07-23_14-31-02,490d421d-9496-4a74-b381-3ad7652e445a'
ptd-server 2022-07-23 14:31:02,747 [INFO] Got command from the client 'time'
ptd-server 2022-07-23 14:31:02,747 [INFO] Sending reply to client '1658583062.7472627'
ptd-server 2022-07-23 14:31:02,748 [INFO] Got command from the client 'session,2022-07-23_14-31-02,start,ranging'
ptd-server 2022-07-23 14:31:02,748 [INFO] Running PTDaemon: ['/home/anton/projects/mlperf/power/inference_v1.0/ptd-linux-x86', '-l', '/tmp/tmp7lgbo8s4/ptd_logfile.txt', '-p', '8888', '49', '/dev/usbtmc0']
ptd-server 2022-07-23 14:31:19,923 [INFO] Sending to ptd: 'Hello'
ptd-server 2022-07-23 14:31:19,923 [INFO] Reply from ptd: 'Hello, PTDaemon here!'
ptd-server 2022-07-23 14:31:19,924 [INFO] Sending to ptd: 'Identify'
ptd-server 2022-07-23 14:31:19,924 [INFO] Reply from ptd: 'YokogawaWT310E,1000,1,1,1,1,0,1,1,version=1.9.2-e8c7a49a-20201208,OS=Linux 5.13.0-52-generic #59~20.04.1-Ubuntu SMP Thu Jun 16 21:21:28 UTC 2022 x86_64,mode=power,1,1,1,0,0,no_cal_date,YOKOGAWA;WT310E;C3XA04010E;F1.04'
ptd-server 2022-07-23 14:31:19,924 [INFO] Connected to PTDaemon
ptd-server 2022-07-23 14:31:19,924 [INFO] Sending to ptd: 'RR'
ptd-server 2022-07-23 14:31:19,925 [INFO] Reply from ptd: 'Ranges,0,0.500000,1,300.000000'
ptd-server 2022-07-23 14:31:19,925 [INFO] Initial range for Amps is 0.500000 for Volts is Auto
ptd-server 2022-07-23 14:31:19,925 [INFO] Sending to ptd: 'SR,V,Auto'
ptd-server 2022-07-23 14:31:20,427 [INFO] Reply from ptd: 'Range V changed'
ptd-server 2022-07-23 14:31:20,428 [INFO] Sending to ptd: 'SR,A,Auto'
ptd-server 2022-07-23 14:31:20,930 [INFO] Reply from ptd: 'Range A changed'
ptd-server 2022-07-23 14:31:30,939 [INFO] Starting ranging mode
ptd-server 2022-07-23 14:31:30,939 [INFO] Sending to ptd: 'Go,1000,0,2022-07-23_14-31-02_ranging'
ptd-server 2022-07-23 14:31:30,940 [INFO] Reply from ptd: 'Starting untimed measurement, maximum 500000 samples at 1000ms with 0 rampup samples'
ptd-server 2022-07-23 14:31:30,940 [INFO] Sending reply to client 'OK'
ptd-server 2022-07-23 14:41:47,532 [INFO] Got command from the client 'session,2022-07-23_14-31-02,stop,ranging'
ptd-server 2022-07-23 14:41:57,542 [INFO] Sending to ptd: 'Stop'
ptd-server 2022-07-23 14:41:57,543 [INFO] Reply from ptd: 'Stopping untimed measurement'
ptd-server 2022-07-23 14:41:58,115 [INFO] Sending reply to client 'OK'
ptd-server 2022-07-23 14:41:58,178 [INFO] Got command from the client 'time'
ptd-server 2022-07-23 14:41:58,178 [INFO] Sending reply to client '1658583718.178193'
ptd-server 2022-07-23 14:41:58,179 [INFO] Got command from the client 'session,2022-07-23_14-31-02,start,testing'
ptd-server 2022-07-23 14:41:58,179 [INFO] Sending to ptd: 'SR,V,250.730000'
ptd-server 2022-07-23 14:41:59,680 [INFO] Reply from ptd: 'Range V changed'
ptd-server 2022-07-23 14:41:59,681 [INFO] Sending to ptd: 'SR,A,0.064040'
ptd-server 2022-07-23 14:42:01,182 [INFO] Reply from ptd: 'Range A changed'
ptd-server 2022-07-23 14:42:11,192 [INFO] Starting testing mode
ptd-server 2022-07-23 14:42:11,192 [INFO] Sending to ptd: 'Go,1000,0,2022-07-23_14-31-02_testing'
ptd-server 2022-07-23 14:42:11,193 [INFO] Reply from ptd: 'Starting untimed measurement, maximum 500000 samples at 1000ms with 0 rampup samples'
ptd-server 2022-07-23 14:42:11,193 [INFO] Sending reply to client 'OK'
ptd-server 2022-07-23 14:52:27,718 [INFO] Got command from the client 'session,2022-07-23_14-31-02,stop,testing'
ptd-server 2022-07-23 14:52:37,728 [INFO] Sending to ptd: 'Stop'
ptd-server 2022-07-23 14:52:37,729 [INFO] Reply from ptd: 'Stopping untimed measurement'
ptd-server 2022-07-23 14:52:38,028 [INFO] Sending reply to client 'OK'
ptd-server 2022-07-23 14:52:38,036 [INFO] Got command from the client 'session,2022-07-23_14-31-02,done'
ptd-server 2022-07-23 14:52:38,036 [INFO] Sending to ptd: 'Stop'
ptd-server 2022-07-23 14:52:38,194 [INFO] Reply from ptd: 'Error: no measurement to stop'
ptd-server 2022-07-23 14:52:38,194 [INFO] Sending to ptd: 'SR,V,Auto'
ptd-server 2022-07-23 14:52:38,697 [INFO] Reply from ptd: 'Range V changed'
ptd-server 2022-07-23 14:52:38,697 [INFO] Sending to ptd: 'SR,A,0.500000'
ptd-server 2022-07-23 14:52:40,198 [INFO] Reply from ptd: 'Range A changed'
ptd-server 2022-07-23 14:52:40,198 [INFO] Set initial values for Amps 0.500000 and Volts Auto
ptd-server 2022-07-23 14:52:40,199 [INFO] Stopping ptd...
