ptd-server 2022-08-01 12:17:27,379 [INFO] Got command from the client 'time'
ptd-server 2022-08-01 12:17:27,379 [INFO] Sending reply to client '1659352647.3796012'
ptd-server 2022-08-01 12:17:27,380 [INFO] Got command from the client 'new,,54e81bc6-8754-47b5-b3a8-48b9c83217ec'
ptd-server 2022-08-01 12:17:27,380 [INFO] Sending reply to client 'OK 2022-08-01_12-17-27,691dcf95-8be8-48b8-ba8b-2e58d217cc77'
ptd-server 2022-08-01 12:17:27,409 [INFO] Got command from the client 'time'
ptd-server 2022-08-01 12:17:27,409 [INFO] Sending reply to client '1659352647.4093928'
ptd-server 2022-08-01 12:17:27,410 [INFO] Got command from the client 'session,2022-08-01_12-17-27,start,ranging'
ptd-server 2022-08-01 12:17:27,410 [INFO] Running PTDaemon: ['/home/anton/projects/mlperf/power/inference_v1.0/ptd-linux-x86', '-l', '/tmp/tmp7lgbo8s4/ptd_logfile.txt', '-p', '8888', '49', '/dev/usbtmc0']
ptd-server 2022-08-01 12:17:44,583 [INFO] Sending to ptd: 'Hello'
ptd-server 2022-08-01 12:17:44,583 [INFO] Reply from ptd: 'Hello, PTDaemon here!'
ptd-server 2022-08-01 12:17:44,583 [INFO] Sending to ptd: 'Identify'
ptd-server 2022-08-01 12:17:44,584 [INFO] Reply from ptd: 'YokogawaWT310E,1000,1,1,1,1,0,1,1,version=1.9.2-e8c7a49a-20201208,OS=Linux 5.13.0-52-generic #59~20.04.1-Ubuntu SMP Thu Jun 16 21:21:28 UTC 2022 x86_64,mode=power,1,1,1,0,0,no_cal_date,YOKOGAWA;WT310E;C3XA04010E;F1.04'
ptd-server 2022-08-01 12:17:44,584 [INFO] Connected to PTDaemon
ptd-server 2022-08-01 12:17:44,584 [INFO] Sending to ptd: 'RR'
ptd-server 2022-08-01 12:17:44,584 [INFO] Reply from ptd: 'Ranges,0,0.500000,1,300.000000'
ptd-server 2022-08-01 12:17:44,584 [INFO] Initial range for Amps is 0.500000 for Volts is Auto
ptd-server 2022-08-01 12:17:44,585 [INFO] Sending to ptd: 'SR,V,Auto'
ptd-server 2022-08-01 12:17:45,087 [INFO] Reply from ptd: 'Range V changed'
ptd-server 2022-08-01 12:17:45,087 [INFO] Sending to ptd: 'SR,A,Auto'
ptd-server 2022-08-01 12:17:45,590 [INFO] Reply from ptd: 'Range A changed'
ptd-server 2022-08-01 12:17:55,600 [INFO] Starting ranging mode
ptd-server 2022-08-01 12:17:55,600 [INFO] Sending to ptd: 'Go,1000,0,2022-08-01_12-17-27_ranging'
ptd-server 2022-08-01 12:17:55,601 [INFO] Reply from ptd: 'Starting untimed measurement, maximum 500000 samples at 1000ms with 0 rampup samples'
ptd-server 2022-08-01 12:17:55,601 [INFO] Sending reply to client 'OK'
ptd-server 2022-08-01 12:28:13,924 [INFO] Got command from the client 'session,2022-08-01_12-17-27,stop,ranging'
ptd-server 2022-08-01 12:28:23,934 [INFO] Sending to ptd: 'Stop'
ptd-server 2022-08-01 12:28:23,935 [INFO] Reply from ptd: 'Stopping untimed measurement'
ptd-server 2022-08-01 12:28:25,309 [INFO] Sending reply to client 'OK'
ptd-server 2022-08-01 12:28:25,365 [INFO] Got command from the client 'time'
ptd-server 2022-08-01 12:28:25,366 [INFO] Sending reply to client '1659353305.3659844'
ptd-server 2022-08-01 12:28:25,367 [INFO] Got command from the client 'session,2022-08-01_12-17-27,start,testing'
ptd-server 2022-08-01 12:28:25,367 [INFO] Sending to ptd: 'SR,V,250.330000'
ptd-server 2022-08-01 12:28:26,868 [INFO] Reply from ptd: 'Range V changed'
ptd-server 2022-08-01 12:28:26,869 [INFO] Sending to ptd: 'SR,A,0.260690'
ptd-server 2022-08-01 12:28:28,370 [INFO] Reply from ptd: 'Range A changed'
ptd-server 2022-08-01 12:28:38,380 [INFO] Starting testing mode
ptd-server 2022-08-01 12:28:38,381 [INFO] Sending to ptd: 'Go,1000,0,2022-08-01_12-17-27_testing'
ptd-server 2022-08-01 12:28:38,381 [INFO] Reply from ptd: 'Starting untimed measurement, maximum 500000 samples at 1000ms with 0 rampup samples'
ptd-server 2022-08-01 12:28:38,381 [INFO] Sending reply to client 'OK'
ptd-server 2022-08-01 12:38:52,375 [INFO] Got command from the client 'session,2022-08-01_12-17-27,stop,testing'
ptd-server 2022-08-01 12:39:02,381 [INFO] Sending to ptd: 'Stop'
ptd-server 2022-08-01 12:39:02,382 [INFO] Reply from ptd: 'Stopping untimed measurement'
ptd-server 2022-08-01 12:39:03,119 [INFO] Sending reply to client 'OK'
ptd-server 2022-08-01 12:39:03,130 [INFO] Got command from the client 'session,2022-08-01_12-17-27,done'
ptd-server 2022-08-01 12:39:03,131 [INFO] Sending to ptd: 'Stop'
ptd-server 2022-08-01 12:39:03,381 [INFO] Reply from ptd: 'Error: no measurement to stop'
ptd-server 2022-08-01 12:39:03,382 [INFO] Sending to ptd: 'SR,V,Auto'
ptd-server 2022-08-01 12:39:03,884 [INFO] Reply from ptd: 'Range V changed'
ptd-server 2022-08-01 12:39:03,884 [INFO] Sending to ptd: 'SR,A,0.500000'
ptd-server 2022-08-01 12:39:05,386 [INFO] Reply from ptd: 'Range A changed'
ptd-server 2022-08-01 12:39:05,386 [INFO] Set initial values for Amps 0.500000 and Volts Auto
ptd-server 2022-08-01 12:39:05,386 [INFO] Stopping ptd...
