ptd-server 2022-07-19 02:44:36,697 [INFO] Got command from the client 'time'
ptd-server 2022-07-19 02:44:36,697 [INFO] Sending reply to client '1658195076.6977074'
ptd-server 2022-07-19 02:44:36,701 [INFO] Got command from the client 'new,,0a63844e-1a55-47dd-9022-f6a19bb01488'
ptd-server 2022-07-19 02:44:36,702 [INFO] Sending reply to client 'OK 2022-07-19_02-44-36,29cc5ae9-5317-48ef-8606-1c96e1c01552'
ptd-server 2022-07-19 02:44:36,739 [INFO] Got command from the client 'time'
ptd-server 2022-07-19 02:44:36,740 [INFO] Sending reply to client '1658195076.7400093'
ptd-server 2022-07-19 02:44:36,743 [INFO] Got command from the client 'session,2022-07-19_02-44-36,start,ranging'
ptd-server 2022-07-19 02:44:36,743 [INFO] Running PTDaemon: ['/home/anton/projects/mlperf/power/inference_v1.0/ptd-linux-x86', '-l', '/tmp/tmp7lgbo8s4/ptd_logfile.txt', '-p', '8888', '49', '/dev/usbtmc0']
ptd-server 2022-07-19 02:44:53,917 [INFO] Sending to ptd: 'Hello'
ptd-server 2022-07-19 02:44:53,918 [INFO] Reply from ptd: 'Hello, PTDaemon here!'
ptd-server 2022-07-19 02:44:53,918 [INFO] Sending to ptd: 'Identify'
ptd-server 2022-07-19 02:44:53,919 [INFO] Reply from ptd: 'YokogawaWT310E,1000,1,1,1,1,0,1,1,version=1.9.2-e8c7a49a-20201208,OS=Linux 5.13.0-52-generic #59~20.04.1-Ubuntu SMP Thu Jun 16 21:21:28 UTC 2022 x86_64,mode=power,1,1,1,0,0,no_cal_date,YOKOGAWA;WT310E;C3XA04010E;F1.04'
ptd-server 2022-07-19 02:44:53,919 [INFO] Connected to PTDaemon
ptd-server 2022-07-19 02:44:53,919 [INFO] Sending to ptd: 'RR'
ptd-server 2022-07-19 02:44:53,919 [INFO] Reply from ptd: 'Ranges,0,0.500000,1,300.000000'
ptd-server 2022-07-19 02:44:53,919 [INFO] Initial range for Amps is 0.500000 for Volts is Auto
ptd-server 2022-07-19 02:44:53,919 [INFO] Sending to ptd: 'SR,V,Auto'
ptd-server 2022-07-19 02:44:54,422 [INFO] Reply from ptd: 'Range V changed'
ptd-server 2022-07-19 02:44:54,422 [INFO] Sending to ptd: 'SR,A,Auto'
ptd-server 2022-07-19 02:44:54,925 [INFO] Reply from ptd: 'Range A changed'
ptd-server 2022-07-19 02:45:04,935 [INFO] Starting ranging mode
ptd-server 2022-07-19 02:45:04,935 [INFO] Sending to ptd: 'Go,1000,0,2022-07-19_02-44-36_ranging'
ptd-server 2022-07-19 02:45:04,935 [INFO] Reply from ptd: 'Starting untimed measurement, maximum 500000 samples at 1000ms with 0 rampup samples'
ptd-server 2022-07-19 02:45:04,936 [INFO] Sending reply to client 'OK'
ptd-server 2022-07-19 02:55:22,328 [INFO] Got command from the client 'session,2022-07-19_02-44-36,stop,ranging'
ptd-server 2022-07-19 02:55:32,336 [INFO] Sending to ptd: 'Stop'
ptd-server 2022-07-19 02:55:32,337 [INFO] Reply from ptd: 'Stopping untimed measurement'
ptd-server 2022-07-19 02:55:32,368 [INFO] Sending reply to client 'OK'
ptd-server 2022-07-19 02:55:32,526 [INFO] Got command from the client 'time'
ptd-server 2022-07-19 02:55:32,526 [INFO] Sending reply to client '1658195732.526883'
ptd-server 2022-07-19 02:55:32,532 [INFO] Got command from the client 'session,2022-07-19_02-44-36,start,testing'
ptd-server 2022-07-19 02:55:32,533 [INFO] Sending to ptd: 'SR,V,250.820000'
ptd-server 2022-07-19 02:55:34,438 [INFO] Reply from ptd: 'Range V changed'
ptd-server 2022-07-19 02:55:34,438 [INFO] Sending to ptd: 'SR,A,0.075950'
ptd-server 2022-07-19 02:55:35,939 [INFO] Reply from ptd: 'Range A changed'
ptd-server 2022-07-19 02:55:45,949 [INFO] Starting testing mode
ptd-server 2022-07-19 02:55:45,950 [INFO] Sending to ptd: 'Go,1000,0,2022-07-19_02-44-36_testing'
ptd-server 2022-07-19 02:55:45,950 [INFO] Reply from ptd: 'Starting untimed measurement, maximum 500000 samples at 1000ms with 0 rampup samples'
ptd-server 2022-07-19 02:55:45,950 [INFO] Sending reply to client 'OK'
ptd-server 2022-07-19 03:06:03,334 [INFO] Got command from the client 'session,2022-07-19_02-44-36,stop,testing'
ptd-server 2022-07-19 03:06:13,345 [INFO] Sending to ptd: 'Stop'
ptd-server 2022-07-19 03:06:13,345 [INFO] Reply from ptd: 'Stopping untimed measurement'
ptd-server 2022-07-19 03:06:13,361 [INFO] Sending reply to client 'OK'
ptd-server 2022-07-19 03:06:13,478 [INFO] Got command from the client 'session,2022-07-19_02-44-36,done'
ptd-server 2022-07-19 03:06:13,478 [INFO] Sending to ptd: 'Stop'
ptd-server 2022-07-19 03:06:13,950 [INFO] Reply from ptd: 'Error: no measurement to stop'
ptd-server 2022-07-19 03:06:13,950 [INFO] Sending to ptd: 'SR,V,Auto'
ptd-server 2022-07-19 03:06:14,453 [INFO] Reply from ptd: 'Range V changed'
ptd-server 2022-07-19 03:06:14,453 [INFO] Sending to ptd: 'SR,A,0.500000'
ptd-server 2022-07-19 03:06:15,954 [INFO] Reply from ptd: 'Range A changed'
ptd-server 2022-07-19 03:06:15,954 [INFO] Set initial values for Amps 0.500000 and Volts Auto
ptd-server 2022-07-19 03:06:15,955 [INFO] Stopping ptd...
