ptd-server 2022-07-29 11:09:21,743 [INFO] Got command from the client 'time'
ptd-server 2022-07-29 11:09:21,743 [INFO] Sending reply to client '1659089361.74335'
ptd-server 2022-07-29 11:09:21,747 [INFO] Got command from the client 'new,,a5f01495-8090-4971-831b-8fb303805d49'
ptd-server 2022-07-29 11:09:21,747 [INFO] Sending reply to client 'OK 2022-07-29_11-09-21,c022fcd3-a9af-4d9c-91d5-33adadd8bc49'
ptd-server 2022-07-29 11:09:21,847 [INFO] Got command from the client 'time'
ptd-server 2022-07-29 11:09:21,848 [INFO] Sending reply to client '1659089361.8480234'
ptd-server 2022-07-29 11:09:21,852 [INFO] Got command from the client 'session,2022-07-29_11-09-21,start,ranging'
ptd-server 2022-07-29 11:09:21,853 [INFO] Running PTDaemon: ['/home/anton/projects/mlperf/power/inference_v1.0/ptd-linux-x86', '-l', '/tmp/tmp7lgbo8s4/ptd_logfile.txt', '-p', '8888', '49', '/dev/usbtmc0']
ptd-server 2022-07-29 11:09:39,026 [INFO] Sending to ptd: 'Hello'
ptd-server 2022-07-29 11:09:39,027 [INFO] Reply from ptd: 'Hello, PTDaemon here!'
ptd-server 2022-07-29 11:09:39,027 [INFO] Sending to ptd: 'Identify'
ptd-server 2022-07-29 11:09:39,027 [INFO] Reply from ptd: 'YokogawaWT310E,1000,1,1,1,1,0,1,1,version=1.9.2-e8c7a49a-20201208,OS=Linux 5.13.0-52-generic #59~20.04.1-Ubuntu SMP Thu Jun 16 21:21:28 UTC 2022 x86_64,mode=power,1,1,1,0,0,no_cal_date,YOKOGAWA;WT310E;C3XA04010E;F1.04'
ptd-server 2022-07-29 11:09:39,028 [INFO] Connected to PTDaemon
ptd-server 2022-07-29 11:09:39,028 [INFO] Sending to ptd: 'RR'
ptd-server 2022-07-29 11:09:39,028 [INFO] Reply from ptd: 'Ranges,0,0.500000,1,300.000000'
ptd-server 2022-07-29 11:09:39,028 [INFO] Initial range for Amps is 0.500000 for Volts is Auto
ptd-server 2022-07-29 11:09:39,028 [INFO] Sending to ptd: 'SR,V,Auto'
ptd-server 2022-07-29 11:09:39,531 [INFO] Reply from ptd: 'Range V changed'
ptd-server 2022-07-29 11:09:39,531 [INFO] Sending to ptd: 'SR,A,Auto'
ptd-server 2022-07-29 11:09:40,033 [INFO] Reply from ptd: 'Range A changed'
ptd-server 2022-07-29 11:09:50,044 [INFO] Starting ranging mode
ptd-server 2022-07-29 11:09:50,044 [INFO] Sending to ptd: 'Go,1000,0,2022-07-29_11-09-21_ranging'
ptd-server 2022-07-29 11:09:50,044 [INFO] Reply from ptd: 'Starting untimed measurement, maximum 500000 samples at 1000ms with 0 rampup samples'
ptd-server 2022-07-29 11:09:50,044 [INFO] Sending reply to client 'OK'
ptd-server 2022-07-29 11:20:07,312 [INFO] Got command from the client 'session,2022-07-29_11-09-21,stop,ranging'
ptd-server 2022-07-29 11:20:17,323 [INFO] Sending to ptd: 'Stop'
ptd-server 2022-07-29 11:20:17,323 [INFO] Reply from ptd: 'Stopping untimed measurement'
ptd-server 2022-07-29 11:20:18,536 [INFO] Sending reply to client 'OK'
ptd-server 2022-07-29 11:20:18,604 [INFO] Got command from the client 'time'
ptd-server 2022-07-29 11:20:18,604 [INFO] Sending reply to client '1659090018.6048818'
ptd-server 2022-07-29 11:20:18,608 [INFO] Got command from the client 'session,2022-07-29_11-09-21,start,testing'
ptd-server 2022-07-29 11:20:18,608 [INFO] Sending to ptd: 'SR,V,251.050000'
ptd-server 2022-07-29 11:20:20,110 [INFO] Reply from ptd: 'Range V changed'
ptd-server 2022-07-29 11:20:20,110 [INFO] Sending to ptd: 'SR,A,0.056590'
ptd-server 2022-07-29 11:20:21,611 [INFO] Reply from ptd: 'Range A changed'
ptd-server 2022-07-29 11:20:31,622 [INFO] Starting testing mode
ptd-server 2022-07-29 11:20:31,622 [INFO] Sending to ptd: 'Go,1000,0,2022-07-29_11-09-21_testing'
ptd-server 2022-07-29 11:20:31,622 [INFO] Reply from ptd: 'Starting untimed measurement, maximum 500000 samples at 1000ms with 0 rampup samples'
ptd-server 2022-07-29 11:20:31,622 [INFO] Sending reply to client 'OK'
ptd-server 2022-07-29 11:30:48,790 [INFO] Got command from the client 'session,2022-07-29_11-09-21,stop,testing'
ptd-server 2022-07-29 11:30:58,801 [INFO] Sending to ptd: 'Stop'
ptd-server 2022-07-29 11:30:58,801 [INFO] Reply from ptd: 'Stopping untimed measurement'
ptd-server 2022-07-29 11:30:59,417 [INFO] Sending reply to client 'OK'
ptd-server 2022-07-29 11:30:59,504 [INFO] Got command from the client 'session,2022-07-29_11-09-21,done'
ptd-server 2022-07-29 11:30:59,504 [INFO] Sending to ptd: 'Stop'
ptd-server 2022-07-29 11:30:59,623 [INFO] Reply from ptd: 'Error: no measurement to stop'
ptd-server 2022-07-29 11:30:59,623 [INFO] Sending to ptd: 'SR,V,Auto'
ptd-server 2022-07-29 11:31:00,125 [INFO] Reply from ptd: 'Range V changed'
ptd-server 2022-07-29 11:31:00,125 [INFO] Sending to ptd: 'SR,A,0.500000'
ptd-server 2022-07-29 11:31:01,627 [INFO] Reply from ptd: 'Range A changed'
ptd-server 2022-07-29 11:31:01,627 [INFO] Set initial values for Amps 0.500000 and Volts Auto
ptd-server 2022-07-29 11:31:01,627 [INFO] Stopping ptd...
