ptd-server 2022-07-28 11:23:59,271 [INFO] Got command from the client 'time'
ptd-server 2022-07-28 11:23:59,271 [INFO] Sending reply to client '1659003839.271463'
ptd-server 2022-07-28 11:23:59,275 [INFO] Got command from the client 'new,,a035acb4-d73a-411d-b863-ab15de6e6e93'
ptd-server 2022-07-28 11:23:59,276 [INFO] Sending reply to client 'OK 2022-07-28_11-23-59,9de81699-f2f4-441c-b2eb-58a4e103311d'
ptd-server 2022-07-28 11:23:59,373 [INFO] Got command from the client 'time'
ptd-server 2022-07-28 11:23:59,373 [INFO] Sending reply to client '1659003839.3739688'
ptd-server 2022-07-28 11:23:59,377 [INFO] Got command from the client 'session,2022-07-28_11-23-59,start,ranging'
ptd-server 2022-07-28 11:23:59,377 [INFO] Running PTDaemon: ['/home/anton/projects/mlperf/power/inference_v1.0/ptd-linux-x86', '-l', '/tmp/tmp7lgbo8s4/ptd_logfile.txt', '-p', '8888', '49', '/dev/usbtmc0']
ptd-server 2022-07-28 11:24:16,551 [INFO] Sending to ptd: 'Hello'
ptd-server 2022-07-28 11:24:16,552 [INFO] Reply from ptd: 'Hello, PTDaemon here!'
ptd-server 2022-07-28 11:24:16,552 [INFO] Sending to ptd: 'Identify'
ptd-server 2022-07-28 11:24:16,553 [INFO] Reply from ptd: 'YokogawaWT310E,1000,1,1,1,1,0,1,1,version=1.9.2-e8c7a49a-20201208,OS=Linux 5.13.0-52-generic #59~20.04.1-Ubuntu SMP Thu Jun 16 21:21:28 UTC 2022 x86_64,mode=power,1,1,1,0,0,no_cal_date,YOKOGAWA;WT310E;C3XA04010E;F1.04'
ptd-server 2022-07-28 11:24:16,553 [INFO] Connected to PTDaemon
ptd-server 2022-07-28 11:24:16,553 [INFO] Sending to ptd: 'RR'
ptd-server 2022-07-28 11:24:16,553 [INFO] Reply from ptd: 'Ranges,0,0.500000,1,300.000000'
ptd-server 2022-07-28 11:24:16,554 [INFO] Initial range for Amps is 0.500000 for Volts is Auto
ptd-server 2022-07-28 11:24:16,554 [INFO] Sending to ptd: 'SR,V,Auto'
ptd-server 2022-07-28 11:24:17,056 [INFO] Reply from ptd: 'Range V changed'
ptd-server 2022-07-28 11:24:17,056 [INFO] Sending to ptd: 'SR,A,Auto'
ptd-server 2022-07-28 11:24:17,559 [INFO] Reply from ptd: 'Range A changed'
ptd-server 2022-07-28 11:24:27,569 [INFO] Starting ranging mode
ptd-server 2022-07-28 11:24:27,569 [INFO] Sending to ptd: 'Go,1000,0,2022-07-28_11-23-59_ranging'
ptd-server 2022-07-28 11:24:27,570 [INFO] Reply from ptd: 'Starting untimed measurement, maximum 500000 samples at 1000ms with 0 rampup samples'
ptd-server 2022-07-28 11:24:27,570 [INFO] Sending reply to client 'OK'
ptd-server 2022-07-28 11:34:44,169 [INFO] Got command from the client 'session,2022-07-28_11-23-59,stop,ranging'
ptd-server 2022-07-28 11:34:54,179 [INFO] Sending to ptd: 'Stop'
ptd-server 2022-07-28 11:34:54,180 [INFO] Reply from ptd: 'Stopping untimed measurement'
ptd-server 2022-07-28 11:34:55,249 [INFO] Sending reply to client 'OK'
ptd-server 2022-07-28 11:34:55,369 [INFO] Got command from the client 'time'
ptd-server 2022-07-28 11:34:55,369 [INFO] Sending reply to client '1659004495.3698988'
ptd-server 2022-07-28 11:34:55,375 [INFO] Got command from the client 'session,2022-07-28_11-23-59,start,testing'
ptd-server 2022-07-28 11:34:55,375 [INFO] Sending to ptd: 'SR,V,249.340000'
ptd-server 2022-07-28 11:34:56,876 [INFO] Reply from ptd: 'Range V changed'
ptd-server 2022-07-28 11:34:56,876 [INFO] Sending to ptd: 'SR,A,0.052780'
ptd-server 2022-07-28 11:34:58,378 [INFO] Reply from ptd: 'Range A changed'
ptd-server 2022-07-28 11:35:08,388 [INFO] Starting testing mode
ptd-server 2022-07-28 11:35:08,388 [INFO] Sending to ptd: 'Go,1000,0,2022-07-28_11-23-59_testing'
ptd-server 2022-07-28 11:35:08,389 [INFO] Reply from ptd: 'Starting untimed measurement, maximum 500000 samples at 1000ms with 0 rampup samples'
ptd-server 2022-07-28 11:35:08,389 [INFO] Sending reply to client 'OK'
ptd-server 2022-07-28 11:45:25,012 [INFO] Got command from the client 'session,2022-07-28_11-23-59,stop,testing'
ptd-server 2022-07-28 11:45:35,022 [INFO] Sending to ptd: 'Stop'
ptd-server 2022-07-28 11:45:35,023 [INFO] Reply from ptd: 'Stopping untimed measurement'
ptd-server 2022-07-28 11:45:35,565 [INFO] Sending reply to client 'OK'
ptd-server 2022-07-28 11:45:35,612 [INFO] Got command from the client 'session,2022-07-28_11-23-59,done'
ptd-server 2022-07-28 11:45:35,612 [INFO] Sending to ptd: 'Stop'
ptd-server 2022-07-28 11:45:35,612 [INFO] Reply from ptd: 'Error: no measurement to stop'
ptd-server 2022-07-28 11:45:35,612 [INFO] Sending to ptd: 'SR,V,Auto'
ptd-server 2022-07-28 11:45:36,115 [INFO] Reply from ptd: 'Range V changed'
ptd-server 2022-07-28 11:45:36,115 [INFO] Sending to ptd: 'SR,A,0.500000'
ptd-server 2022-07-28 11:45:37,616 [INFO] Reply from ptd: 'Range A changed'
ptd-server 2022-07-28 11:45:37,617 [INFO] Set initial values for Amps 0.500000 and Volts Auto
ptd-server 2022-07-28 11:45:37,617 [INFO] Stopping ptd...
