ptd-server 2022-07-25 01:29:19,674 [INFO] Got command from the client 'time'
ptd-server 2022-07-25 01:29:19,674 [INFO] Sending reply to client '1658708959.6745567'
ptd-server 2022-07-25 01:29:19,675 [INFO] Got command from the client 'new,,061c8ad0-71e0-4e61-bce3-25fb54acd59c'
ptd-server 2022-07-25 01:29:19,676 [INFO] Sending reply to client 'OK 2022-07-25_01-29-19,8c6b65cf-0fd8-44ed-b169-333112acb294'
ptd-server 2022-07-25 01:29:19,708 [INFO] Got command from the client 'time'
ptd-server 2022-07-25 01:29:19,708 [INFO] Sending reply to client '1658708959.708571'
ptd-server 2022-07-25 01:29:19,709 [INFO] Got command from the client 'session,2022-07-25_01-29-19,start,ranging'
ptd-server 2022-07-25 01:29:19,709 [INFO] Running PTDaemon: ['/home/anton/projects/mlperf/power/inference_v1.0/ptd-linux-x86', '-l', '/tmp/tmp7lgbo8s4/ptd_logfile.txt', '-p', '8888', '49', '/dev/usbtmc0']
ptd-server 2022-07-25 01:29:36,884 [INFO] Sending to ptd: 'Hello'
ptd-server 2022-07-25 01:29:36,885 [INFO] Reply from ptd: 'Hello, PTDaemon here!'
ptd-server 2022-07-25 01:29:36,885 [INFO] Sending to ptd: 'Identify'
ptd-server 2022-07-25 01:29:36,885 [INFO] Reply from ptd: 'YokogawaWT310E,1000,1,1,1,1,0,1,1,version=1.9.2-e8c7a49a-20201208,OS=Linux 5.13.0-52-generic #59~20.04.1-Ubuntu SMP Thu Jun 16 21:21:28 UTC 2022 x86_64,mode=power,1,1,1,0,0,no_cal_date,YOKOGAWA;WT310E;C3XA04010E;F1.04'
ptd-server 2022-07-25 01:29:36,886 [INFO] Connected to PTDaemon
ptd-server 2022-07-25 01:29:36,886 [INFO] Sending to ptd: 'RR'
ptd-server 2022-07-25 01:29:36,886 [INFO] Reply from ptd: 'Ranges,0,0.500000,1,300.000000'
ptd-server 2022-07-25 01:29:36,886 [INFO] Initial range for Amps is 0.500000 for Volts is Auto
ptd-server 2022-07-25 01:29:36,887 [INFO] Sending to ptd: 'SR,V,Auto'
ptd-server 2022-07-25 01:29:37,389 [INFO] Reply from ptd: 'Range V changed'
ptd-server 2022-07-25 01:29:37,389 [INFO] Sending to ptd: 'SR,A,Auto'
ptd-server 2022-07-25 01:29:37,892 [INFO] Reply from ptd: 'Range A changed'
ptd-server 2022-07-25 01:29:47,902 [INFO] Starting ranging mode
ptd-server 2022-07-25 01:29:47,902 [INFO] Sending to ptd: 'Go,1000,0,2022-07-25_01-29-19_ranging'
ptd-server 2022-07-25 01:29:47,903 [INFO] Reply from ptd: 'Starting untimed measurement, maximum 500000 samples at 1000ms with 0 rampup samples'
ptd-server 2022-07-25 01:29:47,903 [INFO] Sending reply to client 'OK'
ptd-server 2022-07-25 01:40:06,043 [INFO] Got command from the client 'session,2022-07-25_01-29-19,stop,ranging'
ptd-server 2022-07-25 01:40:16,053 [INFO] Sending to ptd: 'Stop'
ptd-server 2022-07-25 01:40:16,054 [INFO] Reply from ptd: 'Stopping untimed measurement'
ptd-server 2022-07-25 01:40:16,816 [INFO] Sending reply to client 'OK'
ptd-server 2022-07-25 01:40:16,880 [INFO] Got command from the client 'time'
ptd-server 2022-07-25 01:40:16,880 [INFO] Sending reply to client '1658709616.8805134'
ptd-server 2022-07-25 01:40:16,881 [INFO] Got command from the client 'session,2022-07-25_01-29-19,start,testing'
ptd-server 2022-07-25 01:40:16,881 [INFO] Sending to ptd: 'SR,V,250.540000'
ptd-server 2022-07-25 01:40:18,404 [INFO] Reply from ptd: 'Range V changed'
ptd-server 2022-07-25 01:40:18,405 [INFO] Sending to ptd: 'SR,A,0.050550'
ptd-server 2022-07-25 01:40:19,906 [INFO] Reply from ptd: 'Range A changed'
ptd-server 2022-07-25 01:40:29,916 [INFO] Starting testing mode
ptd-server 2022-07-25 01:40:29,916 [INFO] Sending to ptd: 'Go,1000,0,2022-07-25_01-29-19_testing'
ptd-server 2022-07-25 01:40:29,917 [INFO] Reply from ptd: 'Starting untimed measurement, maximum 500000 samples at 1000ms with 0 rampup samples'
ptd-server 2022-07-25 01:40:29,917 [INFO] Sending reply to client 'OK'
ptd-server 2022-07-25 01:50:47,925 [INFO] Got command from the client 'session,2022-07-25_01-29-19,stop,testing'
ptd-server 2022-07-25 01:50:57,936 [INFO] Sending to ptd: 'Stop'
ptd-server 2022-07-25 01:50:57,936 [INFO] Reply from ptd: 'Stopping untimed measurement'
ptd-server 2022-07-25 01:50:58,335 [INFO] Sending reply to client 'OK'
ptd-server 2022-07-25 01:50:58,343 [INFO] Got command from the client 'session,2022-07-25_01-29-19,done'
ptd-server 2022-07-25 01:50:58,343 [INFO] Sending to ptd: 'Stop'
ptd-server 2022-07-25 01:50:58,918 [INFO] Reply from ptd: 'Error: no measurement to stop'
ptd-server 2022-07-25 01:50:58,918 [INFO] Sending to ptd: 'SR,V,Auto'
ptd-server 2022-07-25 01:50:59,420 [INFO] Reply from ptd: 'Range V changed'
ptd-server 2022-07-25 01:50:59,421 [INFO] Sending to ptd: 'SR,A,0.500000'
ptd-server 2022-07-25 01:51:00,922 [INFO] Reply from ptd: 'Range A changed'
ptd-server 2022-07-25 01:51:00,922 [INFO] Set initial values for Amps 0.500000 and Volts Auto
ptd-server 2022-07-25 01:51:00,923 [INFO] Stopping ptd...
