client 2022-07-27 10:37:23,435 [WARNING] Removing loadgen logs directory '/home/firefly/CK/ck-mlperf/program/image-classification-armnn-tflite-loadgen/tmp/loadgen_logs'
client 2022-07-27 10:37:23,438 [INFO] Sending command to the server: 'mlcommons/power client v3'
client 2022-07-27 10:37:23,441 [INFO] Got response: 'mlcommons/power server v3'
client 2022-07-27 10:37:23,442 [INFO] Synchronizing with the server and with time.google.com...
client 2022-07-27 10:37:23,490 [INFO] NTP:offset = -0.012 s, delay = 0.029 s 
client 2022-07-27 10:37:23,490 [INFO] Sending command to the server: 'time'
client 2022-07-27 10:37:23,498 [INFO] Got response: '1658914643.4922817'
client 2022-07-27 10:37:23,498 [INFO] The time difference between the client and the server is within range -1.407 ms..6.135 ms
client 2022-07-27 10:37:23,498 [INFO] Sending command to the server: 'new,,3b2834e8-46cb-49d1-9fca-b2d6a6d3305d'
client 2022-07-27 10:37:23,501 [INFO] Got response: 'OK 2022-07-27_10-37-23,06c5c18c-e220-45d2-8e80-a1938bb4390e'
client 2022-07-27 10:37:23,502 [INFO] Session id is '2022-07-27_10-37-23'
client 2022-07-27 10:37:23,502 [INFO] Sources: {"sources": {"__init__.py": "da39a3ee5e6b4b0d3255bfef95601890afd80709", "client.py": "33ca4f26368777ac06e01f9567b714a4b8063886", "lib/__init__.py": "da39a3ee5e6b4b0d3255bfef95601890afd80709", "lib/client.py": "4c2b78fb4849a7e5b584ef792d82aaed20b17f57", "lib/common.py": "624d0c0acc7c39aaff3674f0b99d6a09da53d1dc", "lib/external/__init__.py": "da39a3ee5e6b4b0d3255bfef95601890afd80709", "lib/external/ntplib.py": "4da8f970656505a40483206ef2b5d3dd5e81711d", "lib/server.py": "cda0cdfaee9bfa1249c64a7dd4f89b7bf1b279f0", "lib/source_hashes.py": "60a2e02193209e8d392803326208d5466342da18", "lib/summary.py": "aa92f0a3f975eecd44d3c0cd0236342ccc9f941d", "lib/time_sync.py": "3210db56eb0ff0df57bf4293dc4d4b03fffd46f1", "server.py": "c3f90f2f7eeb4db30727556d0c815ebc89b3d28b", "tests/unit/__init__.py": "da39a3ee5e6b4b0d3255bfef95601890afd80709", "tests/unit/test_server.py": "99ae15aef722f2000ee6ed1ae1523637bf1ae42b", "tests/unit/test_source_hashes.py": "00468a2907583c593e6574a1f6b404e4651c221a"}, "modules": {"ptd_client_server.lib.client": "lib/client.py", "ptd_client_server.lib.common": "lib/common.py", "ptd_client_server.lib.external.ntplib": "lib/external/ntplib.py", "ptd_client_server.lib.source_hashes": "lib/source_hashes.py", "ptd_client_server.lib.summary": "lib/summary.py", "ptd_client_server.lib.time_sync": "lib/time_sync.py"}}
client 2022-07-27 10:37:23,503 [INFO] Running workload in ranging mode
client 2022-07-27 10:37:23,503 [INFO] Synchronizing with the server and with time.google.com...
client 2022-07-27 10:37:23,540 [INFO] NTP:offset = -0.013 s, delay = 0.031 s 
client 2022-07-27 10:37:23,540 [INFO] Sending command to the server: 'time'
client 2022-07-27 10:37:23,544 [INFO] Got response: '1658914643.538202'
client 2022-07-27 10:37:23,545 [INFO] The time difference between the client and the server is within range 2.694 ms..7.077 ms
client 2022-07-27 10:37:23,545 [INFO] Sending command to the server: 'session,2022-07-27_10-37-23,start,ranging'
client 2022-07-27 10:37:51,741 [INFO] Got response: 'OK'
client 2022-07-27 10:37:51,742 [INFO] Running the workload 'ck benchmark program:image-classification-armnn-tflite-loadgen --env.CK_SILENT_MODE=YES --skip_print_timers --dep_add_tags.compiler=gcc,v9 --dep_add_tags.python=v3 --dep_add_tags.mlperf-inference-src=r2.1 --dep_add_tags.weights=mobilenet,v2-0.35-192,quantized --dep_add_tags.images=crop.875,preprocessed,using-opencv --dep_add_tags.library=armnn,rel.22.05,neon --env.CK_LOADGEN_DATASET_SIZE=1024 --env.USE_NEON=1 --env.USE_OPENCL=0 --env.CK_LOADGEN_MODE=PerformanceOnly --env.CK_LOADGEN_SCENARIO=SingleStream --env.CK_LOADGEN_TARGET_LATENCY=$CK_LOADGEN_TARGET_LATENCY --skip_stat_analysis --process_multi_keys --repetitions=1 --record --record_repo=local --record_uoa=mlperf_v2.1-open-firefly-armnn-v22.05-neon-mobilenet-v2-0.35-192-quantized-singlestream-performance-target_latency.$CK_LOADGEN_TARGET_LATENCY-power.workload --tags=mlperf,round.v2.1,division.open,task.image-classification,platform.firefly,scenario.singlestream,mode.performance,workload.mobilenet-v2-0.35-192-quantized,preprocessed_using.opencv,inference_engine.armnn,inference_engine_version.v22.05,inference_engine_backend.neon,target_latency.$CK_LOADGEN_TARGET_LATENCY,power.workload "@@@{\'meta\': {\'ck_benchmark_program\': \'ck benchmark program:image-classification-armnn-tflite-loadgen --env.CK_SILENT_MODE=YES --skip_print_timers --dep_add_tags.compiler=gcc,v9 --dep_add_tags.python=v3 --dep_add_tags.mlperf-inference-src=r2.1 --dep_add_tags.weights=mobilenet,v2-0.35-192,quantized --dep_add_tags.images=crop.875,preprocessed,using-opencv --dep_add_tags.library=armnn,rel.22.05,neon --env.CK_LOADGEN_DATASET_SIZE=1024 --env.USE_NEON=1 --env.USE_OPENCL=0 --env.CK_LOADGEN_MODE=PerformanceOnly --env.CK_LOADGEN_SCENARIO=SingleStream --env.CK_LOADGEN_TARGET_LATENCY=$CK_LOADGEN_TARGET_LATENCY --skip_stat_analysis --process_multi_keys --repetitions=1 --record --record_repo=local --record_uoa=mlperf_v2.1-open-firefly-armnn-v22.05-neon-mobilenet-v2-0.35-192-quantized-singlestream-performance-target_latency.$CK_LOADGEN_TARGET_LATENCY-power.workload --tags=mlperf,round.v2.1,division.open,task.image-classification,platform.firefly,scenario.singlestream,mode.performance,workload.mobilenet-v2-0.35-192-quantized,preprocessed_using.opencv,inference_engine.armnn,inference_engine_version.v22.05,inference_engine_backend.neon,target_latency.$CK_LOADGEN_TARGET_LATENCY,power.workload\'}}" && cat `ck find program:image-classification-armnn-tflite-loadgen`/tmp/mlperf_log_summary.txt && mkdir -p "$CK_MLPERF_POWER_CLIENT_LOADGEN_LOGS" && cp "$CK_MLPERF_POWER_CLIENT_LOADGEN_LOGS"/../mlperf_log_* "$CK_MLPERF_POWER_CLIENT_LOADGEN_LOGS"/'
client 2022-07-27 10:48:06,904 [INFO] Sending command to the server: 'session,2022-07-27_10-37-23,stop,ranging'
client 2022-07-27 10:48:17,876 [INFO] Got response: 'OK'
client 2022-07-27 10:48:17,894 [INFO] Copying loadgen logs from '/home/firefly/CK/ck-mlperf/program/image-classification-armnn-tflite-loadgen/tmp/loadgen_logs' to '/home/firefly/CK/ck-mlperf/program/mlperf-power-client/tmp/2022-07-27_10-37-23/ranging'
client 2022-07-27 10:48:17,896 [INFO] Running workload in testing mode
client 2022-07-27 10:48:17,896 [INFO] Synchronizing with the server and with time.google.com...
client 2022-07-27 10:48:17,952 [INFO] NTP:offset = -0.008 s, delay = 0.031 s 
client 2022-07-27 10:48:17,953 [INFO] Sending command to the server: 'time'
client 2022-07-27 10:48:17,957 [INFO] Got response: '1658915297.954644'
client 2022-07-27 10:48:17,958 [INFO] The time difference between the client and the server is within range -1.606 ms..3.495 ms
client 2022-07-27 10:48:17,959 [INFO] Sending command to the server: 'session,2022-07-27_10-37-23,start,testing'
client 2022-07-27 10:48:30,978 [INFO] Got response: 'OK'
client 2022-07-27 10:48:30,979 [INFO] Running the workload 'ck benchmark program:image-classification-armnn-tflite-loadgen --env.CK_SILENT_MODE=YES --skip_print_timers --dep_add_tags.compiler=gcc,v9 --dep_add_tags.python=v3 --dep_add_tags.mlperf-inference-src=r2.1 --dep_add_tags.weights=mobilenet,v2-0.35-192,quantized --dep_add_tags.images=crop.875,preprocessed,using-opencv --dep_add_tags.library=armnn,rel.22.05,neon --env.CK_LOADGEN_DATASET_SIZE=1024 --env.USE_NEON=1 --env.USE_OPENCL=0 --env.CK_LOADGEN_MODE=PerformanceOnly --env.CK_LOADGEN_SCENARIO=SingleStream --env.CK_LOADGEN_TARGET_LATENCY=$CK_LOADGEN_TARGET_LATENCY --skip_stat_analysis --process_multi_keys --repetitions=1 --record --record_repo=local --record_uoa=mlperf_v2.1-open-firefly-armnn-v22.05-neon-mobilenet-v2-0.35-192-quantized-singlestream-performance-target_latency.$CK_LOADGEN_TARGET_LATENCY-power.workload --tags=mlperf,round.v2.1,division.open,task.image-classification,platform.firefly,scenario.singlestream,mode.performance,workload.mobilenet-v2-0.35-192-quantized,preprocessed_using.opencv,inference_engine.armnn,inference_engine_version.v22.05,inference_engine_backend.neon,target_latency.$CK_LOADGEN_TARGET_LATENCY,power.workload "@@@{\'meta\': {\'ck_benchmark_program\': \'ck benchmark program:image-classification-armnn-tflite-loadgen --env.CK_SILENT_MODE=YES --skip_print_timers --dep_add_tags.compiler=gcc,v9 --dep_add_tags.python=v3 --dep_add_tags.mlperf-inference-src=r2.1 --dep_add_tags.weights=mobilenet,v2-0.35-192,quantized --dep_add_tags.images=crop.875,preprocessed,using-opencv --dep_add_tags.library=armnn,rel.22.05,neon --env.CK_LOADGEN_DATASET_SIZE=1024 --env.USE_NEON=1 --env.USE_OPENCL=0 --env.CK_LOADGEN_MODE=PerformanceOnly --env.CK_LOADGEN_SCENARIO=SingleStream --env.CK_LOADGEN_TARGET_LATENCY=$CK_LOADGEN_TARGET_LATENCY --skip_stat_analysis --process_multi_keys --repetitions=1 --record --record_repo=local --record_uoa=mlperf_v2.1-open-firefly-armnn-v22.05-neon-mobilenet-v2-0.35-192-quantized-singlestream-performance-target_latency.$CK_LOADGEN_TARGET_LATENCY-power.workload --tags=mlperf,round.v2.1,division.open,task.image-classification,platform.firefly,scenario.singlestream,mode.performance,workload.mobilenet-v2-0.35-192-quantized,preprocessed_using.opencv,inference_engine.armnn,inference_engine_version.v22.05,inference_engine_backend.neon,target_latency.$CK_LOADGEN_TARGET_LATENCY,power.workload\'}}" && cat `ck find program:image-classification-armnn-tflite-loadgen`/tmp/mlperf_log_summary.txt && mkdir -p "$CK_MLPERF_POWER_CLIENT_LOADGEN_LOGS" && cp "$CK_MLPERF_POWER_CLIENT_LOADGEN_LOGS"/../mlperf_log_* "$CK_MLPERF_POWER_CLIENT_LOADGEN_LOGS"/'
client 2022-07-27 10:58:46,115 [INFO] Sending command to the server: 'session,2022-07-27_10-37-23,stop,testing'
client 2022-07-27 10:58:56,617 [INFO] Got response: 'OK'
client 2022-07-27 10:58:56,626 [INFO] Copying loadgen logs from '/home/firefly/CK/ck-mlperf/program/image-classification-armnn-tflite-loadgen/tmp/loadgen_logs' to '/home/firefly/CK/ck-mlperf/program/mlperf-power-client/tmp/2022-07-27_10-37-23/run_1'
client 2022-07-27 10:58:56,631 [INFO] Done runs
