ptd-server 2022-07-22 12:28:44,286 [INFO] Got command from the client 'time'
ptd-server 2022-07-22 12:28:44,286 [INFO] Sending reply to client '1658489324.286863'
ptd-server 2022-07-22 12:28:44,288 [INFO] Got command from the client 'new,,86d8801b-e7fd-49e1-a435-a5e787915dbf'
ptd-server 2022-07-22 12:28:44,288 [INFO] Sending reply to client 'OK 2022-07-22_12-28-44,2182e135-621e-4639-8c66-5189b619de64'
ptd-server 2022-07-22 12:28:44,316 [INFO] Got command from the client 'time'
ptd-server 2022-07-22 12:28:44,316 [INFO] Sending reply to client '1658489324.3167858'
ptd-server 2022-07-22 12:28:44,318 [INFO] Got command from the client 'session,2022-07-22_12-28-44,start,ranging'
ptd-server 2022-07-22 12:28:44,318 [INFO] Running PTDaemon: ['/home/anton/projects/mlperf/power/inference_v1.0/ptd-linux-x86', '-l', '/tmp/tmp7lgbo8s4/ptd_logfile.txt', '-p', '8888', '49', '/dev/usbtmc0']
ptd-server 2022-07-22 12:29:01,492 [INFO] Sending to ptd: 'Hello'
ptd-server 2022-07-22 12:29:01,493 [INFO] Reply from ptd: 'Hello, PTDaemon here!'
ptd-server 2022-07-22 12:29:01,493 [INFO] Sending to ptd: 'Identify'
ptd-server 2022-07-22 12:29:01,494 [INFO] Reply from ptd: 'YokogawaWT310E,1000,1,1,1,1,0,1,1,version=1.9.2-e8c7a49a-20201208,OS=Linux 5.13.0-52-generic #59~20.04.1-Ubuntu SMP Thu Jun 16 21:21:28 UTC 2022 x86_64,mode=power,1,1,1,0,0,no_cal_date,YOKOGAWA;WT310E;C3XA04010E;F1.04'
ptd-server 2022-07-22 12:29:01,494 [INFO] Connected to PTDaemon
ptd-server 2022-07-22 12:29:01,494 [INFO] Sending to ptd: 'RR'
ptd-server 2022-07-22 12:29:01,494 [INFO] Reply from ptd: 'Ranges,0,0.500000,1,300.000000'
ptd-server 2022-07-22 12:29:01,494 [INFO] Initial range for Amps is 0.500000 for Volts is Auto
ptd-server 2022-07-22 12:29:01,494 [INFO] Sending to ptd: 'SR,V,Auto'
ptd-server 2022-07-22 12:29:01,997 [INFO] Reply from ptd: 'Range V changed'
ptd-server 2022-07-22 12:29:01,997 [INFO] Sending to ptd: 'SR,A,Auto'
ptd-server 2022-07-22 12:29:02,500 [INFO] Reply from ptd: 'Range A changed'
ptd-server 2022-07-22 12:29:12,510 [INFO] Starting ranging mode
ptd-server 2022-07-22 12:29:12,510 [INFO] Sending to ptd: 'Go,1000,0,2022-07-22_12-28-44_ranging'
ptd-server 2022-07-22 12:29:12,511 [INFO] Reply from ptd: 'Starting untimed measurement, maximum 500000 samples at 1000ms with 0 rampup samples'
ptd-server 2022-07-22 12:29:12,511 [INFO] Sending reply to client 'OK'
ptd-server 2022-07-22 12:39:34,724 [INFO] Got command from the client 'session,2022-07-22_12-28-44,stop,ranging'
ptd-server 2022-07-22 12:39:44,735 [INFO] Sending to ptd: 'Stop'
ptd-server 2022-07-22 12:39:44,735 [INFO] Reply from ptd: 'Stopping untimed measurement'
ptd-server 2022-07-22 12:39:45,211 [INFO] Sending reply to client 'OK'
ptd-server 2022-07-22 12:39:45,252 [INFO] Got command from the client 'time'
ptd-server 2022-07-22 12:39:45,252 [INFO] Sending reply to client '1658489985.2529151'
ptd-server 2022-07-22 12:39:45,254 [INFO] Got command from the client 'session,2022-07-22_12-28-44,start,testing'
ptd-server 2022-07-22 12:39:45,254 [INFO] Sending to ptd: 'SR,V,252.020000'
ptd-server 2022-07-22 12:39:47,013 [INFO] Reply from ptd: 'Range V changed'
ptd-server 2022-07-22 12:39:47,013 [INFO] Sending to ptd: 'SR,A,0.067290'
ptd-server 2022-07-22 12:39:48,514 [INFO] Reply from ptd: 'Range A changed'
ptd-server 2022-07-22 12:39:58,525 [INFO] Starting testing mode
ptd-server 2022-07-22 12:39:58,525 [INFO] Sending to ptd: 'Go,1000,0,2022-07-22_12-28-44_testing'
ptd-server 2022-07-22 12:39:58,525 [INFO] Reply from ptd: 'Starting untimed measurement, maximum 500000 samples at 1000ms with 0 rampup samples'
ptd-server 2022-07-22 12:39:58,526 [INFO] Sending reply to client 'OK'
ptd-server 2022-07-22 12:50:19,512 [INFO] Got command from the client 'session,2022-07-22_12-28-44,stop,testing'
ptd-server 2022-07-22 12:50:29,522 [INFO] Sending to ptd: 'Stop'
ptd-server 2022-07-22 12:50:29,523 [INFO] Reply from ptd: 'Stopping untimed measurement'
ptd-server 2022-07-22 12:50:29,757 [INFO] Sending reply to client 'OK'
ptd-server 2022-07-22 12:50:29,765 [INFO] Got command from the client 'session,2022-07-22_12-28-44,done'
ptd-server 2022-07-22 12:50:29,765 [INFO] Sending to ptd: 'Stop'
ptd-server 2022-07-22 12:50:29,765 [INFO] Reply from ptd: 'Error: no measurement to stop'
ptd-server 2022-07-22 12:50:29,765 [INFO] Sending to ptd: 'SR,V,Auto'
ptd-server 2022-07-22 12:50:30,267 [INFO] Reply from ptd: 'Range V changed'
ptd-server 2022-07-22 12:50:30,268 [INFO] Sending to ptd: 'SR,A,0.500000'
ptd-server 2022-07-22 12:50:31,769 [INFO] Reply from ptd: 'Range A changed'
ptd-server 2022-07-22 12:50:31,769 [INFO] Set initial values for Amps 0.500000 and Volts Auto
ptd-server 2022-07-22 12:50:31,769 [INFO] Stopping ptd...
