ptd-server 2022-07-28 21:14:59,821 [INFO] Got command from the client 'time'
ptd-server 2022-07-28 21:14:59,822 [INFO] Sending reply to client '1659039299.8221023'
ptd-server 2022-07-28 21:14:59,826 [INFO] Got command from the client 'new,,dcabcd3a-fd0e-4e51-80d1-02c27ae2dfeb'
ptd-server 2022-07-28 21:14:59,826 [INFO] Sending reply to client 'OK 2022-07-28_21-14-59,65e2b4d4-e8ea-4a9a-b230-21b0c95d845a'
ptd-server 2022-07-28 21:14:59,924 [INFO] Got command from the client 'time'
ptd-server 2022-07-28 21:14:59,925 [INFO] Sending reply to client '1659039299.9250152'
ptd-server 2022-07-28 21:14:59,929 [INFO] Got command from the client 'session,2022-07-28_21-14-59,start,ranging'
ptd-server 2022-07-28 21:14:59,929 [INFO] Running PTDaemon: ['/home/anton/projects/mlperf/power/inference_v1.0/ptd-linux-x86', '-l', '/tmp/tmp7lgbo8s4/ptd_logfile.txt', '-p', '8888', '49', '/dev/usbtmc0']
ptd-server 2022-07-28 21:15:17,104 [INFO] Sending to ptd: 'Hello'
ptd-server 2022-07-28 21:15:17,104 [INFO] Reply from ptd: 'Hello, PTDaemon here!'
ptd-server 2022-07-28 21:15:17,104 [INFO] Sending to ptd: 'Identify'
ptd-server 2022-07-28 21:15:17,105 [INFO] Reply from ptd: 'YokogawaWT310E,1000,1,1,1,1,0,1,1,version=1.9.2-e8c7a49a-20201208,OS=Linux 5.13.0-52-generic #59~20.04.1-Ubuntu SMP Thu Jun 16 21:21:28 UTC 2022 x86_64,mode=power,1,1,1,0,0,no_cal_date,YOKOGAWA;WT310E;C3XA04010E;F1.04'
ptd-server 2022-07-28 21:15:17,105 [INFO] Connected to PTDaemon
ptd-server 2022-07-28 21:15:17,105 [INFO] Sending to ptd: 'RR'
ptd-server 2022-07-28 21:15:17,105 [INFO] Reply from ptd: 'Ranges,0,0.500000,1,300.000000'
ptd-server 2022-07-28 21:15:17,105 [INFO] Initial range for Amps is 0.500000 for Volts is Auto
ptd-server 2022-07-28 21:15:17,106 [INFO] Sending to ptd: 'SR,V,Auto'
ptd-server 2022-07-28 21:15:17,608 [INFO] Reply from ptd: 'Range V changed'
ptd-server 2022-07-28 21:15:17,608 [INFO] Sending to ptd: 'SR,A,Auto'
ptd-server 2022-07-28 21:15:18,111 [INFO] Reply from ptd: 'Range A changed'
ptd-server 2022-07-28 21:15:28,121 [INFO] Starting ranging mode
ptd-server 2022-07-28 21:15:28,121 [INFO] Sending to ptd: 'Go,1000,0,2022-07-28_21-14-59_ranging'
ptd-server 2022-07-28 21:15:28,122 [INFO] Reply from ptd: 'Starting untimed measurement, maximum 500000 samples at 1000ms with 0 rampup samples'
ptd-server 2022-07-28 21:15:28,122 [INFO] Sending reply to client 'OK'
ptd-server 2022-07-28 21:25:51,364 [INFO] Got command from the client 'session,2022-07-28_21-14-59,stop,ranging'
ptd-server 2022-07-28 21:26:01,374 [INFO] Sending to ptd: 'Stop'
ptd-server 2022-07-28 21:26:01,375 [INFO] Reply from ptd: 'Stopping untimed measurement'
ptd-server 2022-07-28 21:26:02,491 [INFO] Sending reply to client 'OK'
ptd-server 2022-07-28 21:26:02,671 [INFO] Got command from the client 'time'
ptd-server 2022-07-28 21:26:02,671 [INFO] Sending reply to client '1659039962.6712146'
ptd-server 2022-07-28 21:26:02,676 [INFO] Got command from the client 'session,2022-07-28_21-14-59,start,testing'
ptd-server 2022-07-28 21:26:02,676 [INFO] Sending to ptd: 'SR,V,250.240000'
ptd-server 2022-07-28 21:26:04,177 [INFO] Reply from ptd: 'Range V changed'
ptd-server 2022-07-28 21:26:04,178 [INFO] Sending to ptd: 'SR,A,0.046830'
ptd-server 2022-07-28 21:26:05,679 [INFO] Reply from ptd: 'Range A changed'
ptd-server 2022-07-28 21:26:15,689 [INFO] Starting testing mode
ptd-server 2022-07-28 21:26:15,689 [INFO] Sending to ptd: 'Go,1000,0,2022-07-28_21-14-59_testing'
ptd-server 2022-07-28 21:26:15,690 [INFO] Reply from ptd: 'Starting untimed measurement, maximum 500000 samples at 1000ms with 0 rampup samples'
ptd-server 2022-07-28 21:26:15,690 [INFO] Sending reply to client 'OK'
ptd-server 2022-07-28 21:36:39,042 [INFO] Got command from the client 'session,2022-07-28_21-14-59,stop,testing'
ptd-server 2022-07-28 21:36:49,047 [INFO] Sending to ptd: 'Stop'
ptd-server 2022-07-28 21:36:49,047 [INFO] Reply from ptd: 'Stopping untimed measurement'
ptd-server 2022-07-28 21:36:49,607 [INFO] Sending reply to client 'OK'
ptd-server 2022-07-28 21:36:49,642 [INFO] Got command from the client 'session,2022-07-28_21-14-59,done'
ptd-server 2022-07-28 21:36:49,642 [INFO] Sending to ptd: 'Stop'
ptd-server 2022-07-28 21:36:49,691 [INFO] Reply from ptd: 'Error: no measurement to stop'
ptd-server 2022-07-28 21:36:49,691 [INFO] Sending to ptd: 'SR,V,Auto'
ptd-server 2022-07-28 21:36:50,193 [INFO] Reply from ptd: 'Range V changed'
ptd-server 2022-07-28 21:36:50,194 [INFO] Sending to ptd: 'SR,A,0.500000'
ptd-server 2022-07-28 21:36:51,695 [INFO] Reply from ptd: 'Range A changed'
ptd-server 2022-07-28 21:36:51,695 [INFO] Set initial values for Amps 0.500000 and Volts Auto
ptd-server 2022-07-28 21:36:51,695 [INFO] Stopping ptd...
