ptd-server 2022-08-01 01:23:10,096 [INFO] Got command from the client 'time'
ptd-server 2022-08-01 01:23:10,097 [INFO] Sending reply to client '1659313390.097089'
ptd-server 2022-08-01 01:23:10,097 [INFO] Got command from the client 'new,,94217421-b818-4c3b-af50-f9002d0ac3b0'
ptd-server 2022-08-01 01:23:10,098 [INFO] Sending reply to client 'OK 2022-08-01_01-23-10,473357dc-7029-4d86-9549-ab076bd77a57'
ptd-server 2022-08-01 01:23:10,124 [INFO] Got command from the client 'time'
ptd-server 2022-08-01 01:23:10,124 [INFO] Sending reply to client '1659313390.1246142'
ptd-server 2022-08-01 01:23:10,125 [INFO] Got command from the client 'session,2022-08-01_01-23-10,start,ranging'
ptd-server 2022-08-01 01:23:10,125 [INFO] Running PTDaemon: ['/home/anton/projects/mlperf/power/inference_v1.0/ptd-linux-x86', '-l', '/tmp/tmp7lgbo8s4/ptd_logfile.txt', '-p', '8888', '49', '/dev/usbtmc0']
ptd-server 2022-08-01 01:23:27,300 [INFO] Sending to ptd: 'Hello'
ptd-server 2022-08-01 01:23:27,301 [INFO] Reply from ptd: 'Hello, PTDaemon here!'
ptd-server 2022-08-01 01:23:27,301 [INFO] Sending to ptd: 'Identify'
ptd-server 2022-08-01 01:23:27,301 [INFO] Reply from ptd: 'YokogawaWT310E,1000,1,1,1,1,0,1,1,version=1.9.2-e8c7a49a-20201208,OS=Linux 5.13.0-52-generic #59~20.04.1-Ubuntu SMP Thu Jun 16 21:21:28 UTC 2022 x86_64,mode=power,1,1,1,0,0,no_cal_date,YOKOGAWA;WT310E;C3XA04010E;F1.04'
ptd-server 2022-08-01 01:23:27,301 [INFO] Connected to PTDaemon
ptd-server 2022-08-01 01:23:27,301 [INFO] Sending to ptd: 'RR'
ptd-server 2022-08-01 01:23:27,302 [INFO] Reply from ptd: 'Ranges,0,0.500000,1,300.000000'
ptd-server 2022-08-01 01:23:27,302 [INFO] Initial range for Amps is 0.500000 for Volts is Auto
ptd-server 2022-08-01 01:23:27,302 [INFO] Sending to ptd: 'SR,V,Auto'
ptd-server 2022-08-01 01:23:27,805 [INFO] Reply from ptd: 'Range V changed'
ptd-server 2022-08-01 01:23:27,805 [INFO] Sending to ptd: 'SR,A,Auto'
ptd-server 2022-08-01 01:23:28,307 [INFO] Reply from ptd: 'Range A changed'
ptd-server 2022-08-01 01:23:38,317 [INFO] Starting ranging mode
ptd-server 2022-08-01 01:23:38,318 [INFO] Sending to ptd: 'Go,1000,0,2022-08-01_01-23-10_ranging'
ptd-server 2022-08-01 01:23:38,318 [INFO] Reply from ptd: 'Starting untimed measurement, maximum 500000 samples at 1000ms with 0 rampup samples'
ptd-server 2022-08-01 01:23:38,318 [INFO] Sending reply to client 'OK'
ptd-server 2022-08-01 01:33:58,524 [INFO] Got command from the client 'session,2022-08-01_01-23-10,stop,ranging'
ptd-server 2022-08-01 01:34:08,534 [INFO] Sending to ptd: 'Stop'
ptd-server 2022-08-01 01:34:08,535 [INFO] Reply from ptd: 'Stopping untimed measurement'
ptd-server 2022-08-01 01:34:09,861 [INFO] Sending reply to client 'OK'
ptd-server 2022-08-01 01:34:09,913 [INFO] Got command from the client 'time'
ptd-server 2022-08-01 01:34:09,913 [INFO] Sending reply to client '1659314049.9131622'
ptd-server 2022-08-01 01:34:09,914 [INFO] Got command from the client 'session,2022-08-01_01-23-10,start,testing'
ptd-server 2022-08-01 01:34:09,914 [INFO] Sending to ptd: 'SR,V,251.800000'
ptd-server 2022-08-01 01:34:11,415 [INFO] Reply from ptd: 'Range V changed'
ptd-server 2022-08-01 01:34:11,416 [INFO] Sending to ptd: 'SR,A,0.255130'
ptd-server 2022-08-01 01:34:12,917 [INFO] Reply from ptd: 'Range A changed'
ptd-server 2022-08-01 01:34:22,927 [INFO] Starting testing mode
ptd-server 2022-08-01 01:34:22,927 [INFO] Sending to ptd: 'Go,1000,0,2022-08-01_01-23-10_testing'
ptd-server 2022-08-01 01:34:22,928 [INFO] Reply from ptd: 'Starting untimed measurement, maximum 500000 samples at 1000ms with 0 rampup samples'
ptd-server 2022-08-01 01:34:22,928 [INFO] Sending reply to client 'OK'
ptd-server 2022-08-01 01:44:37,121 [INFO] Got command from the client 'session,2022-08-01_01-23-10,stop,testing'
ptd-server 2022-08-01 01:44:47,131 [INFO] Sending to ptd: 'Stop'
ptd-server 2022-08-01 01:44:47,131 [INFO] Reply from ptd: 'Stopping untimed measurement'
ptd-server 2022-08-01 01:44:47,807 [INFO] Sending reply to client 'OK'
ptd-server 2022-08-01 01:44:47,822 [INFO] Got command from the client 'session,2022-08-01_01-23-10,done'
ptd-server 2022-08-01 01:44:47,822 [INFO] Sending to ptd: 'Stop'
ptd-server 2022-08-01 01:44:47,929 [INFO] Reply from ptd: 'Error: no measurement to stop'
ptd-server 2022-08-01 01:44:47,929 [INFO] Sending to ptd: 'SR,V,Auto'
ptd-server 2022-08-01 01:44:48,431 [INFO] Reply from ptd: 'Range V changed'
ptd-server 2022-08-01 01:44:48,432 [INFO] Sending to ptd: 'SR,A,0.500000'
ptd-server 2022-08-01 01:44:49,933 [INFO] Reply from ptd: 'Range A changed'
ptd-server 2022-08-01 01:44:49,933 [INFO] Set initial values for Amps 0.500000 and Volts Auto
ptd-server 2022-08-01 01:44:49,933 [INFO] Stopping ptd...
