ptd-server 2022-07-21 22:29:18,809 [INFO] Got command from the client 'time'
ptd-server 2022-07-21 22:29:18,809 [INFO] Sending reply to client '1658438958.8094792'
ptd-server 2022-07-21 22:29:18,810 [INFO] Got command from the client 'new,,5abdcd56-e52a-4722-bee5-c3240bfb5e62'
ptd-server 2022-07-21 22:29:18,811 [INFO] Sending reply to client 'OK 2022-07-21_22-29-18,c3885475-0150-4c08-b8b3-196ea7f90678'
ptd-server 2022-07-21 22:29:18,839 [INFO] Got command from the client 'time'
ptd-server 2022-07-21 22:29:18,839 [INFO] Sending reply to client '1658438958.8392122'
ptd-server 2022-07-21 22:29:18,840 [INFO] Got command from the client 'session,2022-07-21_22-29-18,start,ranging'
ptd-server 2022-07-21 22:29:18,840 [INFO] Running PTDaemon: ['/home/anton/projects/mlperf/power/inference_v1.0/ptd-linux-x86', '-l', '/tmp/tmp7lgbo8s4/ptd_logfile.txt', '-p', '8888', '49', '/dev/usbtmc0']
ptd-server 2022-07-21 22:29:36,015 [INFO] Sending to ptd: 'Hello'
ptd-server 2022-07-21 22:29:36,016 [INFO] Reply from ptd: 'Hello, PTDaemon here!'
ptd-server 2022-07-21 22:29:36,016 [INFO] Sending to ptd: 'Identify'
ptd-server 2022-07-21 22:29:36,016 [INFO] Reply from ptd: 'YokogawaWT310E,1000,1,1,1,1,0,1,1,version=1.9.2-e8c7a49a-20201208,OS=Linux 5.13.0-52-generic #59~20.04.1-Ubuntu SMP Thu Jun 16 21:21:28 UTC 2022 x86_64,mode=power,1,1,1,0,0,no_cal_date,YOKOGAWA;WT310E;C3XA04010E;F1.04'
ptd-server 2022-07-21 22:29:36,017 [INFO] Connected to PTDaemon
ptd-server 2022-07-21 22:29:36,017 [INFO] Sending to ptd: 'RR'
ptd-server 2022-07-21 22:29:36,017 [INFO] Reply from ptd: 'Ranges,0,0.500000,1,300.000000'
ptd-server 2022-07-21 22:29:36,017 [INFO] Initial range for Amps is 0.500000 for Volts is Auto
ptd-server 2022-07-21 22:29:36,017 [INFO] Sending to ptd: 'SR,V,Auto'
ptd-server 2022-07-21 22:29:36,520 [INFO] Reply from ptd: 'Range V changed'
ptd-server 2022-07-21 22:29:36,520 [INFO] Sending to ptd: 'SR,A,Auto'
ptd-server 2022-07-21 22:29:37,022 [INFO] Reply from ptd: 'Range A changed'
ptd-server 2022-07-21 22:29:47,033 [INFO] Starting ranging mode
ptd-server 2022-07-21 22:29:47,033 [INFO] Sending to ptd: 'Go,1000,0,2022-07-21_22-29-18_ranging'
ptd-server 2022-07-21 22:29:47,033 [INFO] Reply from ptd: 'Starting untimed measurement, maximum 500000 samples at 1000ms with 0 rampup samples'
ptd-server 2022-07-21 22:29:47,033 [INFO] Sending reply to client 'OK'
ptd-server 2022-07-21 22:40:08,353 [INFO] Got command from the client 'session,2022-07-21_22-29-18,stop,ranging'
ptd-server 2022-07-21 22:40:18,363 [INFO] Sending to ptd: 'Stop'
ptd-server 2022-07-21 22:40:18,364 [INFO] Reply from ptd: 'Stopping untimed measurement'
ptd-server 2022-07-21 22:40:18,742 [INFO] Sending reply to client 'OK'
ptd-server 2022-07-21 22:40:18,784 [INFO] Got command from the client 'time'
ptd-server 2022-07-21 22:40:18,784 [INFO] Sending reply to client '1658439618.784963'
ptd-server 2022-07-21 22:40:18,785 [INFO] Got command from the client 'session,2022-07-21_22-29-18,start,testing'
ptd-server 2022-07-21 22:40:18,786 [INFO] Sending to ptd: 'SR,V,249.300000'
ptd-server 2022-07-21 22:40:20,534 [INFO] Reply from ptd: 'Range V changed'
ptd-server 2022-07-21 22:40:20,535 [INFO] Sending to ptd: 'SR,A,0.071510'
ptd-server 2022-07-21 22:40:22,036 [INFO] Reply from ptd: 'Range A changed'
ptd-server 2022-07-21 22:40:32,046 [INFO] Starting testing mode
ptd-server 2022-07-21 22:40:32,046 [INFO] Sending to ptd: 'Go,1000,0,2022-07-21_22-29-18_testing'
ptd-server 2022-07-21 22:40:32,047 [INFO] Reply from ptd: 'Starting untimed measurement, maximum 500000 samples at 1000ms with 0 rampup samples'
ptd-server 2022-07-21 22:40:32,047 [INFO] Sending reply to client 'OK'
ptd-server 2022-07-21 22:50:53,129 [INFO] Got command from the client 'session,2022-07-21_22-29-18,stop,testing'
ptd-server 2022-07-21 22:51:03,140 [INFO] Sending to ptd: 'Stop'
ptd-server 2022-07-21 22:51:03,140 [INFO] Reply from ptd: 'Stopping untimed measurement'
ptd-server 2022-07-21 22:51:03,344 [INFO] Sending reply to client 'OK'
ptd-server 2022-07-21 22:51:03,352 [INFO] Got command from the client 'session,2022-07-21_22-29-18,done'
ptd-server 2022-07-21 22:51:03,352 [INFO] Sending to ptd: 'Stop'
ptd-server 2022-07-21 22:51:04,047 [INFO] Reply from ptd: 'Error: no measurement to stop'
ptd-server 2022-07-21 22:51:04,047 [INFO] Sending to ptd: 'SR,V,Auto'
ptd-server 2022-07-21 22:51:04,550 [INFO] Reply from ptd: 'Range V changed'
ptd-server 2022-07-21 22:51:04,550 [INFO] Sending to ptd: 'SR,A,0.500000'
ptd-server 2022-07-21 22:51:06,051 [INFO] Reply from ptd: 'Range A changed'
ptd-server 2022-07-21 22:51:06,051 [INFO] Set initial values for Amps 0.500000 and Volts Auto
ptd-server 2022-07-21 22:51:06,052 [INFO] Stopping ptd...
