ptd-server 2022-07-24 21:50:01,204 [INFO] Got command from the client 'time'
ptd-server 2022-07-24 21:50:01,205 [INFO] Sending reply to client '1658695801.2049637'
ptd-server 2022-07-24 21:50:01,206 [INFO] Got command from the client 'new,,eeba1b1a-8b44-461d-b2f6-f00da9a28791'
ptd-server 2022-07-24 21:50:01,206 [INFO] Sending reply to client 'OK 2022-07-24_21-50-01,858770f3-456f-449a-86ae-8fe1adb1f7ef'
ptd-server 2022-07-24 21:50:01,234 [INFO] Got command from the client 'time'
ptd-server 2022-07-24 21:50:01,234 [INFO] Sending reply to client '1658695801.234892'
ptd-server 2022-07-24 21:50:01,236 [INFO] Got command from the client 'session,2022-07-24_21-50-01,start,ranging'
ptd-server 2022-07-24 21:50:01,236 [INFO] Running PTDaemon: ['/home/anton/projects/mlperf/power/inference_v1.0/ptd-linux-x86', '-l', '/tmp/tmp7lgbo8s4/ptd_logfile.txt', '-p', '8888', '49', '/dev/usbtmc0']
ptd-server 2022-07-24 21:50:18,411 [INFO] Sending to ptd: 'Hello'
ptd-server 2022-07-24 21:50:18,412 [INFO] Reply from ptd: 'Hello, PTDaemon here!'
ptd-server 2022-07-24 21:50:18,412 [INFO] Sending to ptd: 'Identify'
ptd-server 2022-07-24 21:50:18,412 [INFO] Reply from ptd: 'YokogawaWT310E,1000,1,1,1,1,0,1,1,version=1.9.2-e8c7a49a-20201208,OS=Linux 5.13.0-52-generic #59~20.04.1-Ubuntu SMP Thu Jun 16 21:21:28 UTC 2022 x86_64,mode=power,1,1,1,0,0,no_cal_date,YOKOGAWA;WT310E;C3XA04010E;F1.04'
ptd-server 2022-07-24 21:50:18,412 [INFO] Connected to PTDaemon
ptd-server 2022-07-24 21:50:18,412 [INFO] Sending to ptd: 'RR'
ptd-server 2022-07-24 21:50:18,413 [INFO] Reply from ptd: 'Ranges,0,0.500000,1,300.000000'
ptd-server 2022-07-24 21:50:18,413 [INFO] Initial range for Amps is 0.500000 for Volts is Auto
ptd-server 2022-07-24 21:50:18,413 [INFO] Sending to ptd: 'SR,V,Auto'
ptd-server 2022-07-24 21:50:18,916 [INFO] Reply from ptd: 'Range V changed'
ptd-server 2022-07-24 21:50:18,916 [INFO] Sending to ptd: 'SR,A,Auto'
ptd-server 2022-07-24 21:50:19,418 [INFO] Reply from ptd: 'Range A changed'
ptd-server 2022-07-24 21:50:29,428 [INFO] Starting ranging mode
ptd-server 2022-07-24 21:50:29,429 [INFO] Sending to ptd: 'Go,1000,0,2022-07-24_21-50-01_ranging'
ptd-server 2022-07-24 21:50:29,429 [INFO] Reply from ptd: 'Starting untimed measurement, maximum 500000 samples at 1000ms with 0 rampup samples'
ptd-server 2022-07-24 21:50:29,429 [INFO] Sending reply to client 'OK'
ptd-server 2022-07-24 22:00:47,608 [INFO] Got command from the client 'session,2022-07-24_21-50-01,stop,ranging'
ptd-server 2022-07-24 22:00:57,618 [INFO] Sending to ptd: 'Stop'
ptd-server 2022-07-24 22:00:57,618 [INFO] Reply from ptd: 'Stopping untimed measurement'
ptd-server 2022-07-24 22:00:58,352 [INFO] Sending reply to client 'OK'
ptd-server 2022-07-24 22:00:58,389 [INFO] Got command from the client 'time'
ptd-server 2022-07-24 22:00:58,389 [INFO] Sending reply to client '1658696458.3898735'
ptd-server 2022-07-24 22:00:58,391 [INFO] Got command from the client 'session,2022-07-24_21-50-01,start,testing'
ptd-server 2022-07-24 22:00:58,391 [INFO] Sending to ptd: 'SR,V,249.300000'
ptd-server 2022-07-24 22:00:59,930 [INFO] Reply from ptd: 'Range V changed'
ptd-server 2022-07-24 22:00:59,931 [INFO] Sending to ptd: 'SR,A,0.052270'
ptd-server 2022-07-24 22:01:01,432 [INFO] Reply from ptd: 'Range A changed'
ptd-server 2022-07-24 22:01:11,442 [INFO] Starting testing mode
ptd-server 2022-07-24 22:01:11,442 [INFO] Sending to ptd: 'Go,1000,0,2022-07-24_21-50-01_testing'
ptd-server 2022-07-24 22:01:11,443 [INFO] Reply from ptd: 'Starting untimed measurement, maximum 500000 samples at 1000ms with 0 rampup samples'
ptd-server 2022-07-24 22:01:11,443 [INFO] Sending reply to client 'OK'
ptd-server 2022-07-24 22:11:29,571 [INFO] Got command from the client 'session,2022-07-24_21-50-01,stop,testing'
ptd-server 2022-07-24 22:11:39,581 [INFO] Sending to ptd: 'Stop'
ptd-server 2022-07-24 22:11:39,582 [INFO] Reply from ptd: 'Stopping untimed measurement'
ptd-server 2022-07-24 22:11:39,960 [INFO] Sending reply to client 'OK'
ptd-server 2022-07-24 22:11:39,969 [INFO] Got command from the client 'session,2022-07-24_21-50-01,done'
ptd-server 2022-07-24 22:11:39,969 [INFO] Sending to ptd: 'Stop'
ptd-server 2022-07-24 22:11:40,444 [INFO] Reply from ptd: 'Error: no measurement to stop'
ptd-server 2022-07-24 22:11:40,444 [INFO] Sending to ptd: 'SR,V,Auto'
ptd-server 2022-07-24 22:11:40,946 [INFO] Reply from ptd: 'Range V changed'
ptd-server 2022-07-24 22:11:40,947 [INFO] Sending to ptd: 'SR,A,0.500000'
ptd-server 2022-07-24 22:11:42,448 [INFO] Reply from ptd: 'Range A changed'
ptd-server 2022-07-24 22:11:42,449 [INFO] Set initial values for Amps 0.500000 and Volts Auto
ptd-server 2022-07-24 22:11:42,449 [INFO] Stopping ptd...
