ptd-server 2022-08-02 15:27:33,112 [INFO] Got command from the client 'time'
ptd-server 2022-08-02 15:27:33,112 [INFO] Sending reply to client '1659450453.1125286'
ptd-server 2022-08-02 15:27:33,113 [INFO] Got command from the client 'new,,42c9eea3-4feb-4452-aabd-0db4315adad5'
ptd-server 2022-08-02 15:27:33,113 [INFO] Sending reply to client 'OK 2022-08-02_15-27-33,087eb34d-fd8e-45c4-a315-447044d692aa'
ptd-server 2022-08-02 15:27:33,142 [INFO] Got command from the client 'time'
ptd-server 2022-08-02 15:27:33,142 [INFO] Sending reply to client '1659450453.142583'
ptd-server 2022-08-02 15:27:33,143 [INFO] Got command from the client 'session,2022-08-02_15-27-33,start,ranging'
ptd-server 2022-08-02 15:27:33,143 [INFO] Running PTDaemon: ['/home/anton/projects/mlperf/power/inference_v1.0/ptd-linux-x86', '-l', '/tmp/tmp7lgbo8s4/ptd_logfile.txt', '-p', '8888', '49', '/dev/usbtmc0']
ptd-server 2022-08-02 15:27:50,318 [INFO] Sending to ptd: 'Hello'
ptd-server 2022-08-02 15:27:50,318 [INFO] Reply from ptd: 'Hello, PTDaemon here!'
ptd-server 2022-08-02 15:27:50,319 [INFO] Sending to ptd: 'Identify'
ptd-server 2022-08-02 15:27:50,319 [INFO] Reply from ptd: 'YokogawaWT310E,1000,1,1,1,1,0,1,1,version=1.9.2-e8c7a49a-20201208,OS=Linux 5.13.0-52-generic #59~20.04.1-Ubuntu SMP Thu Jun 16 21:21:28 UTC 2022 x86_64,mode=power,1,1,1,0,0,no_cal_date,YOKOGAWA;WT310E;C3XA04010E;F1.04'
ptd-server 2022-08-02 15:27:50,319 [INFO] Connected to PTDaemon
ptd-server 2022-08-02 15:27:50,319 [INFO] Sending to ptd: 'RR'
ptd-server 2022-08-02 15:27:50,320 [INFO] Reply from ptd: 'Ranges,0,0.500000,1,300.000000'
ptd-server 2022-08-02 15:27:50,320 [INFO] Initial range for Amps is 0.500000 for Volts is Auto
ptd-server 2022-08-02 15:27:50,320 [INFO] Sending to ptd: 'SR,V,Auto'
ptd-server 2022-08-02 15:27:50,822 [INFO] Reply from ptd: 'Range V changed'
ptd-server 2022-08-02 15:27:50,823 [INFO] Sending to ptd: 'SR,A,Auto'
ptd-server 2022-08-02 15:27:51,325 [INFO] Reply from ptd: 'Range A changed'
ptd-server 2022-08-02 15:28:01,335 [INFO] Starting ranging mode
ptd-server 2022-08-02 15:28:01,336 [INFO] Sending to ptd: 'Go,1000,0,2022-08-02_15-27-33_ranging'
ptd-server 2022-08-02 15:28:01,336 [INFO] Reply from ptd: 'Starting untimed measurement, maximum 500000 samples at 1000ms with 0 rampup samples'
ptd-server 2022-08-02 15:28:01,336 [INFO] Sending reply to client 'OK'
ptd-server 2022-08-02 15:38:15,692 [INFO] Got command from the client 'session,2022-08-02_15-27-33,stop,ranging'
ptd-server 2022-08-02 15:38:25,702 [INFO] Sending to ptd: 'Stop'
ptd-server 2022-08-02 15:38:25,703 [INFO] Reply from ptd: 'Stopping untimed measurement'
ptd-server 2022-08-02 15:38:27,249 [INFO] Sending reply to client 'OK'
ptd-server 2022-08-02 15:38:27,287 [INFO] Got command from the client 'time'
ptd-server 2022-08-02 15:38:27,287 [INFO] Sending reply to client '1659451107.2879488'
ptd-server 2022-08-02 15:38:27,289 [INFO] Got command from the client 'session,2022-08-02_15-27-33,start,testing'
ptd-server 2022-08-02 15:38:27,289 [INFO] Sending to ptd: 'SR,V,253.330000'
ptd-server 2022-08-02 15:38:28,790 [INFO] Reply from ptd: 'Range V changed'
ptd-server 2022-08-02 15:38:28,791 [INFO] Sending to ptd: 'SR,A,0.260870'
ptd-server 2022-08-02 15:38:30,292 [INFO] Reply from ptd: 'Range A changed'
ptd-server 2022-08-02 15:38:40,302 [INFO] Starting testing mode
ptd-server 2022-08-02 15:38:40,302 [INFO] Sending to ptd: 'Go,1000,0,2022-08-02_15-27-33_testing'
ptd-server 2022-08-02 15:38:40,303 [INFO] Reply from ptd: 'Starting untimed measurement, maximum 500000 samples at 1000ms with 0 rampup samples'
ptd-server 2022-08-02 15:38:40,303 [INFO] Sending reply to client 'OK'
ptd-server 2022-08-02 15:48:54,554 [INFO] Got command from the client 'session,2022-08-02_15-27-33,stop,testing'
ptd-server 2022-08-02 15:49:04,565 [INFO] Sending to ptd: 'Stop'
ptd-server 2022-08-02 15:49:04,565 [INFO] Reply from ptd: 'Stopping untimed measurement'
ptd-server 2022-08-02 15:49:05,344 [INFO] Sending reply to client 'OK'
ptd-server 2022-08-02 15:49:05,369 [INFO] Got command from the client 'session,2022-08-02_15-27-33,done'
ptd-server 2022-08-02 15:49:05,369 [INFO] Sending to ptd: 'Stop'
ptd-server 2022-08-02 15:49:05,369 [INFO] Reply from ptd: 'Error: no measurement to stop'
ptd-server 2022-08-02 15:49:05,369 [INFO] Sending to ptd: 'SR,V,Auto'
ptd-server 2022-08-02 15:49:05,872 [INFO] Reply from ptd: 'Range V changed'
ptd-server 2022-08-02 15:49:05,872 [INFO] Sending to ptd: 'SR,A,0.500000'
ptd-server 2022-08-02 15:49:07,373 [INFO] Reply from ptd: 'Range A changed'
ptd-server 2022-08-02 15:49:07,374 [INFO] Set initial values for Amps 0.500000 and Volts Auto
ptd-server 2022-08-02 15:49:07,374 [INFO] Stopping ptd...
