ptd-server 2022-07-27 18:46:48,832 [INFO] Got command from the client 'time'
ptd-server 2022-07-27 18:46:48,832 [INFO] Sending reply to client '1658944008.832672'
ptd-server 2022-07-27 18:46:48,836 [INFO] Got command from the client 'new,,4706ed9b-9a17-4dd4-92e5-835bf610ec2e'
ptd-server 2022-07-27 18:46:48,837 [INFO] Sending reply to client 'OK 2022-07-27_18-46-48,21c1eced-cef1-44de-9f25-9a545acca82b'
ptd-server 2022-07-27 18:46:48,935 [INFO] Got command from the client 'time'
ptd-server 2022-07-27 18:46:48,935 [INFO] Sending reply to client '1658944008.9353304'
ptd-server 2022-07-27 18:46:48,939 [INFO] Got command from the client 'session,2022-07-27_18-46-48,start,ranging'
ptd-server 2022-07-27 18:46:48,939 [INFO] Running PTDaemon: ['/home/anton/projects/mlperf/power/inference_v1.0/ptd-linux-x86', '-l', '/tmp/tmp7lgbo8s4/ptd_logfile.txt', '-p', '8888', '49', '/dev/usbtmc0']
ptd-server 2022-07-27 18:47:06,113 [INFO] Sending to ptd: 'Hello'
ptd-server 2022-07-27 18:47:06,114 [INFO] Reply from ptd: 'Hello, PTDaemon here!'
ptd-server 2022-07-27 18:47:06,114 [INFO] Sending to ptd: 'Identify'
ptd-server 2022-07-27 18:47:06,114 [INFO] Reply from ptd: 'YokogawaWT310E,1000,1,1,1,1,0,1,1,version=1.9.2-e8c7a49a-20201208,OS=Linux 5.13.0-52-generic #59~20.04.1-Ubuntu SMP Thu Jun 16 21:21:28 UTC 2022 x86_64,mode=power,1,1,1,0,0,no_cal_date,YOKOGAWA;WT310E;C3XA04010E;F1.04'
ptd-server 2022-07-27 18:47:06,114 [INFO] Connected to PTDaemon
ptd-server 2022-07-27 18:47:06,115 [INFO] Sending to ptd: 'RR'
ptd-server 2022-07-27 18:47:06,115 [INFO] Reply from ptd: 'Ranges,0,0.500000,1,300.000000'
ptd-server 2022-07-27 18:47:06,115 [INFO] Initial range for Amps is 0.500000 for Volts is Auto
ptd-server 2022-07-27 18:47:06,115 [INFO] Sending to ptd: 'SR,V,Auto'
ptd-server 2022-07-27 18:47:06,618 [INFO] Reply from ptd: 'Range V changed'
ptd-server 2022-07-27 18:47:06,618 [INFO] Sending to ptd: 'SR,A,Auto'
ptd-server 2022-07-27 18:47:07,120 [INFO] Reply from ptd: 'Range A changed'
ptd-server 2022-07-27 18:47:17,129 [INFO] Starting ranging mode
ptd-server 2022-07-27 18:47:17,129 [INFO] Sending to ptd: 'Go,1000,0,2022-07-27_18-46-48_ranging'
ptd-server 2022-07-27 18:47:17,129 [INFO] Reply from ptd: 'Starting untimed measurement, maximum 500000 samples at 1000ms with 0 rampup samples'
ptd-server 2022-07-27 18:47:17,130 [INFO] Sending reply to client 'OK'
ptd-server 2022-07-27 18:57:32,386 [INFO] Got command from the client 'session,2022-07-27_18-46-48,stop,ranging'
ptd-server 2022-07-27 18:57:42,396 [INFO] Sending to ptd: 'Stop'
ptd-server 2022-07-27 18:57:42,397 [INFO] Reply from ptd: 'Stopping untimed measurement'
ptd-server 2022-07-27 18:57:43,396 [INFO] Sending reply to client 'OK'
ptd-server 2022-07-27 18:57:43,589 [INFO] Got command from the client 'time'
ptd-server 2022-07-27 18:57:43,589 [INFO] Sending reply to client '1658944663.5899377'
ptd-server 2022-07-27 18:57:43,594 [INFO] Got command from the client 'session,2022-07-27_18-46-48,start,testing'
ptd-server 2022-07-27 18:57:43,594 [INFO] Sending to ptd: 'SR,V,249.780000'
ptd-server 2022-07-27 18:57:45,096 [INFO] Reply from ptd: 'Range V changed'
ptd-server 2022-07-27 18:57:45,096 [INFO] Sending to ptd: 'SR,A,0.040820'
ptd-server 2022-07-27 18:57:46,597 [INFO] Reply from ptd: 'Range A changed'
ptd-server 2022-07-27 18:57:56,608 [INFO] Starting testing mode
ptd-server 2022-07-27 18:57:56,608 [INFO] Sending to ptd: 'Go,1000,0,2022-07-27_18-46-48_testing'
ptd-server 2022-07-27 18:57:56,608 [INFO] Reply from ptd: 'Starting untimed measurement, maximum 500000 samples at 1000ms with 0 rampup samples'
ptd-server 2022-07-27 18:57:56,608 [INFO] Sending reply to client 'OK'
ptd-server 2022-07-27 19:08:12,039 [INFO] Got command from the client 'session,2022-07-27_18-46-48,stop,testing'
ptd-server 2022-07-27 19:08:22,049 [INFO] Sending to ptd: 'Stop'
ptd-server 2022-07-27 19:08:22,050 [INFO] Reply from ptd: 'Stopping untimed measurement'
ptd-server 2022-07-27 19:08:22,566 [INFO] Sending reply to client 'OK'
ptd-server 2022-07-27 19:08:22,592 [INFO] Got command from the client 'session,2022-07-27_18-46-48,done'
ptd-server 2022-07-27 19:08:22,592 [INFO] Sending to ptd: 'Stop'
ptd-server 2022-07-27 19:08:22,608 [INFO] Reply from ptd: 'Error: no measurement to stop'
ptd-server 2022-07-27 19:08:22,609 [INFO] Sending to ptd: 'SR,V,Auto'
ptd-server 2022-07-27 19:08:23,111 [INFO] Reply from ptd: 'Range V changed'
ptd-server 2022-07-27 19:08:23,111 [INFO] Sending to ptd: 'SR,A,0.500000'
ptd-server 2022-07-27 19:08:24,613 [INFO] Reply from ptd: 'Range A changed'
ptd-server 2022-07-27 19:08:24,613 [INFO] Set initial values for Amps 0.500000 and Volts Auto
ptd-server 2022-07-27 19:08:24,613 [INFO] Stopping ptd...
