ptd-server 2022-07-25 21:45:50,023 [INFO] Got command from the client 'time'
ptd-server 2022-07-25 21:45:50,023 [INFO] Sending reply to client '1658781950.0236077'
ptd-server 2022-07-25 21:45:50,024 [INFO] Got command from the client 'new,,0eeb24b2-8d7b-40a0-b7e2-0c4d8dc2f2fe'
ptd-server 2022-07-25 21:45:50,025 [INFO] Sending reply to client 'OK 2022-07-25_21-45-50,153b6220-5e27-4f67-a971-ed91c9987169'
ptd-server 2022-07-25 21:45:50,055 [INFO] Got command from the client 'time'
ptd-server 2022-07-25 21:45:50,055 [INFO] Sending reply to client '1658781950.0557153'
ptd-server 2022-07-25 21:45:50,056 [INFO] Got command from the client 'session,2022-07-25_21-45-50,start,ranging'
ptd-server 2022-07-25 21:45:50,057 [INFO] Running PTDaemon: ['/home/anton/projects/mlperf/power/inference_v1.0/ptd-linux-x86', '-l', '/tmp/tmp7lgbo8s4/ptd_logfile.txt', '-p', '8888', '49', '/dev/usbtmc0']
ptd-server 2022-07-25 21:46:07,231 [INFO] Sending to ptd: 'Hello'
ptd-server 2022-07-25 21:46:07,231 [INFO] Reply from ptd: 'Hello, PTDaemon here!'
ptd-server 2022-07-25 21:46:07,232 [INFO] Sending to ptd: 'Identify'
ptd-server 2022-07-25 21:46:07,232 [INFO] Reply from ptd: 'YokogawaWT310E,1000,1,1,1,1,0,1,1,version=1.9.2-e8c7a49a-20201208,OS=Linux 5.13.0-52-generic #59~20.04.1-Ubuntu SMP Thu Jun 16 21:21:28 UTC 2022 x86_64,mode=power,1,1,1,0,0,no_cal_date,YOKOGAWA;WT310E;C3XA04010E;F1.04'
ptd-server 2022-07-25 21:46:07,232 [INFO] Connected to PTDaemon
ptd-server 2022-07-25 21:46:07,232 [INFO] Sending to ptd: 'RR'
ptd-server 2022-07-25 21:46:07,233 [INFO] Reply from ptd: 'Ranges,0,0.500000,1,300.000000'
ptd-server 2022-07-25 21:46:07,233 [INFO] Initial range for Amps is 0.500000 for Volts is Auto
ptd-server 2022-07-25 21:46:07,233 [INFO] Sending to ptd: 'SR,V,Auto'
ptd-server 2022-07-25 21:46:07,735 [INFO] Reply from ptd: 'Range V changed'
ptd-server 2022-07-25 21:46:07,736 [INFO] Sending to ptd: 'SR,A,Auto'
ptd-server 2022-07-25 21:46:08,238 [INFO] Reply from ptd: 'Range A changed'
ptd-server 2022-07-25 21:46:18,248 [INFO] Starting ranging mode
ptd-server 2022-07-25 21:46:18,249 [INFO] Sending to ptd: 'Go,1000,0,2022-07-25_21-45-50_ranging'
ptd-server 2022-07-25 21:46:18,249 [INFO] Reply from ptd: 'Starting untimed measurement, maximum 500000 samples at 1000ms with 0 rampup samples'
ptd-server 2022-07-25 21:46:18,249 [INFO] Sending reply to client 'OK'
ptd-server 2022-07-25 21:56:40,153 [INFO] Got command from the client 'session,2022-07-25_21-45-50,stop,ranging'
ptd-server 2022-07-25 21:56:50,163 [INFO] Sending to ptd: 'Stop'
ptd-server 2022-07-25 21:56:50,164 [INFO] Reply from ptd: 'Stopping untimed measurement'
ptd-server 2022-07-25 21:56:50,972 [INFO] Sending reply to client 'OK'
ptd-server 2022-07-25 21:56:51,041 [INFO] Got command from the client 'time'
ptd-server 2022-07-25 21:56:51,041 [INFO] Sending reply to client '1658782611.041653'
ptd-server 2022-07-25 21:56:51,042 [INFO] Got command from the client 'session,2022-07-25_21-45-50,start,testing'
ptd-server 2022-07-25 21:56:51,042 [INFO] Sending to ptd: 'SR,V,248.600000'
ptd-server 2022-07-25 21:56:52,544 [INFO] Reply from ptd: 'Range V changed'
ptd-server 2022-07-25 21:56:52,544 [INFO] Sending to ptd: 'SR,A,0.064100'
ptd-server 2022-07-25 21:56:54,045 [INFO] Reply from ptd: 'Range A changed'
ptd-server 2022-07-25 21:57:04,056 [INFO] Starting testing mode
ptd-server 2022-07-25 21:57:04,056 [INFO] Sending to ptd: 'Go,1000,0,2022-07-25_21-45-50_testing'
ptd-server 2022-07-25 21:57:04,056 [INFO] Reply from ptd: 'Starting untimed measurement, maximum 500000 samples at 1000ms with 0 rampup samples'
ptd-server 2022-07-25 21:57:04,056 [INFO] Sending reply to client 'OK'
ptd-server 2022-07-25 22:07:20,542 [INFO] Got command from the client 'session,2022-07-25_21-45-50,stop,testing'
ptd-server 2022-07-25 22:07:30,552 [INFO] Sending to ptd: 'Stop'
ptd-server 2022-07-25 22:07:30,553 [INFO] Reply from ptd: 'Stopping untimed measurement'
ptd-server 2022-07-25 22:07:30,965 [INFO] Sending reply to client 'OK'
ptd-server 2022-07-25 22:07:30,973 [INFO] Got command from the client 'session,2022-07-25_21-45-50,done'
ptd-server 2022-07-25 22:07:30,974 [INFO] Sending to ptd: 'Stop'
ptd-server 2022-07-25 22:07:31,057 [INFO] Reply from ptd: 'Error: no measurement to stop'
ptd-server 2022-07-25 22:07:31,057 [INFO] Sending to ptd: 'SR,V,Auto'
ptd-server 2022-07-25 22:07:31,559 [INFO] Reply from ptd: 'Range V changed'
ptd-server 2022-07-25 22:07:31,559 [INFO] Sending to ptd: 'SR,A,0.500000'
ptd-server 2022-07-25 22:07:33,061 [INFO] Reply from ptd: 'Range A changed'
ptd-server 2022-07-25 22:07:33,061 [INFO] Set initial values for Amps 0.500000 and Volts Auto
ptd-server 2022-07-25 22:07:33,061 [INFO] Stopping ptd...
