client 2022-08-03 02:25:07,753 [INFO] Sending command to the server: 'mlcommons/power client v3'
client 2022-08-03 02:25:07,755 [INFO] Got response: 'mlcommons/power server v3'
client 2022-08-03 02:25:07,755 [INFO] Synchronizing with the server and with ntp1.css.fujitsu.com...
client 2022-08-03 02:25:07,791 [INFO] NTP:offset = -0.000 s, delay = 0.015 s 
client 2022-08-03 02:25:07,792 [INFO] Sending command to the server: 'time'
client 2022-08-03 02:25:07,794 [INFO] Got response: '1659493507.8530834'
client 2022-08-03 02:25:07,794 [INFO] The time difference between the client and the server is within range -61.106 ms..-58.706 ms
client 2022-08-03 02:25:07,794 [INFO] Sending command to the server: 'new,,cd6dcf93-92fe-42e5-9e30-35dc31c10583'
client 2022-08-03 02:25:07,798 [INFO] Got response: 'OK 2022-08-03_11-25-07,a201ed15-6892-4dbc-bcf6-99bf4e3e8c2b'
client 2022-08-03 02:25:07,798 [INFO] Session id is '2022-08-03_11-25-07'
client 2022-08-03 02:25:07,798 [INFO] Sources: {"sources": {"__init__.py": "da39a3ee5e6b4b0d3255bfef95601890afd80709", "client.py": "33ca4f26368777ac06e01f9567b714a4b8063886", "lib/__init__.py": "da39a3ee5e6b4b0d3255bfef95601890afd80709", "lib/client.py": "4c2b78fb4849a7e5b584ef792d82aaed20b17f57", "lib/common.py": "624d0c0acc7c39aaff3674f0b99d6a09da53d1dc", "lib/external/__init__.py": "da39a3ee5e6b4b0d3255bfef95601890afd80709", "lib/external/ntplib.py": "4da8f970656505a40483206ef2b5d3dd5e81711d", "lib/server.py": "59c9fb92908260d3e9f81a895c7aa009742275e4", "lib/source_hashes.py": "60a2e02193209e8d392803326208d5466342da18", "lib/summary.py": "aa92f0a3f975eecd44d3c0cd0236342ccc9f941d", "lib/time_sync.py": "3210db56eb0ff0df57bf4293dc4d4b03fffd46f1", "server.py": "c3f90f2f7eeb4db30727556d0c815ebc89b3d28b", "tests/unit/__init__.py": "da39a3ee5e6b4b0d3255bfef95601890afd80709", "tests/unit/test_server.py": "99ae15aef722f2000ee6ed1ae1523637bf1ae42b", "tests/unit/test_source_hashes.py": "00468a2907583c593e6574a1f6b404e4651c221a"}, "modules": {"ptd_client_server.lib.client": "lib/client.py", "ptd_client_server.lib.common": "lib/common.py", "ptd_client_server.lib.external.ntplib": "lib/external/ntplib.py", "ptd_client_server.lib.source_hashes": "lib/source_hashes.py", "ptd_client_server.lib.summary": "lib/summary.py", "ptd_client_server.lib.time_sync": "lib/time_sync.py"}}
client 2022-08-03 02:25:07,798 [INFO] Running workload in ranging mode
client 2022-08-03 02:25:07,798 [INFO] Synchronizing with the server and with ntp1.css.fujitsu.com...
client 2022-08-03 02:25:07,818 [INFO] NTP:offset = -0.000 s, delay = 0.015 s 
client 2022-08-03 02:25:07,818 [INFO] Sending command to the server: 'time'
client 2022-08-03 02:25:07,822 [INFO] Got response: '1659493507.8843024'
client 2022-08-03 02:25:07,822 [INFO] The time difference between the client and the server is within range -65.595 ms..-61.408 ms
client 2022-08-03 02:25:07,823 [INFO] Sending command to the server: 'session,2022-08-03_11-25-07,start,ranging'
client 2022-08-03 02:25:38,059 [INFO] Got response: 'OK'
client 2022-08-03 02:25:38,059 [INFO] Running the workload 'LOG_DIR=/work/build/power_logs_temp python3 -m code.main_v2 --benchmarks=bert --scenarios=Server --test_mode=PerformanceOnly --accuracy_target=0.99 --power_setting=MaxQ --action="run_harness" \\\n\t\t2>&1 | tee -a /work/build/power_logs/2022.08.03-02.24.27/stdout.txt \\\n\t\t&& if [ ! -d /work/build/power_logs/2022.08.03-02.24.27/ranging_tmp ]; \\\n\t\t\tthen mkdir /work/build/power_logs/2022.08.03-02.24.27/ranging_tmp \\\n\t\t\t\t&& mv /work/build/power_logs_temp/* /work/build/power_logs/2022.08.03-02.24.27/ranging_tmp/ \\\n\t\t\t\t&& cp -v /work/build/power_logs/2022.08.03-02.24.27/ranging_tmp/*/*/*/mlperf_log_detail.txt /work/build/power_logs_temp/ \\\n\t\t\t\t&& cp -v /work/build/power_logs/2022.08.03-02.24.27/ranging_tmp/*/*/*/mlperf_log_summary.txt /work/build/power_logs_temp/; \\\n\t\t\telse mkdir /work/build/power_logs/2022.08.03-02.24.27/testing_tmp \\\n\t\t\t\t&& mv /work/build/power_logs_temp/* /work/build/power_logs/2022.08.03-02.24.27/testing_tmp/ \\\n\t\t\t\t&& cp -v /work/build/power_logs/2022.08.03-02.24.27/testing_tmp/*/*/*/mlperf_log_detail.txt /work/build/power_logs_temp/ \\\n\t\t\t\t&& cp -v /work/build/power_logs/2022.08.03-02.24.27/testing_tmp/*/*/*/mlperf_log_summary.txt /work/build/power_logs_temp/; fi'
client 2022-08-03 02:37:01,356 [INFO] Sending command to the server: 'session,2022-08-03_11-25-07,stop,ranging'
client 2022-08-03 02:37:11,438 [INFO] Got response: 'OK'
client 2022-08-03 02:37:11,448 [INFO] Copying loadgen logs from '/work/build/power_logs_temp' to '/work/build/power_logs/2022.08.03-02.24.27/2022-08-03_11-25-07/ranging'
client 2022-08-03 02:37:11,449 [INFO] Running workload in testing mode
client 2022-08-03 02:37:11,450 [INFO] Synchronizing with the server and with ntp1.css.fujitsu.com...
client 2022-08-03 02:37:11,468 [INFO] NTP:offset = 0.000 s, delay = 0.015 s 
client 2022-08-03 02:37:11,469 [INFO] Sending command to the server: 'time'
client 2022-08-03 02:37:11,476 [INFO] Got response: '1659494231.5337553'
client 2022-08-03 02:37:11,476 [INFO] The time difference between the client and the server is within range -64.700 ms..-57.425 ms
client 2022-08-03 02:37:11,476 [INFO] Sending command to the server: 'session,2022-08-03_11-25-07,start,testing'
client 2022-08-03 02:37:25,146 [INFO] Got response: 'OK'
client 2022-08-03 02:37:25,146 [INFO] Running the workload 'LOG_DIR=/work/build/power_logs_temp python3 -m code.main_v2 --benchmarks=bert --scenarios=Server --test_mode=PerformanceOnly --accuracy_target=0.99 --power_setting=MaxQ --action="run_harness" \\\n\t\t2>&1 | tee -a /work/build/power_logs/2022.08.03-02.24.27/stdout.txt \\\n\t\t&& if [ ! -d /work/build/power_logs/2022.08.03-02.24.27/ranging_tmp ]; \\\n\t\t\tthen mkdir /work/build/power_logs/2022.08.03-02.24.27/ranging_tmp \\\n\t\t\t\t&& mv /work/build/power_logs_temp/* /work/build/power_logs/2022.08.03-02.24.27/ranging_tmp/ \\\n\t\t\t\t&& cp -v /work/build/power_logs/2022.08.03-02.24.27/ranging_tmp/*/*/*/mlperf_log_detail.txt /work/build/power_logs_temp/ \\\n\t\t\t\t&& cp -v /work/build/power_logs/2022.08.03-02.24.27/ranging_tmp/*/*/*/mlperf_log_summary.txt /work/build/power_logs_temp/; \\\n\t\t\telse mkdir /work/build/power_logs/2022.08.03-02.24.27/testing_tmp \\\n\t\t\t\t&& mv /work/build/power_logs_temp/* /work/build/power_logs/2022.08.03-02.24.27/testing_tmp/ \\\n\t\t\t\t&& cp -v /work/build/power_logs/2022.08.03-02.24.27/testing_tmp/*/*/*/mlperf_log_detail.txt /work/build/power_logs_temp/ \\\n\t\t\t\t&& cp -v /work/build/power_logs/2022.08.03-02.24.27/testing_tmp/*/*/*/mlperf_log_summary.txt /work/build/power_logs_temp/; fi'
client 2022-08-03 02:48:38,625 [INFO] Sending command to the server: 'session,2022-08-03_11-25-07,stop,testing'
client 2022-08-03 02:48:48,656 [INFO] Got response: 'OK'
client 2022-08-03 02:48:48,658 [INFO] Copying loadgen logs from '/work/build/power_logs_temp' to '/work/build/power_logs/2022.08.03-02.24.27/2022-08-03_11-25-07/run_1'
client 2022-08-03 02:48:48,659 [INFO] Done runs
