ptd-server 2022-08-03 11:25:07,853 [INFO] Got command from the client 'time'
ptd-server 2022-08-03 11:25:07,853 [INFO] Sending reply to client '1659493507.8530834'
ptd-server 2022-08-03 11:25:07,853 [INFO] Got command from the client 'new,,cd6dcf93-92fe-42e5-9e30-35dc31c10583'
ptd-server 2022-08-03 11:25:07,853 [INFO] Sending reply to client 'OK 2022-08-03_11-25-07,a201ed15-6892-4dbc-bcf6-99bf4e3e8c2b'
ptd-server 2022-08-03 11:25:07,884 [INFO] Got command from the client 'time'
ptd-server 2022-08-03 11:25:07,884 [INFO] Sending reply to client '1659493507.8843024'
ptd-server 2022-08-03 11:25:07,884 [INFO] Got command from the client 'session,2022-08-03_11-25-07,start,ranging'
ptd-server 2022-08-03 11:25:07,993 [INFO] Running PTDaemon: ['C:\\mlperf\\power\\inference_v1.0\\ptd-windows-x86.exe', '-l', 'C:\\Users\\mlperf\\AppData\\Local\\Temp\\tmpfzrz1615\\ptd_logfile.txt', '-p', '8888', '-y', '49', 'C3YB05015E']
ptd-server 2022-08-03 11:25:27,055 [INFO] Sending to ptd: 'Hello'
ptd-server 2022-08-03 11:25:27,055 [INFO] Reply from ptd: 'Hello, PTDaemon here!'
ptd-server 2022-08-03 11:25:27,055 [INFO] Sending to ptd: 'Identify'
ptd-server 2022-08-03 11:25:27,055 [INFO] Reply from ptd: 'YokogawaWT310E,1000,1,1,1,1,0,1,1,version=1.9.2-3976349f-20201208,OS=Windows 8 / Server 2012,mode=power,1,1,1,0,0,no_cal_date,YOKOGAWA;WT310E;C3YB05015E;F1.04'
ptd-server 2022-08-03 11:25:27,055 [INFO] Connected to PTDaemon
ptd-server 2022-08-03 11:25:27,055 [INFO] Sending to ptd: 'RR'
ptd-server 2022-08-03 11:25:27,055 [INFO] Reply from ptd: 'Ranges,1,20.000000,1,300.000000'
ptd-server 2022-08-03 11:25:27,055 [INFO] Initial range for Amps is Auto for Volts is Auto
ptd-server 2022-08-03 11:25:27,055 [INFO] Sending to ptd: 'SR,V,Auto'
ptd-server 2022-08-03 11:25:27,586 [INFO] Reply from ptd: 'Range V changed'
ptd-server 2022-08-03 11:25:27,586 [INFO] Sending to ptd: 'SR,A,Auto'
ptd-server 2022-08-03 11:25:28,104 [INFO] Reply from ptd: 'Range A changed'
ptd-server 2022-08-03 11:25:38,118 [INFO] Starting ranging mode
ptd-server 2022-08-03 11:25:38,118 [INFO] Sending to ptd: 'Go,1000,0,2022-08-03_11-25-07_ranging'
ptd-server 2022-08-03 11:25:38,118 [INFO] Reply from ptd: 'Starting untimed measurement, maximum 500000 samples at 1000ms with 0 rampup samples'
ptd-server 2022-08-03 11:25:38,118 [INFO] Sending reply to client 'OK'
ptd-server 2022-08-03 11:37:01,424 [INFO] Got command from the client 'session,2022-08-03_11-25-07,stop,ranging'
ptd-server 2022-08-03 11:37:11,424 [INFO] Sending to ptd: 'Stop'
ptd-server 2022-08-03 11:37:11,424 [INFO] Reply from ptd: 'Stopping untimed measurement'
ptd-server 2022-08-03 11:37:11,502 [INFO] Sending reply to client 'OK'
ptd-server 2022-08-03 11:37:11,533 [INFO] Got command from the client 'time'
ptd-server 2022-08-03 11:37:11,533 [INFO] Sending reply to client '1659494231.5337553'
ptd-server 2022-08-03 11:37:11,533 [INFO] Got command from the client 'session,2022-08-03_11-25-07,start,testing'
ptd-server 2022-08-03 11:37:11,533 [INFO] Sending to ptd: 'SR,V,201.430000'
ptd-server 2022-08-03 11:37:13,674 [INFO] Reply from ptd: 'Range V changed'
ptd-server 2022-08-03 11:37:13,674 [INFO] Sending to ptd: 'SR,A,17.684000'
ptd-server 2022-08-03 11:37:15,205 [INFO] Reply from ptd: 'Range A changed'
ptd-server 2022-08-03 11:37:25,205 [INFO] Starting testing mode
ptd-server 2022-08-03 11:37:25,205 [INFO] Sending to ptd: 'Go,1000,0,2022-08-03_11-25-07_testing'
ptd-server 2022-08-03 11:37:25,205 [INFO] Reply from ptd: 'Starting untimed measurement, maximum 500000 samples at 1000ms with 0 rampup samples'
ptd-server 2022-08-03 11:37:25,205 [INFO] Sending reply to client 'OK'
ptd-server 2022-08-03 11:48:38,683 [INFO] Got command from the client 'session,2022-08-03_11-25-07,stop,testing'
ptd-server 2022-08-03 11:48:48,683 [INFO] Sending to ptd: 'Stop'
ptd-server 2022-08-03 11:48:48,684 [INFO] Reply from ptd: 'Stopping untimed measurement'
ptd-server 2022-08-03 11:48:48,715 [INFO] Sending reply to client 'OK'
ptd-server 2022-08-03 11:48:48,730 [INFO] Got command from the client 'session,2022-08-03_11-25-07,done'
ptd-server 2022-08-03 11:48:48,730 [INFO] Sending to ptd: 'Stop'
ptd-server 2022-08-03 11:48:49,215 [INFO] Reply from ptd: 'Error: no measurement to stop'
ptd-server 2022-08-03 11:48:49,215 [INFO] Sending to ptd: 'SR,V,Auto'
ptd-server 2022-08-03 11:48:49,730 [INFO] Reply from ptd: 'Range V changed'
ptd-server 2022-08-03 11:48:49,730 [INFO] Sending to ptd: 'SR,A,Auto'
ptd-server 2022-08-03 11:48:50,247 [INFO] Reply from ptd: 'Range A changed'
ptd-server 2022-08-03 11:48:50,247 [INFO] Set initial values for Amps Auto and Volts Auto
ptd-server 2022-08-03 11:48:50,247 [INFO] Stopping ptd...
