ptd-server 2022-07-21 22:07:18,283 [INFO] Got command from the client 'time'
ptd-server 2022-07-21 22:07:18,283 [INFO] Sending reply to client '1658437638.2835844'
ptd-server 2022-07-21 22:07:18,284 [INFO] Got command from the client 'new,,3184c359-185a-4b92-83ec-ecfc368823ae'
ptd-server 2022-07-21 22:07:18,285 [INFO] Sending reply to client 'OK 2022-07-21_22-07-18,9185f39b-333f-462b-81a6-69040b6adf97'
ptd-server 2022-07-21 22:07:18,313 [INFO] Got command from the client 'time'
ptd-server 2022-07-21 22:07:18,313 [INFO] Sending reply to client '1658437638.3134725'
ptd-server 2022-07-21 22:07:18,314 [INFO] Got command from the client 'session,2022-07-21_22-07-18,start,ranging'
ptd-server 2022-07-21 22:07:18,315 [INFO] Running PTDaemon: ['/home/anton/projects/mlperf/power/inference_v1.0/ptd-linux-x86', '-l', '/tmp/tmp7lgbo8s4/ptd_logfile.txt', '-p', '8888', '49', '/dev/usbtmc0']
ptd-server 2022-07-21 22:07:35,489 [INFO] Sending to ptd: 'Hello'
ptd-server 2022-07-21 22:07:35,489 [INFO] Reply from ptd: 'Hello, PTDaemon here!'
ptd-server 2022-07-21 22:07:35,489 [INFO] Sending to ptd: 'Identify'
ptd-server 2022-07-21 22:07:35,490 [INFO] Reply from ptd: 'YokogawaWT310E,1000,1,1,1,1,0,1,1,version=1.9.2-e8c7a49a-20201208,OS=Linux 5.13.0-52-generic #59~20.04.1-Ubuntu SMP Thu Jun 16 21:21:28 UTC 2022 x86_64,mode=power,1,1,1,0,0,no_cal_date,YOKOGAWA;WT310E;C3XA04010E;F1.04'
ptd-server 2022-07-21 22:07:35,490 [INFO] Connected to PTDaemon
ptd-server 2022-07-21 22:07:35,490 [INFO] Sending to ptd: 'RR'
ptd-server 2022-07-21 22:07:35,490 [INFO] Reply from ptd: 'Ranges,0,0.500000,1,300.000000'
ptd-server 2022-07-21 22:07:35,491 [INFO] Initial range for Amps is 0.500000 for Volts is Auto
ptd-server 2022-07-21 22:07:35,491 [INFO] Sending to ptd: 'SR,V,Auto'
ptd-server 2022-07-21 22:07:35,993 [INFO] Reply from ptd: 'Range V changed'
ptd-server 2022-07-21 22:07:35,993 [INFO] Sending to ptd: 'SR,A,Auto'
ptd-server 2022-07-21 22:07:36,496 [INFO] Reply from ptd: 'Range A changed'
ptd-server 2022-07-21 22:07:46,506 [INFO] Starting ranging mode
ptd-server 2022-07-21 22:07:46,506 [INFO] Sending to ptd: 'Go,1000,0,2022-07-21_22-07-18_ranging'
ptd-server 2022-07-21 22:07:46,507 [INFO] Reply from ptd: 'Starting untimed measurement, maximum 500000 samples at 1000ms with 0 rampup samples'
ptd-server 2022-07-21 22:07:46,507 [INFO] Sending reply to client 'OK'
ptd-server 2022-07-21 22:18:13,427 [INFO] Got command from the client 'session,2022-07-21_22-07-18,stop,ranging'
ptd-server 2022-07-21 22:18:23,437 [INFO] Sending to ptd: 'Stop'
ptd-server 2022-07-21 22:18:23,438 [INFO] Reply from ptd: 'Stopping untimed measurement'
ptd-server 2022-07-21 22:18:23,816 [INFO] Sending reply to client 'OK'
ptd-server 2022-07-21 22:18:23,862 [INFO] Got command from the client 'time'
ptd-server 2022-07-21 22:18:23,862 [INFO] Sending reply to client '1658438303.862368'
ptd-server 2022-07-21 22:18:23,863 [INFO] Got command from the client 'session,2022-07-21_22-07-18,start,testing'
ptd-server 2022-07-21 22:18:23,863 [INFO] Sending to ptd: 'SR,V,250.890000'
ptd-server 2022-07-21 22:18:25,364 [INFO] Reply from ptd: 'Range V changed'
ptd-server 2022-07-21 22:18:25,365 [INFO] Sending to ptd: 'SR,A,0.075890'
ptd-server 2022-07-21 22:18:26,866 [INFO] Reply from ptd: 'Range A changed'
ptd-server 2022-07-21 22:18:36,876 [INFO] Starting testing mode
ptd-server 2022-07-21 22:18:36,876 [INFO] Sending to ptd: 'Go,1000,0,2022-07-21_22-07-18_testing'
ptd-server 2022-07-21 22:18:36,877 [INFO] Reply from ptd: 'Starting untimed measurement, maximum 500000 samples at 1000ms with 0 rampup samples'
ptd-server 2022-07-21 22:18:36,877 [INFO] Sending reply to client 'OK'
ptd-server 2022-07-21 22:28:58,179 [INFO] Got command from the client 'session,2022-07-21_22-07-18,stop,testing'
ptd-server 2022-07-21 22:29:08,190 [INFO] Sending to ptd: 'Stop'
ptd-server 2022-07-21 22:29:08,190 [INFO] Reply from ptd: 'Stopping untimed measurement'
ptd-server 2022-07-21 22:29:08,386 [INFO] Sending reply to client 'OK'
ptd-server 2022-07-21 22:29:08,394 [INFO] Got command from the client 'session,2022-07-21_22-07-18,done'
ptd-server 2022-07-21 22:29:08,394 [INFO] Sending to ptd: 'Stop'
ptd-server 2022-07-21 22:29:08,878 [INFO] Reply from ptd: 'Error: no measurement to stop'
ptd-server 2022-07-21 22:29:08,878 [INFO] Sending to ptd: 'SR,V,Auto'
ptd-server 2022-07-21 22:29:09,381 [INFO] Reply from ptd: 'Range V changed'
ptd-server 2022-07-21 22:29:09,381 [INFO] Sending to ptd: 'SR,A,0.500000'
ptd-server 2022-07-21 22:29:10,882 [INFO] Reply from ptd: 'Range A changed'
ptd-server 2022-07-21 22:29:10,882 [INFO] Set initial values for Amps 0.500000 and Volts Auto
ptd-server 2022-07-21 22:29:10,883 [INFO] Stopping ptd...
