ptd-server 2022-07-22 23:24:41,933 [INFO] Got command from the client 'time'
ptd-server 2022-07-22 23:24:41,933 [INFO] Sending reply to client '1658528681.9334075'
ptd-server 2022-07-22 23:24:41,934 [INFO] Got command from the client 'new,,ffa9a601-869d-4f8c-a2e5-da2d6641e7e1'
ptd-server 2022-07-22 23:24:41,934 [INFO] Sending reply to client 'OK 2022-07-22_23-24-41,5f17c93a-6928-4406-b3b2-5695a18d6895'
ptd-server 2022-07-22 23:24:41,973 [INFO] Got command from the client 'time'
ptd-server 2022-07-22 23:24:41,973 [INFO] Sending reply to client '1658528681.973397'
ptd-server 2022-07-22 23:24:41,974 [INFO] Got command from the client 'session,2022-07-22_23-24-41,start,ranging'
ptd-server 2022-07-22 23:24:41,974 [INFO] Running PTDaemon: ['/home/anton/projects/mlperf/power/inference_v1.0/ptd-linux-x86', '-l', '/tmp/tmp7lgbo8s4/ptd_logfile.txt', '-p', '8888', '49', '/dev/usbtmc0']
ptd-server 2022-07-22 23:24:59,149 [INFO] Sending to ptd: 'Hello'
ptd-server 2022-07-22 23:24:59,149 [INFO] Reply from ptd: 'Hello, PTDaemon here!'
ptd-server 2022-07-22 23:24:59,149 [INFO] Sending to ptd: 'Identify'
ptd-server 2022-07-22 23:24:59,150 [INFO] Reply from ptd: 'YokogawaWT310E,1000,1,1,1,1,0,1,1,version=1.9.2-e8c7a49a-20201208,OS=Linux 5.13.0-52-generic #59~20.04.1-Ubuntu SMP Thu Jun 16 21:21:28 UTC 2022 x86_64,mode=power,1,1,1,0,0,no_cal_date,YOKOGAWA;WT310E;C3XA04010E;F1.04'
ptd-server 2022-07-22 23:24:59,150 [INFO] Connected to PTDaemon
ptd-server 2022-07-22 23:24:59,150 [INFO] Sending to ptd: 'RR'
ptd-server 2022-07-22 23:24:59,150 [INFO] Reply from ptd: 'Ranges,0,0.500000,1,300.000000'
ptd-server 2022-07-22 23:24:59,150 [INFO] Initial range for Amps is 0.500000 for Volts is Auto
ptd-server 2022-07-22 23:24:59,150 [INFO] Sending to ptd: 'SR,V,Auto'
ptd-server 2022-07-22 23:24:59,653 [INFO] Reply from ptd: 'Range V changed'
ptd-server 2022-07-22 23:24:59,653 [INFO] Sending to ptd: 'SR,A,Auto'
ptd-server 2022-07-22 23:25:00,156 [INFO] Reply from ptd: 'Range A changed'
ptd-server 2022-07-22 23:25:10,166 [INFO] Starting ranging mode
ptd-server 2022-07-22 23:25:10,166 [INFO] Sending to ptd: 'Go,1000,0,2022-07-22_23-24-41_ranging'
ptd-server 2022-07-22 23:25:10,166 [INFO] Reply from ptd: 'Starting untimed measurement, maximum 500000 samples at 1000ms with 0 rampup samples'
ptd-server 2022-07-22 23:25:10,167 [INFO] Sending reply to client 'OK'
ptd-server 2022-07-22 23:35:26,575 [INFO] Got command from the client 'session,2022-07-22_23-24-41,stop,ranging'
ptd-server 2022-07-22 23:35:36,586 [INFO] Sending to ptd: 'Stop'
ptd-server 2022-07-22 23:35:36,586 [INFO] Reply from ptd: 'Stopping untimed measurement'
ptd-server 2022-07-22 23:35:37,076 [INFO] Sending reply to client 'OK'
ptd-server 2022-07-22 23:35:37,118 [INFO] Got command from the client 'time'
ptd-server 2022-07-22 23:35:37,118 [INFO] Sending reply to client '1658529337.118428'
ptd-server 2022-07-22 23:35:37,119 [INFO] Got command from the client 'session,2022-07-22_23-24-41,start,testing'
ptd-server 2022-07-22 23:35:37,119 [INFO] Sending to ptd: 'SR,V,250.370000'
ptd-server 2022-07-22 23:35:38,668 [INFO] Reply from ptd: 'Range V changed'
ptd-server 2022-07-22 23:35:38,668 [INFO] Sending to ptd: 'SR,A,0.047400'
ptd-server 2022-07-22 23:35:40,170 [INFO] Reply from ptd: 'Range A changed'
ptd-server 2022-07-22 23:35:50,180 [INFO] Starting testing mode
ptd-server 2022-07-22 23:35:50,180 [INFO] Sending to ptd: 'Go,1000,0,2022-07-22_23-24-41_testing'
ptd-server 2022-07-22 23:35:50,181 [INFO] Reply from ptd: 'Starting untimed measurement, maximum 500000 samples at 1000ms with 0 rampup samples'
ptd-server 2022-07-22 23:35:50,181 [INFO] Sending reply to client 'OK'
ptd-server 2022-07-22 23:46:06,550 [INFO] Got command from the client 'session,2022-07-22_23-24-41,stop,testing'
ptd-server 2022-07-22 23:46:16,561 [INFO] Sending to ptd: 'Stop'
ptd-server 2022-07-22 23:46:16,561 [INFO] Reply from ptd: 'Stopping untimed measurement'
ptd-server 2022-07-22 23:46:16,819 [INFO] Sending reply to client 'OK'
ptd-server 2022-07-22 23:46:16,827 [INFO] Got command from the client 'session,2022-07-22_23-24-41,done'
ptd-server 2022-07-22 23:46:16,827 [INFO] Sending to ptd: 'Stop'
ptd-server 2022-07-22 23:46:17,181 [INFO] Reply from ptd: 'Error: no measurement to stop'
ptd-server 2022-07-22 23:46:17,181 [INFO] Sending to ptd: 'SR,V,Auto'
ptd-server 2022-07-22 23:46:17,684 [INFO] Reply from ptd: 'Range V changed'
ptd-server 2022-07-22 23:46:17,684 [INFO] Sending to ptd: 'SR,A,0.500000'
ptd-server 2022-07-22 23:46:19,185 [INFO] Reply from ptd: 'Range A changed'
ptd-server 2022-07-22 23:46:19,185 [INFO] Set initial values for Amps 0.500000 and Volts Auto
ptd-server 2022-07-22 23:46:19,186 [INFO] Stopping ptd...
