ptd-server 2022-07-30 15:57:06,652 [INFO] Got command from the client 'time'
ptd-server 2022-07-30 15:57:06,652 [INFO] Sending reply to client '1659214626.6525137'
ptd-server 2022-07-30 15:57:06,653 [INFO] Got command from the client 'new,,433c4be6-b280-4078-a677-20783e237d16'
ptd-server 2022-07-30 15:57:06,653 [INFO] Sending reply to client 'OK 2022-07-30_15-57-06,aab800e8-64b8-4530-bb40-3bbbb88ec8e5'
ptd-server 2022-07-30 15:57:06,801 [INFO] Got command from the client 'time'
ptd-server 2022-07-30 15:57:06,801 [INFO] Sending reply to client '1659214626.8016756'
ptd-server 2022-07-30 15:57:06,802 [INFO] Got command from the client 'session,2022-07-30_15-57-06,start,ranging'
ptd-server 2022-07-30 15:57:06,802 [INFO] Running PTDaemon: ['/local/mnt/workspace/mlcommons/power-main/inference_v1.0/ptd-linux-x86', '-l', '/tmp/tmp2fo0zny1/ptd_logfile.txt', '-p', '8888', '-c', '1', '52', '/dev/usbtmc0']
ptd-server 2022-07-30 15:57:23,928 [INFO] Sending to ptd: 'Hello'
ptd-server 2022-07-30 15:57:23,929 [INFO] Reply from ptd: 'Hello, PTDaemon here!'
ptd-server 2022-07-30 15:57:23,929 [INFO] Sending to ptd: 'Identify'
ptd-server 2022-07-30 15:57:23,929 [INFO] Reply from ptd: 'YokogawaWT330E,1000,1,1,1,1,0,0,1,version=1.9.2-e8c7a49a-20201208,OS=Linux 5.4.0-105-generic #119~18.04.1-Ubuntu SMP Tue Mar 8 11:21:24 UTC 2022 x86_64,mode=power,1,1,1,0,0,no_cal_date,YOKOGAWA;WT333E;C2XC17005V;F1.04'
ptd-server 2022-07-30 15:57:23,930 [INFO] Connected to PTDaemon
ptd-server 2022-07-30 15:57:23,930 [INFO] Sending to ptd: 'RR'
ptd-server 2022-07-30 15:57:23,931 [INFO] Reply from ptd: 'Ranges,1,1.000000,1,150.000000'
ptd-server 2022-07-30 15:57:23,931 [INFO] Initial range for Amps is Auto for Volts is Auto
ptd-server 2022-07-30 15:57:23,931 [INFO] Sending to ptd: 'SR,V,Auto'
ptd-server 2022-07-30 15:57:24,434 [INFO] Reply from ptd: 'Range V changed'
ptd-server 2022-07-30 15:57:24,435 [INFO] Sending to ptd: 'SR,A,Auto'
ptd-server 2022-07-30 15:57:24,938 [INFO] Reply from ptd: 'Range A changed'
ptd-server 2022-07-30 15:57:34,941 [INFO] Starting ranging mode
ptd-server 2022-07-30 15:57:34,942 [INFO] Sending to ptd: 'Go,1000,0,2022-07-30_15-57-06_ranging'
ptd-server 2022-07-30 15:57:34,942 [INFO] Reply from ptd: 'Starting untimed measurement, maximum 500000 samples at 1000ms with 0 rampup samples'
ptd-server 2022-07-30 15:57:34,943 [INFO] Sending reply to client 'OK'
ptd-server 2022-07-30 16:08:59,236 [INFO] Got command from the client 'session,2022-07-30_15-57-06,stop,ranging'
ptd-server 2022-07-30 16:09:09,245 [INFO] Sending to ptd: 'Stop'
ptd-server 2022-07-30 16:09:09,246 [INFO] Reply from ptd: 'Stopping untimed measurement'
ptd-server 2022-07-30 16:09:09,256 [INFO] Sending reply to client 'OK'
ptd-server 2022-07-30 16:09:09,387 [INFO] Got command from the client 'time'
ptd-server 2022-07-30 16:09:09,387 [INFO] Sending reply to client '1659215349.3877559'
ptd-server 2022-07-30 16:09:09,388 [INFO] Got command from the client 'session,2022-07-30_15-57-06,start,testing'
ptd-server 2022-07-30 16:09:09,388 [INFO] Sending to ptd: 'SR,V,119.640000'
ptd-server 2022-07-30 16:09:11,445 [INFO] Reply from ptd: 'Range V changed'
ptd-server 2022-07-30 16:09:11,445 [INFO] Sending to ptd: 'SR,A,1.063600'
ptd-server 2022-07-30 16:09:12,947 [INFO] Reply from ptd: 'Range A changed'
ptd-server 2022-07-30 16:09:22,958 [INFO] Starting testing mode
ptd-server 2022-07-30 16:09:22,958 [INFO] Sending to ptd: 'Go,1000,0,2022-07-30_15-57-06_testing'
ptd-server 2022-07-30 16:09:22,959 [INFO] Reply from ptd: 'Starting untimed measurement, maximum 500000 samples at 1000ms with 0 rampup samples'
ptd-server 2022-07-30 16:09:22,960 [INFO] Sending reply to client 'OK'
ptd-server 2022-07-30 16:20:46,817 [INFO] Got command from the client 'session,2022-07-30_15-57-06,stop,testing'
ptd-server 2022-07-30 16:20:56,828 [INFO] Sending to ptd: 'Stop'
ptd-server 2022-07-30 16:20:56,829 [INFO] Reply from ptd: 'Stopping untimed measurement'
ptd-server 2022-07-30 16:20:56,834 [INFO] Sending reply to client 'OK'
ptd-server 2022-07-30 16:20:56,838 [INFO] Got command from the client 'session,2022-07-30_15-57-06,done'
ptd-server 2022-07-30 16:20:56,838 [INFO] Sending to ptd: 'Stop'
ptd-server 2022-07-30 16:20:56,960 [INFO] Reply from ptd: 'Error: no measurement to stop'
ptd-server 2022-07-30 16:20:56,960 [INFO] Sending to ptd: 'SR,V,Auto'
ptd-server 2022-07-30 16:20:57,464 [INFO] Reply from ptd: 'Range V changed'
ptd-server 2022-07-30 16:20:57,464 [INFO] Sending to ptd: 'SR,A,Auto'
ptd-server 2022-07-30 16:20:57,967 [INFO] Reply from ptd: 'Range A changed'
ptd-server 2022-07-30 16:20:57,967 [INFO] Set initial values for Amps Auto and Volts Auto
ptd-server 2022-07-30 16:20:57,967 [INFO] Stopping ptd...
