ptd-server 2022-08-05 06:56:09,462 [INFO] Got command from the client 'time'
ptd-server 2022-08-05 06:56:09,463 [INFO] Sending reply to client '1659700569.4630694'
ptd-server 2022-08-05 06:56:09,465 [INFO] Got command from the client 'new,,009a839b-3eed-42a4-a7b9-e56bf4c6b877'
ptd-server 2022-08-05 06:56:09,466 [INFO] Sending reply to client 'OK 2022-08-05_06-56-09,c03cb130-fafe-448f-a9b9-86b8e9fe66cd'
ptd-server 2022-08-05 06:56:09,554 [INFO] Got command from the client 'time'
ptd-server 2022-08-05 06:56:09,554 [INFO] Sending reply to client '1659700569.5545392'
ptd-server 2022-08-05 06:56:09,556 [INFO] Got command from the client 'session,2022-08-05_06-56-09,start,ranging'
ptd-server 2022-08-05 06:56:09,557 [INFO] Running PTDaemon: ['/local/mnt/workspace/mlcommons/power-main/inference_v1.0/ptd-linux-x86', '-l', '/tmp/tmpl8t2s5ku/ptd_logfile.txt', '-p', '8888', '-c', '1', '52', '/dev/usbtmc0']
ptd-server 2022-08-05 06:56:26,678 [INFO] Sending to ptd: 'Hello'
ptd-server 2022-08-05 06:56:26,679 [INFO] Reply from ptd: 'Hello, PTDaemon here!'
ptd-server 2022-08-05 06:56:26,679 [INFO] Sending to ptd: 'Identify'
ptd-server 2022-08-05 06:56:26,680 [INFO] Reply from ptd: 'YokogawaWT330,1000,1,1,1,1,0,0,1,version=1.9.2-e8c7a49a-20201208,OS=Linux 5.4.0-120-generic #136~18.04.1-Ubuntu SMP Fri Jun 10 18:00:44 UTC 2022 x86_64,mode=power,1,1,1,0,0,no_cal_date,YOKOGAWA;WT333;C2QH26002V;F1.06'
ptd-server 2022-08-05 06:56:26,680 [INFO] Connected to PTDaemon
ptd-server 2022-08-05 06:56:26,680 [INFO] Sending to ptd: 'RR'
ptd-server 2022-08-05 06:56:26,681 [INFO] Reply from ptd: 'Ranges,1,0.500000,1,150.000000'
ptd-server 2022-08-05 06:56:26,681 [INFO] Initial range for Amps is Auto for Volts is Auto
ptd-server 2022-08-05 06:56:26,681 [INFO] Sending to ptd: 'SR,V,Auto'
ptd-server 2022-08-05 06:56:27,184 [INFO] Reply from ptd: 'Range V changed'
ptd-server 2022-08-05 06:56:27,184 [INFO] Sending to ptd: 'SR,A,Auto'
ptd-server 2022-08-05 06:56:27,688 [INFO] Reply from ptd: 'Range A changed'
ptd-server 2022-08-05 06:56:37,690 [INFO] Starting ranging mode
ptd-server 2022-08-05 06:56:37,690 [INFO] Sending to ptd: 'Go,1000,0,2022-08-05_06-56-09_ranging'
ptd-server 2022-08-05 06:56:37,691 [INFO] Reply from ptd: 'Starting untimed measurement, maximum 500000 samples at 1000ms with 0 rampup samples'
ptd-server 2022-08-05 06:56:37,691 [INFO] Sending reply to client 'OK'
ptd-server 2022-08-05 07:08:28,869 [INFO] Got command from the client 'session,2022-08-05_06-56-09,stop,ranging'
ptd-server 2022-08-05 07:08:38,878 [INFO] Sending to ptd: 'Stop'
ptd-server 2022-08-05 07:08:38,879 [INFO] Reply from ptd: 'Stopping untimed measurement'
ptd-server 2022-08-05 07:08:38,969 [INFO] Sending reply to client 'OK'
ptd-server 2022-08-05 07:08:39,091 [INFO] Got command from the client 'time'
ptd-server 2022-08-05 07:08:39,092 [INFO] Sending reply to client '1659701319.0920734'
ptd-server 2022-08-05 07:08:39,095 [INFO] Got command from the client 'session,2022-08-05_06-56-09,start,testing'
ptd-server 2022-08-05 07:08:39,096 [INFO] Sending to ptd: 'SR,V,118.480000'
ptd-server 2022-08-05 07:08:41,194 [INFO] Reply from ptd: 'Range V changed'
ptd-server 2022-08-05 07:08:41,194 [INFO] Sending to ptd: 'SR,A,0.216930'
ptd-server 2022-08-05 07:08:42,696 [INFO] Reply from ptd: 'Range A changed'
ptd-server 2022-08-05 07:08:52,706 [INFO] Starting testing mode
ptd-server 2022-08-05 07:08:52,707 [INFO] Sending to ptd: 'Go,1000,0,2022-08-05_06-56-09_testing'
ptd-server 2022-08-05 07:08:52,707 [INFO] Reply from ptd: 'Starting untimed measurement, maximum 500000 samples at 1000ms with 0 rampup samples'
ptd-server 2022-08-05 07:08:52,707 [INFO] Sending reply to client 'OK'
ptd-server 2022-08-05 07:20:42,684 [INFO] Got command from the client 'session,2022-08-05_06-56-09,stop,testing'
ptd-server 2022-08-05 07:20:52,690 [INFO] Sending to ptd: 'Stop'
ptd-server 2022-08-05 07:20:52,690 [INFO] Reply from ptd: 'Stopping untimed measurement'
ptd-server 2022-08-05 07:20:52,742 [INFO] Sending reply to client 'OK'
ptd-server 2022-08-05 07:20:52,777 [INFO] Got command from the client 'session,2022-08-05_06-56-09,done'
ptd-server 2022-08-05 07:20:52,778 [INFO] Sending to ptd: 'Stop'
ptd-server 2022-08-05 07:20:52,778 [INFO] Reply from ptd: 'Error: no measurement to stop'
ptd-server 2022-08-05 07:20:52,778 [INFO] Sending to ptd: 'SR,V,Auto'
ptd-server 2022-08-05 07:20:53,281 [INFO] Reply from ptd: 'Range V changed'
ptd-server 2022-08-05 07:20:53,281 [INFO] Sending to ptd: 'SR,A,Auto'
ptd-server 2022-08-05 07:20:53,784 [INFO] Reply from ptd: 'Range A changed'
ptd-server 2022-08-05 07:20:53,785 [INFO] Set initial values for Amps Auto and Volts Auto
ptd-server 2022-08-05 07:20:53,785 [INFO] Stopping ptd...
