ptd-server 2022-07-22 04:04:36,578 [INFO] Got command from the client 'time'
ptd-server 2022-07-22 04:04:36,578 [INFO] Sending reply to client '1658459076.5785346'
ptd-server 2022-07-22 04:04:36,579 [INFO] Got command from the client 'new,,483b5ff3-bec2-493e-9508-c0a0ad2ca000'
ptd-server 2022-07-22 04:04:36,580 [INFO] Sending reply to client 'OK 2022-07-22_04-04-36,56c9cfd9-b29d-4533-8614-2d3b11874829'
ptd-server 2022-07-22 04:04:36,618 [INFO] Got command from the client 'time'
ptd-server 2022-07-22 04:04:36,618 [INFO] Sending reply to client '1658459076.6184125'
ptd-server 2022-07-22 04:04:36,619 [INFO] Got command from the client 'session,2022-07-22_04-04-36,start,ranging'
ptd-server 2022-07-22 04:04:36,619 [INFO] Running PTDaemon: ['/home/anton/projects/mlperf/power/inference_v1.0/ptd-linux-x86', '-l', '/tmp/tmp7lgbo8s4/ptd_logfile.txt', '-p', '8888', '49', '/dev/usbtmc0']
ptd-server 2022-07-22 04:04:53,793 [INFO] Sending to ptd: 'Hello'
ptd-server 2022-07-22 04:04:53,794 [INFO] Reply from ptd: 'Hello, PTDaemon here!'
ptd-server 2022-07-22 04:04:53,794 [INFO] Sending to ptd: 'Identify'
ptd-server 2022-07-22 04:04:53,794 [INFO] Reply from ptd: 'YokogawaWT310E,1000,1,1,1,1,0,1,1,version=1.9.2-e8c7a49a-20201208,OS=Linux 5.13.0-52-generic #59~20.04.1-Ubuntu SMP Thu Jun 16 21:21:28 UTC 2022 x86_64,mode=power,1,1,1,0,0,no_cal_date,YOKOGAWA;WT310E;C3XA04010E;F1.04'
ptd-server 2022-07-22 04:04:53,794 [INFO] Connected to PTDaemon
ptd-server 2022-07-22 04:04:53,795 [INFO] Sending to ptd: 'RR'
ptd-server 2022-07-22 04:04:53,795 [INFO] Reply from ptd: 'Ranges,0,0.500000,1,300.000000'
ptd-server 2022-07-22 04:04:53,795 [INFO] Initial range for Amps is 0.500000 for Volts is Auto
ptd-server 2022-07-22 04:04:53,795 [INFO] Sending to ptd: 'SR,V,Auto'
ptd-server 2022-07-22 04:04:54,298 [INFO] Reply from ptd: 'Range V changed'
ptd-server 2022-07-22 04:04:54,298 [INFO] Sending to ptd: 'SR,A,Auto'
ptd-server 2022-07-22 04:04:54,800 [INFO] Reply from ptd: 'Range A changed'
ptd-server 2022-07-22 04:05:04,811 [INFO] Starting ranging mode
ptd-server 2022-07-22 04:05:04,811 [INFO] Sending to ptd: 'Go,1000,0,2022-07-22_04-04-36_ranging'
ptd-server 2022-07-22 04:05:04,811 [INFO] Reply from ptd: 'Starting untimed measurement, maximum 500000 samples at 1000ms with 0 rampup samples'
ptd-server 2022-07-22 04:05:04,811 [INFO] Sending reply to client 'OK'
ptd-server 2022-07-22 04:15:25,849 [INFO] Got command from the client 'session,2022-07-22_04-04-36,stop,ranging'
ptd-server 2022-07-22 04:15:35,859 [INFO] Sending to ptd: 'Stop'
ptd-server 2022-07-22 04:15:35,860 [INFO] Reply from ptd: 'Stopping untimed measurement'
ptd-server 2022-07-22 04:15:36,275 [INFO] Sending reply to client 'OK'
ptd-server 2022-07-22 04:15:36,313 [INFO] Got command from the client 'time'
ptd-server 2022-07-22 04:15:36,313 [INFO] Sending reply to client '1658459736.3136685'
ptd-server 2022-07-22 04:15:36,314 [INFO] Got command from the client 'session,2022-07-22_04-04-36,start,testing'
ptd-server 2022-07-22 04:15:36,314 [INFO] Sending to ptd: 'SR,V,249.790000'
ptd-server 2022-07-22 04:15:38,312 [INFO] Reply from ptd: 'Range V changed'
ptd-server 2022-07-22 04:15:38,312 [INFO] Sending to ptd: 'SR,A,0.059440'
ptd-server 2022-07-22 04:15:39,814 [INFO] Reply from ptd: 'Range A changed'
ptd-server 2022-07-22 04:15:49,824 [INFO] Starting testing mode
ptd-server 2022-07-22 04:15:49,824 [INFO] Sending to ptd: 'Go,1000,0,2022-07-22_04-04-36_testing'
ptd-server 2022-07-22 04:15:49,825 [INFO] Reply from ptd: 'Starting untimed measurement, maximum 500000 samples at 1000ms with 0 rampup samples'
ptd-server 2022-07-22 04:15:49,825 [INFO] Sending reply to client 'OK'
ptd-server 2022-07-22 04:26:10,837 [INFO] Got command from the client 'session,2022-07-22_04-04-36,stop,testing'
ptd-server 2022-07-22 04:26:20,847 [INFO] Sending to ptd: 'Stop'
ptd-server 2022-07-22 04:26:20,848 [INFO] Reply from ptd: 'Stopping untimed measurement'
ptd-server 2022-07-22 04:26:21,067 [INFO] Sending reply to client 'OK'
ptd-server 2022-07-22 04:26:21,075 [INFO] Got command from the client 'session,2022-07-22_04-04-36,done'
ptd-server 2022-07-22 04:26:21,075 [INFO] Sending to ptd: 'Stop'
ptd-server 2022-07-22 04:26:21,826 [INFO] Reply from ptd: 'Error: no measurement to stop'
ptd-server 2022-07-22 04:26:21,826 [INFO] Sending to ptd: 'SR,V,Auto'
ptd-server 2022-07-22 04:26:22,329 [INFO] Reply from ptd: 'Range V changed'
ptd-server 2022-07-22 04:26:22,329 [INFO] Sending to ptd: 'SR,A,0.500000'
ptd-server 2022-07-22 04:26:23,830 [INFO] Reply from ptd: 'Range A changed'
ptd-server 2022-07-22 04:26:23,830 [INFO] Set initial values for Amps 0.500000 and Volts Auto
ptd-server 2022-07-22 04:26:23,831 [INFO] Stopping ptd...
