ptd-server 2022-07-23 17:03:20,000 [INFO] Got command from the client 'time'
ptd-server 2022-07-23 17:03:20,001 [INFO] Sending reply to client '1658592200.001108'
ptd-server 2022-07-23 17:03:20,002 [INFO] Got command from the client 'new,,dcb3d6d8-90e2-44a9-844b-2d7ba86ba185'
ptd-server 2022-07-23 17:03:20,002 [INFO] Sending reply to client 'OK 2022-07-23_17-03-20,f92303a3-c7ba-4837-b80c-7cbfeadea756'
ptd-server 2022-07-23 17:03:20,038 [INFO] Got command from the client 'time'
ptd-server 2022-07-23 17:03:20,038 [INFO] Sending reply to client '1658592200.038705'
ptd-server 2022-07-23 17:03:20,039 [INFO] Got command from the client 'session,2022-07-23_17-03-20,start,ranging'
ptd-server 2022-07-23 17:03:20,040 [INFO] Running PTDaemon: ['/home/anton/projects/mlperf/power/inference_v1.0/ptd-linux-x86', '-l', '/tmp/tmp7lgbo8s4/ptd_logfile.txt', '-p', '8888', '49', '/dev/usbtmc0']
ptd-server 2022-07-23 17:03:37,214 [INFO] Sending to ptd: 'Hello'
ptd-server 2022-07-23 17:03:37,214 [INFO] Reply from ptd: 'Hello, PTDaemon here!'
ptd-server 2022-07-23 17:03:37,215 [INFO] Sending to ptd: 'Identify'
ptd-server 2022-07-23 17:03:37,215 [INFO] Reply from ptd: 'YokogawaWT310E,1000,1,1,1,1,0,1,1,version=1.9.2-e8c7a49a-20201208,OS=Linux 5.13.0-52-generic #59~20.04.1-Ubuntu SMP Thu Jun 16 21:21:28 UTC 2022 x86_64,mode=power,1,1,1,0,0,no_cal_date,YOKOGAWA;WT310E;C3XA04010E;F1.04'
ptd-server 2022-07-23 17:03:37,215 [INFO] Connected to PTDaemon
ptd-server 2022-07-23 17:03:37,215 [INFO] Sending to ptd: 'RR'
ptd-server 2022-07-23 17:03:37,216 [INFO] Reply from ptd: 'Ranges,0,0.500000,1,300.000000'
ptd-server 2022-07-23 17:03:37,216 [INFO] Initial range for Amps is 0.500000 for Volts is Auto
ptd-server 2022-07-23 17:03:37,216 [INFO] Sending to ptd: 'SR,V,Auto'
ptd-server 2022-07-23 17:03:37,718 [INFO] Reply from ptd: 'Range V changed'
ptd-server 2022-07-23 17:03:37,718 [INFO] Sending to ptd: 'SR,A,Auto'
ptd-server 2022-07-23 17:03:38,221 [INFO] Reply from ptd: 'Range A changed'
ptd-server 2022-07-23 17:03:48,231 [INFO] Starting ranging mode
ptd-server 2022-07-23 17:03:48,231 [INFO] Sending to ptd: 'Go,1000,0,2022-07-23_17-03-20_ranging'
ptd-server 2022-07-23 17:03:48,232 [INFO] Reply from ptd: 'Starting untimed measurement, maximum 500000 samples at 1000ms with 0 rampup samples'
ptd-server 2022-07-23 17:03:48,232 [INFO] Sending reply to client 'OK'
ptd-server 2022-07-23 17:14:04,634 [INFO] Got command from the client 'session,2022-07-23_17-03-20,stop,ranging'
ptd-server 2022-07-23 17:14:14,644 [INFO] Sending to ptd: 'Stop'
ptd-server 2022-07-23 17:14:14,645 [INFO] Reply from ptd: 'Stopping untimed measurement'
ptd-server 2022-07-23 17:14:15,232 [INFO] Sending reply to client 'OK'
ptd-server 2022-07-23 17:14:15,294 [INFO] Got command from the client 'time'
ptd-server 2022-07-23 17:14:15,294 [INFO] Sending reply to client '1658592855.2943792'
ptd-server 2022-07-23 17:14:15,295 [INFO] Got command from the client 'session,2022-07-23_17-03-20,start,testing'
ptd-server 2022-07-23 17:14:15,295 [INFO] Sending to ptd: 'SR,V,252.560000'
ptd-server 2022-07-23 17:14:16,796 [INFO] Reply from ptd: 'Range V changed'
ptd-server 2022-07-23 17:14:16,796 [INFO] Sending to ptd: 'SR,A,0.062500'
ptd-server 2022-07-23 17:14:18,298 [INFO] Reply from ptd: 'Range A changed'
ptd-server 2022-07-23 17:14:28,308 [INFO] Starting testing mode
ptd-server 2022-07-23 17:14:28,308 [INFO] Sending to ptd: 'Go,1000,0,2022-07-23_17-03-20_testing'
ptd-server 2022-07-23 17:14:28,309 [INFO] Reply from ptd: 'Starting untimed measurement, maximum 500000 samples at 1000ms with 0 rampup samples'
ptd-server 2022-07-23 17:14:28,309 [INFO] Sending reply to client 'OK'
ptd-server 2022-07-23 17:24:44,703 [INFO] Got command from the client 'session,2022-07-23_17-03-20,stop,testing'
ptd-server 2022-07-23 17:24:54,714 [INFO] Sending to ptd: 'Stop'
ptd-server 2022-07-23 17:24:54,714 [INFO] Reply from ptd: 'Stopping untimed measurement'
ptd-server 2022-07-23 17:24:55,018 [INFO] Sending reply to client 'OK'
ptd-server 2022-07-23 17:24:55,026 [INFO] Got command from the client 'session,2022-07-23_17-03-20,done'
ptd-server 2022-07-23 17:24:55,026 [INFO] Sending to ptd: 'Stop'
ptd-server 2022-07-23 17:24:55,309 [INFO] Reply from ptd: 'Error: no measurement to stop'
ptd-server 2022-07-23 17:24:55,309 [INFO] Sending to ptd: 'SR,V,Auto'
ptd-server 2022-07-23 17:24:55,812 [INFO] Reply from ptd: 'Range V changed'
ptd-server 2022-07-23 17:24:55,812 [INFO] Sending to ptd: 'SR,A,0.500000'
ptd-server 2022-07-23 17:24:57,313 [INFO] Reply from ptd: 'Range A changed'
ptd-server 2022-07-23 17:24:57,314 [INFO] Set initial values for Amps 0.500000 and Volts Auto
ptd-server 2022-07-23 17:24:57,314 [INFO] Stopping ptd...
