ptd-server 2022-08-01 09:22:17,595 [INFO] Got command from the client 'time'
ptd-server 2022-08-01 09:22:17,595 [INFO] Sending reply to client '1659342137.595332'
ptd-server 2022-08-01 09:22:17,596 [INFO] Got command from the client 'new,,a25c9c2d-bee1-4d41-8024-990deb90ade2'
ptd-server 2022-08-01 09:22:17,596 [INFO] Sending reply to client 'OK 2022-08-01_09-22-17,2d43a0a6-32d5-4ebd-be59-51730bc5aeac'
ptd-server 2022-08-01 09:22:17,632 [INFO] Got command from the client 'time'
ptd-server 2022-08-01 09:22:17,632 [INFO] Sending reply to client '1659342137.632174'
ptd-server 2022-08-01 09:22:17,633 [INFO] Got command from the client 'session,2022-08-01_09-22-17,start,ranging'
ptd-server 2022-08-01 09:22:17,633 [INFO] Running PTDaemon: ['/home/anton/projects/mlperf/power/inference_v1.0/ptd-linux-x86', '-l', '/tmp/tmp7lgbo8s4/ptd_logfile.txt', '-p', '8888', '49', '/dev/usbtmc0']
ptd-server 2022-08-01 09:22:34,808 [INFO] Sending to ptd: 'Hello'
ptd-server 2022-08-01 09:22:34,809 [INFO] Reply from ptd: 'Hello, PTDaemon here!'
ptd-server 2022-08-01 09:22:34,809 [INFO] Sending to ptd: 'Identify'
ptd-server 2022-08-01 09:22:34,809 [INFO] Reply from ptd: 'YokogawaWT310E,1000,1,1,1,1,0,1,1,version=1.9.2-e8c7a49a-20201208,OS=Linux 5.13.0-52-generic #59~20.04.1-Ubuntu SMP Thu Jun 16 21:21:28 UTC 2022 x86_64,mode=power,1,1,1,0,0,no_cal_date,YOKOGAWA;WT310E;C3XA04010E;F1.04'
ptd-server 2022-08-01 09:22:34,809 [INFO] Connected to PTDaemon
ptd-server 2022-08-01 09:22:34,809 [INFO] Sending to ptd: 'RR'
ptd-server 2022-08-01 09:22:34,810 [INFO] Reply from ptd: 'Ranges,0,0.500000,1,300.000000'
ptd-server 2022-08-01 09:22:34,810 [INFO] Initial range for Amps is 0.500000 for Volts is Auto
ptd-server 2022-08-01 09:22:34,810 [INFO] Sending to ptd: 'SR,V,Auto'
ptd-server 2022-08-01 09:22:35,312 [INFO] Reply from ptd: 'Range V changed'
ptd-server 2022-08-01 09:22:35,313 [INFO] Sending to ptd: 'SR,A,Auto'
ptd-server 2022-08-01 09:22:35,815 [INFO] Reply from ptd: 'Range A changed'
ptd-server 2022-08-01 09:22:45,825 [INFO] Starting ranging mode
ptd-server 2022-08-01 09:22:45,826 [INFO] Sending to ptd: 'Go,1000,0,2022-08-01_09-22-17_ranging'
ptd-server 2022-08-01 09:22:45,826 [INFO] Reply from ptd: 'Starting untimed measurement, maximum 500000 samples at 1000ms with 0 rampup samples'
ptd-server 2022-08-01 09:22:45,826 [INFO] Sending reply to client 'OK'
ptd-server 2022-08-01 09:33:55,831 [INFO] Got command from the client 'session,2022-08-01_09-22-17,stop,ranging'
ptd-server 2022-08-01 09:34:05,841 [INFO] Sending to ptd: 'Stop'
ptd-server 2022-08-01 09:34:05,842 [INFO] Reply from ptd: 'Stopping untimed measurement'
ptd-server 2022-08-01 09:34:07,218 [INFO] Sending reply to client 'OK'
ptd-server 2022-08-01 09:34:07,286 [INFO] Got command from the client 'time'
ptd-server 2022-08-01 09:34:07,286 [INFO] Sending reply to client '1659342847.2868323'
ptd-server 2022-08-01 09:34:07,288 [INFO] Got command from the client 'session,2022-08-01_09-22-17,start,testing'
ptd-server 2022-08-01 09:34:07,288 [INFO] Sending to ptd: 'SR,V,251.630000'
ptd-server 2022-08-01 09:34:08,789 [INFO] Reply from ptd: 'Range V changed'
ptd-server 2022-08-01 09:34:08,790 [INFO] Sending to ptd: 'SR,A,0.265730'
ptd-server 2022-08-01 09:34:10,291 [INFO] Reply from ptd: 'Range A changed'
ptd-server 2022-08-01 09:34:20,301 [INFO] Starting testing mode
ptd-server 2022-08-01 09:34:20,302 [INFO] Sending to ptd: 'Go,1000,0,2022-08-01_09-22-17_testing'
ptd-server 2022-08-01 09:34:20,302 [INFO] Reply from ptd: 'Starting untimed measurement, maximum 500000 samples at 1000ms with 0 rampup samples'
ptd-server 2022-08-01 09:34:20,302 [INFO] Sending reply to client 'OK'
ptd-server 2022-08-01 09:44:34,251 [INFO] Got command from the client 'session,2022-08-01_09-22-17,stop,testing'
ptd-server 2022-08-01 09:44:44,261 [INFO] Sending to ptd: 'Stop'
ptd-server 2022-08-01 09:44:44,262 [INFO] Reply from ptd: 'Stopping untimed measurement'
ptd-server 2022-08-01 09:44:44,977 [INFO] Sending reply to client 'OK'
ptd-server 2022-08-01 09:44:44,991 [INFO] Got command from the client 'session,2022-08-01_09-22-17,done'
ptd-server 2022-08-01 09:44:44,991 [INFO] Sending to ptd: 'Stop'
ptd-server 2022-08-01 09:44:44,991 [INFO] Reply from ptd: 'Error: no measurement to stop'
ptd-server 2022-08-01 09:44:44,991 [INFO] Sending to ptd: 'SR,V,Auto'
ptd-server 2022-08-01 09:44:45,497 [INFO] Reply from ptd: 'Range V changed'
ptd-server 2022-08-01 09:44:45,498 [INFO] Sending to ptd: 'SR,A,0.500000'
ptd-server 2022-08-01 09:44:46,999 [INFO] Reply from ptd: 'Range A changed'
ptd-server 2022-08-01 09:44:47,000 [INFO] Set initial values for Amps 0.500000 and Volts Auto
ptd-server 2022-08-01 09:44:47,000 [INFO] Stopping ptd...
