ptd-server 2022-07-27 13:31:12,692 [INFO] Got command from the client 'time'
ptd-server 2022-07-27 13:31:12,693 [INFO] Sending reply to client '1658925072.6931212'
ptd-server 2022-07-27 13:31:12,697 [INFO] Got command from the client 'new,,6e62bbbb-9626-40f7-8e1f-d638c2139623'
ptd-server 2022-07-27 13:31:12,697 [INFO] Sending reply to client 'OK 2022-07-27_13-31-12,eb7a6e08-55b3-4b4c-a1df-ce2e7af582d0'
ptd-server 2022-07-27 13:31:12,743 [INFO] Got command from the client 'time'
ptd-server 2022-07-27 13:31:12,743 [INFO] Sending reply to client '1658925072.743163'
ptd-server 2022-07-27 13:31:12,748 [INFO] Got command from the client 'session,2022-07-27_13-31-12,start,ranging'
ptd-server 2022-07-27 13:31:12,748 [INFO] Running PTDaemon: ['/home/anton/projects/mlperf/power/inference_v1.0/ptd-linux-x86', '-l', '/tmp/tmp7lgbo8s4/ptd_logfile.txt', '-p', '8888', '49', '/dev/usbtmc0']
ptd-server 2022-07-27 13:31:29,923 [INFO] Sending to ptd: 'Hello'
ptd-server 2022-07-27 13:31:29,924 [INFO] Reply from ptd: 'Hello, PTDaemon here!'
ptd-server 2022-07-27 13:31:29,924 [INFO] Sending to ptd: 'Identify'
ptd-server 2022-07-27 13:31:29,924 [INFO] Reply from ptd: 'YokogawaWT310E,1000,1,1,1,1,0,1,1,version=1.9.2-e8c7a49a-20201208,OS=Linux 5.13.0-52-generic #59~20.04.1-Ubuntu SMP Thu Jun 16 21:21:28 UTC 2022 x86_64,mode=power,1,1,1,0,0,no_cal_date,YOKOGAWA;WT310E;C3XA04010E;F1.04'
ptd-server 2022-07-27 13:31:29,924 [INFO] Connected to PTDaemon
ptd-server 2022-07-27 13:31:29,924 [INFO] Sending to ptd: 'RR'
ptd-server 2022-07-27 13:31:29,925 [INFO] Reply from ptd: 'Ranges,0,0.500000,1,300.000000'
ptd-server 2022-07-27 13:31:29,925 [INFO] Initial range for Amps is 0.500000 for Volts is Auto
ptd-server 2022-07-27 13:31:29,925 [INFO] Sending to ptd: 'SR,V,Auto'
ptd-server 2022-07-27 13:31:30,427 [INFO] Reply from ptd: 'Range V changed'
ptd-server 2022-07-27 13:31:30,427 [INFO] Sending to ptd: 'SR,A,Auto'
ptd-server 2022-07-27 13:31:30,930 [INFO] Reply from ptd: 'Range A changed'
ptd-server 2022-07-27 13:31:40,940 [INFO] Starting ranging mode
ptd-server 2022-07-27 13:31:40,940 [INFO] Sending to ptd: 'Go,1000,0,2022-07-27_13-31-12_ranging'
ptd-server 2022-07-27 13:31:40,941 [INFO] Reply from ptd: 'Starting untimed measurement, maximum 500000 samples at 1000ms with 0 rampup samples'
ptd-server 2022-07-27 13:31:40,941 [INFO] Sending reply to client 'OK'
ptd-server 2022-07-27 13:41:56,364 [INFO] Got command from the client 'session,2022-07-27_13-31-12,stop,ranging'
ptd-server 2022-07-27 13:42:06,374 [INFO] Sending to ptd: 'Stop'
ptd-server 2022-07-27 13:42:06,375 [INFO] Reply from ptd: 'Stopping untimed measurement'
ptd-server 2022-07-27 13:42:07,332 [INFO] Sending reply to client 'OK'
ptd-server 2022-07-27 13:42:07,408 [INFO] Got command from the client 'time'
ptd-server 2022-07-27 13:42:07,408 [INFO] Sending reply to client '1658925727.4089317'
ptd-server 2022-07-27 13:42:07,413 [INFO] Got command from the client 'session,2022-07-27_13-31-12,start,testing'
ptd-server 2022-07-27 13:42:07,413 [INFO] Sending to ptd: 'SR,V,250.790000'
ptd-server 2022-07-27 13:42:08,915 [INFO] Reply from ptd: 'Range V changed'
ptd-server 2022-07-27 13:42:08,915 [INFO] Sending to ptd: 'SR,A,0.042410'
ptd-server 2022-07-27 13:42:10,416 [INFO] Reply from ptd: 'Range A changed'
ptd-server 2022-07-27 13:42:20,426 [INFO] Starting testing mode
ptd-server 2022-07-27 13:42:20,427 [INFO] Sending to ptd: 'Go,1000,0,2022-07-27_13-31-12_testing'
ptd-server 2022-07-27 13:42:20,427 [INFO] Reply from ptd: 'Starting untimed measurement, maximum 500000 samples at 1000ms with 0 rampup samples'
ptd-server 2022-07-27 13:42:20,427 [INFO] Sending reply to client 'OK'
ptd-server 2022-07-27 13:52:35,679 [INFO] Got command from the client 'session,2022-07-27_13-31-12,stop,testing'
ptd-server 2022-07-27 13:52:45,689 [INFO] Sending to ptd: 'Stop'
ptd-server 2022-07-27 13:52:45,690 [INFO] Reply from ptd: 'Stopping untimed measurement'
ptd-server 2022-07-27 13:52:46,186 [INFO] Sending reply to client 'OK'
ptd-server 2022-07-27 13:52:46,209 [INFO] Got command from the client 'session,2022-07-27_13-31-12,done'
ptd-server 2022-07-27 13:52:46,210 [INFO] Sending to ptd: 'Stop'
ptd-server 2022-07-27 13:52:46,427 [INFO] Reply from ptd: 'Error: no measurement to stop'
ptd-server 2022-07-27 13:52:46,428 [INFO] Sending to ptd: 'SR,V,Auto'
ptd-server 2022-07-27 13:52:46,930 [INFO] Reply from ptd: 'Range V changed'
ptd-server 2022-07-27 13:52:46,930 [INFO] Sending to ptd: 'SR,A,0.500000'
ptd-server 2022-07-27 13:52:48,432 [INFO] Reply from ptd: 'Range A changed'
ptd-server 2022-07-27 13:52:48,432 [INFO] Set initial values for Amps 0.500000 and Volts Auto
ptd-server 2022-07-27 13:52:48,432 [INFO] Stopping ptd...
