ptd-server 2022-07-21 18:58:13,834 [INFO] Got command from the client 'stop'
ptd-server 2022-07-21 18:58:13,842 [INFO] The server will be stopped after processing this client
ptd-server 2022-07-21 18:58:13,843 [INFO] Sending reply to client 'OK'
ptd-server 2022-07-21 18:58:14,056 [INFO] Got command from the client 'time'
ptd-server 2022-07-21 18:58:14,057 [INFO] Sending reply to client '1658455094.05733'
ptd-server 2022-07-21 18:58:14,058 [INFO] Got command from the client 'new,,acfaa8c1-8549-4055-bada-b230d16bdab2'
ptd-server 2022-07-21 18:58:14,059 [INFO] Sending reply to client 'OK 2022-07-21_18-58-14,ff575695-803a-436b-847a-c35bf94eb001'
ptd-server 2022-07-21 18:58:14,264 [INFO] Got command from the client 'time'
ptd-server 2022-07-21 18:58:14,265 [INFO] Sending reply to client '1658455094.265998'
ptd-server 2022-07-21 18:58:14,266 [INFO] Got command from the client 'session,2022-07-21_18-58-14,start,ranging'
ptd-server 2022-07-21 18:58:14,377 [INFO] Running PTDaemon: ['C:\\PTD\\ptd-windows-x86.exe', '-l', 'C:\\Users\\lab\\AppData\\Local\\Temp\\tmpd519208i\\ptd_logfile.txt', '-p', '8888', '-c', '1,3', '-y', '77', '10.34.232.250']
ptd-server 2022-07-21 18:58:34,587 [INFO] Sending to ptd: 'Hello'
ptd-server 2022-07-21 18:58:34,588 [INFO] Reply from ptd: 'Hello, PTDaemon here!'
ptd-server 2022-07-21 18:58:34,588 [INFO] Sending to ptd: 'Identify'
ptd-server 2022-07-21 18:58:34,590 [INFO] Reply from ptd: 'YokogawaWT330_multichannel,1000,1,1,1,1,0,0,1,version=1.9.2-3976349f-20201208,OS=Windows 8 / Server 2012,mode=power,1,1,2,0,0,no_cal_date,YOKOGAWA;WT333E;C2WA21018V;F1.04'
ptd-server 2022-07-21 18:58:34,590 [INFO] Connected to PTDaemon
ptd-server 2022-07-21 18:58:34,591 [INFO] Sending to ptd: 'RR'
ptd-server 2022-07-21 18:58:34,592 [INFO] Reply from ptd: 'Ranges,0,10.000000,1,300.000000'
ptd-server 2022-07-21 18:58:34,593 [INFO] Initial range for Amps is 10.000000 for Volts is Auto
ptd-server 2022-07-21 18:58:34,594 [INFO] Sending to ptd: 'SR,V,Auto'
ptd-server 2022-07-21 18:58:39,666 [INFO] Reply from ptd: 'Range V changed'
ptd-server 2022-07-21 18:58:39,667 [INFO] Sending to ptd: 'SR,A,Auto'
ptd-server 2022-07-21 18:58:44,742 [INFO] Reply from ptd: 'Range A changed'
ptd-server 2022-07-21 18:58:54,744 [INFO] Starting ranging mode
ptd-server 2022-07-21 18:58:54,744 [INFO] Sending to ptd: 'Go,1000,0,2022-07-21_18-58-14_ranging'
ptd-server 2022-07-21 18:58:54,746 [INFO] Reply from ptd: 'Starting untimed measurement, maximum 500000 samples at 1000ms with 0 rampup samples'
ptd-server 2022-07-21 18:58:54,746 [INFO] Sending reply to client 'OK'
ptd-server 2022-07-21 19:28:29,344 [INFO] Got command from the client 'session,2022-07-21_18-58-14,stop,ranging'
ptd-server 2022-07-21 19:28:39,360 [INFO] Sending to ptd: 'Stop'
ptd-server 2022-07-21 19:28:39,361 [INFO] Reply from ptd: 'Stopping untimed measurement'
ptd-server 2022-07-21 19:28:39,448 [INFO] Sending reply to client 'OK'
ptd-server 2022-07-21 19:28:39,725 [INFO] Got command from the client 'time'
ptd-server 2022-07-21 19:28:39,725 [INFO] Sending reply to client '1658456919.7253563'
ptd-server 2022-07-21 19:28:39,735 [INFO] Got command from the client 'session,2022-07-21_18-58-14,start,testing'
ptd-server 2022-07-21 19:28:39,735 [INFO] Sending to ptd: 'SR,V,209.160000'
ptd-server 2022-07-21 19:28:45,832 [INFO] Reply from ptd: 'Range V changed'
ptd-server 2022-07-21 19:28:45,833 [INFO] Sending to ptd: 'SR,A,5.492200'
ptd-server 2022-07-21 19:28:51,421 [INFO] Reply from ptd: 'Range A changed'
ptd-server 2022-07-21 19:29:01,428 [INFO] Starting testing mode
ptd-server 2022-07-21 19:29:01,429 [INFO] Sending to ptd: 'Go,1000,0,2022-07-21_18-58-14_testing'
ptd-server 2022-07-21 19:29:01,430 [INFO] Reply from ptd: 'Starting untimed measurement, maximum 500000 samples at 1000ms with 0 rampup samples'
ptd-server 2022-07-21 19:29:01,430 [INFO] Sending reply to client 'OK'
ptd-server 2022-07-21 19:58:27,001 [INFO] Got command from the client 'session,2022-07-21_18-58-14,stop,testing'
ptd-server 2022-07-21 19:58:37,017 [INFO] Sending to ptd: 'Stop'
ptd-server 2022-07-21 19:58:37,018 [INFO] Reply from ptd: 'Stopping untimed measurement'
ptd-server 2022-07-21 19:58:37,058 [INFO] Sending reply to client 'OK'
ptd-server 2022-07-21 19:58:37,283 [INFO] Got command from the client 'session,2022-07-21_18-58-14,done'
ptd-server 2022-07-21 19:58:37,283 [INFO] Sending to ptd: 'Stop'
ptd-server 2022-07-21 19:58:37,433 [INFO] Reply from ptd: 'Error: no measurement to stop'
ptd-server 2022-07-21 19:58:37,434 [INFO] Sending to ptd: 'SR,V,Auto'
ptd-server 2022-07-21 19:58:42,510 [INFO] Reply from ptd: 'Range V changed'
ptd-server 2022-07-21 19:58:42,511 [INFO] Sending to ptd: 'SR,A,10.000000'
ptd-server 2022-07-21 19:58:48,095 [INFO] Reply from ptd: 'Range A changed'
ptd-server 2022-07-21 19:58:48,096 [INFO] Set initial values for Amps 10.000000 and Volts Auto
ptd-server 2022-07-21 19:58:48,097 [INFO] Stopping ptd...
