ptd-server 2022-08-03 23:15:14,940 [INFO] Got command from the client 'time'
ptd-server 2022-08-03 23:15:14,941 [INFO] Sending reply to client '1659586514.940977'
ptd-server 2022-08-03 23:15:14,941 [INFO] Got command from the client 'new,,9348b2ba-02b3-488d-b62b-0886e1af0bc5'
ptd-server 2022-08-03 23:15:14,942 [INFO] Sending reply to client 'OK 2022-08-03_23-15-14,8b19067c-6209-4346-9384-028ff613a55e'
ptd-server 2022-08-03 23:15:14,961 [INFO] Got command from the client 'time'
ptd-server 2022-08-03 23:15:14,961 [INFO] Sending reply to client '1659586514.9614577'
ptd-server 2022-08-03 23:15:14,962 [INFO] Got command from the client 'session,2022-08-03_23-15-14,start,ranging'
ptd-server 2022-08-03 23:15:14,962 [INFO] Running PTDaemon: ['/home/dell/power-main/inference_v1.0/ptd-linux-x86', '-l', '/tmp/tmpmf6cskfy/ptd_logfile.txt', '-p', '8888', '-c', '3', '52', '/dev/usbtmc0']
ptd-server 2022-08-03 23:15:32,040 [INFO] Sending to ptd: 'Hello'
ptd-server 2022-08-03 23:15:32,041 [INFO] Reply from ptd: 'Hello, PTDaemon here!'
ptd-server 2022-08-03 23:15:32,041 [INFO] Sending to ptd: 'Identify'
ptd-server 2022-08-03 23:15:32,041 [INFO] Reply from ptd: 'YokogawaWT330E,1000,1,1,1,1,0,0,1,version=1.9.2-e8c7a49a-20201208,OS=Linux 5.4.0-122-generic #138-Ubuntu SMP Wed Jun 22 15:00:31 UTC 2022 x86_64,mode=power,1,1,1,0,0,no_cal_date,YOKOGAWA;WT333E;C2WB13023V;F1.04'
ptd-server 2022-08-03 23:15:32,041 [INFO] Connected to PTDaemon
ptd-server 2022-08-03 23:15:32,041 [INFO] Sending to ptd: 'RR'
ptd-server 2022-08-03 23:15:32,042 [INFO] Reply from ptd: 'Ranges,1,2.000000,1,300.000000'
ptd-server 2022-08-03 23:15:32,042 [INFO] Initial range for Amps is Auto for Volts is Auto
ptd-server 2022-08-03 23:15:32,042 [INFO] Sending to ptd: 'SR,V,Auto'
ptd-server 2022-08-03 23:15:32,545 [INFO] Reply from ptd: 'Range V changed'
ptd-server 2022-08-03 23:15:32,545 [INFO] Sending to ptd: 'SR,A,20'
ptd-server 2022-08-03 23:15:34,046 [INFO] Reply from ptd: 'Range A changed'
ptd-server 2022-08-03 23:15:44,057 [INFO] Starting ranging mode
ptd-server 2022-08-03 23:15:44,057 [INFO] Sending to ptd: 'Go,1000,0,2022-08-03_23-15-14_ranging'
ptd-server 2022-08-03 23:15:44,057 [INFO] Reply from ptd: 'Starting untimed measurement, maximum 500000 samples at 1000ms with 0 rampup samples'
ptd-server 2022-08-03 23:15:44,058 [INFO] Sending reply to client 'OK'
ptd-server 2022-08-03 23:27:53,830 [INFO] Got command from the client 'session,2022-08-03_23-15-14,stop,ranging'
ptd-server 2022-08-03 23:28:03,840 [INFO] Sending to ptd: 'Stop'
ptd-server 2022-08-03 23:28:03,841 [INFO] Reply from ptd: 'Stopping untimed measurement'
ptd-server 2022-08-03 23:28:03,872 [INFO] Sending reply to client 'OK'
ptd-server 2022-08-03 23:28:03,901 [INFO] Got command from the client 'time'
ptd-server 2022-08-03 23:28:03,901 [INFO] Sending reply to client '1659587283.901238'
ptd-server 2022-08-03 23:28:03,901 [INFO] Got command from the client 'session,2022-08-03_23-15-14,start,testing'
ptd-server 2022-08-03 23:28:03,902 [INFO] Sending to ptd: 'SR,V,213.830000'
ptd-server 2022-08-03 23:28:05,559 [INFO] Reply from ptd: 'Range V changed'
ptd-server 2022-08-03 23:28:05,559 [INFO] Sending to ptd: 'SR,A,1.387000'
ptd-server 2022-08-03 23:28:07,060 [INFO] Reply from ptd: 'Range A changed'
ptd-server 2022-08-03 23:28:17,071 [INFO] Starting testing mode
ptd-server 2022-08-03 23:28:17,071 [INFO] Sending to ptd: 'Go,1000,0,2022-08-03_23-15-14_testing'
ptd-server 2022-08-03 23:28:17,071 [INFO] Reply from ptd: 'Starting untimed measurement, maximum 500000 samples at 1000ms with 0 rampup samples'
ptd-server 2022-08-03 23:28:17,071 [INFO] Sending reply to client 'OK'
ptd-server 2022-08-03 23:40:28,250 [INFO] Got command from the client 'session,2022-08-03_23-15-14,stop,testing'
ptd-server 2022-08-03 23:40:38,261 [INFO] Sending to ptd: 'Stop'
ptd-server 2022-08-03 23:40:38,261 [INFO] Reply from ptd: 'Stopping untimed measurement'
ptd-server 2022-08-03 23:40:38,278 [INFO] Sending reply to client 'OK'
ptd-server 2022-08-03 23:40:38,284 [INFO] Got command from the client 'session,2022-08-03_23-15-14,done'
ptd-server 2022-08-03 23:40:38,284 [INFO] Sending to ptd: 'Stop'
ptd-server 2022-08-03 23:40:39,071 [INFO] Reply from ptd: 'Error: no measurement to stop'
ptd-server 2022-08-03 23:40:39,072 [INFO] Sending to ptd: 'SR,V,Auto'
ptd-server 2022-08-03 23:40:39,574 [INFO] Reply from ptd: 'Range V changed'
ptd-server 2022-08-03 23:40:39,575 [INFO] Sending to ptd: 'SR,A,Auto'
ptd-server 2022-08-03 23:40:40,077 [INFO] Reply from ptd: 'Range A changed'
ptd-server 2022-08-03 23:40:40,077 [INFO] Set initial values for Amps Auto and Volts Auto
ptd-server 2022-08-03 23:40:40,078 [INFO] Stopping ptd...
