ptd-server 2022-08-02 18:02:58,623 [INFO] Got command from the client 'stop'
ptd-server 2022-08-02 18:02:58,623 [INFO] The server will be stopped after processing this client
ptd-server 2022-08-02 18:02:58,623 [INFO] Sending reply to client 'OK'
ptd-server 2022-08-02 18:02:58,873 [INFO] Got command from the client 'time'
ptd-server 2022-08-02 18:02:58,873 [INFO] Sending reply to client '1659488578.8737206'
ptd-server 2022-08-02 18:02:58,873 [INFO] Got command from the client 'new,,f95009de-0777-4c94-bb25-2f79dd1dd85b'
ptd-server 2022-08-02 18:02:58,873 [INFO] Sending reply to client 'OK 2022-08-02_18-02-58,bef4ae55-07e7-40df-a60c-354beea41581'
ptd-server 2022-08-02 18:02:59,092 [INFO] Got command from the client 'time'
ptd-server 2022-08-02 18:02:59,092 [INFO] Sending reply to client '1659488579.092424'
ptd-server 2022-08-02 18:02:59,092 [INFO] Got command from the client 'session,2022-08-02_18-02-58,start,ranging'
ptd-server 2022-08-02 18:02:59,201 [INFO] Running PTDaemon: ['C:\\PTD\\ptd-windows-x86.exe', '-l', 'C:\\Users\\lab\\AppData\\Local\\Temp\\tmp4v9_yv9x\\ptd_logfile.txt', '-p', '8888', '-c', '2', '-y', '52', '10.116.21.200']
ptd-server 2022-08-02 18:03:16,823 [INFO] Sending to ptd: 'Hello'
ptd-server 2022-08-02 18:03:16,823 [INFO] Reply from ptd: 'Hello, PTDaemon here!'
ptd-server 2022-08-02 18:03:16,823 [INFO] Sending to ptd: 'Identify'
ptd-server 2022-08-02 18:03:16,823 [INFO] Reply from ptd: 'YokogawaWT330E,1000,1,1,1,1,0,0,1,version=1.9.2-3976349f-20201208,OS=Windows 8 / Server 2012,mode=power,1,1,1,0,0,no_cal_date,YOKOGAWA;WT333E;C2XL24038V;F1.04'
ptd-server 2022-08-02 18:03:16,823 [INFO] Connected to PTDaemon
ptd-server 2022-08-02 18:03:16,823 [INFO] Sending to ptd: 'RR'
ptd-server 2022-08-02 18:03:16,823 [INFO] Reply from ptd: 'Ranges,0,0.500000,0,300.000000'
ptd-server 2022-08-02 18:03:16,823 [INFO] Initial range for Amps is 0.500000 for Volts is 300.000000
ptd-server 2022-08-02 18:03:16,823 [INFO] Sending to ptd: 'SR,V,Auto'
ptd-server 2022-08-02 18:03:17,338 [INFO] Reply from ptd: 'Range V changed'
ptd-server 2022-08-02 18:03:17,338 [INFO] Sending to ptd: 'SR,A,Auto'
ptd-server 2022-08-02 18:03:17,854 [INFO] Reply from ptd: 'Range A changed'
ptd-server 2022-08-02 18:03:27,867 [INFO] Starting ranging mode
ptd-server 2022-08-02 18:03:27,867 [INFO] Sending to ptd: 'Go,1000,0,2022-08-02_18-02-58_ranging'
ptd-server 2022-08-02 18:03:27,883 [INFO] Reply from ptd: 'Starting untimed measurement, maximum 500000 samples at 1000ms with 0 rampup samples'
ptd-server 2022-08-02 18:03:27,883 [INFO] Sending reply to client 'OK'
ptd-server 2022-08-02 18:14:36,630 [INFO] Got command from the client 'session,2022-08-02_18-02-58,stop,ranging'
ptd-server 2022-08-02 18:14:46,644 [INFO] Sending to ptd: 'Stop'
ptd-server 2022-08-02 18:14:46,644 [INFO] Reply from ptd: 'Stopping untimed measurement'
ptd-server 2022-08-02 18:14:46,691 [INFO] Sending reply to client 'OK'
ptd-server 2022-08-02 18:14:47,019 [INFO] Got command from the client 'time'
ptd-server 2022-08-02 18:14:47,019 [INFO] Sending reply to client '1659489287.019367'
ptd-server 2022-08-02 18:14:47,019 [INFO] Got command from the client 'session,2022-08-02_18-02-58,start,testing'
ptd-server 2022-08-02 18:14:47,019 [INFO] Sending to ptd: 'SR,V,207.070000'
ptd-server 2022-08-02 18:14:48,565 [INFO] Reply from ptd: 'Range V changed'
ptd-server 2022-08-02 18:14:48,565 [INFO] Sending to ptd: 'SR,A,0.559900'
ptd-server 2022-08-02 18:14:50,096 [INFO] Reply from ptd: 'Range A changed'
ptd-server 2022-08-02 18:15:00,110 [INFO] Starting testing mode
ptd-server 2022-08-02 18:15:00,110 [INFO] Sending to ptd: 'Go,1000,0,2022-08-02_18-02-58_testing'
ptd-server 2022-08-02 18:15:00,110 [INFO] Reply from ptd: 'Starting untimed measurement, maximum 500000 samples at 1000ms with 0 rampup samples'
ptd-server 2022-08-02 18:15:00,110 [INFO] Sending reply to client 'OK'
ptd-server 2022-08-02 18:26:08,091 [INFO] Got command from the client 'session,2022-08-02_18-02-58,stop,testing'
ptd-server 2022-08-02 18:26:18,104 [INFO] Sending to ptd: 'Stop'
ptd-server 2022-08-02 18:26:18,104 [INFO] Reply from ptd: 'Stopping untimed measurement'
ptd-server 2022-08-02 18:26:18,120 [INFO] Sending reply to client 'OK'
ptd-server 2022-08-02 18:26:18,354 [INFO] Got command from the client 'session,2022-08-02_18-02-58,done'
ptd-server 2022-08-02 18:26:18,354 [INFO] Sending to ptd: 'Stop'
ptd-server 2022-08-02 18:26:18,370 [INFO] Reply from ptd: 'Error: no measurement to stop'
ptd-server 2022-08-02 18:26:18,370 [INFO] Sending to ptd: 'SR,V,300.000000'
ptd-server 2022-08-02 18:26:19,901 [INFO] Reply from ptd: 'Range V changed'
ptd-server 2022-08-02 18:26:19,901 [INFO] Sending to ptd: 'SR,A,0.500000'
ptd-server 2022-08-02 18:26:21,431 [INFO] Reply from ptd: 'Range A changed'
ptd-server 2022-08-02 18:26:21,431 [INFO] Set initial values for Amps 0.500000 and Volts 300.000000
ptd-server 2022-08-02 18:26:21,431 [INFO] Stopping ptd...
