ptd-server 2022-07-23 01:35:12,855 [INFO] Got command from the client 'time'
ptd-server 2022-07-23 01:35:12,856 [INFO] Sending reply to client '1658536512.85605'
ptd-server 2022-07-23 01:35:12,857 [INFO] Got command from the client 'new,,f89c1114-3fdc-4f70-9901-7a53b9fcda95'
ptd-server 2022-07-23 01:35:12,857 [INFO] Sending reply to client 'OK 2022-07-23_01-35-12,23313c1f-037d-4c4f-a193-d4c00290dd24'
ptd-server 2022-07-23 01:35:12,885 [INFO] Got command from the client 'time'
ptd-server 2022-07-23 01:35:12,885 [INFO] Sending reply to client '1658536512.8859568'
ptd-server 2022-07-23 01:35:12,887 [INFO] Got command from the client 'session,2022-07-23_01-35-12,start,ranging'
ptd-server 2022-07-23 01:35:12,887 [INFO] Running PTDaemon: ['/home/anton/projects/mlperf/power/inference_v1.0/ptd-linux-x86', '-l', '/tmp/tmp7lgbo8s4/ptd_logfile.txt', '-p', '8888', '49', '/dev/usbtmc0']
ptd-server 2022-07-23 01:35:30,061 [INFO] Sending to ptd: 'Hello'
ptd-server 2022-07-23 01:35:30,062 [INFO] Reply from ptd: 'Hello, PTDaemon here!'
ptd-server 2022-07-23 01:35:30,062 [INFO] Sending to ptd: 'Identify'
ptd-server 2022-07-23 01:35:30,062 [INFO] Reply from ptd: 'YokogawaWT310E,1000,1,1,1,1,0,1,1,version=1.9.2-e8c7a49a-20201208,OS=Linux 5.13.0-52-generic #59~20.04.1-Ubuntu SMP Thu Jun 16 21:21:28 UTC 2022 x86_64,mode=power,1,1,1,0,0,no_cal_date,YOKOGAWA;WT310E;C3XA04010E;F1.04'
ptd-server 2022-07-23 01:35:30,063 [INFO] Connected to PTDaemon
ptd-server 2022-07-23 01:35:30,063 [INFO] Sending to ptd: 'RR'
ptd-server 2022-07-23 01:35:30,063 [INFO] Reply from ptd: 'Ranges,0,0.500000,1,300.000000'
ptd-server 2022-07-23 01:35:30,063 [INFO] Initial range for Amps is 0.500000 for Volts is Auto
ptd-server 2022-07-23 01:35:30,063 [INFO] Sending to ptd: 'SR,V,Auto'
ptd-server 2022-07-23 01:35:30,566 [INFO] Reply from ptd: 'Range V changed'
ptd-server 2022-07-23 01:35:30,566 [INFO] Sending to ptd: 'SR,A,Auto'
ptd-server 2022-07-23 01:35:31,068 [INFO] Reply from ptd: 'Range A changed'
ptd-server 2022-07-23 01:35:41,079 [INFO] Starting ranging mode
ptd-server 2022-07-23 01:35:41,079 [INFO] Sending to ptd: 'Go,1000,0,2022-07-23_01-35-12_ranging'
ptd-server 2022-07-23 01:35:41,079 [INFO] Reply from ptd: 'Starting untimed measurement, maximum 500000 samples at 1000ms with 0 rampup samples'
ptd-server 2022-07-23 01:35:41,080 [INFO] Sending reply to client 'OK'
ptd-server 2022-07-23 01:45:57,616 [INFO] Got command from the client 'session,2022-07-23_01-35-12,stop,ranging'
ptd-server 2022-07-23 01:46:07,626 [INFO] Sending to ptd: 'Stop'
ptd-server 2022-07-23 01:46:07,627 [INFO] Reply from ptd: 'Stopping untimed measurement'
ptd-server 2022-07-23 01:46:08,131 [INFO] Sending reply to client 'OK'
ptd-server 2022-07-23 01:46:08,170 [INFO] Got command from the client 'time'
ptd-server 2022-07-23 01:46:08,170 [INFO] Sending reply to client '1658537168.1705937'
ptd-server 2022-07-23 01:46:08,171 [INFO] Got command from the client 'session,2022-07-23_01-35-12,start,testing'
ptd-server 2022-07-23 01:46:08,171 [INFO] Sending to ptd: 'SR,V,249.170000'
ptd-server 2022-07-23 01:46:09,672 [INFO] Reply from ptd: 'Range V changed'
ptd-server 2022-07-23 01:46:09,673 [INFO] Sending to ptd: 'SR,A,0.047200'
ptd-server 2022-07-23 01:46:11,174 [INFO] Reply from ptd: 'Range A changed'
ptd-server 2022-07-23 01:46:21,184 [INFO] Starting testing mode
ptd-server 2022-07-23 01:46:21,184 [INFO] Sending to ptd: 'Go,1000,0,2022-07-23_01-35-12_testing'
ptd-server 2022-07-23 01:46:21,185 [INFO] Reply from ptd: 'Starting untimed measurement, maximum 500000 samples at 1000ms with 0 rampup samples'
ptd-server 2022-07-23 01:46:21,185 [INFO] Sending reply to client 'OK'
ptd-server 2022-07-23 01:56:37,675 [INFO] Got command from the client 'session,2022-07-23_01-35-12,stop,testing'
ptd-server 2022-07-23 01:56:47,685 [INFO] Sending to ptd: 'Stop'
ptd-server 2022-07-23 01:56:47,686 [INFO] Reply from ptd: 'Stopping untimed measurement'
ptd-server 2022-07-23 01:56:47,953 [INFO] Sending reply to client 'OK'
ptd-server 2022-07-23 01:56:47,961 [INFO] Got command from the client 'session,2022-07-23_01-35-12,done'
ptd-server 2022-07-23 01:56:47,961 [INFO] Sending to ptd: 'Stop'
ptd-server 2022-07-23 01:56:48,186 [INFO] Reply from ptd: 'Error: no measurement to stop'
ptd-server 2022-07-23 01:56:48,186 [INFO] Sending to ptd: 'SR,V,Auto'
ptd-server 2022-07-23 01:56:48,688 [INFO] Reply from ptd: 'Range V changed'
ptd-server 2022-07-23 01:56:48,688 [INFO] Sending to ptd: 'SR,A,0.500000'
ptd-server 2022-07-23 01:56:50,190 [INFO] Reply from ptd: 'Range A changed'
ptd-server 2022-07-23 01:56:50,190 [INFO] Set initial values for Amps 0.500000 and Volts Auto
ptd-server 2022-07-23 01:56:50,190 [INFO] Stopping ptd...
