ptd-server 2022-07-24 00:30:38,365 [INFO] Got command from the client 'time'
ptd-server 2022-07-24 00:30:38,365 [INFO] Sending reply to client '1658619038.3651495'
ptd-server 2022-07-24 00:30:38,366 [INFO] Got command from the client 'new,,213f6b6a-07da-4520-a82b-579b94377387'
ptd-server 2022-07-24 00:30:38,366 [INFO] Sending reply to client 'OK 2022-07-24_00-30-38,76671d0b-1c6f-4bd0-8d71-2ba4a2c47fd2'
ptd-server 2022-07-24 00:30:38,393 [INFO] Got command from the client 'time'
ptd-server 2022-07-24 00:30:38,393 [INFO] Sending reply to client '1658619038.3937502'
ptd-server 2022-07-24 00:30:38,394 [INFO] Got command from the client 'session,2022-07-24_00-30-38,start,ranging'
ptd-server 2022-07-24 00:30:38,395 [INFO] Running PTDaemon: ['/home/anton/projects/mlperf/power/inference_v1.0/ptd-linux-x86', '-l', '/tmp/tmp7lgbo8s4/ptd_logfile.txt', '-p', '8888', '49', '/dev/usbtmc0']
ptd-server 2022-07-24 00:30:55,569 [INFO] Sending to ptd: 'Hello'
ptd-server 2022-07-24 00:30:55,569 [INFO] Reply from ptd: 'Hello, PTDaemon here!'
ptd-server 2022-07-24 00:30:55,570 [INFO] Sending to ptd: 'Identify'
ptd-server 2022-07-24 00:30:55,570 [INFO] Reply from ptd: 'YokogawaWT310E,1000,1,1,1,1,0,1,1,version=1.9.2-e8c7a49a-20201208,OS=Linux 5.13.0-52-generic #59~20.04.1-Ubuntu SMP Thu Jun 16 21:21:28 UTC 2022 x86_64,mode=power,1,1,1,0,0,no_cal_date,YOKOGAWA;WT310E;C3XA04010E;F1.04'
ptd-server 2022-07-24 00:30:55,570 [INFO] Connected to PTDaemon
ptd-server 2022-07-24 00:30:55,570 [INFO] Sending to ptd: 'RR'
ptd-server 2022-07-24 00:30:55,570 [INFO] Reply from ptd: 'Ranges,0,0.500000,1,300.000000'
ptd-server 2022-07-24 00:30:55,571 [INFO] Initial range for Amps is 0.500000 for Volts is Auto
ptd-server 2022-07-24 00:30:55,571 [INFO] Sending to ptd: 'SR,V,Auto'
ptd-server 2022-07-24 00:30:56,073 [INFO] Reply from ptd: 'Range V changed'
ptd-server 2022-07-24 00:30:56,073 [INFO] Sending to ptd: 'SR,A,Auto'
ptd-server 2022-07-24 00:30:56,576 [INFO] Reply from ptd: 'Range A changed'
ptd-server 2022-07-24 00:31:06,586 [INFO] Starting ranging mode
ptd-server 2022-07-24 00:31:06,586 [INFO] Sending to ptd: 'Go,1000,0,2022-07-24_00-30-38_ranging'
ptd-server 2022-07-24 00:31:06,587 [INFO] Reply from ptd: 'Starting untimed measurement, maximum 500000 samples at 1000ms with 0 rampup samples'
ptd-server 2022-07-24 00:31:06,587 [INFO] Sending reply to client 'OK'
ptd-server 2022-07-24 00:41:41,137 [INFO] Got command from the client 'session,2022-07-24_00-30-38,stop,ranging'
ptd-server 2022-07-24 00:41:51,148 [INFO] Sending to ptd: 'Stop'
ptd-server 2022-07-24 00:41:51,148 [INFO] Reply from ptd: 'Stopping untimed measurement'
ptd-server 2022-07-24 00:41:51,782 [INFO] Sending reply to client 'OK'
ptd-server 2022-07-24 00:41:51,831 [INFO] Got command from the client 'time'
ptd-server 2022-07-24 00:41:51,831 [INFO] Sending reply to client '1658619711.8313336'
ptd-server 2022-07-24 00:41:51,832 [INFO] Got command from the client 'session,2022-07-24_00-30-38,start,testing'
ptd-server 2022-07-24 00:41:51,832 [INFO] Sending to ptd: 'SR,V,251.280000'
ptd-server 2022-07-24 00:41:53,333 [INFO] Reply from ptd: 'Range V changed'
ptd-server 2022-07-24 00:41:53,334 [INFO] Sending to ptd: 'SR,A,0.054000'
ptd-server 2022-07-24 00:41:54,835 [INFO] Reply from ptd: 'Range A changed'
ptd-server 2022-07-24 00:42:04,845 [INFO] Starting testing mode
ptd-server 2022-07-24 00:42:04,845 [INFO] Sending to ptd: 'Go,1000,0,2022-07-24_00-30-38_testing'
ptd-server 2022-07-24 00:42:04,846 [INFO] Reply from ptd: 'Starting untimed measurement, maximum 500000 samples at 1000ms with 0 rampup samples'
ptd-server 2022-07-24 00:42:04,846 [INFO] Sending reply to client 'OK'
ptd-server 2022-07-24 00:52:39,266 [INFO] Got command from the client 'session,2022-07-24_00-30-38,stop,testing'
ptd-server 2022-07-24 00:52:49,277 [INFO] Sending to ptd: 'Stop'
ptd-server 2022-07-24 00:52:49,277 [INFO] Reply from ptd: 'Stopping untimed measurement'
ptd-server 2022-07-24 00:52:49,603 [INFO] Sending reply to client 'OK'
ptd-server 2022-07-24 00:52:49,611 [INFO] Got command from the client 'session,2022-07-24_00-30-38,done'
ptd-server 2022-07-24 00:52:49,612 [INFO] Sending to ptd: 'Stop'
ptd-server 2022-07-24 00:52:49,847 [INFO] Reply from ptd: 'Error: no measurement to stop'
ptd-server 2022-07-24 00:52:49,847 [INFO] Sending to ptd: 'SR,V,Auto'
ptd-server 2022-07-24 00:52:50,349 [INFO] Reply from ptd: 'Range V changed'
ptd-server 2022-07-24 00:52:50,350 [INFO] Sending to ptd: 'SR,A,0.500000'
ptd-server 2022-07-24 00:52:51,851 [INFO] Reply from ptd: 'Range A changed'
ptd-server 2022-07-24 00:52:51,851 [INFO] Set initial values for Amps 0.500000 and Volts Auto
ptd-server 2022-07-24 00:52:51,851 [INFO] Stopping ptd...
