ptd-server 2022-07-26 22:02:50,064 [INFO] Got command from the client 'time'
ptd-server 2022-07-26 22:02:50,065 [INFO] Sending reply to client '1658869370.0650392'
ptd-server 2022-07-26 22:02:50,068 [INFO] Got command from the client 'new,,c655fedd-6ac0-43cc-b577-56a7a7dc021a'
ptd-server 2022-07-26 22:02:50,068 [INFO] Sending reply to client 'OK 2022-07-26_22-02-50,cef87f42-d080-49fc-85c0-17a3342db536'
ptd-server 2022-07-26 22:02:50,166 [INFO] Got command from the client 'time'
ptd-server 2022-07-26 22:02:50,167 [INFO] Sending reply to client '1658869370.167127'
ptd-server 2022-07-26 22:02:50,170 [INFO] Got command from the client 'session,2022-07-26_22-02-50,start,ranging'
ptd-server 2022-07-26 22:02:50,170 [INFO] Running PTDaemon: ['/home/anton/projects/mlperf/power/inference_v1.0/ptd-linux-x86', '-l', '/tmp/tmp7lgbo8s4/ptd_logfile.txt', '-p', '8888', '49', '/dev/usbtmc0']
ptd-server 2022-07-26 22:03:07,345 [INFO] Sending to ptd: 'Hello'
ptd-server 2022-07-26 22:03:07,346 [INFO] Reply from ptd: 'Hello, PTDaemon here!'
ptd-server 2022-07-26 22:03:07,346 [INFO] Sending to ptd: 'Identify'
ptd-server 2022-07-26 22:03:07,347 [INFO] Reply from ptd: 'YokogawaWT310E,1000,1,1,1,1,0,1,1,version=1.9.2-e8c7a49a-20201208,OS=Linux 5.13.0-52-generic #59~20.04.1-Ubuntu SMP Thu Jun 16 21:21:28 UTC 2022 x86_64,mode=power,1,1,1,0,0,no_cal_date,YOKOGAWA;WT310E;C3XA04010E;F1.04'
ptd-server 2022-07-26 22:03:07,347 [INFO] Connected to PTDaemon
ptd-server 2022-07-26 22:03:07,347 [INFO] Sending to ptd: 'RR'
ptd-server 2022-07-26 22:03:07,347 [INFO] Reply from ptd: 'Ranges,0,0.500000,1,300.000000'
ptd-server 2022-07-26 22:03:07,347 [INFO] Initial range for Amps is 0.500000 for Volts is Auto
ptd-server 2022-07-26 22:03:07,347 [INFO] Sending to ptd: 'SR,V,Auto'
ptd-server 2022-07-26 22:03:07,850 [INFO] Reply from ptd: 'Range V changed'
ptd-server 2022-07-26 22:03:07,850 [INFO] Sending to ptd: 'SR,A,Auto'
ptd-server 2022-07-26 22:03:08,353 [INFO] Reply from ptd: 'Range A changed'
ptd-server 2022-07-26 22:03:18,363 [INFO] Starting ranging mode
ptd-server 2022-07-26 22:03:18,363 [INFO] Sending to ptd: 'Go,1000,0,2022-07-26_22-02-50_ranging'
ptd-server 2022-07-26 22:03:18,364 [INFO] Reply from ptd: 'Starting untimed measurement, maximum 500000 samples at 1000ms with 0 rampup samples'
ptd-server 2022-07-26 22:03:18,364 [INFO] Sending reply to client 'OK'
ptd-server 2022-07-26 22:13:35,376 [INFO] Got command from the client 'session,2022-07-26_22-02-50,stop,ranging'
ptd-server 2022-07-26 22:13:45,386 [INFO] Sending to ptd: 'Stop'
ptd-server 2022-07-26 22:13:45,387 [INFO] Reply from ptd: 'Stopping untimed measurement'
ptd-server 2022-07-26 22:13:46,258 [INFO] Sending reply to client 'OK'
ptd-server 2022-07-26 22:13:46,466 [INFO] Got command from the client 'time'
ptd-server 2022-07-26 22:13:46,466 [INFO] Sending reply to client '1658870026.4669406'
ptd-server 2022-07-26 22:13:46,470 [INFO] Got command from the client 'session,2022-07-26_22-02-50,start,testing'
ptd-server 2022-07-26 22:13:46,470 [INFO] Sending to ptd: 'SR,V,249.430000'
ptd-server 2022-07-26 22:13:47,971 [INFO] Reply from ptd: 'Range V changed'
ptd-server 2022-07-26 22:13:47,972 [INFO] Sending to ptd: 'SR,A,0.075190'
ptd-server 2022-07-26 22:13:49,473 [INFO] Reply from ptd: 'Range A changed'
ptd-server 2022-07-26 22:13:59,483 [INFO] Starting testing mode
ptd-server 2022-07-26 22:13:59,483 [INFO] Sending to ptd: 'Go,1000,0,2022-07-26_22-02-50_testing'
ptd-server 2022-07-26 22:13:59,484 [INFO] Reply from ptd: 'Starting untimed measurement, maximum 500000 samples at 1000ms with 0 rampup samples'
ptd-server 2022-07-26 22:13:59,484 [INFO] Sending reply to client 'OK'
ptd-server 2022-07-26 22:24:16,264 [INFO] Got command from the client 'session,2022-07-26_22-02-50,stop,testing'
ptd-server 2022-07-26 22:24:26,274 [INFO] Sending to ptd: 'Stop'
ptd-server 2022-07-26 22:24:26,274 [INFO] Reply from ptd: 'Stopping untimed measurement'
ptd-server 2022-07-26 22:24:26,722 [INFO] Sending reply to client 'OK'
ptd-server 2022-07-26 22:24:26,807 [INFO] Got command from the client 'session,2022-07-26_22-02-50,done'
ptd-server 2022-07-26 22:24:26,807 [INFO] Sending to ptd: 'Stop'
ptd-server 2022-07-26 22:24:26,808 [INFO] Reply from ptd: 'Error: no measurement to stop'
ptd-server 2022-07-26 22:24:26,808 [INFO] Sending to ptd: 'SR,V,Auto'
ptd-server 2022-07-26 22:24:27,310 [INFO] Reply from ptd: 'Range V changed'
ptd-server 2022-07-26 22:24:27,310 [INFO] Sending to ptd: 'SR,A,0.500000'
ptd-server 2022-07-26 22:24:28,812 [INFO] Reply from ptd: 'Range A changed'
ptd-server 2022-07-26 22:24:28,812 [INFO] Set initial values for Amps 0.500000 and Volts Auto
ptd-server 2022-07-26 22:24:28,812 [INFO] Stopping ptd...
