ptd-server 2022-07-24 02:21:24,183 [INFO] Got command from the client 'time'
ptd-server 2022-07-24 02:21:24,183 [INFO] Sending reply to client '1658625684.1835895'
ptd-server 2022-07-24 02:21:24,184 [INFO] Got command from the client 'new,,2b85db9c-72f2-4c1a-a911-1deb02018d10'
ptd-server 2022-07-24 02:21:24,185 [INFO] Sending reply to client 'OK 2022-07-24_02-21-24,2970e476-9212-49b4-a7ec-778bc67c37f0'
ptd-server 2022-07-24 02:21:24,223 [INFO] Got command from the client 'time'
ptd-server 2022-07-24 02:21:24,223 [INFO] Sending reply to client '1658625684.2235339'
ptd-server 2022-07-24 02:21:24,224 [INFO] Got command from the client 'session,2022-07-24_02-21-24,start,ranging'
ptd-server 2022-07-24 02:21:24,225 [INFO] Running PTDaemon: ['/home/anton/projects/mlperf/power/inference_v1.0/ptd-linux-x86', '-l', '/tmp/tmp7lgbo8s4/ptd_logfile.txt', '-p', '8888', '49', '/dev/usbtmc0']
ptd-server 2022-07-24 02:21:41,398 [INFO] Sending to ptd: 'Hello'
ptd-server 2022-07-24 02:21:41,399 [INFO] Reply from ptd: 'Hello, PTDaemon here!'
ptd-server 2022-07-24 02:21:41,399 [INFO] Sending to ptd: 'Identify'
ptd-server 2022-07-24 02:21:41,400 [INFO] Reply from ptd: 'YokogawaWT310E,1000,1,1,1,1,0,1,1,version=1.9.2-e8c7a49a-20201208,OS=Linux 5.13.0-52-generic #59~20.04.1-Ubuntu SMP Thu Jun 16 21:21:28 UTC 2022 x86_64,mode=power,1,1,1,0,0,no_cal_date,YOKOGAWA;WT310E;C3XA04010E;F1.04'
ptd-server 2022-07-24 02:21:41,400 [INFO] Connected to PTDaemon
ptd-server 2022-07-24 02:21:41,400 [INFO] Sending to ptd: 'RR'
ptd-server 2022-07-24 02:21:41,400 [INFO] Reply from ptd: 'Ranges,0,0.500000,1,300.000000'
ptd-server 2022-07-24 02:21:41,400 [INFO] Initial range for Amps is 0.500000 for Volts is Auto
ptd-server 2022-07-24 02:21:41,400 [INFO] Sending to ptd: 'SR,V,Auto'
ptd-server 2022-07-24 02:21:41,903 [INFO] Reply from ptd: 'Range V changed'
ptd-server 2022-07-24 02:21:41,903 [INFO] Sending to ptd: 'SR,A,Auto'
ptd-server 2022-07-24 02:21:42,406 [INFO] Reply from ptd: 'Range A changed'
ptd-server 2022-07-24 02:21:52,416 [INFO] Starting ranging mode
ptd-server 2022-07-24 02:21:52,416 [INFO] Sending to ptd: 'Go,1000,0,2022-07-24_02-21-24_ranging'
ptd-server 2022-07-24 02:21:52,416 [INFO] Reply from ptd: 'Starting untimed measurement, maximum 500000 samples at 1000ms with 0 rampup samples'
ptd-server 2022-07-24 02:21:52,417 [INFO] Sending reply to client 'OK'
ptd-server 2022-07-24 02:32:11,467 [INFO] Got command from the client 'session,2022-07-24_02-21-24,stop,ranging'
ptd-server 2022-07-24 02:32:21,477 [INFO] Sending to ptd: 'Stop'
ptd-server 2022-07-24 02:32:21,477 [INFO] Reply from ptd: 'Stopping untimed measurement'
ptd-server 2022-07-24 02:32:22,119 [INFO] Sending reply to client 'OK'
ptd-server 2022-07-24 02:32:22,168 [INFO] Got command from the client 'time'
ptd-server 2022-07-24 02:32:22,168 [INFO] Sending reply to client '1658626342.1685333'
ptd-server 2022-07-24 02:32:22,169 [INFO] Got command from the client 'session,2022-07-24_02-21-24,start,testing'
ptd-server 2022-07-24 02:32:22,169 [INFO] Sending to ptd: 'SR,V,252.070000'
ptd-server 2022-07-24 02:32:23,918 [INFO] Reply from ptd: 'Range V changed'
ptd-server 2022-07-24 02:32:23,918 [INFO] Sending to ptd: 'SR,A,0.049430'
ptd-server 2022-07-24 02:32:25,419 [INFO] Reply from ptd: 'Range A changed'
ptd-server 2022-07-24 02:32:35,430 [INFO] Starting testing mode
ptd-server 2022-07-24 02:32:35,430 [INFO] Sending to ptd: 'Go,1000,0,2022-07-24_02-21-24_testing'
ptd-server 2022-07-24 02:32:35,430 [INFO] Reply from ptd: 'Starting untimed measurement, maximum 500000 samples at 1000ms with 0 rampup samples'
ptd-server 2022-07-24 02:32:35,430 [INFO] Sending reply to client 'OK'
ptd-server 2022-07-24 02:42:54,469 [INFO] Got command from the client 'session,2022-07-24_02-21-24,stop,testing'
ptd-server 2022-07-24 02:43:04,479 [INFO] Sending to ptd: 'Stop'
ptd-server 2022-07-24 02:43:04,480 [INFO] Reply from ptd: 'Stopping untimed measurement'
ptd-server 2022-07-24 02:43:04,819 [INFO] Sending reply to client 'OK'
ptd-server 2022-07-24 02:43:04,826 [INFO] Got command from the client 'session,2022-07-24_02-21-24,done'
ptd-server 2022-07-24 02:43:04,827 [INFO] Sending to ptd: 'Stop'
ptd-server 2022-07-24 02:43:05,431 [INFO] Reply from ptd: 'Error: no measurement to stop'
ptd-server 2022-07-24 02:43:05,431 [INFO] Sending to ptd: 'SR,V,Auto'
ptd-server 2022-07-24 02:43:05,933 [INFO] Reply from ptd: 'Range V changed'
ptd-server 2022-07-24 02:43:05,934 [INFO] Sending to ptd: 'SR,A,0.500000'
ptd-server 2022-07-24 02:43:07,435 [INFO] Reply from ptd: 'Range A changed'
ptd-server 2022-07-24 02:43:07,435 [INFO] Set initial values for Amps 0.500000 and Volts Auto
ptd-server 2022-07-24 02:43:07,435 [INFO] Stopping ptd...
