ptd-server 2022-08-01 18:39:15,321 [INFO] Got command from the client 'time'
ptd-server 2022-08-01 18:39:15,321 [INFO] Sending reply to client '1659375555.3219666'
ptd-server 2022-08-01 18:39:15,322 [INFO] Got command from the client 'new,,eaff50b6-9797-48fb-a011-f5691e64a380'
ptd-server 2022-08-01 18:39:15,323 [INFO] Sending reply to client 'OK 2022-08-01_18-39-15,d037e621-8a77-4d56-8aa1-56da287b3d55'
ptd-server 2022-08-01 18:39:15,351 [INFO] Got command from the client 'time'
ptd-server 2022-08-01 18:39:15,351 [INFO] Sending reply to client '1659375555.3517497'
ptd-server 2022-08-01 18:39:15,352 [INFO] Got command from the client 'session,2022-08-01_18-39-15,start,ranging'
ptd-server 2022-08-01 18:39:15,352 [INFO] Running PTDaemon: ['/home/anton/projects/mlperf/power/inference_v1.0/ptd-linux-x86', '-l', '/tmp/tmp7lgbo8s4/ptd_logfile.txt', '-p', '8888', '49', '/dev/usbtmc0']
ptd-server 2022-08-01 18:39:32,526 [INFO] Sending to ptd: 'Hello'
ptd-server 2022-08-01 18:39:32,527 [INFO] Reply from ptd: 'Hello, PTDaemon here!'
ptd-server 2022-08-01 18:39:32,528 [INFO] Sending to ptd: 'Identify'
ptd-server 2022-08-01 18:39:32,528 [INFO] Reply from ptd: 'YokogawaWT310E,1000,1,1,1,1,0,1,1,version=1.9.2-e8c7a49a-20201208,OS=Linux 5.13.0-52-generic #59~20.04.1-Ubuntu SMP Thu Jun 16 21:21:28 UTC 2022 x86_64,mode=power,1,1,1,0,0,no_cal_date,YOKOGAWA;WT310E;C3XA04010E;F1.04'
ptd-server 2022-08-01 18:39:32,528 [INFO] Connected to PTDaemon
ptd-server 2022-08-01 18:39:32,528 [INFO] Sending to ptd: 'RR'
ptd-server 2022-08-01 18:39:32,528 [INFO] Reply from ptd: 'Ranges,0,0.500000,1,300.000000'
ptd-server 2022-08-01 18:39:32,529 [INFO] Initial range for Amps is 0.500000 for Volts is Auto
ptd-server 2022-08-01 18:39:32,529 [INFO] Sending to ptd: 'SR,V,Auto'
ptd-server 2022-08-01 18:39:33,031 [INFO] Reply from ptd: 'Range V changed'
ptd-server 2022-08-01 18:39:33,031 [INFO] Sending to ptd: 'SR,A,Auto'
ptd-server 2022-08-01 18:39:33,534 [INFO] Reply from ptd: 'Range A changed'
ptd-server 2022-08-01 18:39:43,535 [INFO] Starting ranging mode
ptd-server 2022-08-01 18:39:43,535 [INFO] Sending to ptd: 'Go,1000,0,2022-08-01_18-39-15_ranging'
ptd-server 2022-08-01 18:39:43,536 [INFO] Reply from ptd: 'Starting untimed measurement, maximum 500000 samples at 1000ms with 0 rampup samples'
ptd-server 2022-08-01 18:39:43,536 [INFO] Sending reply to client 'OK'
ptd-server 2022-08-01 18:49:54,914 [INFO] Got command from the client 'session,2022-08-01_18-39-15,stop,ranging'
ptd-server 2022-08-01 18:50:04,925 [INFO] Sending to ptd: 'Stop'
ptd-server 2022-08-01 18:50:04,925 [INFO] Reply from ptd: 'Stopping untimed measurement'
ptd-server 2022-08-01 18:50:06,362 [INFO] Sending reply to client 'OK'
ptd-server 2022-08-01 18:50:06,437 [INFO] Got command from the client 'time'
ptd-server 2022-08-01 18:50:06,437 [INFO] Sending reply to client '1659376206.4375827'
ptd-server 2022-08-01 18:50:06,438 [INFO] Got command from the client 'session,2022-08-01_18-39-15,start,testing'
ptd-server 2022-08-01 18:50:06,438 [INFO] Sending to ptd: 'SR,V,251.080000'
ptd-server 2022-08-01 18:50:07,940 [INFO] Reply from ptd: 'Range V changed'
ptd-server 2022-08-01 18:50:07,940 [INFO] Sending to ptd: 'SR,A,0.254780'
ptd-server 2022-08-01 18:50:09,441 [INFO] Reply from ptd: 'Range A changed'
ptd-server 2022-08-01 18:50:19,451 [INFO] Starting testing mode
ptd-server 2022-08-01 18:50:19,452 [INFO] Sending to ptd: 'Go,1000,0,2022-08-01_18-39-15_testing'
ptd-server 2022-08-01 18:50:19,452 [INFO] Reply from ptd: 'Starting untimed measurement, maximum 500000 samples at 1000ms with 0 rampup samples'
ptd-server 2022-08-01 18:50:19,452 [INFO] Sending reply to client 'OK'
ptd-server 2022-08-01 19:00:30,774 [INFO] Got command from the client 'session,2022-08-01_18-39-15,stop,testing'
ptd-server 2022-08-01 19:00:40,784 [INFO] Sending to ptd: 'Stop'
ptd-server 2022-08-01 19:00:40,784 [INFO] Reply from ptd: 'Stopping untimed measurement'
ptd-server 2022-08-01 19:00:41,509 [INFO] Sending reply to client 'OK'
ptd-server 2022-08-01 19:00:41,524 [INFO] Got command from the client 'session,2022-08-01_18-39-15,done'
ptd-server 2022-08-01 19:00:41,524 [INFO] Sending to ptd: 'Stop'
ptd-server 2022-08-01 19:00:41,525 [INFO] Reply from ptd: 'Error: no measurement to stop'
ptd-server 2022-08-01 19:00:41,525 [INFO] Sending to ptd: 'SR,V,Auto'
ptd-server 2022-08-01 19:00:42,027 [INFO] Reply from ptd: 'Range V changed'
ptd-server 2022-08-01 19:00:42,028 [INFO] Sending to ptd: 'SR,A,0.500000'
ptd-server 2022-08-01 19:00:43,529 [INFO] Reply from ptd: 'Range A changed'
ptd-server 2022-08-01 19:00:43,529 [INFO] Set initial values for Amps 0.500000 and Volts Auto
ptd-server 2022-08-01 19:00:43,529 [INFO] Stopping ptd...
