ptd-server 2022-07-31 16:45:08,456 [INFO] Got command from the client 'time'
ptd-server 2022-07-31 16:45:08,456 [INFO] Sending reply to client '1659282308.456815'
ptd-server 2022-07-31 16:45:08,457 [INFO] Got command from the client 'new,,3d1c7248-ab9e-467f-98fb-d289821fa171'
ptd-server 2022-07-31 16:45:08,458 [INFO] Sending reply to client 'OK 2022-07-31_16-45-08,73c4f15d-7d0c-425d-899c-0b73d010c12a'
ptd-server 2022-07-31 16:45:08,486 [INFO] Got command from the client 'time'
ptd-server 2022-07-31 16:45:08,486 [INFO] Sending reply to client '1659282308.4868753'
ptd-server 2022-07-31 16:45:08,487 [INFO] Got command from the client 'session,2022-07-31_16-45-08,start,ranging'
ptd-server 2022-07-31 16:45:08,488 [INFO] Running PTDaemon: ['/home/anton/projects/mlperf/power/inference_v1.0/ptd-linux-x86', '-l', '/tmp/tmp7lgbo8s4/ptd_logfile.txt', '-p', '8888', '49', '/dev/usbtmc0']
ptd-server 2022-07-31 16:45:25,661 [INFO] Sending to ptd: 'Hello'
ptd-server 2022-07-31 16:45:25,661 [INFO] Reply from ptd: 'Hello, PTDaemon here!'
ptd-server 2022-07-31 16:45:25,661 [INFO] Sending to ptd: 'Identify'
ptd-server 2022-07-31 16:45:25,662 [INFO] Reply from ptd: 'YokogawaWT310E,1000,1,1,1,1,0,1,1,version=1.9.2-e8c7a49a-20201208,OS=Linux 5.13.0-52-generic #59~20.04.1-Ubuntu SMP Thu Jun 16 21:21:28 UTC 2022 x86_64,mode=power,1,1,1,0,0,no_cal_date,YOKOGAWA;WT310E;C3XA04010E;F1.04'
ptd-server 2022-07-31 16:45:25,662 [INFO] Connected to PTDaemon
ptd-server 2022-07-31 16:45:25,662 [INFO] Sending to ptd: 'RR'
ptd-server 2022-07-31 16:45:25,662 [INFO] Reply from ptd: 'Ranges,0,0.500000,1,300.000000'
ptd-server 2022-07-31 16:45:25,663 [INFO] Initial range for Amps is 0.500000 for Volts is Auto
ptd-server 2022-07-31 16:45:25,663 [INFO] Sending to ptd: 'SR,V,Auto'
ptd-server 2022-07-31 16:45:26,165 [INFO] Reply from ptd: 'Range V changed'
ptd-server 2022-07-31 16:45:26,165 [INFO] Sending to ptd: 'SR,A,Auto'
ptd-server 2022-07-31 16:45:26,668 [INFO] Reply from ptd: 'Range A changed'
ptd-server 2022-07-31 16:45:36,678 [INFO] Starting ranging mode
ptd-server 2022-07-31 16:45:36,678 [INFO] Sending to ptd: 'Go,1000,0,2022-07-31_16-45-08_ranging'
ptd-server 2022-07-31 16:45:36,679 [INFO] Reply from ptd: 'Starting untimed measurement, maximum 500000 samples at 1000ms with 0 rampup samples'
ptd-server 2022-07-31 16:45:36,679 [INFO] Sending reply to client 'OK'
ptd-server 2022-07-31 16:55:50,778 [INFO] Got command from the client 'session,2022-07-31_16-45-08,stop,ranging'
ptd-server 2022-07-31 16:56:00,789 [INFO] Sending to ptd: 'Stop'
ptd-server 2022-07-31 16:56:00,789 [INFO] Reply from ptd: 'Stopping untimed measurement'
ptd-server 2022-07-31 16:56:02,106 [INFO] Sending reply to client 'OK'
ptd-server 2022-07-31 16:56:02,173 [INFO] Got command from the client 'time'
ptd-server 2022-07-31 16:56:02,173 [INFO] Sending reply to client '1659282962.1738026'
ptd-server 2022-07-31 16:56:02,175 [INFO] Got command from the client 'session,2022-07-31_16-45-08,start,testing'
ptd-server 2022-07-31 16:56:02,175 [INFO] Sending to ptd: 'SR,V,248.840000'
ptd-server 2022-07-31 16:56:03,676 [INFO] Reply from ptd: 'Range V changed'
ptd-server 2022-07-31 16:56:03,676 [INFO] Sending to ptd: 'SR,A,0.268130'
ptd-server 2022-07-31 16:56:05,178 [INFO] Reply from ptd: 'Range A changed'
ptd-server 2022-07-31 16:56:15,188 [INFO] Starting testing mode
ptd-server 2022-07-31 16:56:15,188 [INFO] Sending to ptd: 'Go,1000,0,2022-07-31_16-45-08_testing'
ptd-server 2022-07-31 16:56:15,188 [INFO] Reply from ptd: 'Starting untimed measurement, maximum 500000 samples at 1000ms with 0 rampup samples'
ptd-server 2022-07-31 16:56:15,189 [INFO] Sending reply to client 'OK'
ptd-server 2022-07-31 17:06:29,147 [INFO] Got command from the client 'session,2022-07-31_16-45-08,stop,testing'
ptd-server 2022-07-31 17:06:39,158 [INFO] Sending to ptd: 'Stop'
ptd-server 2022-07-31 17:06:39,158 [INFO] Reply from ptd: 'Stopping untimed measurement'
ptd-server 2022-07-31 17:06:39,835 [INFO] Sending reply to client 'OK'
ptd-server 2022-07-31 17:06:39,850 [INFO] Got command from the client 'session,2022-07-31_16-45-08,done'
ptd-server 2022-07-31 17:06:39,850 [INFO] Sending to ptd: 'Stop'
ptd-server 2022-07-31 17:06:39,851 [INFO] Reply from ptd: 'Error: no measurement to stop'
ptd-server 2022-07-31 17:06:39,851 [INFO] Sending to ptd: 'SR,V,Auto'
ptd-server 2022-07-31 17:06:40,353 [INFO] Reply from ptd: 'Range V changed'
ptd-server 2022-07-31 17:06:40,354 [INFO] Sending to ptd: 'SR,A,0.500000'
ptd-server 2022-07-31 17:06:41,855 [INFO] Reply from ptd: 'Range A changed'
ptd-server 2022-07-31 17:06:41,855 [INFO] Set initial values for Amps 0.500000 and Volts Auto
ptd-server 2022-07-31 17:06:41,855 [INFO] Stopping ptd...
