ptd-server 2022-07-28 09:25:24,861 [INFO] Got command from the client 'time'
ptd-server 2022-07-28 09:25:24,861 [INFO] Sending reply to client '1658996724.8611808'
ptd-server 2022-07-28 09:25:24,866 [INFO] Got command from the client 'new,,4549c5e8-31f0-473b-8535-dc409f7b634b'
ptd-server 2022-07-28 09:25:24,866 [INFO] Sending reply to client 'OK 2022-07-28_09-25-24,f5e6bc9d-79bc-49f5-88ed-cdc8f3da315f'
ptd-server 2022-07-28 09:25:24,903 [INFO] Got command from the client 'time'
ptd-server 2022-07-28 09:25:24,904 [INFO] Sending reply to client '1658996724.9040291'
ptd-server 2022-07-28 09:25:24,909 [INFO] Got command from the client 'session,2022-07-28_09-25-24,start,ranging'
ptd-server 2022-07-28 09:25:24,909 [INFO] Running PTDaemon: ['/home/anton/projects/mlperf/power/inference_v1.0/ptd-linux-x86', '-l', '/tmp/tmp7lgbo8s4/ptd_logfile.txt', '-p', '8888', '49', '/dev/usbtmc0']
ptd-server 2022-07-28 09:25:42,084 [INFO] Sending to ptd: 'Hello'
ptd-server 2022-07-28 09:25:42,085 [INFO] Reply from ptd: 'Hello, PTDaemon here!'
ptd-server 2022-07-28 09:25:42,085 [INFO] Sending to ptd: 'Identify'
ptd-server 2022-07-28 09:25:42,085 [INFO] Reply from ptd: 'YokogawaWT310E,1000,1,1,1,1,0,1,1,version=1.9.2-e8c7a49a-20201208,OS=Linux 5.13.0-52-generic #59~20.04.1-Ubuntu SMP Thu Jun 16 21:21:28 UTC 2022 x86_64,mode=power,1,1,1,0,0,no_cal_date,YOKOGAWA;WT310E;C3XA04010E;F1.04'
ptd-server 2022-07-28 09:25:42,085 [INFO] Connected to PTDaemon
ptd-server 2022-07-28 09:25:42,085 [INFO] Sending to ptd: 'RR'
ptd-server 2022-07-28 09:25:42,086 [INFO] Reply from ptd: 'Ranges,0,0.500000,1,300.000000'
ptd-server 2022-07-28 09:25:42,086 [INFO] Initial range for Amps is 0.500000 for Volts is Auto
ptd-server 2022-07-28 09:25:42,086 [INFO] Sending to ptd: 'SR,V,Auto'
ptd-server 2022-07-28 09:25:42,589 [INFO] Reply from ptd: 'Range V changed'
ptd-server 2022-07-28 09:25:42,589 [INFO] Sending to ptd: 'SR,A,Auto'
ptd-server 2022-07-28 09:25:43,091 [INFO] Reply from ptd: 'Range A changed'
ptd-server 2022-07-28 09:25:53,101 [INFO] Starting ranging mode
ptd-server 2022-07-28 09:25:53,102 [INFO] Sending to ptd: 'Go,1000,0,2022-07-28_09-25-24_ranging'
ptd-server 2022-07-28 09:25:53,102 [INFO] Reply from ptd: 'Starting untimed measurement, maximum 500000 samples at 1000ms with 0 rampup samples'
ptd-server 2022-07-28 09:25:53,102 [INFO] Sending reply to client 'OK'
ptd-server 2022-07-28 09:36:08,185 [INFO] Got command from the client 'session,2022-07-28_09-25-24,stop,ranging'
ptd-server 2022-07-28 09:36:18,195 [INFO] Sending to ptd: 'Stop'
ptd-server 2022-07-28 09:36:18,196 [INFO] Reply from ptd: 'Stopping untimed measurement'
ptd-server 2022-07-28 09:36:19,247 [INFO] Sending reply to client 'OK'
ptd-server 2022-07-28 09:36:19,320 [INFO] Got command from the client 'time'
ptd-server 2022-07-28 09:36:19,320 [INFO] Sending reply to client '1658997379.3204074'
ptd-server 2022-07-28 09:36:19,325 [INFO] Got command from the client 'session,2022-07-28_09-25-24,start,testing'
ptd-server 2022-07-28 09:36:19,325 [INFO] Sending to ptd: 'SR,V,252.110000'
ptd-server 2022-07-28 09:36:20,826 [INFO] Reply from ptd: 'Range V changed'
ptd-server 2022-07-28 09:36:20,826 [INFO] Sending to ptd: 'SR,A,0.050770'
ptd-server 2022-07-28 09:36:22,328 [INFO] Reply from ptd: 'Range A changed'
ptd-server 2022-07-28 09:36:32,338 [INFO] Starting testing mode
ptd-server 2022-07-28 09:36:32,338 [INFO] Sending to ptd: 'Go,1000,0,2022-07-28_09-25-24_testing'
ptd-server 2022-07-28 09:36:32,339 [INFO] Reply from ptd: 'Starting untimed measurement, maximum 500000 samples at 1000ms with 0 rampup samples'
ptd-server 2022-07-28 09:36:32,339 [INFO] Sending reply to client 'OK'
ptd-server 2022-07-28 09:46:47,653 [INFO] Got command from the client 'session,2022-07-28_09-25-24,stop,testing'
ptd-server 2022-07-28 09:46:57,663 [INFO] Sending to ptd: 'Stop'
ptd-server 2022-07-28 09:46:57,664 [INFO] Reply from ptd: 'Stopping untimed measurement'
ptd-server 2022-07-28 09:46:58,206 [INFO] Sending reply to client 'OK'
ptd-server 2022-07-28 09:46:58,233 [INFO] Got command from the client 'session,2022-07-28_09-25-24,done'
ptd-server 2022-07-28 09:46:58,233 [INFO] Sending to ptd: 'Stop'
ptd-server 2022-07-28 09:46:58,339 [INFO] Reply from ptd: 'Error: no measurement to stop'
ptd-server 2022-07-28 09:46:58,339 [INFO] Sending to ptd: 'SR,V,Auto'
ptd-server 2022-07-28 09:46:58,842 [INFO] Reply from ptd: 'Range V changed'
ptd-server 2022-07-28 09:46:58,842 [INFO] Sending to ptd: 'SR,A,0.500000'
ptd-server 2022-07-28 09:47:00,343 [INFO] Reply from ptd: 'Range A changed'
ptd-server 2022-07-28 09:47:00,343 [INFO] Set initial values for Amps 0.500000 and Volts Auto
ptd-server 2022-07-28 09:47:00,344 [INFO] Stopping ptd...
