ptd-server 2022-07-24 16:44:19,213 [INFO] Got command from the client 'time'
ptd-server 2022-07-24 16:44:19,214 [INFO] Sending reply to client '1658677459.214051'
ptd-server 2022-07-24 16:44:19,215 [INFO] Got command from the client 'new,,af66f94b-756d-4967-97c1-bff9f61ab6fb'
ptd-server 2022-07-24 16:44:19,215 [INFO] Sending reply to client 'OK 2022-07-24_16-44-19,331b7d0e-17f1-48c8-adf7-726be4e5bf5f'
ptd-server 2022-07-24 16:44:19,253 [INFO] Got command from the client 'time'
ptd-server 2022-07-24 16:44:19,254 [INFO] Sending reply to client '1658677459.254101'
ptd-server 2022-07-24 16:44:19,255 [INFO] Got command from the client 'session,2022-07-24_16-44-19,start,ranging'
ptd-server 2022-07-24 16:44:19,255 [INFO] Running PTDaemon: ['/home/anton/projects/mlperf/power/inference_v1.0/ptd-linux-x86', '-l', '/tmp/tmp7lgbo8s4/ptd_logfile.txt', '-p', '8888', '49', '/dev/usbtmc0']
ptd-server 2022-07-24 16:44:36,429 [INFO] Sending to ptd: 'Hello'
ptd-server 2022-07-24 16:44:36,430 [INFO] Reply from ptd: 'Hello, PTDaemon here!'
ptd-server 2022-07-24 16:44:36,430 [INFO] Sending to ptd: 'Identify'
ptd-server 2022-07-24 16:44:36,431 [INFO] Reply from ptd: 'YokogawaWT310E,1000,1,1,1,1,0,1,1,version=1.9.2-e8c7a49a-20201208,OS=Linux 5.13.0-52-generic #59~20.04.1-Ubuntu SMP Thu Jun 16 21:21:28 UTC 2022 x86_64,mode=power,1,1,1,0,0,no_cal_date,YOKOGAWA;WT310E;C3XA04010E;F1.04'
ptd-server 2022-07-24 16:44:36,431 [INFO] Connected to PTDaemon
ptd-server 2022-07-24 16:44:36,431 [INFO] Sending to ptd: 'RR'
ptd-server 2022-07-24 16:44:36,431 [INFO] Reply from ptd: 'Ranges,0,0.500000,1,300.000000'
ptd-server 2022-07-24 16:44:36,431 [INFO] Initial range for Amps is 0.500000 for Volts is Auto
ptd-server 2022-07-24 16:44:36,431 [INFO] Sending to ptd: 'SR,V,Auto'
ptd-server 2022-07-24 16:44:36,934 [INFO] Reply from ptd: 'Range V changed'
ptd-server 2022-07-24 16:44:36,934 [INFO] Sending to ptd: 'SR,A,Auto'
ptd-server 2022-07-24 16:44:37,437 [INFO] Reply from ptd: 'Range A changed'
ptd-server 2022-07-24 16:44:47,447 [INFO] Starting ranging mode
ptd-server 2022-07-24 16:44:47,447 [INFO] Sending to ptd: 'Go,1000,0,2022-07-24_16-44-19_ranging'
ptd-server 2022-07-24 16:44:47,448 [INFO] Reply from ptd: 'Starting untimed measurement, maximum 500000 samples at 1000ms with 0 rampup samples'
ptd-server 2022-07-24 16:44:47,448 [INFO] Sending reply to client 'OK'
ptd-server 2022-07-24 16:55:21,565 [INFO] Got command from the client 'session,2022-07-24_16-44-19,stop,ranging'
ptd-server 2022-07-24 16:55:31,575 [INFO] Sending to ptd: 'Stop'
ptd-server 2022-07-24 16:55:31,576 [INFO] Reply from ptd: 'Stopping untimed measurement'
ptd-server 2022-07-24 16:55:32,291 [INFO] Sending reply to client 'OK'
ptd-server 2022-07-24 16:55:32,330 [INFO] Got command from the client 'time'
ptd-server 2022-07-24 16:55:32,330 [INFO] Sending reply to client '1658678132.3307953'
ptd-server 2022-07-24 16:55:32,332 [INFO] Got command from the client 'session,2022-07-24_16-44-19,start,testing'
ptd-server 2022-07-24 16:55:32,332 [INFO] Sending to ptd: 'SR,V,250.820000'
ptd-server 2022-07-24 16:55:33,949 [INFO] Reply from ptd: 'Range V changed'
ptd-server 2022-07-24 16:55:33,949 [INFO] Sending to ptd: 'SR,A,0.053270'
ptd-server 2022-07-24 16:55:35,451 [INFO] Reply from ptd: 'Range A changed'
ptd-server 2022-07-24 16:55:45,461 [INFO] Starting testing mode
ptd-server 2022-07-24 16:55:45,461 [INFO] Sending to ptd: 'Go,1000,0,2022-07-24_16-44-19_testing'
ptd-server 2022-07-24 16:55:45,462 [INFO] Reply from ptd: 'Starting untimed measurement, maximum 500000 samples at 1000ms with 0 rampup samples'
ptd-server 2022-07-24 16:55:45,462 [INFO] Sending reply to client 'OK'
ptd-server 2022-07-24 17:06:19,517 [INFO] Got command from the client 'session,2022-07-24_16-44-19,stop,testing'
ptd-server 2022-07-24 17:06:29,523 [INFO] Sending to ptd: 'Stop'
ptd-server 2022-07-24 17:06:29,524 [INFO] Reply from ptd: 'Stopping untimed measurement'
ptd-server 2022-07-24 17:06:29,905 [INFO] Sending reply to client 'OK'
ptd-server 2022-07-24 17:06:29,913 [INFO] Got command from the client 'session,2022-07-24_16-44-19,done'
ptd-server 2022-07-24 17:06:29,913 [INFO] Sending to ptd: 'Stop'
ptd-server 2022-07-24 17:06:30,463 [INFO] Reply from ptd: 'Error: no measurement to stop'
ptd-server 2022-07-24 17:06:30,463 [INFO] Sending to ptd: 'SR,V,Auto'
ptd-server 2022-07-24 17:06:30,966 [INFO] Reply from ptd: 'Range V changed'
ptd-server 2022-07-24 17:06:30,966 [INFO] Sending to ptd: 'SR,A,0.500000'
ptd-server 2022-07-24 17:06:32,467 [INFO] Reply from ptd: 'Range A changed'
ptd-server 2022-07-24 17:06:32,467 [INFO] Set initial values for Amps 0.500000 and Volts Auto
ptd-server 2022-07-24 17:06:32,468 [INFO] Stopping ptd...
