ptd-server 2022-07-27 12:04:18,715 [INFO] Got command from the client 'time'
ptd-server 2022-07-27 12:04:18,715 [INFO] Sending reply to client '1658919858.7157614'
ptd-server 2022-07-27 12:04:18,719 [INFO] Got command from the client 'new,,8e50efac-d6aa-4233-ad20-e2406359834a'
ptd-server 2022-07-27 12:04:18,720 [INFO] Sending reply to client 'OK 2022-07-27_12-04-18,19486c4e-4f53-424d-9f33-3ec726452d2b'
ptd-server 2022-07-27 12:04:18,759 [INFO] Got command from the client 'time'
ptd-server 2022-07-27 12:04:18,759 [INFO] Sending reply to client '1658919858.7596316'
ptd-server 2022-07-27 12:04:18,763 [INFO] Got command from the client 'session,2022-07-27_12-04-18,start,ranging'
ptd-server 2022-07-27 12:04:18,764 [INFO] Running PTDaemon: ['/home/anton/projects/mlperf/power/inference_v1.0/ptd-linux-x86', '-l', '/tmp/tmp7lgbo8s4/ptd_logfile.txt', '-p', '8888', '49', '/dev/usbtmc0']
ptd-server 2022-07-27 12:04:35,939 [INFO] Sending to ptd: 'Hello'
ptd-server 2022-07-27 12:04:35,939 [INFO] Reply from ptd: 'Hello, PTDaemon here!'
ptd-server 2022-07-27 12:04:35,940 [INFO] Sending to ptd: 'Identify'
ptd-server 2022-07-27 12:04:35,940 [INFO] Reply from ptd: 'YokogawaWT310E,1000,1,1,1,1,0,1,1,version=1.9.2-e8c7a49a-20201208,OS=Linux 5.13.0-52-generic #59~20.04.1-Ubuntu SMP Thu Jun 16 21:21:28 UTC 2022 x86_64,mode=power,1,1,1,0,0,no_cal_date,YOKOGAWA;WT310E;C3XA04010E;F1.04'
ptd-server 2022-07-27 12:04:35,940 [INFO] Connected to PTDaemon
ptd-server 2022-07-27 12:04:35,940 [INFO] Sending to ptd: 'RR'
ptd-server 2022-07-27 12:04:35,941 [INFO] Reply from ptd: 'Ranges,0,0.500000,1,300.000000'
ptd-server 2022-07-27 12:04:35,941 [INFO] Initial range for Amps is 0.500000 for Volts is Auto
ptd-server 2022-07-27 12:04:35,941 [INFO] Sending to ptd: 'SR,V,Auto'
ptd-server 2022-07-27 12:04:36,443 [INFO] Reply from ptd: 'Range V changed'
ptd-server 2022-07-27 12:04:36,444 [INFO] Sending to ptd: 'SR,A,Auto'
ptd-server 2022-07-27 12:04:36,946 [INFO] Reply from ptd: 'Range A changed'
ptd-server 2022-07-27 12:04:46,956 [INFO] Starting ranging mode
ptd-server 2022-07-27 12:04:46,956 [INFO] Sending to ptd: 'Go,1000,0,2022-07-27_12-04-18_ranging'
ptd-server 2022-07-27 12:04:46,957 [INFO] Reply from ptd: 'Starting untimed measurement, maximum 500000 samples at 1000ms with 0 rampup samples'
ptd-server 2022-07-27 12:04:46,957 [INFO] Sending reply to client 'OK'
ptd-server 2022-07-27 12:15:02,245 [INFO] Got command from the client 'session,2022-07-27_12-04-18,stop,ranging'
ptd-server 2022-07-27 12:15:12,256 [INFO] Sending to ptd: 'Stop'
ptd-server 2022-07-27 12:15:12,256 [INFO] Reply from ptd: 'Stopping untimed measurement'
ptd-server 2022-07-27 12:15:13,227 [INFO] Sending reply to client 'OK'
ptd-server 2022-07-27 12:15:13,286 [INFO] Got command from the client 'time'
ptd-server 2022-07-27 12:15:13,286 [INFO] Sending reply to client '1658920513.2869213'
ptd-server 2022-07-27 12:15:13,293 [INFO] Got command from the client 'session,2022-07-27_12-04-18,start,testing'
ptd-server 2022-07-27 12:15:13,293 [INFO] Sending to ptd: 'SR,V,250.100000'
ptd-server 2022-07-27 12:15:14,794 [INFO] Reply from ptd: 'Range V changed'
ptd-server 2022-07-27 12:15:14,795 [INFO] Sending to ptd: 'SR,A,0.043650'
ptd-server 2022-07-27 12:15:16,296 [INFO] Reply from ptd: 'Range A changed'
ptd-server 2022-07-27 12:15:26,302 [INFO] Starting testing mode
ptd-server 2022-07-27 12:15:26,303 [INFO] Sending to ptd: 'Go,1000,0,2022-07-27_12-04-18_testing'
ptd-server 2022-07-27 12:15:26,303 [INFO] Reply from ptd: 'Starting untimed measurement, maximum 500000 samples at 1000ms with 0 rampup samples'
ptd-server 2022-07-27 12:15:26,303 [INFO] Sending reply to client 'OK'
ptd-server 2022-07-27 12:25:41,246 [INFO] Got command from the client 'session,2022-07-27_12-04-18,stop,testing'
ptd-server 2022-07-27 12:25:51,257 [INFO] Sending to ptd: 'Stop'
ptd-server 2022-07-27 12:25:51,257 [INFO] Reply from ptd: 'Stopping untimed measurement'
ptd-server 2022-07-27 12:25:51,748 [INFO] Sending reply to client 'OK'
ptd-server 2022-07-27 12:25:51,771 [INFO] Got command from the client 'session,2022-07-27_12-04-18,done'
ptd-server 2022-07-27 12:25:51,771 [INFO] Sending to ptd: 'Stop'
ptd-server 2022-07-27 12:25:51,772 [INFO] Reply from ptd: 'Error: no measurement to stop'
ptd-server 2022-07-27 12:25:51,772 [INFO] Sending to ptd: 'SR,V,Auto'
ptd-server 2022-07-27 12:25:52,274 [INFO] Reply from ptd: 'Range V changed'
ptd-server 2022-07-27 12:25:52,274 [INFO] Sending to ptd: 'SR,A,0.500000'
ptd-server 2022-07-27 12:25:53,776 [INFO] Reply from ptd: 'Range A changed'
ptd-server 2022-07-27 12:25:53,776 [INFO] Set initial values for Amps 0.500000 and Volts Auto
ptd-server 2022-07-27 12:25:53,776 [INFO] Stopping ptd...
