ptd-server 2022-07-29 13:43:25,689 [INFO] Got command from the client 'time'
ptd-server 2022-07-29 13:43:25,689 [INFO] Sending reply to client '1659098605.689373'
ptd-server 2022-07-29 13:43:25,692 [INFO] Got command from the client 'new,,aae56bc8-380b-4657-9081-19ac56c42c82'
ptd-server 2022-07-29 13:43:25,693 [INFO] Sending reply to client 'OK 2022-07-29_13-43-25,76f527a2-31fa-43ea-b5d3-46f48e94a1ac'
ptd-server 2022-07-29 13:43:25,729 [INFO] Got command from the client 'time'
ptd-server 2022-07-29 13:43:25,729 [INFO] Sending reply to client '1659098605.7293837'
ptd-server 2022-07-29 13:43:25,733 [INFO] Got command from the client 'session,2022-07-29_13-43-25,start,ranging'
ptd-server 2022-07-29 13:43:25,733 [INFO] Running PTDaemon: ['/home/anton/projects/mlperf/power/inference_v1.0/ptd-linux-x86', '-l', '/tmp/tmp7lgbo8s4/ptd_logfile.txt', '-p', '8888', '49', '/dev/usbtmc0']
ptd-server 2022-07-29 13:43:42,907 [INFO] Sending to ptd: 'Hello'
ptd-server 2022-07-29 13:43:42,907 [INFO] Reply from ptd: 'Hello, PTDaemon here!'
ptd-server 2022-07-29 13:43:42,908 [INFO] Sending to ptd: 'Identify'
ptd-server 2022-07-29 13:43:42,908 [INFO] Reply from ptd: 'YokogawaWT310E,1000,1,1,1,1,0,1,1,version=1.9.2-e8c7a49a-20201208,OS=Linux 5.13.0-52-generic #59~20.04.1-Ubuntu SMP Thu Jun 16 21:21:28 UTC 2022 x86_64,mode=power,1,1,1,0,0,no_cal_date,YOKOGAWA;WT310E;C3XA04010E;F1.04'
ptd-server 2022-07-29 13:43:42,908 [INFO] Connected to PTDaemon
ptd-server 2022-07-29 13:43:42,908 [INFO] Sending to ptd: 'RR'
ptd-server 2022-07-29 13:43:42,909 [INFO] Reply from ptd: 'Ranges,0,0.500000,1,300.000000'
ptd-server 2022-07-29 13:43:42,909 [INFO] Initial range for Amps is 0.500000 for Volts is Auto
ptd-server 2022-07-29 13:43:42,909 [INFO] Sending to ptd: 'SR,V,Auto'
ptd-server 2022-07-29 13:43:43,411 [INFO] Reply from ptd: 'Range V changed'
ptd-server 2022-07-29 13:43:43,412 [INFO] Sending to ptd: 'SR,A,Auto'
ptd-server 2022-07-29 13:43:43,914 [INFO] Reply from ptd: 'Range A changed'
ptd-server 2022-07-29 13:43:53,924 [INFO] Starting ranging mode
ptd-server 2022-07-29 13:43:53,925 [INFO] Sending to ptd: 'Go,1000,0,2022-07-29_13-43-25_ranging'
ptd-server 2022-07-29 13:43:53,925 [INFO] Reply from ptd: 'Starting untimed measurement, maximum 500000 samples at 1000ms with 0 rampup samples'
ptd-server 2022-07-29 13:43:53,925 [INFO] Sending reply to client 'OK'
ptd-server 2022-07-29 13:54:26,709 [INFO] Got command from the client 'session,2022-07-29_13-43-25,stop,ranging'
ptd-server 2022-07-29 13:54:36,719 [INFO] Sending to ptd: 'Stop'
ptd-server 2022-07-29 13:54:36,720 [INFO] Reply from ptd: 'Stopping untimed measurement'
ptd-server 2022-07-29 13:54:37,928 [INFO] Sending reply to client 'OK'
ptd-server 2022-07-29 13:54:37,991 [INFO] Got command from the client 'time'
ptd-server 2022-07-29 13:54:37,991 [INFO] Sending reply to client '1659099277.9912317'
ptd-server 2022-07-29 13:54:37,995 [INFO] Got command from the client 'session,2022-07-29_13-43-25,start,testing'
ptd-server 2022-07-29 13:54:37,995 [INFO] Sending to ptd: 'SR,V,251.860000'
ptd-server 2022-07-29 13:54:39,496 [INFO] Reply from ptd: 'Range V changed'
ptd-server 2022-07-29 13:54:39,497 [INFO] Sending to ptd: 'SR,A,0.056000'
ptd-server 2022-07-29 13:54:40,998 [INFO] Reply from ptd: 'Range A changed'
ptd-server 2022-07-29 13:54:51,007 [INFO] Starting testing mode
ptd-server 2022-07-29 13:54:51,007 [INFO] Sending to ptd: 'Go,1000,0,2022-07-29_13-43-25_testing'
ptd-server 2022-07-29 13:54:51,008 [INFO] Reply from ptd: 'Starting untimed measurement, maximum 500000 samples at 1000ms with 0 rampup samples'
ptd-server 2022-07-29 13:54:51,008 [INFO] Sending reply to client 'OK'
ptd-server 2022-07-29 14:05:23,887 [INFO] Got command from the client 'session,2022-07-29_13-43-25,stop,testing'
ptd-server 2022-07-29 14:05:33,898 [INFO] Sending to ptd: 'Stop'
ptd-server 2022-07-29 14:05:33,898 [INFO] Reply from ptd: 'Stopping untimed measurement'
ptd-server 2022-07-29 14:05:34,510 [INFO] Sending reply to client 'OK'
ptd-server 2022-07-29 14:05:34,534 [INFO] Got command from the client 'session,2022-07-29_13-43-25,done'
ptd-server 2022-07-29 14:05:34,534 [INFO] Sending to ptd: 'Stop'
ptd-server 2022-07-29 14:05:34,535 [INFO] Reply from ptd: 'Error: no measurement to stop'
ptd-server 2022-07-29 14:05:34,535 [INFO] Sending to ptd: 'SR,V,Auto'
ptd-server 2022-07-29 14:05:35,037 [INFO] Reply from ptd: 'Range V changed'
ptd-server 2022-07-29 14:05:35,038 [INFO] Sending to ptd: 'SR,A,0.500000'
ptd-server 2022-07-29 14:05:36,539 [INFO] Reply from ptd: 'Range A changed'
ptd-server 2022-07-29 14:05:36,539 [INFO] Set initial values for Amps 0.500000 and Volts Auto
ptd-server 2022-07-29 14:05:36,539 [INFO] Stopping ptd...
