ptd-server 2022-07-28 04:21:05,482 [INFO] Got command from the client 'time'
ptd-server 2022-07-28 04:21:05,482 [INFO] Sending reply to client '1658978465.4822037'
ptd-server 2022-07-28 04:21:05,486 [INFO] Got command from the client 'new,,8dc033ab-bd1d-4a48-813e-5056f71fa20e'
ptd-server 2022-07-28 04:21:05,487 [INFO] Sending reply to client 'OK 2022-07-28_04-21-05,e6d7e196-2967-465f-a77f-d0d7b2ba15ec'
ptd-server 2022-07-28 04:21:05,585 [INFO] Got command from the client 'time'
ptd-server 2022-07-28 04:21:05,585 [INFO] Sending reply to client '1658978465.5852265'
ptd-server 2022-07-28 04:21:05,591 [INFO] Got command from the client 'session,2022-07-28_04-21-05,start,ranging'
ptd-server 2022-07-28 04:21:05,591 [INFO] Running PTDaemon: ['/home/anton/projects/mlperf/power/inference_v1.0/ptd-linux-x86', '-l', '/tmp/tmp7lgbo8s4/ptd_logfile.txt', '-p', '8888', '49', '/dev/usbtmc0']
ptd-server 2022-07-28 04:21:22,764 [INFO] Sending to ptd: 'Hello'
ptd-server 2022-07-28 04:21:22,765 [INFO] Reply from ptd: 'Hello, PTDaemon here!'
ptd-server 2022-07-28 04:21:22,765 [INFO] Sending to ptd: 'Identify'
ptd-server 2022-07-28 04:21:22,765 [INFO] Reply from ptd: 'YokogawaWT310E,1000,1,1,1,1,0,1,1,version=1.9.2-e8c7a49a-20201208,OS=Linux 5.13.0-52-generic #59~20.04.1-Ubuntu SMP Thu Jun 16 21:21:28 UTC 2022 x86_64,mode=power,1,1,1,0,0,no_cal_date,YOKOGAWA;WT310E;C3XA04010E;F1.04'
ptd-server 2022-07-28 04:21:22,766 [INFO] Connected to PTDaemon
ptd-server 2022-07-28 04:21:22,766 [INFO] Sending to ptd: 'RR'
ptd-server 2022-07-28 04:21:22,766 [INFO] Reply from ptd: 'Ranges,0,0.500000,1,300.000000'
ptd-server 2022-07-28 04:21:22,766 [INFO] Initial range for Amps is 0.500000 for Volts is Auto
ptd-server 2022-07-28 04:21:22,766 [INFO] Sending to ptd: 'SR,V,Auto'
ptd-server 2022-07-28 04:21:23,269 [INFO] Reply from ptd: 'Range V changed'
ptd-server 2022-07-28 04:21:23,269 [INFO] Sending to ptd: 'SR,A,Auto'
ptd-server 2022-07-28 04:21:23,771 [INFO] Reply from ptd: 'Range A changed'
ptd-server 2022-07-28 04:21:33,782 [INFO] Starting ranging mode
ptd-server 2022-07-28 04:21:33,782 [INFO] Sending to ptd: 'Go,1000,0,2022-07-28_04-21-05_ranging'
ptd-server 2022-07-28 04:21:33,782 [INFO] Reply from ptd: 'Starting untimed measurement, maximum 500000 samples at 1000ms with 0 rampup samples'
ptd-server 2022-07-28 04:21:33,782 [INFO] Sending reply to client 'OK'
ptd-server 2022-07-28 04:31:49,500 [INFO] Got command from the client 'session,2022-07-28_04-21-05,stop,ranging'
ptd-server 2022-07-28 04:31:59,510 [INFO] Sending to ptd: 'Stop'
ptd-server 2022-07-28 04:31:59,511 [INFO] Reply from ptd: 'Stopping untimed measurement'
ptd-server 2022-07-28 04:32:00,539 [INFO] Sending reply to client 'OK'
ptd-server 2022-07-28 04:32:00,755 [INFO] Got command from the client 'time'
ptd-server 2022-07-28 04:32:00,755 [INFO] Sending reply to client '1658979120.755948'
ptd-server 2022-07-28 04:32:00,761 [INFO] Got command from the client 'session,2022-07-28_04-21-05,start,testing'
ptd-server 2022-07-28 04:32:00,762 [INFO] Sending to ptd: 'SR,V,250.600000'
ptd-server 2022-07-28 04:32:02,263 [INFO] Reply from ptd: 'Range V changed'
ptd-server 2022-07-28 04:32:02,263 [INFO] Sending to ptd: 'SR,A,0.039650'
ptd-server 2022-07-28 04:32:03,765 [INFO] Reply from ptd: 'Range A changed'
ptd-server 2022-07-28 04:32:13,775 [INFO] Starting testing mode
ptd-server 2022-07-28 04:32:13,775 [INFO] Sending to ptd: 'Go,1000,0,2022-07-28_04-21-05_testing'
ptd-server 2022-07-28 04:32:13,775 [INFO] Reply from ptd: 'Starting untimed measurement, maximum 500000 samples at 1000ms with 0 rampup samples'
ptd-server 2022-07-28 04:32:13,776 [INFO] Sending reply to client 'OK'
ptd-server 2022-07-28 04:42:29,188 [INFO] Got command from the client 'session,2022-07-28_04-21-05,stop,testing'
ptd-server 2022-07-28 04:42:39,198 [INFO] Sending to ptd: 'Stop'
ptd-server 2022-07-28 04:42:39,199 [INFO] Reply from ptd: 'Stopping untimed measurement'
ptd-server 2022-07-28 04:42:39,717 [INFO] Sending reply to client 'OK'
ptd-server 2022-07-28 04:42:39,739 [INFO] Got command from the client 'session,2022-07-28_04-21-05,done'
ptd-server 2022-07-28 04:42:39,739 [INFO] Sending to ptd: 'Stop'
ptd-server 2022-07-28 04:42:39,775 [INFO] Reply from ptd: 'Error: no measurement to stop'
ptd-server 2022-07-28 04:42:39,776 [INFO] Sending to ptd: 'SR,V,Auto'
ptd-server 2022-07-28 04:42:40,278 [INFO] Reply from ptd: 'Range V changed'
ptd-server 2022-07-28 04:42:40,278 [INFO] Sending to ptd: 'SR,A,0.500000'
ptd-server 2022-07-28 04:42:41,780 [INFO] Reply from ptd: 'Range A changed'
ptd-server 2022-07-28 04:42:41,780 [INFO] Set initial values for Amps 0.500000 and Volts Auto
ptd-server 2022-07-28 04:42:41,780 [INFO] Stopping ptd...
