ptd-server 2022-07-21 09:47:09,363 [INFO] Got command from the client 'time'
ptd-server 2022-07-21 09:47:09,363 [INFO] Sending reply to client '1658393229.3637767'
ptd-server 2022-07-21 09:47:09,364 [INFO] Got command from the client 'new,,6e7b63f7-5e66-4231-b2cb-943d7e3b6b78'
ptd-server 2022-07-21 09:47:09,365 [INFO] Sending reply to client 'OK 2022-07-21_09-47-09,2d67dd08-0a5c-49aa-8c5e-c5eb0e7d4ebc'
ptd-server 2022-07-21 09:47:09,396 [INFO] Got command from the client 'time'
ptd-server 2022-07-21 09:47:09,396 [INFO] Sending reply to client '1658393229.3965397'
ptd-server 2022-07-21 09:47:09,397 [INFO] Got command from the client 'session,2022-07-21_09-47-09,start,ranging'
ptd-server 2022-07-21 09:47:09,397 [INFO] Running PTDaemon: ['/home/anton/projects/mlperf/power/inference_v1.0/ptd-linux-x86', '-l', '/tmp/tmp7lgbo8s4/ptd_logfile.txt', '-p', '8888', '49', '/dev/usbtmc0']
ptd-server 2022-07-21 09:47:26,571 [INFO] Sending to ptd: 'Hello'
ptd-server 2022-07-21 09:47:26,572 [INFO] Reply from ptd: 'Hello, PTDaemon here!'
ptd-server 2022-07-21 09:47:26,572 [INFO] Sending to ptd: 'Identify'
ptd-server 2022-07-21 09:47:26,572 [INFO] Reply from ptd: 'YokogawaWT310E,1000,1,1,1,1,0,1,1,version=1.9.2-e8c7a49a-20201208,OS=Linux 5.13.0-52-generic #59~20.04.1-Ubuntu SMP Thu Jun 16 21:21:28 UTC 2022 x86_64,mode=power,1,1,1,0,0,no_cal_date,YOKOGAWA;WT310E;C3XA04010E;F1.04'
ptd-server 2022-07-21 09:47:26,572 [INFO] Connected to PTDaemon
ptd-server 2022-07-21 09:47:26,572 [INFO] Sending to ptd: 'RR'
ptd-server 2022-07-21 09:47:26,573 [INFO] Reply from ptd: 'Ranges,0,0.500000,1,300.000000'
ptd-server 2022-07-21 09:47:26,573 [INFO] Initial range for Amps is 0.500000 for Volts is Auto
ptd-server 2022-07-21 09:47:26,573 [INFO] Sending to ptd: 'SR,V,Auto'
ptd-server 2022-07-21 09:47:27,075 [INFO] Reply from ptd: 'Range V changed'
ptd-server 2022-07-21 09:47:27,075 [INFO] Sending to ptd: 'SR,A,Auto'
ptd-server 2022-07-21 09:47:27,578 [INFO] Reply from ptd: 'Range A changed'
ptd-server 2022-07-21 09:47:37,588 [INFO] Starting ranging mode
ptd-server 2022-07-21 09:47:37,588 [INFO] Sending to ptd: 'Go,1000,0,2022-07-21_09-47-09_ranging'
ptd-server 2022-07-21 09:47:37,589 [INFO] Reply from ptd: 'Starting untimed measurement, maximum 500000 samples at 1000ms with 0 rampup samples'
ptd-server 2022-07-21 09:47:37,589 [INFO] Sending reply to client 'OK'
ptd-server 2022-07-21 09:57:58,668 [INFO] Got command from the client 'session,2022-07-21_09-47-09,stop,ranging'
ptd-server 2022-07-21 09:58:08,678 [INFO] Sending to ptd: 'Stop'
ptd-server 2022-07-21 09:58:08,679 [INFO] Reply from ptd: 'Stopping untimed measurement'
ptd-server 2022-07-21 09:58:09,023 [INFO] Sending reply to client 'OK'
ptd-server 2022-07-21 09:58:09,084 [INFO] Got command from the client 'time'
ptd-server 2022-07-21 09:58:09,084 [INFO] Sending reply to client '1658393889.0845823'
ptd-server 2022-07-21 09:58:09,085 [INFO] Got command from the client 'session,2022-07-21_09-47-09,start,testing'
ptd-server 2022-07-21 09:58:09,086 [INFO] Sending to ptd: 'SR,V,251.240000'
ptd-server 2022-07-21 09:58:11,090 [INFO] Reply from ptd: 'Range V changed'
ptd-server 2022-07-21 09:58:11,091 [INFO] Sending to ptd: 'SR,A,0.067120'
ptd-server 2022-07-21 09:58:12,592 [INFO] Reply from ptd: 'Range A changed'
ptd-server 2022-07-21 09:58:22,602 [INFO] Starting testing mode
ptd-server 2022-07-21 09:58:22,602 [INFO] Sending to ptd: 'Go,1000,0,2022-07-21_09-47-09_testing'
ptd-server 2022-07-21 09:58:22,603 [INFO] Reply from ptd: 'Starting untimed measurement, maximum 500000 samples at 1000ms with 0 rampup samples'
ptd-server 2022-07-21 09:58:22,603 [INFO] Sending reply to client 'OK'
ptd-server 2022-07-21 10:08:43,584 [INFO] Got command from the client 'session,2022-07-21_09-47-09,stop,testing'
ptd-server 2022-07-21 10:08:53,595 [INFO] Sending to ptd: 'Stop'
ptd-server 2022-07-21 10:08:53,595 [INFO] Reply from ptd: 'Stopping untimed measurement'
ptd-server 2022-07-21 10:08:53,764 [INFO] Sending reply to client 'OK'
ptd-server 2022-07-21 10:08:53,772 [INFO] Got command from the client 'session,2022-07-21_09-47-09,done'
ptd-server 2022-07-21 10:08:53,772 [INFO] Sending to ptd: 'Stop'
ptd-server 2022-07-21 10:08:53,773 [INFO] Reply from ptd: 'Error: no measurement to stop'
ptd-server 2022-07-21 10:08:53,773 [INFO] Sending to ptd: 'SR,V,Auto'
ptd-server 2022-07-21 10:08:54,275 [INFO] Reply from ptd: 'Range V changed'
ptd-server 2022-07-21 10:08:54,275 [INFO] Sending to ptd: 'SR,A,0.500000'
ptd-server 2022-07-21 10:08:55,777 [INFO] Reply from ptd: 'Range A changed'
ptd-server 2022-07-21 10:08:55,777 [INFO] Set initial values for Amps 0.500000 and Volts Auto
ptd-server 2022-07-21 10:08:55,777 [INFO] Stopping ptd...
