ptd-server 2022-08-02 15:05:52,035 [INFO] Got command from the client 'time'
ptd-server 2022-08-02 15:05:52,035 [INFO] Sending reply to client '1659449152.0354457'
ptd-server 2022-08-02 15:05:52,036 [INFO] Got command from the client 'new,,af9fbe4c-8241-487f-a09b-5bb28ae1b6e3'
ptd-server 2022-08-02 15:05:52,036 [INFO] Sending reply to client 'OK 2022-08-02_15-05-52,a35c1ec1-9a2e-46cd-8a76-93cca22fd0ad'
ptd-server 2022-08-02 15:05:52,070 [INFO] Got command from the client 'time'
ptd-server 2022-08-02 15:05:52,070 [INFO] Sending reply to client '1659449152.0708003'
ptd-server 2022-08-02 15:05:52,071 [INFO] Got command from the client 'session,2022-08-02_15-05-52,start,ranging'
ptd-server 2022-08-02 15:05:52,071 [INFO] Running PTDaemon: ['/home/anton/projects/mlperf/power/inference_v1.0/ptd-linux-x86', '-l', '/tmp/tmp7lgbo8s4/ptd_logfile.txt', '-p', '8888', '49', '/dev/usbtmc0']
ptd-server 2022-08-02 15:06:09,244 [INFO] Sending to ptd: 'Hello'
ptd-server 2022-08-02 15:06:09,245 [INFO] Reply from ptd: 'Hello, PTDaemon here!'
ptd-server 2022-08-02 15:06:09,245 [INFO] Sending to ptd: 'Identify'
ptd-server 2022-08-02 15:06:09,246 [INFO] Reply from ptd: 'YokogawaWT310E,1000,1,1,1,1,0,1,1,version=1.9.2-e8c7a49a-20201208,OS=Linux 5.13.0-52-generic #59~20.04.1-Ubuntu SMP Thu Jun 16 21:21:28 UTC 2022 x86_64,mode=power,1,1,1,0,0,no_cal_date,YOKOGAWA;WT310E;C3XA04010E;F1.04'
ptd-server 2022-08-02 15:06:09,246 [INFO] Connected to PTDaemon
ptd-server 2022-08-02 15:06:09,246 [INFO] Sending to ptd: 'RR'
ptd-server 2022-08-02 15:06:09,246 [INFO] Reply from ptd: 'Ranges,0,0.500000,1,300.000000'
ptd-server 2022-08-02 15:06:09,246 [INFO] Initial range for Amps is 0.500000 for Volts is Auto
ptd-server 2022-08-02 15:06:09,246 [INFO] Sending to ptd: 'SR,V,Auto'
ptd-server 2022-08-02 15:06:09,749 [INFO] Reply from ptd: 'Range V changed'
ptd-server 2022-08-02 15:06:09,749 [INFO] Sending to ptd: 'SR,A,Auto'
ptd-server 2022-08-02 15:06:10,252 [INFO] Reply from ptd: 'Range A changed'
ptd-server 2022-08-02 15:06:20,262 [INFO] Starting ranging mode
ptd-server 2022-08-02 15:06:20,262 [INFO] Sending to ptd: 'Go,1000,0,2022-08-02_15-05-52_ranging'
ptd-server 2022-08-02 15:06:20,263 [INFO] Reply from ptd: 'Starting untimed measurement, maximum 500000 samples at 1000ms with 0 rampup samples'
ptd-server 2022-08-02 15:06:20,263 [INFO] Sending reply to client 'OK'
ptd-server 2022-08-02 15:16:34,494 [INFO] Got command from the client 'session,2022-08-02_15-05-52,stop,ranging'
ptd-server 2022-08-02 15:16:44,504 [INFO] Sending to ptd: 'Stop'
ptd-server 2022-08-02 15:16:44,505 [INFO] Reply from ptd: 'Stopping untimed measurement'
ptd-server 2022-08-02 15:16:46,030 [INFO] Sending reply to client 'OK'
ptd-server 2022-08-02 15:16:46,084 [INFO] Got command from the client 'time'
ptd-server 2022-08-02 15:16:46,084 [INFO] Sending reply to client '1659449806.084941'
ptd-server 2022-08-02 15:16:46,086 [INFO] Got command from the client 'session,2022-08-02_15-05-52,start,testing'
ptd-server 2022-08-02 15:16:46,086 [INFO] Sending to ptd: 'SR,V,252.710000'
ptd-server 2022-08-02 15:16:47,587 [INFO] Reply from ptd: 'Range V changed'
ptd-server 2022-08-02 15:16:47,588 [INFO] Sending to ptd: 'SR,A,0.271210'
ptd-server 2022-08-02 15:16:49,089 [INFO] Reply from ptd: 'Range A changed'
ptd-server 2022-08-02 15:16:59,099 [INFO] Starting testing mode
ptd-server 2022-08-02 15:16:59,099 [INFO] Sending to ptd: 'Go,1000,0,2022-08-02_15-05-52_testing'
ptd-server 2022-08-02 15:16:59,100 [INFO] Reply from ptd: 'Starting untimed measurement, maximum 500000 samples at 1000ms with 0 rampup samples'
ptd-server 2022-08-02 15:16:59,100 [INFO] Sending reply to client 'OK'
ptd-server 2022-08-02 15:27:13,105 [INFO] Got command from the client 'session,2022-08-02_15-05-52,stop,testing'
ptd-server 2022-08-02 15:27:23,115 [INFO] Sending to ptd: 'Stop'
ptd-server 2022-08-02 15:27:23,116 [INFO] Reply from ptd: 'Stopping untimed measurement'
ptd-server 2022-08-02 15:27:23,914 [INFO] Sending reply to client 'OK'
ptd-server 2022-08-02 15:27:23,928 [INFO] Got command from the client 'session,2022-08-02_15-05-52,done'
ptd-server 2022-08-02 15:27:23,929 [INFO] Sending to ptd: 'Stop'
ptd-server 2022-08-02 15:27:24,101 [INFO] Reply from ptd: 'Error: no measurement to stop'
ptd-server 2022-08-02 15:27:24,101 [INFO] Sending to ptd: 'SR,V,Auto'
ptd-server 2022-08-02 15:27:24,604 [INFO] Reply from ptd: 'Range V changed'
ptd-server 2022-08-02 15:27:24,604 [INFO] Sending to ptd: 'SR,A,0.500000'
ptd-server 2022-08-02 15:27:26,105 [INFO] Reply from ptd: 'Range A changed'
ptd-server 2022-08-02 15:27:26,105 [INFO] Set initial values for Amps 0.500000 and Volts Auto
ptd-server 2022-08-02 15:27:26,105 [INFO] Stopping ptd...
