ptd-server 2022-07-27 04:06:09,397 [INFO] Got command from the client 'time'
ptd-server 2022-07-27 04:06:09,398 [INFO] Sending reply to client '1658891169.3980322'
ptd-server 2022-07-27 04:06:09,402 [INFO] Got command from the client 'new,,d868b736-ac5a-42e4-bd12-b52de890a954'
ptd-server 2022-07-27 04:06:09,402 [INFO] Sending reply to client 'OK 2022-07-27_04-06-09,bec17206-8f53-4bd2-ab7e-d9b59cde4a20'
ptd-server 2022-07-27 04:06:09,499 [INFO] Got command from the client 'time'
ptd-server 2022-07-27 04:06:09,499 [INFO] Sending reply to client '1658891169.4996247'
ptd-server 2022-07-27 04:06:09,503 [INFO] Got command from the client 'session,2022-07-27_04-06-09,start,ranging'
ptd-server 2022-07-27 04:06:09,504 [INFO] Running PTDaemon: ['/home/anton/projects/mlperf/power/inference_v1.0/ptd-linux-x86', '-l', '/tmp/tmp7lgbo8s4/ptd_logfile.txt', '-p', '8888', '49', '/dev/usbtmc0']
ptd-server 2022-07-27 04:06:26,678 [INFO] Sending to ptd: 'Hello'
ptd-server 2022-07-27 04:06:26,679 [INFO] Reply from ptd: 'Hello, PTDaemon here!'
ptd-server 2022-07-27 04:06:26,679 [INFO] Sending to ptd: 'Identify'
ptd-server 2022-07-27 04:06:26,679 [INFO] Reply from ptd: 'YokogawaWT310E,1000,1,1,1,1,0,1,1,version=1.9.2-e8c7a49a-20201208,OS=Linux 5.13.0-52-generic #59~20.04.1-Ubuntu SMP Thu Jun 16 21:21:28 UTC 2022 x86_64,mode=power,1,1,1,0,0,no_cal_date,YOKOGAWA;WT310E;C3XA04010E;F1.04'
ptd-server 2022-07-27 04:06:26,679 [INFO] Connected to PTDaemon
ptd-server 2022-07-27 04:06:26,679 [INFO] Sending to ptd: 'RR'
ptd-server 2022-07-27 04:06:26,680 [INFO] Reply from ptd: 'Ranges,0,0.500000,1,300.000000'
ptd-server 2022-07-27 04:06:26,680 [INFO] Initial range for Amps is 0.500000 for Volts is Auto
ptd-server 2022-07-27 04:06:26,680 [INFO] Sending to ptd: 'SR,V,Auto'
ptd-server 2022-07-27 04:06:27,182 [INFO] Reply from ptd: 'Range V changed'
ptd-server 2022-07-27 04:06:27,183 [INFO] Sending to ptd: 'SR,A,Auto'
ptd-server 2022-07-27 04:06:27,685 [INFO] Reply from ptd: 'Range A changed'
ptd-server 2022-07-27 04:06:37,695 [INFO] Starting ranging mode
ptd-server 2022-07-27 04:06:37,695 [INFO] Sending to ptd: 'Go,1000,0,2022-07-27_04-06-09_ranging'
ptd-server 2022-07-27 04:06:37,696 [INFO] Reply from ptd: 'Starting untimed measurement, maximum 500000 samples at 1000ms with 0 rampup samples'
ptd-server 2022-07-27 04:06:37,696 [INFO] Sending reply to client 'OK'
ptd-server 2022-07-27 04:16:53,307 [INFO] Got command from the client 'session,2022-07-27_04-06-09,stop,ranging'
ptd-server 2022-07-27 04:17:03,317 [INFO] Sending to ptd: 'Stop'
ptd-server 2022-07-27 04:17:03,317 [INFO] Reply from ptd: 'Stopping untimed measurement'
ptd-server 2022-07-27 04:17:04,226 [INFO] Sending reply to client 'OK'
ptd-server 2022-07-27 04:17:04,360 [INFO] Got command from the client 'time'
ptd-server 2022-07-27 04:17:04,360 [INFO] Sending reply to client '1658891824.3608165'
ptd-server 2022-07-27 04:17:04,365 [INFO] Got command from the client 'session,2022-07-27_04-06-09,start,testing'
ptd-server 2022-07-27 04:17:04,366 [INFO] Sending to ptd: 'SR,V,251.900000'
ptd-server 2022-07-27 04:17:05,867 [INFO] Reply from ptd: 'Range V changed'
ptd-server 2022-07-27 04:17:05,867 [INFO] Sending to ptd: 'SR,A,0.062460'
ptd-server 2022-07-27 04:17:07,369 [INFO] Reply from ptd: 'Range A changed'
ptd-server 2022-07-27 04:17:17,379 [INFO] Starting testing mode
ptd-server 2022-07-27 04:17:17,379 [INFO] Sending to ptd: 'Go,1000,0,2022-07-27_04-06-09_testing'
ptd-server 2022-07-27 04:17:17,379 [INFO] Reply from ptd: 'Starting untimed measurement, maximum 500000 samples at 1000ms with 0 rampup samples'
ptd-server 2022-07-27 04:17:17,380 [INFO] Sending reply to client 'OK'
ptd-server 2022-07-27 04:27:33,047 [INFO] Got command from the client 'session,2022-07-27_04-06-09,stop,testing'
ptd-server 2022-07-27 04:27:43,058 [INFO] Sending to ptd: 'Stop'
ptd-server 2022-07-27 04:27:43,058 [INFO] Reply from ptd: 'Stopping untimed measurement'
ptd-server 2022-07-27 04:27:43,526 [INFO] Sending reply to client 'OK'
ptd-server 2022-07-27 04:27:43,547 [INFO] Got command from the client 'session,2022-07-27_04-06-09,done'
ptd-server 2022-07-27 04:27:43,548 [INFO] Sending to ptd: 'Stop'
ptd-server 2022-07-27 04:27:43,548 [INFO] Reply from ptd: 'Error: no measurement to stop'
ptd-server 2022-07-27 04:27:43,548 [INFO] Sending to ptd: 'SR,V,Auto'
ptd-server 2022-07-27 04:27:44,050 [INFO] Reply from ptd: 'Range V changed'
ptd-server 2022-07-27 04:27:44,051 [INFO] Sending to ptd: 'SR,A,0.500000'
ptd-server 2022-07-27 04:27:45,552 [INFO] Reply from ptd: 'Range A changed'
ptd-server 2022-07-27 04:27:45,552 [INFO] Set initial values for Amps 0.500000 and Volts Auto
ptd-server 2022-07-27 04:27:45,552 [INFO] Stopping ptd...
