ptd-server 2022-08-04 09:26:20,506 [INFO] Got command from the client 'time'
ptd-server 2022-08-04 09:26:20,506 [INFO] Sending reply to client '1659623180.5068367'
ptd-server 2022-08-04 09:26:20,508 [INFO] Got command from the client 'new,,74cad9db-6cee-4461-8766-42e6e994c3e2'
ptd-server 2022-08-04 09:26:20,508 [INFO] Sending reply to client 'OK 2022-08-04_09-26-20,bc711b3a-4340-4a3b-bccb-24c0e4d6bc6d'
ptd-server 2022-08-04 09:26:20,589 [INFO] Got command from the client 'time'
ptd-server 2022-08-04 09:26:20,589 [INFO] Sending reply to client '1659623180.5897486'
ptd-server 2022-08-04 09:26:20,590 [INFO] Got command from the client 'session,2022-08-04_09-26-20,start,ranging'
ptd-server 2022-08-04 09:26:20,591 [INFO] Running PTDaemon: ['/local/mnt/workspace/mlcommons/power-main/inference_v1.0/ptd-linux-x86', '-l', '/tmp/tmptvofqfhs/ptd_logfile.txt', '-p', '8888', '-c', '2', '52', '/dev/usbtmc0']
ptd-server 2022-08-04 09:26:37,712 [INFO] Sending to ptd: 'Hello'
ptd-server 2022-08-04 09:26:37,713 [INFO] Reply from ptd: 'Hello, PTDaemon here!'
ptd-server 2022-08-04 09:26:37,713 [INFO] Sending to ptd: 'Identify'
ptd-server 2022-08-04 09:26:37,714 [INFO] Reply from ptd: 'YokogawaWT330,1000,1,1,1,1,0,0,1,version=1.9.2-e8c7a49a-20201208,OS=Linux 5.4.0-96-generic #109~18.04.1-Ubuntu SMP Thu Jan 13 15:06:26 UTC 2022 x86_64,mode=power,1,1,1,0,0,no_cal_date,YOKOGAWA;WT333;C2SF14011V;F1.01EM'
ptd-server 2022-08-04 09:26:37,714 [INFO] Connected to PTDaemon
ptd-server 2022-08-04 09:26:37,714 [INFO] Sending to ptd: 'RR'
ptd-server 2022-08-04 09:26:37,715 [INFO] Reply from ptd: 'Ranges,0,5.000000,0,150.000000'
ptd-server 2022-08-04 09:26:37,715 [INFO] Initial range for Amps is 5.000000 for Volts is 150.000000
ptd-server 2022-08-04 09:26:37,715 [INFO] Sending to ptd: 'SR,V,Auto'
ptd-server 2022-08-04 09:26:38,218 [INFO] Reply from ptd: 'Range V changed'
ptd-server 2022-08-04 09:26:38,219 [INFO] Sending to ptd: 'SR,A,20'
ptd-server 2022-08-04 09:26:39,721 [INFO] Reply from ptd: 'Range A changed'
ptd-server 2022-08-04 09:26:49,725 [INFO] Starting ranging mode
ptd-server 2022-08-04 09:26:49,725 [INFO] Sending to ptd: 'Go,1000,0,2022-08-04_09-26-20_ranging'
ptd-server 2022-08-04 09:26:49,726 [INFO] Reply from ptd: 'Starting untimed measurement, maximum 500000 samples at 1000ms with 0 rampup samples'
ptd-server 2022-08-04 09:26:49,726 [INFO] Sending reply to client 'OK'
ptd-server 2022-08-04 09:40:30,723 [INFO] Got command from the client 'session,2022-08-04_09-26-20,stop,ranging'
ptd-server 2022-08-04 09:40:40,727 [INFO] Sending to ptd: 'Stop'
ptd-server 2022-08-04 09:40:40,728 [INFO] Reply from ptd: 'Stopping untimed measurement'
ptd-server 2022-08-04 09:40:40,808 [INFO] Sending reply to client 'OK'
ptd-server 2022-08-04 09:40:40,894 [INFO] Got command from the client 'time'
ptd-server 2022-08-04 09:40:40,894 [INFO] Sending reply to client '1659624040.894797'
ptd-server 2022-08-04 09:40:40,895 [INFO] Got command from the client 'session,2022-08-04_09-26-20,start,testing'
ptd-server 2022-08-04 09:40:40,896 [INFO] Sending to ptd: 'SR,V,122.540000'
ptd-server 2022-08-04 09:40:43,228 [INFO] Reply from ptd: 'Range V changed'
ptd-server 2022-08-04 09:40:43,228 [INFO] Sending to ptd: 'SR,A,2.979000'
ptd-server 2022-08-04 09:40:44,731 [INFO] Reply from ptd: 'Range A changed'
ptd-server 2022-08-04 09:40:54,741 [INFO] Starting testing mode
ptd-server 2022-08-04 09:40:54,741 [INFO] Sending to ptd: 'Go,1000,0,2022-08-04_09-26-20_testing'
ptd-server 2022-08-04 09:40:54,742 [INFO] Reply from ptd: 'Starting untimed measurement, maximum 500000 samples at 1000ms with 0 rampup samples'
ptd-server 2022-08-04 09:40:54,742 [INFO] Sending reply to client 'OK'
ptd-server 2022-08-04 09:54:35,158 [INFO] Got command from the client 'session,2022-08-04_09-26-20,stop,testing'
ptd-server 2022-08-04 09:54:45,169 [INFO] Sending to ptd: 'Stop'
ptd-server 2022-08-04 09:54:45,170 [INFO] Reply from ptd: 'Stopping untimed measurement'
ptd-server 2022-08-04 09:54:45,217 [INFO] Sending reply to client 'OK'
ptd-server 2022-08-04 09:54:45,222 [INFO] Got command from the client 'session,2022-08-04_09-26-20,done'
ptd-server 2022-08-04 09:54:45,222 [INFO] Sending to ptd: 'Stop'
ptd-server 2022-08-04 09:54:45,743 [INFO] Reply from ptd: 'Error: no measurement to stop'
ptd-server 2022-08-04 09:54:45,743 [INFO] Sending to ptd: 'SR,V,150.000000'
ptd-server 2022-08-04 09:54:47,245 [INFO] Reply from ptd: 'Range V changed'
ptd-server 2022-08-04 09:54:47,246 [INFO] Sending to ptd: 'SR,A,5.000000'
ptd-server 2022-08-04 09:54:48,748 [INFO] Reply from ptd: 'Range A changed'
ptd-server 2022-08-04 09:54:48,748 [INFO] Set initial values for Amps 5.000000 and Volts 150.000000
ptd-server 2022-08-04 09:54:48,748 [INFO] Stopping ptd...
