ptd-server 2022-07-23 00:29:57,370 [INFO] Got command from the client 'time'
ptd-server 2022-07-23 00:29:57,370 [INFO] Sending reply to client '1658532597.3707418'
ptd-server 2022-07-23 00:29:57,371 [INFO] Got command from the client 'new,,a9abf80a-d27f-446f-ac45-1c29a53616c8'
ptd-server 2022-07-23 00:29:57,372 [INFO] Sending reply to client 'OK 2022-07-23_00-29-57,b28422d5-f9e4-4f42-ab45-53cb48e84f7e'
ptd-server 2022-07-23 00:29:57,400 [INFO] Got command from the client 'time'
ptd-server 2022-07-23 00:29:57,400 [INFO] Sending reply to client '1658532597.4005024'
ptd-server 2022-07-23 00:29:57,401 [INFO] Got command from the client 'session,2022-07-23_00-29-57,start,ranging'
ptd-server 2022-07-23 00:29:57,401 [INFO] Running PTDaemon: ['/home/anton/projects/mlperf/power/inference_v1.0/ptd-linux-x86', '-l', '/tmp/tmp7lgbo8s4/ptd_logfile.txt', '-p', '8888', '49', '/dev/usbtmc0']
ptd-server 2022-07-23 00:30:14,575 [INFO] Sending to ptd: 'Hello'
ptd-server 2022-07-23 00:30:14,575 [INFO] Reply from ptd: 'Hello, PTDaemon here!'
ptd-server 2022-07-23 00:30:14,576 [INFO] Sending to ptd: 'Identify'
ptd-server 2022-07-23 00:30:14,576 [INFO] Reply from ptd: 'YokogawaWT310E,1000,1,1,1,1,0,1,1,version=1.9.2-e8c7a49a-20201208,OS=Linux 5.13.0-52-generic #59~20.04.1-Ubuntu SMP Thu Jun 16 21:21:28 UTC 2022 x86_64,mode=power,1,1,1,0,0,no_cal_date,YOKOGAWA;WT310E;C3XA04010E;F1.04'
ptd-server 2022-07-23 00:30:14,576 [INFO] Connected to PTDaemon
ptd-server 2022-07-23 00:30:14,576 [INFO] Sending to ptd: 'RR'
ptd-server 2022-07-23 00:30:14,577 [INFO] Reply from ptd: 'Ranges,0,0.500000,1,300.000000'
ptd-server 2022-07-23 00:30:14,577 [INFO] Initial range for Amps is 0.500000 for Volts is Auto
ptd-server 2022-07-23 00:30:14,577 [INFO] Sending to ptd: 'SR,V,Auto'
ptd-server 2022-07-23 00:30:15,080 [INFO] Reply from ptd: 'Range V changed'
ptd-server 2022-07-23 00:30:15,080 [INFO] Sending to ptd: 'SR,A,Auto'
ptd-server 2022-07-23 00:30:15,582 [INFO] Reply from ptd: 'Range A changed'
ptd-server 2022-07-23 00:30:25,593 [INFO] Starting ranging mode
ptd-server 2022-07-23 00:30:25,593 [INFO] Sending to ptd: 'Go,1000,0,2022-07-23_00-29-57_ranging'
ptd-server 2022-07-23 00:30:25,593 [INFO] Reply from ptd: 'Starting untimed measurement, maximum 500000 samples at 1000ms with 0 rampup samples'
ptd-server 2022-07-23 00:30:25,594 [INFO] Sending reply to client 'OK'
ptd-server 2022-07-23 00:40:41,880 [INFO] Got command from the client 'session,2022-07-23_00-29-57,stop,ranging'
ptd-server 2022-07-23 00:40:51,890 [INFO] Sending to ptd: 'Stop'
ptd-server 2022-07-23 00:40:51,890 [INFO] Reply from ptd: 'Stopping untimed measurement'
ptd-server 2022-07-23 00:40:52,386 [INFO] Sending reply to client 'OK'
ptd-server 2022-07-23 00:40:52,425 [INFO] Got command from the client 'time'
ptd-server 2022-07-23 00:40:52,425 [INFO] Sending reply to client '1658533252.4259653'
ptd-server 2022-07-23 00:40:52,426 [INFO] Got command from the client 'session,2022-07-23_00-29-57,start,testing'
ptd-server 2022-07-23 00:40:52,427 [INFO] Sending to ptd: 'SR,V,250.700000'
ptd-server 2022-07-23 00:40:54,094 [INFO] Reply from ptd: 'Range V changed'
ptd-server 2022-07-23 00:40:54,094 [INFO] Sending to ptd: 'SR,A,0.046160'
ptd-server 2022-07-23 00:40:55,596 [INFO] Reply from ptd: 'Range A changed'
ptd-server 2022-07-23 00:41:05,606 [INFO] Starting testing mode
ptd-server 2022-07-23 00:41:05,606 [INFO] Sending to ptd: 'Go,1000,0,2022-07-23_00-29-57_testing'
ptd-server 2022-07-23 00:41:05,606 [INFO] Reply from ptd: 'Starting untimed measurement, maximum 500000 samples at 1000ms with 0 rampup samples'
ptd-server 2022-07-23 00:41:05,607 [INFO] Sending reply to client 'OK'
ptd-server 2022-07-23 00:51:21,893 [INFO] Got command from the client 'session,2022-07-23_00-29-57,stop,testing'
ptd-server 2022-07-23 00:51:31,903 [INFO] Sending to ptd: 'Stop'
ptd-server 2022-07-23 00:51:31,904 [INFO] Reply from ptd: 'Stopping untimed measurement'
ptd-server 2022-07-23 00:51:32,176 [INFO] Sending reply to client 'OK'
ptd-server 2022-07-23 00:51:32,184 [INFO] Got command from the client 'session,2022-07-23_00-29-57,done'
ptd-server 2022-07-23 00:51:32,184 [INFO] Sending to ptd: 'Stop'
ptd-server 2022-07-23 00:51:32,606 [INFO] Reply from ptd: 'Error: no measurement to stop'
ptd-server 2022-07-23 00:51:32,606 [INFO] Sending to ptd: 'SR,V,Auto'
ptd-server 2022-07-23 00:51:33,109 [INFO] Reply from ptd: 'Range V changed'
ptd-server 2022-07-23 00:51:33,109 [INFO] Sending to ptd: 'SR,A,0.500000'
ptd-server 2022-07-23 00:51:34,610 [INFO] Reply from ptd: 'Range A changed'
ptd-server 2022-07-23 00:51:34,611 [INFO] Set initial values for Amps 0.500000 and Volts Auto
ptd-server 2022-07-23 00:51:34,611 [INFO] Stopping ptd...
