ptd-server 2022-07-26 02:15:54,614 [INFO] Got command from the client 'time'
ptd-server 2022-07-26 02:15:54,614 [INFO] Sending reply to client '1658798154.6148977'
ptd-server 2022-07-26 02:15:54,615 [INFO] Got command from the client 'new,,ae26abb5-cdaa-4c93-a8be-78f4a730a423'
ptd-server 2022-07-26 02:15:54,616 [INFO] Sending reply to client 'OK 2022-07-26_02-15-54,4d8b13c5-f8ae-44ea-9a2b-9f52d1900fc3'
ptd-server 2022-07-26 02:15:54,644 [INFO] Got command from the client 'time'
ptd-server 2022-07-26 02:15:54,644 [INFO] Sending reply to client '1658798154.6448872'
ptd-server 2022-07-26 02:15:54,645 [INFO] Got command from the client 'session,2022-07-26_02-15-54,start,ranging'
ptd-server 2022-07-26 02:15:54,646 [INFO] Running PTDaemon: ['/home/anton/projects/mlperf/power/inference_v1.0/ptd-linux-x86', '-l', '/tmp/tmp7lgbo8s4/ptd_logfile.txt', '-p', '8888', '49', '/dev/usbtmc0']
ptd-server 2022-07-26 02:16:11,821 [INFO] Sending to ptd: 'Hello'
ptd-server 2022-07-26 02:16:11,821 [INFO] Reply from ptd: 'Hello, PTDaemon here!'
ptd-server 2022-07-26 02:16:11,822 [INFO] Sending to ptd: 'Identify'
ptd-server 2022-07-26 02:16:11,822 [INFO] Reply from ptd: 'YokogawaWT310E,1000,1,1,1,1,0,1,1,version=1.9.2-e8c7a49a-20201208,OS=Linux 5.13.0-52-generic #59~20.04.1-Ubuntu SMP Thu Jun 16 21:21:28 UTC 2022 x86_64,mode=power,1,1,1,0,0,no_cal_date,YOKOGAWA;WT310E;C3XA04010E;F1.04'
ptd-server 2022-07-26 02:16:11,822 [INFO] Connected to PTDaemon
ptd-server 2022-07-26 02:16:11,822 [INFO] Sending to ptd: 'RR'
ptd-server 2022-07-26 02:16:11,822 [INFO] Reply from ptd: 'Ranges,0,0.500000,1,300.000000'
ptd-server 2022-07-26 02:16:11,823 [INFO] Initial range for Amps is 0.500000 for Volts is Auto
ptd-server 2022-07-26 02:16:11,823 [INFO] Sending to ptd: 'SR,V,Auto'
ptd-server 2022-07-26 02:16:12,325 [INFO] Reply from ptd: 'Range V changed'
ptd-server 2022-07-26 02:16:12,325 [INFO] Sending to ptd: 'SR,A,Auto'
ptd-server 2022-07-26 02:16:12,828 [INFO] Reply from ptd: 'Range A changed'
ptd-server 2022-07-26 02:16:22,838 [INFO] Starting ranging mode
ptd-server 2022-07-26 02:16:22,838 [INFO] Sending to ptd: 'Go,1000,0,2022-07-26_02-15-54_ranging'
ptd-server 2022-07-26 02:16:22,839 [INFO] Reply from ptd: 'Starting untimed measurement, maximum 500000 samples at 1000ms with 0 rampup samples'
ptd-server 2022-07-26 02:16:22,839 [INFO] Sending reply to client 'OK'
ptd-server 2022-07-26 02:26:43,021 [INFO] Got command from the client 'session,2022-07-26_02-15-54,stop,ranging'
ptd-server 2022-07-26 02:26:53,032 [INFO] Sending to ptd: 'Stop'
ptd-server 2022-07-26 02:26:53,032 [INFO] Reply from ptd: 'Stopping untimed measurement'
ptd-server 2022-07-26 02:26:53,879 [INFO] Sending reply to client 'OK'
ptd-server 2022-07-26 02:26:53,918 [INFO] Got command from the client 'time'
ptd-server 2022-07-26 02:26:53,918 [INFO] Sending reply to client '1658798813.9181647'
ptd-server 2022-07-26 02:26:53,919 [INFO] Got command from the client 'session,2022-07-26_02-15-54,start,testing'
ptd-server 2022-07-26 02:26:53,919 [INFO] Sending to ptd: 'SR,V,252.180000'
ptd-server 2022-07-26 02:26:55,420 [INFO] Reply from ptd: 'Range V changed'
ptd-server 2022-07-26 02:26:55,420 [INFO] Sending to ptd: 'SR,A,0.053090'
ptd-server 2022-07-26 02:26:56,921 [INFO] Reply from ptd: 'Range A changed'
ptd-server 2022-07-26 02:27:06,932 [INFO] Starting testing mode
ptd-server 2022-07-26 02:27:06,932 [INFO] Sending to ptd: 'Go,1000,0,2022-07-26_02-15-54_testing'
ptd-server 2022-07-26 02:27:06,932 [INFO] Reply from ptd: 'Starting untimed measurement, maximum 500000 samples at 1000ms with 0 rampup samples'
ptd-server 2022-07-26 02:27:06,933 [INFO] Sending reply to client 'OK'
ptd-server 2022-07-26 02:37:26,822 [INFO] Got command from the client 'session,2022-07-26_02-15-54,stop,testing'
ptd-server 2022-07-26 02:37:36,823 [INFO] Sending to ptd: 'Stop'
ptd-server 2022-07-26 02:37:36,823 [INFO] Reply from ptd: 'Stopping untimed measurement'
ptd-server 2022-07-26 02:37:37,254 [INFO] Sending reply to client 'OK'
ptd-server 2022-07-26 02:37:37,262 [INFO] Got command from the client 'session,2022-07-26_02-15-54,done'
ptd-server 2022-07-26 02:37:37,262 [INFO] Sending to ptd: 'Stop'
ptd-server 2022-07-26 02:37:37,262 [INFO] Reply from ptd: 'Error: no measurement to stop'
ptd-server 2022-07-26 02:37:37,262 [INFO] Sending to ptd: 'SR,V,Auto'
ptd-server 2022-07-26 02:37:37,765 [INFO] Reply from ptd: 'Range V changed'
ptd-server 2022-07-26 02:37:37,765 [INFO] Sending to ptd: 'SR,A,0.500000'
ptd-server 2022-07-26 02:37:39,266 [INFO] Reply from ptd: 'Range A changed'
ptd-server 2022-07-26 02:37:39,267 [INFO] Set initial values for Amps 0.500000 and Volts Auto
ptd-server 2022-07-26 02:37:39,267 [INFO] Stopping ptd...
