ptd-server 2022-07-20 13:14:16,006 [INFO] Got command from the client 'time'
ptd-server 2022-07-20 13:14:16,006 [INFO] Sending reply to client '1658319256.0069568'
ptd-server 2022-07-20 13:14:16,010 [INFO] Got command from the client 'new,,009a85fd-c7d5-4580-b50e-9176eb23612e'
ptd-server 2022-07-20 13:14:16,011 [INFO] Sending reply to client 'OK 2022-07-20_13-14-16,5e16e013-d93e-41ee-8464-4b823259cec8'
ptd-server 2022-07-20 13:14:16,109 [INFO] Got command from the client 'time'
ptd-server 2022-07-20 13:14:16,109 [INFO] Sending reply to client '1658319256.1099563'
ptd-server 2022-07-20 13:14:16,114 [INFO] Got command from the client 'session,2022-07-20_13-14-16,start,ranging'
ptd-server 2022-07-20 13:14:16,114 [INFO] Running PTDaemon: ['/home/anton/projects/mlperf/power/inference_v1.0/ptd-linux-x86', '-l', '/tmp/tmp7lgbo8s4/ptd_logfile.txt', '-p', '8888', '49', '/dev/usbtmc0']
ptd-server 2022-07-20 13:14:33,288 [INFO] Sending to ptd: 'Hello'
ptd-server 2022-07-20 13:14:33,288 [INFO] Reply from ptd: 'Hello, PTDaemon here!'
ptd-server 2022-07-20 13:14:33,288 [INFO] Sending to ptd: 'Identify'
ptd-server 2022-07-20 13:14:33,289 [INFO] Reply from ptd: 'YokogawaWT310E,1000,1,1,1,1,0,1,1,version=1.9.2-e8c7a49a-20201208,OS=Linux 5.13.0-52-generic #59~20.04.1-Ubuntu SMP Thu Jun 16 21:21:28 UTC 2022 x86_64,mode=power,1,1,1,0,0,no_cal_date,YOKOGAWA;WT310E;C3XA04010E;F1.04'
ptd-server 2022-07-20 13:14:33,289 [INFO] Connected to PTDaemon
ptd-server 2022-07-20 13:14:33,289 [INFO] Sending to ptd: 'RR'
ptd-server 2022-07-20 13:14:33,290 [INFO] Reply from ptd: 'Ranges,0,0.500000,1,300.000000'
ptd-server 2022-07-20 13:14:33,290 [INFO] Initial range for Amps is 0.500000 for Volts is Auto
ptd-server 2022-07-20 13:14:33,290 [INFO] Sending to ptd: 'SR,V,Auto'
ptd-server 2022-07-20 13:14:33,792 [INFO] Reply from ptd: 'Range V changed'
ptd-server 2022-07-20 13:14:33,793 [INFO] Sending to ptd: 'SR,A,Auto'
ptd-server 2022-07-20 13:14:34,295 [INFO] Reply from ptd: 'Range A changed'
ptd-server 2022-07-20 13:14:44,305 [INFO] Starting ranging mode
ptd-server 2022-07-20 13:14:44,306 [INFO] Sending to ptd: 'Go,1000,0,2022-07-20_13-14-16_ranging'
ptd-server 2022-07-20 13:14:44,306 [INFO] Reply from ptd: 'Starting untimed measurement, maximum 500000 samples at 1000ms with 0 rampup samples'
ptd-server 2022-07-20 13:14:44,306 [INFO] Sending reply to client 'OK'
ptd-server 2022-07-20 13:25:02,798 [INFO] Got command from the client 'session,2022-07-20_13-14-16,stop,ranging'
ptd-server 2022-07-20 13:25:12,808 [INFO] Sending to ptd: 'Stop'
ptd-server 2022-07-20 13:25:12,809 [INFO] Reply from ptd: 'Stopping untimed measurement'
ptd-server 2022-07-20 13:25:13,029 [INFO] Sending reply to client 'OK'
ptd-server 2022-07-20 13:25:13,128 [INFO] Got command from the client 'time'
ptd-server 2022-07-20 13:25:13,128 [INFO] Sending reply to client '1658319913.1284914'
ptd-server 2022-07-20 13:25:13,132 [INFO] Got command from the client 'session,2022-07-20_13-14-16,start,testing'
ptd-server 2022-07-20 13:25:13,132 [INFO] Sending to ptd: 'SR,V,250.850000'
ptd-server 2022-07-20 13:25:14,807 [INFO] Reply from ptd: 'Range V changed'
ptd-server 2022-07-20 13:25:14,808 [INFO] Sending to ptd: 'SR,A,0.078900'
ptd-server 2022-07-20 13:25:16,309 [INFO] Reply from ptd: 'Range A changed'
ptd-server 2022-07-20 13:25:26,319 [INFO] Starting testing mode
ptd-server 2022-07-20 13:25:26,319 [INFO] Sending to ptd: 'Go,1000,0,2022-07-20_13-14-16_testing'
ptd-server 2022-07-20 13:25:26,320 [INFO] Reply from ptd: 'Starting untimed measurement, maximum 500000 samples at 1000ms with 0 rampup samples'
ptd-server 2022-07-20 13:25:26,320 [INFO] Sending reply to client 'OK'
ptd-server 2022-07-20 13:35:44,593 [INFO] Got command from the client 'session,2022-07-20_13-14-16,stop,testing'
ptd-server 2022-07-20 13:35:54,604 [INFO] Sending to ptd: 'Stop'
ptd-server 2022-07-20 13:35:54,604 [INFO] Reply from ptd: 'Stopping untimed measurement'
ptd-server 2022-07-20 13:35:54,729 [INFO] Sending reply to client 'OK'
ptd-server 2022-07-20 13:35:54,751 [INFO] Got command from the client 'session,2022-07-20_13-14-16,done'
ptd-server 2022-07-20 13:35:54,752 [INFO] Sending to ptd: 'Stop'
ptd-server 2022-07-20 13:35:55,320 [INFO] Reply from ptd: 'Error: no measurement to stop'
ptd-server 2022-07-20 13:35:55,320 [INFO] Sending to ptd: 'SR,V,Auto'
ptd-server 2022-07-20 13:35:55,823 [INFO] Reply from ptd: 'Range V changed'
ptd-server 2022-07-20 13:35:55,823 [INFO] Sending to ptd: 'SR,A,0.500000'
ptd-server 2022-07-20 13:35:57,324 [INFO] Reply from ptd: 'Range A changed'
ptd-server 2022-07-20 13:35:57,324 [INFO] Set initial values for Amps 0.500000 and Volts Auto
ptd-server 2022-07-20 13:35:57,325 [INFO] Stopping ptd...
