client 2022-07-30 21:29:44,098 [INFO] Sending command to the server: 'mlcommons/power client v3'
client 2022-07-30 21:29:44,099 [INFO] Got response: 'mlcommons/power server v3'
client 2022-07-30 21:29:44,099 [INFO] Synchronizing with the server and with time.google.com...
client 2022-07-30 21:29:44,132 [INFO] NTP:offset = -0.003 s, delay = 0.028 s 
client 2022-07-30 21:29:44,132 [INFO] Sending command to the server: 'time'
client 2022-07-30 21:29:44,133 [INFO] Got response: '1659212984.1326306'
client 2022-07-30 21:29:44,133 [INFO] The time difference between the client and the server is within range -0.479 ms..0.460 ms
client 2022-07-30 21:29:44,133 [INFO] Sending command to the server: 'new,,12b17f46-9e84-4d10-b795-50cde569cbc2'
client 2022-07-30 21:29:44,134 [INFO] Got response: 'OK 2022-07-30_21-29-44,5c2f5ca9-a507-4dbe-97a8-08c3cd1e8a53'
client 2022-07-30 21:29:44,134 [INFO] Session id is '2022-07-30_21-29-44'
client 2022-07-30 21:29:44,135 [INFO] Sources: {"sources": {"__init__.py": "da39a3ee5e6b4b0d3255bfef95601890afd80709", "client.py": "33ca4f26368777ac06e01f9567b714a4b8063886", "lib/__init__.py": "da39a3ee5e6b4b0d3255bfef95601890afd80709", "lib/client.py": "4c2b78fb4849a7e5b584ef792d82aaed20b17f57", "lib/common.py": "624d0c0acc7c39aaff3674f0b99d6a09da53d1dc", "lib/external/__init__.py": "da39a3ee5e6b4b0d3255bfef95601890afd80709", "lib/external/ntplib.py": "4da8f970656505a40483206ef2b5d3dd5e81711d", "lib/server.py": "cda0cdfaee9bfa1249c64a7dd4f89b7bf1b279f0", "lib/source_hashes.py": "60a2e02193209e8d392803326208d5466342da18", "lib/summary.py": "aa92f0a3f975eecd44d3c0cd0236342ccc9f941d", "lib/time_sync.py": "3210db56eb0ff0df57bf4293dc4d4b03fffd46f1", "server.py": "c3f90f2f7eeb4db30727556d0c815ebc89b3d28b", "tests/unit/__init__.py": "da39a3ee5e6b4b0d3255bfef95601890afd80709", "tests/unit/test_server.py": "99ae15aef722f2000ee6ed1ae1523637bf1ae42b", "tests/unit/test_source_hashes.py": "00468a2907583c593e6574a1f6b404e4651c221a"}, "modules": {"ptd_client_server.lib.client": "lib/client.py", "ptd_client_server.lib.common": "lib/common.py", "ptd_client_server.lib.external.ntplib": "lib/external/ntplib.py", "ptd_client_server.lib.source_hashes": "lib/source_hashes.py", "ptd_client_server.lib.summary": "lib/summary.py", "ptd_client_server.lib.time_sync": "lib/time_sync.py"}}
client 2022-07-30 21:29:44,135 [INFO] Running workload in ranging mode
client 2022-07-30 21:29:44,135 [INFO] Synchronizing with the server and with time.google.com...
client 2022-07-30 21:29:44,161 [INFO] NTP:offset = -0.003 s, delay = 0.025 s 
client 2022-07-30 21:29:44,162 [INFO] Sending command to the server: 'time'
client 2022-07-30 21:29:44,162 [INFO] Got response: '1659212984.162532'
client 2022-07-30 21:29:44,163 [INFO] The time difference between the client and the server is within range -0.498 ms..0.537 ms
client 2022-07-30 21:29:44,163 [INFO] Sending command to the server: 'session,2022-07-30_21-29-44,start,ranging'
client 2022-07-30 21:30:12,355 [INFO] Got response: 'OK'
client 2022-07-30 21:30:12,356 [INFO] Running the workload 'ck benchmark program:image-classification-armnn-tflite-loadgen --env.CK_SILENT_MODE=YES --skip_print_timers --dep_add_tags.compiler=gcc,v9 --dep_add_tags.python=v3 --dep_add_tags.mlperf-inference-src=r2.1 --dep_add_tags.weights=resnet50 --dep_add_tags.images=crop.875,preprocessed,using-opencv --dep_add_tags.library=armnn,rel.22.05,neon --env.CK_LOADGEN_DATASET_SIZE=1024 --env.USE_NEON=1 --env.USE_OPENCL=0 --env.CK_LOADGEN_MODE=PerformanceOnly --env.CK_LOADGEN_SCENARIO=SingleStream --env.CK_LOADGEN_TARGET_LATENCY=35 --skip_stat_analysis --process_multi_keys --repetitions=1 --record --record_repo=local --record_uoa=mlperf_v2.1-closed-orin-armnn-v22.05-neon-resnet50-singlestream-performance-target_latency.35-power.workload --tags=mlperf,round.v2.1,division.closed,task.image-classification,platform.orin,scenario.singlestream,mode.performance,workload.resnet50,preprocessed_using.opencv,inference_engine.armnn,inference_engine_version.v22.05,inference_engine_backend.neon,target_latency.35,power.workload "@@@{\'meta\': {\'ck_benchmark_program\': \'ck benchmark program:image-classification-armnn-tflite-loadgen --env.CK_SILENT_MODE=YES --skip_print_timers --dep_add_tags.compiler=gcc,v9 --dep_add_tags.python=v3 --dep_add_tags.mlperf-inference-src=r2.1 --dep_add_tags.weights=resnet50 --dep_add_tags.images=crop.875,preprocessed,using-opencv --dep_add_tags.library=armnn,rel.22.05,neon --env.CK_LOADGEN_DATASET_SIZE=1024 --env.USE_NEON=1 --env.USE_OPENCL=0 --env.CK_LOADGEN_MODE=PerformanceOnly --env.CK_LOADGEN_SCENARIO=SingleStream --env.CK_LOADGEN_TARGET_LATENCY=35 --skip_stat_analysis --process_multi_keys --repetitions=1 --record --record_repo=local --record_uoa=mlperf_v2.1-closed-orin-armnn-v22.05-neon-resnet50-singlestream-performance-target_latency.35-power.workload --tags=mlperf,round.v2.1,division.closed,task.image-classification,platform.orin,scenario.singlestream,mode.performance,workload.resnet50,preprocessed_using.opencv,inference_engine.armnn,inference_engine_version.v22.05,inference_engine_backend.neon,target_latency.35,power.workload\'}}" && cat `ck find program:image-classification-armnn-tflite-loadgen`/tmp/mlperf_log_summary.txt && mkdir -p "$CK_MLPERF_POWER_CLIENT_LOADGEN_LOGS" && cp "$CK_MLPERF_POWER_CLIENT_LOADGEN_LOGS"/../mlperf_log_* "$CK_MLPERF_POWER_CLIENT_LOADGEN_LOGS"/'
client 2022-07-30 21:40:24,090 [INFO] Sending command to the server: 'session,2022-07-30_21-29-44,stop,ranging'
client 2022-07-30 21:40:35,338 [INFO] Got response: 'OK'
client 2022-07-30 21:40:35,353 [INFO] Copying loadgen logs from '/home/yvan/CK/ck-mlperf/program/image-classification-armnn-tflite-loadgen/tmp/loadgen_logs' to '/home/yvan/CK/ck-mlperf/program/mlperf-power-client/tmp/2022-07-30_21-29-44/ranging'
client 2022-07-30 21:40:35,355 [INFO] Running workload in testing mode
client 2022-07-30 21:40:35,355 [INFO] Synchronizing with the server and with time.google.com...
client 2022-07-30 21:40:35,388 [INFO] NTP:offset = -0.003 s, delay = 0.026 s 
client 2022-07-30 21:40:35,388 [INFO] Sending command to the server: 'time'
client 2022-07-30 21:40:35,389 [INFO] Got response: '1659213635.389286'
client 2022-07-30 21:40:35,389 [INFO] The time difference between the client and the server is within range -0.727 ms..0.607 ms
client 2022-07-30 21:40:35,390 [INFO] Sending command to the server: 'session,2022-07-30_21-29-44,start,testing'
client 2022-07-30 21:40:48,405 [INFO] Got response: 'OK'
client 2022-07-30 21:40:48,406 [INFO] Running the workload 'ck benchmark program:image-classification-armnn-tflite-loadgen --env.CK_SILENT_MODE=YES --skip_print_timers --dep_add_tags.compiler=gcc,v9 --dep_add_tags.python=v3 --dep_add_tags.mlperf-inference-src=r2.1 --dep_add_tags.weights=resnet50 --dep_add_tags.images=crop.875,preprocessed,using-opencv --dep_add_tags.library=armnn,rel.22.05,neon --env.CK_LOADGEN_DATASET_SIZE=1024 --env.USE_NEON=1 --env.USE_OPENCL=0 --env.CK_LOADGEN_MODE=PerformanceOnly --env.CK_LOADGEN_SCENARIO=SingleStream --env.CK_LOADGEN_TARGET_LATENCY=35 --skip_stat_analysis --process_multi_keys --repetitions=1 --record --record_repo=local --record_uoa=mlperf_v2.1-closed-orin-armnn-v22.05-neon-resnet50-singlestream-performance-target_latency.35-power.workload --tags=mlperf,round.v2.1,division.closed,task.image-classification,platform.orin,scenario.singlestream,mode.performance,workload.resnet50,preprocessed_using.opencv,inference_engine.armnn,inference_engine_version.v22.05,inference_engine_backend.neon,target_latency.35,power.workload "@@@{\'meta\': {\'ck_benchmark_program\': \'ck benchmark program:image-classification-armnn-tflite-loadgen --env.CK_SILENT_MODE=YES --skip_print_timers --dep_add_tags.compiler=gcc,v9 --dep_add_tags.python=v3 --dep_add_tags.mlperf-inference-src=r2.1 --dep_add_tags.weights=resnet50 --dep_add_tags.images=crop.875,preprocessed,using-opencv --dep_add_tags.library=armnn,rel.22.05,neon --env.CK_LOADGEN_DATASET_SIZE=1024 --env.USE_NEON=1 --env.USE_OPENCL=0 --env.CK_LOADGEN_MODE=PerformanceOnly --env.CK_LOADGEN_SCENARIO=SingleStream --env.CK_LOADGEN_TARGET_LATENCY=35 --skip_stat_analysis --process_multi_keys --repetitions=1 --record --record_repo=local --record_uoa=mlperf_v2.1-closed-orin-armnn-v22.05-neon-resnet50-singlestream-performance-target_latency.35-power.workload --tags=mlperf,round.v2.1,division.closed,task.image-classification,platform.orin,scenario.singlestream,mode.performance,workload.resnet50,preprocessed_using.opencv,inference_engine.armnn,inference_engine_version.v22.05,inference_engine_backend.neon,target_latency.35,power.workload\'}}" && cat `ck find program:image-classification-armnn-tflite-loadgen`/tmp/mlperf_log_summary.txt && mkdir -p "$CK_MLPERF_POWER_CLIENT_LOADGEN_LOGS" && cp "$CK_MLPERF_POWER_CLIENT_LOADGEN_LOGS"/../mlperf_log_* "$CK_MLPERF_POWER_CLIENT_LOADGEN_LOGS"/'
client 2022-07-30 21:51:00,163 [INFO] Sending command to the server: 'session,2022-07-30_21-29-44,stop,testing'
client 2022-07-30 21:51:10,800 [INFO] Got response: 'OK'
client 2022-07-30 21:51:10,805 [INFO] Copying loadgen logs from '/home/yvan/CK/ck-mlperf/program/image-classification-armnn-tflite-loadgen/tmp/loadgen_logs' to '/home/yvan/CK/ck-mlperf/program/mlperf-power-client/tmp/2022-07-30_21-29-44/run_1'
client 2022-07-30 21:51:10,807 [INFO] Done runs
