ptd-server 2022-07-30 21:29:44,132 [INFO] Got command from the client 'time'
ptd-server 2022-07-30 21:29:44,132 [INFO] Sending reply to client '1659212984.1326306'
ptd-server 2022-07-30 21:29:44,133 [INFO] Got command from the client 'new,,12b17f46-9e84-4d10-b795-50cde569cbc2'
ptd-server 2022-07-30 21:29:44,134 [INFO] Sending reply to client 'OK 2022-07-30_21-29-44,5c2f5ca9-a507-4dbe-97a8-08c3cd1e8a53'
ptd-server 2022-07-30 21:29:44,162 [INFO] Got command from the client 'time'
ptd-server 2022-07-30 21:29:44,162 [INFO] Sending reply to client '1659212984.162532'
ptd-server 2022-07-30 21:29:44,163 [INFO] Got command from the client 'session,2022-07-30_21-29-44,start,ranging'
ptd-server 2022-07-30 21:29:44,163 [INFO] Running PTDaemon: ['/home/anton/projects/mlperf/power/inference_v1.0/ptd-linux-x86', '-l', '/tmp/tmp7lgbo8s4/ptd_logfile.txt', '-p', '8888', '49', '/dev/usbtmc0']
ptd-server 2022-07-30 21:30:01,337 [INFO] Sending to ptd: 'Hello'
ptd-server 2022-07-30 21:30:01,337 [INFO] Reply from ptd: 'Hello, PTDaemon here!'
ptd-server 2022-07-30 21:30:01,338 [INFO] Sending to ptd: 'Identify'
ptd-server 2022-07-30 21:30:01,338 [INFO] Reply from ptd: 'YokogawaWT310E,1000,1,1,1,1,0,1,1,version=1.9.2-e8c7a49a-20201208,OS=Linux 5.13.0-52-generic #59~20.04.1-Ubuntu SMP Thu Jun 16 21:21:28 UTC 2022 x86_64,mode=power,1,1,1,0,0,no_cal_date,YOKOGAWA;WT310E;C3XA04010E;F1.04'
ptd-server 2022-07-30 21:30:01,338 [INFO] Connected to PTDaemon
ptd-server 2022-07-30 21:30:01,338 [INFO] Sending to ptd: 'RR'
ptd-server 2022-07-30 21:30:01,338 [INFO] Reply from ptd: 'Ranges,0,0.500000,1,300.000000'
ptd-server 2022-07-30 21:30:01,339 [INFO] Initial range for Amps is 0.500000 for Volts is Auto
ptd-server 2022-07-30 21:30:01,339 [INFO] Sending to ptd: 'SR,V,Auto'
ptd-server 2022-07-30 21:30:01,841 [INFO] Reply from ptd: 'Range V changed'
ptd-server 2022-07-30 21:30:01,841 [INFO] Sending to ptd: 'SR,A,Auto'
ptd-server 2022-07-30 21:30:02,344 [INFO] Reply from ptd: 'Range A changed'
ptd-server 2022-07-30 21:30:12,352 [INFO] Starting ranging mode
ptd-server 2022-07-30 21:30:12,352 [INFO] Sending to ptd: 'Go,1000,0,2022-07-30_21-29-44_ranging'
ptd-server 2022-07-30 21:30:12,352 [INFO] Reply from ptd: 'Starting untimed measurement, maximum 500000 samples at 1000ms with 0 rampup samples'
ptd-server 2022-07-30 21:30:12,352 [INFO] Sending reply to client 'OK'
ptd-server 2022-07-30 21:40:24,091 [INFO] Got command from the client 'session,2022-07-30_21-29-44,stop,ranging'
ptd-server 2022-07-30 21:40:34,101 [INFO] Sending to ptd: 'Stop'
ptd-server 2022-07-30 21:40:34,102 [INFO] Reply from ptd: 'Stopping untimed measurement'
ptd-server 2022-07-30 21:40:35,336 [INFO] Sending reply to client 'OK'
ptd-server 2022-07-30 21:40:35,389 [INFO] Got command from the client 'time'
ptd-server 2022-07-30 21:40:35,389 [INFO] Sending reply to client '1659213635.389286'
ptd-server 2022-07-30 21:40:35,390 [INFO] Got command from the client 'session,2022-07-30_21-29-44,start,testing'
ptd-server 2022-07-30 21:40:35,390 [INFO] Sending to ptd: 'SR,V,250.470000'
ptd-server 2022-07-30 21:40:36,892 [INFO] Reply from ptd: 'Range V changed'
ptd-server 2022-07-30 21:40:36,892 [INFO] Sending to ptd: 'SR,A,0.286050'
ptd-server 2022-07-30 21:40:38,393 [INFO] Reply from ptd: 'Range A changed'
ptd-server 2022-07-30 21:40:48,403 [INFO] Starting testing mode
ptd-server 2022-07-30 21:40:48,404 [INFO] Sending to ptd: 'Go,1000,0,2022-07-30_21-29-44_testing'
ptd-server 2022-07-30 21:40:48,404 [INFO] Reply from ptd: 'Starting untimed measurement, maximum 500000 samples at 1000ms with 0 rampup samples'
ptd-server 2022-07-30 21:40:48,404 [INFO] Sending reply to client 'OK'
ptd-server 2022-07-30 21:51:00,164 [INFO] Got command from the client 'session,2022-07-30_21-29-44,stop,testing'
ptd-server 2022-07-30 21:51:10,175 [INFO] Sending to ptd: 'Stop'
ptd-server 2022-07-30 21:51:10,175 [INFO] Reply from ptd: 'Stopping untimed measurement'
ptd-server 2022-07-30 21:51:10,800 [INFO] Sending reply to client 'OK'
ptd-server 2022-07-30 21:51:10,814 [INFO] Got command from the client 'session,2022-07-30_21-29-44,done'
ptd-server 2022-07-30 21:51:10,814 [INFO] Sending to ptd: 'Stop'
ptd-server 2022-07-30 21:51:10,814 [INFO] Reply from ptd: 'Error: no measurement to stop'
ptd-server 2022-07-30 21:51:10,814 [INFO] Sending to ptd: 'SR,V,Auto'
ptd-server 2022-07-30 21:51:11,317 [INFO] Reply from ptd: 'Range V changed'
ptd-server 2022-07-30 21:51:11,317 [INFO] Sending to ptd: 'SR,A,0.500000'
ptd-server 2022-07-30 21:51:12,818 [INFO] Reply from ptd: 'Range A changed'
ptd-server 2022-07-30 21:51:12,819 [INFO] Set initial values for Amps 0.500000 and Volts Auto
ptd-server 2022-07-30 21:51:12,819 [INFO] Stopping ptd...
