client 2022-08-02 23:59:36,439 [INFO] Sending command to the server: 'mlcommons/power client v3'
client 2022-08-02 23:59:36,441 [INFO] Got response: 'mlcommons/power server v3'
client 2022-08-02 23:59:36,441 [INFO] Sending command to the server: 'stop'
client 2022-08-02 23:59:36,445 [INFO] Got response: 'OK'
client 2022-08-02 23:59:36,445 [INFO] Synchronizing with the server and with 100.64.0.18...
client 2022-08-02 23:59:36,448 [INFO] NTP:offset = 0.002 s, delay = 0.001 s 
client 2022-08-02 23:59:36,448 [INFO] Sending command to the server: 'time'
client 2022-08-02 23:59:36,451 [INFO] Got response: '1659484776.3682654'
client 2022-08-02 23:59:36,451 [INFO] The time difference between the client and the server is within range 80.069 ms..83.245 ms
client 2022-08-02 23:59:36,451 [INFO] Sending command to the server: 'new,,791067c0-eae4-413b-8f0e-0da9376eba03'
client 2022-08-02 23:59:36,460 [INFO] Got response: 'OK 2022-08-02_23-59-36,1d28abd2-2a1d-4ae2-9fd5-c6d7988c6438'
client 2022-08-02 23:59:36,460 [INFO] Session id is '2022-08-02_23-59-36'
client 2022-08-02 23:59:36,460 [INFO] Sources: {"sources": {"__init__.py": "da39a3ee5e6b4b0d3255bfef95601890afd80709", "client.py": "33ca4f26368777ac06e01f9567b714a4b8063886", "lib/__init__.py": "da39a3ee5e6b4b0d3255bfef95601890afd80709", "lib/client.py": "4c2b78fb4849a7e5b584ef792d82aaed20b17f57", "lib/common.py": "624d0c0acc7c39aaff3674f0b99d6a09da53d1dc", "lib/external/__init__.py": "da39a3ee5e6b4b0d3255bfef95601890afd80709", "lib/external/ntplib.py": "4da8f970656505a40483206ef2b5d3dd5e81711d", "lib/server.py": "cda0cdfaee9bfa1249c64a7dd4f89b7bf1b279f0", "lib/source_hashes.py": "60a2e02193209e8d392803326208d5466342da18", "lib/summary.py": "aa92f0a3f975eecd44d3c0cd0236342ccc9f941d", "lib/time_sync.py": "3210db56eb0ff0df57bf4293dc4d4b03fffd46f1", "server.py": "c3f90f2f7eeb4db30727556d0c815ebc89b3d28b", "tests/unit/__init__.py": "da39a3ee5e6b4b0d3255bfef95601890afd80709", "tests/unit/test_server.py": "99ae15aef722f2000ee6ed1ae1523637bf1ae42b", "tests/unit/test_source_hashes.py": "00468a2907583c593e6574a1f6b404e4651c221a"}, "modules": {"ptd_client_server.lib.client": "lib/client.py", "ptd_client_server.lib.common": "lib/common.py", "ptd_client_server.lib.external.ntplib": "lib/external/ntplib.py", "ptd_client_server.lib.source_hashes": "lib/source_hashes.py", "ptd_client_server.lib.summary": "lib/summary.py", "ptd_client_server.lib.time_sync": "lib/time_sync.py"}}
client 2022-08-02 23:59:36,460 [INFO] Running workload in ranging mode
client 2022-08-02 23:59:36,460 [INFO] Synchronizing with the server and with 100.64.0.18...
client 2022-08-02 23:59:36,462 [INFO] NTP:offset = 0.002 s, delay = 0.001 s 
client 2022-08-02 23:59:36,462 [INFO] Sending command to the server: 'time'
client 2022-08-02 23:59:36,465 [INFO] Got response: '1659484776.3821833'
client 2022-08-02 23:59:36,465 [INFO] The time difference between the client and the server is within range 80.006 ms..83.086 ms
client 2022-08-02 23:59:36,465 [INFO] Sending command to the server: 'session,2022-08-02_23-59-36,start,ranging'
client 2022-08-03 00:00:06,042 [INFO] Got response: 'OK'
client 2022-08-03 00:00:06,042 [INFO] Running the workload 'LOG_DIR=/work/build/power_logs_temp python3 -m code.main_v2 --benchmarks=retinanet \t--scenarios=Server \t--config_ver=default_maxq \t--test_mode=PerformanceOnly  --action="run_harness" \\\n\t\t2>&1 | tee -a /work/build/power_logs/2022.08.02-23.59.00/stdout.txt \\\n\t\t&& if [ ! -d /work/build/power_logs/2022.08.02-23.59.00/ranging_tmp ]; \\\n\t\t\tthen mkdir /work/build/power_logs/2022.08.02-23.59.00/ranging_tmp \\\n\t\t\t\t&& mv /work/build/power_logs_temp/* /work/build/power_logs/2022.08.02-23.59.00/ranging_tmp/ \\\n\t\t\t\t&& cp -v /work/build/power_logs/2022.08.02-23.59.00/ranging_tmp/*/*/*/mlperf_log_detail.txt /work/build/power_logs_temp/ \\\n\t\t\t\t&& cp -v /work/build/power_logs/2022.08.02-23.59.00/ranging_tmp/*/*/*/mlperf_log_summary.txt /work/build/power_logs_temp/; \\\n\t\t\telse mkdir /work/build/power_logs/2022.08.02-23.59.00/testing_tmp \\\n\t\t\t\t&& mv /work/build/power_logs_temp/* /work/build/power_logs/2022.08.02-23.59.00/testing_tmp/ \\\n\t\t\t\t&& cp -v /work/build/power_logs/2022.08.02-23.59.00/testing_tmp/*/*/*/mlperf_log_detail.txt /work/build/power_logs_temp/ \\\n\t\t\t\t&& cp -v /work/build/power_logs/2022.08.02-23.59.00/testing_tmp/*/*/*/mlperf_log_summary.txt /work/build/power_logs_temp/; fi'
client 2022-08-03 00:10:30,299 [INFO] Sending command to the server: 'session,2022-08-02_23-59-36,stop,ranging'
client 2022-08-03 00:10:40,344 [INFO] Got response: 'OK'
client 2022-08-03 00:10:40,348 [INFO] Copying loadgen logs from '/work/build/power_logs_temp' to '/work/build/power_logs/2022.08.02-23.59.00/2022-08-02_23-59-36/ranging'
client 2022-08-03 00:10:40,348 [INFO] Running workload in testing mode
client 2022-08-03 00:10:40,348 [INFO] Synchronizing with the server and with 100.64.0.18...
client 2022-08-03 00:10:40,349 [INFO] NTP:offset = 0.004 s, delay = 0.001 s 
client 2022-08-03 00:10:40,349 [INFO] Sending command to the server: 'time'
client 2022-08-03 00:10:40,352 [INFO] Got response: '1659485440.2653184'
client 2022-08-03 00:10:40,352 [INFO] The time difference between the client and the server is within range 84.520 ms..87.353 ms
client 2022-08-03 00:10:40,352 [INFO] Sending command to the server: 'session,2022-08-02_23-59-36,start,testing'
client 2022-08-03 00:10:53,033 [INFO] Got response: 'OK'
client 2022-08-03 00:10:53,033 [INFO] Running the workload 'LOG_DIR=/work/build/power_logs_temp python3 -m code.main_v2 --benchmarks=retinanet \t--scenarios=Server \t--config_ver=default_maxq \t--test_mode=PerformanceOnly  --action="run_harness" \\\n\t\t2>&1 | tee -a /work/build/power_logs/2022.08.02-23.59.00/stdout.txt \\\n\t\t&& if [ ! -d /work/build/power_logs/2022.08.02-23.59.00/ranging_tmp ]; \\\n\t\t\tthen mkdir /work/build/power_logs/2022.08.02-23.59.00/ranging_tmp \\\n\t\t\t\t&& mv /work/build/power_logs_temp/* /work/build/power_logs/2022.08.02-23.59.00/ranging_tmp/ \\\n\t\t\t\t&& cp -v /work/build/power_logs/2022.08.02-23.59.00/ranging_tmp/*/*/*/mlperf_log_detail.txt /work/build/power_logs_temp/ \\\n\t\t\t\t&& cp -v /work/build/power_logs/2022.08.02-23.59.00/ranging_tmp/*/*/*/mlperf_log_summary.txt /work/build/power_logs_temp/; \\\n\t\t\telse mkdir /work/build/power_logs/2022.08.02-23.59.00/testing_tmp \\\n\t\t\t\t&& mv /work/build/power_logs_temp/* /work/build/power_logs/2022.08.02-23.59.00/testing_tmp/ \\\n\t\t\t\t&& cp -v /work/build/power_logs/2022.08.02-23.59.00/testing_tmp/*/*/*/mlperf_log_detail.txt /work/build/power_logs_temp/ \\\n\t\t\t\t&& cp -v /work/build/power_logs/2022.08.02-23.59.00/testing_tmp/*/*/*/mlperf_log_summary.txt /work/build/power_logs_temp/; fi'
client 2022-08-03 00:21:17,475 [INFO] Sending command to the server: 'session,2022-08-02_23-59-36,stop,testing'
client 2022-08-03 00:21:27,509 [INFO] Got response: 'OK'
client 2022-08-03 00:21:27,510 [INFO] Copying loadgen logs from '/work/build/power_logs_temp' to '/work/build/power_logs/2022.08.02-23.59.00/2022-08-02_23-59-36/run_1'
client 2022-08-03 00:21:27,510 [INFO] Done runs
