ptd-server 2022-08-01 14:28:02,790 [INFO] Got command from the client 'time'
ptd-server 2022-08-01 14:28:02,790 [INFO] Sending reply to client '1659360482.790468'
ptd-server 2022-08-01 14:28:02,791 [INFO] Got command from the client 'new,,38d48648-83a1-45fd-b752-dd470931c8a0'
ptd-server 2022-08-01 14:28:02,791 [INFO] Sending reply to client 'OK 2022-08-01_14-28-02,9f06c8cc-c846-4abb-9fa9-73487424606c'
ptd-server 2022-08-01 14:28:02,824 [INFO] Got command from the client 'time'
ptd-server 2022-08-01 14:28:02,824 [INFO] Sending reply to client '1659360482.8244975'
ptd-server 2022-08-01 14:28:02,825 [INFO] Got command from the client 'session,2022-08-01_14-28-02,start,ranging'
ptd-server 2022-08-01 14:28:02,825 [INFO] Running PTDaemon: ['/home/anton/projects/mlperf/power/inference_v1.0/ptd-linux-x86', '-l', '/tmp/tmp7lgbo8s4/ptd_logfile.txt', '-p', '8888', '49', '/dev/usbtmc0']
ptd-server 2022-08-01 14:28:19,999 [INFO] Sending to ptd: 'Hello'
ptd-server 2022-08-01 14:28:20,000 [INFO] Reply from ptd: 'Hello, PTDaemon here!'
ptd-server 2022-08-01 14:28:20,000 [INFO] Sending to ptd: 'Identify'
ptd-server 2022-08-01 14:28:20,000 [INFO] Reply from ptd: 'YokogawaWT310E,1000,1,1,1,1,0,1,1,version=1.9.2-e8c7a49a-20201208,OS=Linux 5.13.0-52-generic #59~20.04.1-Ubuntu SMP Thu Jun 16 21:21:28 UTC 2022 x86_64,mode=power,1,1,1,0,0,no_cal_date,YOKOGAWA;WT310E;C3XA04010E;F1.04'
ptd-server 2022-08-01 14:28:20,001 [INFO] Connected to PTDaemon
ptd-server 2022-08-01 14:28:20,001 [INFO] Sending to ptd: 'RR'
ptd-server 2022-08-01 14:28:20,001 [INFO] Reply from ptd: 'Ranges,0,0.500000,1,300.000000'
ptd-server 2022-08-01 14:28:20,001 [INFO] Initial range for Amps is 0.500000 for Volts is Auto
ptd-server 2022-08-01 14:28:20,001 [INFO] Sending to ptd: 'SR,V,Auto'
ptd-server 2022-08-01 14:28:20,504 [INFO] Reply from ptd: 'Range V changed'
ptd-server 2022-08-01 14:28:20,504 [INFO] Sending to ptd: 'SR,A,Auto'
ptd-server 2022-08-01 14:28:21,006 [INFO] Reply from ptd: 'Range A changed'
ptd-server 2022-08-01 14:28:31,017 [INFO] Starting ranging mode
ptd-server 2022-08-01 14:28:31,017 [INFO] Sending to ptd: 'Go,1000,0,2022-08-01_14-28-02_ranging'
ptd-server 2022-08-01 14:28:31,017 [INFO] Reply from ptd: 'Starting untimed measurement, maximum 500000 samples at 1000ms with 0 rampup samples'
ptd-server 2022-08-01 14:28:31,017 [INFO] Sending reply to client 'OK'
ptd-server 2022-08-01 14:38:48,414 [INFO] Got command from the client 'session,2022-08-01_14-28-02,stop,ranging'
ptd-server 2022-08-01 14:38:58,424 [INFO] Sending to ptd: 'Stop'
ptd-server 2022-08-01 14:38:58,424 [INFO] Reply from ptd: 'Stopping untimed measurement'
ptd-server 2022-08-01 14:38:59,815 [INFO] Sending reply to client 'OK'
ptd-server 2022-08-01 14:38:59,876 [INFO] Got command from the client 'time'
ptd-server 2022-08-01 14:38:59,876 [INFO] Sending reply to client '1659361139.8761544'
ptd-server 2022-08-01 14:38:59,877 [INFO] Got command from the client 'session,2022-08-01_14-28-02,start,testing'
ptd-server 2022-08-01 14:38:59,877 [INFO] Sending to ptd: 'SR,V,249.630000'
ptd-server 2022-08-01 14:39:01,379 [INFO] Reply from ptd: 'Range V changed'
ptd-server 2022-08-01 14:39:01,379 [INFO] Sending to ptd: 'SR,A,0.263440'
ptd-server 2022-08-01 14:39:02,880 [INFO] Reply from ptd: 'Range A changed'
ptd-server 2022-08-01 14:39:12,890 [INFO] Starting testing mode
ptd-server 2022-08-01 14:39:12,891 [INFO] Sending to ptd: 'Go,1000,0,2022-08-01_14-28-02_testing'
ptd-server 2022-08-01 14:39:12,891 [INFO] Reply from ptd: 'Starting untimed measurement, maximum 500000 samples at 1000ms with 0 rampup samples'
ptd-server 2022-08-01 14:39:12,891 [INFO] Sending reply to client 'OK'
ptd-server 2022-08-01 14:49:26,874 [INFO] Got command from the client 'session,2022-08-01_14-28-02,stop,testing'
ptd-server 2022-08-01 14:49:36,885 [INFO] Sending to ptd: 'Stop'
ptd-server 2022-08-01 14:49:36,885 [INFO] Reply from ptd: 'Stopping untimed measurement'
ptd-server 2022-08-01 14:49:37,590 [INFO] Sending reply to client 'OK'
ptd-server 2022-08-01 14:49:37,604 [INFO] Got command from the client 'session,2022-08-01_14-28-02,done'
ptd-server 2022-08-01 14:49:37,604 [INFO] Sending to ptd: 'Stop'
ptd-server 2022-08-01 14:49:37,605 [INFO] Reply from ptd: 'Error: no measurement to stop'
ptd-server 2022-08-01 14:49:37,605 [INFO] Sending to ptd: 'SR,V,Auto'
ptd-server 2022-08-01 14:49:38,107 [INFO] Reply from ptd: 'Range V changed'
ptd-server 2022-08-01 14:49:38,108 [INFO] Sending to ptd: 'SR,A,0.500000'
ptd-server 2022-08-01 14:49:39,609 [INFO] Reply from ptd: 'Range A changed'
ptd-server 2022-08-01 14:49:39,609 [INFO] Set initial values for Amps 0.500000 and Volts Auto
ptd-server 2022-08-01 14:49:39,609 [INFO] Stopping ptd...
