ptd-server 2022-07-26 17:54:19,329 [INFO] Got command from the client 'time'
ptd-server 2022-07-26 17:54:19,329 [INFO] Sending reply to client '1658854459.3297532'
ptd-server 2022-07-26 17:54:19,333 [INFO] Got command from the client 'new,,1602e6fd-d3fe-4606-bc5d-e53e9773e8be'
ptd-server 2022-07-26 17:54:19,334 [INFO] Sending reply to client 'OK 2022-07-26_17-54-19,289ba582-40ea-4caf-b947-8cb437ff615c'
ptd-server 2022-07-26 17:54:19,383 [INFO] Got command from the client 'time'
ptd-server 2022-07-26 17:54:19,383 [INFO] Sending reply to client '1658854459.3837216'
ptd-server 2022-07-26 17:54:19,387 [INFO] Got command from the client 'session,2022-07-26_17-54-19,start,ranging'
ptd-server 2022-07-26 17:54:19,387 [INFO] Running PTDaemon: ['/home/anton/projects/mlperf/power/inference_v1.0/ptd-linux-x86', '-l', '/tmp/tmp7lgbo8s4/ptd_logfile.txt', '-p', '8888', '49', '/dev/usbtmc0']
ptd-server 2022-07-26 17:54:36,561 [INFO] Sending to ptd: 'Hello'
ptd-server 2022-07-26 17:54:36,562 [INFO] Reply from ptd: 'Hello, PTDaemon here!'
ptd-server 2022-07-26 17:54:36,562 [INFO] Sending to ptd: 'Identify'
ptd-server 2022-07-26 17:54:36,562 [INFO] Reply from ptd: 'YokogawaWT310E,1000,1,1,1,1,0,1,1,version=1.9.2-e8c7a49a-20201208,OS=Linux 5.13.0-52-generic #59~20.04.1-Ubuntu SMP Thu Jun 16 21:21:28 UTC 2022 x86_64,mode=power,1,1,1,0,0,no_cal_date,YOKOGAWA;WT310E;C3XA04010E;F1.04'
ptd-server 2022-07-26 17:54:36,562 [INFO] Connected to PTDaemon
ptd-server 2022-07-26 17:54:36,563 [INFO] Sending to ptd: 'RR'
ptd-server 2022-07-26 17:54:36,563 [INFO] Reply from ptd: 'Ranges,0,0.500000,1,300.000000'
ptd-server 2022-07-26 17:54:36,563 [INFO] Initial range for Amps is 0.500000 for Volts is Auto
ptd-server 2022-07-26 17:54:36,563 [INFO] Sending to ptd: 'SR,V,Auto'
ptd-server 2022-07-26 17:54:37,066 [INFO] Reply from ptd: 'Range V changed'
ptd-server 2022-07-26 17:54:37,066 [INFO] Sending to ptd: 'SR,A,Auto'
ptd-server 2022-07-26 17:54:37,568 [INFO] Reply from ptd: 'Range A changed'
ptd-server 2022-07-26 17:54:47,579 [INFO] Starting ranging mode
ptd-server 2022-07-26 17:54:47,579 [INFO] Sending to ptd: 'Go,1000,0,2022-07-26_17-54-19_ranging'
ptd-server 2022-07-26 17:54:47,579 [INFO] Reply from ptd: 'Starting untimed measurement, maximum 500000 samples at 1000ms with 0 rampup samples'
ptd-server 2022-07-26 17:54:47,579 [INFO] Sending reply to client 'OK'
ptd-server 2022-07-26 18:05:02,311 [INFO] Got command from the client 'session,2022-07-26_17-54-19,stop,ranging'
ptd-server 2022-07-26 18:05:12,322 [INFO] Sending to ptd: 'Stop'
ptd-server 2022-07-26 18:05:12,322 [INFO] Reply from ptd: 'Stopping untimed measurement'
ptd-server 2022-07-26 18:05:13,177 [INFO] Sending reply to client 'OK'
ptd-server 2022-07-26 18:05:13,249 [INFO] Got command from the client 'time'
ptd-server 2022-07-26 18:05:13,250 [INFO] Sending reply to client '1658855113.2499828'
ptd-server 2022-07-26 18:05:13,253 [INFO] Got command from the client 'session,2022-07-26_17-54-19,start,testing'
ptd-server 2022-07-26 18:05:13,253 [INFO] Sending to ptd: 'SR,V,251.680000'
ptd-server 2022-07-26 18:05:14,754 [INFO] Reply from ptd: 'Range V changed'
ptd-server 2022-07-26 18:05:14,755 [INFO] Sending to ptd: 'SR,A,0.077880'
ptd-server 2022-07-26 18:05:16,256 [INFO] Reply from ptd: 'Range A changed'
ptd-server 2022-07-26 18:05:26,266 [INFO] Starting testing mode
ptd-server 2022-07-26 18:05:26,267 [INFO] Sending to ptd: 'Go,1000,0,2022-07-26_17-54-19_testing'
ptd-server 2022-07-26 18:05:26,267 [INFO] Reply from ptd: 'Starting untimed measurement, maximum 500000 samples at 1000ms with 0 rampup samples'
ptd-server 2022-07-26 18:05:26,267 [INFO] Sending reply to client 'OK'
ptd-server 2022-07-26 18:15:41,129 [INFO] Got command from the client 'session,2022-07-26_17-54-19,stop,testing'
ptd-server 2022-07-26 18:15:51,140 [INFO] Sending to ptd: 'Stop'
ptd-server 2022-07-26 18:15:51,140 [INFO] Reply from ptd: 'Stopping untimed measurement'
ptd-server 2022-07-26 18:15:51,601 [INFO] Sending reply to client 'OK'
ptd-server 2022-07-26 18:15:51,619 [INFO] Got command from the client 'session,2022-07-26_17-54-19,done'
ptd-server 2022-07-26 18:15:51,619 [INFO] Sending to ptd: 'Stop'
ptd-server 2022-07-26 18:15:51,620 [INFO] Reply from ptd: 'Error: no measurement to stop'
ptd-server 2022-07-26 18:15:51,620 [INFO] Sending to ptd: 'SR,V,Auto'
ptd-server 2022-07-26 18:15:52,122 [INFO] Reply from ptd: 'Range V changed'
ptd-server 2022-07-26 18:15:52,122 [INFO] Sending to ptd: 'SR,A,0.500000'
ptd-server 2022-07-26 18:15:53,624 [INFO] Reply from ptd: 'Range A changed'
ptd-server 2022-07-26 18:15:53,624 [INFO] Set initial values for Amps 0.500000 and Volts Auto
ptd-server 2022-07-26 18:15:53,624 [INFO] Stopping ptd...
