ptd-server 2022-07-29 16:01:41,108 [INFO] Got command from the client 'time'
ptd-server 2022-07-29 16:01:41,108 [INFO] Sending reply to client '1659106901.1085875'
ptd-server 2022-07-29 16:01:41,112 [INFO] Got command from the client 'new,,08f608d7-4fe7-46e6-8ead-3a90a04c37eb'
ptd-server 2022-07-29 16:01:41,113 [INFO] Sending reply to client 'OK 2022-07-29_16-01-41,63b1edea-cfde-4f01-a689-49b285db35ea'
ptd-server 2022-07-29 16:01:41,150 [INFO] Got command from the client 'time'
ptd-server 2022-07-29 16:01:41,151 [INFO] Sending reply to client '1659106901.1510806'
ptd-server 2022-07-29 16:01:41,154 [INFO] Got command from the client 'session,2022-07-29_16-01-41,start,ranging'
ptd-server 2022-07-29 16:01:41,154 [INFO] Running PTDaemon: ['/home/anton/projects/mlperf/power/inference_v1.0/ptd-linux-x86', '-l', '/tmp/tmp7lgbo8s4/ptd_logfile.txt', '-p', '8888', '49', '/dev/usbtmc0']
ptd-server 2022-07-29 16:01:58,329 [INFO] Sending to ptd: 'Hello'
ptd-server 2022-07-29 16:01:58,330 [INFO] Reply from ptd: 'Hello, PTDaemon here!'
ptd-server 2022-07-29 16:01:58,330 [INFO] Sending to ptd: 'Identify'
ptd-server 2022-07-29 16:01:58,330 [INFO] Reply from ptd: 'YokogawaWT310E,1000,1,1,1,1,0,1,1,version=1.9.2-e8c7a49a-20201208,OS=Linux 5.13.0-52-generic #59~20.04.1-Ubuntu SMP Thu Jun 16 21:21:28 UTC 2022 x86_64,mode=power,1,1,1,0,0,no_cal_date,YOKOGAWA;WT310E;C3XA04010E;F1.04'
ptd-server 2022-07-29 16:01:58,330 [INFO] Connected to PTDaemon
ptd-server 2022-07-29 16:01:58,330 [INFO] Sending to ptd: 'RR'
ptd-server 2022-07-29 16:01:58,331 [INFO] Reply from ptd: 'Ranges,0,0.500000,1,300.000000'
ptd-server 2022-07-29 16:01:58,331 [INFO] Initial range for Amps is 0.500000 for Volts is Auto
ptd-server 2022-07-29 16:01:58,331 [INFO] Sending to ptd: 'SR,V,Auto'
ptd-server 2022-07-29 16:01:58,833 [INFO] Reply from ptd: 'Range V changed'
ptd-server 2022-07-29 16:01:58,834 [INFO] Sending to ptd: 'SR,A,Auto'
ptd-server 2022-07-29 16:01:59,336 [INFO] Reply from ptd: 'Range A changed'
ptd-server 2022-07-29 16:02:09,346 [INFO] Starting ranging mode
ptd-server 2022-07-29 16:02:09,346 [INFO] Sending to ptd: 'Go,1000,0,2022-07-29_16-01-41_ranging'
ptd-server 2022-07-29 16:02:09,347 [INFO] Reply from ptd: 'Starting untimed measurement, maximum 500000 samples at 1000ms with 0 rampup samples'
ptd-server 2022-07-29 16:02:09,347 [INFO] Sending reply to client 'OK'
ptd-server 2022-07-29 16:12:28,247 [INFO] Got command from the client 'session,2022-07-29_16-01-41,stop,ranging'
ptd-server 2022-07-29 16:12:38,257 [INFO] Sending to ptd: 'Stop'
ptd-server 2022-07-29 16:12:38,257 [INFO] Reply from ptd: 'Stopping untimed measurement'
ptd-server 2022-07-29 16:12:39,474 [INFO] Sending reply to client 'OK'
ptd-server 2022-07-29 16:12:39,575 [INFO] Got command from the client 'time'
ptd-server 2022-07-29 16:12:39,575 [INFO] Sending reply to client '1659107559.575606'
ptd-server 2022-07-29 16:12:39,580 [INFO] Got command from the client 'session,2022-07-29_16-01-41,start,testing'
ptd-server 2022-07-29 16:12:39,580 [INFO] Sending to ptd: 'SR,V,250.760000'
ptd-server 2022-07-29 16:12:41,081 [INFO] Reply from ptd: 'Range V changed'
ptd-server 2022-07-29 16:12:41,081 [INFO] Sending to ptd: 'SR,A,0.060850'
ptd-server 2022-07-29 16:12:42,583 [INFO] Reply from ptd: 'Range A changed'
ptd-server 2022-07-29 16:12:52,583 [INFO] Starting testing mode
ptd-server 2022-07-29 16:12:52,583 [INFO] Sending to ptd: 'Go,1000,0,2022-07-29_16-01-41_testing'
ptd-server 2022-07-29 16:12:52,584 [INFO] Reply from ptd: 'Starting untimed measurement, maximum 500000 samples at 1000ms with 0 rampup samples'
ptd-server 2022-07-29 16:12:52,584 [INFO] Sending reply to client 'OK'
ptd-server 2022-07-29 16:23:11,712 [INFO] Got command from the client 'session,2022-07-29_16-01-41,stop,testing'
ptd-server 2022-07-29 16:23:21,722 [INFO] Sending to ptd: 'Stop'
ptd-server 2022-07-29 16:23:21,723 [INFO] Reply from ptd: 'Stopping untimed measurement'
ptd-server 2022-07-29 16:23:22,334 [INFO] Sending reply to client 'OK'
ptd-server 2022-07-29 16:23:22,355 [INFO] Got command from the client 'session,2022-07-29_16-01-41,done'
ptd-server 2022-07-29 16:23:22,355 [INFO] Sending to ptd: 'Stop'
ptd-server 2022-07-29 16:23:22,585 [INFO] Reply from ptd: 'Error: no measurement to stop'
ptd-server 2022-07-29 16:23:22,585 [INFO] Sending to ptd: 'SR,V,Auto'
ptd-server 2022-07-29 16:23:23,087 [INFO] Reply from ptd: 'Range V changed'
ptd-server 2022-07-29 16:23:23,088 [INFO] Sending to ptd: 'SR,A,0.500000'
ptd-server 2022-07-29 16:23:24,589 [INFO] Reply from ptd: 'Range A changed'
ptd-server 2022-07-29 16:23:24,589 [INFO] Set initial values for Amps 0.500000 and Volts Auto
ptd-server 2022-07-29 16:23:24,589 [INFO] Stopping ptd...
