ptd-server 2022-07-25 09:35:33,046 [INFO] Got command from the client 'time'
ptd-server 2022-07-25 09:35:33,046 [INFO] Sending reply to client '1658738133.0462096'
ptd-server 2022-07-25 09:35:33,047 [INFO] Got command from the client 'new,,033ac126-0693-43f6-8f5c-b02ef9ba4dc4'
ptd-server 2022-07-25 09:35:33,048 [INFO] Sending reply to client 'OK 2022-07-25_09-35-33,b0ecbf8a-b6fa-4b1e-8919-f0291606159d'
ptd-server 2022-07-25 09:35:33,075 [INFO] Got command from the client 'time'
ptd-server 2022-07-25 09:35:33,076 [INFO] Sending reply to client '1658738133.0760653'
ptd-server 2022-07-25 09:35:33,077 [INFO] Got command from the client 'session,2022-07-25_09-35-33,start,ranging'
ptd-server 2022-07-25 09:35:33,077 [INFO] Running PTDaemon: ['/home/anton/projects/mlperf/power/inference_v1.0/ptd-linux-x86', '-l', '/tmp/tmp7lgbo8s4/ptd_logfile.txt', '-p', '8888', '49', '/dev/usbtmc0']
ptd-server 2022-07-25 09:35:50,252 [INFO] Sending to ptd: 'Hello'
ptd-server 2022-07-25 09:35:50,253 [INFO] Reply from ptd: 'Hello, PTDaemon here!'
ptd-server 2022-07-25 09:35:50,253 [INFO] Sending to ptd: 'Identify'
ptd-server 2022-07-25 09:35:50,253 [INFO] Reply from ptd: 'YokogawaWT310E,1000,1,1,1,1,0,1,1,version=1.9.2-e8c7a49a-20201208,OS=Linux 5.13.0-52-generic #59~20.04.1-Ubuntu SMP Thu Jun 16 21:21:28 UTC 2022 x86_64,mode=power,1,1,1,0,0,no_cal_date,YOKOGAWA;WT310E;C3XA04010E;F1.04'
ptd-server 2022-07-25 09:35:50,254 [INFO] Connected to PTDaemon
ptd-server 2022-07-25 09:35:50,254 [INFO] Sending to ptd: 'RR'
ptd-server 2022-07-25 09:35:50,254 [INFO] Reply from ptd: 'Ranges,0,0.500000,1,300.000000'
ptd-server 2022-07-25 09:35:50,254 [INFO] Initial range for Amps is 0.500000 for Volts is Auto
ptd-server 2022-07-25 09:35:50,254 [INFO] Sending to ptd: 'SR,V,Auto'
ptd-server 2022-07-25 09:35:50,757 [INFO] Reply from ptd: 'Range V changed'
ptd-server 2022-07-25 09:35:50,757 [INFO] Sending to ptd: 'SR,A,Auto'
ptd-server 2022-07-25 09:35:51,259 [INFO] Reply from ptd: 'Range A changed'
ptd-server 2022-07-25 09:36:01,270 [INFO] Starting ranging mode
ptd-server 2022-07-25 09:36:01,270 [INFO] Sending to ptd: 'Go,1000,0,2022-07-25_09-35-33_ranging'
ptd-server 2022-07-25 09:36:01,270 [INFO] Reply from ptd: 'Starting untimed measurement, maximum 500000 samples at 1000ms with 0 rampup samples'
ptd-server 2022-07-25 09:36:01,270 [INFO] Sending reply to client 'OK'
ptd-server 2022-07-25 09:46:17,824 [INFO] Got command from the client 'session,2022-07-25_09-35-33,stop,ranging'
ptd-server 2022-07-25 09:46:27,835 [INFO] Sending to ptd: 'Stop'
ptd-server 2022-07-25 09:46:27,835 [INFO] Reply from ptd: 'Stopping untimed measurement'
ptd-server 2022-07-25 09:46:28,628 [INFO] Sending reply to client 'OK'
ptd-server 2022-07-25 09:46:28,682 [INFO] Got command from the client 'time'
ptd-server 2022-07-25 09:46:28,682 [INFO] Sending reply to client '1658738788.6825068'
ptd-server 2022-07-25 09:46:28,683 [INFO] Got command from the client 'session,2022-07-25_09-35-33,start,testing'
ptd-server 2022-07-25 09:46:28,683 [INFO] Sending to ptd: 'SR,V,250.520000'
ptd-server 2022-07-25 09:46:30,184 [INFO] Reply from ptd: 'Range V changed'
ptd-server 2022-07-25 09:46:30,185 [INFO] Sending to ptd: 'SR,A,0.048990'
ptd-server 2022-07-25 09:46:31,686 [INFO] Reply from ptd: 'Range A changed'
ptd-server 2022-07-25 09:46:41,696 [INFO] Starting testing mode
ptd-server 2022-07-25 09:46:41,697 [INFO] Sending to ptd: 'Go,1000,0,2022-07-25_09-35-33_testing'
ptd-server 2022-07-25 09:46:41,697 [INFO] Reply from ptd: 'Starting untimed measurement, maximum 500000 samples at 1000ms with 0 rampup samples'
ptd-server 2022-07-25 09:46:41,697 [INFO] Sending reply to client 'OK'
ptd-server 2022-07-25 09:56:58,193 [INFO] Got command from the client 'session,2022-07-25_09-35-33,stop,testing'
ptd-server 2022-07-25 09:57:08,203 [INFO] Sending to ptd: 'Stop'
ptd-server 2022-07-25 09:57:08,204 [INFO] Reply from ptd: 'Stopping untimed measurement'
ptd-server 2022-07-25 09:57:08,621 [INFO] Sending reply to client 'OK'
ptd-server 2022-07-25 09:57:08,629 [INFO] Got command from the client 'session,2022-07-25_09-35-33,done'
ptd-server 2022-07-25 09:57:08,629 [INFO] Sending to ptd: 'Stop'
ptd-server 2022-07-25 09:57:08,697 [INFO] Reply from ptd: 'Error: no measurement to stop'
ptd-server 2022-07-25 09:57:08,698 [INFO] Sending to ptd: 'SR,V,Auto'
ptd-server 2022-07-25 09:57:09,200 [INFO] Reply from ptd: 'Range V changed'
ptd-server 2022-07-25 09:57:09,200 [INFO] Sending to ptd: 'SR,A,0.500000'
ptd-server 2022-07-25 09:57:10,702 [INFO] Reply from ptd: 'Range A changed'
ptd-server 2022-07-25 09:57:10,702 [INFO] Set initial values for Amps 0.500000 and Volts Auto
ptd-server 2022-07-25 09:57:10,702 [INFO] Stopping ptd...
