client 2022-08-03 21:28:00,904 [INFO] Sending command to the server: 'mlcommons/power client v3'
client 2022-08-03 21:28:00,920 [INFO] Got response: 'mlcommons/power server v3'
client 2022-08-03 21:28:00,920 [INFO] Sending command to the server: 'stop'
client 2022-08-03 21:28:00,923 [INFO] Got response: 'OK'
client 2022-08-03 21:28:00,923 [INFO] Synchronizing with the server and with 100.64.0.18...
client 2022-08-03 21:28:00,926 [INFO] NTP:offset = -0.000 s, delay = 0.001 s 
client 2022-08-03 21:28:00,926 [INFO] Sending command to the server: 'time'
client 2022-08-03 21:28:00,929 [INFO] Got response: '1659562080.9278877'
client 2022-08-03 21:28:00,929 [INFO] The time difference between the client and the server is within range -1.263 ms..1.904 ms
client 2022-08-03 21:28:00,929 [INFO] Sending command to the server: 'new,,14c1d058-b0ed-4cc7-8ae9-3755d0b99414'
client 2022-08-03 21:28:00,935 [INFO] Got response: 'OK 2022-08-03_21-28-00,2577019b-6420-4064-832d-e37751115dc5'
client 2022-08-03 21:28:00,935 [INFO] Session id is '2022-08-03_21-28-00'
client 2022-08-03 21:28:00,935 [INFO] Sources: {"sources": {"__init__.py": "da39a3ee5e6b4b0d3255bfef95601890afd80709", "client.py": "33ca4f26368777ac06e01f9567b714a4b8063886", "lib/__init__.py": "da39a3ee5e6b4b0d3255bfef95601890afd80709", "lib/client.py": "4c2b78fb4849a7e5b584ef792d82aaed20b17f57", "lib/common.py": "624d0c0acc7c39aaff3674f0b99d6a09da53d1dc", "lib/external/__init__.py": "da39a3ee5e6b4b0d3255bfef95601890afd80709", "lib/external/ntplib.py": "4da8f970656505a40483206ef2b5d3dd5e81711d", "lib/server.py": "cda0cdfaee9bfa1249c64a7dd4f89b7bf1b279f0", "lib/source_hashes.py": "60a2e02193209e8d392803326208d5466342da18", "lib/summary.py": "aa92f0a3f975eecd44d3c0cd0236342ccc9f941d", "lib/time_sync.py": "3210db56eb0ff0df57bf4293dc4d4b03fffd46f1", "server.py": "c3f90f2f7eeb4db30727556d0c815ebc89b3d28b", "tests/unit/__init__.py": "da39a3ee5e6b4b0d3255bfef95601890afd80709", "tests/unit/test_server.py": "99ae15aef722f2000ee6ed1ae1523637bf1ae42b", "tests/unit/test_source_hashes.py": "00468a2907583c593e6574a1f6b404e4651c221a"}, "modules": {"ptd_client_server.lib.client": "lib/client.py", "ptd_client_server.lib.common": "lib/common.py", "ptd_client_server.lib.external.ntplib": "lib/external/ntplib.py", "ptd_client_server.lib.source_hashes": "lib/source_hashes.py", "ptd_client_server.lib.summary": "lib/summary.py", "ptd_client_server.lib.time_sync": "lib/time_sync.py"}}
client 2022-08-03 21:28:00,935 [INFO] Running workload in ranging mode
client 2022-08-03 21:28:00,935 [INFO] Synchronizing with the server and with 100.64.0.18...
client 2022-08-03 21:28:00,937 [INFO] NTP:offset = -0.000 s, delay = 0.001 s 
client 2022-08-03 21:28:00,937 [INFO] Sending command to the server: 'time'
client 2022-08-03 21:28:00,939 [INFO] Got response: '1659562080.938097'
client 2022-08-03 21:28:00,939 [INFO] The time difference between the client and the server is within range -0.889 ms..1.616 ms
client 2022-08-03 21:28:00,939 [INFO] Sending command to the server: 'session,2022-08-03_21-28-00,start,ranging'
client 2022-08-03 21:28:30,927 [INFO] Got response: 'OK'
client 2022-08-03 21:28:30,928 [INFO] Running the workload 'LOG_DIR=/work/build/power_logs_temp python3 -m code.main_v2 --benchmarks=bert \t--scenarios=Server \t--config_ver=default_maxq \t--test_mode=PerformanceOnly  --action="run_harness" \\\n\t\t2>&1 | tee -a /work/build/power_logs/2022.08.03-21.27.23/stdout.txt \\\n\t\t&& if [ ! -d /work/build/power_logs/2022.08.03-21.27.23/ranging_tmp ]; \\\n\t\t\tthen mkdir /work/build/power_logs/2022.08.03-21.27.23/ranging_tmp \\\n\t\t\t\t&& mv /work/build/power_logs_temp/* /work/build/power_logs/2022.08.03-21.27.23/ranging_tmp/ \\\n\t\t\t\t&& cp -v /work/build/power_logs/2022.08.03-21.27.23/ranging_tmp/*/*/*/mlperf_log_detail.txt /work/build/power_logs_temp/ \\\n\t\t\t\t&& cp -v /work/build/power_logs/2022.08.03-21.27.23/ranging_tmp/*/*/*/mlperf_log_summary.txt /work/build/power_logs_temp/; \\\n\t\t\telse mkdir /work/build/power_logs/2022.08.03-21.27.23/testing_tmp \\\n\t\t\t\t&& mv /work/build/power_logs_temp/* /work/build/power_logs/2022.08.03-21.27.23/testing_tmp/ \\\n\t\t\t\t&& cp -v /work/build/power_logs/2022.08.03-21.27.23/testing_tmp/*/*/*/mlperf_log_detail.txt /work/build/power_logs_temp/ \\\n\t\t\t\t&& cp -v /work/build/power_logs/2022.08.03-21.27.23/testing_tmp/*/*/*/mlperf_log_summary.txt /work/build/power_logs_temp/; fi'
client 2022-08-03 21:39:14,835 [INFO] Sending command to the server: 'session,2022-08-03_21-28-00,stop,ranging'
client 2022-08-03 21:39:24,898 [INFO] Got response: 'OK'
client 2022-08-03 21:39:24,901 [INFO] Copying loadgen logs from '/work/build/power_logs_temp' to '/work/build/power_logs/2022.08.03-21.27.23/2022-08-03_21-28-00/ranging'
client 2022-08-03 21:39:24,902 [INFO] Running workload in testing mode
client 2022-08-03 21:39:24,902 [INFO] Synchronizing with the server and with 100.64.0.18...
client 2022-08-03 21:39:24,903 [INFO] NTP:offset = 0.000 s, delay = 0.001 s 
client 2022-08-03 21:39:24,903 [INFO] Sending command to the server: 'time'
client 2022-08-03 21:39:24,906 [INFO] Got response: '1659562764.898791'
client 2022-08-03 21:39:24,906 [INFO] The time difference between the client and the server is within range 4.583 ms..7.283 ms
client 2022-08-03 21:39:24,906 [INFO] Sending command to the server: 'session,2022-08-03_21-28-00,start,testing'
client 2022-08-03 21:39:36,917 [INFO] Got response: 'OK'
client 2022-08-03 21:39:36,917 [INFO] Running the workload 'LOG_DIR=/work/build/power_logs_temp python3 -m code.main_v2 --benchmarks=bert \t--scenarios=Server \t--config_ver=default_maxq \t--test_mode=PerformanceOnly  --action="run_harness" \\\n\t\t2>&1 | tee -a /work/build/power_logs/2022.08.03-21.27.23/stdout.txt \\\n\t\t&& if [ ! -d /work/build/power_logs/2022.08.03-21.27.23/ranging_tmp ]; \\\n\t\t\tthen mkdir /work/build/power_logs/2022.08.03-21.27.23/ranging_tmp \\\n\t\t\t\t&& mv /work/build/power_logs_temp/* /work/build/power_logs/2022.08.03-21.27.23/ranging_tmp/ \\\n\t\t\t\t&& cp -v /work/build/power_logs/2022.08.03-21.27.23/ranging_tmp/*/*/*/mlperf_log_detail.txt /work/build/power_logs_temp/ \\\n\t\t\t\t&& cp -v /work/build/power_logs/2022.08.03-21.27.23/ranging_tmp/*/*/*/mlperf_log_summary.txt /work/build/power_logs_temp/; \\\n\t\t\telse mkdir /work/build/power_logs/2022.08.03-21.27.23/testing_tmp \\\n\t\t\t\t&& mv /work/build/power_logs_temp/* /work/build/power_logs/2022.08.03-21.27.23/testing_tmp/ \\\n\t\t\t\t&& cp -v /work/build/power_logs/2022.08.03-21.27.23/testing_tmp/*/*/*/mlperf_log_detail.txt /work/build/power_logs_temp/ \\\n\t\t\t\t&& cp -v /work/build/power_logs/2022.08.03-21.27.23/testing_tmp/*/*/*/mlperf_log_summary.txt /work/build/power_logs_temp/; fi'
client 2022-08-03 21:50:21,072 [INFO] Sending command to the server: 'session,2022-08-03_21-28-00,stop,testing'
client 2022-08-03 21:50:31,103 [INFO] Got response: 'OK'
client 2022-08-03 21:50:31,104 [INFO] Copying loadgen logs from '/work/build/power_logs_temp' to '/work/build/power_logs/2022.08.03-21.27.23/2022-08-03_21-28-00/run_1'
client 2022-08-03 21:50:31,105 [INFO] Done runs
