ptd-server 2022-08-03 21:28:00,920 [INFO] Got command from the client 'stop'
ptd-server 2022-08-03 21:28:00,920 [INFO] The server will be stopped after processing this client
ptd-server 2022-08-03 21:28:00,922 [INFO] Sending reply to client 'OK'
ptd-server 2022-08-03 21:28:00,926 [INFO] Got command from the client 'time'
ptd-server 2022-08-03 21:28:00,927 [INFO] Sending reply to client '1659562080.9278877'
ptd-server 2022-08-03 21:28:00,929 [INFO] Got command from the client 'new,,14c1d058-b0ed-4cc7-8ae9-3755d0b99414'
ptd-server 2022-08-03 21:28:00,933 [INFO] Sending reply to client 'OK 2022-08-03_21-28-00,2577019b-6420-4064-832d-e37751115dc5'
ptd-server 2022-08-03 21:28:00,937 [INFO] Got command from the client 'time'
ptd-server 2022-08-03 21:28:00,938 [INFO] Sending reply to client '1659562080.938097'
ptd-server 2022-08-03 21:28:00,939 [INFO] Got command from the client 'session,2022-08-03_21-28-00,start,ranging'
ptd-server 2022-08-03 21:28:01,050 [INFO] Running PTDaemon: ['C:\\power-dev\\ptd_client_server\\ptd-windows-x86.exe', '-l', 'C:\\Users\\root\\AppData\\Local\\Temp\\tmp2ykvqyts\\ptd_logfile.txt', '-p', '8888', '-c', '2', '-y', '48', '100.83.149.90']
ptd-server 2022-08-03 21:28:20,510 [INFO] Sending to ptd: 'Hello'
ptd-server 2022-08-03 21:28:20,525 [INFO] Reply from ptd: 'Hello, PTDaemon here!'
ptd-server 2022-08-03 21:28:20,527 [INFO] Sending to ptd: 'Identify'
ptd-server 2022-08-03 21:28:20,531 [INFO] Reply from ptd: 'YokogawaWT500_multichannel,1000,1,1,1,1,0,0,1,version=1.9.2-3976349f-20201208,OS=Windows 8 / Server 2012,mode=power,1,1,3,0,0,no_cal_date,YOKOGAWA;760203;U1J802935;F1.21'
ptd-server 2022-08-03 21:28:20,533 [INFO] Connected to PTDaemon
ptd-server 2022-08-03 21:28:20,535 [INFO] Sending to ptd: 'RR'
ptd-server 2022-08-03 21:28:20,537 [INFO] Reply from ptd: 'Ranges,-1,-1.000000,-1,-1.000000'
ptd-server 2022-08-03 21:28:20,539 [INFO] Initial range for Amps is Auto for Volts is Auto
ptd-server 2022-08-03 21:28:20,541 [INFO] Sending to ptd: 'SR,V,Auto'
ptd-server 2022-08-03 21:28:20,758 [INFO] Reply from ptd: 'Range V changed'
ptd-server 2022-08-03 21:28:20,760 [INFO] Sending to ptd: 'SR,A,Auto'
ptd-server 2022-08-03 21:28:20,914 [INFO] Reply from ptd: 'Range A changed'
ptd-server 2022-08-03 21:28:30,917 [INFO] Starting ranging mode
ptd-server 2022-08-03 21:28:30,919 [INFO] Sending to ptd: 'Go,1000,0,2022-08-03_21-28-00_ranging'
ptd-server 2022-08-03 21:28:30,922 [INFO] Reply from ptd: 'Starting untimed measurement, maximum 500000 samples at 1000ms with 0 rampup samples'
ptd-server 2022-08-03 21:28:30,923 [INFO] Sending reply to client 'OK'
ptd-server 2022-08-03 21:39:14,830 [INFO] Got command from the client 'session,2022-08-03_21-28-00,stop,ranging'
ptd-server 2022-08-03 21:39:24,838 [INFO] Sending to ptd: 'Stop'
ptd-server 2022-08-03 21:39:24,841 [INFO] Reply from ptd: 'Stopping untimed measurement'
ptd-server 2022-08-03 21:39:24,889 [INFO] Sending reply to client 'OK'
ptd-server 2022-08-03 21:39:24,897 [INFO] Got command from the client 'time'
ptd-server 2022-08-03 21:39:24,898 [INFO] Sending reply to client '1659562764.898791'
ptd-server 2022-08-03 21:39:24,899 [INFO] Got command from the client 'session,2022-08-03_21-28-00,start,testing'
ptd-server 2022-08-03 21:39:24,901 [INFO] Sending to ptd: 'SR,V,128.570000'
ptd-server 2022-08-03 21:39:26,152 [INFO] Reply from ptd: 'Range V changed'
ptd-server 2022-08-03 21:39:26,154 [INFO] Sending to ptd: 'SR,A,7.764000'
ptd-server 2022-08-03 21:39:26,888 [INFO] Reply from ptd: 'Range A changed'
ptd-server 2022-08-03 21:39:36,901 [INFO] Starting testing mode
ptd-server 2022-08-03 21:39:36,903 [INFO] Sending to ptd: 'Go,1000,0,2022-08-03_21-28-00_testing'
ptd-server 2022-08-03 21:39:36,906 [INFO] Reply from ptd: 'Starting untimed measurement, maximum 500000 samples at 1000ms with 0 rampup samples'
ptd-server 2022-08-03 21:39:36,908 [INFO] Sending reply to client 'OK'
ptd-server 2022-08-03 21:50:21,062 [INFO] Got command from the client 'session,2022-08-03_21-28-00,stop,testing'
ptd-server 2022-08-03 21:50:31,075 [INFO] Sending to ptd: 'Stop'
ptd-server 2022-08-03 21:50:31,078 [INFO] Reply from ptd: 'Stopping untimed measurement'
ptd-server 2022-08-03 21:50:31,090 [INFO] Sending reply to client 'OK'
ptd-server 2022-08-03 21:50:31,094 [INFO] Got command from the client 'session,2022-08-03_21-28-00,done'
ptd-server 2022-08-03 21:50:31,095 [INFO] Sending to ptd: 'Stop'
ptd-server 2022-08-03 21:50:31,923 [INFO] Reply from ptd: 'Error: no measurement to stop'
ptd-server 2022-08-03 21:50:31,925 [INFO] Sending to ptd: 'SR,V,Auto'
ptd-server 2022-08-03 21:50:32,140 [INFO] Reply from ptd: 'Range V changed'
ptd-server 2022-08-03 21:50:32,142 [INFO] Sending to ptd: 'SR,A,Auto'
ptd-server 2022-08-03 21:50:32,295 [INFO] Reply from ptd: 'Range A changed'
ptd-server 2022-08-03 21:50:32,297 [INFO] Set initial values for Amps Auto and Volts Auto
ptd-server 2022-08-03 21:50:32,299 [INFO] Stopping ptd...
