client 2022-08-03 08:02:01,812 [INFO] Sending command to the server: 'mlcommons/power client v3'
client 2022-08-03 08:02:01,814 [INFO] Got response: 'mlcommons/power server v3'
client 2022-08-03 08:02:01,814 [INFO] Sending command to the server: 'stop'
client 2022-08-03 08:02:01,816 [INFO] Got response: 'OK'
client 2022-08-03 08:02:01,816 [INFO] Synchronizing with the server and with ib-01.dc4-in.nvidia.com...
client 2022-08-03 08:02:02,024 [INFO] NTP:offset = 0.001 s, delay = 0.204 s 
client 2022-08-03 08:02:02,025 [INFO] Sending command to the server: 'time'
client 2022-08-03 08:02:02,027 [INFO] Got response: '1659513721.9923832'
client 2022-08-03 08:02:02,027 [INFO] The time difference between the client and the server is within range 32.668 ms..35.160 ms
client 2022-08-03 08:02:02,027 [INFO] Sending command to the server: 'new,,21ed7d31-a66c-4af5-9639-8a12e9a1732f'
client 2022-08-03 08:02:02,030 [INFO] Got response: 'OK 2022-08-03_01-02-01,14a769df-5846-4b42-8015-8cacdbc29cdf'
client 2022-08-03 08:02:02,030 [INFO] Session id is '2022-08-03_01-02-01'
client 2022-08-03 08:02:02,030 [INFO] Sources: {"sources": {"__init__.py": "da39a3ee5e6b4b0d3255bfef95601890afd80709", "client.py": "33ca4f26368777ac06e01f9567b714a4b8063886", "lib/__init__.py": "da39a3ee5e6b4b0d3255bfef95601890afd80709", "lib/client.py": "4c2b78fb4849a7e5b584ef792d82aaed20b17f57", "lib/common.py": "624d0c0acc7c39aaff3674f0b99d6a09da53d1dc", "lib/external/__init__.py": "da39a3ee5e6b4b0d3255bfef95601890afd80709", "lib/external/ntplib.py": "4da8f970656505a40483206ef2b5d3dd5e81711d", "lib/server.py": "59c9fb92908260d3e9f81a895c7aa009742275e4", "lib/source_hashes.py": "60a2e02193209e8d392803326208d5466342da18", "lib/summary.py": "aa92f0a3f975eecd44d3c0cd0236342ccc9f941d", "lib/time_sync.py": "3210db56eb0ff0df57bf4293dc4d4b03fffd46f1", "server.py": "c3f90f2f7eeb4db30727556d0c815ebc89b3d28b", "tests/unit/__init__.py": "da39a3ee5e6b4b0d3255bfef95601890afd80709", "tests/unit/test_server.py": "99ae15aef722f2000ee6ed1ae1523637bf1ae42b", "tests/unit/test_source_hashes.py": "00468a2907583c593e6574a1f6b404e4651c221a"}, "modules": {"ptd_client_server.lib.client": "lib/client.py", "ptd_client_server.lib.common": "lib/common.py", "ptd_client_server.lib.external.ntplib": "lib/external/ntplib.py", "ptd_client_server.lib.source_hashes": "lib/source_hashes.py", "ptd_client_server.lib.summary": "lib/summary.py", "ptd_client_server.lib.time_sync": "lib/time_sync.py"}}
client 2022-08-03 08:02:02,051 [INFO] Running workload in ranging mode
client 2022-08-03 08:02:02,051 [INFO] Synchronizing with the server and with ib-01.dc4-in.nvidia.com...
client 2022-08-03 08:02:02,255 [INFO] NTP:offset = 0.000 s, delay = 0.203 s 
client 2022-08-03 08:02:02,255 [INFO] Sending command to the server: 'time'
client 2022-08-03 08:02:02,257 [INFO] Got response: '1659513722.223015'
client 2022-08-03 08:02:02,257 [INFO] The time difference between the client and the server is within range 32.500 ms..34.791 ms
client 2022-08-03 08:02:02,257 [INFO] Sending command to the server: 'session,2022-08-03_01-02-01,start,ranging'
client 2022-08-03 08:02:42,803 [INFO] Got response: 'OK'
client 2022-08-03 08:02:42,803 [INFO] Running the workload 'LOG_DIR=/work/build/power_logs_temp python3 -m code.main_v2 --benchmarks=retinanet --scenarios=Server --test_mode=PerformanceOnly --config_ver=maxq --action="run_harness" \\\n\t\t2>&1 | tee -a /work/build/power_logs/2022.08.03-08.01.05/stdout.txt \\\n\t\t&& if [ ! -d /work/build/power_logs/2022.08.03-08.01.05/ranging_tmp ]; \\\n\t\t\tthen mkdir /work/build/power_logs/2022.08.03-08.01.05/ranging_tmp \\\n\t\t\t\t&& mv /work/build/power_logs_temp/* /work/build/power_logs/2022.08.03-08.01.05/ranging_tmp/ \\\n\t\t\t\t&& cp -v /work/build/power_logs/2022.08.03-08.01.05/ranging_tmp/*/*/*/mlperf_log_detail.txt /work/build/power_logs_temp/ \\\n\t\t\t\t&& cp -v /work/build/power_logs/2022.08.03-08.01.05/ranging_tmp/*/*/*/mlperf_log_summary.txt /work/build/power_logs_temp/; \\\n\t\t\telse mkdir /work/build/power_logs/2022.08.03-08.01.05/testing_tmp \\\n\t\t\t\t&& mv /work/build/power_logs_temp/* /work/build/power_logs/2022.08.03-08.01.05/testing_tmp/ \\\n\t\t\t\t&& cp -v /work/build/power_logs/2022.08.03-08.01.05/testing_tmp/*/*/*/mlperf_log_detail.txt /work/build/power_logs_temp/ \\\n\t\t\t\t&& cp -v /work/build/power_logs/2022.08.03-08.01.05/testing_tmp/*/*/*/mlperf_log_summary.txt /work/build/power_logs_temp/; fi'
client 2022-08-03 08:13:15,880 [INFO] Sending command to the server: 'session,2022-08-03_01-02-01,stop,ranging'
client 2022-08-03 08:13:25,927 [INFO] Got response: 'OK'
client 2022-08-03 08:13:25,938 [INFO] Copying loadgen logs from '/work/build/power_logs_temp' to '/work/build/power_logs/2022.08.03-08.01.05/2022-08-03_01-02-01/ranging'
client 2022-08-03 08:13:25,948 [INFO] Running workload in testing mode
client 2022-08-03 08:13:25,948 [INFO] Synchronizing with the server and with ib-01.dc4-in.nvidia.com...
client 2022-08-03 08:13:26,152 [INFO] NTP:offset = -0.000 s, delay = 0.202 s 
client 2022-08-03 08:13:26,152 [INFO] Sending command to the server: 'time'
client 2022-08-03 08:13:26,168 [INFO] Got response: '1659514406.11101'
client 2022-08-03 08:13:26,168 [INFO] The time difference between the client and the server is within range 41.214 ms..57.519 ms
client 2022-08-03 08:13:26,168 [INFO] Sending command to the server: 'session,2022-08-03_01-02-01,start,testing'
client 2022-08-03 08:13:48,503 [INFO] Got response: 'OK'
client 2022-08-03 08:13:48,503 [INFO] Running the workload 'LOG_DIR=/work/build/power_logs_temp python3 -m code.main_v2 --benchmarks=retinanet --scenarios=Server --test_mode=PerformanceOnly --config_ver=maxq --action="run_harness" \\\n\t\t2>&1 | tee -a /work/build/power_logs/2022.08.03-08.01.05/stdout.txt \\\n\t\t&& if [ ! -d /work/build/power_logs/2022.08.03-08.01.05/ranging_tmp ]; \\\n\t\t\tthen mkdir /work/build/power_logs/2022.08.03-08.01.05/ranging_tmp \\\n\t\t\t\t&& mv /work/build/power_logs_temp/* /work/build/power_logs/2022.08.03-08.01.05/ranging_tmp/ \\\n\t\t\t\t&& cp -v /work/build/power_logs/2022.08.03-08.01.05/ranging_tmp/*/*/*/mlperf_log_detail.txt /work/build/power_logs_temp/ \\\n\t\t\t\t&& cp -v /work/build/power_logs/2022.08.03-08.01.05/ranging_tmp/*/*/*/mlperf_log_summary.txt /work/build/power_logs_temp/; \\\n\t\t\telse mkdir /work/build/power_logs/2022.08.03-08.01.05/testing_tmp \\\n\t\t\t\t&& mv /work/build/power_logs_temp/* /work/build/power_logs/2022.08.03-08.01.05/testing_tmp/ \\\n\t\t\t\t&& cp -v /work/build/power_logs/2022.08.03-08.01.05/testing_tmp/*/*/*/mlperf_log_detail.txt /work/build/power_logs_temp/ \\\n\t\t\t\t&& cp -v /work/build/power_logs/2022.08.03-08.01.05/testing_tmp/*/*/*/mlperf_log_summary.txt /work/build/power_logs_temp/; fi'
client 2022-08-03 08:24:21,717 [INFO] Sending command to the server: 'session,2022-08-03_01-02-01,stop,testing'
client 2022-08-03 08:24:31,764 [INFO] Got response: 'OK'
client 2022-08-03 08:24:31,767 [INFO] Copying loadgen logs from '/work/build/power_logs_temp' to '/work/build/power_logs/2022.08.03-08.01.05/2022-08-03_01-02-01/run_1'
client 2022-08-03 08:24:31,777 [INFO] Done runs
