ptd-server 2022-07-19 04:55:21,155 [INFO] Got command from the client 'time'
ptd-server 2022-07-19 04:55:21,156 [INFO] Sending reply to client '1658202921.1560519'
ptd-server 2022-07-19 04:55:21,159 [INFO] Got command from the client 'new,,d2316adf-7cab-4bb8-821e-23f18d744d5b'
ptd-server 2022-07-19 04:55:21,159 [INFO] Sending reply to client 'OK 2022-07-19_04-55-21,9c29609b-1692-4f45-8758-417e7d1b776e'
ptd-server 2022-07-19 04:55:21,259 [INFO] Got command from the client 'time'
ptd-server 2022-07-19 04:55:21,259 [INFO] Sending reply to client '1658202921.2593102'
ptd-server 2022-07-19 04:55:21,263 [INFO] Got command from the client 'session,2022-07-19_04-55-21,start,ranging'
ptd-server 2022-07-19 04:55:21,263 [INFO] Running PTDaemon: ['/home/anton/projects/mlperf/power/inference_v1.0/ptd-linux-x86', '-l', '/tmp/tmp7lgbo8s4/ptd_logfile.txt', '-p', '8888', '49', '/dev/usbtmc0']
ptd-server 2022-07-19 04:55:38,436 [INFO] Sending to ptd: 'Hello'
ptd-server 2022-07-19 04:55:38,437 [INFO] Reply from ptd: 'Hello, PTDaemon here!'
ptd-server 2022-07-19 04:55:38,437 [INFO] Sending to ptd: 'Identify'
ptd-server 2022-07-19 04:55:38,438 [INFO] Reply from ptd: 'YokogawaWT310E,1000,1,1,1,1,0,1,1,version=1.9.2-e8c7a49a-20201208,OS=Linux 5.13.0-52-generic #59~20.04.1-Ubuntu SMP Thu Jun 16 21:21:28 UTC 2022 x86_64,mode=power,1,1,1,0,0,no_cal_date,YOKOGAWA;WT310E;C3XA04010E;F1.04'
ptd-server 2022-07-19 04:55:38,438 [INFO] Connected to PTDaemon
ptd-server 2022-07-19 04:55:38,438 [INFO] Sending to ptd: 'RR'
ptd-server 2022-07-19 04:55:38,438 [INFO] Reply from ptd: 'Ranges,0,0.500000,1,300.000000'
ptd-server 2022-07-19 04:55:38,438 [INFO] Initial range for Amps is 0.500000 for Volts is Auto
ptd-server 2022-07-19 04:55:38,438 [INFO] Sending to ptd: 'SR,V,Auto'
ptd-server 2022-07-19 04:55:38,941 [INFO] Reply from ptd: 'Range V changed'
ptd-server 2022-07-19 04:55:38,941 [INFO] Sending to ptd: 'SR,A,Auto'
ptd-server 2022-07-19 04:55:39,444 [INFO] Reply from ptd: 'Range A changed'
ptd-server 2022-07-19 04:55:49,454 [INFO] Starting ranging mode
ptd-server 2022-07-19 04:55:49,454 [INFO] Sending to ptd: 'Go,1000,0,2022-07-19_04-55-21_ranging'
ptd-server 2022-07-19 04:55:49,454 [INFO] Reply from ptd: 'Starting untimed measurement, maximum 500000 samples at 1000ms with 0 rampup samples'
ptd-server 2022-07-19 04:55:49,455 [INFO] Sending reply to client 'OK'
ptd-server 2022-07-19 05:06:07,053 [INFO] Got command from the client 'session,2022-07-19_04-55-21,stop,ranging'
ptd-server 2022-07-19 05:06:17,063 [INFO] Sending to ptd: 'Stop'
ptd-server 2022-07-19 05:06:17,063 [INFO] Reply from ptd: 'Stopping untimed measurement'
ptd-server 2022-07-19 05:06:17,109 [INFO] Sending reply to client 'OK'
ptd-server 2022-07-19 05:06:17,250 [INFO] Got command from the client 'time'
ptd-server 2022-07-19 05:06:17,251 [INFO] Sending reply to client '1658203577.250984'
ptd-server 2022-07-19 05:06:17,254 [INFO] Got command from the client 'session,2022-07-19_04-55-21,start,testing'
ptd-server 2022-07-19 05:06:17,254 [INFO] Sending to ptd: 'SR,V,250.470000'
ptd-server 2022-07-19 05:06:18,956 [INFO] Reply from ptd: 'Range V changed'
ptd-server 2022-07-19 05:06:18,956 [INFO] Sending to ptd: 'SR,A,0.075610'
ptd-server 2022-07-19 05:06:20,458 [INFO] Reply from ptd: 'Range A changed'
ptd-server 2022-07-19 05:06:30,468 [INFO] Starting testing mode
ptd-server 2022-07-19 05:06:30,468 [INFO] Sending to ptd: 'Go,1000,0,2022-07-19_04-55-21_testing'
ptd-server 2022-07-19 05:06:30,469 [INFO] Reply from ptd: 'Starting untimed measurement, maximum 500000 samples at 1000ms with 0 rampup samples'
ptd-server 2022-07-19 05:06:30,469 [INFO] Sending reply to client 'OK'
ptd-server 2022-07-19 05:16:47,917 [INFO] Got command from the client 'session,2022-07-19_04-55-21,stop,testing'
ptd-server 2022-07-19 05:16:57,928 [INFO] Sending to ptd: 'Stop'
ptd-server 2022-07-19 05:16:57,928 [INFO] Reply from ptd: 'Stopping untimed measurement'
ptd-server 2022-07-19 05:16:57,953 [INFO] Sending reply to client 'OK'
ptd-server 2022-07-19 05:16:57,992 [INFO] Got command from the client 'session,2022-07-19_04-55-21,done'
ptd-server 2022-07-19 05:16:57,992 [INFO] Sending to ptd: 'Stop'
ptd-server 2022-07-19 05:16:58,469 [INFO] Reply from ptd: 'Error: no measurement to stop'
ptd-server 2022-07-19 05:16:58,469 [INFO] Sending to ptd: 'SR,V,Auto'
ptd-server 2022-07-19 05:16:58,972 [INFO] Reply from ptd: 'Range V changed'
ptd-server 2022-07-19 05:16:58,972 [INFO] Sending to ptd: 'SR,A,0.500000'
ptd-server 2022-07-19 05:17:00,474 [INFO] Reply from ptd: 'Range A changed'
ptd-server 2022-07-19 05:17:00,474 [INFO] Set initial values for Amps 0.500000 and Volts Auto
ptd-server 2022-07-19 05:17:00,474 [INFO] Stopping ptd...
