ptd-server 2022-07-22 13:34:29,484 [INFO] Got command from the client 'time'
ptd-server 2022-07-22 13:34:29,484 [INFO] Sending reply to client '1658493269.484848'
ptd-server 2022-07-22 13:34:29,486 [INFO] Got command from the client 'new,,05609c89-f5f8-489a-ac3d-5c5da9245a38'
ptd-server 2022-07-22 13:34:29,486 [INFO] Sending reply to client 'OK 2022-07-22_13-34-29,e1bc0137-0587-46f2-8b72-1669b859c3e4'
ptd-server 2022-07-22 13:34:29,534 [INFO] Got command from the client 'time'
ptd-server 2022-07-22 13:34:29,534 [INFO] Sending reply to client '1658493269.5347974'
ptd-server 2022-07-22 13:34:29,536 [INFO] Got command from the client 'session,2022-07-22_13-34-29,start,ranging'
ptd-server 2022-07-22 13:34:29,536 [INFO] Running PTDaemon: ['/home/anton/projects/mlperf/power/inference_v1.0/ptd-linux-x86', '-l', '/tmp/tmp7lgbo8s4/ptd_logfile.txt', '-p', '8888', '49', '/dev/usbtmc0']
ptd-server 2022-07-22 13:34:46,710 [INFO] Sending to ptd: 'Hello'
ptd-server 2022-07-22 13:34:46,710 [INFO] Reply from ptd: 'Hello, PTDaemon here!'
ptd-server 2022-07-22 13:34:46,711 [INFO] Sending to ptd: 'Identify'
ptd-server 2022-07-22 13:34:46,711 [INFO] Reply from ptd: 'YokogawaWT310E,1000,1,1,1,1,0,1,1,version=1.9.2-e8c7a49a-20201208,OS=Linux 5.13.0-52-generic #59~20.04.1-Ubuntu SMP Thu Jun 16 21:21:28 UTC 2022 x86_64,mode=power,1,1,1,0,0,no_cal_date,YOKOGAWA;WT310E;C3XA04010E;F1.04'
ptd-server 2022-07-22 13:34:46,711 [INFO] Connected to PTDaemon
ptd-server 2022-07-22 13:34:46,711 [INFO] Sending to ptd: 'RR'
ptd-server 2022-07-22 13:34:46,712 [INFO] Reply from ptd: 'Ranges,0,0.500000,1,300.000000'
ptd-server 2022-07-22 13:34:46,712 [INFO] Initial range for Amps is 0.500000 for Volts is Auto
ptd-server 2022-07-22 13:34:46,712 [INFO] Sending to ptd: 'SR,V,Auto'
ptd-server 2022-07-22 13:34:47,214 [INFO] Reply from ptd: 'Range V changed'
ptd-server 2022-07-22 13:34:47,215 [INFO] Sending to ptd: 'SR,A,Auto'
ptd-server 2022-07-22 13:34:47,717 [INFO] Reply from ptd: 'Range A changed'
ptd-server 2022-07-22 13:34:57,727 [INFO] Starting ranging mode
ptd-server 2022-07-22 13:34:57,727 [INFO] Sending to ptd: 'Go,1000,0,2022-07-22_13-34-29_ranging'
ptd-server 2022-07-22 13:34:57,728 [INFO] Reply from ptd: 'Starting untimed measurement, maximum 500000 samples at 1000ms with 0 rampup samples'
ptd-server 2022-07-22 13:34:57,728 [INFO] Sending reply to client 'OK'
ptd-server 2022-07-22 13:45:19,001 [INFO] Got command from the client 'session,2022-07-22_13-34-29,stop,ranging'
ptd-server 2022-07-22 13:45:29,011 [INFO] Sending to ptd: 'Stop'
ptd-server 2022-07-22 13:45:29,011 [INFO] Reply from ptd: 'Stopping untimed measurement'
ptd-server 2022-07-22 13:45:29,464 [INFO] Sending reply to client 'OK'
ptd-server 2022-07-22 13:45:29,512 [INFO] Got command from the client 'time'
ptd-server 2022-07-22 13:45:29,512 [INFO] Sending reply to client '1658493929.5123584'
ptd-server 2022-07-22 13:45:29,513 [INFO] Got command from the client 'session,2022-07-22_13-34-29,start,testing'
ptd-server 2022-07-22 13:45:29,513 [INFO] Sending to ptd: 'SR,V,250.060000'
ptd-server 2022-07-22 13:45:31,229 [INFO] Reply from ptd: 'Range V changed'
ptd-server 2022-07-22 13:45:31,229 [INFO] Sending to ptd: 'SR,A,0.071720'
ptd-server 2022-07-22 13:45:32,731 [INFO] Reply from ptd: 'Range A changed'
ptd-server 2022-07-22 13:45:42,741 [INFO] Starting testing mode
ptd-server 2022-07-22 13:45:42,741 [INFO] Sending to ptd: 'Go,1000,0,2022-07-22_13-34-29_testing'
ptd-server 2022-07-22 13:45:42,742 [INFO] Reply from ptd: 'Starting untimed measurement, maximum 500000 samples at 1000ms with 0 rampup samples'
ptd-server 2022-07-22 13:45:42,742 [INFO] Sending reply to client 'OK'
ptd-server 2022-07-22 13:56:03,679 [INFO] Got command from the client 'session,2022-07-22_13-34-29,stop,testing'
ptd-server 2022-07-22 13:56:13,689 [INFO] Sending to ptd: 'Stop'
ptd-server 2022-07-22 13:56:13,690 [INFO] Reply from ptd: 'Stopping untimed measurement'
ptd-server 2022-07-22 13:56:13,931 [INFO] Sending reply to client 'OK'
ptd-server 2022-07-22 13:56:13,939 [INFO] Got command from the client 'session,2022-07-22_13-34-29,done'
ptd-server 2022-07-22 13:56:13,939 [INFO] Sending to ptd: 'Stop'
ptd-server 2022-07-22 13:56:13,939 [INFO] Reply from ptd: 'Error: no measurement to stop'
ptd-server 2022-07-22 13:56:13,939 [INFO] Sending to ptd: 'SR,V,Auto'
ptd-server 2022-07-22 13:56:14,442 [INFO] Reply from ptd: 'Range V changed'
ptd-server 2022-07-22 13:56:14,442 [INFO] Sending to ptd: 'SR,A,0.500000'
ptd-server 2022-07-22 13:56:15,943 [INFO] Reply from ptd: 'Range A changed'
ptd-server 2022-07-22 13:56:15,944 [INFO] Set initial values for Amps 0.500000 and Volts Auto
ptd-server 2022-07-22 13:56:15,944 [INFO] Stopping ptd...
