ptd-server 2022-07-31 07:58:43,304 [INFO] Got command from the client 'time'
ptd-server 2022-07-31 07:58:43,304 [INFO] Sending reply to client '1659250723.3049152'
ptd-server 2022-07-31 07:58:43,305 [INFO] Got command from the client 'new,,ec348421-4d59-4cb3-bc3d-5ccce6a86ca9'
ptd-server 2022-07-31 07:58:43,306 [INFO] Sending reply to client 'OK 2022-07-31_07-58-43,8dae2f6d-9b62-4787-85b5-834f52895131'
ptd-server 2022-07-31 07:58:43,335 [INFO] Got command from the client 'time'
ptd-server 2022-07-31 07:58:43,335 [INFO] Sending reply to client '1659250723.3352852'
ptd-server 2022-07-31 07:58:43,335 [INFO] Got command from the client 'session,2022-07-31_07-58-43,start,ranging'
ptd-server 2022-07-31 07:58:43,336 [INFO] Running PTDaemon: ['/home/anton/projects/mlperf/power/inference_v1.0/ptd-linux-x86', '-l', '/tmp/tmp7lgbo8s4/ptd_logfile.txt', '-p', '8888', '49', '/dev/usbtmc0']
ptd-server 2022-07-31 07:59:00,510 [INFO] Sending to ptd: 'Hello'
ptd-server 2022-07-31 07:59:00,511 [INFO] Reply from ptd: 'Hello, PTDaemon here!'
ptd-server 2022-07-31 07:59:00,511 [INFO] Sending to ptd: 'Identify'
ptd-server 2022-07-31 07:59:00,512 [INFO] Reply from ptd: 'YokogawaWT310E,1000,1,1,1,1,0,1,1,version=1.9.2-e8c7a49a-20201208,OS=Linux 5.13.0-52-generic #59~20.04.1-Ubuntu SMP Thu Jun 16 21:21:28 UTC 2022 x86_64,mode=power,1,1,1,0,0,no_cal_date,YOKOGAWA;WT310E;C3XA04010E;F1.04'
ptd-server 2022-07-31 07:59:00,512 [INFO] Connected to PTDaemon
ptd-server 2022-07-31 07:59:00,512 [INFO] Sending to ptd: 'RR'
ptd-server 2022-07-31 07:59:00,512 [INFO] Reply from ptd: 'Ranges,0,0.500000,1,300.000000'
ptd-server 2022-07-31 07:59:00,512 [INFO] Initial range for Amps is 0.500000 for Volts is Auto
ptd-server 2022-07-31 07:59:00,512 [INFO] Sending to ptd: 'SR,V,Auto'
ptd-server 2022-07-31 07:59:01,015 [INFO] Reply from ptd: 'Range V changed'
ptd-server 2022-07-31 07:59:01,015 [INFO] Sending to ptd: 'SR,A,Auto'
ptd-server 2022-07-31 07:59:01,518 [INFO] Reply from ptd: 'Range A changed'
ptd-server 2022-07-31 07:59:11,528 [INFO] Starting ranging mode
ptd-server 2022-07-31 07:59:11,528 [INFO] Sending to ptd: 'Go,1000,0,2022-07-31_07-58-43_ranging'
ptd-server 2022-07-31 07:59:11,528 [INFO] Reply from ptd: 'Starting untimed measurement, maximum 500000 samples at 1000ms with 0 rampup samples'
ptd-server 2022-07-31 07:59:11,529 [INFO] Sending reply to client 'OK'
ptd-server 2022-07-31 08:09:25,380 [INFO] Got command from the client 'session,2022-07-31_07-58-43,stop,ranging'
ptd-server 2022-07-31 08:09:35,381 [INFO] Sending to ptd: 'Stop'
ptd-server 2022-07-31 08:09:35,382 [INFO] Reply from ptd: 'Stopping untimed measurement'
ptd-server 2022-07-31 08:09:36,650 [INFO] Sending reply to client 'OK'
ptd-server 2022-07-31 08:09:36,704 [INFO] Got command from the client 'time'
ptd-server 2022-07-31 08:09:36,704 [INFO] Sending reply to client '1659251376.7048795'
ptd-server 2022-07-31 08:09:36,706 [INFO] Got command from the client 'session,2022-07-31_07-58-43,start,testing'
ptd-server 2022-07-31 08:09:36,706 [INFO] Sending to ptd: 'SR,V,249.970000'
ptd-server 2022-07-31 08:09:38,207 [INFO] Reply from ptd: 'Range V changed'
ptd-server 2022-07-31 08:09:38,207 [INFO] Sending to ptd: 'SR,A,0.208530'
ptd-server 2022-07-31 08:09:39,709 [INFO] Reply from ptd: 'Range A changed'
ptd-server 2022-07-31 08:09:49,719 [INFO] Starting testing mode
ptd-server 2022-07-31 08:09:49,719 [INFO] Sending to ptd: 'Go,1000,0,2022-07-31_07-58-43_testing'
ptd-server 2022-07-31 08:09:49,720 [INFO] Reply from ptd: 'Starting untimed measurement, maximum 500000 samples at 1000ms with 0 rampup samples'
ptd-server 2022-07-31 08:09:49,720 [INFO] Sending reply to client 'OK'
ptd-server 2022-07-31 08:20:01,552 [INFO] Got command from the client 'session,2022-07-31_07-58-43,stop,testing'
ptd-server 2022-07-31 08:20:11,562 [INFO] Sending to ptd: 'Stop'
ptd-server 2022-07-31 08:20:11,563 [INFO] Reply from ptd: 'Stopping untimed measurement'
ptd-server 2022-07-31 08:20:12,206 [INFO] Sending reply to client 'OK'
ptd-server 2022-07-31 08:20:12,220 [INFO] Got command from the client 'session,2022-07-31_07-58-43,done'
ptd-server 2022-07-31 08:20:12,220 [INFO] Sending to ptd: 'Stop'
ptd-server 2022-07-31 08:20:12,220 [INFO] Reply from ptd: 'Error: no measurement to stop'
ptd-server 2022-07-31 08:20:12,220 [INFO] Sending to ptd: 'SR,V,Auto'
ptd-server 2022-07-31 08:20:12,723 [INFO] Reply from ptd: 'Range V changed'
ptd-server 2022-07-31 08:20:12,723 [INFO] Sending to ptd: 'SR,A,0.500000'
ptd-server 2022-07-31 08:20:14,225 [INFO] Reply from ptd: 'Range A changed'
ptd-server 2022-07-31 08:20:14,225 [INFO] Set initial values for Amps 0.500000 and Volts Auto
ptd-server 2022-07-31 08:20:14,225 [INFO] Stopping ptd...
