ptd-server 2022-07-27 19:52:01,461 [INFO] Got command from the client 'time'
ptd-server 2022-07-27 19:52:01,461 [INFO] Sending reply to client '1658947921.461413'
ptd-server 2022-07-27 19:52:01,465 [INFO] Got command from the client 'new,,2e3369e1-b1b0-4136-9c27-1b2509dc531d'
ptd-server 2022-07-27 19:52:01,466 [INFO] Sending reply to client 'OK 2022-07-27_19-52-01,dcc2b5ec-2788-421a-a417-ca10c36e409a'
ptd-server 2022-07-27 19:52:01,507 [INFO] Got command from the client 'time'
ptd-server 2022-07-27 19:52:01,507 [INFO] Sending reply to client '1658947921.5079618'
ptd-server 2022-07-27 19:52:01,518 [INFO] Got command from the client 'session,2022-07-27_19-52-01,start,ranging'
ptd-server 2022-07-27 19:52:01,519 [INFO] Running PTDaemon: ['/home/anton/projects/mlperf/power/inference_v1.0/ptd-linux-x86', '-l', '/tmp/tmp7lgbo8s4/ptd_logfile.txt', '-p', '8888', '49', '/dev/usbtmc0']
ptd-server 2022-07-27 19:52:18,693 [INFO] Sending to ptd: 'Hello'
ptd-server 2022-07-27 19:52:18,694 [INFO] Reply from ptd: 'Hello, PTDaemon here!'
ptd-server 2022-07-27 19:52:18,694 [INFO] Sending to ptd: 'Identify'
ptd-server 2022-07-27 19:52:18,694 [INFO] Reply from ptd: 'YokogawaWT310E,1000,1,1,1,1,0,1,1,version=1.9.2-e8c7a49a-20201208,OS=Linux 5.13.0-52-generic #59~20.04.1-Ubuntu SMP Thu Jun 16 21:21:28 UTC 2022 x86_64,mode=power,1,1,1,0,0,no_cal_date,YOKOGAWA;WT310E;C3XA04010E;F1.04'
ptd-server 2022-07-27 19:52:18,695 [INFO] Connected to PTDaemon
ptd-server 2022-07-27 19:52:18,695 [INFO] Sending to ptd: 'RR'
ptd-server 2022-07-27 19:52:18,695 [INFO] Reply from ptd: 'Ranges,0,0.500000,1,300.000000'
ptd-server 2022-07-27 19:52:18,695 [INFO] Initial range for Amps is 0.500000 for Volts is Auto
ptd-server 2022-07-27 19:52:18,695 [INFO] Sending to ptd: 'SR,V,Auto'
ptd-server 2022-07-27 19:52:19,198 [INFO] Reply from ptd: 'Range V changed'
ptd-server 2022-07-27 19:52:19,198 [INFO] Sending to ptd: 'SR,A,Auto'
ptd-server 2022-07-27 19:52:19,700 [INFO] Reply from ptd: 'Range A changed'
ptd-server 2022-07-27 19:52:29,711 [INFO] Starting ranging mode
ptd-server 2022-07-27 19:52:29,711 [INFO] Sending to ptd: 'Go,1000,0,2022-07-27_19-52-01_ranging'
ptd-server 2022-07-27 19:52:29,711 [INFO] Reply from ptd: 'Starting untimed measurement, maximum 500000 samples at 1000ms with 0 rampup samples'
ptd-server 2022-07-27 19:52:29,712 [INFO] Sending reply to client 'OK'
ptd-server 2022-07-27 20:02:44,736 [INFO] Got command from the client 'session,2022-07-27_19-52-01,stop,ranging'
ptd-server 2022-07-27 20:02:54,746 [INFO] Sending to ptd: 'Stop'
ptd-server 2022-07-27 20:02:54,746 [INFO] Reply from ptd: 'Stopping untimed measurement'
ptd-server 2022-07-27 20:02:55,740 [INFO] Sending reply to client 'OK'
ptd-server 2022-07-27 20:02:55,897 [INFO] Got command from the client 'time'
ptd-server 2022-07-27 20:02:55,897 [INFO] Sending reply to client '1658948575.897614'
ptd-server 2022-07-27 20:02:55,901 [INFO] Got command from the client 'session,2022-07-27_19-52-01,start,testing'
ptd-server 2022-07-27 20:02:55,901 [INFO] Sending to ptd: 'SR,V,248.310000'
ptd-server 2022-07-27 20:02:57,402 [INFO] Reply from ptd: 'Range V changed'
ptd-server 2022-07-27 20:02:57,402 [INFO] Sending to ptd: 'SR,A,0.043580'
ptd-server 2022-07-27 20:02:58,904 [INFO] Reply from ptd: 'Range A changed'
ptd-server 2022-07-27 20:03:08,906 [INFO] Starting testing mode
ptd-server 2022-07-27 20:03:08,907 [INFO] Sending to ptd: 'Go,1000,0,2022-07-27_19-52-01_testing'
ptd-server 2022-07-27 20:03:08,907 [INFO] Reply from ptd: 'Starting untimed measurement, maximum 500000 samples at 1000ms with 0 rampup samples'
ptd-server 2022-07-27 20:03:08,907 [INFO] Sending reply to client 'OK'
ptd-server 2022-07-27 20:13:23,926 [INFO] Got command from the client 'session,2022-07-27_19-52-01,stop,testing'
ptd-server 2022-07-27 20:13:33,936 [INFO] Sending to ptd: 'Stop'
ptd-server 2022-07-27 20:13:33,937 [INFO] Reply from ptd: 'Stopping untimed measurement'
ptd-server 2022-07-27 20:13:34,450 [INFO] Sending reply to client 'OK'
ptd-server 2022-07-27 20:13:34,473 [INFO] Got command from the client 'session,2022-07-27_19-52-01,done'
ptd-server 2022-07-27 20:13:34,473 [INFO] Sending to ptd: 'Stop'
ptd-server 2022-07-27 20:13:34,907 [INFO] Reply from ptd: 'Error: no measurement to stop'
ptd-server 2022-07-27 20:13:34,908 [INFO] Sending to ptd: 'SR,V,Auto'
ptd-server 2022-07-27 20:13:35,410 [INFO] Reply from ptd: 'Range V changed'
ptd-server 2022-07-27 20:13:35,410 [INFO] Sending to ptd: 'SR,A,0.500000'
ptd-server 2022-07-27 20:13:36,912 [INFO] Reply from ptd: 'Range A changed'
ptd-server 2022-07-27 20:13:36,912 [INFO] Set initial values for Amps 0.500000 and Volts Auto
ptd-server 2022-07-27 20:13:36,912 [INFO] Stopping ptd...
