ptd-server 2022-07-24 11:11:52,780 [INFO] Got command from the client 'time'
ptd-server 2022-07-24 11:11:52,781 [INFO] Sending reply to client '1658657512.7810209'
ptd-server 2022-07-24 11:11:52,781 [INFO] Got command from the client 'new,,e472ef24-a8ca-49ff-ae1b-0a01a3a0a6f9'
ptd-server 2022-07-24 11:11:52,782 [INFO] Sending reply to client 'OK 2022-07-24_11-11-52,18f29506-80aa-48d3-a4e6-9899a91910cf'
ptd-server 2022-07-24 11:11:52,810 [INFO] Got command from the client 'time'
ptd-server 2022-07-24 11:11:52,810 [INFO] Sending reply to client '1658657512.81093'
ptd-server 2022-07-24 11:11:52,811 [INFO] Got command from the client 'session,2022-07-24_11-11-52,start,ranging'
ptd-server 2022-07-24 11:11:52,812 [INFO] Running PTDaemon: ['/home/anton/projects/mlperf/power/inference_v1.0/ptd-linux-x86', '-l', '/tmp/tmp7lgbo8s4/ptd_logfile.txt', '-p', '8888', '49', '/dev/usbtmc0']
ptd-server 2022-07-24 11:12:09,987 [INFO] Sending to ptd: 'Hello'
ptd-server 2022-07-24 11:12:09,987 [INFO] Reply from ptd: 'Hello, PTDaemon here!'
ptd-server 2022-07-24 11:12:09,987 [INFO] Sending to ptd: 'Identify'
ptd-server 2022-07-24 11:12:09,988 [INFO] Reply from ptd: 'YokogawaWT310E,1000,1,1,1,1,0,1,1,version=1.9.2-e8c7a49a-20201208,OS=Linux 5.13.0-52-generic #59~20.04.1-Ubuntu SMP Thu Jun 16 21:21:28 UTC 2022 x86_64,mode=power,1,1,1,0,0,no_cal_date,YOKOGAWA;WT310E;C3XA04010E;F1.04'
ptd-server 2022-07-24 11:12:09,988 [INFO] Connected to PTDaemon
ptd-server 2022-07-24 11:12:09,988 [INFO] Sending to ptd: 'RR'
ptd-server 2022-07-24 11:12:09,988 [INFO] Reply from ptd: 'Ranges,0,0.500000,1,300.000000'
ptd-server 2022-07-24 11:12:09,988 [INFO] Initial range for Amps is 0.500000 for Volts is Auto
ptd-server 2022-07-24 11:12:09,989 [INFO] Sending to ptd: 'SR,V,Auto'
ptd-server 2022-07-24 11:12:10,491 [INFO] Reply from ptd: 'Range V changed'
ptd-server 2022-07-24 11:12:10,491 [INFO] Sending to ptd: 'SR,A,Auto'
ptd-server 2022-07-24 11:12:10,994 [INFO] Reply from ptd: 'Range A changed'
ptd-server 2022-07-24 11:12:21,004 [INFO] Starting ranging mode
ptd-server 2022-07-24 11:12:21,004 [INFO] Sending to ptd: 'Go,1000,0,2022-07-24_11-11-52_ranging'
ptd-server 2022-07-24 11:12:21,005 [INFO] Reply from ptd: 'Starting untimed measurement, maximum 500000 samples at 1000ms with 0 rampup samples'
ptd-server 2022-07-24 11:12:21,005 [INFO] Sending reply to client 'OK'
ptd-server 2022-07-24 11:22:39,977 [INFO] Got command from the client 'session,2022-07-24_11-11-52,stop,ranging'
ptd-server 2022-07-24 11:22:49,988 [INFO] Sending to ptd: 'Stop'
ptd-server 2022-07-24 11:22:49,988 [INFO] Reply from ptd: 'Stopping untimed measurement'
ptd-server 2022-07-24 11:22:50,686 [INFO] Sending reply to client 'OK'
ptd-server 2022-07-24 11:22:50,725 [INFO] Got command from the client 'time'
ptd-server 2022-07-24 11:22:50,725 [INFO] Sending reply to client '1658658170.7259085'
ptd-server 2022-07-24 11:22:50,726 [INFO] Got command from the client 'session,2022-07-24_11-11-52,start,testing'
ptd-server 2022-07-24 11:22:50,727 [INFO] Sending to ptd: 'SR,V,250.050000'
ptd-server 2022-07-24 11:22:52,228 [INFO] Reply from ptd: 'Range V changed'
ptd-server 2022-07-24 11:22:52,228 [INFO] Sending to ptd: 'SR,A,0.053070'
ptd-server 2022-07-24 11:22:53,730 [INFO] Reply from ptd: 'Range A changed'
ptd-server 2022-07-24 11:23:03,740 [INFO] Starting testing mode
ptd-server 2022-07-24 11:23:03,740 [INFO] Sending to ptd: 'Go,1000,0,2022-07-24_11-11-52_testing'
ptd-server 2022-07-24 11:23:03,741 [INFO] Reply from ptd: 'Starting untimed measurement, maximum 500000 samples at 1000ms with 0 rampup samples'
ptd-server 2022-07-24 11:23:03,741 [INFO] Sending reply to client 'OK'
ptd-server 2022-07-24 11:33:22,749 [INFO] Got command from the client 'session,2022-07-24_11-11-52,stop,testing'
ptd-server 2022-07-24 11:33:32,760 [INFO] Sending to ptd: 'Stop'
ptd-server 2022-07-24 11:33:32,760 [INFO] Reply from ptd: 'Stopping untimed measurement'
ptd-server 2022-07-24 11:33:33,115 [INFO] Sending reply to client 'OK'
ptd-server 2022-07-24 11:33:33,123 [INFO] Got command from the client 'session,2022-07-24_11-11-52,done'
ptd-server 2022-07-24 11:33:33,124 [INFO] Sending to ptd: 'Stop'
ptd-server 2022-07-24 11:33:33,742 [INFO] Reply from ptd: 'Error: no measurement to stop'
ptd-server 2022-07-24 11:33:33,742 [INFO] Sending to ptd: 'SR,V,Auto'
ptd-server 2022-07-24 11:33:34,244 [INFO] Reply from ptd: 'Range V changed'
ptd-server 2022-07-24 11:33:34,245 [INFO] Sending to ptd: 'SR,A,0.500000'
ptd-server 2022-07-24 11:33:35,746 [INFO] Reply from ptd: 'Range A changed'
ptd-server 2022-07-24 11:33:35,746 [INFO] Set initial values for Amps 0.500000 and Volts Auto
ptd-server 2022-07-24 11:33:35,746 [INFO] Stopping ptd...
