ptd-server 2022-08-01 22:54:53,529 [INFO] Got command from the client 'time'
ptd-server 2022-08-01 22:54:53,529 [INFO] Sending reply to client '1659390893.5292733'
ptd-server 2022-08-01 22:54:53,530 [INFO] Got command from the client 'new,,34b6189e-eed9-400b-b164-c738776e2ca1'
ptd-server 2022-08-01 22:54:53,530 [INFO] Sending reply to client 'OK 2022-08-01_22-54-53,39cf8657-cb2a-460c-a9e8-efc220b4a040'
ptd-server 2022-08-01 22:54:53,559 [INFO] Got command from the client 'time'
ptd-server 2022-08-01 22:54:53,559 [INFO] Sending reply to client '1659390893.559168'
ptd-server 2022-08-01 22:54:53,559 [INFO] Got command from the client 'session,2022-08-01_22-54-53,start,ranging'
ptd-server 2022-08-01 22:54:53,560 [INFO] Running PTDaemon: ['/home/anton/projects/mlperf/power/inference_v1.0/ptd-linux-x86', '-l', '/tmp/tmp7lgbo8s4/ptd_logfile.txt', '-p', '8888', '49', '/dev/usbtmc0']
ptd-server 2022-08-01 22:55:10,734 [INFO] Sending to ptd: 'Hello'
ptd-server 2022-08-01 22:55:10,735 [INFO] Reply from ptd: 'Hello, PTDaemon here!'
ptd-server 2022-08-01 22:55:10,735 [INFO] Sending to ptd: 'Identify'
ptd-server 2022-08-01 22:55:10,736 [INFO] Reply from ptd: 'YokogawaWT310E,1000,1,1,1,1,0,1,1,version=1.9.2-e8c7a49a-20201208,OS=Linux 5.13.0-52-generic #59~20.04.1-Ubuntu SMP Thu Jun 16 21:21:28 UTC 2022 x86_64,mode=power,1,1,1,0,0,no_cal_date,YOKOGAWA;WT310E;C3XA04010E;F1.04'
ptd-server 2022-08-01 22:55:10,736 [INFO] Connected to PTDaemon
ptd-server 2022-08-01 22:55:10,736 [INFO] Sending to ptd: 'RR'
ptd-server 2022-08-01 22:55:10,736 [INFO] Reply from ptd: 'Ranges,0,0.500000,1,300.000000'
ptd-server 2022-08-01 22:55:10,736 [INFO] Initial range for Amps is 0.500000 for Volts is Auto
ptd-server 2022-08-01 22:55:10,737 [INFO] Sending to ptd: 'SR,V,Auto'
ptd-server 2022-08-01 22:55:11,239 [INFO] Reply from ptd: 'Range V changed'
ptd-server 2022-08-01 22:55:11,239 [INFO] Sending to ptd: 'SR,A,Auto'
ptd-server 2022-08-01 22:55:11,742 [INFO] Reply from ptd: 'Range A changed'
ptd-server 2022-08-01 22:55:21,752 [INFO] Starting ranging mode
ptd-server 2022-08-01 22:55:21,752 [INFO] Sending to ptd: 'Go,1000,0,2022-08-01_22-54-53_ranging'
ptd-server 2022-08-01 22:55:21,752 [INFO] Reply from ptd: 'Starting untimed measurement, maximum 500000 samples at 1000ms with 0 rampup samples'
ptd-server 2022-08-01 22:55:21,753 [INFO] Sending reply to client 'OK'
ptd-server 2022-08-01 23:05:33,115 [INFO] Got command from the client 'session,2022-08-01_22-54-53,stop,ranging'
ptd-server 2022-08-01 23:05:43,125 [INFO] Sending to ptd: 'Stop'
ptd-server 2022-08-01 23:05:43,125 [INFO] Reply from ptd: 'Stopping untimed measurement'
ptd-server 2022-08-01 23:05:44,561 [INFO] Sending reply to client 'OK'
ptd-server 2022-08-01 23:05:44,608 [INFO] Got command from the client 'time'
ptd-server 2022-08-01 23:05:44,608 [INFO] Sending reply to client '1659391544.6089544'
ptd-server 2022-08-01 23:05:44,610 [INFO] Got command from the client 'session,2022-08-01_22-54-53,start,testing'
ptd-server 2022-08-01 23:05:44,610 [INFO] Sending to ptd: 'SR,V,251.620000'
ptd-server 2022-08-01 23:05:46,111 [INFO] Reply from ptd: 'Range V changed'
ptd-server 2022-08-01 23:05:46,112 [INFO] Sending to ptd: 'SR,A,0.194880'
ptd-server 2022-08-01 23:05:47,613 [INFO] Reply from ptd: 'Range A changed'
ptd-server 2022-08-01 23:05:57,623 [INFO] Starting testing mode
ptd-server 2022-08-01 23:05:57,623 [INFO] Sending to ptd: 'Go,1000,0,2022-08-01_22-54-53_testing'
ptd-server 2022-08-01 23:05:57,624 [INFO] Reply from ptd: 'Starting untimed measurement, maximum 500000 samples at 1000ms with 0 rampup samples'
ptd-server 2022-08-01 23:05:57,624 [INFO] Sending reply to client 'OK'
ptd-server 2022-08-01 23:16:08,920 [INFO] Got command from the client 'session,2022-08-01_22-54-53,stop,testing'
ptd-server 2022-08-01 23:16:18,930 [INFO] Sending to ptd: 'Stop'
ptd-server 2022-08-01 23:16:18,931 [INFO] Reply from ptd: 'Stopping untimed measurement'
ptd-server 2022-08-01 23:16:19,660 [INFO] Sending reply to client 'OK'
ptd-server 2022-08-01 23:16:19,675 [INFO] Got command from the client 'session,2022-08-01_22-54-53,done'
ptd-server 2022-08-01 23:16:19,675 [INFO] Sending to ptd: 'Stop'
ptd-server 2022-08-01 23:16:19,675 [INFO] Reply from ptd: 'Error: no measurement to stop'
ptd-server 2022-08-01 23:16:19,675 [INFO] Sending to ptd: 'SR,V,Auto'
ptd-server 2022-08-01 23:16:20,178 [INFO] Reply from ptd: 'Range V changed'
ptd-server 2022-08-01 23:16:20,178 [INFO] Sending to ptd: 'SR,A,0.500000'
ptd-server 2022-08-01 23:16:21,679 [INFO] Reply from ptd: 'Range A changed'
ptd-server 2022-08-01 23:16:21,679 [INFO] Set initial values for Amps 0.500000 and Volts Auto
ptd-server 2022-08-01 23:16:21,679 [INFO] Stopping ptd...
