ptd-server 2022-07-28 07:14:59,984 [INFO] Got command from the client 'time'
ptd-server 2022-07-28 07:14:59,985 [INFO] Sending reply to client '1658988899.9850612'
ptd-server 2022-07-28 07:14:59,988 [INFO] Got command from the client 'new,,a072a6ca-f769-4dd7-98c1-eb8a0bc9e49e'
ptd-server 2022-07-28 07:14:59,989 [INFO] Sending reply to client 'OK 2022-07-28_07-14-59,68b04a51-0992-46b1-9df9-ae0de3bafa14'
ptd-server 2022-07-28 07:15:00,022 [INFO] Got command from the client 'time'
ptd-server 2022-07-28 07:15:00,023 [INFO] Sending reply to client '1658988900.023064'
ptd-server 2022-07-28 07:15:00,026 [INFO] Got command from the client 'session,2022-07-28_07-14-59,start,ranging'
ptd-server 2022-07-28 07:15:00,027 [INFO] Running PTDaemon: ['/home/anton/projects/mlperf/power/inference_v1.0/ptd-linux-x86', '-l', '/tmp/tmp7lgbo8s4/ptd_logfile.txt', '-p', '8888', '49', '/dev/usbtmc0']
ptd-server 2022-07-28 07:15:17,201 [INFO] Sending to ptd: 'Hello'
ptd-server 2022-07-28 07:15:17,202 [INFO] Reply from ptd: 'Hello, PTDaemon here!'
ptd-server 2022-07-28 07:15:17,202 [INFO] Sending to ptd: 'Identify'
ptd-server 2022-07-28 07:15:17,203 [INFO] Reply from ptd: 'YokogawaWT310E,1000,1,1,1,1,0,1,1,version=1.9.2-e8c7a49a-20201208,OS=Linux 5.13.0-52-generic #59~20.04.1-Ubuntu SMP Thu Jun 16 21:21:28 UTC 2022 x86_64,mode=power,1,1,1,0,0,no_cal_date,YOKOGAWA;WT310E;C3XA04010E;F1.04'
ptd-server 2022-07-28 07:15:17,203 [INFO] Connected to PTDaemon
ptd-server 2022-07-28 07:15:17,203 [INFO] Sending to ptd: 'RR'
ptd-server 2022-07-28 07:15:17,203 [INFO] Reply from ptd: 'Ranges,0,0.500000,1,300.000000'
ptd-server 2022-07-28 07:15:17,203 [INFO] Initial range for Amps is 0.500000 for Volts is Auto
ptd-server 2022-07-28 07:15:17,203 [INFO] Sending to ptd: 'SR,V,Auto'
ptd-server 2022-07-28 07:15:17,706 [INFO] Reply from ptd: 'Range V changed'
ptd-server 2022-07-28 07:15:17,706 [INFO] Sending to ptd: 'SR,A,Auto'
ptd-server 2022-07-28 07:15:18,208 [INFO] Reply from ptd: 'Range A changed'
ptd-server 2022-07-28 07:15:28,219 [INFO] Starting ranging mode
ptd-server 2022-07-28 07:15:28,219 [INFO] Sending to ptd: 'Go,1000,0,2022-07-28_07-14-59_ranging'
ptd-server 2022-07-28 07:15:28,219 [INFO] Reply from ptd: 'Starting untimed measurement, maximum 500000 samples at 1000ms with 0 rampup samples'
ptd-server 2022-07-28 07:15:28,220 [INFO] Sending reply to client 'OK'
ptd-server 2022-07-28 07:25:43,691 [INFO] Got command from the client 'session,2022-07-28_07-14-59,stop,ranging'
ptd-server 2022-07-28 07:25:53,702 [INFO] Sending to ptd: 'Stop'
ptd-server 2022-07-28 07:25:53,702 [INFO] Reply from ptd: 'Stopping untimed measurement'
ptd-server 2022-07-28 07:25:54,746 [INFO] Sending reply to client 'OK'
ptd-server 2022-07-28 07:25:54,914 [INFO] Got command from the client 'time'
ptd-server 2022-07-28 07:25:54,915 [INFO] Sending reply to client '1658989554.9149723'
ptd-server 2022-07-28 07:25:54,919 [INFO] Got command from the client 'session,2022-07-28_07-14-59,start,testing'
ptd-server 2022-07-28 07:25:54,919 [INFO] Sending to ptd: 'SR,V,249.360000'
ptd-server 2022-07-28 07:25:56,420 [INFO] Reply from ptd: 'Range V changed'
ptd-server 2022-07-28 07:25:56,421 [INFO] Sending to ptd: 'SR,A,0.051110'
ptd-server 2022-07-28 07:25:57,922 [INFO] Reply from ptd: 'Range A changed'
ptd-server 2022-07-28 07:26:07,932 [INFO] Starting testing mode
ptd-server 2022-07-28 07:26:07,932 [INFO] Sending to ptd: 'Go,1000,0,2022-07-28_07-14-59_testing'
ptd-server 2022-07-28 07:26:07,933 [INFO] Reply from ptd: 'Starting untimed measurement, maximum 500000 samples at 1000ms with 0 rampup samples'
ptd-server 2022-07-28 07:26:07,933 [INFO] Sending reply to client 'OK'
ptd-server 2022-07-28 07:36:23,379 [INFO] Got command from the client 'session,2022-07-28_07-14-59,stop,testing'
ptd-server 2022-07-28 07:36:33,389 [INFO] Sending to ptd: 'Stop'
ptd-server 2022-07-28 07:36:33,390 [INFO] Reply from ptd: 'Stopping untimed measurement'
ptd-server 2022-07-28 07:36:33,922 [INFO] Sending reply to client 'OK'
ptd-server 2022-07-28 07:36:33,970 [INFO] Got command from the client 'session,2022-07-28_07-14-59,done'
ptd-server 2022-07-28 07:36:33,970 [INFO] Sending to ptd: 'Stop'
ptd-server 2022-07-28 07:36:33,970 [INFO] Reply from ptd: 'Error: no measurement to stop'
ptd-server 2022-07-28 07:36:33,971 [INFO] Sending to ptd: 'SR,V,Auto'
ptd-server 2022-07-28 07:36:34,473 [INFO] Reply from ptd: 'Range V changed'
ptd-server 2022-07-28 07:36:34,473 [INFO] Sending to ptd: 'SR,A,0.500000'
ptd-server 2022-07-28 07:36:35,975 [INFO] Reply from ptd: 'Range A changed'
ptd-server 2022-07-28 07:36:35,975 [INFO] Set initial values for Amps 0.500000 and Volts Auto
ptd-server 2022-07-28 07:36:35,975 [INFO] Stopping ptd...
