ptd-server 2022-07-22 09:11:28,726 [INFO] Got command from the client 'time'
ptd-server 2022-07-22 09:11:28,726 [INFO] Sending reply to client '1658477488.7261589'
ptd-server 2022-07-22 09:11:28,727 [INFO] Got command from the client 'new,,f5dbe93b-d026-4fa4-ba26-9dfc98a699c1'
ptd-server 2022-07-22 09:11:28,728 [INFO] Sending reply to client 'OK 2022-07-22_09-11-28,592363ed-a998-4f39-9e8c-879e9b86e852'
ptd-server 2022-07-22 09:11:28,769 [INFO] Got command from the client 'time'
ptd-server 2022-07-22 09:11:28,769 [INFO] Sending reply to client '1658477488.7693338'
ptd-server 2022-07-22 09:11:28,770 [INFO] Got command from the client 'session,2022-07-22_09-11-28,start,ranging'
ptd-server 2022-07-22 09:11:28,770 [INFO] Running PTDaemon: ['/home/anton/projects/mlperf/power/inference_v1.0/ptd-linux-x86', '-l', '/tmp/tmp7lgbo8s4/ptd_logfile.txt', '-p', '8888', '49', '/dev/usbtmc0']
ptd-server 2022-07-22 09:11:45,945 [INFO] Sending to ptd: 'Hello'
ptd-server 2022-07-22 09:11:45,946 [INFO] Reply from ptd: 'Hello, PTDaemon here!'
ptd-server 2022-07-22 09:11:45,946 [INFO] Sending to ptd: 'Identify'
ptd-server 2022-07-22 09:11:45,946 [INFO] Reply from ptd: 'YokogawaWT310E,1000,1,1,1,1,0,1,1,version=1.9.2-e8c7a49a-20201208,OS=Linux 5.13.0-52-generic #59~20.04.1-Ubuntu SMP Thu Jun 16 21:21:28 UTC 2022 x86_64,mode=power,1,1,1,0,0,no_cal_date,YOKOGAWA;WT310E;C3XA04010E;F1.04'
ptd-server 2022-07-22 09:11:45,946 [INFO] Connected to PTDaemon
ptd-server 2022-07-22 09:11:45,946 [INFO] Sending to ptd: 'RR'
ptd-server 2022-07-22 09:11:45,947 [INFO] Reply from ptd: 'Ranges,0,0.500000,1,300.000000'
ptd-server 2022-07-22 09:11:45,947 [INFO] Initial range for Amps is 0.500000 for Volts is Auto
ptd-server 2022-07-22 09:11:45,947 [INFO] Sending to ptd: 'SR,V,Auto'
ptd-server 2022-07-22 09:11:46,450 [INFO] Reply from ptd: 'Range V changed'
ptd-server 2022-07-22 09:11:46,450 [INFO] Sending to ptd: 'SR,A,Auto'
ptd-server 2022-07-22 09:11:46,952 [INFO] Reply from ptd: 'Range A changed'
ptd-server 2022-07-22 09:11:56,963 [INFO] Starting ranging mode
ptd-server 2022-07-22 09:11:56,963 [INFO] Sending to ptd: 'Go,1000,0,2022-07-22_09-11-28_ranging'
ptd-server 2022-07-22 09:11:56,963 [INFO] Reply from ptd: 'Starting untimed measurement, maximum 500000 samples at 1000ms with 0 rampup samples'
ptd-server 2022-07-22 09:11:56,963 [INFO] Sending reply to client 'OK'
ptd-server 2022-07-22 09:22:18,599 [INFO] Got command from the client 'session,2022-07-22_09-11-28,stop,ranging'
ptd-server 2022-07-22 09:22:28,609 [INFO] Sending to ptd: 'Stop'
ptd-server 2022-07-22 09:22:28,610 [INFO] Reply from ptd: 'Stopping untimed measurement'
ptd-server 2022-07-22 09:22:29,045 [INFO] Sending reply to client 'OK'
ptd-server 2022-07-22 09:22:29,082 [INFO] Got command from the client 'time'
ptd-server 2022-07-22 09:22:29,082 [INFO] Sending reply to client '1658478149.0828497'
ptd-server 2022-07-22 09:22:29,083 [INFO] Got command from the client 'session,2022-07-22_09-11-28,start,testing'
ptd-server 2022-07-22 09:22:29,083 [INFO] Sending to ptd: 'SR,V,251.250000'
ptd-server 2022-07-22 09:22:30,585 [INFO] Reply from ptd: 'Range V changed'
ptd-server 2022-07-22 09:22:30,585 [INFO] Sending to ptd: 'SR,A,0.067800'
ptd-server 2022-07-22 09:22:32,086 [INFO] Reply from ptd: 'Range A changed'
ptd-server 2022-07-22 09:22:42,097 [INFO] Starting testing mode
ptd-server 2022-07-22 09:22:42,097 [INFO] Sending to ptd: 'Go,1000,0,2022-07-22_09-11-28_testing'
ptd-server 2022-07-22 09:22:42,097 [INFO] Reply from ptd: 'Starting untimed measurement, maximum 500000 samples at 1000ms with 0 rampup samples'
ptd-server 2022-07-22 09:22:42,097 [INFO] Sending reply to client 'OK'
ptd-server 2022-07-22 09:33:03,685 [INFO] Got command from the client 'session,2022-07-22_09-11-28,stop,testing'
ptd-server 2022-07-22 09:33:13,695 [INFO] Sending to ptd: 'Stop'
ptd-server 2022-07-22 09:33:13,696 [INFO] Reply from ptd: 'Stopping untimed measurement'
ptd-server 2022-07-22 09:33:13,930 [INFO] Sending reply to client 'OK'
ptd-server 2022-07-22 09:33:13,939 [INFO] Got command from the client 'session,2022-07-22_09-11-28,done'
ptd-server 2022-07-22 09:33:13,939 [INFO] Sending to ptd: 'Stop'
ptd-server 2022-07-22 09:33:14,097 [INFO] Reply from ptd: 'Error: no measurement to stop'
ptd-server 2022-07-22 09:33:14,097 [INFO] Sending to ptd: 'SR,V,Auto'
ptd-server 2022-07-22 09:33:14,600 [INFO] Reply from ptd: 'Range V changed'
ptd-server 2022-07-22 09:33:14,600 [INFO] Sending to ptd: 'SR,A,0.500000'
ptd-server 2022-07-22 09:33:16,102 [INFO] Reply from ptd: 'Range A changed'
ptd-server 2022-07-22 09:33:16,102 [INFO] Set initial values for Amps 0.500000 and Volts Auto
ptd-server 2022-07-22 09:33:16,102 [INFO] Stopping ptd...
