ptd-server 2022-07-28 10:40:12,431 [INFO] Got command from the client 'time'
ptd-server 2022-07-28 10:40:12,431 [INFO] Sending reply to client '1659001212.4316711'
ptd-server 2022-07-28 10:40:12,436 [INFO] Got command from the client 'new,,76380a67-1e6f-40a4-b7a0-8f3ae9a19e08'
ptd-server 2022-07-28 10:40:12,436 [INFO] Sending reply to client 'OK 2022-07-28_10-40-12,dc33c5e6-2027-4b34-bd6c-5de46f5d11fa'
ptd-server 2022-07-28 10:40:12,482 [INFO] Got command from the client 'time'
ptd-server 2022-07-28 10:40:12,482 [INFO] Sending reply to client '1659001212.4822276'
ptd-server 2022-07-28 10:40:12,486 [INFO] Got command from the client 'session,2022-07-28_10-40-12,start,ranging'
ptd-server 2022-07-28 10:40:12,486 [INFO] Running PTDaemon: ['/home/anton/projects/mlperf/power/inference_v1.0/ptd-linux-x86', '-l', '/tmp/tmp7lgbo8s4/ptd_logfile.txt', '-p', '8888', '49', '/dev/usbtmc0']
ptd-server 2022-07-28 10:40:29,661 [INFO] Sending to ptd: 'Hello'
ptd-server 2022-07-28 10:40:29,661 [INFO] Reply from ptd: 'Hello, PTDaemon here!'
ptd-server 2022-07-28 10:40:29,662 [INFO] Sending to ptd: 'Identify'
ptd-server 2022-07-28 10:40:29,662 [INFO] Reply from ptd: 'YokogawaWT310E,1000,1,1,1,1,0,1,1,version=1.9.2-e8c7a49a-20201208,OS=Linux 5.13.0-52-generic #59~20.04.1-Ubuntu SMP Thu Jun 16 21:21:28 UTC 2022 x86_64,mode=power,1,1,1,0,0,no_cal_date,YOKOGAWA;WT310E;C3XA04010E;F1.04'
ptd-server 2022-07-28 10:40:29,662 [INFO] Connected to PTDaemon
ptd-server 2022-07-28 10:40:29,662 [INFO] Sending to ptd: 'RR'
ptd-server 2022-07-28 10:40:29,663 [INFO] Reply from ptd: 'Ranges,0,0.500000,1,300.000000'
ptd-server 2022-07-28 10:40:29,663 [INFO] Initial range for Amps is 0.500000 for Volts is Auto
ptd-server 2022-07-28 10:40:29,663 [INFO] Sending to ptd: 'SR,V,Auto'
ptd-server 2022-07-28 10:40:30,165 [INFO] Reply from ptd: 'Range V changed'
ptd-server 2022-07-28 10:40:30,165 [INFO] Sending to ptd: 'SR,A,Auto'
ptd-server 2022-07-28 10:40:30,668 [INFO] Reply from ptd: 'Range A changed'
ptd-server 2022-07-28 10:40:40,678 [INFO] Starting ranging mode
ptd-server 2022-07-28 10:40:40,678 [INFO] Sending to ptd: 'Go,1000,0,2022-07-28_10-40-12_ranging'
ptd-server 2022-07-28 10:40:40,679 [INFO] Reply from ptd: 'Starting untimed measurement, maximum 500000 samples at 1000ms with 0 rampup samples'
ptd-server 2022-07-28 10:40:40,679 [INFO] Sending reply to client 'OK'
ptd-server 2022-07-28 10:50:57,019 [INFO] Got command from the client 'session,2022-07-28_10-40-12,stop,ranging'
ptd-server 2022-07-28 10:51:07,029 [INFO] Sending to ptd: 'Stop'
ptd-server 2022-07-28 10:51:07,030 [INFO] Reply from ptd: 'Stopping untimed measurement'
ptd-server 2022-07-28 10:51:08,091 [INFO] Sending reply to client 'OK'
ptd-server 2022-07-28 10:51:08,180 [INFO] Got command from the client 'time'
ptd-server 2022-07-28 10:51:08,180 [INFO] Sending reply to client '1659001868.180719'
ptd-server 2022-07-28 10:51:08,184 [INFO] Got command from the client 'session,2022-07-28_10-40-12,start,testing'
ptd-server 2022-07-28 10:51:08,185 [INFO] Sending to ptd: 'SR,V,250.610000'
ptd-server 2022-07-28 10:51:09,686 [INFO] Reply from ptd: 'Range V changed'
ptd-server 2022-07-28 10:51:09,686 [INFO] Sending to ptd: 'SR,A,0.054360'
ptd-server 2022-07-28 10:51:11,187 [INFO] Reply from ptd: 'Range A changed'
ptd-server 2022-07-28 10:51:21,198 [INFO] Starting testing mode
ptd-server 2022-07-28 10:51:21,198 [INFO] Sending to ptd: 'Go,1000,0,2022-07-28_10-40-12_testing'
ptd-server 2022-07-28 10:51:21,198 [INFO] Reply from ptd: 'Starting untimed measurement, maximum 500000 samples at 1000ms with 0 rampup samples'
ptd-server 2022-07-28 10:51:21,199 [INFO] Sending reply to client 'OK'
ptd-server 2022-07-28 11:01:37,494 [INFO] Got command from the client 'session,2022-07-28_10-40-12,stop,testing'
ptd-server 2022-07-28 11:01:47,503 [INFO] Sending to ptd: 'Stop'
ptd-server 2022-07-28 11:01:47,504 [INFO] Reply from ptd: 'Stopping untimed measurement'
ptd-server 2022-07-28 11:01:48,068 [INFO] Sending reply to client 'OK'
ptd-server 2022-07-28 11:01:48,095 [INFO] Got command from the client 'session,2022-07-28_10-40-12,done'
ptd-server 2022-07-28 11:01:48,095 [INFO] Sending to ptd: 'Stop'
ptd-server 2022-07-28 11:01:48,198 [INFO] Reply from ptd: 'Error: no measurement to stop'
ptd-server 2022-07-28 11:01:48,198 [INFO] Sending to ptd: 'SR,V,Auto'
ptd-server 2022-07-28 11:01:48,701 [INFO] Reply from ptd: 'Range V changed'
ptd-server 2022-07-28 11:01:48,701 [INFO] Sending to ptd: 'SR,A,0.500000'
ptd-server 2022-07-28 11:01:50,202 [INFO] Reply from ptd: 'Range A changed'
ptd-server 2022-07-28 11:01:50,202 [INFO] Set initial values for Amps 0.500000 and Volts Auto
ptd-server 2022-07-28 11:01:50,203 [INFO] Stopping ptd...
