ptd-server 2022-07-30 00:25:24,230 [INFO] Got command from the client 'stop'
ptd-server 2022-07-30 00:25:24,230 [INFO] The server will be stopped after processing this client
ptd-server 2022-07-30 00:25:24,230 [INFO] Sending reply to client 'OK'
ptd-server 2022-07-30 00:25:24,234 [INFO] Got command from the client 'time'
ptd-server 2022-07-30 00:25:24,234 [INFO] Sending reply to client '1659140724.2343252'
ptd-server 2022-07-30 00:25:24,235 [INFO] Got command from the client 'new,,b5a534ba-d818-4091-aef7-2f05bdaccae4'
ptd-server 2022-07-30 00:25:24,235 [INFO] Sending reply to client 'OK 2022-07-30_00-25-24,125ec2ec-21eb-49ba-a7dd-3e3f4aa13e50'
ptd-server 2022-07-30 00:25:24,237 [INFO] Got command from the client 'time'
ptd-server 2022-07-30 00:25:24,237 [INFO] Sending reply to client '1659140724.237857'
ptd-server 2022-07-30 00:25:24,238 [INFO] Got command from the client 'session,2022-07-30_00-25-24,start,ranging'
ptd-server 2022-07-30 00:25:24,351 [INFO] Running PTDaemon: ['C:\\PTD\\ptd-windows-x86.exe', '-l', 'C:\\Users\\pa\\AppData\\Local\\Temp\\tmpu8li5on5\\ptd_logfile.txt', '-p', '8888', '-c', '1,2', '-y', '77', 'C2WL21005V']
ptd-server 2022-07-30 00:25:42,573 [INFO] Sending to ptd: 'Hello'
ptd-server 2022-07-30 00:25:42,574 [INFO] Reply from ptd: 'Hello, PTDaemon here!'
ptd-server 2022-07-30 00:25:42,574 [INFO] Sending to ptd: 'Identify'
ptd-server 2022-07-30 00:25:42,575 [INFO] Reply from ptd: 'YokogawaWT330_multichannel,1000,1,1,1,1,0,0,1,version=1.9.2-3976349f-20201208,OS=Windows 8 / Server 2012,mode=power,1,1,2,0,0,no_cal_date,YOKOGAWA;WT333E;C2WL21005V;F1.04'
ptd-server 2022-07-30 00:25:42,575 [INFO] Connected to PTDaemon
ptd-server 2022-07-30 00:25:42,575 [INFO] Sending to ptd: 'RR'
ptd-server 2022-07-30 00:25:42,576 [INFO] Reply from ptd: 'Ranges,-1,-1.000000,-1,-1.000000'
ptd-server 2022-07-30 00:25:42,576 [INFO] Initial range for Amps is Auto for Volts is Auto
ptd-server 2022-07-30 00:25:42,577 [INFO] Sending to ptd: 'SR,V,Auto'
ptd-server 2022-07-30 00:25:47,645 [INFO] Reply from ptd: 'Range V changed'
ptd-server 2022-07-30 00:25:47,646 [INFO] Sending to ptd: 'SR,A,20'
ptd-server 2022-07-30 00:25:53,235 [INFO] Reply from ptd: 'Range A changed'
ptd-server 2022-07-30 00:26:03,245 [INFO] Starting ranging mode
ptd-server 2022-07-30 00:26:03,245 [INFO] Sending to ptd: 'Go,1000,0,2022-07-30_00-25-24_ranging'
ptd-server 2022-07-30 00:26:03,245 [INFO] Reply from ptd: 'Starting untimed measurement, maximum 500000 samples at 1000ms with 0 rampup samples'
ptd-server 2022-07-30 00:26:03,246 [INFO] Sending reply to client 'OK'
ptd-server 2022-07-30 00:37:35,598 [INFO] Got command from the client 'session,2022-07-30_00-25-24,stop,ranging'
ptd-server 2022-07-30 00:37:45,600 [INFO] Sending to ptd: 'Stop'
ptd-server 2022-07-30 00:37:45,601 [INFO] Reply from ptd: 'Stopping untimed measurement'
ptd-server 2022-07-30 00:37:45,629 [INFO] Sending reply to client 'OK'
ptd-server 2022-07-30 00:37:45,647 [INFO] Got command from the client 'time'
ptd-server 2022-07-30 00:37:45,647 [INFO] Sending reply to client '1659141465.6479495'
ptd-server 2022-07-30 00:37:45,648 [INFO] Got command from the client 'session,2022-07-30_00-25-24,start,testing'
ptd-server 2022-07-30 00:37:45,648 [INFO] Sending to ptd: 'SR,V,121.090000'
ptd-server 2022-07-30 00:37:52,342 [INFO] Reply from ptd: 'Range V changed'
ptd-server 2022-07-30 00:37:52,342 [INFO] Sending to ptd: 'SR,A,1.410000'
ptd-server 2022-07-30 00:37:57,928 [INFO] Reply from ptd: 'Range A changed'
ptd-server 2022-07-30 00:38:07,932 [INFO] Starting testing mode
ptd-server 2022-07-30 00:38:07,933 [INFO] Sending to ptd: 'Go,1000,0,2022-07-30_00-25-24_testing'
ptd-server 2022-07-30 00:38:07,933 [INFO] Reply from ptd: 'Starting untimed measurement, maximum 500000 samples at 1000ms with 0 rampup samples'
ptd-server 2022-07-30 00:38:07,933 [INFO] Sending reply to client 'OK'
ptd-server 2022-07-30 00:49:38,366 [INFO] Got command from the client 'session,2022-07-30_00-25-24,stop,testing'
ptd-server 2022-07-30 00:49:48,369 [INFO] Sending to ptd: 'Stop'
ptd-server 2022-07-30 00:49:48,369 [INFO] Reply from ptd: 'Stopping untimed measurement'
ptd-server 2022-07-30 00:49:48,383 [INFO] Sending reply to client 'OK'
ptd-server 2022-07-30 00:49:48,403 [INFO] Got command from the client 'session,2022-07-30_00-25-24,done'
ptd-server 2022-07-30 00:49:48,403 [INFO] Sending to ptd: 'Stop'
ptd-server 2022-07-30 00:49:48,947 [INFO] Reply from ptd: 'Error: no measurement to stop'
ptd-server 2022-07-30 00:49:48,948 [INFO] Sending to ptd: 'SR,V,Auto'
ptd-server 2022-07-30 00:49:54,020 [INFO] Reply from ptd: 'Range V changed'
ptd-server 2022-07-30 00:49:54,021 [INFO] Sending to ptd: 'SR,A,Auto'
ptd-server 2022-07-30 00:49:59,092 [INFO] Reply from ptd: 'Range A changed'
ptd-server 2022-07-30 00:49:59,092 [INFO] Set initial values for Amps Auto and Volts Auto
ptd-server 2022-07-30 00:49:59,093 [INFO] Stopping ptd...
