ptd-server 2022-07-28 06:29:20,062 [INFO] Got command from the client 'stop'
ptd-server 2022-07-28 06:29:20,062 [INFO] The server will be stopped after processing this client
ptd-server 2022-07-28 06:29:20,062 [INFO] Sending reply to client 'OK'
ptd-server 2022-07-28 06:29:20,066 [INFO] Got command from the client 'time'
ptd-server 2022-07-28 06:29:20,066 [INFO] Sending reply to client '1658989760.0664182'
ptd-server 2022-07-28 06:29:20,067 [INFO] Got command from the client 'new,,4edcf7df-0198-4a5c-801b-2b66c776fba3'
ptd-server 2022-07-28 06:29:20,067 [INFO] Sending reply to client 'OK 2022-07-28_06-29-20,d32acc4c-4cb1-43e2-95fa-493890fd2e4d'
ptd-server 2022-07-28 06:29:20,069 [INFO] Got command from the client 'time'
ptd-server 2022-07-28 06:29:20,069 [INFO] Sending reply to client '1658989760.0697746'
ptd-server 2022-07-28 06:29:20,070 [INFO] Got command from the client 'session,2022-07-28_06-29-20,start,ranging'
ptd-server 2022-07-28 06:29:20,174 [INFO] Running PTDaemon: ['C:\\PTD\\ptd-windows-x86.exe', '-l', 'C:\\Users\\pa\\AppData\\Local\\Temp\\tmp1dy0qe8g\\ptd_logfile.txt', '-p', '8888', '-c', '1,2', '-y', '77', 'C2WL21005V']
ptd-server 2022-07-28 06:29:38,477 [INFO] Sending to ptd: 'Hello'
ptd-server 2022-07-28 06:29:38,477 [INFO] Reply from ptd: 'Hello, PTDaemon here!'
ptd-server 2022-07-28 06:29:38,478 [INFO] Sending to ptd: 'Identify'
ptd-server 2022-07-28 06:29:38,478 [INFO] Reply from ptd: 'YokogawaWT330_multichannel,1000,1,1,1,1,0,0,1,version=1.9.2-3976349f-20201208,OS=Windows 8 / Server 2012,mode=power,1,1,2,0,0,no_cal_date,YOKOGAWA;WT333E;C2WL21005V;F1.04'
ptd-server 2022-07-28 06:29:38,479 [INFO] Connected to PTDaemon
ptd-server 2022-07-28 06:29:38,479 [INFO] Sending to ptd: 'RR'
ptd-server 2022-07-28 06:29:38,479 [INFO] Reply from ptd: 'Ranges,-1,-1.000000,-1,-1.000000'
ptd-server 2022-07-28 06:29:38,480 [INFO] Initial range for Amps is Auto for Volts is Auto
ptd-server 2022-07-28 06:29:38,480 [INFO] Sending to ptd: 'SR,V,Auto'
ptd-server 2022-07-28 06:29:43,544 [INFO] Reply from ptd: 'Range V changed'
ptd-server 2022-07-28 06:29:43,544 [INFO] Sending to ptd: 'SR,A,20'
ptd-server 2022-07-28 06:29:49,124 [INFO] Reply from ptd: 'Range A changed'
ptd-server 2022-07-28 06:29:59,129 [INFO] Starting ranging mode
ptd-server 2022-07-28 06:29:59,130 [INFO] Sending to ptd: 'Go,1000,0,2022-07-28_06-29-20_ranging'
ptd-server 2022-07-28 06:29:59,130 [INFO] Reply from ptd: 'Starting untimed measurement, maximum 500000 samples at 1000ms with 0 rampup samples'
ptd-server 2022-07-28 06:29:59,131 [INFO] Sending reply to client 'OK'
ptd-server 2022-07-28 06:41:21,237 [INFO] Got command from the client 'session,2022-07-28_06-29-20,stop,ranging'
ptd-server 2022-07-28 06:41:31,251 [INFO] Sending to ptd: 'Stop'
ptd-server 2022-07-28 06:41:31,251 [INFO] Reply from ptd: 'Stopping untimed measurement'
ptd-server 2022-07-28 06:41:31,279 [INFO] Sending reply to client 'OK'
ptd-server 2022-07-28 06:41:31,291 [INFO] Got command from the client 'time'
ptd-server 2022-07-28 06:41:31,291 [INFO] Sending reply to client '1658990491.2913806'
ptd-server 2022-07-28 06:41:31,292 [INFO] Got command from the client 'session,2022-07-28_06-29-20,start,testing'
ptd-server 2022-07-28 06:41:31,292 [INFO] Sending to ptd: 'SR,V,121.320000'
ptd-server 2022-07-28 06:41:38,218 [INFO] Reply from ptd: 'Range V changed'
ptd-server 2022-07-28 06:41:38,218 [INFO] Sending to ptd: 'SR,A,1.451000'
ptd-server 2022-07-28 06:41:43,800 [INFO] Reply from ptd: 'Range A changed'
ptd-server 2022-07-28 06:41:53,815 [INFO] Starting testing mode
ptd-server 2022-07-28 06:41:53,815 [INFO] Sending to ptd: 'Go,1000,0,2022-07-28_06-29-20_testing'
ptd-server 2022-07-28 06:41:53,816 [INFO] Reply from ptd: 'Starting untimed measurement, maximum 500000 samples at 1000ms with 0 rampup samples'
ptd-server 2022-07-28 06:41:53,816 [INFO] Sending reply to client 'OK'
ptd-server 2022-07-28 06:53:16,764 [INFO] Got command from the client 'session,2022-07-28_06-29-20,stop,testing'
ptd-server 2022-07-28 06:53:26,774 [INFO] Sending to ptd: 'Stop'
ptd-server 2022-07-28 06:53:26,774 [INFO] Reply from ptd: 'Stopping untimed measurement'
ptd-server 2022-07-28 06:53:26,789 [INFO] Sending reply to client 'OK'
ptd-server 2022-07-28 06:53:26,797 [INFO] Got command from the client 'session,2022-07-28_06-29-20,done'
ptd-server 2022-07-28 06:53:26,797 [INFO] Sending to ptd: 'Stop'
ptd-server 2022-07-28 06:53:26,820 [INFO] Reply from ptd: 'Error: no measurement to stop'
ptd-server 2022-07-28 06:53:26,821 [INFO] Sending to ptd: 'SR,V,Auto'
ptd-server 2022-07-28 06:53:31,890 [INFO] Reply from ptd: 'Range V changed'
ptd-server 2022-07-28 06:53:31,890 [INFO] Sending to ptd: 'SR,A,Auto'
ptd-server 2022-07-28 06:53:36,959 [INFO] Reply from ptd: 'Range A changed'
ptd-server 2022-07-28 06:53:36,959 [INFO] Set initial values for Amps Auto and Volts Auto
ptd-server 2022-07-28 06:53:36,960 [INFO] Stopping ptd...
