ptd-server 2022-07-27 02:54:30,860 [INFO] Got command from the client 'time'
ptd-server 2022-07-27 02:54:30,860 [INFO] Sending reply to client '1658908470.8609123'
ptd-server 2022-07-27 02:54:30,862 [INFO] Got command from the client 'new,,cd2fad67-b5aa-43a0-a1df-6dd3dd236fd2'
ptd-server 2022-07-27 02:54:30,863 [INFO] Sending reply to client 'OK 2022-07-27_02-54-30,0db6d059-1118-41e8-ab58-19a001a99881'
ptd-server 2022-07-27 02:54:30,966 [INFO] Got command from the client 'time'
ptd-server 2022-07-27 02:54:30,966 [INFO] Sending reply to client '1658908470.9663444'
ptd-server 2022-07-27 02:54:30,967 [INFO] Got command from the client 'session,2022-07-27_02-54-30,start,ranging'
ptd-server 2022-07-27 02:54:30,968 [INFO] Running PTDaemon: ['/local/mnt/workspace/mlcommons/power-main/inference_v1.0/ptd-linux-x86', '-l', '/tmp/tmpgw0prjiw/ptd_logfile.txt', '-p', '8880', '-c', '1', '52', '/dev/usbtmc0']
ptd-server 2022-07-27 02:54:48,090 [INFO] Sending to ptd: 'Hello'
ptd-server 2022-07-27 02:54:48,091 [INFO] Reply from ptd: 'Hello, PTDaemon here!'
ptd-server 2022-07-27 02:54:48,092 [INFO] Sending to ptd: 'Identify'
ptd-server 2022-07-27 02:54:48,092 [INFO] Reply from ptd: 'YokogawaWT330,1000,1,1,1,1,0,0,1,version=1.9.2-e8c7a49a-20201208,OS=Linux 5.4.0-96-generic #109~18.04.1-Ubuntu SMP Thu Jan 13 15:06:26 UTC 2022 x86_64,mode=power,1,1,1,0,0,no_cal_date,YOKOGAWA;WT333;C2SF14011V;F1.01EM'
ptd-server 2022-07-27 02:54:48,093 [INFO] Connected to PTDaemon
ptd-server 2022-07-27 02:54:48,093 [INFO] Sending to ptd: 'RR'
ptd-server 2022-07-27 02:54:48,093 [INFO] Reply from ptd: 'Ranges,0,5.000000,0,150.000000'
ptd-server 2022-07-27 02:54:48,094 [INFO] Initial range for Amps is 5.000000 for Volts is 150.000000
ptd-server 2022-07-27 02:54:48,094 [INFO] Sending to ptd: 'SR,V,Auto'
ptd-server 2022-07-27 02:54:48,597 [INFO] Reply from ptd: 'Range V changed'
ptd-server 2022-07-27 02:54:48,597 [INFO] Sending to ptd: 'SR,A,20'
ptd-server 2022-07-27 02:54:50,099 [INFO] Reply from ptd: 'Range A changed'
ptd-server 2022-07-27 02:55:00,110 [INFO] Starting ranging mode
ptd-server 2022-07-27 02:55:00,110 [INFO] Sending to ptd: 'Go,1000,0,2022-07-27_02-54-30_ranging'
ptd-server 2022-07-27 02:55:00,111 [INFO] Reply from ptd: 'Starting untimed measurement, maximum 500000 samples at 1000ms with 0 rampup samples'
ptd-server 2022-07-27 02:55:00,111 [INFO] Sending reply to client 'OK'
ptd-server 2022-07-27 03:07:23,891 [INFO] Got command from the client 'session,2022-07-27_02-54-30,stop,ranging'
ptd-server 2022-07-27 03:07:33,901 [INFO] Sending to ptd: 'Stop'
ptd-server 2022-07-27 03:07:33,902 [INFO] Reply from ptd: 'Stopping untimed measurement'
ptd-server 2022-07-27 03:07:33,937 [INFO] Sending reply to client 'OK'
ptd-server 2022-07-27 03:07:34,030 [INFO] Got command from the client 'time'
ptd-server 2022-07-27 03:07:34,031 [INFO] Sending reply to client '1658909254.0309966'
ptd-server 2022-07-27 03:07:34,032 [INFO] Got command from the client 'session,2022-07-27_02-54-30,start,testing'
ptd-server 2022-07-27 03:07:34,033 [INFO] Sending to ptd: 'SR,V,124.600000'
ptd-server 2022-07-27 03:07:35,613 [INFO] Reply from ptd: 'Range V changed'
ptd-server 2022-07-27 03:07:35,614 [INFO] Sending to ptd: 'SR,A,4.667000'
ptd-server 2022-07-27 03:07:37,116 [INFO] Reply from ptd: 'Range A changed'
ptd-server 2022-07-27 03:07:47,127 [INFO] Starting testing mode
ptd-server 2022-07-27 03:07:47,127 [INFO] Sending to ptd: 'Go,1000,0,2022-07-27_02-54-30_testing'
ptd-server 2022-07-27 03:07:47,128 [INFO] Reply from ptd: 'Starting untimed measurement, maximum 500000 samples at 1000ms with 0 rampup samples'
ptd-server 2022-07-27 03:07:47,128 [INFO] Sending reply to client 'OK'
ptd-server 2022-07-27 03:20:10,928 [INFO] Got command from the client 'session,2022-07-27_02-54-30,stop,testing'
ptd-server 2022-07-27 03:20:20,938 [INFO] Sending to ptd: 'Stop'
ptd-server 2022-07-27 03:20:20,939 [INFO] Reply from ptd: 'Stopping untimed measurement'
ptd-server 2022-07-27 03:20:20,957 [INFO] Sending reply to client 'OK'
ptd-server 2022-07-27 03:20:20,965 [INFO] Got command from the client 'session,2022-07-27_02-54-30,done'
ptd-server 2022-07-27 03:20:20,965 [INFO] Sending to ptd: 'Stop'
ptd-server 2022-07-27 03:20:21,129 [INFO] Reply from ptd: 'Error: no measurement to stop'
ptd-server 2022-07-27 03:20:21,129 [INFO] Sending to ptd: 'SR,V,150.000000'
ptd-server 2022-07-27 03:20:22,631 [INFO] Reply from ptd: 'Range V changed'
ptd-server 2022-07-27 03:20:22,631 [INFO] Sending to ptd: 'SR,A,5.000000'
ptd-server 2022-07-27 03:20:24,133 [INFO] Reply from ptd: 'Range A changed'
ptd-server 2022-07-27 03:20:24,133 [INFO] Set initial values for Amps 5.000000 and Volts 150.000000
ptd-server 2022-07-27 03:20:24,133 [INFO] Stopping ptd...
