client 2022-08-03 11:16:36,471 [INFO] Sending command to the server: 'mlcommons/power client v3'
client 2022-08-03 11:16:36,471 [INFO] Got response: 'mlcommons/power server v3'
client 2022-08-03 11:16:36,472 [INFO] Synchronizing with the server and with time.google.com...
client 2022-08-03 11:16:36,505 [INFO] NTP:offset = 0.001 s, delay = 0.026 s 
client 2022-08-03 11:16:36,505 [INFO] Sending command to the server: 'time'
client 2022-08-03 11:16:36,509 [INFO] Got response: '1659525396.5091083'
client 2022-08-03 11:16:36,510 [INFO] The time difference between the client and the server is within range -3.757 ms..0.893 ms
client 2022-08-03 11:16:36,510 [INFO] Sending command to the server: 'new,,c98974b2-336f-4816-975b-c19788b20b1d'
client 2022-08-03 11:16:36,513 [INFO] Got response: 'OK 2022-08-03_12-16-36,a0d2de81-908b-4b02-8950-403d9d0ffce9'
client 2022-08-03 11:16:36,513 [INFO] Session id is '2022-08-03_12-16-36'
client 2022-08-03 11:16:36,513 [INFO] Sources: {"sources": {"__init__.py": "da39a3ee5e6b4b0d3255bfef95601890afd80709", "client.py": "33ca4f26368777ac06e01f9567b714a4b8063886", "lib/__init__.py": "da39a3ee5e6b4b0d3255bfef95601890afd80709", "lib/client.py": "4c2b78fb4849a7e5b584ef792d82aaed20b17f57", "lib/common.py": "624d0c0acc7c39aaff3674f0b99d6a09da53d1dc", "lib/external/__init__.py": "da39a3ee5e6b4b0d3255bfef95601890afd80709", "lib/external/ntplib.py": "4da8f970656505a40483206ef2b5d3dd5e81711d", "lib/server.py": "cda0cdfaee9bfa1249c64a7dd4f89b7bf1b279f0", "lib/source_hashes.py": "60a2e02193209e8d392803326208d5466342da18", "lib/summary.py": "aa92f0a3f975eecd44d3c0cd0236342ccc9f941d", "lib/time_sync.py": "3210db56eb0ff0df57bf4293dc4d4b03fffd46f1", "server.py": "c3f90f2f7eeb4db30727556d0c815ebc89b3d28b", "tests/unit/__init__.py": "da39a3ee5e6b4b0d3255bfef95601890afd80709", "tests/unit/test_server.py": "99ae15aef722f2000ee6ed1ae1523637bf1ae42b", "tests/unit/test_source_hashes.py": "00468a2907583c593e6574a1f6b404e4651c221a"}, "modules": {"ptd_client_server.lib.client": "lib/client.py", "ptd_client_server.lib.common": "lib/common.py", "ptd_client_server.lib.external.ntplib": "lib/external/ntplib.py", "ptd_client_server.lib.source_hashes": "lib/source_hashes.py", "ptd_client_server.lib.summary": "lib/summary.py", "ptd_client_server.lib.time_sync": "lib/time_sync.py"}}
client 2022-08-03 11:16:36,514 [INFO] Running workload in ranging mode
client 2022-08-03 11:16:36,514 [INFO] Synchronizing with the server and with time.google.com...
client 2022-08-03 11:16:36,543 [INFO] NTP:offset = -0.002 s, delay = 0.027 s 
client 2022-08-03 11:16:36,543 [INFO] Sending command to the server: 'time'
client 2022-08-03 11:16:36,545 [INFO] Got response: '1659525396.5479152'
client 2022-08-03 11:16:36,546 [INFO] The time difference between the client and the server is within range -4.023 ms..-1.588 ms
client 2022-08-03 11:16:36,546 [INFO] Sending command to the server: 'session,2022-08-03_12-16-36,start,ranging'
client 2022-08-03 11:17:04,740 [INFO] Got response: 'OK'
client 2022-08-03 11:17:04,741 [INFO] Running the workload 'ck benchmark program:image-classification-tflite-loadgen --env.CK_SILENT_MODE=YES --skip_print_timers --dep_add_tags.compiler=gcc,v7 --dep_add_tags.python=v3 --dep_add_tags.mlperf-inference-src=r2.1 --dep_add_tags.weights=resnet50 --dep_add_tags.images=crop.875,preprocessed,using-opencv --dep_add_tags.library=tflite,v2.7.1,with.ruy --env.CK_LOADGEN_DATASET_SIZE=1024 --env.CK_LOADGEN_MODE=PerformanceOnly --env.CK_LOADGEN_SCENARIO=SingleStream --env.CK_LOADGEN_TARGET_LATENCY=287 --skip_stat_analysis --process_multi_keys --repetitions=1 --record --record_repo=local --record_uoa=mlperf_v2.1-closed-odroid-tflite-v2.7.1-ruy-resnet50-singlestream-performance-target_latency.287-power.workload --tags=mlperf,round.v2.1,division.closed,task.image-classification,platform.odroid,scenario.singlestream,mode.performance,workload.resnet50,preprocessed_using.opencv,inference_engine.tflite,inference_engine_version.v2.7.1,inference_engine_backend.ruy,target_latency.287,power.workload "@@@{\'meta\': {\'ck_benchmark_program\': \'ck benchmark program:image-classification-tflite-loadgen --env.CK_SILENT_MODE=YES --skip_print_timers --dep_add_tags.compiler=gcc,v7 --dep_add_tags.python=v3 --dep_add_tags.mlperf-inference-src=r2.1 --dep_add_tags.weights=resnet50 --dep_add_tags.images=crop.875,preprocessed,using-opencv --dep_add_tags.library=tflite,v2.7.1,with.ruy --env.CK_LOADGEN_DATASET_SIZE=1024 --env.CK_LOADGEN_MODE=PerformanceOnly --env.CK_LOADGEN_SCENARIO=SingleStream --env.CK_LOADGEN_TARGET_LATENCY=287 --skip_stat_analysis --process_multi_keys --repetitions=1 --record --record_repo=local --record_uoa=mlperf_v2.1-closed-odroid-tflite-v2.7.1-ruy-resnet50-singlestream-performance-target_latency.287-power.workload --tags=mlperf,round.v2.1,division.closed,task.image-classification,platform.odroid,scenario.singlestream,mode.performance,workload.resnet50,preprocessed_using.opencv,inference_engine.tflite,inference_engine_version.v2.7.1,inference_engine_backend.ruy,target_latency.287,power.workload\'}}" && cat `ck find program:image-classification-tflite-loadgen`/tmp/mlperf_log_summary.txt && mkdir -p "$CK_MLPERF_POWER_CLIENT_LOADGEN_LOGS" && cp "$CK_MLPERF_POWER_CLIENT_LOADGEN_LOGS"/../mlperf_log_* "$CK_MLPERF_POWER_CLIENT_LOADGEN_LOGS"/'
client 2022-08-03 11:27:24,985 [INFO] Sending command to the server: 'session,2022-08-03_12-16-36,stop,ranging'
client 2022-08-03 11:27:41,260 [INFO] Got response: 'OK'
client 2022-08-03 11:27:41,279 [INFO] Copying loadgen logs from '/home/odroid/CK/ck-mlperf/program/image-classification-tflite-loadgen/tmp/loadgen_logs' to '/home/odroid/CK/ck-mlperf/program/mlperf-power-client/tmp/2022-08-03_12-16-36/ranging'
client 2022-08-03 11:27:41,282 [INFO] Running workload in testing mode
client 2022-08-03 11:27:41,283 [INFO] Synchronizing with the server and with time.google.com...
client 2022-08-03 11:27:41,320 [INFO] NTP:offset = -0.001 s, delay = 0.032 s 
client 2022-08-03 11:27:41,320 [INFO] Sending command to the server: 'time'
client 2022-08-03 11:27:41,322 [INFO] Got response: '1659526061.3243287'
client 2022-08-03 11:27:41,322 [INFO] The time difference between the client and the server is within range -3.685 ms..-1.840 ms
client 2022-08-03 11:27:41,322 [INFO] Sending command to the server: 'session,2022-08-03_12-16-36,start,testing'
client 2022-08-03 11:27:54,338 [INFO] Got response: 'OK'
client 2022-08-03 11:27:54,338 [INFO] Running the workload 'ck benchmark program:image-classification-tflite-loadgen --env.CK_SILENT_MODE=YES --skip_print_timers --dep_add_tags.compiler=gcc,v7 --dep_add_tags.python=v3 --dep_add_tags.mlperf-inference-src=r2.1 --dep_add_tags.weights=resnet50 --dep_add_tags.images=crop.875,preprocessed,using-opencv --dep_add_tags.library=tflite,v2.7.1,with.ruy --env.CK_LOADGEN_DATASET_SIZE=1024 --env.CK_LOADGEN_MODE=PerformanceOnly --env.CK_LOADGEN_SCENARIO=SingleStream --env.CK_LOADGEN_TARGET_LATENCY=287 --skip_stat_analysis --process_multi_keys --repetitions=1 --record --record_repo=local --record_uoa=mlperf_v2.1-closed-odroid-tflite-v2.7.1-ruy-resnet50-singlestream-performance-target_latency.287-power.workload --tags=mlperf,round.v2.1,division.closed,task.image-classification,platform.odroid,scenario.singlestream,mode.performance,workload.resnet50,preprocessed_using.opencv,inference_engine.tflite,inference_engine_version.v2.7.1,inference_engine_backend.ruy,target_latency.287,power.workload "@@@{\'meta\': {\'ck_benchmark_program\': \'ck benchmark program:image-classification-tflite-loadgen --env.CK_SILENT_MODE=YES --skip_print_timers --dep_add_tags.compiler=gcc,v7 --dep_add_tags.python=v3 --dep_add_tags.mlperf-inference-src=r2.1 --dep_add_tags.weights=resnet50 --dep_add_tags.images=crop.875,preprocessed,using-opencv --dep_add_tags.library=tflite,v2.7.1,with.ruy --env.CK_LOADGEN_DATASET_SIZE=1024 --env.CK_LOADGEN_MODE=PerformanceOnly --env.CK_LOADGEN_SCENARIO=SingleStream --env.CK_LOADGEN_TARGET_LATENCY=287 --skip_stat_analysis --process_multi_keys --repetitions=1 --record --record_repo=local --record_uoa=mlperf_v2.1-closed-odroid-tflite-v2.7.1-ruy-resnet50-singlestream-performance-target_latency.287-power.workload --tags=mlperf,round.v2.1,division.closed,task.image-classification,platform.odroid,scenario.singlestream,mode.performance,workload.resnet50,preprocessed_using.opencv,inference_engine.tflite,inference_engine_version.v2.7.1,inference_engine_backend.ruy,target_latency.287,power.workload\'}}" && cat `ck find program:image-classification-tflite-loadgen`/tmp/mlperf_log_summary.txt && mkdir -p "$CK_MLPERF_POWER_CLIENT_LOADGEN_LOGS" && cp "$CK_MLPERF_POWER_CLIENT_LOADGEN_LOGS"/../mlperf_log_* "$CK_MLPERF_POWER_CLIENT_LOADGEN_LOGS"/'
client 2022-08-03 11:38:14,330 [INFO] Sending command to the server: 'session,2022-08-03_12-16-36,stop,testing'
client 2022-08-03 11:38:25,153 [INFO] Got response: 'OK'
client 2022-08-03 11:38:25,157 [INFO] Copying loadgen logs from '/home/odroid/CK/ck-mlperf/program/image-classification-tflite-loadgen/tmp/loadgen_logs' to '/home/odroid/CK/ck-mlperf/program/mlperf-power-client/tmp/2022-08-03_12-16-36/run_1'
client 2022-08-03 11:38:25,161 [INFO] Done runs
