ptd-server 2022-08-03 12:16:36,508 [INFO] Got command from the client 'time'
ptd-server 2022-08-03 12:16:36,509 [INFO] Sending reply to client '1659525396.5091083'
ptd-server 2022-08-03 12:16:36,513 [INFO] Got command from the client 'new,,c98974b2-336f-4816-975b-c19788b20b1d'
ptd-server 2022-08-03 12:16:36,514 [INFO] Sending reply to client 'OK 2022-08-03_12-16-36,a0d2de81-908b-4b02-8950-403d9d0ffce9'
ptd-server 2022-08-03 12:16:36,547 [INFO] Got command from the client 'time'
ptd-server 2022-08-03 12:16:36,547 [INFO] Sending reply to client '1659525396.5479152'
ptd-server 2022-08-03 12:16:36,550 [INFO] Got command from the client 'session,2022-08-03_12-16-36,start,ranging'
ptd-server 2022-08-03 12:16:36,550 [INFO] Running PTDaemon: ['/home/anton/projects/mlperf/power/inference_v1.0/ptd-linux-x86', '-l', '/tmp/tmp7lgbo8s4/ptd_logfile.txt', '-p', '8888', '49', '/dev/usbtmc0']
ptd-server 2022-08-03 12:16:53,725 [INFO] Sending to ptd: 'Hello'
ptd-server 2022-08-03 12:16:53,725 [INFO] Reply from ptd: 'Hello, PTDaemon here!'
ptd-server 2022-08-03 12:16:53,725 [INFO] Sending to ptd: 'Identify'
ptd-server 2022-08-03 12:16:53,726 [INFO] Reply from ptd: 'YokogawaWT310E,1000,1,1,1,1,0,1,1,version=1.9.2-e8c7a49a-20201208,OS=Linux 5.13.0-52-generic #59~20.04.1-Ubuntu SMP Thu Jun 16 21:21:28 UTC 2022 x86_64,mode=power,1,1,1,0,0,no_cal_date,YOKOGAWA;WT310E;C3XA04010E;F1.04'
ptd-server 2022-08-03 12:16:53,726 [INFO] Connected to PTDaemon
ptd-server 2022-08-03 12:16:53,726 [INFO] Sending to ptd: 'RR'
ptd-server 2022-08-03 12:16:53,726 [INFO] Reply from ptd: 'Ranges,0,0.500000,1,300.000000'
ptd-server 2022-08-03 12:16:53,727 [INFO] Initial range for Amps is 0.500000 for Volts is Auto
ptd-server 2022-08-03 12:16:53,727 [INFO] Sending to ptd: 'SR,V,Auto'
ptd-server 2022-08-03 12:16:54,229 [INFO] Reply from ptd: 'Range V changed'
ptd-server 2022-08-03 12:16:54,229 [INFO] Sending to ptd: 'SR,A,Auto'
ptd-server 2022-08-03 12:16:54,732 [INFO] Reply from ptd: 'Range A changed'
ptd-server 2022-08-03 12:17:04,742 [INFO] Starting ranging mode
ptd-server 2022-08-03 12:17:04,742 [INFO] Sending to ptd: 'Go,1000,0,2022-08-03_12-16-36_ranging'
ptd-server 2022-08-03 12:17:04,743 [INFO] Reply from ptd: 'Starting untimed measurement, maximum 500000 samples at 1000ms with 0 rampup samples'
ptd-server 2022-08-03 12:17:04,743 [INFO] Sending reply to client 'OK'
ptd-server 2022-08-03 12:27:24,989 [INFO] Got command from the client 'session,2022-08-03_12-16-36,stop,ranging'
ptd-server 2022-08-03 12:27:35,000 [INFO] Sending to ptd: 'Stop'
ptd-server 2022-08-03 12:27:35,000 [INFO] Reply from ptd: 'Stopping untimed measurement'
ptd-server 2022-08-03 12:27:41,262 [INFO] Sending reply to client 'OK'
ptd-server 2022-08-03 12:27:41,324 [INFO] Got command from the client 'time'
ptd-server 2022-08-03 12:27:41,324 [INFO] Sending reply to client '1659526061.3243287'
ptd-server 2022-08-03 12:27:41,326 [INFO] Got command from the client 'session,2022-08-03_12-16-36,start,testing'
ptd-server 2022-08-03 12:27:41,326 [INFO] Sending to ptd: 'SR,V,250.460000'
ptd-server 2022-08-03 12:27:42,827 [INFO] Reply from ptd: 'Range V changed'
ptd-server 2022-08-03 12:27:42,827 [INFO] Sending to ptd: 'SR,A,0.079680'
ptd-server 2022-08-03 12:27:44,329 [INFO] Reply from ptd: 'Range A changed'
ptd-server 2022-08-03 12:27:54,339 [INFO] Starting testing mode
ptd-server 2022-08-03 12:27:54,339 [INFO] Sending to ptd: 'Go,1000,0,2022-08-03_12-16-36_testing'
ptd-server 2022-08-03 12:27:54,340 [INFO] Reply from ptd: 'Starting untimed measurement, maximum 500000 samples at 1000ms with 0 rampup samples'
ptd-server 2022-08-03 12:27:54,340 [INFO] Sending reply to client 'OK'
ptd-server 2022-08-03 12:38:14,330 [INFO] Got command from the client 'session,2022-08-03_12-16-36,stop,testing'
ptd-server 2022-08-03 12:38:24,340 [INFO] Sending to ptd: 'Stop'
ptd-server 2022-08-03 12:38:24,340 [INFO] Reply from ptd: 'Stopping untimed measurement'
ptd-server 2022-08-03 12:38:25,152 [INFO] Sending reply to client 'OK'
ptd-server 2022-08-03 12:38:25,169 [INFO] Got command from the client 'session,2022-08-03_12-16-36,done'
ptd-server 2022-08-03 12:38:25,169 [INFO] Sending to ptd: 'Stop'
ptd-server 2022-08-03 12:38:25,340 [INFO] Reply from ptd: 'Error: no measurement to stop'
ptd-server 2022-08-03 12:38:25,341 [INFO] Sending to ptd: 'SR,V,Auto'
ptd-server 2022-08-03 12:38:25,843 [INFO] Reply from ptd: 'Range V changed'
ptd-server 2022-08-03 12:38:25,843 [INFO] Sending to ptd: 'SR,A,0.500000'
ptd-server 2022-08-03 12:38:27,345 [INFO] Reply from ptd: 'Range A changed'
ptd-server 2022-08-03 12:38:27,345 [INFO] Set initial values for Amps 0.500000 and Volts Auto
ptd-server 2022-08-03 12:38:27,345 [INFO] Stopping ptd...
