ptd-server 2022-07-22 15:02:07,881 [INFO] Got command from the client 'time'
ptd-server 2022-07-22 15:02:07,881 [INFO] Sending reply to client '1658498527.8819637'
ptd-server 2022-07-22 15:02:07,883 [INFO] Got command from the client 'new,,a0ff9862-06d2-4b5d-b3f6-fad526f78af6'
ptd-server 2022-07-22 15:02:07,883 [INFO] Sending reply to client 'OK 2022-07-22_15-02-07,c22b645b-1e97-4d68-9e66-692270b5ee73'
ptd-server 2022-07-22 15:02:07,911 [INFO] Got command from the client 'time'
ptd-server 2022-07-22 15:02:07,911 [INFO] Sending reply to client '1658498527.9116585'
ptd-server 2022-07-22 15:02:07,912 [INFO] Got command from the client 'session,2022-07-22_15-02-07,start,ranging'
ptd-server 2022-07-22 15:02:07,912 [INFO] Running PTDaemon: ['/home/anton/projects/mlperf/power/inference_v1.0/ptd-linux-x86', '-l', '/tmp/tmp7lgbo8s4/ptd_logfile.txt', '-p', '8888', '49', '/dev/usbtmc0']
ptd-server 2022-07-22 15:02:25,086 [INFO] Sending to ptd: 'Hello'
ptd-server 2022-07-22 15:02:25,087 [INFO] Reply from ptd: 'Hello, PTDaemon here!'
ptd-server 2022-07-22 15:02:25,087 [INFO] Sending to ptd: 'Identify'
ptd-server 2022-07-22 15:02:25,088 [INFO] Reply from ptd: 'YokogawaWT310E,1000,1,1,1,1,0,1,1,version=1.9.2-e8c7a49a-20201208,OS=Linux 5.13.0-52-generic #59~20.04.1-Ubuntu SMP Thu Jun 16 21:21:28 UTC 2022 x86_64,mode=power,1,1,1,0,0,no_cal_date,YOKOGAWA;WT310E;C3XA04010E;F1.04'
ptd-server 2022-07-22 15:02:25,088 [INFO] Connected to PTDaemon
ptd-server 2022-07-22 15:02:25,088 [INFO] Sending to ptd: 'RR'
ptd-server 2022-07-22 15:02:25,088 [INFO] Reply from ptd: 'Ranges,0,0.500000,1,300.000000'
ptd-server 2022-07-22 15:02:25,088 [INFO] Initial range for Amps is 0.500000 for Volts is Auto
ptd-server 2022-07-22 15:02:25,089 [INFO] Sending to ptd: 'SR,V,Auto'
ptd-server 2022-07-22 15:02:25,591 [INFO] Reply from ptd: 'Range V changed'
ptd-server 2022-07-22 15:02:25,591 [INFO] Sending to ptd: 'SR,A,Auto'
ptd-server 2022-07-22 15:02:26,094 [INFO] Reply from ptd: 'Range A changed'
ptd-server 2022-07-22 15:02:36,104 [INFO] Starting ranging mode
ptd-server 2022-07-22 15:02:36,104 [INFO] Sending to ptd: 'Go,1000,0,2022-07-22_15-02-07_ranging'
ptd-server 2022-07-22 15:02:36,104 [INFO] Reply from ptd: 'Starting untimed measurement, maximum 500000 samples at 1000ms with 0 rampup samples'
ptd-server 2022-07-22 15:02:36,105 [INFO] Sending reply to client 'OK'
ptd-server 2022-07-22 15:12:57,269 [INFO] Got command from the client 'session,2022-07-22_15-02-07,stop,ranging'
ptd-server 2022-07-22 15:13:07,280 [INFO] Sending to ptd: 'Stop'
ptd-server 2022-07-22 15:13:07,280 [INFO] Reply from ptd: 'Stopping untimed measurement'
ptd-server 2022-07-22 15:13:07,755 [INFO] Sending reply to client 'OK'
ptd-server 2022-07-22 15:13:07,799 [INFO] Got command from the client 'time'
ptd-server 2022-07-22 15:13:07,799 [INFO] Sending reply to client '1658499187.7998085'
ptd-server 2022-07-22 15:13:07,800 [INFO] Got command from the client 'session,2022-07-22_15-02-07,start,testing'
ptd-server 2022-07-22 15:13:07,801 [INFO] Sending to ptd: 'SR,V,252.670000'
ptd-server 2022-07-22 15:13:09,606 [INFO] Reply from ptd: 'Range V changed'
ptd-server 2022-07-22 15:13:09,606 [INFO] Sending to ptd: 'SR,A,0.068850'
ptd-server 2022-07-22 15:13:11,107 [INFO] Reply from ptd: 'Range A changed'
ptd-server 2022-07-22 15:13:21,118 [INFO] Starting testing mode
ptd-server 2022-07-22 15:13:21,118 [INFO] Sending to ptd: 'Go,1000,0,2022-07-22_15-02-07_testing'
ptd-server 2022-07-22 15:13:21,118 [INFO] Reply from ptd: 'Starting untimed measurement, maximum 500000 samples at 1000ms with 0 rampup samples'
ptd-server 2022-07-22 15:13:21,119 [INFO] Sending reply to client 'OK'
ptd-server 2022-07-22 15:23:42,111 [INFO] Got command from the client 'session,2022-07-22_15-02-07,stop,testing'
ptd-server 2022-07-22 15:23:52,121 [INFO] Sending to ptd: 'Stop'
ptd-server 2022-07-22 15:23:52,121 [INFO] Reply from ptd: 'Stopping untimed measurement'
ptd-server 2022-07-22 15:23:52,365 [INFO] Sending reply to client 'OK'
ptd-server 2022-07-22 15:23:52,373 [INFO] Got command from the client 'session,2022-07-22_15-02-07,done'
ptd-server 2022-07-22 15:23:52,373 [INFO] Sending to ptd: 'Stop'
ptd-server 2022-07-22 15:23:53,118 [INFO] Reply from ptd: 'Error: no measurement to stop'
ptd-server 2022-07-22 15:23:53,119 [INFO] Sending to ptd: 'SR,V,Auto'
ptd-server 2022-07-22 15:23:53,621 [INFO] Reply from ptd: 'Range V changed'
ptd-server 2022-07-22 15:23:53,621 [INFO] Sending to ptd: 'SR,A,0.500000'
ptd-server 2022-07-22 15:23:55,123 [INFO] Reply from ptd: 'Range A changed'
ptd-server 2022-07-22 15:23:55,123 [INFO] Set initial values for Amps 0.500000 and Volts Auto
ptd-server 2022-07-22 15:23:55,123 [INFO] Stopping ptd...
