ptd-server 2022-07-27 13:09:28,758 [INFO] Got command from the client 'time'
ptd-server 2022-07-27 13:09:28,758 [INFO] Sending reply to client '1658923768.7586281'
ptd-server 2022-07-27 13:09:28,762 [INFO] Got command from the client 'new,,3d2df4a5-3110-4375-8f87-3f05f6ad9445'
ptd-server 2022-07-27 13:09:28,763 [INFO] Sending reply to client 'OK 2022-07-27_13-09-28,45a3da25-9897-4be6-bba5-3aadbb730008'
ptd-server 2022-07-27 13:09:28,798 [INFO] Got command from the client 'time'
ptd-server 2022-07-27 13:09:28,798 [INFO] Sending reply to client '1658923768.7989604'
ptd-server 2022-07-27 13:09:28,803 [INFO] Got command from the client 'session,2022-07-27_13-09-28,start,ranging'
ptd-server 2022-07-27 13:09:28,804 [INFO] Running PTDaemon: ['/home/anton/projects/mlperf/power/inference_v1.0/ptd-linux-x86', '-l', '/tmp/tmp7lgbo8s4/ptd_logfile.txt', '-p', '8888', '49', '/dev/usbtmc0']
ptd-server 2022-07-27 13:09:45,978 [INFO] Sending to ptd: 'Hello'
ptd-server 2022-07-27 13:09:45,979 [INFO] Reply from ptd: 'Hello, PTDaemon here!'
ptd-server 2022-07-27 13:09:45,979 [INFO] Sending to ptd: 'Identify'
ptd-server 2022-07-27 13:09:45,980 [INFO] Reply from ptd: 'YokogawaWT310E,1000,1,1,1,1,0,1,1,version=1.9.2-e8c7a49a-20201208,OS=Linux 5.13.0-52-generic #59~20.04.1-Ubuntu SMP Thu Jun 16 21:21:28 UTC 2022 x86_64,mode=power,1,1,1,0,0,no_cal_date,YOKOGAWA;WT310E;C3XA04010E;F1.04'
ptd-server 2022-07-27 13:09:45,980 [INFO] Connected to PTDaemon
ptd-server 2022-07-27 13:09:45,980 [INFO] Sending to ptd: 'RR'
ptd-server 2022-07-27 13:09:45,980 [INFO] Reply from ptd: 'Ranges,0,0.500000,1,300.000000'
ptd-server 2022-07-27 13:09:45,980 [INFO] Initial range for Amps is 0.500000 for Volts is Auto
ptd-server 2022-07-27 13:09:45,981 [INFO] Sending to ptd: 'SR,V,Auto'
ptd-server 2022-07-27 13:09:46,483 [INFO] Reply from ptd: 'Range V changed'
ptd-server 2022-07-27 13:09:46,483 [INFO] Sending to ptd: 'SR,A,Auto'
ptd-server 2022-07-27 13:09:46,986 [INFO] Reply from ptd: 'Range A changed'
ptd-server 2022-07-27 13:09:56,996 [INFO] Starting ranging mode
ptd-server 2022-07-27 13:09:56,996 [INFO] Sending to ptd: 'Go,1000,0,2022-07-27_13-09-28_ranging'
ptd-server 2022-07-27 13:09:56,997 [INFO] Reply from ptd: 'Starting untimed measurement, maximum 500000 samples at 1000ms with 0 rampup samples'
ptd-server 2022-07-27 13:09:56,997 [INFO] Sending reply to client 'OK'
ptd-server 2022-07-27 13:20:12,307 [INFO] Got command from the client 'session,2022-07-27_13-09-28,stop,ranging'
ptd-server 2022-07-27 13:20:22,318 [INFO] Sending to ptd: 'Stop'
ptd-server 2022-07-27 13:20:22,318 [INFO] Reply from ptd: 'Stopping untimed measurement'
ptd-server 2022-07-27 13:20:23,277 [INFO] Sending reply to client 'OK'
ptd-server 2022-07-27 13:20:23,368 [INFO] Got command from the client 'time'
ptd-server 2022-07-27 13:20:23,368 [INFO] Sending reply to client '1658924423.368459'
ptd-server 2022-07-27 13:20:23,374 [INFO] Got command from the client 'session,2022-07-27_13-09-28,start,testing'
ptd-server 2022-07-27 13:20:23,374 [INFO] Sending to ptd: 'SR,V,250.220000'
ptd-server 2022-07-27 13:20:24,876 [INFO] Reply from ptd: 'Range V changed'
ptd-server 2022-07-27 13:20:24,876 [INFO] Sending to ptd: 'SR,A,0.043160'
ptd-server 2022-07-27 13:20:26,378 [INFO] Reply from ptd: 'Range A changed'
ptd-server 2022-07-27 13:20:36,388 [INFO] Starting testing mode
ptd-server 2022-07-27 13:20:36,388 [INFO] Sending to ptd: 'Go,1000,0,2022-07-27_13-09-28_testing'
ptd-server 2022-07-27 13:20:36,388 [INFO] Reply from ptd: 'Starting untimed measurement, maximum 500000 samples at 1000ms with 0 rampup samples'
ptd-server 2022-07-27 13:20:36,389 [INFO] Sending reply to client 'OK'
ptd-server 2022-07-27 13:30:51,615 [INFO] Got command from the client 'session,2022-07-27_13-09-28,stop,testing'
ptd-server 2022-07-27 13:31:01,625 [INFO] Sending to ptd: 'Stop'
ptd-server 2022-07-27 13:31:01,626 [INFO] Reply from ptd: 'Stopping untimed measurement'
ptd-server 2022-07-27 13:31:02,117 [INFO] Sending reply to client 'OK'
ptd-server 2022-07-27 13:31:02,144 [INFO] Got command from the client 'session,2022-07-27_13-09-28,done'
ptd-server 2022-07-27 13:31:02,144 [INFO] Sending to ptd: 'Stop'
ptd-server 2022-07-27 13:31:02,388 [INFO] Reply from ptd: 'Error: no measurement to stop'
ptd-server 2022-07-27 13:31:02,388 [INFO] Sending to ptd: 'SR,V,Auto'
ptd-server 2022-07-27 13:31:02,891 [INFO] Reply from ptd: 'Range V changed'
ptd-server 2022-07-27 13:31:02,891 [INFO] Sending to ptd: 'SR,A,0.500000'
ptd-server 2022-07-27 13:31:04,392 [INFO] Reply from ptd: 'Range A changed'
ptd-server 2022-07-27 13:31:04,393 [INFO] Set initial values for Amps 0.500000 and Volts Auto
ptd-server 2022-07-27 13:31:04,393 [INFO] Stopping ptd...
