ptd-server 2022-07-28 09:03:40,809 [INFO] Got command from the client 'time'
ptd-server 2022-07-28 09:03:40,809 [INFO] Sending reply to client '1658995420.8099558'
ptd-server 2022-07-28 09:03:40,814 [INFO] Got command from the client 'new,,8beb8619-7b62-471a-a401-71d9a57858b7'
ptd-server 2022-07-28 09:03:40,814 [INFO] Sending reply to client 'OK 2022-07-28_09-03-40,f52f756c-1500-407b-960a-8a8ffb1c9842'
ptd-server 2022-07-28 09:03:40,859 [INFO] Got command from the client 'time'
ptd-server 2022-07-28 09:03:40,859 [INFO] Sending reply to client '1658995420.8594742'
ptd-server 2022-07-28 09:03:40,864 [INFO] Got command from the client 'session,2022-07-28_09-03-40,start,ranging'
ptd-server 2022-07-28 09:03:40,864 [INFO] Running PTDaemon: ['/home/anton/projects/mlperf/power/inference_v1.0/ptd-linux-x86', '-l', '/tmp/tmp7lgbo8s4/ptd_logfile.txt', '-p', '8888', '49', '/dev/usbtmc0']
ptd-server 2022-07-28 09:03:58,039 [INFO] Sending to ptd: 'Hello'
ptd-server 2022-07-28 09:03:58,040 [INFO] Reply from ptd: 'Hello, PTDaemon here!'
ptd-server 2022-07-28 09:03:58,040 [INFO] Sending to ptd: 'Identify'
ptd-server 2022-07-28 09:03:58,040 [INFO] Reply from ptd: 'YokogawaWT310E,1000,1,1,1,1,0,1,1,version=1.9.2-e8c7a49a-20201208,OS=Linux 5.13.0-52-generic #59~20.04.1-Ubuntu SMP Thu Jun 16 21:21:28 UTC 2022 x86_64,mode=power,1,1,1,0,0,no_cal_date,YOKOGAWA;WT310E;C3XA04010E;F1.04'
ptd-server 2022-07-28 09:03:58,040 [INFO] Connected to PTDaemon
ptd-server 2022-07-28 09:03:58,040 [INFO] Sending to ptd: 'RR'
ptd-server 2022-07-28 09:03:58,041 [INFO] Reply from ptd: 'Ranges,0,0.500000,1,300.000000'
ptd-server 2022-07-28 09:03:58,041 [INFO] Initial range for Amps is 0.500000 for Volts is Auto
ptd-server 2022-07-28 09:03:58,041 [INFO] Sending to ptd: 'SR,V,Auto'
ptd-server 2022-07-28 09:03:58,544 [INFO] Reply from ptd: 'Range V changed'
ptd-server 2022-07-28 09:03:58,544 [INFO] Sending to ptd: 'SR,A,Auto'
ptd-server 2022-07-28 09:03:59,046 [INFO] Reply from ptd: 'Range A changed'
ptd-server 2022-07-28 09:04:09,056 [INFO] Starting ranging mode
ptd-server 2022-07-28 09:04:09,057 [INFO] Sending to ptd: 'Go,1000,0,2022-07-28_09-03-40_ranging'
ptd-server 2022-07-28 09:04:09,057 [INFO] Reply from ptd: 'Starting untimed measurement, maximum 500000 samples at 1000ms with 0 rampup samples'
ptd-server 2022-07-28 09:04:09,057 [INFO] Sending reply to client 'OK'
ptd-server 2022-07-28 09:14:24,455 [INFO] Got command from the client 'session,2022-07-28_09-03-40,stop,ranging'
ptd-server 2022-07-28 09:14:34,465 [INFO] Sending to ptd: 'Stop'
ptd-server 2022-07-28 09:14:34,465 [INFO] Reply from ptd: 'Stopping untimed measurement'
ptd-server 2022-07-28 09:14:35,538 [INFO] Sending reply to client 'OK'
ptd-server 2022-07-28 09:14:35,605 [INFO] Got command from the client 'time'
ptd-server 2022-07-28 09:14:35,605 [INFO] Sending reply to client '1658996075.6055408'
ptd-server 2022-07-28 09:14:35,611 [INFO] Got command from the client 'session,2022-07-28_09-03-40,start,testing'
ptd-server 2022-07-28 09:14:35,611 [INFO] Sending to ptd: 'SR,V,252.030000'
ptd-server 2022-07-28 09:14:37,112 [INFO] Reply from ptd: 'Range V changed'
ptd-server 2022-07-28 09:14:37,113 [INFO] Sending to ptd: 'SR,A,0.046170'
ptd-server 2022-07-28 09:14:38,614 [INFO] Reply from ptd: 'Range A changed'
ptd-server 2022-07-28 09:14:48,624 [INFO] Starting testing mode
ptd-server 2022-07-28 09:14:48,625 [INFO] Sending to ptd: 'Go,1000,0,2022-07-28_09-03-40_testing'
ptd-server 2022-07-28 09:14:48,625 [INFO] Reply from ptd: 'Starting untimed measurement, maximum 500000 samples at 1000ms with 0 rampup samples'
ptd-server 2022-07-28 09:14:48,625 [INFO] Sending reply to client 'OK'
ptd-server 2022-07-28 09:25:04,047 [INFO] Got command from the client 'session,2022-07-28_09-03-40,stop,testing'
ptd-server 2022-07-28 09:25:14,058 [INFO] Sending to ptd: 'Stop'
ptd-server 2022-07-28 09:25:14,058 [INFO] Reply from ptd: 'Stopping untimed measurement'
ptd-server 2022-07-28 09:25:14,595 [INFO] Sending reply to client 'OK'
ptd-server 2022-07-28 09:25:14,615 [INFO] Got command from the client 'session,2022-07-28_09-03-40,done'
ptd-server 2022-07-28 09:25:14,615 [INFO] Sending to ptd: 'Stop'
ptd-server 2022-07-28 09:25:14,625 [INFO] Reply from ptd: 'Error: no measurement to stop'
ptd-server 2022-07-28 09:25:14,625 [INFO] Sending to ptd: 'SR,V,Auto'
ptd-server 2022-07-28 09:25:15,128 [INFO] Reply from ptd: 'Range V changed'
ptd-server 2022-07-28 09:25:15,128 [INFO] Sending to ptd: 'SR,A,0.500000'
ptd-server 2022-07-28 09:25:16,629 [INFO] Reply from ptd: 'Range A changed'
ptd-server 2022-07-28 09:25:16,630 [INFO] Set initial values for Amps 0.500000 and Volts Auto
ptd-server 2022-07-28 09:25:16,630 [INFO] Stopping ptd...
