ptd-server 2022-07-29 00:07:54,173 [INFO] Got command from the client 'time'
ptd-server 2022-07-29 00:07:54,173 [INFO] Sending reply to client '1659049674.173591'
ptd-server 2022-07-29 00:07:54,177 [INFO] Got command from the client 'new,,d58b715a-97de-43e2-8596-14d9f5e2078c'
ptd-server 2022-07-29 00:07:54,177 [INFO] Sending reply to client 'OK 2022-07-29_00-07-54,37da44b3-09a2-4746-ba6c-d2afd78c55cb'
ptd-server 2022-07-29 00:07:54,212 [INFO] Got command from the client 'time'
ptd-server 2022-07-29 00:07:54,213 [INFO] Sending reply to client '1659049674.2131052'
ptd-server 2022-07-29 00:07:54,217 [INFO] Got command from the client 'session,2022-07-29_00-07-54,start,ranging'
ptd-server 2022-07-29 00:07:54,217 [INFO] Running PTDaemon: ['/home/anton/projects/mlperf/power/inference_v1.0/ptd-linux-x86', '-l', '/tmp/tmp7lgbo8s4/ptd_logfile.txt', '-p', '8888', '49', '/dev/usbtmc0']
ptd-server 2022-07-29 00:08:11,392 [INFO] Sending to ptd: 'Hello'
ptd-server 2022-07-29 00:08:11,392 [INFO] Reply from ptd: 'Hello, PTDaemon here!'
ptd-server 2022-07-29 00:08:11,392 [INFO] Sending to ptd: 'Identify'
ptd-server 2022-07-29 00:08:11,393 [INFO] Reply from ptd: 'YokogawaWT310E,1000,1,1,1,1,0,1,1,version=1.9.2-e8c7a49a-20201208,OS=Linux 5.13.0-52-generic #59~20.04.1-Ubuntu SMP Thu Jun 16 21:21:28 UTC 2022 x86_64,mode=power,1,1,1,0,0,no_cal_date,YOKOGAWA;WT310E;C3XA04010E;F1.04'
ptd-server 2022-07-29 00:08:11,393 [INFO] Connected to PTDaemon
ptd-server 2022-07-29 00:08:11,393 [INFO] Sending to ptd: 'RR'
ptd-server 2022-07-29 00:08:11,393 [INFO] Reply from ptd: 'Ranges,0,0.500000,1,300.000000'
ptd-server 2022-07-29 00:08:11,393 [INFO] Initial range for Amps is 0.500000 for Volts is Auto
ptd-server 2022-07-29 00:08:11,394 [INFO] Sending to ptd: 'SR,V,Auto'
ptd-server 2022-07-29 00:08:11,896 [INFO] Reply from ptd: 'Range V changed'
ptd-server 2022-07-29 00:08:11,896 [INFO] Sending to ptd: 'SR,A,Auto'
ptd-server 2022-07-29 00:08:12,399 [INFO] Reply from ptd: 'Range A changed'
ptd-server 2022-07-29 00:08:22,403 [INFO] Starting ranging mode
ptd-server 2022-07-29 00:08:22,403 [INFO] Sending to ptd: 'Go,1000,0,2022-07-29_00-07-54_ranging'
ptd-server 2022-07-29 00:08:22,404 [INFO] Reply from ptd: 'Starting untimed measurement, maximum 500000 samples at 1000ms with 0 rampup samples'
ptd-server 2022-07-29 00:08:22,404 [INFO] Sending reply to client 'OK'
ptd-server 2022-07-29 00:18:54,684 [INFO] Got command from the client 'session,2022-07-29_00-07-54,stop,ranging'
ptd-server 2022-07-29 00:19:04,695 [INFO] Sending to ptd: 'Stop'
ptd-server 2022-07-29 00:19:04,695 [INFO] Reply from ptd: 'Stopping untimed measurement'
ptd-server 2022-07-29 00:19:05,825 [INFO] Sending reply to client 'OK'
ptd-server 2022-07-29 00:19:05,898 [INFO] Got command from the client 'time'
ptd-server 2022-07-29 00:19:05,898 [INFO] Sending reply to client '1659050345.898121'
ptd-server 2022-07-29 00:19:05,903 [INFO] Got command from the client 'session,2022-07-29_00-07-54,start,testing'
ptd-server 2022-07-29 00:19:05,904 [INFO] Sending to ptd: 'SR,V,249.180000'
ptd-server 2022-07-29 00:19:07,405 [INFO] Reply from ptd: 'Range V changed'
ptd-server 2022-07-29 00:19:07,405 [INFO] Sending to ptd: 'SR,A,0.054220'
ptd-server 2022-07-29 00:19:08,906 [INFO] Reply from ptd: 'Range A changed'
ptd-server 2022-07-29 00:19:18,917 [INFO] Starting testing mode
ptd-server 2022-07-29 00:19:18,917 [INFO] Sending to ptd: 'Go,1000,0,2022-07-29_00-07-54_testing'
ptd-server 2022-07-29 00:19:18,917 [INFO] Reply from ptd: 'Starting untimed measurement, maximum 500000 samples at 1000ms with 0 rampup samples'
ptd-server 2022-07-29 00:19:18,917 [INFO] Sending reply to client 'OK'
ptd-server 2022-07-29 00:29:51,443 [INFO] Got command from the client 'session,2022-07-29_00-07-54,stop,testing'
ptd-server 2022-07-29 00:30:01,453 [INFO] Sending to ptd: 'Stop'
ptd-server 2022-07-29 00:30:01,454 [INFO] Reply from ptd: 'Stopping untimed measurement'
ptd-server 2022-07-29 00:30:02,038 [INFO] Sending reply to client 'OK'
ptd-server 2022-07-29 00:30:02,057 [INFO] Got command from the client 'session,2022-07-29_00-07-54,done'
ptd-server 2022-07-29 00:30:02,057 [INFO] Sending to ptd: 'Stop'
ptd-server 2022-07-29 00:30:02,057 [INFO] Reply from ptd: 'Error: no measurement to stop'
ptd-server 2022-07-29 00:30:02,058 [INFO] Sending to ptd: 'SR,V,Auto'
ptd-server 2022-07-29 00:30:02,560 [INFO] Reply from ptd: 'Range V changed'
ptd-server 2022-07-29 00:30:02,560 [INFO] Sending to ptd: 'SR,A,0.500000'
ptd-server 2022-07-29 00:30:04,062 [INFO] Reply from ptd: 'Range A changed'
ptd-server 2022-07-29 00:30:04,062 [INFO] Set initial values for Amps 0.500000 and Volts Auto
ptd-server 2022-07-29 00:30:04,062 [INFO] Stopping ptd...
