ptd-server 2022-07-24 01:14:49,942 [INFO] Got command from the client 'time'
ptd-server 2022-07-24 01:14:49,942 [INFO] Sending reply to client '1658621689.9429185'
ptd-server 2022-07-24 01:14:49,944 [INFO] Got command from the client 'new,,d3a412de-b168-4031-b704-c08a4a2ae97b'
ptd-server 2022-07-24 01:14:49,944 [INFO] Sending reply to client 'OK 2022-07-24_01-14-49,5aa9d575-5605-4da5-81fa-2c8af8f7e2e5'
ptd-server 2022-07-24 01:14:49,972 [INFO] Got command from the client 'time'
ptd-server 2022-07-24 01:14:49,972 [INFO] Sending reply to client '1658621689.9727163'
ptd-server 2022-07-24 01:14:49,973 [INFO] Got command from the client 'session,2022-07-24_01-14-49,start,ranging'
ptd-server 2022-07-24 01:14:49,973 [INFO] Running PTDaemon: ['/home/anton/projects/mlperf/power/inference_v1.0/ptd-linux-x86', '-l', '/tmp/tmp7lgbo8s4/ptd_logfile.txt', '-p', '8888', '49', '/dev/usbtmc0']
ptd-server 2022-07-24 01:15:07,148 [INFO] Sending to ptd: 'Hello'
ptd-server 2022-07-24 01:15:07,149 [INFO] Reply from ptd: 'Hello, PTDaemon here!'
ptd-server 2022-07-24 01:15:07,149 [INFO] Sending to ptd: 'Identify'
ptd-server 2022-07-24 01:15:07,149 [INFO] Reply from ptd: 'YokogawaWT310E,1000,1,1,1,1,0,1,1,version=1.9.2-e8c7a49a-20201208,OS=Linux 5.13.0-52-generic #59~20.04.1-Ubuntu SMP Thu Jun 16 21:21:28 UTC 2022 x86_64,mode=power,1,1,1,0,0,no_cal_date,YOKOGAWA;WT310E;C3XA04010E;F1.04'
ptd-server 2022-07-24 01:15:07,149 [INFO] Connected to PTDaemon
ptd-server 2022-07-24 01:15:07,149 [INFO] Sending to ptd: 'RR'
ptd-server 2022-07-24 01:15:07,150 [INFO] Reply from ptd: 'Ranges,0,0.500000,1,300.000000'
ptd-server 2022-07-24 01:15:07,150 [INFO] Initial range for Amps is 0.500000 for Volts is Auto
ptd-server 2022-07-24 01:15:07,150 [INFO] Sending to ptd: 'SR,V,Auto'
ptd-server 2022-07-24 01:15:07,653 [INFO] Reply from ptd: 'Range V changed'
ptd-server 2022-07-24 01:15:07,653 [INFO] Sending to ptd: 'SR,A,Auto'
ptd-server 2022-07-24 01:15:08,155 [INFO] Reply from ptd: 'Range A changed'
ptd-server 2022-07-24 01:15:18,165 [INFO] Starting ranging mode
ptd-server 2022-07-24 01:15:18,166 [INFO] Sending to ptd: 'Go,1000,0,2022-07-24_01-14-49_ranging'
ptd-server 2022-07-24 01:15:18,166 [INFO] Reply from ptd: 'Starting untimed measurement, maximum 500000 samples at 1000ms with 0 rampup samples'
ptd-server 2022-07-24 01:15:18,166 [INFO] Sending reply to client 'OK'
ptd-server 2022-07-24 01:25:52,861 [INFO] Got command from the client 'session,2022-07-24_01-14-49,stop,ranging'
ptd-server 2022-07-24 01:26:02,871 [INFO] Sending to ptd: 'Stop'
ptd-server 2022-07-24 01:26:02,871 [INFO] Reply from ptd: 'Stopping untimed measurement'
ptd-server 2022-07-24 01:26:03,506 [INFO] Sending reply to client 'OK'
ptd-server 2022-07-24 01:26:03,557 [INFO] Got command from the client 'time'
ptd-server 2022-07-24 01:26:03,557 [INFO] Sending reply to client '1658622363.5576448'
ptd-server 2022-07-24 01:26:03,558 [INFO] Got command from the client 'session,2022-07-24_01-14-49,start,testing'
ptd-server 2022-07-24 01:26:03,558 [INFO] Sending to ptd: 'SR,V,250.490000'
ptd-server 2022-07-24 01:26:05,060 [INFO] Reply from ptd: 'Range V changed'
ptd-server 2022-07-24 01:26:05,060 [INFO] Sending to ptd: 'SR,A,0.051180'
ptd-server 2022-07-24 01:26:06,561 [INFO] Reply from ptd: 'Range A changed'
ptd-server 2022-07-24 01:26:16,572 [INFO] Starting testing mode
ptd-server 2022-07-24 01:26:16,572 [INFO] Sending to ptd: 'Go,1000,0,2022-07-24_01-14-49_testing'
ptd-server 2022-07-24 01:26:16,572 [INFO] Reply from ptd: 'Starting untimed measurement, maximum 500000 samples at 1000ms with 0 rampup samples'
ptd-server 2022-07-24 01:26:16,572 [INFO] Sending reply to client 'OK'
ptd-server 2022-07-24 01:36:51,228 [INFO] Got command from the client 'session,2022-07-24_01-14-49,stop,testing'
ptd-server 2022-07-24 01:37:01,238 [INFO] Sending to ptd: 'Stop'
ptd-server 2022-07-24 01:37:01,238 [INFO] Reply from ptd: 'Stopping untimed measurement'
ptd-server 2022-07-24 01:37:01,562 [INFO] Sending reply to client 'OK'
ptd-server 2022-07-24 01:37:01,570 [INFO] Got command from the client 'session,2022-07-24_01-14-49,done'
ptd-server 2022-07-24 01:37:01,570 [INFO] Sending to ptd: 'Stop'
ptd-server 2022-07-24 01:37:01,572 [INFO] Reply from ptd: 'Error: no measurement to stop'
ptd-server 2022-07-24 01:37:01,573 [INFO] Sending to ptd: 'SR,V,Auto'
ptd-server 2022-07-24 01:37:02,075 [INFO] Reply from ptd: 'Range V changed'
ptd-server 2022-07-24 01:37:02,075 [INFO] Sending to ptd: 'SR,A,0.500000'
ptd-server 2022-07-24 01:37:03,577 [INFO] Reply from ptd: 'Range A changed'
ptd-server 2022-07-24 01:37:03,577 [INFO] Set initial values for Amps 0.500000 and Volts Auto
ptd-server 2022-07-24 01:37:03,577 [INFO] Stopping ptd...
