ptd-server 2022-07-29 00:52:00,518 [INFO] Got command from the client 'time'
ptd-server 2022-07-29 00:52:00,518 [INFO] Sending reply to client '1659052320.5183132'
ptd-server 2022-07-29 00:52:00,522 [INFO] Got command from the client 'new,,d5079e7d-20ae-4139-8517-2f6ec34dda16'
ptd-server 2022-07-29 00:52:00,523 [INFO] Sending reply to client 'OK 2022-07-29_00-52-00,fa97e282-11e8-4d70-9683-bcac0f352572'
ptd-server 2022-07-29 00:52:00,559 [INFO] Got command from the client 'time'
ptd-server 2022-07-29 00:52:00,559 [INFO] Sending reply to client '1659052320.5595'
ptd-server 2022-07-29 00:52:00,563 [INFO] Got command from the client 'session,2022-07-29_00-52-00,start,ranging'
ptd-server 2022-07-29 00:52:00,563 [INFO] Running PTDaemon: ['/home/anton/projects/mlperf/power/inference_v1.0/ptd-linux-x86', '-l', '/tmp/tmp7lgbo8s4/ptd_logfile.txt', '-p', '8888', '49', '/dev/usbtmc0']
ptd-server 2022-07-29 00:52:17,738 [INFO] Sending to ptd: 'Hello'
ptd-server 2022-07-29 00:52:17,739 [INFO] Reply from ptd: 'Hello, PTDaemon here!'
ptd-server 2022-07-29 00:52:17,739 [INFO] Sending to ptd: 'Identify'
ptd-server 2022-07-29 00:52:17,739 [INFO] Reply from ptd: 'YokogawaWT310E,1000,1,1,1,1,0,1,1,version=1.9.2-e8c7a49a-20201208,OS=Linux 5.13.0-52-generic #59~20.04.1-Ubuntu SMP Thu Jun 16 21:21:28 UTC 2022 x86_64,mode=power,1,1,1,0,0,no_cal_date,YOKOGAWA;WT310E;C3XA04010E;F1.04'
ptd-server 2022-07-29 00:52:17,739 [INFO] Connected to PTDaemon
ptd-server 2022-07-29 00:52:17,740 [INFO] Sending to ptd: 'RR'
ptd-server 2022-07-29 00:52:17,740 [INFO] Reply from ptd: 'Ranges,0,0.500000,1,300.000000'
ptd-server 2022-07-29 00:52:17,740 [INFO] Initial range for Amps is 0.500000 for Volts is Auto
ptd-server 2022-07-29 00:52:17,740 [INFO] Sending to ptd: 'SR,V,Auto'
ptd-server 2022-07-29 00:52:18,243 [INFO] Reply from ptd: 'Range V changed'
ptd-server 2022-07-29 00:52:18,243 [INFO] Sending to ptd: 'SR,A,Auto'
ptd-server 2022-07-29 00:52:18,745 [INFO] Reply from ptd: 'Range A changed'
ptd-server 2022-07-29 00:52:28,756 [INFO] Starting ranging mode
ptd-server 2022-07-29 00:52:28,756 [INFO] Sending to ptd: 'Go,1000,0,2022-07-29_00-52-00_ranging'
ptd-server 2022-07-29 00:52:28,756 [INFO] Reply from ptd: 'Starting untimed measurement, maximum 500000 samples at 1000ms with 0 rampup samples'
ptd-server 2022-07-29 00:52:28,756 [INFO] Sending reply to client 'OK'
ptd-server 2022-07-29 01:03:01,688 [INFO] Got command from the client 'session,2022-07-29_00-52-00,stop,ranging'
ptd-server 2022-07-29 01:03:11,698 [INFO] Sending to ptd: 'Stop'
ptd-server 2022-07-29 01:03:11,699 [INFO] Reply from ptd: 'Stopping untimed measurement'
ptd-server 2022-07-29 01:03:12,837 [INFO] Sending reply to client 'OK'
ptd-server 2022-07-29 01:03:12,916 [INFO] Got command from the client 'time'
ptd-server 2022-07-29 01:03:12,917 [INFO] Sending reply to client '1659052992.9169836'
ptd-server 2022-07-29 01:03:12,922 [INFO] Got command from the client 'session,2022-07-29_00-52-00,start,testing'
ptd-server 2022-07-29 01:03:12,922 [INFO] Sending to ptd: 'SR,V,250.260000'
ptd-server 2022-07-29 01:03:14,423 [INFO] Reply from ptd: 'Range V changed'
ptd-server 2022-07-29 01:03:14,424 [INFO] Sending to ptd: 'SR,A,0.054430'
ptd-server 2022-07-29 01:03:15,925 [INFO] Reply from ptd: 'Range A changed'
ptd-server 2022-07-29 01:03:25,935 [INFO] Starting testing mode
ptd-server 2022-07-29 01:03:25,935 [INFO] Sending to ptd: 'Go,1000,0,2022-07-29_00-52-00_testing'
ptd-server 2022-07-29 01:03:25,936 [INFO] Reply from ptd: 'Starting untimed measurement, maximum 500000 samples at 1000ms with 0 rampup samples'
ptd-server 2022-07-29 01:03:25,936 [INFO] Sending reply to client 'OK'
ptd-server 2022-07-29 01:13:58,488 [INFO] Got command from the client 'session,2022-07-29_00-52-00,stop,testing'
ptd-server 2022-07-29 01:14:08,498 [INFO] Sending to ptd: 'Stop'
ptd-server 2022-07-29 01:14:08,498 [INFO] Reply from ptd: 'Stopping untimed measurement'
ptd-server 2022-07-29 01:14:09,071 [INFO] Sending reply to client 'OK'
ptd-server 2022-07-29 01:14:09,092 [INFO] Got command from the client 'session,2022-07-29_00-52-00,done'
ptd-server 2022-07-29 01:14:09,092 [INFO] Sending to ptd: 'Stop'
ptd-server 2022-07-29 01:14:09,092 [INFO] Reply from ptd: 'Error: no measurement to stop'
ptd-server 2022-07-29 01:14:09,092 [INFO] Sending to ptd: 'SR,V,Auto'
ptd-server 2022-07-29 01:14:09,595 [INFO] Reply from ptd: 'Range V changed'
ptd-server 2022-07-29 01:14:09,595 [INFO] Sending to ptd: 'SR,A,0.500000'
ptd-server 2022-07-29 01:14:11,096 [INFO] Reply from ptd: 'Range A changed'
ptd-server 2022-07-29 01:14:11,096 [INFO] Set initial values for Amps 0.500000 and Volts Auto
ptd-server 2022-07-29 01:14:11,097 [INFO] Stopping ptd...
