ptd-server 2022-07-28 02:10:40,881 [INFO] Got command from the client 'time'
ptd-server 2022-07-28 02:10:40,881 [INFO] Sending reply to client '1658970640.8818142'
ptd-server 2022-07-28 02:10:40,885 [INFO] Got command from the client 'new,,8848f460-f0e5-490d-b597-35ce5ef02baa'
ptd-server 2022-07-28 02:10:40,886 [INFO] Sending reply to client 'OK 2022-07-28_02-10-40,5ef5878a-61f1-4ef6-a25c-2ea1706dd336'
ptd-server 2022-07-28 02:10:40,966 [INFO] Got command from the client 'time'
ptd-server 2022-07-28 02:10:40,966 [INFO] Sending reply to client '1658970640.966396'
ptd-server 2022-07-28 02:10:40,969 [INFO] Got command from the client 'session,2022-07-28_02-10-40,start,ranging'
ptd-server 2022-07-28 02:10:40,969 [INFO] Running PTDaemon: ['/home/anton/projects/mlperf/power/inference_v1.0/ptd-linux-x86', '-l', '/tmp/tmp7lgbo8s4/ptd_logfile.txt', '-p', '8888', '49', '/dev/usbtmc0']
ptd-server 2022-07-28 02:10:58,144 [INFO] Sending to ptd: 'Hello'
ptd-server 2022-07-28 02:10:58,144 [INFO] Reply from ptd: 'Hello, PTDaemon here!'
ptd-server 2022-07-28 02:10:58,144 [INFO] Sending to ptd: 'Identify'
ptd-server 2022-07-28 02:10:58,145 [INFO] Reply from ptd: 'YokogawaWT310E,1000,1,1,1,1,0,1,1,version=1.9.2-e8c7a49a-20201208,OS=Linux 5.13.0-52-generic #59~20.04.1-Ubuntu SMP Thu Jun 16 21:21:28 UTC 2022 x86_64,mode=power,1,1,1,0,0,no_cal_date,YOKOGAWA;WT310E;C3XA04010E;F1.04'
ptd-server 2022-07-28 02:10:58,145 [INFO] Connected to PTDaemon
ptd-server 2022-07-28 02:10:58,145 [INFO] Sending to ptd: 'RR'
ptd-server 2022-07-28 02:10:58,146 [INFO] Reply from ptd: 'Ranges,0,0.500000,1,300.000000'
ptd-server 2022-07-28 02:10:58,146 [INFO] Initial range for Amps is 0.500000 for Volts is Auto
ptd-server 2022-07-28 02:10:58,146 [INFO] Sending to ptd: 'SR,V,Auto'
ptd-server 2022-07-28 02:10:58,648 [INFO] Reply from ptd: 'Range V changed'
ptd-server 2022-07-28 02:10:58,649 [INFO] Sending to ptd: 'SR,A,Auto'
ptd-server 2022-07-28 02:10:59,151 [INFO] Reply from ptd: 'Range A changed'
ptd-server 2022-07-28 02:11:09,161 [INFO] Starting ranging mode
ptd-server 2022-07-28 02:11:09,162 [INFO] Sending to ptd: 'Go,1000,0,2022-07-28_02-10-40_ranging'
ptd-server 2022-07-28 02:11:09,162 [INFO] Reply from ptd: 'Starting untimed measurement, maximum 500000 samples at 1000ms with 0 rampup samples'
ptd-server 2022-07-28 02:11:09,162 [INFO] Sending reply to client 'OK'
ptd-server 2022-07-28 02:21:24,623 [INFO] Got command from the client 'session,2022-07-28_02-10-40,stop,ranging'
ptd-server 2022-07-28 02:21:34,634 [INFO] Sending to ptd: 'Stop'
ptd-server 2022-07-28 02:21:34,634 [INFO] Reply from ptd: 'Stopping untimed measurement'
ptd-server 2022-07-28 02:21:35,654 [INFO] Sending reply to client 'OK'
ptd-server 2022-07-28 02:21:35,738 [INFO] Got command from the client 'time'
ptd-server 2022-07-28 02:21:35,738 [INFO] Sending reply to client '1658971295.7384665'
ptd-server 2022-07-28 02:21:35,744 [INFO] Got command from the client 'session,2022-07-28_02-10-40,start,testing'
ptd-server 2022-07-28 02:21:35,744 [INFO] Sending to ptd: 'SR,V,249.550000'
ptd-server 2022-07-28 02:21:37,246 [INFO] Reply from ptd: 'Range V changed'
ptd-server 2022-07-28 02:21:37,246 [INFO] Sending to ptd: 'SR,A,0.056100'
ptd-server 2022-07-28 02:21:38,747 [INFO] Reply from ptd: 'Range A changed'
ptd-server 2022-07-28 02:21:48,758 [INFO] Starting testing mode
ptd-server 2022-07-28 02:21:48,758 [INFO] Sending to ptd: 'Go,1000,0,2022-07-28_02-10-40_testing'
ptd-server 2022-07-28 02:21:48,758 [INFO] Reply from ptd: 'Starting untimed measurement, maximum 500000 samples at 1000ms with 0 rampup samples'
ptd-server 2022-07-28 02:21:48,758 [INFO] Sending reply to client 'OK'
ptd-server 2022-07-28 02:32:03,809 [INFO] Got command from the client 'session,2022-07-28_02-10-40,stop,testing'
ptd-server 2022-07-28 02:32:13,820 [INFO] Sending to ptd: 'Stop'
ptd-server 2022-07-28 02:32:13,820 [INFO] Reply from ptd: 'Stopping untimed measurement'
ptd-server 2022-07-28 02:32:14,368 [INFO] Sending reply to client 'OK'
ptd-server 2022-07-28 02:32:14,386 [INFO] Got command from the client 'session,2022-07-28_02-10-40,done'
ptd-server 2022-07-28 02:32:14,387 [INFO] Sending to ptd: 'Stop'
ptd-server 2022-07-28 02:32:14,758 [INFO] Reply from ptd: 'Error: no measurement to stop'
ptd-server 2022-07-28 02:32:14,758 [INFO] Sending to ptd: 'SR,V,Auto'
ptd-server 2022-07-28 02:32:15,261 [INFO] Reply from ptd: 'Range V changed'
ptd-server 2022-07-28 02:32:15,261 [INFO] Sending to ptd: 'SR,A,0.500000'
ptd-server 2022-07-28 02:32:16,762 [INFO] Reply from ptd: 'Range A changed'
ptd-server 2022-07-28 02:32:16,763 [INFO] Set initial values for Amps 0.500000 and Volts Auto
ptd-server 2022-07-28 02:32:16,763 [INFO] Stopping ptd...
