ptd-server 2022-07-24 13:23:59,970 [INFO] Got command from the client 'time'
ptd-server 2022-07-24 13:23:59,970 [INFO] Sending reply to client '1658665439.9707563'
ptd-server 2022-07-24 13:23:59,972 [INFO] Got command from the client 'new,,1a07e207-3b10-4ee5-a134-9571fedfdbf1'
ptd-server 2022-07-24 13:23:59,972 [INFO] Sending reply to client 'OK 2022-07-24_13-23-59,22a4c129-c0cb-469b-b05a-a857117d7e93'
ptd-server 2022-07-24 13:24:00,010 [INFO] Got command from the client 'time'
ptd-server 2022-07-24 13:24:00,010 [INFO] Sending reply to client '1658665440.0106773'
ptd-server 2022-07-24 13:24:00,011 [INFO] Got command from the client 'session,2022-07-24_13-23-59,start,ranging'
ptd-server 2022-07-24 13:24:00,012 [INFO] Running PTDaemon: ['/home/anton/projects/mlperf/power/inference_v1.0/ptd-linux-x86', '-l', '/tmp/tmp7lgbo8s4/ptd_logfile.txt', '-p', '8888', '49', '/dev/usbtmc0']
ptd-server 2022-07-24 13:24:17,185 [INFO] Sending to ptd: 'Hello'
ptd-server 2022-07-24 13:24:17,186 [INFO] Reply from ptd: 'Hello, PTDaemon here!'
ptd-server 2022-07-24 13:24:17,186 [INFO] Sending to ptd: 'Identify'
ptd-server 2022-07-24 13:24:17,186 [INFO] Reply from ptd: 'YokogawaWT310E,1000,1,1,1,1,0,1,1,version=1.9.2-e8c7a49a-20201208,OS=Linux 5.13.0-52-generic #59~20.04.1-Ubuntu SMP Thu Jun 16 21:21:28 UTC 2022 x86_64,mode=power,1,1,1,0,0,no_cal_date,YOKOGAWA;WT310E;C3XA04010E;F1.04'
ptd-server 2022-07-24 13:24:17,186 [INFO] Connected to PTDaemon
ptd-server 2022-07-24 13:24:17,187 [INFO] Sending to ptd: 'RR'
ptd-server 2022-07-24 13:24:17,187 [INFO] Reply from ptd: 'Ranges,0,0.500000,1,300.000000'
ptd-server 2022-07-24 13:24:17,187 [INFO] Initial range for Amps is 0.500000 for Volts is Auto
ptd-server 2022-07-24 13:24:17,187 [INFO] Sending to ptd: 'SR,V,Auto'
ptd-server 2022-07-24 13:24:17,690 [INFO] Reply from ptd: 'Range V changed'
ptd-server 2022-07-24 13:24:17,690 [INFO] Sending to ptd: 'SR,A,Auto'
ptd-server 2022-07-24 13:24:18,192 [INFO] Reply from ptd: 'Range A changed'
ptd-server 2022-07-24 13:24:28,203 [INFO] Starting ranging mode
ptd-server 2022-07-24 13:24:28,203 [INFO] Sending to ptd: 'Go,1000,0,2022-07-24_13-23-59_ranging'
ptd-server 2022-07-24 13:24:28,203 [INFO] Reply from ptd: 'Starting untimed measurement, maximum 500000 samples at 1000ms with 0 rampup samples'
ptd-server 2022-07-24 13:24:28,203 [INFO] Sending reply to client 'OK'
ptd-server 2022-07-24 13:35:02,847 [INFO] Got command from the client 'session,2022-07-24_13-23-59,stop,ranging'
ptd-server 2022-07-24 13:35:12,858 [INFO] Sending to ptd: 'Stop'
ptd-server 2022-07-24 13:35:12,858 [INFO] Reply from ptd: 'Stopping untimed measurement'
ptd-server 2022-07-24 13:35:13,566 [INFO] Sending reply to client 'OK'
ptd-server 2022-07-24 13:35:13,607 [INFO] Got command from the client 'time'
ptd-server 2022-07-24 13:35:13,607 [INFO] Sending reply to client '1658666113.6074681'
ptd-server 2022-07-24 13:35:13,608 [INFO] Got command from the client 'session,2022-07-24_13-23-59,start,testing'
ptd-server 2022-07-24 13:35:13,608 [INFO] Sending to ptd: 'SR,V,251.700000'
ptd-server 2022-07-24 13:35:15,109 [INFO] Reply from ptd: 'Range V changed'
ptd-server 2022-07-24 13:35:15,110 [INFO] Sending to ptd: 'SR,A,0.053530'
ptd-server 2022-07-24 13:35:16,611 [INFO] Reply from ptd: 'Range A changed'
ptd-server 2022-07-24 13:35:26,621 [INFO] Starting testing mode
ptd-server 2022-07-24 13:35:26,621 [INFO] Sending to ptd: 'Go,1000,0,2022-07-24_13-23-59_testing'
ptd-server 2022-07-24 13:35:26,622 [INFO] Reply from ptd: 'Starting untimed measurement, maximum 500000 samples at 1000ms with 0 rampup samples'
ptd-server 2022-07-24 13:35:26,622 [INFO] Sending reply to client 'OK'
ptd-server 2022-07-24 13:46:01,348 [INFO] Got command from the client 'session,2022-07-24_13-23-59,stop,testing'
ptd-server 2022-07-24 13:46:11,358 [INFO] Sending to ptd: 'Stop'
ptd-server 2022-07-24 13:46:11,359 [INFO] Reply from ptd: 'Stopping untimed measurement'
ptd-server 2022-07-24 13:46:11,729 [INFO] Sending reply to client 'OK'
ptd-server 2022-07-24 13:46:11,736 [INFO] Got command from the client 'session,2022-07-24_13-23-59,done'
ptd-server 2022-07-24 13:46:11,737 [INFO] Sending to ptd: 'Stop'
ptd-server 2022-07-24 13:46:11,737 [INFO] Reply from ptd: 'Error: no measurement to stop'
ptd-server 2022-07-24 13:46:11,737 [INFO] Sending to ptd: 'SR,V,Auto'
ptd-server 2022-07-24 13:46:12,239 [INFO] Reply from ptd: 'Range V changed'
ptd-server 2022-07-24 13:46:12,240 [INFO] Sending to ptd: 'SR,A,0.500000'
ptd-server 2022-07-24 13:46:13,741 [INFO] Reply from ptd: 'Range A changed'
ptd-server 2022-07-24 13:46:13,741 [INFO] Set initial values for Amps 0.500000 and Volts Auto
ptd-server 2022-07-24 13:46:13,741 [INFO] Stopping ptd...
