client 2022-07-22 11:01:05,120 [WARNING] Removing loadgen logs directory '/home/khadas/CK/ck-mlperf/program/image-classification-tflite-loadgen/tmp/loadgen_logs'
client 2022-07-22 11:01:05,122 [INFO] Sending command to the server: 'mlcommons/power client v3'
client 2022-07-22 11:01:05,122 [INFO] Got response: 'mlcommons/power server v3'
client 2022-07-22 11:01:05,123 [INFO] Synchronizing with the server and with time.google.com...
client 2022-07-22 11:01:05,155 [INFO] NTP:offset = 0.001 s, delay = 0.024 s 
client 2022-07-22 11:01:05,155 [INFO] Sending command to the server: 'time'
client 2022-07-22 11:01:05,156 [INFO] Got response: '1658484065.1582472'
client 2022-07-22 11:01:05,156 [INFO] The time difference between the client and the server is within range -2.677 ms..-1.290 ms
client 2022-07-22 11:01:05,157 [INFO] Sending command to the server: 'new,,0badf17f-0077-4f92-95ba-c03b9dbbf0c2'
client 2022-07-22 11:01:05,158 [INFO] Got response: 'OK 2022-07-22_11-01-05,1cfe710d-c307-4027-ad0d-10b7fe8ea7e1'
client 2022-07-22 11:01:05,158 [INFO] Session id is '2022-07-22_11-01-05'
client 2022-07-22 11:01:05,158 [INFO] Sources: {"sources": {"__init__.py": "da39a3ee5e6b4b0d3255bfef95601890afd80709", "client.py": "33ca4f26368777ac06e01f9567b714a4b8063886", "lib/__init__.py": "da39a3ee5e6b4b0d3255bfef95601890afd80709", "lib/client.py": "4c2b78fb4849a7e5b584ef792d82aaed20b17f57", "lib/common.py": "624d0c0acc7c39aaff3674f0b99d6a09da53d1dc", "lib/external/__init__.py": "da39a3ee5e6b4b0d3255bfef95601890afd80709", "lib/external/ntplib.py": "4da8f970656505a40483206ef2b5d3dd5e81711d", "lib/server.py": "cda0cdfaee9bfa1249c64a7dd4f89b7bf1b279f0", "lib/source_hashes.py": "60a2e02193209e8d392803326208d5466342da18", "lib/summary.py": "aa92f0a3f975eecd44d3c0cd0236342ccc9f941d", "lib/time_sync.py": "3210db56eb0ff0df57bf4293dc4d4b03fffd46f1", "server.py": "c3f90f2f7eeb4db30727556d0c815ebc89b3d28b", "tests/unit/__init__.py": "da39a3ee5e6b4b0d3255bfef95601890afd80709", "tests/unit/test_server.py": "99ae15aef722f2000ee6ed1ae1523637bf1ae42b", "tests/unit/test_source_hashes.py": "00468a2907583c593e6574a1f6b404e4651c221a"}, "modules": {"ptd_client_server.lib.client": "lib/client.py", "ptd_client_server.lib.common": "lib/common.py", "ptd_client_server.lib.external.ntplib": "lib/external/ntplib.py", "ptd_client_server.lib.source_hashes": "lib/source_hashes.py", "ptd_client_server.lib.summary": "lib/summary.py", "ptd_client_server.lib.time_sync": "lib/time_sync.py"}}
client 2022-07-22 11:01:05,159 [INFO] Running workload in ranging mode
client 2022-07-22 11:01:05,159 [INFO] Synchronizing with the server and with time.google.com...
client 2022-07-22 11:01:05,190 [INFO] NTP:offset = 0.001 s, delay = 0.028 s 
client 2022-07-22 11:01:05,190 [INFO] Sending command to the server: 'time'
client 2022-07-22 11:01:05,191 [INFO] Got response: '1658484065.1932743'
client 2022-07-22 11:01:05,191 [INFO] The time difference between the client and the server is within range -2.636 ms..-1.633 ms
client 2022-07-22 11:01:05,191 [INFO] Sending command to the server: 'session,2022-07-22_11-01-05,start,ranging'
client 2022-07-22 11:01:33,385 [INFO] Got response: 'OK'
client 2022-07-22 11:01:33,385 [INFO] Running the workload 'ck benchmark program:image-classification-tflite-loadgen --env.CK_SILENT_MODE=YES --skip_print_timers --dep_add_tags.compiler=gcc,v11 --dep_add_tags.python=v3 --dep_add_tags.mlperf-inference-src=r2.1 --dep_add_tags.weights=mobilenet,v2-0.5-192,non-quantized --dep_add_tags.images=crop.875,preprocessed,using-opencv --dep_add_tags.library=tflite,v2.7.1,with.ruy --env.CK_LOADGEN_DATASET_SIZE=1024 --env.CK_LOADGEN_MODE=PerformanceOnly --env.CK_LOADGEN_SCENARIO=SingleStream --env.CK_LOADGEN_TARGET_LATENCY=$CK_LOADGEN_TARGET_LATENCY --skip_stat_analysis --process_multi_keys --repetitions=1 --record --record_repo=local --record_uoa=mlperf_v2.1-open-vim4-tflite-v2.7.1-ruy-mobilenet-v2-0.5-192-non-quantized-singlestream-performance-target_latency.$CK_LOADGEN_TARGET_LATENCY-power.workload --tags=mlperf,round.v2.1,division.open,task.image-classification,platform.vim4,scenario.singlestream,mode.performance,workload.mobilenet-v2-0.5-192-non-quantized,preprocessed_using.opencv,inference_engine.tflite,inference_engine_version.v2.7.1,inference_engine_backend.ruy,target_latency.$CK_LOADGEN_TARGET_LATENCY,power.workload "@@@{\'meta\': {\'ck_benchmark_program\': \'ck benchmark program:image-classification-tflite-loadgen --env.CK_SILENT_MODE=YES --skip_print_timers --dep_add_tags.compiler=gcc,v11 --dep_add_tags.python=v3 --dep_add_tags.mlperf-inference-src=r2.1 --dep_add_tags.weights=mobilenet,v2-0.5-192,non-quantized --dep_add_tags.images=crop.875,preprocessed,using-opencv --dep_add_tags.library=tflite,v2.7.1,with.ruy --env.CK_LOADGEN_DATASET_SIZE=1024 --env.CK_LOADGEN_MODE=PerformanceOnly --env.CK_LOADGEN_SCENARIO=SingleStream --env.CK_LOADGEN_TARGET_LATENCY=$CK_LOADGEN_TARGET_LATENCY --skip_stat_analysis --process_multi_keys --repetitions=1 --record --record_repo=local --record_uoa=mlperf_v2.1-open-vim4-tflite-v2.7.1-ruy-mobilenet-v2-0.5-192-non-quantized-singlestream-performance-target_latency.$CK_LOADGEN_TARGET_LATENCY-power.workload --tags=mlperf,round.v2.1,division.open,task.image-classification,platform.vim4,scenario.singlestream,mode.performance,workload.mobilenet-v2-0.5-192-non-quantized,preprocessed_using.opencv,inference_engine.tflite,inference_engine_version.v2.7.1,inference_engine_backend.ruy,target_latency.$CK_LOADGEN_TARGET_LATENCY,power.workload\'}}" && cat `ck find program:image-classification-tflite-loadgen`/tmp/mlperf_log_summary.txt && mkdir -p "$CK_MLPERF_POWER_CLIENT_LOADGEN_LOGS" && cp "$CK_MLPERF_POWER_CLIENT_LOADGEN_LOGS"/../mlperf_log_* "$CK_MLPERF_POWER_CLIENT_LOADGEN_LOGS"/'
client 2022-07-22 11:11:54,481 [INFO] Sending command to the server: 'session,2022-07-22_11-01-05,stop,ranging'
client 2022-07-22 11:12:04,940 [INFO] Got response: 'OK'
client 2022-07-22 11:12:04,949 [INFO] Copying loadgen logs from '/home/khadas/CK/ck-mlperf/program/image-classification-tflite-loadgen/tmp/loadgen_logs' to '/home/khadas/CK/ck-mlperf/program/mlperf-power-client/tmp/2022-07-22_11-01-05/ranging'
client 2022-07-22 11:12:04,950 [INFO] Running workload in testing mode
client 2022-07-22 11:12:04,950 [INFO] Synchronizing with the server and with time.google.com...
client 2022-07-22 11:12:04,981 [INFO] NTP:offset = -0.000 s, delay = 0.027 s 
client 2022-07-22 11:12:04,981 [INFO] Sending command to the server: 'time'
client 2022-07-22 11:12:04,982 [INFO] Got response: '1658484724.9840448'
client 2022-07-22 11:12:04,983 [INFO] The time difference between the client and the server is within range -2.322 ms..-0.997 ms
client 2022-07-22 11:12:04,983 [INFO] Sending command to the server: 'session,2022-07-22_11-01-05,start,testing'
client 2022-07-22 11:12:18,400 [INFO] Got response: 'OK'
client 2022-07-22 11:12:18,400 [INFO] Running the workload 'ck benchmark program:image-classification-tflite-loadgen --env.CK_SILENT_MODE=YES --skip_print_timers --dep_add_tags.compiler=gcc,v11 --dep_add_tags.python=v3 --dep_add_tags.mlperf-inference-src=r2.1 --dep_add_tags.weights=mobilenet,v2-0.5-192,non-quantized --dep_add_tags.images=crop.875,preprocessed,using-opencv --dep_add_tags.library=tflite,v2.7.1,with.ruy --env.CK_LOADGEN_DATASET_SIZE=1024 --env.CK_LOADGEN_MODE=PerformanceOnly --env.CK_LOADGEN_SCENARIO=SingleStream --env.CK_LOADGEN_TARGET_LATENCY=$CK_LOADGEN_TARGET_LATENCY --skip_stat_analysis --process_multi_keys --repetitions=1 --record --record_repo=local --record_uoa=mlperf_v2.1-open-vim4-tflite-v2.7.1-ruy-mobilenet-v2-0.5-192-non-quantized-singlestream-performance-target_latency.$CK_LOADGEN_TARGET_LATENCY-power.workload --tags=mlperf,round.v2.1,division.open,task.image-classification,platform.vim4,scenario.singlestream,mode.performance,workload.mobilenet-v2-0.5-192-non-quantized,preprocessed_using.opencv,inference_engine.tflite,inference_engine_version.v2.7.1,inference_engine_backend.ruy,target_latency.$CK_LOADGEN_TARGET_LATENCY,power.workload "@@@{\'meta\': {\'ck_benchmark_program\': \'ck benchmark program:image-classification-tflite-loadgen --env.CK_SILENT_MODE=YES --skip_print_timers --dep_add_tags.compiler=gcc,v11 --dep_add_tags.python=v3 --dep_add_tags.mlperf-inference-src=r2.1 --dep_add_tags.weights=mobilenet,v2-0.5-192,non-quantized --dep_add_tags.images=crop.875,preprocessed,using-opencv --dep_add_tags.library=tflite,v2.7.1,with.ruy --env.CK_LOADGEN_DATASET_SIZE=1024 --env.CK_LOADGEN_MODE=PerformanceOnly --env.CK_LOADGEN_SCENARIO=SingleStream --env.CK_LOADGEN_TARGET_LATENCY=$CK_LOADGEN_TARGET_LATENCY --skip_stat_analysis --process_multi_keys --repetitions=1 --record --record_repo=local --record_uoa=mlperf_v2.1-open-vim4-tflite-v2.7.1-ruy-mobilenet-v2-0.5-192-non-quantized-singlestream-performance-target_latency.$CK_LOADGEN_TARGET_LATENCY-power.workload --tags=mlperf,round.v2.1,division.open,task.image-classification,platform.vim4,scenario.singlestream,mode.performance,workload.mobilenet-v2-0.5-192-non-quantized,preprocessed_using.opencv,inference_engine.tflite,inference_engine_version.v2.7.1,inference_engine_backend.ruy,target_latency.$CK_LOADGEN_TARGET_LATENCY,power.workload\'}}" && cat `ck find program:image-classification-tflite-loadgen`/tmp/mlperf_log_summary.txt && mkdir -p "$CK_MLPERF_POWER_CLIENT_LOADGEN_LOGS" && cp "$CK_MLPERF_POWER_CLIENT_LOADGEN_LOGS"/../mlperf_log_* "$CK_MLPERF_POWER_CLIENT_LOADGEN_LOGS"/'
client 2022-07-22 11:22:39,334 [INFO] Sending command to the server: 'session,2022-07-22_11-01-05,stop,testing'
client 2022-07-22 11:22:49,579 [INFO] Got response: 'OK'
client 2022-07-22 11:22:49,581 [INFO] Copying loadgen logs from '/home/khadas/CK/ck-mlperf/program/image-classification-tflite-loadgen/tmp/loadgen_logs' to '/home/khadas/CK/ck-mlperf/program/mlperf-power-client/tmp/2022-07-22_11-01-05/run_1'
client 2022-07-22 11:22:49,582 [INFO] Done runs
