ptd-server 2022-07-28 06:53:15,698 [INFO] Got command from the client 'time'
ptd-server 2022-07-28 06:53:15,699 [INFO] Sending reply to client '1658987595.6989844'
ptd-server 2022-07-28 06:53:15,702 [INFO] Got command from the client 'new,,372d5efd-31f9-4c67-aa21-3adf64a9fe31'
ptd-server 2022-07-28 06:53:15,703 [INFO] Sending reply to client 'OK 2022-07-28_06-53-15,56bf28be-6075-4b65-81fe-685fcbf4bf7a'
ptd-server 2022-07-28 06:53:15,801 [INFO] Got command from the client 'time'
ptd-server 2022-07-28 06:53:15,801 [INFO] Sending reply to client '1658987595.80141'
ptd-server 2022-07-28 06:53:15,809 [INFO] Got command from the client 'session,2022-07-28_06-53-15,start,ranging'
ptd-server 2022-07-28 06:53:15,809 [INFO] Running PTDaemon: ['/home/anton/projects/mlperf/power/inference_v1.0/ptd-linux-x86', '-l', '/tmp/tmp7lgbo8s4/ptd_logfile.txt', '-p', '8888', '49', '/dev/usbtmc0']
ptd-server 2022-07-28 06:53:32,983 [INFO] Sending to ptd: 'Hello'
ptd-server 2022-07-28 06:53:32,984 [INFO] Reply from ptd: 'Hello, PTDaemon here!'
ptd-server 2022-07-28 06:53:32,984 [INFO] Sending to ptd: 'Identify'
ptd-server 2022-07-28 06:53:32,984 [INFO] Reply from ptd: 'YokogawaWT310E,1000,1,1,1,1,0,1,1,version=1.9.2-e8c7a49a-20201208,OS=Linux 5.13.0-52-generic #59~20.04.1-Ubuntu SMP Thu Jun 16 21:21:28 UTC 2022 x86_64,mode=power,1,1,1,0,0,no_cal_date,YOKOGAWA;WT310E;C3XA04010E;F1.04'
ptd-server 2022-07-28 06:53:32,984 [INFO] Connected to PTDaemon
ptd-server 2022-07-28 06:53:32,985 [INFO] Sending to ptd: 'RR'
ptd-server 2022-07-28 06:53:32,985 [INFO] Reply from ptd: 'Ranges,0,0.500000,1,300.000000'
ptd-server 2022-07-28 06:53:32,985 [INFO] Initial range for Amps is 0.500000 for Volts is Auto
ptd-server 2022-07-28 06:53:32,985 [INFO] Sending to ptd: 'SR,V,Auto'
ptd-server 2022-07-28 06:53:33,488 [INFO] Reply from ptd: 'Range V changed'
ptd-server 2022-07-28 06:53:33,488 [INFO] Sending to ptd: 'SR,A,Auto'
ptd-server 2022-07-28 06:53:33,990 [INFO] Reply from ptd: 'Range A changed'
ptd-server 2022-07-28 06:53:44,001 [INFO] Starting ranging mode
ptd-server 2022-07-28 06:53:44,001 [INFO] Sending to ptd: 'Go,1000,0,2022-07-28_06-53-15_ranging'
ptd-server 2022-07-28 06:53:44,001 [INFO] Reply from ptd: 'Starting untimed measurement, maximum 500000 samples at 1000ms with 0 rampup samples'
ptd-server 2022-07-28 06:53:44,001 [INFO] Sending reply to client 'OK'
ptd-server 2022-07-28 07:03:59,473 [INFO] Got command from the client 'session,2022-07-28_06-53-15,stop,ranging'
ptd-server 2022-07-28 07:04:09,484 [INFO] Sending to ptd: 'Stop'
ptd-server 2022-07-28 07:04:09,484 [INFO] Reply from ptd: 'Stopping untimed measurement'
ptd-server 2022-07-28 07:04:10,538 [INFO] Sending reply to client 'OK'
ptd-server 2022-07-28 07:04:10,663 [INFO] Got command from the client 'time'
ptd-server 2022-07-28 07:04:10,664 [INFO] Sending reply to client '1658988250.6640964'
ptd-server 2022-07-28 07:04:10,668 [INFO] Got command from the client 'session,2022-07-28_06-53-15,start,testing'
ptd-server 2022-07-28 07:04:10,668 [INFO] Sending to ptd: 'SR,V,249.370000'
ptd-server 2022-07-28 07:04:12,170 [INFO] Reply from ptd: 'Range V changed'
ptd-server 2022-07-28 07:04:12,170 [INFO] Sending to ptd: 'SR,A,0.057270'
ptd-server 2022-07-28 07:04:13,671 [INFO] Reply from ptd: 'Range A changed'
ptd-server 2022-07-28 07:04:23,682 [INFO] Starting testing mode
ptd-server 2022-07-28 07:04:23,682 [INFO] Sending to ptd: 'Go,1000,0,2022-07-28_06-53-15_testing'
ptd-server 2022-07-28 07:04:23,682 [INFO] Reply from ptd: 'Starting untimed measurement, maximum 500000 samples at 1000ms with 0 rampup samples'
ptd-server 2022-07-28 07:04:23,682 [INFO] Sending reply to client 'OK'
ptd-server 2022-07-28 07:14:38,960 [INFO] Got command from the client 'session,2022-07-28_06-53-15,stop,testing'
ptd-server 2022-07-28 07:14:48,970 [INFO] Sending to ptd: 'Stop'
ptd-server 2022-07-28 07:14:48,971 [INFO] Reply from ptd: 'Stopping untimed measurement'
ptd-server 2022-07-28 07:14:49,501 [INFO] Sending reply to client 'OK'
ptd-server 2022-07-28 07:14:49,535 [INFO] Got command from the client 'session,2022-07-28_06-53-15,done'
ptd-server 2022-07-28 07:14:49,535 [INFO] Sending to ptd: 'Stop'
ptd-server 2022-07-28 07:14:49,683 [INFO] Reply from ptd: 'Error: no measurement to stop'
ptd-server 2022-07-28 07:14:49,683 [INFO] Sending to ptd: 'SR,V,Auto'
ptd-server 2022-07-28 07:14:50,186 [INFO] Reply from ptd: 'Range V changed'
ptd-server 2022-07-28 07:14:50,186 [INFO] Sending to ptd: 'SR,A,0.500000'
ptd-server 2022-07-28 07:14:51,687 [INFO] Reply from ptd: 'Range A changed'
ptd-server 2022-07-28 07:14:51,687 [INFO] Set initial values for Amps 0.500000 and Volts Auto
ptd-server 2022-07-28 07:14:51,687 [INFO] Stopping ptd...
