ptd-server 2022-07-19 06:22:30,923 [INFO] Got command from the client 'time'
ptd-server 2022-07-19 06:22:30,923 [INFO] Sending reply to client '1658208150.9233537'
ptd-server 2022-07-19 06:22:30,926 [INFO] Got command from the client 'new,,fcd4a909-a2f9-4a75-a1fb-70544d95f558'
ptd-server 2022-07-19 06:22:30,928 [INFO] Sending reply to client 'OK 2022-07-19_06-22-30,a9fb9cfe-3997-49b3-9ec1-f0456a07d10c'
ptd-server 2022-07-19 06:22:31,025 [INFO] Got command from the client 'time'
ptd-server 2022-07-19 06:22:31,026 [INFO] Sending reply to client '1658208151.0260937'
ptd-server 2022-07-19 06:22:31,033 [INFO] Got command from the client 'session,2022-07-19_06-22-30,start,ranging'
ptd-server 2022-07-19 06:22:31,034 [INFO] Running PTDaemon: ['/home/anton/projects/mlperf/power/inference_v1.0/ptd-linux-x86', '-l', '/tmp/tmp7lgbo8s4/ptd_logfile.txt', '-p', '8888', '49', '/dev/usbtmc0']
ptd-server 2022-07-19 06:22:48,207 [INFO] Sending to ptd: 'Hello'
ptd-server 2022-07-19 06:22:48,208 [INFO] Reply from ptd: 'Hello, PTDaemon here!'
ptd-server 2022-07-19 06:22:48,208 [INFO] Sending to ptd: 'Identify'
ptd-server 2022-07-19 06:22:48,209 [INFO] Reply from ptd: 'YokogawaWT310E,1000,1,1,1,1,0,1,1,version=1.9.2-e8c7a49a-20201208,OS=Linux 5.13.0-52-generic #59~20.04.1-Ubuntu SMP Thu Jun 16 21:21:28 UTC 2022 x86_64,mode=power,1,1,1,0,0,no_cal_date,YOKOGAWA;WT310E;C3XA04010E;F1.04'
ptd-server 2022-07-19 06:22:48,209 [INFO] Connected to PTDaemon
ptd-server 2022-07-19 06:22:48,209 [INFO] Sending to ptd: 'RR'
ptd-server 2022-07-19 06:22:48,209 [INFO] Reply from ptd: 'Ranges,0,0.500000,1,300.000000'
ptd-server 2022-07-19 06:22:48,209 [INFO] Initial range for Amps is 0.500000 for Volts is Auto
ptd-server 2022-07-19 06:22:48,209 [INFO] Sending to ptd: 'SR,V,Auto'
ptd-server 2022-07-19 06:22:48,712 [INFO] Reply from ptd: 'Range V changed'
ptd-server 2022-07-19 06:22:48,712 [INFO] Sending to ptd: 'SR,A,Auto'
ptd-server 2022-07-19 06:22:49,214 [INFO] Reply from ptd: 'Range A changed'
ptd-server 2022-07-19 06:22:59,225 [INFO] Starting ranging mode
ptd-server 2022-07-19 06:22:59,225 [INFO] Sending to ptd: 'Go,1000,0,2022-07-19_06-22-30_ranging'
ptd-server 2022-07-19 06:22:59,225 [INFO] Reply from ptd: 'Starting untimed measurement, maximum 500000 samples at 1000ms with 0 rampup samples'
ptd-server 2022-07-19 06:22:59,226 [INFO] Sending reply to client 'OK'
ptd-server 2022-07-19 06:33:16,684 [INFO] Got command from the client 'session,2022-07-19_06-22-30,stop,ranging'
ptd-server 2022-07-19 06:33:26,694 [INFO] Sending to ptd: 'Stop'
ptd-server 2022-07-19 06:33:26,695 [INFO] Reply from ptd: 'Stopping untimed measurement'
ptd-server 2022-07-19 06:33:26,751 [INFO] Sending reply to client 'OK'
ptd-server 2022-07-19 06:33:26,910 [INFO] Got command from the client 'time'
ptd-server 2022-07-19 06:33:26,910 [INFO] Sending reply to client '1658208806.910802'
ptd-server 2022-07-19 06:33:26,914 [INFO] Got command from the client 'session,2022-07-19_06-22-30,start,testing'
ptd-server 2022-07-19 06:33:26,914 [INFO] Sending to ptd: 'SR,V,250.540000'
ptd-server 2022-07-19 06:33:28,726 [INFO] Reply from ptd: 'Range V changed'
ptd-server 2022-07-19 06:33:28,726 [INFO] Sending to ptd: 'SR,A,0.076000'
ptd-server 2022-07-19 06:33:30,228 [INFO] Reply from ptd: 'Range A changed'
ptd-server 2022-07-19 06:33:40,238 [INFO] Starting testing mode
ptd-server 2022-07-19 06:33:40,238 [INFO] Sending to ptd: 'Go,1000,0,2022-07-19_06-22-30_testing'
ptd-server 2022-07-19 06:33:40,239 [INFO] Reply from ptd: 'Starting untimed measurement, maximum 500000 samples at 1000ms with 0 rampup samples'
ptd-server 2022-07-19 06:33:40,239 [INFO] Sending reply to client 'OK'
ptd-server 2022-07-19 06:43:57,368 [INFO] Got command from the client 'session,2022-07-19_06-22-30,stop,testing'
ptd-server 2022-07-19 06:44:07,379 [INFO] Sending to ptd: 'Stop'
ptd-server 2022-07-19 06:44:07,379 [INFO] Reply from ptd: 'Stopping untimed measurement'
ptd-server 2022-07-19 06:44:07,408 [INFO] Sending reply to client 'OK'
ptd-server 2022-07-19 06:44:07,452 [INFO] Got command from the client 'session,2022-07-19_06-22-30,done'
ptd-server 2022-07-19 06:44:07,452 [INFO] Sending to ptd: 'Stop'
ptd-server 2022-07-19 06:44:08,240 [INFO] Reply from ptd: 'Error: no measurement to stop'
ptd-server 2022-07-19 06:44:08,240 [INFO] Sending to ptd: 'SR,V,Auto'
ptd-server 2022-07-19 06:44:08,742 [INFO] Reply from ptd: 'Range V changed'
ptd-server 2022-07-19 06:44:08,742 [INFO] Sending to ptd: 'SR,A,0.500000'
ptd-server 2022-07-19 06:44:10,244 [INFO] Reply from ptd: 'Range A changed'
ptd-server 2022-07-19 06:44:10,244 [INFO] Set initial values for Amps 0.500000 and Volts Auto
ptd-server 2022-07-19 06:44:10,244 [INFO] Stopping ptd...
