ptd-server 2022-07-25 10:19:04,231 [INFO] Got command from the client 'time'
ptd-server 2022-07-25 10:19:04,231 [INFO] Sending reply to client '1658740744.231539'
ptd-server 2022-07-25 10:19:04,232 [INFO] Got command from the client 'new,,fedea8d1-53ec-43f7-88fe-bdb96d2fbcf3'
ptd-server 2022-07-25 10:19:04,233 [INFO] Sending reply to client 'OK 2022-07-25_10-19-04,7c0d7c87-a826-48bc-8c6c-c3e64251f6ec'
ptd-server 2022-07-25 10:19:04,264 [INFO] Got command from the client 'time'
ptd-server 2022-07-25 10:19:04,264 [INFO] Sending reply to client '1658740744.264437'
ptd-server 2022-07-25 10:19:04,265 [INFO] Got command from the client 'session,2022-07-25_10-19-04,start,ranging'
ptd-server 2022-07-25 10:19:04,265 [INFO] Running PTDaemon: ['/home/anton/projects/mlperf/power/inference_v1.0/ptd-linux-x86', '-l', '/tmp/tmp7lgbo8s4/ptd_logfile.txt', '-p', '8888', '49', '/dev/usbtmc0']
ptd-server 2022-07-25 10:19:21,440 [INFO] Sending to ptd: 'Hello'
ptd-server 2022-07-25 10:19:21,441 [INFO] Reply from ptd: 'Hello, PTDaemon here!'
ptd-server 2022-07-25 10:19:21,441 [INFO] Sending to ptd: 'Identify'
ptd-server 2022-07-25 10:19:21,442 [INFO] Reply from ptd: 'YokogawaWT310E,1000,1,1,1,1,0,1,1,version=1.9.2-e8c7a49a-20201208,OS=Linux 5.13.0-52-generic #59~20.04.1-Ubuntu SMP Thu Jun 16 21:21:28 UTC 2022 x86_64,mode=power,1,1,1,0,0,no_cal_date,YOKOGAWA;WT310E;C3XA04010E;F1.04'
ptd-server 2022-07-25 10:19:21,442 [INFO] Connected to PTDaemon
ptd-server 2022-07-25 10:19:21,442 [INFO] Sending to ptd: 'RR'
ptd-server 2022-07-25 10:19:21,442 [INFO] Reply from ptd: 'Ranges,0,0.500000,1,300.000000'
ptd-server 2022-07-25 10:19:21,442 [INFO] Initial range for Amps is 0.500000 for Volts is Auto
ptd-server 2022-07-25 10:19:21,443 [INFO] Sending to ptd: 'SR,V,Auto'
ptd-server 2022-07-25 10:19:21,945 [INFO] Reply from ptd: 'Range V changed'
ptd-server 2022-07-25 10:19:21,945 [INFO] Sending to ptd: 'SR,A,Auto'
ptd-server 2022-07-25 10:19:22,448 [INFO] Reply from ptd: 'Range A changed'
ptd-server 2022-07-25 10:19:32,458 [INFO] Starting ranging mode
ptd-server 2022-07-25 10:19:32,458 [INFO] Sending to ptd: 'Go,1000,0,2022-07-25_10-19-04_ranging'
ptd-server 2022-07-25 10:19:32,459 [INFO] Reply from ptd: 'Starting untimed measurement, maximum 500000 samples at 1000ms with 0 rampup samples'
ptd-server 2022-07-25 10:19:32,459 [INFO] Sending reply to client 'OK'
ptd-server 2022-07-25 10:29:48,997 [INFO] Got command from the client 'session,2022-07-25_10-19-04,stop,ranging'
ptd-server 2022-07-25 10:29:59,008 [INFO] Sending to ptd: 'Stop'
ptd-server 2022-07-25 10:29:59,008 [INFO] Reply from ptd: 'Stopping untimed measurement'
ptd-server 2022-07-25 10:29:59,826 [INFO] Sending reply to client 'OK'
ptd-server 2022-07-25 10:29:59,886 [INFO] Got command from the client 'time'
ptd-server 2022-07-25 10:29:59,886 [INFO] Sending reply to client '1658741399.886539'
ptd-server 2022-07-25 10:29:59,887 [INFO] Got command from the client 'session,2022-07-25_10-19-04,start,testing'
ptd-server 2022-07-25 10:29:59,887 [INFO] Sending to ptd: 'SR,V,249.860000'
ptd-server 2022-07-25 10:30:01,388 [INFO] Reply from ptd: 'Range V changed'
ptd-server 2022-07-25 10:30:01,389 [INFO] Sending to ptd: 'SR,A,0.047530'
ptd-server 2022-07-25 10:30:02,890 [INFO] Reply from ptd: 'Range A changed'
ptd-server 2022-07-25 10:30:12,900 [INFO] Starting testing mode
ptd-server 2022-07-25 10:30:12,900 [INFO] Sending to ptd: 'Go,1000,0,2022-07-25_10-19-04_testing'
ptd-server 2022-07-25 10:30:12,901 [INFO] Reply from ptd: 'Starting untimed measurement, maximum 500000 samples at 1000ms with 0 rampup samples'
ptd-server 2022-07-25 10:30:12,901 [INFO] Sending reply to client 'OK'
ptd-server 2022-07-25 10:40:29,359 [INFO] Got command from the client 'session,2022-07-25_10-19-04,stop,testing'
ptd-server 2022-07-25 10:40:39,370 [INFO] Sending to ptd: 'Stop'
ptd-server 2022-07-25 10:40:39,370 [INFO] Reply from ptd: 'Stopping untimed measurement'
ptd-server 2022-07-25 10:40:39,782 [INFO] Sending reply to client 'OK'
ptd-server 2022-07-25 10:40:39,790 [INFO] Got command from the client 'session,2022-07-25_10-19-04,done'
ptd-server 2022-07-25 10:40:39,790 [INFO] Sending to ptd: 'Stop'
ptd-server 2022-07-25 10:40:39,902 [INFO] Reply from ptd: 'Error: no measurement to stop'
ptd-server 2022-07-25 10:40:39,902 [INFO] Sending to ptd: 'SR,V,Auto'
ptd-server 2022-07-25 10:40:40,404 [INFO] Reply from ptd: 'Range V changed'
ptd-server 2022-07-25 10:40:40,405 [INFO] Sending to ptd: 'SR,A,0.500000'
ptd-server 2022-07-25 10:40:41,906 [INFO] Reply from ptd: 'Range A changed'
ptd-server 2022-07-25 10:40:41,906 [INFO] Set initial values for Amps 0.500000 and Volts Auto
ptd-server 2022-07-25 10:40:41,906 [INFO] Stopping ptd...
