ptd-server 2022-07-27 07:57:15,041 [INFO] Got command from the client 'time'
ptd-server 2022-07-27 07:57:15,042 [INFO] Sending reply to client '1658926635.0421586'
ptd-server 2022-07-27 07:57:15,043 [INFO] Got command from the client 'new,,4404f4f1-cd4e-4875-81f0-7c4c4fda84c3'
ptd-server 2022-07-27 07:57:15,043 [INFO] Sending reply to client 'OK 2022-07-27_07-57-15,a9942e89-cb26-4f3a-8ad9-c008e7df693c'
ptd-server 2022-07-27 07:57:15,147 [INFO] Got command from the client 'time'
ptd-server 2022-07-27 07:57:15,148 [INFO] Sending reply to client '1658926635.1480463'
ptd-server 2022-07-27 07:57:15,148 [INFO] Got command from the client 'session,2022-07-27_07-57-15,start,ranging'
ptd-server 2022-07-27 07:57:15,149 [INFO] Running PTDaemon: ['/local/mnt/workspace/mlcommons/power-main/inference_v1.0/ptd-linux-x86', '-l', '/tmp/tmptvofqfhs/ptd_logfile.txt', '-p', '8888', '-c', '2', '52', '/dev/usbtmc0']
ptd-server 2022-07-27 07:57:32,272 [INFO] Sending to ptd: 'Hello'
ptd-server 2022-07-27 07:57:32,273 [INFO] Reply from ptd: 'Hello, PTDaemon here!'
ptd-server 2022-07-27 07:57:32,274 [INFO] Sending to ptd: 'Identify'
ptd-server 2022-07-27 07:57:32,274 [INFO] Reply from ptd: 'YokogawaWT330,1000,1,1,1,1,0,0,1,version=1.9.2-e8c7a49a-20201208,OS=Linux 5.4.0-96-generic #109~18.04.1-Ubuntu SMP Thu Jan 13 15:06:26 UTC 2022 x86_64,mode=power,1,1,1,0,0,no_cal_date,YOKOGAWA;WT333;C2SF14011V;F1.01EM'
ptd-server 2022-07-27 07:57:32,275 [INFO] Connected to PTDaemon
ptd-server 2022-07-27 07:57:32,275 [INFO] Sending to ptd: 'RR'
ptd-server 2022-07-27 07:57:32,275 [INFO] Reply from ptd: 'Ranges,0,5.000000,0,150.000000'
ptd-server 2022-07-27 07:57:32,276 [INFO] Initial range for Amps is 5.000000 for Volts is 150.000000
ptd-server 2022-07-27 07:57:32,276 [INFO] Sending to ptd: 'SR,V,Auto'
ptd-server 2022-07-27 07:57:32,779 [INFO] Reply from ptd: 'Range V changed'
ptd-server 2022-07-27 07:57:32,779 [INFO] Sending to ptd: 'SR,A,20'
ptd-server 2022-07-27 07:57:34,281 [INFO] Reply from ptd: 'Range A changed'
ptd-server 2022-07-27 07:57:44,292 [INFO] Starting ranging mode
ptd-server 2022-07-27 07:57:44,292 [INFO] Sending to ptd: 'Go,1000,0,2022-07-27_07-57-15_ranging'
ptd-server 2022-07-27 07:57:44,293 [INFO] Reply from ptd: 'Starting untimed measurement, maximum 500000 samples at 1000ms with 0 rampup samples'
ptd-server 2022-07-27 07:57:44,293 [INFO] Sending reply to client 'OK'
ptd-server 2022-07-27 08:11:11,748 [INFO] Got command from the client 'session,2022-07-27_07-57-15,stop,ranging'
ptd-server 2022-07-27 08:11:21,758 [INFO] Sending to ptd: 'Stop'
ptd-server 2022-07-27 08:11:21,759 [INFO] Reply from ptd: 'Stopping untimed measurement'
ptd-server 2022-07-27 08:11:21,833 [INFO] Sending reply to client 'OK'
ptd-server 2022-07-27 08:11:21,921 [INFO] Got command from the client 'time'
ptd-server 2022-07-27 08:11:21,921 [INFO] Sending reply to client '1658927481.9219077'
ptd-server 2022-07-27 08:11:21,922 [INFO] Got command from the client 'session,2022-07-27_07-57-15,start,testing'
ptd-server 2022-07-27 08:11:21,923 [INFO] Sending to ptd: 'SR,V,121.140000'
ptd-server 2022-07-27 08:11:23,795 [INFO] Reply from ptd: 'Range V changed'
ptd-server 2022-07-27 08:11:23,795 [INFO] Sending to ptd: 'SR,A,4.394000'
ptd-server 2022-07-27 08:11:25,298 [INFO] Reply from ptd: 'Range A changed'
ptd-server 2022-07-27 08:11:35,308 [INFO] Starting testing mode
ptd-server 2022-07-27 08:11:35,308 [INFO] Sending to ptd: 'Go,1000,0,2022-07-27_07-57-15_testing'
ptd-server 2022-07-27 08:11:35,309 [INFO] Reply from ptd: 'Starting untimed measurement, maximum 500000 samples at 1000ms with 0 rampup samples'
ptd-server 2022-07-27 08:11:35,309 [INFO] Sending reply to client 'OK'
ptd-server 2022-07-27 08:25:00,253 [INFO] Got command from the client 'session,2022-07-27_07-57-15,stop,testing'
ptd-server 2022-07-27 08:25:10,264 [INFO] Sending to ptd: 'Stop'
ptd-server 2022-07-27 08:25:10,264 [INFO] Reply from ptd: 'Stopping untimed measurement'
ptd-server 2022-07-27 08:25:10,307 [INFO] Sending reply to client 'OK'
ptd-server 2022-07-27 08:25:10,313 [INFO] Got command from the client 'session,2022-07-27_07-57-15,done'
ptd-server 2022-07-27 08:25:10,313 [INFO] Sending to ptd: 'Stop'
ptd-server 2022-07-27 08:25:10,313 [INFO] Reply from ptd: 'Error: no measurement to stop'
ptd-server 2022-07-27 08:25:10,313 [INFO] Sending to ptd: 'SR,V,150.000000'
ptd-server 2022-07-27 08:25:11,815 [INFO] Reply from ptd: 'Range V changed'
ptd-server 2022-07-27 08:25:11,815 [INFO] Sending to ptd: 'SR,A,5.000000'
ptd-server 2022-07-27 08:25:13,317 [INFO] Reply from ptd: 'Range A changed'
ptd-server 2022-07-27 08:25:13,318 [INFO] Set initial values for Amps 5.000000 and Volts 150.000000
ptd-server 2022-07-27 08:25:13,318 [INFO] Stopping ptd...
