ptd-server 2022-08-05 03:01:10,707 [INFO] Got command from the client 'time'
ptd-server 2022-08-05 03:01:10,707 [INFO] Sending reply to client '1659686470.70744'
ptd-server 2022-08-05 03:01:10,710 [INFO] Got command from the client 'new,,bc6becb0-8d7b-4563-9e40-91a81824da32'
ptd-server 2022-08-05 03:01:10,710 [INFO] Sending reply to client 'OK 2022-08-05_03-01-10,71059502-fcce-4736-b409-1c9b94d5a2a6'
ptd-server 2022-08-05 03:01:10,821 [INFO] Got command from the client 'time'
ptd-server 2022-08-05 03:01:10,821 [INFO] Sending reply to client '1659686470.8213005'
ptd-server 2022-08-05 03:01:10,824 [INFO] Got command from the client 'session,2022-08-05_03-01-10,start,ranging'
ptd-server 2022-08-05 03:01:10,824 [INFO] Running PTDaemon: ['/local/mnt/workspace/mlcommons/power-main/inference_v1.0/ptd-linux-x86', '-l', '/tmp/tmpsbncd2hd/ptd_logfile.txt', '-p', '8889', '-c', '2', '52', '/dev/usbtmc0']
ptd-server 2022-08-05 03:01:27,944 [INFO] Sending to ptd: 'Hello'
ptd-server 2022-08-05 03:01:27,945 [INFO] Reply from ptd: 'Hello, PTDaemon here!'
ptd-server 2022-08-05 03:01:27,945 [INFO] Sending to ptd: 'Identify'
ptd-server 2022-08-05 03:01:27,946 [INFO] Reply from ptd: 'YokogawaWT330,1000,1,1,1,1,0,0,1,version=1.9.2-e8c7a49a-20201208,OS=Linux 5.4.0-120-generic #136~18.04.1-Ubuntu SMP Fri Jun 10 18:00:44 UTC 2022 x86_64,mode=power,1,1,1,0,0,no_cal_date,YOKOGAWA;WT333;C2QH26002V;F1.06'
ptd-server 2022-08-05 03:01:27,946 [INFO] Connected to PTDaemon
ptd-server 2022-08-05 03:01:27,947 [INFO] Sending to ptd: 'RR'
ptd-server 2022-08-05 03:01:27,947 [INFO] Reply from ptd: 'Ranges,1,0.500000,1,150.000000'
ptd-server 2022-08-05 03:01:27,947 [INFO] Initial range for Amps is Auto for Volts is Auto
ptd-server 2022-08-05 03:01:27,947 [INFO] Sending to ptd: 'SR,V,Auto'
ptd-server 2022-08-05 03:01:28,451 [INFO] Reply from ptd: 'Range V changed'
ptd-server 2022-08-05 03:01:28,451 [INFO] Sending to ptd: 'SR,A,Auto'
ptd-server 2022-08-05 03:01:28,954 [INFO] Reply from ptd: 'Range A changed'
ptd-server 2022-08-05 03:01:38,964 [INFO] Starting ranging mode
ptd-server 2022-08-05 03:01:38,965 [INFO] Sending to ptd: 'Go,1000,0,2022-08-05_03-01-10_ranging'
ptd-server 2022-08-05 03:01:38,965 [INFO] Reply from ptd: 'Starting untimed measurement, maximum 500000 samples at 1000ms with 0 rampup samples'
ptd-server 2022-08-05 03:01:38,966 [INFO] Sending reply to client 'OK'
ptd-server 2022-08-05 03:11:57,002 [INFO] Got command from the client 'session,2022-08-05_03-01-10,stop,ranging'
ptd-server 2022-08-05 03:12:07,013 [INFO] Sending to ptd: 'Stop'
ptd-server 2022-08-05 03:12:07,013 [INFO] Reply from ptd: 'Stopping untimed measurement'
ptd-server 2022-08-05 03:12:07,037 [INFO] Sending reply to client 'OK'
ptd-server 2022-08-05 03:12:07,158 [INFO] Got command from the client 'time'
ptd-server 2022-08-05 03:12:07,159 [INFO] Sending reply to client '1659687127.1592262'
ptd-server 2022-08-05 03:12:07,162 [INFO] Got command from the client 'session,2022-08-05_03-01-10,start,testing'
ptd-server 2022-08-05 03:12:07,162 [INFO] Sending to ptd: 'SR,V,121.990000'
ptd-server 2022-08-05 03:12:09,468 [INFO] Reply from ptd: 'Range V changed'
ptd-server 2022-08-05 03:12:09,468 [INFO] Sending to ptd: 'SR,A,0.128490'
ptd-server 2022-08-05 03:12:10,970 [INFO] Reply from ptd: 'Range A changed'
ptd-server 2022-08-05 03:12:20,981 [INFO] Starting testing mode
ptd-server 2022-08-05 03:12:20,981 [INFO] Sending to ptd: 'Go,1000,0,2022-08-05_03-01-10_testing'
ptd-server 2022-08-05 03:12:20,982 [INFO] Reply from ptd: 'Starting untimed measurement, maximum 500000 samples at 1000ms with 0 rampup samples'
ptd-server 2022-08-05 03:12:20,982 [INFO] Sending reply to client 'OK'
ptd-server 2022-08-05 03:22:40,072 [INFO] Got command from the client 'session,2022-08-05_03-01-10,stop,testing'
ptd-server 2022-08-05 03:22:50,083 [INFO] Sending to ptd: 'Stop'
ptd-server 2022-08-05 03:22:50,084 [INFO] Reply from ptd: 'Stopping untimed measurement'
ptd-server 2022-08-05 03:22:50,096 [INFO] Sending reply to client 'OK'
ptd-server 2022-08-05 03:22:50,120 [INFO] Got command from the client 'session,2022-08-05_03-01-10,done'
ptd-server 2022-08-05 03:22:50,120 [INFO] Sending to ptd: 'Stop'
ptd-server 2022-08-05 03:22:50,983 [INFO] Reply from ptd: 'Error: no measurement to stop'
ptd-server 2022-08-05 03:22:50,983 [INFO] Sending to ptd: 'SR,V,Auto'
ptd-server 2022-08-05 03:22:51,486 [INFO] Reply from ptd: 'Range V changed'
ptd-server 2022-08-05 03:22:51,486 [INFO] Sending to ptd: 'SR,A,Auto'
ptd-server 2022-08-05 03:22:51,989 [INFO] Reply from ptd: 'Range A changed'
ptd-server 2022-08-05 03:22:51,990 [INFO] Set initial values for Amps Auto and Volts Auto
ptd-server 2022-08-05 03:22:51,990 [INFO] Stopping ptd...
