ptd-server 2022-07-21 08:41:23,901 [INFO] Got command from the client 'time'
ptd-server 2022-07-21 08:41:23,901 [INFO] Sending reply to client '1658389283.9019022'
ptd-server 2022-07-21 08:41:23,902 [INFO] Got command from the client 'new,,a491aa85-f8dc-4e84-ab68-dbcd00cb686d'
ptd-server 2022-07-21 08:41:23,903 [INFO] Sending reply to client 'OK 2022-07-21_08-41-23,e6c588ec-d5ab-44cc-a8b7-e126c3c6ab1f'
ptd-server 2022-07-21 08:41:23,931 [INFO] Got command from the client 'time'
ptd-server 2022-07-21 08:41:23,931 [INFO] Sending reply to client '1658389283.9318435'
ptd-server 2022-07-21 08:41:23,932 [INFO] Got command from the client 'session,2022-07-21_08-41-23,start,ranging'
ptd-server 2022-07-21 08:41:23,933 [INFO] Running PTDaemon: ['/home/anton/projects/mlperf/power/inference_v1.0/ptd-linux-x86', '-l', '/tmp/tmp7lgbo8s4/ptd_logfile.txt', '-p', '8888', '49', '/dev/usbtmc0']
ptd-server 2022-07-21 08:41:41,107 [INFO] Sending to ptd: 'Hello'
ptd-server 2022-07-21 08:41:41,108 [INFO] Reply from ptd: 'Hello, PTDaemon here!'
ptd-server 2022-07-21 08:41:41,108 [INFO] Sending to ptd: 'Identify'
ptd-server 2022-07-21 08:41:41,108 [INFO] Reply from ptd: 'YokogawaWT310E,1000,1,1,1,1,0,1,1,version=1.9.2-e8c7a49a-20201208,OS=Linux 5.13.0-52-generic #59~20.04.1-Ubuntu SMP Thu Jun 16 21:21:28 UTC 2022 x86_64,mode=power,1,1,1,0,0,no_cal_date,YOKOGAWA;WT310E;C3XA04010E;F1.04'
ptd-server 2022-07-21 08:41:41,108 [INFO] Connected to PTDaemon
ptd-server 2022-07-21 08:41:41,108 [INFO] Sending to ptd: 'RR'
ptd-server 2022-07-21 08:41:41,109 [INFO] Reply from ptd: 'Ranges,0,0.500000,1,300.000000'
ptd-server 2022-07-21 08:41:41,109 [INFO] Initial range for Amps is 0.500000 for Volts is Auto
ptd-server 2022-07-21 08:41:41,109 [INFO] Sending to ptd: 'SR,V,Auto'
ptd-server 2022-07-21 08:41:41,611 [INFO] Reply from ptd: 'Range V changed'
ptd-server 2022-07-21 08:41:41,612 [INFO] Sending to ptd: 'SR,A,Auto'
ptd-server 2022-07-21 08:41:42,114 [INFO] Reply from ptd: 'Range A changed'
ptd-server 2022-07-21 08:41:52,115 [INFO] Starting ranging mode
ptd-server 2022-07-21 08:41:52,115 [INFO] Sending to ptd: 'Go,1000,0,2022-07-21_08-41-23_ranging'
ptd-server 2022-07-21 08:41:52,116 [INFO] Reply from ptd: 'Starting untimed measurement, maximum 500000 samples at 1000ms with 0 rampup samples'
ptd-server 2022-07-21 08:41:52,116 [INFO] Sending reply to client 'OK'
ptd-server 2022-07-21 08:52:13,343 [INFO] Got command from the client 'session,2022-07-21_08-41-23,stop,ranging'
ptd-server 2022-07-21 08:52:23,353 [INFO] Sending to ptd: 'Stop'
ptd-server 2022-07-21 08:52:23,354 [INFO] Reply from ptd: 'Stopping untimed measurement'
ptd-server 2022-07-21 08:52:23,669 [INFO] Sending reply to client 'OK'
ptd-server 2022-07-21 08:52:23,728 [INFO] Got command from the client 'time'
ptd-server 2022-07-21 08:52:23,728 [INFO] Sending reply to client '1658389943.7281423'
ptd-server 2022-07-21 08:52:23,729 [INFO] Got command from the client 'session,2022-07-21_08-41-23,start,testing'
ptd-server 2022-07-21 08:52:23,729 [INFO] Sending to ptd: 'SR,V,250.500000'
ptd-server 2022-07-21 08:52:25,617 [INFO] Reply from ptd: 'Range V changed'
ptd-server 2022-07-21 08:52:25,617 [INFO] Sending to ptd: 'SR,A,0.072640'
ptd-server 2022-07-21 08:52:27,119 [INFO] Reply from ptd: 'Range A changed'
ptd-server 2022-07-21 08:52:37,129 [INFO] Starting testing mode
ptd-server 2022-07-21 08:52:37,129 [INFO] Sending to ptd: 'Go,1000,0,2022-07-21_08-41-23_testing'
ptd-server 2022-07-21 08:52:37,130 [INFO] Reply from ptd: 'Starting untimed measurement, maximum 500000 samples at 1000ms with 0 rampup samples'
ptd-server 2022-07-21 08:52:37,130 [INFO] Sending reply to client 'OK'
ptd-server 2022-07-21 09:02:58,316 [INFO] Got command from the client 'session,2022-07-21_08-41-23,stop,testing'
ptd-server 2022-07-21 09:03:08,326 [INFO] Sending to ptd: 'Stop'
ptd-server 2022-07-21 09:03:08,327 [INFO] Reply from ptd: 'Stopping untimed measurement'
ptd-server 2022-07-21 09:03:08,493 [INFO] Sending reply to client 'OK'
ptd-server 2022-07-21 09:03:08,502 [INFO] Got command from the client 'session,2022-07-21_08-41-23,done'
ptd-server 2022-07-21 09:03:08,502 [INFO] Sending to ptd: 'Stop'
ptd-server 2022-07-21 09:03:09,130 [INFO] Reply from ptd: 'Error: no measurement to stop'
ptd-server 2022-07-21 09:03:09,130 [INFO] Sending to ptd: 'SR,V,Auto'
ptd-server 2022-07-21 09:03:09,633 [INFO] Reply from ptd: 'Range V changed'
ptd-server 2022-07-21 09:03:09,633 [INFO] Sending to ptd: 'SR,A,0.500000'
ptd-server 2022-07-21 09:03:11,134 [INFO] Reply from ptd: 'Range A changed'
ptd-server 2022-07-21 09:03:11,135 [INFO] Set initial values for Amps 0.500000 and Volts Auto
ptd-server 2022-07-21 09:03:11,135 [INFO] Stopping ptd...
