ptd-server 2022-07-31 08:41:58,924 [INFO] Got command from the client 'time'
ptd-server 2022-07-31 08:41:58,924 [INFO] Sending reply to client '1659253318.9245157'
ptd-server 2022-07-31 08:41:58,925 [INFO] Got command from the client 'new,,d967c1d7-0d41-4d8a-aa23-3d0a578b0a4d'
ptd-server 2022-07-31 08:41:58,925 [INFO] Sending reply to client 'OK 2022-07-31_08-41-58,9b241b83-448d-4018-ba97-6392b6913d10'
ptd-server 2022-07-31 08:41:58,957 [INFO] Got command from the client 'time'
ptd-server 2022-07-31 08:41:58,958 [INFO] Sending reply to client '1659253318.9580448'
ptd-server 2022-07-31 08:41:58,958 [INFO] Got command from the client 'session,2022-07-31_08-41-58,start,ranging'
ptd-server 2022-07-31 08:41:58,959 [INFO] Running PTDaemon: ['/home/anton/projects/mlperf/power/inference_v1.0/ptd-linux-x86', '-l', '/tmp/tmp7lgbo8s4/ptd_logfile.txt', '-p', '8888', '49', '/dev/usbtmc0']
ptd-server 2022-07-31 08:42:16,132 [INFO] Sending to ptd: 'Hello'
ptd-server 2022-07-31 08:42:16,133 [INFO] Reply from ptd: 'Hello, PTDaemon here!'
ptd-server 2022-07-31 08:42:16,133 [INFO] Sending to ptd: 'Identify'
ptd-server 2022-07-31 08:42:16,133 [INFO] Reply from ptd: 'YokogawaWT310E,1000,1,1,1,1,0,1,1,version=1.9.2-e8c7a49a-20201208,OS=Linux 5.13.0-52-generic #59~20.04.1-Ubuntu SMP Thu Jun 16 21:21:28 UTC 2022 x86_64,mode=power,1,1,1,0,0,no_cal_date,YOKOGAWA;WT310E;C3XA04010E;F1.04'
ptd-server 2022-07-31 08:42:16,133 [INFO] Connected to PTDaemon
ptd-server 2022-07-31 08:42:16,134 [INFO] Sending to ptd: 'RR'
ptd-server 2022-07-31 08:42:16,134 [INFO] Reply from ptd: 'Ranges,0,0.500000,1,300.000000'
ptd-server 2022-07-31 08:42:16,134 [INFO] Initial range for Amps is 0.500000 for Volts is Auto
ptd-server 2022-07-31 08:42:16,134 [INFO] Sending to ptd: 'SR,V,Auto'
ptd-server 2022-07-31 08:42:16,637 [INFO] Reply from ptd: 'Range V changed'
ptd-server 2022-07-31 08:42:16,637 [INFO] Sending to ptd: 'SR,A,Auto'
ptd-server 2022-07-31 08:42:17,139 [INFO] Reply from ptd: 'Range A changed'
ptd-server 2022-07-31 08:42:27,150 [INFO] Starting ranging mode
ptd-server 2022-07-31 08:42:27,150 [INFO] Sending to ptd: 'Go,1000,0,2022-07-31_08-41-58_ranging'
ptd-server 2022-07-31 08:42:27,150 [INFO] Reply from ptd: 'Starting untimed measurement, maximum 500000 samples at 1000ms with 0 rampup samples'
ptd-server 2022-07-31 08:42:27,150 [INFO] Sending reply to client 'OK'
ptd-server 2022-07-31 08:52:40,694 [INFO] Got command from the client 'session,2022-07-31_08-41-58,stop,ranging'
ptd-server 2022-07-31 08:52:50,704 [INFO] Sending to ptd: 'Stop'
ptd-server 2022-07-31 08:52:50,705 [INFO] Reply from ptd: 'Stopping untimed measurement'
ptd-server 2022-07-31 08:52:51,995 [INFO] Sending reply to client 'OK'
ptd-server 2022-07-31 08:52:52,049 [INFO] Got command from the client 'time'
ptd-server 2022-07-31 08:52:52,049 [INFO] Sending reply to client '1659253972.0492363'
ptd-server 2022-07-31 08:52:52,050 [INFO] Got command from the client 'session,2022-07-31_08-41-58,start,testing'
ptd-server 2022-07-31 08:52:52,050 [INFO] Sending to ptd: 'SR,V,248.980000'
ptd-server 2022-07-31 08:52:53,552 [INFO] Reply from ptd: 'Range V changed'
ptd-server 2022-07-31 08:52:53,552 [INFO] Sending to ptd: 'SR,A,0.207320'
ptd-server 2022-07-31 08:52:55,053 [INFO] Reply from ptd: 'Range A changed'
ptd-server 2022-07-31 08:53:05,063 [INFO] Starting testing mode
ptd-server 2022-07-31 08:53:05,064 [INFO] Sending to ptd: 'Go,1000,0,2022-07-31_08-41-58_testing'
ptd-server 2022-07-31 08:53:05,064 [INFO] Reply from ptd: 'Starting untimed measurement, maximum 500000 samples at 1000ms with 0 rampup samples'
ptd-server 2022-07-31 08:53:05,064 [INFO] Sending reply to client 'OK'
ptd-server 2022-07-31 09:03:17,027 [INFO] Got command from the client 'session,2022-07-31_08-41-58,stop,testing'
ptd-server 2022-07-31 09:03:27,038 [INFO] Sending to ptd: 'Stop'
ptd-server 2022-07-31 09:03:27,038 [INFO] Reply from ptd: 'Stopping untimed measurement'
ptd-server 2022-07-31 09:03:27,685 [INFO] Sending reply to client 'OK'
ptd-server 2022-07-31 09:03:27,696 [INFO] Got command from the client 'session,2022-07-31_08-41-58,done'
ptd-server 2022-07-31 09:03:27,696 [INFO] Sending to ptd: 'Stop'
ptd-server 2022-07-31 09:03:27,696 [INFO] Reply from ptd: 'Error: no measurement to stop'
ptd-server 2022-07-31 09:03:27,696 [INFO] Sending to ptd: 'SR,V,Auto'
ptd-server 2022-07-31 09:03:28,199 [INFO] Reply from ptd: 'Range V changed'
ptd-server 2022-07-31 09:03:28,199 [INFO] Sending to ptd: 'SR,A,0.500000'
ptd-server 2022-07-31 09:03:29,701 [INFO] Reply from ptd: 'Range A changed'
ptd-server 2022-07-31 09:03:29,701 [INFO] Set initial values for Amps 0.500000 and Volts Auto
ptd-server 2022-07-31 09:03:29,701 [INFO] Stopping ptd...
