client 2022-08-02 07:28:02,350 [INFO] Sending command to the server: 'mlcommons/power client v3'
client 2022-08-02 07:28:02,352 [INFO] Got response: 'mlcommons/power server v3'
client 2022-08-02 07:28:02,352 [INFO] Sending command to the server: 'stop'
client 2022-08-02 07:28:02,354 [INFO] Got response: 'OK'
client 2022-08-02 07:28:02,354 [INFO] Synchronizing with the server and with 172.16.1.30...
client 2022-08-02 07:28:02,361 [INFO] NTP:offset = 0.001 s, delay = 0.001 s 
client 2022-08-02 07:28:02,361 [INFO] Sending command to the server: 'time'
client 2022-08-02 07:28:02,363 [INFO] Got response: '1659425282.3819532'
client 2022-08-02 07:28:02,363 [INFO] The time difference between the client and the server is within range -20.101 ms..-18.288 ms
client 2022-08-02 07:28:02,363 [INFO] Sending command to the server: 'new,,157fb2fc-887a-490d-80a5-f356854a3ac3'
client 2022-08-02 07:28:02,366 [INFO] Got response: 'OK 2022-08-02_00-28-02,da7b72b3-7c0d-4572-badf-476030aa8d7e'
client 2022-08-02 07:28:02,367 [INFO] Session id is '2022-08-02_00-28-02'
client 2022-08-02 07:28:02,367 [INFO] Sources: {"sources": {"__init__.py": "da39a3ee5e6b4b0d3255bfef95601890afd80709", "client.py": "33ca4f26368777ac06e01f9567b714a4b8063886", "lib/__init__.py": "da39a3ee5e6b4b0d3255bfef95601890afd80709", "lib/client.py": "4c2b78fb4849a7e5b584ef792d82aaed20b17f57", "lib/common.py": "624d0c0acc7c39aaff3674f0b99d6a09da53d1dc", "lib/external/__init__.py": "da39a3ee5e6b4b0d3255bfef95601890afd80709", "lib/external/ntplib.py": "4da8f970656505a40483206ef2b5d3dd5e81711d", "lib/server.py": "59c9fb92908260d3e9f81a895c7aa009742275e4", "lib/source_hashes.py": "60a2e02193209e8d392803326208d5466342da18", "lib/summary.py": "aa92f0a3f975eecd44d3c0cd0236342ccc9f941d", "lib/time_sync.py": "3210db56eb0ff0df57bf4293dc4d4b03fffd46f1", "server.py": "c3f90f2f7eeb4db30727556d0c815ebc89b3d28b", "tests/unit/__init__.py": "da39a3ee5e6b4b0d3255bfef95601890afd80709", "tests/unit/test_server.py": "99ae15aef722f2000ee6ed1ae1523637bf1ae42b", "tests/unit/test_source_hashes.py": "00468a2907583c593e6574a1f6b404e4651c221a"}, "modules": {"ptd_client_server.lib.client": "lib/client.py", "ptd_client_server.lib.common": "lib/common.py", "ptd_client_server.lib.external.ntplib": "lib/external/ntplib.py", "ptd_client_server.lib.source_hashes": "lib/source_hashes.py", "ptd_client_server.lib.summary": "lib/summary.py", "ptd_client_server.lib.time_sync": "lib/time_sync.py"}}
client 2022-08-02 07:28:02,367 [INFO] Running workload in ranging mode
client 2022-08-02 07:28:02,367 [INFO] Synchronizing with the server and with 172.16.1.30...
client 2022-08-02 07:28:02,369 [INFO] NTP:offset = 0.001 s, delay = 0.000 s 
client 2022-08-02 07:28:02,369 [INFO] Sending command to the server: 'time'
client 2022-08-02 07:28:02,371 [INFO] Got response: '1659425282.3899179'
client 2022-08-02 07:28:02,371 [INFO] The time difference between the client and the server is within range -20.488 ms..-18.746 ms
client 2022-08-02 07:28:02,371 [INFO] Sending command to the server: 'session,2022-08-02_00-28-02,start,ranging'
client 2022-08-02 07:28:31,049 [INFO] Got response: 'OK'
client 2022-08-02 07:28:31,049 [INFO] Running the workload 'LOG_DIR=/work/build/power_logs_temp python3 -m code.main_v2 --benchmarks=rnnt --scenarios=Server --config_ver=maxq --action="run_harness" \\\n\t\t2>&1 | tee -a /work/build/power_logs/2022.08.02-07.26.37/stdout.txt \\\n\t\t&& if [ ! -d /work/build/power_logs/2022.08.02-07.26.37/ranging_tmp ]; \\\n\t\t\tthen mkdir /work/build/power_logs/2022.08.02-07.26.37/ranging_tmp \\\n\t\t\t\t&& mv /work/build/power_logs_temp/* /work/build/power_logs/2022.08.02-07.26.37/ranging_tmp/ \\\n\t\t\t\t&& cp -v /work/build/power_logs/2022.08.02-07.26.37/ranging_tmp/*/*/*/mlperf_log_detail.txt /work/build/power_logs_temp/ \\\n\t\t\t\t&& cp -v /work/build/power_logs/2022.08.02-07.26.37/ranging_tmp/*/*/*/mlperf_log_summary.txt /work/build/power_logs_temp/; \\\n\t\t\telse mkdir /work/build/power_logs/2022.08.02-07.26.37/testing_tmp \\\n\t\t\t\t&& mv /work/build/power_logs_temp/* /work/build/power_logs/2022.08.02-07.26.37/testing_tmp/ \\\n\t\t\t\t&& cp -v /work/build/power_logs/2022.08.02-07.26.37/testing_tmp/*/*/*/mlperf_log_detail.txt /work/build/power_logs_temp/ \\\n\t\t\t\t&& cp -v /work/build/power_logs/2022.08.02-07.26.37/testing_tmp/*/*/*/mlperf_log_summary.txt /work/build/power_logs_temp/; fi'
client 2022-08-02 07:39:15,358 [INFO] Sending command to the server: 'session,2022-08-02_00-28-02,stop,ranging'
client 2022-08-02 07:39:25,403 [INFO] Got response: 'OK'
client 2022-08-02 07:39:25,412 [INFO] Copying loadgen logs from '/work/build/power_logs_temp' to '/work/build/power_logs/2022.08.02-07.26.37/2022-08-02_00-28-02/ranging'
client 2022-08-02 07:39:25,414 [INFO] Running workload in testing mode
client 2022-08-02 07:39:25,414 [INFO] Synchronizing with the server and with 172.16.1.30...
client 2022-08-02 07:39:25,416 [INFO] NTP:offset = 0.002 s, delay = 0.000 s 
client 2022-08-02 07:39:25,416 [INFO] Sending command to the server: 'time'
client 2022-08-02 07:39:25,417 [INFO] Got response: '1659425965.4372954'
client 2022-08-02 07:39:25,417 [INFO] The time difference between the client and the server is within range -21.116 ms..-19.495 ms
client 2022-08-02 07:39:25,417 [INFO] Sending command to the server: 'session,2022-08-02_00-28-02,start,testing'
client 2022-08-02 07:39:39,070 [INFO] Got response: 'OK'
client 2022-08-02 07:39:39,070 [INFO] Running the workload 'LOG_DIR=/work/build/power_logs_temp python3 -m code.main_v2 --benchmarks=rnnt --scenarios=Server --config_ver=maxq --action="run_harness" \\\n\t\t2>&1 | tee -a /work/build/power_logs/2022.08.02-07.26.37/stdout.txt \\\n\t\t&& if [ ! -d /work/build/power_logs/2022.08.02-07.26.37/ranging_tmp ]; \\\n\t\t\tthen mkdir /work/build/power_logs/2022.08.02-07.26.37/ranging_tmp \\\n\t\t\t\t&& mv /work/build/power_logs_temp/* /work/build/power_logs/2022.08.02-07.26.37/ranging_tmp/ \\\n\t\t\t\t&& cp -v /work/build/power_logs/2022.08.02-07.26.37/ranging_tmp/*/*/*/mlperf_log_detail.txt /work/build/power_logs_temp/ \\\n\t\t\t\t&& cp -v /work/build/power_logs/2022.08.02-07.26.37/ranging_tmp/*/*/*/mlperf_log_summary.txt /work/build/power_logs_temp/; \\\n\t\t\telse mkdir /work/build/power_logs/2022.08.02-07.26.37/testing_tmp \\\n\t\t\t\t&& mv /work/build/power_logs_temp/* /work/build/power_logs/2022.08.02-07.26.37/testing_tmp/ \\\n\t\t\t\t&& cp -v /work/build/power_logs/2022.08.02-07.26.37/testing_tmp/*/*/*/mlperf_log_detail.txt /work/build/power_logs_temp/ \\\n\t\t\t\t&& cp -v /work/build/power_logs/2022.08.02-07.26.37/testing_tmp/*/*/*/mlperf_log_summary.txt /work/build/power_logs_temp/; fi'
client 2022-08-02 07:50:23,087 [INFO] Sending command to the server: 'session,2022-08-02_00-28-02,stop,testing'
client 2022-08-02 07:50:33,121 [INFO] Got response: 'OK'
client 2022-08-02 07:50:33,123 [INFO] Copying loadgen logs from '/work/build/power_logs_temp' to '/work/build/power_logs/2022.08.02-07.26.37/2022-08-02_00-28-02/run_1'
client 2022-08-02 07:50:33,124 [INFO] Done runs
