ptd-server 2022-08-02 00:28:02,371 [INFO] Got command from the client 'stop'
ptd-server 2022-08-02 00:28:02,371 [INFO] The server will be stopped after processing this client
ptd-server 2022-08-02 00:28:02,372 [INFO] Sending reply to client 'OK'
ptd-server 2022-08-02 00:28:02,381 [INFO] Got command from the client 'time'
ptd-server 2022-08-02 00:28:02,381 [INFO] Sending reply to client '1659425282.3819532'
ptd-server 2022-08-02 00:28:02,383 [INFO] Got command from the client 'new,,157fb2fc-887a-490d-80a5-f356854a3ac3'
ptd-server 2022-08-02 00:28:02,384 [INFO] Sending reply to client 'OK 2022-08-02_00-28-02,da7b72b3-7c0d-4572-badf-476030aa8d7e'
ptd-server 2022-08-02 00:28:02,388 [INFO] Got command from the client 'time'
ptd-server 2022-08-02 00:28:02,389 [INFO] Sending reply to client '1659425282.3899179'
ptd-server 2022-08-02 00:28:02,390 [INFO] Got command from the client 'session,2022-08-02_00-28-02,start,ranging'
ptd-server 2022-08-02 00:28:02,492 [INFO] Running PTDaemon: ['C:\\PTD\\ptd-windows-x86.exe', '-l', 'C:\\Users\\Administrator\\AppData\\Local\\Temp\\tmpozyvg1mj\\ptd_logfile.txt', '-p', '8888', '-g', '49', '1']
ptd-server 2022-08-02 00:28:20,038 [INFO] Sending to ptd: 'Hello'
ptd-server 2022-08-02 00:28:20,039 [INFO] Reply from ptd: 'Hello, PTDaemon here!'
ptd-server 2022-08-02 00:28:20,040 [INFO] Sending to ptd: 'Identify'
ptd-server 2022-08-02 00:28:20,042 [INFO] Reply from ptd: 'YokogawaWT310E,1000,1,1,1,1,0,1,1,version=1.9.2-3976349f-20201208,OS=Windows 8 / Server 2012,mode=power,1,1,1,0,0,no_cal_date,YOKOGAWA;WT310EH;C3XF27015E;F1.04'
ptd-server 2022-08-02 00:28:20,043 [INFO] Connected to PTDaemon
ptd-server 2022-08-02 00:28:20,044 [INFO] Sending to ptd: 'RR'
ptd-server 2022-08-02 00:28:20,044 [INFO] Reply from ptd: 'Ranges,1,5.000000,1,300.000000'
ptd-server 2022-08-02 00:28:20,045 [INFO] Initial range for Amps is Auto for Volts is Auto
ptd-server 2022-08-02 00:28:20,046 [INFO] Sending to ptd: 'SR,V,Auto'
ptd-server 2022-08-02 00:28:20,552 [INFO] Reply from ptd: 'Range V changed'
ptd-server 2022-08-02 00:28:20,553 [INFO] Sending to ptd: 'SR,A,Auto'
ptd-server 2022-08-02 00:28:21,062 [INFO] Reply from ptd: 'Range A changed'
ptd-server 2022-08-02 00:28:31,064 [INFO] Starting ranging mode
ptd-server 2022-08-02 00:28:31,064 [INFO] Sending to ptd: 'Go,1000,0,2022-08-02_00-28-02_ranging'
ptd-server 2022-08-02 00:28:31,066 [INFO] Reply from ptd: 'Starting untimed measurement, maximum 500000 samples at 1000ms with 0 rampup samples'
ptd-server 2022-08-02 00:28:31,067 [INFO] Sending reply to client 'OK'
ptd-server 2022-08-02 00:39:15,378 [INFO] Got command from the client 'session,2022-08-02_00-28-02,stop,ranging'
ptd-server 2022-08-02 00:39:25,380 [INFO] Sending to ptd: 'Stop'
ptd-server 2022-08-02 00:39:25,381 [INFO] Reply from ptd: 'Stopping untimed measurement'
ptd-server 2022-08-02 00:39:25,422 [INFO] Sending reply to client 'OK'
ptd-server 2022-08-02 00:39:25,436 [INFO] Got command from the client 'time'
ptd-server 2022-08-02 00:39:25,437 [INFO] Sending reply to client '1659425965.4372954'
ptd-server 2022-08-02 00:39:25,438 [INFO] Got command from the client 'session,2022-08-02_00-28-02,start,testing'
ptd-server 2022-08-02 00:39:25,438 [INFO] Sending to ptd: 'SR,V,238.850000'
ptd-server 2022-08-02 00:39:27,574 [INFO] Reply from ptd: 'Range V changed'
ptd-server 2022-08-02 00:39:27,575 [INFO] Sending to ptd: 'SR,A,4.037700'
ptd-server 2022-08-02 00:39:29,085 [INFO] Reply from ptd: 'Range A changed'
ptd-server 2022-08-02 00:39:39,087 [INFO] Starting testing mode
ptd-server 2022-08-02 00:39:39,087 [INFO] Sending to ptd: 'Go,1000,0,2022-08-02_00-28-02_testing'
ptd-server 2022-08-02 00:39:39,088 [INFO] Reply from ptd: 'Starting untimed measurement, maximum 500000 samples at 1000ms with 0 rampup samples'
ptd-server 2022-08-02 00:39:39,089 [INFO] Sending reply to client 'OK'
ptd-server 2022-08-02 00:50:23,108 [INFO] Got command from the client 'session,2022-08-02_00-28-02,stop,testing'
ptd-server 2022-08-02 00:50:33,110 [INFO] Sending to ptd: 'Stop'
ptd-server 2022-08-02 00:50:33,111 [INFO] Reply from ptd: 'Stopping untimed measurement'
ptd-server 2022-08-02 00:50:33,141 [INFO] Sending reply to client 'OK'
ptd-server 2022-08-02 00:50:33,149 [INFO] Got command from the client 'session,2022-08-02_00-28-02,done'
ptd-server 2022-08-02 00:50:33,149 [INFO] Sending to ptd: 'Stop'
ptd-server 2022-08-02 00:50:34,092 [INFO] Reply from ptd: 'Error: no measurement to stop'
ptd-server 2022-08-02 00:50:34,093 [INFO] Sending to ptd: 'SR,V,Auto'
ptd-server 2022-08-02 00:50:34,599 [INFO] Reply from ptd: 'Range V changed'
ptd-server 2022-08-02 00:50:34,600 [INFO] Sending to ptd: 'SR,A,Auto'
ptd-server 2022-08-02 00:50:35,109 [INFO] Reply from ptd: 'Range A changed'
ptd-server 2022-08-02 00:50:35,110 [INFO] Set initial values for Amps Auto and Volts Auto
ptd-server 2022-08-02 00:50:35,110 [INFO] Stopping ptd...
