client 2022-08-01 06:50:43,732 [INFO] Sending command to the server: 'mlcommons/power client v3'
client 2022-08-01 06:50:43,733 [INFO] Got response: 'mlcommons/power server v3'
client 2022-08-01 06:50:43,734 [INFO] Sending command to the server: 'stop'
client 2022-08-01 06:50:43,736 [INFO] Got response: 'OK'
client 2022-08-01 06:50:43,736 [INFO] Synchronizing with the server and with 172.16.1.30...
client 2022-08-01 06:50:43,739 [INFO] NTP:offset = -0.001 s, delay = 0.002 s 
client 2022-08-01 06:50:43,740 [INFO] Sending command to the server: 'time'
client 2022-08-01 06:50:43,741 [INFO] Got response: '1659336643.87804'
client 2022-08-01 06:50:43,741 [INFO] The time difference between the client and the server is within range -138.005 ms..-136.157 ms
client 2022-08-01 06:50:43,742 [INFO] Sending command to the server: 'new,,bbd63343-33c0-4486-86e7-20561651831f'
client 2022-08-01 06:50:43,744 [INFO] Got response: 'OK 2022-07-31_23-50-43,a9d43aea-6b2a-4b4a-9c91-7ce65504aeaf'
client 2022-08-01 06:50:43,745 [INFO] Session id is '2022-07-31_23-50-43'
client 2022-08-01 06:50:43,745 [INFO] Sources: {"sources": {"__init__.py": "da39a3ee5e6b4b0d3255bfef95601890afd80709", "client.py": "33ca4f26368777ac06e01f9567b714a4b8063886", "lib/__init__.py": "da39a3ee5e6b4b0d3255bfef95601890afd80709", "lib/client.py": "4c2b78fb4849a7e5b584ef792d82aaed20b17f57", "lib/common.py": "624d0c0acc7c39aaff3674f0b99d6a09da53d1dc", "lib/external/__init__.py": "da39a3ee5e6b4b0d3255bfef95601890afd80709", "lib/external/ntplib.py": "4da8f970656505a40483206ef2b5d3dd5e81711d", "lib/server.py": "59c9fb92908260d3e9f81a895c7aa009742275e4", "lib/source_hashes.py": "60a2e02193209e8d392803326208d5466342da18", "lib/summary.py": "aa92f0a3f975eecd44d3c0cd0236342ccc9f941d", "lib/time_sync.py": "3210db56eb0ff0df57bf4293dc4d4b03fffd46f1", "server.py": "c3f90f2f7eeb4db30727556d0c815ebc89b3d28b", "tests/unit/__init__.py": "da39a3ee5e6b4b0d3255bfef95601890afd80709", "tests/unit/test_server.py": "99ae15aef722f2000ee6ed1ae1523637bf1ae42b", "tests/unit/test_source_hashes.py": "00468a2907583c593e6574a1f6b404e4651c221a"}, "modules": {"ptd_client_server.lib.client": "lib/client.py", "ptd_client_server.lib.common": "lib/common.py", "ptd_client_server.lib.external.ntplib": "lib/external/ntplib.py", "ptd_client_server.lib.source_hashes": "lib/source_hashes.py", "ptd_client_server.lib.summary": "lib/summary.py", "ptd_client_server.lib.time_sync": "lib/time_sync.py"}}
client 2022-08-01 06:50:43,745 [INFO] Running workload in ranging mode
client 2022-08-01 06:50:43,745 [INFO] Synchronizing with the server and with 172.16.1.30...
client 2022-08-01 06:50:43,747 [INFO] NTP:offset = -0.000 s, delay = 0.000 s 
client 2022-08-01 06:50:43,747 [INFO] Sending command to the server: 'time'
client 2022-08-01 06:50:43,748 [INFO] Got response: '1659336643.885009'
client 2022-08-01 06:50:43,748 [INFO] The time difference between the client and the server is within range -137.852 ms..-136.109 ms
client 2022-08-01 06:50:43,749 [INFO] Sending command to the server: 'session,2022-07-31_23-50-43,start,ranging'
client 2022-08-01 06:51:12,425 [INFO] Got response: 'OK'
client 2022-08-01 06:51:12,425 [INFO] Running the workload 'LOG_DIR=/work/build/power_logs_temp python3 -m code.main_v2 --benchmarks=bert --scenarios=Server --config_ver=maxq --action="run_harness" \\\n\t\t2>&1 | tee -a /work/build/power_logs/2022.08.01-06.49.17/stdout.txt \\\n\t\t&& if [ ! -d /work/build/power_logs/2022.08.01-06.49.17/ranging_tmp ]; \\\n\t\t\tthen mkdir /work/build/power_logs/2022.08.01-06.49.17/ranging_tmp \\\n\t\t\t\t&& mv /work/build/power_logs_temp/* /work/build/power_logs/2022.08.01-06.49.17/ranging_tmp/ \\\n\t\t\t\t&& cp -v /work/build/power_logs/2022.08.01-06.49.17/ranging_tmp/*/*/*/mlperf_log_detail.txt /work/build/power_logs_temp/ \\\n\t\t\t\t&& cp -v /work/build/power_logs/2022.08.01-06.49.17/ranging_tmp/*/*/*/mlperf_log_summary.txt /work/build/power_logs_temp/; \\\n\t\t\telse mkdir /work/build/power_logs/2022.08.01-06.49.17/testing_tmp \\\n\t\t\t\t&& mv /work/build/power_logs_temp/* /work/build/power_logs/2022.08.01-06.49.17/testing_tmp/ \\\n\t\t\t\t&& cp -v /work/build/power_logs/2022.08.01-06.49.17/testing_tmp/*/*/*/mlperf_log_detail.txt /work/build/power_logs_temp/ \\\n\t\t\t\t&& cp -v /work/build/power_logs/2022.08.01-06.49.17/testing_tmp/*/*/*/mlperf_log_summary.txt /work/build/power_logs_temp/; fi'
client 2022-08-01 07:01:57,733 [INFO] Sending command to the server: 'session,2022-07-31_23-50-43,stop,ranging'
client 2022-08-01 07:02:07,779 [INFO] Got response: 'OK'
client 2022-08-01 07:02:07,788 [INFO] Copying loadgen logs from '/work/build/power_logs_temp' to '/work/build/power_logs/2022.08.01-06.49.17/2022-07-31_23-50-43/ranging'
client 2022-08-01 07:02:07,789 [INFO] Running workload in testing mode
client 2022-08-01 07:02:07,789 [INFO] Synchronizing with the server and with 172.16.1.30...
client 2022-08-01 07:02:07,792 [INFO] NTP:offset = -0.001 s, delay = 0.002 s 
client 2022-08-01 07:02:07,793 [INFO] Sending command to the server: 'time'
client 2022-08-01 07:02:07,794 [INFO] Got response: '1659337327.931983'
client 2022-08-01 07:02:07,794 [INFO] The time difference between the client and the server is within range -138.876 ms..-137.180 ms
client 2022-08-01 07:02:07,794 [INFO] Sending command to the server: 'session,2022-07-31_23-50-43,start,testing'
client 2022-08-01 07:02:21,446 [INFO] Got response: 'OK'
client 2022-08-01 07:02:21,447 [INFO] Running the workload 'LOG_DIR=/work/build/power_logs_temp python3 -m code.main_v2 --benchmarks=bert --scenarios=Server --config_ver=maxq --action="run_harness" \\\n\t\t2>&1 | tee -a /work/build/power_logs/2022.08.01-06.49.17/stdout.txt \\\n\t\t&& if [ ! -d /work/build/power_logs/2022.08.01-06.49.17/ranging_tmp ]; \\\n\t\t\tthen mkdir /work/build/power_logs/2022.08.01-06.49.17/ranging_tmp \\\n\t\t\t\t&& mv /work/build/power_logs_temp/* /work/build/power_logs/2022.08.01-06.49.17/ranging_tmp/ \\\n\t\t\t\t&& cp -v /work/build/power_logs/2022.08.01-06.49.17/ranging_tmp/*/*/*/mlperf_log_detail.txt /work/build/power_logs_temp/ \\\n\t\t\t\t&& cp -v /work/build/power_logs/2022.08.01-06.49.17/ranging_tmp/*/*/*/mlperf_log_summary.txt /work/build/power_logs_temp/; \\\n\t\t\telse mkdir /work/build/power_logs/2022.08.01-06.49.17/testing_tmp \\\n\t\t\t\t&& mv /work/build/power_logs_temp/* /work/build/power_logs/2022.08.01-06.49.17/testing_tmp/ \\\n\t\t\t\t&& cp -v /work/build/power_logs/2022.08.01-06.49.17/testing_tmp/*/*/*/mlperf_log_detail.txt /work/build/power_logs_temp/ \\\n\t\t\t\t&& cp -v /work/build/power_logs/2022.08.01-06.49.17/testing_tmp/*/*/*/mlperf_log_summary.txt /work/build/power_logs_temp/; fi'
client 2022-08-01 07:13:05,229 [INFO] Sending command to the server: 'session,2022-07-31_23-50-43,stop,testing'
client 2022-08-01 07:13:15,257 [INFO] Got response: 'OK'
client 2022-08-01 07:13:15,260 [INFO] Copying loadgen logs from '/work/build/power_logs_temp' to '/work/build/power_logs/2022.08.01-06.49.17/2022-07-31_23-50-43/run_1'
client 2022-08-01 07:13:15,260 [INFO] Done runs
