ptd-server 2022-07-31 23:50:43,871 [INFO] Got command from the client 'stop'
ptd-server 2022-07-31 23:50:43,872 [INFO] The server will be stopped after processing this client
ptd-server 2022-07-31 23:50:43,872 [INFO] Sending reply to client 'OK'
ptd-server 2022-07-31 23:50:43,877 [INFO] Got command from the client 'time'
ptd-server 2022-07-31 23:50:43,878 [INFO] Sending reply to client '1659336643.87804'
ptd-server 2022-07-31 23:50:43,879 [INFO] Got command from the client 'new,,bbd63343-33c0-4486-86e7-20561651831f'
ptd-server 2022-07-31 23:50:43,881 [INFO] Sending reply to client 'OK 2022-07-31_23-50-43,a9d43aea-6b2a-4b4a-9c91-7ce65504aeaf'
ptd-server 2022-07-31 23:50:43,885 [INFO] Got command from the client 'time'
ptd-server 2022-07-31 23:50:43,885 [INFO] Sending reply to client '1659336643.885009'
ptd-server 2022-07-31 23:50:43,886 [INFO] Got command from the client 'session,2022-07-31_23-50-43,start,ranging'
ptd-server 2022-07-31 23:50:43,987 [INFO] Running PTDaemon: ['C:\\PTD\\ptd-windows-x86.exe', '-l', 'C:\\Users\\Administrator\\AppData\\Local\\Temp\\tmp7jlq46dl\\ptd_logfile.txt', '-p', '8888', '-g', '49', '1']
ptd-server 2022-07-31 23:51:01,532 [INFO] Sending to ptd: 'Hello'
ptd-server 2022-07-31 23:51:01,533 [INFO] Reply from ptd: 'Hello, PTDaemon here!'
ptd-server 2022-07-31 23:51:01,535 [INFO] Sending to ptd: 'Identify'
ptd-server 2022-07-31 23:51:01,536 [INFO] Reply from ptd: 'YokogawaWT310E,1000,1,1,1,1,0,1,1,version=1.9.2-3976349f-20201208,OS=Windows 8 / Server 2012,mode=power,1,1,1,0,0,no_cal_date,YOKOGAWA;WT310EH;C3XF27015E;F1.04'
ptd-server 2022-07-31 23:51:01,537 [INFO] Connected to PTDaemon
ptd-server 2022-07-31 23:51:01,538 [INFO] Sending to ptd: 'RR'
ptd-server 2022-07-31 23:51:01,538 [INFO] Reply from ptd: 'Ranges,1,5.000000,1,300.000000'
ptd-server 2022-07-31 23:51:01,539 [INFO] Initial range for Amps is Auto for Volts is Auto
ptd-server 2022-07-31 23:51:01,540 [INFO] Sending to ptd: 'SR,V,Auto'
ptd-server 2022-07-31 23:51:02,048 [INFO] Reply from ptd: 'Range V changed'
ptd-server 2022-07-31 23:51:02,049 [INFO] Sending to ptd: 'SR,A,Auto'
ptd-server 2022-07-31 23:51:02,556 [INFO] Reply from ptd: 'Range A changed'
ptd-server 2022-07-31 23:51:12,558 [INFO] Starting ranging mode
ptd-server 2022-07-31 23:51:12,558 [INFO] Sending to ptd: 'Go,1000,0,2022-07-31_23-50-43_ranging'
ptd-server 2022-07-31 23:51:12,560 [INFO] Reply from ptd: 'Starting untimed measurement, maximum 500000 samples at 1000ms with 0 rampup samples'
ptd-server 2022-07-31 23:51:12,561 [INFO] Sending reply to client 'OK'
ptd-server 2022-08-01 00:01:57,872 [INFO] Got command from the client 'session,2022-07-31_23-50-43,stop,ranging'
ptd-server 2022-08-01 00:02:07,874 [INFO] Sending to ptd: 'Stop'
ptd-server 2022-08-01 00:02:07,875 [INFO] Reply from ptd: 'Stopping untimed measurement'
ptd-server 2022-08-01 00:02:07,916 [INFO] Sending reply to client 'OK'
ptd-server 2022-08-01 00:02:07,930 [INFO] Got command from the client 'time'
ptd-server 2022-08-01 00:02:07,931 [INFO] Sending reply to client '1659337327.931983'
ptd-server 2022-08-01 00:02:07,932 [INFO] Got command from the client 'session,2022-07-31_23-50-43,start,testing'
ptd-server 2022-08-01 00:02:07,933 [INFO] Sending to ptd: 'SR,V,238.260000'
ptd-server 2022-08-01 00:02:10,069 [INFO] Reply from ptd: 'Range V changed'
ptd-server 2022-08-01 00:02:10,070 [INFO] Sending to ptd: 'SR,A,3.978000'
ptd-server 2022-08-01 00:02:11,578 [INFO] Reply from ptd: 'Range A changed'
ptd-server 2022-08-01 00:02:21,580 [INFO] Starting testing mode
ptd-server 2022-08-01 00:02:21,580 [INFO] Sending to ptd: 'Go,1000,0,2022-07-31_23-50-43_testing'
ptd-server 2022-08-01 00:02:21,582 [INFO] Reply from ptd: 'Starting untimed measurement, maximum 500000 samples at 1000ms with 0 rampup samples'
ptd-server 2022-08-01 00:02:21,583 [INFO] Sending reply to client 'OK'
ptd-server 2022-08-01 00:13:05,369 [INFO] Got command from the client 'session,2022-07-31_23-50-43,stop,testing'
ptd-server 2022-08-01 00:13:15,371 [INFO] Sending to ptd: 'Stop'
ptd-server 2022-08-01 00:13:15,371 [INFO] Reply from ptd: 'Stopping untimed measurement'
ptd-server 2022-08-01 00:13:15,395 [INFO] Sending reply to client 'OK'
ptd-server 2022-08-01 00:13:15,402 [INFO] Got command from the client 'session,2022-07-31_23-50-43,done'
ptd-server 2022-08-01 00:13:15,403 [INFO] Sending to ptd: 'Stop'
ptd-server 2022-08-01 00:13:15,584 [INFO] Reply from ptd: 'Error: no measurement to stop'
ptd-server 2022-08-01 00:13:15,585 [INFO] Sending to ptd: 'SR,V,Auto'
ptd-server 2022-08-01 00:13:16,092 [INFO] Reply from ptd: 'Range V changed'
ptd-server 2022-08-01 00:13:16,093 [INFO] Sending to ptd: 'SR,A,Auto'
ptd-server 2022-08-01 00:13:16,601 [INFO] Reply from ptd: 'Range A changed'
ptd-server 2022-08-01 00:13:16,602 [INFO] Set initial values for Amps Auto and Volts Auto
ptd-server 2022-08-01 00:13:16,603 [INFO] Stopping ptd...
