ptd-server 2022-07-22 19:20:08,949 [INFO] Got command from the client 'stop'
ptd-server 2022-07-22 19:20:08,949 [INFO] The server will be stopped after processing this client
ptd-server 2022-07-22 19:20:08,949 [INFO] Sending reply to client 'OK'
ptd-server 2022-07-22 19:20:09,152 [INFO] Got command from the client 'time'
ptd-server 2022-07-22 19:20:09,152 [INFO] Sending reply to client '1658542809.1526856'
ptd-server 2022-07-22 19:20:09,168 [INFO] Got command from the client 'set_ntp'
ptd-server 2022-07-22 19:20:09,168 [INFO] Synchronizing with ib-01.dc4-in.nvidia.com time using NTP...
ptd-server 2022-07-22 19:20:10,686 [INFO] Set system time at 2022-07-22 19:20:10.686589
ptd-server 2022-07-22 19:20:10,686 [INFO] Sending reply to client 'OK'
ptd-server 2022-07-22 19:20:18,794 [INFO] Got command from the client 'time'
ptd-server 2022-07-22 19:20:18,794 [INFO] Sending reply to client '1658542818.7940452'
ptd-server 2022-07-22 19:20:18,809 [INFO] Got command from the client 'new,,610a3b9c-d6db-4126-b76e-334dd4fe3a52'
ptd-server 2022-07-22 19:20:18,809 [INFO] Sending reply to client 'OK 2022-07-22_19-20-18,248d7e05-9cef-4a36-915e-7b4d72f45bdf'
ptd-server 2022-07-22 19:20:19,012 [INFO] Got command from the client 'time'
ptd-server 2022-07-22 19:20:19,012 [INFO] Sending reply to client '1658542819.0127435'
ptd-server 2022-07-22 19:20:19,012 [INFO] Got command from the client 'session,2022-07-22_19-20-18,start,ranging'
ptd-server 2022-07-22 19:20:19,122 [INFO] Running PTDaemon: ['C:\\PTD\\ptd-windows-x86.exe', '-l', 'C:\\Users\\lab\\AppData\\Local\\Temp\\tmppigsp987\\ptd_logfile.txt', '-p', '8888', '-c', '1,3', '-y', '77', '10.117.41.199']
ptd-server 2022-07-22 19:20:39,351 [INFO] Sending to ptd: 'Hello'
ptd-server 2022-07-22 19:20:39,351 [INFO] Reply from ptd: 'Hello, PTDaemon here!'
ptd-server 2022-07-22 19:20:39,351 [INFO] Sending to ptd: 'Identify'
ptd-server 2022-07-22 19:20:39,351 [INFO] Reply from ptd: 'YokogawaWT330_multichannel,1000,1,1,1,1,0,0,1,version=1.9.2-3976349f-20201208,OS=Windows 8 / Server 2012,mode=power,1,1,2,0,0,no_cal_date,YOKOGAWA;WT333E;C2WL21011V;F1.04'
ptd-server 2022-07-22 19:20:39,351 [INFO] Connected to PTDaemon
ptd-server 2022-07-22 19:20:39,351 [INFO] Sending to ptd: 'RR'
ptd-server 2022-07-22 19:20:39,351 [INFO] Reply from ptd: 'Ranges,0,5.000000,0,300.000000'
ptd-server 2022-07-22 19:20:39,351 [INFO] Initial range for Amps is 5.000000 for Volts is 300.000000
ptd-server 2022-07-22 19:20:39,351 [INFO] Sending to ptd: 'SR,V,Auto'
ptd-server 2022-07-22 19:20:44,428 [INFO] Reply from ptd: 'Range V changed'
ptd-server 2022-07-22 19:20:44,428 [INFO] Sending to ptd: 'SR,A,Auto'
ptd-server 2022-07-22 19:20:49,505 [INFO] Reply from ptd: 'Range A changed'
ptd-server 2022-07-22 19:20:59,518 [INFO] Starting ranging mode
ptd-server 2022-07-22 19:20:59,518 [INFO] Sending to ptd: 'Go,1000,0,2022-07-22_19-20-18_ranging'
ptd-server 2022-07-22 19:20:59,518 [INFO] Reply from ptd: 'Starting untimed measurement, maximum 500000 samples at 1000ms with 0 rampup samples'
ptd-server 2022-07-22 19:20:59,518 [INFO] Sending reply to client 'OK'
ptd-server 2022-07-22 19:32:56,411 [INFO] Got command from the client 'session,2022-07-22_19-20-18,stop,ranging'
ptd-server 2022-07-22 19:33:06,424 [INFO] Sending to ptd: 'Stop'
ptd-server 2022-07-22 19:33:06,424 [INFO] Reply from ptd: 'Stopping untimed measurement'
ptd-server 2022-07-22 19:33:06,471 [INFO] Sending reply to client 'OK'
ptd-server 2022-07-22 19:33:06,705 [INFO] Got command from the client 'time'
ptd-server 2022-07-22 19:33:06,705 [INFO] Sending reply to client '1658543586.705796'
ptd-server 2022-07-22 19:33:06,705 [INFO] Got command from the client 'session,2022-07-22_19-20-18,start,testing'
ptd-server 2022-07-22 19:33:06,721 [INFO] Sending to ptd: 'SR,V,205.880000'
ptd-server 2022-07-22 19:33:12,813 [INFO] Reply from ptd: 'Range V changed'
ptd-server 2022-07-22 19:33:12,813 [INFO] Sending to ptd: 'SR,A,4.008900'
ptd-server 2022-07-22 19:33:18,406 [INFO] Reply from ptd: 'Range A changed'
ptd-server 2022-07-22 19:33:28,419 [INFO] Starting testing mode
ptd-server 2022-07-22 19:33:28,419 [INFO] Sending to ptd: 'Go,1000,0,2022-07-22_19-20-18_testing'
ptd-server 2022-07-22 19:33:28,419 [INFO] Reply from ptd: 'Starting untimed measurement, maximum 500000 samples at 1000ms with 0 rampup samples'
ptd-server 2022-07-22 19:33:28,435 [INFO] Sending reply to client 'OK'
ptd-server 2022-07-22 19:45:24,983 [INFO] Got command from the client 'session,2022-07-22_19-20-18,stop,testing'
ptd-server 2022-07-22 19:45:34,996 [INFO] Sending to ptd: 'Stop'
ptd-server 2022-07-22 19:45:34,996 [INFO] Reply from ptd: 'Stopping untimed measurement'
ptd-server 2022-07-22 19:45:35,012 [INFO] Sending reply to client 'OK'
ptd-server 2022-07-22 19:45:35,059 [INFO] Got command from the client 'session,2022-07-22_19-20-18,done'
ptd-server 2022-07-22 19:45:35,059 [INFO] Sending to ptd: 'Stop'
ptd-server 2022-07-22 19:45:35,449 [INFO] Reply from ptd: 'Error: no measurement to stop'
ptd-server 2022-07-22 19:45:35,449 [INFO] Sending to ptd: 'SR,V,300.000000'
ptd-server 2022-07-22 19:45:41,542 [INFO] Reply from ptd: 'Range V changed'
ptd-server 2022-07-22 19:45:41,542 [INFO] Sending to ptd: 'SR,A,5.000000'
ptd-server 2022-07-22 19:45:47,134 [INFO] Reply from ptd: 'Range A changed'
ptd-server 2022-07-22 19:45:47,134 [INFO] Set initial values for Amps 5.000000 and Volts 300.000000
ptd-server 2022-07-22 19:45:47,134 [INFO] Stopping ptd...
