ptd-server 2022-07-22 09:33:23,978 [INFO] Got command from the client 'time'
ptd-server 2022-07-22 09:33:23,978 [INFO] Sending reply to client '1658478803.9787445'
ptd-server 2022-07-22 09:33:23,980 [INFO] Got command from the client 'new,,f55ea9a5-2736-4bc2-89e4-dd79bfa0d159'
ptd-server 2022-07-22 09:33:23,980 [INFO] Sending reply to client 'OK 2022-07-22_09-33-23,93728baa-79e0-40f8-b511-de378af8838e'
ptd-server 2022-07-22 09:33:24,010 [INFO] Got command from the client 'time'
ptd-server 2022-07-22 09:33:24,010 [INFO] Sending reply to client '1658478804.010414'
ptd-server 2022-07-22 09:33:24,011 [INFO] Got command from the client 'session,2022-07-22_09-33-23,start,ranging'
ptd-server 2022-07-22 09:33:24,011 [INFO] Running PTDaemon: ['/home/anton/projects/mlperf/power/inference_v1.0/ptd-linux-x86', '-l', '/tmp/tmp7lgbo8s4/ptd_logfile.txt', '-p', '8888', '49', '/dev/usbtmc0']
ptd-server 2022-07-22 09:33:41,186 [INFO] Sending to ptd: 'Hello'
ptd-server 2022-07-22 09:33:41,187 [INFO] Reply from ptd: 'Hello, PTDaemon here!'
ptd-server 2022-07-22 09:33:41,187 [INFO] Sending to ptd: 'Identify'
ptd-server 2022-07-22 09:33:41,187 [INFO] Reply from ptd: 'YokogawaWT310E,1000,1,1,1,1,0,1,1,version=1.9.2-e8c7a49a-20201208,OS=Linux 5.13.0-52-generic #59~20.04.1-Ubuntu SMP Thu Jun 16 21:21:28 UTC 2022 x86_64,mode=power,1,1,1,0,0,no_cal_date,YOKOGAWA;WT310E;C3XA04010E;F1.04'
ptd-server 2022-07-22 09:33:41,187 [INFO] Connected to PTDaemon
ptd-server 2022-07-22 09:33:41,187 [INFO] Sending to ptd: 'RR'
ptd-server 2022-07-22 09:33:41,188 [INFO] Reply from ptd: 'Ranges,0,0.500000,1,300.000000'
ptd-server 2022-07-22 09:33:41,188 [INFO] Initial range for Amps is 0.500000 for Volts is Auto
ptd-server 2022-07-22 09:33:41,188 [INFO] Sending to ptd: 'SR,V,Auto'
ptd-server 2022-07-22 09:33:41,690 [INFO] Reply from ptd: 'Range V changed'
ptd-server 2022-07-22 09:33:41,691 [INFO] Sending to ptd: 'SR,A,Auto'
ptd-server 2022-07-22 09:33:42,193 [INFO] Reply from ptd: 'Range A changed'
ptd-server 2022-07-22 09:33:52,203 [INFO] Starting ranging mode
ptd-server 2022-07-22 09:33:52,203 [INFO] Sending to ptd: 'Go,1000,0,2022-07-22_09-33-23_ranging'
ptd-server 2022-07-22 09:33:52,204 [INFO] Reply from ptd: 'Starting untimed measurement, maximum 500000 samples at 1000ms with 0 rampup samples'
ptd-server 2022-07-22 09:33:52,204 [INFO] Sending reply to client 'OK'
ptd-server 2022-07-22 09:44:13,475 [INFO] Got command from the client 'session,2022-07-22_09-33-23,stop,ranging'
ptd-server 2022-07-22 09:44:23,485 [INFO] Sending to ptd: 'Stop'
ptd-server 2022-07-22 09:44:23,486 [INFO] Reply from ptd: 'Stopping untimed measurement'
ptd-server 2022-07-22 09:44:23,944 [INFO] Sending reply to client 'OK'
ptd-server 2022-07-22 09:44:23,995 [INFO] Got command from the client 'time'
ptd-server 2022-07-22 09:44:23,995 [INFO] Sending reply to client '1658479463.9954824'
ptd-server 2022-07-22 09:44:23,996 [INFO] Got command from the client 'session,2022-07-22_09-33-23,start,testing'
ptd-server 2022-07-22 09:44:23,996 [INFO] Sending to ptd: 'SR,V,251.490000'
ptd-server 2022-07-22 09:44:25,705 [INFO] Reply from ptd: 'Range V changed'
ptd-server 2022-07-22 09:44:25,706 [INFO] Sending to ptd: 'SR,A,0.064030'
ptd-server 2022-07-22 09:44:27,207 [INFO] Reply from ptd: 'Range A changed'
ptd-server 2022-07-22 09:44:37,217 [INFO] Starting testing mode
ptd-server 2022-07-22 09:44:37,218 [INFO] Sending to ptd: 'Go,1000,0,2022-07-22_09-33-23_testing'
ptd-server 2022-07-22 09:44:37,218 [INFO] Reply from ptd: 'Starting untimed measurement, maximum 500000 samples at 1000ms with 0 rampup samples'
ptd-server 2022-07-22 09:44:37,218 [INFO] Sending reply to client 'OK'
ptd-server 2022-07-22 09:54:58,411 [INFO] Got command from the client 'session,2022-07-22_09-33-23,stop,testing'
ptd-server 2022-07-22 09:55:08,422 [INFO] Sending to ptd: 'Stop'
ptd-server 2022-07-22 09:55:08,422 [INFO] Reply from ptd: 'Stopping untimed measurement'
ptd-server 2022-07-22 09:55:08,652 [INFO] Sending reply to client 'OK'
ptd-server 2022-07-22 09:55:08,660 [INFO] Got command from the client 'session,2022-07-22_09-33-23,done'
ptd-server 2022-07-22 09:55:08,660 [INFO] Sending to ptd: 'Stop'
ptd-server 2022-07-22 09:55:09,218 [INFO] Reply from ptd: 'Error: no measurement to stop'
ptd-server 2022-07-22 09:55:09,218 [INFO] Sending to ptd: 'SR,V,Auto'
ptd-server 2022-07-22 09:55:09,721 [INFO] Reply from ptd: 'Range V changed'
ptd-server 2022-07-22 09:55:09,721 [INFO] Sending to ptd: 'SR,A,0.500000'
ptd-server 2022-07-22 09:55:11,222 [INFO] Reply from ptd: 'Range A changed'
ptd-server 2022-07-22 09:55:11,223 [INFO] Set initial values for Amps 0.500000 and Volts Auto
ptd-server 2022-07-22 09:55:11,223 [INFO] Stopping ptd...
