ptd-server 2022-07-25 04:02:41,403 [INFO] Got command from the client 'time'
ptd-server 2022-07-25 04:02:41,404 [INFO] Sending reply to client '1658718161.4041352'
ptd-server 2022-07-25 04:02:41,405 [INFO] Got command from the client 'new,,c7ca0568-599f-464a-a3f6-862cab7b5548'
ptd-server 2022-07-25 04:02:41,405 [INFO] Sending reply to client 'OK 2022-07-25_04-02-41,a35d94f9-c31f-4ff0-86ec-464361f43fd5'
ptd-server 2022-07-25 04:02:41,441 [INFO] Got command from the client 'time'
ptd-server 2022-07-25 04:02:41,441 [INFO] Sending reply to client '1658718161.4413137'
ptd-server 2022-07-25 04:02:41,442 [INFO] Got command from the client 'session,2022-07-25_04-02-41,start,ranging'
ptd-server 2022-07-25 04:02:41,442 [INFO] Running PTDaemon: ['/home/anton/projects/mlperf/power/inference_v1.0/ptd-linux-x86', '-l', '/tmp/tmp7lgbo8s4/ptd_logfile.txt', '-p', '8888', '49', '/dev/usbtmc0']
ptd-server 2022-07-25 04:02:58,617 [INFO] Sending to ptd: 'Hello'
ptd-server 2022-07-25 04:02:58,618 [INFO] Reply from ptd: 'Hello, PTDaemon here!'
ptd-server 2022-07-25 04:02:58,618 [INFO] Sending to ptd: 'Identify'
ptd-server 2022-07-25 04:02:58,618 [INFO] Reply from ptd: 'YokogawaWT310E,1000,1,1,1,1,0,1,1,version=1.9.2-e8c7a49a-20201208,OS=Linux 5.13.0-52-generic #59~20.04.1-Ubuntu SMP Thu Jun 16 21:21:28 UTC 2022 x86_64,mode=power,1,1,1,0,0,no_cal_date,YOKOGAWA;WT310E;C3XA04010E;F1.04'
ptd-server 2022-07-25 04:02:58,618 [INFO] Connected to PTDaemon
ptd-server 2022-07-25 04:02:58,618 [INFO] Sending to ptd: 'RR'
ptd-server 2022-07-25 04:02:58,619 [INFO] Reply from ptd: 'Ranges,0,0.500000,1,300.000000'
ptd-server 2022-07-25 04:02:58,619 [INFO] Initial range for Amps is 0.500000 for Volts is Auto
ptd-server 2022-07-25 04:02:58,619 [INFO] Sending to ptd: 'SR,V,Auto'
ptd-server 2022-07-25 04:02:59,122 [INFO] Reply from ptd: 'Range V changed'
ptd-server 2022-07-25 04:02:59,122 [INFO] Sending to ptd: 'SR,A,Auto'
ptd-server 2022-07-25 04:02:59,624 [INFO] Reply from ptd: 'Range A changed'
ptd-server 2022-07-25 04:03:09,634 [INFO] Starting ranging mode
ptd-server 2022-07-25 04:03:09,635 [INFO] Sending to ptd: 'Go,1000,0,2022-07-25_04-02-41_ranging'
ptd-server 2022-07-25 04:03:09,635 [INFO] Reply from ptd: 'Starting untimed measurement, maximum 500000 samples at 1000ms with 0 rampup samples'
ptd-server 2022-07-25 04:03:09,635 [INFO] Sending reply to client 'OK'
ptd-server 2022-07-25 04:13:34,502 [INFO] Got command from the client 'session,2022-07-25_04-02-41,stop,ranging'
ptd-server 2022-07-25 04:13:44,508 [INFO] Sending to ptd: 'Stop'
ptd-server 2022-07-25 04:13:44,508 [INFO] Reply from ptd: 'Stopping untimed measurement'
ptd-server 2022-07-25 04:13:45,292 [INFO] Sending reply to client 'OK'
ptd-server 2022-07-25 04:13:45,331 [INFO] Got command from the client 'time'
ptd-server 2022-07-25 04:13:45,331 [INFO] Sending reply to client '1658718825.331772'
ptd-server 2022-07-25 04:13:45,332 [INFO] Got command from the client 'session,2022-07-25_04-02-41,start,testing'
ptd-server 2022-07-25 04:13:45,332 [INFO] Sending to ptd: 'SR,V,249.120000'
ptd-server 2022-07-25 04:13:46,834 [INFO] Reply from ptd: 'Range V changed'
ptd-server 2022-07-25 04:13:46,834 [INFO] Sending to ptd: 'SR,A,0.050320'
ptd-server 2022-07-25 04:13:48,335 [INFO] Reply from ptd: 'Range A changed'
ptd-server 2022-07-25 04:13:58,345 [INFO] Starting testing mode
ptd-server 2022-07-25 04:13:58,346 [INFO] Sending to ptd: 'Go,1000,0,2022-07-25_04-02-41_testing'
ptd-server 2022-07-25 04:13:58,346 [INFO] Reply from ptd: 'Starting untimed measurement, maximum 500000 samples at 1000ms with 0 rampup samples'
ptd-server 2022-07-25 04:13:58,346 [INFO] Sending reply to client 'OK'
ptd-server 2022-07-25 04:24:23,233 [INFO] Got command from the client 'session,2022-07-25_04-02-41,stop,testing'
ptd-server 2022-07-25 04:24:33,244 [INFO] Sending to ptd: 'Stop'
ptd-server 2022-07-25 04:24:33,244 [INFO] Reply from ptd: 'Stopping untimed measurement'
ptd-server 2022-07-25 04:24:33,647 [INFO] Sending reply to client 'OK'
ptd-server 2022-07-25 04:24:33,655 [INFO] Got command from the client 'session,2022-07-25_04-02-41,done'
ptd-server 2022-07-25 04:24:33,655 [INFO] Sending to ptd: 'Stop'
ptd-server 2022-07-25 04:24:33,655 [INFO] Reply from ptd: 'Error: no measurement to stop'
ptd-server 2022-07-25 04:24:33,655 [INFO] Sending to ptd: 'SR,V,Auto'
ptd-server 2022-07-25 04:24:34,157 [INFO] Reply from ptd: 'Range V changed'
ptd-server 2022-07-25 04:24:34,158 [INFO] Sending to ptd: 'SR,A,0.500000'
ptd-server 2022-07-25 04:24:35,659 [INFO] Reply from ptd: 'Range A changed'
ptd-server 2022-07-25 04:24:35,659 [INFO] Set initial values for Amps 0.500000 and Volts Auto
ptd-server 2022-07-25 04:24:35,659 [INFO] Stopping ptd...
