ptd-server 2022-07-24 06:02:25,703 [INFO] Got command from the client 'time'
ptd-server 2022-07-24 06:02:25,704 [INFO] Sending reply to client '1658638945.7040212'
ptd-server 2022-07-24 06:02:25,705 [INFO] Got command from the client 'new,,d11afa82-c8a3-4152-83e1-1a29ec19b616'
ptd-server 2022-07-24 06:02:25,705 [INFO] Sending reply to client 'OK 2022-07-24_06-02-25,c1bc399c-c8d2-4c50-9f07-16381eca83f1'
ptd-server 2022-07-24 06:02:25,733 [INFO] Got command from the client 'time'
ptd-server 2022-07-24 06:02:25,733 [INFO] Sending reply to client '1658638945.7339284'
ptd-server 2022-07-24 06:02:25,734 [INFO] Got command from the client 'session,2022-07-24_06-02-25,start,ranging'
ptd-server 2022-07-24 06:02:25,735 [INFO] Running PTDaemon: ['/home/anton/projects/mlperf/power/inference_v1.0/ptd-linux-x86', '-l', '/tmp/tmp7lgbo8s4/ptd_logfile.txt', '-p', '8888', '49', '/dev/usbtmc0']
ptd-server 2022-07-24 06:02:42,910 [INFO] Sending to ptd: 'Hello'
ptd-server 2022-07-24 06:02:42,910 [INFO] Reply from ptd: 'Hello, PTDaemon here!'
ptd-server 2022-07-24 06:02:42,911 [INFO] Sending to ptd: 'Identify'
ptd-server 2022-07-24 06:02:42,911 [INFO] Reply from ptd: 'YokogawaWT310E,1000,1,1,1,1,0,1,1,version=1.9.2-e8c7a49a-20201208,OS=Linux 5.13.0-52-generic #59~20.04.1-Ubuntu SMP Thu Jun 16 21:21:28 UTC 2022 x86_64,mode=power,1,1,1,0,0,no_cal_date,YOKOGAWA;WT310E;C3XA04010E;F1.04'
ptd-server 2022-07-24 06:02:42,911 [INFO] Connected to PTDaemon
ptd-server 2022-07-24 06:02:42,911 [INFO] Sending to ptd: 'RR'
ptd-server 2022-07-24 06:02:42,912 [INFO] Reply from ptd: 'Ranges,0,0.500000,1,300.000000'
ptd-server 2022-07-24 06:02:42,912 [INFO] Initial range for Amps is 0.500000 for Volts is Auto
ptd-server 2022-07-24 06:02:42,912 [INFO] Sending to ptd: 'SR,V,Auto'
ptd-server 2022-07-24 06:02:43,414 [INFO] Reply from ptd: 'Range V changed'
ptd-server 2022-07-24 06:02:43,414 [INFO] Sending to ptd: 'SR,A,Auto'
ptd-server 2022-07-24 06:02:43,917 [INFO] Reply from ptd: 'Range A changed'
ptd-server 2022-07-24 06:02:53,927 [INFO] Starting ranging mode
ptd-server 2022-07-24 06:02:53,927 [INFO] Sending to ptd: 'Go,1000,0,2022-07-24_06-02-25_ranging'
ptd-server 2022-07-24 06:02:53,928 [INFO] Reply from ptd: 'Starting untimed measurement, maximum 500000 samples at 1000ms with 0 rampup samples'
ptd-server 2022-07-24 06:02:53,928 [INFO] Sending reply to client 'OK'
ptd-server 2022-07-24 06:13:13,113 [INFO] Got command from the client 'session,2022-07-24_06-02-25,stop,ranging'
ptd-server 2022-07-24 06:13:23,124 [INFO] Sending to ptd: 'Stop'
ptd-server 2022-07-24 06:13:23,124 [INFO] Reply from ptd: 'Stopping untimed measurement'
ptd-server 2022-07-24 06:13:23,788 [INFO] Sending reply to client 'OK'
ptd-server 2022-07-24 06:13:23,828 [INFO] Got command from the client 'time'
ptd-server 2022-07-24 06:13:23,828 [INFO] Sending reply to client '1658639603.828767'
ptd-server 2022-07-24 06:13:23,830 [INFO] Got command from the client 'session,2022-07-24_06-02-25,start,testing'
ptd-server 2022-07-24 06:13:23,830 [INFO] Sending to ptd: 'SR,V,249.930000'
ptd-server 2022-07-24 06:13:25,429 [INFO] Reply from ptd: 'Range V changed'
ptd-server 2022-07-24 06:13:25,430 [INFO] Sending to ptd: 'SR,A,0.052780'
ptd-server 2022-07-24 06:13:26,931 [INFO] Reply from ptd: 'Range A changed'
ptd-server 2022-07-24 06:13:36,941 [INFO] Starting testing mode
ptd-server 2022-07-24 06:13:36,941 [INFO] Sending to ptd: 'Go,1000,0,2022-07-24_06-02-25_testing'
ptd-server 2022-07-24 06:13:36,942 [INFO] Reply from ptd: 'Starting untimed measurement, maximum 500000 samples at 1000ms with 0 rampup samples'
ptd-server 2022-07-24 06:13:36,942 [INFO] Sending reply to client 'OK'
ptd-server 2022-07-24 06:23:56,511 [INFO] Got command from the client 'session,2022-07-24_06-02-25,stop,testing'
ptd-server 2022-07-24 06:24:06,521 [INFO] Sending to ptd: 'Stop'
ptd-server 2022-07-24 06:24:06,522 [INFO] Reply from ptd: 'Stopping untimed measurement'
ptd-server 2022-07-24 06:24:06,862 [INFO] Sending reply to client 'OK'
ptd-server 2022-07-24 06:24:06,870 [INFO] Got command from the client 'session,2022-07-24_06-02-25,done'
ptd-server 2022-07-24 06:24:06,870 [INFO] Sending to ptd: 'Stop'
ptd-server 2022-07-24 06:24:06,942 [INFO] Reply from ptd: 'Error: no measurement to stop'
ptd-server 2022-07-24 06:24:06,943 [INFO] Sending to ptd: 'SR,V,Auto'
ptd-server 2022-07-24 06:24:07,445 [INFO] Reply from ptd: 'Range V changed'
ptd-server 2022-07-24 06:24:07,445 [INFO] Sending to ptd: 'SR,A,0.500000'
ptd-server 2022-07-24 06:24:08,947 [INFO] Reply from ptd: 'Range A changed'
ptd-server 2022-07-24 06:24:08,947 [INFO] Set initial values for Amps 0.500000 and Volts Auto
ptd-server 2022-07-24 06:24:08,947 [INFO] Stopping ptd...
