ptd-server 2022-08-03 01:16:16,727 [INFO] Got command from the client 'time'
ptd-server 2022-08-03 01:16:16,727 [INFO] Sending reply to client '1659485776.7277052'
ptd-server 2022-08-03 01:16:16,728 [INFO] Got command from the client 'new,,98657820-d83a-4444-951e-1fd52ba2040c'
ptd-server 2022-08-03 01:16:16,729 [INFO] Sending reply to client 'OK 2022-08-03_01-16-16,28b66fc2-257c-492b-9a1c-05eb75a5037a'
ptd-server 2022-08-03 01:16:16,757 [INFO] Got command from the client 'time'
ptd-server 2022-08-03 01:16:16,757 [INFO] Sending reply to client '1659485776.7577085'
ptd-server 2022-08-03 01:16:16,758 [INFO] Got command from the client 'session,2022-08-03_01-16-16,start,ranging'
ptd-server 2022-08-03 01:16:16,758 [INFO] Running PTDaemon: ['/home/anton/projects/mlperf/power/inference_v1.0/ptd-linux-x86', '-l', '/tmp/tmp7lgbo8s4/ptd_logfile.txt', '-p', '8888', '49', '/dev/usbtmc0']
ptd-server 2022-08-03 01:16:33,933 [INFO] Sending to ptd: 'Hello'
ptd-server 2022-08-03 01:16:33,933 [INFO] Reply from ptd: 'Hello, PTDaemon here!'
ptd-server 2022-08-03 01:16:33,933 [INFO] Sending to ptd: 'Identify'
ptd-server 2022-08-03 01:16:33,934 [INFO] Reply from ptd: 'YokogawaWT310E,1000,1,1,1,1,0,1,1,version=1.9.2-e8c7a49a-20201208,OS=Linux 5.13.0-52-generic #59~20.04.1-Ubuntu SMP Thu Jun 16 21:21:28 UTC 2022 x86_64,mode=power,1,1,1,0,0,no_cal_date,YOKOGAWA;WT310E;C3XA04010E;F1.04'
ptd-server 2022-08-03 01:16:33,934 [INFO] Connected to PTDaemon
ptd-server 2022-08-03 01:16:33,934 [INFO] Sending to ptd: 'RR'
ptd-server 2022-08-03 01:16:33,934 [INFO] Reply from ptd: 'Ranges,0,0.500000,1,300.000000'
ptd-server 2022-08-03 01:16:33,935 [INFO] Initial range for Amps is 0.500000 for Volts is Auto
ptd-server 2022-08-03 01:16:33,935 [INFO] Sending to ptd: 'SR,V,Auto'
ptd-server 2022-08-03 01:16:34,437 [INFO] Reply from ptd: 'Range V changed'
ptd-server 2022-08-03 01:16:34,437 [INFO] Sending to ptd: 'SR,A,Auto'
ptd-server 2022-08-03 01:16:34,940 [INFO] Reply from ptd: 'Range A changed'
ptd-server 2022-08-03 01:16:44,950 [INFO] Starting ranging mode
ptd-server 2022-08-03 01:16:44,950 [INFO] Sending to ptd: 'Go,1000,0,2022-08-03_01-16-16_ranging'
ptd-server 2022-08-03 01:16:44,951 [INFO] Reply from ptd: 'Starting untimed measurement, maximum 500000 samples at 1000ms with 0 rampup samples'
ptd-server 2022-08-03 01:16:44,951 [INFO] Sending reply to client 'OK'
ptd-server 2022-08-03 01:26:56,485 [INFO] Got command from the client 'session,2022-08-03_01-16-16,stop,ranging'
ptd-server 2022-08-03 01:27:06,496 [INFO] Sending to ptd: 'Stop'
ptd-server 2022-08-03 01:27:06,496 [INFO] Reply from ptd: 'Stopping untimed measurement'
ptd-server 2022-08-03 01:27:08,064 [INFO] Sending reply to client 'OK'
ptd-server 2022-08-03 01:27:08,113 [INFO] Got command from the client 'time'
ptd-server 2022-08-03 01:27:08,113 [INFO] Sending reply to client '1659486428.113724'
ptd-server 2022-08-03 01:27:08,115 [INFO] Got command from the client 'session,2022-08-03_01-16-16,start,testing'
ptd-server 2022-08-03 01:27:08,115 [INFO] Sending to ptd: 'SR,V,250.630000'
ptd-server 2022-08-03 01:27:09,616 [INFO] Reply from ptd: 'Range V changed'
ptd-server 2022-08-03 01:27:09,616 [INFO] Sending to ptd: 'SR,A,0.190230'
ptd-server 2022-08-03 01:27:11,118 [INFO] Reply from ptd: 'Range A changed'
ptd-server 2022-08-03 01:27:21,128 [INFO] Starting testing mode
ptd-server 2022-08-03 01:27:21,128 [INFO] Sending to ptd: 'Go,1000,0,2022-08-03_01-16-16_testing'
ptd-server 2022-08-03 01:27:21,129 [INFO] Reply from ptd: 'Starting untimed measurement, maximum 500000 samples at 1000ms with 0 rampup samples'
ptd-server 2022-08-03 01:27:21,129 [INFO] Sending reply to client 'OK'
ptd-server 2022-08-03 01:37:32,481 [INFO] Got command from the client 'session,2022-08-03_01-16-16,stop,testing'
ptd-server 2022-08-03 01:37:42,491 [INFO] Sending to ptd: 'Stop'
ptd-server 2022-08-03 01:37:42,492 [INFO] Reply from ptd: 'Stopping untimed measurement'
ptd-server 2022-08-03 01:37:43,292 [INFO] Sending reply to client 'OK'
ptd-server 2022-08-03 01:37:43,312 [INFO] Got command from the client 'session,2022-08-03_01-16-16,done'
ptd-server 2022-08-03 01:37:43,312 [INFO] Sending to ptd: 'Stop'
ptd-server 2022-08-03 01:37:43,313 [INFO] Reply from ptd: 'Error: no measurement to stop'
ptd-server 2022-08-03 01:37:43,313 [INFO] Sending to ptd: 'SR,V,Auto'
ptd-server 2022-08-03 01:37:43,815 [INFO] Reply from ptd: 'Range V changed'
ptd-server 2022-08-03 01:37:43,815 [INFO] Sending to ptd: 'SR,A,0.500000'
ptd-server 2022-08-03 01:37:45,317 [INFO] Reply from ptd: 'Range A changed'
ptd-server 2022-08-03 01:37:45,317 [INFO] Set initial values for Amps 0.500000 and Volts Auto
ptd-server 2022-08-03 01:37:45,317 [INFO] Stopping ptd...
