ptd-server 2022-08-01 03:33:46,617 [INFO] Got command from the client 'time'
ptd-server 2022-08-01 03:33:46,618 [INFO] Sending reply to client '1659321226.6180606'
ptd-server 2022-08-01 03:33:46,618 [INFO] Got command from the client 'new,,2f0cedfc-e757-48e4-89ee-e183fe2dd232'
ptd-server 2022-08-01 03:33:46,619 [INFO] Sending reply to client 'OK 2022-08-01_03-33-46,b41379e2-e469-4c0c-8864-2b05d5f9330b'
ptd-server 2022-08-01 03:33:46,649 [INFO] Got command from the client 'time'
ptd-server 2022-08-01 03:33:46,649 [INFO] Sending reply to client '1659321226.6496499'
ptd-server 2022-08-01 03:33:46,650 [INFO] Got command from the client 'session,2022-08-01_03-33-46,start,ranging'
ptd-server 2022-08-01 03:33:46,650 [INFO] Running PTDaemon: ['/home/anton/projects/mlperf/power/inference_v1.0/ptd-linux-x86', '-l', '/tmp/tmp7lgbo8s4/ptd_logfile.txt', '-p', '8888', '49', '/dev/usbtmc0']
ptd-server 2022-08-01 03:34:03,824 [INFO] Sending to ptd: 'Hello'
ptd-server 2022-08-01 03:34:03,825 [INFO] Reply from ptd: 'Hello, PTDaemon here!'
ptd-server 2022-08-01 03:34:03,825 [INFO] Sending to ptd: 'Identify'
ptd-server 2022-08-01 03:34:03,826 [INFO] Reply from ptd: 'YokogawaWT310E,1000,1,1,1,1,0,1,1,version=1.9.2-e8c7a49a-20201208,OS=Linux 5.13.0-52-generic #59~20.04.1-Ubuntu SMP Thu Jun 16 21:21:28 UTC 2022 x86_64,mode=power,1,1,1,0,0,no_cal_date,YOKOGAWA;WT310E;C3XA04010E;F1.04'
ptd-server 2022-08-01 03:34:03,826 [INFO] Connected to PTDaemon
ptd-server 2022-08-01 03:34:03,826 [INFO] Sending to ptd: 'RR'
ptd-server 2022-08-01 03:34:03,826 [INFO] Reply from ptd: 'Ranges,0,0.500000,1,300.000000'
ptd-server 2022-08-01 03:34:03,826 [INFO] Initial range for Amps is 0.500000 for Volts is Auto
ptd-server 2022-08-01 03:34:03,826 [INFO] Sending to ptd: 'SR,V,Auto'
ptd-server 2022-08-01 03:34:04,329 [INFO] Reply from ptd: 'Range V changed'
ptd-server 2022-08-01 03:34:04,329 [INFO] Sending to ptd: 'SR,A,Auto'
ptd-server 2022-08-01 03:34:04,832 [INFO] Reply from ptd: 'Range A changed'
ptd-server 2022-08-01 03:34:14,837 [INFO] Starting ranging mode
ptd-server 2022-08-01 03:34:14,837 [INFO] Sending to ptd: 'Go,1000,0,2022-08-01_03-33-46_ranging'
ptd-server 2022-08-01 03:34:14,838 [INFO] Reply from ptd: 'Starting untimed measurement, maximum 500000 samples at 1000ms with 0 rampup samples'
ptd-server 2022-08-01 03:34:14,838 [INFO] Sending reply to client 'OK'
ptd-server 2022-08-01 03:44:38,166 [INFO] Got command from the client 'session,2022-08-01_03-33-46,stop,ranging'
ptd-server 2022-08-01 03:44:48,176 [INFO] Sending to ptd: 'Stop'
ptd-server 2022-08-01 03:44:48,177 [INFO] Reply from ptd: 'Stopping untimed measurement'
ptd-server 2022-08-01 03:44:49,551 [INFO] Sending reply to client 'OK'
ptd-server 2022-08-01 03:44:49,616 [INFO] Got command from the client 'time'
ptd-server 2022-08-01 03:44:49,616 [INFO] Sending reply to client '1659321889.6167912'
ptd-server 2022-08-01 03:44:49,618 [INFO] Got command from the client 'session,2022-08-01_03-33-46,start,testing'
ptd-server 2022-08-01 03:44:49,618 [INFO] Sending to ptd: 'SR,V,251.620000'
ptd-server 2022-08-01 03:44:51,119 [INFO] Reply from ptd: 'Range V changed'
ptd-server 2022-08-01 03:44:51,119 [INFO] Sending to ptd: 'SR,A,0.265910'
ptd-server 2022-08-01 03:44:52,621 [INFO] Reply from ptd: 'Range A changed'
ptd-server 2022-08-01 03:45:02,631 [INFO] Starting testing mode
ptd-server 2022-08-01 03:45:02,631 [INFO] Sending to ptd: 'Go,1000,0,2022-08-01_03-33-46_testing'
ptd-server 2022-08-01 03:45:02,632 [INFO] Reply from ptd: 'Starting untimed measurement, maximum 500000 samples at 1000ms with 0 rampup samples'
ptd-server 2022-08-01 03:45:02,632 [INFO] Sending reply to client 'OK'
ptd-server 2022-08-01 03:55:16,582 [INFO] Got command from the client 'session,2022-08-01_03-33-46,stop,testing'
ptd-server 2022-08-01 03:55:26,592 [INFO] Sending to ptd: 'Stop'
ptd-server 2022-08-01 03:55:26,593 [INFO] Reply from ptd: 'Stopping untimed measurement'
ptd-server 2022-08-01 03:55:27,276 [INFO] Sending reply to client 'OK'
ptd-server 2022-08-01 03:55:27,297 [INFO] Got command from the client 'session,2022-08-01_03-33-46,done'
ptd-server 2022-08-01 03:55:27,297 [INFO] Sending to ptd: 'Stop'
ptd-server 2022-08-01 03:55:27,297 [INFO] Reply from ptd: 'Error: no measurement to stop'
ptd-server 2022-08-01 03:55:27,297 [INFO] Sending to ptd: 'SR,V,Auto'
ptd-server 2022-08-01 03:55:27,800 [INFO] Reply from ptd: 'Range V changed'
ptd-server 2022-08-01 03:55:27,800 [INFO] Sending to ptd: 'SR,A,0.500000'
ptd-server 2022-08-01 03:55:29,301 [INFO] Reply from ptd: 'Range A changed'
ptd-server 2022-08-01 03:55:29,301 [INFO] Set initial values for Amps 0.500000 and Volts Auto
ptd-server 2022-08-01 03:55:29,302 [INFO] Stopping ptd...
