ptd-server 2022-07-31 08:20:21,211 [INFO] Got command from the client 'time'
ptd-server 2022-07-31 08:20:21,211 [INFO] Sending reply to client '1659252021.2116177'
ptd-server 2022-07-31 08:20:21,212 [INFO] Got command from the client 'new,,5a6f0e1d-cfac-4d0d-a385-90ee34973210'
ptd-server 2022-07-31 08:20:21,212 [INFO] Sending reply to client 'OK 2022-07-31_08-20-21,000f0139-9014-4e9e-81b9-dbc20cd703e8'
ptd-server 2022-07-31 08:20:21,248 [INFO] Got command from the client 'time'
ptd-server 2022-07-31 08:20:21,248 [INFO] Sending reply to client '1659252021.2482405'
ptd-server 2022-07-31 08:20:21,249 [INFO] Got command from the client 'session,2022-07-31_08-20-21,start,ranging'
ptd-server 2022-07-31 08:20:21,249 [INFO] Running PTDaemon: ['/home/anton/projects/mlperf/power/inference_v1.0/ptd-linux-x86', '-l', '/tmp/tmp7lgbo8s4/ptd_logfile.txt', '-p', '8888', '49', '/dev/usbtmc0']
ptd-server 2022-07-31 08:20:38,422 [INFO] Sending to ptd: 'Hello'
ptd-server 2022-07-31 08:20:38,423 [INFO] Reply from ptd: 'Hello, PTDaemon here!'
ptd-server 2022-07-31 08:20:38,423 [INFO] Sending to ptd: 'Identify'
ptd-server 2022-07-31 08:20:38,424 [INFO] Reply from ptd: 'YokogawaWT310E,1000,1,1,1,1,0,1,1,version=1.9.2-e8c7a49a-20201208,OS=Linux 5.13.0-52-generic #59~20.04.1-Ubuntu SMP Thu Jun 16 21:21:28 UTC 2022 x86_64,mode=power,1,1,1,0,0,no_cal_date,YOKOGAWA;WT310E;C3XA04010E;F1.04'
ptd-server 2022-07-31 08:20:38,424 [INFO] Connected to PTDaemon
ptd-server 2022-07-31 08:20:38,424 [INFO] Sending to ptd: 'RR'
ptd-server 2022-07-31 08:20:38,424 [INFO] Reply from ptd: 'Ranges,0,0.500000,1,300.000000'
ptd-server 2022-07-31 08:20:38,424 [INFO] Initial range for Amps is 0.500000 for Volts is Auto
ptd-server 2022-07-31 08:20:38,424 [INFO] Sending to ptd: 'SR,V,Auto'
ptd-server 2022-07-31 08:20:38,927 [INFO] Reply from ptd: 'Range V changed'
ptd-server 2022-07-31 08:20:38,927 [INFO] Sending to ptd: 'SR,A,Auto'
ptd-server 2022-07-31 08:20:39,429 [INFO] Reply from ptd: 'Range A changed'
ptd-server 2022-07-31 08:20:49,440 [INFO] Starting ranging mode
ptd-server 2022-07-31 08:20:49,440 [INFO] Sending to ptd: 'Go,1000,0,2022-07-31_08-20-21_ranging'
ptd-server 2022-07-31 08:20:49,440 [INFO] Reply from ptd: 'Starting untimed measurement, maximum 500000 samples at 1000ms with 0 rampup samples'
ptd-server 2022-07-31 08:20:49,440 [INFO] Sending reply to client 'OK'
ptd-server 2022-07-31 08:31:03,574 [INFO] Got command from the client 'session,2022-07-31_08-20-21,stop,ranging'
ptd-server 2022-07-31 08:31:13,584 [INFO] Sending to ptd: 'Stop'
ptd-server 2022-07-31 08:31:13,585 [INFO] Reply from ptd: 'Stopping untimed measurement'
ptd-server 2022-07-31 08:31:14,848 [INFO] Sending reply to client 'OK'
ptd-server 2022-07-31 08:31:14,904 [INFO] Got command from the client 'time'
ptd-server 2022-07-31 08:31:14,904 [INFO] Sending reply to client '1659252674.9046285'
ptd-server 2022-07-31 08:31:14,905 [INFO] Got command from the client 'session,2022-07-31_08-20-21,start,testing'
ptd-server 2022-07-31 08:31:14,906 [INFO] Sending to ptd: 'SR,V,249.780000'
ptd-server 2022-07-31 08:31:16,407 [INFO] Reply from ptd: 'Range V changed'
ptd-server 2022-07-31 08:31:16,407 [INFO] Sending to ptd: 'SR,A,0.185480'
ptd-server 2022-07-31 08:31:17,908 [INFO] Reply from ptd: 'Range A changed'
ptd-server 2022-07-31 08:31:27,919 [INFO] Starting testing mode
ptd-server 2022-07-31 08:31:27,919 [INFO] Sending to ptd: 'Go,1000,0,2022-07-31_08-20-21_testing'
ptd-server 2022-07-31 08:31:27,919 [INFO] Reply from ptd: 'Starting untimed measurement, maximum 500000 samples at 1000ms with 0 rampup samples'
ptd-server 2022-07-31 08:31:27,920 [INFO] Sending reply to client 'OK'
ptd-server 2022-07-31 08:41:39,238 [INFO] Got command from the client 'session,2022-07-31_08-20-21,stop,testing'
ptd-server 2022-07-31 08:41:49,249 [INFO] Sending to ptd: 'Stop'
ptd-server 2022-07-31 08:41:49,249 [INFO] Reply from ptd: 'Stopping untimed measurement'
ptd-server 2022-07-31 08:41:49,904 [INFO] Sending reply to client 'OK'
ptd-server 2022-07-31 08:41:49,918 [INFO] Got command from the client 'session,2022-07-31_08-20-21,done'
ptd-server 2022-07-31 08:41:49,918 [INFO] Sending to ptd: 'Stop'
ptd-server 2022-07-31 08:41:49,920 [INFO] Reply from ptd: 'Error: no measurement to stop'
ptd-server 2022-07-31 08:41:49,920 [INFO] Sending to ptd: 'SR,V,Auto'
ptd-server 2022-07-31 08:41:50,422 [INFO] Reply from ptd: 'Range V changed'
ptd-server 2022-07-31 08:41:50,422 [INFO] Sending to ptd: 'SR,A,0.500000'
ptd-server 2022-07-31 08:41:51,924 [INFO] Reply from ptd: 'Range A changed'
ptd-server 2022-07-31 08:41:51,924 [INFO] Set initial values for Amps 0.500000 and Volts Auto
ptd-server 2022-07-31 08:41:51,924 [INFO] Stopping ptd...
