ptd-server 2022-08-01 23:38:04,085 [INFO] Got command from the client 'time'
ptd-server 2022-08-01 23:38:04,085 [INFO] Sending reply to client '1659393484.0852435'
ptd-server 2022-08-01 23:38:04,086 [INFO] Got command from the client 'new,,6c6f3441-1125-4e92-8930-f4675ec8a2b8'
ptd-server 2022-08-01 23:38:04,086 [INFO] Sending reply to client 'OK 2022-08-01_23-38-04,fa0f4fa7-6659-49cd-aa43-597022f8634a'
ptd-server 2022-08-01 23:38:04,118 [INFO] Got command from the client 'time'
ptd-server 2022-08-01 23:38:04,118 [INFO] Sending reply to client '1659393484.1185398'
ptd-server 2022-08-01 23:38:04,119 [INFO] Got command from the client 'session,2022-08-01_23-38-04,start,ranging'
ptd-server 2022-08-01 23:38:04,119 [INFO] Running PTDaemon: ['/home/anton/projects/mlperf/power/inference_v1.0/ptd-linux-x86', '-l', '/tmp/tmp7lgbo8s4/ptd_logfile.txt', '-p', '8888', '49', '/dev/usbtmc0']
ptd-server 2022-08-01 23:38:21,293 [INFO] Sending to ptd: 'Hello'
ptd-server 2022-08-01 23:38:21,293 [INFO] Reply from ptd: 'Hello, PTDaemon here!'
ptd-server 2022-08-01 23:38:21,294 [INFO] Sending to ptd: 'Identify'
ptd-server 2022-08-01 23:38:21,294 [INFO] Reply from ptd: 'YokogawaWT310E,1000,1,1,1,1,0,1,1,version=1.9.2-e8c7a49a-20201208,OS=Linux 5.13.0-52-generic #59~20.04.1-Ubuntu SMP Thu Jun 16 21:21:28 UTC 2022 x86_64,mode=power,1,1,1,0,0,no_cal_date,YOKOGAWA;WT310E;C3XA04010E;F1.04'
ptd-server 2022-08-01 23:38:21,294 [INFO] Connected to PTDaemon
ptd-server 2022-08-01 23:38:21,294 [INFO] Sending to ptd: 'RR'
ptd-server 2022-08-01 23:38:21,295 [INFO] Reply from ptd: 'Ranges,0,0.500000,1,300.000000'
ptd-server 2022-08-01 23:38:21,295 [INFO] Initial range for Amps is 0.500000 for Volts is Auto
ptd-server 2022-08-01 23:38:21,295 [INFO] Sending to ptd: 'SR,V,Auto'
ptd-server 2022-08-01 23:38:21,798 [INFO] Reply from ptd: 'Range V changed'
ptd-server 2022-08-01 23:38:21,798 [INFO] Sending to ptd: 'SR,A,Auto'
ptd-server 2022-08-01 23:38:22,300 [INFO] Reply from ptd: 'Range A changed'
ptd-server 2022-08-01 23:38:32,311 [INFO] Starting ranging mode
ptd-server 2022-08-01 23:38:32,311 [INFO] Sending to ptd: 'Go,1000,0,2022-08-01_23-38-04_ranging'
ptd-server 2022-08-01 23:38:32,312 [INFO] Reply from ptd: 'Starting untimed measurement, maximum 500000 samples at 1000ms with 0 rampup samples'
ptd-server 2022-08-01 23:38:32,312 [INFO] Sending reply to client 'OK'
ptd-server 2022-08-01 23:48:43,687 [INFO] Got command from the client 'session,2022-08-01_23-38-04,stop,ranging'
ptd-server 2022-08-01 23:48:53,698 [INFO] Sending to ptd: 'Stop'
ptd-server 2022-08-01 23:48:53,698 [INFO] Reply from ptd: 'Stopping untimed measurement'
ptd-server 2022-08-01 23:48:55,143 [INFO] Sending reply to client 'OK'
ptd-server 2022-08-01 23:48:55,186 [INFO] Got command from the client 'time'
ptd-server 2022-08-01 23:48:55,186 [INFO] Sending reply to client '1659394135.1866136'
ptd-server 2022-08-01 23:48:55,188 [INFO] Got command from the client 'session,2022-08-01_23-38-04,start,testing'
ptd-server 2022-08-01 23:48:55,188 [INFO] Sending to ptd: 'SR,V,249.690000'
ptd-server 2022-08-01 23:48:56,690 [INFO] Reply from ptd: 'Range V changed'
ptd-server 2022-08-01 23:48:56,690 [INFO] Sending to ptd: 'SR,A,0.217040'
ptd-server 2022-08-01 23:48:58,191 [INFO] Reply from ptd: 'Range A changed'
ptd-server 2022-08-01 23:49:08,201 [INFO] Starting testing mode
ptd-server 2022-08-01 23:49:08,202 [INFO] Sending to ptd: 'Go,1000,0,2022-08-01_23-38-04_testing'
ptd-server 2022-08-01 23:49:08,202 [INFO] Reply from ptd: 'Starting untimed measurement, maximum 500000 samples at 1000ms with 0 rampup samples'
ptd-server 2022-08-01 23:49:08,202 [INFO] Sending reply to client 'OK'
ptd-server 2022-08-01 23:59:19,606 [INFO] Got command from the client 'session,2022-08-01_23-38-04,stop,testing'
ptd-server 2022-08-01 23:59:29,616 [INFO] Sending to ptd: 'Stop'
ptd-server 2022-08-01 23:59:29,617 [INFO] Reply from ptd: 'Stopping untimed measurement'
ptd-server 2022-08-01 23:59:30,354 [INFO] Sending reply to client 'OK'
ptd-server 2022-08-01 23:59:30,365 [INFO] Got command from the client 'session,2022-08-01_23-38-04,done'
ptd-server 2022-08-01 23:59:30,366 [INFO] Sending to ptd: 'Stop'
ptd-server 2022-08-01 23:59:30,366 [INFO] Reply from ptd: 'Error: no measurement to stop'
ptd-server 2022-08-01 23:59:30,366 [INFO] Sending to ptd: 'SR,V,Auto'
ptd-server 2022-08-01 23:59:30,869 [INFO] Reply from ptd: 'Range V changed'
ptd-server 2022-08-01 23:59:30,869 [INFO] Sending to ptd: 'SR,A,0.500000'
ptd-server 2022-08-01 23:59:32,370 [INFO] Reply from ptd: 'Range A changed'
ptd-server 2022-08-01 23:59:32,370 [INFO] Set initial values for Amps 0.500000 and Volts Auto
ptd-server 2022-08-01 23:59:32,370 [INFO] Stopping ptd...
