client 2022-07-28 11:15:25,734 [INFO] Sending command to the server: 'mlcommons/power client v3'
client 2022-07-28 11:15:25,734 [INFO] Got response: 'mlcommons/power server v3'
client 2022-07-28 11:15:25,735 [INFO] Sending command to the server: 'stop'
client 2022-07-28 11:15:25,736 [INFO] Got response: 'OK'
client 2022-07-28 11:15:25,736 [INFO] Synchronizing with the server and with 192.168.123.123...
client 2022-07-28 11:15:25,738 [INFO] NTP:offset = -0.000 s, delay = 0.000 s 
client 2022-07-28 11:15:25,738 [INFO] Sending command to the server: 'time'
client 2022-07-28 11:15:25,739 [INFO] Got response: '1659006925.5845163'
client 2022-07-28 11:15:25,739 [INFO] The time difference between the client and the server is within range 154.386 ms..155.279 ms
client 2022-07-28 11:15:25,739 [INFO] Sending command to the server: 'new,,15740868-9f5a-458d-b7a3-aea188e24f2a'
client 2022-07-28 11:15:25,741 [INFO] Got response: 'OK 2022-07-28_11-15-25,112f45fc-b1af-4b1b-b74a-04fccc55ed12'
client 2022-07-28 11:15:25,741 [INFO] Session id is '2022-07-28_11-15-25'
client 2022-07-28 11:15:25,741 [INFO] Sources: {"sources": {"__init__.py": "da39a3ee5e6b4b0d3255bfef95601890afd80709", "client.py": "33ca4f26368777ac06e01f9567b714a4b8063886", "lib/__init__.py": "da39a3ee5e6b4b0d3255bfef95601890afd80709", "lib/client.py": "4c2b78fb4849a7e5b584ef792d82aaed20b17f57", "lib/common.py": "624d0c0acc7c39aaff3674f0b99d6a09da53d1dc", "lib/external/__init__.py": "da39a3ee5e6b4b0d3255bfef95601890afd80709", "lib/external/ntplib.py": "4da8f970656505a40483206ef2b5d3dd5e81711d", "lib/server.py": "cda0cdfaee9bfa1249c64a7dd4f89b7bf1b279f0", "lib/source_hashes.py": "60a2e02193209e8d392803326208d5466342da18", "lib/summary.py": "aa92f0a3f975eecd44d3c0cd0236342ccc9f941d", "lib/time_sync.py": "3210db56eb0ff0df57bf4293dc4d4b03fffd46f1", "server.py": "c3f90f2f7eeb4db30727556d0c815ebc89b3d28b", "tests/unit/__init__.py": "da39a3ee5e6b4b0d3255bfef95601890afd80709", "tests/unit/test_server.py": "99ae15aef722f2000ee6ed1ae1523637bf1ae42b", "tests/unit/test_source_hashes.py": "00468a2907583c593e6574a1f6b404e4651c221a"}, "modules": {"ptd_client_server.lib.client": "lib/client.py", "ptd_client_server.lib.common": "lib/common.py", "ptd_client_server.lib.external.ntplib": "lib/external/ntplib.py", "ptd_client_server.lib.source_hashes": "lib/source_hashes.py", "ptd_client_server.lib.summary": "lib/summary.py", "ptd_client_server.lib.time_sync": "lib/time_sync.py"}}
client 2022-07-28 11:15:25,741 [INFO] Running workload in ranging mode
client 2022-07-28 11:15:25,741 [INFO] Synchronizing with the server and with 192.168.123.123...
client 2022-07-28 11:15:25,742 [INFO] NTP:offset = -0.000 s, delay = 0.000 s 
client 2022-07-28 11:15:25,742 [INFO] Sending command to the server: 'time'
client 2022-07-28 11:15:25,743 [INFO] Got response: '1659006925.5880115'
client 2022-07-28 11:15:25,743 [INFO] The time difference between the client and the server is within range 154.377 ms..155.338 ms
client 2022-07-28 11:15:25,743 [INFO] Sending command to the server: 'session,2022-07-28_11-15-25,start,ranging'
client 2022-07-28 11:16:04,839 [INFO] Got response: 'OK'
client 2022-07-28 11:16:04,840 [INFO] Running the workload 'LOG_DIR=/work/build/power_logs_temp python3 -m code.main_v2 --benchmarks=rnnt --scenarios=offline --config_ver=maxq --action="run_harness" \\\n\t\t2>&1 | tee -a /work/build/power_logs/2022.07.28-11.15.17/stdout.txt \\\n\t\t&& if [ ! -d /work/build/power_logs/2022.07.28-11.15.17/ranging_tmp ]; \\\n\t\t\tthen mkdir /work/build/power_logs/2022.07.28-11.15.17/ranging_tmp \\\n\t\t\t\t&& mv /work/build/power_logs_temp/* /work/build/power_logs/2022.07.28-11.15.17/ranging_tmp/ \\\n\t\t\t\t&& cp -v /work/build/power_logs/2022.07.28-11.15.17/ranging_tmp/*/*/*/mlperf_log_detail.txt /work/build/power_logs_temp/ \\\n\t\t\t\t&& cp -v /work/build/power_logs/2022.07.28-11.15.17/ranging_tmp/*/*/*/mlperf_log_summary.txt /work/build/power_logs_temp/; \\\n\t\t\telse mkdir /work/build/power_logs/2022.07.28-11.15.17/testing_tmp \\\n\t\t\t\t&& mv /work/build/power_logs_temp/* /work/build/power_logs/2022.07.28-11.15.17/testing_tmp/ \\\n\t\t\t\t&& cp -v /work/build/power_logs/2022.07.28-11.15.17/testing_tmp/*/*/*/mlperf_log_detail.txt /work/build/power_logs_temp/ \\\n\t\t\t\t&& cp -v /work/build/power_logs/2022.07.28-11.15.17/testing_tmp/*/*/*/mlperf_log_summary.txt /work/build/power_logs_temp/; fi'
client 2022-07-28 11:27:24,238 [INFO] Sending command to the server: 'session,2022-07-28_11-15-25,stop,ranging'
client 2022-07-28 11:27:34,278 [INFO] Got response: 'OK'
client 2022-07-28 11:27:34,286 [INFO] Copying loadgen logs from '/work/build/power_logs_temp' to '/work/build/power_logs/2022.07.28-11.15.17/2022-07-28_11-15-25/ranging'
client 2022-07-28 11:27:34,286 [INFO] Running workload in testing mode
client 2022-07-28 11:27:34,286 [INFO] Synchronizing with the server and with 192.168.123.123...
client 2022-07-28 11:27:34,287 [INFO] NTP:offset = -0.000 s, delay = 0.000 s 
client 2022-07-28 11:27:34,288 [INFO] Sending command to the server: 'time'
client 2022-07-28 11:27:34,288 [INFO] Got response: '1659007654.1064548'
client 2022-07-28 11:27:34,289 [INFO] The time difference between the client and the server is within range 181.654 ms..182.647 ms
client 2022-07-28 11:27:34,289 [INFO] Sending command to the server: 'session,2022-07-28_11-15-25,start,testing'
client 2022-07-28 11:27:56,561 [INFO] Got response: 'OK'
client 2022-07-28 11:27:56,561 [INFO] Running the workload 'LOG_DIR=/work/build/power_logs_temp python3 -m code.main_v2 --benchmarks=rnnt --scenarios=offline --config_ver=maxq --action="run_harness" \\\n\t\t2>&1 | tee -a /work/build/power_logs/2022.07.28-11.15.17/stdout.txt \\\n\t\t&& if [ ! -d /work/build/power_logs/2022.07.28-11.15.17/ranging_tmp ]; \\\n\t\t\tthen mkdir /work/build/power_logs/2022.07.28-11.15.17/ranging_tmp \\\n\t\t\t\t&& mv /work/build/power_logs_temp/* /work/build/power_logs/2022.07.28-11.15.17/ranging_tmp/ \\\n\t\t\t\t&& cp -v /work/build/power_logs/2022.07.28-11.15.17/ranging_tmp/*/*/*/mlperf_log_detail.txt /work/build/power_logs_temp/ \\\n\t\t\t\t&& cp -v /work/build/power_logs/2022.07.28-11.15.17/ranging_tmp/*/*/*/mlperf_log_summary.txt /work/build/power_logs_temp/; \\\n\t\t\telse mkdir /work/build/power_logs/2022.07.28-11.15.17/testing_tmp \\\n\t\t\t\t&& mv /work/build/power_logs_temp/* /work/build/power_logs/2022.07.28-11.15.17/testing_tmp/ \\\n\t\t\t\t&& cp -v /work/build/power_logs/2022.07.28-11.15.17/testing_tmp/*/*/*/mlperf_log_detail.txt /work/build/power_logs_temp/ \\\n\t\t\t\t&& cp -v /work/build/power_logs/2022.07.28-11.15.17/testing_tmp/*/*/*/mlperf_log_summary.txt /work/build/power_logs_temp/; fi'
client 2022-07-28 11:38:56,473 [INFO] Sending command to the server: 'session,2022-07-28_11-15-25,stop,testing'
client 2022-07-28 11:39:06,503 [INFO] Got response: 'OK'
client 2022-07-28 11:39:06,505 [INFO] Copying loadgen logs from '/work/build/power_logs_temp' to '/work/build/power_logs/2022.07.28-11.15.17/2022-07-28_11-15-25/run_1'
client 2022-07-28 11:39:06,505 [INFO] Done runs
