ptd-server 2022-07-28 11:15:25,580 [INFO] Got command from the client 'stop'
ptd-server 2022-07-28 11:15:25,580 [INFO] The server will be stopped after processing this client
ptd-server 2022-07-28 11:15:25,580 [INFO] Sending reply to client 'OK'
ptd-server 2022-07-28 11:15:25,584 [INFO] Got command from the client 'time'
ptd-server 2022-07-28 11:15:25,584 [INFO] Sending reply to client '1659006925.5845163'
ptd-server 2022-07-28 11:15:25,585 [INFO] Got command from the client 'new,,15740868-9f5a-458d-b7a3-aea188e24f2a'
ptd-server 2022-07-28 11:15:25,585 [INFO] Sending reply to client 'OK 2022-07-28_11-15-25,112f45fc-b1af-4b1b-b74a-04fccc55ed12'
ptd-server 2022-07-28 11:15:25,587 [INFO] Got command from the client 'time'
ptd-server 2022-07-28 11:15:25,588 [INFO] Sending reply to client '1659006925.5880115'
ptd-server 2022-07-28 11:15:25,588 [INFO] Got command from the client 'session,2022-07-28_11-15-25,start,ranging'
ptd-server 2022-07-28 11:15:25,691 [INFO] Running PTDaemon: ['C:\\PTD\\ptd-windows-x86.exe', '-l', 'C:\\Users\\pa\\AppData\\Local\\Temp\\tmpl3rw8zv3\\ptd_logfile.txt', '-p', '8888', '-c', '1,2', '-y', '77', 'C2WL21005V']
ptd-server 2022-07-28 11:15:44,013 [INFO] Sending to ptd: 'Hello'
ptd-server 2022-07-28 11:15:44,014 [INFO] Reply from ptd: 'Hello, PTDaemon here!'
ptd-server 2022-07-28 11:15:44,014 [INFO] Sending to ptd: 'Identify'
ptd-server 2022-07-28 11:15:44,014 [INFO] Reply from ptd: 'YokogawaWT330_multichannel,1000,1,1,1,1,0,0,1,version=1.9.2-3976349f-20201208,OS=Windows 8 / Server 2012,mode=power,1,1,2,0,0,no_cal_date,YOKOGAWA;WT333E;C2WL21005V;F1.04'
ptd-server 2022-07-28 11:15:44,015 [INFO] Connected to PTDaemon
ptd-server 2022-07-28 11:15:44,015 [INFO] Sending to ptd: 'RR'
ptd-server 2022-07-28 11:15:44,016 [INFO] Reply from ptd: 'Ranges,-1,-1.000000,-1,-1.000000'
ptd-server 2022-07-28 11:15:44,016 [INFO] Initial range for Amps is Auto for Volts is Auto
ptd-server 2022-07-28 11:15:44,016 [INFO] Sending to ptd: 'SR,V,Auto'
ptd-server 2022-07-28 11:15:49,085 [INFO] Reply from ptd: 'Range V changed'
ptd-server 2022-07-28 11:15:49,086 [INFO] Sending to ptd: 'SR,A,20'
ptd-server 2022-07-28 11:15:54,671 [INFO] Reply from ptd: 'Range A changed'
ptd-server 2022-07-28 11:16:04,681 [INFO] Starting ranging mode
ptd-server 2022-07-28 11:16:04,682 [INFO] Sending to ptd: 'Go,1000,0,2022-07-28_11-15-25_ranging'
ptd-server 2022-07-28 11:16:04,682 [INFO] Reply from ptd: 'Starting untimed measurement, maximum 500000 samples at 1000ms with 0 rampup samples'
ptd-server 2022-07-28 11:16:04,683 [INFO] Sending reply to client 'OK'
ptd-server 2022-07-28 11:27:24,057 [INFO] Got command from the client 'session,2022-07-28_11-15-25,stop,ranging'
ptd-server 2022-07-28 11:27:34,065 [INFO] Sending to ptd: 'Stop'
ptd-server 2022-07-28 11:27:34,065 [INFO] Reply from ptd: 'Stopping untimed measurement'
ptd-server 2022-07-28 11:27:34,095 [INFO] Sending reply to client 'OK'
ptd-server 2022-07-28 11:27:34,106 [INFO] Got command from the client 'time'
ptd-server 2022-07-28 11:27:34,106 [INFO] Sending reply to client '1659007654.1064548'
ptd-server 2022-07-28 11:27:34,107 [INFO] Got command from the client 'session,2022-07-28_11-15-25,start,testing'
ptd-server 2022-07-28 11:27:34,107 [INFO] Sending to ptd: 'SR,V,120.210000'
ptd-server 2022-07-28 11:27:40,774 [INFO] Reply from ptd: 'Range V changed'
ptd-server 2022-07-28 11:27:40,774 [INFO] Sending to ptd: 'SR,A,1.511000'
ptd-server 2022-07-28 11:27:46,364 [INFO] Reply from ptd: 'Range A changed'
ptd-server 2022-07-28 11:27:56,376 [INFO] Starting testing mode
ptd-server 2022-07-28 11:27:56,376 [INFO] Sending to ptd: 'Go,1000,0,2022-07-28_11-15-25_testing'
ptd-server 2022-07-28 11:27:56,377 [INFO] Reply from ptd: 'Starting untimed measurement, maximum 500000 samples at 1000ms with 0 rampup samples'
ptd-server 2022-07-28 11:27:56,377 [INFO] Sending reply to client 'OK'
ptd-server 2022-07-28 11:38:56,266 [INFO] Got command from the client 'session,2022-07-28_11-15-25,stop,testing'
ptd-server 2022-07-28 11:39:06,279 [INFO] Sending to ptd: 'Stop'
ptd-server 2022-07-28 11:39:06,279 [INFO] Reply from ptd: 'Stopping untimed measurement'
ptd-server 2022-07-28 11:39:06,294 [INFO] Sending reply to client 'OK'
ptd-server 2022-07-28 11:39:06,301 [INFO] Got command from the client 'session,2022-07-28_11-15-25,done'
ptd-server 2022-07-28 11:39:06,301 [INFO] Sending to ptd: 'Stop'
ptd-server 2022-07-28 11:39:06,387 [INFO] Reply from ptd: 'Error: no measurement to stop'
ptd-server 2022-07-28 11:39:06,388 [INFO] Sending to ptd: 'SR,V,Auto'
ptd-server 2022-07-28 11:39:11,451 [INFO] Reply from ptd: 'Range V changed'
ptd-server 2022-07-28 11:39:11,451 [INFO] Sending to ptd: 'SR,A,Auto'
ptd-server 2022-07-28 11:39:16,521 [INFO] Reply from ptd: 'Range A changed'
ptd-server 2022-07-28 11:39:16,522 [INFO] Set initial values for Amps Auto and Volts Auto
ptd-server 2022-07-28 11:39:16,522 [INFO] Stopping ptd...
