ptd-server 2022-08-02 22:41:23,515 [INFO] Got command from the client 'time'
ptd-server 2022-08-02 22:41:23,515 [INFO] Sending reply to client '1659476483.5154505'
ptd-server 2022-08-02 22:41:23,516 [INFO] Got command from the client 'new,,675527bf-2240-4fb5-a874-5b515c41459c'
ptd-server 2022-08-02 22:41:23,516 [INFO] Sending reply to client 'OK 2022-08-02_22-41-23,2fcdb354-feb8-4940-99d4-b1e2cf8e0712'
ptd-server 2022-08-02 22:41:23,545 [INFO] Got command from the client 'time'
ptd-server 2022-08-02 22:41:23,545 [INFO] Sending reply to client '1659476483.5455394'
ptd-server 2022-08-02 22:41:23,546 [INFO] Got command from the client 'session,2022-08-02_22-41-23,start,ranging'
ptd-server 2022-08-02 22:41:23,546 [INFO] Running PTDaemon: ['/home/anton/projects/mlperf/power/inference_v1.0/ptd-linux-x86', '-l', '/tmp/tmp7lgbo8s4/ptd_logfile.txt', '-p', '8888', '49', '/dev/usbtmc0']
ptd-server 2022-08-02 22:41:40,717 [INFO] Sending to ptd: 'Hello'
ptd-server 2022-08-02 22:41:40,718 [INFO] Reply from ptd: 'Hello, PTDaemon here!'
ptd-server 2022-08-02 22:41:40,718 [INFO] Sending to ptd: 'Identify'
ptd-server 2022-08-02 22:41:40,718 [INFO] Reply from ptd: 'YokogawaWT310E,1000,1,1,1,1,0,1,1,version=1.9.2-e8c7a49a-20201208,OS=Linux 5.13.0-52-generic #59~20.04.1-Ubuntu SMP Thu Jun 16 21:21:28 UTC 2022 x86_64,mode=power,1,1,1,0,0,no_cal_date,YOKOGAWA;WT310E;C3XA04010E;F1.04'
ptd-server 2022-08-02 22:41:40,718 [INFO] Connected to PTDaemon
ptd-server 2022-08-02 22:41:40,718 [INFO] Sending to ptd: 'RR'
ptd-server 2022-08-02 22:41:40,719 [INFO] Reply from ptd: 'Ranges,0,0.500000,1,300.000000'
ptd-server 2022-08-02 22:41:40,719 [INFO] Initial range for Amps is 0.500000 for Volts is Auto
ptd-server 2022-08-02 22:41:40,719 [INFO] Sending to ptd: 'SR,V,Auto'
ptd-server 2022-08-02 22:41:41,221 [INFO] Reply from ptd: 'Range V changed'
ptd-server 2022-08-02 22:41:41,221 [INFO] Sending to ptd: 'SR,A,Auto'
ptd-server 2022-08-02 22:41:41,724 [INFO] Reply from ptd: 'Range A changed'
ptd-server 2022-08-02 22:41:51,734 [INFO] Starting ranging mode
ptd-server 2022-08-02 22:41:51,734 [INFO] Sending to ptd: 'Go,1000,0,2022-08-02_22-41-23_ranging'
ptd-server 2022-08-02 22:41:51,735 [INFO] Reply from ptd: 'Starting untimed measurement, maximum 500000 samples at 1000ms with 0 rampup samples'
ptd-server 2022-08-02 22:41:51,735 [INFO] Sending reply to client 'OK'
ptd-server 2022-08-02 22:52:06,257 [INFO] Got command from the client 'session,2022-08-02_22-41-23,stop,ranging'
ptd-server 2022-08-02 22:52:16,267 [INFO] Sending to ptd: 'Stop'
ptd-server 2022-08-02 22:52:16,267 [INFO] Reply from ptd: 'Stopping untimed measurement'
ptd-server 2022-08-02 22:52:17,825 [INFO] Sending reply to client 'OK'
ptd-server 2022-08-02 22:52:17,879 [INFO] Got command from the client 'time'
ptd-server 2022-08-02 22:52:17,879 [INFO] Sending reply to client '1659477137.879472'
ptd-server 2022-08-02 22:52:17,881 [INFO] Got command from the client 'session,2022-08-02_22-41-23,start,testing'
ptd-server 2022-08-02 22:52:17,881 [INFO] Sending to ptd: 'SR,V,249.320000'
ptd-server 2022-08-02 22:52:19,382 [INFO] Reply from ptd: 'Range V changed'
ptd-server 2022-08-02 22:52:19,382 [INFO] Sending to ptd: 'SR,A,0.257050'
ptd-server 2022-08-02 22:52:20,884 [INFO] Reply from ptd: 'Range A changed'
ptd-server 2022-08-02 22:52:30,894 [INFO] Starting testing mode
ptd-server 2022-08-02 22:52:30,894 [INFO] Sending to ptd: 'Go,1000,0,2022-08-02_22-41-23_testing'
ptd-server 2022-08-02 22:52:30,895 [INFO] Reply from ptd: 'Starting untimed measurement, maximum 500000 samples at 1000ms with 0 rampup samples'
ptd-server 2022-08-02 22:52:30,895 [INFO] Sending reply to client 'OK'
ptd-server 2022-08-02 23:02:45,456 [INFO] Got command from the client 'session,2022-08-02_22-41-23,stop,testing'
ptd-server 2022-08-02 23:02:55,466 [INFO] Sending to ptd: 'Stop'
ptd-server 2022-08-02 23:02:55,466 [INFO] Reply from ptd: 'Stopping untimed measurement'
ptd-server 2022-08-02 23:02:56,257 [INFO] Sending reply to client 'OK'
ptd-server 2022-08-02 23:02:56,271 [INFO] Got command from the client 'session,2022-08-02_22-41-23,done'
ptd-server 2022-08-02 23:02:56,271 [INFO] Sending to ptd: 'Stop'
ptd-server 2022-08-02 23:02:56,272 [INFO] Reply from ptd: 'Error: no measurement to stop'
ptd-server 2022-08-02 23:02:56,272 [INFO] Sending to ptd: 'SR,V,Auto'
ptd-server 2022-08-02 23:02:56,774 [INFO] Reply from ptd: 'Range V changed'
ptd-server 2022-08-02 23:02:56,774 [INFO] Sending to ptd: 'SR,A,0.500000'
ptd-server 2022-08-02 23:02:58,276 [INFO] Reply from ptd: 'Range A changed'
ptd-server 2022-08-02 23:02:58,276 [INFO] Set initial values for Amps 0.500000 and Volts Auto
ptd-server 2022-08-02 23:02:58,276 [INFO] Stopping ptd...
