ptd-server 2022-07-31 02:33:55,147 [INFO] Got command from the client 'time'
ptd-server 2022-07-31 02:33:55,147 [INFO] Sending reply to client '1659231235.1477635'
ptd-server 2022-07-31 02:33:55,148 [INFO] Got command from the client 'new,,29d3ba21-11d6-4df9-a5eb-7d33932f0343'
ptd-server 2022-07-31 02:33:55,149 [INFO] Sending reply to client 'OK 2022-07-31_02-33-55,9ae2cc4c-ff90-4701-a798-482d3e4be3f4'
ptd-server 2022-07-31 02:33:55,177 [INFO] Got command from the client 'time'
ptd-server 2022-07-31 02:33:55,177 [INFO] Sending reply to client '1659231235.177758'
ptd-server 2022-07-31 02:33:55,178 [INFO] Got command from the client 'session,2022-07-31_02-33-55,start,ranging'
ptd-server 2022-07-31 02:33:55,178 [INFO] Running PTDaemon: ['/home/anton/projects/mlperf/power/inference_v1.0/ptd-linux-x86', '-l', '/tmp/tmp7lgbo8s4/ptd_logfile.txt', '-p', '8888', '49', '/dev/usbtmc0']
ptd-server 2022-07-31 02:34:12,352 [INFO] Sending to ptd: 'Hello'
ptd-server 2022-07-31 02:34:12,352 [INFO] Reply from ptd: 'Hello, PTDaemon here!'
ptd-server 2022-07-31 02:34:12,353 [INFO] Sending to ptd: 'Identify'
ptd-server 2022-07-31 02:34:12,353 [INFO] Reply from ptd: 'YokogawaWT310E,1000,1,1,1,1,0,1,1,version=1.9.2-e8c7a49a-20201208,OS=Linux 5.13.0-52-generic #59~20.04.1-Ubuntu SMP Thu Jun 16 21:21:28 UTC 2022 x86_64,mode=power,1,1,1,0,0,no_cal_date,YOKOGAWA;WT310E;C3XA04010E;F1.04'
ptd-server 2022-07-31 02:34:12,353 [INFO] Connected to PTDaemon
ptd-server 2022-07-31 02:34:12,353 [INFO] Sending to ptd: 'RR'
ptd-server 2022-07-31 02:34:12,354 [INFO] Reply from ptd: 'Ranges,0,0.500000,1,300.000000'
ptd-server 2022-07-31 02:34:12,354 [INFO] Initial range for Amps is 0.500000 for Volts is Auto
ptd-server 2022-07-31 02:34:12,354 [INFO] Sending to ptd: 'SR,V,Auto'
ptd-server 2022-07-31 02:34:12,856 [INFO] Reply from ptd: 'Range V changed'
ptd-server 2022-07-31 02:34:12,856 [INFO] Sending to ptd: 'SR,A,Auto'
ptd-server 2022-07-31 02:34:13,359 [INFO] Reply from ptd: 'Range A changed'
ptd-server 2022-07-31 02:34:23,369 [INFO] Starting ranging mode
ptd-server 2022-07-31 02:34:23,369 [INFO] Sending to ptd: 'Go,1000,0,2022-07-31_02-33-55_ranging'
ptd-server 2022-07-31 02:34:23,370 [INFO] Reply from ptd: 'Starting untimed measurement, maximum 500000 samples at 1000ms with 0 rampup samples'
ptd-server 2022-07-31 02:34:23,370 [INFO] Sending reply to client 'OK'
ptd-server 2022-07-31 02:44:40,846 [INFO] Got command from the client 'session,2022-07-31_02-33-55,stop,ranging'
ptd-server 2022-07-31 02:44:50,856 [INFO] Sending to ptd: 'Stop'
ptd-server 2022-07-31 02:44:50,857 [INFO] Reply from ptd: 'Stopping untimed measurement'
ptd-server 2022-07-31 02:44:52,101 [INFO] Sending reply to client 'OK'
ptd-server 2022-07-31 02:44:52,154 [INFO] Got command from the client 'time'
ptd-server 2022-07-31 02:44:52,154 [INFO] Sending reply to client '1659231892.1547704'
ptd-server 2022-07-31 02:44:52,156 [INFO] Got command from the client 'session,2022-07-31_02-33-55,start,testing'
ptd-server 2022-07-31 02:44:52,156 [INFO] Sending to ptd: 'SR,V,251.970000'
ptd-server 2022-07-31 02:44:53,657 [INFO] Reply from ptd: 'Range V changed'
ptd-server 2022-07-31 02:44:53,657 [INFO] Sending to ptd: 'SR,A,0.243140'
ptd-server 2022-07-31 02:44:55,159 [INFO] Reply from ptd: 'Range A changed'
ptd-server 2022-07-31 02:45:05,169 [INFO] Starting testing mode
ptd-server 2022-07-31 02:45:05,169 [INFO] Sending to ptd: 'Go,1000,0,2022-07-31_02-33-55_testing'
ptd-server 2022-07-31 02:45:05,170 [INFO] Reply from ptd: 'Starting untimed measurement, maximum 500000 samples at 1000ms with 0 rampup samples'
ptd-server 2022-07-31 02:45:05,170 [INFO] Sending reply to client 'OK'
ptd-server 2022-07-31 02:55:16,475 [INFO] Got command from the client 'session,2022-07-31_02-33-55,stop,testing'
ptd-server 2022-07-31 02:55:26,485 [INFO] Sending to ptd: 'Stop'
ptd-server 2022-07-31 02:55:26,486 [INFO] Reply from ptd: 'Stopping untimed measurement'
ptd-server 2022-07-31 02:55:27,128 [INFO] Sending reply to client 'OK'
ptd-server 2022-07-31 02:55:27,143 [INFO] Got command from the client 'session,2022-07-31_02-33-55,done'
ptd-server 2022-07-31 02:55:27,143 [INFO] Sending to ptd: 'Stop'
ptd-server 2022-07-31 02:55:27,170 [INFO] Reply from ptd: 'Error: no measurement to stop'
ptd-server 2022-07-31 02:55:27,170 [INFO] Sending to ptd: 'SR,V,Auto'
ptd-server 2022-07-31 02:55:27,673 [INFO] Reply from ptd: 'Range V changed'
ptd-server 2022-07-31 02:55:27,673 [INFO] Sending to ptd: 'SR,A,0.500000'
ptd-server 2022-07-31 02:55:29,174 [INFO] Reply from ptd: 'Range A changed'
ptd-server 2022-07-31 02:55:29,174 [INFO] Set initial values for Amps 0.500000 and Volts Auto
ptd-server 2022-07-31 02:55:29,175 [INFO] Stopping ptd...
