ptd-server 2022-08-02 08:16:15,442 [INFO] Got command from the client 'time'
ptd-server 2022-08-02 08:16:15,442 [INFO] Sending reply to client '1659424575.442754'
ptd-server 2022-08-02 08:16:15,443 [INFO] Got command from the client 'new,,72e0d6f5-06bf-4b01-b4e1-1e11aa65f578'
ptd-server 2022-08-02 08:16:15,444 [INFO] Sending reply to client 'OK 2022-08-02_08-16-15,3836ca5e-0c9f-4fba-8852-c04d23e425b3'
ptd-server 2022-08-02 08:16:15,478 [INFO] Got command from the client 'time'
ptd-server 2022-08-02 08:16:15,478 [INFO] Sending reply to client '1659424575.478141'
ptd-server 2022-08-02 08:16:15,479 [INFO] Got command from the client 'session,2022-08-02_08-16-15,start,ranging'
ptd-server 2022-08-02 08:16:15,479 [INFO] Running PTDaemon: ['/home/anton/projects/mlperf/power/inference_v1.0/ptd-linux-x86', '-l', '/tmp/tmp7lgbo8s4/ptd_logfile.txt', '-p', '8888', '49', '/dev/usbtmc0']
ptd-server 2022-08-02 08:16:32,654 [INFO] Sending to ptd: 'Hello'
ptd-server 2022-08-02 08:16:32,655 [INFO] Reply from ptd: 'Hello, PTDaemon here!'
ptd-server 2022-08-02 08:16:32,655 [INFO] Sending to ptd: 'Identify'
ptd-server 2022-08-02 08:16:32,656 [INFO] Reply from ptd: 'YokogawaWT310E,1000,1,1,1,1,0,1,1,version=1.9.2-e8c7a49a-20201208,OS=Linux 5.13.0-52-generic #59~20.04.1-Ubuntu SMP Thu Jun 16 21:21:28 UTC 2022 x86_64,mode=power,1,1,1,0,0,no_cal_date,YOKOGAWA;WT310E;C3XA04010E;F1.04'
ptd-server 2022-08-02 08:16:32,656 [INFO] Connected to PTDaemon
ptd-server 2022-08-02 08:16:32,656 [INFO] Sending to ptd: 'RR'
ptd-server 2022-08-02 08:16:32,656 [INFO] Reply from ptd: 'Ranges,0,0.500000,1,300.000000'
ptd-server 2022-08-02 08:16:32,656 [INFO] Initial range for Amps is 0.500000 for Volts is Auto
ptd-server 2022-08-02 08:16:32,656 [INFO] Sending to ptd: 'SR,V,Auto'
ptd-server 2022-08-02 08:16:33,159 [INFO] Reply from ptd: 'Range V changed'
ptd-server 2022-08-02 08:16:33,159 [INFO] Sending to ptd: 'SR,A,Auto'
ptd-server 2022-08-02 08:16:33,662 [INFO] Reply from ptd: 'Range A changed'
ptd-server 2022-08-02 08:16:43,672 [INFO] Starting ranging mode
ptd-server 2022-08-02 08:16:43,672 [INFO] Sending to ptd: 'Go,1000,0,2022-08-02_08-16-15_ranging'
ptd-server 2022-08-02 08:16:43,673 [INFO] Reply from ptd: 'Starting untimed measurement, maximum 500000 samples at 1000ms with 0 rampup samples'
ptd-server 2022-08-02 08:16:43,673 [INFO] Sending reply to client 'OK'
ptd-server 2022-08-02 08:26:55,022 [INFO] Got command from the client 'session,2022-08-02_08-16-15,stop,ranging'
ptd-server 2022-08-02 08:27:05,032 [INFO] Sending to ptd: 'Stop'
ptd-server 2022-08-02 08:27:05,033 [INFO] Reply from ptd: 'Stopping untimed measurement'
ptd-server 2022-08-02 08:27:06,526 [INFO] Sending reply to client 'OK'
ptd-server 2022-08-02 08:27:06,575 [INFO] Got command from the client 'time'
ptd-server 2022-08-02 08:27:06,575 [INFO] Sending reply to client '1659425226.5751922'
ptd-server 2022-08-02 08:27:06,576 [INFO] Got command from the client 'session,2022-08-02_08-16-15,start,testing'
ptd-server 2022-08-02 08:27:06,576 [INFO] Sending to ptd: 'SR,V,249.890000'
ptd-server 2022-08-02 08:27:08,078 [INFO] Reply from ptd: 'Range V changed'
ptd-server 2022-08-02 08:27:08,078 [INFO] Sending to ptd: 'SR,A,0.198550'
ptd-server 2022-08-02 08:27:09,579 [INFO] Reply from ptd: 'Range A changed'
ptd-server 2022-08-02 08:27:19,589 [INFO] Starting testing mode
ptd-server 2022-08-02 08:27:19,590 [INFO] Sending to ptd: 'Go,1000,0,2022-08-02_08-16-15_testing'
ptd-server 2022-08-02 08:27:19,590 [INFO] Reply from ptd: 'Starting untimed measurement, maximum 500000 samples at 1000ms with 0 rampup samples'
ptd-server 2022-08-02 08:27:19,590 [INFO] Sending reply to client 'OK'
ptd-server 2022-08-02 08:37:30,957 [INFO] Got command from the client 'session,2022-08-02_08-16-15,stop,testing'
ptd-server 2022-08-02 08:37:40,967 [INFO] Sending to ptd: 'Stop'
ptd-server 2022-08-02 08:37:40,968 [INFO] Reply from ptd: 'Stopping untimed measurement'
ptd-server 2022-08-02 08:37:41,724 [INFO] Sending reply to client 'OK'
ptd-server 2022-08-02 08:37:41,738 [INFO] Got command from the client 'session,2022-08-02_08-16-15,done'
ptd-server 2022-08-02 08:37:41,738 [INFO] Sending to ptd: 'Stop'
ptd-server 2022-08-02 08:37:41,739 [INFO] Reply from ptd: 'Error: no measurement to stop'
ptd-server 2022-08-02 08:37:41,739 [INFO] Sending to ptd: 'SR,V,Auto'
ptd-server 2022-08-02 08:37:42,241 [INFO] Reply from ptd: 'Range V changed'
ptd-server 2022-08-02 08:37:42,241 [INFO] Sending to ptd: 'SR,A,0.500000'
ptd-server 2022-08-02 08:37:43,743 [INFO] Reply from ptd: 'Range A changed'
ptd-server 2022-08-02 08:37:43,743 [INFO] Set initial values for Amps 0.500000 and Volts Auto
ptd-server 2022-08-02 08:37:43,743 [INFO] Stopping ptd...
