ptd-server 2022-07-28 17:58:04,716 [INFO] Got command from the client 'time'
ptd-server 2022-07-28 17:58:04,716 [INFO] Sending reply to client '1659027484.716588'
ptd-server 2022-07-28 17:58:04,720 [INFO] Got command from the client 'new,,7240e320-ba17-4378-b001-ebd68cd21280'
ptd-server 2022-07-28 17:58:04,721 [INFO] Sending reply to client 'OK 2022-07-28_17-58-04,a52af0c5-61de-484c-9690-c337b110b47e'
ptd-server 2022-07-28 17:58:04,820 [INFO] Got command from the client 'time'
ptd-server 2022-07-28 17:58:04,820 [INFO] Sending reply to client '1659027484.82029'
ptd-server 2022-07-28 17:58:04,824 [INFO] Got command from the client 'session,2022-07-28_17-58-04,start,ranging'
ptd-server 2022-07-28 17:58:04,825 [INFO] Running PTDaemon: ['/home/anton/projects/mlperf/power/inference_v1.0/ptd-linux-x86', '-l', '/tmp/tmp7lgbo8s4/ptd_logfile.txt', '-p', '8888', '49', '/dev/usbtmc0']
ptd-server 2022-07-28 17:58:21,999 [INFO] Sending to ptd: 'Hello'
ptd-server 2022-07-28 17:58:21,999 [INFO] Reply from ptd: 'Hello, PTDaemon here!'
ptd-server 2022-07-28 17:58:22,000 [INFO] Sending to ptd: 'Identify'
ptd-server 2022-07-28 17:58:22,000 [INFO] Reply from ptd: 'YokogawaWT310E,1000,1,1,1,1,0,1,1,version=1.9.2-e8c7a49a-20201208,OS=Linux 5.13.0-52-generic #59~20.04.1-Ubuntu SMP Thu Jun 16 21:21:28 UTC 2022 x86_64,mode=power,1,1,1,0,0,no_cal_date,YOKOGAWA;WT310E;C3XA04010E;F1.04'
ptd-server 2022-07-28 17:58:22,000 [INFO] Connected to PTDaemon
ptd-server 2022-07-28 17:58:22,000 [INFO] Sending to ptd: 'RR'
ptd-server 2022-07-28 17:58:22,000 [INFO] Reply from ptd: 'Ranges,0,0.500000,1,300.000000'
ptd-server 2022-07-28 17:58:22,001 [INFO] Initial range for Amps is 0.500000 for Volts is Auto
ptd-server 2022-07-28 17:58:22,001 [INFO] Sending to ptd: 'SR,V,Auto'
ptd-server 2022-07-28 17:58:22,503 [INFO] Reply from ptd: 'Range V changed'
ptd-server 2022-07-28 17:58:22,503 [INFO] Sending to ptd: 'SR,A,Auto'
ptd-server 2022-07-28 17:58:23,006 [INFO] Reply from ptd: 'Range A changed'
ptd-server 2022-07-28 17:58:33,016 [INFO] Starting ranging mode
ptd-server 2022-07-28 17:58:33,016 [INFO] Sending to ptd: 'Go,1000,0,2022-07-28_17-58-04_ranging'
ptd-server 2022-07-28 17:58:33,017 [INFO] Reply from ptd: 'Starting untimed measurement, maximum 500000 samples at 1000ms with 0 rampup samples'
ptd-server 2022-07-28 17:58:33,017 [INFO] Sending reply to client 'OK'
ptd-server 2022-07-28 18:08:49,392 [INFO] Got command from the client 'session,2022-07-28_17-58-04,stop,ranging'
ptd-server 2022-07-28 18:08:59,402 [INFO] Sending to ptd: 'Stop'
ptd-server 2022-07-28 18:08:59,403 [INFO] Reply from ptd: 'Stopping untimed measurement'
ptd-server 2022-07-28 18:09:00,497 [INFO] Sending reply to client 'OK'
ptd-server 2022-07-28 18:09:00,811 [INFO] Got command from the client 'time'
ptd-server 2022-07-28 18:09:00,811 [INFO] Sending reply to client '1659028140.811231'
ptd-server 2022-07-28 18:09:00,815 [INFO] Got command from the client 'session,2022-07-28_17-58-04,start,testing'
ptd-server 2022-07-28 18:09:00,815 [INFO] Sending to ptd: 'SR,V,250.110000'
ptd-server 2022-07-28 18:09:02,317 [INFO] Reply from ptd: 'Range V changed'
ptd-server 2022-07-28 18:09:02,317 [INFO] Sending to ptd: 'SR,A,0.049340'
ptd-server 2022-07-28 18:09:03,818 [INFO] Reply from ptd: 'Range A changed'
ptd-server 2022-07-28 18:09:13,829 [INFO] Starting testing mode
ptd-server 2022-07-28 18:09:13,829 [INFO] Sending to ptd: 'Go,1000,0,2022-07-28_17-58-04_testing'
ptd-server 2022-07-28 18:09:13,829 [INFO] Reply from ptd: 'Starting untimed measurement, maximum 500000 samples at 1000ms with 0 rampup samples'
ptd-server 2022-07-28 18:09:13,830 [INFO] Sending reply to client 'OK'
ptd-server 2022-07-28 18:19:30,352 [INFO] Got command from the client 'session,2022-07-28_17-58-04,stop,testing'
ptd-server 2022-07-28 18:19:40,363 [INFO] Sending to ptd: 'Stop'
ptd-server 2022-07-28 18:19:40,363 [INFO] Reply from ptd: 'Stopping untimed measurement'
ptd-server 2022-07-28 18:19:40,921 [INFO] Sending reply to client 'OK'
ptd-server 2022-07-28 18:19:40,947 [INFO] Got command from the client 'session,2022-07-28_17-58-04,done'
ptd-server 2022-07-28 18:19:40,947 [INFO] Sending to ptd: 'Stop'
ptd-server 2022-07-28 18:19:40,947 [INFO] Reply from ptd: 'Error: no measurement to stop'
ptd-server 2022-07-28 18:19:40,947 [INFO] Sending to ptd: 'SR,V,Auto'
ptd-server 2022-07-28 18:19:41,450 [INFO] Reply from ptd: 'Range V changed'
ptd-server 2022-07-28 18:19:41,450 [INFO] Sending to ptd: 'SR,A,0.500000'
ptd-server 2022-07-28 18:19:42,951 [INFO] Reply from ptd: 'Range A changed'
ptd-server 2022-07-28 18:19:42,952 [INFO] Set initial values for Amps 0.500000 and Volts Auto
ptd-server 2022-07-28 18:19:42,952 [INFO] Stopping ptd...
