client 2022-07-28 03:47:24,326 [INFO] Sending command to the server: 'mlcommons/power client v3'
client 2022-07-28 03:47:24,326 [INFO] Got response: 'mlcommons/power server v3'
client 2022-07-28 03:47:24,326 [INFO] Sending command to the server: 'stop'
client 2022-07-28 03:47:24,327 [INFO] Got response: 'OK'
client 2022-07-28 03:47:24,327 [INFO] Synchronizing with the server and with 192.168.123.123...
client 2022-07-28 03:47:24,330 [INFO] NTP:offset = -0.000 s, delay = 0.000 s 
client 2022-07-28 03:47:24,330 [INFO] Sending command to the server: 'time'
client 2022-07-28 03:47:24,331 [INFO] Got response: '1658980044.3313222'
client 2022-07-28 03:47:24,331 [INFO] The time difference between the client and the server is within range -0.754 ms..0.114 ms
client 2022-07-28 03:47:24,331 [INFO] Sending command to the server: 'new,,27c0d5f5-3822-4523-8691-74ce3d4f2bad'
client 2022-07-28 03:47:24,332 [INFO] Got response: 'OK 2022-07-28_03-47-24,cbf69270-c6c8-4855-9bf9-9e4ffa3b0ef1'
client 2022-07-28 03:47:24,332 [INFO] Session id is '2022-07-28_03-47-24'
client 2022-07-28 03:47:24,332 [INFO] Sources: {"sources": {"__init__.py": "da39a3ee5e6b4b0d3255bfef95601890afd80709", "client.py": "33ca4f26368777ac06e01f9567b714a4b8063886", "lib/__init__.py": "da39a3ee5e6b4b0d3255bfef95601890afd80709", "lib/client.py": "4c2b78fb4849a7e5b584ef792d82aaed20b17f57", "lib/common.py": "624d0c0acc7c39aaff3674f0b99d6a09da53d1dc", "lib/external/__init__.py": "da39a3ee5e6b4b0d3255bfef95601890afd80709", "lib/external/ntplib.py": "4da8f970656505a40483206ef2b5d3dd5e81711d", "lib/server.py": "cda0cdfaee9bfa1249c64a7dd4f89b7bf1b279f0", "lib/source_hashes.py": "60a2e02193209e8d392803326208d5466342da18", "lib/summary.py": "aa92f0a3f975eecd44d3c0cd0236342ccc9f941d", "lib/time_sync.py": "3210db56eb0ff0df57bf4293dc4d4b03fffd46f1", "server.py": "c3f90f2f7eeb4db30727556d0c815ebc89b3d28b", "tests/unit/__init__.py": "da39a3ee5e6b4b0d3255bfef95601890afd80709", "tests/unit/test_server.py": "99ae15aef722f2000ee6ed1ae1523637bf1ae42b", "tests/unit/test_source_hashes.py": "00468a2907583c593e6574a1f6b404e4651c221a"}, "modules": {"ptd_client_server.lib.client": "lib/client.py", "ptd_client_server.lib.common": "lib/common.py", "ptd_client_server.lib.external.ntplib": "lib/external/ntplib.py", "ptd_client_server.lib.source_hashes": "lib/source_hashes.py", "ptd_client_server.lib.summary": "lib/summary.py", "ptd_client_server.lib.time_sync": "lib/time_sync.py"}}
client 2022-07-28 03:47:24,332 [INFO] Running workload in ranging mode
client 2022-07-28 03:47:24,333 [INFO] Synchronizing with the server and with 192.168.123.123...
client 2022-07-28 03:47:24,333 [INFO] NTP:offset = -0.000 s, delay = 0.000 s 
client 2022-07-28 03:47:24,333 [INFO] Sending command to the server: 'time'
client 2022-07-28 03:47:24,334 [INFO] Got response: '1658980044.3347216'
client 2022-07-28 03:47:24,334 [INFO] The time difference between the client and the server is within range -0.763 ms..0.104 ms
client 2022-07-28 03:47:24,334 [INFO] Sending command to the server: 'session,2022-07-28_03-47-24,start,ranging'
client 2022-07-28 03:48:04,149 [INFO] Got response: 'OK'
client 2022-07-28 03:48:04,149 [INFO] Running the workload 'LOG_DIR=/work/build/power_logs_temp python3 -m code.main_v2 --benchmarks=resnet --scenarios=Offline --config_ver=maxq_default --action="run_harness" \\\n\t\t2>&1 | tee -a /work/build/power_logs/2022.07.28-03.47.15/stdout.txt \\\n\t\t&& if [ ! -d /work/build/power_logs/2022.07.28-03.47.15/ranging_tmp ]; \\\n\t\t\tthen mkdir /work/build/power_logs/2022.07.28-03.47.15/ranging_tmp \\\n\t\t\t\t&& mv /work/build/power_logs_temp/* /work/build/power_logs/2022.07.28-03.47.15/ranging_tmp/ \\\n\t\t\t\t&& cp -v /work/build/power_logs/2022.07.28-03.47.15/ranging_tmp/*/*/*/mlperf_log_detail.txt /work/build/power_logs_temp/ \\\n\t\t\t\t&& cp -v /work/build/power_logs/2022.07.28-03.47.15/ranging_tmp/*/*/*/mlperf_log_summary.txt /work/build/power_logs_temp/; \\\n\t\t\telse mkdir /work/build/power_logs/2022.07.28-03.47.15/testing_tmp \\\n\t\t\t\t&& mv /work/build/power_logs_temp/* /work/build/power_logs/2022.07.28-03.47.15/testing_tmp/ \\\n\t\t\t\t&& cp -v /work/build/power_logs/2022.07.28-03.47.15/testing_tmp/*/*/*/mlperf_log_detail.txt /work/build/power_logs_temp/ \\\n\t\t\t\t&& cp -v /work/build/power_logs/2022.07.28-03.47.15/testing_tmp/*/*/*/mlperf_log_summary.txt /work/build/power_logs_temp/; fi'
client 2022-07-28 03:59:23,532 [INFO] Sending command to the server: 'session,2022-07-28_03-47-24,stop,ranging'
client 2022-07-28 03:59:33,579 [INFO] Got response: 'OK'
client 2022-07-28 03:59:33,588 [INFO] Copying loadgen logs from '/work/build/power_logs_temp' to '/work/build/power_logs/2022.07.28-03.47.15/2022-07-28_03-47-24/ranging'
client 2022-07-28 03:59:33,588 [INFO] Running workload in testing mode
client 2022-07-28 03:59:33,589 [INFO] Synchronizing with the server and with 192.168.123.123...
client 2022-07-28 03:59:33,590 [INFO] NTP:offset = -0.000 s, delay = 0.000 s 
client 2022-07-28 03:59:33,590 [INFO] Sending command to the server: 'time'
client 2022-07-28 03:59:33,591 [INFO] Got response: '1658980773.5642903'
client 2022-07-28 03:59:33,591 [INFO] The time difference between the client and the server is within range 26.392 ms..27.290 ms
client 2022-07-28 03:59:33,591 [INFO] Sending command to the server: 'session,2022-07-28_03-47-24,start,testing'
client 2022-07-28 03:59:55,846 [INFO] Got response: 'OK'
client 2022-07-28 03:59:55,846 [INFO] Running the workload 'LOG_DIR=/work/build/power_logs_temp python3 -m code.main_v2 --benchmarks=resnet --scenarios=Offline --config_ver=maxq_default --action="run_harness" \\\n\t\t2>&1 | tee -a /work/build/power_logs/2022.07.28-03.47.15/stdout.txt \\\n\t\t&& if [ ! -d /work/build/power_logs/2022.07.28-03.47.15/ranging_tmp ]; \\\n\t\t\tthen mkdir /work/build/power_logs/2022.07.28-03.47.15/ranging_tmp \\\n\t\t\t\t&& mv /work/build/power_logs_temp/* /work/build/power_logs/2022.07.28-03.47.15/ranging_tmp/ \\\n\t\t\t\t&& cp -v /work/build/power_logs/2022.07.28-03.47.15/ranging_tmp/*/*/*/mlperf_log_detail.txt /work/build/power_logs_temp/ \\\n\t\t\t\t&& cp -v /work/build/power_logs/2022.07.28-03.47.15/ranging_tmp/*/*/*/mlperf_log_summary.txt /work/build/power_logs_temp/; \\\n\t\t\telse mkdir /work/build/power_logs/2022.07.28-03.47.15/testing_tmp \\\n\t\t\t\t&& mv /work/build/power_logs_temp/* /work/build/power_logs/2022.07.28-03.47.15/testing_tmp/ \\\n\t\t\t\t&& cp -v /work/build/power_logs/2022.07.28-03.47.15/testing_tmp/*/*/*/mlperf_log_detail.txt /work/build/power_logs_temp/ \\\n\t\t\t\t&& cp -v /work/build/power_logs/2022.07.28-03.47.15/testing_tmp/*/*/*/mlperf_log_summary.txt /work/build/power_logs_temp/; fi'
client 2022-07-28 04:11:15,712 [INFO] Sending command to the server: 'session,2022-07-28_03-47-24,stop,testing'
client 2022-07-28 04:11:25,740 [INFO] Got response: 'OK'
client 2022-07-28 04:11:25,742 [INFO] Copying loadgen logs from '/work/build/power_logs_temp' to '/work/build/power_logs/2022.07.28-03.47.15/2022-07-28_03-47-24/run_1'
client 2022-07-28 04:11:25,743 [INFO] Done runs
