client 2022-08-03 07:45:04,857 [INFO] Sending command to the server: 'mlcommons/power client v3'
client 2022-08-03 07:45:04,858 [INFO] Got response: 'mlcommons/power server v3'
client 2022-08-03 07:45:04,858 [INFO] Sending command to the server: 'stop'
client 2022-08-03 07:45:04,861 [INFO] Got response: 'OK'
client 2022-08-03 07:45:04,861 [INFO] Synchronizing with the server and with 100.64.0.18...
client 2022-08-03 07:45:04,864 [INFO] NTP:offset = -0.000 s, delay = 0.001 s 
client 2022-08-03 07:45:04,864 [INFO] Sending command to the server: 'time'
client 2022-08-03 07:45:04,867 [INFO] Got response: '1659512704.75409'
client 2022-08-03 07:45:04,867 [INFO] The time difference between the client and the server is within range 110.328 ms..113.091 ms
client 2022-08-03 07:45:04,867 [INFO] Sending command to the server: 'new,,58887ea6-7adc-494e-ab3a-5c9542237a8e'
client 2022-08-03 07:45:04,871 [INFO] Got response: 'OK 2022-08-03_07-45-04,e12e57f6-2a48-429c-a4c7-487e2516d322'
client 2022-08-03 07:45:04,871 [INFO] Session id is '2022-08-03_07-45-04'
client 2022-08-03 07:45:04,871 [INFO] Sources: {"sources": {"__init__.py": "da39a3ee5e6b4b0d3255bfef95601890afd80709", "client.py": "33ca4f26368777ac06e01f9567b714a4b8063886", "lib/__init__.py": "da39a3ee5e6b4b0d3255bfef95601890afd80709", "lib/client.py": "4c2b78fb4849a7e5b584ef792d82aaed20b17f57", "lib/common.py": "624d0c0acc7c39aaff3674f0b99d6a09da53d1dc", "lib/external/__init__.py": "da39a3ee5e6b4b0d3255bfef95601890afd80709", "lib/external/ntplib.py": "4da8f970656505a40483206ef2b5d3dd5e81711d", "lib/server.py": "cda0cdfaee9bfa1249c64a7dd4f89b7bf1b279f0", "lib/source_hashes.py": "60a2e02193209e8d392803326208d5466342da18", "lib/summary.py": "aa92f0a3f975eecd44d3c0cd0236342ccc9f941d", "lib/time_sync.py": "3210db56eb0ff0df57bf4293dc4d4b03fffd46f1", "server.py": "c3f90f2f7eeb4db30727556d0c815ebc89b3d28b", "tests/unit/__init__.py": "da39a3ee5e6b4b0d3255bfef95601890afd80709", "tests/unit/test_server.py": "99ae15aef722f2000ee6ed1ae1523637bf1ae42b", "tests/unit/test_source_hashes.py": "00468a2907583c593e6574a1f6b404e4651c221a"}, "modules": {"ptd_client_server.lib.client": "lib/client.py", "ptd_client_server.lib.common": "lib/common.py", "ptd_client_server.lib.external.ntplib": "lib/external/ntplib.py", "ptd_client_server.lib.source_hashes": "lib/source_hashes.py", "ptd_client_server.lib.summary": "lib/summary.py", "ptd_client_server.lib.time_sync": "lib/time_sync.py"}}
client 2022-08-03 07:45:04,871 [INFO] Running workload in ranging mode
client 2022-08-03 07:45:04,871 [INFO] Synchronizing with the server and with 100.64.0.18...
client 2022-08-03 07:45:04,873 [INFO] NTP:offset = -0.000 s, delay = 0.001 s 
client 2022-08-03 07:45:04,873 [INFO] Sending command to the server: 'time'
client 2022-08-03 07:45:04,875 [INFO] Got response: '1659512704.7627506'
client 2022-08-03 07:45:04,875 [INFO] The time difference between the client and the server is within range 110.389 ms..113.131 ms
client 2022-08-03 07:45:04,875 [INFO] Sending command to the server: 'session,2022-08-03_07-45-04,start,ranging'
client 2022-08-03 07:45:34,261 [INFO] Got response: 'OK'
client 2022-08-03 07:45:34,261 [INFO] Running the workload 'LOG_DIR=/work/build/power_logs_temp python3 -m code.main_v2 --benchmarks=bert \t--scenarios=Offline \t--config_ver=default_maxq \t--test_mode=PerformanceOnly  --action="run_harness" \\\n\t\t2>&1 | tee -a /work/build/power_logs/2022.08.03-07.44.27/stdout.txt \\\n\t\t&& if [ ! -d /work/build/power_logs/2022.08.03-07.44.27/ranging_tmp ]; \\\n\t\t\tthen mkdir /work/build/power_logs/2022.08.03-07.44.27/ranging_tmp \\\n\t\t\t\t&& mv /work/build/power_logs_temp/* /work/build/power_logs/2022.08.03-07.44.27/ranging_tmp/ \\\n\t\t\t\t&& cp -v /work/build/power_logs/2022.08.03-07.44.27/ranging_tmp/*/*/*/mlperf_log_detail.txt /work/build/power_logs_temp/ \\\n\t\t\t\t&& cp -v /work/build/power_logs/2022.08.03-07.44.27/ranging_tmp/*/*/*/mlperf_log_summary.txt /work/build/power_logs_temp/; \\\n\t\t\telse mkdir /work/build/power_logs/2022.08.03-07.44.27/testing_tmp \\\n\t\t\t\t&& mv /work/build/power_logs_temp/* /work/build/power_logs/2022.08.03-07.44.27/testing_tmp/ \\\n\t\t\t\t&& cp -v /work/build/power_logs/2022.08.03-07.44.27/testing_tmp/*/*/*/mlperf_log_detail.txt /work/build/power_logs_temp/ \\\n\t\t\t\t&& cp -v /work/build/power_logs/2022.08.03-07.44.27/testing_tmp/*/*/*/mlperf_log_summary.txt /work/build/power_logs_temp/; fi'
client 2022-08-03 08:04:53,906 [INFO] Sending command to the server: 'session,2022-08-03_07-45-04,stop,ranging'
client 2022-08-03 08:05:03,985 [INFO] Got response: 'OK'
client 2022-08-03 08:05:03,988 [INFO] Copying loadgen logs from '/work/build/power_logs_temp' to '/work/build/power_logs/2022.08.03-07.44.27/2022-08-03_07-45-04/ranging'
client 2022-08-03 08:05:03,989 [INFO] Running workload in testing mode
client 2022-08-03 08:05:03,989 [INFO] Synchronizing with the server and with 100.64.0.18...
client 2022-08-03 08:05:03,990 [INFO] NTP:offset = -0.000 s, delay = 0.001 s 
client 2022-08-03 08:05:03,990 [INFO] Sending command to the server: 'time'
client 2022-08-03 08:05:03,993 [INFO] Got response: '1659513903.8700457'
client 2022-08-03 08:05:03,993 [INFO] The time difference between the client and the server is within range 120.470 ms..123.287 ms
client 2022-08-03 08:05:03,993 [INFO] Sending command to the server: 'session,2022-08-03_07-45-04,start,testing'
client 2022-08-03 08:05:16,235 [INFO] Got response: 'OK'
client 2022-08-03 08:05:16,236 [INFO] Running the workload 'LOG_DIR=/work/build/power_logs_temp python3 -m code.main_v2 --benchmarks=bert \t--scenarios=Offline \t--config_ver=default_maxq \t--test_mode=PerformanceOnly  --action="run_harness" \\\n\t\t2>&1 | tee -a /work/build/power_logs/2022.08.03-07.44.27/stdout.txt \\\n\t\t&& if [ ! -d /work/build/power_logs/2022.08.03-07.44.27/ranging_tmp ]; \\\n\t\t\tthen mkdir /work/build/power_logs/2022.08.03-07.44.27/ranging_tmp \\\n\t\t\t\t&& mv /work/build/power_logs_temp/* /work/build/power_logs/2022.08.03-07.44.27/ranging_tmp/ \\\n\t\t\t\t&& cp -v /work/build/power_logs/2022.08.03-07.44.27/ranging_tmp/*/*/*/mlperf_log_detail.txt /work/build/power_logs_temp/ \\\n\t\t\t\t&& cp -v /work/build/power_logs/2022.08.03-07.44.27/ranging_tmp/*/*/*/mlperf_log_summary.txt /work/build/power_logs_temp/; \\\n\t\t\telse mkdir /work/build/power_logs/2022.08.03-07.44.27/testing_tmp \\\n\t\t\t\t&& mv /work/build/power_logs_temp/* /work/build/power_logs/2022.08.03-07.44.27/testing_tmp/ \\\n\t\t\t\t&& cp -v /work/build/power_logs/2022.08.03-07.44.27/testing_tmp/*/*/*/mlperf_log_detail.txt /work/build/power_logs_temp/ \\\n\t\t\t\t&& cp -v /work/build/power_logs/2022.08.03-07.44.27/testing_tmp/*/*/*/mlperf_log_summary.txt /work/build/power_logs_temp/; fi'
client 2022-08-03 08:24:39,345 [INFO] Sending command to the server: 'session,2022-08-03_07-45-04,stop,testing'
client 2022-08-03 08:24:49,371 [INFO] Got response: 'OK'
client 2022-08-03 08:24:49,372 [INFO] Copying loadgen logs from '/work/build/power_logs_temp' to '/work/build/power_logs/2022.08.03-07.44.27/2022-08-03_07-45-04/run_1'
client 2022-08-03 08:24:49,373 [INFO] Done runs
