ptd-server 2022-08-03 07:45:04,746 [INFO] Got command from the client 'stop'
ptd-server 2022-08-03 07:45:04,747 [INFO] The server will be stopped after processing this client
ptd-server 2022-08-03 07:45:04,748 [INFO] Sending reply to client 'OK'
ptd-server 2022-08-03 07:45:04,753 [INFO] Got command from the client 'time'
ptd-server 2022-08-03 07:45:04,754 [INFO] Sending reply to client '1659512704.75409'
ptd-server 2022-08-03 07:45:04,755 [INFO] Got command from the client 'new,,58887ea6-7adc-494e-ab3a-5c9542237a8e'
ptd-server 2022-08-03 07:45:04,758 [INFO] Sending reply to client 'OK 2022-08-03_07-45-04,e12e57f6-2a48-429c-a4c7-487e2516d322'
ptd-server 2022-08-03 07:45:04,761 [INFO] Got command from the client 'time'
ptd-server 2022-08-03 07:45:04,762 [INFO] Sending reply to client '1659512704.7627506'
ptd-server 2022-08-03 07:45:04,764 [INFO] Got command from the client 'session,2022-08-03_07-45-04,start,ranging'
ptd-server 2022-08-03 07:45:04,875 [INFO] Running PTDaemon: ['C:\\power-dev\\ptd_client_server\\ptd-windows-x86.exe', '-l', 'C:\\Users\\root\\AppData\\Local\\Temp\\tmpgebsqie2\\ptd_logfile.txt', '-p', '8888', '-c', '2', '-y', '48', '100.83.149.90']
ptd-server 2022-08-03 07:45:23,737 [INFO] Sending to ptd: 'Hello'
ptd-server 2022-08-03 07:45:23,739 [INFO] Reply from ptd: 'Hello, PTDaemon here!'
ptd-server 2022-08-03 07:45:23,741 [INFO] Sending to ptd: 'Identify'
ptd-server 2022-08-03 07:45:23,745 [INFO] Reply from ptd: 'YokogawaWT500_multichannel,1000,1,1,1,1,0,0,1,version=1.9.2-3976349f-20201208,OS=Windows 8 / Server 2012,mode=power,1,1,3,0,0,no_cal_date,YOKOGAWA;760203;U1J802935;F1.21'
ptd-server 2022-08-03 07:45:23,747 [INFO] Connected to PTDaemon
ptd-server 2022-08-03 07:45:23,749 [INFO] Sending to ptd: 'RR'
ptd-server 2022-08-03 07:45:23,751 [INFO] Reply from ptd: 'Ranges,-1,-1.000000,-1,-1.000000'
ptd-server 2022-08-03 07:45:23,753 [INFO] Initial range for Amps is Auto for Volts is Auto
ptd-server 2022-08-03 07:45:23,755 [INFO] Sending to ptd: 'SR,V,Auto'
ptd-server 2022-08-03 07:45:23,970 [INFO] Reply from ptd: 'Range V changed'
ptd-server 2022-08-03 07:45:23,972 [INFO] Sending to ptd: 'SR,A,Auto'
ptd-server 2022-08-03 07:45:24,125 [INFO] Reply from ptd: 'Range A changed'
ptd-server 2022-08-03 07:45:34,140 [INFO] Starting ranging mode
ptd-server 2022-08-03 07:45:34,142 [INFO] Sending to ptd: 'Go,1000,0,2022-08-03_07-45-04_ranging'
ptd-server 2022-08-03 07:45:34,144 [INFO] Reply from ptd: 'Starting untimed measurement, maximum 500000 samples at 1000ms with 0 rampup samples'
ptd-server 2022-08-03 07:45:34,147 [INFO] Sending reply to client 'OK'
ptd-server 2022-08-03 08:04:53,785 [INFO] Got command from the client 'session,2022-08-03_07-45-04,stop,ranging'
ptd-server 2022-08-03 08:05:03,787 [INFO] Sending to ptd: 'Stop'
ptd-server 2022-08-03 08:05:03,790 [INFO] Reply from ptd: 'Stopping untimed measurement'
ptd-server 2022-08-03 08:05:03,861 [INFO] Sending reply to client 'OK'
ptd-server 2022-08-03 08:05:03,869 [INFO] Got command from the client 'time'
ptd-server 2022-08-03 08:05:03,870 [INFO] Sending reply to client '1659513903.8700457'
ptd-server 2022-08-03 08:05:03,871 [INFO] Got command from the client 'session,2022-08-03_07-45-04,start,testing'
ptd-server 2022-08-03 08:05:03,872 [INFO] Sending to ptd: 'SR,V,130.350000'
ptd-server 2022-08-03 08:05:05,372 [INFO] Reply from ptd: 'Range V changed'
ptd-server 2022-08-03 08:05:05,374 [INFO] Sending to ptd: 'SR,A,7.489000'
ptd-server 2022-08-03 08:05:06,091 [INFO] Reply from ptd: 'Range A changed'
ptd-server 2022-08-03 08:05:16,104 [INFO] Starting testing mode
ptd-server 2022-08-03 08:05:16,106 [INFO] Sending to ptd: 'Go,1000,0,2022-08-03_07-45-04_testing'
ptd-server 2022-08-03 08:05:16,109 [INFO] Reply from ptd: 'Starting untimed measurement, maximum 500000 samples at 1000ms with 0 rampup samples'
ptd-server 2022-08-03 08:05:16,111 [INFO] Sending reply to client 'OK'
ptd-server 2022-08-03 08:24:39,215 [INFO] Got command from the client 'session,2022-08-03_07-45-04,stop,testing'
ptd-server 2022-08-03 08:24:49,221 [INFO] Sending to ptd: 'Stop'
ptd-server 2022-08-03 08:24:49,223 [INFO] Reply from ptd: 'Stopping untimed measurement'
ptd-server 2022-08-03 08:24:49,239 [INFO] Sending reply to client 'OK'
ptd-server 2022-08-03 08:24:49,243 [INFO] Got command from the client 'session,2022-08-03_07-45-04,done'
ptd-server 2022-08-03 08:24:49,244 [INFO] Sending to ptd: 'Stop'
ptd-server 2022-08-03 08:24:50,125 [INFO] Reply from ptd: 'Error: no measurement to stop'
ptd-server 2022-08-03 08:24:50,126 [INFO] Sending to ptd: 'SR,V,Auto'
ptd-server 2022-08-03 08:24:50,339 [INFO] Reply from ptd: 'Range V changed'
ptd-server 2022-08-03 08:24:50,342 [INFO] Sending to ptd: 'SR,A,Auto'
ptd-server 2022-08-03 08:24:50,496 [INFO] Reply from ptd: 'Range A changed'
ptd-server 2022-08-03 08:24:50,499 [INFO] Set initial values for Amps Auto and Volts Auto
ptd-server 2022-08-03 08:24:50,501 [INFO] Stopping ptd...
