ptd-server 2022-07-23 07:01:31,900 [INFO] Got command from the client 'time'
ptd-server 2022-07-23 07:01:31,900 [INFO] Sending reply to client '1658556091.9007013'
ptd-server 2022-07-23 07:01:31,901 [INFO] Got command from the client 'new,,73f5e3d7-15a7-4d36-af99-c67ea0e1de3b'
ptd-server 2022-07-23 07:01:31,902 [INFO] Sending reply to client 'OK 2022-07-23_07-01-31,1ed5149e-9cfc-4ad3-a473-6e05b61d4a9b'
ptd-server 2022-07-23 07:01:31,934 [INFO] Got command from the client 'time'
ptd-server 2022-07-23 07:01:31,934 [INFO] Sending reply to client '1658556091.9345086'
ptd-server 2022-07-23 07:01:31,935 [INFO] Got command from the client 'session,2022-07-23_07-01-31,start,ranging'
ptd-server 2022-07-23 07:01:31,936 [INFO] Running PTDaemon: ['/home/anton/projects/mlperf/power/inference_v1.0/ptd-linux-x86', '-l', '/tmp/tmp7lgbo8s4/ptd_logfile.txt', '-p', '8888', '49', '/dev/usbtmc0']
ptd-server 2022-07-23 07:01:49,109 [INFO] Sending to ptd: 'Hello'
ptd-server 2022-07-23 07:01:49,110 [INFO] Reply from ptd: 'Hello, PTDaemon here!'
ptd-server 2022-07-23 07:01:49,110 [INFO] Sending to ptd: 'Identify'
ptd-server 2022-07-23 07:01:49,111 [INFO] Reply from ptd: 'YokogawaWT310E,1000,1,1,1,1,0,1,1,version=1.9.2-e8c7a49a-20201208,OS=Linux 5.13.0-52-generic #59~20.04.1-Ubuntu SMP Thu Jun 16 21:21:28 UTC 2022 x86_64,mode=power,1,1,1,0,0,no_cal_date,YOKOGAWA;WT310E;C3XA04010E;F1.04'
ptd-server 2022-07-23 07:01:49,111 [INFO] Connected to PTDaemon
ptd-server 2022-07-23 07:01:49,111 [INFO] Sending to ptd: 'RR'
ptd-server 2022-07-23 07:01:49,111 [INFO] Reply from ptd: 'Ranges,0,0.500000,1,300.000000'
ptd-server 2022-07-23 07:01:49,111 [INFO] Initial range for Amps is 0.500000 for Volts is Auto
ptd-server 2022-07-23 07:01:49,111 [INFO] Sending to ptd: 'SR,V,Auto'
ptd-server 2022-07-23 07:01:49,614 [INFO] Reply from ptd: 'Range V changed'
ptd-server 2022-07-23 07:01:49,614 [INFO] Sending to ptd: 'SR,A,Auto'
ptd-server 2022-07-23 07:01:50,117 [INFO] Reply from ptd: 'Range A changed'
ptd-server 2022-07-23 07:02:00,127 [INFO] Starting ranging mode
ptd-server 2022-07-23 07:02:00,127 [INFO] Sending to ptd: 'Go,1000,0,2022-07-23_07-01-31_ranging'
ptd-server 2022-07-23 07:02:00,127 [INFO] Reply from ptd: 'Starting untimed measurement, maximum 500000 samples at 1000ms with 0 rampup samples'
ptd-server 2022-07-23 07:02:00,128 [INFO] Sending reply to client 'OK'
ptd-server 2022-07-23 07:12:16,561 [INFO] Got command from the client 'session,2022-07-23_07-01-31,stop,ranging'
ptd-server 2022-07-23 07:12:26,571 [INFO] Sending to ptd: 'Stop'
ptd-server 2022-07-23 07:12:26,571 [INFO] Reply from ptd: 'Stopping untimed measurement'
ptd-server 2022-07-23 07:12:27,100 [INFO] Sending reply to client 'OK'
ptd-server 2022-07-23 07:12:27,145 [INFO] Got command from the client 'time'
ptd-server 2022-07-23 07:12:27,145 [INFO] Sending reply to client '1658556747.1451814'
ptd-server 2022-07-23 07:12:27,146 [INFO] Got command from the client 'session,2022-07-23_07-01-31,start,testing'
ptd-server 2022-07-23 07:12:27,146 [INFO] Sending to ptd: 'SR,V,250.030000'
ptd-server 2022-07-23 07:12:28,647 [INFO] Reply from ptd: 'Range V changed'
ptd-server 2022-07-23 07:12:28,647 [INFO] Sending to ptd: 'SR,A,0.057750'
ptd-server 2022-07-23 07:12:30,149 [INFO] Reply from ptd: 'Range A changed'
ptd-server 2022-07-23 07:12:40,159 [INFO] Starting testing mode
ptd-server 2022-07-23 07:12:40,159 [INFO] Sending to ptd: 'Go,1000,0,2022-07-23_07-01-31_testing'
ptd-server 2022-07-23 07:12:40,159 [INFO] Reply from ptd: 'Starting untimed measurement, maximum 500000 samples at 1000ms with 0 rampup samples'
ptd-server 2022-07-23 07:12:40,160 [INFO] Sending reply to client 'OK'
ptd-server 2022-07-23 07:22:56,501 [INFO] Got command from the client 'session,2022-07-23_07-01-31,stop,testing'
ptd-server 2022-07-23 07:23:06,511 [INFO] Sending to ptd: 'Stop'
ptd-server 2022-07-23 07:23:06,511 [INFO] Reply from ptd: 'Stopping untimed measurement'
ptd-server 2022-07-23 07:23:06,796 [INFO] Sending reply to client 'OK'
ptd-server 2022-07-23 07:23:06,804 [INFO] Got command from the client 'session,2022-07-23_07-01-31,done'
ptd-server 2022-07-23 07:23:06,804 [INFO] Sending to ptd: 'Stop'
ptd-server 2022-07-23 07:23:07,160 [INFO] Reply from ptd: 'Error: no measurement to stop'
ptd-server 2022-07-23 07:23:07,160 [INFO] Sending to ptd: 'SR,V,Auto'
ptd-server 2022-07-23 07:23:07,662 [INFO] Reply from ptd: 'Range V changed'
ptd-server 2022-07-23 07:23:07,663 [INFO] Sending to ptd: 'SR,A,0.500000'
ptd-server 2022-07-23 07:23:09,164 [INFO] Reply from ptd: 'Range A changed'
ptd-server 2022-07-23 07:23:09,164 [INFO] Set initial values for Amps 0.500000 and Volts Auto
ptd-server 2022-07-23 07:23:09,164 [INFO] Stopping ptd...
