ptd-server 2022-07-29 08:57:04,344 [INFO] Got command from the client 'time'
ptd-server 2022-07-29 08:57:04,345 [INFO] Sending reply to client '1659081424.345091'
ptd-server 2022-07-29 08:57:04,349 [INFO] Got command from the client 'new,,7c8772e3-e8cb-4ed4-bcf7-c8dcd7ac644e'
ptd-server 2022-07-29 08:57:04,350 [INFO] Sending reply to client 'OK 2022-07-29_08-57-04,39554724-3d5f-4d07-8cb1-089f322bad16'
ptd-server 2022-07-29 08:57:04,390 [INFO] Got command from the client 'time'
ptd-server 2022-07-29 08:57:04,390 [INFO] Sending reply to client '1659081424.3902154'
ptd-server 2022-07-29 08:57:04,394 [INFO] Got command from the client 'session,2022-07-29_08-57-04,start,ranging'
ptd-server 2022-07-29 08:57:04,394 [INFO] Running PTDaemon: ['/home/anton/projects/mlperf/power/inference_v1.0/ptd-linux-x86', '-l', '/tmp/tmp7lgbo8s4/ptd_logfile.txt', '-p', '8888', '49', '/dev/usbtmc0']
ptd-server 2022-07-29 08:57:21,567 [INFO] Sending to ptd: 'Hello'
ptd-server 2022-07-29 08:57:21,568 [INFO] Reply from ptd: 'Hello, PTDaemon here!'
ptd-server 2022-07-29 08:57:21,568 [INFO] Sending to ptd: 'Identify'
ptd-server 2022-07-29 08:57:21,568 [INFO] Reply from ptd: 'YokogawaWT310E,1000,1,1,1,1,0,1,1,version=1.9.2-e8c7a49a-20201208,OS=Linux 5.13.0-52-generic #59~20.04.1-Ubuntu SMP Thu Jun 16 21:21:28 UTC 2022 x86_64,mode=power,1,1,1,0,0,no_cal_date,YOKOGAWA;WT310E;C3XA04010E;F1.04'
ptd-server 2022-07-29 08:57:21,568 [INFO] Connected to PTDaemon
ptd-server 2022-07-29 08:57:21,568 [INFO] Sending to ptd: 'RR'
ptd-server 2022-07-29 08:57:21,569 [INFO] Reply from ptd: 'Ranges,0,0.500000,1,300.000000'
ptd-server 2022-07-29 08:57:21,569 [INFO] Initial range for Amps is 0.500000 for Volts is Auto
ptd-server 2022-07-29 08:57:21,569 [INFO] Sending to ptd: 'SR,V,Auto'
ptd-server 2022-07-29 08:57:22,071 [INFO] Reply from ptd: 'Range V changed'
ptd-server 2022-07-29 08:57:22,072 [INFO] Sending to ptd: 'SR,A,Auto'
ptd-server 2022-07-29 08:57:22,574 [INFO] Reply from ptd: 'Range A changed'
ptd-server 2022-07-29 08:57:32,575 [INFO] Starting ranging mode
ptd-server 2022-07-29 08:57:32,575 [INFO] Sending to ptd: 'Go,1000,0,2022-07-29_08-57-04_ranging'
ptd-server 2022-07-29 08:57:32,575 [INFO] Reply from ptd: 'Starting untimed measurement, maximum 500000 samples at 1000ms with 0 rampup samples'
ptd-server 2022-07-29 08:57:32,576 [INFO] Sending reply to client 'OK'
ptd-server 2022-07-29 09:07:49,687 [INFO] Got command from the client 'session,2022-07-29_08-57-04,stop,ranging'
ptd-server 2022-07-29 09:07:59,698 [INFO] Sending to ptd: 'Stop'
ptd-server 2022-07-29 09:07:59,698 [INFO] Reply from ptd: 'Stopping untimed measurement'
ptd-server 2022-07-29 09:08:00,877 [INFO] Sending reply to client 'OK'
ptd-server 2022-07-29 09:08:00,955 [INFO] Got command from the client 'time'
ptd-server 2022-07-29 09:08:00,956 [INFO] Sending reply to client '1659082080.9561062'
ptd-server 2022-07-29 09:08:00,961 [INFO] Got command from the client 'session,2022-07-29_08-57-04,start,testing'
ptd-server 2022-07-29 09:08:00,961 [INFO] Sending to ptd: 'SR,V,249.910000'
ptd-server 2022-07-29 09:08:02,462 [INFO] Reply from ptd: 'Range V changed'
ptd-server 2022-07-29 09:08:02,463 [INFO] Sending to ptd: 'SR,A,0.052090'
ptd-server 2022-07-29 09:08:03,964 [INFO] Reply from ptd: 'Range A changed'
ptd-server 2022-07-29 09:08:13,974 [INFO] Starting testing mode
ptd-server 2022-07-29 09:08:13,974 [INFO] Sending to ptd: 'Go,1000,0,2022-07-29_08-57-04_testing'
ptd-server 2022-07-29 09:08:13,975 [INFO] Reply from ptd: 'Starting untimed measurement, maximum 500000 samples at 1000ms with 0 rampup samples'
ptd-server 2022-07-29 09:08:13,975 [INFO] Sending reply to client 'OK'
ptd-server 2022-07-29 09:18:30,889 [INFO] Got command from the client 'session,2022-07-29_08-57-04,stop,testing'
ptd-server 2022-07-29 09:18:40,900 [INFO] Sending to ptd: 'Stop'
ptd-server 2022-07-29 09:18:40,900 [INFO] Reply from ptd: 'Stopping untimed measurement'
ptd-server 2022-07-29 09:18:41,507 [INFO] Sending reply to client 'OK'
ptd-server 2022-07-29 09:18:41,529 [INFO] Got command from the client 'session,2022-07-29_08-57-04,done'
ptd-server 2022-07-29 09:18:41,529 [INFO] Sending to ptd: 'Stop'
ptd-server 2022-07-29 09:18:41,529 [INFO] Reply from ptd: 'Error: no measurement to stop'
ptd-server 2022-07-29 09:18:41,529 [INFO] Sending to ptd: 'SR,V,Auto'
ptd-server 2022-07-29 09:18:42,032 [INFO] Reply from ptd: 'Range V changed'
ptd-server 2022-07-29 09:18:42,032 [INFO] Sending to ptd: 'SR,A,0.500000'
ptd-server 2022-07-29 09:18:43,533 [INFO] Reply from ptd: 'Range A changed'
ptd-server 2022-07-29 09:18:43,534 [INFO] Set initial values for Amps 0.500000 and Volts Auto
ptd-server 2022-07-29 09:18:43,534 [INFO] Stopping ptd...
