ptd-server 2022-07-31 03:17:28,698 [INFO] Got command from the client 'stop'
ptd-server 2022-07-31 03:17:28,698 [INFO] The server will be stopped after processing this client
ptd-server 2022-07-31 03:17:28,699 [INFO] Sending reply to client 'OK'
ptd-server 2022-07-31 03:17:28,703 [INFO] Got command from the client 'time'
ptd-server 2022-07-31 03:17:28,703 [INFO] Sending reply to client '1659262648.7031002'
ptd-server 2022-07-31 03:17:28,705 [INFO] Got command from the client 'new,,a22976bd-1955-4e2d-862e-97bd24ad402a'
ptd-server 2022-07-31 03:17:28,707 [INFO] Sending reply to client 'OK 2022-07-31_03-17-28,beb54ea6-51bb-400e-8e27-833ceb4588f5'
ptd-server 2022-07-31 03:17:28,710 [INFO] Got command from the client 'time'
ptd-server 2022-07-31 03:17:28,711 [INFO] Sending reply to client '1659262648.7110653'
ptd-server 2022-07-31 03:17:28,712 [INFO] Got command from the client 'session,2022-07-31_03-17-28,start,ranging'
ptd-server 2022-07-31 03:17:28,813 [INFO] Running PTDaemon: ['C:\\PTD\\ptd-windows-x86.exe', '-l', 'C:\\Users\\Administrator\\AppData\\Local\\Temp\\tmpgiualycm\\ptd_logfile.txt', '-p', '8888', '-g', '49', '1']
ptd-server 2022-07-31 03:17:46,357 [INFO] Sending to ptd: 'Hello'
ptd-server 2022-07-31 03:17:46,358 [INFO] Reply from ptd: 'Hello, PTDaemon here!'
ptd-server 2022-07-31 03:17:46,359 [INFO] Sending to ptd: 'Identify'
ptd-server 2022-07-31 03:17:46,361 [INFO] Reply from ptd: 'YokogawaWT310E,1000,1,1,1,1,0,1,1,version=1.9.2-3976349f-20201208,OS=Windows 8 / Server 2012,mode=power,1,1,1,0,0,no_cal_date,YOKOGAWA;WT310EH;C3XF27015E;F1.04'
ptd-server 2022-07-31 03:17:46,362 [INFO] Connected to PTDaemon
ptd-server 2022-07-31 03:17:46,362 [INFO] Sending to ptd: 'RR'
ptd-server 2022-07-31 03:17:46,363 [INFO] Reply from ptd: 'Ranges,1,5.000000,1,300.000000'
ptd-server 2022-07-31 03:17:46,364 [INFO] Initial range for Amps is Auto for Volts is Auto
ptd-server 2022-07-31 03:17:46,364 [INFO] Sending to ptd: 'SR,V,Auto'
ptd-server 2022-07-31 03:17:46,873 [INFO] Reply from ptd: 'Range V changed'
ptd-server 2022-07-31 03:17:46,874 [INFO] Sending to ptd: 'SR,A,Auto'
ptd-server 2022-07-31 03:17:47,381 [INFO] Reply from ptd: 'Range A changed'
ptd-server 2022-07-31 03:17:57,383 [INFO] Starting ranging mode
ptd-server 2022-07-31 03:17:57,383 [INFO] Sending to ptd: 'Go,1000,0,2022-07-31_03-17-28_ranging'
ptd-server 2022-07-31 03:17:57,385 [INFO] Reply from ptd: 'Starting untimed measurement, maximum 500000 samples at 1000ms with 0 rampup samples'
ptd-server 2022-07-31 03:17:57,386 [INFO] Sending reply to client 'OK'
ptd-server 2022-07-31 04:38:00,562 [INFO] Got command from the client 'session,2022-07-31_03-17-28,stop,ranging'
ptd-server 2022-07-31 04:38:10,564 [INFO] Sending to ptd: 'Stop'
ptd-server 2022-07-31 04:38:10,565 [INFO] Reply from ptd: 'Stopping untimed measurement'
ptd-server 2022-07-31 04:38:10,652 [INFO] Sending reply to client 'OK'
ptd-server 2022-07-31 04:38:10,664 [INFO] Got command from the client 'time'
ptd-server 2022-07-31 04:38:10,664 [INFO] Sending reply to client '1659267490.6646786'
ptd-server 2022-07-31 04:38:10,665 [INFO] Got command from the client 'session,2022-07-31_03-17-28,start,testing'
ptd-server 2022-07-31 04:38:10,665 [INFO] Sending to ptd: 'SR,V,242.240000'
ptd-server 2022-07-31 04:38:12,894 [INFO] Reply from ptd: 'Range V changed'
ptd-server 2022-07-31 04:38:12,895 [INFO] Sending to ptd: 'SR,A,4.443300'
ptd-server 2022-07-31 04:38:14,405 [INFO] Reply from ptd: 'Range A changed'
ptd-server 2022-07-31 04:38:24,407 [INFO] Starting testing mode
ptd-server 2022-07-31 04:38:24,407 [INFO] Sending to ptd: 'Go,1000,0,2022-07-31_03-17-28_testing'
ptd-server 2022-07-31 04:38:24,409 [INFO] Reply from ptd: 'Starting untimed measurement, maximum 500000 samples at 1000ms with 0 rampup samples'
ptd-server 2022-07-31 04:38:24,410 [INFO] Sending reply to client 'OK'
ptd-server 2022-07-31 05:58:25,625 [INFO] Got command from the client 'session,2022-07-31_03-17-28,stop,testing'
ptd-server 2022-07-31 05:58:35,627 [INFO] Sending to ptd: 'Stop'
ptd-server 2022-07-31 05:58:35,628 [INFO] Reply from ptd: 'Stopping untimed measurement'
ptd-server 2022-07-31 05:58:35,679 [INFO] Sending reply to client 'OK'
ptd-server 2022-07-31 05:58:35,686 [INFO] Got command from the client 'session,2022-07-31_03-17-28,done'
ptd-server 2022-07-31 05:58:35,686 [INFO] Sending to ptd: 'Stop'
ptd-server 2022-07-31 05:58:36,411 [INFO] Reply from ptd: 'Error: no measurement to stop'
ptd-server 2022-07-31 05:58:36,412 [INFO] Sending to ptd: 'SR,V,Auto'
ptd-server 2022-07-31 05:58:36,921 [INFO] Reply from ptd: 'Range V changed'
ptd-server 2022-07-31 05:58:36,922 [INFO] Sending to ptd: 'SR,A,Auto'
ptd-server 2022-07-31 05:58:37,430 [INFO] Reply from ptd: 'Range A changed'
ptd-server 2022-07-31 05:58:37,431 [INFO] Set initial values for Amps Auto and Volts Auto
ptd-server 2022-07-31 05:58:37,431 [INFO] Stopping ptd...
