ptd-server 2022-08-05 07:42:52,573 [INFO] Got command from the client 'time'
ptd-server 2022-08-05 07:42:52,573 [INFO] Sending reply to client '1659703372.573811'
ptd-server 2022-08-05 07:42:52,576 [INFO] Got command from the client 'new,,8f348327-73de-437d-b664-231799a5d7fa'
ptd-server 2022-08-05 07:42:52,577 [INFO] Sending reply to client 'OK 2022-08-05_07-42-52,9fd67259-5413-4b63-b7da-b08db5496d64'
ptd-server 2022-08-05 07:42:52,683 [INFO] Got command from the client 'time'
ptd-server 2022-08-05 07:42:52,683 [INFO] Sending reply to client '1659703372.68382'
ptd-server 2022-08-05 07:42:52,686 [INFO] Got command from the client 'session,2022-08-05_07-42-52,start,ranging'
ptd-server 2022-08-05 07:42:52,686 [INFO] Running PTDaemon: ['/local/mnt/workspace/mlcommons/power-main/inference_v1.0/ptd-linux-x86', '-l', '/tmp/tmpl8t2s5ku/ptd_logfile.txt', '-p', '8888', '-c', '1', '52', '/dev/usbtmc0']
ptd-server 2022-08-05 07:43:09,807 [INFO] Sending to ptd: 'Hello'
ptd-server 2022-08-05 07:43:09,808 [INFO] Reply from ptd: 'Hello, PTDaemon here!'
ptd-server 2022-08-05 07:43:09,808 [INFO] Sending to ptd: 'Identify'
ptd-server 2022-08-05 07:43:09,809 [INFO] Reply from ptd: 'YokogawaWT330,1000,1,1,1,1,0,0,1,version=1.9.2-e8c7a49a-20201208,OS=Linux 5.4.0-120-generic #136~18.04.1-Ubuntu SMP Fri Jun 10 18:00:44 UTC 2022 x86_64,mode=power,1,1,1,0,0,no_cal_date,YOKOGAWA;WT333;C2QH26002V;F1.06'
ptd-server 2022-08-05 07:43:09,809 [INFO] Connected to PTDaemon
ptd-server 2022-08-05 07:43:09,809 [INFO] Sending to ptd: 'RR'
ptd-server 2022-08-05 07:43:09,809 [INFO] Reply from ptd: 'Ranges,1,1.000000,1,150.000000'
ptd-server 2022-08-05 07:43:09,810 [INFO] Initial range for Amps is Auto for Volts is Auto
ptd-server 2022-08-05 07:43:09,810 [INFO] Sending to ptd: 'SR,V,Auto'
ptd-server 2022-08-05 07:43:10,313 [INFO] Reply from ptd: 'Range V changed'
ptd-server 2022-08-05 07:43:10,313 [INFO] Sending to ptd: 'SR,A,Auto'
ptd-server 2022-08-05 07:43:10,816 [INFO] Reply from ptd: 'Range A changed'
ptd-server 2022-08-05 07:43:20,827 [INFO] Starting ranging mode
ptd-server 2022-08-05 07:43:20,827 [INFO] Sending to ptd: 'Go,1000,0,2022-08-05_07-42-52_ranging'
ptd-server 2022-08-05 07:43:20,827 [INFO] Reply from ptd: 'Starting untimed measurement, maximum 500000 samples at 1000ms with 0 rampup samples'
ptd-server 2022-08-05 07:43:20,828 [INFO] Sending reply to client 'OK'
ptd-server 2022-08-05 07:54:10,581 [INFO] Got command from the client 'session,2022-08-05_07-42-52,stop,ranging'
ptd-server 2022-08-05 07:54:20,592 [INFO] Sending to ptd: 'Stop'
ptd-server 2022-08-05 07:54:20,593 [INFO] Reply from ptd: 'Stopping untimed measurement'
ptd-server 2022-08-05 07:54:20,686 [INFO] Sending reply to client 'OK'
ptd-server 2022-08-05 07:54:20,831 [INFO] Got command from the client 'time'
ptd-server 2022-08-05 07:54:20,831 [INFO] Sending reply to client '1659704060.8315158'
ptd-server 2022-08-05 07:54:20,833 [INFO] Got command from the client 'session,2022-08-05_07-42-52,start,testing'
ptd-server 2022-08-05 07:54:20,834 [INFO] Sending to ptd: 'SR,V,118.040000'
ptd-server 2022-08-05 07:54:22,336 [INFO] Reply from ptd: 'Range V changed'
ptd-server 2022-08-05 07:54:22,336 [INFO] Sending to ptd: 'SR,A,0.158800'
ptd-server 2022-08-05 07:54:23,838 [INFO] Reply from ptd: 'Range A changed'
ptd-server 2022-08-05 07:54:33,842 [INFO] Starting testing mode
ptd-server 2022-08-05 07:54:33,843 [INFO] Sending to ptd: 'Go,1000,0,2022-08-05_07-42-52_testing'
ptd-server 2022-08-05 07:54:33,843 [INFO] Reply from ptd: 'Starting untimed measurement, maximum 500000 samples at 1000ms with 0 rampup samples'
ptd-server 2022-08-05 07:54:33,843 [INFO] Sending reply to client 'OK'
ptd-server 2022-08-05 08:05:25,055 [INFO] Got command from the client 'session,2022-08-05_07-42-52,stop,testing'
ptd-server 2022-08-05 08:05:35,066 [INFO] Sending to ptd: 'Stop'
ptd-server 2022-08-05 08:05:35,066 [INFO] Reply from ptd: 'Stopping untimed measurement'
ptd-server 2022-08-05 08:05:35,119 [INFO] Sending reply to client 'OK'
ptd-server 2022-08-05 08:05:35,139 [INFO] Got command from the client 'session,2022-08-05_07-42-52,done'
ptd-server 2022-08-05 08:05:35,140 [INFO] Sending to ptd: 'Stop'
ptd-server 2022-08-05 08:05:35,844 [INFO] Reply from ptd: 'Error: no measurement to stop'
ptd-server 2022-08-05 08:05:35,844 [INFO] Sending to ptd: 'SR,V,Auto'
ptd-server 2022-08-05 08:05:36,347 [INFO] Reply from ptd: 'Range V changed'
ptd-server 2022-08-05 08:05:36,347 [INFO] Sending to ptd: 'SR,A,Auto'
ptd-server 2022-08-05 08:05:36,851 [INFO] Reply from ptd: 'Range A changed'
ptd-server 2022-08-05 08:05:36,851 [INFO] Set initial values for Amps Auto and Volts Auto
ptd-server 2022-08-05 08:05:36,851 [INFO] Stopping ptd...
