client 2022-08-02 20:09:33,999 [WARNING] Removing loadgen logs directory '/home/yvan/CK/ck-mlperf/program/image-classification-tflite-loadgen/tmp/loadgen_logs'
client 2022-08-02 20:09:34,001 [INFO] Sending command to the server: 'mlcommons/power client v3'
client 2022-08-02 20:09:34,001 [INFO] Got response: 'mlcommons/power server v3'
client 2022-08-02 20:09:34,001 [INFO] Synchronizing with the server and with time.google.com...
client 2022-08-02 20:09:34,029 [INFO] NTP:offset = -0.002 s, delay = 0.024 s 
client 2022-08-02 20:09:34,029 [INFO] Sending command to the server: 'time'
client 2022-08-02 20:09:34,030 [INFO] Got response: '1659467374.0272298'
client 2022-08-02 20:09:34,030 [INFO] The time difference between the client and the server is within range 2.399 ms..3.338 ms
client 2022-08-02 20:09:34,030 [INFO] Sending command to the server: 'new,,695dacc4-5549-49f7-baac-440a81f45aa7'
client 2022-08-02 20:09:34,032 [INFO] Got response: 'OK 2022-08-02_20-09-34,a0bee0fa-2ee3-45de-b241-a881b5f2e8d7'
client 2022-08-02 20:09:34,032 [INFO] Session id is '2022-08-02_20-09-34'
client 2022-08-02 20:09:34,032 [INFO] Sources: {"sources": {"__init__.py": "da39a3ee5e6b4b0d3255bfef95601890afd80709", "client.py": "33ca4f26368777ac06e01f9567b714a4b8063886", "lib/__init__.py": "da39a3ee5e6b4b0d3255bfef95601890afd80709", "lib/client.py": "4c2b78fb4849a7e5b584ef792d82aaed20b17f57", "lib/common.py": "624d0c0acc7c39aaff3674f0b99d6a09da53d1dc", "lib/external/__init__.py": "da39a3ee5e6b4b0d3255bfef95601890afd80709", "lib/external/ntplib.py": "4da8f970656505a40483206ef2b5d3dd5e81711d", "lib/server.py": "cda0cdfaee9bfa1249c64a7dd4f89b7bf1b279f0", "lib/source_hashes.py": "60a2e02193209e8d392803326208d5466342da18", "lib/summary.py": "aa92f0a3f975eecd44d3c0cd0236342ccc9f941d", "lib/time_sync.py": "3210db56eb0ff0df57bf4293dc4d4b03fffd46f1", "server.py": "c3f90f2f7eeb4db30727556d0c815ebc89b3d28b", "tests/unit/__init__.py": "da39a3ee5e6b4b0d3255bfef95601890afd80709", "tests/unit/test_server.py": "99ae15aef722f2000ee6ed1ae1523637bf1ae42b", "tests/unit/test_source_hashes.py": "00468a2907583c593e6574a1f6b404e4651c221a"}, "modules": {"ptd_client_server.lib.client": "lib/client.py", "ptd_client_server.lib.common": "lib/common.py", "ptd_client_server.lib.external.ntplib": "lib/external/ntplib.py", "ptd_client_server.lib.source_hashes": "lib/source_hashes.py", "ptd_client_server.lib.summary": "lib/summary.py", "ptd_client_server.lib.time_sync": "lib/time_sync.py"}}
client 2022-08-02 20:09:34,032 [INFO] Running workload in ranging mode
client 2022-08-02 20:09:34,032 [INFO] Synchronizing with the server and with time.google.com...
client 2022-08-02 20:09:34,069 [INFO] NTP:offset = -0.000 s, delay = 0.036 s 
client 2022-08-02 20:09:34,069 [INFO] Sending command to the server: 'time'
client 2022-08-02 20:09:34,070 [INFO] Got response: '1659467374.0669713'
client 2022-08-02 20:09:34,070 [INFO] The time difference between the client and the server is within range 2.390 ms..3.310 ms
client 2022-08-02 20:09:34,070 [INFO] Sending command to the server: 'session,2022-08-02_20-09-34,start,ranging'
client 2022-08-02 20:10:02,265 [INFO] Got response: 'OK'
client 2022-08-02 20:10:02,266 [INFO] Running the workload 'ck benchmark program:image-classification-tflite-loadgen --env.CK_SILENT_MODE=YES --skip_print_timers --dep_add_tags.compiler=gcc,v9 --dep_add_tags.python=v3 --dep_add_tags.mlperf-inference-src=r2.1 --dep_add_tags.weights=mobilenet,v1-0.5-224,non-quantized --dep_add_tags.images=crop.875,preprocessed,using-opencv --dep_add_tags.library=tflite,v2.7.1,with.ruy --env.CK_LOADGEN_DATASET_SIZE=1024 --env.CK_LOADGEN_MODE=PerformanceOnly --env.CK_LOADGEN_SCENARIO=SingleStream --env.CK_LOADGEN_TARGET_LATENCY=$CK_LOADGEN_TARGET_LATENCY --skip_stat_analysis --process_multi_keys --repetitions=1 --record --record_repo=local --record_uoa=mlperf_v2.1-open-orin-tflite-v2.7.1-ruy-mobilenet-v1-0.5-224-non-quantized-singlestream-performance-target_latency.$CK_LOADGEN_TARGET_LATENCY-power.workload --tags=mlperf,round.v2.1,division.open,task.image-classification,platform.orin,scenario.singlestream,mode.performance,workload.mobilenet-v1-0.5-224-non-quantized,preprocessed_using.opencv,inference_engine.tflite,inference_engine_version.v2.7.1,inference_engine_backend.ruy,target_latency.$CK_LOADGEN_TARGET_LATENCY,power.workload "@@@{\'meta\': {\'ck_benchmark_program\': \'ck benchmark program:image-classification-tflite-loadgen --env.CK_SILENT_MODE=YES --skip_print_timers --dep_add_tags.compiler=gcc,v9 --dep_add_tags.python=v3 --dep_add_tags.mlperf-inference-src=r2.1 --dep_add_tags.weights=mobilenet,v1-0.5-224,non-quantized --dep_add_tags.images=crop.875,preprocessed,using-opencv --dep_add_tags.library=tflite,v2.7.1,with.ruy --env.CK_LOADGEN_DATASET_SIZE=1024 --env.CK_LOADGEN_MODE=PerformanceOnly --env.CK_LOADGEN_SCENARIO=SingleStream --env.CK_LOADGEN_TARGET_LATENCY=$CK_LOADGEN_TARGET_LATENCY --skip_stat_analysis --process_multi_keys --repetitions=1 --record --record_repo=local --record_uoa=mlperf_v2.1-open-orin-tflite-v2.7.1-ruy-mobilenet-v1-0.5-224-non-quantized-singlestream-performance-target_latency.$CK_LOADGEN_TARGET_LATENCY-power.workload --tags=mlperf,round.v2.1,division.open,task.image-classification,platform.orin,scenario.singlestream,mode.performance,workload.mobilenet-v1-0.5-224-non-quantized,preprocessed_using.opencv,inference_engine.tflite,inference_engine_version.v2.7.1,inference_engine_backend.ruy,target_latency.$CK_LOADGEN_TARGET_LATENCY,power.workload\'}}" && cat `ck find program:image-classification-tflite-loadgen`/tmp/mlperf_log_summary.txt && mkdir -p "$CK_MLPERF_POWER_CLIENT_LOADGEN_LOGS" && cp "$CK_MLPERF_POWER_CLIENT_LOADGEN_LOGS"/../mlperf_log_* "$CK_MLPERF_POWER_CLIENT_LOADGEN_LOGS"/'
client 2022-08-02 20:20:16,447 [INFO] Sending command to the server: 'session,2022-08-02_20-09-34,stop,ranging'
client 2022-08-02 20:20:28,023 [INFO] Got response: 'OK'
client 2022-08-02 20:20:28,035 [INFO] Copying loadgen logs from '/home/yvan/CK/ck-mlperf/program/image-classification-tflite-loadgen/tmp/loadgen_logs' to '/home/yvan/CK/ck-mlperf/program/mlperf-power-client/tmp/2022-08-02_20-09-34/ranging'
client 2022-08-02 20:20:28,036 [INFO] Running workload in testing mode
client 2022-08-02 20:20:28,036 [INFO] Synchronizing with the server and with time.google.com...
client 2022-08-02 20:20:28,067 [INFO] NTP:offset = -0.003 s, delay = 0.028 s 
client 2022-08-02 20:20:28,067 [INFO] Sending command to the server: 'time'
client 2022-08-02 20:20:28,069 [INFO] Got response: '1659468028.0648868'
client 2022-08-02 20:20:28,069 [INFO] The time difference between the client and the server is within range 2.556 ms..4.315 ms
client 2022-08-02 20:20:28,069 [INFO] Sending command to the server: 'session,2022-08-02_20-09-34,start,testing'
client 2022-08-02 20:20:41,084 [INFO] Got response: 'OK'
client 2022-08-02 20:20:41,085 [INFO] Running the workload 'ck benchmark program:image-classification-tflite-loadgen --env.CK_SILENT_MODE=YES --skip_print_timers --dep_add_tags.compiler=gcc,v9 --dep_add_tags.python=v3 --dep_add_tags.mlperf-inference-src=r2.1 --dep_add_tags.weights=mobilenet,v1-0.5-224,non-quantized --dep_add_tags.images=crop.875,preprocessed,using-opencv --dep_add_tags.library=tflite,v2.7.1,with.ruy --env.CK_LOADGEN_DATASET_SIZE=1024 --env.CK_LOADGEN_MODE=PerformanceOnly --env.CK_LOADGEN_SCENARIO=SingleStream --env.CK_LOADGEN_TARGET_LATENCY=$CK_LOADGEN_TARGET_LATENCY --skip_stat_analysis --process_multi_keys --repetitions=1 --record --record_repo=local --record_uoa=mlperf_v2.1-open-orin-tflite-v2.7.1-ruy-mobilenet-v1-0.5-224-non-quantized-singlestream-performance-target_latency.$CK_LOADGEN_TARGET_LATENCY-power.workload --tags=mlperf,round.v2.1,division.open,task.image-classification,platform.orin,scenario.singlestream,mode.performance,workload.mobilenet-v1-0.5-224-non-quantized,preprocessed_using.opencv,inference_engine.tflite,inference_engine_version.v2.7.1,inference_engine_backend.ruy,target_latency.$CK_LOADGEN_TARGET_LATENCY,power.workload "@@@{\'meta\': {\'ck_benchmark_program\': \'ck benchmark program:image-classification-tflite-loadgen --env.CK_SILENT_MODE=YES --skip_print_timers --dep_add_tags.compiler=gcc,v9 --dep_add_tags.python=v3 --dep_add_tags.mlperf-inference-src=r2.1 --dep_add_tags.weights=mobilenet,v1-0.5-224,non-quantized --dep_add_tags.images=crop.875,preprocessed,using-opencv --dep_add_tags.library=tflite,v2.7.1,with.ruy --env.CK_LOADGEN_DATASET_SIZE=1024 --env.CK_LOADGEN_MODE=PerformanceOnly --env.CK_LOADGEN_SCENARIO=SingleStream --env.CK_LOADGEN_TARGET_LATENCY=$CK_LOADGEN_TARGET_LATENCY --skip_stat_analysis --process_multi_keys --repetitions=1 --record --record_repo=local --record_uoa=mlperf_v2.1-open-orin-tflite-v2.7.1-ruy-mobilenet-v1-0.5-224-non-quantized-singlestream-performance-target_latency.$CK_LOADGEN_TARGET_LATENCY-power.workload --tags=mlperf,round.v2.1,division.open,task.image-classification,platform.orin,scenario.singlestream,mode.performance,workload.mobilenet-v1-0.5-224-non-quantized,preprocessed_using.opencv,inference_engine.tflite,inference_engine_version.v2.7.1,inference_engine_backend.ruy,target_latency.$CK_LOADGEN_TARGET_LATENCY,power.workload\'}}" && cat `ck find program:image-classification-tflite-loadgen`/tmp/mlperf_log_summary.txt && mkdir -p "$CK_MLPERF_POWER_CLIENT_LOADGEN_LOGS" && cp "$CK_MLPERF_POWER_CLIENT_LOADGEN_LOGS"/../mlperf_log_* "$CK_MLPERF_POWER_CLIENT_LOADGEN_LOGS"/'
client 2022-08-02 20:30:55,142 [INFO] Sending command to the server: 'session,2022-08-02_20-09-34,stop,testing'
client 2022-08-02 20:31:05,935 [INFO] Got response: 'OK'
client 2022-08-02 20:31:05,940 [INFO] Copying loadgen logs from '/home/yvan/CK/ck-mlperf/program/image-classification-tflite-loadgen/tmp/loadgen_logs' to '/home/yvan/CK/ck-mlperf/program/mlperf-power-client/tmp/2022-08-02_20-09-34/run_1'
client 2022-08-02 20:31:05,942 [INFO] Done runs
