ptd-server 2022-07-23 07:45:02,252 [INFO] Got command from the client 'time'
ptd-server 2022-07-23 07:45:02,252 [INFO] Sending reply to client '1658558702.2523167'
ptd-server 2022-07-23 07:45:02,253 [INFO] Got command from the client 'new,,07d06f61-689c-4d76-8fc9-ae7ef6a9bdff'
ptd-server 2022-07-23 07:45:02,254 [INFO] Sending reply to client 'OK 2022-07-23_07-45-02,e2109371-873a-4751-9dd9-7da947714e09'
ptd-server 2022-07-23 07:45:02,281 [INFO] Got command from the client 'time'
ptd-server 2022-07-23 07:45:02,282 [INFO] Sending reply to client '1658558702.282106'
ptd-server 2022-07-23 07:45:02,283 [INFO] Got command from the client 'session,2022-07-23_07-45-02,start,ranging'
ptd-server 2022-07-23 07:45:02,283 [INFO] Running PTDaemon: ['/home/anton/projects/mlperf/power/inference_v1.0/ptd-linux-x86', '-l', '/tmp/tmp7lgbo8s4/ptd_logfile.txt', '-p', '8888', '49', '/dev/usbtmc0']
ptd-server 2022-07-23 07:45:19,457 [INFO] Sending to ptd: 'Hello'
ptd-server 2022-07-23 07:45:19,458 [INFO] Reply from ptd: 'Hello, PTDaemon here!'
ptd-server 2022-07-23 07:45:19,458 [INFO] Sending to ptd: 'Identify'
ptd-server 2022-07-23 07:45:19,458 [INFO] Reply from ptd: 'YokogawaWT310E,1000,1,1,1,1,0,1,1,version=1.9.2-e8c7a49a-20201208,OS=Linux 5.13.0-52-generic #59~20.04.1-Ubuntu SMP Thu Jun 16 21:21:28 UTC 2022 x86_64,mode=power,1,1,1,0,0,no_cal_date,YOKOGAWA;WT310E;C3XA04010E;F1.04'
ptd-server 2022-07-23 07:45:19,458 [INFO] Connected to PTDaemon
ptd-server 2022-07-23 07:45:19,458 [INFO] Sending to ptd: 'RR'
ptd-server 2022-07-23 07:45:19,459 [INFO] Reply from ptd: 'Ranges,0,0.500000,1,300.000000'
ptd-server 2022-07-23 07:45:19,459 [INFO] Initial range for Amps is 0.500000 for Volts is Auto
ptd-server 2022-07-23 07:45:19,459 [INFO] Sending to ptd: 'SR,V,Auto'
ptd-server 2022-07-23 07:45:19,962 [INFO] Reply from ptd: 'Range V changed'
ptd-server 2022-07-23 07:45:19,962 [INFO] Sending to ptd: 'SR,A,Auto'
ptd-server 2022-07-23 07:45:20,464 [INFO] Reply from ptd: 'Range A changed'
ptd-server 2022-07-23 07:45:30,474 [INFO] Starting ranging mode
ptd-server 2022-07-23 07:45:30,475 [INFO] Sending to ptd: 'Go,1000,0,2022-07-23_07-45-02_ranging'
ptd-server 2022-07-23 07:45:30,475 [INFO] Reply from ptd: 'Starting untimed measurement, maximum 500000 samples at 1000ms with 0 rampup samples'
ptd-server 2022-07-23 07:45:30,475 [INFO] Sending reply to client 'OK'
ptd-server 2022-07-23 07:55:46,826 [INFO] Got command from the client 'session,2022-07-23_07-45-02,stop,ranging'
ptd-server 2022-07-23 07:55:56,836 [INFO] Sending to ptd: 'Stop'
ptd-server 2022-07-23 07:55:56,837 [INFO] Reply from ptd: 'Stopping untimed measurement'
ptd-server 2022-07-23 07:55:57,388 [INFO] Sending reply to client 'OK'
ptd-server 2022-07-23 07:55:57,428 [INFO] Got command from the client 'time'
ptd-server 2022-07-23 07:55:57,428 [INFO] Sending reply to client '1658559357.4284272'
ptd-server 2022-07-23 07:55:57,429 [INFO] Got command from the client 'session,2022-07-23_07-45-02,start,testing'
ptd-server 2022-07-23 07:55:57,429 [INFO] Sending to ptd: 'SR,V,248.890000'
ptd-server 2022-07-23 07:55:58,977 [INFO] Reply from ptd: 'Range V changed'
ptd-server 2022-07-23 07:55:58,977 [INFO] Sending to ptd: 'SR,A,0.055130'
ptd-server 2022-07-23 07:56:00,478 [INFO] Reply from ptd: 'Range A changed'
ptd-server 2022-07-23 07:56:10,488 [INFO] Starting testing mode
ptd-server 2022-07-23 07:56:10,489 [INFO] Sending to ptd: 'Go,1000,0,2022-07-23_07-45-02_testing'
ptd-server 2022-07-23 07:56:10,489 [INFO] Reply from ptd: 'Starting untimed measurement, maximum 500000 samples at 1000ms with 0 rampup samples'
ptd-server 2022-07-23 07:56:10,489 [INFO] Sending reply to client 'OK'
ptd-server 2022-07-23 08:06:26,774 [INFO] Got command from the client 'session,2022-07-23_07-45-02,stop,testing'
ptd-server 2022-07-23 08:06:36,784 [INFO] Sending to ptd: 'Stop'
ptd-server 2022-07-23 08:06:36,785 [INFO] Reply from ptd: 'Stopping untimed measurement'
ptd-server 2022-07-23 08:06:37,065 [INFO] Sending reply to client 'OK'
ptd-server 2022-07-23 08:06:37,073 [INFO] Got command from the client 'session,2022-07-23_07-45-02,done'
ptd-server 2022-07-23 08:06:37,073 [INFO] Sending to ptd: 'Stop'
ptd-server 2022-07-23 08:06:37,489 [INFO] Reply from ptd: 'Error: no measurement to stop'
ptd-server 2022-07-23 08:06:37,489 [INFO] Sending to ptd: 'SR,V,Auto'
ptd-server 2022-07-23 08:06:37,992 [INFO] Reply from ptd: 'Range V changed'
ptd-server 2022-07-23 08:06:37,992 [INFO] Sending to ptd: 'SR,A,0.500000'
ptd-server 2022-07-23 08:06:39,494 [INFO] Reply from ptd: 'Range A changed'
ptd-server 2022-07-23 08:06:39,494 [INFO] Set initial values for Amps 0.500000 and Volts Auto
ptd-server 2022-07-23 08:06:39,494 [INFO] Stopping ptd...
