ptd-server 2022-08-04 19:58:14,421 [INFO] Got command from the client 'time'
ptd-server 2022-08-04 19:58:14,422 [INFO] Sending reply to client '1659661094.4221451'
ptd-server 2022-08-04 19:58:14,422 [INFO] Got command from the client 'new,,b65c887d-01e5-4abc-8e89-4316a97ea4a0'
ptd-server 2022-08-04 19:58:14,423 [INFO] Sending reply to client 'OK 2022-08-04_19-58-14,642f6a6f-e79b-410e-a27e-81a4145ec6c1'
ptd-server 2022-08-04 19:58:14,524 [INFO] Got command from the client 'time'
ptd-server 2022-08-04 19:58:14,524 [INFO] Sending reply to client '1659661094.5249448'
ptd-server 2022-08-04 19:58:14,526 [INFO] Got command from the client 'session,2022-08-04_19-58-14,start,ranging'
ptd-server 2022-08-04 19:58:14,526 [INFO] Running PTDaemon: ['/local/mnt/workspace/mlcommons/power-main/inference_v1.0/ptd-linux-x86', '-l', '/tmp/tmp8xrjvdjh/ptd_logfile.txt', '-p', '8888', '49', '/dev/usbtmc0']
ptd-server 2022-08-04 19:58:31,651 [INFO] Sending to ptd: 'Hello'
ptd-server 2022-08-04 19:58:31,652 [INFO] Reply from ptd: 'Hello, PTDaemon here!'
ptd-server 2022-08-04 19:58:31,652 [INFO] Sending to ptd: 'Identify'
ptd-server 2022-08-04 19:58:31,653 [INFO] Reply from ptd: 'YokogawaWT310E,1000,1,1,1,1,0,1,1,version=1.9.2-e8c7a49a-20201208,OS=Linux 4.15.0-188-generic #199-Ubuntu SMP Wed Jun 15 20:42:56 UTC 2022 x86_64,mode=power,1,1,1,0,0,no_cal_date,YOKOGAWA;WT310E;C2XF16028V;F1.04'
ptd-server 2022-08-04 19:58:31,653 [INFO] Connected to PTDaemon
ptd-server 2022-08-04 19:58:31,654 [INFO] Sending to ptd: 'RR'
ptd-server 2022-08-04 19:58:31,654 [INFO] Reply from ptd: 'Ranges,1,5.000000,1,150.000000'
ptd-server 2022-08-04 19:58:31,654 [INFO] Initial range for Amps is Auto for Volts is Auto
ptd-server 2022-08-04 19:58:31,654 [INFO] Sending to ptd: 'SR,V,Auto'
ptd-server 2022-08-04 19:58:32,157 [INFO] Reply from ptd: 'Range V changed'
ptd-server 2022-08-04 19:58:32,158 [INFO] Sending to ptd: 'SR,A,Auto'
ptd-server 2022-08-04 19:58:32,661 [INFO] Reply from ptd: 'Range A changed'
ptd-server 2022-08-04 19:58:42,672 [INFO] Starting ranging mode
ptd-server 2022-08-04 19:58:42,672 [INFO] Sending to ptd: 'Go,1000,0,2022-08-04_19-58-14_ranging'
ptd-server 2022-08-04 19:58:42,672 [INFO] Reply from ptd: 'Starting untimed measurement, maximum 500000 samples at 1000ms with 0 rampup samples'
ptd-server 2022-08-04 19:58:42,673 [INFO] Sending reply to client 'OK'
ptd-server 2022-08-04 20:11:30,473 [INFO] Got command from the client 'session,2022-08-04_19-58-14,stop,ranging'
ptd-server 2022-08-04 20:11:40,484 [INFO] Sending to ptd: 'Stop'
ptd-server 2022-08-04 20:11:40,484 [INFO] Reply from ptd: 'Stopping untimed measurement'
ptd-server 2022-08-04 20:11:40,535 [INFO] Sending reply to client 'OK'
ptd-server 2022-08-04 20:11:40,621 [INFO] Got command from the client 'time'
ptd-server 2022-08-04 20:11:40,621 [INFO] Sending reply to client '1659661900.6217818'
ptd-server 2022-08-04 20:11:40,622 [INFO] Got command from the client 'session,2022-08-04_19-58-14,start,testing'
ptd-server 2022-08-04 20:11:40,622 [INFO] Sending to ptd: 'SR,V,121.940000'
ptd-server 2022-08-04 20:11:42,175 [INFO] Reply from ptd: 'Range V changed'
ptd-server 2022-08-04 20:11:42,175 [INFO] Sending to ptd: 'SR,A,4.125700'
ptd-server 2022-08-04 20:11:43,677 [INFO] Reply from ptd: 'Range A changed'
ptd-server 2022-08-04 20:11:53,688 [INFO] Starting testing mode
ptd-server 2022-08-04 20:11:53,688 [INFO] Sending to ptd: 'Go,1000,0,2022-08-04_19-58-14_testing'
ptd-server 2022-08-04 20:11:53,689 [INFO] Reply from ptd: 'Starting untimed measurement, maximum 500000 samples at 1000ms with 0 rampup samples'
ptd-server 2022-08-04 20:11:53,689 [INFO] Sending reply to client 'OK'
ptd-server 2022-08-04 20:24:41,239 [INFO] Got command from the client 'session,2022-08-04_19-58-14,stop,testing'
ptd-server 2022-08-04 20:24:51,250 [INFO] Sending to ptd: 'Stop'
ptd-server 2022-08-04 20:24:51,251 [INFO] Reply from ptd: 'Stopping untimed measurement'
ptd-server 2022-08-04 20:24:51,280 [INFO] Sending reply to client 'OK'
ptd-server 2022-08-04 20:24:51,284 [INFO] Got command from the client 'session,2022-08-04_19-58-14,done'
ptd-server 2022-08-04 20:24:51,284 [INFO] Sending to ptd: 'Stop'
ptd-server 2022-08-04 20:24:51,690 [INFO] Reply from ptd: 'Error: no measurement to stop'
ptd-server 2022-08-04 20:24:51,690 [INFO] Sending to ptd: 'SR,V,Auto'
ptd-server 2022-08-04 20:24:52,193 [INFO] Reply from ptd: 'Range V changed'
ptd-server 2022-08-04 20:24:52,194 [INFO] Sending to ptd: 'SR,A,Auto'
ptd-server 2022-08-04 20:24:52,697 [INFO] Reply from ptd: 'Range A changed'
ptd-server 2022-08-04 20:24:52,697 [INFO] Set initial values for Amps Auto and Volts Auto
ptd-server 2022-08-04 20:24:52,698 [INFO] Stopping ptd...
