ptd-server 2022-07-26 03:22:22,037 [INFO] Got command from the client 'time'
ptd-server 2022-07-26 03:22:22,037 [INFO] Sending reply to client '1658802142.03783'
ptd-server 2022-07-26 03:22:22,039 [INFO] Got command from the client 'new,,9af0d653-6ed0-4fdc-a5e8-990e92353073'
ptd-server 2022-07-26 03:22:22,039 [INFO] Sending reply to client 'OK 2022-07-26_03-22-22,c61437f4-a50c-4d0c-ada0-35f9473382d9'
ptd-server 2022-07-26 03:22:22,067 [INFO] Got command from the client 'time'
ptd-server 2022-07-26 03:22:22,067 [INFO] Sending reply to client '1658802142.0676153'
ptd-server 2022-07-26 03:22:22,068 [INFO] Got command from the client 'session,2022-07-26_03-22-22,start,ranging'
ptd-server 2022-07-26 03:22:22,069 [INFO] Running PTDaemon: ['/home/anton/projects/mlperf/power/inference_v1.0/ptd-linux-x86', '-l', '/tmp/tmp7lgbo8s4/ptd_logfile.txt', '-p', '8888', '49', '/dev/usbtmc0']
ptd-server 2022-07-26 03:22:39,243 [INFO] Sending to ptd: 'Hello'
ptd-server 2022-07-26 03:22:39,243 [INFO] Reply from ptd: 'Hello, PTDaemon here!'
ptd-server 2022-07-26 03:22:39,244 [INFO] Sending to ptd: 'Identify'
ptd-server 2022-07-26 03:22:39,244 [INFO] Reply from ptd: 'YokogawaWT310E,1000,1,1,1,1,0,1,1,version=1.9.2-e8c7a49a-20201208,OS=Linux 5.13.0-52-generic #59~20.04.1-Ubuntu SMP Thu Jun 16 21:21:28 UTC 2022 x86_64,mode=power,1,1,1,0,0,no_cal_date,YOKOGAWA;WT310E;C3XA04010E;F1.04'
ptd-server 2022-07-26 03:22:39,244 [INFO] Connected to PTDaemon
ptd-server 2022-07-26 03:22:39,244 [INFO] Sending to ptd: 'RR'
ptd-server 2022-07-26 03:22:39,245 [INFO] Reply from ptd: 'Ranges,0,0.500000,1,300.000000'
ptd-server 2022-07-26 03:22:39,245 [INFO] Initial range for Amps is 0.500000 for Volts is Auto
ptd-server 2022-07-26 03:22:39,245 [INFO] Sending to ptd: 'SR,V,Auto'
ptd-server 2022-07-26 03:22:39,747 [INFO] Reply from ptd: 'Range V changed'
ptd-server 2022-07-26 03:22:39,747 [INFO] Sending to ptd: 'SR,A,Auto'
ptd-server 2022-07-26 03:22:40,250 [INFO] Reply from ptd: 'Range A changed'
ptd-server 2022-07-26 03:22:50,260 [INFO] Starting ranging mode
ptd-server 2022-07-26 03:22:50,260 [INFO] Sending to ptd: 'Go,1000,0,2022-07-26_03-22-22_ranging'
ptd-server 2022-07-26 03:22:50,261 [INFO] Reply from ptd: 'Starting untimed measurement, maximum 500000 samples at 1000ms with 0 rampup samples'
ptd-server 2022-07-26 03:22:50,261 [INFO] Sending reply to client 'OK'
ptd-server 2022-07-26 03:33:31,673 [INFO] Got command from the client 'session,2022-07-26_03-22-22,stop,ranging'
ptd-server 2022-07-26 03:33:41,684 [INFO] Sending to ptd: 'Stop'
ptd-server 2022-07-26 03:33:41,684 [INFO] Reply from ptd: 'Stopping untimed measurement'
ptd-server 2022-07-26 03:33:42,519 [INFO] Sending reply to client 'OK'
ptd-server 2022-07-26 03:33:42,565 [INFO] Got command from the client 'time'
ptd-server 2022-07-26 03:33:42,565 [INFO] Sending reply to client '1658802822.5654242'
ptd-server 2022-07-26 03:33:42,566 [INFO] Got command from the client 'session,2022-07-26_03-22-22,start,testing'
ptd-server 2022-07-26 03:33:42,566 [INFO] Sending to ptd: 'SR,V,252.550000'
ptd-server 2022-07-26 03:33:44,067 [INFO] Reply from ptd: 'Range V changed'
ptd-server 2022-07-26 03:33:44,068 [INFO] Sending to ptd: 'SR,A,0.049370'
ptd-server 2022-07-26 03:33:45,569 [INFO] Reply from ptd: 'Range A changed'
ptd-server 2022-07-26 03:33:55,579 [INFO] Starting testing mode
ptd-server 2022-07-26 03:33:55,579 [INFO] Sending to ptd: 'Go,1000,0,2022-07-26_03-22-22_testing'
ptd-server 2022-07-26 03:33:55,580 [INFO] Reply from ptd: 'Starting untimed measurement, maximum 500000 samples at 1000ms with 0 rampup samples'
ptd-server 2022-07-26 03:33:55,580 [INFO] Sending reply to client 'OK'
ptd-server 2022-07-26 03:44:36,983 [INFO] Got command from the client 'session,2022-07-26_03-22-22,stop,testing'
ptd-server 2022-07-26 03:44:46,994 [INFO] Sending to ptd: 'Stop'
ptd-server 2022-07-26 03:44:46,994 [INFO] Reply from ptd: 'Stopping untimed measurement'
ptd-server 2022-07-26 03:44:47,417 [INFO] Sending reply to client 'OK'
ptd-server 2022-07-26 03:44:47,425 [INFO] Got command from the client 'session,2022-07-26_03-22-22,done'
ptd-server 2022-07-26 03:44:47,426 [INFO] Sending to ptd: 'Stop'
ptd-server 2022-07-26 03:44:47,580 [INFO] Reply from ptd: 'Error: no measurement to stop'
ptd-server 2022-07-26 03:44:47,580 [INFO] Sending to ptd: 'SR,V,Auto'
ptd-server 2022-07-26 03:44:48,083 [INFO] Reply from ptd: 'Range V changed'
ptd-server 2022-07-26 03:44:48,083 [INFO] Sending to ptd: 'SR,A,0.500000'
ptd-server 2022-07-26 03:44:49,584 [INFO] Reply from ptd: 'Range A changed'
ptd-server 2022-07-26 03:44:49,585 [INFO] Set initial values for Amps 0.500000 and Volts Auto
ptd-server 2022-07-26 03:44:49,585 [INFO] Stopping ptd...
