ptd-server 2022-07-21 01:22:53,237 [INFO] Got command from the client 'time'
ptd-server 2022-07-21 01:22:53,237 [INFO] Sending reply to client '1658362973.2373788'
ptd-server 2022-07-21 01:22:53,238 [INFO] Got command from the client 'new,,de821887-fad0-4ed9-9fe4-580ead3ef013'
ptd-server 2022-07-21 01:22:53,239 [INFO] Sending reply to client 'OK 2022-07-21_01-22-53,6199e5fc-191d-4566-ace5-4cd6674aecf2'
ptd-server 2022-07-21 01:22:53,277 [INFO] Got command from the client 'time'
ptd-server 2022-07-21 01:22:53,277 [INFO] Sending reply to client '1658362973.2773154'
ptd-server 2022-07-21 01:22:53,278 [INFO] Got command from the client 'session,2022-07-21_01-22-53,start,ranging'
ptd-server 2022-07-21 01:22:53,278 [INFO] Running PTDaemon: ['/home/anton/projects/mlperf/power/inference_v1.0/ptd-linux-x86', '-l', '/tmp/tmp7lgbo8s4/ptd_logfile.txt', '-p', '8888', '49', '/dev/usbtmc0']
ptd-server 2022-07-21 01:23:10,453 [INFO] Sending to ptd: 'Hello'
ptd-server 2022-07-21 01:23:10,453 [INFO] Reply from ptd: 'Hello, PTDaemon here!'
ptd-server 2022-07-21 01:23:10,453 [INFO] Sending to ptd: 'Identify'
ptd-server 2022-07-21 01:23:10,454 [INFO] Reply from ptd: 'YokogawaWT310E,1000,1,1,1,1,0,1,1,version=1.9.2-e8c7a49a-20201208,OS=Linux 5.13.0-52-generic #59~20.04.1-Ubuntu SMP Thu Jun 16 21:21:28 UTC 2022 x86_64,mode=power,1,1,1,0,0,no_cal_date,YOKOGAWA;WT310E;C3XA04010E;F1.04'
ptd-server 2022-07-21 01:23:10,454 [INFO] Connected to PTDaemon
ptd-server 2022-07-21 01:23:10,454 [INFO] Sending to ptd: 'RR'
ptd-server 2022-07-21 01:23:10,454 [INFO] Reply from ptd: 'Ranges,0,0.500000,1,300.000000'
ptd-server 2022-07-21 01:23:10,454 [INFO] Initial range for Amps is 0.500000 for Volts is Auto
ptd-server 2022-07-21 01:23:10,455 [INFO] Sending to ptd: 'SR,V,Auto'
ptd-server 2022-07-21 01:23:10,957 [INFO] Reply from ptd: 'Range V changed'
ptd-server 2022-07-21 01:23:10,957 [INFO] Sending to ptd: 'SR,A,Auto'
ptd-server 2022-07-21 01:23:11,460 [INFO] Reply from ptd: 'Range A changed'
ptd-server 2022-07-21 01:23:21,470 [INFO] Starting ranging mode
ptd-server 2022-07-21 01:23:21,470 [INFO] Sending to ptd: 'Go,1000,0,2022-07-21_01-22-53_ranging'
ptd-server 2022-07-21 01:23:21,471 [INFO] Reply from ptd: 'Starting untimed measurement, maximum 500000 samples at 1000ms with 0 rampup samples'
ptd-server 2022-07-21 01:23:21,471 [INFO] Sending reply to client 'OK'
ptd-server 2022-07-21 01:33:42,479 [INFO] Got command from the client 'session,2022-07-21_01-22-53,stop,ranging'
ptd-server 2022-07-21 01:33:52,489 [INFO] Sending to ptd: 'Stop'
ptd-server 2022-07-21 01:33:52,490 [INFO] Reply from ptd: 'Stopping untimed measurement'
ptd-server 2022-07-21 01:33:52,762 [INFO] Sending reply to client 'OK'
ptd-server 2022-07-21 01:33:52,823 [INFO] Got command from the client 'time'
ptd-server 2022-07-21 01:33:52,823 [INFO] Sending reply to client '1658363632.8237164'
ptd-server 2022-07-21 01:33:52,824 [INFO] Got command from the client 'session,2022-07-21_01-22-53,start,testing'
ptd-server 2022-07-21 01:33:52,824 [INFO] Sending to ptd: 'SR,V,251.280000'
ptd-server 2022-07-21 01:33:54,973 [INFO] Reply from ptd: 'Range V changed'
ptd-server 2022-07-21 01:33:54,973 [INFO] Sending to ptd: 'SR,A,0.071140'
ptd-server 2022-07-21 01:33:56,474 [INFO] Reply from ptd: 'Range A changed'
ptd-server 2022-07-21 01:34:06,485 [INFO] Starting testing mode
ptd-server 2022-07-21 01:34:06,485 [INFO] Sending to ptd: 'Go,1000,0,2022-07-21_01-22-53_testing'
ptd-server 2022-07-21 01:34:06,485 [INFO] Reply from ptd: 'Starting untimed measurement, maximum 500000 samples at 1000ms with 0 rampup samples'
ptd-server 2022-07-21 01:34:06,485 [INFO] Sending reply to client 'OK'
ptd-server 2022-07-21 01:44:27,358 [INFO] Got command from the client 'session,2022-07-21_01-22-53,stop,testing'
ptd-server 2022-07-21 01:44:37,369 [INFO] Sending to ptd: 'Stop'
ptd-server 2022-07-21 01:44:37,369 [INFO] Reply from ptd: 'Stopping untimed measurement'
ptd-server 2022-07-21 01:44:37,519 [INFO] Sending reply to client 'OK'
ptd-server 2022-07-21 01:44:37,528 [INFO] Got command from the client 'session,2022-07-21_01-22-53,done'
ptd-server 2022-07-21 01:44:37,528 [INFO] Sending to ptd: 'Stop'
ptd-server 2022-07-21 01:44:37,528 [INFO] Reply from ptd: 'Error: no measurement to stop'
ptd-server 2022-07-21 01:44:37,528 [INFO] Sending to ptd: 'SR,V,Auto'
ptd-server 2022-07-21 01:44:38,031 [INFO] Reply from ptd: 'Range V changed'
ptd-server 2022-07-21 01:44:38,031 [INFO] Sending to ptd: 'SR,A,0.500000'
ptd-server 2022-07-21 01:44:39,532 [INFO] Reply from ptd: 'Range A changed'
ptd-server 2022-07-21 01:44:39,532 [INFO] Set initial values for Amps 0.500000 and Volts Auto
ptd-server 2022-07-21 01:44:39,533 [INFO] Stopping ptd...
