ptd-server 2022-07-23 05:56:15,352 [INFO] Got command from the client 'time'
ptd-server 2022-07-23 05:56:15,352 [INFO] Sending reply to client '1658552175.3522549'
ptd-server 2022-07-23 05:56:15,353 [INFO] Got command from the client 'new,,d09ff7ad-dfa8-461e-8e38-3f11a818c32d'
ptd-server 2022-07-23 05:56:15,353 [INFO] Sending reply to client 'OK 2022-07-23_05-56-15,400cb436-3bf0-48ca-a3d5-8da504be6a55'
ptd-server 2022-07-23 05:56:15,381 [INFO] Got command from the client 'time'
ptd-server 2022-07-23 05:56:15,381 [INFO] Sending reply to client '1658552175.3817885'
ptd-server 2022-07-23 05:56:15,382 [INFO] Got command from the client 'session,2022-07-23_05-56-15,start,ranging'
ptd-server 2022-07-23 05:56:15,383 [INFO] Running PTDaemon: ['/home/anton/projects/mlperf/power/inference_v1.0/ptd-linux-x86', '-l', '/tmp/tmp7lgbo8s4/ptd_logfile.txt', '-p', '8888', '49', '/dev/usbtmc0']
ptd-server 2022-07-23 05:56:32,557 [INFO] Sending to ptd: 'Hello'
ptd-server 2022-07-23 05:56:32,558 [INFO] Reply from ptd: 'Hello, PTDaemon here!'
ptd-server 2022-07-23 05:56:32,558 [INFO] Sending to ptd: 'Identify'
ptd-server 2022-07-23 05:56:32,558 [INFO] Reply from ptd: 'YokogawaWT310E,1000,1,1,1,1,0,1,1,version=1.9.2-e8c7a49a-20201208,OS=Linux 5.13.0-52-generic #59~20.04.1-Ubuntu SMP Thu Jun 16 21:21:28 UTC 2022 x86_64,mode=power,1,1,1,0,0,no_cal_date,YOKOGAWA;WT310E;C3XA04010E;F1.04'
ptd-server 2022-07-23 05:56:32,558 [INFO] Connected to PTDaemon
ptd-server 2022-07-23 05:56:32,558 [INFO] Sending to ptd: 'RR'
ptd-server 2022-07-23 05:56:32,559 [INFO] Reply from ptd: 'Ranges,0,0.500000,1,300.000000'
ptd-server 2022-07-23 05:56:32,559 [INFO] Initial range for Amps is 0.500000 for Volts is Auto
ptd-server 2022-07-23 05:56:32,559 [INFO] Sending to ptd: 'SR,V,Auto'
ptd-server 2022-07-23 05:56:33,061 [INFO] Reply from ptd: 'Range V changed'
ptd-server 2022-07-23 05:56:33,062 [INFO] Sending to ptd: 'SR,A,Auto'
ptd-server 2022-07-23 05:56:33,564 [INFO] Reply from ptd: 'Range A changed'
ptd-server 2022-07-23 05:56:43,574 [INFO] Starting ranging mode
ptd-server 2022-07-23 05:56:43,575 [INFO] Sending to ptd: 'Go,1000,0,2022-07-23_05-56-15_ranging'
ptd-server 2022-07-23 05:56:43,575 [INFO] Reply from ptd: 'Starting untimed measurement, maximum 500000 samples at 1000ms with 0 rampup samples'
ptd-server 2022-07-23 05:56:43,575 [INFO] Sending reply to client 'OK'
ptd-server 2022-07-23 06:06:59,908 [INFO] Got command from the client 'session,2022-07-23_05-56-15,stop,ranging'
ptd-server 2022-07-23 06:07:09,919 [INFO] Sending to ptd: 'Stop'
ptd-server 2022-07-23 06:07:09,919 [INFO] Reply from ptd: 'Stopping untimed measurement'
ptd-server 2022-07-23 06:07:10,454 [INFO] Sending reply to client 'OK'
ptd-server 2022-07-23 06:07:10,516 [INFO] Got command from the client 'time'
ptd-server 2022-07-23 06:07:10,516 [INFO] Sending reply to client '1658552830.5169399'
ptd-server 2022-07-23 06:07:10,517 [INFO] Got command from the client 'session,2022-07-23_05-56-15,start,testing'
ptd-server 2022-07-23 06:07:10,518 [INFO] Sending to ptd: 'SR,V,251.580000'
ptd-server 2022-07-23 06:07:12,076 [INFO] Reply from ptd: 'Range V changed'
ptd-server 2022-07-23 06:07:12,077 [INFO] Sending to ptd: 'SR,A,0.047780'
ptd-server 2022-07-23 06:07:13,578 [INFO] Reply from ptd: 'Range A changed'
ptd-server 2022-07-23 06:07:23,588 [INFO] Starting testing mode
ptd-server 2022-07-23 06:07:23,588 [INFO] Sending to ptd: 'Go,1000,0,2022-07-23_05-56-15_testing'
ptd-server 2022-07-23 06:07:23,589 [INFO] Reply from ptd: 'Starting untimed measurement, maximum 500000 samples at 1000ms with 0 rampup samples'
ptd-server 2022-07-23 06:07:23,589 [INFO] Sending reply to client 'OK'
ptd-server 2022-07-23 06:17:39,896 [INFO] Got command from the client 'session,2022-07-23_05-56-15,stop,testing'
ptd-server 2022-07-23 06:17:49,907 [INFO] Sending to ptd: 'Stop'
ptd-server 2022-07-23 06:17:49,907 [INFO] Reply from ptd: 'Stopping untimed measurement'
ptd-server 2022-07-23 06:17:50,176 [INFO] Sending reply to client 'OK'
ptd-server 2022-07-23 06:17:50,184 [INFO] Got command from the client 'session,2022-07-23_05-56-15,done'
ptd-server 2022-07-23 06:17:50,184 [INFO] Sending to ptd: 'Stop'
ptd-server 2022-07-23 06:17:50,590 [INFO] Reply from ptd: 'Error: no measurement to stop'
ptd-server 2022-07-23 06:17:50,590 [INFO] Sending to ptd: 'SR,V,Auto'
ptd-server 2022-07-23 06:17:51,092 [INFO] Reply from ptd: 'Range V changed'
ptd-server 2022-07-23 06:17:51,093 [INFO] Sending to ptd: 'SR,A,0.500000'
ptd-server 2022-07-23 06:17:52,594 [INFO] Reply from ptd: 'Range A changed'
ptd-server 2022-07-23 06:17:52,594 [INFO] Set initial values for Amps 0.500000 and Volts Auto
ptd-server 2022-07-23 06:17:52,594 [INFO] Stopping ptd...
