ptd-server 2022-07-21 06:51:48,841 [INFO] Got command from the client 'time'
ptd-server 2022-07-21 06:51:48,841 [INFO] Sending reply to client '1658382708.84185'
ptd-server 2022-07-21 06:51:48,843 [INFO] Got command from the client 'new,,f4b1a992-12e6-4ef4-b5bf-26a2a1731d5c'
ptd-server 2022-07-21 06:51:48,843 [INFO] Sending reply to client 'OK 2022-07-21_06-51-48,21cb4ce6-4b52-4fcc-9b34-432770bd9ef6'
ptd-server 2022-07-21 06:51:48,881 [INFO] Got command from the client 'time'
ptd-server 2022-07-21 06:51:48,881 [INFO] Sending reply to client '1658382708.8817058'
ptd-server 2022-07-21 06:51:48,882 [INFO] Got command from the client 'session,2022-07-21_06-51-48,start,ranging'
ptd-server 2022-07-21 06:51:48,883 [INFO] Running PTDaemon: ['/home/anton/projects/mlperf/power/inference_v1.0/ptd-linux-x86', '-l', '/tmp/tmp7lgbo8s4/ptd_logfile.txt', '-p', '8888', '49', '/dev/usbtmc0']
ptd-server 2022-07-21 06:52:06,058 [INFO] Sending to ptd: 'Hello'
ptd-server 2022-07-21 06:52:06,058 [INFO] Reply from ptd: 'Hello, PTDaemon here!'
ptd-server 2022-07-21 06:52:06,058 [INFO] Sending to ptd: 'Identify'
ptd-server 2022-07-21 06:52:06,059 [INFO] Reply from ptd: 'YokogawaWT310E,1000,1,1,1,1,0,1,1,version=1.9.2-e8c7a49a-20201208,OS=Linux 5.13.0-52-generic #59~20.04.1-Ubuntu SMP Thu Jun 16 21:21:28 UTC 2022 x86_64,mode=power,1,1,1,0,0,no_cal_date,YOKOGAWA;WT310E;C3XA04010E;F1.04'
ptd-server 2022-07-21 06:52:06,059 [INFO] Connected to PTDaemon
ptd-server 2022-07-21 06:52:06,059 [INFO] Sending to ptd: 'RR'
ptd-server 2022-07-21 06:52:06,059 [INFO] Reply from ptd: 'Ranges,0,0.500000,1,300.000000'
ptd-server 2022-07-21 06:52:06,060 [INFO] Initial range for Amps is 0.500000 for Volts is Auto
ptd-server 2022-07-21 06:52:06,060 [INFO] Sending to ptd: 'SR,V,Auto'
ptd-server 2022-07-21 06:52:06,562 [INFO] Reply from ptd: 'Range V changed'
ptd-server 2022-07-21 06:52:06,562 [INFO] Sending to ptd: 'SR,A,Auto'
ptd-server 2022-07-21 06:52:07,065 [INFO] Reply from ptd: 'Range A changed'
ptd-server 2022-07-21 06:52:17,075 [INFO] Starting ranging mode
ptd-server 2022-07-21 06:52:17,075 [INFO] Sending to ptd: 'Go,1000,0,2022-07-21_06-51-48_ranging'
ptd-server 2022-07-21 06:52:17,076 [INFO] Reply from ptd: 'Starting untimed measurement, maximum 500000 samples at 1000ms with 0 rampup samples'
ptd-server 2022-07-21 06:52:17,076 [INFO] Sending reply to client 'OK'
ptd-server 2022-07-21 07:02:40,220 [INFO] Got command from the client 'session,2022-07-21_06-51-48,stop,ranging'
ptd-server 2022-07-21 07:02:50,230 [INFO] Sending to ptd: 'Stop'
ptd-server 2022-07-21 07:02:50,231 [INFO] Reply from ptd: 'Stopping untimed measurement'
ptd-server 2022-07-21 07:02:50,529 [INFO] Sending reply to client 'OK'
ptd-server 2022-07-21 07:02:50,566 [INFO] Got command from the client 'time'
ptd-server 2022-07-21 07:02:50,567 [INFO] Sending reply to client '1658383370.5670063'
ptd-server 2022-07-21 07:02:50,567 [INFO] Got command from the client 'session,2022-07-21_06-51-48,start,testing'
ptd-server 2022-07-21 07:02:50,568 [INFO] Sending to ptd: 'SR,V,251.840000'
ptd-server 2022-07-21 07:02:52,577 [INFO] Reply from ptd: 'Range V changed'
ptd-server 2022-07-21 07:02:52,578 [INFO] Sending to ptd: 'SR,A,0.066780'
ptd-server 2022-07-21 07:02:54,079 [INFO] Reply from ptd: 'Range A changed'
ptd-server 2022-07-21 07:03:04,089 [INFO] Starting testing mode
ptd-server 2022-07-21 07:03:04,089 [INFO] Sending to ptd: 'Go,1000,0,2022-07-21_06-51-48_testing'
ptd-server 2022-07-21 07:03:04,090 [INFO] Reply from ptd: 'Starting untimed measurement, maximum 500000 samples at 1000ms with 0 rampup samples'
ptd-server 2022-07-21 07:03:04,090 [INFO] Sending reply to client 'OK'
ptd-server 2022-07-21 07:13:25,072 [INFO] Got command from the client 'session,2022-07-21_06-51-48,stop,testing'
ptd-server 2022-07-21 07:13:35,083 [INFO] Sending to ptd: 'Stop'
ptd-server 2022-07-21 07:13:35,083 [INFO] Reply from ptd: 'Stopping untimed measurement'
ptd-server 2022-07-21 07:13:35,242 [INFO] Sending reply to client 'OK'
ptd-server 2022-07-21 07:13:35,250 [INFO] Got command from the client 'session,2022-07-21_06-51-48,done'
ptd-server 2022-07-21 07:13:35,250 [INFO] Sending to ptd: 'Stop'
ptd-server 2022-07-21 07:13:35,250 [INFO] Reply from ptd: 'Error: no measurement to stop'
ptd-server 2022-07-21 07:13:35,250 [INFO] Sending to ptd: 'SR,V,Auto'
ptd-server 2022-07-21 07:13:35,753 [INFO] Reply from ptd: 'Range V changed'
ptd-server 2022-07-21 07:13:35,753 [INFO] Sending to ptd: 'SR,A,0.500000'
ptd-server 2022-07-21 07:13:37,254 [INFO] Reply from ptd: 'Range A changed'
ptd-server 2022-07-21 07:13:37,254 [INFO] Set initial values for Amps 0.500000 and Volts Auto
ptd-server 2022-07-21 07:13:37,255 [INFO] Stopping ptd...
