ptd-server 2022-08-01 11:12:09,140 [INFO] Got command from the client 'time'
ptd-server 2022-08-01 11:12:09,140 [INFO] Sending reply to client '1659348729.1407642'
ptd-server 2022-08-01 11:12:09,141 [INFO] Got command from the client 'new,,29d5d710-be44-4e16-b887-cdba8c665c67'
ptd-server 2022-08-01 11:12:09,142 [INFO] Sending reply to client 'OK 2022-08-01_11-12-09,27249c29-aabf-4fd4-8520-6020bf0014c5'
ptd-server 2022-08-01 11:12:09,176 [INFO] Got command from the client 'time'
ptd-server 2022-08-01 11:12:09,176 [INFO] Sending reply to client '1659348729.1764913'
ptd-server 2022-08-01 11:12:09,177 [INFO] Got command from the client 'session,2022-08-01_11-12-09,start,ranging'
ptd-server 2022-08-01 11:12:09,177 [INFO] Running PTDaemon: ['/home/anton/projects/mlperf/power/inference_v1.0/ptd-linux-x86', '-l', '/tmp/tmp7lgbo8s4/ptd_logfile.txt', '-p', '8888', '49', '/dev/usbtmc0']
ptd-server 2022-08-01 11:12:26,351 [INFO] Sending to ptd: 'Hello'
ptd-server 2022-08-01 11:12:26,352 [INFO] Reply from ptd: 'Hello, PTDaemon here!'
ptd-server 2022-08-01 11:12:26,352 [INFO] Sending to ptd: 'Identify'
ptd-server 2022-08-01 11:12:26,352 [INFO] Reply from ptd: 'YokogawaWT310E,1000,1,1,1,1,0,1,1,version=1.9.2-e8c7a49a-20201208,OS=Linux 5.13.0-52-generic #59~20.04.1-Ubuntu SMP Thu Jun 16 21:21:28 UTC 2022 x86_64,mode=power,1,1,1,0,0,no_cal_date,YOKOGAWA;WT310E;C3XA04010E;F1.04'
ptd-server 2022-08-01 11:12:26,352 [INFO] Connected to PTDaemon
ptd-server 2022-08-01 11:12:26,352 [INFO] Sending to ptd: 'RR'
ptd-server 2022-08-01 11:12:26,353 [INFO] Reply from ptd: 'Ranges,0,0.500000,1,300.000000'
ptd-server 2022-08-01 11:12:26,353 [INFO] Initial range for Amps is 0.500000 for Volts is Auto
ptd-server 2022-08-01 11:12:26,353 [INFO] Sending to ptd: 'SR,V,Auto'
ptd-server 2022-08-01 11:12:26,855 [INFO] Reply from ptd: 'Range V changed'
ptd-server 2022-08-01 11:12:26,856 [INFO] Sending to ptd: 'SR,A,Auto'
ptd-server 2022-08-01 11:12:27,358 [INFO] Reply from ptd: 'Range A changed'
ptd-server 2022-08-01 11:12:37,367 [INFO] Starting ranging mode
ptd-server 2022-08-01 11:12:37,367 [INFO] Sending to ptd: 'Go,1000,0,2022-08-01_11-12-09_ranging'
ptd-server 2022-08-01 11:12:37,368 [INFO] Reply from ptd: 'Starting untimed measurement, maximum 500000 samples at 1000ms with 0 rampup samples'
ptd-server 2022-08-01 11:12:37,368 [INFO] Sending reply to client 'OK'
ptd-server 2022-08-01 11:22:57,448 [INFO] Got command from the client 'session,2022-08-01_11-12-09,stop,ranging'
ptd-server 2022-08-01 11:23:07,459 [INFO] Sending to ptd: 'Stop'
ptd-server 2022-08-01 11:23:07,459 [INFO] Reply from ptd: 'Stopping untimed measurement'
ptd-server 2022-08-01 11:23:08,843 [INFO] Sending reply to client 'OK'
ptd-server 2022-08-01 11:23:08,902 [INFO] Got command from the client 'time'
ptd-server 2022-08-01 11:23:08,902 [INFO] Sending reply to client '1659349388.9026635'
ptd-server 2022-08-01 11:23:08,903 [INFO] Got command from the client 'session,2022-08-01_11-12-09,start,testing'
ptd-server 2022-08-01 11:23:08,904 [INFO] Sending to ptd: 'SR,V,251.620000'
ptd-server 2022-08-01 11:23:10,405 [INFO] Reply from ptd: 'Range V changed'
ptd-server 2022-08-01 11:23:10,405 [INFO] Sending to ptd: 'SR,A,0.246940'
ptd-server 2022-08-01 11:23:11,906 [INFO] Reply from ptd: 'Range A changed'
ptd-server 2022-08-01 11:23:21,917 [INFO] Starting testing mode
ptd-server 2022-08-01 11:23:21,917 [INFO] Sending to ptd: 'Go,1000,0,2022-08-01_11-12-09_testing'
ptd-server 2022-08-01 11:23:21,917 [INFO] Reply from ptd: 'Starting untimed measurement, maximum 500000 samples at 1000ms with 0 rampup samples'
ptd-server 2022-08-01 11:23:21,917 [INFO] Sending reply to client 'OK'
ptd-server 2022-08-01 11:33:36,681 [INFO] Got command from the client 'session,2022-08-01_11-12-09,stop,testing'
ptd-server 2022-08-01 11:33:46,692 [INFO] Sending to ptd: 'Stop'
ptd-server 2022-08-01 11:33:46,692 [INFO] Reply from ptd: 'Stopping untimed measurement'
ptd-server 2022-08-01 11:33:47,395 [INFO] Sending reply to client 'OK'
ptd-server 2022-08-01 11:33:47,404 [INFO] Got command from the client 'session,2022-08-01_11-12-09,done'
ptd-server 2022-08-01 11:33:47,404 [INFO] Sending to ptd: 'Stop'
ptd-server 2022-08-01 11:33:47,404 [INFO] Reply from ptd: 'Error: no measurement to stop'
ptd-server 2022-08-01 11:33:47,404 [INFO] Sending to ptd: 'SR,V,Auto'
ptd-server 2022-08-01 11:33:47,907 [INFO] Reply from ptd: 'Range V changed'
ptd-server 2022-08-01 11:33:47,907 [INFO] Sending to ptd: 'SR,A,0.500000'
ptd-server 2022-08-01 11:33:49,408 [INFO] Reply from ptd: 'Range A changed'
ptd-server 2022-08-01 11:33:49,408 [INFO] Set initial values for Amps 0.500000 and Volts Auto
ptd-server 2022-08-01 11:33:49,408 [INFO] Stopping ptd...
