ptd-server 2022-07-25 07:24:59,636 [INFO] Got command from the client 'time'
ptd-server 2022-07-25 07:24:59,636 [INFO] Sending reply to client '1658730299.6362908'
ptd-server 2022-07-25 07:24:59,637 [INFO] Got command from the client 'new,,f6092414-b7cf-44f5-8ab8-5b9a040db86b'
ptd-server 2022-07-25 07:24:59,637 [INFO] Sending reply to client 'OK 2022-07-25_07-24-59,fd829c1b-89e3-48a1-89b6-83c5238e54c9'
ptd-server 2022-07-25 07:24:59,676 [INFO] Got command from the client 'time'
ptd-server 2022-07-25 07:24:59,676 [INFO] Sending reply to client '1658730299.6763167'
ptd-server 2022-07-25 07:24:59,677 [INFO] Got command from the client 'session,2022-07-25_07-24-59,start,ranging'
ptd-server 2022-07-25 07:24:59,677 [INFO] Running PTDaemon: ['/home/anton/projects/mlperf/power/inference_v1.0/ptd-linux-x86', '-l', '/tmp/tmp7lgbo8s4/ptd_logfile.txt', '-p', '8888', '49', '/dev/usbtmc0']
ptd-server 2022-07-25 07:25:16,852 [INFO] Sending to ptd: 'Hello'
ptd-server 2022-07-25 07:25:16,852 [INFO] Reply from ptd: 'Hello, PTDaemon here!'
ptd-server 2022-07-25 07:25:16,853 [INFO] Sending to ptd: 'Identify'
ptd-server 2022-07-25 07:25:16,853 [INFO] Reply from ptd: 'YokogawaWT310E,1000,1,1,1,1,0,1,1,version=1.9.2-e8c7a49a-20201208,OS=Linux 5.13.0-52-generic #59~20.04.1-Ubuntu SMP Thu Jun 16 21:21:28 UTC 2022 x86_64,mode=power,1,1,1,0,0,no_cal_date,YOKOGAWA;WT310E;C3XA04010E;F1.04'
ptd-server 2022-07-25 07:25:16,853 [INFO] Connected to PTDaemon
ptd-server 2022-07-25 07:25:16,853 [INFO] Sending to ptd: 'RR'
ptd-server 2022-07-25 07:25:16,854 [INFO] Reply from ptd: 'Ranges,0,0.500000,1,300.000000'
ptd-server 2022-07-25 07:25:16,854 [INFO] Initial range for Amps is 0.500000 for Volts is Auto
ptd-server 2022-07-25 07:25:16,854 [INFO] Sending to ptd: 'SR,V,Auto'
ptd-server 2022-07-25 07:25:17,356 [INFO] Reply from ptd: 'Range V changed'
ptd-server 2022-07-25 07:25:17,357 [INFO] Sending to ptd: 'SR,A,Auto'
ptd-server 2022-07-25 07:25:17,859 [INFO] Reply from ptd: 'Range A changed'
ptd-server 2022-07-25 07:25:27,869 [INFO] Starting ranging mode
ptd-server 2022-07-25 07:25:27,870 [INFO] Sending to ptd: 'Go,1000,0,2022-07-25_07-24-59_ranging'
ptd-server 2022-07-25 07:25:27,870 [INFO] Reply from ptd: 'Starting untimed measurement, maximum 500000 samples at 1000ms with 0 rampup samples'
ptd-server 2022-07-25 07:25:27,870 [INFO] Sending reply to client 'OK'
ptd-server 2022-07-25 07:35:44,309 [INFO] Got command from the client 'session,2022-07-25_07-24-59,stop,ranging'
ptd-server 2022-07-25 07:35:54,319 [INFO] Sending to ptd: 'Stop'
ptd-server 2022-07-25 07:35:54,319 [INFO] Reply from ptd: 'Stopping untimed measurement'
ptd-server 2022-07-25 07:35:55,101 [INFO] Sending reply to client 'OK'
ptd-server 2022-07-25 07:35:55,157 [INFO] Got command from the client 'time'
ptd-server 2022-07-25 07:35:55,157 [INFO] Sending reply to client '1658730955.157516'
ptd-server 2022-07-25 07:35:55,158 [INFO] Got command from the client 'session,2022-07-25_07-24-59,start,testing'
ptd-server 2022-07-25 07:35:55,159 [INFO] Sending to ptd: 'SR,V,251.130000'
ptd-server 2022-07-25 07:35:56,660 [INFO] Reply from ptd: 'Range V changed'
ptd-server 2022-07-25 07:35:56,660 [INFO] Sending to ptd: 'SR,A,0.055700'
ptd-server 2022-07-25 07:35:58,161 [INFO] Reply from ptd: 'Range A changed'
ptd-server 2022-07-25 07:36:08,172 [INFO] Starting testing mode
ptd-server 2022-07-25 07:36:08,172 [INFO] Sending to ptd: 'Go,1000,0,2022-07-25_07-24-59_testing'
ptd-server 2022-07-25 07:36:08,172 [INFO] Reply from ptd: 'Starting untimed measurement, maximum 500000 samples at 1000ms with 0 rampup samples'
ptd-server 2022-07-25 07:36:08,172 [INFO] Sending reply to client 'OK'
ptd-server 2022-07-25 07:46:24,501 [INFO] Got command from the client 'session,2022-07-25_07-24-59,stop,testing'
ptd-server 2022-07-25 07:46:34,512 [INFO] Sending to ptd: 'Stop'
ptd-server 2022-07-25 07:46:34,512 [INFO] Reply from ptd: 'Stopping untimed measurement'
ptd-server 2022-07-25 07:46:34,920 [INFO] Sending reply to client 'OK'
ptd-server 2022-07-25 07:46:34,928 [INFO] Got command from the client 'session,2022-07-25_07-24-59,done'
ptd-server 2022-07-25 07:46:34,928 [INFO] Sending to ptd: 'Stop'
ptd-server 2022-07-25 07:46:35,173 [INFO] Reply from ptd: 'Error: no measurement to stop'
ptd-server 2022-07-25 07:46:35,173 [INFO] Sending to ptd: 'SR,V,Auto'
ptd-server 2022-07-25 07:46:35,675 [INFO] Reply from ptd: 'Range V changed'
ptd-server 2022-07-25 07:46:35,675 [INFO] Sending to ptd: 'SR,A,0.500000'
ptd-server 2022-07-25 07:46:37,177 [INFO] Reply from ptd: 'Range A changed'
ptd-server 2022-07-25 07:46:37,177 [INFO] Set initial values for Amps 0.500000 and Volts Auto
ptd-server 2022-07-25 07:46:37,178 [INFO] Stopping ptd...
