ptd-server 2022-07-24 10:27:40,458 [INFO] Got command from the client 'time'
ptd-server 2022-07-24 10:27:40,458 [INFO] Sending reply to client '1658654860.4586277'
ptd-server 2022-07-24 10:27:40,459 [INFO] Got command from the client 'new,,2bcabf6c-fd67-4c4f-8611-9ebff0186ee9'
ptd-server 2022-07-24 10:27:40,460 [INFO] Sending reply to client 'OK 2022-07-24_10-27-40,47139cc0-9da2-41e8-9ffa-7c8f3d167b31'
ptd-server 2022-07-24 10:27:40,498 [INFO] Got command from the client 'time'
ptd-server 2022-07-24 10:27:40,498 [INFO] Sending reply to client '1658654860.4983768'
ptd-server 2022-07-24 10:27:40,499 [INFO] Got command from the client 'session,2022-07-24_10-27-40,start,ranging'
ptd-server 2022-07-24 10:27:40,499 [INFO] Running PTDaemon: ['/home/anton/projects/mlperf/power/inference_v1.0/ptd-linux-x86', '-l', '/tmp/tmp7lgbo8s4/ptd_logfile.txt', '-p', '8888', '49', '/dev/usbtmc0']
ptd-server 2022-07-24 10:27:57,673 [INFO] Sending to ptd: 'Hello'
ptd-server 2022-07-24 10:27:57,673 [INFO] Reply from ptd: 'Hello, PTDaemon here!'
ptd-server 2022-07-24 10:27:57,673 [INFO] Sending to ptd: 'Identify'
ptd-server 2022-07-24 10:27:57,674 [INFO] Reply from ptd: 'YokogawaWT310E,1000,1,1,1,1,0,1,1,version=1.9.2-e8c7a49a-20201208,OS=Linux 5.13.0-52-generic #59~20.04.1-Ubuntu SMP Thu Jun 16 21:21:28 UTC 2022 x86_64,mode=power,1,1,1,0,0,no_cal_date,YOKOGAWA;WT310E;C3XA04010E;F1.04'
ptd-server 2022-07-24 10:27:57,674 [INFO] Connected to PTDaemon
ptd-server 2022-07-24 10:27:57,674 [INFO] Sending to ptd: 'RR'
ptd-server 2022-07-24 10:27:57,674 [INFO] Reply from ptd: 'Ranges,0,0.500000,1,300.000000'
ptd-server 2022-07-24 10:27:57,674 [INFO] Initial range for Amps is 0.500000 for Volts is Auto
ptd-server 2022-07-24 10:27:57,675 [INFO] Sending to ptd: 'SR,V,Auto'
ptd-server 2022-07-24 10:27:58,177 [INFO] Reply from ptd: 'Range V changed'
ptd-server 2022-07-24 10:27:58,177 [INFO] Sending to ptd: 'SR,A,Auto'
ptd-server 2022-07-24 10:27:58,680 [INFO] Reply from ptd: 'Range A changed'
ptd-server 2022-07-24 10:28:08,690 [INFO] Starting ranging mode
ptd-server 2022-07-24 10:28:08,690 [INFO] Sending to ptd: 'Go,1000,0,2022-07-24_10-27-40_ranging'
ptd-server 2022-07-24 10:28:08,690 [INFO] Reply from ptd: 'Starting untimed measurement, maximum 500000 samples at 1000ms with 0 rampup samples'
ptd-server 2022-07-24 10:28:08,691 [INFO] Sending reply to client 'OK'
ptd-server 2022-07-24 10:38:27,915 [INFO] Got command from the client 'session,2022-07-24_10-27-40,stop,ranging'
ptd-server 2022-07-24 10:38:37,925 [INFO] Sending to ptd: 'Stop'
ptd-server 2022-07-24 10:38:37,926 [INFO] Reply from ptd: 'Stopping untimed measurement'
ptd-server 2022-07-24 10:38:38,605 [INFO] Sending reply to client 'OK'
ptd-server 2022-07-24 10:38:38,655 [INFO] Got command from the client 'time'
ptd-server 2022-07-24 10:38:38,656 [INFO] Sending reply to client '1658655518.6560884'
ptd-server 2022-07-24 10:38:38,657 [INFO] Got command from the client 'session,2022-07-24_10-27-40,start,testing'
ptd-server 2022-07-24 10:38:38,657 [INFO] Sending to ptd: 'SR,V,249.110000'
ptd-server 2022-07-24 10:38:40,193 [INFO] Reply from ptd: 'Range V changed'
ptd-server 2022-07-24 10:38:40,193 [INFO] Sending to ptd: 'SR,A,0.052870'
ptd-server 2022-07-24 10:38:41,694 [INFO] Reply from ptd: 'Range A changed'
ptd-server 2022-07-24 10:38:51,705 [INFO] Starting testing mode
ptd-server 2022-07-24 10:38:51,705 [INFO] Sending to ptd: 'Go,1000,0,2022-07-24_10-27-40_testing'
ptd-server 2022-07-24 10:38:51,705 [INFO] Reply from ptd: 'Starting untimed measurement, maximum 500000 samples at 1000ms with 0 rampup samples'
ptd-server 2022-07-24 10:38:51,706 [INFO] Sending reply to client 'OK'
ptd-server 2022-07-24 10:49:10,900 [INFO] Got command from the client 'session,2022-07-24_10-27-40,stop,testing'
ptd-server 2022-07-24 10:49:20,911 [INFO] Sending to ptd: 'Stop'
ptd-server 2022-07-24 10:49:20,911 [INFO] Reply from ptd: 'Stopping untimed measurement'
ptd-server 2022-07-24 10:49:21,258 [INFO] Sending reply to client 'OK'
ptd-server 2022-07-24 10:49:21,266 [INFO] Got command from the client 'session,2022-07-24_10-27-40,done'
ptd-server 2022-07-24 10:49:21,266 [INFO] Sending to ptd: 'Stop'
ptd-server 2022-07-24 10:49:21,705 [INFO] Reply from ptd: 'Error: no measurement to stop'
ptd-server 2022-07-24 10:49:21,706 [INFO] Sending to ptd: 'SR,V,Auto'
ptd-server 2022-07-24 10:49:22,208 [INFO] Reply from ptd: 'Range V changed'
ptd-server 2022-07-24 10:49:22,208 [INFO] Sending to ptd: 'SR,A,0.500000'
ptd-server 2022-07-24 10:49:23,710 [INFO] Reply from ptd: 'Range A changed'
ptd-server 2022-07-24 10:49:23,710 [INFO] Set initial values for Amps 0.500000 and Volts Auto
ptd-server 2022-07-24 10:49:23,711 [INFO] Stopping ptd...
