ptd-server 2022-08-03 03:04:14,559 [INFO] Got command from the client 'time'
ptd-server 2022-08-03 03:04:14,560 [INFO] Sending reply to client '1659492254.5600393'
ptd-server 2022-08-03 03:04:14,561 [INFO] Got command from the client 'new,,bc463805-2d69-4e27-adcf-c1727a763c84'
ptd-server 2022-08-03 03:04:14,561 [INFO] Sending reply to client 'OK 2022-08-03_03-04-14,ab1266e7-53c7-423d-aae5-8f7c583de531'
ptd-server 2022-08-03 03:04:14,589 [INFO] Got command from the client 'time'
ptd-server 2022-08-03 03:04:14,589 [INFO] Sending reply to client '1659492254.589713'
ptd-server 2022-08-03 03:04:14,590 [INFO] Got command from the client 'session,2022-08-03_03-04-14,start,ranging'
ptd-server 2022-08-03 03:04:14,590 [INFO] Running PTDaemon: ['/home/anton/projects/mlperf/power/inference_v1.0/ptd-linux-x86', '-l', '/tmp/tmp7lgbo8s4/ptd_logfile.txt', '-p', '8888', '49', '/dev/usbtmc0']
ptd-server 2022-08-03 03:04:31,766 [INFO] Sending to ptd: 'Hello'
ptd-server 2022-08-03 03:04:31,767 [INFO] Reply from ptd: 'Hello, PTDaemon here!'
ptd-server 2022-08-03 03:04:31,767 [INFO] Sending to ptd: 'Identify'
ptd-server 2022-08-03 03:04:31,767 [INFO] Reply from ptd: 'YokogawaWT310E,1000,1,1,1,1,0,1,1,version=1.9.2-e8c7a49a-20201208,OS=Linux 5.13.0-52-generic #59~20.04.1-Ubuntu SMP Thu Jun 16 21:21:28 UTC 2022 x86_64,mode=power,1,1,1,0,0,no_cal_date,YOKOGAWA;WT310E;C3XA04010E;F1.04'
ptd-server 2022-08-03 03:04:31,767 [INFO] Connected to PTDaemon
ptd-server 2022-08-03 03:04:31,767 [INFO] Sending to ptd: 'RR'
ptd-server 2022-08-03 03:04:31,768 [INFO] Reply from ptd: 'Ranges,0,0.500000,1,300.000000'
ptd-server 2022-08-03 03:04:31,768 [INFO] Initial range for Amps is 0.500000 for Volts is Auto
ptd-server 2022-08-03 03:04:31,768 [INFO] Sending to ptd: 'SR,V,Auto'
ptd-server 2022-08-03 03:04:32,271 [INFO] Reply from ptd: 'Range V changed'
ptd-server 2022-08-03 03:04:32,271 [INFO] Sending to ptd: 'SR,A,Auto'
ptd-server 2022-08-03 03:04:32,773 [INFO] Reply from ptd: 'Range A changed'
ptd-server 2022-08-03 03:04:42,783 [INFO] Starting ranging mode
ptd-server 2022-08-03 03:04:42,784 [INFO] Sending to ptd: 'Go,1000,0,2022-08-03_03-04-14_ranging'
ptd-server 2022-08-03 03:04:42,784 [INFO] Reply from ptd: 'Starting untimed measurement, maximum 500000 samples at 1000ms with 0 rampup samples'
ptd-server 2022-08-03 03:04:42,784 [INFO] Sending reply to client 'OK'
ptd-server 2022-08-03 03:14:54,336 [INFO] Got command from the client 'session,2022-08-03_03-04-14,stop,ranging'
ptd-server 2022-08-03 03:15:04,341 [INFO] Sending to ptd: 'Stop'
ptd-server 2022-08-03 03:15:04,341 [INFO] Reply from ptd: 'Stopping untimed measurement'
ptd-server 2022-08-03 03:15:05,919 [INFO] Sending reply to client 'OK'
ptd-server 2022-08-03 03:15:05,966 [INFO] Got command from the client 'time'
ptd-server 2022-08-03 03:15:05,966 [INFO] Sending reply to client '1659492905.9663024'
ptd-server 2022-08-03 03:15:05,967 [INFO] Got command from the client 'session,2022-08-03_03-04-14,start,testing'
ptd-server 2022-08-03 03:15:05,967 [INFO] Sending to ptd: 'SR,V,251.670000'
ptd-server 2022-08-03 03:15:07,469 [INFO] Reply from ptd: 'Range V changed'
ptd-server 2022-08-03 03:15:07,469 [INFO] Sending to ptd: 'SR,A,0.190340'
ptd-server 2022-08-03 03:15:08,970 [INFO] Reply from ptd: 'Range A changed'
ptd-server 2022-08-03 03:15:18,981 [INFO] Starting testing mode
ptd-server 2022-08-03 03:15:18,981 [INFO] Sending to ptd: 'Go,1000,0,2022-08-03_03-04-14_testing'
ptd-server 2022-08-03 03:15:18,981 [INFO] Reply from ptd: 'Starting untimed measurement, maximum 500000 samples at 1000ms with 0 rampup samples'
ptd-server 2022-08-03 03:15:18,981 [INFO] Sending reply to client 'OK'
ptd-server 2022-08-03 03:25:30,406 [INFO] Got command from the client 'session,2022-08-03_03-04-14,stop,testing'
ptd-server 2022-08-03 03:25:40,416 [INFO] Sending to ptd: 'Stop'
ptd-server 2022-08-03 03:25:40,417 [INFO] Reply from ptd: 'Stopping untimed measurement'
ptd-server 2022-08-03 03:25:41,234 [INFO] Sending reply to client 'OK'
ptd-server 2022-08-03 03:25:41,244 [INFO] Got command from the client 'session,2022-08-03_03-04-14,done'
ptd-server 2022-08-03 03:25:41,244 [INFO] Sending to ptd: 'Stop'
ptd-server 2022-08-03 03:25:41,245 [INFO] Reply from ptd: 'Error: no measurement to stop'
ptd-server 2022-08-03 03:25:41,245 [INFO] Sending to ptd: 'SR,V,Auto'
ptd-server 2022-08-03 03:25:41,747 [INFO] Reply from ptd: 'Range V changed'
ptd-server 2022-08-03 03:25:41,747 [INFO] Sending to ptd: 'SR,A,0.500000'
ptd-server 2022-08-03 03:25:43,249 [INFO] Reply from ptd: 'Range A changed'
ptd-server 2022-08-03 03:25:43,249 [INFO] Set initial values for Amps 0.500000 and Volts Auto
ptd-server 2022-08-03 03:25:43,249 [INFO] Stopping ptd...
