ptd-server 2022-07-20 06:19:30,187 [INFO] Got command from the client 'time'
ptd-server 2022-07-20 06:19:30,187 [INFO] Sending reply to client '1658294370.1875107'
ptd-server 2022-07-20 06:19:30,191 [INFO] Got command from the client 'new,,1814c142-c7d9-4cc5-9eb4-25564ee3d73e'
ptd-server 2022-07-20 06:19:30,191 [INFO] Sending reply to client 'OK 2022-07-20_06-19-30,80808ea5-3631-40f4-a81a-85d4a3934b05'
ptd-server 2022-07-20 06:19:30,290 [INFO] Got command from the client 'time'
ptd-server 2022-07-20 06:19:30,290 [INFO] Sending reply to client '1658294370.290838'
ptd-server 2022-07-20 06:19:30,295 [INFO] Got command from the client 'session,2022-07-20_06-19-30,start,ranging'
ptd-server 2022-07-20 06:19:30,295 [INFO] Running PTDaemon: ['/home/anton/projects/mlperf/power/inference_v1.0/ptd-linux-x86', '-l', '/tmp/tmp7lgbo8s4/ptd_logfile.txt', '-p', '8888', '49', '/dev/usbtmc0']
ptd-server 2022-07-20 06:19:47,469 [INFO] Sending to ptd: 'Hello'
ptd-server 2022-07-20 06:19:47,470 [INFO] Reply from ptd: 'Hello, PTDaemon here!'
ptd-server 2022-07-20 06:19:47,470 [INFO] Sending to ptd: 'Identify'
ptd-server 2022-07-20 06:19:47,470 [INFO] Reply from ptd: 'YokogawaWT310E,1000,1,1,1,1,0,1,1,version=1.9.2-e8c7a49a-20201208,OS=Linux 5.13.0-52-generic #59~20.04.1-Ubuntu SMP Thu Jun 16 21:21:28 UTC 2022 x86_64,mode=power,1,1,1,0,0,no_cal_date,YOKOGAWA;WT310E;C3XA04010E;F1.04'
ptd-server 2022-07-20 06:19:47,470 [INFO] Connected to PTDaemon
ptd-server 2022-07-20 06:19:47,470 [INFO] Sending to ptd: 'RR'
ptd-server 2022-07-20 06:19:47,471 [INFO] Reply from ptd: 'Ranges,0,0.500000,1,300.000000'
ptd-server 2022-07-20 06:19:47,471 [INFO] Initial range for Amps is 0.500000 for Volts is Auto
ptd-server 2022-07-20 06:19:47,471 [INFO] Sending to ptd: 'SR,V,Auto'
ptd-server 2022-07-20 06:19:47,973 [INFO] Reply from ptd: 'Range V changed'
ptd-server 2022-07-20 06:19:47,974 [INFO] Sending to ptd: 'SR,A,Auto'
ptd-server 2022-07-20 06:19:48,476 [INFO] Reply from ptd: 'Range A changed'
ptd-server 2022-07-20 06:19:58,486 [INFO] Starting ranging mode
ptd-server 2022-07-20 06:19:58,486 [INFO] Sending to ptd: 'Go,1000,0,2022-07-20_06-19-30_ranging'
ptd-server 2022-07-20 06:19:58,487 [INFO] Reply from ptd: 'Starting untimed measurement, maximum 500000 samples at 1000ms with 0 rampup samples'
ptd-server 2022-07-20 06:19:58,487 [INFO] Sending reply to client 'OK'
ptd-server 2022-07-20 06:30:17,331 [INFO] Got command from the client 'session,2022-07-20_06-19-30,stop,ranging'
ptd-server 2022-07-20 06:30:27,342 [INFO] Sending to ptd: 'Stop'
ptd-server 2022-07-20 06:30:27,342 [INFO] Reply from ptd: 'Stopping untimed measurement'
ptd-server 2022-07-20 06:30:27,521 [INFO] Sending reply to client 'OK'
ptd-server 2022-07-20 06:30:27,580 [INFO] Got command from the client 'time'
ptd-server 2022-07-20 06:30:27,580 [INFO] Sending reply to client '1658295027.5809383'
ptd-server 2022-07-20 06:30:27,587 [INFO] Got command from the client 'session,2022-07-20_06-19-30,start,testing'
ptd-server 2022-07-20 06:30:27,587 [INFO] Sending to ptd: 'SR,V,250.670000'
ptd-server 2022-07-20 06:30:29,089 [INFO] Reply from ptd: 'Range V changed'
ptd-server 2022-07-20 06:30:29,089 [INFO] Sending to ptd: 'SR,A,0.078320'
ptd-server 2022-07-20 06:30:30,590 [INFO] Reply from ptd: 'Range A changed'
ptd-server 2022-07-20 06:30:40,601 [INFO] Starting testing mode
ptd-server 2022-07-20 06:30:40,601 [INFO] Sending to ptd: 'Go,1000,0,2022-07-20_06-19-30_testing'
ptd-server 2022-07-20 06:30:40,601 [INFO] Reply from ptd: 'Starting untimed measurement, maximum 500000 samples at 1000ms with 0 rampup samples'
ptd-server 2022-07-20 06:30:40,601 [INFO] Sending reply to client 'OK'
ptd-server 2022-07-20 06:40:59,089 [INFO] Got command from the client 'session,2022-07-20_06-19-30,stop,testing'
ptd-server 2022-07-20 06:41:09,099 [INFO] Sending to ptd: 'Stop'
ptd-server 2022-07-20 06:41:09,100 [INFO] Reply from ptd: 'Stopping untimed measurement'
ptd-server 2022-07-20 06:41:09,204 [INFO] Sending reply to client 'OK'
ptd-server 2022-07-20 06:41:09,293 [INFO] Got command from the client 'session,2022-07-20_06-19-30,done'
ptd-server 2022-07-20 06:41:09,293 [INFO] Sending to ptd: 'Stop'
ptd-server 2022-07-20 06:41:09,602 [INFO] Reply from ptd: 'Error: no measurement to stop'
ptd-server 2022-07-20 06:41:09,602 [INFO] Sending to ptd: 'SR,V,Auto'
ptd-server 2022-07-20 06:41:10,104 [INFO] Reply from ptd: 'Range V changed'
ptd-server 2022-07-20 06:41:10,105 [INFO] Sending to ptd: 'SR,A,0.500000'
ptd-server 2022-07-20 06:41:11,606 [INFO] Reply from ptd: 'Range A changed'
ptd-server 2022-07-20 06:41:11,606 [INFO] Set initial values for Amps 0.500000 and Volts Auto
ptd-server 2022-07-20 06:41:11,606 [INFO] Stopping ptd...
