ptd-server 2022-08-02 21:58:00,485 [INFO] Got command from the client 'time'
ptd-server 2022-08-02 21:58:00,485 [INFO] Sending reply to client '1659473880.4852319'
ptd-server 2022-08-02 21:58:00,486 [INFO] Got command from the client 'new,,aeb22dba-187d-41f1-94df-46d27dbb817e'
ptd-server 2022-08-02 21:58:00,486 [INFO] Sending reply to client 'OK 2022-08-02_21-58-00,f762d4ca-9bf8-49e5-a476-8a80d5cdf8cd'
ptd-server 2022-08-02 21:58:00,515 [INFO] Got command from the client 'time'
ptd-server 2022-08-02 21:58:00,515 [INFO] Sending reply to client '1659473880.5153046'
ptd-server 2022-08-02 21:58:00,516 [INFO] Got command from the client 'session,2022-08-02_21-58-00,start,ranging'
ptd-server 2022-08-02 21:58:00,516 [INFO] Running PTDaemon: ['/home/anton/projects/mlperf/power/inference_v1.0/ptd-linux-x86', '-l', '/tmp/tmp7lgbo8s4/ptd_logfile.txt', '-p', '8888', '49', '/dev/usbtmc0']
ptd-server 2022-08-02 21:58:17,691 [INFO] Sending to ptd: 'Hello'
ptd-server 2022-08-02 21:58:17,692 [INFO] Reply from ptd: 'Hello, PTDaemon here!'
ptd-server 2022-08-02 21:58:17,692 [INFO] Sending to ptd: 'Identify'
ptd-server 2022-08-02 21:58:17,692 [INFO] Reply from ptd: 'YokogawaWT310E,1000,1,1,1,1,0,1,1,version=1.9.2-e8c7a49a-20201208,OS=Linux 5.13.0-52-generic #59~20.04.1-Ubuntu SMP Thu Jun 16 21:21:28 UTC 2022 x86_64,mode=power,1,1,1,0,0,no_cal_date,YOKOGAWA;WT310E;C3XA04010E;F1.04'
ptd-server 2022-08-02 21:58:17,692 [INFO] Connected to PTDaemon
ptd-server 2022-08-02 21:58:17,692 [INFO] Sending to ptd: 'RR'
ptd-server 2022-08-02 21:58:17,693 [INFO] Reply from ptd: 'Ranges,0,0.500000,1,300.000000'
ptd-server 2022-08-02 21:58:17,693 [INFO] Initial range for Amps is 0.500000 for Volts is Auto
ptd-server 2022-08-02 21:58:17,693 [INFO] Sending to ptd: 'SR,V,Auto'
ptd-server 2022-08-02 21:58:18,196 [INFO] Reply from ptd: 'Range V changed'
ptd-server 2022-08-02 21:58:18,196 [INFO] Sending to ptd: 'SR,A,Auto'
ptd-server 2022-08-02 21:58:18,698 [INFO] Reply from ptd: 'Range A changed'
ptd-server 2022-08-02 21:58:28,708 [INFO] Starting ranging mode
ptd-server 2022-08-02 21:58:28,709 [INFO] Sending to ptd: 'Go,1000,0,2022-08-02_21-58-00_ranging'
ptd-server 2022-08-02 21:58:28,709 [INFO] Reply from ptd: 'Starting untimed measurement, maximum 500000 samples at 1000ms with 0 rampup samples'
ptd-server 2022-08-02 21:58:28,709 [INFO] Sending reply to client 'OK'
ptd-server 2022-08-02 22:08:43,366 [INFO] Got command from the client 'session,2022-08-02_21-58-00,stop,ranging'
ptd-server 2022-08-02 22:08:53,376 [INFO] Sending to ptd: 'Stop'
ptd-server 2022-08-02 22:08:53,376 [INFO] Reply from ptd: 'Stopping untimed measurement'
ptd-server 2022-08-02 22:08:54,976 [INFO] Sending reply to client 'OK'
ptd-server 2022-08-02 22:08:55,043 [INFO] Got command from the client 'time'
ptd-server 2022-08-02 22:08:55,043 [INFO] Sending reply to client '1659474535.0436423'
ptd-server 2022-08-02 22:08:55,045 [INFO] Got command from the client 'session,2022-08-02_21-58-00,start,testing'
ptd-server 2022-08-02 22:08:55,045 [INFO] Sending to ptd: 'SR,V,249.500000'
ptd-server 2022-08-02 22:08:56,546 [INFO] Reply from ptd: 'Range V changed'
ptd-server 2022-08-02 22:08:56,547 [INFO] Sending to ptd: 'SR,A,0.260040'
ptd-server 2022-08-02 22:08:58,048 [INFO] Reply from ptd: 'Range A changed'
ptd-server 2022-08-02 22:09:08,058 [INFO] Starting testing mode
ptd-server 2022-08-02 22:09:08,058 [INFO] Sending to ptd: 'Go,1000,0,2022-08-02_21-58-00_testing'
ptd-server 2022-08-02 22:09:08,059 [INFO] Reply from ptd: 'Starting untimed measurement, maximum 500000 samples at 1000ms with 0 rampup samples'
ptd-server 2022-08-02 22:09:08,059 [INFO] Sending reply to client 'OK'
ptd-server 2022-08-02 22:19:22,622 [INFO] Got command from the client 'session,2022-08-02_21-58-00,stop,testing'
ptd-server 2022-08-02 22:19:32,633 [INFO] Sending to ptd: 'Stop'
ptd-server 2022-08-02 22:19:32,633 [INFO] Reply from ptd: 'Stopping untimed measurement'
ptd-server 2022-08-02 22:19:33,433 [INFO] Sending reply to client 'OK'
ptd-server 2022-08-02 22:19:33,445 [INFO] Got command from the client 'session,2022-08-02_21-58-00,done'
ptd-server 2022-08-02 22:19:33,445 [INFO] Sending to ptd: 'Stop'
ptd-server 2022-08-02 22:19:33,445 [INFO] Reply from ptd: 'Error: no measurement to stop'
ptd-server 2022-08-02 22:19:33,445 [INFO] Sending to ptd: 'SR,V,Auto'
ptd-server 2022-08-02 22:19:33,948 [INFO] Reply from ptd: 'Range V changed'
ptd-server 2022-08-02 22:19:33,948 [INFO] Sending to ptd: 'SR,A,0.500000'
ptd-server 2022-08-02 22:19:35,449 [INFO] Reply from ptd: 'Range A changed'
ptd-server 2022-08-02 22:19:35,449 [INFO] Set initial values for Amps 0.500000 and Volts Auto
ptd-server 2022-08-02 22:19:35,450 [INFO] Stopping ptd...
