ptd-server 2022-07-19 00:00:19,540 [INFO] Got command from the client 'time'
ptd-server 2022-07-19 00:00:19,540 [INFO] Sending reply to client '1658185219.5409572'
ptd-server 2022-07-19 00:00:19,544 [INFO] Got command from the client 'new,,95efcf83-edca-4dc5-afb6-3307a4fe299a'
ptd-server 2022-07-19 00:00:19,545 [INFO] Sending reply to client 'OK 2022-07-19_00-00-19,2cd15a17-d152-437b-89fd-9e2d4a747f02'
ptd-server 2022-07-19 00:00:19,580 [INFO] Got command from the client 'time'
ptd-server 2022-07-19 00:00:19,580 [INFO] Sending reply to client '1658185219.580394'
ptd-server 2022-07-19 00:00:19,584 [INFO] Got command from the client 'session,2022-07-19_00-00-19,start,ranging'
ptd-server 2022-07-19 00:00:19,585 [INFO] Running PTDaemon: ['/home/anton/projects/mlperf/power/inference_v1.0/ptd-linux-x86', '-l', '/tmp/tmp7lgbo8s4/ptd_logfile.txt', '-p', '8888', '49', '/dev/usbtmc0']
ptd-server 2022-07-19 00:00:36,759 [INFO] Sending to ptd: 'Hello'
ptd-server 2022-07-19 00:00:36,760 [INFO] Reply from ptd: 'Hello, PTDaemon here!'
ptd-server 2022-07-19 00:00:36,760 [INFO] Sending to ptd: 'Identify'
ptd-server 2022-07-19 00:00:36,761 [INFO] Reply from ptd: 'YokogawaWT310E,1000,1,1,1,1,0,1,1,version=1.9.2-e8c7a49a-20201208,OS=Linux 5.13.0-52-generic #59~20.04.1-Ubuntu SMP Thu Jun 16 21:21:28 UTC 2022 x86_64,mode=power,1,1,1,0,0,no_cal_date,YOKOGAWA;WT310E;C3XA04010E;F1.04'
ptd-server 2022-07-19 00:00:36,761 [INFO] Connected to PTDaemon
ptd-server 2022-07-19 00:00:36,761 [INFO] Sending to ptd: 'RR'
ptd-server 2022-07-19 00:00:36,761 [INFO] Reply from ptd: 'Ranges,0,0.500000,1,300.000000'
ptd-server 2022-07-19 00:00:36,761 [INFO] Initial range for Amps is 0.500000 for Volts is Auto
ptd-server 2022-07-19 00:00:36,761 [INFO] Sending to ptd: 'SR,V,Auto'
ptd-server 2022-07-19 00:00:37,264 [INFO] Reply from ptd: 'Range V changed'
ptd-server 2022-07-19 00:00:37,264 [INFO] Sending to ptd: 'SR,A,Auto'
ptd-server 2022-07-19 00:00:37,767 [INFO] Reply from ptd: 'Range A changed'
ptd-server 2022-07-19 00:00:47,777 [INFO] Starting ranging mode
ptd-server 2022-07-19 00:00:47,777 [INFO] Sending to ptd: 'Go,1000,0,2022-07-19_00-00-19_ranging'
ptd-server 2022-07-19 00:00:47,778 [INFO] Reply from ptd: 'Starting untimed measurement, maximum 500000 samples at 1000ms with 0 rampup samples'
ptd-server 2022-07-19 00:00:47,778 [INFO] Sending reply to client 'OK'
ptd-server 2022-07-19 00:11:04,648 [INFO] Got command from the client 'session,2022-07-19_00-00-19,stop,ranging'
ptd-server 2022-07-19 00:11:14,658 [INFO] Sending to ptd: 'Stop'
ptd-server 2022-07-19 00:11:14,659 [INFO] Reply from ptd: 'Stopping untimed measurement'
ptd-server 2022-07-19 00:11:14,676 [INFO] Sending reply to client 'OK'
ptd-server 2022-07-19 00:11:14,885 [INFO] Got command from the client 'time'
ptd-server 2022-07-19 00:11:14,885 [INFO] Sending reply to client '1658185874.8857539'
ptd-server 2022-07-19 00:11:14,889 [INFO] Got command from the client 'session,2022-07-19_00-00-19,start,testing'
ptd-server 2022-07-19 00:11:14,889 [INFO] Sending to ptd: 'SR,V,249.200000'
ptd-server 2022-07-19 00:11:16,390 [INFO] Reply from ptd: 'Range V changed'
ptd-server 2022-07-19 00:11:16,391 [INFO] Sending to ptd: 'SR,A,0.088140'
ptd-server 2022-07-19 00:11:17,892 [INFO] Reply from ptd: 'Range A changed'
ptd-server 2022-07-19 00:11:27,902 [INFO] Starting testing mode
ptd-server 2022-07-19 00:11:27,902 [INFO] Sending to ptd: 'Go,1000,0,2022-07-19_00-00-19_testing'
ptd-server 2022-07-19 00:11:27,903 [INFO] Reply from ptd: 'Starting untimed measurement, maximum 500000 samples at 1000ms with 0 rampup samples'
ptd-server 2022-07-19 00:11:27,903 [INFO] Sending reply to client 'OK'
ptd-server 2022-07-19 00:21:44,867 [INFO] Got command from the client 'session,2022-07-19_00-00-19,stop,testing'
ptd-server 2022-07-19 00:21:54,877 [INFO] Sending to ptd: 'Stop'
ptd-server 2022-07-19 00:21:54,878 [INFO] Reply from ptd: 'Stopping untimed measurement'
ptd-server 2022-07-19 00:21:54,887 [INFO] Sending reply to client 'OK'
ptd-server 2022-07-19 00:21:54,909 [INFO] Got command from the client 'session,2022-07-19_00-00-19,done'
ptd-server 2022-07-19 00:21:54,910 [INFO] Sending to ptd: 'Stop'
ptd-server 2022-07-19 00:21:54,910 [INFO] Reply from ptd: 'Error: no measurement to stop'
ptd-server 2022-07-19 00:21:54,910 [INFO] Sending to ptd: 'SR,V,Auto'
ptd-server 2022-07-19 00:21:55,413 [INFO] Reply from ptd: 'Range V changed'
ptd-server 2022-07-19 00:21:55,413 [INFO] Sending to ptd: 'SR,A,0.500000'
ptd-server 2022-07-19 00:21:56,914 [INFO] Reply from ptd: 'Range A changed'
ptd-server 2022-07-19 00:21:56,914 [INFO] Set initial values for Amps 0.500000 and Volts Auto
ptd-server 2022-07-19 00:21:56,915 [INFO] Stopping ptd...
