ptd-server 2022-07-27 14:58:08,099 [INFO] Got command from the client 'time'
ptd-server 2022-07-27 14:58:08,099 [INFO] Sending reply to client '1658930288.0996368'
ptd-server 2022-07-27 14:58:08,103 [INFO] Got command from the client 'new,,7573562f-90bf-49cb-a9ed-903e13d5f0e8'
ptd-server 2022-07-27 14:58:08,104 [INFO] Sending reply to client 'OK 2022-07-27_14-58-08,09321aea-b273-4896-bd28-92e65073d36d'
ptd-server 2022-07-27 14:58:08,149 [INFO] Got command from the client 'time'
ptd-server 2022-07-27 14:58:08,149 [INFO] Sending reply to client '1658930288.1494691'
ptd-server 2022-07-27 14:58:08,153 [INFO] Got command from the client 'session,2022-07-27_14-58-08,start,ranging'
ptd-server 2022-07-27 14:58:08,154 [INFO] Running PTDaemon: ['/home/anton/projects/mlperf/power/inference_v1.0/ptd-linux-x86', '-l', '/tmp/tmp7lgbo8s4/ptd_logfile.txt', '-p', '8888', '49', '/dev/usbtmc0']
ptd-server 2022-07-27 14:58:25,329 [INFO] Sending to ptd: 'Hello'
ptd-server 2022-07-27 14:58:25,329 [INFO] Reply from ptd: 'Hello, PTDaemon here!'
ptd-server 2022-07-27 14:58:25,330 [INFO] Sending to ptd: 'Identify'
ptd-server 2022-07-27 14:58:25,330 [INFO] Reply from ptd: 'YokogawaWT310E,1000,1,1,1,1,0,1,1,version=1.9.2-e8c7a49a-20201208,OS=Linux 5.13.0-52-generic #59~20.04.1-Ubuntu SMP Thu Jun 16 21:21:28 UTC 2022 x86_64,mode=power,1,1,1,0,0,no_cal_date,YOKOGAWA;WT310E;C3XA04010E;F1.04'
ptd-server 2022-07-27 14:58:25,330 [INFO] Connected to PTDaemon
ptd-server 2022-07-27 14:58:25,330 [INFO] Sending to ptd: 'RR'
ptd-server 2022-07-27 14:58:25,331 [INFO] Reply from ptd: 'Ranges,0,0.500000,1,300.000000'
ptd-server 2022-07-27 14:58:25,331 [INFO] Initial range for Amps is 0.500000 for Volts is Auto
ptd-server 2022-07-27 14:58:25,331 [INFO] Sending to ptd: 'SR,V,Auto'
ptd-server 2022-07-27 14:58:25,833 [INFO] Reply from ptd: 'Range V changed'
ptd-server 2022-07-27 14:58:25,834 [INFO] Sending to ptd: 'SR,A,Auto'
ptd-server 2022-07-27 14:58:26,336 [INFO] Reply from ptd: 'Range A changed'
ptd-server 2022-07-27 14:58:36,346 [INFO] Starting ranging mode
ptd-server 2022-07-27 14:58:36,347 [INFO] Sending to ptd: 'Go,1000,0,2022-07-27_14-58-08_ranging'
ptd-server 2022-07-27 14:58:36,347 [INFO] Reply from ptd: 'Starting untimed measurement, maximum 500000 samples at 1000ms with 0 rampup samples'
ptd-server 2022-07-27 14:58:36,347 [INFO] Sending reply to client 'OK'
ptd-server 2022-07-27 15:08:51,517 [INFO] Got command from the client 'session,2022-07-27_14-58-08,stop,ranging'
ptd-server 2022-07-27 15:09:01,527 [INFO] Sending to ptd: 'Stop'
ptd-server 2022-07-27 15:09:01,528 [INFO] Reply from ptd: 'Stopping untimed measurement'
ptd-server 2022-07-27 15:09:02,501 [INFO] Sending reply to client 'OK'
ptd-server 2022-07-27 15:09:02,586 [INFO] Got command from the client 'time'
ptd-server 2022-07-27 15:09:02,587 [INFO] Sending reply to client '1658930942.587066'
ptd-server 2022-07-27 15:09:02,590 [INFO] Got command from the client 'session,2022-07-27_14-58-08,start,testing'
ptd-server 2022-07-27 15:09:02,591 [INFO] Sending to ptd: 'SR,V,250.480000'
ptd-server 2022-07-27 15:09:04,092 [INFO] Reply from ptd: 'Range V changed'
ptd-server 2022-07-27 15:09:04,092 [INFO] Sending to ptd: 'SR,A,0.042180'
ptd-server 2022-07-27 15:09:05,594 [INFO] Reply from ptd: 'Range A changed'
ptd-server 2022-07-27 15:09:15,604 [INFO] Starting testing mode
ptd-server 2022-07-27 15:09:15,604 [INFO] Sending to ptd: 'Go,1000,0,2022-07-27_14-58-08_testing'
ptd-server 2022-07-27 15:09:15,605 [INFO] Reply from ptd: 'Starting untimed measurement, maximum 500000 samples at 1000ms with 0 rampup samples'
ptd-server 2022-07-27 15:09:15,605 [INFO] Sending reply to client 'OK'
ptd-server 2022-07-27 15:19:30,633 [INFO] Got command from the client 'session,2022-07-27_14-58-08,stop,testing'
ptd-server 2022-07-27 15:19:40,644 [INFO] Sending to ptd: 'Stop'
ptd-server 2022-07-27 15:19:40,644 [INFO] Reply from ptd: 'Stopping untimed measurement'
ptd-server 2022-07-27 15:19:41,147 [INFO] Sending reply to client 'OK'
ptd-server 2022-07-27 15:19:41,171 [INFO] Got command from the client 'session,2022-07-27_14-58-08,done'
ptd-server 2022-07-27 15:19:41,171 [INFO] Sending to ptd: 'Stop'
ptd-server 2022-07-27 15:19:41,605 [INFO] Reply from ptd: 'Error: no measurement to stop'
ptd-server 2022-07-27 15:19:41,605 [INFO] Sending to ptd: 'SR,V,Auto'
ptd-server 2022-07-27 15:19:42,108 [INFO] Reply from ptd: 'Range V changed'
ptd-server 2022-07-27 15:19:42,108 [INFO] Sending to ptd: 'SR,A,0.500000'
ptd-server 2022-07-27 15:19:43,610 [INFO] Reply from ptd: 'Range A changed'
ptd-server 2022-07-27 15:19:43,610 [INFO] Set initial values for Amps 0.500000 and Volts Auto
ptd-server 2022-07-27 15:19:43,610 [INFO] Stopping ptd...
