ptd-server 2022-07-29 22:01:17,278 [INFO] Got command from the client 'stop'
ptd-server 2022-07-29 22:01:17,278 [INFO] The server will be stopped after processing this client
ptd-server 2022-07-29 22:01:17,278 [INFO] Sending reply to client 'OK'
ptd-server 2022-07-29 22:01:17,513 [INFO] Got command from the client 'time'
ptd-server 2022-07-29 22:01:17,513 [INFO] Sending reply to client '1659157277.513102'
ptd-server 2022-07-29 22:01:17,513 [INFO] Got command from the client 'new,,b9d68356-e1d3-4518-9024-00e7e861034a'
ptd-server 2022-07-29 22:01:17,513 [INFO] Sending reply to client 'OK 2022-07-29_22-01-17,7575adff-47fd-4ada-b7ea-6dbf79140e04'
ptd-server 2022-07-29 22:01:17,731 [INFO] Got command from the client 'time'
ptd-server 2022-07-29 22:01:17,731 [INFO] Sending reply to client '1659157277.7317994'
ptd-server 2022-07-29 22:01:17,731 [INFO] Got command from the client 'session,2022-07-29_22-01-17,start,ranging'
ptd-server 2022-07-29 22:01:17,841 [INFO] Running PTDaemon: ['C:\\PTD\\ptd-windows-x86.exe', '-l', 'C:\\Users\\lab\\AppData\\Local\\Temp\\tmpgrm0d3i8\\ptd_logfile.txt', '-p', '8888', '-c', '1', '-y', '52', '10.116.21.204']
ptd-server 2022-07-29 22:01:36,430 [INFO] Sending to ptd: 'Hello'
ptd-server 2022-07-29 22:01:36,430 [INFO] Reply from ptd: 'Hello, PTDaemon here!'
ptd-server 2022-07-29 22:01:36,430 [INFO] Sending to ptd: 'Identify'
ptd-server 2022-07-29 22:01:36,430 [INFO] Reply from ptd: 'YokogawaWT330E,1000,1,1,1,1,0,0,1,version=1.9.2-3976349f-20201208,OS=Windows 8 / Server 2012,mode=power,1,1,1,0,0,no_cal_date,YOKOGAWA;WT333E;C2VL22012V;F1.04'
ptd-server 2022-07-29 22:01:36,430 [INFO] Connected to PTDaemon
ptd-server 2022-07-29 22:01:36,430 [INFO] Sending to ptd: 'RR'
ptd-server 2022-07-29 22:01:36,430 [INFO] Reply from ptd: 'Ranges,0,1.000000,0,150.000000'
ptd-server 2022-07-29 22:01:36,430 [INFO] Initial range for Amps is 1.000000 for Volts is 150.000000
ptd-server 2022-07-29 22:01:36,430 [INFO] Sending to ptd: 'SR,V,Auto'
ptd-server 2022-07-29 22:01:36,945 [INFO] Reply from ptd: 'Range V changed'
ptd-server 2022-07-29 22:01:36,945 [INFO] Sending to ptd: 'SR,A,Auto'
ptd-server 2022-07-29 22:01:37,461 [INFO] Reply from ptd: 'Range A changed'
ptd-server 2022-07-29 22:01:47,474 [INFO] Starting ranging mode
ptd-server 2022-07-29 22:01:47,474 [INFO] Sending to ptd: 'Go,1000,0,2022-07-29_22-01-17_ranging'
ptd-server 2022-07-29 22:01:47,474 [INFO] Reply from ptd: 'Starting untimed measurement, maximum 500000 samples at 1000ms with 0 rampup samples'
ptd-server 2022-07-29 22:01:47,474 [INFO] Sending reply to client 'OK'
ptd-server 2022-07-29 22:12:23,149 [INFO] Got command from the client 'session,2022-07-29_22-01-17,stop,ranging'
ptd-server 2022-07-29 22:12:33,162 [INFO] Sending to ptd: 'Stop'
ptd-server 2022-07-29 22:12:33,162 [INFO] Reply from ptd: 'Stopping untimed measurement'
ptd-server 2022-07-29 22:12:33,177 [INFO] Sending reply to client 'OK'
ptd-server 2022-07-29 22:12:33,459 [INFO] Got command from the client 'time'
ptd-server 2022-07-29 22:12:33,474 [INFO] Sending reply to client '1659157953.4746344'
ptd-server 2022-07-29 22:12:33,474 [INFO] Got command from the client 'session,2022-07-29_22-01-17,start,testing'
ptd-server 2022-07-29 22:12:33,474 [INFO] Sending to ptd: 'SR,V,206.700000'
ptd-server 2022-07-29 22:12:35,021 [INFO] Reply from ptd: 'Range V changed'
ptd-server 2022-07-29 22:12:35,021 [INFO] Sending to ptd: 'SR,A,0.308400'
ptd-server 2022-07-29 22:12:36,552 [INFO] Reply from ptd: 'Range A changed'
ptd-server 2022-07-29 22:12:46,565 [INFO] Starting testing mode
ptd-server 2022-07-29 22:12:46,565 [INFO] Sending to ptd: 'Go,1000,0,2022-07-29_22-01-17_testing'
ptd-server 2022-07-29 22:12:46,565 [INFO] Reply from ptd: 'Starting untimed measurement, maximum 500000 samples at 1000ms with 0 rampup samples'
ptd-server 2022-07-29 22:12:46,565 [INFO] Sending reply to client 'OK'
ptd-server 2022-07-29 22:23:08,898 [INFO] Got command from the client 'session,2022-07-29_22-01-17,stop,testing'
ptd-server 2022-07-29 22:23:18,912 [INFO] Sending to ptd: 'Stop'
ptd-server 2022-07-29 22:23:18,912 [INFO] Reply from ptd: 'Stopping untimed measurement'
ptd-server 2022-07-29 22:23:18,927 [INFO] Sending reply to client 'OK'
ptd-server 2022-07-29 22:23:19,021 [INFO] Got command from the client 'session,2022-07-29_22-01-17,done'
ptd-server 2022-07-29 22:23:19,021 [INFO] Sending to ptd: 'Stop'
ptd-server 2022-07-29 22:23:19,568 [INFO] Reply from ptd: 'Error: no measurement to stop'
ptd-server 2022-07-29 22:23:19,568 [INFO] Sending to ptd: 'SR,V,150.000000'
ptd-server 2022-07-29 22:23:21,098 [INFO] Reply from ptd: 'Range V changed'
ptd-server 2022-07-29 22:23:21,098 [INFO] Sending to ptd: 'SR,A,1.000000'
ptd-server 2022-07-29 22:23:22,629 [INFO] Reply from ptd: 'Range A changed'
ptd-server 2022-07-29 22:23:22,629 [INFO] Set initial values for Amps 1.000000 and Volts 150.000000
ptd-server 2022-07-29 22:23:22,629 [INFO] Stopping ptd...
