ptd-server 2022-08-02 12:55:43,958 [INFO] Got command from the client 'time'
ptd-server 2022-08-02 12:55:43,958 [INFO] Sending reply to client '1659441343.9586809'
ptd-server 2022-08-02 12:55:43,959 [INFO] Got command from the client 'new,,765f56cd-5b18-4618-b7b4-845add91803b'
ptd-server 2022-08-02 12:55:43,960 [INFO] Sending reply to client 'OK 2022-08-02_12-55-43,a187e665-0ce9-4774-b91c-e8881788b0f7'
ptd-server 2022-08-02 12:55:43,988 [INFO] Got command from the client 'time'
ptd-server 2022-08-02 12:55:43,988 [INFO] Sending reply to client '1659441343.9886212'
ptd-server 2022-08-02 12:55:43,989 [INFO] Got command from the client 'session,2022-08-02_12-55-43,start,ranging'
ptd-server 2022-08-02 12:55:43,990 [INFO] Running PTDaemon: ['/home/anton/projects/mlperf/power/inference_v1.0/ptd-linux-x86', '-l', '/tmp/tmp7lgbo8s4/ptd_logfile.txt', '-p', '8888', '49', '/dev/usbtmc0']
ptd-server 2022-08-02 12:56:01,164 [INFO] Sending to ptd: 'Hello'
ptd-server 2022-08-02 12:56:01,164 [INFO] Reply from ptd: 'Hello, PTDaemon here!'
ptd-server 2022-08-02 12:56:01,165 [INFO] Sending to ptd: 'Identify'
ptd-server 2022-08-02 12:56:01,165 [INFO] Reply from ptd: 'YokogawaWT310E,1000,1,1,1,1,0,1,1,version=1.9.2-e8c7a49a-20201208,OS=Linux 5.13.0-52-generic #59~20.04.1-Ubuntu SMP Thu Jun 16 21:21:28 UTC 2022 x86_64,mode=power,1,1,1,0,0,no_cal_date,YOKOGAWA;WT310E;C3XA04010E;F1.04'
ptd-server 2022-08-02 12:56:01,165 [INFO] Connected to PTDaemon
ptd-server 2022-08-02 12:56:01,165 [INFO] Sending to ptd: 'RR'
ptd-server 2022-08-02 12:56:01,165 [INFO] Reply from ptd: 'Ranges,0,0.500000,1,300.000000'
ptd-server 2022-08-02 12:56:01,166 [INFO] Initial range for Amps is 0.500000 for Volts is Auto
ptd-server 2022-08-02 12:56:01,166 [INFO] Sending to ptd: 'SR,V,Auto'
ptd-server 2022-08-02 12:56:01,668 [INFO] Reply from ptd: 'Range V changed'
ptd-server 2022-08-02 12:56:01,668 [INFO] Sending to ptd: 'SR,A,Auto'
ptd-server 2022-08-02 12:56:02,171 [INFO] Reply from ptd: 'Range A changed'
ptd-server 2022-08-02 12:56:12,181 [INFO] Starting ranging mode
ptd-server 2022-08-02 12:56:12,181 [INFO] Sending to ptd: 'Go,1000,0,2022-08-02_12-55-43_ranging'
ptd-server 2022-08-02 12:56:12,182 [INFO] Reply from ptd: 'Starting untimed measurement, maximum 500000 samples at 1000ms with 0 rampup samples'
ptd-server 2022-08-02 12:56:12,182 [INFO] Sending reply to client 'OK'
ptd-server 2022-08-02 13:06:26,522 [INFO] Got command from the client 'session,2022-08-02_12-55-43,stop,ranging'
ptd-server 2022-08-02 13:06:36,533 [INFO] Sending to ptd: 'Stop'
ptd-server 2022-08-02 13:06:36,533 [INFO] Reply from ptd: 'Stopping untimed measurement'
ptd-server 2022-08-02 13:06:38,047 [INFO] Sending reply to client 'OK'
ptd-server 2022-08-02 13:06:38,105 [INFO] Got command from the client 'time'
ptd-server 2022-08-02 13:06:38,105 [INFO] Sending reply to client '1659441998.1058488'
ptd-server 2022-08-02 13:06:38,107 [INFO] Got command from the client 'session,2022-08-02_12-55-43,start,testing'
ptd-server 2022-08-02 13:06:38,107 [INFO] Sending to ptd: 'SR,V,250.290000'
ptd-server 2022-08-02 13:06:39,608 [INFO] Reply from ptd: 'Range V changed'
ptd-server 2022-08-02 13:06:39,608 [INFO] Sending to ptd: 'SR,A,0.301410'
ptd-server 2022-08-02 13:06:41,110 [INFO] Reply from ptd: 'Range A changed'
ptd-server 2022-08-02 13:06:51,120 [INFO] Starting testing mode
ptd-server 2022-08-02 13:06:51,120 [INFO] Sending to ptd: 'Go,1000,0,2022-08-02_12-55-43_testing'
ptd-server 2022-08-02 13:06:51,121 [INFO] Reply from ptd: 'Starting untimed measurement, maximum 500000 samples at 1000ms with 0 rampup samples'
ptd-server 2022-08-02 13:06:51,121 [INFO] Sending reply to client 'OK'
ptd-server 2022-08-02 13:17:05,112 [INFO] Got command from the client 'session,2022-08-02_12-55-43,stop,testing'
ptd-server 2022-08-02 13:17:15,123 [INFO] Sending to ptd: 'Stop'
ptd-server 2022-08-02 13:17:15,123 [INFO] Reply from ptd: 'Stopping untimed measurement'
ptd-server 2022-08-02 13:17:15,888 [INFO] Sending reply to client 'OK'
ptd-server 2022-08-02 13:17:15,904 [INFO] Got command from the client 'session,2022-08-02_12-55-43,done'
ptd-server 2022-08-02 13:17:15,904 [INFO] Sending to ptd: 'Stop'
ptd-server 2022-08-02 13:17:16,122 [INFO] Reply from ptd: 'Error: no measurement to stop'
ptd-server 2022-08-02 13:17:16,122 [INFO] Sending to ptd: 'SR,V,Auto'
ptd-server 2022-08-02 13:17:16,625 [INFO] Reply from ptd: 'Range V changed'
ptd-server 2022-08-02 13:17:16,625 [INFO] Sending to ptd: 'SR,A,0.500000'
ptd-server 2022-08-02 13:17:18,126 [INFO] Reply from ptd: 'Range A changed'
ptd-server 2022-08-02 13:17:18,126 [INFO] Set initial values for Amps 0.500000 and Volts Auto
ptd-server 2022-08-02 13:17:18,126 [INFO] Stopping ptd...
