ptd-server 2022-07-20 21:13:24,996 [INFO] Got command from the client 'time'
ptd-server 2022-07-20 21:13:24,996 [INFO] Sending reply to client '1658348004.9966319'
ptd-server 2022-07-20 21:13:25,000 [INFO] Got command from the client 'new,,fef693f6-02bf-4c55-97cf-21670fa76896'
ptd-server 2022-07-20 21:13:25,000 [INFO] Sending reply to client 'OK 2022-07-20_21-13-25,9fe4d07c-00df-47f7-9476-650bf02d5ca7'
ptd-server 2022-07-20 21:13:25,056 [INFO] Got command from the client 'time'
ptd-server 2022-07-20 21:13:25,057 [INFO] Sending reply to client '1658348005.0570421'
ptd-server 2022-07-20 21:13:25,060 [INFO] Got command from the client 'session,2022-07-20_21-13-25,start,ranging'
ptd-server 2022-07-20 21:13:25,061 [INFO] Running PTDaemon: ['/home/anton/projects/mlperf/power/inference_v1.0/ptd-linux-x86', '-l', '/tmp/tmp7lgbo8s4/ptd_logfile.txt', '-p', '8888', '49', '/dev/usbtmc0']
ptd-server 2022-07-20 21:13:42,234 [INFO] Sending to ptd: 'Hello'
ptd-server 2022-07-20 21:13:42,235 [INFO] Reply from ptd: 'Hello, PTDaemon here!'
ptd-server 2022-07-20 21:13:42,235 [INFO] Sending to ptd: 'Identify'
ptd-server 2022-07-20 21:13:42,235 [INFO] Reply from ptd: 'YokogawaWT310E,1000,1,1,1,1,0,1,1,version=1.9.2-e8c7a49a-20201208,OS=Linux 5.13.0-52-generic #59~20.04.1-Ubuntu SMP Thu Jun 16 21:21:28 UTC 2022 x86_64,mode=power,1,1,1,0,0,no_cal_date,YOKOGAWA;WT310E;C3XA04010E;F1.04'
ptd-server 2022-07-20 21:13:42,235 [INFO] Connected to PTDaemon
ptd-server 2022-07-20 21:13:42,236 [INFO] Sending to ptd: 'RR'
ptd-server 2022-07-20 21:13:42,236 [INFO] Reply from ptd: 'Ranges,0,0.500000,1,300.000000'
ptd-server 2022-07-20 21:13:42,236 [INFO] Initial range for Amps is 0.500000 for Volts is Auto
ptd-server 2022-07-20 21:13:42,236 [INFO] Sending to ptd: 'SR,V,Auto'
ptd-server 2022-07-20 21:13:42,739 [INFO] Reply from ptd: 'Range V changed'
ptd-server 2022-07-20 21:13:42,739 [INFO] Sending to ptd: 'SR,A,Auto'
ptd-server 2022-07-20 21:13:43,241 [INFO] Reply from ptd: 'Range A changed'
ptd-server 2022-07-20 21:13:53,252 [INFO] Starting ranging mode
ptd-server 2022-07-20 21:13:53,252 [INFO] Sending to ptd: 'Go,1000,0,2022-07-20_21-13-25_ranging'
ptd-server 2022-07-20 21:13:53,252 [INFO] Reply from ptd: 'Starting untimed measurement, maximum 500000 samples at 1000ms with 0 rampup samples'
ptd-server 2022-07-20 21:13:53,252 [INFO] Sending reply to client 'OK'
ptd-server 2022-07-20 21:24:11,950 [INFO] Got command from the client 'session,2022-07-20_21-13-25,stop,ranging'
ptd-server 2022-07-20 21:24:21,960 [INFO] Sending to ptd: 'Stop'
ptd-server 2022-07-20 21:24:21,961 [INFO] Reply from ptd: 'Stopping untimed measurement'
ptd-server 2022-07-20 21:24:22,222 [INFO] Sending reply to client 'OK'
ptd-server 2022-07-20 21:24:22,317 [INFO] Got command from the client 'time'
ptd-server 2022-07-20 21:24:22,317 [INFO] Sending reply to client '1658348662.3178253'
ptd-server 2022-07-20 21:24:22,322 [INFO] Got command from the client 'session,2022-07-20_21-13-25,start,testing'
ptd-server 2022-07-20 21:24:22,323 [INFO] Sending to ptd: 'SR,V,247.940000'
ptd-server 2022-07-20 21:24:23,824 [INFO] Reply from ptd: 'Range V changed'
ptd-server 2022-07-20 21:24:23,824 [INFO] Sending to ptd: 'SR,A,0.077080'
ptd-server 2022-07-20 21:24:25,325 [INFO] Reply from ptd: 'Range A changed'
ptd-server 2022-07-20 21:24:35,336 [INFO] Starting testing mode
ptd-server 2022-07-20 21:24:35,336 [INFO] Sending to ptd: 'Go,1000,0,2022-07-20_21-13-25_testing'
ptd-server 2022-07-20 21:24:35,336 [INFO] Reply from ptd: 'Starting untimed measurement, maximum 500000 samples at 1000ms with 0 rampup samples'
ptd-server 2022-07-20 21:24:35,337 [INFO] Sending reply to client 'OK'
ptd-server 2022-07-20 21:34:53,844 [INFO] Got command from the client 'session,2022-07-20_21-13-25,stop,testing'
ptd-server 2022-07-20 21:35:03,854 [INFO] Sending to ptd: 'Stop'
ptd-server 2022-07-20 21:35:03,855 [INFO] Reply from ptd: 'Stopping untimed measurement'
ptd-server 2022-07-20 21:35:03,996 [INFO] Sending reply to client 'OK'
ptd-server 2022-07-20 21:35:04,094 [INFO] Got command from the client 'session,2022-07-20_21-13-25,done'
ptd-server 2022-07-20 21:35:04,094 [INFO] Sending to ptd: 'Stop'
ptd-server 2022-07-20 21:35:04,337 [INFO] Reply from ptd: 'Error: no measurement to stop'
ptd-server 2022-07-20 21:35:04,337 [INFO] Sending to ptd: 'SR,V,Auto'
ptd-server 2022-07-20 21:35:04,839 [INFO] Reply from ptd: 'Range V changed'
ptd-server 2022-07-20 21:35:04,840 [INFO] Sending to ptd: 'SR,A,0.500000'
ptd-server 2022-07-20 21:35:06,341 [INFO] Reply from ptd: 'Range A changed'
ptd-server 2022-07-20 21:35:06,341 [INFO] Set initial values for Amps 0.500000 and Volts Auto
ptd-server 2022-07-20 21:35:06,341 [INFO] Stopping ptd...
