ptd-server 2022-07-20 09:57:46,971 [INFO] Got command from the client 'time'
ptd-server 2022-07-20 09:57:46,971 [INFO] Sending reply to client '1658307466.9714606'
ptd-server 2022-07-20 09:57:46,975 [INFO] Got command from the client 'new,,5d1fd411-c70a-4fcc-8c7f-ae43451269da'
ptd-server 2022-07-20 09:57:46,975 [INFO] Sending reply to client 'OK 2022-07-20_09-57-46,6a9ba9d7-f568-4fc2-ac13-708ba81dabc4'
ptd-server 2022-07-20 09:57:47,023 [INFO] Got command from the client 'time'
ptd-server 2022-07-20 09:57:47,023 [INFO] Sending reply to client '1658307467.0237248'
ptd-server 2022-07-20 09:57:47,029 [INFO] Got command from the client 'session,2022-07-20_09-57-46,start,ranging'
ptd-server 2022-07-20 09:57:47,029 [INFO] Running PTDaemon: ['/home/anton/projects/mlperf/power/inference_v1.0/ptd-linux-x86', '-l', '/tmp/tmp7lgbo8s4/ptd_logfile.txt', '-p', '8888', '49', '/dev/usbtmc0']
ptd-server 2022-07-20 09:58:04,203 [INFO] Sending to ptd: 'Hello'
ptd-server 2022-07-20 09:58:04,204 [INFO] Reply from ptd: 'Hello, PTDaemon here!'
ptd-server 2022-07-20 09:58:04,204 [INFO] Sending to ptd: 'Identify'
ptd-server 2022-07-20 09:58:04,204 [INFO] Reply from ptd: 'YokogawaWT310E,1000,1,1,1,1,0,1,1,version=1.9.2-e8c7a49a-20201208,OS=Linux 5.13.0-52-generic #59~20.04.1-Ubuntu SMP Thu Jun 16 21:21:28 UTC 2022 x86_64,mode=power,1,1,1,0,0,no_cal_date,YOKOGAWA;WT310E;C3XA04010E;F1.04'
ptd-server 2022-07-20 09:58:04,205 [INFO] Connected to PTDaemon
ptd-server 2022-07-20 09:58:04,205 [INFO] Sending to ptd: 'RR'
ptd-server 2022-07-20 09:58:04,205 [INFO] Reply from ptd: 'Ranges,0,0.500000,1,300.000000'
ptd-server 2022-07-20 09:58:04,205 [INFO] Initial range for Amps is 0.500000 for Volts is Auto
ptd-server 2022-07-20 09:58:04,205 [INFO] Sending to ptd: 'SR,V,Auto'
ptd-server 2022-07-20 09:58:04,708 [INFO] Reply from ptd: 'Range V changed'
ptd-server 2022-07-20 09:58:04,708 [INFO] Sending to ptd: 'SR,A,Auto'
ptd-server 2022-07-20 09:58:05,210 [INFO] Reply from ptd: 'Range A changed'
ptd-server 2022-07-20 09:58:15,221 [INFO] Starting ranging mode
ptd-server 2022-07-20 09:58:15,221 [INFO] Sending to ptd: 'Go,1000,0,2022-07-20_09-57-46_ranging'
ptd-server 2022-07-20 09:58:15,221 [INFO] Reply from ptd: 'Starting untimed measurement, maximum 500000 samples at 1000ms with 0 rampup samples'
ptd-server 2022-07-20 09:58:15,221 [INFO] Sending reply to client 'OK'
ptd-server 2022-07-20 10:08:33,483 [INFO] Got command from the client 'session,2022-07-20_09-57-46,stop,ranging'
ptd-server 2022-07-20 10:08:43,494 [INFO] Sending to ptd: 'Stop'
ptd-server 2022-07-20 10:08:43,494 [INFO] Reply from ptd: 'Stopping untimed measurement'
ptd-server 2022-07-20 10:08:43,694 [INFO] Sending reply to client 'OK'
ptd-server 2022-07-20 10:08:43,826 [INFO] Got command from the client 'time'
ptd-server 2022-07-20 10:08:43,826 [INFO] Sending reply to client '1658308123.8269432'
ptd-server 2022-07-20 10:08:43,833 [INFO] Got command from the client 'session,2022-07-20_09-57-46,start,testing'
ptd-server 2022-07-20 10:08:43,833 [INFO] Sending to ptd: 'SR,V,253.300000'
ptd-server 2022-07-20 10:08:45,722 [INFO] Reply from ptd: 'Range V changed'
ptd-server 2022-07-20 10:08:45,722 [INFO] Sending to ptd: 'SR,A,0.082520'
ptd-server 2022-07-20 10:08:47,224 [INFO] Reply from ptd: 'Range A changed'
ptd-server 2022-07-20 10:08:57,234 [INFO] Starting testing mode
ptd-server 2022-07-20 10:08:57,234 [INFO] Sending to ptd: 'Go,1000,0,2022-07-20_09-57-46_testing'
ptd-server 2022-07-20 10:08:57,234 [INFO] Reply from ptd: 'Starting untimed measurement, maximum 500000 samples at 1000ms with 0 rampup samples'
ptd-server 2022-07-20 10:08:57,234 [INFO] Sending reply to client 'OK'
ptd-server 2022-07-20 10:19:15,892 [INFO] Got command from the client 'session,2022-07-20_09-57-46,stop,testing'
ptd-server 2022-07-20 10:19:25,900 [INFO] Sending to ptd: 'Stop'
ptd-server 2022-07-20 10:19:25,901 [INFO] Reply from ptd: 'Stopping untimed measurement'
ptd-server 2022-07-20 10:19:26,019 [INFO] Sending reply to client 'OK'
ptd-server 2022-07-20 10:19:26,106 [INFO] Got command from the client 'session,2022-07-20_09-57-46,done'
ptd-server 2022-07-20 10:19:26,106 [INFO] Sending to ptd: 'Stop'
ptd-server 2022-07-20 10:19:26,235 [INFO] Reply from ptd: 'Error: no measurement to stop'
ptd-server 2022-07-20 10:19:26,235 [INFO] Sending to ptd: 'SR,V,Auto'
ptd-server 2022-07-20 10:19:26,737 [INFO] Reply from ptd: 'Range V changed'
ptd-server 2022-07-20 10:19:26,737 [INFO] Sending to ptd: 'SR,A,0.500000'
ptd-server 2022-07-20 10:19:28,239 [INFO] Reply from ptd: 'Range A changed'
ptd-server 2022-07-20 10:19:28,239 [INFO] Set initial values for Amps 0.500000 and Volts Auto
ptd-server 2022-07-20 10:19:28,239 [INFO] Stopping ptd...
