client 2022-07-22 22:45:31,614 [INFO] Sending command to the server: 'mlcommons/power client v3'
client 2022-07-22 22:45:31,627 [INFO] Got response: 'mlcommons/power server v3'
client 2022-07-22 22:45:31,627 [INFO] Sending command to the server: 'stop'
client 2022-07-22 22:45:31,643 [INFO] Got response: 'OK'
client 2022-07-22 22:45:31,643 [INFO] Synchronizing with the server and with ib-01.dc4-in.nvidia.com...
client 2022-07-22 22:45:31,849 [INFO] NTP:offset = 0.000 s, delay = 0.201 s 
client 2022-07-22 22:45:31,849 [INFO] Sending command to the server: 'time'
client 2022-07-22 22:45:31,851 [INFO] Got response: '1658529931.7516544'
client 2022-07-22 22:45:31,851 [INFO] The time difference between the client and the server is within range 98.140 ms..99.917 ms
client 2022-07-22 22:45:31,851 [INFO] Sending command to the server: 'new,,84bdb5df-dab9-441b-9b03-fb8e6ff40595'
client 2022-07-22 22:45:31,859 [INFO] Got response: 'OK 2022-07-22_15-45-31,fd081502-91a0-40f3-a694-c2bbce55aa75'
client 2022-07-22 22:45:31,859 [INFO] Session id is '2022-07-22_15-45-31'
client 2022-07-22 22:45:31,859 [INFO] Sources: {"sources": {"__init__.py": "da39a3ee5e6b4b0d3255bfef95601890afd80709", "client.py": "33ca4f26368777ac06e01f9567b714a4b8063886", "lib/__init__.py": "da39a3ee5e6b4b0d3255bfef95601890afd80709", "lib/client.py": "4c2b78fb4849a7e5b584ef792d82aaed20b17f57", "lib/common.py": "624d0c0acc7c39aaff3674f0b99d6a09da53d1dc", "lib/external/__init__.py": "da39a3ee5e6b4b0d3255bfef95601890afd80709", "lib/external/ntplib.py": "4da8f970656505a40483206ef2b5d3dd5e81711d", "lib/server.py": "59c9fb92908260d3e9f81a895c7aa009742275e4", "lib/source_hashes.py": "60a2e02193209e8d392803326208d5466342da18", "lib/summary.py": "aa92f0a3f975eecd44d3c0cd0236342ccc9f941d", "lib/time_sync.py": "3210db56eb0ff0df57bf4293dc4d4b03fffd46f1", "server.py": "c3f90f2f7eeb4db30727556d0c815ebc89b3d28b", "tests/unit/__init__.py": "da39a3ee5e6b4b0d3255bfef95601890afd80709", "tests/unit/test_server.py": "99ae15aef722f2000ee6ed1ae1523637bf1ae42b", "tests/unit/test_source_hashes.py": "00468a2907583c593e6574a1f6b404e4651c221a"}, "modules": {"ptd_client_server.lib.client": "lib/client.py", "ptd_client_server.lib.common": "lib/common.py", "ptd_client_server.lib.external.ntplib": "lib/external/ntplib.py", "ptd_client_server.lib.source_hashes": "lib/source_hashes.py", "ptd_client_server.lib.summary": "lib/summary.py", "ptd_client_server.lib.time_sync": "lib/time_sync.py"}}
client 2022-07-22 22:45:31,862 [INFO] Running workload in ranging mode
client 2022-07-22 22:45:31,862 [INFO] Synchronizing with the server and with ib-01.dc4-in.nvidia.com...
client 2022-07-22 22:45:32,065 [INFO] NTP:offset = 0.000 s, delay = 0.201 s 
client 2022-07-22 22:45:32,065 [INFO] Sending command to the server: 'time'
client 2022-07-22 22:45:32,067 [INFO] Got response: '1658529931.9547307'
client 2022-07-22 22:45:32,067 [INFO] The time difference between the client and the server is within range 111.212 ms..112.866 ms
client 2022-07-22 22:45:32,067 [INFO] Sending command to the server: 'session,2022-07-22_15-45-31,start,ranging'
client 2022-07-22 22:46:11,512 [INFO] Got response: 'OK'
client 2022-07-22 22:46:11,512 [INFO] Running the workload 'LOG_DIR=/work/build/power_logs_temp python3 -m code.main_v2 --benchmarks=bert --scenarios=Server --test_mode=PerformanceOnly --config_ver=maxq_high_accuracy --action="run_harness" \\\n\t\t2>&1 | tee -a /work/build/power_logs/2022.07.22-22.44.55/stdout.txt \\\n\t\t&& if [ ! -d /work/build/power_logs/2022.07.22-22.44.55/ranging_tmp ]; \\\n\t\t\tthen mkdir /work/build/power_logs/2022.07.22-22.44.55/ranging_tmp \\\n\t\t\t\t&& mv /work/build/power_logs_temp/* /work/build/power_logs/2022.07.22-22.44.55/ranging_tmp/ \\\n\t\t\t\t&& cp -v /work/build/power_logs/2022.07.22-22.44.55/ranging_tmp/*/*/*/mlperf_log_detail.txt /work/build/power_logs_temp/ \\\n\t\t\t\t&& cp -v /work/build/power_logs/2022.07.22-22.44.55/ranging_tmp/*/*/*/mlperf_log_summary.txt /work/build/power_logs_temp/; \\\n\t\t\telse mkdir /work/build/power_logs/2022.07.22-22.44.55/testing_tmp \\\n\t\t\t\t&& mv /work/build/power_logs_temp/* /work/build/power_logs/2022.07.22-22.44.55/testing_tmp/ \\\n\t\t\t\t&& cp -v /work/build/power_logs/2022.07.22-22.44.55/testing_tmp/*/*/*/mlperf_log_detail.txt /work/build/power_logs_temp/ \\\n\t\t\t\t&& cp -v /work/build/power_logs/2022.07.22-22.44.55/testing_tmp/*/*/*/mlperf_log_summary.txt /work/build/power_logs_temp/; fi'
client 2022-07-22 22:57:10,700 [INFO] Sending command to the server: 'session,2022-07-22_15-45-31,stop,ranging'
client 2022-07-22 22:57:20,750 [INFO] Got response: 'OK'
client 2022-07-22 22:57:20,764 [INFO] Copying loadgen logs from '/work/build/power_logs_temp' to '/work/build/power_logs/2022.07.22-22.44.55/2022-07-22_15-45-31/ranging'
client 2022-07-22 22:57:20,781 [INFO] Running workload in testing mode
client 2022-07-22 22:57:20,781 [INFO] Synchronizing with the server and with ib-01.dc4-in.nvidia.com...
client 2022-07-22 22:57:20,985 [INFO] NTP:offset = 0.000 s, delay = 0.201 s 
client 2022-07-22 22:57:20,985 [INFO] Sending command to the server: 'time'
client 2022-07-22 22:57:20,987 [INFO] Got response: '1658530640.877493'
client 2022-07-22 22:57:20,987 [INFO] The time difference between the client and the server is within range 107.972 ms..109.739 ms
client 2022-07-22 22:57:20,987 [INFO] Sending command to the server: 'session,2022-07-22_15-45-31,start,testing'
client 2022-07-22 22:57:43,240 [INFO] Got response: 'OK'
client 2022-07-22 22:57:43,240 [INFO] Running the workload 'LOG_DIR=/work/build/power_logs_temp python3 -m code.main_v2 --benchmarks=bert --scenarios=Server --test_mode=PerformanceOnly --config_ver=maxq_high_accuracy --action="run_harness" \\\n\t\t2>&1 | tee -a /work/build/power_logs/2022.07.22-22.44.55/stdout.txt \\\n\t\t&& if [ ! -d /work/build/power_logs/2022.07.22-22.44.55/ranging_tmp ]; \\\n\t\t\tthen mkdir /work/build/power_logs/2022.07.22-22.44.55/ranging_tmp \\\n\t\t\t\t&& mv /work/build/power_logs_temp/* /work/build/power_logs/2022.07.22-22.44.55/ranging_tmp/ \\\n\t\t\t\t&& cp -v /work/build/power_logs/2022.07.22-22.44.55/ranging_tmp/*/*/*/mlperf_log_detail.txt /work/build/power_logs_temp/ \\\n\t\t\t\t&& cp -v /work/build/power_logs/2022.07.22-22.44.55/ranging_tmp/*/*/*/mlperf_log_summary.txt /work/build/power_logs_temp/; \\\n\t\t\telse mkdir /work/build/power_logs/2022.07.22-22.44.55/testing_tmp \\\n\t\t\t\t&& mv /work/build/power_logs_temp/* /work/build/power_logs/2022.07.22-22.44.55/testing_tmp/ \\\n\t\t\t\t&& cp -v /work/build/power_logs/2022.07.22-22.44.55/testing_tmp/*/*/*/mlperf_log_detail.txt /work/build/power_logs_temp/ \\\n\t\t\t\t&& cp -v /work/build/power_logs/2022.07.22-22.44.55/testing_tmp/*/*/*/mlperf_log_summary.txt /work/build/power_logs_temp/; fi'
client 2022-07-22 23:08:42,478 [INFO] Sending command to the server: 'session,2022-07-22_15-45-31,stop,testing'
client 2022-07-22 23:08:52,512 [INFO] Got response: 'OK'
client 2022-07-22 23:08:52,520 [INFO] Copying loadgen logs from '/work/build/power_logs_temp' to '/work/build/power_logs/2022.07.22-22.44.55/2022-07-22_15-45-31/run_1'
client 2022-07-22 23:08:52,537 [INFO] Done runs
