ptd-server 2022-07-22 15:45:31,517 [INFO] Got command from the client 'stop'
ptd-server 2022-07-22 15:45:31,532 [INFO] The server will be stopped after processing this client
ptd-server 2022-07-22 15:45:31,532 [INFO] Sending reply to client 'OK'
ptd-server 2022-07-22 15:45:31,751 [INFO] Got command from the client 'time'
ptd-server 2022-07-22 15:45:31,751 [INFO] Sending reply to client '1658529931.7516544'
ptd-server 2022-07-22 15:45:31,751 [INFO] Got command from the client 'new,,84bdb5df-dab9-441b-9b03-fb8e6ff40595'
ptd-server 2022-07-22 15:45:31,751 [INFO] Sending reply to client 'OK 2022-07-22_15-45-31,fd081502-91a0-40f3-a694-c2bbce55aa75'
ptd-server 2022-07-22 15:45:31,954 [INFO] Got command from the client 'time'
ptd-server 2022-07-22 15:45:31,954 [INFO] Sending reply to client '1658529931.9547307'
ptd-server 2022-07-22 15:45:31,970 [INFO] Got command from the client 'session,2022-07-22_15-45-31,start,ranging'
ptd-server 2022-07-22 15:45:32,079 [INFO] Running PTDaemon: ['C:\\PTD\\ptd-windows-x86.exe', '-l', 'C:\\Users\\lab\\AppData\\Local\\Temp\\tmpv8fgatwr\\ptd_logfile.txt', '-p', '8888', '-c', '1,3', '-y', '77', '10.117.41.199']
ptd-server 2022-07-22 15:45:51,215 [INFO] Sending to ptd: 'Hello'
ptd-server 2022-07-22 15:45:51,215 [INFO] Reply from ptd: 'Hello, PTDaemon here!'
ptd-server 2022-07-22 15:45:51,215 [INFO] Sending to ptd: 'Identify'
ptd-server 2022-07-22 15:45:51,215 [INFO] Reply from ptd: 'YokogawaWT330_multichannel,1000,1,1,1,1,0,0,1,version=1.9.2-3976349f-20201208,OS=Windows 8 / Server 2012,mode=power,1,1,2,0,0,no_cal_date,YOKOGAWA;WT333E;C2WL21011V;F1.04'
ptd-server 2022-07-22 15:45:51,215 [INFO] Connected to PTDaemon
ptd-server 2022-07-22 15:45:51,215 [INFO] Sending to ptd: 'RR'
ptd-server 2022-07-22 15:45:51,215 [INFO] Reply from ptd: 'Ranges,0,5.000000,0,300.000000'
ptd-server 2022-07-22 15:45:51,215 [INFO] Initial range for Amps is 5.000000 for Volts is 300.000000
ptd-server 2022-07-22 15:45:51,215 [INFO] Sending to ptd: 'SR,V,Auto'
ptd-server 2022-07-22 15:45:56,292 [INFO] Reply from ptd: 'Range V changed'
ptd-server 2022-07-22 15:45:56,292 [INFO] Sending to ptd: 'SR,A,Auto'
ptd-server 2022-07-22 15:46:01,369 [INFO] Reply from ptd: 'Range A changed'
ptd-server 2022-07-22 15:46:11,382 [INFO] Starting ranging mode
ptd-server 2022-07-22 15:46:11,382 [INFO] Sending to ptd: 'Go,1000,0,2022-07-22_15-45-31_ranging'
ptd-server 2022-07-22 15:46:11,398 [INFO] Reply from ptd: 'Starting untimed measurement, maximum 500000 samples at 1000ms with 0 rampup samples'
ptd-server 2022-07-22 15:46:11,398 [INFO] Sending reply to client 'OK'
ptd-server 2022-07-22 15:57:10,583 [INFO] Got command from the client 'session,2022-07-22_15-45-31,stop,ranging'
ptd-server 2022-07-22 15:57:20,596 [INFO] Sending to ptd: 'Stop'
ptd-server 2022-07-22 15:57:20,596 [INFO] Reply from ptd: 'Stopping untimed measurement'
ptd-server 2022-07-22 15:57:20,627 [INFO] Sending reply to client 'OK'
ptd-server 2022-07-22 15:57:20,877 [INFO] Got command from the client 'time'
ptd-server 2022-07-22 15:57:20,877 [INFO] Sending reply to client '1658530640.877493'
ptd-server 2022-07-22 15:57:20,877 [INFO] Got command from the client 'session,2022-07-22_15-45-31,start,testing'
ptd-server 2022-07-22 15:57:20,877 [INFO] Sending to ptd: 'SR,V,205.700000'
ptd-server 2022-07-22 15:57:27,500 [INFO] Reply from ptd: 'Range V changed'
ptd-server 2022-07-22 15:57:27,500 [INFO] Sending to ptd: 'SR,A,3.940600'
ptd-server 2022-07-22 15:57:33,093 [INFO] Reply from ptd: 'Range A changed'
ptd-server 2022-07-22 15:57:43,106 [INFO] Starting testing mode
ptd-server 2022-07-22 15:57:43,122 [INFO] Sending to ptd: 'Go,1000,0,2022-07-22_15-45-31_testing'
ptd-server 2022-07-22 15:57:43,122 [INFO] Reply from ptd: 'Starting untimed measurement, maximum 500000 samples at 1000ms with 0 rampup samples'
ptd-server 2022-07-22 15:57:43,122 [INFO] Sending reply to client 'OK'
ptd-server 2022-07-22 16:08:42,353 [INFO] Got command from the client 'session,2022-07-22_15-45-31,stop,testing'
ptd-server 2022-07-22 16:08:52,366 [INFO] Sending to ptd: 'Stop'
ptd-server 2022-07-22 16:08:52,366 [INFO] Reply from ptd: 'Stopping untimed measurement'
ptd-server 2022-07-22 16:08:52,382 [INFO] Sending reply to client 'OK'
ptd-server 2022-07-22 16:08:52,429 [INFO] Got command from the client 'session,2022-07-22_15-45-31,done'
ptd-server 2022-07-22 16:08:52,444 [INFO] Sending to ptd: 'Stop'
ptd-server 2022-07-22 16:08:53,132 [INFO] Reply from ptd: 'Error: no measurement to stop'
ptd-server 2022-07-22 16:08:53,132 [INFO] Sending to ptd: 'SR,V,300.000000'
ptd-server 2022-07-22 16:08:59,224 [INFO] Reply from ptd: 'Range V changed'
ptd-server 2022-07-22 16:08:59,224 [INFO] Sending to ptd: 'SR,A,5.000000'
ptd-server 2022-07-22 16:09:04,816 [INFO] Reply from ptd: 'Range A changed'
ptd-server 2022-07-22 16:09:04,816 [INFO] Set initial values for Amps 5.000000 and Volts 300.000000
ptd-server 2022-07-22 16:09:04,816 [INFO] Stopping ptd...
