ptd-server 2022-07-21 05:24:09,481 [INFO] Got command from the client 'time'
ptd-server 2022-07-21 05:24:09,481 [INFO] Sending reply to client '1658377449.4813719'
ptd-server 2022-07-21 05:24:09,482 [INFO] Got command from the client 'new,,8c63e4f1-e48c-42d8-bf63-2426014b4dba'
ptd-server 2022-07-21 05:24:09,482 [INFO] Sending reply to client 'OK 2022-07-21_05-24-09,6a70edf0-0ed7-4314-89c0-6fb761d7bbcc'
ptd-server 2022-07-21 05:24:09,513 [INFO] Got command from the client 'time'
ptd-server 2022-07-21 05:24:09,513 [INFO] Sending reply to client '1658377449.5135517'
ptd-server 2022-07-21 05:24:09,514 [INFO] Got command from the client 'session,2022-07-21_05-24-09,start,ranging'
ptd-server 2022-07-21 05:24:09,514 [INFO] Running PTDaemon: ['/home/anton/projects/mlperf/power/inference_v1.0/ptd-linux-x86', '-l', '/tmp/tmp7lgbo8s4/ptd_logfile.txt', '-p', '8888', '49', '/dev/usbtmc0']
ptd-server 2022-07-21 05:24:26,689 [INFO] Sending to ptd: 'Hello'
ptd-server 2022-07-21 05:24:26,689 [INFO] Reply from ptd: 'Hello, PTDaemon here!'
ptd-server 2022-07-21 05:24:26,689 [INFO] Sending to ptd: 'Identify'
ptd-server 2022-07-21 05:24:26,690 [INFO] Reply from ptd: 'YokogawaWT310E,1000,1,1,1,1,0,1,1,version=1.9.2-e8c7a49a-20201208,OS=Linux 5.13.0-52-generic #59~20.04.1-Ubuntu SMP Thu Jun 16 21:21:28 UTC 2022 x86_64,mode=power,1,1,1,0,0,no_cal_date,YOKOGAWA;WT310E;C3XA04010E;F1.04'
ptd-server 2022-07-21 05:24:26,690 [INFO] Connected to PTDaemon
ptd-server 2022-07-21 05:24:26,690 [INFO] Sending to ptd: 'RR'
ptd-server 2022-07-21 05:24:26,690 [INFO] Reply from ptd: 'Ranges,0,0.500000,1,300.000000'
ptd-server 2022-07-21 05:24:26,691 [INFO] Initial range for Amps is 0.500000 for Volts is Auto
ptd-server 2022-07-21 05:24:26,691 [INFO] Sending to ptd: 'SR,V,Auto'
ptd-server 2022-07-21 05:24:27,193 [INFO] Reply from ptd: 'Range V changed'
ptd-server 2022-07-21 05:24:27,193 [INFO] Sending to ptd: 'SR,A,Auto'
ptd-server 2022-07-21 05:24:27,696 [INFO] Reply from ptd: 'Range A changed'
ptd-server 2022-07-21 05:24:37,706 [INFO] Starting ranging mode
ptd-server 2022-07-21 05:24:37,706 [INFO] Sending to ptd: 'Go,1000,0,2022-07-21_05-24-09_ranging'
ptd-server 2022-07-21 05:24:37,707 [INFO] Reply from ptd: 'Starting untimed measurement, maximum 500000 samples at 1000ms with 0 rampup samples'
ptd-server 2022-07-21 05:24:37,707 [INFO] Sending reply to client 'OK'
ptd-server 2022-07-21 05:34:58,696 [INFO] Got command from the client 'session,2022-07-21_05-24-09,stop,ranging'
ptd-server 2022-07-21 05:35:08,706 [INFO] Sending to ptd: 'Stop'
ptd-server 2022-07-21 05:35:08,706 [INFO] Reply from ptd: 'Stopping untimed measurement'
ptd-server 2022-07-21 05:35:08,997 [INFO] Sending reply to client 'OK'
ptd-server 2022-07-21 05:35:09,050 [INFO] Got command from the client 'time'
ptd-server 2022-07-21 05:35:09,050 [INFO] Sending reply to client '1658378109.0501459'
ptd-server 2022-07-21 05:35:09,051 [INFO] Got command from the client 'session,2022-07-21_05-24-09,start,testing'
ptd-server 2022-07-21 05:35:09,051 [INFO] Sending to ptd: 'SR,V,251.760000'
ptd-server 2022-07-21 05:35:10,552 [INFO] Reply from ptd: 'Range V changed'
ptd-server 2022-07-21 05:35:10,552 [INFO] Sending to ptd: 'SR,A,0.066660'
ptd-server 2022-07-21 05:35:12,054 [INFO] Reply from ptd: 'Range A changed'
ptd-server 2022-07-21 05:35:22,064 [INFO] Starting testing mode
ptd-server 2022-07-21 05:35:22,064 [INFO] Sending to ptd: 'Go,1000,0,2022-07-21_05-24-09_testing'
ptd-server 2022-07-21 05:35:22,064 [INFO] Reply from ptd: 'Starting untimed measurement, maximum 500000 samples at 1000ms with 0 rampup samples'
ptd-server 2022-07-21 05:35:22,065 [INFO] Sending reply to client 'OK'
ptd-server 2022-07-21 05:45:43,053 [INFO] Got command from the client 'session,2022-07-21_05-24-09,stop,testing'
ptd-server 2022-07-21 05:45:53,064 [INFO] Sending to ptd: 'Stop'
ptd-server 2022-07-21 05:45:53,064 [INFO] Reply from ptd: 'Stopping untimed measurement'
ptd-server 2022-07-21 05:45:53,230 [INFO] Sending reply to client 'OK'
ptd-server 2022-07-21 05:45:53,238 [INFO] Got command from the client 'session,2022-07-21_05-24-09,done'
ptd-server 2022-07-21 05:45:53,238 [INFO] Sending to ptd: 'Stop'
ptd-server 2022-07-21 05:45:53,239 [INFO] Reply from ptd: 'Error: no measurement to stop'
ptd-server 2022-07-21 05:45:53,239 [INFO] Sending to ptd: 'SR,V,Auto'
ptd-server 2022-07-21 05:45:53,741 [INFO] Reply from ptd: 'Range V changed'
ptd-server 2022-07-21 05:45:53,741 [INFO] Sending to ptd: 'SR,A,0.500000'
ptd-server 2022-07-21 05:45:55,243 [INFO] Reply from ptd: 'Range A changed'
ptd-server 2022-07-21 05:45:55,243 [INFO] Set initial values for Amps 0.500000 and Volts Auto
ptd-server 2022-07-21 05:45:55,243 [INFO] Stopping ptd...
