ptd-server 2022-08-02 09:21:01,925 [INFO] Got command from the client 'time'
ptd-server 2022-08-02 09:21:01,925 [INFO] Sending reply to client '1659428461.9253755'
ptd-server 2022-08-02 09:21:01,926 [INFO] Got command from the client 'new,,83d6012f-bfad-4853-974b-dd9b7738c690'
ptd-server 2022-08-02 09:21:01,926 [INFO] Sending reply to client 'OK 2022-08-02_09-21-01,d63b534d-a983-4583-b74d-00e4e53f77f4'
ptd-server 2022-08-02 09:21:01,955 [INFO] Got command from the client 'time'
ptd-server 2022-08-02 09:21:01,955 [INFO] Sending reply to client '1659428461.9552019'
ptd-server 2022-08-02 09:21:01,955 [INFO] Got command from the client 'session,2022-08-02_09-21-01,start,ranging'
ptd-server 2022-08-02 09:21:01,956 [INFO] Running PTDaemon: ['/home/anton/projects/mlperf/power/inference_v1.0/ptd-linux-x86', '-l', '/tmp/tmp7lgbo8s4/ptd_logfile.txt', '-p', '8888', '49', '/dev/usbtmc0']
ptd-server 2022-08-02 09:21:19,131 [INFO] Sending to ptd: 'Hello'
ptd-server 2022-08-02 09:21:19,131 [INFO] Reply from ptd: 'Hello, PTDaemon here!'
ptd-server 2022-08-02 09:21:19,132 [INFO] Sending to ptd: 'Identify'
ptd-server 2022-08-02 09:21:19,132 [INFO] Reply from ptd: 'YokogawaWT310E,1000,1,1,1,1,0,1,1,version=1.9.2-e8c7a49a-20201208,OS=Linux 5.13.0-52-generic #59~20.04.1-Ubuntu SMP Thu Jun 16 21:21:28 UTC 2022 x86_64,mode=power,1,1,1,0,0,no_cal_date,YOKOGAWA;WT310E;C3XA04010E;F1.04'
ptd-server 2022-08-02 09:21:19,132 [INFO] Connected to PTDaemon
ptd-server 2022-08-02 09:21:19,132 [INFO] Sending to ptd: 'RR'
ptd-server 2022-08-02 09:21:19,133 [INFO] Reply from ptd: 'Ranges,0,0.500000,1,300.000000'
ptd-server 2022-08-02 09:21:19,133 [INFO] Initial range for Amps is 0.500000 for Volts is Auto
ptd-server 2022-08-02 09:21:19,133 [INFO] Sending to ptd: 'SR,V,Auto'
ptd-server 2022-08-02 09:21:19,635 [INFO] Reply from ptd: 'Range V changed'
ptd-server 2022-08-02 09:21:19,635 [INFO] Sending to ptd: 'SR,A,Auto'
ptd-server 2022-08-02 09:21:20,138 [INFO] Reply from ptd: 'Range A changed'
ptd-server 2022-08-02 09:21:30,148 [INFO] Starting ranging mode
ptd-server 2022-08-02 09:21:30,148 [INFO] Sending to ptd: 'Go,1000,0,2022-08-02_09-21-01_ranging'
ptd-server 2022-08-02 09:21:30,149 [INFO] Reply from ptd: 'Starting untimed measurement, maximum 500000 samples at 1000ms with 0 rampup samples'
ptd-server 2022-08-02 09:21:30,149 [INFO] Sending reply to client 'OK'
ptd-server 2022-08-02 09:31:41,685 [INFO] Got command from the client 'session,2022-08-02_09-21-01,stop,ranging'
ptd-server 2022-08-02 09:31:51,696 [INFO] Sending to ptd: 'Stop'
ptd-server 2022-08-02 09:31:51,696 [INFO] Reply from ptd: 'Stopping untimed measurement'
ptd-server 2022-08-02 09:31:53,195 [INFO] Sending reply to client 'OK'
ptd-server 2022-08-02 09:31:53,241 [INFO] Got command from the client 'time'
ptd-server 2022-08-02 09:31:53,241 [INFO] Sending reply to client '1659429113.2419162'
ptd-server 2022-08-02 09:31:53,243 [INFO] Got command from the client 'session,2022-08-02_09-21-01,start,testing'
ptd-server 2022-08-02 09:31:53,243 [INFO] Sending to ptd: 'SR,V,252.160000'
ptd-server 2022-08-02 09:31:54,744 [INFO] Reply from ptd: 'Range V changed'
ptd-server 2022-08-02 09:31:54,745 [INFO] Sending to ptd: 'SR,A,0.190200'
ptd-server 2022-08-02 09:31:56,246 [INFO] Reply from ptd: 'Range A changed'
ptd-server 2022-08-02 09:32:06,256 [INFO] Starting testing mode
ptd-server 2022-08-02 09:32:06,257 [INFO] Sending to ptd: 'Go,1000,0,2022-08-02_09-21-01_testing'
ptd-server 2022-08-02 09:32:06,257 [INFO] Reply from ptd: 'Starting untimed measurement, maximum 500000 samples at 1000ms with 0 rampup samples'
ptd-server 2022-08-02 09:32:06,257 [INFO] Sending reply to client 'OK'
ptd-server 2022-08-02 09:42:17,718 [INFO] Got command from the client 'session,2022-08-02_09-21-01,stop,testing'
ptd-server 2022-08-02 09:42:27,729 [INFO] Sending to ptd: 'Stop'
ptd-server 2022-08-02 09:42:27,729 [INFO] Reply from ptd: 'Stopping untimed measurement'
ptd-server 2022-08-02 09:42:28,488 [INFO] Sending reply to client 'OK'
ptd-server 2022-08-02 09:42:28,502 [INFO] Got command from the client 'session,2022-08-02_09-21-01,done'
ptd-server 2022-08-02 09:42:28,502 [INFO] Sending to ptd: 'Stop'
ptd-server 2022-08-02 09:42:28,503 [INFO] Reply from ptd: 'Error: no measurement to stop'
ptd-server 2022-08-02 09:42:28,503 [INFO] Sending to ptd: 'SR,V,Auto'
ptd-server 2022-08-02 09:42:29,005 [INFO] Reply from ptd: 'Range V changed'
ptd-server 2022-08-02 09:42:29,005 [INFO] Sending to ptd: 'SR,A,0.500000'
ptd-server 2022-08-02 09:42:30,507 [INFO] Reply from ptd: 'Range A changed'
ptd-server 2022-08-02 09:42:30,507 [INFO] Set initial values for Amps 0.500000 and Volts Auto
ptd-server 2022-08-02 09:42:30,507 [INFO] Stopping ptd...
