ptd-server 2022-07-21 08:19:29,663 [INFO] Got command from the client 'time'
ptd-server 2022-07-21 08:19:29,664 [INFO] Sending reply to client '1658387969.664125'
ptd-server 2022-07-21 08:19:29,665 [INFO] Got command from the client 'new,,63bbca8a-96c9-46e9-993e-03d36fa6e9c5'
ptd-server 2022-07-21 08:19:29,665 [INFO] Sending reply to client 'OK 2022-07-21_08-19-29,05baa5e9-30d5-42a1-9687-b790ff528d8f'
ptd-server 2022-07-21 08:19:29,693 [INFO] Got command from the client 'time'
ptd-server 2022-07-21 08:19:29,693 [INFO] Sending reply to client '1658387969.6939628'
ptd-server 2022-07-21 08:19:29,694 [INFO] Got command from the client 'session,2022-07-21_08-19-29,start,ranging'
ptd-server 2022-07-21 08:19:29,695 [INFO] Running PTDaemon: ['/home/anton/projects/mlperf/power/inference_v1.0/ptd-linux-x86', '-l', '/tmp/tmp7lgbo8s4/ptd_logfile.txt', '-p', '8888', '49', '/dev/usbtmc0']
ptd-server 2022-07-21 08:19:46,868 [INFO] Sending to ptd: 'Hello'
ptd-server 2022-07-21 08:19:46,869 [INFO] Reply from ptd: 'Hello, PTDaemon here!'
ptd-server 2022-07-21 08:19:46,869 [INFO] Sending to ptd: 'Identify'
ptd-server 2022-07-21 08:19:46,869 [INFO] Reply from ptd: 'YokogawaWT310E,1000,1,1,1,1,0,1,1,version=1.9.2-e8c7a49a-20201208,OS=Linux 5.13.0-52-generic #59~20.04.1-Ubuntu SMP Thu Jun 16 21:21:28 UTC 2022 x86_64,mode=power,1,1,1,0,0,no_cal_date,YOKOGAWA;WT310E;C3XA04010E;F1.04'
ptd-server 2022-07-21 08:19:46,869 [INFO] Connected to PTDaemon
ptd-server 2022-07-21 08:19:46,870 [INFO] Sending to ptd: 'RR'
ptd-server 2022-07-21 08:19:46,870 [INFO] Reply from ptd: 'Ranges,0,0.500000,1,300.000000'
ptd-server 2022-07-21 08:19:46,870 [INFO] Initial range for Amps is 0.500000 for Volts is Auto
ptd-server 2022-07-21 08:19:46,870 [INFO] Sending to ptd: 'SR,V,Auto'
ptd-server 2022-07-21 08:19:47,373 [INFO] Reply from ptd: 'Range V changed'
ptd-server 2022-07-21 08:19:47,373 [INFO] Sending to ptd: 'SR,A,Auto'
ptd-server 2022-07-21 08:19:47,875 [INFO] Reply from ptd: 'Range A changed'
ptd-server 2022-07-21 08:19:57,885 [INFO] Starting ranging mode
ptd-server 2022-07-21 08:19:57,886 [INFO] Sending to ptd: 'Go,1000,0,2022-07-21_08-19-29_ranging'
ptd-server 2022-07-21 08:19:57,886 [INFO] Reply from ptd: 'Starting untimed measurement, maximum 500000 samples at 1000ms with 0 rampup samples'
ptd-server 2022-07-21 08:19:57,886 [INFO] Sending reply to client 'OK'
ptd-server 2022-07-21 08:30:18,937 [INFO] Got command from the client 'session,2022-07-21_08-19-29,stop,ranging'
ptd-server 2022-07-21 08:30:28,948 [INFO] Sending to ptd: 'Stop'
ptd-server 2022-07-21 08:30:28,948 [INFO] Reply from ptd: 'Stopping untimed measurement'
ptd-server 2022-07-21 08:30:29,274 [INFO] Sending reply to client 'OK'
ptd-server 2022-07-21 08:30:29,337 [INFO] Got command from the client 'time'
ptd-server 2022-07-21 08:30:29,337 [INFO] Sending reply to client '1658388629.3374968'
ptd-server 2022-07-21 08:30:29,338 [INFO] Got command from the client 'session,2022-07-21_08-19-29,start,testing'
ptd-server 2022-07-21 08:30:29,338 [INFO] Sending to ptd: 'SR,V,250.740000'
ptd-server 2022-07-21 08:30:31,388 [INFO] Reply from ptd: 'Range V changed'
ptd-server 2022-07-21 08:30:31,388 [INFO] Sending to ptd: 'SR,A,0.073650'
ptd-server 2022-07-21 08:30:32,889 [INFO] Reply from ptd: 'Range A changed'
ptd-server 2022-07-21 08:30:42,900 [INFO] Starting testing mode
ptd-server 2022-07-21 08:30:42,900 [INFO] Sending to ptd: 'Go,1000,0,2022-07-21_08-19-29_testing'
ptd-server 2022-07-21 08:30:42,900 [INFO] Reply from ptd: 'Starting untimed measurement, maximum 500000 samples at 1000ms with 0 rampup samples'
ptd-server 2022-07-21 08:30:42,900 [INFO] Sending reply to client 'OK'
ptd-server 2022-07-21 08:41:03,784 [INFO] Got command from the client 'session,2022-07-21_08-19-29,stop,testing'
ptd-server 2022-07-21 08:41:13,794 [INFO] Sending to ptd: 'Stop'
ptd-server 2022-07-21 08:41:13,795 [INFO] Reply from ptd: 'Stopping untimed measurement'
ptd-server 2022-07-21 08:41:13,967 [INFO] Sending reply to client 'OK'
ptd-server 2022-07-21 08:41:13,974 [INFO] Got command from the client 'session,2022-07-21_08-19-29,done'
ptd-server 2022-07-21 08:41:13,975 [INFO] Sending to ptd: 'Stop'
ptd-server 2022-07-21 08:41:13,975 [INFO] Reply from ptd: 'Error: no measurement to stop'
ptd-server 2022-07-21 08:41:13,975 [INFO] Sending to ptd: 'SR,V,Auto'
ptd-server 2022-07-21 08:41:14,477 [INFO] Reply from ptd: 'Range V changed'
ptd-server 2022-07-21 08:41:14,477 [INFO] Sending to ptd: 'SR,A,0.500000'
ptd-server 2022-07-21 08:41:15,979 [INFO] Reply from ptd: 'Range A changed'
ptd-server 2022-07-21 08:41:15,979 [INFO] Set initial values for Amps 0.500000 and Volts Auto
ptd-server 2022-07-21 08:41:15,979 [INFO] Stopping ptd...
