ptd-server 2022-07-21 21:44:00,382 [INFO] Got command from the client 'stop'
ptd-server 2022-07-21 21:44:00,391 [INFO] The server will be stopped after processing this client
ptd-server 2022-07-21 21:44:00,391 [INFO] Sending reply to client 'OK'
ptd-server 2022-07-21 21:44:00,596 [INFO] Got command from the client 'time'
ptd-server 2022-07-21 21:44:00,597 [INFO] Sending reply to client '1658465040.5976932'
ptd-server 2022-07-21 21:44:00,599 [INFO] Got command from the client 'new,,32cd87e3-541f-449d-91b3-dd9c2bd6dab7'
ptd-server 2022-07-21 21:44:00,600 [INFO] Sending reply to client 'OK 2022-07-21_21-44-00,18480afa-6f7a-4004-abf5-072c88373347'
ptd-server 2022-07-21 21:44:00,809 [INFO] Got command from the client 'time'
ptd-server 2022-07-21 21:44:00,809 [INFO] Sending reply to client '1658465040.8093555'
ptd-server 2022-07-21 21:44:00,811 [INFO] Got command from the client 'session,2022-07-21_21-44-00,start,ranging'
ptd-server 2022-07-21 21:44:00,927 [INFO] Running PTDaemon: ['C:\\PTD\\ptd-windows-x86.exe', '-l', 'C:\\Users\\lab\\AppData\\Local\\Temp\\tmpyoar8fcq\\ptd_logfile.txt', '-p', '8888', '-c', '1,3', '-y', '77', '10.34.232.250']
ptd-server 2022-07-21 21:44:21,144 [INFO] Sending to ptd: 'Hello'
ptd-server 2022-07-21 21:44:21,145 [INFO] Reply from ptd: 'Hello, PTDaemon here!'
ptd-server 2022-07-21 21:44:21,145 [INFO] Sending to ptd: 'Identify'
ptd-server 2022-07-21 21:44:21,147 [INFO] Reply from ptd: 'YokogawaWT330_multichannel,1000,1,1,1,1,0,0,1,version=1.9.2-3976349f-20201208,OS=Windows 8 / Server 2012,mode=power,1,1,2,0,0,no_cal_date,YOKOGAWA;WT333E;C2WA21018V;F1.04'
ptd-server 2022-07-21 21:44:21,147 [INFO] Connected to PTDaemon
ptd-server 2022-07-21 21:44:21,148 [INFO] Sending to ptd: 'RR'
ptd-server 2022-07-21 21:44:21,149 [INFO] Reply from ptd: 'Ranges,0,10.000000,1,300.000000'
ptd-server 2022-07-21 21:44:21,150 [INFO] Initial range for Amps is 10.000000 for Volts is Auto
ptd-server 2022-07-21 21:44:21,151 [INFO] Sending to ptd: 'SR,V,Auto'
ptd-server 2022-07-21 21:44:26,217 [INFO] Reply from ptd: 'Range V changed'
ptd-server 2022-07-21 21:44:26,218 [INFO] Sending to ptd: 'SR,A,Auto'
ptd-server 2022-07-21 21:44:31,285 [INFO] Reply from ptd: 'Range A changed'
ptd-server 2022-07-21 21:44:41,294 [INFO] Starting ranging mode
ptd-server 2022-07-21 21:44:41,294 [INFO] Sending to ptd: 'Go,1000,0,2022-07-21_21-44-00_ranging'
ptd-server 2022-07-21 21:44:41,295 [INFO] Reply from ptd: 'Starting untimed measurement, maximum 500000 samples at 1000ms with 0 rampup samples'
ptd-server 2022-07-21 21:44:41,296 [INFO] Sending reply to client 'OK'
ptd-server 2022-07-21 21:56:59,349 [INFO] Got command from the client 'session,2022-07-21_21-44-00,stop,ranging'
ptd-server 2022-07-21 21:57:09,365 [INFO] Sending to ptd: 'Stop'
ptd-server 2022-07-21 21:57:09,366 [INFO] Reply from ptd: 'Stopping untimed measurement'
ptd-server 2022-07-21 21:57:09,427 [INFO] Sending reply to client 'OK'
ptd-server 2022-07-21 21:57:09,665 [INFO] Got command from the client 'time'
ptd-server 2022-07-21 21:57:09,666 [INFO] Sending reply to client '1658465829.6668193'
ptd-server 2022-07-21 21:57:09,667 [INFO] Got command from the client 'session,2022-07-21_21-44-00,start,testing'
ptd-server 2022-07-21 21:57:09,668 [INFO] Sending to ptd: 'SR,V,209.080000'
ptd-server 2022-07-21 21:57:16,400 [INFO] Reply from ptd: 'Range V changed'
ptd-server 2022-07-21 21:57:16,401 [INFO] Sending to ptd: 'SR,A,5.500000'
ptd-server 2022-07-21 21:57:21,981 [INFO] Reply from ptd: 'Range A changed'
ptd-server 2022-07-21 21:57:31,988 [INFO] Starting testing mode
ptd-server 2022-07-21 21:57:31,990 [INFO] Sending to ptd: 'Go,1000,0,2022-07-21_21-44-00_testing'
ptd-server 2022-07-21 21:57:31,993 [INFO] Reply from ptd: 'Starting untimed measurement, maximum 500000 samples at 1000ms with 0 rampup samples'
ptd-server 2022-07-21 21:57:31,993 [INFO] Sending reply to client 'OK'
ptd-server 2022-07-21 22:09:39,173 [INFO] Got command from the client 'session,2022-07-21_21-44-00,stop,testing'
ptd-server 2022-07-21 22:09:49,176 [INFO] Sending to ptd: 'Stop'
ptd-server 2022-07-21 22:09:49,178 [INFO] Reply from ptd: 'Stopping untimed measurement'
ptd-server 2022-07-21 22:09:49,216 [INFO] Sending reply to client 'OK'
ptd-server 2022-07-21 22:09:49,276 [INFO] Got command from the client 'session,2022-07-21_21-44-00,done'
ptd-server 2022-07-21 22:09:49,292 [INFO] Sending to ptd: 'Stop'
ptd-server 2022-07-21 22:09:50,004 [INFO] Reply from ptd: 'Error: no measurement to stop'
ptd-server 2022-07-21 22:09:50,005 [INFO] Sending to ptd: 'SR,V,Auto'
ptd-server 2022-07-21 22:09:55,080 [INFO] Reply from ptd: 'Range V changed'
ptd-server 2022-07-21 22:09:55,081 [INFO] Sending to ptd: 'SR,A,10.000000'
ptd-server 2022-07-21 22:10:00,669 [INFO] Reply from ptd: 'Range A changed'
ptd-server 2022-07-21 22:10:00,670 [INFO] Set initial values for Amps 10.000000 and Volts Auto
ptd-server 2022-07-21 22:10:00,671 [INFO] Stopping ptd...
