ptd-server 2022-07-28 11:46:03,565 [INFO] Got command from the client 'time'
ptd-server 2022-07-28 11:46:03,565 [INFO] Sending reply to client '1659026763.565512'
ptd-server 2022-07-28 11:46:03,567 [INFO] Got command from the client 'new,,55e4d038-e469-4df5-af7a-abaf66640515'
ptd-server 2022-07-28 11:46:03,567 [INFO] Sending reply to client 'OK 2022-07-28_11-46-03,dacc3161-dffc-4b7c-b3cc-cde8c4c2cda9'
ptd-server 2022-07-28 11:46:03,670 [INFO] Got command from the client 'time'
ptd-server 2022-07-28 11:46:03,670 [INFO] Sending reply to client '1659026763.6709125'
ptd-server 2022-07-28 11:46:03,672 [INFO] Got command from the client 'session,2022-07-28_11-46-03,start,ranging'
ptd-server 2022-07-28 11:46:03,673 [INFO] Running PTDaemon: ['/local/mnt/workspace/mlcommons/power-main/inference_v1.0/ptd-linux-x86', '-l', '/tmp/tmpgw0prjiw/ptd_logfile.txt', '-p', '8880', '-c', '1', '52', '/dev/usbtmc0']
ptd-server 2022-07-28 11:46:20,796 [INFO] Sending to ptd: 'Hello'
ptd-server 2022-07-28 11:46:20,797 [INFO] Reply from ptd: 'Hello, PTDaemon here!'
ptd-server 2022-07-28 11:46:20,797 [INFO] Sending to ptd: 'Identify'
ptd-server 2022-07-28 11:46:20,798 [INFO] Reply from ptd: 'YokogawaWT330,1000,1,1,1,1,0,0,1,version=1.9.2-e8c7a49a-20201208,OS=Linux 5.4.0-96-generic #109~18.04.1-Ubuntu SMP Thu Jan 13 15:06:26 UTC 2022 x86_64,mode=power,1,1,1,0,0,no_cal_date,YOKOGAWA;WT333;C2SF14011V;F1.01EM'
ptd-server 2022-07-28 11:46:20,798 [INFO] Connected to PTDaemon
ptd-server 2022-07-28 11:46:20,798 [INFO] Sending to ptd: 'RR'
ptd-server 2022-07-28 11:46:20,799 [INFO] Reply from ptd: 'Ranges,0,5.000000,0,150.000000'
ptd-server 2022-07-28 11:46:20,799 [INFO] Initial range for Amps is 5.000000 for Volts is 150.000000
ptd-server 2022-07-28 11:46:20,799 [INFO] Sending to ptd: 'SR,V,Auto'
ptd-server 2022-07-28 11:46:21,302 [INFO] Reply from ptd: 'Range V changed'
ptd-server 2022-07-28 11:46:21,302 [INFO] Sending to ptd: 'SR,A,20'
ptd-server 2022-07-28 11:46:22,805 [INFO] Reply from ptd: 'Range A changed'
ptd-server 2022-07-28 11:46:32,809 [INFO] Starting ranging mode
ptd-server 2022-07-28 11:46:32,809 [INFO] Sending to ptd: 'Go,1000,0,2022-07-28_11-46-03_ranging'
ptd-server 2022-07-28 11:46:32,810 [INFO] Reply from ptd: 'Starting untimed measurement, maximum 500000 samples at 1000ms with 0 rampup samples'
ptd-server 2022-07-28 11:46:32,810 [INFO] Sending reply to client 'OK'
ptd-server 2022-07-28 11:57:07,292 [INFO] Got command from the client 'session,2022-07-28_11-46-03,stop,ranging'
ptd-server 2022-07-28 11:57:17,303 [INFO] Sending to ptd: 'Stop'
ptd-server 2022-07-28 11:57:17,304 [INFO] Reply from ptd: 'Stopping untimed measurement'
ptd-server 2022-07-28 11:57:17,341 [INFO] Sending reply to client 'OK'
ptd-server 2022-07-28 11:57:17,502 [INFO] Got command from the client 'time'
ptd-server 2022-07-28 11:57:17,502 [INFO] Sending reply to client '1659027437.502576'
ptd-server 2022-07-28 11:57:17,504 [INFO] Got command from the client 'session,2022-07-28_11-46-03,start,testing'
ptd-server 2022-07-28 11:57:17,504 [INFO] Sending to ptd: 'SR,V,122.520000'
ptd-server 2022-07-28 11:57:19,312 [INFO] Reply from ptd: 'Range V changed'
ptd-server 2022-07-28 11:57:19,312 [INFO] Sending to ptd: 'SR,A,2.348000'
ptd-server 2022-07-28 11:57:20,815 [INFO] Reply from ptd: 'Range A changed'
ptd-server 2022-07-28 11:57:30,816 [INFO] Starting testing mode
ptd-server 2022-07-28 11:57:30,817 [INFO] Sending to ptd: 'Go,1000,0,2022-07-28_11-46-03_testing'
ptd-server 2022-07-28 11:57:30,817 [INFO] Reply from ptd: 'Starting untimed measurement, maximum 500000 samples at 1000ms with 0 rampup samples'
ptd-server 2022-07-28 11:57:30,817 [INFO] Sending reply to client 'OK'
ptd-server 2022-07-28 12:08:05,146 [INFO] Got command from the client 'session,2022-07-28_11-46-03,stop,testing'
ptd-server 2022-07-28 12:08:15,157 [INFO] Sending to ptd: 'Stop'
ptd-server 2022-07-28 12:08:15,157 [INFO] Reply from ptd: 'Stopping untimed measurement'
ptd-server 2022-07-28 12:08:15,176 [INFO] Sending reply to client 'OK'
ptd-server 2022-07-28 12:08:15,184 [INFO] Got command from the client 'session,2022-07-28_11-46-03,done'
ptd-server 2022-07-28 12:08:15,184 [INFO] Sending to ptd: 'Stop'
ptd-server 2022-07-28 12:08:15,818 [INFO] Reply from ptd: 'Error: no measurement to stop'
ptd-server 2022-07-28 12:08:15,818 [INFO] Sending to ptd: 'SR,V,150.000000'
ptd-server 2022-07-28 12:08:17,320 [INFO] Reply from ptd: 'Range V changed'
ptd-server 2022-07-28 12:08:17,320 [INFO] Sending to ptd: 'SR,A,5.000000'
ptd-server 2022-07-28 12:08:18,823 [INFO] Reply from ptd: 'Range A changed'
ptd-server 2022-07-28 12:08:18,823 [INFO] Set initial values for Amps 5.000000 and Volts 150.000000
ptd-server 2022-07-28 12:08:18,823 [INFO] Stopping ptd...
