ptd-server 2022-08-05 13:29:28,800 [INFO] Got command from the client 'time'
ptd-server 2022-08-05 13:29:28,801 [INFO] Sending reply to client '1659724168.8010802'
ptd-server 2022-08-05 13:29:28,802 [INFO] Got command from the client 'new,,525ed2bd-c236-4246-bd29-5545da3c901e'
ptd-server 2022-08-05 13:29:28,802 [INFO] Sending reply to client 'OK 2022-08-05_13-29-28,3595c88e-227f-44bc-a138-fb79f287d63a'
ptd-server 2022-08-05 13:29:28,882 [INFO] Got command from the client 'time'
ptd-server 2022-08-05 13:29:28,883 [INFO] Sending reply to client '1659724168.8831918'
ptd-server 2022-08-05 13:29:28,884 [INFO] Got command from the client 'session,2022-08-05_13-29-28,start,ranging'
ptd-server 2022-08-05 13:29:28,884 [INFO] Running PTDaemon: ['/local/mnt/workspace/mlcommons/power-main/inference_v1.0/ptd-linux-x86', '-l', '/tmp/tmp8xrjvdjh/ptd_logfile.txt', '-p', '8888', '49', '/dev/usbtmc0']
ptd-server 2022-08-05 13:29:46,009 [INFO] Sending to ptd: 'Hello'
ptd-server 2022-08-05 13:29:46,010 [INFO] Reply from ptd: 'Hello, PTDaemon here!'
ptd-server 2022-08-05 13:29:46,010 [INFO] Sending to ptd: 'Identify'
ptd-server 2022-08-05 13:29:46,010 [INFO] Reply from ptd: 'YokogawaWT310E,1000,1,1,1,1,0,1,1,version=1.9.2-e8c7a49a-20201208,OS=Linux 4.15.0-188-generic #199-Ubuntu SMP Wed Jun 15 20:42:56 UTC 2022 x86_64,mode=power,1,1,1,0,0,no_cal_date,YOKOGAWA;WT310E;C2XF16028V;F1.04'
ptd-server 2022-08-05 13:29:46,011 [INFO] Connected to PTDaemon
ptd-server 2022-08-05 13:29:46,011 [INFO] Sending to ptd: 'RR'
ptd-server 2022-08-05 13:29:46,011 [INFO] Reply from ptd: 'Ranges,1,5.000000,1,150.000000'
ptd-server 2022-08-05 13:29:46,012 [INFO] Initial range for Amps is Auto for Volts is Auto
ptd-server 2022-08-05 13:29:46,012 [INFO] Sending to ptd: 'SR,V,Auto'
ptd-server 2022-08-05 13:29:46,515 [INFO] Reply from ptd: 'Range V changed'
ptd-server 2022-08-05 13:29:46,515 [INFO] Sending to ptd: 'SR,A,Auto'
ptd-server 2022-08-05 13:29:47,018 [INFO] Reply from ptd: 'Range A changed'
ptd-server 2022-08-05 13:29:57,025 [INFO] Starting ranging mode
ptd-server 2022-08-05 13:29:57,026 [INFO] Sending to ptd: 'Go,1000,0,2022-08-05_13-29-28_ranging'
ptd-server 2022-08-05 13:29:57,026 [INFO] Reply from ptd: 'Starting untimed measurement, maximum 500000 samples at 1000ms with 0 rampup samples'
ptd-server 2022-08-05 13:29:57,026 [INFO] Sending reply to client 'OK'
ptd-server 2022-08-05 13:42:35,013 [INFO] Got command from the client 'session,2022-08-05_13-29-28,stop,ranging'
ptd-server 2022-08-05 13:42:45,024 [INFO] Sending to ptd: 'Stop'
ptd-server 2022-08-05 13:42:45,024 [INFO] Reply from ptd: 'Stopping untimed measurement'
ptd-server 2022-08-05 13:42:45,085 [INFO] Sending reply to client 'OK'
ptd-server 2022-08-05 13:42:45,193 [INFO] Got command from the client 'time'
ptd-server 2022-08-05 13:42:45,194 [INFO] Sending reply to client '1659724965.1942012'
ptd-server 2022-08-05 13:42:45,195 [INFO] Got command from the client 'session,2022-08-05_13-29-28,start,testing'
ptd-server 2022-08-05 13:42:45,195 [INFO] Sending to ptd: 'SR,V,119.940000'
ptd-server 2022-08-05 13:42:46,697 [INFO] Reply from ptd: 'Range V changed'
ptd-server 2022-08-05 13:42:46,697 [INFO] Sending to ptd: 'SR,A,5.250200'
ptd-server 2022-08-05 13:42:48,199 [INFO] Reply from ptd: 'Range A changed'
ptd-server 2022-08-05 13:42:58,210 [INFO] Starting testing mode
ptd-server 2022-08-05 13:42:58,210 [INFO] Sending to ptd: 'Go,1000,0,2022-08-05_13-29-28_testing'
ptd-server 2022-08-05 13:42:58,211 [INFO] Reply from ptd: 'Starting untimed measurement, maximum 500000 samples at 1000ms with 0 rampup samples'
ptd-server 2022-08-05 13:42:58,211 [INFO] Sending reply to client 'OK'
ptd-server 2022-08-05 13:55:36,154 [INFO] Got command from the client 'session,2022-08-05_13-29-28,stop,testing'
ptd-server 2022-08-05 13:55:46,164 [INFO] Sending to ptd: 'Stop'
ptd-server 2022-08-05 13:55:46,165 [INFO] Reply from ptd: 'Stopping untimed measurement'
ptd-server 2022-08-05 13:55:46,199 [INFO] Sending reply to client 'OK'
ptd-server 2022-08-05 13:55:46,204 [INFO] Got command from the client 'session,2022-08-05_13-29-28,done'
ptd-server 2022-08-05 13:55:46,204 [INFO] Sending to ptd: 'Stop'
ptd-server 2022-08-05 13:55:46,212 [INFO] Reply from ptd: 'Error: no measurement to stop'
ptd-server 2022-08-05 13:55:46,212 [INFO] Sending to ptd: 'SR,V,Auto'
ptd-server 2022-08-05 13:55:46,715 [INFO] Reply from ptd: 'Range V changed'
ptd-server 2022-08-05 13:55:46,716 [INFO] Sending to ptd: 'SR,A,Auto'
ptd-server 2022-08-05 13:55:47,219 [INFO] Reply from ptd: 'Range A changed'
ptd-server 2022-08-05 13:55:47,219 [INFO] Set initial values for Amps Auto and Volts Auto
ptd-server 2022-08-05 13:55:47,219 [INFO] Stopping ptd...
