ptd-server 2022-08-02 12:34:00,215 [INFO] Got command from the client 'time'
ptd-server 2022-08-02 12:34:00,215 [INFO] Sending reply to client '1659440040.215709'
ptd-server 2022-08-02 12:34:00,216 [INFO] Got command from the client 'new,,e9fa60ed-b302-4167-b9bd-bfd2dd96c624'
ptd-server 2022-08-02 12:34:00,217 [INFO] Sending reply to client 'OK 2022-08-02_12-34-00,5fd8f4b0-c2cb-4527-a893-edecff7c82cf'
ptd-server 2022-08-02 12:34:00,247 [INFO] Got command from the client 'time'
ptd-server 2022-08-02 12:34:00,248 [INFO] Sending reply to client '1659440040.2480297'
ptd-server 2022-08-02 12:34:00,248 [INFO] Got command from the client 'session,2022-08-02_12-34-00,start,ranging'
ptd-server 2022-08-02 12:34:00,249 [INFO] Running PTDaemon: ['/home/anton/projects/mlperf/power/inference_v1.0/ptd-linux-x86', '-l', '/tmp/tmp7lgbo8s4/ptd_logfile.txt', '-p', '8888', '49', '/dev/usbtmc0']
ptd-server 2022-08-02 12:34:17,422 [INFO] Sending to ptd: 'Hello'
ptd-server 2022-08-02 12:34:17,423 [INFO] Reply from ptd: 'Hello, PTDaemon here!'
ptd-server 2022-08-02 12:34:17,423 [INFO] Sending to ptd: 'Identify'
ptd-server 2022-08-02 12:34:17,423 [INFO] Reply from ptd: 'YokogawaWT310E,1000,1,1,1,1,0,1,1,version=1.9.2-e8c7a49a-20201208,OS=Linux 5.13.0-52-generic #59~20.04.1-Ubuntu SMP Thu Jun 16 21:21:28 UTC 2022 x86_64,mode=power,1,1,1,0,0,no_cal_date,YOKOGAWA;WT310E;C3XA04010E;F1.04'
ptd-server 2022-08-02 12:34:17,423 [INFO] Connected to PTDaemon
ptd-server 2022-08-02 12:34:17,423 [INFO] Sending to ptd: 'RR'
ptd-server 2022-08-02 12:34:17,424 [INFO] Reply from ptd: 'Ranges,0,0.500000,1,300.000000'
ptd-server 2022-08-02 12:34:17,424 [INFO] Initial range for Amps is 0.500000 for Volts is Auto
ptd-server 2022-08-02 12:34:17,424 [INFO] Sending to ptd: 'SR,V,Auto'
ptd-server 2022-08-02 12:34:17,927 [INFO] Reply from ptd: 'Range V changed'
ptd-server 2022-08-02 12:34:17,927 [INFO] Sending to ptd: 'SR,A,Auto'
ptd-server 2022-08-02 12:34:18,429 [INFO] Reply from ptd: 'Range A changed'
ptd-server 2022-08-02 12:34:28,439 [INFO] Starting ranging mode
ptd-server 2022-08-02 12:34:28,440 [INFO] Sending to ptd: 'Go,1000,0,2022-08-02_12-34-00_ranging'
ptd-server 2022-08-02 12:34:28,440 [INFO] Reply from ptd: 'Starting untimed measurement, maximum 500000 samples at 1000ms with 0 rampup samples'
ptd-server 2022-08-02 12:34:28,440 [INFO] Sending reply to client 'OK'
ptd-server 2022-08-02 12:44:43,932 [INFO] Got command from the client 'session,2022-08-02_12-34-00,stop,ranging'
ptd-server 2022-08-02 12:44:53,939 [INFO] Sending to ptd: 'Stop'
ptd-server 2022-08-02 12:44:53,940 [INFO] Reply from ptd: 'Stopping untimed measurement'
ptd-server 2022-08-02 12:44:55,548 [INFO] Sending reply to client 'OK'
ptd-server 2022-08-02 12:44:55,602 [INFO] Got command from the client 'time'
ptd-server 2022-08-02 12:44:55,603 [INFO] Sending reply to client '1659440695.6030982'
ptd-server 2022-08-02 12:44:55,604 [INFO] Got command from the client 'session,2022-08-02_12-34-00,start,testing'
ptd-server 2022-08-02 12:44:55,604 [INFO] Sending to ptd: 'SR,V,250.330000'
ptd-server 2022-08-02 12:44:57,105 [INFO] Reply from ptd: 'Range V changed'
ptd-server 2022-08-02 12:44:57,106 [INFO] Sending to ptd: 'SR,A,0.246360'
ptd-server 2022-08-02 12:44:58,607 [INFO] Reply from ptd: 'Range A changed'
ptd-server 2022-08-02 12:45:08,617 [INFO] Starting testing mode
ptd-server 2022-08-02 12:45:08,617 [INFO] Sending to ptd: 'Go,1000,0,2022-08-02_12-34-00_testing'
ptd-server 2022-08-02 12:45:08,618 [INFO] Reply from ptd: 'Starting untimed measurement, maximum 500000 samples at 1000ms with 0 rampup samples'
ptd-server 2022-08-02 12:45:08,618 [INFO] Sending reply to client 'OK'
ptd-server 2022-08-02 12:55:24,021 [INFO] Got command from the client 'session,2022-08-02_12-34-00,stop,testing'
ptd-server 2022-08-02 12:55:34,027 [INFO] Sending to ptd: 'Stop'
ptd-server 2022-08-02 12:55:34,028 [INFO] Reply from ptd: 'Stopping untimed measurement'
ptd-server 2022-08-02 12:55:34,823 [INFO] Sending reply to client 'OK'
ptd-server 2022-08-02 12:55:34,838 [INFO] Got command from the client 'session,2022-08-02_12-34-00,done'
ptd-server 2022-08-02 12:55:34,838 [INFO] Sending to ptd: 'Stop'
ptd-server 2022-08-02 12:55:34,838 [INFO] Reply from ptd: 'Error: no measurement to stop'
ptd-server 2022-08-02 12:55:34,838 [INFO] Sending to ptd: 'SR,V,Auto'
ptd-server 2022-08-02 12:55:35,341 [INFO] Reply from ptd: 'Range V changed'
ptd-server 2022-08-02 12:55:35,341 [INFO] Sending to ptd: 'SR,A,0.500000'
ptd-server 2022-08-02 12:55:36,842 [INFO] Reply from ptd: 'Range A changed'
ptd-server 2022-08-02 12:55:36,843 [INFO] Set initial values for Amps 0.500000 and Volts Auto
ptd-server 2022-08-02 12:55:36,843 [INFO] Stopping ptd...
