ptd-server 2022-07-23 09:12:03,050 [INFO] Got command from the client 'time'
ptd-server 2022-07-23 09:12:03,050 [INFO] Sending reply to client '1658563923.0508773'
ptd-server 2022-07-23 09:12:03,052 [INFO] Got command from the client 'new,,4618c26d-d884-43e5-84d1-ef97592008d8'
ptd-server 2022-07-23 09:12:03,052 [INFO] Sending reply to client 'OK 2022-07-23_09-12-03,08be31e7-d6a3-41b3-8fd7-90033d138263'
ptd-server 2022-07-23 09:12:03,082 [INFO] Got command from the client 'time'
ptd-server 2022-07-23 09:12:03,082 [INFO] Sending reply to client '1658563923.0827255'
ptd-server 2022-07-23 09:12:03,083 [INFO] Got command from the client 'session,2022-07-23_09-12-03,start,ranging'
ptd-server 2022-07-23 09:12:03,084 [INFO] Running PTDaemon: ['/home/anton/projects/mlperf/power/inference_v1.0/ptd-linux-x86', '-l', '/tmp/tmp7lgbo8s4/ptd_logfile.txt', '-p', '8888', '49', '/dev/usbtmc0']
ptd-server 2022-07-23 09:12:20,258 [INFO] Sending to ptd: 'Hello'
ptd-server 2022-07-23 09:12:20,259 [INFO] Reply from ptd: 'Hello, PTDaemon here!'
ptd-server 2022-07-23 09:12:20,259 [INFO] Sending to ptd: 'Identify'
ptd-server 2022-07-23 09:12:20,260 [INFO] Reply from ptd: 'YokogawaWT310E,1000,1,1,1,1,0,1,1,version=1.9.2-e8c7a49a-20201208,OS=Linux 5.13.0-52-generic #59~20.04.1-Ubuntu SMP Thu Jun 16 21:21:28 UTC 2022 x86_64,mode=power,1,1,1,0,0,no_cal_date,YOKOGAWA;WT310E;C3XA04010E;F1.04'
ptd-server 2022-07-23 09:12:20,260 [INFO] Connected to PTDaemon
ptd-server 2022-07-23 09:12:20,260 [INFO] Sending to ptd: 'RR'
ptd-server 2022-07-23 09:12:20,260 [INFO] Reply from ptd: 'Ranges,0,0.500000,1,300.000000'
ptd-server 2022-07-23 09:12:20,260 [INFO] Initial range for Amps is 0.500000 for Volts is Auto
ptd-server 2022-07-23 09:12:20,260 [INFO] Sending to ptd: 'SR,V,Auto'
ptd-server 2022-07-23 09:12:20,763 [INFO] Reply from ptd: 'Range V changed'
ptd-server 2022-07-23 09:12:20,763 [INFO] Sending to ptd: 'SR,A,Auto'
ptd-server 2022-07-23 09:12:21,266 [INFO] Reply from ptd: 'Range A changed'
ptd-server 2022-07-23 09:12:31,276 [INFO] Starting ranging mode
ptd-server 2022-07-23 09:12:31,276 [INFO] Sending to ptd: 'Go,1000,0,2022-07-23_09-12-03_ranging'
ptd-server 2022-07-23 09:12:31,276 [INFO] Reply from ptd: 'Starting untimed measurement, maximum 500000 samples at 1000ms with 0 rampup samples'
ptd-server 2022-07-23 09:12:31,277 [INFO] Sending reply to client 'OK'
ptd-server 2022-07-23 09:22:47,682 [INFO] Got command from the client 'session,2022-07-23_09-12-03,stop,ranging'
ptd-server 2022-07-23 09:22:57,692 [INFO] Sending to ptd: 'Stop'
ptd-server 2022-07-23 09:22:57,693 [INFO] Reply from ptd: 'Stopping untimed measurement'
ptd-server 2022-07-23 09:22:58,242 [INFO] Sending reply to client 'OK'
ptd-server 2022-07-23 09:22:58,298 [INFO] Got command from the client 'time'
ptd-server 2022-07-23 09:22:58,298 [INFO] Sending reply to client '1658564578.298291'
ptd-server 2022-07-23 09:22:58,299 [INFO] Got command from the client 'session,2022-07-23_09-12-03,start,testing'
ptd-server 2022-07-23 09:22:58,299 [INFO] Sending to ptd: 'SR,V,251.050000'
ptd-server 2022-07-23 09:22:59,800 [INFO] Reply from ptd: 'Range V changed'
ptd-server 2022-07-23 09:22:59,800 [INFO] Sending to ptd: 'SR,A,0.051110'
ptd-server 2022-07-23 09:23:01,302 [INFO] Reply from ptd: 'Range A changed'
ptd-server 2022-07-23 09:23:11,303 [INFO] Starting testing mode
ptd-server 2022-07-23 09:23:11,303 [INFO] Sending to ptd: 'Go,1000,0,2022-07-23_09-12-03_testing'
ptd-server 2022-07-23 09:23:11,304 [INFO] Reply from ptd: 'Starting untimed measurement, maximum 500000 samples at 1000ms with 0 rampup samples'
ptd-server 2022-07-23 09:23:11,304 [INFO] Sending reply to client 'OK'
ptd-server 2022-07-23 09:33:27,668 [INFO] Got command from the client 'session,2022-07-23_09-12-03,stop,testing'
ptd-server 2022-07-23 09:33:37,679 [INFO] Sending to ptd: 'Stop'
ptd-server 2022-07-23 09:33:37,679 [INFO] Reply from ptd: 'Stopping untimed measurement'
ptd-server 2022-07-23 09:33:37,961 [INFO] Sending reply to client 'OK'
ptd-server 2022-07-23 09:33:37,969 [INFO] Got command from the client 'session,2022-07-23_09-12-03,done'
ptd-server 2022-07-23 09:33:37,969 [INFO] Sending to ptd: 'Stop'
ptd-server 2022-07-23 09:33:38,304 [INFO] Reply from ptd: 'Error: no measurement to stop'
ptd-server 2022-07-23 09:33:38,305 [INFO] Sending to ptd: 'SR,V,Auto'
ptd-server 2022-07-23 09:33:38,807 [INFO] Reply from ptd: 'Range V changed'
ptd-server 2022-07-23 09:33:38,807 [INFO] Sending to ptd: 'SR,A,0.500000'
ptd-server 2022-07-23 09:33:40,309 [INFO] Reply from ptd: 'Range A changed'
ptd-server 2022-07-23 09:33:40,309 [INFO] Set initial values for Amps 0.500000 and Volts Auto
ptd-server 2022-07-23 09:33:40,309 [INFO] Stopping ptd...
