client 2022-08-02 09:11:31,658 [INFO] Sending command to the server: 'mlcommons/power client v3'
client 2022-08-02 09:11:31,659 [INFO] Got response: 'mlcommons/power server v3'
client 2022-08-02 09:11:31,659 [INFO] Synchronizing with the server and with ntp1.css.fujitsu.com...
client 2022-08-02 09:11:31,680 [INFO] NTP:offset = 0.000 s, delay = 0.015 s 
client 2022-08-02 09:11:31,680 [INFO] Sending command to the server: 'time'
client 2022-08-02 09:11:31,682 [INFO] Got response: '1659431491.7438323'
client 2022-08-02 09:11:31,683 [INFO] The time difference between the client and the server is within range -63.022 ms..-60.665 ms
client 2022-08-02 09:11:31,683 [INFO] Sending command to the server: 'new,,30fd7eda-ee4f-4d89-90ce-57292ca685cf'
client 2022-08-02 09:11:31,687 [INFO] Got response: 'OK 2022-08-02_18-11-31,dfa2cf10-9e3c-4b82-9deb-f42180d54c7c'
client 2022-08-02 09:11:31,687 [INFO] Session id is '2022-08-02_18-11-31'
client 2022-08-02 09:11:31,688 [INFO] Sources: {"sources": {"__init__.py": "da39a3ee5e6b4b0d3255bfef95601890afd80709", "client.py": "33ca4f26368777ac06e01f9567b714a4b8063886", "lib/__init__.py": "da39a3ee5e6b4b0d3255bfef95601890afd80709", "lib/client.py": "4c2b78fb4849a7e5b584ef792d82aaed20b17f57", "lib/common.py": "624d0c0acc7c39aaff3674f0b99d6a09da53d1dc", "lib/external/__init__.py": "da39a3ee5e6b4b0d3255bfef95601890afd80709", "lib/external/ntplib.py": "4da8f970656505a40483206ef2b5d3dd5e81711d", "lib/server.py": "59c9fb92908260d3e9f81a895c7aa009742275e4", "lib/source_hashes.py": "60a2e02193209e8d392803326208d5466342da18", "lib/summary.py": "aa92f0a3f975eecd44d3c0cd0236342ccc9f941d", "lib/time_sync.py": "3210db56eb0ff0df57bf4293dc4d4b03fffd46f1", "server.py": "c3f90f2f7eeb4db30727556d0c815ebc89b3d28b", "tests/unit/__init__.py": "da39a3ee5e6b4b0d3255bfef95601890afd80709", "tests/unit/test_server.py": "99ae15aef722f2000ee6ed1ae1523637bf1ae42b", "tests/unit/test_source_hashes.py": "00468a2907583c593e6574a1f6b404e4651c221a"}, "modules": {"ptd_client_server.lib.client": "lib/client.py", "ptd_client_server.lib.common": "lib/common.py", "ptd_client_server.lib.external.ntplib": "lib/external/ntplib.py", "ptd_client_server.lib.source_hashes": "lib/source_hashes.py", "ptd_client_server.lib.summary": "lib/summary.py", "ptd_client_server.lib.time_sync": "lib/time_sync.py"}}
client 2022-08-02 09:11:31,688 [INFO] Running workload in ranging mode
client 2022-08-02 09:11:31,688 [INFO] Synchronizing with the server and with ntp1.css.fujitsu.com...
client 2022-08-02 09:11:31,706 [INFO] NTP:offset = -0.000 s, delay = 0.015 s 
client 2022-08-02 09:11:31,706 [INFO] Sending command to the server: 'time'
client 2022-08-02 09:11:31,710 [INFO] Got response: '1659431491.7750719'
client 2022-08-02 09:11:31,710 [INFO] The time difference between the client and the server is within range -68.762 ms..-64.732 ms
client 2022-08-02 09:11:31,710 [INFO] Sending command to the server: 'session,2022-08-02_18-11-31,start,ranging'
client 2022-08-02 09:12:01,623 [INFO] Got response: 'OK'
client 2022-08-02 09:12:01,623 [INFO] Running the workload 'LOG_DIR=/work/build/power_logs_temp python3 -m code.main_v2 --benchmarks=bert --scenarios=Offline --test_mode=PerformanceOnly --accuracy_target=0.999 --power_setting=MaxQ --action="run_harness" \\\n\t\t2>&1 | tee -a /work/build/power_logs/2022.08.02-09.10.57/stdout.txt \\\n\t\t&& if [ ! -d /work/build/power_logs/2022.08.02-09.10.57/ranging_tmp ]; \\\n\t\t\tthen mkdir /work/build/power_logs/2022.08.02-09.10.57/ranging_tmp \\\n\t\t\t\t&& mv /work/build/power_logs_temp/* /work/build/power_logs/2022.08.02-09.10.57/ranging_tmp/ \\\n\t\t\t\t&& cp -v /work/build/power_logs/2022.08.02-09.10.57/ranging_tmp/*/*/*/mlperf_log_detail.txt /work/build/power_logs_temp/ \\\n\t\t\t\t&& cp -v /work/build/power_logs/2022.08.02-09.10.57/ranging_tmp/*/*/*/mlperf_log_summary.txt /work/build/power_logs_temp/; \\\n\t\t\telse mkdir /work/build/power_logs/2022.08.02-09.10.57/testing_tmp \\\n\t\t\t\t&& mv /work/build/power_logs_temp/* /work/build/power_logs/2022.08.02-09.10.57/testing_tmp/ \\\n\t\t\t\t&& cp -v /work/build/power_logs/2022.08.02-09.10.57/testing_tmp/*/*/*/mlperf_log_detail.txt /work/build/power_logs_temp/ \\\n\t\t\t\t&& cp -v /work/build/power_logs/2022.08.02-09.10.57/testing_tmp/*/*/*/mlperf_log_summary.txt /work/build/power_logs_temp/; fi'
client 2022-08-02 09:23:40,610 [INFO] Sending command to the server: 'session,2022-08-02_18-11-31,stop,ranging'
client 2022-08-02 09:23:51,540 [INFO] Got response: 'OK'
client 2022-08-02 09:23:51,551 [INFO] Copying loadgen logs from '/work/build/power_logs_temp' to '/work/build/power_logs/2022.08.02-09.10.57/2022-08-02_18-11-31/ranging'
client 2022-08-02 09:23:51,552 [INFO] Running workload in testing mode
client 2022-08-02 09:23:51,552 [INFO] Synchronizing with the server and with ntp1.css.fujitsu.com...
client 2022-08-02 09:23:51,571 [INFO] NTP:offset = 0.000 s, delay = 0.015 s 
client 2022-08-02 09:23:51,571 [INFO] Sending command to the server: 'time'
client 2022-08-02 09:23:51,573 [INFO] Got response: '1659432231.6286948'
client 2022-08-02 09:23:51,573 [INFO] The time difference between the client and the server is within range -56.944 ms..-55.273 ms
client 2022-08-02 09:23:51,573 [INFO] Sending command to the server: 'session,2022-08-02_18-11-31,start,testing'
client 2022-08-02 09:24:04,655 [INFO] Got response: 'OK'
client 2022-08-02 09:24:04,655 [INFO] Running the workload 'LOG_DIR=/work/build/power_logs_temp python3 -m code.main_v2 --benchmarks=bert --scenarios=Offline --test_mode=PerformanceOnly --accuracy_target=0.999 --power_setting=MaxQ --action="run_harness" \\\n\t\t2>&1 | tee -a /work/build/power_logs/2022.08.02-09.10.57/stdout.txt \\\n\t\t&& if [ ! -d /work/build/power_logs/2022.08.02-09.10.57/ranging_tmp ]; \\\n\t\t\tthen mkdir /work/build/power_logs/2022.08.02-09.10.57/ranging_tmp \\\n\t\t\t\t&& mv /work/build/power_logs_temp/* /work/build/power_logs/2022.08.02-09.10.57/ranging_tmp/ \\\n\t\t\t\t&& cp -v /work/build/power_logs/2022.08.02-09.10.57/ranging_tmp/*/*/*/mlperf_log_detail.txt /work/build/power_logs_temp/ \\\n\t\t\t\t&& cp -v /work/build/power_logs/2022.08.02-09.10.57/ranging_tmp/*/*/*/mlperf_log_summary.txt /work/build/power_logs_temp/; \\\n\t\t\telse mkdir /work/build/power_logs/2022.08.02-09.10.57/testing_tmp \\\n\t\t\t\t&& mv /work/build/power_logs_temp/* /work/build/power_logs/2022.08.02-09.10.57/testing_tmp/ \\\n\t\t\t\t&& cp -v /work/build/power_logs/2022.08.02-09.10.57/testing_tmp/*/*/*/mlperf_log_detail.txt /work/build/power_logs_temp/ \\\n\t\t\t\t&& cp -v /work/build/power_logs/2022.08.02-09.10.57/testing_tmp/*/*/*/mlperf_log_summary.txt /work/build/power_logs_temp/; fi'
client 2022-08-02 09:35:42,500 [INFO] Sending command to the server: 'session,2022-08-02_18-11-31,stop,testing'
client 2022-08-02 09:35:52,646 [INFO] Got response: 'OK'
client 2022-08-02 09:35:52,648 [INFO] Copying loadgen logs from '/work/build/power_logs_temp' to '/work/build/power_logs/2022.08.02-09.10.57/2022-08-02_18-11-31/run_1'
client 2022-08-02 09:35:52,649 [INFO] Done runs
