ptd-server 2022-08-02 18:11:31,743 [INFO] Got command from the client 'time'
ptd-server 2022-08-02 18:11:31,743 [INFO] Sending reply to client '1659431491.7438323'
ptd-server 2022-08-02 18:11:31,743 [INFO] Got command from the client 'new,,30fd7eda-ee4f-4d89-90ce-57292ca685cf'
ptd-server 2022-08-02 18:11:31,743 [INFO] Sending reply to client 'OK 2022-08-02_18-11-31,dfa2cf10-9e3c-4b82-9deb-f42180d54c7c'
ptd-server 2022-08-02 18:11:31,775 [INFO] Got command from the client 'time'
ptd-server 2022-08-02 18:11:31,775 [INFO] Sending reply to client '1659431491.7750719'
ptd-server 2022-08-02 18:11:31,775 [INFO] Got command from the client 'session,2022-08-02_18-11-31,start,ranging'
ptd-server 2022-08-02 18:11:31,884 [INFO] Running PTDaemon: ['C:\\mlperf\\power\\inference_v1.0\\ptd-windows-x86.exe', '-l', 'C:\\Users\\mlperf\\AppData\\Local\\Temp\\tmpwbdjfnoe\\ptd_logfile.txt', '-p', '8888', '-y', '49', 'C3YB05015E']
ptd-server 2022-08-02 18:11:50,640 [INFO] Sending to ptd: 'Hello'
ptd-server 2022-08-02 18:11:50,640 [INFO] Reply from ptd: 'Hello, PTDaemon here!'
ptd-server 2022-08-02 18:11:50,640 [INFO] Sending to ptd: 'Identify'
ptd-server 2022-08-02 18:11:50,640 [INFO] Reply from ptd: 'YokogawaWT310E,1000,1,1,1,1,0,1,1,version=1.9.2-3976349f-20201208,OS=Windows 8 / Server 2012,mode=power,1,1,1,0,0,no_cal_date,YOKOGAWA;WT310E;C3YB05015E;F1.04'
ptd-server 2022-08-02 18:11:50,640 [INFO] Connected to PTDaemon
ptd-server 2022-08-02 18:11:50,640 [INFO] Sending to ptd: 'RR'
ptd-server 2022-08-02 18:11:50,640 [INFO] Reply from ptd: 'Ranges,1,20.000000,1,300.000000'
ptd-server 2022-08-02 18:11:50,640 [INFO] Initial range for Amps is Auto for Volts is Auto
ptd-server 2022-08-02 18:11:50,640 [INFO] Sending to ptd: 'SR,V,Auto'
ptd-server 2022-08-02 18:11:51,156 [INFO] Reply from ptd: 'Range V changed'
ptd-server 2022-08-02 18:11:51,156 [INFO] Sending to ptd: 'SR,A,Auto'
ptd-server 2022-08-02 18:11:51,671 [INFO] Reply from ptd: 'Range A changed'
ptd-server 2022-08-02 18:12:01,687 [INFO] Starting ranging mode
ptd-server 2022-08-02 18:12:01,687 [INFO] Sending to ptd: 'Go,1000,0,2022-08-02_18-11-31_ranging'
ptd-server 2022-08-02 18:12:01,687 [INFO] Reply from ptd: 'Starting untimed measurement, maximum 500000 samples at 1000ms with 0 rampup samples'
ptd-server 2022-08-02 18:12:01,687 [INFO] Sending reply to client 'OK'
ptd-server 2022-08-02 18:23:40,675 [INFO] Got command from the client 'session,2022-08-02_18-11-31,stop,ranging'
ptd-server 2022-08-02 18:23:50,691 [INFO] Sending to ptd: 'Stop'
ptd-server 2022-08-02 18:23:50,691 [INFO] Reply from ptd: 'Stopping untimed measurement'
ptd-server 2022-08-02 18:23:51,597 [INFO] Sending reply to client 'OK'
ptd-server 2022-08-02 18:23:51,628 [INFO] Got command from the client 'time'
ptd-server 2022-08-02 18:23:51,628 [INFO] Sending reply to client '1659432231.6286948'
ptd-server 2022-08-02 18:23:51,644 [INFO] Got command from the client 'session,2022-08-02_18-11-31,start,testing'
ptd-server 2022-08-02 18:23:51,644 [INFO] Sending to ptd: 'SR,V,203.170000'
ptd-server 2022-08-02 18:23:53,175 [INFO] Reply from ptd: 'Range V changed'
ptd-server 2022-08-02 18:23:53,175 [INFO] Sending to ptd: 'SR,A,17.297000'
ptd-server 2022-08-02 18:23:54,706 [INFO] Reply from ptd: 'Range A changed'
ptd-server 2022-08-02 18:24:04,722 [INFO] Starting testing mode
ptd-server 2022-08-02 18:24:04,722 [INFO] Sending to ptd: 'Go,1000,0,2022-08-02_18-11-31_testing'
ptd-server 2022-08-02 18:24:04,722 [INFO] Reply from ptd: 'Starting untimed measurement, maximum 500000 samples at 1000ms with 0 rampup samples'
ptd-server 2022-08-02 18:24:04,722 [INFO] Sending reply to client 'OK'
ptd-server 2022-08-02 18:35:42,567 [INFO] Got command from the client 'session,2022-08-02_18-11-31,stop,testing'
ptd-server 2022-08-02 18:35:52,583 [INFO] Sending to ptd: 'Stop'
ptd-server 2022-08-02 18:35:52,583 [INFO] Reply from ptd: 'Stopping untimed measurement'
ptd-server 2022-08-02 18:35:52,708 [INFO] Sending reply to client 'OK'
ptd-server 2022-08-02 18:35:52,723 [INFO] Got command from the client 'session,2022-08-02_18-11-31,done'
ptd-server 2022-08-02 18:35:52,723 [INFO] Sending to ptd: 'Stop'
ptd-server 2022-08-02 18:35:52,739 [INFO] Reply from ptd: 'Error: no measurement to stop'
ptd-server 2022-08-02 18:35:52,754 [INFO] Sending to ptd: 'SR,V,Auto'
ptd-server 2022-08-02 18:35:53,270 [INFO] Reply from ptd: 'Range V changed'
ptd-server 2022-08-02 18:35:53,270 [INFO] Sending to ptd: 'SR,A,Auto'
ptd-server 2022-08-02 18:35:53,786 [INFO] Reply from ptd: 'Range A changed'
ptd-server 2022-08-02 18:35:53,786 [INFO] Set initial values for Amps Auto and Volts Auto
ptd-server 2022-08-02 18:35:53,786 [INFO] Stopping ptd...
