ptd-server 2022-07-26 05:14:02,886 [INFO] Got command from the client 'time'
ptd-server 2022-07-26 05:14:02,886 [INFO] Sending reply to client '1658808842.8866992'
ptd-server 2022-07-26 05:14:02,887 [INFO] Got command from the client 'new,,1324e0be-55c5-4ffc-9a33-b2af902ad483'
ptd-server 2022-07-26 05:14:02,888 [INFO] Sending reply to client 'OK 2022-07-26_05-14-02,116f9525-b0f8-4448-b116-79595a91c7a9'
ptd-server 2022-07-26 05:14:02,916 [INFO] Got command from the client 'time'
ptd-server 2022-07-26 05:14:02,916 [INFO] Sending reply to client '1658808842.9165745'
ptd-server 2022-07-26 05:14:02,917 [INFO] Got command from the client 'session,2022-07-26_05-14-02,start,ranging'
ptd-server 2022-07-26 05:14:02,918 [INFO] Running PTDaemon: ['/home/anton/projects/mlperf/power/inference_v1.0/ptd-linux-x86', '-l', '/tmp/tmp7lgbo8s4/ptd_logfile.txt', '-p', '8888', '49', '/dev/usbtmc0']
ptd-server 2022-07-26 05:14:20,092 [INFO] Sending to ptd: 'Hello'
ptd-server 2022-07-26 05:14:20,093 [INFO] Reply from ptd: 'Hello, PTDaemon here!'
ptd-server 2022-07-26 05:14:20,093 [INFO] Sending to ptd: 'Identify'
ptd-server 2022-07-26 05:14:20,094 [INFO] Reply from ptd: 'YokogawaWT310E,1000,1,1,1,1,0,1,1,version=1.9.2-e8c7a49a-20201208,OS=Linux 5.13.0-52-generic #59~20.04.1-Ubuntu SMP Thu Jun 16 21:21:28 UTC 2022 x86_64,mode=power,1,1,1,0,0,no_cal_date,YOKOGAWA;WT310E;C3XA04010E;F1.04'
ptd-server 2022-07-26 05:14:20,094 [INFO] Connected to PTDaemon
ptd-server 2022-07-26 05:14:20,094 [INFO] Sending to ptd: 'RR'
ptd-server 2022-07-26 05:14:20,094 [INFO] Reply from ptd: 'Ranges,0,0.500000,1,300.000000'
ptd-server 2022-07-26 05:14:20,094 [INFO] Initial range for Amps is 0.500000 for Volts is Auto
ptd-server 2022-07-26 05:14:20,095 [INFO] Sending to ptd: 'SR,V,Auto'
ptd-server 2022-07-26 05:14:20,597 [INFO] Reply from ptd: 'Range V changed'
ptd-server 2022-07-26 05:14:20,597 [INFO] Sending to ptd: 'SR,A,Auto'
ptd-server 2022-07-26 05:14:21,100 [INFO] Reply from ptd: 'Range A changed'
ptd-server 2022-07-26 05:14:31,110 [INFO] Starting ranging mode
ptd-server 2022-07-26 05:14:31,110 [INFO] Sending to ptd: 'Go,1000,0,2022-07-26_05-14-02_ranging'
ptd-server 2022-07-26 05:14:31,110 [INFO] Reply from ptd: 'Starting untimed measurement, maximum 500000 samples at 1000ms with 0 rampup samples'
ptd-server 2022-07-26 05:14:31,111 [INFO] Sending reply to client 'OK'
ptd-server 2022-07-26 05:24:50,786 [INFO] Got command from the client 'session,2022-07-26_05-14-02,stop,ranging'
ptd-server 2022-07-26 05:25:00,797 [INFO] Sending to ptd: 'Stop'
ptd-server 2022-07-26 05:25:00,797 [INFO] Reply from ptd: 'Stopping untimed measurement'
ptd-server 2022-07-26 05:25:01,635 [INFO] Sending reply to client 'OK'
ptd-server 2022-07-26 05:25:01,693 [INFO] Got command from the client 'time'
ptd-server 2022-07-26 05:25:01,693 [INFO] Sending reply to client '1658809501.6931734'
ptd-server 2022-07-26 05:25:01,694 [INFO] Got command from the client 'session,2022-07-26_05-14-02,start,testing'
ptd-server 2022-07-26 05:25:01,694 [INFO] Sending to ptd: 'SR,V,250.730000'
ptd-server 2022-07-26 05:25:03,196 [INFO] Reply from ptd: 'Range V changed'
ptd-server 2022-07-26 05:25:03,196 [INFO] Sending to ptd: 'SR,A,0.052410'
ptd-server 2022-07-26 05:25:04,697 [INFO] Reply from ptd: 'Range A changed'
ptd-server 2022-07-26 05:25:14,707 [INFO] Starting testing mode
ptd-server 2022-07-26 05:25:14,708 [INFO] Sending to ptd: 'Go,1000,0,2022-07-26_05-14-02_testing'
ptd-server 2022-07-26 05:25:14,708 [INFO] Reply from ptd: 'Starting untimed measurement, maximum 500000 samples at 1000ms with 0 rampup samples'
ptd-server 2022-07-26 05:25:14,708 [INFO] Sending reply to client 'OK'
ptd-server 2022-07-26 05:35:34,449 [INFO] Got command from the client 'session,2022-07-26_05-14-02,stop,testing'
ptd-server 2022-07-26 05:35:44,460 [INFO] Sending to ptd: 'Stop'
ptd-server 2022-07-26 05:35:44,460 [INFO] Reply from ptd: 'Stopping untimed measurement'
ptd-server 2022-07-26 05:35:44,896 [INFO] Sending reply to client 'OK'
ptd-server 2022-07-26 05:35:44,904 [INFO] Got command from the client 'session,2022-07-26_05-14-02,done'
ptd-server 2022-07-26 05:35:44,904 [INFO] Sending to ptd: 'Stop'
ptd-server 2022-07-26 05:35:44,904 [INFO] Reply from ptd: 'Error: no measurement to stop'
ptd-server 2022-07-26 05:35:44,904 [INFO] Sending to ptd: 'SR,V,Auto'
ptd-server 2022-07-26 05:35:45,407 [INFO] Reply from ptd: 'Range V changed'
ptd-server 2022-07-26 05:35:45,407 [INFO] Sending to ptd: 'SR,A,0.500000'
ptd-server 2022-07-26 05:35:46,908 [INFO] Reply from ptd: 'Range A changed'
ptd-server 2022-07-26 05:35:46,909 [INFO] Set initial values for Amps 0.500000 and Volts Auto
ptd-server 2022-07-26 05:35:46,909 [INFO] Stopping ptd...
