ptd-server 2022-07-20 01:57:30,594 [INFO] Got command from the client 'time'
ptd-server 2022-07-20 01:57:30,594 [INFO] Sending reply to client '1658278650.594511'
ptd-server 2022-07-20 01:57:30,598 [INFO] Got command from the client 'new,,c726a173-11cf-4966-87f3-97fc68cb9a0c'
ptd-server 2022-07-20 01:57:30,599 [INFO] Sending reply to client 'OK 2022-07-20_01-57-30,56e6a574-f56e-4399-9e35-aee534705938'
ptd-server 2022-07-20 01:57:30,634 [INFO] Got command from the client 'time'
ptd-server 2022-07-20 01:57:30,634 [INFO] Sending reply to client '1658278650.6346116'
ptd-server 2022-07-20 01:57:30,638 [INFO] Got command from the client 'session,2022-07-20_01-57-30,start,ranging'
ptd-server 2022-07-20 01:57:30,638 [INFO] Running PTDaemon: ['/home/anton/projects/mlperf/power/inference_v1.0/ptd-linux-x86', '-l', '/tmp/tmp7lgbo8s4/ptd_logfile.txt', '-p', '8888', '49', '/dev/usbtmc0']
ptd-server 2022-07-20 01:57:47,812 [INFO] Sending to ptd: 'Hello'
ptd-server 2022-07-20 01:57:47,813 [INFO] Reply from ptd: 'Hello, PTDaemon here!'
ptd-server 2022-07-20 01:57:47,813 [INFO] Sending to ptd: 'Identify'
ptd-server 2022-07-20 01:57:47,813 [INFO] Reply from ptd: 'YokogawaWT310E,1000,1,1,1,1,0,1,1,version=1.9.2-e8c7a49a-20201208,OS=Linux 5.13.0-52-generic #59~20.04.1-Ubuntu SMP Thu Jun 16 21:21:28 UTC 2022 x86_64,mode=power,1,1,1,0,0,no_cal_date,YOKOGAWA;WT310E;C3XA04010E;F1.04'
ptd-server 2022-07-20 01:57:47,814 [INFO] Connected to PTDaemon
ptd-server 2022-07-20 01:57:47,814 [INFO] Sending to ptd: 'RR'
ptd-server 2022-07-20 01:57:47,814 [INFO] Reply from ptd: 'Ranges,0,0.500000,1,300.000000'
ptd-server 2022-07-20 01:57:47,814 [INFO] Initial range for Amps is 0.500000 for Volts is Auto
ptd-server 2022-07-20 01:57:47,814 [INFO] Sending to ptd: 'SR,V,Auto'
ptd-server 2022-07-20 01:57:48,317 [INFO] Reply from ptd: 'Range V changed'
ptd-server 2022-07-20 01:57:48,317 [INFO] Sending to ptd: 'SR,A,Auto'
ptd-server 2022-07-20 01:57:48,819 [INFO] Reply from ptd: 'Range A changed'
ptd-server 2022-07-20 01:57:58,822 [INFO] Starting ranging mode
ptd-server 2022-07-20 01:57:58,822 [INFO] Sending to ptd: 'Go,1000,0,2022-07-20_01-57-30_ranging'
ptd-server 2022-07-20 01:57:58,823 [INFO] Reply from ptd: 'Starting untimed measurement, maximum 500000 samples at 1000ms with 0 rampup samples'
ptd-server 2022-07-20 01:57:58,823 [INFO] Sending reply to client 'OK'
ptd-server 2022-07-20 02:08:17,757 [INFO] Got command from the client 'session,2022-07-20_01-57-30,stop,ranging'
ptd-server 2022-07-20 02:08:27,767 [INFO] Sending to ptd: 'Stop'
ptd-server 2022-07-20 02:08:27,768 [INFO] Reply from ptd: 'Stopping untimed measurement'
ptd-server 2022-07-20 02:08:27,930 [INFO] Sending reply to client 'OK'
ptd-server 2022-07-20 02:08:28,141 [INFO] Got command from the client 'time'
ptd-server 2022-07-20 02:08:28,141 [INFO] Sending reply to client '1658279308.141431'
ptd-server 2022-07-20 02:08:28,144 [INFO] Got command from the client 'session,2022-07-20_01-57-30,start,testing'
ptd-server 2022-07-20 02:08:28,144 [INFO] Sending to ptd: 'SR,V,250.960000'
ptd-server 2022-07-20 02:08:29,646 [INFO] Reply from ptd: 'Range V changed'
ptd-server 2022-07-20 02:08:29,646 [INFO] Sending to ptd: 'SR,A,0.076600'
ptd-server 2022-07-20 02:08:31,147 [INFO] Reply from ptd: 'Range A changed'
ptd-server 2022-07-20 02:08:41,156 [INFO] Starting testing mode
ptd-server 2022-07-20 02:08:41,156 [INFO] Sending to ptd: 'Go,1000,0,2022-07-20_01-57-30_testing'
ptd-server 2022-07-20 02:08:41,157 [INFO] Reply from ptd: 'Starting untimed measurement, maximum 500000 samples at 1000ms with 0 rampup samples'
ptd-server 2022-07-20 02:08:41,157 [INFO] Sending reply to client 'OK'
ptd-server 2022-07-20 02:19:00,249 [INFO] Got command from the client 'session,2022-07-20_01-57-30,stop,testing'
ptd-server 2022-07-20 02:19:10,259 [INFO] Sending to ptd: 'Stop'
ptd-server 2022-07-20 02:19:10,260 [INFO] Reply from ptd: 'Stopping untimed measurement'
ptd-server 2022-07-20 02:19:10,349 [INFO] Sending reply to client 'OK'
ptd-server 2022-07-20 02:19:10,431 [INFO] Got command from the client 'session,2022-07-20_01-57-30,done'
ptd-server 2022-07-20 02:19:10,431 [INFO] Sending to ptd: 'Stop'
ptd-server 2022-07-20 02:19:11,158 [INFO] Reply from ptd: 'Error: no measurement to stop'
ptd-server 2022-07-20 02:19:11,158 [INFO] Sending to ptd: 'SR,V,Auto'
ptd-server 2022-07-20 02:19:11,660 [INFO] Reply from ptd: 'Range V changed'
ptd-server 2022-07-20 02:19:11,661 [INFO] Sending to ptd: 'SR,A,0.500000'
ptd-server 2022-07-20 02:19:13,162 [INFO] Reply from ptd: 'Range A changed'
ptd-server 2022-07-20 02:19:13,162 [INFO] Set initial values for Amps 0.500000 and Volts Auto
ptd-server 2022-07-20 02:19:13,162 [INFO] Stopping ptd...
