ptd-server 2022-08-04 10:44:45,969 [INFO] Got command from the client 'time'
ptd-server 2022-08-04 10:44:45,969 [INFO] Sending reply to client '1659627885.9698188'
ptd-server 2022-08-04 10:44:45,972 [INFO] Got command from the client 'new,,7264e782-ffb4-4eb9-9e59-769a4817a4f2'
ptd-server 2022-08-04 10:44:45,973 [INFO] Sending reply to client 'OK 2022-08-04_10-44-45,cd1b5d8c-f567-4f9a-b6ea-90d0ded8f0e7'
ptd-server 2022-08-04 10:44:46,080 [INFO] Got command from the client 'time'
ptd-server 2022-08-04 10:44:46,081 [INFO] Sending reply to client '1659627886.0810745'
ptd-server 2022-08-04 10:44:46,083 [INFO] Got command from the client 'session,2022-08-04_10-44-45,start,ranging'
ptd-server 2022-08-04 10:44:46,083 [INFO] Running PTDaemon: ['/local/mnt/workspace/mlcommons/power-main/inference_v1.0/ptd-linux-x86', '-l', '/tmp/tmpl8t2s5ku/ptd_logfile.txt', '-p', '8888', '-c', '1', '52', '/dev/usbtmc0']
ptd-server 2022-08-04 10:45:03,206 [INFO] Sending to ptd: 'Hello'
ptd-server 2022-08-04 10:45:03,207 [INFO] Reply from ptd: 'Hello, PTDaemon here!'
ptd-server 2022-08-04 10:45:03,207 [INFO] Sending to ptd: 'Identify'
ptd-server 2022-08-04 10:45:03,207 [INFO] Reply from ptd: 'YokogawaWT330,1000,1,1,1,1,0,0,1,version=1.9.2-e8c7a49a-20201208,OS=Linux 5.4.0-120-generic #136~18.04.1-Ubuntu SMP Fri Jun 10 18:00:44 UTC 2022 x86_64,mode=power,1,1,1,0,0,no_cal_date,YOKOGAWA;WT333;C2QH26002V;F1.06'
ptd-server 2022-08-04 10:45:03,208 [INFO] Connected to PTDaemon
ptd-server 2022-08-04 10:45:03,208 [INFO] Sending to ptd: 'RR'
ptd-server 2022-08-04 10:45:03,208 [INFO] Reply from ptd: 'Ranges,1,0.500000,1,150.000000'
ptd-server 2022-08-04 10:45:03,209 [INFO] Initial range for Amps is Auto for Volts is Auto
ptd-server 2022-08-04 10:45:03,209 [INFO] Sending to ptd: 'SR,V,Auto'
ptd-server 2022-08-04 10:45:03,712 [INFO] Reply from ptd: 'Range V changed'
ptd-server 2022-08-04 10:45:03,712 [INFO] Sending to ptd: 'SR,A,Auto'
ptd-server 2022-08-04 10:45:04,215 [INFO] Reply from ptd: 'Range A changed'
ptd-server 2022-08-04 10:45:14,226 [INFO] Starting ranging mode
ptd-server 2022-08-04 10:45:14,226 [INFO] Sending to ptd: 'Go,1000,0,2022-08-04_10-44-45_ranging'
ptd-server 2022-08-04 10:45:14,226 [INFO] Reply from ptd: 'Starting untimed measurement, maximum 500000 samples at 1000ms with 0 rampup samples'
ptd-server 2022-08-04 10:45:14,227 [INFO] Sending reply to client 'OK'
ptd-server 2022-08-04 10:55:42,847 [INFO] Got command from the client 'session,2022-08-04_10-44-45,stop,ranging'
ptd-server 2022-08-04 10:55:52,858 [INFO] Sending to ptd: 'Stop'
ptd-server 2022-08-04 10:55:52,859 [INFO] Reply from ptd: 'Stopping untimed measurement'
ptd-server 2022-08-04 10:55:52,939 [INFO] Sending reply to client 'OK'
ptd-server 2022-08-04 10:55:53,066 [INFO] Got command from the client 'time'
ptd-server 2022-08-04 10:55:53,066 [INFO] Sending reply to client '1659628553.066769'
ptd-server 2022-08-04 10:55:53,069 [INFO] Got command from the client 'session,2022-08-04_10-44-45,start,testing'
ptd-server 2022-08-04 10:55:53,070 [INFO] Sending to ptd: 'SR,V,119.580000'
ptd-server 2022-08-04 10:55:54,728 [INFO] Reply from ptd: 'Range V changed'
ptd-server 2022-08-04 10:55:54,728 [INFO] Sending to ptd: 'SR,A,0.201860'
ptd-server 2022-08-04 10:55:56,231 [INFO] Reply from ptd: 'Range A changed'
ptd-server 2022-08-04 10:56:06,241 [INFO] Starting testing mode
ptd-server 2022-08-04 10:56:06,242 [INFO] Sending to ptd: 'Go,1000,0,2022-08-04_10-44-45_testing'
ptd-server 2022-08-04 10:56:06,242 [INFO] Reply from ptd: 'Starting untimed measurement, maximum 500000 samples at 1000ms with 0 rampup samples'
ptd-server 2022-08-04 10:56:06,242 [INFO] Sending reply to client 'OK'
ptd-server 2022-08-04 11:06:35,925 [INFO] Got command from the client 'session,2022-08-04_10-44-45,stop,testing'
ptd-server 2022-08-04 11:06:45,936 [INFO] Sending to ptd: 'Stop'
ptd-server 2022-08-04 11:06:45,937 [INFO] Reply from ptd: 'Stopping untimed measurement'
ptd-server 2022-08-04 11:06:45,983 [INFO] Sending reply to client 'OK'
ptd-server 2022-08-04 11:06:46,015 [INFO] Got command from the client 'session,2022-08-04_10-44-45,done'
ptd-server 2022-08-04 11:06:46,015 [INFO] Sending to ptd: 'Stop'
ptd-server 2022-08-04 11:06:46,243 [INFO] Reply from ptd: 'Error: no measurement to stop'
ptd-server 2022-08-04 11:06:46,243 [INFO] Sending to ptd: 'SR,V,Auto'
ptd-server 2022-08-04 11:06:46,746 [INFO] Reply from ptd: 'Range V changed'
ptd-server 2022-08-04 11:06:46,746 [INFO] Sending to ptd: 'SR,A,Auto'
ptd-server 2022-08-04 11:06:47,249 [INFO] Reply from ptd: 'Range A changed'
ptd-server 2022-08-04 11:06:47,250 [INFO] Set initial values for Amps Auto and Volts Auto
ptd-server 2022-08-04 11:06:47,250 [INFO] Stopping ptd...
