ptd-server 2022-07-21 01:00:56,948 [INFO] Got command from the client 'time'
ptd-server 2022-07-21 01:00:56,949 [INFO] Sending reply to client '1658361656.9490445'
ptd-server 2022-07-21 01:00:56,950 [INFO] Got command from the client 'new,,72081af3-2815-4e94-84b3-35c59d0a084a'
ptd-server 2022-07-21 01:00:56,950 [INFO] Sending reply to client 'OK 2022-07-21_01-00-56,74c92797-793b-45ec-881e-b8ecc3a25a93'
ptd-server 2022-07-21 01:00:56,980 [INFO] Got command from the client 'time'
ptd-server 2022-07-21 01:00:56,981 [INFO] Sending reply to client '1658361656.9810958'
ptd-server 2022-07-21 01:00:56,982 [INFO] Got command from the client 'session,2022-07-21_01-00-56,start,ranging'
ptd-server 2022-07-21 01:00:56,982 [INFO] Running PTDaemon: ['/home/anton/projects/mlperf/power/inference_v1.0/ptd-linux-x86', '-l', '/tmp/tmp7lgbo8s4/ptd_logfile.txt', '-p', '8888', '49', '/dev/usbtmc0']
ptd-server 2022-07-21 01:01:14,155 [INFO] Sending to ptd: 'Hello'
ptd-server 2022-07-21 01:01:14,156 [INFO] Reply from ptd: 'Hello, PTDaemon here!'
ptd-server 2022-07-21 01:01:14,156 [INFO] Sending to ptd: 'Identify'
ptd-server 2022-07-21 01:01:14,157 [INFO] Reply from ptd: 'YokogawaWT310E,1000,1,1,1,1,0,1,1,version=1.9.2-e8c7a49a-20201208,OS=Linux 5.13.0-52-generic #59~20.04.1-Ubuntu SMP Thu Jun 16 21:21:28 UTC 2022 x86_64,mode=power,1,1,1,0,0,no_cal_date,YOKOGAWA;WT310E;C3XA04010E;F1.04'
ptd-server 2022-07-21 01:01:14,157 [INFO] Connected to PTDaemon
ptd-server 2022-07-21 01:01:14,157 [INFO] Sending to ptd: 'RR'
ptd-server 2022-07-21 01:01:14,157 [INFO] Reply from ptd: 'Ranges,0,0.500000,1,300.000000'
ptd-server 2022-07-21 01:01:14,157 [INFO] Initial range for Amps is 0.500000 for Volts is Auto
ptd-server 2022-07-21 01:01:14,157 [INFO] Sending to ptd: 'SR,V,Auto'
ptd-server 2022-07-21 01:01:14,660 [INFO] Reply from ptd: 'Range V changed'
ptd-server 2022-07-21 01:01:14,660 [INFO] Sending to ptd: 'SR,A,Auto'
ptd-server 2022-07-21 01:01:15,163 [INFO] Reply from ptd: 'Range A changed'
ptd-server 2022-07-21 01:01:25,173 [INFO] Starting ranging mode
ptd-server 2022-07-21 01:01:25,173 [INFO] Sending to ptd: 'Go,1000,0,2022-07-21_01-00-56_ranging'
ptd-server 2022-07-21 01:01:25,173 [INFO] Reply from ptd: 'Starting untimed measurement, maximum 500000 samples at 1000ms with 0 rampup samples'
ptd-server 2022-07-21 01:01:25,174 [INFO] Sending reply to client 'OK'
ptd-server 2022-07-21 01:11:48,886 [INFO] Got command from the client 'session,2022-07-21_01-00-56,stop,ranging'
ptd-server 2022-07-21 01:11:58,896 [INFO] Sending to ptd: 'Stop'
ptd-server 2022-07-21 01:11:58,897 [INFO] Reply from ptd: 'Stopping untimed measurement'
ptd-server 2022-07-21 01:11:59,166 [INFO] Sending reply to client 'OK'
ptd-server 2022-07-21 01:11:59,210 [INFO] Got command from the client 'time'
ptd-server 2022-07-21 01:11:59,211 [INFO] Sending reply to client '1658362319.2110724'
ptd-server 2022-07-21 01:11:59,211 [INFO] Got command from the client 'session,2022-07-21_01-00-56,start,testing'
ptd-server 2022-07-21 01:11:59,212 [INFO] Sending to ptd: 'SR,V,250.550000'
ptd-server 2022-07-21 01:12:00,713 [INFO] Reply from ptd: 'Range V changed'
ptd-server 2022-07-21 01:12:00,713 [INFO] Sending to ptd: 'SR,A,0.074510'
ptd-server 2022-07-21 01:12:02,215 [INFO] Reply from ptd: 'Range A changed'
ptd-server 2022-07-21 01:12:12,225 [INFO] Starting testing mode
ptd-server 2022-07-21 01:12:12,225 [INFO] Sending to ptd: 'Go,1000,0,2022-07-21_01-00-56_testing'
ptd-server 2022-07-21 01:12:12,226 [INFO] Reply from ptd: 'Starting untimed measurement, maximum 500000 samples at 1000ms with 0 rampup samples'
ptd-server 2022-07-21 01:12:12,226 [INFO] Sending reply to client 'OK'
ptd-server 2022-07-21 01:22:33,143 [INFO] Got command from the client 'session,2022-07-21_01-00-56,stop,testing'
ptd-server 2022-07-21 01:22:43,153 [INFO] Sending to ptd: 'Stop'
ptd-server 2022-07-21 01:22:43,153 [INFO] Reply from ptd: 'Stopping untimed measurement'
ptd-server 2022-07-21 01:22:43,301 [INFO] Sending reply to client 'OK'
ptd-server 2022-07-21 01:22:43,309 [INFO] Got command from the client 'session,2022-07-21_01-00-56,done'
ptd-server 2022-07-21 01:22:43,309 [INFO] Sending to ptd: 'Stop'
ptd-server 2022-07-21 01:22:43,310 [INFO] Reply from ptd: 'Error: no measurement to stop'
ptd-server 2022-07-21 01:22:43,310 [INFO] Sending to ptd: 'SR,V,Auto'
ptd-server 2022-07-21 01:22:43,812 [INFO] Reply from ptd: 'Range V changed'
ptd-server 2022-07-21 01:22:43,812 [INFO] Sending to ptd: 'SR,A,0.500000'
ptd-server 2022-07-21 01:22:45,314 [INFO] Reply from ptd: 'Range A changed'
ptd-server 2022-07-21 01:22:45,314 [INFO] Set initial values for Amps 0.500000 and Volts Auto
ptd-server 2022-07-21 01:22:45,314 [INFO] Stopping ptd...
