client 2022-08-02 15:58:48,342 [INFO] Sending command to the server: 'mlcommons/power client v3'
client 2022-08-02 15:58:48,343 [INFO] Got response: 'mlcommons/power server v3'
client 2022-08-02 15:58:48,343 [INFO] Sending command to the server: 'stop'
client 2022-08-02 15:58:48,347 [INFO] Got response: 'OK'
client 2022-08-02 15:58:48,347 [INFO] Synchronizing with the server and with 100.64.0.18...
client 2022-08-02 15:58:48,349 [INFO] NTP:offset = 0.002 s, delay = 0.001 s 
client 2022-08-02 15:58:48,349 [INFO] Sending command to the server: 'time'
client 2022-08-02 15:58:48,352 [INFO] Got response: '1659455928.3151894'
client 2022-08-02 15:58:48,352 [INFO] The time difference between the client and the server is within range 34.647 ms..37.331 ms
client 2022-08-02 15:58:48,352 [INFO] Sending command to the server: 'new,,ccf3a0d2-c7a0-4efa-8110-ee853e5d4b28'
client 2022-08-02 15:58:48,358 [INFO] Got response: 'OK 2022-08-02_15-58-48,6a605c2d-09e4-46db-811d-49d4533da26c'
client 2022-08-02 15:58:48,358 [INFO] Session id is '2022-08-02_15-58-48'
client 2022-08-02 15:58:48,358 [INFO] Sources: {"sources": {"__init__.py": "da39a3ee5e6b4b0d3255bfef95601890afd80709", "client.py": "33ca4f26368777ac06e01f9567b714a4b8063886", "lib/__init__.py": "da39a3ee5e6b4b0d3255bfef95601890afd80709", "lib/client.py": "4c2b78fb4849a7e5b584ef792d82aaed20b17f57", "lib/common.py": "624d0c0acc7c39aaff3674f0b99d6a09da53d1dc", "lib/external/__init__.py": "da39a3ee5e6b4b0d3255bfef95601890afd80709", "lib/external/ntplib.py": "4da8f970656505a40483206ef2b5d3dd5e81711d", "lib/server.py": "cda0cdfaee9bfa1249c64a7dd4f89b7bf1b279f0", "lib/source_hashes.py": "60a2e02193209e8d392803326208d5466342da18", "lib/summary.py": "aa92f0a3f975eecd44d3c0cd0236342ccc9f941d", "lib/time_sync.py": "3210db56eb0ff0df57bf4293dc4d4b03fffd46f1", "server.py": "c3f90f2f7eeb4db30727556d0c815ebc89b3d28b", "tests/unit/__init__.py": "da39a3ee5e6b4b0d3255bfef95601890afd80709", "tests/unit/test_server.py": "99ae15aef722f2000ee6ed1ae1523637bf1ae42b", "tests/unit/test_source_hashes.py": "00468a2907583c593e6574a1f6b404e4651c221a"}, "modules": {"ptd_client_server.lib.client": "lib/client.py", "ptd_client_server.lib.common": "lib/common.py", "ptd_client_server.lib.external.ntplib": "lib/external/ntplib.py", "ptd_client_server.lib.source_hashes": "lib/source_hashes.py", "ptd_client_server.lib.summary": "lib/summary.py", "ptd_client_server.lib.time_sync": "lib/time_sync.py"}}
client 2022-08-02 15:58:48,358 [INFO] Running workload in ranging mode
client 2022-08-02 15:58:48,358 [INFO] Synchronizing with the server and with 100.64.0.18...
client 2022-08-02 15:58:48,359 [INFO] NTP:offset = 0.002 s, delay = 0.001 s 
client 2022-08-02 15:58:48,359 [INFO] Sending command to the server: 'time'
client 2022-08-02 15:58:48,362 [INFO] Got response: '1659455928.3250628'
client 2022-08-02 15:58:48,362 [INFO] The time difference between the client and the server is within range 34.555 ms..37.365 ms
client 2022-08-02 15:58:48,362 [INFO] Sending command to the server: 'session,2022-08-02_15-58-48,start,ranging'
client 2022-08-02 15:59:17,676 [INFO] Got response: 'OK'
client 2022-08-02 15:59:17,677 [INFO] Running the workload 'LOG_DIR=/work/build/power_logs_temp python3 -m code.main_v2 --benchmarks=resnet50 \t--scenarios=Offline \t--config_ver=default_maxq \t--test_mode=PerformanceOnly  --action="run_harness" \\\n\t\t2>&1 | tee -a /work/build/power_logs/2022.08.02-15.58.11/stdout.txt \\\n\t\t&& if [ ! -d /work/build/power_logs/2022.08.02-15.58.11/ranging_tmp ]; \\\n\t\t\tthen mkdir /work/build/power_logs/2022.08.02-15.58.11/ranging_tmp \\\n\t\t\t\t&& mv /work/build/power_logs_temp/* /work/build/power_logs/2022.08.02-15.58.11/ranging_tmp/ \\\n\t\t\t\t&& cp -v /work/build/power_logs/2022.08.02-15.58.11/ranging_tmp/*/*/*/mlperf_log_detail.txt /work/build/power_logs_temp/ \\\n\t\t\t\t&& cp -v /work/build/power_logs/2022.08.02-15.58.11/ranging_tmp/*/*/*/mlperf_log_summary.txt /work/build/power_logs_temp/; \\\n\t\t\telse mkdir /work/build/power_logs/2022.08.02-15.58.11/testing_tmp \\\n\t\t\t\t&& mv /work/build/power_logs_temp/* /work/build/power_logs/2022.08.02-15.58.11/testing_tmp/ \\\n\t\t\t\t&& cp -v /work/build/power_logs/2022.08.02-15.58.11/testing_tmp/*/*/*/mlperf_log_detail.txt /work/build/power_logs_temp/ \\\n\t\t\t\t&& cp -v /work/build/power_logs/2022.08.02-15.58.11/testing_tmp/*/*/*/mlperf_log_summary.txt /work/build/power_logs_temp/; fi'
client 2022-08-02 16:14:12,535 [INFO] Sending command to the server: 'session,2022-08-02_15-58-48,stop,ranging'
client 2022-08-02 16:14:22,586 [INFO] Got response: 'OK'
client 2022-08-02 16:14:22,590 [INFO] Copying loadgen logs from '/work/build/power_logs_temp' to '/work/build/power_logs/2022.08.02-15.58.11/2022-08-02_15-58-48/ranging'
client 2022-08-02 16:14:22,590 [INFO] Running workload in testing mode
client 2022-08-02 16:14:22,590 [INFO] Synchronizing with the server and with 100.64.0.18...
client 2022-08-02 16:14:22,591 [INFO] NTP:offset = 0.003 s, delay = 0.001 s 
client 2022-08-02 16:14:22,591 [INFO] Sending command to the server: 'time'
client 2022-08-02 16:14:22,594 [INFO] Got response: '1659456862.5500078'
client 2022-08-02 16:14:22,594 [INFO] The time difference between the client and the server is within range 41.749 ms..44.268 ms
client 2022-08-02 16:14:22,594 [INFO] Sending command to the server: 'session,2022-08-02_15-58-48,start,testing'
client 2022-08-02 16:14:34,648 [INFO] Got response: 'OK'
client 2022-08-02 16:14:34,648 [INFO] Running the workload 'LOG_DIR=/work/build/power_logs_temp python3 -m code.main_v2 --benchmarks=resnet50 \t--scenarios=Offline \t--config_ver=default_maxq \t--test_mode=PerformanceOnly  --action="run_harness" \\\n\t\t2>&1 | tee -a /work/build/power_logs/2022.08.02-15.58.11/stdout.txt \\\n\t\t&& if [ ! -d /work/build/power_logs/2022.08.02-15.58.11/ranging_tmp ]; \\\n\t\t\tthen mkdir /work/build/power_logs/2022.08.02-15.58.11/ranging_tmp \\\n\t\t\t\t&& mv /work/build/power_logs_temp/* /work/build/power_logs/2022.08.02-15.58.11/ranging_tmp/ \\\n\t\t\t\t&& cp -v /work/build/power_logs/2022.08.02-15.58.11/ranging_tmp/*/*/*/mlperf_log_detail.txt /work/build/power_logs_temp/ \\\n\t\t\t\t&& cp -v /work/build/power_logs/2022.08.02-15.58.11/ranging_tmp/*/*/*/mlperf_log_summary.txt /work/build/power_logs_temp/; \\\n\t\t\telse mkdir /work/build/power_logs/2022.08.02-15.58.11/testing_tmp \\\n\t\t\t\t&& mv /work/build/power_logs_temp/* /work/build/power_logs/2022.08.02-15.58.11/testing_tmp/ \\\n\t\t\t\t&& cp -v /work/build/power_logs/2022.08.02-15.58.11/testing_tmp/*/*/*/mlperf_log_detail.txt /work/build/power_logs_temp/ \\\n\t\t\t\t&& cp -v /work/build/power_logs/2022.08.02-15.58.11/testing_tmp/*/*/*/mlperf_log_summary.txt /work/build/power_logs_temp/; fi'
client 2022-08-02 16:29:30,472 [INFO] Sending command to the server: 'session,2022-08-02_15-58-48,stop,testing'
client 2022-08-02 16:29:40,504 [INFO] Got response: 'OK'
client 2022-08-02 16:29:40,505 [INFO] Copying loadgen logs from '/work/build/power_logs_temp' to '/work/build/power_logs/2022.08.02-15.58.11/2022-08-02_15-58-48/run_1'
client 2022-08-02 16:29:40,506 [INFO] Done runs
