ptd-server 2022-08-02 15:58:48,307 [INFO] Got command from the client 'stop'
ptd-server 2022-08-02 15:58:48,308 [INFO] The server will be stopped after processing this client
ptd-server 2022-08-02 15:58:48,309 [INFO] Sending reply to client 'OK'
ptd-server 2022-08-02 15:58:48,314 [INFO] Got command from the client 'time'
ptd-server 2022-08-02 15:58:48,315 [INFO] Sending reply to client '1659455928.3151894'
ptd-server 2022-08-02 15:58:48,316 [INFO] Got command from the client 'new,,ccf3a0d2-c7a0-4efa-8110-ee853e5d4b28'
ptd-server 2022-08-02 15:58:48,319 [INFO] Sending reply to client 'OK 2022-08-02_15-58-48,6a605c2d-09e4-46db-811d-49d4533da26c'
ptd-server 2022-08-02 15:58:48,324 [INFO] Got command from the client 'time'
ptd-server 2022-08-02 15:58:48,325 [INFO] Sending reply to client '1659455928.3250628'
ptd-server 2022-08-02 15:58:48,326 [INFO] Got command from the client 'session,2022-08-02_15-58-48,start,ranging'
ptd-server 2022-08-02 15:58:48,428 [INFO] Running PTDaemon: ['C:\\power-dev\\ptd_client_server\\ptd-windows-x86.exe', '-l', 'C:\\Users\\root\\AppData\\Local\\Temp\\tmptm2qjpo_\\ptd_logfile.txt', '-p', '8888', '-c', '2', '-y', '48', '100.83.149.90']
ptd-server 2022-08-02 15:59:07,230 [INFO] Sending to ptd: 'Hello'
ptd-server 2022-08-02 15:59:07,232 [INFO] Reply from ptd: 'Hello, PTDaemon here!'
ptd-server 2022-08-02 15:59:07,234 [INFO] Sending to ptd: 'Identify'
ptd-server 2022-08-02 15:59:07,239 [INFO] Reply from ptd: 'YokogawaWT500_multichannel,1000,1,1,1,1,0,0,1,version=1.9.2-3976349f-20201208,OS=Windows 8 / Server 2012,mode=power,1,1,3,0,0,no_cal_date,YOKOGAWA;760203;U1J802935;F1.21'
ptd-server 2022-08-02 15:59:07,240 [INFO] Connected to PTDaemon
ptd-server 2022-08-02 15:59:07,243 [INFO] Sending to ptd: 'RR'
ptd-server 2022-08-02 15:59:07,245 [INFO] Reply from ptd: 'Ranges,-1,-1.000000,-1,-1.000000'
ptd-server 2022-08-02 15:59:07,247 [INFO] Initial range for Amps is Auto for Volts is Auto
ptd-server 2022-08-02 15:59:07,249 [INFO] Sending to ptd: 'SR,V,Auto'
ptd-server 2022-08-02 15:59:07,463 [INFO] Reply from ptd: 'Range V changed'
ptd-server 2022-08-02 15:59:07,465 [INFO] Sending to ptd: 'SR,A,Auto'
ptd-server 2022-08-02 15:59:07,619 [INFO] Reply from ptd: 'Range A changed'
ptd-server 2022-08-02 15:59:17,631 [INFO] Starting ranging mode
ptd-server 2022-08-02 15:59:17,633 [INFO] Sending to ptd: 'Go,1000,0,2022-08-02_15-58-48_ranging'
ptd-server 2022-08-02 15:59:17,636 [INFO] Reply from ptd: 'Starting untimed measurement, maximum 500000 samples at 1000ms with 0 rampup samples'
ptd-server 2022-08-02 15:59:17,637 [INFO] Sending reply to client 'OK'
ptd-server 2022-08-02 16:14:12,493 [INFO] Got command from the client 'session,2022-08-02_15-58-48,stop,ranging'
ptd-server 2022-08-02 16:14:22,498 [INFO] Sending to ptd: 'Stop'
ptd-server 2022-08-02 16:14:22,500 [INFO] Reply from ptd: 'Stopping untimed measurement'
ptd-server 2022-08-02 16:14:22,542 [INFO] Sending reply to client 'OK'
ptd-server 2022-08-02 16:14:22,549 [INFO] Got command from the client 'time'
ptd-server 2022-08-02 16:14:22,550 [INFO] Sending reply to client '1659456862.5500078'
ptd-server 2022-08-02 16:14:22,551 [INFO] Got command from the client 'session,2022-08-02_15-58-48,start,testing'
ptd-server 2022-08-02 16:14:22,552 [INFO] Sending to ptd: 'SR,V,128.510000'
ptd-server 2022-08-02 16:14:23,865 [INFO] Reply from ptd: 'Range V changed'
ptd-server 2022-08-02 16:14:23,867 [INFO] Sending to ptd: 'SR,A,6.891000'
ptd-server 2022-08-02 16:14:24,587 [INFO] Reply from ptd: 'Range A changed'
ptd-server 2022-08-02 16:14:34,597 [INFO] Starting testing mode
ptd-server 2022-08-02 16:14:34,598 [INFO] Sending to ptd: 'Go,1000,0,2022-08-02_15-58-48_testing'
ptd-server 2022-08-02 16:14:34,600 [INFO] Reply from ptd: 'Starting untimed measurement, maximum 500000 samples at 1000ms with 0 rampup samples'
ptd-server 2022-08-02 16:14:34,602 [INFO] Sending reply to client 'OK'
ptd-server 2022-08-02 16:29:30,420 [INFO] Got command from the client 'session,2022-08-02_15-58-48,stop,testing'
ptd-server 2022-08-02 16:29:40,432 [INFO] Sending to ptd: 'Stop'
ptd-server 2022-08-02 16:29:40,435 [INFO] Reply from ptd: 'Stopping untimed measurement'
ptd-server 2022-08-02 16:29:40,449 [INFO] Sending reply to client 'OK'
ptd-server 2022-08-02 16:29:40,454 [INFO] Got command from the client 'session,2022-08-02_15-58-48,done'
ptd-server 2022-08-02 16:29:40,455 [INFO] Sending to ptd: 'Stop'
ptd-server 2022-08-02 16:29:40,606 [INFO] Reply from ptd: 'Error: no measurement to stop'
ptd-server 2022-08-02 16:29:40,608 [INFO] Sending to ptd: 'SR,V,Auto'
ptd-server 2022-08-02 16:29:40,823 [INFO] Reply from ptd: 'Range V changed'
ptd-server 2022-08-02 16:29:40,825 [INFO] Sending to ptd: 'SR,A,Auto'
ptd-server 2022-08-02 16:29:40,978 [INFO] Reply from ptd: 'Range A changed'
ptd-server 2022-08-02 16:29:40,980 [INFO] Set initial values for Amps Auto and Volts Auto
ptd-server 2022-08-02 16:29:40,983 [INFO] Stopping ptd...
