ptd-server 2022-08-02 10:47:24,224 [INFO] Got command from the client 'time'
ptd-server 2022-08-02 10:47:24,224 [INFO] Sending reply to client '1659433644.2243054'
ptd-server 2022-08-02 10:47:24,225 [INFO] Got command from the client 'new,,bae46a2e-6c5c-4e5b-bbf0-2189929295aa'
ptd-server 2022-08-02 10:47:24,225 [INFO] Sending reply to client 'OK 2022-08-02_10-47-24,1b822b99-f66f-440c-b0da-711ea3a2a212'
ptd-server 2022-08-02 10:47:24,255 [INFO] Got command from the client 'time'
ptd-server 2022-08-02 10:47:24,255 [INFO] Sending reply to client '1659433644.2552464'
ptd-server 2022-08-02 10:47:24,256 [INFO] Got command from the client 'session,2022-08-02_10-47-24,start,ranging'
ptd-server 2022-08-02 10:47:24,256 [INFO] Running PTDaemon: ['/home/anton/projects/mlperf/power/inference_v1.0/ptd-linux-x86', '-l', '/tmp/tmp7lgbo8s4/ptd_logfile.txt', '-p', '8888', '49', '/dev/usbtmc0']
ptd-server 2022-08-02 10:47:41,430 [INFO] Sending to ptd: 'Hello'
ptd-server 2022-08-02 10:47:41,430 [INFO] Reply from ptd: 'Hello, PTDaemon here!'
ptd-server 2022-08-02 10:47:41,430 [INFO] Sending to ptd: 'Identify'
ptd-server 2022-08-02 10:47:41,431 [INFO] Reply from ptd: 'YokogawaWT310E,1000,1,1,1,1,0,1,1,version=1.9.2-e8c7a49a-20201208,OS=Linux 5.13.0-52-generic #59~20.04.1-Ubuntu SMP Thu Jun 16 21:21:28 UTC 2022 x86_64,mode=power,1,1,1,0,0,no_cal_date,YOKOGAWA;WT310E;C3XA04010E;F1.04'
ptd-server 2022-08-02 10:47:41,431 [INFO] Connected to PTDaemon
ptd-server 2022-08-02 10:47:41,431 [INFO] Sending to ptd: 'RR'
ptd-server 2022-08-02 10:47:41,431 [INFO] Reply from ptd: 'Ranges,0,0.500000,1,300.000000'
ptd-server 2022-08-02 10:47:41,431 [INFO] Initial range for Amps is 0.500000 for Volts is Auto
ptd-server 2022-08-02 10:47:41,431 [INFO] Sending to ptd: 'SR,V,Auto'
ptd-server 2022-08-02 10:47:41,934 [INFO] Reply from ptd: 'Range V changed'
ptd-server 2022-08-02 10:47:41,934 [INFO] Sending to ptd: 'SR,A,Auto'
ptd-server 2022-08-02 10:47:42,437 [INFO] Reply from ptd: 'Range A changed'
ptd-server 2022-08-02 10:47:52,447 [INFO] Starting ranging mode
ptd-server 2022-08-02 10:47:52,447 [INFO] Sending to ptd: 'Go,1000,0,2022-08-02_10-47-24_ranging'
ptd-server 2022-08-02 10:47:52,447 [INFO] Reply from ptd: 'Starting untimed measurement, maximum 500000 samples at 1000ms with 0 rampup samples'
ptd-server 2022-08-02 10:47:52,448 [INFO] Sending reply to client 'OK'
ptd-server 2022-08-02 10:58:03,974 [INFO] Got command from the client 'session,2022-08-02_10-47-24,stop,ranging'
ptd-server 2022-08-02 10:58:13,985 [INFO] Sending to ptd: 'Stop'
ptd-server 2022-08-02 10:58:13,985 [INFO] Reply from ptd: 'Stopping untimed measurement'
ptd-server 2022-08-02 10:58:15,584 [INFO] Sending reply to client 'OK'
ptd-server 2022-08-02 10:58:15,637 [INFO] Got command from the client 'time'
ptd-server 2022-08-02 10:58:15,637 [INFO] Sending reply to client '1659434295.6375804'
ptd-server 2022-08-02 10:58:15,638 [INFO] Got command from the client 'session,2022-08-02_10-47-24,start,testing'
ptd-server 2022-08-02 10:58:15,639 [INFO] Sending to ptd: 'SR,V,248.620000'
ptd-server 2022-08-02 10:58:17,140 [INFO] Reply from ptd: 'Range V changed'
ptd-server 2022-08-02 10:58:17,140 [INFO] Sending to ptd: 'SR,A,0.187760'
ptd-server 2022-08-02 10:58:18,642 [INFO] Reply from ptd: 'Range A changed'
ptd-server 2022-08-02 10:58:28,652 [INFO] Starting testing mode
ptd-server 2022-08-02 10:58:28,652 [INFO] Sending to ptd: 'Go,1000,0,2022-08-02_10-47-24_testing'
ptd-server 2022-08-02 10:58:28,652 [INFO] Reply from ptd: 'Starting untimed measurement, maximum 500000 samples at 1000ms with 0 rampup samples'
ptd-server 2022-08-02 10:58:28,653 [INFO] Sending reply to client 'OK'
ptd-server 2022-08-02 11:08:40,221 [INFO] Got command from the client 'session,2022-08-02_10-47-24,stop,testing'
ptd-server 2022-08-02 11:08:50,232 [INFO] Sending to ptd: 'Stop'
ptd-server 2022-08-02 11:08:50,232 [INFO] Reply from ptd: 'Stopping untimed measurement'
ptd-server 2022-08-02 11:08:51,002 [INFO] Sending reply to client 'OK'
ptd-server 2022-08-02 11:08:51,017 [INFO] Got command from the client 'session,2022-08-02_10-47-24,done'
ptd-server 2022-08-02 11:08:51,017 [INFO] Sending to ptd: 'Stop'
ptd-server 2022-08-02 11:08:51,017 [INFO] Reply from ptd: 'Error: no measurement to stop'
ptd-server 2022-08-02 11:08:51,017 [INFO] Sending to ptd: 'SR,V,Auto'
ptd-server 2022-08-02 11:08:51,520 [INFO] Reply from ptd: 'Range V changed'
ptd-server 2022-08-02 11:08:51,520 [INFO] Sending to ptd: 'SR,A,0.500000'
ptd-server 2022-08-02 11:08:53,021 [INFO] Reply from ptd: 'Range A changed'
ptd-server 2022-08-02 11:08:53,021 [INFO] Set initial values for Amps 0.500000 and Volts Auto
ptd-server 2022-08-02 11:08:53,022 [INFO] Stopping ptd...
