ptd-server 2022-07-20 18:06:45,229 [INFO] Got command from the client 'time'
ptd-server 2022-07-20 18:06:45,229 [INFO] Sending reply to client '1658336805.2295048'
ptd-server 2022-07-20 18:06:45,233 [INFO] Got command from the client 'new,,798444e6-0b4f-4815-9e22-f1abd83967e8'
ptd-server 2022-07-20 18:06:45,234 [INFO] Sending reply to client 'OK 2022-07-20_18-06-45,a28ee2ad-9682-42e2-b004-487af2e3065a'
ptd-server 2022-07-20 18:06:45,271 [INFO] Got command from the client 'time'
ptd-server 2022-07-20 18:06:45,271 [INFO] Sending reply to client '1658336805.2715251'
ptd-server 2022-07-20 18:06:45,275 [INFO] Got command from the client 'session,2022-07-20_18-06-45,start,ranging'
ptd-server 2022-07-20 18:06:45,275 [INFO] Running PTDaemon: ['/home/anton/projects/mlperf/power/inference_v1.0/ptd-linux-x86', '-l', '/tmp/tmp7lgbo8s4/ptd_logfile.txt', '-p', '8888', '49', '/dev/usbtmc0']
ptd-server 2022-07-20 18:07:02,449 [INFO] Sending to ptd: 'Hello'
ptd-server 2022-07-20 18:07:02,450 [INFO] Reply from ptd: 'Hello, PTDaemon here!'
ptd-server 2022-07-20 18:07:02,450 [INFO] Sending to ptd: 'Identify'
ptd-server 2022-07-20 18:07:02,450 [INFO] Reply from ptd: 'YokogawaWT310E,1000,1,1,1,1,0,1,1,version=1.9.2-e8c7a49a-20201208,OS=Linux 5.13.0-52-generic #59~20.04.1-Ubuntu SMP Thu Jun 16 21:21:28 UTC 2022 x86_64,mode=power,1,1,1,0,0,no_cal_date,YOKOGAWA;WT310E;C3XA04010E;F1.04'
ptd-server 2022-07-20 18:07:02,450 [INFO] Connected to PTDaemon
ptd-server 2022-07-20 18:07:02,450 [INFO] Sending to ptd: 'RR'
ptd-server 2022-07-20 18:07:02,451 [INFO] Reply from ptd: 'Ranges,0,0.500000,1,300.000000'
ptd-server 2022-07-20 18:07:02,451 [INFO] Initial range for Amps is 0.500000 for Volts is Auto
ptd-server 2022-07-20 18:07:02,451 [INFO] Sending to ptd: 'SR,V,Auto'
ptd-server 2022-07-20 18:07:02,954 [INFO] Reply from ptd: 'Range V changed'
ptd-server 2022-07-20 18:07:02,954 [INFO] Sending to ptd: 'SR,A,Auto'
ptd-server 2022-07-20 18:07:03,456 [INFO] Reply from ptd: 'Range A changed'
ptd-server 2022-07-20 18:07:13,467 [INFO] Starting ranging mode
ptd-server 2022-07-20 18:07:13,467 [INFO] Sending to ptd: 'Go,1000,0,2022-07-20_18-06-45_ranging'
ptd-server 2022-07-20 18:07:13,467 [INFO] Reply from ptd: 'Starting untimed measurement, maximum 500000 samples at 1000ms with 0 rampup samples'
ptd-server 2022-07-20 18:07:13,467 [INFO] Sending reply to client 'OK'
ptd-server 2022-07-20 18:17:31,706 [INFO] Got command from the client 'session,2022-07-20_18-06-45,stop,ranging'
ptd-server 2022-07-20 18:17:41,717 [INFO] Sending to ptd: 'Stop'
ptd-server 2022-07-20 18:17:41,717 [INFO] Reply from ptd: 'Stopping untimed measurement'
ptd-server 2022-07-20 18:17:41,966 [INFO] Sending reply to client 'OK'
ptd-server 2022-07-20 18:17:42,148 [INFO] Got command from the client 'time'
ptd-server 2022-07-20 18:17:42,148 [INFO] Sending reply to client '1658337462.1481898'
ptd-server 2022-07-20 18:17:42,152 [INFO] Got command from the client 'session,2022-07-20_18-06-45,start,testing'
ptd-server 2022-07-20 18:17:42,153 [INFO] Sending to ptd: 'SR,V,250.900000'
ptd-server 2022-07-20 18:17:43,968 [INFO] Reply from ptd: 'Range V changed'
ptd-server 2022-07-20 18:17:43,968 [INFO] Sending to ptd: 'SR,A,0.075050'
ptd-server 2022-07-20 18:17:45,470 [INFO] Reply from ptd: 'Range A changed'
ptd-server 2022-07-20 18:17:55,480 [INFO] Starting testing mode
ptd-server 2022-07-20 18:17:55,480 [INFO] Sending to ptd: 'Go,1000,0,2022-07-20_18-06-45_testing'
ptd-server 2022-07-20 18:17:55,480 [INFO] Reply from ptd: 'Starting untimed measurement, maximum 500000 samples at 1000ms with 0 rampup samples'
ptd-server 2022-07-20 18:17:55,481 [INFO] Sending reply to client 'OK'
ptd-server 2022-07-20 18:28:14,033 [INFO] Got command from the client 'session,2022-07-20_18-06-45,stop,testing'
ptd-server 2022-07-20 18:28:24,044 [INFO] Sending to ptd: 'Stop'
ptd-server 2022-07-20 18:28:24,044 [INFO] Reply from ptd: 'Stopping untimed measurement'
ptd-server 2022-07-20 18:28:24,185 [INFO] Sending reply to client 'OK'
ptd-server 2022-07-20 18:28:24,208 [INFO] Got command from the client 'session,2022-07-20_18-06-45,done'
ptd-server 2022-07-20 18:28:24,208 [INFO] Sending to ptd: 'Stop'
ptd-server 2022-07-20 18:28:24,481 [INFO] Reply from ptd: 'Error: no measurement to stop'
ptd-server 2022-07-20 18:28:24,481 [INFO] Sending to ptd: 'SR,V,Auto'
ptd-server 2022-07-20 18:28:24,983 [INFO] Reply from ptd: 'Range V changed'
ptd-server 2022-07-20 18:28:24,984 [INFO] Sending to ptd: 'SR,A,0.500000'
ptd-server 2022-07-20 18:28:26,485 [INFO] Reply from ptd: 'Range A changed'
ptd-server 2022-07-20 18:28:26,485 [INFO] Set initial values for Amps 0.500000 and Volts Auto
ptd-server 2022-07-20 18:28:26,485 [INFO] Stopping ptd...
