client 2022-08-03 01:02:05,040 [INFO] Sending command to the server: 'mlcommons/power client v3'
client 2022-08-03 01:02:05,041 [INFO] Got response: 'mlcommons/power server v3'
client 2022-08-03 01:02:05,041 [INFO] Sending command to the server: 'stop'
client 2022-08-03 01:02:05,042 [INFO] Got response: 'OK'
client 2022-08-03 01:02:05,042 [INFO] Synchronizing with the server and with 192.168.123.123...
client 2022-08-03 01:02:05,045 [INFO] NTP:offset = -0.000 s, delay = 0.000 s 
client 2022-08-03 01:02:05,045 [INFO] Sending command to the server: 'time'
client 2022-08-03 01:02:05,046 [INFO] Got response: '1659488525.0442474'
client 2022-08-03 01:02:05,046 [INFO] The time difference between the client and the server is within range 0.955 ms..1.917 ms
client 2022-08-03 01:02:05,046 [INFO] Sending command to the server: 'new,,6edd9058-d684-45c1-b9c2-34fb03b3ef84'
client 2022-08-03 01:02:05,047 [INFO] Got response: 'OK 2022-08-03_01-02-05,fc597070-7741-4509-bef5-bde34455bf82'
client 2022-08-03 01:02:05,047 [INFO] Session id is '2022-08-03_01-02-05'
client 2022-08-03 01:02:05,047 [INFO] Sources: {"sources": {"__init__.py": "da39a3ee5e6b4b0d3255bfef95601890afd80709", "client.py": "33ca4f26368777ac06e01f9567b714a4b8063886", "lib/__init__.py": "da39a3ee5e6b4b0d3255bfef95601890afd80709", "lib/client.py": "4c2b78fb4849a7e5b584ef792d82aaed20b17f57", "lib/common.py": "624d0c0acc7c39aaff3674f0b99d6a09da53d1dc", "lib/external/__init__.py": "da39a3ee5e6b4b0d3255bfef95601890afd80709", "lib/external/ntplib.py": "4da8f970656505a40483206ef2b5d3dd5e81711d", "lib/server.py": "cda0cdfaee9bfa1249c64a7dd4f89b7bf1b279f0", "lib/source_hashes.py": "60a2e02193209e8d392803326208d5466342da18", "lib/summary.py": "aa92f0a3f975eecd44d3c0cd0236342ccc9f941d", "lib/time_sync.py": "3210db56eb0ff0df57bf4293dc4d4b03fffd46f1", "server.py": "c3f90f2f7eeb4db30727556d0c815ebc89b3d28b", "tests/unit/__init__.py": "da39a3ee5e6b4b0d3255bfef95601890afd80709", "tests/unit/test_server.py": "99ae15aef722f2000ee6ed1ae1523637bf1ae42b", "tests/unit/test_source_hashes.py": "00468a2907583c593e6574a1f6b404e4651c221a"}, "modules": {"ptd_client_server.lib.client": "lib/client.py", "ptd_client_server.lib.common": "lib/common.py", "ptd_client_server.lib.external.ntplib": "lib/external/ntplib.py", "ptd_client_server.lib.source_hashes": "lib/source_hashes.py", "ptd_client_server.lib.summary": "lib/summary.py", "ptd_client_server.lib.time_sync": "lib/time_sync.py"}}
client 2022-08-03 01:02:05,047 [INFO] Running workload in ranging mode
client 2022-08-03 01:02:05,047 [INFO] Synchronizing with the server and with 192.168.123.123...
client 2022-08-03 01:02:05,048 [INFO] NTP:offset = -0.000 s, delay = 0.000 s 
client 2022-08-03 01:02:05,048 [INFO] Sending command to the server: 'time'
client 2022-08-03 01:02:05,049 [INFO] Got response: '1659488525.0477266'
client 2022-08-03 01:02:05,049 [INFO] The time difference between the client and the server is within range 0.972 ms..1.872 ms
client 2022-08-03 01:02:05,049 [INFO] Sending command to the server: 'session,2022-08-03_01-02-05,start,ranging'
client 2022-08-03 01:02:44,925 [INFO] Got response: 'OK'
client 2022-08-03 01:02:44,925 [INFO] Running the workload 'LOG_DIR=/work/build/power_logs_temp python3 -m code.main_v2 --benchmarks=resnet50 --scenarios=singlestream --config_ver=maxq --action="run_harness" \\\n\t\t2>&1 | tee -a /work/build/power_logs/2022.08.03-01.01.56/stdout.txt \\\n\t\t&& if [ ! -d /work/build/power_logs/2022.08.03-01.01.56/ranging_tmp ]; \\\n\t\t\tthen mkdir /work/build/power_logs/2022.08.03-01.01.56/ranging_tmp \\\n\t\t\t\t&& mv /work/build/power_logs_temp/* /work/build/power_logs/2022.08.03-01.01.56/ranging_tmp/ \\\n\t\t\t\t&& cp -v /work/build/power_logs/2022.08.03-01.01.56/ranging_tmp/*/*/*/mlperf_log_detail.txt /work/build/power_logs_temp/ \\\n\t\t\t\t&& cp -v /work/build/power_logs/2022.08.03-01.01.56/ranging_tmp/*/*/*/mlperf_log_summary.txt /work/build/power_logs_temp/; \\\n\t\t\telse mkdir /work/build/power_logs/2022.08.03-01.01.56/testing_tmp \\\n\t\t\t\t&& mv /work/build/power_logs_temp/* /work/build/power_logs/2022.08.03-01.01.56/testing_tmp/ \\\n\t\t\t\t&& cp -v /work/build/power_logs/2022.08.03-01.01.56/testing_tmp/*/*/*/mlperf_log_detail.txt /work/build/power_logs_temp/ \\\n\t\t\t\t&& cp -v /work/build/power_logs/2022.08.03-01.01.56/testing_tmp/*/*/*/mlperf_log_summary.txt /work/build/power_logs_temp/; fi'
client 2022-08-03 01:12:56,930 [INFO] Sending command to the server: 'session,2022-08-03_01-02-05,stop,ranging'
client 2022-08-03 01:13:06,972 [INFO] Got response: 'OK'
client 2022-08-03 01:13:06,980 [INFO] Copying loadgen logs from '/work/build/power_logs_temp' to '/work/build/power_logs/2022.08.03-01.01.56/2022-08-03_01-02-05/ranging'
client 2022-08-03 01:13:06,981 [INFO] Running workload in testing mode
client 2022-08-03 01:13:06,981 [INFO] Synchronizing with the server and with 192.168.123.123...
client 2022-08-03 01:13:06,983 [INFO] NTP:offset = 0.000 s, delay = 0.000 s 
client 2022-08-03 01:13:06,983 [INFO] Sending command to the server: 'time'
client 2022-08-03 01:13:06,984 [INFO] Got response: '1659489186.9570937'
client 2022-08-03 01:13:06,984 [INFO] The time difference between the client and the server is within range 26.235 ms..27.235 ms
client 2022-08-03 01:13:06,984 [INFO] Sending command to the server: 'session,2022-08-03_01-02-05,start,testing'
client 2022-08-03 01:13:28,656 [INFO] Got response: 'OK'
client 2022-08-03 01:13:28,656 [INFO] Running the workload 'LOG_DIR=/work/build/power_logs_temp python3 -m code.main_v2 --benchmarks=resnet50 --scenarios=singlestream --config_ver=maxq --action="run_harness" \\\n\t\t2>&1 | tee -a /work/build/power_logs/2022.08.03-01.01.56/stdout.txt \\\n\t\t&& if [ ! -d /work/build/power_logs/2022.08.03-01.01.56/ranging_tmp ]; \\\n\t\t\tthen mkdir /work/build/power_logs/2022.08.03-01.01.56/ranging_tmp \\\n\t\t\t\t&& mv /work/build/power_logs_temp/* /work/build/power_logs/2022.08.03-01.01.56/ranging_tmp/ \\\n\t\t\t\t&& cp -v /work/build/power_logs/2022.08.03-01.01.56/ranging_tmp/*/*/*/mlperf_log_detail.txt /work/build/power_logs_temp/ \\\n\t\t\t\t&& cp -v /work/build/power_logs/2022.08.03-01.01.56/ranging_tmp/*/*/*/mlperf_log_summary.txt /work/build/power_logs_temp/; \\\n\t\t\telse mkdir /work/build/power_logs/2022.08.03-01.01.56/testing_tmp \\\n\t\t\t\t&& mv /work/build/power_logs_temp/* /work/build/power_logs/2022.08.03-01.01.56/testing_tmp/ \\\n\t\t\t\t&& cp -v /work/build/power_logs/2022.08.03-01.01.56/testing_tmp/*/*/*/mlperf_log_detail.txt /work/build/power_logs_temp/ \\\n\t\t\t\t&& cp -v /work/build/power_logs/2022.08.03-01.01.56/testing_tmp/*/*/*/mlperf_log_summary.txt /work/build/power_logs_temp/; fi'
client 2022-08-03 01:23:41,048 [INFO] Sending command to the server: 'session,2022-08-03_01-02-05,stop,testing'
client 2022-08-03 01:23:51,095 [INFO] Got response: 'OK'
client 2022-08-03 01:23:51,097 [INFO] Copying loadgen logs from '/work/build/power_logs_temp' to '/work/build/power_logs/2022.08.03-01.01.56/2022-08-03_01-02-05/run_1'
client 2022-08-03 01:23:51,097 [INFO] Done runs
