ptd-server 2022-08-03 01:02:05,040 [INFO] Got command from the client 'stop'
ptd-server 2022-08-03 01:02:05,040 [INFO] The server will be stopped after processing this client
ptd-server 2022-08-03 01:02:05,040 [INFO] Sending reply to client 'OK'
ptd-server 2022-08-03 01:02:05,044 [INFO] Got command from the client 'time'
ptd-server 2022-08-03 01:02:05,044 [INFO] Sending reply to client '1659488525.0442474'
ptd-server 2022-08-03 01:02:05,045 [INFO] Got command from the client 'new,,6edd9058-d684-45c1-b9c2-34fb03b3ef84'
ptd-server 2022-08-03 01:02:05,045 [INFO] Sending reply to client 'OK 2022-08-03_01-02-05,fc597070-7741-4509-bef5-bde34455bf82'
ptd-server 2022-08-03 01:02:05,047 [INFO] Got command from the client 'time'
ptd-server 2022-08-03 01:02:05,047 [INFO] Sending reply to client '1659488525.0477266'
ptd-server 2022-08-03 01:02:05,048 [INFO] Got command from the client 'session,2022-08-03_01-02-05,start,ranging'
ptd-server 2022-08-03 01:02:05,149 [INFO] Running PTDaemon: ['C:\\PTD\\ptd-windows-x86.exe', '-l', 'C:\\Users\\pa\\AppData\\Local\\Temp\\tmpl3krrxad\\ptd_logfile.txt', '-p', '8888', '-c', '1,2', '-y', '77', 'C2WL21005V']
ptd-server 2022-08-03 01:02:24,247 [INFO] Sending to ptd: 'Hello'
ptd-server 2022-08-03 01:02:24,248 [INFO] Reply from ptd: 'Hello, PTDaemon here!'
ptd-server 2022-08-03 01:02:24,248 [INFO] Sending to ptd: 'Identify'
ptd-server 2022-08-03 01:02:24,249 [INFO] Reply from ptd: 'YokogawaWT330_multichannel,1000,1,1,1,1,0,0,1,version=1.9.2-3976349f-20201208,OS=Windows 8 / Server 2012,mode=power,1,1,2,0,0,no_cal_date,YOKOGAWA;WT333E;C2WL21005V;F1.04'
ptd-server 2022-08-03 01:02:24,249 [INFO] Connected to PTDaemon
ptd-server 2022-08-03 01:02:24,249 [INFO] Sending to ptd: 'RR'
ptd-server 2022-08-03 01:02:24,250 [INFO] Reply from ptd: 'Ranges,-1,-1.000000,-1,-1.000000'
ptd-server 2022-08-03 01:02:24,250 [INFO] Initial range for Amps is Auto for Volts is Auto
ptd-server 2022-08-03 01:02:24,250 [INFO] Sending to ptd: 'SR,V,Auto'
ptd-server 2022-08-03 01:02:29,322 [INFO] Reply from ptd: 'Range V changed'
ptd-server 2022-08-03 01:02:29,322 [INFO] Sending to ptd: 'SR,A,20'
ptd-server 2022-08-03 01:02:34,909 [INFO] Reply from ptd: 'Range A changed'
ptd-server 2022-08-03 01:02:44,920 [INFO] Starting ranging mode
ptd-server 2022-08-03 01:02:44,921 [INFO] Sending to ptd: 'Go,1000,0,2022-08-03_01-02-05_ranging'
ptd-server 2022-08-03 01:02:44,921 [INFO] Reply from ptd: 'Starting untimed measurement, maximum 500000 samples at 1000ms with 0 rampup samples'
ptd-server 2022-08-03 01:02:44,921 [INFO] Sending reply to client 'OK'
ptd-server 2022-08-03 01:12:56,904 [INFO] Got command from the client 'session,2022-08-03_01-02-05,stop,ranging'
ptd-server 2022-08-03 01:13:06,916 [INFO] Sending to ptd: 'Stop'
ptd-server 2022-08-03 01:13:06,916 [INFO] Reply from ptd: 'Stopping untimed measurement'
ptd-server 2022-08-03 01:13:06,944 [INFO] Sending reply to client 'OK'
ptd-server 2022-08-03 01:13:06,956 [INFO] Got command from the client 'time'
ptd-server 2022-08-03 01:13:06,957 [INFO] Sending reply to client '1659489186.9570937'
ptd-server 2022-08-03 01:13:06,957 [INFO] Got command from the client 'session,2022-08-03_01-02-05,start,testing'
ptd-server 2022-08-03 01:13:06,958 [INFO] Sending to ptd: 'SR,V,121.000000'
ptd-server 2022-08-03 01:13:13,034 [INFO] Reply from ptd: 'Range V changed'
ptd-server 2022-08-03 01:13:13,034 [INFO] Sending to ptd: 'SR,A,1.228000'
ptd-server 2022-08-03 01:13:18,612 [INFO] Reply from ptd: 'Range A changed'
ptd-server 2022-08-03 01:13:28,626 [INFO] Starting testing mode
ptd-server 2022-08-03 01:13:28,626 [INFO] Sending to ptd: 'Go,1000,0,2022-08-03_01-02-05_testing'
ptd-server 2022-08-03 01:13:28,627 [INFO] Reply from ptd: 'Starting untimed measurement, maximum 500000 samples at 1000ms with 0 rampup samples'
ptd-server 2022-08-03 01:13:28,628 [INFO] Sending reply to client 'OK'
ptd-server 2022-08-03 01:23:40,998 [INFO] Got command from the client 'session,2022-08-03_01-02-05,stop,testing'
ptd-server 2022-08-03 01:23:51,013 [INFO] Sending to ptd: 'Stop'
ptd-server 2022-08-03 01:23:51,014 [INFO] Reply from ptd: 'Stopping untimed measurement'
ptd-server 2022-08-03 01:23:51,042 [INFO] Sending reply to client 'OK'
ptd-server 2022-08-03 01:23:51,050 [INFO] Got command from the client 'session,2022-08-03_01-02-05,done'
ptd-server 2022-08-03 01:23:51,050 [INFO] Sending to ptd: 'Stop'
ptd-server 2022-08-03 01:23:51,637 [INFO] Reply from ptd: 'Error: no measurement to stop'
ptd-server 2022-08-03 01:23:51,638 [INFO] Sending to ptd: 'SR,V,Auto'
ptd-server 2022-08-03 01:23:56,709 [INFO] Reply from ptd: 'Range V changed'
ptd-server 2022-08-03 01:23:56,709 [INFO] Sending to ptd: 'SR,A,Auto'
ptd-server 2022-08-03 01:24:01,783 [INFO] Reply from ptd: 'Range A changed'
ptd-server 2022-08-03 01:24:01,783 [INFO] Set initial values for Amps Auto and Volts Auto
ptd-server 2022-08-03 01:24:01,783 [INFO] Stopping ptd...
