ptd-server 2022-08-03 18:13:39,197 [INFO] Got command from the client 'stop'
ptd-server 2022-08-03 18:13:39,197 [INFO] The server will be stopped after processing this client
ptd-server 2022-08-03 18:13:39,197 [INFO] Sending reply to client 'OK'
ptd-server 2022-08-03 18:13:39,447 [INFO] Got command from the client 'time'
ptd-server 2022-08-03 18:13:39,447 [INFO] Sending reply to client '1659575619.4477031'
ptd-server 2022-08-03 18:13:39,447 [INFO] Got command from the client 'new,,847ea7c6-dc40-4c7d-8962-e2bad5de20fe'
ptd-server 2022-08-03 18:13:39,447 [INFO] Sending reply to client 'OK 2022-08-03_18-13-39,697be639-fe10-4bb6-82df-a6d4e1cf902d'
ptd-server 2022-08-03 18:13:39,682 [INFO] Got command from the client 'time'
ptd-server 2022-08-03 18:13:39,682 [INFO] Sending reply to client '1659575619.6820216'
ptd-server 2022-08-03 18:13:39,697 [INFO] Got command from the client 'session,2022-08-03_18-13-39,start,ranging'
ptd-server 2022-08-03 18:13:39,806 [INFO] Running PTDaemon: ['C:\\PTD\\ptd-windows-x86.exe', '-l', 'C:\\Users\\lab\\AppData\\Local\\Temp\\tmp671hb7ka\\ptd_logfile.txt', '-p', '8888', '-c', '2', '-y', '52', '10.116.21.200']
ptd-server 2022-08-03 18:13:57,505 [INFO] Sending to ptd: 'Hello'
ptd-server 2022-08-03 18:13:57,505 [INFO] Reply from ptd: 'Hello, PTDaemon here!'
ptd-server 2022-08-03 18:13:57,505 [INFO] Sending to ptd: 'Identify'
ptd-server 2022-08-03 18:13:57,505 [INFO] Reply from ptd: 'YokogawaWT330E,1000,1,1,1,1,0,0,1,version=1.9.2-3976349f-20201208,OS=Windows 8 / Server 2012,mode=power,1,1,1,0,0,no_cal_date,YOKOGAWA;WT333E;C2XL24038V;F1.04'
ptd-server 2022-08-03 18:13:57,505 [INFO] Connected to PTDaemon
ptd-server 2022-08-03 18:13:57,505 [INFO] Sending to ptd: 'RR'
ptd-server 2022-08-03 18:13:57,505 [INFO] Reply from ptd: 'Ranges,0,0.500000,0,300.000000'
ptd-server 2022-08-03 18:13:57,505 [INFO] Initial range for Amps is 0.500000 for Volts is 300.000000
ptd-server 2022-08-03 18:13:57,505 [INFO] Sending to ptd: 'SR,V,Auto'
ptd-server 2022-08-03 18:13:58,021 [INFO] Reply from ptd: 'Range V changed'
ptd-server 2022-08-03 18:13:58,021 [INFO] Sending to ptd: 'SR,A,Auto'
ptd-server 2022-08-03 18:13:58,536 [INFO] Reply from ptd: 'Range A changed'
ptd-server 2022-08-03 18:14:08,550 [INFO] Starting ranging mode
ptd-server 2022-08-03 18:14:08,550 [INFO] Sending to ptd: 'Go,1000,0,2022-08-03_18-13-39_ranging'
ptd-server 2022-08-03 18:14:08,550 [INFO] Reply from ptd: 'Starting untimed measurement, maximum 500000 samples at 1000ms with 0 rampup samples'
ptd-server 2022-08-03 18:14:08,550 [INFO] Sending reply to client 'OK'
ptd-server 2022-08-03 20:23:22,690 [INFO] Got command from the client 'session,2022-08-03_18-13-39,stop,ranging'
ptd-server 2022-08-03 20:23:32,719 [INFO] Sending to ptd: 'Stop'
ptd-server 2022-08-03 20:23:32,719 [INFO] Reply from ptd: 'Stopping untimed measurement'
ptd-server 2022-08-03 20:23:32,844 [INFO] Sending reply to client 'OK'
ptd-server 2022-08-03 20:23:33,219 [INFO] Got command from the client 'time'
ptd-server 2022-08-03 20:23:33,234 [INFO] Sending reply to client '1659583413.219315'
ptd-server 2022-08-03 20:23:33,234 [INFO] Got command from the client 'session,2022-08-03_18-13-39,start,testing'
ptd-server 2022-08-03 20:23:33,234 [INFO] Sending to ptd: 'SR,V,207.020000'
ptd-server 2022-08-03 20:23:35,093 [INFO] Reply from ptd: 'Range V changed'
ptd-server 2022-08-03 20:23:35,093 [INFO] Sending to ptd: 'SR,A,0.566400'
ptd-server 2022-08-03 20:23:36,624 [INFO] Reply from ptd: 'Range A changed'
ptd-server 2022-08-03 20:23:46,638 [INFO] Starting testing mode
ptd-server 2022-08-03 20:23:46,638 [INFO] Sending to ptd: 'Go,1000,0,2022-08-03_18-13-39_testing'
ptd-server 2022-08-03 20:23:46,638 [INFO] Reply from ptd: 'Starting untimed measurement, maximum 500000 samples at 1000ms with 0 rampup samples'
ptd-server 2022-08-03 20:23:46,638 [INFO] Sending reply to client 'OK'
ptd-server 2022-08-03 22:33:17,204 [INFO] Got command from the client 'session,2022-08-03_18-13-39,stop,testing'
ptd-server 2022-08-03 22:33:27,217 [INFO] Sending to ptd: 'Stop'
ptd-server 2022-08-03 22:33:27,217 [INFO] Reply from ptd: 'Stopping untimed measurement'
ptd-server 2022-08-03 22:33:27,264 [INFO] Sending reply to client 'OK'
ptd-server 2022-08-03 22:33:27,561 [INFO] Got command from the client 'session,2022-08-03_18-13-39,done'
ptd-server 2022-08-03 22:33:27,561 [INFO] Sending to ptd: 'Stop'
ptd-server 2022-08-03 22:33:27,654 [INFO] Reply from ptd: 'Error: no measurement to stop'
ptd-server 2022-08-03 22:33:27,654 [INFO] Sending to ptd: 'SR,V,300.000000'
ptd-server 2022-08-03 22:33:29,185 [INFO] Reply from ptd: 'Range V changed'
ptd-server 2022-08-03 22:33:29,185 [INFO] Sending to ptd: 'SR,A,0.500000'
ptd-server 2022-08-03 22:33:30,716 [INFO] Reply from ptd: 'Range A changed'
ptd-server 2022-08-03 22:33:30,716 [INFO] Set initial values for Amps 0.500000 and Volts 300.000000
ptd-server 2022-08-03 22:33:30,716 [INFO] Stopping ptd...
