ptd-server 2022-07-25 22:51:14,796 [INFO] Got command from the client 'time'
ptd-server 2022-07-25 22:51:14,796 [INFO] Sending reply to client '1658785874.796549'
ptd-server 2022-07-25 22:51:14,797 [INFO] Got command from the client 'new,,e75ab1b9-1581-4046-9e45-e3e7f1d2141f'
ptd-server 2022-07-25 22:51:14,797 [INFO] Sending reply to client 'OK 2022-07-25_22-51-14,b10c26ab-2b31-4490-8730-ddf1977b9e30'
ptd-server 2022-07-25 22:51:14,826 [INFO] Got command from the client 'time'
ptd-server 2022-07-25 22:51:14,826 [INFO] Sending reply to client '1658785874.826415'
ptd-server 2022-07-25 22:51:14,827 [INFO] Got command from the client 'session,2022-07-25_22-51-14,start,ranging'
ptd-server 2022-07-25 22:51:14,827 [INFO] Running PTDaemon: ['/home/anton/projects/mlperf/power/inference_v1.0/ptd-linux-x86', '-l', '/tmp/tmp7lgbo8s4/ptd_logfile.txt', '-p', '8888', '49', '/dev/usbtmc0']
ptd-server 2022-07-25 22:51:32,003 [INFO] Sending to ptd: 'Hello'
ptd-server 2022-07-25 22:51:32,003 [INFO] Reply from ptd: 'Hello, PTDaemon here!'
ptd-server 2022-07-25 22:51:32,004 [INFO] Sending to ptd: 'Identify'
ptd-server 2022-07-25 22:51:32,004 [INFO] Reply from ptd: 'YokogawaWT310E,1000,1,1,1,1,0,1,1,version=1.9.2-e8c7a49a-20201208,OS=Linux 5.13.0-52-generic #59~20.04.1-Ubuntu SMP Thu Jun 16 21:21:28 UTC 2022 x86_64,mode=power,1,1,1,0,0,no_cal_date,YOKOGAWA;WT310E;C3XA04010E;F1.04'
ptd-server 2022-07-25 22:51:32,004 [INFO] Connected to PTDaemon
ptd-server 2022-07-25 22:51:32,004 [INFO] Sending to ptd: 'RR'
ptd-server 2022-07-25 22:51:32,005 [INFO] Reply from ptd: 'Ranges,0,0.500000,1,300.000000'
ptd-server 2022-07-25 22:51:32,005 [INFO] Initial range for Amps is 0.500000 for Volts is Auto
ptd-server 2022-07-25 22:51:32,005 [INFO] Sending to ptd: 'SR,V,Auto'
ptd-server 2022-07-25 22:51:32,507 [INFO] Reply from ptd: 'Range V changed'
ptd-server 2022-07-25 22:51:32,508 [INFO] Sending to ptd: 'SR,A,Auto'
ptd-server 2022-07-25 22:51:33,010 [INFO] Reply from ptd: 'Range A changed'
ptd-server 2022-07-25 22:51:43,020 [INFO] Starting ranging mode
ptd-server 2022-07-25 22:51:43,021 [INFO] Sending to ptd: 'Go,1000,0,2022-07-25_22-51-14_ranging'
ptd-server 2022-07-25 22:51:43,021 [INFO] Reply from ptd: 'Starting untimed measurement, maximum 500000 samples at 1000ms with 0 rampup samples'
ptd-server 2022-07-25 22:51:43,021 [INFO] Sending reply to client 'OK'
ptd-server 2022-07-25 23:01:59,352 [INFO] Got command from the client 'session,2022-07-25_22-51-14,stop,ranging'
ptd-server 2022-07-25 23:02:09,362 [INFO] Sending to ptd: 'Stop'
ptd-server 2022-07-25 23:02:09,363 [INFO] Reply from ptd: 'Stopping untimed measurement'
ptd-server 2022-07-25 23:02:10,172 [INFO] Sending reply to client 'OK'
ptd-server 2022-07-25 23:02:10,303 [INFO] Got command from the client 'time'
ptd-server 2022-07-25 23:02:10,303 [INFO] Sending reply to client '1658786530.303197'
ptd-server 2022-07-25 23:02:10,304 [INFO] Got command from the client 'session,2022-07-25_22-51-14,start,testing'
ptd-server 2022-07-25 23:02:10,304 [INFO] Sending to ptd: 'SR,V,250.110000'
ptd-server 2022-07-25 23:02:11,805 [INFO] Reply from ptd: 'Range V changed'
ptd-server 2022-07-25 23:02:11,805 [INFO] Sending to ptd: 'SR,A,0.062500'
ptd-server 2022-07-25 23:02:13,307 [INFO] Reply from ptd: 'Range A changed'
ptd-server 2022-07-25 23:02:23,317 [INFO] Starting testing mode
ptd-server 2022-07-25 23:02:23,317 [INFO] Sending to ptd: 'Go,1000,0,2022-07-25_22-51-14_testing'
ptd-server 2022-07-25 23:02:23,318 [INFO] Reply from ptd: 'Starting untimed measurement, maximum 500000 samples at 1000ms with 0 rampup samples'
ptd-server 2022-07-25 23:02:23,318 [INFO] Sending reply to client 'OK'
ptd-server 2022-07-25 23:12:39,514 [INFO] Got command from the client 'session,2022-07-25_22-51-14,stop,testing'
ptd-server 2022-07-25 23:12:49,525 [INFO] Sending to ptd: 'Stop'
ptd-server 2022-07-25 23:12:49,525 [INFO] Reply from ptd: 'Stopping untimed measurement'
ptd-server 2022-07-25 23:12:49,951 [INFO] Sending reply to client 'OK'
ptd-server 2022-07-25 23:12:49,960 [INFO] Got command from the client 'session,2022-07-25_22-51-14,done'
ptd-server 2022-07-25 23:12:49,960 [INFO] Sending to ptd: 'Stop'
ptd-server 2022-07-25 23:12:50,319 [INFO] Reply from ptd: 'Error: no measurement to stop'
ptd-server 2022-07-25 23:12:50,319 [INFO] Sending to ptd: 'SR,V,Auto'
ptd-server 2022-07-25 23:12:50,822 [INFO] Reply from ptd: 'Range V changed'
ptd-server 2022-07-25 23:12:50,822 [INFO] Sending to ptd: 'SR,A,0.500000'
ptd-server 2022-07-25 23:12:52,323 [INFO] Reply from ptd: 'Range A changed'
ptd-server 2022-07-25 23:12:52,323 [INFO] Set initial values for Amps 0.500000 and Volts Auto
ptd-server 2022-07-25 23:12:52,324 [INFO] Stopping ptd...
