ptd-server 2022-07-21 06:08:00,309 [INFO] Got command from the client 'time'
ptd-server 2022-07-21 06:08:00,309 [INFO] Sending reply to client '1658380080.3092864'
ptd-server 2022-07-21 06:08:00,310 [INFO] Got command from the client 'new,,2fdd551e-d692-410b-8182-44be92ac7b60'
ptd-server 2022-07-21 06:08:00,311 [INFO] Sending reply to client 'OK 2022-07-21_06-08-00,44035229-e77a-4dee-a86b-e5c8b7b006a1'
ptd-server 2022-07-21 06:08:00,339 [INFO] Got command from the client 'time'
ptd-server 2022-07-21 06:08:00,340 [INFO] Sending reply to client '1658380080.3400073'
ptd-server 2022-07-21 06:08:00,341 [INFO] Got command from the client 'session,2022-07-21_06-08-00,start,ranging'
ptd-server 2022-07-21 06:08:00,341 [INFO] Running PTDaemon: ['/home/anton/projects/mlperf/power/inference_v1.0/ptd-linux-x86', '-l', '/tmp/tmp7lgbo8s4/ptd_logfile.txt', '-p', '8888', '49', '/dev/usbtmc0']
ptd-server 2022-07-21 06:08:17,514 [INFO] Sending to ptd: 'Hello'
ptd-server 2022-07-21 06:08:17,515 [INFO] Reply from ptd: 'Hello, PTDaemon here!'
ptd-server 2022-07-21 06:08:17,515 [INFO] Sending to ptd: 'Identify'
ptd-server 2022-07-21 06:08:17,516 [INFO] Reply from ptd: 'YokogawaWT310E,1000,1,1,1,1,0,1,1,version=1.9.2-e8c7a49a-20201208,OS=Linux 5.13.0-52-generic #59~20.04.1-Ubuntu SMP Thu Jun 16 21:21:28 UTC 2022 x86_64,mode=power,1,1,1,0,0,no_cal_date,YOKOGAWA;WT310E;C3XA04010E;F1.04'
ptd-server 2022-07-21 06:08:17,516 [INFO] Connected to PTDaemon
ptd-server 2022-07-21 06:08:17,516 [INFO] Sending to ptd: 'RR'
ptd-server 2022-07-21 06:08:17,516 [INFO] Reply from ptd: 'Ranges,0,0.500000,1,300.000000'
ptd-server 2022-07-21 06:08:17,517 [INFO] Initial range for Amps is 0.500000 for Volts is Auto
ptd-server 2022-07-21 06:08:17,517 [INFO] Sending to ptd: 'SR,V,Auto'
ptd-server 2022-07-21 06:08:18,019 [INFO] Reply from ptd: 'Range V changed'
ptd-server 2022-07-21 06:08:18,020 [INFO] Sending to ptd: 'SR,A,Auto'
ptd-server 2022-07-21 06:08:18,522 [INFO] Reply from ptd: 'Range A changed'
ptd-server 2022-07-21 06:08:28,532 [INFO] Starting ranging mode
ptd-server 2022-07-21 06:08:28,533 [INFO] Sending to ptd: 'Go,1000,0,2022-07-21_06-08-00_ranging'
ptd-server 2022-07-21 06:08:28,533 [INFO] Reply from ptd: 'Starting untimed measurement, maximum 500000 samples at 1000ms with 0 rampup samples'
ptd-server 2022-07-21 06:08:28,533 [INFO] Sending reply to client 'OK'
ptd-server 2022-07-21 06:18:49,572 [INFO] Got command from the client 'session,2022-07-21_06-08-00,stop,ranging'
ptd-server 2022-07-21 06:18:59,582 [INFO] Sending to ptd: 'Stop'
ptd-server 2022-07-21 06:18:59,582 [INFO] Reply from ptd: 'Stopping untimed measurement'
ptd-server 2022-07-21 06:18:59,885 [INFO] Sending reply to client 'OK'
ptd-server 2022-07-21 06:18:59,925 [INFO] Got command from the client 'time'
ptd-server 2022-07-21 06:18:59,925 [INFO] Sending reply to client '1658380739.9252913'
ptd-server 2022-07-21 06:18:59,926 [INFO] Got command from the client 'session,2022-07-21_06-08-00,start,testing'
ptd-server 2022-07-21 06:18:59,926 [INFO] Sending to ptd: 'SR,V,250.520000'
ptd-server 2022-07-21 06:19:02,034 [INFO] Reply from ptd: 'Range V changed'
ptd-server 2022-07-21 06:19:02,034 [INFO] Sending to ptd: 'SR,A,0.075910'
ptd-server 2022-07-21 06:19:03,536 [INFO] Reply from ptd: 'Range A changed'
ptd-server 2022-07-21 06:19:13,546 [INFO] Starting testing mode
ptd-server 2022-07-21 06:19:13,546 [INFO] Sending to ptd: 'Go,1000,0,2022-07-21_06-08-00_testing'
ptd-server 2022-07-21 06:19:13,547 [INFO] Reply from ptd: 'Starting untimed measurement, maximum 500000 samples at 1000ms with 0 rampup samples'
ptd-server 2022-07-21 06:19:13,547 [INFO] Sending reply to client 'OK'
ptd-server 2022-07-21 06:29:34,431 [INFO] Got command from the client 'session,2022-07-21_06-08-00,stop,testing'
ptd-server 2022-07-21 06:29:44,441 [INFO] Sending to ptd: 'Stop'
ptd-server 2022-07-21 06:29:44,442 [INFO] Reply from ptd: 'Stopping untimed measurement'
ptd-server 2022-07-21 06:29:44,606 [INFO] Sending reply to client 'OK'
ptd-server 2022-07-21 06:29:44,614 [INFO] Got command from the client 'session,2022-07-21_06-08-00,done'
ptd-server 2022-07-21 06:29:44,614 [INFO] Sending to ptd: 'Stop'
ptd-server 2022-07-21 06:29:44,614 [INFO] Reply from ptd: 'Error: no measurement to stop'
ptd-server 2022-07-21 06:29:44,614 [INFO] Sending to ptd: 'SR,V,Auto'
ptd-server 2022-07-21 06:29:45,117 [INFO] Reply from ptd: 'Range V changed'
ptd-server 2022-07-21 06:29:45,117 [INFO] Sending to ptd: 'SR,A,0.500000'
ptd-server 2022-07-21 06:29:46,618 [INFO] Reply from ptd: 'Range A changed'
ptd-server 2022-07-21 06:29:46,618 [INFO] Set initial values for Amps 0.500000 and Volts Auto
ptd-server 2022-07-21 06:29:46,619 [INFO] Stopping ptd...
