ptd-server 2022-07-23 03:02:13,937 [INFO] Got command from the client 'time'
ptd-server 2022-07-23 03:02:13,937 [INFO] Sending reply to client '1658541733.9379094'
ptd-server 2022-07-23 03:02:13,938 [INFO] Got command from the client 'new,,1e675912-8d38-4521-bd0b-18236090c555'
ptd-server 2022-07-23 03:02:13,939 [INFO] Sending reply to client 'OK 2022-07-23_03-02-13,a9ce8895-c4aa-49ad-9eb6-c56514c3fa59'
ptd-server 2022-07-23 03:02:13,985 [INFO] Got command from the client 'time'
ptd-server 2022-07-23 03:02:13,985 [INFO] Sending reply to client '1658541733.9856644'
ptd-server 2022-07-23 03:02:13,986 [INFO] Got command from the client 'session,2022-07-23_03-02-13,start,ranging'
ptd-server 2022-07-23 03:02:13,987 [INFO] Running PTDaemon: ['/home/anton/projects/mlperf/power/inference_v1.0/ptd-linux-x86', '-l', '/tmp/tmp7lgbo8s4/ptd_logfile.txt', '-p', '8888', '49', '/dev/usbtmc0']
ptd-server 2022-07-23 03:02:31,160 [INFO] Sending to ptd: 'Hello'
ptd-server 2022-07-23 03:02:31,161 [INFO] Reply from ptd: 'Hello, PTDaemon here!'
ptd-server 2022-07-23 03:02:31,161 [INFO] Sending to ptd: 'Identify'
ptd-server 2022-07-23 03:02:31,161 [INFO] Reply from ptd: 'YokogawaWT310E,1000,1,1,1,1,0,1,1,version=1.9.2-e8c7a49a-20201208,OS=Linux 5.13.0-52-generic #59~20.04.1-Ubuntu SMP Thu Jun 16 21:21:28 UTC 2022 x86_64,mode=power,1,1,1,0,0,no_cal_date,YOKOGAWA;WT310E;C3XA04010E;F1.04'
ptd-server 2022-07-23 03:02:31,161 [INFO] Connected to PTDaemon
ptd-server 2022-07-23 03:02:31,161 [INFO] Sending to ptd: 'RR'
ptd-server 2022-07-23 03:02:31,162 [INFO] Reply from ptd: 'Ranges,0,0.500000,1,300.000000'
ptd-server 2022-07-23 03:02:31,162 [INFO] Initial range for Amps is 0.500000 for Volts is Auto
ptd-server 2022-07-23 03:02:31,162 [INFO] Sending to ptd: 'SR,V,Auto'
ptd-server 2022-07-23 03:02:31,665 [INFO] Reply from ptd: 'Range V changed'
ptd-server 2022-07-23 03:02:31,665 [INFO] Sending to ptd: 'SR,A,Auto'
ptd-server 2022-07-23 03:02:32,167 [INFO] Reply from ptd: 'Range A changed'
ptd-server 2022-07-23 03:02:42,173 [INFO] Starting ranging mode
ptd-server 2022-07-23 03:02:42,173 [INFO] Sending to ptd: 'Go,1000,0,2022-07-23_03-02-13_ranging'
ptd-server 2022-07-23 03:02:42,174 [INFO] Reply from ptd: 'Starting untimed measurement, maximum 500000 samples at 1000ms with 0 rampup samples'
ptd-server 2022-07-23 03:02:42,174 [INFO] Sending reply to client 'OK'
ptd-server 2022-07-23 03:12:58,550 [INFO] Got command from the client 'session,2022-07-23_03-02-13,stop,ranging'
ptd-server 2022-07-23 03:13:08,561 [INFO] Sending to ptd: 'Stop'
ptd-server 2022-07-23 03:13:08,561 [INFO] Reply from ptd: 'Stopping untimed measurement'
ptd-server 2022-07-23 03:13:09,077 [INFO] Sending reply to client 'OK'
ptd-server 2022-07-23 03:13:09,131 [INFO] Got command from the client 'time'
ptd-server 2022-07-23 03:13:09,132 [INFO] Sending reply to client '1658542389.1320171'
ptd-server 2022-07-23 03:13:09,133 [INFO] Got command from the client 'session,2022-07-23_03-02-13,start,testing'
ptd-server 2022-07-23 03:13:09,133 [INFO] Sending to ptd: 'SR,V,250.900000'
ptd-server 2022-07-23 03:13:10,675 [INFO] Reply from ptd: 'Range V changed'
ptd-server 2022-07-23 03:13:10,675 [INFO] Sending to ptd: 'SR,A,0.048430'
ptd-server 2022-07-23 03:13:12,177 [INFO] Reply from ptd: 'Range A changed'
ptd-server 2022-07-23 03:13:22,187 [INFO] Starting testing mode
ptd-server 2022-07-23 03:13:22,187 [INFO] Sending to ptd: 'Go,1000,0,2022-07-23_03-02-13_testing'
ptd-server 2022-07-23 03:13:22,187 [INFO] Reply from ptd: 'Starting untimed measurement, maximum 500000 samples at 1000ms with 0 rampup samples'
ptd-server 2022-07-23 03:13:22,188 [INFO] Sending reply to client 'OK'
ptd-server 2022-07-23 03:23:38,536 [INFO] Got command from the client 'session,2022-07-23_03-02-13,stop,testing'
ptd-server 2022-07-23 03:23:48,547 [INFO] Sending to ptd: 'Stop'
ptd-server 2022-07-23 03:23:48,547 [INFO] Reply from ptd: 'Stopping untimed measurement'
ptd-server 2022-07-23 03:23:48,809 [INFO] Sending reply to client 'OK'
ptd-server 2022-07-23 03:23:48,817 [INFO] Got command from the client 'session,2022-07-23_03-02-13,done'
ptd-server 2022-07-23 03:23:48,817 [INFO] Sending to ptd: 'Stop'
ptd-server 2022-07-23 03:23:49,188 [INFO] Reply from ptd: 'Error: no measurement to stop'
ptd-server 2022-07-23 03:23:49,188 [INFO] Sending to ptd: 'SR,V,Auto'
ptd-server 2022-07-23 03:23:49,691 [INFO] Reply from ptd: 'Range V changed'
ptd-server 2022-07-23 03:23:49,691 [INFO] Sending to ptd: 'SR,A,0.500000'
ptd-server 2022-07-23 03:23:51,192 [INFO] Reply from ptd: 'Range A changed'
ptd-server 2022-07-23 03:23:51,192 [INFO] Set initial values for Amps 0.500000 and Volts Auto
ptd-server 2022-07-23 03:23:51,192 [INFO] Stopping ptd...
