ptd-server 2022-07-24 08:59:15,946 [INFO] Got command from the client 'time'
ptd-server 2022-07-24 08:59:15,946 [INFO] Sending reply to client '1658649555.9468977'
ptd-server 2022-07-24 08:59:15,947 [INFO] Got command from the client 'new,,e75a7f5f-3ec9-4181-b0b1-219d8bf3a683'
ptd-server 2022-07-24 08:59:15,948 [INFO] Sending reply to client 'OK 2022-07-24_08-59-15,301f8bb0-3cb9-4704-9cf1-18c4126eb621'
ptd-server 2022-07-24 08:59:15,978 [INFO] Got command from the client 'time'
ptd-server 2022-07-24 08:59:15,978 [INFO] Sending reply to client '1658649555.978493'
ptd-server 2022-07-24 08:59:15,979 [INFO] Got command from the client 'session,2022-07-24_08-59-15,start,ranging'
ptd-server 2022-07-24 08:59:15,980 [INFO] Running PTDaemon: ['/home/anton/projects/mlperf/power/inference_v1.0/ptd-linux-x86', '-l', '/tmp/tmp7lgbo8s4/ptd_logfile.txt', '-p', '8888', '49', '/dev/usbtmc0']
ptd-server 2022-07-24 08:59:33,154 [INFO] Sending to ptd: 'Hello'
ptd-server 2022-07-24 08:59:33,155 [INFO] Reply from ptd: 'Hello, PTDaemon here!'
ptd-server 2022-07-24 08:59:33,155 [INFO] Sending to ptd: 'Identify'
ptd-server 2022-07-24 08:59:33,155 [INFO] Reply from ptd: 'YokogawaWT310E,1000,1,1,1,1,0,1,1,version=1.9.2-e8c7a49a-20201208,OS=Linux 5.13.0-52-generic #59~20.04.1-Ubuntu SMP Thu Jun 16 21:21:28 UTC 2022 x86_64,mode=power,1,1,1,0,0,no_cal_date,YOKOGAWA;WT310E;C3XA04010E;F1.04'
ptd-server 2022-07-24 08:59:33,156 [INFO] Connected to PTDaemon
ptd-server 2022-07-24 08:59:33,156 [INFO] Sending to ptd: 'RR'
ptd-server 2022-07-24 08:59:33,156 [INFO] Reply from ptd: 'Ranges,0,0.500000,1,300.000000'
ptd-server 2022-07-24 08:59:33,156 [INFO] Initial range for Amps is 0.500000 for Volts is Auto
ptd-server 2022-07-24 08:59:33,156 [INFO] Sending to ptd: 'SR,V,Auto'
ptd-server 2022-07-24 08:59:33,659 [INFO] Reply from ptd: 'Range V changed'
ptd-server 2022-07-24 08:59:33,659 [INFO] Sending to ptd: 'SR,A,Auto'
ptd-server 2022-07-24 08:59:34,161 [INFO] Reply from ptd: 'Range A changed'
ptd-server 2022-07-24 08:59:44,167 [INFO] Starting ranging mode
ptd-server 2022-07-24 08:59:44,167 [INFO] Sending to ptd: 'Go,1000,0,2022-07-24_08-59-15_ranging'
ptd-server 2022-07-24 08:59:44,168 [INFO] Reply from ptd: 'Starting untimed measurement, maximum 500000 samples at 1000ms with 0 rampup samples'
ptd-server 2022-07-24 08:59:44,168 [INFO] Sending reply to client 'OK'
ptd-server 2022-07-24 09:10:03,615 [INFO] Got command from the client 'session,2022-07-24_08-59-15,stop,ranging'
ptd-server 2022-07-24 09:10:13,625 [INFO] Sending to ptd: 'Stop'
ptd-server 2022-07-24 09:10:13,625 [INFO] Reply from ptd: 'Stopping untimed measurement'
ptd-server 2022-07-24 09:10:14,303 [INFO] Sending reply to client 'OK'
ptd-server 2022-07-24 09:10:14,362 [INFO] Got command from the client 'time'
ptd-server 2022-07-24 09:10:14,362 [INFO] Sending reply to client '1658650214.3629012'
ptd-server 2022-07-24 09:10:14,363 [INFO] Got command from the client 'session,2022-07-24_08-59-15,start,testing'
ptd-server 2022-07-24 09:10:14,364 [INFO] Sending to ptd: 'SR,V,250.790000'
ptd-server 2022-07-24 09:10:15,865 [INFO] Reply from ptd: 'Range V changed'
ptd-server 2022-07-24 09:10:15,865 [INFO] Sending to ptd: 'SR,A,0.052040'
ptd-server 2022-07-24 09:10:17,366 [INFO] Reply from ptd: 'Range A changed'
ptd-server 2022-07-24 09:10:27,375 [INFO] Starting testing mode
ptd-server 2022-07-24 09:10:27,375 [INFO] Sending to ptd: 'Go,1000,0,2022-07-24_08-59-15_testing'
ptd-server 2022-07-24 09:10:27,376 [INFO] Reply from ptd: 'Starting untimed measurement, maximum 500000 samples at 1000ms with 0 rampup samples'
ptd-server 2022-07-24 09:10:27,376 [INFO] Sending reply to client 'OK'
ptd-server 2022-07-24 09:20:46,676 [INFO] Got command from the client 'session,2022-07-24_08-59-15,stop,testing'
ptd-server 2022-07-24 09:20:56,686 [INFO] Sending to ptd: 'Stop'
ptd-server 2022-07-24 09:20:56,686 [INFO] Reply from ptd: 'Stopping untimed measurement'
ptd-server 2022-07-24 09:20:57,032 [INFO] Sending reply to client 'OK'
ptd-server 2022-07-24 09:20:57,040 [INFO] Got command from the client 'session,2022-07-24_08-59-15,done'
ptd-server 2022-07-24 09:20:57,040 [INFO] Sending to ptd: 'Stop'
ptd-server 2022-07-24 09:20:57,376 [INFO] Reply from ptd: 'Error: no measurement to stop'
ptd-server 2022-07-24 09:20:57,376 [INFO] Sending to ptd: 'SR,V,Auto'
ptd-server 2022-07-24 09:20:57,879 [INFO] Reply from ptd: 'Range V changed'
ptd-server 2022-07-24 09:20:57,879 [INFO] Sending to ptd: 'SR,A,0.500000'
ptd-server 2022-07-24 09:20:59,380 [INFO] Reply from ptd: 'Range A changed'
ptd-server 2022-07-24 09:20:59,381 [INFO] Set initial values for Amps 0.500000 and Volts Auto
ptd-server 2022-07-24 09:20:59,381 [INFO] Stopping ptd...
