ptd-server 2022-07-27 07:00:03,024 [INFO] Got command from the client 'time'
ptd-server 2022-07-27 07:00:03,024 [INFO] Sending reply to client '1658901603.024706'
ptd-server 2022-07-27 07:00:03,028 [INFO] Got command from the client 'new,,bac90c87-bd11-45b7-93df-820627240c74'
ptd-server 2022-07-27 07:00:03,029 [INFO] Sending reply to client 'OK 2022-07-27_07-00-03,09a4d8c5-0136-4b7b-b661-530428d93b06'
ptd-server 2022-07-27 07:00:03,129 [INFO] Got command from the client 'time'
ptd-server 2022-07-27 07:00:03,129 [INFO] Sending reply to client '1658901603.129398'
ptd-server 2022-07-27 07:00:03,135 [INFO] Got command from the client 'session,2022-07-27_07-00-03,start,ranging'
ptd-server 2022-07-27 07:00:03,135 [INFO] Running PTDaemon: ['/home/anton/projects/mlperf/power/inference_v1.0/ptd-linux-x86', '-l', '/tmp/tmp7lgbo8s4/ptd_logfile.txt', '-p', '8888', '49', '/dev/usbtmc0']
ptd-server 2022-07-27 07:00:20,309 [INFO] Sending to ptd: 'Hello'
ptd-server 2022-07-27 07:00:20,310 [INFO] Reply from ptd: 'Hello, PTDaemon here!'
ptd-server 2022-07-27 07:00:20,310 [INFO] Sending to ptd: 'Identify'
ptd-server 2022-07-27 07:00:20,310 [INFO] Reply from ptd: 'YokogawaWT310E,1000,1,1,1,1,0,1,1,version=1.9.2-e8c7a49a-20201208,OS=Linux 5.13.0-52-generic #59~20.04.1-Ubuntu SMP Thu Jun 16 21:21:28 UTC 2022 x86_64,mode=power,1,1,1,0,0,no_cal_date,YOKOGAWA;WT310E;C3XA04010E;F1.04'
ptd-server 2022-07-27 07:00:20,311 [INFO] Connected to PTDaemon
ptd-server 2022-07-27 07:00:20,311 [INFO] Sending to ptd: 'RR'
ptd-server 2022-07-27 07:00:20,311 [INFO] Reply from ptd: 'Ranges,0,0.500000,1,300.000000'
ptd-server 2022-07-27 07:00:20,311 [INFO] Initial range for Amps is 0.500000 for Volts is Auto
ptd-server 2022-07-27 07:00:20,311 [INFO] Sending to ptd: 'SR,V,Auto'
ptd-server 2022-07-27 07:00:20,814 [INFO] Reply from ptd: 'Range V changed'
ptd-server 2022-07-27 07:00:20,814 [INFO] Sending to ptd: 'SR,A,Auto'
ptd-server 2022-07-27 07:00:21,316 [INFO] Reply from ptd: 'Range A changed'
ptd-server 2022-07-27 07:00:31,326 [INFO] Starting ranging mode
ptd-server 2022-07-27 07:00:31,327 [INFO] Sending to ptd: 'Go,1000,0,2022-07-27_07-00-03_ranging'
ptd-server 2022-07-27 07:00:31,327 [INFO] Reply from ptd: 'Starting untimed measurement, maximum 500000 samples at 1000ms with 0 rampup samples'
ptd-server 2022-07-27 07:00:31,327 [INFO] Sending reply to client 'OK'
ptd-server 2022-07-27 07:10:46,548 [INFO] Got command from the client 'session,2022-07-27_07-00-03,stop,ranging'
ptd-server 2022-07-27 07:10:56,558 [INFO] Sending to ptd: 'Stop'
ptd-server 2022-07-27 07:10:56,559 [INFO] Reply from ptd: 'Stopping untimed measurement'
ptd-server 2022-07-27 07:10:57,491 [INFO] Sending reply to client 'OK'
ptd-server 2022-07-27 07:10:57,688 [INFO] Got command from the client 'time'
ptd-server 2022-07-27 07:10:57,689 [INFO] Sending reply to client '1658902257.6889777'
ptd-server 2022-07-27 07:10:57,694 [INFO] Got command from the client 'session,2022-07-27_07-00-03,start,testing'
ptd-server 2022-07-27 07:10:57,695 [INFO] Sending to ptd: 'SR,V,249.660000'
ptd-server 2022-07-27 07:10:59,196 [INFO] Reply from ptd: 'Range V changed'
ptd-server 2022-07-27 07:10:59,196 [INFO] Sending to ptd: 'SR,A,0.046890'
ptd-server 2022-07-27 07:11:00,697 [INFO] Reply from ptd: 'Range A changed'
ptd-server 2022-07-27 07:11:10,708 [INFO] Starting testing mode
ptd-server 2022-07-27 07:11:10,708 [INFO] Sending to ptd: 'Go,1000,0,2022-07-27_07-00-03_testing'
ptd-server 2022-07-27 07:11:10,708 [INFO] Reply from ptd: 'Starting untimed measurement, maximum 500000 samples at 1000ms with 0 rampup samples'
ptd-server 2022-07-27 07:11:10,708 [INFO] Sending reply to client 'OK'
ptd-server 2022-07-27 07:21:26,026 [INFO] Got command from the client 'session,2022-07-27_07-00-03,stop,testing'
ptd-server 2022-07-27 07:21:36,037 [INFO] Sending to ptd: 'Stop'
ptd-server 2022-07-27 07:21:36,037 [INFO] Reply from ptd: 'Stopping untimed measurement'
ptd-server 2022-07-27 07:21:36,513 [INFO] Sending reply to client 'OK'
ptd-server 2022-07-27 07:21:36,585 [INFO] Got command from the client 'session,2022-07-27_07-00-03,done'
ptd-server 2022-07-27 07:21:36,586 [INFO] Sending to ptd: 'Stop'
ptd-server 2022-07-27 07:21:36,708 [INFO] Reply from ptd: 'Error: no measurement to stop'
ptd-server 2022-07-27 07:21:36,708 [INFO] Sending to ptd: 'SR,V,Auto'
ptd-server 2022-07-27 07:21:37,211 [INFO] Reply from ptd: 'Range V changed'
ptd-server 2022-07-27 07:21:37,211 [INFO] Sending to ptd: 'SR,A,0.500000'
ptd-server 2022-07-27 07:21:38,712 [INFO] Reply from ptd: 'Range A changed'
ptd-server 2022-07-27 07:21:38,713 [INFO] Set initial values for Amps 0.500000 and Volts Auto
ptd-server 2022-07-27 07:21:38,713 [INFO] Stopping ptd...
