ptd-server 2022-07-24 10:05:19,275 [INFO] Got command from the client 'time'
ptd-server 2022-07-24 10:05:19,275 [INFO] Sending reply to client '1658653519.2751443'
ptd-server 2022-07-24 10:05:19,276 [INFO] Got command from the client 'new,,63c25efd-ee2a-4d0a-9534-ae4d20084a9b'
ptd-server 2022-07-24 10:05:19,276 [INFO] Sending reply to client 'OK 2022-07-24_10-05-19,e6c17fdd-1a62-4e3d-81be-0fe58c1a9cca'
ptd-server 2022-07-24 10:05:19,304 [INFO] Got command from the client 'time'
ptd-server 2022-07-24 10:05:19,305 [INFO] Sending reply to client '1658653519.30502'
ptd-server 2022-07-24 10:05:19,306 [INFO] Got command from the client 'session,2022-07-24_10-05-19,start,ranging'
ptd-server 2022-07-24 10:05:19,306 [INFO] Running PTDaemon: ['/home/anton/projects/mlperf/power/inference_v1.0/ptd-linux-x86', '-l', '/tmp/tmp7lgbo8s4/ptd_logfile.txt', '-p', '8888', '49', '/dev/usbtmc0']
ptd-server 2022-07-24 10:05:36,481 [INFO] Sending to ptd: 'Hello'
ptd-server 2022-07-24 10:05:36,482 [INFO] Reply from ptd: 'Hello, PTDaemon here!'
ptd-server 2022-07-24 10:05:36,482 [INFO] Sending to ptd: 'Identify'
ptd-server 2022-07-24 10:05:36,482 [INFO] Reply from ptd: 'YokogawaWT310E,1000,1,1,1,1,0,1,1,version=1.9.2-e8c7a49a-20201208,OS=Linux 5.13.0-52-generic #59~20.04.1-Ubuntu SMP Thu Jun 16 21:21:28 UTC 2022 x86_64,mode=power,1,1,1,0,0,no_cal_date,YOKOGAWA;WT310E;C3XA04010E;F1.04'
ptd-server 2022-07-24 10:05:36,482 [INFO] Connected to PTDaemon
ptd-server 2022-07-24 10:05:36,482 [INFO] Sending to ptd: 'RR'
ptd-server 2022-07-24 10:05:36,483 [INFO] Reply from ptd: 'Ranges,0,0.500000,1,300.000000'
ptd-server 2022-07-24 10:05:36,483 [INFO] Initial range for Amps is 0.500000 for Volts is Auto
ptd-server 2022-07-24 10:05:36,483 [INFO] Sending to ptd: 'SR,V,Auto'
ptd-server 2022-07-24 10:05:36,986 [INFO] Reply from ptd: 'Range V changed'
ptd-server 2022-07-24 10:05:36,986 [INFO] Sending to ptd: 'SR,A,Auto'
ptd-server 2022-07-24 10:05:37,488 [INFO] Reply from ptd: 'Range A changed'
ptd-server 2022-07-24 10:05:47,498 [INFO] Starting ranging mode
ptd-server 2022-07-24 10:05:47,499 [INFO] Sending to ptd: 'Go,1000,0,2022-07-24_10-05-19_ranging'
ptd-server 2022-07-24 10:05:47,499 [INFO] Reply from ptd: 'Starting untimed measurement, maximum 500000 samples at 1000ms with 0 rampup samples'
ptd-server 2022-07-24 10:05:47,499 [INFO] Sending reply to client 'OK'
ptd-server 2022-07-24 10:16:21,628 [INFO] Got command from the client 'session,2022-07-24_10-05-19,stop,ranging'
ptd-server 2022-07-24 10:16:31,639 [INFO] Sending to ptd: 'Stop'
ptd-server 2022-07-24 10:16:31,639 [INFO] Reply from ptd: 'Stopping untimed measurement'
ptd-server 2022-07-24 10:16:32,314 [INFO] Sending reply to client 'OK'
ptd-server 2022-07-24 10:16:32,360 [INFO] Got command from the client 'time'
ptd-server 2022-07-24 10:16:32,360 [INFO] Sending reply to client '1658654192.3609107'
ptd-server 2022-07-24 10:16:32,361 [INFO] Got command from the client 'session,2022-07-24_10-05-19,start,testing'
ptd-server 2022-07-24 10:16:32,361 [INFO] Sending to ptd: 'SR,V,250.590000'
ptd-server 2022-07-24 10:16:34,000 [INFO] Reply from ptd: 'Range V changed'
ptd-server 2022-07-24 10:16:34,001 [INFO] Sending to ptd: 'SR,A,0.050530'
ptd-server 2022-07-24 10:16:35,502 [INFO] Reply from ptd: 'Range A changed'
ptd-server 2022-07-24 10:16:45,512 [INFO] Starting testing mode
ptd-server 2022-07-24 10:16:45,513 [INFO] Sending to ptd: 'Go,1000,0,2022-07-24_10-05-19_testing'
ptd-server 2022-07-24 10:16:45,513 [INFO] Reply from ptd: 'Starting untimed measurement, maximum 500000 samples at 1000ms with 0 rampup samples'
ptd-server 2022-07-24 10:16:45,513 [INFO] Sending reply to client 'OK'
ptd-server 2022-07-24 10:27:19,674 [INFO] Got command from the client 'session,2022-07-24_10-05-19,stop,testing'
ptd-server 2022-07-24 10:27:29,684 [INFO] Sending to ptd: 'Stop'
ptd-server 2022-07-24 10:27:29,684 [INFO] Reply from ptd: 'Stopping untimed measurement'
ptd-server 2022-07-24 10:27:30,039 [INFO] Sending reply to client 'OK'
ptd-server 2022-07-24 10:27:30,047 [INFO] Got command from the client 'session,2022-07-24_10-05-19,done'
ptd-server 2022-07-24 10:27:30,047 [INFO] Sending to ptd: 'Stop'
ptd-server 2022-07-24 10:27:30,514 [INFO] Reply from ptd: 'Error: no measurement to stop'
ptd-server 2022-07-24 10:27:30,514 [INFO] Sending to ptd: 'SR,V,Auto'
ptd-server 2022-07-24 10:27:31,017 [INFO] Reply from ptd: 'Range V changed'
ptd-server 2022-07-24 10:27:31,017 [INFO] Sending to ptd: 'SR,A,0.500000'
ptd-server 2022-07-24 10:27:32,518 [INFO] Reply from ptd: 'Range A changed'
ptd-server 2022-07-24 10:27:32,518 [INFO] Set initial values for Amps 0.500000 and Volts Auto
ptd-server 2022-07-24 10:27:32,519 [INFO] Stopping ptd...
