ptd-server 2022-08-04 10:22:55,814 [INFO] Got command from the client 'time'
ptd-server 2022-08-04 10:22:55,814 [INFO] Sending reply to client '1659626575.814384'
ptd-server 2022-08-04 10:22:55,817 [INFO] Got command from the client 'new,,cabe81d3-e109-4b0d-b103-011cbcb3597b'
ptd-server 2022-08-04 10:22:55,817 [INFO] Sending reply to client 'OK 2022-08-04_10-22-55,1bb1e7a1-777f-4af3-820c-0e055be7b3c9'
ptd-server 2022-08-04 10:22:55,925 [INFO] Got command from the client 'time'
ptd-server 2022-08-04 10:22:55,926 [INFO] Sending reply to client '1659626575.925969'
ptd-server 2022-08-04 10:22:55,928 [INFO] Got command from the client 'session,2022-08-04_10-22-55,start,ranging'
ptd-server 2022-08-04 10:22:55,928 [INFO] Running PTDaemon: ['/local/mnt/workspace/mlcommons/power-main/inference_v1.0/ptd-linux-x86', '-l', '/tmp/tmpl8t2s5ku/ptd_logfile.txt', '-p', '8888', '-c', '1', '52', '/dev/usbtmc0']
ptd-server 2022-08-04 10:23:13,048 [INFO] Sending to ptd: 'Hello'
ptd-server 2022-08-04 10:23:13,049 [INFO] Reply from ptd: 'Hello, PTDaemon here!'
ptd-server 2022-08-04 10:23:13,049 [INFO] Sending to ptd: 'Identify'
ptd-server 2022-08-04 10:23:13,050 [INFO] Reply from ptd: 'YokogawaWT330,1000,1,1,1,1,0,0,1,version=1.9.2-e8c7a49a-20201208,OS=Linux 5.4.0-120-generic #136~18.04.1-Ubuntu SMP Fri Jun 10 18:00:44 UTC 2022 x86_64,mode=power,1,1,1,0,0,no_cal_date,YOKOGAWA;WT333;C2QH26002V;F1.06'
ptd-server 2022-08-04 10:23:13,050 [INFO] Connected to PTDaemon
ptd-server 2022-08-04 10:23:13,050 [INFO] Sending to ptd: 'RR'
ptd-server 2022-08-04 10:23:13,050 [INFO] Reply from ptd: 'Ranges,1,0.500000,1,150.000000'
ptd-server 2022-08-04 10:23:13,050 [INFO] Initial range for Amps is Auto for Volts is Auto
ptd-server 2022-08-04 10:23:13,051 [INFO] Sending to ptd: 'SR,V,Auto'
ptd-server 2022-08-04 10:23:13,554 [INFO] Reply from ptd: 'Range V changed'
ptd-server 2022-08-04 10:23:13,554 [INFO] Sending to ptd: 'SR,A,Auto'
ptd-server 2022-08-04 10:23:14,057 [INFO] Reply from ptd: 'Range A changed'
ptd-server 2022-08-04 10:23:24,062 [INFO] Starting ranging mode
ptd-server 2022-08-04 10:23:24,062 [INFO] Sending to ptd: 'Go,1000,0,2022-08-04_10-22-55_ranging'
ptd-server 2022-08-04 10:23:24,063 [INFO] Reply from ptd: 'Starting untimed measurement, maximum 500000 samples at 1000ms with 0 rampup samples'
ptd-server 2022-08-04 10:23:24,063 [INFO] Sending reply to client 'OK'
ptd-server 2022-08-04 10:33:42,282 [INFO] Got command from the client 'session,2022-08-04_10-22-55,stop,ranging'
ptd-server 2022-08-04 10:33:52,286 [INFO] Sending to ptd: 'Stop'
ptd-server 2022-08-04 10:33:52,286 [INFO] Reply from ptd: 'Stopping untimed measurement'
ptd-server 2022-08-04 10:33:52,363 [INFO] Sending reply to client 'OK'
ptd-server 2022-08-04 10:33:52,510 [INFO] Got command from the client 'time'
ptd-server 2022-08-04 10:33:52,510 [INFO] Sending reply to client '1659627232.5104048'
ptd-server 2022-08-04 10:33:52,513 [INFO] Got command from the client 'session,2022-08-04_10-22-55,start,testing'
ptd-server 2022-08-04 10:33:52,513 [INFO] Sending to ptd: 'SR,V,119.550000'
ptd-server 2022-08-04 10:33:54,566 [INFO] Reply from ptd: 'Range V changed'
ptd-server 2022-08-04 10:33:54,566 [INFO] Sending to ptd: 'SR,A,0.151330'
ptd-server 2022-08-04 10:33:56,068 [INFO] Reply from ptd: 'Range A changed'
ptd-server 2022-08-04 10:34:06,079 [INFO] Starting testing mode
ptd-server 2022-08-04 10:34:06,079 [INFO] Sending to ptd: 'Go,1000,0,2022-08-04_10-22-55_testing'
ptd-server 2022-08-04 10:34:06,080 [INFO] Reply from ptd: 'Starting untimed measurement, maximum 500000 samples at 1000ms with 0 rampup samples'
ptd-server 2022-08-04 10:34:06,080 [INFO] Sending reply to client 'OK'
ptd-server 2022-08-04 10:44:25,098 [INFO] Got command from the client 'session,2022-08-04_10-22-55,stop,testing'
ptd-server 2022-08-04 10:44:35,102 [INFO] Sending to ptd: 'Stop'
ptd-server 2022-08-04 10:44:35,102 [INFO] Reply from ptd: 'Stopping untimed measurement'
ptd-server 2022-08-04 10:44:35,147 [INFO] Sending reply to client 'OK'
ptd-server 2022-08-04 10:44:35,179 [INFO] Got command from the client 'session,2022-08-04_10-22-55,done'
ptd-server 2022-08-04 10:44:35,179 [INFO] Sending to ptd: 'Stop'
ptd-server 2022-08-04 10:44:36,081 [INFO] Reply from ptd: 'Error: no measurement to stop'
ptd-server 2022-08-04 10:44:36,082 [INFO] Sending to ptd: 'SR,V,Auto'
ptd-server 2022-08-04 10:44:36,585 [INFO] Reply from ptd: 'Range V changed'
ptd-server 2022-08-04 10:44:36,585 [INFO] Sending to ptd: 'SR,A,Auto'
ptd-server 2022-08-04 10:44:37,088 [INFO] Reply from ptd: 'Range A changed'
ptd-server 2022-08-04 10:44:37,088 [INFO] Set initial values for Amps Auto and Volts Auto
ptd-server 2022-08-04 10:44:37,089 [INFO] Stopping ptd...
