ptd-server 2022-07-28 09:04:51,029 [INFO] Got command from the client 'time'
ptd-server 2022-07-28 09:04:51,029 [INFO] Sending reply to client '1659017091.0294425'
ptd-server 2022-07-28 09:04:51,030 [INFO] Got command from the client 'new,,7bee390a-7d52-4bca-86f7-fa17b7c19547'
ptd-server 2022-07-28 09:04:51,030 [INFO] Sending reply to client 'OK 2022-07-28_09-04-51,3f2cdf52-3283-4626-b115-e990164af410'
ptd-server 2022-07-28 09:04:51,135 [INFO] Got command from the client 'time'
ptd-server 2022-07-28 09:04:51,135 [INFO] Sending reply to client '1659017091.1355383'
ptd-server 2022-07-28 09:04:51,136 [INFO] Got command from the client 'session,2022-07-28_09-04-51,start,ranging'
ptd-server 2022-07-28 09:04:51,137 [INFO] Running PTDaemon: ['/local/mnt/workspace/mlcommons/power-main/inference_v1.0/ptd-linux-x86', '-l', '/tmp/tmp8xrjvdjh/ptd_logfile.txt', '-p', '8888', '49', '/dev/usbtmc0']
ptd-server 2022-07-28 09:05:08,260 [INFO] Sending to ptd: 'Hello'
ptd-server 2022-07-28 09:05:08,261 [INFO] Reply from ptd: 'Hello, PTDaemon here!'
ptd-server 2022-07-28 09:05:08,262 [INFO] Sending to ptd: 'Identify'
ptd-server 2022-07-28 09:05:08,262 [INFO] Reply from ptd: 'YokogawaWT310E,1000,1,1,1,1,0,1,1,version=1.9.2-e8c7a49a-20201208,OS=Linux 4.15.0-188-generic #199-Ubuntu SMP Wed Jun 15 20:42:56 UTC 2022 x86_64,mode=power,1,1,1,0,0,no_cal_date,YOKOGAWA;WT310E;C2XF16028V;F1.04'
ptd-server 2022-07-28 09:05:08,263 [INFO] Connected to PTDaemon
ptd-server 2022-07-28 09:05:08,263 [INFO] Sending to ptd: 'RR'
ptd-server 2022-07-28 09:05:08,263 [INFO] Reply from ptd: 'Ranges,1,5.000000,1,150.000000'
ptd-server 2022-07-28 09:05:08,263 [INFO] Initial range for Amps is Auto for Volts is Auto
ptd-server 2022-07-28 09:05:08,264 [INFO] Sending to ptd: 'SR,V,Auto'
ptd-server 2022-07-28 09:05:08,766 [INFO] Reply from ptd: 'Range V changed'
ptd-server 2022-07-28 09:05:08,767 [INFO] Sending to ptd: 'SR,A,Auto'
ptd-server 2022-07-28 09:05:09,270 [INFO] Reply from ptd: 'Range A changed'
ptd-server 2022-07-28 09:05:19,280 [INFO] Starting ranging mode
ptd-server 2022-07-28 09:05:19,281 [INFO] Sending to ptd: 'Go,1000,0,2022-07-28_09-04-51_ranging'
ptd-server 2022-07-28 09:05:19,281 [INFO] Reply from ptd: 'Starting untimed measurement, maximum 500000 samples at 1000ms with 0 rampup samples'
ptd-server 2022-07-28 09:05:19,282 [INFO] Sending reply to client 'OK'
ptd-server 2022-07-28 09:17:45,351 [INFO] Got command from the client 'session,2022-07-28_09-04-51,stop,ranging'
ptd-server 2022-07-28 09:17:55,361 [INFO] Sending to ptd: 'Stop'
ptd-server 2022-07-28 09:17:55,362 [INFO] Reply from ptd: 'Stopping untimed measurement'
ptd-server 2022-07-28 09:17:55,382 [INFO] Sending reply to client 'OK'
ptd-server 2022-07-28 09:17:55,489 [INFO] Got command from the client 'time'
ptd-server 2022-07-28 09:17:55,490 [INFO] Sending reply to client '1659017875.4901872'
ptd-server 2022-07-28 09:17:55,491 [INFO] Got command from the client 'session,2022-07-28_09-04-51,start,testing'
ptd-server 2022-07-28 09:17:55,491 [INFO] Sending to ptd: 'SR,V,121.350000'
ptd-server 2022-07-28 09:17:57,784 [INFO] Reply from ptd: 'Range V changed'
ptd-server 2022-07-28 09:17:57,784 [INFO] Sending to ptd: 'SR,A,5.028700'
ptd-server 2022-07-28 09:17:59,286 [INFO] Reply from ptd: 'Range A changed'
ptd-server 2022-07-28 09:18:09,297 [INFO] Starting testing mode
ptd-server 2022-07-28 09:18:09,297 [INFO] Sending to ptd: 'Go,1000,0,2022-07-28_09-04-51_testing'
ptd-server 2022-07-28 09:18:09,298 [INFO] Reply from ptd: 'Starting untimed measurement, maximum 500000 samples at 1000ms with 0 rampup samples'
ptd-server 2022-07-28 09:18:09,298 [INFO] Sending reply to client 'OK'
ptd-server 2022-07-28 09:30:35,529 [INFO] Got command from the client 'session,2022-07-28_09-04-51,stop,testing'
ptd-server 2022-07-28 09:30:45,540 [INFO] Sending to ptd: 'Stop'
ptd-server 2022-07-28 09:30:45,540 [INFO] Reply from ptd: 'Stopping untimed measurement'
ptd-server 2022-07-28 09:30:45,550 [INFO] Sending reply to client 'OK'
ptd-server 2022-07-28 09:30:45,555 [INFO] Got command from the client 'session,2022-07-28_09-04-51,done'
ptd-server 2022-07-28 09:30:45,556 [INFO] Sending to ptd: 'Stop'
ptd-server 2022-07-28 09:30:46,299 [INFO] Reply from ptd: 'Error: no measurement to stop'
ptd-server 2022-07-28 09:30:46,299 [INFO] Sending to ptd: 'SR,V,Auto'
ptd-server 2022-07-28 09:30:46,802 [INFO] Reply from ptd: 'Range V changed'
ptd-server 2022-07-28 09:30:46,803 [INFO] Sending to ptd: 'SR,A,Auto'
ptd-server 2022-07-28 09:30:47,306 [INFO] Reply from ptd: 'Range A changed'
ptd-server 2022-07-28 09:30:47,306 [INFO] Set initial values for Amps Auto and Volts Auto
ptd-server 2022-07-28 09:30:47,307 [INFO] Stopping ptd...
