ptd-server 2022-07-22 04:48:26,877 [INFO] Got command from the client 'time'
ptd-server 2022-07-22 04:48:26,877 [INFO] Sending reply to client '1658461706.8777466'
ptd-server 2022-07-22 04:48:26,878 [INFO] Got command from the client 'new,,b50555ab-fd84-4fd2-a15e-22610b27686e'
ptd-server 2022-07-22 04:48:26,879 [INFO] Sending reply to client 'OK 2022-07-22_04-48-26,b980d2ef-a282-42b2-a61c-00cae1e7c40f'
ptd-server 2022-07-22 04:48:26,908 [INFO] Got command from the client 'time'
ptd-server 2022-07-22 04:48:26,909 [INFO] Sending reply to client '1658461706.908979'
ptd-server 2022-07-22 04:48:26,910 [INFO] Got command from the client 'session,2022-07-22_04-48-26,start,ranging'
ptd-server 2022-07-22 04:48:26,910 [INFO] Running PTDaemon: ['/home/anton/projects/mlperf/power/inference_v1.0/ptd-linux-x86', '-l', '/tmp/tmp7lgbo8s4/ptd_logfile.txt', '-p', '8888', '49', '/dev/usbtmc0']
ptd-server 2022-07-22 04:48:44,085 [INFO] Sending to ptd: 'Hello'
ptd-server 2022-07-22 04:48:44,086 [INFO] Reply from ptd: 'Hello, PTDaemon here!'
ptd-server 2022-07-22 04:48:44,086 [INFO] Sending to ptd: 'Identify'
ptd-server 2022-07-22 04:48:44,087 [INFO] Reply from ptd: 'YokogawaWT310E,1000,1,1,1,1,0,1,1,version=1.9.2-e8c7a49a-20201208,OS=Linux 5.13.0-52-generic #59~20.04.1-Ubuntu SMP Thu Jun 16 21:21:28 UTC 2022 x86_64,mode=power,1,1,1,0,0,no_cal_date,YOKOGAWA;WT310E;C3XA04010E;F1.04'
ptd-server 2022-07-22 04:48:44,087 [INFO] Connected to PTDaemon
ptd-server 2022-07-22 04:48:44,087 [INFO] Sending to ptd: 'RR'
ptd-server 2022-07-22 04:48:44,087 [INFO] Reply from ptd: 'Ranges,0,0.500000,1,300.000000'
ptd-server 2022-07-22 04:48:44,087 [INFO] Initial range for Amps is 0.500000 for Volts is Auto
ptd-server 2022-07-22 04:48:44,088 [INFO] Sending to ptd: 'SR,V,Auto'
ptd-server 2022-07-22 04:48:44,590 [INFO] Reply from ptd: 'Range V changed'
ptd-server 2022-07-22 04:48:44,590 [INFO] Sending to ptd: 'SR,A,Auto'
ptd-server 2022-07-22 04:48:45,093 [INFO] Reply from ptd: 'Range A changed'
ptd-server 2022-07-22 04:48:55,103 [INFO] Starting ranging mode
ptd-server 2022-07-22 04:48:55,103 [INFO] Sending to ptd: 'Go,1000,0,2022-07-22_04-48-26_ranging'
ptd-server 2022-07-22 04:48:55,104 [INFO] Reply from ptd: 'Starting untimed measurement, maximum 500000 samples at 1000ms with 0 rampup samples'
ptd-server 2022-07-22 04:48:55,104 [INFO] Sending reply to client 'OK'
ptd-server 2022-07-22 04:59:16,116 [INFO] Got command from the client 'session,2022-07-22_04-48-26,stop,ranging'
ptd-server 2022-07-22 04:59:26,126 [INFO] Sending to ptd: 'Stop'
ptd-server 2022-07-22 04:59:26,127 [INFO] Reply from ptd: 'Stopping untimed measurement'
ptd-server 2022-07-22 04:59:26,546 [INFO] Sending reply to client 'OK'
ptd-server 2022-07-22 04:59:26,584 [INFO] Got command from the client 'time'
ptd-server 2022-07-22 04:59:26,584 [INFO] Sending reply to client '1658462366.584579'
ptd-server 2022-07-22 04:59:26,585 [INFO] Got command from the client 'session,2022-07-22_04-48-26,start,testing'
ptd-server 2022-07-22 04:59:26,586 [INFO] Sending to ptd: 'SR,V,249.290000'
ptd-server 2022-07-22 04:59:28,605 [INFO] Reply from ptd: 'Range V changed'
ptd-server 2022-07-22 04:59:28,605 [INFO] Sending to ptd: 'SR,A,0.067460'
ptd-server 2022-07-22 04:59:30,107 [INFO] Reply from ptd: 'Range A changed'
ptd-server 2022-07-22 04:59:40,117 [INFO] Starting testing mode
ptd-server 2022-07-22 04:59:40,117 [INFO] Sending to ptd: 'Go,1000,0,2022-07-22_04-48-26_testing'
ptd-server 2022-07-22 04:59:40,118 [INFO] Reply from ptd: 'Starting untimed measurement, maximum 500000 samples at 1000ms with 0 rampup samples'
ptd-server 2022-07-22 04:59:40,118 [INFO] Sending reply to client 'OK'
ptd-server 2022-07-22 05:10:00,996 [INFO] Got command from the client 'session,2022-07-22_04-48-26,stop,testing'
ptd-server 2022-07-22 05:10:11,006 [INFO] Sending to ptd: 'Stop'
ptd-server 2022-07-22 05:10:11,006 [INFO] Reply from ptd: 'Stopping untimed measurement'
ptd-server 2022-07-22 05:10:11,226 [INFO] Sending reply to client 'OK'
ptd-server 2022-07-22 05:10:11,234 [INFO] Got command from the client 'session,2022-07-22_04-48-26,done'
ptd-server 2022-07-22 05:10:11,234 [INFO] Sending to ptd: 'Stop'
ptd-server 2022-07-22 05:10:11,234 [INFO] Reply from ptd: 'Error: no measurement to stop'
ptd-server 2022-07-22 05:10:11,234 [INFO] Sending to ptd: 'SR,V,Auto'
ptd-server 2022-07-22 05:10:11,737 [INFO] Reply from ptd: 'Range V changed'
ptd-server 2022-07-22 05:10:11,737 [INFO] Sending to ptd: 'SR,A,0.500000'
ptd-server 2022-07-22 05:10:13,238 [INFO] Reply from ptd: 'Range A changed'
ptd-server 2022-07-22 05:10:13,238 [INFO] Set initial values for Amps 0.500000 and Volts Auto
ptd-server 2022-07-22 05:10:13,238 [INFO] Stopping ptd...
