ptd-server 2022-07-22 01:31:10,801 [INFO] Got command from the client 'time'
ptd-server 2022-07-22 01:31:10,801 [INFO] Sending reply to client '1658449870.801455'
ptd-server 2022-07-22 01:31:10,802 [INFO] Got command from the client 'new,,fe6b9ed2-fcf4-45ce-84eb-628e09a43a87'
ptd-server 2022-07-22 01:31:10,803 [INFO] Sending reply to client 'OK 2022-07-22_01-31-10,a535144d-bb31-404c-b223-3aa1d12e6667'
ptd-server 2022-07-22 01:31:10,842 [INFO] Got command from the client 'time'
ptd-server 2022-07-22 01:31:10,842 [INFO] Sending reply to client '1658449870.8428693'
ptd-server 2022-07-22 01:31:10,844 [INFO] Got command from the client 'session,2022-07-22_01-31-10,start,ranging'
ptd-server 2022-07-22 01:31:10,844 [INFO] Running PTDaemon: ['/home/anton/projects/mlperf/power/inference_v1.0/ptd-linux-x86', '-l', '/tmp/tmp7lgbo8s4/ptd_logfile.txt', '-p', '8888', '49', '/dev/usbtmc0']
ptd-server 2022-07-22 01:31:28,018 [INFO] Sending to ptd: 'Hello'
ptd-server 2022-07-22 01:31:28,018 [INFO] Reply from ptd: 'Hello, PTDaemon here!'
ptd-server 2022-07-22 01:31:28,018 [INFO] Sending to ptd: 'Identify'
ptd-server 2022-07-22 01:31:28,019 [INFO] Reply from ptd: 'YokogawaWT310E,1000,1,1,1,1,0,1,1,version=1.9.2-e8c7a49a-20201208,OS=Linux 5.13.0-52-generic #59~20.04.1-Ubuntu SMP Thu Jun 16 21:21:28 UTC 2022 x86_64,mode=power,1,1,1,0,0,no_cal_date,YOKOGAWA;WT310E;C3XA04010E;F1.04'
ptd-server 2022-07-22 01:31:28,019 [INFO] Connected to PTDaemon
ptd-server 2022-07-22 01:31:28,019 [INFO] Sending to ptd: 'RR'
ptd-server 2022-07-22 01:31:28,019 [INFO] Reply from ptd: 'Ranges,0,0.500000,1,300.000000'
ptd-server 2022-07-22 01:31:28,020 [INFO] Initial range for Amps is 0.500000 for Volts is Auto
ptd-server 2022-07-22 01:31:28,020 [INFO] Sending to ptd: 'SR,V,Auto'
ptd-server 2022-07-22 01:31:28,522 [INFO] Reply from ptd: 'Range V changed'
ptd-server 2022-07-22 01:31:28,522 [INFO] Sending to ptd: 'SR,A,Auto'
ptd-server 2022-07-22 01:31:29,025 [INFO] Reply from ptd: 'Range A changed'
ptd-server 2022-07-22 01:31:39,035 [INFO] Starting ranging mode
ptd-server 2022-07-22 01:31:39,035 [INFO] Sending to ptd: 'Go,1000,0,2022-07-22_01-31-10_ranging'
ptd-server 2022-07-22 01:31:39,036 [INFO] Reply from ptd: 'Starting untimed measurement, maximum 500000 samples at 1000ms with 0 rampup samples'
ptd-server 2022-07-22 01:31:39,036 [INFO] Sending reply to client 'OK'
ptd-server 2022-07-22 01:42:00,352 [INFO] Got command from the client 'session,2022-07-22_01-31-10,stop,ranging'
ptd-server 2022-07-22 01:42:10,362 [INFO] Sending to ptd: 'Stop'
ptd-server 2022-07-22 01:42:10,362 [INFO] Reply from ptd: 'Stopping untimed measurement'
ptd-server 2022-07-22 01:42:10,749 [INFO] Sending reply to client 'OK'
ptd-server 2022-07-22 01:42:10,792 [INFO] Got command from the client 'time'
ptd-server 2022-07-22 01:42:10,793 [INFO] Sending reply to client '1658450530.7930002'
ptd-server 2022-07-22 01:42:10,794 [INFO] Got command from the client 'session,2022-07-22_01-31-10,start,testing'
ptd-server 2022-07-22 01:42:10,794 [INFO] Sending to ptd: 'SR,V,249.960000'
ptd-server 2022-07-22 01:42:12,537 [INFO] Reply from ptd: 'Range V changed'
ptd-server 2022-07-22 01:42:12,537 [INFO] Sending to ptd: 'SR,A,0.070040'
ptd-server 2022-07-22 01:42:14,039 [INFO] Reply from ptd: 'Range A changed'
ptd-server 2022-07-22 01:42:24,049 [INFO] Starting testing mode
ptd-server 2022-07-22 01:42:24,049 [INFO] Sending to ptd: 'Go,1000,0,2022-07-22_01-31-10_testing'
ptd-server 2022-07-22 01:42:24,050 [INFO] Reply from ptd: 'Starting untimed measurement, maximum 500000 samples at 1000ms with 0 rampup samples'
ptd-server 2022-07-22 01:42:24,050 [INFO] Sending reply to client 'OK'
ptd-server 2022-07-22 01:52:45,066 [INFO] Got command from the client 'session,2022-07-22_01-31-10,stop,testing'
ptd-server 2022-07-22 01:52:55,077 [INFO] Sending to ptd: 'Stop'
ptd-server 2022-07-22 01:52:55,077 [INFO] Reply from ptd: 'Stopping untimed measurement'
ptd-server 2022-07-22 01:52:55,285 [INFO] Sending reply to client 'OK'
ptd-server 2022-07-22 01:52:55,293 [INFO] Got command from the client 'session,2022-07-22_01-31-10,done'
ptd-server 2022-07-22 01:52:55,293 [INFO] Sending to ptd: 'Stop'
ptd-server 2022-07-22 01:52:56,050 [INFO] Reply from ptd: 'Error: no measurement to stop'
ptd-server 2022-07-22 01:52:56,051 [INFO] Sending to ptd: 'SR,V,Auto'
ptd-server 2022-07-22 01:52:56,553 [INFO] Reply from ptd: 'Range V changed'
ptd-server 2022-07-22 01:52:56,553 [INFO] Sending to ptd: 'SR,A,0.500000'
ptd-server 2022-07-22 01:52:58,055 [INFO] Reply from ptd: 'Range A changed'
ptd-server 2022-07-22 01:52:58,055 [INFO] Set initial values for Amps 0.500000 and Volts Auto
ptd-server 2022-07-22 01:52:58,055 [INFO] Stopping ptd...
