ptd-server 2022-07-22 19:47:09,890 [INFO] Got command from the client 'time'
ptd-server 2022-07-22 19:47:09,890 [INFO] Sending reply to client '1658515629.8903127'
ptd-server 2022-07-22 19:47:09,891 [INFO] Got command from the client 'new,,187478d7-6053-4d95-80bb-00e31fcc6be5'
ptd-server 2022-07-22 19:47:09,892 [INFO] Sending reply to client 'OK 2022-07-22_19-47-09,7bd6843e-69f7-46cd-aec8-ab683fa7988a'
ptd-server 2022-07-22 19:47:09,920 [INFO] Got command from the client 'time'
ptd-server 2022-07-22 19:47:09,920 [INFO] Sending reply to client '1658515629.9201803'
ptd-server 2022-07-22 19:47:09,921 [INFO] Got command from the client 'session,2022-07-22_19-47-09,start,ranging'
ptd-server 2022-07-22 19:47:09,921 [INFO] Running PTDaemon: ['/home/anton/projects/mlperf/power/inference_v1.0/ptd-linux-x86', '-l', '/tmp/tmp7lgbo8s4/ptd_logfile.txt', '-p', '8888', '49', '/dev/usbtmc0']
ptd-server 2022-07-22 19:47:27,096 [INFO] Sending to ptd: 'Hello'
ptd-server 2022-07-22 19:47:27,097 [INFO] Reply from ptd: 'Hello, PTDaemon here!'
ptd-server 2022-07-22 19:47:27,097 [INFO] Sending to ptd: 'Identify'
ptd-server 2022-07-22 19:47:27,097 [INFO] Reply from ptd: 'YokogawaWT310E,1000,1,1,1,1,0,1,1,version=1.9.2-e8c7a49a-20201208,OS=Linux 5.13.0-52-generic #59~20.04.1-Ubuntu SMP Thu Jun 16 21:21:28 UTC 2022 x86_64,mode=power,1,1,1,0,0,no_cal_date,YOKOGAWA;WT310E;C3XA04010E;F1.04'
ptd-server 2022-07-22 19:47:27,097 [INFO] Connected to PTDaemon
ptd-server 2022-07-22 19:47:27,098 [INFO] Sending to ptd: 'RR'
ptd-server 2022-07-22 19:47:27,098 [INFO] Reply from ptd: 'Ranges,0,0.500000,1,300.000000'
ptd-server 2022-07-22 19:47:27,098 [INFO] Initial range for Amps is 0.500000 for Volts is Auto
ptd-server 2022-07-22 19:47:27,098 [INFO] Sending to ptd: 'SR,V,Auto'
ptd-server 2022-07-22 19:47:27,601 [INFO] Reply from ptd: 'Range V changed'
ptd-server 2022-07-22 19:47:27,601 [INFO] Sending to ptd: 'SR,A,Auto'
ptd-server 2022-07-22 19:47:28,103 [INFO] Reply from ptd: 'Range A changed'
ptd-server 2022-07-22 19:47:38,111 [INFO] Starting ranging mode
ptd-server 2022-07-22 19:47:38,111 [INFO] Sending to ptd: 'Go,1000,0,2022-07-22_19-47-09_ranging'
ptd-server 2022-07-22 19:47:38,112 [INFO] Reply from ptd: 'Starting untimed measurement, maximum 500000 samples at 1000ms with 0 rampup samples'
ptd-server 2022-07-22 19:47:38,112 [INFO] Sending reply to client 'OK'
ptd-server 2022-07-22 19:57:54,812 [INFO] Got command from the client 'session,2022-07-22_19-47-09,stop,ranging'
ptd-server 2022-07-22 19:58:04,822 [INFO] Sending to ptd: 'Stop'
ptd-server 2022-07-22 19:58:04,822 [INFO] Reply from ptd: 'Stopping untimed measurement'
ptd-server 2022-07-22 19:58:05,290 [INFO] Sending reply to client 'OK'
ptd-server 2022-07-22 19:58:05,349 [INFO] Got command from the client 'time'
ptd-server 2022-07-22 19:58:05,349 [INFO] Sending reply to client '1658516285.3495748'
ptd-server 2022-07-22 19:58:05,350 [INFO] Got command from the client 'session,2022-07-22_19-47-09,start,testing'
ptd-server 2022-07-22 19:58:05,350 [INFO] Sending to ptd: 'SR,V,250.150000'
ptd-server 2022-07-22 19:58:06,852 [INFO] Reply from ptd: 'Range V changed'
ptd-server 2022-07-22 19:58:06,852 [INFO] Sending to ptd: 'SR,A,0.062350'
ptd-server 2022-07-22 19:58:08,353 [INFO] Reply from ptd: 'Range A changed'
ptd-server 2022-07-22 19:58:18,363 [INFO] Starting testing mode
ptd-server 2022-07-22 19:58:18,364 [INFO] Sending to ptd: 'Go,1000,0,2022-07-22_19-47-09_testing'
ptd-server 2022-07-22 19:58:18,364 [INFO] Reply from ptd: 'Starting untimed measurement, maximum 500000 samples at 1000ms with 0 rampup samples'
ptd-server 2022-07-22 19:58:18,364 [INFO] Sending reply to client 'OK'
ptd-server 2022-07-22 20:08:35,014 [INFO] Got command from the client 'session,2022-07-22_19-47-09,stop,testing'
ptd-server 2022-07-22 20:08:45,024 [INFO] Sending to ptd: 'Stop'
ptd-server 2022-07-22 20:08:45,024 [INFO] Reply from ptd: 'Stopping untimed measurement'
ptd-server 2022-07-22 20:08:45,272 [INFO] Sending reply to client 'OK'
ptd-server 2022-07-22 20:08:45,280 [INFO] Got command from the client 'session,2022-07-22_19-47-09,done'
ptd-server 2022-07-22 20:08:45,280 [INFO] Sending to ptd: 'Stop'
ptd-server 2022-07-22 20:08:45,365 [INFO] Reply from ptd: 'Error: no measurement to stop'
ptd-server 2022-07-22 20:08:45,365 [INFO] Sending to ptd: 'SR,V,Auto'
ptd-server 2022-07-22 20:08:45,867 [INFO] Reply from ptd: 'Range V changed'
ptd-server 2022-07-22 20:08:45,868 [INFO] Sending to ptd: 'SR,A,0.500000'
ptd-server 2022-07-22 20:08:47,369 [INFO] Reply from ptd: 'Range A changed'
ptd-server 2022-07-22 20:08:47,369 [INFO] Set initial values for Amps 0.500000 and Volts Auto
ptd-server 2022-07-22 20:08:47,369 [INFO] Stopping ptd...
