ptd-server 2022-08-02 02:09:11,524 [INFO] Got command from the client 'time'
ptd-server 2022-08-02 02:09:11,524 [INFO] Sending reply to client '1659402551.524148'
ptd-server 2022-08-02 02:09:11,525 [INFO] Got command from the client 'new,,ac11a4b9-c0fc-466c-bbea-f70453f54662'
ptd-server 2022-08-02 02:09:11,525 [INFO] Sending reply to client 'OK 2022-08-02_02-09-11,74d549db-c3c2-486f-b1a0-fc4f66c961f4'
ptd-server 2022-08-02 02:09:11,554 [INFO] Got command from the client 'time'
ptd-server 2022-08-02 02:09:11,554 [INFO] Sending reply to client '1659402551.554178'
ptd-server 2022-08-02 02:09:11,555 [INFO] Got command from the client 'session,2022-08-02_02-09-11,start,ranging'
ptd-server 2022-08-02 02:09:11,555 [INFO] Running PTDaemon: ['/home/anton/projects/mlperf/power/inference_v1.0/ptd-linux-x86', '-l', '/tmp/tmp7lgbo8s4/ptd_logfile.txt', '-p', '8888', '49', '/dev/usbtmc0']
ptd-server 2022-08-02 02:09:28,730 [INFO] Sending to ptd: 'Hello'
ptd-server 2022-08-02 02:09:28,730 [INFO] Reply from ptd: 'Hello, PTDaemon here!'
ptd-server 2022-08-02 02:09:28,731 [INFO] Sending to ptd: 'Identify'
ptd-server 2022-08-02 02:09:28,731 [INFO] Reply from ptd: 'YokogawaWT310E,1000,1,1,1,1,0,1,1,version=1.9.2-e8c7a49a-20201208,OS=Linux 5.13.0-52-generic #59~20.04.1-Ubuntu SMP Thu Jun 16 21:21:28 UTC 2022 x86_64,mode=power,1,1,1,0,0,no_cal_date,YOKOGAWA;WT310E;C3XA04010E;F1.04'
ptd-server 2022-08-02 02:09:28,731 [INFO] Connected to PTDaemon
ptd-server 2022-08-02 02:09:28,731 [INFO] Sending to ptd: 'RR'
ptd-server 2022-08-02 02:09:28,732 [INFO] Reply from ptd: 'Ranges,0,0.500000,1,300.000000'
ptd-server 2022-08-02 02:09:28,732 [INFO] Initial range for Amps is 0.500000 for Volts is Auto
ptd-server 2022-08-02 02:09:28,732 [INFO] Sending to ptd: 'SR,V,Auto'
ptd-server 2022-08-02 02:09:29,234 [INFO] Reply from ptd: 'Range V changed'
ptd-server 2022-08-02 02:09:29,235 [INFO] Sending to ptd: 'SR,A,Auto'
ptd-server 2022-08-02 02:09:29,737 [INFO] Reply from ptd: 'Range A changed'
ptd-server 2022-08-02 02:09:39,747 [INFO] Starting ranging mode
ptd-server 2022-08-02 02:09:39,747 [INFO] Sending to ptd: 'Go,1000,0,2022-08-02_02-09-11_ranging'
ptd-server 2022-08-02 02:09:39,748 [INFO] Reply from ptd: 'Starting untimed measurement, maximum 500000 samples at 1000ms with 0 rampup samples'
ptd-server 2022-08-02 02:09:39,748 [INFO] Sending reply to client 'OK'
ptd-server 2022-08-02 02:19:51,183 [INFO] Got command from the client 'session,2022-08-02_02-09-11,stop,ranging'
ptd-server 2022-08-02 02:20:01,193 [INFO] Sending to ptd: 'Stop'
ptd-server 2022-08-02 02:20:01,193 [INFO] Reply from ptd: 'Stopping untimed measurement'
ptd-server 2022-08-02 02:20:02,643 [INFO] Sending reply to client 'OK'
ptd-server 2022-08-02 02:20:02,711 [INFO] Got command from the client 'time'
ptd-server 2022-08-02 02:20:02,711 [INFO] Sending reply to client '1659403202.7113326'
ptd-server 2022-08-02 02:20:02,712 [INFO] Got command from the client 'session,2022-08-02_02-09-11,start,testing'
ptd-server 2022-08-02 02:20:02,712 [INFO] Sending to ptd: 'SR,V,248.990000'
ptd-server 2022-08-02 02:20:04,214 [INFO] Reply from ptd: 'Range V changed'
ptd-server 2022-08-02 02:20:04,214 [INFO] Sending to ptd: 'SR,A,0.209370'
ptd-server 2022-08-02 02:20:05,715 [INFO] Reply from ptd: 'Range A changed'
ptd-server 2022-08-02 02:20:15,726 [INFO] Starting testing mode
ptd-server 2022-08-02 02:20:15,726 [INFO] Sending to ptd: 'Go,1000,0,2022-08-02_02-09-11_testing'
ptd-server 2022-08-02 02:20:15,726 [INFO] Reply from ptd: 'Starting untimed measurement, maximum 500000 samples at 1000ms with 0 rampup samples'
ptd-server 2022-08-02 02:20:15,726 [INFO] Sending reply to client 'OK'
ptd-server 2022-08-02 02:30:27,208 [INFO] Got command from the client 'session,2022-08-02_02-09-11,stop,testing'
ptd-server 2022-08-02 02:30:37,218 [INFO] Sending to ptd: 'Stop'
ptd-server 2022-08-02 02:30:37,219 [INFO] Reply from ptd: 'Stopping untimed measurement'
ptd-server 2022-08-02 02:30:37,953 [INFO] Sending reply to client 'OK'
ptd-server 2022-08-02 02:30:37,964 [INFO] Got command from the client 'session,2022-08-02_02-09-11,done'
ptd-server 2022-08-02 02:30:37,964 [INFO] Sending to ptd: 'Stop'
ptd-server 2022-08-02 02:30:37,964 [INFO] Reply from ptd: 'Error: no measurement to stop'
ptd-server 2022-08-02 02:30:37,964 [INFO] Sending to ptd: 'SR,V,Auto'
ptd-server 2022-08-02 02:30:38,467 [INFO] Reply from ptd: 'Range V changed'
ptd-server 2022-08-02 02:30:38,467 [INFO] Sending to ptd: 'SR,A,0.500000'
ptd-server 2022-08-02 02:30:39,968 [INFO] Reply from ptd: 'Range A changed'
ptd-server 2022-08-02 02:30:39,969 [INFO] Set initial values for Amps 0.500000 and Volts Auto
ptd-server 2022-08-02 02:30:39,969 [INFO] Stopping ptd...
