ptd-server 2022-07-31 00:23:58,609 [INFO] Got command from the client 'time'
ptd-server 2022-07-31 00:23:58,609 [INFO] Sending reply to client '1659223438.6093159'
ptd-server 2022-07-31 00:23:58,610 [INFO] Got command from the client 'new,,6ee97cb4-7559-4e62-92ca-43cca5c758e5'
ptd-server 2022-07-31 00:23:58,610 [INFO] Sending reply to client 'OK 2022-07-31_00-23-58,261ba24c-bea1-43ec-9ba2-2791190f4ac9'
ptd-server 2022-07-31 00:23:58,642 [INFO] Got command from the client 'time'
ptd-server 2022-07-31 00:23:58,642 [INFO] Sending reply to client '1659223438.6424088'
ptd-server 2022-07-31 00:23:58,643 [INFO] Got command from the client 'session,2022-07-31_00-23-58,start,ranging'
ptd-server 2022-07-31 00:23:58,643 [INFO] Running PTDaemon: ['/home/anton/projects/mlperf/power/inference_v1.0/ptd-linux-x86', '-l', '/tmp/tmp7lgbo8s4/ptd_logfile.txt', '-p', '8888', '49', '/dev/usbtmc0']
ptd-server 2022-07-31 00:24:15,817 [INFO] Sending to ptd: 'Hello'
ptd-server 2022-07-31 00:24:15,818 [INFO] Reply from ptd: 'Hello, PTDaemon here!'
ptd-server 2022-07-31 00:24:15,818 [INFO] Sending to ptd: 'Identify'
ptd-server 2022-07-31 00:24:15,819 [INFO] Reply from ptd: 'YokogawaWT310E,1000,1,1,1,1,0,1,1,version=1.9.2-e8c7a49a-20201208,OS=Linux 5.13.0-52-generic #59~20.04.1-Ubuntu SMP Thu Jun 16 21:21:28 UTC 2022 x86_64,mode=power,1,1,1,0,0,no_cal_date,YOKOGAWA;WT310E;C3XA04010E;F1.04'
ptd-server 2022-07-31 00:24:15,819 [INFO] Connected to PTDaemon
ptd-server 2022-07-31 00:24:15,819 [INFO] Sending to ptd: 'RR'
ptd-server 2022-07-31 00:24:15,819 [INFO] Reply from ptd: 'Ranges,0,0.500000,1,300.000000'
ptd-server 2022-07-31 00:24:15,820 [INFO] Initial range for Amps is 0.500000 for Volts is Auto
ptd-server 2022-07-31 00:24:15,820 [INFO] Sending to ptd: 'SR,V,Auto'
ptd-server 2022-07-31 00:24:16,322 [INFO] Reply from ptd: 'Range V changed'
ptd-server 2022-07-31 00:24:16,323 [INFO] Sending to ptd: 'SR,A,Auto'
ptd-server 2022-07-31 00:24:16,825 [INFO] Reply from ptd: 'Range A changed'
ptd-server 2022-07-31 00:24:26,835 [INFO] Starting ranging mode
ptd-server 2022-07-31 00:24:26,836 [INFO] Sending to ptd: 'Go,1000,0,2022-07-31_00-23-58_ranging'
ptd-server 2022-07-31 00:24:26,836 [INFO] Reply from ptd: 'Starting untimed measurement, maximum 500000 samples at 1000ms with 0 rampup samples'
ptd-server 2022-07-31 00:24:26,836 [INFO] Sending reply to client 'OK'
ptd-server 2022-07-31 00:34:45,872 [INFO] Got command from the client 'session,2022-07-31_00-23-58,stop,ranging'
ptd-server 2022-07-31 00:34:55,883 [INFO] Sending to ptd: 'Stop'
ptd-server 2022-07-31 00:34:55,883 [INFO] Reply from ptd: 'Stopping untimed measurement'
ptd-server 2022-07-31 00:34:57,105 [INFO] Sending reply to client 'OK'
ptd-server 2022-07-31 00:34:57,165 [INFO] Got command from the client 'time'
ptd-server 2022-07-31 00:34:57,165 [INFO] Sending reply to client '1659224097.1658673'
ptd-server 2022-07-31 00:34:57,167 [INFO] Got command from the client 'session,2022-07-31_00-23-58,start,testing'
ptd-server 2022-07-31 00:34:57,167 [INFO] Sending to ptd: 'SR,V,250.960000'
ptd-server 2022-07-31 00:34:58,668 [INFO] Reply from ptd: 'Range V changed'
ptd-server 2022-07-31 00:34:58,668 [INFO] Sending to ptd: 'SR,A,0.234410'
ptd-server 2022-07-31 00:35:00,170 [INFO] Reply from ptd: 'Range A changed'
ptd-server 2022-07-31 00:35:10,180 [INFO] Starting testing mode
ptd-server 2022-07-31 00:35:10,180 [INFO] Sending to ptd: 'Go,1000,0,2022-07-31_00-23-58_testing'
ptd-server 2022-07-31 00:35:10,181 [INFO] Reply from ptd: 'Starting untimed measurement, maximum 500000 samples at 1000ms with 0 rampup samples'
ptd-server 2022-07-31 00:35:10,181 [INFO] Sending reply to client 'OK'
ptd-server 2022-07-31 00:45:21,473 [INFO] Got command from the client 'session,2022-07-31_00-23-58,stop,testing'
ptd-server 2022-07-31 00:45:31,484 [INFO] Sending to ptd: 'Stop'
ptd-server 2022-07-31 00:45:31,484 [INFO] Reply from ptd: 'Stopping untimed measurement'
ptd-server 2022-07-31 00:45:32,114 [INFO] Sending reply to client 'OK'
ptd-server 2022-07-31 00:45:32,135 [INFO] Got command from the client 'session,2022-07-31_00-23-58,done'
ptd-server 2022-07-31 00:45:32,135 [INFO] Sending to ptd: 'Stop'
ptd-server 2022-07-31 00:45:32,181 [INFO] Reply from ptd: 'Error: no measurement to stop'
ptd-server 2022-07-31 00:45:32,182 [INFO] Sending to ptd: 'SR,V,Auto'
ptd-server 2022-07-31 00:45:32,684 [INFO] Reply from ptd: 'Range V changed'
ptd-server 2022-07-31 00:45:32,684 [INFO] Sending to ptd: 'SR,A,0.500000'
ptd-server 2022-07-31 00:45:34,186 [INFO] Reply from ptd: 'Range A changed'
ptd-server 2022-07-31 00:45:34,186 [INFO] Set initial values for Amps 0.500000 and Volts Auto
ptd-server 2022-07-31 00:45:34,186 [INFO] Stopping ptd...
