ptd-server 2022-07-24 12:39:47,686 [INFO] Got command from the client 'time'
ptd-server 2022-07-24 12:39:47,686 [INFO] Sending reply to client '1658662787.6867394'
ptd-server 2022-07-24 12:39:47,688 [INFO] Got command from the client 'new,,201a4ace-a94c-4cf4-96db-e9b2f7633a21'
ptd-server 2022-07-24 12:39:47,688 [INFO] Sending reply to client 'OK 2022-07-24_12-39-47,dad43970-a94e-4b7b-a601-abe23864d7b9'
ptd-server 2022-07-24 12:39:47,716 [INFO] Got command from the client 'time'
ptd-server 2022-07-24 12:39:47,716 [INFO] Sending reply to client '1658662787.716672'
ptd-server 2022-07-24 12:39:47,717 [INFO] Got command from the client 'session,2022-07-24_12-39-47,start,ranging'
ptd-server 2022-07-24 12:39:47,718 [INFO] Running PTDaemon: ['/home/anton/projects/mlperf/power/inference_v1.0/ptd-linux-x86', '-l', '/tmp/tmp7lgbo8s4/ptd_logfile.txt', '-p', '8888', '49', '/dev/usbtmc0']
ptd-server 2022-07-24 12:40:04,893 [INFO] Sending to ptd: 'Hello'
ptd-server 2022-07-24 12:40:04,893 [INFO] Reply from ptd: 'Hello, PTDaemon here!'
ptd-server 2022-07-24 12:40:04,894 [INFO] Sending to ptd: 'Identify'
ptd-server 2022-07-24 12:40:04,894 [INFO] Reply from ptd: 'YokogawaWT310E,1000,1,1,1,1,0,1,1,version=1.9.2-e8c7a49a-20201208,OS=Linux 5.13.0-52-generic #59~20.04.1-Ubuntu SMP Thu Jun 16 21:21:28 UTC 2022 x86_64,mode=power,1,1,1,0,0,no_cal_date,YOKOGAWA;WT310E;C3XA04010E;F1.04'
ptd-server 2022-07-24 12:40:04,894 [INFO] Connected to PTDaemon
ptd-server 2022-07-24 12:40:04,894 [INFO] Sending to ptd: 'RR'
ptd-server 2022-07-24 12:40:04,894 [INFO] Reply from ptd: 'Ranges,0,0.500000,1,300.000000'
ptd-server 2022-07-24 12:40:04,895 [INFO] Initial range for Amps is 0.500000 for Volts is Auto
ptd-server 2022-07-24 12:40:04,895 [INFO] Sending to ptd: 'SR,V,Auto'
ptd-server 2022-07-24 12:40:05,397 [INFO] Reply from ptd: 'Range V changed'
ptd-server 2022-07-24 12:40:05,397 [INFO] Sending to ptd: 'SR,A,Auto'
ptd-server 2022-07-24 12:40:05,900 [INFO] Reply from ptd: 'Range A changed'
ptd-server 2022-07-24 12:40:15,910 [INFO] Starting ranging mode
ptd-server 2022-07-24 12:40:15,910 [INFO] Sending to ptd: 'Go,1000,0,2022-07-24_12-39-47_ranging'
ptd-server 2022-07-24 12:40:15,911 [INFO] Reply from ptd: 'Starting untimed measurement, maximum 500000 samples at 1000ms with 0 rampup samples'
ptd-server 2022-07-24 12:40:15,911 [INFO] Sending reply to client 'OK'
ptd-server 2022-07-24 12:50:49,986 [INFO] Got command from the client 'session,2022-07-24_12-39-47,stop,ranging'
ptd-server 2022-07-24 12:50:59,996 [INFO] Sending to ptd: 'Stop'
ptd-server 2022-07-24 12:50:59,997 [INFO] Reply from ptd: 'Stopping untimed measurement'
ptd-server 2022-07-24 12:51:00,696 [INFO] Sending reply to client 'OK'
ptd-server 2022-07-24 12:51:00,761 [INFO] Got command from the client 'time'
ptd-server 2022-07-24 12:51:00,762 [INFO] Sending reply to client '1658663460.7620828'
ptd-server 2022-07-24 12:51:00,763 [INFO] Got command from the client 'session,2022-07-24_12-39-47,start,testing'
ptd-server 2022-07-24 12:51:00,763 [INFO] Sending to ptd: 'SR,V,249.270000'
ptd-server 2022-07-24 12:51:02,413 [INFO] Reply from ptd: 'Range V changed'
ptd-server 2022-07-24 12:51:02,413 [INFO] Sending to ptd: 'SR,A,0.053370'
ptd-server 2022-07-24 12:51:03,914 [INFO] Reply from ptd: 'Range A changed'
ptd-server 2022-07-24 12:51:13,925 [INFO] Starting testing mode
ptd-server 2022-07-24 12:51:13,925 [INFO] Sending to ptd: 'Go,1000,0,2022-07-24_12-39-47_testing'
ptd-server 2022-07-24 12:51:13,925 [INFO] Reply from ptd: 'Starting untimed measurement, maximum 500000 samples at 1000ms with 0 rampup samples'
ptd-server 2022-07-24 12:51:13,925 [INFO] Sending reply to client 'OK'
ptd-server 2022-07-24 13:01:47,993 [INFO] Got command from the client 'session,2022-07-24_12-39-47,stop,testing'
ptd-server 2022-07-24 13:01:58,004 [INFO] Sending to ptd: 'Stop'
ptd-server 2022-07-24 13:01:58,004 [INFO] Reply from ptd: 'Stopping untimed measurement'
ptd-server 2022-07-24 13:01:58,366 [INFO] Sending reply to client 'OK'
ptd-server 2022-07-24 13:01:58,374 [INFO] Got command from the client 'session,2022-07-24_12-39-47,done'
ptd-server 2022-07-24 13:01:58,374 [INFO] Sending to ptd: 'Stop'
ptd-server 2022-07-24 13:01:58,925 [INFO] Reply from ptd: 'Error: no measurement to stop'
ptd-server 2022-07-24 13:01:58,925 [INFO] Sending to ptd: 'SR,V,Auto'
ptd-server 2022-07-24 13:01:59,428 [INFO] Reply from ptd: 'Range V changed'
ptd-server 2022-07-24 13:01:59,428 [INFO] Sending to ptd: 'SR,A,0.500000'
ptd-server 2022-07-24 13:02:00,929 [INFO] Reply from ptd: 'Range A changed'
ptd-server 2022-07-24 13:02:00,930 [INFO] Set initial values for Amps 0.500000 and Volts Auto
ptd-server 2022-07-24 13:02:00,930 [INFO] Stopping ptd...
