ptd-server 2022-07-19 06:00:43,352 [INFO] Got command from the client 'time'
ptd-server 2022-07-19 06:00:43,352 [INFO] Sending reply to client '1658206843.3522596'
ptd-server 2022-07-19 06:00:43,355 [INFO] Got command from the client 'new,,35b7973d-43a4-4c42-8d52-3c9840819752'
ptd-server 2022-07-19 06:00:43,356 [INFO] Sending reply to client 'OK 2022-07-19_06-00-43,a4cb1212-6753-4161-939a-e1d7add222dc'
ptd-server 2022-07-19 06:00:43,455 [INFO] Got command from the client 'time'
ptd-server 2022-07-19 06:00:43,455 [INFO] Sending reply to client '1658206843.4552474'
ptd-server 2022-07-19 06:00:43,459 [INFO] Got command from the client 'session,2022-07-19_06-00-43,start,ranging'
ptd-server 2022-07-19 06:00:43,460 [INFO] Running PTDaemon: ['/home/anton/projects/mlperf/power/inference_v1.0/ptd-linux-x86', '-l', '/tmp/tmp7lgbo8s4/ptd_logfile.txt', '-p', '8888', '49', '/dev/usbtmc0']
ptd-server 2022-07-19 06:01:00,634 [INFO] Sending to ptd: 'Hello'
ptd-server 2022-07-19 06:01:00,634 [INFO] Reply from ptd: 'Hello, PTDaemon here!'
ptd-server 2022-07-19 06:01:00,635 [INFO] Sending to ptd: 'Identify'
ptd-server 2022-07-19 06:01:00,635 [INFO] Reply from ptd: 'YokogawaWT310E,1000,1,1,1,1,0,1,1,version=1.9.2-e8c7a49a-20201208,OS=Linux 5.13.0-52-generic #59~20.04.1-Ubuntu SMP Thu Jun 16 21:21:28 UTC 2022 x86_64,mode=power,1,1,1,0,0,no_cal_date,YOKOGAWA;WT310E;C3XA04010E;F1.04'
ptd-server 2022-07-19 06:01:00,635 [INFO] Connected to PTDaemon
ptd-server 2022-07-19 06:01:00,635 [INFO] Sending to ptd: 'RR'
ptd-server 2022-07-19 06:01:00,635 [INFO] Reply from ptd: 'Ranges,0,0.500000,1,300.000000'
ptd-server 2022-07-19 06:01:00,636 [INFO] Initial range for Amps is 0.500000 for Volts is Auto
ptd-server 2022-07-19 06:01:00,636 [INFO] Sending to ptd: 'SR,V,Auto'
ptd-server 2022-07-19 06:01:01,138 [INFO] Reply from ptd: 'Range V changed'
ptd-server 2022-07-19 06:01:01,138 [INFO] Sending to ptd: 'SR,A,Auto'
ptd-server 2022-07-19 06:01:01,641 [INFO] Reply from ptd: 'Range A changed'
ptd-server 2022-07-19 06:01:11,651 [INFO] Starting ranging mode
ptd-server 2022-07-19 06:01:11,651 [INFO] Sending to ptd: 'Go,1000,0,2022-07-19_06-00-43_ranging'
ptd-server 2022-07-19 06:01:11,652 [INFO] Reply from ptd: 'Starting untimed measurement, maximum 500000 samples at 1000ms with 0 rampup samples'
ptd-server 2022-07-19 06:01:11,652 [INFO] Sending reply to client 'OK'
ptd-server 2022-07-19 06:11:28,884 [INFO] Got command from the client 'session,2022-07-19_06-00-43,stop,ranging'
ptd-server 2022-07-19 06:11:38,894 [INFO] Sending to ptd: 'Stop'
ptd-server 2022-07-19 06:11:38,895 [INFO] Reply from ptd: 'Stopping untimed measurement'
ptd-server 2022-07-19 06:11:38,949 [INFO] Sending reply to client 'OK'
ptd-server 2022-07-19 06:11:39,135 [INFO] Got command from the client 'time'
ptd-server 2022-07-19 06:11:39,135 [INFO] Sending reply to client '1658207499.1353276'
ptd-server 2022-07-19 06:11:39,138 [INFO] Got command from the client 'session,2022-07-19_06-00-43,start,testing'
ptd-server 2022-07-19 06:11:39,138 [INFO] Sending to ptd: 'SR,V,250.030000'
ptd-server 2022-07-19 06:11:41,154 [INFO] Reply from ptd: 'Range V changed'
ptd-server 2022-07-19 06:11:41,154 [INFO] Sending to ptd: 'SR,A,0.083170'
ptd-server 2022-07-19 06:11:42,655 [INFO] Reply from ptd: 'Range A changed'
ptd-server 2022-07-19 06:11:52,665 [INFO] Starting testing mode
ptd-server 2022-07-19 06:11:52,666 [INFO] Sending to ptd: 'Go,1000,0,2022-07-19_06-00-43_testing'
ptd-server 2022-07-19 06:11:52,666 [INFO] Reply from ptd: 'Starting untimed measurement, maximum 500000 samples at 1000ms with 0 rampup samples'
ptd-server 2022-07-19 06:11:52,666 [INFO] Sending reply to client 'OK'
ptd-server 2022-07-19 06:22:10,119 [INFO] Got command from the client 'session,2022-07-19_06-00-43,stop,testing'
ptd-server 2022-07-19 06:22:20,130 [INFO] Sending to ptd: 'Stop'
ptd-server 2022-07-19 06:22:20,130 [INFO] Reply from ptd: 'Stopping untimed measurement'
ptd-server 2022-07-19 06:22:20,158 [INFO] Sending reply to client 'OK'
ptd-server 2022-07-19 06:22:20,289 [INFO] Got command from the client 'session,2022-07-19_06-00-43,done'
ptd-server 2022-07-19 06:22:20,289 [INFO] Sending to ptd: 'Stop'
ptd-server 2022-07-19 06:22:20,667 [INFO] Reply from ptd: 'Error: no measurement to stop'
ptd-server 2022-07-19 06:22:20,667 [INFO] Sending to ptd: 'SR,V,Auto'
ptd-server 2022-07-19 06:22:21,169 [INFO] Reply from ptd: 'Range V changed'
ptd-server 2022-07-19 06:22:21,169 [INFO] Sending to ptd: 'SR,A,0.500000'
ptd-server 2022-07-19 06:22:22,671 [INFO] Reply from ptd: 'Range A changed'
ptd-server 2022-07-19 06:22:22,671 [INFO] Set initial values for Amps 0.500000 and Volts Auto
ptd-server 2022-07-19 06:22:22,671 [INFO] Stopping ptd...
