ptd-server 2022-07-23 16:19:49,375 [INFO] Got command from the client 'time'
ptd-server 2022-07-23 16:19:49,375 [INFO] Sending reply to client '1658589589.375474'
ptd-server 2022-07-23 16:19:49,376 [INFO] Got command from the client 'new,,51bb3131-30bb-4201-918b-20ff1f8cad16'
ptd-server 2022-07-23 16:19:49,377 [INFO] Sending reply to client 'OK 2022-07-23_16-19-49,035ddcbc-892c-4342-b0f2-d56a655fcc7d'
ptd-server 2022-07-23 16:19:49,415 [INFO] Got command from the client 'time'
ptd-server 2022-07-23 16:19:49,415 [INFO] Sending reply to client '1658589589.415583'
ptd-server 2022-07-23 16:19:49,416 [INFO] Got command from the client 'session,2022-07-23_16-19-49,start,ranging'
ptd-server 2022-07-23 16:19:49,417 [INFO] Running PTDaemon: ['/home/anton/projects/mlperf/power/inference_v1.0/ptd-linux-x86', '-l', '/tmp/tmp7lgbo8s4/ptd_logfile.txt', '-p', '8888', '49', '/dev/usbtmc0']
ptd-server 2022-07-23 16:20:06,592 [INFO] Sending to ptd: 'Hello'
ptd-server 2022-07-23 16:20:06,592 [INFO] Reply from ptd: 'Hello, PTDaemon here!'
ptd-server 2022-07-23 16:20:06,593 [INFO] Sending to ptd: 'Identify'
ptd-server 2022-07-23 16:20:06,593 [INFO] Reply from ptd: 'YokogawaWT310E,1000,1,1,1,1,0,1,1,version=1.9.2-e8c7a49a-20201208,OS=Linux 5.13.0-52-generic #59~20.04.1-Ubuntu SMP Thu Jun 16 21:21:28 UTC 2022 x86_64,mode=power,1,1,1,0,0,no_cal_date,YOKOGAWA;WT310E;C3XA04010E;F1.04'
ptd-server 2022-07-23 16:20:06,593 [INFO] Connected to PTDaemon
ptd-server 2022-07-23 16:20:06,593 [INFO] Sending to ptd: 'RR'
ptd-server 2022-07-23 16:20:06,594 [INFO] Reply from ptd: 'Ranges,0,0.500000,1,300.000000'
ptd-server 2022-07-23 16:20:06,594 [INFO] Initial range for Amps is 0.500000 for Volts is Auto
ptd-server 2022-07-23 16:20:06,594 [INFO] Sending to ptd: 'SR,V,Auto'
ptd-server 2022-07-23 16:20:07,096 [INFO] Reply from ptd: 'Range V changed'
ptd-server 2022-07-23 16:20:07,097 [INFO] Sending to ptd: 'SR,A,Auto'
ptd-server 2022-07-23 16:20:07,599 [INFO] Reply from ptd: 'Range A changed'
ptd-server 2022-07-23 16:20:17,609 [INFO] Starting ranging mode
ptd-server 2022-07-23 16:20:17,610 [INFO] Sending to ptd: 'Go,1000,0,2022-07-23_16-19-49_ranging'
ptd-server 2022-07-23 16:20:17,610 [INFO] Reply from ptd: 'Starting untimed measurement, maximum 500000 samples at 1000ms with 0 rampup samples'
ptd-server 2022-07-23 16:20:17,610 [INFO] Sending reply to client 'OK'
ptd-server 2022-07-23 16:30:34,173 [INFO] Got command from the client 'session,2022-07-23_16-19-49,stop,ranging'
ptd-server 2022-07-23 16:30:44,183 [INFO] Sending to ptd: 'Stop'
ptd-server 2022-07-23 16:30:44,184 [INFO] Reply from ptd: 'Stopping untimed measurement'
ptd-server 2022-07-23 16:30:44,781 [INFO] Sending reply to client 'OK'
ptd-server 2022-07-23 16:30:44,843 [INFO] Got command from the client 'time'
ptd-server 2022-07-23 16:30:44,843 [INFO] Sending reply to client '1658590244.8437276'
ptd-server 2022-07-23 16:30:44,844 [INFO] Got command from the client 'session,2022-07-23_16-19-49,start,testing'
ptd-server 2022-07-23 16:30:44,844 [INFO] Sending to ptd: 'SR,V,250.300000'
ptd-server 2022-07-23 16:30:46,346 [INFO] Reply from ptd: 'Range V changed'
ptd-server 2022-07-23 16:30:46,346 [INFO] Sending to ptd: 'SR,A,0.055620'
ptd-server 2022-07-23 16:30:47,847 [INFO] Reply from ptd: 'Range A changed'
ptd-server 2022-07-23 16:30:57,857 [INFO] Starting testing mode
ptd-server 2022-07-23 16:30:57,858 [INFO] Sending to ptd: 'Go,1000,0,2022-07-23_16-19-49_testing'
ptd-server 2022-07-23 16:30:57,858 [INFO] Reply from ptd: 'Starting untimed measurement, maximum 500000 samples at 1000ms with 0 rampup samples'
ptd-server 2022-07-23 16:30:57,858 [INFO] Sending reply to client 'OK'
ptd-server 2022-07-23 16:41:14,320 [INFO] Got command from the client 'session,2022-07-23_16-19-49,stop,testing'
ptd-server 2022-07-23 16:41:24,324 [INFO] Sending to ptd: 'Stop'
ptd-server 2022-07-23 16:41:24,324 [INFO] Reply from ptd: 'Stopping untimed measurement'
ptd-server 2022-07-23 16:41:24,638 [INFO] Sending reply to client 'OK'
ptd-server 2022-07-23 16:41:24,646 [INFO] Got command from the client 'session,2022-07-23_16-19-49,done'
ptd-server 2022-07-23 16:41:24,647 [INFO] Sending to ptd: 'Stop'
ptd-server 2022-07-23 16:41:24,858 [INFO] Reply from ptd: 'Error: no measurement to stop'
ptd-server 2022-07-23 16:41:24,858 [INFO] Sending to ptd: 'SR,V,Auto'
ptd-server 2022-07-23 16:41:25,361 [INFO] Reply from ptd: 'Range V changed'
ptd-server 2022-07-23 16:41:25,361 [INFO] Sending to ptd: 'SR,A,0.500000'
ptd-server 2022-07-23 16:41:26,862 [INFO] Reply from ptd: 'Range A changed'
ptd-server 2022-07-23 16:41:26,863 [INFO] Set initial values for Amps 0.500000 and Volts Auto
ptd-server 2022-07-23 16:41:26,863 [INFO] Stopping ptd...
