ptd-server 2022-07-29 20:44:36,274 [INFO] Got command from the client 'stop'
ptd-server 2022-07-29 20:44:36,274 [INFO] The server will be stopped after processing this client
ptd-server 2022-07-29 20:44:36,274 [INFO] Sending reply to client 'OK'
ptd-server 2022-07-29 20:44:36,278 [INFO] Got command from the client 'time'
ptd-server 2022-07-29 20:44:36,278 [INFO] Sending reply to client '1659127476.2781382'
ptd-server 2022-07-29 20:44:36,279 [INFO] Got command from the client 'new,,23b412bb-ba3b-4fad-89c8-0db871370b2f'
ptd-server 2022-07-29 20:44:36,279 [INFO] Sending reply to client 'OK 2022-07-29_20-44-36,58646e78-0b74-4826-9194-1552d76f3e72'
ptd-server 2022-07-29 20:44:36,281 [INFO] Got command from the client 'time'
ptd-server 2022-07-29 20:44:36,281 [INFO] Sending reply to client '1659127476.281879'
ptd-server 2022-07-29 20:44:36,282 [INFO] Got command from the client 'session,2022-07-29_20-44-36,start,ranging'
ptd-server 2022-07-29 20:44:36,386 [INFO] Running PTDaemon: ['C:\\PTD\\ptd-windows-x86.exe', '-l', 'C:\\Users\\pa\\AppData\\Local\\Temp\\tmp4drwz1dt\\ptd_logfile.txt', '-p', '8888', '-c', '1,2', '-y', '77', 'C2WL21005V']
ptd-server 2022-07-29 20:44:55,399 [INFO] Sending to ptd: 'Hello'
ptd-server 2022-07-29 20:44:55,399 [INFO] Reply from ptd: 'Hello, PTDaemon here!'
ptd-server 2022-07-29 20:44:55,400 [INFO] Sending to ptd: 'Identify'
ptd-server 2022-07-29 20:44:55,400 [INFO] Reply from ptd: 'YokogawaWT330_multichannel,1000,1,1,1,1,0,0,1,version=1.9.2-3976349f-20201208,OS=Windows 8 / Server 2012,mode=power,1,1,2,0,0,no_cal_date,YOKOGAWA;WT333E;C2WL21005V;F1.04'
ptd-server 2022-07-29 20:44:55,401 [INFO] Connected to PTDaemon
ptd-server 2022-07-29 20:44:55,401 [INFO] Sending to ptd: 'RR'
ptd-server 2022-07-29 20:44:55,401 [INFO] Reply from ptd: 'Ranges,-1,-1.000000,-1,-1.000000'
ptd-server 2022-07-29 20:44:55,401 [INFO] Initial range for Amps is Auto for Volts is Auto
ptd-server 2022-07-29 20:44:55,402 [INFO] Sending to ptd: 'SR,V,Auto'
ptd-server 2022-07-29 20:45:00,464 [INFO] Reply from ptd: 'Range V changed'
ptd-server 2022-07-29 20:45:00,465 [INFO] Sending to ptd: 'SR,A,20'
ptd-server 2022-07-29 20:45:06,043 [INFO] Reply from ptd: 'Range A changed'
ptd-server 2022-07-29 20:45:16,053 [INFO] Starting ranging mode
ptd-server 2022-07-29 20:45:16,053 [INFO] Sending to ptd: 'Go,1000,0,2022-07-29_20-44-36_ranging'
ptd-server 2022-07-29 20:45:16,054 [INFO] Reply from ptd: 'Starting untimed measurement, maximum 500000 samples at 1000ms with 0 rampup samples'
ptd-server 2022-07-29 20:45:16,054 [INFO] Sending reply to client 'OK'
ptd-server 2022-07-29 20:57:06,798 [INFO] Got command from the client 'session,2022-07-29_20-44-36,stop,ranging'
ptd-server 2022-07-29 20:57:16,811 [INFO] Sending to ptd: 'Stop'
ptd-server 2022-07-29 20:57:16,811 [INFO] Reply from ptd: 'Stopping untimed measurement'
ptd-server 2022-07-29 20:57:16,843 [INFO] Sending reply to client 'OK'
ptd-server 2022-07-29 20:57:16,855 [INFO] Got command from the client 'time'
ptd-server 2022-07-29 20:57:16,855 [INFO] Sending reply to client '1659128236.8559372'
ptd-server 2022-07-29 20:57:16,856 [INFO] Got command from the client 'session,2022-07-29_20-44-36,start,testing'
ptd-server 2022-07-29 20:57:16,856 [INFO] Sending to ptd: 'SR,V,119.580000'
ptd-server 2022-07-29 20:57:23,141 [INFO] Reply from ptd: 'Range V changed'
ptd-server 2022-07-29 20:57:23,142 [INFO] Sending to ptd: 'SR,A,1.480000'
ptd-server 2022-07-29 20:57:28,731 [INFO] Reply from ptd: 'Range A changed'
ptd-server 2022-07-29 20:57:38,735 [INFO] Starting testing mode
ptd-server 2022-07-29 20:57:38,735 [INFO] Sending to ptd: 'Go,1000,0,2022-07-29_20-44-36_testing'
ptd-server 2022-07-29 20:57:38,736 [INFO] Reply from ptd: 'Starting untimed measurement, maximum 500000 samples at 1000ms with 0 rampup samples'
ptd-server 2022-07-29 20:57:38,736 [INFO] Sending reply to client 'OK'
ptd-server 2022-07-29 21:09:30,408 [INFO] Got command from the client 'session,2022-07-29_20-44-36,stop,testing'
ptd-server 2022-07-29 21:09:40,412 [INFO] Sending to ptd: 'Stop'
ptd-server 2022-07-29 21:09:40,412 [INFO] Reply from ptd: 'Stopping untimed measurement'
ptd-server 2022-07-29 21:09:40,429 [INFO] Sending reply to client 'OK'
ptd-server 2022-07-29 21:09:40,437 [INFO] Got command from the client 'session,2022-07-29_20-44-36,done'
ptd-server 2022-07-29 21:09:40,437 [INFO] Sending to ptd: 'Stop'
ptd-server 2022-07-29 21:09:40,738 [INFO] Reply from ptd: 'Error: no measurement to stop'
ptd-server 2022-07-29 21:09:40,738 [INFO] Sending to ptd: 'SR,V,Auto'
ptd-server 2022-07-29 21:09:45,813 [INFO] Reply from ptd: 'Range V changed'
ptd-server 2022-07-29 21:09:45,813 [INFO] Sending to ptd: 'SR,A,Auto'
ptd-server 2022-07-29 21:09:50,880 [INFO] Reply from ptd: 'Range A changed'
ptd-server 2022-07-29 21:09:50,880 [INFO] Set initial values for Amps Auto and Volts Auto
ptd-server 2022-07-29 21:09:50,881 [INFO] Stopping ptd...
