ptd-server 2022-07-31 09:46:51,772 [INFO] Got command from the client 'time'
ptd-server 2022-07-31 09:46:51,772 [INFO] Sending reply to client '1659257211.772867'
ptd-server 2022-07-31 09:46:51,773 [INFO] Got command from the client 'new,,63d5775b-00f6-4a50-a7d9-749166bb3d05'
ptd-server 2022-07-31 09:46:51,774 [INFO] Sending reply to client 'OK 2022-07-31_09-46-51,efbb1f92-2300-49c8-b41e-96af20523b4e'
ptd-server 2022-07-31 09:46:51,807 [INFO] Got command from the client 'time'
ptd-server 2022-07-31 09:46:51,807 [INFO] Sending reply to client '1659257211.8073177'
ptd-server 2022-07-31 09:46:51,808 [INFO] Got command from the client 'session,2022-07-31_09-46-51,start,ranging'
ptd-server 2022-07-31 09:46:51,808 [INFO] Running PTDaemon: ['/home/anton/projects/mlperf/power/inference_v1.0/ptd-linux-x86', '-l', '/tmp/tmp7lgbo8s4/ptd_logfile.txt', '-p', '8888', '49', '/dev/usbtmc0']
ptd-server 2022-07-31 09:47:08,983 [INFO] Sending to ptd: 'Hello'
ptd-server 2022-07-31 09:47:08,984 [INFO] Reply from ptd: 'Hello, PTDaemon here!'
ptd-server 2022-07-31 09:47:08,984 [INFO] Sending to ptd: 'Identify'
ptd-server 2022-07-31 09:47:08,984 [INFO] Reply from ptd: 'YokogawaWT310E,1000,1,1,1,1,0,1,1,version=1.9.2-e8c7a49a-20201208,OS=Linux 5.13.0-52-generic #59~20.04.1-Ubuntu SMP Thu Jun 16 21:21:28 UTC 2022 x86_64,mode=power,1,1,1,0,0,no_cal_date,YOKOGAWA;WT310E;C3XA04010E;F1.04'
ptd-server 2022-07-31 09:47:08,984 [INFO] Connected to PTDaemon
ptd-server 2022-07-31 09:47:08,985 [INFO] Sending to ptd: 'RR'
ptd-server 2022-07-31 09:47:08,985 [INFO] Reply from ptd: 'Ranges,0,0.500000,1,300.000000'
ptd-server 2022-07-31 09:47:08,985 [INFO] Initial range for Amps is 0.500000 for Volts is Auto
ptd-server 2022-07-31 09:47:08,985 [INFO] Sending to ptd: 'SR,V,Auto'
ptd-server 2022-07-31 09:47:09,488 [INFO] Reply from ptd: 'Range V changed'
ptd-server 2022-07-31 09:47:09,488 [INFO] Sending to ptd: 'SR,A,Auto'
ptd-server 2022-07-31 09:47:09,990 [INFO] Reply from ptd: 'Range A changed'
ptd-server 2022-07-31 09:47:20,000 [INFO] Starting ranging mode
ptd-server 2022-07-31 09:47:20,000 [INFO] Sending to ptd: 'Go,1000,0,2022-07-31_09-46-51_ranging'
ptd-server 2022-07-31 09:47:20,001 [INFO] Reply from ptd: 'Starting untimed measurement, maximum 500000 samples at 1000ms with 0 rampup samples'
ptd-server 2022-07-31 09:47:20,001 [INFO] Sending reply to client 'OK'
ptd-server 2022-07-31 09:57:50,890 [INFO] Got command from the client 'session,2022-07-31_09-46-51,stop,ranging'
ptd-server 2022-07-31 09:58:00,898 [INFO] Sending to ptd: 'Stop'
ptd-server 2022-07-31 09:58:00,899 [INFO] Reply from ptd: 'Stopping untimed measurement'
ptd-server 2022-07-31 09:58:02,169 [INFO] Sending reply to client 'OK'
ptd-server 2022-07-31 09:58:02,226 [INFO] Got command from the client 'time'
ptd-server 2022-07-31 09:58:02,226 [INFO] Sending reply to client '1659257882.2268176'
ptd-server 2022-07-31 09:58:02,228 [INFO] Got command from the client 'session,2022-07-31_09-46-51,start,testing'
ptd-server 2022-07-31 09:58:02,228 [INFO] Sending to ptd: 'SR,V,250.290000'
ptd-server 2022-07-31 09:58:03,729 [INFO] Reply from ptd: 'Range V changed'
ptd-server 2022-07-31 09:58:03,729 [INFO] Sending to ptd: 'SR,A,0.264300'
ptd-server 2022-07-31 09:58:05,231 [INFO] Reply from ptd: 'Range A changed'
ptd-server 2022-07-31 09:58:15,241 [INFO] Starting testing mode
ptd-server 2022-07-31 09:58:15,241 [INFO] Sending to ptd: 'Go,1000,0,2022-07-31_09-46-51_testing'
ptd-server 2022-07-31 09:58:15,242 [INFO] Reply from ptd: 'Starting untimed measurement, maximum 500000 samples at 1000ms with 0 rampup samples'
ptd-server 2022-07-31 09:58:15,242 [INFO] Sending reply to client 'OK'
ptd-server 2022-07-31 10:08:26,554 [INFO] Got command from the client 'session,2022-07-31_09-46-51,stop,testing'
ptd-server 2022-07-31 10:08:36,564 [INFO] Sending to ptd: 'Stop'
ptd-server 2022-07-31 10:08:36,565 [INFO] Reply from ptd: 'Stopping untimed measurement'
ptd-server 2022-07-31 10:08:37,228 [INFO] Sending reply to client 'OK'
ptd-server 2022-07-31 10:08:37,242 [INFO] Got command from the client 'session,2022-07-31_09-46-51,done'
ptd-server 2022-07-31 10:08:37,243 [INFO] Sending to ptd: 'Stop'
ptd-server 2022-07-31 10:08:37,243 [INFO] Reply from ptd: 'Error: no measurement to stop'
ptd-server 2022-07-31 10:08:37,243 [INFO] Sending to ptd: 'SR,V,Auto'
ptd-server 2022-07-31 10:08:37,745 [INFO] Reply from ptd: 'Range V changed'
ptd-server 2022-07-31 10:08:37,745 [INFO] Sending to ptd: 'SR,A,0.500000'
ptd-server 2022-07-31 10:08:39,247 [INFO] Reply from ptd: 'Range A changed'
ptd-server 2022-07-31 10:08:39,247 [INFO] Set initial values for Amps 0.500000 and Volts Auto
ptd-server 2022-07-31 10:08:39,247 [INFO] Stopping ptd...
