ptd-server 2022-08-02 21:36:19,145 [INFO] Got command from the client 'time'
ptd-server 2022-08-02 21:36:19,145 [INFO] Sending reply to client '1659472579.145234'
ptd-server 2022-08-02 21:36:19,146 [INFO] Got command from the client 'new,,60784433-6f9b-4141-b2bb-4ebccf52d9e4'
ptd-server 2022-08-02 21:36:19,146 [INFO] Sending reply to client 'OK 2022-08-02_21-36-19,1e261553-2450-44fa-a388-ee1c796b2db0'
ptd-server 2022-08-02 21:36:19,175 [INFO] Got command from the client 'time'
ptd-server 2022-08-02 21:36:19,176 [INFO] Sending reply to client '1659472579.176076'
ptd-server 2022-08-02 21:36:19,176 [INFO] Got command from the client 'session,2022-08-02_21-36-19,start,ranging'
ptd-server 2022-08-02 21:36:19,177 [INFO] Running PTDaemon: ['/home/anton/projects/mlperf/power/inference_v1.0/ptd-linux-x86', '-l', '/tmp/tmp7lgbo8s4/ptd_logfile.txt', '-p', '8888', '49', '/dev/usbtmc0']
ptd-server 2022-08-02 21:36:36,351 [INFO] Sending to ptd: 'Hello'
ptd-server 2022-08-02 21:36:36,351 [INFO] Reply from ptd: 'Hello, PTDaemon here!'
ptd-server 2022-08-02 21:36:36,352 [INFO] Sending to ptd: 'Identify'
ptd-server 2022-08-02 21:36:36,352 [INFO] Reply from ptd: 'YokogawaWT310E,1000,1,1,1,1,0,1,1,version=1.9.2-e8c7a49a-20201208,OS=Linux 5.13.0-52-generic #59~20.04.1-Ubuntu SMP Thu Jun 16 21:21:28 UTC 2022 x86_64,mode=power,1,1,1,0,0,no_cal_date,YOKOGAWA;WT310E;C3XA04010E;F1.04'
ptd-server 2022-08-02 21:36:36,352 [INFO] Connected to PTDaemon
ptd-server 2022-08-02 21:36:36,352 [INFO] Sending to ptd: 'RR'
ptd-server 2022-08-02 21:36:36,352 [INFO] Reply from ptd: 'Ranges,0,0.500000,1,300.000000'
ptd-server 2022-08-02 21:36:36,353 [INFO] Initial range for Amps is 0.500000 for Volts is Auto
ptd-server 2022-08-02 21:36:36,353 [INFO] Sending to ptd: 'SR,V,Auto'
ptd-server 2022-08-02 21:36:36,855 [INFO] Reply from ptd: 'Range V changed'
ptd-server 2022-08-02 21:36:36,855 [INFO] Sending to ptd: 'SR,A,Auto'
ptd-server 2022-08-02 21:36:37,358 [INFO] Reply from ptd: 'Range A changed'
ptd-server 2022-08-02 21:36:47,368 [INFO] Starting ranging mode
ptd-server 2022-08-02 21:36:47,368 [INFO] Sending to ptd: 'Go,1000,0,2022-08-02_21-36-19_ranging'
ptd-server 2022-08-02 21:36:47,369 [INFO] Reply from ptd: 'Starting untimed measurement, maximum 500000 samples at 1000ms with 0 rampup samples'
ptd-server 2022-08-02 21:36:47,369 [INFO] Sending reply to client 'OK'
ptd-server 2022-08-02 21:47:01,792 [INFO] Got command from the client 'session,2022-08-02_21-36-19,stop,ranging'
ptd-server 2022-08-02 21:47:11,802 [INFO] Sending to ptd: 'Stop'
ptd-server 2022-08-02 21:47:11,802 [INFO] Reply from ptd: 'Stopping untimed measurement'
ptd-server 2022-08-02 21:47:13,351 [INFO] Sending reply to client 'OK'
ptd-server 2022-08-02 21:47:13,397 [INFO] Got command from the client 'time'
ptd-server 2022-08-02 21:47:13,398 [INFO] Sending reply to client '1659473233.398108'
ptd-server 2022-08-02 21:47:13,399 [INFO] Got command from the client 'session,2022-08-02_21-36-19,start,testing'
ptd-server 2022-08-02 21:47:13,399 [INFO] Sending to ptd: 'SR,V,249.250000'
ptd-server 2022-08-02 21:47:14,900 [INFO] Reply from ptd: 'Range V changed'
ptd-server 2022-08-02 21:47:14,901 [INFO] Sending to ptd: 'SR,A,0.273590'
ptd-server 2022-08-02 21:47:16,402 [INFO] Reply from ptd: 'Range A changed'
ptd-server 2022-08-02 21:47:26,412 [INFO] Starting testing mode
ptd-server 2022-08-02 21:47:26,412 [INFO] Sending to ptd: 'Go,1000,0,2022-08-02_21-36-19_testing'
ptd-server 2022-08-02 21:47:26,413 [INFO] Reply from ptd: 'Starting untimed measurement, maximum 500000 samples at 1000ms with 0 rampup samples'
ptd-server 2022-08-02 21:47:26,413 [INFO] Sending reply to client 'OK'
ptd-server 2022-08-02 21:57:40,640 [INFO] Got command from the client 'session,2022-08-02_21-36-19,stop,testing'
ptd-server 2022-08-02 21:57:50,650 [INFO] Sending to ptd: 'Stop'
ptd-server 2022-08-02 21:57:50,651 [INFO] Reply from ptd: 'Stopping untimed measurement'
ptd-server 2022-08-02 21:57:51,434 [INFO] Sending reply to client 'OK'
ptd-server 2022-08-02 21:57:51,448 [INFO] Got command from the client 'session,2022-08-02_21-36-19,done'
ptd-server 2022-08-02 21:57:51,448 [INFO] Sending to ptd: 'Stop'
ptd-server 2022-08-02 21:57:51,448 [INFO] Reply from ptd: 'Error: no measurement to stop'
ptd-server 2022-08-02 21:57:51,448 [INFO] Sending to ptd: 'SR,V,Auto'
ptd-server 2022-08-02 21:57:51,951 [INFO] Reply from ptd: 'Range V changed'
ptd-server 2022-08-02 21:57:51,951 [INFO] Sending to ptd: 'SR,A,0.500000'
ptd-server 2022-08-02 21:57:53,452 [INFO] Reply from ptd: 'Range A changed'
ptd-server 2022-08-02 21:57:53,453 [INFO] Set initial values for Amps 0.500000 and Volts Auto
ptd-server 2022-08-02 21:57:53,453 [INFO] Stopping ptd...
