client 2022-07-22 20:52:19,875 [INFO] Sending command to the server: 'mlcommons/power client v3'
client 2022-07-22 20:52:19,879 [INFO] Got response: 'mlcommons/power server v3'
client 2022-07-22 20:52:19,879 [INFO] Sending command to the server: 'stop'
client 2022-07-22 20:52:19,881 [INFO] Got response: 'OK'
client 2022-07-22 20:52:19,881 [INFO] Synchronizing with the server and with ib-01.dc4-in.nvidia.com...
client 2022-07-22 20:52:20,086 [INFO] NTP:offset = 0.000 s, delay = 0.201 s 
client 2022-07-22 20:52:20,086 [INFO] Sending command to the server: 'time'
client 2022-07-22 20:52:20,088 [INFO] Got response: '1658523140.069607'
client 2022-07-22 20:52:20,088 [INFO] The time difference between the client and the server is within range 16.792 ms..18.550 ms
client 2022-07-22 20:52:20,088 [INFO] Sending command to the server: 'new,,e2532a16-2c48-41db-a858-f4b078119ea0'
client 2022-07-22 20:52:20,106 [INFO] Got response: 'OK 2022-07-22_13-52-20,d6790589-cce9-4434-bef2-e65b9d44d6c8'
client 2022-07-22 20:52:20,106 [INFO] Session id is '2022-07-22_13-52-20'
client 2022-07-22 20:52:20,106 [INFO] Sources: {"sources": {"__init__.py": "da39a3ee5e6b4b0d3255bfef95601890afd80709", "client.py": "33ca4f26368777ac06e01f9567b714a4b8063886", "lib/__init__.py": "da39a3ee5e6b4b0d3255bfef95601890afd80709", "lib/client.py": "4c2b78fb4849a7e5b584ef792d82aaed20b17f57", "lib/common.py": "624d0c0acc7c39aaff3674f0b99d6a09da53d1dc", "lib/external/__init__.py": "da39a3ee5e6b4b0d3255bfef95601890afd80709", "lib/external/ntplib.py": "4da8f970656505a40483206ef2b5d3dd5e81711d", "lib/server.py": "59c9fb92908260d3e9f81a895c7aa009742275e4", "lib/source_hashes.py": "60a2e02193209e8d392803326208d5466342da18", "lib/summary.py": "aa92f0a3f975eecd44d3c0cd0236342ccc9f941d", "lib/time_sync.py": "3210db56eb0ff0df57bf4293dc4d4b03fffd46f1", "server.py": "c3f90f2f7eeb4db30727556d0c815ebc89b3d28b", "tests/unit/__init__.py": "da39a3ee5e6b4b0d3255bfef95601890afd80709", "tests/unit/test_server.py": "99ae15aef722f2000ee6ed1ae1523637bf1ae42b", "tests/unit/test_source_hashes.py": "00468a2907583c593e6574a1f6b404e4651c221a"}, "modules": {"ptd_client_server.lib.client": "lib/client.py", "ptd_client_server.lib.common": "lib/common.py", "ptd_client_server.lib.external.ntplib": "lib/external/ntplib.py", "ptd_client_server.lib.source_hashes": "lib/source_hashes.py", "ptd_client_server.lib.summary": "lib/summary.py", "ptd_client_server.lib.time_sync": "lib/time_sync.py"}}
client 2022-07-22 20:52:20,110 [INFO] Running workload in ranging mode
client 2022-07-22 20:52:20,110 [INFO] Synchronizing with the server and with ib-01.dc4-in.nvidia.com...
client 2022-07-22 20:52:20,313 [INFO] NTP:offset = 0.000 s, delay = 0.201 s 
client 2022-07-22 20:52:20,313 [INFO] Sending command to the server: 'time'
client 2022-07-22 20:52:20,315 [INFO] Got response: '1658523140.303926'
client 2022-07-22 20:52:20,315 [INFO] The time difference between the client and the server is within range 10.041 ms..11.679 ms
client 2022-07-22 20:52:20,315 [INFO] Sending command to the server: 'session,2022-07-22_13-52-20,start,ranging'
client 2022-07-22 20:53:01,745 [INFO] Got response: 'OK'
client 2022-07-22 20:53:01,745 [INFO] Running the workload 'LOG_DIR=/work/build/power_logs_temp python3 -m code.main_v2 --benchmarks=3d-unet --scenarios=Offline --test_mode=PerformanceOnly --config_ver=maxq_high_accuracy --action="run_harness" \\\n\t\t2>&1 | tee -a /work/build/power_logs/2022.07.22-20.51.42/stdout.txt \\\n\t\t&& if [ ! -d /work/build/power_logs/2022.07.22-20.51.42/ranging_tmp ]; \\\n\t\t\tthen mkdir /work/build/power_logs/2022.07.22-20.51.42/ranging_tmp \\\n\t\t\t\t&& mv /work/build/power_logs_temp/* /work/build/power_logs/2022.07.22-20.51.42/ranging_tmp/ \\\n\t\t\t\t&& cp -v /work/build/power_logs/2022.07.22-20.51.42/ranging_tmp/*/*/*/mlperf_log_detail.txt /work/build/power_logs_temp/ \\\n\t\t\t\t&& cp -v /work/build/power_logs/2022.07.22-20.51.42/ranging_tmp/*/*/*/mlperf_log_summary.txt /work/build/power_logs_temp/; \\\n\t\t\telse mkdir /work/build/power_logs/2022.07.22-20.51.42/testing_tmp \\\n\t\t\t\t&& mv /work/build/power_logs_temp/* /work/build/power_logs/2022.07.22-20.51.42/testing_tmp/ \\\n\t\t\t\t&& cp -v /work/build/power_logs/2022.07.22-20.51.42/testing_tmp/*/*/*/mlperf_log_detail.txt /work/build/power_logs_temp/ \\\n\t\t\t\t&& cp -v /work/build/power_logs/2022.07.22-20.51.42/testing_tmp/*/*/*/mlperf_log_summary.txt /work/build/power_logs_temp/; fi'
client 2022-07-22 21:14:47,995 [INFO] Sending command to the server: 'session,2022-07-22_13-52-20,stop,ranging'
client 2022-07-22 21:14:58,158 [INFO] Got response: 'OK'
client 2022-07-22 21:14:58,170 [INFO] Copying loadgen logs from '/work/build/power_logs_temp' to '/work/build/power_logs/2022.07.22-20.51.42/2022-07-22_13-52-20/ranging'
client 2022-07-22 21:14:58,184 [INFO] Running workload in testing mode
client 2022-07-22 21:14:58,184 [INFO] Synchronizing with the server and with ib-01.dc4-in.nvidia.com...
client 2022-07-22 21:14:58,387 [INFO] NTP:offset = 0.000 s, delay = 0.201 s 
client 2022-07-22 21:14:58,387 [INFO] Sending command to the server: 'time'
client 2022-07-22 21:14:58,389 [INFO] Got response: '1658524498.354325'
client 2022-07-22 21:14:58,389 [INFO] The time difference between the client and the server is within range 33.286 ms..35.048 ms
client 2022-07-22 21:14:58,389 [INFO] Sending command to the server: 'session,2022-07-22_13-52-20,start,testing'
client 2022-07-22 21:15:20,502 [INFO] Got response: 'OK'
client 2022-07-22 21:15:20,502 [INFO] Running the workload 'LOG_DIR=/work/build/power_logs_temp python3 -m code.main_v2 --benchmarks=3d-unet --scenarios=Offline --test_mode=PerformanceOnly --config_ver=maxq_high_accuracy --action="run_harness" \\\n\t\t2>&1 | tee -a /work/build/power_logs/2022.07.22-20.51.42/stdout.txt \\\n\t\t&& if [ ! -d /work/build/power_logs/2022.07.22-20.51.42/ranging_tmp ]; \\\n\t\t\tthen mkdir /work/build/power_logs/2022.07.22-20.51.42/ranging_tmp \\\n\t\t\t\t&& mv /work/build/power_logs_temp/* /work/build/power_logs/2022.07.22-20.51.42/ranging_tmp/ \\\n\t\t\t\t&& cp -v /work/build/power_logs/2022.07.22-20.51.42/ranging_tmp/*/*/*/mlperf_log_detail.txt /work/build/power_logs_temp/ \\\n\t\t\t\t&& cp -v /work/build/power_logs/2022.07.22-20.51.42/ranging_tmp/*/*/*/mlperf_log_summary.txt /work/build/power_logs_temp/; \\\n\t\t\telse mkdir /work/build/power_logs/2022.07.22-20.51.42/testing_tmp \\\n\t\t\t\t&& mv /work/build/power_logs_temp/* /work/build/power_logs/2022.07.22-20.51.42/testing_tmp/ \\\n\t\t\t\t&& cp -v /work/build/power_logs/2022.07.22-20.51.42/testing_tmp/*/*/*/mlperf_log_detail.txt /work/build/power_logs_temp/ \\\n\t\t\t\t&& cp -v /work/build/power_logs/2022.07.22-20.51.42/testing_tmp/*/*/*/mlperf_log_summary.txt /work/build/power_logs_temp/; fi'
client 2022-07-22 21:37:06,946 [INFO] Sending command to the server: 'session,2022-07-22_13-52-20,stop,testing'
client 2022-07-22 21:37:16,977 [INFO] Got response: 'OK'
client 2022-07-22 21:37:16,984 [INFO] Copying loadgen logs from '/work/build/power_logs_temp' to '/work/build/power_logs/2022.07.22-20.51.42/2022-07-22_13-52-20/run_1'
client 2022-07-22 21:37:17,012 [INFO] Done runs
