ptd-server 2022-07-22 13:52:19,866 [INFO] Got command from the client 'stop'
ptd-server 2022-07-22 13:52:19,866 [INFO] The server will be stopped after processing this client
ptd-server 2022-07-22 13:52:19,866 [INFO] Sending reply to client 'OK'
ptd-server 2022-07-22 13:52:20,069 [INFO] Got command from the client 'time'
ptd-server 2022-07-22 13:52:20,069 [INFO] Sending reply to client '1658523140.069607'
ptd-server 2022-07-22 13:52:20,069 [INFO] Got command from the client 'new,,e2532a16-2c48-41db-a858-f4b078119ea0'
ptd-server 2022-07-22 13:52:20,085 [INFO] Sending reply to client 'OK 2022-07-22_13-52-20,d6790589-cce9-4434-bef2-e65b9d44d6c8'
ptd-server 2022-07-22 13:52:20,303 [INFO] Got command from the client 'time'
ptd-server 2022-07-22 13:52:20,303 [INFO] Sending reply to client '1658523140.303926'
ptd-server 2022-07-22 13:52:20,303 [INFO] Got command from the client 'session,2022-07-22_13-52-20,start,ranging'
ptd-server 2022-07-22 13:52:20,413 [INFO] Running PTDaemon: ['C:\\PTD\\ptd-windows-x86.exe', '-l', 'C:\\Users\\lab\\AppData\\Local\\Temp\\tmpvpw4b06n\\ptd_logfile.txt', '-p', '8888', '-c', '1,3', '-y', '77', '10.117.41.199']
ptd-server 2022-07-22 13:52:41,564 [INFO] Sending to ptd: 'Hello'
ptd-server 2022-07-22 13:52:41,564 [INFO] Reply from ptd: 'Hello, PTDaemon here!'
ptd-server 2022-07-22 13:52:41,564 [INFO] Sending to ptd: 'Identify'
ptd-server 2022-07-22 13:52:41,564 [INFO] Reply from ptd: 'YokogawaWT330_multichannel,1000,1,1,1,1,0,0,1,version=1.9.2-3976349f-20201208,OS=Windows 8 / Server 2012,mode=power,1,1,2,0,0,no_cal_date,YOKOGAWA;WT333E;C2WL21011V;F1.04'
ptd-server 2022-07-22 13:52:41,564 [INFO] Connected to PTDaemon
ptd-server 2022-07-22 13:52:41,564 [INFO] Sending to ptd: 'RR'
ptd-server 2022-07-22 13:52:41,564 [INFO] Reply from ptd: 'Ranges,0,5.000000,0,300.000000'
ptd-server 2022-07-22 13:52:41,564 [INFO] Initial range for Amps is 5.000000 for Volts is 300.000000
ptd-server 2022-07-22 13:52:41,564 [INFO] Sending to ptd: 'SR,V,Auto'
ptd-server 2022-07-22 13:52:46,641 [INFO] Reply from ptd: 'Range V changed'
ptd-server 2022-07-22 13:52:46,641 [INFO] Sending to ptd: 'SR,A,Auto'
ptd-server 2022-07-22 13:52:51,718 [INFO] Reply from ptd: 'Range A changed'
ptd-server 2022-07-22 13:53:01,731 [INFO] Starting ranging mode
ptd-server 2022-07-22 13:53:01,731 [INFO] Sending to ptd: 'Go,1000,0,2022-07-22_13-52-20_ranging'
ptd-server 2022-07-22 13:53:01,731 [INFO] Reply from ptd: 'Starting untimed measurement, maximum 500000 samples at 1000ms with 0 rampup samples'
ptd-server 2022-07-22 13:53:01,731 [INFO] Sending reply to client 'OK'
ptd-server 2022-07-22 14:14:47,966 [INFO] Got command from the client 'session,2022-07-22_13-52-20,stop,ranging'
ptd-server 2022-07-22 14:14:57,979 [INFO] Sending to ptd: 'Stop'
ptd-server 2022-07-22 14:14:57,979 [INFO] Reply from ptd: 'Stopping untimed measurement'
ptd-server 2022-07-22 14:14:58,120 [INFO] Sending reply to client 'OK'
ptd-server 2022-07-22 14:14:58,354 [INFO] Got command from the client 'time'
ptd-server 2022-07-22 14:14:58,354 [INFO] Sending reply to client '1658524498.354325'
ptd-server 2022-07-22 14:14:58,354 [INFO] Got command from the client 'session,2022-07-22_13-52-20,start,testing'
ptd-server 2022-07-22 14:14:58,354 [INFO] Sending to ptd: 'SR,V,205.640000'
ptd-server 2022-07-22 14:15:04,837 [INFO] Reply from ptd: 'Range V changed'
ptd-server 2022-07-22 14:15:04,837 [INFO] Sending to ptd: 'SR,A,3.296700'
ptd-server 2022-07-22 14:15:10,429 [INFO] Reply from ptd: 'Range A changed'
ptd-server 2022-07-22 14:15:20,442 [INFO] Starting testing mode
ptd-server 2022-07-22 14:15:20,458 [INFO] Sending to ptd: 'Go,1000,0,2022-07-22_13-52-20_testing'
ptd-server 2022-07-22 14:15:20,474 [INFO] Reply from ptd: 'Starting untimed measurement, maximum 500000 samples at 1000ms with 0 rampup samples'
ptd-server 2022-07-22 14:15:20,474 [INFO] Sending reply to client 'OK'
ptd-server 2022-07-22 14:37:06,895 [INFO] Got command from the client 'session,2022-07-22_13-52-20,stop,testing'
ptd-server 2022-07-22 14:37:16,908 [INFO] Sending to ptd: 'Stop'
ptd-server 2022-07-22 14:37:16,908 [INFO] Reply from ptd: 'Stopping untimed measurement'
ptd-server 2022-07-22 14:37:16,924 [INFO] Sending reply to client 'OK'
ptd-server 2022-07-22 14:37:16,986 [INFO] Got command from the client 'session,2022-07-22_13-52-20,done'
ptd-server 2022-07-22 14:37:16,986 [INFO] Sending to ptd: 'Stop'
ptd-server 2022-07-22 14:37:17,486 [INFO] Reply from ptd: 'Error: no measurement to stop'
ptd-server 2022-07-22 14:37:17,486 [INFO] Sending to ptd: 'SR,V,300.000000'
ptd-server 2022-07-22 14:37:23,578 [INFO] Reply from ptd: 'Range V changed'
ptd-server 2022-07-22 14:37:23,578 [INFO] Sending to ptd: 'SR,A,5.000000'
ptd-server 2022-07-22 14:37:29,171 [INFO] Reply from ptd: 'Range A changed'
ptd-server 2022-07-22 14:37:29,171 [INFO] Set initial values for Amps 5.000000 and Volts 300.000000
ptd-server 2022-07-22 14:37:29,171 [INFO] Stopping ptd...
