client 2022-08-01 03:11:55,456 [INFO] Sending command to the server: 'mlcommons/power client v3'
client 2022-08-01 03:11:55,457 [INFO] Got response: 'mlcommons/power server v3'
client 2022-08-01 03:11:55,457 [INFO] Sending command to the server: 'stop'
client 2022-08-01 03:11:55,459 [INFO] Got response: 'OK'
client 2022-08-01 03:11:55,459 [INFO] Synchronizing with the server and with 172.16.1.30...
client 2022-08-01 03:11:55,463 [INFO] NTP:offset = -0.028 s, delay = 0.001 s 
client 2022-08-01 03:11:55,463 [INFO] Sending command to the server: 'time'
client 2022-08-01 03:11:55,464 [INFO] Got response: '1659323515.5604308'
client 2022-08-01 03:11:55,464 [INFO] The time difference between the client and the server is within range -97.228 ms..-95.546 ms
client 2022-08-01 03:11:55,465 [INFO] Sending command to the server: 'new,,e4c0679c-27d6-4b5b-9685-48b5aa91ddae'
client 2022-08-01 03:11:55,468 [INFO] Got response: 'OK 2022-07-31_20-11-55,7564f3a3-87ba-4e46-a0b1-d2dfd8de5939'
client 2022-08-01 03:11:55,468 [INFO] Session id is '2022-07-31_20-11-55'
client 2022-08-01 03:11:55,468 [INFO] Sources: {"sources": {"__init__.py": "da39a3ee5e6b4b0d3255bfef95601890afd80709", "client.py": "33ca4f26368777ac06e01f9567b714a4b8063886", "lib/__init__.py": "da39a3ee5e6b4b0d3255bfef95601890afd80709", "lib/client.py": "4c2b78fb4849a7e5b584ef792d82aaed20b17f57", "lib/common.py": "624d0c0acc7c39aaff3674f0b99d6a09da53d1dc", "lib/external/__init__.py": "da39a3ee5e6b4b0d3255bfef95601890afd80709", "lib/external/ntplib.py": "4da8f970656505a40483206ef2b5d3dd5e81711d", "lib/server.py": "59c9fb92908260d3e9f81a895c7aa009742275e4", "lib/source_hashes.py": "60a2e02193209e8d392803326208d5466342da18", "lib/summary.py": "aa92f0a3f975eecd44d3c0cd0236342ccc9f941d", "lib/time_sync.py": "3210db56eb0ff0df57bf4293dc4d4b03fffd46f1", "server.py": "c3f90f2f7eeb4db30727556d0c815ebc89b3d28b", "tests/unit/__init__.py": "da39a3ee5e6b4b0d3255bfef95601890afd80709", "tests/unit/test_server.py": "99ae15aef722f2000ee6ed1ae1523637bf1ae42b", "tests/unit/test_source_hashes.py": "00468a2907583c593e6574a1f6b404e4651c221a"}, "modules": {"ptd_client_server.lib.client": "lib/client.py", "ptd_client_server.lib.common": "lib/common.py", "ptd_client_server.lib.external.ntplib": "lib/external/ntplib.py", "ptd_client_server.lib.source_hashes": "lib/source_hashes.py", "ptd_client_server.lib.summary": "lib/summary.py", "ptd_client_server.lib.time_sync": "lib/time_sync.py"}}
client 2022-08-01 03:11:55,468 [INFO] Running workload in ranging mode
client 2022-08-01 03:11:55,468 [INFO] Synchronizing with the server and with 172.16.1.30...
client 2022-08-01 03:11:55,469 [INFO] NTP:offset = -0.028 s, delay = 0.000 s 
client 2022-08-01 03:11:55,469 [INFO] Sending command to the server: 'time'
client 2022-08-01 03:11:55,470 [INFO] Got response: '1659323515.5654087'
client 2022-08-01 03:11:55,470 [INFO] The time difference between the client and the server is within range -96.262 ms..-94.548 ms
client 2022-08-01 03:11:55,471 [INFO] Sending command to the server: 'session,2022-07-31_20-11-55,start,ranging'
client 2022-08-01 03:12:24,148 [INFO] Got response: 'OK'
client 2022-08-01 03:12:24,148 [INFO] Running the workload 'LOG_DIR=/work/build/power_logs_temp python3 -m code.main_v2 --benchmarks=bert --scenarios=Offline --config_ver=maxq --test_mode=PerformanceOnly  --action="run_harness" \\\n\t\t2>&1 | tee -a /work/build/power_logs/2022.08.01-03.10.30/stdout.txt \\\n\t\t&& if [ ! -d /work/build/power_logs/2022.08.01-03.10.30/ranging_tmp ]; \\\n\t\t\tthen mkdir /work/build/power_logs/2022.08.01-03.10.30/ranging_tmp \\\n\t\t\t\t&& mv /work/build/power_logs_temp/* /work/build/power_logs/2022.08.01-03.10.30/ranging_tmp/ \\\n\t\t\t\t&& cp -v /work/build/power_logs/2022.08.01-03.10.30/ranging_tmp/*/*/*/mlperf_log_detail.txt /work/build/power_logs_temp/ \\\n\t\t\t\t&& cp -v /work/build/power_logs/2022.08.01-03.10.30/ranging_tmp/*/*/*/mlperf_log_summary.txt /work/build/power_logs_temp/; \\\n\t\t\telse mkdir /work/build/power_logs/2022.08.01-03.10.30/testing_tmp \\\n\t\t\t\t&& mv /work/build/power_logs_temp/* /work/build/power_logs/2022.08.01-03.10.30/testing_tmp/ \\\n\t\t\t\t&& cp -v /work/build/power_logs/2022.08.01-03.10.30/testing_tmp/*/*/*/mlperf_log_detail.txt /work/build/power_logs_temp/ \\\n\t\t\t\t&& cp -v /work/build/power_logs/2022.08.01-03.10.30/testing_tmp/*/*/*/mlperf_log_summary.txt /work/build/power_logs_temp/; fi'
client 2022-08-01 03:26:17,905 [INFO] Sending command to the server: 'session,2022-07-31_20-11-55,stop,ranging'
client 2022-08-01 03:26:27,956 [INFO] Got response: 'OK'
client 2022-08-01 03:26:27,966 [INFO] Copying loadgen logs from '/work/build/power_logs_temp' to '/work/build/power_logs/2022.08.01-03.10.30/2022-07-31_20-11-55/ranging'
client 2022-08-01 03:26:27,967 [INFO] Running workload in testing mode
client 2022-08-01 03:26:27,968 [INFO] Synchronizing with the server and with 172.16.1.30...
client 2022-08-01 03:26:27,970 [INFO] NTP:offset = -0.012 s, delay = 0.002 s 
client 2022-08-01 03:26:27,971 [INFO] Sending command to the server: 'time'
client 2022-08-01 03:26:27,972 [INFO] Got response: '1659324388.0852156'
client 2022-08-01 03:26:27,972 [INFO] The time difference between the client and the server is within range -114.126 ms..-112.467 ms
client 2022-08-01 03:26:27,972 [INFO] Sending command to the server: 'session,2022-07-31_20-11-55,start,testing'
client 2022-08-01 03:26:41,156 [INFO] Got response: 'OK'
client 2022-08-01 03:26:41,156 [INFO] Running the workload 'LOG_DIR=/work/build/power_logs_temp python3 -m code.main_v2 --benchmarks=bert --scenarios=Offline --config_ver=maxq --test_mode=PerformanceOnly  --action="run_harness" \\\n\t\t2>&1 | tee -a /work/build/power_logs/2022.08.01-03.10.30/stdout.txt \\\n\t\t&& if [ ! -d /work/build/power_logs/2022.08.01-03.10.30/ranging_tmp ]; \\\n\t\t\tthen mkdir /work/build/power_logs/2022.08.01-03.10.30/ranging_tmp \\\n\t\t\t\t&& mv /work/build/power_logs_temp/* /work/build/power_logs/2022.08.01-03.10.30/ranging_tmp/ \\\n\t\t\t\t&& cp -v /work/build/power_logs/2022.08.01-03.10.30/ranging_tmp/*/*/*/mlperf_log_detail.txt /work/build/power_logs_temp/ \\\n\t\t\t\t&& cp -v /work/build/power_logs/2022.08.01-03.10.30/ranging_tmp/*/*/*/mlperf_log_summary.txt /work/build/power_logs_temp/; \\\n\t\t\telse mkdir /work/build/power_logs/2022.08.01-03.10.30/testing_tmp \\\n\t\t\t\t&& mv /work/build/power_logs_temp/* /work/build/power_logs/2022.08.01-03.10.30/testing_tmp/ \\\n\t\t\t\t&& cp -v /work/build/power_logs/2022.08.01-03.10.30/testing_tmp/*/*/*/mlperf_log_detail.txt /work/build/power_logs_temp/ \\\n\t\t\t\t&& cp -v /work/build/power_logs/2022.08.01-03.10.30/testing_tmp/*/*/*/mlperf_log_summary.txt /work/build/power_logs_temp/; fi'
client 2022-08-01 03:40:37,399 [INFO] Sending command to the server: 'session,2022-07-31_20-11-55,stop,testing'
client 2022-08-01 03:40:47,445 [INFO] Got response: 'OK'
client 2022-08-01 03:40:47,447 [INFO] Copying loadgen logs from '/work/build/power_logs_temp' to '/work/build/power_logs/2022.08.01-03.10.30/2022-07-31_20-11-55/run_1'
client 2022-08-01 03:40:47,448 [INFO] Done runs
