ptd-server 2022-07-29 12:59:21,194 [INFO] Got command from the client 'time'
ptd-server 2022-07-29 12:59:21,195 [INFO] Sending reply to client '1659095961.1950815'
ptd-server 2022-07-29 12:59:21,199 [INFO] Got command from the client 'new,,e73bbba5-2350-4a77-83cd-1f183e3e30a1'
ptd-server 2022-07-29 12:59:21,199 [INFO] Sending reply to client 'OK 2022-07-29_12-59-21,e40fc6d3-9710-4842-b53d-6ac7c8eb510e'
ptd-server 2022-07-29 12:59:21,237 [INFO] Got command from the client 'time'
ptd-server 2022-07-29 12:59:21,237 [INFO] Sending reply to client '1659095961.2373345'
ptd-server 2022-07-29 12:59:21,242 [INFO] Got command from the client 'session,2022-07-29_12-59-21,start,ranging'
ptd-server 2022-07-29 12:59:21,243 [INFO] Running PTDaemon: ['/home/anton/projects/mlperf/power/inference_v1.0/ptd-linux-x86', '-l', '/tmp/tmp7lgbo8s4/ptd_logfile.txt', '-p', '8888', '49', '/dev/usbtmc0']
ptd-server 2022-07-29 12:59:38,417 [INFO] Sending to ptd: 'Hello'
ptd-server 2022-07-29 12:59:38,418 [INFO] Reply from ptd: 'Hello, PTDaemon here!'
ptd-server 2022-07-29 12:59:38,418 [INFO] Sending to ptd: 'Identify'
ptd-server 2022-07-29 12:59:38,418 [INFO] Reply from ptd: 'YokogawaWT310E,1000,1,1,1,1,0,1,1,version=1.9.2-e8c7a49a-20201208,OS=Linux 5.13.0-52-generic #59~20.04.1-Ubuntu SMP Thu Jun 16 21:21:28 UTC 2022 x86_64,mode=power,1,1,1,0,0,no_cal_date,YOKOGAWA;WT310E;C3XA04010E;F1.04'
ptd-server 2022-07-29 12:59:38,418 [INFO] Connected to PTDaemon
ptd-server 2022-07-29 12:59:38,418 [INFO] Sending to ptd: 'RR'
ptd-server 2022-07-29 12:59:38,418 [INFO] Reply from ptd: 'Ranges,0,0.500000,1,300.000000'
ptd-server 2022-07-29 12:59:38,419 [INFO] Initial range for Amps is 0.500000 for Volts is Auto
ptd-server 2022-07-29 12:59:38,419 [INFO] Sending to ptd: 'SR,V,Auto'
ptd-server 2022-07-29 12:59:38,921 [INFO] Reply from ptd: 'Range V changed'
ptd-server 2022-07-29 12:59:38,921 [INFO] Sending to ptd: 'SR,A,Auto'
ptd-server 2022-07-29 12:59:39,424 [INFO] Reply from ptd: 'Range A changed'
ptd-server 2022-07-29 12:59:49,427 [INFO] Starting ranging mode
ptd-server 2022-07-29 12:59:49,427 [INFO] Sending to ptd: 'Go,1000,0,2022-07-29_12-59-21_ranging'
ptd-server 2022-07-29 12:59:49,428 [INFO] Reply from ptd: 'Starting untimed measurement, maximum 500000 samples at 1000ms with 0 rampup samples'
ptd-server 2022-07-29 12:59:49,428 [INFO] Sending reply to client 'OK'
ptd-server 2022-07-29 13:10:21,449 [INFO] Got command from the client 'session,2022-07-29_12-59-21,stop,ranging'
ptd-server 2022-07-29 13:10:31,455 [INFO] Sending to ptd: 'Stop'
ptd-server 2022-07-29 13:10:31,456 [INFO] Reply from ptd: 'Stopping untimed measurement'
ptd-server 2022-07-29 13:10:32,691 [INFO] Sending reply to client 'OK'
ptd-server 2022-07-29 13:10:32,752 [INFO] Got command from the client 'time'
ptd-server 2022-07-29 13:10:32,752 [INFO] Sending reply to client '1659096632.7527242'
ptd-server 2022-07-29 13:10:32,756 [INFO] Got command from the client 'session,2022-07-29_12-59-21,start,testing'
ptd-server 2022-07-29 13:10:32,756 [INFO] Sending to ptd: 'SR,V,252.250000'
ptd-server 2022-07-29 13:10:34,258 [INFO] Reply from ptd: 'Range V changed'
ptd-server 2022-07-29 13:10:34,258 [INFO] Sending to ptd: 'SR,A,0.052310'
ptd-server 2022-07-29 13:10:35,759 [INFO] Reply from ptd: 'Range A changed'
ptd-server 2022-07-29 13:10:45,762 [INFO] Starting testing mode
ptd-server 2022-07-29 13:10:45,762 [INFO] Sending to ptd: 'Go,1000,0,2022-07-29_12-59-21_testing'
ptd-server 2022-07-29 13:10:45,762 [INFO] Reply from ptd: 'Starting untimed measurement, maximum 500000 samples at 1000ms with 0 rampup samples'
ptd-server 2022-07-29 13:10:45,763 [INFO] Sending reply to client 'OK'
ptd-server 2022-07-29 13:21:17,647 [INFO] Got command from the client 'session,2022-07-29_12-59-21,stop,testing'
ptd-server 2022-07-29 13:21:27,658 [INFO] Sending to ptd: 'Stop'
ptd-server 2022-07-29 13:21:27,658 [INFO] Reply from ptd: 'Stopping untimed measurement'
ptd-server 2022-07-29 13:21:28,279 [INFO] Sending reply to client 'OK'
ptd-server 2022-07-29 13:21:28,301 [INFO] Got command from the client 'session,2022-07-29_12-59-21,done'
ptd-server 2022-07-29 13:21:28,302 [INFO] Sending to ptd: 'Stop'
ptd-server 2022-07-29 13:21:28,302 [INFO] Reply from ptd: 'Error: no measurement to stop'
ptd-server 2022-07-29 13:21:28,302 [INFO] Sending to ptd: 'SR,V,Auto'
ptd-server 2022-07-29 13:21:28,805 [INFO] Reply from ptd: 'Range V changed'
ptd-server 2022-07-29 13:21:28,805 [INFO] Sending to ptd: 'SR,A,0.500000'
ptd-server 2022-07-29 13:21:30,307 [INFO] Reply from ptd: 'Range A changed'
ptd-server 2022-07-29 13:21:30,307 [INFO] Set initial values for Amps 0.500000 and Volts Auto
ptd-server 2022-07-29 13:21:30,307 [INFO] Stopping ptd...
