ptd-server 2022-08-02 17:37:40,743 [INFO] Got command from the client 'time'
ptd-server 2022-08-02 17:37:40,743 [INFO] Sending reply to client '1659458260.7432277'
ptd-server 2022-08-02 17:37:40,744 [INFO] Got command from the client 'new,,e2cfd5fc-31f5-4616-abe4-00680343a574'
ptd-server 2022-08-02 17:37:40,744 [INFO] Sending reply to client 'OK 2022-08-02_17-37-40,16c06066-29ee-42fd-8703-8abb9af78e84'
ptd-server 2022-08-02 17:37:40,769 [INFO] Got command from the client 'time'
ptd-server 2022-08-02 17:37:40,769 [INFO] Sending reply to client '1659458260.7694101'
ptd-server 2022-08-02 17:37:40,770 [INFO] Got command from the client 'session,2022-08-02_17-37-40,start,ranging'
ptd-server 2022-08-02 17:37:40,770 [INFO] Running PTDaemon: ['/home/anton/projects/mlperf/power/inference_v1.0/ptd-linux-x86', '-l', '/tmp/tmp7lgbo8s4/ptd_logfile.txt', '-p', '8888', '49', '/dev/usbtmc0']
ptd-server 2022-08-02 17:37:57,937 [INFO] Sending to ptd: 'Hello'
ptd-server 2022-08-02 17:37:57,938 [INFO] Reply from ptd: 'Hello, PTDaemon here!'
ptd-server 2022-08-02 17:37:57,938 [INFO] Sending to ptd: 'Identify'
ptd-server 2022-08-02 17:37:57,939 [INFO] Reply from ptd: 'YokogawaWT310E,1000,1,1,1,1,0,1,1,version=1.9.2-e8c7a49a-20201208,OS=Linux 5.13.0-52-generic #59~20.04.1-Ubuntu SMP Thu Jun 16 21:21:28 UTC 2022 x86_64,mode=power,1,1,1,0,0,no_cal_date,YOKOGAWA;WT310E;C3XA04010E;F1.04'
ptd-server 2022-08-02 17:37:57,939 [INFO] Connected to PTDaemon
ptd-server 2022-08-02 17:37:57,939 [INFO] Sending to ptd: 'RR'
ptd-server 2022-08-02 17:37:57,939 [INFO] Reply from ptd: 'Ranges,0,0.500000,1,300.000000'
ptd-server 2022-08-02 17:37:57,939 [INFO] Initial range for Amps is 0.500000 for Volts is Auto
ptd-server 2022-08-02 17:37:57,939 [INFO] Sending to ptd: 'SR,V,Auto'
ptd-server 2022-08-02 17:37:58,442 [INFO] Reply from ptd: 'Range V changed'
ptd-server 2022-08-02 17:37:58,442 [INFO] Sending to ptd: 'SR,A,Auto'
ptd-server 2022-08-02 17:37:58,944 [INFO] Reply from ptd: 'Range A changed'
ptd-server 2022-08-02 17:38:08,954 [INFO] Starting ranging mode
ptd-server 2022-08-02 17:38:08,955 [INFO] Sending to ptd: 'Go,1000,0,2022-08-02_17-37-40_ranging'
ptd-server 2022-08-02 17:38:08,955 [INFO] Reply from ptd: 'Starting untimed measurement, maximum 500000 samples at 1000ms with 0 rampup samples'
ptd-server 2022-08-02 17:38:08,955 [INFO] Sending reply to client 'OK'
ptd-server 2022-08-02 17:48:23,674 [INFO] Got command from the client 'session,2022-08-02_17-37-40,stop,ranging'
ptd-server 2022-08-02 17:48:33,685 [INFO] Sending to ptd: 'Stop'
ptd-server 2022-08-02 17:48:33,685 [INFO] Reply from ptd: 'Stopping untimed measurement'
ptd-server 2022-08-02 17:48:35,219 [INFO] Sending reply to client 'OK'
ptd-server 2022-08-02 17:48:35,271 [INFO] Got command from the client 'time'
ptd-server 2022-08-02 17:48:35,271 [INFO] Sending reply to client '1659458915.2719145'
ptd-server 2022-08-02 17:48:35,273 [INFO] Got command from the client 'session,2022-08-02_17-37-40,start,testing'
ptd-server 2022-08-02 17:48:35,273 [INFO] Sending to ptd: 'SR,V,249.350000'
ptd-server 2022-08-02 17:48:36,774 [INFO] Reply from ptd: 'Range V changed'
ptd-server 2022-08-02 17:48:36,774 [INFO] Sending to ptd: 'SR,A,0.262300'
ptd-server 2022-08-02 17:48:38,276 [INFO] Reply from ptd: 'Range A changed'
ptd-server 2022-08-02 17:48:48,286 [INFO] Starting testing mode
ptd-server 2022-08-02 17:48:48,286 [INFO] Sending to ptd: 'Go,1000,0,2022-08-02_17-37-40_testing'
ptd-server 2022-08-02 17:48:48,287 [INFO] Reply from ptd: 'Starting untimed measurement, maximum 500000 samples at 1000ms with 0 rampup samples'
ptd-server 2022-08-02 17:48:48,287 [INFO] Sending reply to client 'OK'
ptd-server 2022-08-02 17:59:02,969 [INFO] Got command from the client 'session,2022-08-02_17-37-40,stop,testing'
ptd-server 2022-08-02 17:59:12,980 [INFO] Sending to ptd: 'Stop'
ptd-server 2022-08-02 17:59:12,980 [INFO] Reply from ptd: 'Stopping untimed measurement'
ptd-server 2022-08-02 17:59:13,772 [INFO] Sending reply to client 'OK'
ptd-server 2022-08-02 17:59:13,786 [INFO] Got command from the client 'session,2022-08-02_17-37-40,done'
ptd-server 2022-08-02 17:59:13,786 [INFO] Sending to ptd: 'Stop'
ptd-server 2022-08-02 17:59:13,786 [INFO] Reply from ptd: 'Error: no measurement to stop'
ptd-server 2022-08-02 17:59:13,786 [INFO] Sending to ptd: 'SR,V,Auto'
ptd-server 2022-08-02 17:59:14,289 [INFO] Reply from ptd: 'Range V changed'
ptd-server 2022-08-02 17:59:14,289 [INFO] Sending to ptd: 'SR,A,0.500000'
ptd-server 2022-08-02 17:59:15,791 [INFO] Reply from ptd: 'Range A changed'
ptd-server 2022-08-02 17:59:15,791 [INFO] Set initial values for Amps 0.500000 and Volts Auto
ptd-server 2022-08-02 17:59:15,791 [INFO] Stopping ptd...
