ptd-server 2022-07-27 05:54:50,194 [INFO] Got command from the client 'time'
ptd-server 2022-07-27 05:54:50,195 [INFO] Sending reply to client '1658897690.195129'
ptd-server 2022-07-27 05:54:50,199 [INFO] Got command from the client 'new,,7b77c1d5-d39d-43b0-ab14-7f60a98301d4'
ptd-server 2022-07-27 05:54:50,199 [INFO] Sending reply to client 'OK 2022-07-27_05-54-50,32aafbb0-05fd-490c-8727-c4cef598a716'
ptd-server 2022-07-27 05:54:50,298 [INFO] Got command from the client 'time'
ptd-server 2022-07-27 05:54:50,298 [INFO] Sending reply to client '1658897690.2985435'
ptd-server 2022-07-27 05:54:50,302 [INFO] Got command from the client 'session,2022-07-27_05-54-50,start,ranging'
ptd-server 2022-07-27 05:54:50,302 [INFO] Running PTDaemon: ['/home/anton/projects/mlperf/power/inference_v1.0/ptd-linux-x86', '-l', '/tmp/tmp7lgbo8s4/ptd_logfile.txt', '-p', '8888', '49', '/dev/usbtmc0']
ptd-server 2022-07-27 05:55:07,476 [INFO] Sending to ptd: 'Hello'
ptd-server 2022-07-27 05:55:07,476 [INFO] Reply from ptd: 'Hello, PTDaemon here!'
ptd-server 2022-07-27 05:55:07,477 [INFO] Sending to ptd: 'Identify'
ptd-server 2022-07-27 05:55:07,477 [INFO] Reply from ptd: 'YokogawaWT310E,1000,1,1,1,1,0,1,1,version=1.9.2-e8c7a49a-20201208,OS=Linux 5.13.0-52-generic #59~20.04.1-Ubuntu SMP Thu Jun 16 21:21:28 UTC 2022 x86_64,mode=power,1,1,1,0,0,no_cal_date,YOKOGAWA;WT310E;C3XA04010E;F1.04'
ptd-server 2022-07-27 05:55:07,477 [INFO] Connected to PTDaemon
ptd-server 2022-07-27 05:55:07,477 [INFO] Sending to ptd: 'RR'
ptd-server 2022-07-27 05:55:07,478 [INFO] Reply from ptd: 'Ranges,0,0.500000,1,300.000000'
ptd-server 2022-07-27 05:55:07,478 [INFO] Initial range for Amps is 0.500000 for Volts is Auto
ptd-server 2022-07-27 05:55:07,478 [INFO] Sending to ptd: 'SR,V,Auto'
ptd-server 2022-07-27 05:55:07,980 [INFO] Reply from ptd: 'Range V changed'
ptd-server 2022-07-27 05:55:07,980 [INFO] Sending to ptd: 'SR,A,Auto'
ptd-server 2022-07-27 05:55:08,483 [INFO] Reply from ptd: 'Range A changed'
ptd-server 2022-07-27 05:55:18,493 [INFO] Starting ranging mode
ptd-server 2022-07-27 05:55:18,493 [INFO] Sending to ptd: 'Go,1000,0,2022-07-27_05-54-50_ranging'
ptd-server 2022-07-27 05:55:18,494 [INFO] Reply from ptd: 'Starting untimed measurement, maximum 500000 samples at 1000ms with 0 rampup samples'
ptd-server 2022-07-27 05:55:18,494 [INFO] Sending reply to client 'OK'
ptd-server 2022-07-27 06:05:33,914 [INFO] Got command from the client 'session,2022-07-27_05-54-50,stop,ranging'
ptd-server 2022-07-27 06:05:43,924 [INFO] Sending to ptd: 'Stop'
ptd-server 2022-07-27 06:05:43,925 [INFO] Reply from ptd: 'Stopping untimed measurement'
ptd-server 2022-07-27 06:05:44,847 [INFO] Sending reply to client 'OK'
ptd-server 2022-07-27 06:05:45,063 [INFO] Got command from the client 'time'
ptd-server 2022-07-27 06:05:45,064 [INFO] Sending reply to client '1658898345.0639856'
ptd-server 2022-07-27 06:05:45,068 [INFO] Got command from the client 'session,2022-07-27_05-54-50,start,testing'
ptd-server 2022-07-27 06:05:45,068 [INFO] Sending to ptd: 'SR,V,249.540000'
ptd-server 2022-07-27 06:05:46,570 [INFO] Reply from ptd: 'Range V changed'
ptd-server 2022-07-27 06:05:46,570 [INFO] Sending to ptd: 'SR,A,0.057790'
ptd-server 2022-07-27 06:05:48,071 [INFO] Reply from ptd: 'Range A changed'
ptd-server 2022-07-27 06:05:58,082 [INFO] Starting testing mode
ptd-server 2022-07-27 06:05:58,082 [INFO] Sending to ptd: 'Go,1000,0,2022-07-27_05-54-50_testing'
ptd-server 2022-07-27 06:05:58,082 [INFO] Reply from ptd: 'Starting untimed measurement, maximum 500000 samples at 1000ms with 0 rampup samples'
ptd-server 2022-07-27 06:05:58,082 [INFO] Sending reply to client 'OK'
ptd-server 2022-07-27 06:16:13,712 [INFO] Got command from the client 'session,2022-07-27_05-54-50,stop,testing'
ptd-server 2022-07-27 06:16:23,723 [INFO] Sending to ptd: 'Stop'
ptd-server 2022-07-27 06:16:23,723 [INFO] Reply from ptd: 'Stopping untimed measurement'
ptd-server 2022-07-27 06:16:24,192 [INFO] Sending reply to client 'OK'
ptd-server 2022-07-27 06:16:24,271 [INFO] Got command from the client 'session,2022-07-27_05-54-50,done'
ptd-server 2022-07-27 06:16:24,271 [INFO] Sending to ptd: 'Stop'
ptd-server 2022-07-27 06:16:24,271 [INFO] Reply from ptd: 'Error: no measurement to stop'
ptd-server 2022-07-27 06:16:24,271 [INFO] Sending to ptd: 'SR,V,Auto'
ptd-server 2022-07-27 06:16:24,774 [INFO] Reply from ptd: 'Range V changed'
ptd-server 2022-07-27 06:16:24,774 [INFO] Sending to ptd: 'SR,A,0.500000'
ptd-server 2022-07-27 06:16:26,275 [INFO] Reply from ptd: 'Range A changed'
ptd-server 2022-07-27 06:16:26,276 [INFO] Set initial values for Amps 0.500000 and Volts Auto
ptd-server 2022-07-27 06:16:26,276 [INFO] Stopping ptd...
