ptd-server 2022-07-21 03:34:26,560 [INFO] Got command from the client 'time'
ptd-server 2022-07-21 03:34:26,560 [INFO] Sending reply to client '1658370866.5606093'
ptd-server 2022-07-21 03:34:26,561 [INFO] Got command from the client 'new,,3ed0a6c9-de58-427b-aa93-cfd35e93787b'
ptd-server 2022-07-21 03:34:26,562 [INFO] Sending reply to client 'OK 2022-07-21_03-34-26,b80c4e5d-3801-4b77-9536-2620be044306'
ptd-server 2022-07-21 03:34:26,590 [INFO] Got command from the client 'time'
ptd-server 2022-07-21 03:34:26,590 [INFO] Sending reply to client '1658370866.5903878'
ptd-server 2022-07-21 03:34:26,591 [INFO] Got command from the client 'session,2022-07-21_03-34-26,start,ranging'
ptd-server 2022-07-21 03:34:26,592 [INFO] Running PTDaemon: ['/home/anton/projects/mlperf/power/inference_v1.0/ptd-linux-x86', '-l', '/tmp/tmp7lgbo8s4/ptd_logfile.txt', '-p', '8888', '49', '/dev/usbtmc0']
ptd-server 2022-07-21 03:34:43,765 [INFO] Sending to ptd: 'Hello'
ptd-server 2022-07-21 03:34:43,766 [INFO] Reply from ptd: 'Hello, PTDaemon here!'
ptd-server 2022-07-21 03:34:43,766 [INFO] Sending to ptd: 'Identify'
ptd-server 2022-07-21 03:34:43,767 [INFO] Reply from ptd: 'YokogawaWT310E,1000,1,1,1,1,0,1,1,version=1.9.2-e8c7a49a-20201208,OS=Linux 5.13.0-52-generic #59~20.04.1-Ubuntu SMP Thu Jun 16 21:21:28 UTC 2022 x86_64,mode=power,1,1,1,0,0,no_cal_date,YOKOGAWA;WT310E;C3XA04010E;F1.04'
ptd-server 2022-07-21 03:34:43,767 [INFO] Connected to PTDaemon
ptd-server 2022-07-21 03:34:43,767 [INFO] Sending to ptd: 'RR'
ptd-server 2022-07-21 03:34:43,767 [INFO] Reply from ptd: 'Ranges,0,0.500000,1,300.000000'
ptd-server 2022-07-21 03:34:43,767 [INFO] Initial range for Amps is 0.500000 for Volts is Auto
ptd-server 2022-07-21 03:34:43,767 [INFO] Sending to ptd: 'SR,V,Auto'
ptd-server 2022-07-21 03:34:44,270 [INFO] Reply from ptd: 'Range V changed'
ptd-server 2022-07-21 03:34:44,270 [INFO] Sending to ptd: 'SR,A,Auto'
ptd-server 2022-07-21 03:34:44,773 [INFO] Reply from ptd: 'Range A changed'
ptd-server 2022-07-21 03:34:54,783 [INFO] Starting ranging mode
ptd-server 2022-07-21 03:34:54,783 [INFO] Sending to ptd: 'Go,1000,0,2022-07-21_03-34-26_ranging'
ptd-server 2022-07-21 03:34:54,783 [INFO] Reply from ptd: 'Starting untimed measurement, maximum 500000 samples at 1000ms with 0 rampup samples'
ptd-server 2022-07-21 03:34:54,784 [INFO] Sending reply to client 'OK'
ptd-server 2022-07-21 03:45:16,538 [INFO] Got command from the client 'session,2022-07-21_03-34-26,stop,ranging'
ptd-server 2022-07-21 03:45:26,543 [INFO] Sending to ptd: 'Stop'
ptd-server 2022-07-21 03:45:26,543 [INFO] Reply from ptd: 'Stopping untimed measurement'
ptd-server 2022-07-21 03:45:26,837 [INFO] Sending reply to client 'OK'
ptd-server 2022-07-21 03:45:26,886 [INFO] Got command from the client 'time'
ptd-server 2022-07-21 03:45:26,886 [INFO] Sending reply to client '1658371526.8865836'
ptd-server 2022-07-21 03:45:26,887 [INFO] Got command from the client 'session,2022-07-21_03-34-26,start,testing'
ptd-server 2022-07-21 03:45:26,887 [INFO] Sending to ptd: 'SR,V,251.680000'
ptd-server 2022-07-21 03:45:28,389 [INFO] Reply from ptd: 'Range V changed'
ptd-server 2022-07-21 03:45:28,389 [INFO] Sending to ptd: 'SR,A,0.066040'
ptd-server 2022-07-21 03:45:29,890 [INFO] Reply from ptd: 'Range A changed'
ptd-server 2022-07-21 03:45:39,901 [INFO] Starting testing mode
ptd-server 2022-07-21 03:45:39,901 [INFO] Sending to ptd: 'Go,1000,0,2022-07-21_03-34-26_testing'
ptd-server 2022-07-21 03:45:39,901 [INFO] Reply from ptd: 'Starting untimed measurement, maximum 500000 samples at 1000ms with 0 rampup samples'
ptd-server 2022-07-21 03:45:39,901 [INFO] Sending reply to client 'OK'
ptd-server 2022-07-21 03:56:01,610 [INFO] Got command from the client 'session,2022-07-21_03-34-26,stop,testing'
ptd-server 2022-07-21 03:56:11,620 [INFO] Sending to ptd: 'Stop'
ptd-server 2022-07-21 03:56:11,621 [INFO] Reply from ptd: 'Stopping untimed measurement'
ptd-server 2022-07-21 03:56:11,776 [INFO] Sending reply to client 'OK'
ptd-server 2022-07-21 03:56:11,784 [INFO] Got command from the client 'session,2022-07-21_03-34-26,done'
ptd-server 2022-07-21 03:56:11,784 [INFO] Sending to ptd: 'Stop'
ptd-server 2022-07-21 03:56:11,901 [INFO] Reply from ptd: 'Error: no measurement to stop'
ptd-server 2022-07-21 03:56:11,901 [INFO] Sending to ptd: 'SR,V,Auto'
ptd-server 2022-07-21 03:56:12,404 [INFO] Reply from ptd: 'Range V changed'
ptd-server 2022-07-21 03:56:12,404 [INFO] Sending to ptd: 'SR,A,0.500000'
ptd-server 2022-07-21 03:56:13,905 [INFO] Reply from ptd: 'Range A changed'
ptd-server 2022-07-21 03:56:13,906 [INFO] Set initial values for Amps 0.500000 and Volts Auto
ptd-server 2022-07-21 03:56:13,906 [INFO] Stopping ptd...
