ptd-server 2022-07-27 03:44:25,306 [INFO] Got command from the client 'time'
ptd-server 2022-07-27 03:44:25,306 [INFO] Sending reply to client '1658889865.3066688'
ptd-server 2022-07-27 03:44:25,310 [INFO] Got command from the client 'new,,19f03689-ba2b-4675-b8bc-16f0a6984d38'
ptd-server 2022-07-27 03:44:25,310 [INFO] Sending reply to client 'OK 2022-07-27_03-44-25,06a1cc32-79a4-4bbc-8c2d-0d587195ad49'
ptd-server 2022-07-27 03:44:25,409 [INFO] Got command from the client 'time'
ptd-server 2022-07-27 03:44:25,410 [INFO] Sending reply to client '1658889865.4100246'
ptd-server 2022-07-27 03:44:25,415 [INFO] Got command from the client 'session,2022-07-27_03-44-25,start,ranging'
ptd-server 2022-07-27 03:44:25,415 [INFO] Running PTDaemon: ['/home/anton/projects/mlperf/power/inference_v1.0/ptd-linux-x86', '-l', '/tmp/tmp7lgbo8s4/ptd_logfile.txt', '-p', '8888', '49', '/dev/usbtmc0']
ptd-server 2022-07-27 03:44:42,590 [INFO] Sending to ptd: 'Hello'
ptd-server 2022-07-27 03:44:42,590 [INFO] Reply from ptd: 'Hello, PTDaemon here!'
ptd-server 2022-07-27 03:44:42,591 [INFO] Sending to ptd: 'Identify'
ptd-server 2022-07-27 03:44:42,591 [INFO] Reply from ptd: 'YokogawaWT310E,1000,1,1,1,1,0,1,1,version=1.9.2-e8c7a49a-20201208,OS=Linux 5.13.0-52-generic #59~20.04.1-Ubuntu SMP Thu Jun 16 21:21:28 UTC 2022 x86_64,mode=power,1,1,1,0,0,no_cal_date,YOKOGAWA;WT310E;C3XA04010E;F1.04'
ptd-server 2022-07-27 03:44:42,591 [INFO] Connected to PTDaemon
ptd-server 2022-07-27 03:44:42,591 [INFO] Sending to ptd: 'RR'
ptd-server 2022-07-27 03:44:42,592 [INFO] Reply from ptd: 'Ranges,0,0.500000,1,300.000000'
ptd-server 2022-07-27 03:44:42,592 [INFO] Initial range for Amps is 0.500000 for Volts is Auto
ptd-server 2022-07-27 03:44:42,592 [INFO] Sending to ptd: 'SR,V,Auto'
ptd-server 2022-07-27 03:44:43,094 [INFO] Reply from ptd: 'Range V changed'
ptd-server 2022-07-27 03:44:43,095 [INFO] Sending to ptd: 'SR,A,Auto'
ptd-server 2022-07-27 03:44:43,597 [INFO] Reply from ptd: 'Range A changed'
ptd-server 2022-07-27 03:44:53,607 [INFO] Starting ranging mode
ptd-server 2022-07-27 03:44:53,607 [INFO] Sending to ptd: 'Go,1000,0,2022-07-27_03-44-25_ranging'
ptd-server 2022-07-27 03:44:53,608 [INFO] Reply from ptd: 'Starting untimed measurement, maximum 500000 samples at 1000ms with 0 rampup samples'
ptd-server 2022-07-27 03:44:53,608 [INFO] Sending reply to client 'OK'
ptd-server 2022-07-27 03:55:08,837 [INFO] Got command from the client 'session,2022-07-27_03-44-25,stop,ranging'
ptd-server 2022-07-27 03:55:18,848 [INFO] Sending to ptd: 'Stop'
ptd-server 2022-07-27 03:55:18,848 [INFO] Reply from ptd: 'Stopping untimed measurement'
ptd-server 2022-07-27 03:55:19,761 [INFO] Sending reply to client 'OK'
ptd-server 2022-07-27 03:55:19,962 [INFO] Got command from the client 'time'
ptd-server 2022-07-27 03:55:19,962 [INFO] Sending reply to client '1658890519.9625287'
ptd-server 2022-07-27 03:55:19,967 [INFO] Got command from the client 'session,2022-07-27_03-44-25,start,testing'
ptd-server 2022-07-27 03:55:19,967 [INFO] Sending to ptd: 'SR,V,251.910000'
ptd-server 2022-07-27 03:55:21,469 [INFO] Reply from ptd: 'Range V changed'
ptd-server 2022-07-27 03:55:21,469 [INFO] Sending to ptd: 'SR,A,0.040960'
ptd-server 2022-07-27 03:55:22,970 [INFO] Reply from ptd: 'Range A changed'
ptd-server 2022-07-27 03:55:32,981 [INFO] Starting testing mode
ptd-server 2022-07-27 03:55:32,981 [INFO] Sending to ptd: 'Go,1000,0,2022-07-27_03-44-25_testing'
ptd-server 2022-07-27 03:55:32,981 [INFO] Reply from ptd: 'Starting untimed measurement, maximum 500000 samples at 1000ms with 0 rampup samples'
ptd-server 2022-07-27 03:55:32,981 [INFO] Sending reply to client 'OK'
ptd-server 2022-07-27 04:05:48,133 [INFO] Got command from the client 'session,2022-07-27_03-44-25,stop,testing'
ptd-server 2022-07-27 04:05:58,143 [INFO] Sending to ptd: 'Stop'
ptd-server 2022-07-27 04:05:58,143 [INFO] Reply from ptd: 'Stopping untimed measurement'
ptd-server 2022-07-27 04:05:58,606 [INFO] Sending reply to client 'OK'
ptd-server 2022-07-27 04:05:58,661 [INFO] Got command from the client 'session,2022-07-27_03-44-25,done'
ptd-server 2022-07-27 04:05:58,661 [INFO] Sending to ptd: 'Stop'
ptd-server 2022-07-27 04:05:58,982 [INFO] Reply from ptd: 'Error: no measurement to stop'
ptd-server 2022-07-27 04:05:58,982 [INFO] Sending to ptd: 'SR,V,Auto'
ptd-server 2022-07-27 04:05:59,484 [INFO] Reply from ptd: 'Range V changed'
ptd-server 2022-07-27 04:05:59,484 [INFO] Sending to ptd: 'SR,A,0.500000'
ptd-server 2022-07-27 04:06:00,986 [INFO] Reply from ptd: 'Range A changed'
ptd-server 2022-07-27 04:06:00,986 [INFO] Set initial values for Amps 0.500000 and Volts Auto
ptd-server 2022-07-27 04:06:00,986 [INFO] Stopping ptd...
