ptd-server 2022-07-21 21:23:25,585 [INFO] Got command from the client 'time'
ptd-server 2022-07-21 21:23:25,585 [INFO] Sending reply to client '1658435005.5854132'
ptd-server 2022-07-21 21:23:25,586 [INFO] Got command from the client 'new,,399c6825-ca00-4001-aaa4-f17a4453c8f0'
ptd-server 2022-07-21 21:23:25,587 [INFO] Sending reply to client 'OK 2022-07-21_21-23-25,79e23773-d0c0-40ef-ac47-63b736be1e88'
ptd-server 2022-07-21 21:23:25,625 [INFO] Got command from the client 'time'
ptd-server 2022-07-21 21:23:25,625 [INFO] Sending reply to client '1658435005.6252446'
ptd-server 2022-07-21 21:23:25,626 [INFO] Got command from the client 'session,2022-07-21_21-23-25,start,ranging'
ptd-server 2022-07-21 21:23:25,626 [INFO] Running PTDaemon: ['/home/anton/projects/mlperf/power/inference_v1.0/ptd-linux-x86', '-l', '/tmp/tmp7lgbo8s4/ptd_logfile.txt', '-p', '8888', '49', '/dev/usbtmc0']
ptd-server 2022-07-21 21:23:42,800 [INFO] Sending to ptd: 'Hello'
ptd-server 2022-07-21 21:23:42,800 [INFO] Reply from ptd: 'Hello, PTDaemon here!'
ptd-server 2022-07-21 21:23:42,800 [INFO] Sending to ptd: 'Identify'
ptd-server 2022-07-21 21:23:42,801 [INFO] Reply from ptd: 'YokogawaWT310E,1000,1,1,1,1,0,1,1,version=1.9.2-e8c7a49a-20201208,OS=Linux 5.13.0-52-generic #59~20.04.1-Ubuntu SMP Thu Jun 16 21:21:28 UTC 2022 x86_64,mode=power,1,1,1,0,0,no_cal_date,YOKOGAWA;WT310E;C3XA04010E;F1.04'
ptd-server 2022-07-21 21:23:42,801 [INFO] Connected to PTDaemon
ptd-server 2022-07-21 21:23:42,801 [INFO] Sending to ptd: 'RR'
ptd-server 2022-07-21 21:23:42,801 [INFO] Reply from ptd: 'Ranges,0,0.500000,1,300.000000'
ptd-server 2022-07-21 21:23:42,801 [INFO] Initial range for Amps is 0.500000 for Volts is Auto
ptd-server 2022-07-21 21:23:42,801 [INFO] Sending to ptd: 'SR,V,Auto'
ptd-server 2022-07-21 21:23:43,304 [INFO] Reply from ptd: 'Range V changed'
ptd-server 2022-07-21 21:23:43,304 [INFO] Sending to ptd: 'SR,A,Auto'
ptd-server 2022-07-21 21:23:43,807 [INFO] Reply from ptd: 'Range A changed'
ptd-server 2022-07-21 21:23:53,817 [INFO] Starting ranging mode
ptd-server 2022-07-21 21:23:53,817 [INFO] Sending to ptd: 'Go,1000,0,2022-07-21_21-23-25_ranging'
ptd-server 2022-07-21 21:23:53,818 [INFO] Reply from ptd: 'Starting untimed measurement, maximum 500000 samples at 1000ms with 0 rampup samples'
ptd-server 2022-07-21 21:23:53,818 [INFO] Sending reply to client 'OK'
ptd-server 2022-07-21 21:34:18,808 [INFO] Got command from the client 'session,2022-07-21_21-23-25,stop,ranging'
ptd-server 2022-07-21 21:34:28,818 [INFO] Sending to ptd: 'Stop'
ptd-server 2022-07-21 21:34:28,819 [INFO] Reply from ptd: 'Stopping untimed measurement'
ptd-server 2022-07-21 21:34:29,187 [INFO] Sending reply to client 'OK'
ptd-server 2022-07-21 21:34:29,242 [INFO] Got command from the client 'time'
ptd-server 2022-07-21 21:34:29,242 [INFO] Sending reply to client '1658435669.2422647'
ptd-server 2022-07-21 21:34:29,243 [INFO] Got command from the client 'session,2022-07-21_21-23-25,start,testing'
ptd-server 2022-07-21 21:34:29,243 [INFO] Sending to ptd: 'SR,V,249.000000'
ptd-server 2022-07-21 21:34:31,319 [INFO] Reply from ptd: 'Range V changed'
ptd-server 2022-07-21 21:34:31,319 [INFO] Sending to ptd: 'SR,A,0.073040'
ptd-server 2022-07-21 21:34:32,821 [INFO] Reply from ptd: 'Range A changed'
ptd-server 2022-07-21 21:34:42,831 [INFO] Starting testing mode
ptd-server 2022-07-21 21:34:42,831 [INFO] Sending to ptd: 'Go,1000,0,2022-07-21_21-23-25_testing'
ptd-server 2022-07-21 21:34:42,832 [INFO] Reply from ptd: 'Starting untimed measurement, maximum 500000 samples at 1000ms with 0 rampup samples'
ptd-server 2022-07-21 21:34:42,832 [INFO] Sending reply to client 'OK'
ptd-server 2022-07-21 21:45:03,791 [INFO] Got command from the client 'session,2022-07-21_21-23-25,stop,testing'
ptd-server 2022-07-21 21:45:13,802 [INFO] Sending to ptd: 'Stop'
ptd-server 2022-07-21 21:45:13,802 [INFO] Reply from ptd: 'Stopping untimed measurement'
ptd-server 2022-07-21 21:45:13,997 [INFO] Sending reply to client 'OK'
ptd-server 2022-07-21 21:45:14,005 [INFO] Got command from the client 'session,2022-07-21_21-23-25,done'
ptd-server 2022-07-21 21:45:14,005 [INFO] Sending to ptd: 'Stop'
ptd-server 2022-07-21 21:45:14,005 [INFO] Reply from ptd: 'Error: no measurement to stop'
ptd-server 2022-07-21 21:45:14,005 [INFO] Sending to ptd: 'SR,V,Auto'
ptd-server 2022-07-21 21:45:14,508 [INFO] Reply from ptd: 'Range V changed'
ptd-server 2022-07-21 21:45:14,508 [INFO] Sending to ptd: 'SR,A,0.500000'
ptd-server 2022-07-21 21:45:16,010 [INFO] Reply from ptd: 'Range A changed'
ptd-server 2022-07-21 21:45:16,010 [INFO] Set initial values for Amps 0.500000 and Volts Auto
ptd-server 2022-07-21 21:45:16,010 [INFO] Stopping ptd...
