ptd-server 2022-07-25 06:14:14,137 [INFO] Got command from the client 'time'
ptd-server 2022-07-25 06:14:14,137 [INFO] Sending reply to client '1658726054.1373901'
ptd-server 2022-07-25 06:14:14,138 [INFO] Got command from the client 'new,,3330b5aa-5483-489d-b282-0bda29a9f0c9'
ptd-server 2022-07-25 06:14:14,138 [INFO] Sending reply to client 'OK 2022-07-25_06-14-14,27e30461-5fd3-4640-9c7e-75ace648a480'
ptd-server 2022-07-25 06:14:14,167 [INFO] Got command from the client 'time'
ptd-server 2022-07-25 06:14:14,167 [INFO] Sending reply to client '1658726054.167306'
ptd-server 2022-07-25 06:14:14,168 [INFO] Got command from the client 'session,2022-07-25_06-14-14,start,ranging'
ptd-server 2022-07-25 06:14:14,168 [INFO] Running PTDaemon: ['/home/anton/projects/mlperf/power/inference_v1.0/ptd-linux-x86', '-l', '/tmp/tmp7lgbo8s4/ptd_logfile.txt', '-p', '8888', '49', '/dev/usbtmc0']
ptd-server 2022-07-25 06:14:31,342 [INFO] Sending to ptd: 'Hello'
ptd-server 2022-07-25 06:14:31,343 [INFO] Reply from ptd: 'Hello, PTDaemon here!'
ptd-server 2022-07-25 06:14:31,343 [INFO] Sending to ptd: 'Identify'
ptd-server 2022-07-25 06:14:31,344 [INFO] Reply from ptd: 'YokogawaWT310E,1000,1,1,1,1,0,1,1,version=1.9.2-e8c7a49a-20201208,OS=Linux 5.13.0-52-generic #59~20.04.1-Ubuntu SMP Thu Jun 16 21:21:28 UTC 2022 x86_64,mode=power,1,1,1,0,0,no_cal_date,YOKOGAWA;WT310E;C3XA04010E;F1.04'
ptd-server 2022-07-25 06:14:31,344 [INFO] Connected to PTDaemon
ptd-server 2022-07-25 06:14:31,344 [INFO] Sending to ptd: 'RR'
ptd-server 2022-07-25 06:14:31,344 [INFO] Reply from ptd: 'Ranges,0,0.500000,1,300.000000'
ptd-server 2022-07-25 06:14:31,345 [INFO] Initial range for Amps is 0.500000 for Volts is Auto
ptd-server 2022-07-25 06:14:31,345 [INFO] Sending to ptd: 'SR,V,Auto'
ptd-server 2022-07-25 06:14:31,847 [INFO] Reply from ptd: 'Range V changed'
ptd-server 2022-07-25 06:14:31,847 [INFO] Sending to ptd: 'SR,A,Auto'
ptd-server 2022-07-25 06:14:32,350 [INFO] Reply from ptd: 'Range A changed'
ptd-server 2022-07-25 06:14:42,360 [INFO] Starting ranging mode
ptd-server 2022-07-25 06:14:42,360 [INFO] Sending to ptd: 'Go,1000,0,2022-07-25_06-14-14_ranging'
ptd-server 2022-07-25 06:14:42,361 [INFO] Reply from ptd: 'Starting untimed measurement, maximum 500000 samples at 1000ms with 0 rampup samples'
ptd-server 2022-07-25 06:14:42,361 [INFO] Sending reply to client 'OK'
ptd-server 2022-07-25 06:25:07,432 [INFO] Got command from the client 'session,2022-07-25_06-14-14,stop,ranging'
ptd-server 2022-07-25 06:25:17,442 [INFO] Sending to ptd: 'Stop'
ptd-server 2022-07-25 06:25:17,442 [INFO] Reply from ptd: 'Stopping untimed measurement'
ptd-server 2022-07-25 06:25:18,223 [INFO] Sending reply to client 'OK'
ptd-server 2022-07-25 06:25:18,272 [INFO] Got command from the client 'time'
ptd-server 2022-07-25 06:25:18,272 [INFO] Sending reply to client '1658726718.2725005'
ptd-server 2022-07-25 06:25:18,273 [INFO] Got command from the client 'session,2022-07-25_06-14-14,start,testing'
ptd-server 2022-07-25 06:25:18,273 [INFO] Sending to ptd: 'SR,V,250.000000'
ptd-server 2022-07-25 06:25:19,862 [INFO] Reply from ptd: 'Range V changed'
ptd-server 2022-07-25 06:25:19,862 [INFO] Sending to ptd: 'SR,A,0.052410'
ptd-server 2022-07-25 06:25:21,364 [INFO] Reply from ptd: 'Range A changed'
ptd-server 2022-07-25 06:25:31,374 [INFO] Starting testing mode
ptd-server 2022-07-25 06:25:31,374 [INFO] Sending to ptd: 'Go,1000,0,2022-07-25_06-14-14_testing'
ptd-server 2022-07-25 06:25:31,375 [INFO] Reply from ptd: 'Starting untimed measurement, maximum 500000 samples at 1000ms with 0 rampup samples'
ptd-server 2022-07-25 06:25:31,375 [INFO] Sending reply to client 'OK'
ptd-server 2022-07-25 06:35:56,464 [INFO] Got command from the client 'session,2022-07-25_06-14-14,stop,testing'
ptd-server 2022-07-25 06:36:06,475 [INFO] Sending to ptd: 'Stop'
ptd-server 2022-07-25 06:36:06,475 [INFO] Reply from ptd: 'Stopping untimed measurement'
ptd-server 2022-07-25 06:36:06,884 [INFO] Sending reply to client 'OK'
ptd-server 2022-07-25 06:36:06,892 [INFO] Got command from the client 'session,2022-07-25_06-14-14,done'
ptd-server 2022-07-25 06:36:06,892 [INFO] Sending to ptd: 'Stop'
ptd-server 2022-07-25 06:36:07,375 [INFO] Reply from ptd: 'Error: no measurement to stop'
ptd-server 2022-07-25 06:36:07,375 [INFO] Sending to ptd: 'SR,V,Auto'
ptd-server 2022-07-25 06:36:07,878 [INFO] Reply from ptd: 'Range V changed'
ptd-server 2022-07-25 06:36:07,878 [INFO] Sending to ptd: 'SR,A,0.500000'
ptd-server 2022-07-25 06:36:09,379 [INFO] Reply from ptd: 'Range A changed'
ptd-server 2022-07-25 06:36:09,380 [INFO] Set initial values for Amps 0.500000 and Volts Auto
ptd-server 2022-07-25 06:36:09,380 [INFO] Stopping ptd...
