ptd-server 2022-07-23 22:07:55,716 [INFO] Got command from the client 'time'
ptd-server 2022-07-23 22:07:55,716 [INFO] Sending reply to client '1658610475.716349'
ptd-server 2022-07-23 22:07:55,717 [INFO] Got command from the client 'new,,d0507331-0477-4f1d-b605-c3d20b3fd8e0'
ptd-server 2022-07-23 22:07:55,717 [INFO] Sending reply to client 'OK 2022-07-23_22-07-55,dcd54f3c-92ac-4ea4-84cd-f37f5ce28d6d'
ptd-server 2022-07-23 22:07:55,746 [INFO] Got command from the client 'time'
ptd-server 2022-07-23 22:07:55,746 [INFO] Sending reply to client '1658610475.7461553'
ptd-server 2022-07-23 22:07:55,747 [INFO] Got command from the client 'session,2022-07-23_22-07-55,start,ranging'
ptd-server 2022-07-23 22:07:55,747 [INFO] Running PTDaemon: ['/home/anton/projects/mlperf/power/inference_v1.0/ptd-linux-x86', '-l', '/tmp/tmp7lgbo8s4/ptd_logfile.txt', '-p', '8888', '49', '/dev/usbtmc0']
ptd-server 2022-07-23 22:08:12,921 [INFO] Sending to ptd: 'Hello'
ptd-server 2022-07-23 22:08:12,922 [INFO] Reply from ptd: 'Hello, PTDaemon here!'
ptd-server 2022-07-23 22:08:12,922 [INFO] Sending to ptd: 'Identify'
ptd-server 2022-07-23 22:08:12,923 [INFO] Reply from ptd: 'YokogawaWT310E,1000,1,1,1,1,0,1,1,version=1.9.2-e8c7a49a-20201208,OS=Linux 5.13.0-52-generic #59~20.04.1-Ubuntu SMP Thu Jun 16 21:21:28 UTC 2022 x86_64,mode=power,1,1,1,0,0,no_cal_date,YOKOGAWA;WT310E;C3XA04010E;F1.04'
ptd-server 2022-07-23 22:08:12,923 [INFO] Connected to PTDaemon
ptd-server 2022-07-23 22:08:12,923 [INFO] Sending to ptd: 'RR'
ptd-server 2022-07-23 22:08:12,923 [INFO] Reply from ptd: 'Ranges,0,0.500000,1,300.000000'
ptd-server 2022-07-23 22:08:12,923 [INFO] Initial range for Amps is 0.500000 for Volts is Auto
ptd-server 2022-07-23 22:08:12,923 [INFO] Sending to ptd: 'SR,V,Auto'
ptd-server 2022-07-23 22:08:13,426 [INFO] Reply from ptd: 'Range V changed'
ptd-server 2022-07-23 22:08:13,426 [INFO] Sending to ptd: 'SR,A,Auto'
ptd-server 2022-07-23 22:08:13,929 [INFO] Reply from ptd: 'Range A changed'
ptd-server 2022-07-23 22:08:23,939 [INFO] Starting ranging mode
ptd-server 2022-07-23 22:08:23,939 [INFO] Sending to ptd: 'Go,1000,0,2022-07-23_22-07-55_ranging'
ptd-server 2022-07-23 22:08:23,939 [INFO] Reply from ptd: 'Starting untimed measurement, maximum 500000 samples at 1000ms with 0 rampup samples'
ptd-server 2022-07-23 22:08:23,940 [INFO] Sending reply to client 'OK'
ptd-server 2022-07-23 22:18:40,573 [INFO] Got command from the client 'session,2022-07-23_22-07-55,stop,ranging'
ptd-server 2022-07-23 22:18:50,583 [INFO] Sending to ptd: 'Stop'
ptd-server 2022-07-23 22:18:50,584 [INFO] Reply from ptd: 'Stopping untimed measurement'
ptd-server 2022-07-23 22:18:51,201 [INFO] Sending reply to client 'OK'
ptd-server 2022-07-23 22:18:51,252 [INFO] Got command from the client 'time'
ptd-server 2022-07-23 22:18:51,252 [INFO] Sending reply to client '1658611131.2522385'
ptd-server 2022-07-23 22:18:51,253 [INFO] Got command from the client 'session,2022-07-23_22-07-55,start,testing'
ptd-server 2022-07-23 22:18:51,253 [INFO] Sending to ptd: 'SR,V,250.680000'
ptd-server 2022-07-23 22:18:52,754 [INFO] Reply from ptd: 'Range V changed'
ptd-server 2022-07-23 22:18:52,754 [INFO] Sending to ptd: 'SR,A,0.056880'
ptd-server 2022-07-23 22:18:54,256 [INFO] Reply from ptd: 'Range A changed'
ptd-server 2022-07-23 22:19:04,266 [INFO] Starting testing mode
ptd-server 2022-07-23 22:19:04,266 [INFO] Sending to ptd: 'Go,1000,0,2022-07-23_22-07-55_testing'
ptd-server 2022-07-23 22:19:04,266 [INFO] Reply from ptd: 'Starting untimed measurement, maximum 500000 samples at 1000ms with 0 rampup samples'
ptd-server 2022-07-23 22:19:04,267 [INFO] Sending reply to client 'OK'
ptd-server 2022-07-23 22:29:21,000 [INFO] Got command from the client 'session,2022-07-23_22-07-55,stop,testing'
ptd-server 2022-07-23 22:29:31,010 [INFO] Sending to ptd: 'Stop'
ptd-server 2022-07-23 22:29:31,011 [INFO] Reply from ptd: 'Stopping untimed measurement'
ptd-server 2022-07-23 22:29:31,334 [INFO] Sending reply to client 'OK'
ptd-server 2022-07-23 22:29:31,342 [INFO] Got command from the client 'session,2022-07-23_22-07-55,done'
ptd-server 2022-07-23 22:29:31,342 [INFO] Sending to ptd: 'Stop'
ptd-server 2022-07-23 22:29:31,342 [INFO] Reply from ptd: 'Error: no measurement to stop'
ptd-server 2022-07-23 22:29:31,342 [INFO] Sending to ptd: 'SR,V,Auto'
ptd-server 2022-07-23 22:29:31,845 [INFO] Reply from ptd: 'Range V changed'
ptd-server 2022-07-23 22:29:31,845 [INFO] Sending to ptd: 'SR,A,0.500000'
ptd-server 2022-07-23 22:29:33,346 [INFO] Reply from ptd: 'Range A changed'
ptd-server 2022-07-23 22:29:33,346 [INFO] Set initial values for Amps 0.500000 and Volts Auto
ptd-server 2022-07-23 22:29:33,347 [INFO] Stopping ptd...
