ptd-server 2022-07-29 03:26:34,940 [INFO] Got command from the client 'time'
ptd-server 2022-07-29 03:26:34,940 [INFO] Sending reply to client '1659061594.9409385'
ptd-server 2022-07-29 03:26:34,945 [INFO] Got command from the client 'new,,6eaf5c3c-dc17-489d-a296-67b3c3bd1912'
ptd-server 2022-07-29 03:26:34,945 [INFO] Sending reply to client 'OK 2022-07-29_03-26-34,b4c7ea5c-a690-4e1d-b82c-b6932b200170'
ptd-server 2022-07-29 03:26:34,990 [INFO] Got command from the client 'time'
ptd-server 2022-07-29 03:26:34,990 [INFO] Sending reply to client '1659061594.990695'
ptd-server 2022-07-29 03:26:34,994 [INFO] Got command from the client 'session,2022-07-29_03-26-34,start,ranging'
ptd-server 2022-07-29 03:26:34,995 [INFO] Running PTDaemon: ['/home/anton/projects/mlperf/power/inference_v1.0/ptd-linux-x86', '-l', '/tmp/tmp7lgbo8s4/ptd_logfile.txt', '-p', '8888', '49', '/dev/usbtmc0']
ptd-server 2022-07-29 03:26:52,169 [INFO] Sending to ptd: 'Hello'
ptd-server 2022-07-29 03:26:52,170 [INFO] Reply from ptd: 'Hello, PTDaemon here!'
ptd-server 2022-07-29 03:26:52,170 [INFO] Sending to ptd: 'Identify'
ptd-server 2022-07-29 03:26:52,170 [INFO] Reply from ptd: 'YokogawaWT310E,1000,1,1,1,1,0,1,1,version=1.9.2-e8c7a49a-20201208,OS=Linux 5.13.0-52-generic #59~20.04.1-Ubuntu SMP Thu Jun 16 21:21:28 UTC 2022 x86_64,mode=power,1,1,1,0,0,no_cal_date,YOKOGAWA;WT310E;C3XA04010E;F1.04'
ptd-server 2022-07-29 03:26:52,170 [INFO] Connected to PTDaemon
ptd-server 2022-07-29 03:26:52,170 [INFO] Sending to ptd: 'RR'
ptd-server 2022-07-29 03:26:52,171 [INFO] Reply from ptd: 'Ranges,0,0.500000,1,300.000000'
ptd-server 2022-07-29 03:26:52,171 [INFO] Initial range for Amps is 0.500000 for Volts is Auto
ptd-server 2022-07-29 03:26:52,171 [INFO] Sending to ptd: 'SR,V,Auto'
ptd-server 2022-07-29 03:26:52,673 [INFO] Reply from ptd: 'Range V changed'
ptd-server 2022-07-29 03:26:52,674 [INFO] Sending to ptd: 'SR,A,Auto'
ptd-server 2022-07-29 03:26:53,176 [INFO] Reply from ptd: 'Range A changed'
ptd-server 2022-07-29 03:27:03,186 [INFO] Starting ranging mode
ptd-server 2022-07-29 03:27:03,186 [INFO] Sending to ptd: 'Go,1000,0,2022-07-29_03-26-34_ranging'
ptd-server 2022-07-29 03:27:03,187 [INFO] Reply from ptd: 'Starting untimed measurement, maximum 500000 samples at 1000ms with 0 rampup samples'
ptd-server 2022-07-29 03:27:03,187 [INFO] Sending reply to client 'OK'
ptd-server 2022-07-29 03:37:20,136 [INFO] Got command from the client 'session,2022-07-29_03-26-34,stop,ranging'
ptd-server 2022-07-29 03:37:30,146 [INFO] Sending to ptd: 'Stop'
ptd-server 2022-07-29 03:37:30,146 [INFO] Reply from ptd: 'Stopping untimed measurement'
ptd-server 2022-07-29 03:37:31,286 [INFO] Sending reply to client 'OK'
ptd-server 2022-07-29 03:37:31,344 [INFO] Got command from the client 'time'
ptd-server 2022-07-29 03:37:31,344 [INFO] Sending reply to client '1659062251.3448012'
ptd-server 2022-07-29 03:37:31,349 [INFO] Got command from the client 'session,2022-07-29_03-26-34,start,testing'
ptd-server 2022-07-29 03:37:31,349 [INFO] Sending to ptd: 'SR,V,250.930000'
ptd-server 2022-07-29 03:37:32,850 [INFO] Reply from ptd: 'Range V changed'
ptd-server 2022-07-29 03:37:32,850 [INFO] Sending to ptd: 'SR,A,0.052420'
ptd-server 2022-07-29 03:37:34,352 [INFO] Reply from ptd: 'Range A changed'
ptd-server 2022-07-29 03:37:44,362 [INFO] Starting testing mode
ptd-server 2022-07-29 03:37:44,362 [INFO] Sending to ptd: 'Go,1000,0,2022-07-29_03-26-34_testing'
ptd-server 2022-07-29 03:37:44,362 [INFO] Reply from ptd: 'Starting untimed measurement, maximum 500000 samples at 1000ms with 0 rampup samples'
ptd-server 2022-07-29 03:37:44,363 [INFO] Sending reply to client 'OK'
ptd-server 2022-07-29 03:48:01,550 [INFO] Got command from the client 'session,2022-07-29_03-26-34,stop,testing'
ptd-server 2022-07-29 03:48:11,559 [INFO] Sending to ptd: 'Stop'
ptd-server 2022-07-29 03:48:11,559 [INFO] Reply from ptd: 'Stopping untimed measurement'
ptd-server 2022-07-29 03:48:12,194 [INFO] Sending reply to client 'OK'
ptd-server 2022-07-29 03:48:12,216 [INFO] Got command from the client 'session,2022-07-29_03-26-34,done'
ptd-server 2022-07-29 03:48:12,216 [INFO] Sending to ptd: 'Stop'
ptd-server 2022-07-29 03:48:12,362 [INFO] Reply from ptd: 'Error: no measurement to stop'
ptd-server 2022-07-29 03:48:12,362 [INFO] Sending to ptd: 'SR,V,Auto'
ptd-server 2022-07-29 03:48:12,865 [INFO] Reply from ptd: 'Range V changed'
ptd-server 2022-07-29 03:48:12,865 [INFO] Sending to ptd: 'SR,A,0.500000'
ptd-server 2022-07-29 03:48:14,367 [INFO] Reply from ptd: 'Range A changed'
ptd-server 2022-07-29 03:48:14,367 [INFO] Set initial values for Amps 0.500000 and Volts Auto
ptd-server 2022-07-29 03:48:14,367 [INFO] Stopping ptd...
