ptd-server 2022-07-24 03:27:28,324 [INFO] Got command from the client 'time'
ptd-server 2022-07-24 03:27:28,324 [INFO] Sending reply to client '1658629648.3247943'
ptd-server 2022-07-24 03:27:28,325 [INFO] Got command from the client 'new,,105b578f-81c8-49ec-9e73-cf627950b2ff'
ptd-server 2022-07-24 03:27:28,326 [INFO] Sending reply to client 'OK 2022-07-24_03-27-28,ec101771-0d71-4418-a436-d536eafc5003'
ptd-server 2022-07-24 03:27:28,353 [INFO] Got command from the client 'time'
ptd-server 2022-07-24 03:27:28,354 [INFO] Sending reply to client '1658629648.3541064'
ptd-server 2022-07-24 03:27:28,355 [INFO] Got command from the client 'session,2022-07-24_03-27-28,start,ranging'
ptd-server 2022-07-24 03:27:28,355 [INFO] Running PTDaemon: ['/home/anton/projects/mlperf/power/inference_v1.0/ptd-linux-x86', '-l', '/tmp/tmp7lgbo8s4/ptd_logfile.txt', '-p', '8888', '49', '/dev/usbtmc0']
ptd-server 2022-07-24 03:27:45,529 [INFO] Sending to ptd: 'Hello'
ptd-server 2022-07-24 03:27:45,530 [INFO] Reply from ptd: 'Hello, PTDaemon here!'
ptd-server 2022-07-24 03:27:45,530 [INFO] Sending to ptd: 'Identify'
ptd-server 2022-07-24 03:27:45,531 [INFO] Reply from ptd: 'YokogawaWT310E,1000,1,1,1,1,0,1,1,version=1.9.2-e8c7a49a-20201208,OS=Linux 5.13.0-52-generic #59~20.04.1-Ubuntu SMP Thu Jun 16 21:21:28 UTC 2022 x86_64,mode=power,1,1,1,0,0,no_cal_date,YOKOGAWA;WT310E;C3XA04010E;F1.04'
ptd-server 2022-07-24 03:27:45,531 [INFO] Connected to PTDaemon
ptd-server 2022-07-24 03:27:45,531 [INFO] Sending to ptd: 'RR'
ptd-server 2022-07-24 03:27:45,531 [INFO] Reply from ptd: 'Ranges,0,0.500000,1,300.000000'
ptd-server 2022-07-24 03:27:45,531 [INFO] Initial range for Amps is 0.500000 for Volts is Auto
ptd-server 2022-07-24 03:27:45,531 [INFO] Sending to ptd: 'SR,V,Auto'
ptd-server 2022-07-24 03:27:46,034 [INFO] Reply from ptd: 'Range V changed'
ptd-server 2022-07-24 03:27:46,034 [INFO] Sending to ptd: 'SR,A,Auto'
ptd-server 2022-07-24 03:27:46,536 [INFO] Reply from ptd: 'Range A changed'
ptd-server 2022-07-24 03:27:56,547 [INFO] Starting ranging mode
ptd-server 2022-07-24 03:27:56,547 [INFO] Sending to ptd: 'Go,1000,0,2022-07-24_03-27-28_ranging'
ptd-server 2022-07-24 03:27:56,547 [INFO] Reply from ptd: 'Starting untimed measurement, maximum 500000 samples at 1000ms with 0 rampup samples'
ptd-server 2022-07-24 03:27:56,547 [INFO] Sending reply to client 'OK'
ptd-server 2022-07-24 03:38:31,336 [INFO] Got command from the client 'session,2022-07-24_03-27-28,stop,ranging'
ptd-server 2022-07-24 03:38:41,346 [INFO] Sending to ptd: 'Stop'
ptd-server 2022-07-24 03:38:41,347 [INFO] Reply from ptd: 'Stopping untimed measurement'
ptd-server 2022-07-24 03:38:41,992 [INFO] Sending reply to client 'OK'
ptd-server 2022-07-24 03:38:42,031 [INFO] Got command from the client 'time'
ptd-server 2022-07-24 03:38:42,032 [INFO] Sending reply to client '1658630322.03209'
ptd-server 2022-07-24 03:38:42,033 [INFO] Got command from the client 'session,2022-07-24_03-27-28,start,testing'
ptd-server 2022-07-24 03:38:42,033 [INFO] Sending to ptd: 'SR,V,252.210000'
ptd-server 2022-07-24 03:38:43,535 [INFO] Reply from ptd: 'Range V changed'
ptd-server 2022-07-24 03:38:43,535 [INFO] Sending to ptd: 'SR,A,0.050790'
ptd-server 2022-07-24 03:38:45,036 [INFO] Reply from ptd: 'Range A changed'
ptd-server 2022-07-24 03:38:55,046 [INFO] Starting testing mode
ptd-server 2022-07-24 03:38:55,047 [INFO] Sending to ptd: 'Go,1000,0,2022-07-24_03-27-28_testing'
ptd-server 2022-07-24 03:38:55,047 [INFO] Reply from ptd: 'Starting untimed measurement, maximum 500000 samples at 1000ms with 0 rampup samples'
ptd-server 2022-07-24 03:38:55,047 [INFO] Sending reply to client 'OK'
ptd-server 2022-07-24 03:49:29,836 [INFO] Got command from the client 'session,2022-07-24_03-27-28,stop,testing'
ptd-server 2022-07-24 03:49:39,846 [INFO] Sending to ptd: 'Stop'
ptd-server 2022-07-24 03:49:39,847 [INFO] Reply from ptd: 'Stopping untimed measurement'
ptd-server 2022-07-24 03:49:40,180 [INFO] Sending reply to client 'OK'
ptd-server 2022-07-24 03:49:40,188 [INFO] Got command from the client 'session,2022-07-24_03-27-28,done'
ptd-server 2022-07-24 03:49:40,188 [INFO] Sending to ptd: 'Stop'
ptd-server 2022-07-24 03:49:40,188 [INFO] Reply from ptd: 'Error: no measurement to stop'
ptd-server 2022-07-24 03:49:40,188 [INFO] Sending to ptd: 'SR,V,Auto'
ptd-server 2022-07-24 03:49:40,691 [INFO] Reply from ptd: 'Range V changed'
ptd-server 2022-07-24 03:49:40,691 [INFO] Sending to ptd: 'SR,A,0.500000'
ptd-server 2022-07-24 03:49:42,192 [INFO] Reply from ptd: 'Range A changed'
ptd-server 2022-07-24 03:49:42,192 [INFO] Set initial values for Amps 0.500000 and Volts Auto
ptd-server 2022-07-24 03:49:42,193 [INFO] Stopping ptd...
