ptd-server 2022-07-30 17:47:24,724 [INFO] Got command from the client 'time'
ptd-server 2022-07-30 17:47:24,725 [INFO] Sending reply to client '1659221244.7251754'
ptd-server 2022-07-30 17:47:24,726 [INFO] Got command from the client 'new,,2c6a4c30-4c58-4f99-afe7-b1ccdd8c5176'
ptd-server 2022-07-30 17:47:24,726 [INFO] Sending reply to client 'OK 2022-07-30_17-47-24,0a85a58d-724b-4189-a1a4-65e0038f0be7'
ptd-server 2022-07-30 17:47:24,874 [INFO] Got command from the client 'time'
ptd-server 2022-07-30 17:47:24,874 [INFO] Sending reply to client '1659221244.8742712'
ptd-server 2022-07-30 17:47:24,875 [INFO] Got command from the client 'session,2022-07-30_17-47-24,start,ranging'
ptd-server 2022-07-30 17:47:24,875 [INFO] Running PTDaemon: ['/local/mnt/workspace/mlcommons/power-main/inference_v1.0/ptd-linux-x86', '-l', '/tmp/tmp2fo0zny1/ptd_logfile.txt', '-p', '8888', '-c', '1', '52', '/dev/usbtmc0']
ptd-server 2022-07-30 17:47:42,001 [INFO] Sending to ptd: 'Hello'
ptd-server 2022-07-30 17:47:42,002 [INFO] Reply from ptd: 'Hello, PTDaemon here!'
ptd-server 2022-07-30 17:47:42,002 [INFO] Sending to ptd: 'Identify'
ptd-server 2022-07-30 17:47:42,003 [INFO] Reply from ptd: 'YokogawaWT330E,1000,1,1,1,1,0,0,1,version=1.9.2-e8c7a49a-20201208,OS=Linux 5.4.0-105-generic #119~18.04.1-Ubuntu SMP Tue Mar 8 11:21:24 UTC 2022 x86_64,mode=power,1,1,1,0,0,no_cal_date,YOKOGAWA;WT333E;C2XC17005V;F1.04'
ptd-server 2022-07-30 17:47:42,003 [INFO] Connected to PTDaemon
ptd-server 2022-07-30 17:47:42,003 [INFO] Sending to ptd: 'RR'
ptd-server 2022-07-30 17:47:42,004 [INFO] Reply from ptd: 'Ranges,1,2.000000,1,150.000000'
ptd-server 2022-07-30 17:47:42,004 [INFO] Initial range for Amps is Auto for Volts is Auto
ptd-server 2022-07-30 17:47:42,004 [INFO] Sending to ptd: 'SR,V,Auto'
ptd-server 2022-07-30 17:47:42,507 [INFO] Reply from ptd: 'Range V changed'
ptd-server 2022-07-30 17:47:42,507 [INFO] Sending to ptd: 'SR,A,Auto'
ptd-server 2022-07-30 17:47:43,010 [INFO] Reply from ptd: 'Range A changed'
ptd-server 2022-07-30 17:47:53,021 [INFO] Starting ranging mode
ptd-server 2022-07-30 17:47:53,021 [INFO] Sending to ptd: 'Go,1000,0,2022-07-30_17-47-24_ranging'
ptd-server 2022-07-30 17:47:53,021 [INFO] Reply from ptd: 'Starting untimed measurement, maximum 500000 samples at 1000ms with 0 rampup samples'
ptd-server 2022-07-30 17:47:53,022 [INFO] Sending reply to client 'OK'
ptd-server 2022-07-30 18:00:18,245 [INFO] Got command from the client 'session,2022-07-30_17-47-24,stop,ranging'
ptd-server 2022-07-30 18:00:28,256 [INFO] Sending to ptd: 'Stop'
ptd-server 2022-07-30 18:00:28,256 [INFO] Reply from ptd: 'Stopping untimed measurement'
ptd-server 2022-07-30 18:00:28,278 [INFO] Sending reply to client 'OK'
ptd-server 2022-07-30 18:00:28,430 [INFO] Got command from the client 'time'
ptd-server 2022-07-30 18:00:28,430 [INFO] Sending reply to client '1659222028.4307377'
ptd-server 2022-07-30 18:00:28,431 [INFO] Got command from the client 'session,2022-07-30_17-47-24,start,testing'
ptd-server 2022-07-30 18:00:28,431 [INFO] Sending to ptd: 'SR,V,120.440000'
ptd-server 2022-07-30 18:00:30,523 [INFO] Reply from ptd: 'Range V changed'
ptd-server 2022-07-30 18:00:30,524 [INFO] Sending to ptd: 'SR,A,1.625900'
ptd-server 2022-07-30 18:00:32,026 [INFO] Reply from ptd: 'Range A changed'
ptd-server 2022-07-30 18:00:42,036 [INFO] Starting testing mode
ptd-server 2022-07-30 18:00:42,037 [INFO] Sending to ptd: 'Go,1000,0,2022-07-30_17-47-24_testing'
ptd-server 2022-07-30 18:00:42,037 [INFO] Reply from ptd: 'Starting untimed measurement, maximum 500000 samples at 1000ms with 0 rampup samples'
ptd-server 2022-07-30 18:00:42,038 [INFO] Sending reply to client 'OK'
ptd-server 2022-07-30 18:13:05,662 [INFO] Got command from the client 'session,2022-07-30_17-47-24,stop,testing'
ptd-server 2022-07-30 18:13:15,671 [INFO] Sending to ptd: 'Stop'
ptd-server 2022-07-30 18:13:15,672 [INFO] Reply from ptd: 'Stopping untimed measurement'
ptd-server 2022-07-30 18:13:15,683 [INFO] Sending reply to client 'OK'
ptd-server 2022-07-30 18:13:15,687 [INFO] Got command from the client 'session,2022-07-30_17-47-24,done'
ptd-server 2022-07-30 18:13:15,687 [INFO] Sending to ptd: 'Stop'
ptd-server 2022-07-30 18:13:16,038 [INFO] Reply from ptd: 'Error: no measurement to stop'
ptd-server 2022-07-30 18:13:16,038 [INFO] Sending to ptd: 'SR,V,Auto'
ptd-server 2022-07-30 18:13:16,541 [INFO] Reply from ptd: 'Range V changed'
ptd-server 2022-07-30 18:13:16,542 [INFO] Sending to ptd: 'SR,A,Auto'
ptd-server 2022-07-30 18:13:17,045 [INFO] Reply from ptd: 'Range A changed'
ptd-server 2022-07-30 18:13:17,045 [INFO] Set initial values for Amps Auto and Volts Auto
ptd-server 2022-07-30 18:13:17,045 [INFO] Stopping ptd...
