ptd-server 2022-07-25 05:08:34,804 [INFO] Got command from the client 'time'
ptd-server 2022-07-25 05:08:34,804 [INFO] Sending reply to client '1658722114.8043487'
ptd-server 2022-07-25 05:08:34,805 [INFO] Got command from the client 'new,,4f1893ea-591d-423e-99a2-557a6204263d'
ptd-server 2022-07-25 05:08:34,806 [INFO] Sending reply to client 'OK 2022-07-25_05-08-34,b6df8d58-bb4a-4cbc-b59a-adc82969cc20'
ptd-server 2022-07-25 05:08:34,834 [INFO] Got command from the client 'time'
ptd-server 2022-07-25 05:08:34,834 [INFO] Sending reply to client '1658722114.8343928'
ptd-server 2022-07-25 05:08:34,835 [INFO] Got command from the client 'session,2022-07-25_05-08-34,start,ranging'
ptd-server 2022-07-25 05:08:34,835 [INFO] Running PTDaemon: ['/home/anton/projects/mlperf/power/inference_v1.0/ptd-linux-x86', '-l', '/tmp/tmp7lgbo8s4/ptd_logfile.txt', '-p', '8888', '49', '/dev/usbtmc0']
ptd-server 2022-07-25 05:08:52,010 [INFO] Sending to ptd: 'Hello'
ptd-server 2022-07-25 05:08:52,011 [INFO] Reply from ptd: 'Hello, PTDaemon here!'
ptd-server 2022-07-25 05:08:52,011 [INFO] Sending to ptd: 'Identify'
ptd-server 2022-07-25 05:08:52,011 [INFO] Reply from ptd: 'YokogawaWT310E,1000,1,1,1,1,0,1,1,version=1.9.2-e8c7a49a-20201208,OS=Linux 5.13.0-52-generic #59~20.04.1-Ubuntu SMP Thu Jun 16 21:21:28 UTC 2022 x86_64,mode=power,1,1,1,0,0,no_cal_date,YOKOGAWA;WT310E;C3XA04010E;F1.04'
ptd-server 2022-07-25 05:08:52,011 [INFO] Connected to PTDaemon
ptd-server 2022-07-25 05:08:52,012 [INFO] Sending to ptd: 'RR'
ptd-server 2022-07-25 05:08:52,012 [INFO] Reply from ptd: 'Ranges,0,0.500000,1,300.000000'
ptd-server 2022-07-25 05:08:52,012 [INFO] Initial range for Amps is 0.500000 for Volts is Auto
ptd-server 2022-07-25 05:08:52,012 [INFO] Sending to ptd: 'SR,V,Auto'
ptd-server 2022-07-25 05:08:52,515 [INFO] Reply from ptd: 'Range V changed'
ptd-server 2022-07-25 05:08:52,515 [INFO] Sending to ptd: 'SR,A,Auto'
ptd-server 2022-07-25 05:08:53,017 [INFO] Reply from ptd: 'Range A changed'
ptd-server 2022-07-25 05:09:03,028 [INFO] Starting ranging mode
ptd-server 2022-07-25 05:09:03,028 [INFO] Sending to ptd: 'Go,1000,0,2022-07-25_05-08-34_ranging'
ptd-server 2022-07-25 05:09:03,028 [INFO] Reply from ptd: 'Starting untimed measurement, maximum 500000 samples at 1000ms with 0 rampup samples'
ptd-server 2022-07-25 05:09:03,028 [INFO] Sending reply to client 'OK'
ptd-server 2022-07-25 05:19:21,106 [INFO] Got command from the client 'session,2022-07-25_05-08-34,stop,ranging'
ptd-server 2022-07-25 05:19:31,116 [INFO] Sending to ptd: 'Stop'
ptd-server 2022-07-25 05:19:31,117 [INFO] Reply from ptd: 'Stopping untimed measurement'
ptd-server 2022-07-25 05:19:31,900 [INFO] Sending reply to client 'OK'
ptd-server 2022-07-25 05:19:31,939 [INFO] Got command from the client 'time'
ptd-server 2022-07-25 05:19:31,939 [INFO] Sending reply to client '1658722771.9396174'
ptd-server 2022-07-25 05:19:31,940 [INFO] Got command from the client 'session,2022-07-25_05-08-34,start,testing'
ptd-server 2022-07-25 05:19:31,940 [INFO] Sending to ptd: 'SR,V,249.590000'
ptd-server 2022-07-25 05:19:33,529 [INFO] Reply from ptd: 'Range V changed'
ptd-server 2022-07-25 05:19:33,530 [INFO] Sending to ptd: 'SR,A,0.053270'
ptd-server 2022-07-25 05:19:35,031 [INFO] Reply from ptd: 'Range A changed'
ptd-server 2022-07-25 05:19:45,039 [INFO] Starting testing mode
ptd-server 2022-07-25 05:19:45,039 [INFO] Sending to ptd: 'Go,1000,0,2022-07-25_05-08-34_testing'
ptd-server 2022-07-25 05:19:45,040 [INFO] Reply from ptd: 'Starting untimed measurement, maximum 500000 samples at 1000ms with 0 rampup samples'
ptd-server 2022-07-25 05:19:45,040 [INFO] Sending reply to client 'OK'
ptd-server 2022-07-25 05:30:02,975 [INFO] Got command from the client 'session,2022-07-25_05-08-34,stop,testing'
ptd-server 2022-07-25 05:30:12,986 [INFO] Sending to ptd: 'Stop'
ptd-server 2022-07-25 05:30:12,986 [INFO] Reply from ptd: 'Stopping untimed measurement'
ptd-server 2022-07-25 05:30:13,384 [INFO] Sending reply to client 'OK'
ptd-server 2022-07-25 05:30:13,392 [INFO] Got command from the client 'session,2022-07-25_05-08-34,done'
ptd-server 2022-07-25 05:30:13,392 [INFO] Sending to ptd: 'Stop'
ptd-server 2022-07-25 05:30:13,392 [INFO] Reply from ptd: 'Error: no measurement to stop'
ptd-server 2022-07-25 05:30:13,392 [INFO] Sending to ptd: 'SR,V,Auto'
ptd-server 2022-07-25 05:30:13,895 [INFO] Reply from ptd: 'Range V changed'
ptd-server 2022-07-25 05:30:13,895 [INFO] Sending to ptd: 'SR,A,0.500000'
ptd-server 2022-07-25 05:30:15,396 [INFO] Reply from ptd: 'Range A changed'
ptd-server 2022-07-25 05:30:15,396 [INFO] Set initial values for Amps 0.500000 and Volts Auto
ptd-server 2022-07-25 05:30:15,397 [INFO] Stopping ptd...
