ptd-server 2022-07-25 08:08:30,770 [INFO] Got command from the client 'time'
ptd-server 2022-07-25 08:08:30,771 [INFO] Sending reply to client '1658732910.7710483'
ptd-server 2022-07-25 08:08:30,772 [INFO] Got command from the client 'new,,979b5286-2b43-4a07-a322-7ecbde21eb9f'
ptd-server 2022-07-25 08:08:30,772 [INFO] Sending reply to client 'OK 2022-07-25_08-08-30,b81808e2-7f00-4d32-be6d-53fc9fd32cb9'
ptd-server 2022-07-25 08:08:30,810 [INFO] Got command from the client 'time'
ptd-server 2022-07-25 08:08:30,811 [INFO] Sending reply to client '1658732910.8110542'
ptd-server 2022-07-25 08:08:30,812 [INFO] Got command from the client 'session,2022-07-25_08-08-30,start,ranging'
ptd-server 2022-07-25 08:08:30,812 [INFO] Running PTDaemon: ['/home/anton/projects/mlperf/power/inference_v1.0/ptd-linux-x86', '-l', '/tmp/tmp7lgbo8s4/ptd_logfile.txt', '-p', '8888', '49', '/dev/usbtmc0']
ptd-server 2022-07-25 08:08:47,987 [INFO] Sending to ptd: 'Hello'
ptd-server 2022-07-25 08:08:47,988 [INFO] Reply from ptd: 'Hello, PTDaemon here!'
ptd-server 2022-07-25 08:08:47,988 [INFO] Sending to ptd: 'Identify'
ptd-server 2022-07-25 08:08:47,988 [INFO] Reply from ptd: 'YokogawaWT310E,1000,1,1,1,1,0,1,1,version=1.9.2-e8c7a49a-20201208,OS=Linux 5.13.0-52-generic #59~20.04.1-Ubuntu SMP Thu Jun 16 21:21:28 UTC 2022 x86_64,mode=power,1,1,1,0,0,no_cal_date,YOKOGAWA;WT310E;C3XA04010E;F1.04'
ptd-server 2022-07-25 08:08:47,989 [INFO] Connected to PTDaemon
ptd-server 2022-07-25 08:08:47,989 [INFO] Sending to ptd: 'RR'
ptd-server 2022-07-25 08:08:47,989 [INFO] Reply from ptd: 'Ranges,0,0.500000,1,300.000000'
ptd-server 2022-07-25 08:08:47,989 [INFO] Initial range for Amps is 0.500000 for Volts is Auto
ptd-server 2022-07-25 08:08:47,989 [INFO] Sending to ptd: 'SR,V,Auto'
ptd-server 2022-07-25 08:08:48,492 [INFO] Reply from ptd: 'Range V changed'
ptd-server 2022-07-25 08:08:48,492 [INFO] Sending to ptd: 'SR,A,Auto'
ptd-server 2022-07-25 08:08:48,994 [INFO] Reply from ptd: 'Range A changed'
ptd-server 2022-07-25 08:08:59,005 [INFO] Starting ranging mode
ptd-server 2022-07-25 08:08:59,005 [INFO] Sending to ptd: 'Go,1000,0,2022-07-25_08-08-30_ranging'
ptd-server 2022-07-25 08:08:59,005 [INFO] Reply from ptd: 'Starting untimed measurement, maximum 500000 samples at 1000ms with 0 rampup samples'
ptd-server 2022-07-25 08:08:59,006 [INFO] Sending reply to client 'OK'
ptd-server 2022-07-25 08:19:15,476 [INFO] Got command from the client 'session,2022-07-25_08-08-30,stop,ranging'
ptd-server 2022-07-25 08:19:25,487 [INFO] Sending to ptd: 'Stop'
ptd-server 2022-07-25 08:19:25,487 [INFO] Reply from ptd: 'Stopping untimed measurement'
ptd-server 2022-07-25 08:19:26,279 [INFO] Sending reply to client 'OK'
ptd-server 2022-07-25 08:19:26,318 [INFO] Got command from the client 'time'
ptd-server 2022-07-25 08:19:26,318 [INFO] Sending reply to client '1658733566.3183653'
ptd-server 2022-07-25 08:19:26,319 [INFO] Got command from the client 'session,2022-07-25_08-08-30,start,testing'
ptd-server 2022-07-25 08:19:26,319 [INFO] Sending to ptd: 'SR,V,250.040000'
ptd-server 2022-07-25 08:19:27,821 [INFO] Reply from ptd: 'Range V changed'
ptd-server 2022-07-25 08:19:27,821 [INFO] Sending to ptd: 'SR,A,0.061910'
ptd-server 2022-07-25 08:19:29,322 [INFO] Reply from ptd: 'Range A changed'
ptd-server 2022-07-25 08:19:39,332 [INFO] Starting testing mode
ptd-server 2022-07-25 08:19:39,333 [INFO] Sending to ptd: 'Go,1000,0,2022-07-25_08-08-30_testing'
ptd-server 2022-07-25 08:19:39,333 [INFO] Reply from ptd: 'Starting untimed measurement, maximum 500000 samples at 1000ms with 0 rampup samples'
ptd-server 2022-07-25 08:19:39,333 [INFO] Sending reply to client 'OK'
ptd-server 2022-07-25 08:29:55,772 [INFO] Got command from the client 'session,2022-07-25_08-08-30,stop,testing'
ptd-server 2022-07-25 08:30:05,782 [INFO] Sending to ptd: 'Stop'
ptd-server 2022-07-25 08:30:05,782 [INFO] Reply from ptd: 'Stopping untimed measurement'
ptd-server 2022-07-25 08:30:06,198 [INFO] Sending reply to client 'OK'
ptd-server 2022-07-25 08:30:06,206 [INFO] Got command from the client 'session,2022-07-25_08-08-30,done'
ptd-server 2022-07-25 08:30:06,207 [INFO] Sending to ptd: 'Stop'
ptd-server 2022-07-25 08:30:06,334 [INFO] Reply from ptd: 'Error: no measurement to stop'
ptd-server 2022-07-25 08:30:06,334 [INFO] Sending to ptd: 'SR,V,Auto'
ptd-server 2022-07-25 08:30:06,836 [INFO] Reply from ptd: 'Range V changed'
ptd-server 2022-07-25 08:30:06,836 [INFO] Sending to ptd: 'SR,A,0.500000'
ptd-server 2022-07-25 08:30:08,338 [INFO] Reply from ptd: 'Range A changed'
ptd-server 2022-07-25 08:30:08,338 [INFO] Set initial values for Amps 0.500000 and Volts Auto
ptd-server 2022-07-25 08:30:08,338 [INFO] Stopping ptd...
