ptd-server 2022-08-03 00:54:40,704 [INFO] Got command from the client 'time'
ptd-server 2022-08-03 00:54:40,704 [INFO] Sending reply to client '1659484480.7049627'
ptd-server 2022-08-03 00:54:40,705 [INFO] Got command from the client 'new,,1180af61-024c-41bc-8c30-2dcb7713f234'
ptd-server 2022-08-03 00:54:40,706 [INFO] Sending reply to client 'OK 2022-08-03_00-54-40,d3928b86-08f2-4335-b3bb-5f92c3826ed9'
ptd-server 2022-08-03 00:54:40,734 [INFO] Got command from the client 'time'
ptd-server 2022-08-03 00:54:40,734 [INFO] Sending reply to client '1659484480.734919'
ptd-server 2022-08-03 00:54:40,735 [INFO] Got command from the client 'session,2022-08-03_00-54-40,start,ranging'
ptd-server 2022-08-03 00:54:40,735 [INFO] Running PTDaemon: ['/home/anton/projects/mlperf/power/inference_v1.0/ptd-linux-x86', '-l', '/tmp/tmp7lgbo8s4/ptd_logfile.txt', '-p', '8888', '49', '/dev/usbtmc0']
ptd-server 2022-08-03 00:54:57,910 [INFO] Sending to ptd: 'Hello'
ptd-server 2022-08-03 00:54:57,911 [INFO] Reply from ptd: 'Hello, PTDaemon here!'
ptd-server 2022-08-03 00:54:57,911 [INFO] Sending to ptd: 'Identify'
ptd-server 2022-08-03 00:54:57,911 [INFO] Reply from ptd: 'YokogawaWT310E,1000,1,1,1,1,0,1,1,version=1.9.2-e8c7a49a-20201208,OS=Linux 5.13.0-52-generic #59~20.04.1-Ubuntu SMP Thu Jun 16 21:21:28 UTC 2022 x86_64,mode=power,1,1,1,0,0,no_cal_date,YOKOGAWA;WT310E;C3XA04010E;F1.04'
ptd-server 2022-08-03 00:54:57,911 [INFO] Connected to PTDaemon
ptd-server 2022-08-03 00:54:57,911 [INFO] Sending to ptd: 'RR'
ptd-server 2022-08-03 00:54:57,912 [INFO] Reply from ptd: 'Ranges,0,0.500000,1,300.000000'
ptd-server 2022-08-03 00:54:57,912 [INFO] Initial range for Amps is 0.500000 for Volts is Auto
ptd-server 2022-08-03 00:54:57,912 [INFO] Sending to ptd: 'SR,V,Auto'
ptd-server 2022-08-03 00:54:58,414 [INFO] Reply from ptd: 'Range V changed'
ptd-server 2022-08-03 00:54:58,415 [INFO] Sending to ptd: 'SR,A,Auto'
ptd-server 2022-08-03 00:54:58,917 [INFO] Reply from ptd: 'Range A changed'
ptd-server 2022-08-03 00:55:08,927 [INFO] Starting ranging mode
ptd-server 2022-08-03 00:55:08,927 [INFO] Sending to ptd: 'Go,1000,0,2022-08-03_00-54-40_ranging'
ptd-server 2022-08-03 00:55:08,928 [INFO] Reply from ptd: 'Starting untimed measurement, maximum 500000 samples at 1000ms with 0 rampup samples'
ptd-server 2022-08-03 00:55:08,928 [INFO] Sending reply to client 'OK'
ptd-server 2022-08-03 01:05:20,511 [INFO] Got command from the client 'session,2022-08-03_00-54-40,stop,ranging'
ptd-server 2022-08-03 01:05:30,521 [INFO] Sending to ptd: 'Stop'
ptd-server 2022-08-03 01:05:30,522 [INFO] Reply from ptd: 'Stopping untimed measurement'
ptd-server 2022-08-03 01:05:32,248 [INFO] Sending reply to client 'OK'
ptd-server 2022-08-03 01:05:32,301 [INFO] Got command from the client 'time'
ptd-server 2022-08-03 01:05:32,302 [INFO] Sending reply to client '1659485132.3020477'
ptd-server 2022-08-03 01:05:32,303 [INFO] Got command from the client 'session,2022-08-03_00-54-40,start,testing'
ptd-server 2022-08-03 01:05:32,303 [INFO] Sending to ptd: 'SR,V,251.690000'
ptd-server 2022-08-03 01:05:33,804 [INFO] Reply from ptd: 'Range V changed'
ptd-server 2022-08-03 01:05:33,805 [INFO] Sending to ptd: 'SR,A,0.211970'
ptd-server 2022-08-03 01:05:35,306 [INFO] Reply from ptd: 'Range A changed'
ptd-server 2022-08-03 01:05:45,316 [INFO] Starting testing mode
ptd-server 2022-08-03 01:05:45,316 [INFO] Sending to ptd: 'Go,1000,0,2022-08-03_00-54-40_testing'
ptd-server 2022-08-03 01:05:45,317 [INFO] Reply from ptd: 'Starting untimed measurement, maximum 500000 samples at 1000ms with 0 rampup samples'
ptd-server 2022-08-03 01:05:45,317 [INFO] Sending reply to client 'OK'
ptd-server 2022-08-03 01:15:56,841 [INFO] Got command from the client 'session,2022-08-03_00-54-40,stop,testing'
ptd-server 2022-08-03 01:16:06,851 [INFO] Sending to ptd: 'Stop'
ptd-server 2022-08-03 01:16:06,851 [INFO] Reply from ptd: 'Stopping untimed measurement'
ptd-server 2022-08-03 01:16:07,645 [INFO] Sending reply to client 'OK'
ptd-server 2022-08-03 01:16:07,656 [INFO] Got command from the client 'session,2022-08-03_00-54-40,done'
ptd-server 2022-08-03 01:16:07,656 [INFO] Sending to ptd: 'Stop'
ptd-server 2022-08-03 01:16:07,656 [INFO] Reply from ptd: 'Error: no measurement to stop'
ptd-server 2022-08-03 01:16:07,657 [INFO] Sending to ptd: 'SR,V,Auto'
ptd-server 2022-08-03 01:16:08,159 [INFO] Reply from ptd: 'Range V changed'
ptd-server 2022-08-03 01:16:08,159 [INFO] Sending to ptd: 'SR,A,0.500000'
ptd-server 2022-08-03 01:16:09,661 [INFO] Reply from ptd: 'Range A changed'
ptd-server 2022-08-03 01:16:09,661 [INFO] Set initial values for Amps 0.500000 and Volts Auto
ptd-server 2022-08-03 01:16:09,661 [INFO] Stopping ptd...
