ptd-server 2022-07-28 05:04:34,092 [INFO] Got command from the client 'time'
ptd-server 2022-07-28 05:04:34,092 [INFO] Sending reply to client '1658981074.0928304'
ptd-server 2022-07-28 05:04:34,097 [INFO] Got command from the client 'new,,4d2ddce6-62e7-4b49-b339-99af3b769105'
ptd-server 2022-07-28 05:04:34,097 [INFO] Sending reply to client 'OK 2022-07-28_05-04-34,c26796ba-286e-41a5-8b6c-c4bb531d1db2'
ptd-server 2022-07-28 05:04:34,195 [INFO] Got command from the client 'time'
ptd-server 2022-07-28 05:04:34,195 [INFO] Sending reply to client '1658981074.1956432'
ptd-server 2022-07-28 05:04:34,200 [INFO] Got command from the client 'session,2022-07-28_05-04-34,start,ranging'
ptd-server 2022-07-28 05:04:34,200 [INFO] Running PTDaemon: ['/home/anton/projects/mlperf/power/inference_v1.0/ptd-linux-x86', '-l', '/tmp/tmp7lgbo8s4/ptd_logfile.txt', '-p', '8888', '49', '/dev/usbtmc0']
ptd-server 2022-07-28 05:04:51,374 [INFO] Sending to ptd: 'Hello'
ptd-server 2022-07-28 05:04:51,375 [INFO] Reply from ptd: 'Hello, PTDaemon here!'
ptd-server 2022-07-28 05:04:51,375 [INFO] Sending to ptd: 'Identify'
ptd-server 2022-07-28 05:04:51,375 [INFO] Reply from ptd: 'YokogawaWT310E,1000,1,1,1,1,0,1,1,version=1.9.2-e8c7a49a-20201208,OS=Linux 5.13.0-52-generic #59~20.04.1-Ubuntu SMP Thu Jun 16 21:21:28 UTC 2022 x86_64,mode=power,1,1,1,0,0,no_cal_date,YOKOGAWA;WT310E;C3XA04010E;F1.04'
ptd-server 2022-07-28 05:04:51,375 [INFO] Connected to PTDaemon
ptd-server 2022-07-28 05:04:51,376 [INFO] Sending to ptd: 'RR'
ptd-server 2022-07-28 05:04:51,376 [INFO] Reply from ptd: 'Ranges,0,0.500000,1,300.000000'
ptd-server 2022-07-28 05:04:51,376 [INFO] Initial range for Amps is 0.500000 for Volts is Auto
ptd-server 2022-07-28 05:04:51,376 [INFO] Sending to ptd: 'SR,V,Auto'
ptd-server 2022-07-28 05:04:51,879 [INFO] Reply from ptd: 'Range V changed'
ptd-server 2022-07-28 05:04:51,879 [INFO] Sending to ptd: 'SR,A,Auto'
ptd-server 2022-07-28 05:04:52,381 [INFO] Reply from ptd: 'Range A changed'
ptd-server 2022-07-28 05:05:02,392 [INFO] Starting ranging mode
ptd-server 2022-07-28 05:05:02,392 [INFO] Sending to ptd: 'Go,1000,0,2022-07-28_05-04-34_ranging'
ptd-server 2022-07-28 05:05:02,392 [INFO] Reply from ptd: 'Starting untimed measurement, maximum 500000 samples at 1000ms with 0 rampup samples'
ptd-server 2022-07-28 05:05:02,392 [INFO] Sending reply to client 'OK'
ptd-server 2022-07-28 05:15:17,902 [INFO] Got command from the client 'session,2022-07-28_05-04-34,stop,ranging'
ptd-server 2022-07-28 05:15:27,911 [INFO] Sending to ptd: 'Stop'
ptd-server 2022-07-28 05:15:27,912 [INFO] Reply from ptd: 'Stopping untimed measurement'
ptd-server 2022-07-28 05:15:28,952 [INFO] Sending reply to client 'OK'
ptd-server 2022-07-28 05:15:29,166 [INFO] Got command from the client 'time'
ptd-server 2022-07-28 05:15:29,166 [INFO] Sending reply to client '1658981729.1665776'
ptd-server 2022-07-28 05:15:29,172 [INFO] Got command from the client 'session,2022-07-28_05-04-34,start,testing'
ptd-server 2022-07-28 05:15:29,172 [INFO] Sending to ptd: 'SR,V,250.530000'
ptd-server 2022-07-28 05:15:30,673 [INFO] Reply from ptd: 'Range V changed'
ptd-server 2022-07-28 05:15:30,673 [INFO] Sending to ptd: 'SR,A,0.039510'
ptd-server 2022-07-28 05:15:32,175 [INFO] Reply from ptd: 'Range A changed'
ptd-server 2022-07-28 05:15:42,185 [INFO] Starting testing mode
ptd-server 2022-07-28 05:15:42,185 [INFO] Sending to ptd: 'Go,1000,0,2022-07-28_05-04-34_testing'
ptd-server 2022-07-28 05:15:42,185 [INFO] Reply from ptd: 'Starting untimed measurement, maximum 500000 samples at 1000ms with 0 rampup samples'
ptd-server 2022-07-28 05:15:42,186 [INFO] Sending reply to client 'OK'
ptd-server 2022-07-28 05:25:57,541 [INFO] Got command from the client 'session,2022-07-28_05-04-34,stop,testing'
ptd-server 2022-07-28 05:26:07,551 [INFO] Sending to ptd: 'Stop'
ptd-server 2022-07-28 05:26:07,552 [INFO] Reply from ptd: 'Stopping untimed measurement'
ptd-server 2022-07-28 05:26:08,081 [INFO] Sending reply to client 'OK'
ptd-server 2022-07-28 05:26:08,151 [INFO] Got command from the client 'session,2022-07-28_05-04-34,done'
ptd-server 2022-07-28 05:26:08,152 [INFO] Sending to ptd: 'Stop'
ptd-server 2022-07-28 05:26:08,186 [INFO] Reply from ptd: 'Error: no measurement to stop'
ptd-server 2022-07-28 05:26:08,187 [INFO] Sending to ptd: 'SR,V,Auto'
ptd-server 2022-07-28 05:26:08,689 [INFO] Reply from ptd: 'Range V changed'
ptd-server 2022-07-28 05:26:08,689 [INFO] Sending to ptd: 'SR,A,0.500000'
ptd-server 2022-07-28 05:26:10,191 [INFO] Reply from ptd: 'Range A changed'
ptd-server 2022-07-28 05:26:10,191 [INFO] Set initial values for Amps 0.500000 and Volts Auto
ptd-server 2022-07-28 05:26:10,191 [INFO] Stopping ptd...
