ptd-server 2022-07-23 11:58:45,799 [INFO] Got command from the client 'time'
ptd-server 2022-07-23 11:58:45,799 [INFO] Sending reply to client '1658573925.799232'
ptd-server 2022-07-23 11:58:45,800 [INFO] Got command from the client 'new,,2c85110d-78cf-4aee-aa77-4a97d11a816c'
ptd-server 2022-07-23 11:58:45,801 [INFO] Sending reply to client 'OK 2022-07-23_11-58-45,d6708ada-831a-49f5-8ee1-43b4fdffedd4'
ptd-server 2022-07-23 11:58:45,834 [INFO] Got command from the client 'time'
ptd-server 2022-07-23 11:58:45,834 [INFO] Sending reply to client '1658573925.8347104'
ptd-server 2022-07-23 11:58:45,835 [INFO] Got command from the client 'session,2022-07-23_11-58-45,start,ranging'
ptd-server 2022-07-23 11:58:45,836 [INFO] Running PTDaemon: ['/home/anton/projects/mlperf/power/inference_v1.0/ptd-linux-x86', '-l', '/tmp/tmp7lgbo8s4/ptd_logfile.txt', '-p', '8888', '49', '/dev/usbtmc0']
ptd-server 2022-07-23 11:59:03,011 [INFO] Sending to ptd: 'Hello'
ptd-server 2022-07-23 11:59:03,011 [INFO] Reply from ptd: 'Hello, PTDaemon here!'
ptd-server 2022-07-23 11:59:03,011 [INFO] Sending to ptd: 'Identify'
ptd-server 2022-07-23 11:59:03,012 [INFO] Reply from ptd: 'YokogawaWT310E,1000,1,1,1,1,0,1,1,version=1.9.2-e8c7a49a-20201208,OS=Linux 5.13.0-52-generic #59~20.04.1-Ubuntu SMP Thu Jun 16 21:21:28 UTC 2022 x86_64,mode=power,1,1,1,0,0,no_cal_date,YOKOGAWA;WT310E;C3XA04010E;F1.04'
ptd-server 2022-07-23 11:59:03,012 [INFO] Connected to PTDaemon
ptd-server 2022-07-23 11:59:03,012 [INFO] Sending to ptd: 'RR'
ptd-server 2022-07-23 11:59:03,012 [INFO] Reply from ptd: 'Ranges,0,0.500000,1,300.000000'
ptd-server 2022-07-23 11:59:03,013 [INFO] Initial range for Amps is 0.500000 for Volts is Auto
ptd-server 2022-07-23 11:59:03,013 [INFO] Sending to ptd: 'SR,V,Auto'
ptd-server 2022-07-23 11:59:03,515 [INFO] Reply from ptd: 'Range V changed'
ptd-server 2022-07-23 11:59:03,515 [INFO] Sending to ptd: 'SR,A,Auto'
ptd-server 2022-07-23 11:59:04,018 [INFO] Reply from ptd: 'Range A changed'
ptd-server 2022-07-23 11:59:14,028 [INFO] Starting ranging mode
ptd-server 2022-07-23 11:59:14,028 [INFO] Sending to ptd: 'Go,1000,0,2022-07-23_11-58-45_ranging'
ptd-server 2022-07-23 11:59:14,029 [INFO] Reply from ptd: 'Starting untimed measurement, maximum 500000 samples at 1000ms with 0 rampup samples'
ptd-server 2022-07-23 11:59:14,029 [INFO] Sending reply to client 'OK'
ptd-server 2022-07-23 12:09:30,382 [INFO] Got command from the client 'session,2022-07-23_11-58-45,stop,ranging'
ptd-server 2022-07-23 12:09:40,393 [INFO] Sending to ptd: 'Stop'
ptd-server 2022-07-23 12:09:40,393 [INFO] Reply from ptd: 'Stopping untimed measurement'
ptd-server 2022-07-23 12:09:40,949 [INFO] Sending reply to client 'OK'
ptd-server 2022-07-23 12:09:41,015 [INFO] Got command from the client 'time'
ptd-server 2022-07-23 12:09:41,015 [INFO] Sending reply to client '1658574581.0156584'
ptd-server 2022-07-23 12:09:41,016 [INFO] Got command from the client 'session,2022-07-23_11-58-45,start,testing'
ptd-server 2022-07-23 12:09:41,017 [INFO] Sending to ptd: 'SR,V,251.760000'
ptd-server 2022-07-23 12:09:42,531 [INFO] Reply from ptd: 'Range V changed'
ptd-server 2022-07-23 12:09:42,531 [INFO] Sending to ptd: 'SR,A,0.060260'
ptd-server 2022-07-23 12:09:44,032 [INFO] Reply from ptd: 'Range A changed'
ptd-server 2022-07-23 12:09:54,037 [INFO] Starting testing mode
ptd-server 2022-07-23 12:09:54,037 [INFO] Sending to ptd: 'Go,1000,0,2022-07-23_11-58-45_testing'
ptd-server 2022-07-23 12:09:54,037 [INFO] Reply from ptd: 'Starting untimed measurement, maximum 500000 samples at 1000ms with 0 rampup samples'
ptd-server 2022-07-23 12:09:54,037 [INFO] Sending reply to client 'OK'
ptd-server 2022-07-23 12:20:10,433 [INFO] Got command from the client 'session,2022-07-23_11-58-45,stop,testing'
ptd-server 2022-07-23 12:20:20,444 [INFO] Sending to ptd: 'Stop'
ptd-server 2022-07-23 12:20:20,444 [INFO] Reply from ptd: 'Stopping untimed measurement'
ptd-server 2022-07-23 12:20:20,741 [INFO] Sending reply to client 'OK'
ptd-server 2022-07-23 12:20:20,748 [INFO] Got command from the client 'session,2022-07-23_11-58-45,done'
ptd-server 2022-07-23 12:20:20,748 [INFO] Sending to ptd: 'Stop'
ptd-server 2022-07-23 12:20:21,038 [INFO] Reply from ptd: 'Error: no measurement to stop'
ptd-server 2022-07-23 12:20:21,038 [INFO] Sending to ptd: 'SR,V,Auto'
ptd-server 2022-07-23 12:20:21,541 [INFO] Reply from ptd: 'Range V changed'
ptd-server 2022-07-23 12:20:21,541 [INFO] Sending to ptd: 'SR,A,0.500000'
ptd-server 2022-07-23 12:20:23,042 [INFO] Reply from ptd: 'Range A changed'
ptd-server 2022-07-23 12:20:23,042 [INFO] Set initial values for Amps 0.500000 and Volts Auto
ptd-server 2022-07-23 12:20:23,042 [INFO] Stopping ptd...
