ptd-server 2022-07-29 08:34:46,856 [INFO] Got command from the client 'time'
ptd-server 2022-07-29 08:34:46,856 [INFO] Sending reply to client '1659080086.8569663'
ptd-server 2022-07-29 08:34:46,861 [INFO] Got command from the client 'new,,448ca0a1-b582-4704-9925-94faff215b83'
ptd-server 2022-07-29 08:34:46,862 [INFO] Sending reply to client 'OK 2022-07-29_08-34-46,412d580f-c3e2-4ed2-8bec-7a080f8f5b70'
ptd-server 2022-07-29 08:34:46,899 [INFO] Got command from the client 'time'
ptd-server 2022-07-29 08:34:46,899 [INFO] Sending reply to client '1659080086.8992817'
ptd-server 2022-07-29 08:34:46,903 [INFO] Got command from the client 'session,2022-07-29_08-34-46,start,ranging'
ptd-server 2022-07-29 08:34:46,903 [INFO] Running PTDaemon: ['/home/anton/projects/mlperf/power/inference_v1.0/ptd-linux-x86', '-l', '/tmp/tmp7lgbo8s4/ptd_logfile.txt', '-p', '8888', '49', '/dev/usbtmc0']
ptd-server 2022-07-29 08:35:04,077 [INFO] Sending to ptd: 'Hello'
ptd-server 2022-07-29 08:35:04,078 [INFO] Reply from ptd: 'Hello, PTDaemon here!'
ptd-server 2022-07-29 08:35:04,078 [INFO] Sending to ptd: 'Identify'
ptd-server 2022-07-29 08:35:04,078 [INFO] Reply from ptd: 'YokogawaWT310E,1000,1,1,1,1,0,1,1,version=1.9.2-e8c7a49a-20201208,OS=Linux 5.13.0-52-generic #59~20.04.1-Ubuntu SMP Thu Jun 16 21:21:28 UTC 2022 x86_64,mode=power,1,1,1,0,0,no_cal_date,YOKOGAWA;WT310E;C3XA04010E;F1.04'
ptd-server 2022-07-29 08:35:04,078 [INFO] Connected to PTDaemon
ptd-server 2022-07-29 08:35:04,078 [INFO] Sending to ptd: 'RR'
ptd-server 2022-07-29 08:35:04,079 [INFO] Reply from ptd: 'Ranges,0,0.500000,1,300.000000'
ptd-server 2022-07-29 08:35:04,079 [INFO] Initial range for Amps is 0.500000 for Volts is Auto
ptd-server 2022-07-29 08:35:04,079 [INFO] Sending to ptd: 'SR,V,Auto'
ptd-server 2022-07-29 08:35:04,581 [INFO] Reply from ptd: 'Range V changed'
ptd-server 2022-07-29 08:35:04,582 [INFO] Sending to ptd: 'SR,A,Auto'
ptd-server 2022-07-29 08:35:05,084 [INFO] Reply from ptd: 'Range A changed'
ptd-server 2022-07-29 08:35:15,094 [INFO] Starting ranging mode
ptd-server 2022-07-29 08:35:15,094 [INFO] Sending to ptd: 'Go,1000,0,2022-07-29_08-34-46_ranging'
ptd-server 2022-07-29 08:35:15,095 [INFO] Reply from ptd: 'Starting untimed measurement, maximum 500000 samples at 1000ms with 0 rampup samples'
ptd-server 2022-07-29 08:35:15,095 [INFO] Sending reply to client 'OK'
ptd-server 2022-07-29 08:45:47,197 [INFO] Got command from the client 'session,2022-07-29_08-34-46,stop,ranging'
ptd-server 2022-07-29 08:45:57,207 [INFO] Sending to ptd: 'Stop'
ptd-server 2022-07-29 08:45:57,208 [INFO] Reply from ptd: 'Stopping untimed measurement'
ptd-server 2022-07-29 08:45:58,383 [INFO] Sending reply to client 'OK'
ptd-server 2022-07-29 08:45:58,468 [INFO] Got command from the client 'time'
ptd-server 2022-07-29 08:45:58,468 [INFO] Sending reply to client '1659080758.4686399'
ptd-server 2022-07-29 08:45:58,475 [INFO] Got command from the client 'session,2022-07-29_08-34-46,start,testing'
ptd-server 2022-07-29 08:45:58,475 [INFO] Sending to ptd: 'SR,V,249.370000'
ptd-server 2022-07-29 08:45:59,976 [INFO] Reply from ptd: 'Range V changed'
ptd-server 2022-07-29 08:45:59,976 [INFO] Sending to ptd: 'SR,A,0.052310'
ptd-server 2022-07-29 08:46:01,478 [INFO] Reply from ptd: 'Range A changed'
ptd-server 2022-07-29 08:46:11,488 [INFO] Starting testing mode
ptd-server 2022-07-29 08:46:11,488 [INFO] Sending to ptd: 'Go,1000,0,2022-07-29_08-34-46_testing'
ptd-server 2022-07-29 08:46:11,488 [INFO] Reply from ptd: 'Starting untimed measurement, maximum 500000 samples at 1000ms with 0 rampup samples'
ptd-server 2022-07-29 08:46:11,489 [INFO] Sending reply to client 'OK'
ptd-server 2022-07-29 08:56:43,346 [INFO] Got command from the client 'session,2022-07-29_08-34-46,stop,testing'
ptd-server 2022-07-29 08:56:53,356 [INFO] Sending to ptd: 'Stop'
ptd-server 2022-07-29 08:56:53,357 [INFO] Reply from ptd: 'Stopping untimed measurement'
ptd-server 2022-07-29 08:56:53,975 [INFO] Sending reply to client 'OK'
ptd-server 2022-07-29 08:56:53,997 [INFO] Got command from the client 'session,2022-07-29_08-34-46,done'
ptd-server 2022-07-29 08:56:53,998 [INFO] Sending to ptd: 'Stop'
ptd-server 2022-07-29 08:56:53,998 [INFO] Reply from ptd: 'Error: no measurement to stop'
ptd-server 2022-07-29 08:56:53,998 [INFO] Sending to ptd: 'SR,V,Auto'
ptd-server 2022-07-29 08:56:54,501 [INFO] Reply from ptd: 'Range V changed'
ptd-server 2022-07-29 08:56:54,501 [INFO] Sending to ptd: 'SR,A,0.500000'
ptd-server 2022-07-29 08:56:56,002 [INFO] Reply from ptd: 'Range A changed'
ptd-server 2022-07-29 08:56:56,002 [INFO] Set initial values for Amps 0.500000 and Volts Auto
ptd-server 2022-07-29 08:56:56,003 [INFO] Stopping ptd...
