ptd-server 2022-07-29 15:39:49,396 [INFO] Got command from the client 'time'
ptd-server 2022-07-29 15:39:49,396 [INFO] Sending reply to client '1659105589.396523'
ptd-server 2022-07-29 15:39:49,400 [INFO] Got command from the client 'new,,20a5b889-08b7-49e0-9bb3-4e65d762d212'
ptd-server 2022-07-29 15:39:49,400 [INFO] Sending reply to client 'OK 2022-07-29_15-39-49,020e09bd-5d8b-48e3-8d78-9beeabbc4992'
ptd-server 2022-07-29 15:39:49,436 [INFO] Got command from the client 'time'
ptd-server 2022-07-29 15:39:49,436 [INFO] Sending reply to client '1659105589.4365687'
ptd-server 2022-07-29 15:39:49,441 [INFO] Got command from the client 'session,2022-07-29_15-39-49,start,ranging'
ptd-server 2022-07-29 15:39:49,441 [INFO] Running PTDaemon: ['/home/anton/projects/mlperf/power/inference_v1.0/ptd-linux-x86', '-l', '/tmp/tmp7lgbo8s4/ptd_logfile.txt', '-p', '8888', '49', '/dev/usbtmc0']
ptd-server 2022-07-29 15:40:06,615 [INFO] Sending to ptd: 'Hello'
ptd-server 2022-07-29 15:40:06,616 [INFO] Reply from ptd: 'Hello, PTDaemon here!'
ptd-server 2022-07-29 15:40:06,616 [INFO] Sending to ptd: 'Identify'
ptd-server 2022-07-29 15:40:06,616 [INFO] Reply from ptd: 'YokogawaWT310E,1000,1,1,1,1,0,1,1,version=1.9.2-e8c7a49a-20201208,OS=Linux 5.13.0-52-generic #59~20.04.1-Ubuntu SMP Thu Jun 16 21:21:28 UTC 2022 x86_64,mode=power,1,1,1,0,0,no_cal_date,YOKOGAWA;WT310E;C3XA04010E;F1.04'
ptd-server 2022-07-29 15:40:06,616 [INFO] Connected to PTDaemon
ptd-server 2022-07-29 15:40:06,617 [INFO] Sending to ptd: 'RR'
ptd-server 2022-07-29 15:40:06,617 [INFO] Reply from ptd: 'Ranges,0,0.500000,1,300.000000'
ptd-server 2022-07-29 15:40:06,617 [INFO] Initial range for Amps is 0.500000 for Volts is Auto
ptd-server 2022-07-29 15:40:06,617 [INFO] Sending to ptd: 'SR,V,Auto'
ptd-server 2022-07-29 15:40:07,120 [INFO] Reply from ptd: 'Range V changed'
ptd-server 2022-07-29 15:40:07,120 [INFO] Sending to ptd: 'SR,A,Auto'
ptd-server 2022-07-29 15:40:07,622 [INFO] Reply from ptd: 'Range A changed'
ptd-server 2022-07-29 15:40:17,631 [INFO] Starting ranging mode
ptd-server 2022-07-29 15:40:17,631 [INFO] Sending to ptd: 'Go,1000,0,2022-07-29_15-39-49_ranging'
ptd-server 2022-07-29 15:40:17,632 [INFO] Reply from ptd: 'Starting untimed measurement, maximum 500000 samples at 1000ms with 0 rampup samples'
ptd-server 2022-07-29 15:40:17,632 [INFO] Sending reply to client 'OK'
ptd-server 2022-07-29 15:50:36,527 [INFO] Got command from the client 'session,2022-07-29_15-39-49,stop,ranging'
ptd-server 2022-07-29 15:50:46,537 [INFO] Sending to ptd: 'Stop'
ptd-server 2022-07-29 15:50:46,538 [INFO] Reply from ptd: 'Stopping untimed measurement'
ptd-server 2022-07-29 15:50:47,797 [INFO] Sending reply to client 'OK'
ptd-server 2022-07-29 15:50:47,882 [INFO] Got command from the client 'time'
ptd-server 2022-07-29 15:50:47,882 [INFO] Sending reply to client '1659106247.8826916'
ptd-server 2022-07-29 15:50:47,887 [INFO] Got command from the client 'session,2022-07-29_15-39-49,start,testing'
ptd-server 2022-07-29 15:50:47,887 [INFO] Sending to ptd: 'SR,V,251.190000'
ptd-server 2022-07-29 15:50:49,388 [INFO] Reply from ptd: 'Range V changed'
ptd-server 2022-07-29 15:50:49,388 [INFO] Sending to ptd: 'SR,A,0.062830'
ptd-server 2022-07-29 15:50:50,890 [INFO] Reply from ptd: 'Range A changed'
ptd-server 2022-07-29 15:51:00,900 [INFO] Starting testing mode
ptd-server 2022-07-29 15:51:00,900 [INFO] Sending to ptd: 'Go,1000,0,2022-07-29_15-39-49_testing'
ptd-server 2022-07-29 15:51:00,901 [INFO] Reply from ptd: 'Starting untimed measurement, maximum 500000 samples at 1000ms with 0 rampup samples'
ptd-server 2022-07-29 15:51:00,901 [INFO] Sending reply to client 'OK'
ptd-server 2022-07-29 16:01:19,909 [INFO] Got command from the client 'session,2022-07-29_15-39-49,stop,testing'
ptd-server 2022-07-29 16:01:29,920 [INFO] Sending to ptd: 'Stop'
ptd-server 2022-07-29 16:01:29,920 [INFO] Reply from ptd: 'Stopping untimed measurement'
ptd-server 2022-07-29 16:01:30,540 [INFO] Sending reply to client 'OK'
ptd-server 2022-07-29 16:01:30,563 [INFO] Got command from the client 'session,2022-07-29_15-39-49,done'
ptd-server 2022-07-29 16:01:30,563 [INFO] Sending to ptd: 'Stop'
ptd-server 2022-07-29 16:01:30,902 [INFO] Reply from ptd: 'Error: no measurement to stop'
ptd-server 2022-07-29 16:01:30,902 [INFO] Sending to ptd: 'SR,V,Auto'
ptd-server 2022-07-29 16:01:31,405 [INFO] Reply from ptd: 'Range V changed'
ptd-server 2022-07-29 16:01:31,405 [INFO] Sending to ptd: 'SR,A,0.500000'
ptd-server 2022-07-29 16:01:32,906 [INFO] Reply from ptd: 'Range A changed'
ptd-server 2022-07-29 16:01:32,906 [INFO] Set initial values for Amps 0.500000 and Volts Auto
ptd-server 2022-07-29 16:01:32,906 [INFO] Stopping ptd...
