ptd-server 2022-07-31 01:50:37,206 [INFO] Got command from the client 'time'
ptd-server 2022-07-31 01:50:37,206 [INFO] Sending reply to client '1659228637.2069385'
ptd-server 2022-07-31 01:50:37,207 [INFO] Got command from the client 'new,,cdf11a7a-160b-40a2-9e72-260c7fff1e9a'
ptd-server 2022-07-31 01:50:37,208 [INFO] Sending reply to client 'OK 2022-07-31_01-50-37,a0db7f77-3f9e-4af5-9a80-6c8df0e6d26c'
ptd-server 2022-07-31 01:50:37,236 [INFO] Got command from the client 'time'
ptd-server 2022-07-31 01:50:37,236 [INFO] Sending reply to client '1659228637.2368846'
ptd-server 2022-07-31 01:50:37,237 [INFO] Got command from the client 'session,2022-07-31_01-50-37,start,ranging'
ptd-server 2022-07-31 01:50:37,238 [INFO] Running PTDaemon: ['/home/anton/projects/mlperf/power/inference_v1.0/ptd-linux-x86', '-l', '/tmp/tmp7lgbo8s4/ptd_logfile.txt', '-p', '8888', '49', '/dev/usbtmc0']
ptd-server 2022-07-31 01:50:54,411 [INFO] Sending to ptd: 'Hello'
ptd-server 2022-07-31 01:50:54,412 [INFO] Reply from ptd: 'Hello, PTDaemon here!'
ptd-server 2022-07-31 01:50:54,412 [INFO] Sending to ptd: 'Identify'
ptd-server 2022-07-31 01:50:54,413 [INFO] Reply from ptd: 'YokogawaWT310E,1000,1,1,1,1,0,1,1,version=1.9.2-e8c7a49a-20201208,OS=Linux 5.13.0-52-generic #59~20.04.1-Ubuntu SMP Thu Jun 16 21:21:28 UTC 2022 x86_64,mode=power,1,1,1,0,0,no_cal_date,YOKOGAWA;WT310E;C3XA04010E;F1.04'
ptd-server 2022-07-31 01:50:54,413 [INFO] Connected to PTDaemon
ptd-server 2022-07-31 01:50:54,413 [INFO] Sending to ptd: 'RR'
ptd-server 2022-07-31 01:50:54,413 [INFO] Reply from ptd: 'Ranges,0,0.500000,1,300.000000'
ptd-server 2022-07-31 01:50:54,413 [INFO] Initial range for Amps is 0.500000 for Volts is Auto
ptd-server 2022-07-31 01:50:54,413 [INFO] Sending to ptd: 'SR,V,Auto'
ptd-server 2022-07-31 01:50:54,916 [INFO] Reply from ptd: 'Range V changed'
ptd-server 2022-07-31 01:50:54,916 [INFO] Sending to ptd: 'SR,A,Auto'
ptd-server 2022-07-31 01:50:55,419 [INFO] Reply from ptd: 'Range A changed'
ptd-server 2022-07-31 01:51:05,424 [INFO] Starting ranging mode
ptd-server 2022-07-31 01:51:05,425 [INFO] Sending to ptd: 'Go,1000,0,2022-07-31_01-50-37_ranging'
ptd-server 2022-07-31 01:51:05,425 [INFO] Reply from ptd: 'Starting untimed measurement, maximum 500000 samples at 1000ms with 0 rampup samples'
ptd-server 2022-07-31 01:51:05,425 [INFO] Sending reply to client 'OK'
ptd-server 2022-07-31 02:01:21,881 [INFO] Got command from the client 'session,2022-07-31_01-50-37,stop,ranging'
ptd-server 2022-07-31 02:01:31,892 [INFO] Sending to ptd: 'Stop'
ptd-server 2022-07-31 02:01:31,892 [INFO] Reply from ptd: 'Stopping untimed measurement'
ptd-server 2022-07-31 02:01:33,129 [INFO] Sending reply to client 'OK'
ptd-server 2022-07-31 02:01:33,181 [INFO] Got command from the client 'time'
ptd-server 2022-07-31 02:01:33,182 [INFO] Sending reply to client '1659229293.1820562'
ptd-server 2022-07-31 02:01:33,183 [INFO] Got command from the client 'session,2022-07-31_01-50-37,start,testing'
ptd-server 2022-07-31 02:01:33,183 [INFO] Sending to ptd: 'SR,V,251.260000'
ptd-server 2022-07-31 02:01:34,685 [INFO] Reply from ptd: 'Range V changed'
ptd-server 2022-07-31 02:01:34,685 [INFO] Sending to ptd: 'SR,A,0.182570'
ptd-server 2022-07-31 02:01:36,186 [INFO] Reply from ptd: 'Range A changed'
ptd-server 2022-07-31 02:01:46,196 [INFO] Starting testing mode
ptd-server 2022-07-31 02:01:46,197 [INFO] Sending to ptd: 'Go,1000,0,2022-07-31_01-50-37_testing'
ptd-server 2022-07-31 02:01:46,197 [INFO] Reply from ptd: 'Starting untimed measurement, maximum 500000 samples at 1000ms with 0 rampup samples'
ptd-server 2022-07-31 02:01:46,197 [INFO] Sending reply to client 'OK'
ptd-server 2022-07-31 02:11:57,523 [INFO] Got command from the client 'session,2022-07-31_01-50-37,stop,testing'
ptd-server 2022-07-31 02:12:07,527 [INFO] Sending to ptd: 'Stop'
ptd-server 2022-07-31 02:12:07,528 [INFO] Reply from ptd: 'Stopping untimed measurement'
ptd-server 2022-07-31 02:12:08,157 [INFO] Sending reply to client 'OK'
ptd-server 2022-07-31 02:12:08,171 [INFO] Got command from the client 'session,2022-07-31_01-50-37,done'
ptd-server 2022-07-31 02:12:08,171 [INFO] Sending to ptd: 'Stop'
ptd-server 2022-07-31 02:12:08,197 [INFO] Reply from ptd: 'Error: no measurement to stop'
ptd-server 2022-07-31 02:12:08,198 [INFO] Sending to ptd: 'SR,V,Auto'
ptd-server 2022-07-31 02:12:08,700 [INFO] Reply from ptd: 'Range V changed'
ptd-server 2022-07-31 02:12:08,700 [INFO] Sending to ptd: 'SR,A,0.500000'
ptd-server 2022-07-31 02:12:10,201 [INFO] Reply from ptd: 'Range A changed'
ptd-server 2022-07-31 02:12:10,202 [INFO] Set initial values for Amps 0.500000 and Volts Auto
ptd-server 2022-07-31 02:12:10,202 [INFO] Stopping ptd...
