ptd-server 2022-07-26 23:53:53,482 [INFO] Got command from the client 'time'
ptd-server 2022-07-26 23:53:53,482 [INFO] Sending reply to client '1658876033.4827762'
ptd-server 2022-07-26 23:53:53,487 [INFO] Got command from the client 'new,,82ca710c-5b4a-49b5-99f3-1927a0990c37'
ptd-server 2022-07-26 23:53:53,487 [INFO] Sending reply to client 'OK 2022-07-26_23-53-53,2f83f425-f043-4240-9038-7d90514f72b7'
ptd-server 2022-07-26 23:53:53,532 [INFO] Got command from the client 'time'
ptd-server 2022-07-26 23:53:53,532 [INFO] Sending reply to client '1658876033.5328944'
ptd-server 2022-07-26 23:53:53,537 [INFO] Got command from the client 'session,2022-07-26_23-53-53,start,ranging'
ptd-server 2022-07-26 23:53:53,537 [INFO] Running PTDaemon: ['/home/anton/projects/mlperf/power/inference_v1.0/ptd-linux-x86', '-l', '/tmp/tmp7lgbo8s4/ptd_logfile.txt', '-p', '8888', '49', '/dev/usbtmc0']
ptd-server 2022-07-26 23:54:10,711 [INFO] Sending to ptd: 'Hello'
ptd-server 2022-07-26 23:54:10,712 [INFO] Reply from ptd: 'Hello, PTDaemon here!'
ptd-server 2022-07-26 23:54:10,712 [INFO] Sending to ptd: 'Identify'
ptd-server 2022-07-26 23:54:10,713 [INFO] Reply from ptd: 'YokogawaWT310E,1000,1,1,1,1,0,1,1,version=1.9.2-e8c7a49a-20201208,OS=Linux 5.13.0-52-generic #59~20.04.1-Ubuntu SMP Thu Jun 16 21:21:28 UTC 2022 x86_64,mode=power,1,1,1,0,0,no_cal_date,YOKOGAWA;WT310E;C3XA04010E;F1.04'
ptd-server 2022-07-26 23:54:10,713 [INFO] Connected to PTDaemon
ptd-server 2022-07-26 23:54:10,713 [INFO] Sending to ptd: 'RR'
ptd-server 2022-07-26 23:54:10,713 [INFO] Reply from ptd: 'Ranges,0,0.500000,1,300.000000'
ptd-server 2022-07-26 23:54:10,713 [INFO] Initial range for Amps is 0.500000 for Volts is Auto
ptd-server 2022-07-26 23:54:10,713 [INFO] Sending to ptd: 'SR,V,Auto'
ptd-server 2022-07-26 23:54:11,216 [INFO] Reply from ptd: 'Range V changed'
ptd-server 2022-07-26 23:54:11,216 [INFO] Sending to ptd: 'SR,A,Auto'
ptd-server 2022-07-26 23:54:11,719 [INFO] Reply from ptd: 'Range A changed'
ptd-server 2022-07-26 23:54:21,729 [INFO] Starting ranging mode
ptd-server 2022-07-26 23:54:21,729 [INFO] Sending to ptd: 'Go,1000,0,2022-07-26_23-53-53_ranging'
ptd-server 2022-07-26 23:54:21,729 [INFO] Reply from ptd: 'Starting untimed measurement, maximum 500000 samples at 1000ms with 0 rampup samples'
ptd-server 2022-07-26 23:54:21,730 [INFO] Sending reply to client 'OK'
ptd-server 2022-07-27 00:05:05,215 [INFO] Got command from the client 'session,2022-07-26_23-53-53,stop,ranging'
ptd-server 2022-07-27 00:05:15,223 [INFO] Sending to ptd: 'Stop'
ptd-server 2022-07-27 00:05:15,223 [INFO] Reply from ptd: 'Stopping untimed measurement'
ptd-server 2022-07-27 00:05:16,115 [INFO] Sending reply to client 'OK'
ptd-server 2022-07-27 00:05:16,192 [INFO] Got command from the client 'time'
ptd-server 2022-07-27 00:05:16,192 [INFO] Sending reply to client '1658876716.192206'
ptd-server 2022-07-27 00:05:16,198 [INFO] Got command from the client 'session,2022-07-26_23-53-53,start,testing'
ptd-server 2022-07-27 00:05:16,198 [INFO] Sending to ptd: 'SR,V,251.730000'
ptd-server 2022-07-27 00:05:17,699 [INFO] Reply from ptd: 'Range V changed'
ptd-server 2022-07-27 00:05:17,699 [INFO] Sending to ptd: 'SR,A,0.058080'
ptd-server 2022-07-27 00:05:19,201 [INFO] Reply from ptd: 'Range A changed'
ptd-server 2022-07-27 00:05:29,211 [INFO] Starting testing mode
ptd-server 2022-07-27 00:05:29,211 [INFO] Sending to ptd: 'Go,1000,0,2022-07-26_23-53-53_testing'
ptd-server 2022-07-27 00:05:29,212 [INFO] Reply from ptd: 'Starting untimed measurement, maximum 500000 samples at 1000ms with 0 rampup samples'
ptd-server 2022-07-27 00:05:29,212 [INFO] Sending reply to client 'OK'
ptd-server 2022-07-27 00:16:12,431 [INFO] Got command from the client 'session,2022-07-26_23-53-53,stop,testing'
ptd-server 2022-07-27 00:16:22,442 [INFO] Sending to ptd: 'Stop'
ptd-server 2022-07-27 00:16:22,442 [INFO] Reply from ptd: 'Stopping untimed measurement'
ptd-server 2022-07-27 00:16:22,895 [INFO] Sending reply to client 'OK'
ptd-server 2022-07-27 00:16:22,915 [INFO] Got command from the client 'session,2022-07-26_23-53-53,done'
ptd-server 2022-07-27 00:16:22,915 [INFO] Sending to ptd: 'Stop'
ptd-server 2022-07-27 00:16:23,212 [INFO] Reply from ptd: 'Error: no measurement to stop'
ptd-server 2022-07-27 00:16:23,212 [INFO] Sending to ptd: 'SR,V,Auto'
ptd-server 2022-07-27 00:16:23,714 [INFO] Reply from ptd: 'Range V changed'
ptd-server 2022-07-27 00:16:23,715 [INFO] Sending to ptd: 'SR,A,0.500000'
ptd-server 2022-07-27 00:16:25,216 [INFO] Reply from ptd: 'Range A changed'
ptd-server 2022-07-27 00:16:25,216 [INFO] Set initial values for Amps 0.500000 and Volts Auto
ptd-server 2022-07-27 00:16:25,216 [INFO] Stopping ptd...
