ptd-server 2022-07-20 15:55:47,823 [INFO] Got command from the client 'time'
ptd-server 2022-07-20 15:55:47,823 [INFO] Sending reply to client '1658328947.8231933'
ptd-server 2022-07-20 15:55:47,827 [INFO] Got command from the client 'new,,28a1e23a-7ec1-4a32-8fff-e1278b1af40c'
ptd-server 2022-07-20 15:55:47,827 [INFO] Sending reply to client 'OK 2022-07-20_15-55-47,a845eadb-04fe-476b-b8e0-d5e25cd31a8e'
ptd-server 2022-07-20 15:55:47,866 [INFO] Got command from the client 'time'
ptd-server 2022-07-20 15:55:47,866 [INFO] Sending reply to client '1658328947.8663766'
ptd-server 2022-07-20 15:55:47,869 [INFO] Got command from the client 'session,2022-07-20_15-55-47,start,ranging'
ptd-server 2022-07-20 15:55:47,869 [INFO] Running PTDaemon: ['/home/anton/projects/mlperf/power/inference_v1.0/ptd-linux-x86', '-l', '/tmp/tmp7lgbo8s4/ptd_logfile.txt', '-p', '8888', '49', '/dev/usbtmc0']
ptd-server 2022-07-20 15:56:05,044 [INFO] Sending to ptd: 'Hello'
ptd-server 2022-07-20 15:56:05,044 [INFO] Reply from ptd: 'Hello, PTDaemon here!'
ptd-server 2022-07-20 15:56:05,044 [INFO] Sending to ptd: 'Identify'
ptd-server 2022-07-20 15:56:05,045 [INFO] Reply from ptd: 'YokogawaWT310E,1000,1,1,1,1,0,1,1,version=1.9.2-e8c7a49a-20201208,OS=Linux 5.13.0-52-generic #59~20.04.1-Ubuntu SMP Thu Jun 16 21:21:28 UTC 2022 x86_64,mode=power,1,1,1,0,0,no_cal_date,YOKOGAWA;WT310E;C3XA04010E;F1.04'
ptd-server 2022-07-20 15:56:05,045 [INFO] Connected to PTDaemon
ptd-server 2022-07-20 15:56:05,045 [INFO] Sending to ptd: 'RR'
ptd-server 2022-07-20 15:56:05,045 [INFO] Reply from ptd: 'Ranges,0,0.500000,1,300.000000'
ptd-server 2022-07-20 15:56:05,045 [INFO] Initial range for Amps is 0.500000 for Volts is Auto
ptd-server 2022-07-20 15:56:05,045 [INFO] Sending to ptd: 'SR,V,Auto'
ptd-server 2022-07-20 15:56:05,548 [INFO] Reply from ptd: 'Range V changed'
ptd-server 2022-07-20 15:56:05,548 [INFO] Sending to ptd: 'SR,A,Auto'
ptd-server 2022-07-20 15:56:06,051 [INFO] Reply from ptd: 'Range A changed'
ptd-server 2022-07-20 15:56:16,052 [INFO] Starting ranging mode
ptd-server 2022-07-20 15:56:16,052 [INFO] Sending to ptd: 'Go,1000,0,2022-07-20_15-55-47_ranging'
ptd-server 2022-07-20 15:56:16,052 [INFO] Reply from ptd: 'Starting untimed measurement, maximum 500000 samples at 1000ms with 0 rampup samples'
ptd-server 2022-07-20 15:56:16,052 [INFO] Sending reply to client 'OK'
ptd-server 2022-07-20 16:06:34,356 [INFO] Got command from the client 'session,2022-07-20_15-55-47,stop,ranging'
ptd-server 2022-07-20 16:06:44,366 [INFO] Sending to ptd: 'Stop'
ptd-server 2022-07-20 16:06:44,366 [INFO] Reply from ptd: 'Stopping untimed measurement'
ptd-server 2022-07-20 16:06:44,600 [INFO] Sending reply to client 'OK'
ptd-server 2022-07-20 16:06:44,819 [INFO] Got command from the client 'time'
ptd-server 2022-07-20 16:06:44,819 [INFO] Sending reply to client '1658329604.819623'
ptd-server 2022-07-20 16:06:44,827 [INFO] Got command from the client 'session,2022-07-20_15-55-47,start,testing'
ptd-server 2022-07-20 16:06:44,827 [INFO] Sending to ptd: 'SR,V,249.800000'
ptd-server 2022-07-20 16:06:46,554 [INFO] Reply from ptd: 'Range V changed'
ptd-server 2022-07-20 16:06:46,554 [INFO] Sending to ptd: 'SR,A,0.082330'
ptd-server 2022-07-20 16:06:48,055 [INFO] Reply from ptd: 'Range A changed'
ptd-server 2022-07-20 16:06:58,065 [INFO] Starting testing mode
ptd-server 2022-07-20 16:06:58,066 [INFO] Sending to ptd: 'Go,1000,0,2022-07-20_15-55-47_testing'
ptd-server 2022-07-20 16:06:58,066 [INFO] Reply from ptd: 'Starting untimed measurement, maximum 500000 samples at 1000ms with 0 rampup samples'
ptd-server 2022-07-20 16:06:58,066 [INFO] Sending reply to client 'OK'
ptd-server 2022-07-20 16:17:16,235 [INFO] Got command from the client 'session,2022-07-20_15-55-47,stop,testing'
ptd-server 2022-07-20 16:17:26,246 [INFO] Sending to ptd: 'Stop'
ptd-server 2022-07-20 16:17:26,246 [INFO] Reply from ptd: 'Stopping untimed measurement'
ptd-server 2022-07-20 16:17:26,374 [INFO] Sending reply to client 'OK'
ptd-server 2022-07-20 16:17:26,395 [INFO] Got command from the client 'session,2022-07-20_15-55-47,done'
ptd-server 2022-07-20 16:17:26,395 [INFO] Sending to ptd: 'Stop'
ptd-server 2022-07-20 16:17:27,066 [INFO] Reply from ptd: 'Error: no measurement to stop'
ptd-server 2022-07-20 16:17:27,066 [INFO] Sending to ptd: 'SR,V,Auto'
ptd-server 2022-07-20 16:17:27,569 [INFO] Reply from ptd: 'Range V changed'
ptd-server 2022-07-20 16:17:27,569 [INFO] Sending to ptd: 'SR,A,0.500000'
ptd-server 2022-07-20 16:17:29,070 [INFO] Reply from ptd: 'Range A changed'
ptd-server 2022-07-20 16:17:29,071 [INFO] Set initial values for Amps 0.500000 and Volts Auto
ptd-server 2022-07-20 16:17:29,071 [INFO] Stopping ptd...
