ptd-server 2022-07-19 05:38:55,992 [INFO] Got command from the client 'time'
ptd-server 2022-07-19 05:38:55,993 [INFO] Sending reply to client '1658205535.9930944'
ptd-server 2022-07-19 05:38:55,997 [INFO] Got command from the client 'new,,d2b4415f-8fe8-4113-904a-e7c63f47431e'
ptd-server 2022-07-19 05:38:55,998 [INFO] Sending reply to client 'OK 2022-07-19_05-38-55,3eecc787-6ed2-4f44-9110-a0cc8d0f8ec0'
ptd-server 2022-07-19 05:38:56,094 [INFO] Got command from the client 'time'
ptd-server 2022-07-19 05:38:56,094 [INFO] Sending reply to client '1658205536.0946548'
ptd-server 2022-07-19 05:38:56,100 [INFO] Got command from the client 'session,2022-07-19_05-38-55,start,ranging'
ptd-server 2022-07-19 05:38:56,100 [INFO] Running PTDaemon: ['/home/anton/projects/mlperf/power/inference_v1.0/ptd-linux-x86', '-l', '/tmp/tmp7lgbo8s4/ptd_logfile.txt', '-p', '8888', '49', '/dev/usbtmc0']
ptd-server 2022-07-19 05:39:13,275 [INFO] Sending to ptd: 'Hello'
ptd-server 2022-07-19 05:39:13,276 [INFO] Reply from ptd: 'Hello, PTDaemon here!'
ptd-server 2022-07-19 05:39:13,276 [INFO] Sending to ptd: 'Identify'
ptd-server 2022-07-19 05:39:13,277 [INFO] Reply from ptd: 'YokogawaWT310E,1000,1,1,1,1,0,1,1,version=1.9.2-e8c7a49a-20201208,OS=Linux 5.13.0-52-generic #59~20.04.1-Ubuntu SMP Thu Jun 16 21:21:28 UTC 2022 x86_64,mode=power,1,1,1,0,0,no_cal_date,YOKOGAWA;WT310E;C3XA04010E;F1.04'
ptd-server 2022-07-19 05:39:13,277 [INFO] Connected to PTDaemon
ptd-server 2022-07-19 05:39:13,277 [INFO] Sending to ptd: 'RR'
ptd-server 2022-07-19 05:39:13,277 [INFO] Reply from ptd: 'Ranges,0,0.500000,1,300.000000'
ptd-server 2022-07-19 05:39:13,277 [INFO] Initial range for Amps is 0.500000 for Volts is Auto
ptd-server 2022-07-19 05:39:13,278 [INFO] Sending to ptd: 'SR,V,Auto'
ptd-server 2022-07-19 05:39:13,780 [INFO] Reply from ptd: 'Range V changed'
ptd-server 2022-07-19 05:39:13,780 [INFO] Sending to ptd: 'SR,A,Auto'
ptd-server 2022-07-19 05:39:14,283 [INFO] Reply from ptd: 'Range A changed'
ptd-server 2022-07-19 05:39:24,293 [INFO] Starting ranging mode
ptd-server 2022-07-19 05:39:24,293 [INFO] Sending to ptd: 'Go,1000,0,2022-07-19_05-38-55_ranging'
ptd-server 2022-07-19 05:39:24,294 [INFO] Reply from ptd: 'Starting untimed measurement, maximum 500000 samples at 1000ms with 0 rampup samples'
ptd-server 2022-07-19 05:39:24,294 [INFO] Sending reply to client 'OK'
ptd-server 2022-07-19 05:49:41,544 [INFO] Got command from the client 'session,2022-07-19_05-38-55,stop,ranging'
ptd-server 2022-07-19 05:49:51,554 [INFO] Sending to ptd: 'Stop'
ptd-server 2022-07-19 05:49:51,555 [INFO] Reply from ptd: 'Stopping untimed measurement'
ptd-server 2022-07-19 05:49:51,607 [INFO] Sending reply to client 'OK'
ptd-server 2022-07-19 05:49:51,729 [INFO] Got command from the client 'time'
ptd-server 2022-07-19 05:49:51,730 [INFO] Sending reply to client '1658206191.7301404'
ptd-server 2022-07-19 05:49:51,733 [INFO] Got command from the client 'session,2022-07-19_05-38-55,start,testing'
ptd-server 2022-07-19 05:49:51,733 [INFO] Sending to ptd: 'SR,V,248.790000'
ptd-server 2022-07-19 05:49:53,796 [INFO] Reply from ptd: 'Range V changed'
ptd-server 2022-07-19 05:49:53,796 [INFO] Sending to ptd: 'SR,A,0.075490'
ptd-server 2022-07-19 05:49:55,297 [INFO] Reply from ptd: 'Range A changed'
ptd-server 2022-07-19 05:50:05,307 [INFO] Starting testing mode
ptd-server 2022-07-19 05:50:05,308 [INFO] Sending to ptd: 'Go,1000,0,2022-07-19_05-38-55_testing'
ptd-server 2022-07-19 05:50:05,308 [INFO] Reply from ptd: 'Starting untimed measurement, maximum 500000 samples at 1000ms with 0 rampup samples'
ptd-server 2022-07-19 05:50:05,308 [INFO] Sending reply to client 'OK'
ptd-server 2022-07-19 06:00:22,712 [INFO] Got command from the client 'session,2022-07-19_05-38-55,stop,testing'
ptd-server 2022-07-19 06:00:32,722 [INFO] Sending to ptd: 'Stop'
ptd-server 2022-07-19 06:00:32,723 [INFO] Reply from ptd: 'Stopping untimed measurement'
ptd-server 2022-07-19 06:00:32,749 [INFO] Sending reply to client 'OK'
ptd-server 2022-07-19 06:00:32,823 [INFO] Got command from the client 'session,2022-07-19_05-38-55,done'
ptd-server 2022-07-19 06:00:32,823 [INFO] Sending to ptd: 'Stop'
ptd-server 2022-07-19 06:00:33,308 [INFO] Reply from ptd: 'Error: no measurement to stop'
ptd-server 2022-07-19 06:00:33,309 [INFO] Sending to ptd: 'SR,V,Auto'
ptd-server 2022-07-19 06:00:33,811 [INFO] Reply from ptd: 'Range V changed'
ptd-server 2022-07-19 06:00:33,811 [INFO] Sending to ptd: 'SR,A,0.500000'
ptd-server 2022-07-19 06:00:35,313 [INFO] Reply from ptd: 'Range A changed'
ptd-server 2022-07-19 06:00:35,313 [INFO] Set initial values for Amps 0.500000 and Volts Auto
ptd-server 2022-07-19 06:00:35,313 [INFO] Stopping ptd...
