ptd-server 2022-07-21 12:20:36,295 [INFO] Got command from the client 'time'
ptd-server 2022-07-21 12:20:36,296 [INFO] Sending reply to client '1658402436.2960854'
ptd-server 2022-07-21 12:20:36,297 [INFO] Got command from the client 'new,,b1497ae3-b815-408d-a4b2-0bd65b8e0d56'
ptd-server 2022-07-21 12:20:36,297 [INFO] Sending reply to client 'OK 2022-07-21_12-20-36,6dff0706-e83a-4d86-901b-b7af554a2c74'
ptd-server 2022-07-21 12:20:36,336 [INFO] Got command from the client 'time'
ptd-server 2022-07-21 12:20:36,337 [INFO] Sending reply to client '1658402436.3369927'
ptd-server 2022-07-21 12:20:36,337 [INFO] Got command from the client 'session,2022-07-21_12-20-36,start,ranging'
ptd-server 2022-07-21 12:20:36,338 [INFO] Running PTDaemon: ['/home/anton/projects/mlperf/power/inference_v1.0/ptd-linux-x86', '-l', '/tmp/tmp7lgbo8s4/ptd_logfile.txt', '-p', '8888', '49', '/dev/usbtmc0']
ptd-server 2022-07-21 12:20:53,513 [INFO] Sending to ptd: 'Hello'
ptd-server 2022-07-21 12:20:53,514 [INFO] Reply from ptd: 'Hello, PTDaemon here!'
ptd-server 2022-07-21 12:20:53,514 [INFO] Sending to ptd: 'Identify'
ptd-server 2022-07-21 12:20:53,514 [INFO] Reply from ptd: 'YokogawaWT310E,1000,1,1,1,1,0,1,1,version=1.9.2-e8c7a49a-20201208,OS=Linux 5.13.0-52-generic #59~20.04.1-Ubuntu SMP Thu Jun 16 21:21:28 UTC 2022 x86_64,mode=power,1,1,1,0,0,no_cal_date,YOKOGAWA;WT310E;C3XA04010E;F1.04'
ptd-server 2022-07-21 12:20:53,514 [INFO] Connected to PTDaemon
ptd-server 2022-07-21 12:20:53,514 [INFO] Sending to ptd: 'RR'
ptd-server 2022-07-21 12:20:53,514 [INFO] Reply from ptd: 'Ranges,0,0.500000,1,300.000000'
ptd-server 2022-07-21 12:20:53,515 [INFO] Initial range for Amps is 0.500000 for Volts is Auto
ptd-server 2022-07-21 12:20:53,515 [INFO] Sending to ptd: 'SR,V,Auto'
ptd-server 2022-07-21 12:20:54,017 [INFO] Reply from ptd: 'Range V changed'
ptd-server 2022-07-21 12:20:54,017 [INFO] Sending to ptd: 'SR,A,Auto'
ptd-server 2022-07-21 12:20:54,520 [INFO] Reply from ptd: 'Range A changed'
ptd-server 2022-07-21 12:21:04,530 [INFO] Starting ranging mode
ptd-server 2022-07-21 12:21:04,530 [INFO] Sending to ptd: 'Go,1000,0,2022-07-21_12-20-36_ranging'
ptd-server 2022-07-21 12:21:04,530 [INFO] Reply from ptd: 'Starting untimed measurement, maximum 500000 samples at 1000ms with 0 rampup samples'
ptd-server 2022-07-21 12:21:04,531 [INFO] Sending reply to client 'OK'
ptd-server 2022-07-21 12:31:26,337 [INFO] Got command from the client 'session,2022-07-21_12-20-36,stop,ranging'
ptd-server 2022-07-21 12:31:36,347 [INFO] Sending to ptd: 'Stop'
ptd-server 2022-07-21 12:31:36,348 [INFO] Reply from ptd: 'Stopping untimed measurement'
ptd-server 2022-07-21 12:31:36,686 [INFO] Sending reply to client 'OK'
ptd-server 2022-07-21 12:31:36,748 [INFO] Got command from the client 'time'
ptd-server 2022-07-21 12:31:36,749 [INFO] Sending reply to client '1658403096.7490714'
ptd-server 2022-07-21 12:31:36,749 [INFO] Got command from the client 'session,2022-07-21_12-20-36,start,testing'
ptd-server 2022-07-21 12:31:36,750 [INFO] Sending to ptd: 'SR,V,251.100000'
ptd-server 2022-07-21 12:31:38,251 [INFO] Reply from ptd: 'Range V changed'
ptd-server 2022-07-21 12:31:38,251 [INFO] Sending to ptd: 'SR,A,0.069010'
ptd-server 2022-07-21 12:31:39,752 [INFO] Reply from ptd: 'Range A changed'
ptd-server 2022-07-21 12:31:49,763 [INFO] Starting testing mode
ptd-server 2022-07-21 12:31:49,763 [INFO] Sending to ptd: 'Go,1000,0,2022-07-21_12-20-36_testing'
ptd-server 2022-07-21 12:31:49,763 [INFO] Reply from ptd: 'Starting untimed measurement, maximum 500000 samples at 1000ms with 0 rampup samples'
ptd-server 2022-07-21 12:31:49,763 [INFO] Sending reply to client 'OK'
ptd-server 2022-07-21 12:42:11,463 [INFO] Got command from the client 'session,2022-07-21_12-20-36,stop,testing'
ptd-server 2022-07-21 12:42:21,473 [INFO] Sending to ptd: 'Stop'
ptd-server 2022-07-21 12:42:21,474 [INFO] Reply from ptd: 'Stopping untimed measurement'
ptd-server 2022-07-21 12:42:21,652 [INFO] Sending reply to client 'OK'
ptd-server 2022-07-21 12:42:21,660 [INFO] Got command from the client 'session,2022-07-21_12-20-36,done'
ptd-server 2022-07-21 12:42:21,660 [INFO] Sending to ptd: 'Stop'
ptd-server 2022-07-21 12:42:21,764 [INFO] Reply from ptd: 'Error: no measurement to stop'
ptd-server 2022-07-21 12:42:21,764 [INFO] Sending to ptd: 'SR,V,Auto'
ptd-server 2022-07-21 12:42:22,266 [INFO] Reply from ptd: 'Range V changed'
ptd-server 2022-07-21 12:42:22,266 [INFO] Sending to ptd: 'SR,A,0.500000'
ptd-server 2022-07-21 12:42:23,768 [INFO] Reply from ptd: 'Range A changed'
ptd-server 2022-07-21 12:42:23,768 [INFO] Set initial values for Amps 0.500000 and Volts Auto
ptd-server 2022-07-21 12:42:23,768 [INFO] Stopping ptd...
