client 2022-07-23 01:20:48,388 [INFO] Sending command to the server: 'mlcommons/power client v3'
client 2022-07-23 01:20:48,390 [INFO] Got response: 'mlcommons/power server v3'
client 2022-07-23 01:20:48,390 [INFO] Sending command to the server: 'stop'
client 2022-07-23 01:20:48,392 [INFO] Got response: 'OK'
client 2022-07-23 01:20:48,392 [INFO] Synchronizing with the server and with ib-01.dc4-in.nvidia.com...
client 2022-07-23 01:20:48,599 [INFO] NTP:offset = 0.000 s, delay = 0.201 s 
client 2022-07-23 01:20:48,599 [INFO] Sending command to the server: 'time'
client 2022-07-23 01:20:48,600 [INFO] Got response: '1658539248.4271412'
client 2022-07-23 01:20:48,600 [INFO] The time difference between the client and the server is within range 172.030 ms..173.601 ms
client 2022-07-23 01:20:48,600 [INFO] Sending command to the server: 'new,,d22decd6-b507-4b76-995b-78950c20ede0'
client 2022-07-23 01:20:48,604 [INFO] Got response: 'OK 2022-07-22_18-20-48,c9290c7e-5c49-4ae1-8764-3001b2a8eb1f'
client 2022-07-23 01:20:48,604 [INFO] Session id is '2022-07-22_18-20-48'
client 2022-07-23 01:20:48,604 [INFO] Sources: {"sources": {"__init__.py": "da39a3ee5e6b4b0d3255bfef95601890afd80709", "client.py": "33ca4f26368777ac06e01f9567b714a4b8063886", "lib/__init__.py": "da39a3ee5e6b4b0d3255bfef95601890afd80709", "lib/client.py": "4c2b78fb4849a7e5b584ef792d82aaed20b17f57", "lib/common.py": "624d0c0acc7c39aaff3674f0b99d6a09da53d1dc", "lib/external/__init__.py": "da39a3ee5e6b4b0d3255bfef95601890afd80709", "lib/external/ntplib.py": "4da8f970656505a40483206ef2b5d3dd5e81711d", "lib/server.py": "59c9fb92908260d3e9f81a895c7aa009742275e4", "lib/source_hashes.py": "60a2e02193209e8d392803326208d5466342da18", "lib/summary.py": "aa92f0a3f975eecd44d3c0cd0236342ccc9f941d", "lib/time_sync.py": "3210db56eb0ff0df57bf4293dc4d4b03fffd46f1", "server.py": "c3f90f2f7eeb4db30727556d0c815ebc89b3d28b", "tests/unit/__init__.py": "da39a3ee5e6b4b0d3255bfef95601890afd80709", "tests/unit/test_server.py": "99ae15aef722f2000ee6ed1ae1523637bf1ae42b", "tests/unit/test_source_hashes.py": "00468a2907583c593e6574a1f6b404e4651c221a"}, "modules": {"ptd_client_server.lib.client": "lib/client.py", "ptd_client_server.lib.common": "lib/common.py", "ptd_client_server.lib.external.ntplib": "lib/external/ntplib.py", "ptd_client_server.lib.source_hashes": "lib/source_hashes.py", "ptd_client_server.lib.summary": "lib/summary.py", "ptd_client_server.lib.time_sync": "lib/time_sync.py"}}
client 2022-07-23 01:20:48,607 [INFO] Running workload in ranging mode
client 2022-07-23 01:20:48,607 [INFO] Synchronizing with the server and with ib-01.dc4-in.nvidia.com...
client 2022-07-23 01:20:48,810 [INFO] NTP:offset = 0.000 s, delay = 0.201 s 
client 2022-07-23 01:20:48,810 [INFO] Sending command to the server: 'time'
client 2022-07-23 01:20:48,811 [INFO] Got response: '1658539248.64584'
client 2022-07-23 01:20:48,812 [INFO] The time difference between the client and the server is within range 164.549 ms..166.167 ms
client 2022-07-23 01:20:48,812 [INFO] Sending command to the server: 'session,2022-07-22_18-20-48,start,ranging'
client 2022-07-23 01:21:28,371 [INFO] Got response: 'OK'
client 2022-07-23 01:21:28,371 [INFO] Running the workload 'LOG_DIR=/work/build/power_logs_temp python3 -m code.main_v2 --benchmarks=resnet50 --scenarios=Server --test_mode=PerformanceOnly --config_ver=maxq --action="run_harness" \\\n\t\t2>&1 | tee -a /work/build/power_logs/2022.07.23-01.20.11/stdout.txt \\\n\t\t&& if [ ! -d /work/build/power_logs/2022.07.23-01.20.11/ranging_tmp ]; \\\n\t\t\tthen mkdir /work/build/power_logs/2022.07.23-01.20.11/ranging_tmp \\\n\t\t\t\t&& mv /work/build/power_logs_temp/* /work/build/power_logs/2022.07.23-01.20.11/ranging_tmp/ \\\n\t\t\t\t&& cp -v /work/build/power_logs/2022.07.23-01.20.11/ranging_tmp/*/*/*/mlperf_log_detail.txt /work/build/power_logs_temp/ \\\n\t\t\t\t&& cp -v /work/build/power_logs/2022.07.23-01.20.11/ranging_tmp/*/*/*/mlperf_log_summary.txt /work/build/power_logs_temp/; \\\n\t\t\telse mkdir /work/build/power_logs/2022.07.23-01.20.11/testing_tmp \\\n\t\t\t\t&& mv /work/build/power_logs_temp/* /work/build/power_logs/2022.07.23-01.20.11/testing_tmp/ \\\n\t\t\t\t&& cp -v /work/build/power_logs/2022.07.23-01.20.11/testing_tmp/*/*/*/mlperf_log_detail.txt /work/build/power_logs_temp/ \\\n\t\t\t\t&& cp -v /work/build/power_logs/2022.07.23-01.20.11/testing_tmp/*/*/*/mlperf_log_summary.txt /work/build/power_logs_temp/; fi'
client 2022-07-23 01:33:19,602 [INFO] Sending command to the server: 'session,2022-07-22_18-20-48,stop,ranging'
client 2022-07-23 01:33:29,727 [INFO] Got response: 'OK'
client 2022-07-23 01:33:29,740 [INFO] Copying loadgen logs from '/work/build/power_logs_temp' to '/work/build/power_logs/2022.07.23-01.20.11/2022-07-22_18-20-48/ranging'
client 2022-07-23 01:33:29,826 [INFO] Running workload in testing mode
client 2022-07-23 01:33:29,826 [INFO] Synchronizing with the server and with ib-01.dc4-in.nvidia.com...
client 2022-07-23 01:33:30,030 [INFO] NTP:offset = 0.000 s, delay = 0.201 s 
client 2022-07-23 01:33:30,030 [INFO] Sending command to the server: 'time'
client 2022-07-23 01:33:30,032 [INFO] Got response: '1658540009.8586404'
client 2022-07-23 01:33:30,032 [INFO] The time difference between the client and the server is within range 171.983 ms..173.697 ms
client 2022-07-23 01:33:30,032 [INFO] Sending command to the server: 'session,2022-07-22_18-20-48,start,testing'
client 2022-07-23 01:33:52,058 [INFO] Got response: 'OK'
client 2022-07-23 01:33:52,058 [INFO] Running the workload 'LOG_DIR=/work/build/power_logs_temp python3 -m code.main_v2 --benchmarks=resnet50 --scenarios=Server --test_mode=PerformanceOnly --config_ver=maxq --action="run_harness" \\\n\t\t2>&1 | tee -a /work/build/power_logs/2022.07.23-01.20.11/stdout.txt \\\n\t\t&& if [ ! -d /work/build/power_logs/2022.07.23-01.20.11/ranging_tmp ]; \\\n\t\t\tthen mkdir /work/build/power_logs/2022.07.23-01.20.11/ranging_tmp \\\n\t\t\t\t&& mv /work/build/power_logs_temp/* /work/build/power_logs/2022.07.23-01.20.11/ranging_tmp/ \\\n\t\t\t\t&& cp -v /work/build/power_logs/2022.07.23-01.20.11/ranging_tmp/*/*/*/mlperf_log_detail.txt /work/build/power_logs_temp/ \\\n\t\t\t\t&& cp -v /work/build/power_logs/2022.07.23-01.20.11/ranging_tmp/*/*/*/mlperf_log_summary.txt /work/build/power_logs_temp/; \\\n\t\t\telse mkdir /work/build/power_logs/2022.07.23-01.20.11/testing_tmp \\\n\t\t\t\t&& mv /work/build/power_logs_temp/* /work/build/power_logs/2022.07.23-01.20.11/testing_tmp/ \\\n\t\t\t\t&& cp -v /work/build/power_logs/2022.07.23-01.20.11/testing_tmp/*/*/*/mlperf_log_detail.txt /work/build/power_logs_temp/ \\\n\t\t\t\t&& cp -v /work/build/power_logs/2022.07.23-01.20.11/testing_tmp/*/*/*/mlperf_log_summary.txt /work/build/power_logs_temp/; fi'
client 2022-07-23 01:45:41,098 [INFO] Sending command to the server: 'session,2022-07-22_18-20-48,stop,testing'
client 2022-07-23 01:45:51,132 [INFO] Got response: 'OK'
client 2022-07-23 01:45:51,139 [INFO] Copying loadgen logs from '/work/build/power_logs_temp' to '/work/build/power_logs/2022.07.23-01.20.11/2022-07-22_18-20-48/run_1'
client 2022-07-23 01:45:51,155 [INFO] Done runs
