ptd-server 2022-07-22 18:20:48,224 [INFO] Got command from the client 'stop'
ptd-server 2022-07-22 18:20:48,224 [INFO] The server will be stopped after processing this client
ptd-server 2022-07-22 18:20:48,224 [INFO] Sending reply to client 'OK'
ptd-server 2022-07-22 18:20:48,427 [INFO] Got command from the client 'time'
ptd-server 2022-07-22 18:20:48,427 [INFO] Sending reply to client '1658539248.4271412'
ptd-server 2022-07-22 18:20:48,427 [INFO] Got command from the client 'new,,d22decd6-b507-4b76-995b-78950c20ede0'
ptd-server 2022-07-22 18:20:48,427 [INFO] Sending reply to client 'OK 2022-07-22_18-20-48,c9290c7e-5c49-4ae1-8764-3001b2a8eb1f'
ptd-server 2022-07-22 18:20:48,645 [INFO] Got command from the client 'time'
ptd-server 2022-07-22 18:20:48,645 [INFO] Sending reply to client '1658539248.64584'
ptd-server 2022-07-22 18:20:48,645 [INFO] Got command from the client 'session,2022-07-22_18-20-48,start,ranging'
ptd-server 2022-07-22 18:20:48,755 [INFO] Running PTDaemon: ['C:\\PTD\\ptd-windows-x86.exe', '-l', 'C:\\Users\\lab\\AppData\\Local\\Temp\\tmpbnfz0vqh\\ptd_logfile.txt', '-p', '8888', '-c', '1,3', '-y', '77', '10.117.41.199']
ptd-server 2022-07-22 18:21:08,016 [INFO] Sending to ptd: 'Hello'
ptd-server 2022-07-22 18:21:08,016 [INFO] Reply from ptd: 'Hello, PTDaemon here!'
ptd-server 2022-07-22 18:21:08,016 [INFO] Sending to ptd: 'Identify'
ptd-server 2022-07-22 18:21:08,016 [INFO] Reply from ptd: 'YokogawaWT330_multichannel,1000,1,1,1,1,0,0,1,version=1.9.2-3976349f-20201208,OS=Windows 8 / Server 2012,mode=power,1,1,2,0,0,no_cal_date,YOKOGAWA;WT333E;C2WL21011V;F1.04'
ptd-server 2022-07-22 18:21:08,016 [INFO] Connected to PTDaemon
ptd-server 2022-07-22 18:21:08,016 [INFO] Sending to ptd: 'RR'
ptd-server 2022-07-22 18:21:08,016 [INFO] Reply from ptd: 'Ranges,0,5.000000,0,300.000000'
ptd-server 2022-07-22 18:21:08,016 [INFO] Initial range for Amps is 5.000000 for Volts is 300.000000
ptd-server 2022-07-22 18:21:08,016 [INFO] Sending to ptd: 'SR,V,Auto'
ptd-server 2022-07-22 18:21:13,093 [INFO] Reply from ptd: 'Range V changed'
ptd-server 2022-07-22 18:21:13,093 [INFO] Sending to ptd: 'SR,A,Auto'
ptd-server 2022-07-22 18:21:18,170 [INFO] Reply from ptd: 'Range A changed'
ptd-server 2022-07-22 18:21:28,183 [INFO] Starting ranging mode
ptd-server 2022-07-22 18:21:28,183 [INFO] Sending to ptd: 'Go,1000,0,2022-07-22_18-20-48_ranging'
ptd-server 2022-07-22 18:21:28,183 [INFO] Reply from ptd: 'Starting untimed measurement, maximum 500000 samples at 1000ms with 0 rampup samples'
ptd-server 2022-07-22 18:21:28,183 [INFO] Sending reply to client 'OK'
ptd-server 2022-07-22 18:33:19,423 [INFO] Got command from the client 'session,2022-07-22_18-20-48,stop,ranging'
ptd-server 2022-07-22 18:33:29,436 [INFO] Sending to ptd: 'Stop'
ptd-server 2022-07-22 18:33:29,436 [INFO] Reply from ptd: 'Stopping untimed measurement'
ptd-server 2022-07-22 18:33:29,546 [INFO] Sending reply to client 'OK'
ptd-server 2022-07-22 18:33:29,858 [INFO] Got command from the client 'time'
ptd-server 2022-07-22 18:33:29,858 [INFO] Sending reply to client '1658540009.8586404'
ptd-server 2022-07-22 18:33:29,858 [INFO] Got command from the client 'session,2022-07-22_18-20-48,start,testing'
ptd-server 2022-07-22 18:33:29,858 [INFO] Sending to ptd: 'SR,V,205.770000'
ptd-server 2022-07-22 18:33:36,279 [INFO] Reply from ptd: 'Range V changed'
ptd-server 2022-07-22 18:33:36,279 [INFO] Sending to ptd: 'SR,A,3.856400'
ptd-server 2022-07-22 18:33:41,871 [INFO] Reply from ptd: 'Range A changed'
ptd-server 2022-07-22 18:33:51,884 [INFO] Starting testing mode
ptd-server 2022-07-22 18:33:51,884 [INFO] Sending to ptd: 'Go,1000,0,2022-07-22_18-20-48_testing'
ptd-server 2022-07-22 18:33:51,884 [INFO] Reply from ptd: 'Starting untimed measurement, maximum 500000 samples at 1000ms with 0 rampup samples'
ptd-server 2022-07-22 18:33:51,884 [INFO] Sending reply to client 'OK'
ptd-server 2022-07-22 18:45:40,921 [INFO] Got command from the client 'session,2022-07-22_18-20-48,stop,testing'
ptd-server 2022-07-22 18:45:50,934 [INFO] Sending to ptd: 'Stop'
ptd-server 2022-07-22 18:45:50,934 [INFO] Reply from ptd: 'Stopping untimed measurement'
ptd-server 2022-07-22 18:45:50,950 [INFO] Sending reply to client 'OK'
ptd-server 2022-07-22 18:45:51,013 [INFO] Got command from the client 'session,2022-07-22_18-20-48,done'
ptd-server 2022-07-22 18:45:51,013 [INFO] Sending to ptd: 'Stop'
ptd-server 2022-07-22 18:45:51,887 [INFO] Reply from ptd: 'Error: no measurement to stop'
ptd-server 2022-07-22 18:45:51,887 [INFO] Sending to ptd: 'SR,V,300.000000'
ptd-server 2022-07-22 18:45:57,980 [INFO] Reply from ptd: 'Range V changed'
ptd-server 2022-07-22 18:45:57,980 [INFO] Sending to ptd: 'SR,A,5.000000'
ptd-server 2022-07-22 18:46:03,572 [INFO] Reply from ptd: 'Range A changed'
ptd-server 2022-07-22 18:46:03,572 [INFO] Set initial values for Amps 5.000000 and Volts 300.000000
ptd-server 2022-07-22 18:46:03,572 [INFO] Stopping ptd...
