ptd-server 2022-08-01 14:52:38,110 [INFO] Got command from the client 'time'
ptd-server 2022-08-01 14:52:38,110 [INFO] Sending reply to client '1659383558.1104782'
ptd-server 2022-08-01 14:52:38,112 [INFO] Got command from the client 'new,,92e7eb90-4ad3-4d6b-bbc7-6460807716f7'
ptd-server 2022-08-01 14:52:38,113 [INFO] Sending reply to client 'OK 2022-08-01_14-52-38,7c975b8d-c8bf-4fce-ae27-4af4f14cf31c'
ptd-server 2022-08-01 14:52:38,263 [INFO] Got command from the client 'time'
ptd-server 2022-08-01 14:52:38,263 [INFO] Sending reply to client '1659383558.2632935'
ptd-server 2022-08-01 14:52:38,265 [INFO] Got command from the client 'session,2022-08-01_14-52-38,start,ranging'
ptd-server 2022-08-01 14:52:38,265 [INFO] Running PTDaemon: ['/local/mnt/workspace/mlcommons/power-main/inference_v1.0/ptd-linux-x86', '-l', '/tmp/tmphzvhvlw0/ptd_logfile.txt', '-p', '8888', '-c', '3', '52', '/dev/usbtmc0']
ptd-server 2022-08-01 14:52:55,387 [INFO] Sending to ptd: 'Hello'
ptd-server 2022-08-01 14:52:55,388 [INFO] Reply from ptd: 'Hello, PTDaemon here!'
ptd-server 2022-08-01 14:52:55,388 [INFO] Sending to ptd: 'Identify'
ptd-server 2022-08-01 14:52:55,388 [INFO] Reply from ptd: 'YokogawaWT330,1000,1,1,1,1,0,0,1,version=1.9.2-e8c7a49a-20201208,OS=Linux 5.4.0-120-generic #136~18.04.1-Ubuntu SMP Fri Jun 10 18:00:44 UTC 2022 x86_64,mode=power,1,1,1,0,0,no_cal_date,YOKOGAWA;WT333;C2QH26002V;F1.06'
ptd-server 2022-08-01 14:52:55,389 [INFO] Connected to PTDaemon
ptd-server 2022-08-01 14:52:55,389 [INFO] Sending to ptd: 'RR'
ptd-server 2022-08-01 14:52:55,389 [INFO] Reply from ptd: 'Ranges,1,0.500000,1,150.000000'
ptd-server 2022-08-01 14:52:55,389 [INFO] Initial range for Amps is Auto for Volts is Auto
ptd-server 2022-08-01 14:52:55,389 [INFO] Sending to ptd: 'SR,V,Auto'
ptd-server 2022-08-01 14:52:55,893 [INFO] Reply from ptd: 'Range V changed'
ptd-server 2022-08-01 14:52:55,893 [INFO] Sending to ptd: 'SR,A,Auto'
ptd-server 2022-08-01 14:52:56,396 [INFO] Reply from ptd: 'Range A changed'
ptd-server 2022-08-01 14:53:06,407 [INFO] Starting ranging mode
ptd-server 2022-08-01 14:53:06,407 [INFO] Sending to ptd: 'Go,1000,0,2022-08-01_14-52-38_ranging'
ptd-server 2022-08-01 14:53:06,407 [INFO] Reply from ptd: 'Starting untimed measurement, maximum 500000 samples at 1000ms with 0 rampup samples'
ptd-server 2022-08-01 14:53:06,408 [INFO] Sending reply to client 'OK'
ptd-server 2022-08-01 15:03:29,354 [INFO] Got command from the client 'session,2022-08-01_14-52-38,stop,ranging'
ptd-server 2022-08-01 15:03:39,364 [INFO] Sending to ptd: 'Stop'
ptd-server 2022-08-01 15:03:39,365 [INFO] Reply from ptd: 'Stopping untimed measurement'
ptd-server 2022-08-01 15:03:39,388 [INFO] Sending reply to client 'OK'
ptd-server 2022-08-01 15:03:39,584 [INFO] Got command from the client 'time'
ptd-server 2022-08-01 15:03:39,584 [INFO] Sending reply to client '1659384219.5847588'
ptd-server 2022-08-01 15:03:39,586 [INFO] Got command from the client 'session,2022-08-01_14-52-38,start,testing'
ptd-server 2022-08-01 15:03:39,586 [INFO] Sending to ptd: 'SR,V,118.410000'
ptd-server 2022-08-01 15:03:41,089 [INFO] Reply from ptd: 'Range V changed'
ptd-server 2022-08-01 15:03:41,089 [INFO] Sending to ptd: 'SR,A,0.330000'
ptd-server 2022-08-01 15:03:42,591 [INFO] Reply from ptd: 'Range A changed'
ptd-server 2022-08-01 15:03:52,602 [INFO] Starting testing mode
ptd-server 2022-08-01 15:03:52,602 [INFO] Sending to ptd: 'Go,1000,0,2022-08-01_14-52-38_testing'
ptd-server 2022-08-01 15:03:52,602 [INFO] Reply from ptd: 'Starting untimed measurement, maximum 500000 samples at 1000ms with 0 rampup samples'
ptd-server 2022-08-01 15:03:52,603 [INFO] Sending reply to client 'OK'
ptd-server 2022-08-01 15:14:16,258 [INFO] Got command from the client 'session,2022-08-01_14-52-38,stop,testing'
ptd-server 2022-08-01 15:14:26,268 [INFO] Sending to ptd: 'Stop'
ptd-server 2022-08-01 15:14:26,269 [INFO] Reply from ptd: 'Stopping untimed measurement'
ptd-server 2022-08-01 15:14:26,281 [INFO] Sending reply to client 'OK'
ptd-server 2022-08-01 15:14:26,316 [INFO] Got command from the client 'session,2022-08-01_14-52-38,done'
ptd-server 2022-08-01 15:14:26,316 [INFO] Sending to ptd: 'Stop'
ptd-server 2022-08-01 15:14:26,602 [INFO] Reply from ptd: 'Error: no measurement to stop'
ptd-server 2022-08-01 15:14:26,602 [INFO] Sending to ptd: 'SR,V,Auto'
ptd-server 2022-08-01 15:14:27,106 [INFO] Reply from ptd: 'Range V changed'
ptd-server 2022-08-01 15:14:27,106 [INFO] Sending to ptd: 'SR,A,Auto'
ptd-server 2022-08-01 15:14:27,609 [INFO] Reply from ptd: 'Range A changed'
ptd-server 2022-08-01 15:14:27,609 [INFO] Set initial values for Amps Auto and Volts Auto
ptd-server 2022-08-01 15:14:27,609 [INFO] Stopping ptd...
