ptd-server 2022-07-24 01:37:11,543 [INFO] Got command from the client 'time'
ptd-server 2022-07-24 01:37:11,543 [INFO] Sending reply to client '1658623031.5432065'
ptd-server 2022-07-24 01:37:11,544 [INFO] Got command from the client 'new,,320aeba9-e9c5-4ca8-a54a-9c01155d3a51'
ptd-server 2022-07-24 01:37:11,544 [INFO] Sending reply to client 'OK 2022-07-24_01-37-11,6595e803-9928-4f2b-9d8e-6194d0f4df47'
ptd-server 2022-07-24 01:37:11,577 [INFO] Got command from the client 'time'
ptd-server 2022-07-24 01:37:11,577 [INFO] Sending reply to client '1658623031.577655'
ptd-server 2022-07-24 01:37:11,578 [INFO] Got command from the client 'session,2022-07-24_01-37-11,start,ranging'
ptd-server 2022-07-24 01:37:11,579 [INFO] Running PTDaemon: ['/home/anton/projects/mlperf/power/inference_v1.0/ptd-linux-x86', '-l', '/tmp/tmp7lgbo8s4/ptd_logfile.txt', '-p', '8888', '49', '/dev/usbtmc0']
ptd-server 2022-07-24 01:37:28,754 [INFO] Sending to ptd: 'Hello'
ptd-server 2022-07-24 01:37:28,755 [INFO] Reply from ptd: 'Hello, PTDaemon here!'
ptd-server 2022-07-24 01:37:28,755 [INFO] Sending to ptd: 'Identify'
ptd-server 2022-07-24 01:37:28,756 [INFO] Reply from ptd: 'YokogawaWT310E,1000,1,1,1,1,0,1,1,version=1.9.2-e8c7a49a-20201208,OS=Linux 5.13.0-52-generic #59~20.04.1-Ubuntu SMP Thu Jun 16 21:21:28 UTC 2022 x86_64,mode=power,1,1,1,0,0,no_cal_date,YOKOGAWA;WT310E;C3XA04010E;F1.04'
ptd-server 2022-07-24 01:37:28,756 [INFO] Connected to PTDaemon
ptd-server 2022-07-24 01:37:28,756 [INFO] Sending to ptd: 'RR'
ptd-server 2022-07-24 01:37:28,756 [INFO] Reply from ptd: 'Ranges,0,0.500000,1,300.000000'
ptd-server 2022-07-24 01:37:28,756 [INFO] Initial range for Amps is 0.500000 for Volts is Auto
ptd-server 2022-07-24 01:37:28,756 [INFO] Sending to ptd: 'SR,V,Auto'
ptd-server 2022-07-24 01:37:29,259 [INFO] Reply from ptd: 'Range V changed'
ptd-server 2022-07-24 01:37:29,259 [INFO] Sending to ptd: 'SR,A,Auto'
ptd-server 2022-07-24 01:37:29,762 [INFO] Reply from ptd: 'Range A changed'
ptd-server 2022-07-24 01:37:39,772 [INFO] Starting ranging mode
ptd-server 2022-07-24 01:37:39,772 [INFO] Sending to ptd: 'Go,1000,0,2022-07-24_01-37-11_ranging'
ptd-server 2022-07-24 01:37:39,772 [INFO] Reply from ptd: 'Starting untimed measurement, maximum 500000 samples at 1000ms with 0 rampup samples'
ptd-server 2022-07-24 01:37:39,773 [INFO] Sending reply to client 'OK'
ptd-server 2022-07-24 01:47:58,869 [INFO] Got command from the client 'session,2022-07-24_01-37-11,stop,ranging'
ptd-server 2022-07-24 01:48:08,880 [INFO] Sending to ptd: 'Stop'
ptd-server 2022-07-24 01:48:08,880 [INFO] Reply from ptd: 'Stopping untimed measurement'
ptd-server 2022-07-24 01:48:09,514 [INFO] Sending reply to client 'OK'
ptd-server 2022-07-24 01:48:09,558 [INFO] Got command from the client 'time'
ptd-server 2022-07-24 01:48:09,558 [INFO] Sending reply to client '1658623689.5585768'
ptd-server 2022-07-24 01:48:09,559 [INFO] Got command from the client 'session,2022-07-24_01-37-11,start,testing'
ptd-server 2022-07-24 01:48:09,559 [INFO] Sending to ptd: 'SR,V,249.870000'
ptd-server 2022-07-24 01:48:11,275 [INFO] Reply from ptd: 'Range V changed'
ptd-server 2022-07-24 01:48:11,275 [INFO] Sending to ptd: 'SR,A,0.050140'
ptd-server 2022-07-24 01:48:12,776 [INFO] Reply from ptd: 'Range A changed'
ptd-server 2022-07-24 01:48:22,787 [INFO] Starting testing mode
ptd-server 2022-07-24 01:48:22,787 [INFO] Sending to ptd: 'Go,1000,0,2022-07-24_01-37-11_testing'
ptd-server 2022-07-24 01:48:22,787 [INFO] Reply from ptd: 'Starting untimed measurement, maximum 500000 samples at 1000ms with 0 rampup samples'
ptd-server 2022-07-24 01:48:22,788 [INFO] Sending reply to client 'OK'
ptd-server 2022-07-24 01:58:41,844 [INFO] Got command from the client 'session,2022-07-24_01-37-11,stop,testing'
ptd-server 2022-07-24 01:58:51,854 [INFO] Sending to ptd: 'Stop'
ptd-server 2022-07-24 01:58:51,855 [INFO] Reply from ptd: 'Stopping untimed measurement'
ptd-server 2022-07-24 01:58:52,186 [INFO] Sending reply to client 'OK'
ptd-server 2022-07-24 01:58:52,194 [INFO] Got command from the client 'session,2022-07-24_01-37-11,done'
ptd-server 2022-07-24 01:58:52,194 [INFO] Sending to ptd: 'Stop'
ptd-server 2022-07-24 01:58:52,788 [INFO] Reply from ptd: 'Error: no measurement to stop'
ptd-server 2022-07-24 01:58:52,788 [INFO] Sending to ptd: 'SR,V,Auto'
ptd-server 2022-07-24 01:58:53,291 [INFO] Reply from ptd: 'Range V changed'
ptd-server 2022-07-24 01:58:53,291 [INFO] Sending to ptd: 'SR,A,0.500000'
ptd-server 2022-07-24 01:58:54,792 [INFO] Reply from ptd: 'Range A changed'
ptd-server 2022-07-24 01:58:54,792 [INFO] Set initial values for Amps 0.500000 and Volts Auto
ptd-server 2022-07-24 01:58:54,792 [INFO] Stopping ptd...
