ptd-server 2022-08-04 11:06:56,353 [INFO] Got command from the client 'time'
ptd-server 2022-08-04 11:06:56,353 [INFO] Sending reply to client '1659629216.3537693'
ptd-server 2022-08-04 11:06:56,356 [INFO] Got command from the client 'new,,33526117-d211-46e4-96f9-5194b92985ba'
ptd-server 2022-08-04 11:06:56,356 [INFO] Sending reply to client 'OK 2022-08-04_11-06-56,33dcbd52-ad5a-4cee-b91b-96ae87fe5291'
ptd-server 2022-08-04 11:06:56,464 [INFO] Got command from the client 'time'
ptd-server 2022-08-04 11:06:56,464 [INFO] Sending reply to client '1659629216.4645016'
ptd-server 2022-08-04 11:06:56,466 [INFO] Got command from the client 'session,2022-08-04_11-06-56,start,ranging'
ptd-server 2022-08-04 11:06:56,467 [INFO] Running PTDaemon: ['/local/mnt/workspace/mlcommons/power-main/inference_v1.0/ptd-linux-x86', '-l', '/tmp/tmpl8t2s5ku/ptd_logfile.txt', '-p', '8888', '-c', '1', '52', '/dev/usbtmc0']
ptd-server 2022-08-04 11:07:13,589 [INFO] Sending to ptd: 'Hello'
ptd-server 2022-08-04 11:07:13,590 [INFO] Reply from ptd: 'Hello, PTDaemon here!'
ptd-server 2022-08-04 11:07:13,590 [INFO] Sending to ptd: 'Identify'
ptd-server 2022-08-04 11:07:13,591 [INFO] Reply from ptd: 'YokogawaWT330,1000,1,1,1,1,0,0,1,version=1.9.2-e8c7a49a-20201208,OS=Linux 5.4.0-120-generic #136~18.04.1-Ubuntu SMP Fri Jun 10 18:00:44 UTC 2022 x86_64,mode=power,1,1,1,0,0,no_cal_date,YOKOGAWA;WT333;C2QH26002V;F1.06'
ptd-server 2022-08-04 11:07:13,591 [INFO] Connected to PTDaemon
ptd-server 2022-08-04 11:07:13,591 [INFO] Sending to ptd: 'RR'
ptd-server 2022-08-04 11:07:13,591 [INFO] Reply from ptd: 'Ranges,1,0.500000,1,150.000000'
ptd-server 2022-08-04 11:07:13,592 [INFO] Initial range for Amps is Auto for Volts is Auto
ptd-server 2022-08-04 11:07:13,592 [INFO] Sending to ptd: 'SR,V,Auto'
ptd-server 2022-08-04 11:07:14,095 [INFO] Reply from ptd: 'Range V changed'
ptd-server 2022-08-04 11:07:14,095 [INFO] Sending to ptd: 'SR,A,Auto'
ptd-server 2022-08-04 11:07:14,598 [INFO] Reply from ptd: 'Range A changed'
ptd-server 2022-08-04 11:07:24,609 [INFO] Starting ranging mode
ptd-server 2022-08-04 11:07:24,609 [INFO] Sending to ptd: 'Go,1000,0,2022-08-04_11-06-56_ranging'
ptd-server 2022-08-04 11:07:24,609 [INFO] Reply from ptd: 'Starting untimed measurement, maximum 500000 samples at 1000ms with 0 rampup samples'
ptd-server 2022-08-04 11:07:24,610 [INFO] Sending reply to client 'OK'
ptd-server 2022-08-04 11:17:50,900 [INFO] Got command from the client 'session,2022-08-04_11-06-56,stop,ranging'
ptd-server 2022-08-04 11:18:00,911 [INFO] Sending to ptd: 'Stop'
ptd-server 2022-08-04 11:18:00,912 [INFO] Reply from ptd: 'Stopping untimed measurement'
ptd-server 2022-08-04 11:18:00,995 [INFO] Sending reply to client 'OK'
ptd-server 2022-08-04 11:18:01,111 [INFO] Got command from the client 'time'
ptd-server 2022-08-04 11:18:01,111 [INFO] Sending reply to client '1659629881.1115391'
ptd-server 2022-08-04 11:18:01,114 [INFO] Got command from the client 'session,2022-08-04_11-06-56,start,testing'
ptd-server 2022-08-04 11:18:01,115 [INFO] Sending to ptd: 'SR,V,119.790000'
ptd-server 2022-08-04 11:18:03,112 [INFO] Reply from ptd: 'Range V changed'
ptd-server 2022-08-04 11:18:03,112 [INFO] Sending to ptd: 'SR,A,0.228520'
ptd-server 2022-08-04 11:18:04,614 [INFO] Reply from ptd: 'Range A changed'
ptd-server 2022-08-04 11:18:14,622 [INFO] Starting testing mode
ptd-server 2022-08-04 11:18:14,622 [INFO] Sending to ptd: 'Go,1000,0,2022-08-04_11-06-56_testing'
ptd-server 2022-08-04 11:18:14,623 [INFO] Reply from ptd: 'Starting untimed measurement, maximum 500000 samples at 1000ms with 0 rampup samples'
ptd-server 2022-08-04 11:18:14,623 [INFO] Sending reply to client 'OK'
ptd-server 2022-08-04 11:28:46,706 [INFO] Got command from the client 'session,2022-08-04_11-06-56,stop,testing'
ptd-server 2022-08-04 11:28:56,714 [INFO] Sending to ptd: 'Stop'
ptd-server 2022-08-04 11:28:56,714 [INFO] Reply from ptd: 'Stopping untimed measurement'
ptd-server 2022-08-04 11:28:56,760 [INFO] Sending reply to client 'OK'
ptd-server 2022-08-04 11:28:56,800 [INFO] Got command from the client 'session,2022-08-04_11-06-56,done'
ptd-server 2022-08-04 11:28:56,800 [INFO] Sending to ptd: 'Stop'
ptd-server 2022-08-04 11:28:57,623 [INFO] Reply from ptd: 'Error: no measurement to stop'
ptd-server 2022-08-04 11:28:57,623 [INFO] Sending to ptd: 'SR,V,Auto'
ptd-server 2022-08-04 11:28:58,126 [INFO] Reply from ptd: 'Range V changed'
ptd-server 2022-08-04 11:28:58,127 [INFO] Sending to ptd: 'SR,A,Auto'
ptd-server 2022-08-04 11:28:58,630 [INFO] Reply from ptd: 'Range A changed'
ptd-server 2022-08-04 11:28:58,630 [INFO] Set initial values for Amps Auto and Volts Auto
ptd-server 2022-08-04 11:28:58,630 [INFO] Stopping ptd...
