ptd-server 2022-07-26 03:44:57,485 [INFO] Got command from the client 'time'
ptd-server 2022-07-26 03:44:57,485 [INFO] Sending reply to client '1658803497.4854496'
ptd-server 2022-07-26 03:44:57,486 [INFO] Got command from the client 'new,,ba30c6c1-bddd-4fbc-972f-eb067e750af8'
ptd-server 2022-07-26 03:44:57,487 [INFO] Sending reply to client 'OK 2022-07-26_03-44-57,6967fbf0-8531-4f81-b236-c5f3bd0002ed'
ptd-server 2022-07-26 03:44:57,517 [INFO] Got command from the client 'time'
ptd-server 2022-07-26 03:44:57,517 [INFO] Sending reply to client '1658803497.5176'
ptd-server 2022-07-26 03:44:57,518 [INFO] Got command from the client 'session,2022-07-26_03-44-57,start,ranging'
ptd-server 2022-07-26 03:44:57,518 [INFO] Running PTDaemon: ['/home/anton/projects/mlperf/power/inference_v1.0/ptd-linux-x86', '-l', '/tmp/tmp7lgbo8s4/ptd_logfile.txt', '-p', '8888', '49', '/dev/usbtmc0']
ptd-server 2022-07-26 03:45:14,693 [INFO] Sending to ptd: 'Hello'
ptd-server 2022-07-26 03:45:14,694 [INFO] Reply from ptd: 'Hello, PTDaemon here!'
ptd-server 2022-07-26 03:45:14,694 [INFO] Sending to ptd: 'Identify'
ptd-server 2022-07-26 03:45:14,694 [INFO] Reply from ptd: 'YokogawaWT310E,1000,1,1,1,1,0,1,1,version=1.9.2-e8c7a49a-20201208,OS=Linux 5.13.0-52-generic #59~20.04.1-Ubuntu SMP Thu Jun 16 21:21:28 UTC 2022 x86_64,mode=power,1,1,1,0,0,no_cal_date,YOKOGAWA;WT310E;C3XA04010E;F1.04'
ptd-server 2022-07-26 03:45:14,695 [INFO] Connected to PTDaemon
ptd-server 2022-07-26 03:45:14,695 [INFO] Sending to ptd: 'RR'
ptd-server 2022-07-26 03:45:14,695 [INFO] Reply from ptd: 'Ranges,0,0.500000,1,300.000000'
ptd-server 2022-07-26 03:45:14,695 [INFO] Initial range for Amps is 0.500000 for Volts is Auto
ptd-server 2022-07-26 03:45:14,695 [INFO] Sending to ptd: 'SR,V,Auto'
ptd-server 2022-07-26 03:45:15,198 [INFO] Reply from ptd: 'Range V changed'
ptd-server 2022-07-26 03:45:15,198 [INFO] Sending to ptd: 'SR,A,Auto'
ptd-server 2022-07-26 03:45:15,700 [INFO] Reply from ptd: 'Range A changed'
ptd-server 2022-07-26 03:45:25,707 [INFO] Starting ranging mode
ptd-server 2022-07-26 03:45:25,707 [INFO] Sending to ptd: 'Go,1000,0,2022-07-26_03-44-57_ranging'
ptd-server 2022-07-26 03:45:25,708 [INFO] Reply from ptd: 'Starting untimed measurement, maximum 500000 samples at 1000ms with 0 rampup samples'
ptd-server 2022-07-26 03:45:25,708 [INFO] Sending reply to client 'OK'
ptd-server 2022-07-26 03:55:45,144 [INFO] Got command from the client 'session,2022-07-26_03-44-57,stop,ranging'
ptd-server 2022-07-26 03:55:55,154 [INFO] Sending to ptd: 'Stop'
ptd-server 2022-07-26 03:55:55,155 [INFO] Reply from ptd: 'Stopping untimed measurement'
ptd-server 2022-07-26 03:55:55,981 [INFO] Sending reply to client 'OK'
ptd-server 2022-07-26 03:55:56,022 [INFO] Got command from the client 'time'
ptd-server 2022-07-26 03:55:56,022 [INFO] Sending reply to client '1658804156.0229414'
ptd-server 2022-07-26 03:55:56,024 [INFO] Got command from the client 'session,2022-07-26_03-44-57,start,testing'
ptd-server 2022-07-26 03:55:56,024 [INFO] Sending to ptd: 'SR,V,252.620000'
ptd-server 2022-07-26 03:55:57,525 [INFO] Reply from ptd: 'Range V changed'
ptd-server 2022-07-26 03:55:57,525 [INFO] Sending to ptd: 'SR,A,0.051090'
ptd-server 2022-07-26 03:55:59,027 [INFO] Reply from ptd: 'Range A changed'
ptd-server 2022-07-26 03:56:09,037 [INFO] Starting testing mode
ptd-server 2022-07-26 03:56:09,037 [INFO] Sending to ptd: 'Go,1000,0,2022-07-26_03-44-57_testing'
ptd-server 2022-07-26 03:56:09,038 [INFO] Reply from ptd: 'Starting untimed measurement, maximum 500000 samples at 1000ms with 0 rampup samples'
ptd-server 2022-07-26 03:56:09,038 [INFO] Sending reply to client 'OK'
ptd-server 2022-07-26 04:06:28,501 [INFO] Got command from the client 'session,2022-07-26_03-44-57,stop,testing'
ptd-server 2022-07-26 04:06:38,511 [INFO] Sending to ptd: 'Stop'
ptd-server 2022-07-26 04:06:38,511 [INFO] Reply from ptd: 'Stopping untimed measurement'
ptd-server 2022-07-26 04:06:38,942 [INFO] Sending reply to client 'OK'
ptd-server 2022-07-26 04:06:38,950 [INFO] Got command from the client 'session,2022-07-26_03-44-57,done'
ptd-server 2022-07-26 04:06:38,950 [INFO] Sending to ptd: 'Stop'
ptd-server 2022-07-26 04:06:39,039 [INFO] Reply from ptd: 'Error: no measurement to stop'
ptd-server 2022-07-26 04:06:39,039 [INFO] Sending to ptd: 'SR,V,Auto'
ptd-server 2022-07-26 04:06:39,541 [INFO] Reply from ptd: 'Range V changed'
ptd-server 2022-07-26 04:06:39,541 [INFO] Sending to ptd: 'SR,A,0.500000'
ptd-server 2022-07-26 04:06:41,043 [INFO] Reply from ptd: 'Range A changed'
ptd-server 2022-07-26 04:06:41,043 [INFO] Set initial values for Amps 0.500000 and Volts Auto
ptd-server 2022-07-26 04:06:41,043 [INFO] Stopping ptd...
