ptd-server 2022-07-24 14:53:28,274 [INFO] Got command from the client 'time'
ptd-server 2022-07-24 14:53:28,274 [INFO] Sending reply to client '1658670808.2741668'
ptd-server 2022-07-24 14:53:28,275 [INFO] Got command from the client 'new,,8f432adf-348f-4685-843d-9d6e3a772637'
ptd-server 2022-07-24 14:53:28,275 [INFO] Sending reply to client 'OK 2022-07-24_14-53-28,c8cac714-dccc-429e-98f0-1e45ab6436ec'
ptd-server 2022-07-24 14:53:28,314 [INFO] Got command from the client 'time'
ptd-server 2022-07-24 14:53:28,314 [INFO] Sending reply to client '1658670808.3141916'
ptd-server 2022-07-24 14:53:28,315 [INFO] Got command from the client 'session,2022-07-24_14-53-28,start,ranging'
ptd-server 2022-07-24 14:53:28,315 [INFO] Running PTDaemon: ['/home/anton/projects/mlperf/power/inference_v1.0/ptd-linux-x86', '-l', '/tmp/tmp7lgbo8s4/ptd_logfile.txt', '-p', '8888', '49', '/dev/usbtmc0']
ptd-server 2022-07-24 14:53:45,489 [INFO] Sending to ptd: 'Hello'
ptd-server 2022-07-24 14:53:45,490 [INFO] Reply from ptd: 'Hello, PTDaemon here!'
ptd-server 2022-07-24 14:53:45,490 [INFO] Sending to ptd: 'Identify'
ptd-server 2022-07-24 14:53:45,490 [INFO] Reply from ptd: 'YokogawaWT310E,1000,1,1,1,1,0,1,1,version=1.9.2-e8c7a49a-20201208,OS=Linux 5.13.0-52-generic #59~20.04.1-Ubuntu SMP Thu Jun 16 21:21:28 UTC 2022 x86_64,mode=power,1,1,1,0,0,no_cal_date,YOKOGAWA;WT310E;C3XA04010E;F1.04'
ptd-server 2022-07-24 14:53:45,490 [INFO] Connected to PTDaemon
ptd-server 2022-07-24 14:53:45,490 [INFO] Sending to ptd: 'RR'
ptd-server 2022-07-24 14:53:45,491 [INFO] Reply from ptd: 'Ranges,0,0.500000,1,300.000000'
ptd-server 2022-07-24 14:53:45,491 [INFO] Initial range for Amps is 0.500000 for Volts is Auto
ptd-server 2022-07-24 14:53:45,491 [INFO] Sending to ptd: 'SR,V,Auto'
ptd-server 2022-07-24 14:53:45,994 [INFO] Reply from ptd: 'Range V changed'
ptd-server 2022-07-24 14:53:45,994 [INFO] Sending to ptd: 'SR,A,Auto'
ptd-server 2022-07-24 14:53:46,496 [INFO] Reply from ptd: 'Range A changed'
ptd-server 2022-07-24 14:53:56,506 [INFO] Starting ranging mode
ptd-server 2022-07-24 14:53:56,507 [INFO] Sending to ptd: 'Go,1000,0,2022-07-24_14-53-28_ranging'
ptd-server 2022-07-24 14:53:56,507 [INFO] Reply from ptd: 'Starting untimed measurement, maximum 500000 samples at 1000ms with 0 rampup samples'
ptd-server 2022-07-24 14:53:56,507 [INFO] Sending reply to client 'OK'
ptd-server 2022-07-24 15:04:18,088 [INFO] Got command from the client 'session,2022-07-24_14-53-28,stop,ranging'
ptd-server 2022-07-24 15:04:28,098 [INFO] Sending to ptd: 'Stop'
ptd-server 2022-07-24 15:04:28,099 [INFO] Reply from ptd: 'Stopping untimed measurement'
ptd-server 2022-07-24 15:04:28,801 [INFO] Sending reply to client 'OK'
ptd-server 2022-07-24 15:04:28,844 [INFO] Got command from the client 'time'
ptd-server 2022-07-24 15:04:28,845 [INFO] Sending reply to client '1658671468.845023'
ptd-server 2022-07-24 15:04:28,845 [INFO] Got command from the client 'session,2022-07-24_14-53-28,start,testing'
ptd-server 2022-07-24 15:04:28,846 [INFO] Sending to ptd: 'SR,V,251.330000'
ptd-server 2022-07-24 15:04:30,347 [INFO] Reply from ptd: 'Range V changed'
ptd-server 2022-07-24 15:04:30,347 [INFO] Sending to ptd: 'SR,A,0.050040'
ptd-server 2022-07-24 15:04:31,849 [INFO] Reply from ptd: 'Range A changed'
ptd-server 2022-07-24 15:04:41,859 [INFO] Starting testing mode
ptd-server 2022-07-24 15:04:41,859 [INFO] Sending to ptd: 'Go,1000,0,2022-07-24_14-53-28_testing'
ptd-server 2022-07-24 15:04:41,859 [INFO] Reply from ptd: 'Starting untimed measurement, maximum 500000 samples at 1000ms with 0 rampup samples'
ptd-server 2022-07-24 15:04:41,860 [INFO] Sending reply to client 'OK'
ptd-server 2022-07-24 15:15:03,371 [INFO] Got command from the client 'session,2022-07-24_14-53-28,stop,testing'
ptd-server 2022-07-24 15:15:13,381 [INFO] Sending to ptd: 'Stop'
ptd-server 2022-07-24 15:15:13,382 [INFO] Reply from ptd: 'Stopping untimed measurement'
ptd-server 2022-07-24 15:15:13,745 [INFO] Sending reply to client 'OK'
ptd-server 2022-07-24 15:15:13,753 [INFO] Got command from the client 'session,2022-07-24_14-53-28,done'
ptd-server 2022-07-24 15:15:13,753 [INFO] Sending to ptd: 'Stop'
ptd-server 2022-07-24 15:15:13,860 [INFO] Reply from ptd: 'Error: no measurement to stop'
ptd-server 2022-07-24 15:15:13,860 [INFO] Sending to ptd: 'SR,V,Auto'
ptd-server 2022-07-24 15:15:14,363 [INFO] Reply from ptd: 'Range V changed'
ptd-server 2022-07-24 15:15:14,363 [INFO] Sending to ptd: 'SR,A,0.500000'
ptd-server 2022-07-24 15:15:15,865 [INFO] Reply from ptd: 'Range A changed'
ptd-server 2022-07-24 15:15:15,865 [INFO] Set initial values for Amps 0.500000 and Volts Auto
ptd-server 2022-07-24 15:15:15,865 [INFO] Stopping ptd...
