ptd-server 2022-07-31 06:53:47,960 [INFO] Got command from the client 'time'
ptd-server 2022-07-31 06:53:47,960 [INFO] Sending reply to client '1659246827.960854'
ptd-server 2022-07-31 06:53:47,961 [INFO] Got command from the client 'new,,f203c1ac-8e55-49ac-a5b5-6f2f335303d8'
ptd-server 2022-07-31 06:53:47,962 [INFO] Sending reply to client 'OK 2022-07-31_06-53-47,75a4d1fb-1082-472a-b027-dcf0eb024d3a'
ptd-server 2022-07-31 06:53:47,989 [INFO] Got command from the client 'time'
ptd-server 2022-07-31 06:53:47,990 [INFO] Sending reply to client '1659246827.9900515'
ptd-server 2022-07-31 06:53:47,991 [INFO] Got command from the client 'session,2022-07-31_06-53-47,start,ranging'
ptd-server 2022-07-31 06:53:47,991 [INFO] Running PTDaemon: ['/home/anton/projects/mlperf/power/inference_v1.0/ptd-linux-x86', '-l', '/tmp/tmp7lgbo8s4/ptd_logfile.txt', '-p', '8888', '49', '/dev/usbtmc0']
ptd-server 2022-07-31 06:54:05,165 [INFO] Sending to ptd: 'Hello'
ptd-server 2022-07-31 06:54:05,165 [INFO] Reply from ptd: 'Hello, PTDaemon here!'
ptd-server 2022-07-31 06:54:05,165 [INFO] Sending to ptd: 'Identify'
ptd-server 2022-07-31 06:54:05,166 [INFO] Reply from ptd: 'YokogawaWT310E,1000,1,1,1,1,0,1,1,version=1.9.2-e8c7a49a-20201208,OS=Linux 5.13.0-52-generic #59~20.04.1-Ubuntu SMP Thu Jun 16 21:21:28 UTC 2022 x86_64,mode=power,1,1,1,0,0,no_cal_date,YOKOGAWA;WT310E;C3XA04010E;F1.04'
ptd-server 2022-07-31 06:54:05,166 [INFO] Connected to PTDaemon
ptd-server 2022-07-31 06:54:05,166 [INFO] Sending to ptd: 'RR'
ptd-server 2022-07-31 06:54:05,166 [INFO] Reply from ptd: 'Ranges,0,0.500000,1,300.000000'
ptd-server 2022-07-31 06:54:05,166 [INFO] Initial range for Amps is 0.500000 for Volts is Auto
ptd-server 2022-07-31 06:54:05,166 [INFO] Sending to ptd: 'SR,V,Auto'
ptd-server 2022-07-31 06:54:05,668 [INFO] Reply from ptd: 'Range V changed'
ptd-server 2022-07-31 06:54:05,669 [INFO] Sending to ptd: 'SR,A,Auto'
ptd-server 2022-07-31 06:54:06,171 [INFO] Reply from ptd: 'Range A changed'
ptd-server 2022-07-31 06:54:16,181 [INFO] Starting ranging mode
ptd-server 2022-07-31 06:54:16,181 [INFO] Sending to ptd: 'Go,1000,0,2022-07-31_06-53-47_ranging'
ptd-server 2022-07-31 06:54:16,182 [INFO] Reply from ptd: 'Starting untimed measurement, maximum 500000 samples at 1000ms with 0 rampup samples'
ptd-server 2022-07-31 06:54:16,182 [INFO] Sending reply to client 'OK'
ptd-server 2022-07-31 07:04:31,774 [INFO] Got command from the client 'session,2022-07-31_06-53-47,stop,ranging'
ptd-server 2022-07-31 07:04:41,784 [INFO] Sending to ptd: 'Stop'
ptd-server 2022-07-31 07:04:41,785 [INFO] Reply from ptd: 'Stopping untimed measurement'
ptd-server 2022-07-31 07:04:43,059 [INFO] Sending reply to client 'OK'
ptd-server 2022-07-31 07:04:43,107 [INFO] Got command from the client 'time'
ptd-server 2022-07-31 07:04:43,108 [INFO] Sending reply to client '1659247483.1080763'
ptd-server 2022-07-31 07:04:43,109 [INFO] Got command from the client 'session,2022-07-31_06-53-47,start,testing'
ptd-server 2022-07-31 07:04:43,109 [INFO] Sending to ptd: 'SR,V,250.070000'
ptd-server 2022-07-31 07:04:44,611 [INFO] Reply from ptd: 'Range V changed'
ptd-server 2022-07-31 07:04:44,611 [INFO] Sending to ptd: 'SR,A,0.235780'
ptd-server 2022-07-31 07:04:46,112 [INFO] Reply from ptd: 'Range A changed'
ptd-server 2022-07-31 07:04:56,122 [INFO] Starting testing mode
ptd-server 2022-07-31 07:04:56,123 [INFO] Sending to ptd: 'Go,1000,0,2022-07-31_06-53-47_testing'
ptd-server 2022-07-31 07:04:56,123 [INFO] Reply from ptd: 'Starting untimed measurement, maximum 500000 samples at 1000ms with 0 rampup samples'
ptd-server 2022-07-31 07:04:56,123 [INFO] Sending reply to client 'OK'
ptd-server 2022-07-31 07:15:07,518 [INFO] Got command from the client 'session,2022-07-31_06-53-47,stop,testing'
ptd-server 2022-07-31 07:15:17,529 [INFO] Sending to ptd: 'Stop'
ptd-server 2022-07-31 07:15:17,529 [INFO] Reply from ptd: 'Stopping untimed measurement'
ptd-server 2022-07-31 07:15:18,170 [INFO] Sending reply to client 'OK'
ptd-server 2022-07-31 07:15:18,192 [INFO] Got command from the client 'session,2022-07-31_06-53-47,done'
ptd-server 2022-07-31 07:15:18,192 [INFO] Sending to ptd: 'Stop'
ptd-server 2022-07-31 07:15:18,193 [INFO] Reply from ptd: 'Error: no measurement to stop'
ptd-server 2022-07-31 07:15:18,193 [INFO] Sending to ptd: 'SR,V,Auto'
ptd-server 2022-07-31 07:15:18,695 [INFO] Reply from ptd: 'Range V changed'
ptd-server 2022-07-31 07:15:18,695 [INFO] Sending to ptd: 'SR,A,0.500000'
ptd-server 2022-07-31 07:15:20,197 [INFO] Reply from ptd: 'Range A changed'
ptd-server 2022-07-31 07:15:20,197 [INFO] Set initial values for Amps 0.500000 and Volts Auto
ptd-server 2022-07-31 07:15:20,197 [INFO] Stopping ptd...
