ptd-server 2022-07-28 00:00:15,733 [INFO] Got command from the client 'time'
ptd-server 2022-07-28 00:00:15,733 [INFO] Sending reply to client '1658962815.7333407'
ptd-server 2022-07-28 00:00:15,737 [INFO] Got command from the client 'new,,315b9aa0-5677-4050-b474-a38d8332422b'
ptd-server 2022-07-28 00:00:15,738 [INFO] Sending reply to client 'OK 2022-07-28_00-00-15,3febb9cc-65a9-4da8-add3-72c08f6e6b7e'
ptd-server 2022-07-28 00:00:15,779 [INFO] Got command from the client 'time'
ptd-server 2022-07-28 00:00:15,779 [INFO] Sending reply to client '1658962815.7794087'
ptd-server 2022-07-28 00:00:15,784 [INFO] Got command from the client 'session,2022-07-28_00-00-15,start,ranging'
ptd-server 2022-07-28 00:00:15,784 [INFO] Running PTDaemon: ['/home/anton/projects/mlperf/power/inference_v1.0/ptd-linux-x86', '-l', '/tmp/tmp7lgbo8s4/ptd_logfile.txt', '-p', '8888', '49', '/dev/usbtmc0']
ptd-server 2022-07-28 00:00:32,959 [INFO] Sending to ptd: 'Hello'
ptd-server 2022-07-28 00:00:32,960 [INFO] Reply from ptd: 'Hello, PTDaemon here!'
ptd-server 2022-07-28 00:00:32,960 [INFO] Sending to ptd: 'Identify'
ptd-server 2022-07-28 00:00:32,961 [INFO] Reply from ptd: 'YokogawaWT310E,1000,1,1,1,1,0,1,1,version=1.9.2-e8c7a49a-20201208,OS=Linux 5.13.0-52-generic #59~20.04.1-Ubuntu SMP Thu Jun 16 21:21:28 UTC 2022 x86_64,mode=power,1,1,1,0,0,no_cal_date,YOKOGAWA;WT310E;C3XA04010E;F1.04'
ptd-server 2022-07-28 00:00:32,961 [INFO] Connected to PTDaemon
ptd-server 2022-07-28 00:00:32,961 [INFO] Sending to ptd: 'RR'
ptd-server 2022-07-28 00:00:32,962 [INFO] Reply from ptd: 'Ranges,0,0.500000,1,300.000000'
ptd-server 2022-07-28 00:00:32,962 [INFO] Initial range for Amps is 0.500000 for Volts is Auto
ptd-server 2022-07-28 00:00:32,962 [INFO] Sending to ptd: 'SR,V,Auto'
ptd-server 2022-07-28 00:00:33,464 [INFO] Reply from ptd: 'Range V changed'
ptd-server 2022-07-28 00:00:33,465 [INFO] Sending to ptd: 'SR,A,Auto'
ptd-server 2022-07-28 00:00:33,967 [INFO] Reply from ptd: 'Range A changed'
ptd-server 2022-07-28 00:00:43,977 [INFO] Starting ranging mode
ptd-server 2022-07-28 00:00:43,978 [INFO] Sending to ptd: 'Go,1000,0,2022-07-28_00-00-15_ranging'
ptd-server 2022-07-28 00:00:43,978 [INFO] Reply from ptd: 'Starting untimed measurement, maximum 500000 samples at 1000ms with 0 rampup samples'
ptd-server 2022-07-28 00:00:43,978 [INFO] Sending reply to client 'OK'
ptd-server 2022-07-28 00:10:59,162 [INFO] Got command from the client 'session,2022-07-28_00-00-15,stop,ranging'
ptd-server 2022-07-28 00:11:09,172 [INFO] Sending to ptd: 'Stop'
ptd-server 2022-07-28 00:11:09,172 [INFO] Reply from ptd: 'Stopping untimed measurement'
ptd-server 2022-07-28 00:11:10,189 [INFO] Sending reply to client 'OK'
ptd-server 2022-07-28 00:11:10,307 [INFO] Got command from the client 'time'
ptd-server 2022-07-28 00:11:10,307 [INFO] Sending reply to client '1658963470.307607'
ptd-server 2022-07-28 00:11:10,313 [INFO] Got command from the client 'session,2022-07-28_00-00-15,start,testing'
ptd-server 2022-07-28 00:11:10,314 [INFO] Sending to ptd: 'SR,V,251.860000'
ptd-server 2022-07-28 00:11:11,815 [INFO] Reply from ptd: 'Range V changed'
ptd-server 2022-07-28 00:11:11,815 [INFO] Sending to ptd: 'SR,A,0.056430'
ptd-server 2022-07-28 00:11:13,317 [INFO] Reply from ptd: 'Range A changed'
ptd-server 2022-07-28 00:11:23,327 [INFO] Starting testing mode
ptd-server 2022-07-28 00:11:23,327 [INFO] Sending to ptd: 'Go,1000,0,2022-07-28_00-00-15_testing'
ptd-server 2022-07-28 00:11:23,328 [INFO] Reply from ptd: 'Starting untimed measurement, maximum 500000 samples at 1000ms with 0 rampup samples'
ptd-server 2022-07-28 00:11:23,328 [INFO] Sending reply to client 'OK'
ptd-server 2022-07-28 00:21:38,784 [INFO] Got command from the client 'session,2022-07-28_00-00-15,stop,testing'
ptd-server 2022-07-28 00:21:48,795 [INFO] Sending to ptd: 'Stop'
ptd-server 2022-07-28 00:21:48,795 [INFO] Reply from ptd: 'Stopping untimed measurement'
ptd-server 2022-07-28 00:21:49,306 [INFO] Sending reply to client 'OK'
ptd-server 2022-07-28 00:21:49,421 [INFO] Got command from the client 'session,2022-07-28_00-00-15,done'
ptd-server 2022-07-28 00:21:49,421 [INFO] Sending to ptd: 'Stop'
ptd-server 2022-07-28 00:21:49,422 [INFO] Reply from ptd: 'Error: no measurement to stop'
ptd-server 2022-07-28 00:21:49,422 [INFO] Sending to ptd: 'SR,V,Auto'
ptd-server 2022-07-28 00:21:49,924 [INFO] Reply from ptd: 'Range V changed'
ptd-server 2022-07-28 00:21:49,924 [INFO] Sending to ptd: 'SR,A,0.500000'
ptd-server 2022-07-28 00:21:51,426 [INFO] Reply from ptd: 'Range A changed'
ptd-server 2022-07-28 00:21:51,426 [INFO] Set initial values for Amps 0.500000 and Volts Auto
ptd-server 2022-07-28 00:21:51,426 [INFO] Stopping ptd...
