ptd-server 2022-07-23 13:47:32,130 [INFO] Got command from the client 'time'
ptd-server 2022-07-23 13:47:32,131 [INFO] Sending reply to client '1658580452.1309974'
ptd-server 2022-07-23 13:47:32,132 [INFO] Got command from the client 'new,,5f0134e4-1949-4a47-ba6a-e765cbf37441'
ptd-server 2022-07-23 13:47:32,132 [INFO] Sending reply to client 'OK 2022-07-23_13-47-32,f9839cb5-bf1c-460e-a524-21891485f0cf'
ptd-server 2022-07-23 13:47:32,168 [INFO] Got command from the client 'time'
ptd-server 2022-07-23 13:47:32,168 [INFO] Sending reply to client '1658580452.1683424'
ptd-server 2022-07-23 13:47:32,169 [INFO] Got command from the client 'session,2022-07-23_13-47-32,start,ranging'
ptd-server 2022-07-23 13:47:32,170 [INFO] Running PTDaemon: ['/home/anton/projects/mlperf/power/inference_v1.0/ptd-linux-x86', '-l', '/tmp/tmp7lgbo8s4/ptd_logfile.txt', '-p', '8888', '49', '/dev/usbtmc0']
ptd-server 2022-07-23 13:47:49,344 [INFO] Sending to ptd: 'Hello'
ptd-server 2022-07-23 13:47:49,344 [INFO] Reply from ptd: 'Hello, PTDaemon here!'
ptd-server 2022-07-23 13:47:49,344 [INFO] Sending to ptd: 'Identify'
ptd-server 2022-07-23 13:47:49,345 [INFO] Reply from ptd: 'YokogawaWT310E,1000,1,1,1,1,0,1,1,version=1.9.2-e8c7a49a-20201208,OS=Linux 5.13.0-52-generic #59~20.04.1-Ubuntu SMP Thu Jun 16 21:21:28 UTC 2022 x86_64,mode=power,1,1,1,0,0,no_cal_date,YOKOGAWA;WT310E;C3XA04010E;F1.04'
ptd-server 2022-07-23 13:47:49,345 [INFO] Connected to PTDaemon
ptd-server 2022-07-23 13:47:49,345 [INFO] Sending to ptd: 'RR'
ptd-server 2022-07-23 13:47:49,346 [INFO] Reply from ptd: 'Ranges,0,0.500000,1,300.000000'
ptd-server 2022-07-23 13:47:49,346 [INFO] Initial range for Amps is 0.500000 for Volts is Auto
ptd-server 2022-07-23 13:47:49,346 [INFO] Sending to ptd: 'SR,V,Auto'
ptd-server 2022-07-23 13:47:49,849 [INFO] Reply from ptd: 'Range V changed'
ptd-server 2022-07-23 13:47:49,849 [INFO] Sending to ptd: 'SR,A,Auto'
ptd-server 2022-07-23 13:47:50,351 [INFO] Reply from ptd: 'Range A changed'
ptd-server 2022-07-23 13:48:00,362 [INFO] Starting ranging mode
ptd-server 2022-07-23 13:48:00,362 [INFO] Sending to ptd: 'Go,1000,0,2022-07-23_13-47-32_ranging'
ptd-server 2022-07-23 13:48:00,362 [INFO] Reply from ptd: 'Starting untimed measurement, maximum 500000 samples at 1000ms with 0 rampup samples'
ptd-server 2022-07-23 13:48:00,363 [INFO] Sending reply to client 'OK'
ptd-server 2022-07-23 13:58:16,743 [INFO] Got command from the client 'session,2022-07-23_13-47-32,stop,ranging'
ptd-server 2022-07-23 13:58:26,753 [INFO] Sending to ptd: 'Stop'
ptd-server 2022-07-23 13:58:26,753 [INFO] Reply from ptd: 'Stopping untimed measurement'
ptd-server 2022-07-23 13:58:27,315 [INFO] Sending reply to client 'OK'
ptd-server 2022-07-23 13:58:27,355 [INFO] Got command from the client 'time'
ptd-server 2022-07-23 13:58:27,356 [INFO] Sending reply to client '1658581107.3560126'
ptd-server 2022-07-23 13:58:27,357 [INFO] Got command from the client 'session,2022-07-23_13-47-32,start,testing'
ptd-server 2022-07-23 13:58:27,357 [INFO] Sending to ptd: 'SR,V,249.580000'
ptd-server 2022-07-23 13:58:28,863 [INFO] Reply from ptd: 'Range V changed'
ptd-server 2022-07-23 13:58:28,864 [INFO] Sending to ptd: 'SR,A,0.048250'
ptd-server 2022-07-23 13:58:30,365 [INFO] Reply from ptd: 'Range A changed'
ptd-server 2022-07-23 13:58:40,375 [INFO] Starting testing mode
ptd-server 2022-07-23 13:58:40,375 [INFO] Sending to ptd: 'Go,1000,0,2022-07-23_13-47-32_testing'
ptd-server 2022-07-23 13:58:40,376 [INFO] Reply from ptd: 'Starting untimed measurement, maximum 500000 samples at 1000ms with 0 rampup samples'
ptd-server 2022-07-23 13:58:40,376 [INFO] Sending reply to client 'OK'
ptd-server 2022-07-23 14:08:56,807 [INFO] Got command from the client 'session,2022-07-23_13-47-32,stop,testing'
ptd-server 2022-07-23 14:09:06,818 [INFO] Sending to ptd: 'Stop'
ptd-server 2022-07-23 14:09:06,818 [INFO] Reply from ptd: 'Stopping untimed measurement'
ptd-server 2022-07-23 14:09:07,116 [INFO] Sending reply to client 'OK'
ptd-server 2022-07-23 14:09:07,124 [INFO] Got command from the client 'session,2022-07-23_13-47-32,done'
ptd-server 2022-07-23 14:09:07,124 [INFO] Sending to ptd: 'Stop'
ptd-server 2022-07-23 14:09:07,377 [INFO] Reply from ptd: 'Error: no measurement to stop'
ptd-server 2022-07-23 14:09:07,377 [INFO] Sending to ptd: 'SR,V,Auto'
ptd-server 2022-07-23 14:09:07,880 [INFO] Reply from ptd: 'Range V changed'
ptd-server 2022-07-23 14:09:07,880 [INFO] Sending to ptd: 'SR,A,0.500000'
ptd-server 2022-07-23 14:09:09,381 [INFO] Reply from ptd: 'Range A changed'
ptd-server 2022-07-23 14:09:09,381 [INFO] Set initial values for Amps 0.500000 and Volts Auto
ptd-server 2022-07-23 14:09:09,382 [INFO] Stopping ptd...
