ptd-server 2022-07-22 03:20:45,219 [INFO] Got command from the client 'time'
ptd-server 2022-07-22 03:20:45,220 [INFO] Sending reply to client '1658456445.2201192'
ptd-server 2022-07-22 03:20:45,221 [INFO] Got command from the client 'new,,30e4a0ad-b9bb-46d9-9989-d1e6aeed11f2'
ptd-server 2022-07-22 03:20:45,221 [INFO] Sending reply to client 'OK 2022-07-22_03-20-45,e748817d-1fb6-4edd-b048-c8e5e2640a97'
ptd-server 2022-07-22 03:20:45,259 [INFO] Got command from the client 'time'
ptd-server 2022-07-22 03:20:45,260 [INFO] Sending reply to client '1658456445.2601054'
ptd-server 2022-07-22 03:20:45,261 [INFO] Got command from the client 'session,2022-07-22_03-20-45,start,ranging'
ptd-server 2022-07-22 03:20:45,261 [INFO] Running PTDaemon: ['/home/anton/projects/mlperf/power/inference_v1.0/ptd-linux-x86', '-l', '/tmp/tmp7lgbo8s4/ptd_logfile.txt', '-p', '8888', '49', '/dev/usbtmc0']
ptd-server 2022-07-22 03:21:02,435 [INFO] Sending to ptd: 'Hello'
ptd-server 2022-07-22 03:21:02,436 [INFO] Reply from ptd: 'Hello, PTDaemon here!'
ptd-server 2022-07-22 03:21:02,436 [INFO] Sending to ptd: 'Identify'
ptd-server 2022-07-22 03:21:02,437 [INFO] Reply from ptd: 'YokogawaWT310E,1000,1,1,1,1,0,1,1,version=1.9.2-e8c7a49a-20201208,OS=Linux 5.13.0-52-generic #59~20.04.1-Ubuntu SMP Thu Jun 16 21:21:28 UTC 2022 x86_64,mode=power,1,1,1,0,0,no_cal_date,YOKOGAWA;WT310E;C3XA04010E;F1.04'
ptd-server 2022-07-22 03:21:02,437 [INFO] Connected to PTDaemon
ptd-server 2022-07-22 03:21:02,437 [INFO] Sending to ptd: 'RR'
ptd-server 2022-07-22 03:21:02,437 [INFO] Reply from ptd: 'Ranges,0,0.500000,1,300.000000'
ptd-server 2022-07-22 03:21:02,437 [INFO] Initial range for Amps is 0.500000 for Volts is Auto
ptd-server 2022-07-22 03:21:02,438 [INFO] Sending to ptd: 'SR,V,Auto'
ptd-server 2022-07-22 03:21:02,940 [INFO] Reply from ptd: 'Range V changed'
ptd-server 2022-07-22 03:21:02,940 [INFO] Sending to ptd: 'SR,A,Auto'
ptd-server 2022-07-22 03:21:03,443 [INFO] Reply from ptd: 'Range A changed'
ptd-server 2022-07-22 03:21:13,453 [INFO] Starting ranging mode
ptd-server 2022-07-22 03:21:13,453 [INFO] Sending to ptd: 'Go,1000,0,2022-07-22_03-20-45_ranging'
ptd-server 2022-07-22 03:21:13,453 [INFO] Reply from ptd: 'Starting untimed measurement, maximum 500000 samples at 1000ms with 0 rampup samples'
ptd-server 2022-07-22 03:21:13,454 [INFO] Sending reply to client 'OK'
ptd-server 2022-07-22 03:31:35,666 [INFO] Got command from the client 'session,2022-07-22_03-20-45,stop,ranging'
ptd-server 2022-07-22 03:31:45,676 [INFO] Sending to ptd: 'Stop'
ptd-server 2022-07-22 03:31:45,677 [INFO] Reply from ptd: 'Stopping untimed measurement'
ptd-server 2022-07-22 03:31:46,077 [INFO] Sending reply to client 'OK'
ptd-server 2022-07-22 03:31:46,115 [INFO] Got command from the client 'time'
ptd-server 2022-07-22 03:31:46,115 [INFO] Sending reply to client '1658457106.1155431'
ptd-server 2022-07-22 03:31:46,116 [INFO] Got command from the client 'session,2022-07-22_03-20-45,start,testing'
ptd-server 2022-07-22 03:31:46,116 [INFO] Sending to ptd: 'SR,V,249.710000'
ptd-server 2022-07-22 03:31:47,955 [INFO] Reply from ptd: 'Range V changed'
ptd-server 2022-07-22 03:31:47,955 [INFO] Sending to ptd: 'SR,A,0.068520'
ptd-server 2022-07-22 03:31:49,457 [INFO] Reply from ptd: 'Range A changed'
ptd-server 2022-07-22 03:31:59,467 [INFO] Starting testing mode
ptd-server 2022-07-22 03:31:59,467 [INFO] Sending to ptd: 'Go,1000,0,2022-07-22_03-20-45_testing'
ptd-server 2022-07-22 03:31:59,468 [INFO] Reply from ptd: 'Starting untimed measurement, maximum 500000 samples at 1000ms with 0 rampup samples'
ptd-server 2022-07-22 03:31:59,468 [INFO] Sending reply to client 'OK'
ptd-server 2022-07-22 03:42:20,558 [INFO] Got command from the client 'session,2022-07-22_03-20-45,stop,testing'
ptd-server 2022-07-22 03:42:30,569 [INFO] Sending to ptd: 'Stop'
ptd-server 2022-07-22 03:42:30,569 [INFO] Reply from ptd: 'Stopping untimed measurement'
ptd-server 2022-07-22 03:42:30,782 [INFO] Sending reply to client 'OK'
ptd-server 2022-07-22 03:42:30,790 [INFO] Got command from the client 'session,2022-07-22_03-20-45,done'
ptd-server 2022-07-22 03:42:30,790 [INFO] Sending to ptd: 'Stop'
ptd-server 2022-07-22 03:42:31,469 [INFO] Reply from ptd: 'Error: no measurement to stop'
ptd-server 2022-07-22 03:42:31,469 [INFO] Sending to ptd: 'SR,V,Auto'
ptd-server 2022-07-22 03:42:31,971 [INFO] Reply from ptd: 'Range V changed'
ptd-server 2022-07-22 03:42:31,972 [INFO] Sending to ptd: 'SR,A,0.500000'
ptd-server 2022-07-22 03:42:33,473 [INFO] Reply from ptd: 'Range A changed'
ptd-server 2022-07-22 03:42:33,473 [INFO] Set initial values for Amps 0.500000 and Volts Auto
ptd-server 2022-07-22 03:42:33,473 [INFO] Stopping ptd...
