ptd-server 2022-07-31 01:28:59,337 [INFO] Got command from the client 'time'
ptd-server 2022-07-31 01:28:59,337 [INFO] Sending reply to client '1659227339.3377423'
ptd-server 2022-07-31 01:28:59,338 [INFO] Got command from the client 'new,,16a70c0d-eeb9-48d3-8be9-4efc600ce1c6'
ptd-server 2022-07-31 01:28:59,339 [INFO] Sending reply to client 'OK 2022-07-31_01-28-59,9675ebb9-17d3-46da-84cd-4dac3ce18727'
ptd-server 2022-07-31 01:28:59,375 [INFO] Got command from the client 'time'
ptd-server 2022-07-31 01:28:59,375 [INFO] Sending reply to client '1659227339.3752215'
ptd-server 2022-07-31 01:28:59,376 [INFO] Got command from the client 'session,2022-07-31_01-28-59,start,ranging'
ptd-server 2022-07-31 01:28:59,376 [INFO] Running PTDaemon: ['/home/anton/projects/mlperf/power/inference_v1.0/ptd-linux-x86', '-l', '/tmp/tmp7lgbo8s4/ptd_logfile.txt', '-p', '8888', '49', '/dev/usbtmc0']
ptd-server 2022-07-31 01:29:16,550 [INFO] Sending to ptd: 'Hello'
ptd-server 2022-07-31 01:29:16,551 [INFO] Reply from ptd: 'Hello, PTDaemon here!'
ptd-server 2022-07-31 01:29:16,551 [INFO] Sending to ptd: 'Identify'
ptd-server 2022-07-31 01:29:16,552 [INFO] Reply from ptd: 'YokogawaWT310E,1000,1,1,1,1,0,1,1,version=1.9.2-e8c7a49a-20201208,OS=Linux 5.13.0-52-generic #59~20.04.1-Ubuntu SMP Thu Jun 16 21:21:28 UTC 2022 x86_64,mode=power,1,1,1,0,0,no_cal_date,YOKOGAWA;WT310E;C3XA04010E;F1.04'
ptd-server 2022-07-31 01:29:16,552 [INFO] Connected to PTDaemon
ptd-server 2022-07-31 01:29:16,552 [INFO] Sending to ptd: 'RR'
ptd-server 2022-07-31 01:29:16,552 [INFO] Reply from ptd: 'Ranges,0,0.500000,1,300.000000'
ptd-server 2022-07-31 01:29:16,552 [INFO] Initial range for Amps is 0.500000 for Volts is Auto
ptd-server 2022-07-31 01:29:16,552 [INFO] Sending to ptd: 'SR,V,Auto'
ptd-server 2022-07-31 01:29:17,055 [INFO] Reply from ptd: 'Range V changed'
ptd-server 2022-07-31 01:29:17,055 [INFO] Sending to ptd: 'SR,A,Auto'
ptd-server 2022-07-31 01:29:17,558 [INFO] Reply from ptd: 'Range A changed'
ptd-server 2022-07-31 01:29:27,568 [INFO] Starting ranging mode
ptd-server 2022-07-31 01:29:27,568 [INFO] Sending to ptd: 'Go,1000,0,2022-07-31_01-28-59_ranging'
ptd-server 2022-07-31 01:29:27,569 [INFO] Reply from ptd: 'Starting untimed measurement, maximum 500000 samples at 1000ms with 0 rampup samples'
ptd-server 2022-07-31 01:29:27,569 [INFO] Sending reply to client 'OK'
ptd-server 2022-07-31 01:39:41,496 [INFO] Got command from the client 'session,2022-07-31_01-28-59,stop,ranging'
ptd-server 2022-07-31 01:39:51,506 [INFO] Sending to ptd: 'Stop'
ptd-server 2022-07-31 01:39:51,507 [INFO] Reply from ptd: 'Stopping untimed measurement'
ptd-server 2022-07-31 01:39:52,738 [INFO] Sending reply to client 'OK'
ptd-server 2022-07-31 01:39:52,812 [INFO] Got command from the client 'time'
ptd-server 2022-07-31 01:39:52,812 [INFO] Sending reply to client '1659227992.8123038'
ptd-server 2022-07-31 01:39:52,813 [INFO] Got command from the client 'session,2022-07-31_01-28-59,start,testing'
ptd-server 2022-07-31 01:39:52,813 [INFO] Sending to ptd: 'SR,V,252.100000'
ptd-server 2022-07-31 01:39:54,315 [INFO] Reply from ptd: 'Range V changed'
ptd-server 2022-07-31 01:39:54,315 [INFO] Sending to ptd: 'SR,A,0.184660'
ptd-server 2022-07-31 01:39:55,816 [INFO] Reply from ptd: 'Range A changed'
ptd-server 2022-07-31 01:40:05,827 [INFO] Starting testing mode
ptd-server 2022-07-31 01:40:05,827 [INFO] Sending to ptd: 'Go,1000,0,2022-07-31_01-28-59_testing'
ptd-server 2022-07-31 01:40:05,827 [INFO] Reply from ptd: 'Starting untimed measurement, maximum 500000 samples at 1000ms with 0 rampup samples'
ptd-server 2022-07-31 01:40:05,827 [INFO] Sending reply to client 'OK'
ptd-server 2022-07-31 01:50:17,584 [INFO] Got command from the client 'session,2022-07-31_01-28-59,stop,testing'
ptd-server 2022-07-31 01:50:27,595 [INFO] Sending to ptd: 'Stop'
ptd-server 2022-07-31 01:50:27,595 [INFO] Reply from ptd: 'Stopping untimed measurement'
ptd-server 2022-07-31 01:50:28,221 [INFO] Sending reply to client 'OK'
ptd-server 2022-07-31 01:50:28,236 [INFO] Got command from the client 'session,2022-07-31_01-28-59,done'
ptd-server 2022-07-31 01:50:28,236 [INFO] Sending to ptd: 'Stop'
ptd-server 2022-07-31 01:50:28,236 [INFO] Reply from ptd: 'Error: no measurement to stop'
ptd-server 2022-07-31 01:50:28,237 [INFO] Sending to ptd: 'SR,V,Auto'
ptd-server 2022-07-31 01:50:28,739 [INFO] Reply from ptd: 'Range V changed'
ptd-server 2022-07-31 01:50:28,739 [INFO] Sending to ptd: 'SR,A,0.500000'
ptd-server 2022-07-31 01:50:30,241 [INFO] Reply from ptd: 'Range A changed'
ptd-server 2022-07-31 01:50:30,241 [INFO] Set initial values for Amps 0.500000 and Volts Auto
ptd-server 2022-07-31 01:50:30,241 [INFO] Stopping ptd...
