ptd-server 2022-07-25 08:30:16,245 [INFO] Got command from the client 'time'
ptd-server 2022-07-25 08:30:16,245 [INFO] Sending reply to client '1658734216.2451568'
ptd-server 2022-07-25 08:30:16,246 [INFO] Got command from the client 'new,,d40520ee-71dd-4238-8df9-14fbf0c928a5'
ptd-server 2022-07-25 08:30:16,246 [INFO] Sending reply to client 'OK 2022-07-25_08-30-16,f61670a9-0794-4145-816d-c331e23cf155'
ptd-server 2022-07-25 08:30:16,282 [INFO] Got command from the client 'time'
ptd-server 2022-07-25 08:30:16,282 [INFO] Sending reply to client '1658734216.282863'
ptd-server 2022-07-25 08:30:16,284 [INFO] Got command from the client 'session,2022-07-25_08-30-16,start,ranging'
ptd-server 2022-07-25 08:30:16,284 [INFO] Running PTDaemon: ['/home/anton/projects/mlperf/power/inference_v1.0/ptd-linux-x86', '-l', '/tmp/tmp7lgbo8s4/ptd_logfile.txt', '-p', '8888', '49', '/dev/usbtmc0']
ptd-server 2022-07-25 08:30:33,458 [INFO] Sending to ptd: 'Hello'
ptd-server 2022-07-25 08:30:33,459 [INFO] Reply from ptd: 'Hello, PTDaemon here!'
ptd-server 2022-07-25 08:30:33,459 [INFO] Sending to ptd: 'Identify'
ptd-server 2022-07-25 08:30:33,460 [INFO] Reply from ptd: 'YokogawaWT310E,1000,1,1,1,1,0,1,1,version=1.9.2-e8c7a49a-20201208,OS=Linux 5.13.0-52-generic #59~20.04.1-Ubuntu SMP Thu Jun 16 21:21:28 UTC 2022 x86_64,mode=power,1,1,1,0,0,no_cal_date,YOKOGAWA;WT310E;C3XA04010E;F1.04'
ptd-server 2022-07-25 08:30:33,460 [INFO] Connected to PTDaemon
ptd-server 2022-07-25 08:30:33,460 [INFO] Sending to ptd: 'RR'
ptd-server 2022-07-25 08:30:33,460 [INFO] Reply from ptd: 'Ranges,0,0.500000,1,300.000000'
ptd-server 2022-07-25 08:30:33,460 [INFO] Initial range for Amps is 0.500000 for Volts is Auto
ptd-server 2022-07-25 08:30:33,460 [INFO] Sending to ptd: 'SR,V,Auto'
ptd-server 2022-07-25 08:30:33,963 [INFO] Reply from ptd: 'Range V changed'
ptd-server 2022-07-25 08:30:33,963 [INFO] Sending to ptd: 'SR,A,Auto'
ptd-server 2022-07-25 08:30:34,465 [INFO] Reply from ptd: 'Range A changed'
ptd-server 2022-07-25 08:30:44,476 [INFO] Starting ranging mode
ptd-server 2022-07-25 08:30:44,476 [INFO] Sending to ptd: 'Go,1000,0,2022-07-25_08-30-16_ranging'
ptd-server 2022-07-25 08:30:44,476 [INFO] Reply from ptd: 'Starting untimed measurement, maximum 500000 samples at 1000ms with 0 rampup samples'
ptd-server 2022-07-25 08:30:44,477 [INFO] Sending reply to client 'OK'
ptd-server 2022-07-25 08:41:00,992 [INFO] Got command from the client 'session,2022-07-25_08-30-16,stop,ranging'
ptd-server 2022-07-25 08:41:11,002 [INFO] Sending to ptd: 'Stop'
ptd-server 2022-07-25 08:41:11,003 [INFO] Reply from ptd: 'Stopping untimed measurement'
ptd-server 2022-07-25 08:41:11,790 [INFO] Sending reply to client 'OK'
ptd-server 2022-07-25 08:41:11,830 [INFO] Got command from the client 'time'
ptd-server 2022-07-25 08:41:11,831 [INFO] Sending reply to client '1658734871.830987'
ptd-server 2022-07-25 08:41:11,831 [INFO] Got command from the client 'session,2022-07-25_08-30-16,start,testing'
ptd-server 2022-07-25 08:41:11,832 [INFO] Sending to ptd: 'SR,V,250.130000'
ptd-server 2022-07-25 08:41:13,333 [INFO] Reply from ptd: 'Range V changed'
ptd-server 2022-07-25 08:41:13,333 [INFO] Sending to ptd: 'SR,A,0.053540'
ptd-server 2022-07-25 08:41:14,834 [INFO] Reply from ptd: 'Range A changed'
ptd-server 2022-07-25 08:41:24,845 [INFO] Starting testing mode
ptd-server 2022-07-25 08:41:24,845 [INFO] Sending to ptd: 'Go,1000,0,2022-07-25_08-30-16_testing'
ptd-server 2022-07-25 08:41:24,845 [INFO] Reply from ptd: 'Starting untimed measurement, maximum 500000 samples at 1000ms with 0 rampup samples'
ptd-server 2022-07-25 08:41:24,846 [INFO] Sending reply to client 'OK'
ptd-server 2022-07-25 08:51:41,397 [INFO] Got command from the client 'session,2022-07-25_08-30-16,stop,testing'
ptd-server 2022-07-25 08:51:51,408 [INFO] Sending to ptd: 'Stop'
ptd-server 2022-07-25 08:51:51,408 [INFO] Reply from ptd: 'Stopping untimed measurement'
ptd-server 2022-07-25 08:51:51,821 [INFO] Sending reply to client 'OK'
ptd-server 2022-07-25 08:51:51,829 [INFO] Got command from the client 'session,2022-07-25_08-30-16,done'
ptd-server 2022-07-25 08:51:51,829 [INFO] Sending to ptd: 'Stop'
ptd-server 2022-07-25 08:51:51,845 [INFO] Reply from ptd: 'Error: no measurement to stop'
ptd-server 2022-07-25 08:51:51,846 [INFO] Sending to ptd: 'SR,V,Auto'
ptd-server 2022-07-25 08:51:52,348 [INFO] Reply from ptd: 'Range V changed'
ptd-server 2022-07-25 08:51:52,348 [INFO] Sending to ptd: 'SR,A,0.500000'
ptd-server 2022-07-25 08:51:53,850 [INFO] Reply from ptd: 'Range A changed'
ptd-server 2022-07-25 08:51:53,850 [INFO] Set initial values for Amps 0.500000 and Volts Auto
ptd-server 2022-07-25 08:51:53,850 [INFO] Stopping ptd...
