ptd-server 2022-08-02 03:35:33,575 [INFO] Got command from the client 'time'
ptd-server 2022-08-02 03:35:33,575 [INFO] Sending reply to client '1659407733.5758204'
ptd-server 2022-08-02 03:35:33,576 [INFO] Got command from the client 'new,,04b2446f-ff35-4328-bb17-534ac2ca661f'
ptd-server 2022-08-02 03:35:33,577 [INFO] Sending reply to client 'OK 2022-08-02_03-35-33,e56ae240-99d3-41fe-984a-74da642212bd'
ptd-server 2022-08-02 03:35:33,609 [INFO] Got command from the client 'time'
ptd-server 2022-08-02 03:35:33,609 [INFO] Sending reply to client '1659407733.6091611'
ptd-server 2022-08-02 03:35:33,610 [INFO] Got command from the client 'session,2022-08-02_03-35-33,start,ranging'
ptd-server 2022-08-02 03:35:33,610 [INFO] Running PTDaemon: ['/home/anton/projects/mlperf/power/inference_v1.0/ptd-linux-x86', '-l', '/tmp/tmp7lgbo8s4/ptd_logfile.txt', '-p', '8888', '49', '/dev/usbtmc0']
ptd-server 2022-08-02 03:35:50,785 [INFO] Sending to ptd: 'Hello'
ptd-server 2022-08-02 03:35:50,785 [INFO] Reply from ptd: 'Hello, PTDaemon here!'
ptd-server 2022-08-02 03:35:50,786 [INFO] Sending to ptd: 'Identify'
ptd-server 2022-08-02 03:35:50,786 [INFO] Reply from ptd: 'YokogawaWT310E,1000,1,1,1,1,0,1,1,version=1.9.2-e8c7a49a-20201208,OS=Linux 5.13.0-52-generic #59~20.04.1-Ubuntu SMP Thu Jun 16 21:21:28 UTC 2022 x86_64,mode=power,1,1,1,0,0,no_cal_date,YOKOGAWA;WT310E;C3XA04010E;F1.04'
ptd-server 2022-08-02 03:35:50,786 [INFO] Connected to PTDaemon
ptd-server 2022-08-02 03:35:50,786 [INFO] Sending to ptd: 'RR'
ptd-server 2022-08-02 03:35:50,787 [INFO] Reply from ptd: 'Ranges,0,0.500000,1,300.000000'
ptd-server 2022-08-02 03:35:50,787 [INFO] Initial range for Amps is 0.500000 for Volts is Auto
ptd-server 2022-08-02 03:35:50,787 [INFO] Sending to ptd: 'SR,V,Auto'
ptd-server 2022-08-02 03:35:51,289 [INFO] Reply from ptd: 'Range V changed'
ptd-server 2022-08-02 03:35:51,289 [INFO] Sending to ptd: 'SR,A,Auto'
ptd-server 2022-08-02 03:35:51,792 [INFO] Reply from ptd: 'Range A changed'
ptd-server 2022-08-02 03:36:01,802 [INFO] Starting ranging mode
ptd-server 2022-08-02 03:36:01,802 [INFO] Sending to ptd: 'Go,1000,0,2022-08-02_03-35-33_ranging'
ptd-server 2022-08-02 03:36:01,803 [INFO] Reply from ptd: 'Starting untimed measurement, maximum 500000 samples at 1000ms with 0 rampup samples'
ptd-server 2022-08-02 03:36:01,803 [INFO] Sending reply to client 'OK'
ptd-server 2022-08-02 03:46:13,331 [INFO] Got command from the client 'session,2022-08-02_03-35-33,stop,ranging'
ptd-server 2022-08-02 03:46:23,341 [INFO] Sending to ptd: 'Stop'
ptd-server 2022-08-02 03:46:23,342 [INFO] Reply from ptd: 'Stopping untimed measurement'
ptd-server 2022-08-02 03:46:24,816 [INFO] Sending reply to client 'OK'
ptd-server 2022-08-02 03:46:24,873 [INFO] Got command from the client 'time'
ptd-server 2022-08-02 03:46:24,873 [INFO] Sending reply to client '1659408384.8737586'
ptd-server 2022-08-02 03:46:24,875 [INFO] Got command from the client 'session,2022-08-02_03-35-33,start,testing'
ptd-server 2022-08-02 03:46:24,875 [INFO] Sending to ptd: 'SR,V,248.680000'
ptd-server 2022-08-02 03:46:26,376 [INFO] Reply from ptd: 'Range V changed'
ptd-server 2022-08-02 03:46:26,376 [INFO] Sending to ptd: 'SR,A,0.181330'
ptd-server 2022-08-02 03:46:27,878 [INFO] Reply from ptd: 'Range A changed'
ptd-server 2022-08-02 03:46:37,888 [INFO] Starting testing mode
ptd-server 2022-08-02 03:46:37,888 [INFO] Sending to ptd: 'Go,1000,0,2022-08-02_03-35-33_testing'
ptd-server 2022-08-02 03:46:37,889 [INFO] Reply from ptd: 'Starting untimed measurement, maximum 500000 samples at 1000ms with 0 rampup samples'
ptd-server 2022-08-02 03:46:37,889 [INFO] Sending reply to client 'OK'
ptd-server 2022-08-02 03:56:49,412 [INFO] Got command from the client 'session,2022-08-02_03-35-33,stop,testing'
ptd-server 2022-08-02 03:56:59,422 [INFO] Sending to ptd: 'Stop'
ptd-server 2022-08-02 03:56:59,423 [INFO] Reply from ptd: 'Stopping untimed measurement'
ptd-server 2022-08-02 03:57:00,169 [INFO] Sending reply to client 'OK'
ptd-server 2022-08-02 03:57:00,183 [INFO] Got command from the client 'session,2022-08-02_03-35-33,done'
ptd-server 2022-08-02 03:57:00,183 [INFO] Sending to ptd: 'Stop'
ptd-server 2022-08-02 03:57:00,183 [INFO] Reply from ptd: 'Error: no measurement to stop'
ptd-server 2022-08-02 03:57:00,184 [INFO] Sending to ptd: 'SR,V,Auto'
ptd-server 2022-08-02 03:57:00,686 [INFO] Reply from ptd: 'Range V changed'
ptd-server 2022-08-02 03:57:00,686 [INFO] Sending to ptd: 'SR,A,0.500000'
ptd-server 2022-08-02 03:57:02,188 [INFO] Reply from ptd: 'Range A changed'
ptd-server 2022-08-02 03:57:02,188 [INFO] Set initial values for Amps 0.500000 and Volts Auto
ptd-server 2022-08-02 03:57:02,188 [INFO] Stopping ptd...
