ptd-server 2022-07-23 13:04:01,561 [INFO] Got command from the client 'time'
ptd-server 2022-07-23 13:04:01,562 [INFO] Sending reply to client '1658577841.56213'
ptd-server 2022-07-23 13:04:01,563 [INFO] Got command from the client 'new,,5307b006-7eb8-4173-a5c0-fa53d3b76ec5'
ptd-server 2022-07-23 13:04:01,563 [INFO] Sending reply to client 'OK 2022-07-23_13-04-01,e80fba3c-4c07-412f-bdc8-3ed3d29c8095'
ptd-server 2022-07-23 13:04:01,601 [INFO] Got command from the client 'time'
ptd-server 2022-07-23 13:04:01,601 [INFO] Sending reply to client '1658577841.6019316'
ptd-server 2022-07-23 13:04:01,603 [INFO] Got command from the client 'session,2022-07-23_13-04-01,start,ranging'
ptd-server 2022-07-23 13:04:01,603 [INFO] Running PTDaemon: ['/home/anton/projects/mlperf/power/inference_v1.0/ptd-linux-x86', '-l', '/tmp/tmp7lgbo8s4/ptd_logfile.txt', '-p', '8888', '49', '/dev/usbtmc0']
ptd-server 2022-07-23 13:04:18,778 [INFO] Sending to ptd: 'Hello'
ptd-server 2022-07-23 13:04:18,778 [INFO] Reply from ptd: 'Hello, PTDaemon here!'
ptd-server 2022-07-23 13:04:18,778 [INFO] Sending to ptd: 'Identify'
ptd-server 2022-07-23 13:04:18,779 [INFO] Reply from ptd: 'YokogawaWT310E,1000,1,1,1,1,0,1,1,version=1.9.2-e8c7a49a-20201208,OS=Linux 5.13.0-52-generic #59~20.04.1-Ubuntu SMP Thu Jun 16 21:21:28 UTC 2022 x86_64,mode=power,1,1,1,0,0,no_cal_date,YOKOGAWA;WT310E;C3XA04010E;F1.04'
ptd-server 2022-07-23 13:04:18,779 [INFO] Connected to PTDaemon
ptd-server 2022-07-23 13:04:18,779 [INFO] Sending to ptd: 'RR'
ptd-server 2022-07-23 13:04:18,779 [INFO] Reply from ptd: 'Ranges,0,0.500000,1,300.000000'
ptd-server 2022-07-23 13:04:18,779 [INFO] Initial range for Amps is 0.500000 for Volts is Auto
ptd-server 2022-07-23 13:04:18,780 [INFO] Sending to ptd: 'SR,V,Auto'
ptd-server 2022-07-23 13:04:19,282 [INFO] Reply from ptd: 'Range V changed'
ptd-server 2022-07-23 13:04:19,282 [INFO] Sending to ptd: 'SR,A,Auto'
ptd-server 2022-07-23 13:04:19,785 [INFO] Reply from ptd: 'Range A changed'
ptd-server 2022-07-23 13:04:29,795 [INFO] Starting ranging mode
ptd-server 2022-07-23 13:04:29,795 [INFO] Sending to ptd: 'Go,1000,0,2022-07-23_13-04-01_ranging'
ptd-server 2022-07-23 13:04:29,796 [INFO] Reply from ptd: 'Starting untimed measurement, maximum 500000 samples at 1000ms with 0 rampup samples'
ptd-server 2022-07-23 13:04:29,796 [INFO] Sending reply to client 'OK'
ptd-server 2022-07-23 13:14:46,263 [INFO] Got command from the client 'session,2022-07-23_13-04-01,stop,ranging'
ptd-server 2022-07-23 13:14:56,273 [INFO] Sending to ptd: 'Stop'
ptd-server 2022-07-23 13:14:56,274 [INFO] Reply from ptd: 'Stopping untimed measurement'
ptd-server 2022-07-23 13:14:56,836 [INFO] Sending reply to client 'OK'
ptd-server 2022-07-23 13:14:56,896 [INFO] Got command from the client 'time'
ptd-server 2022-07-23 13:14:56,897 [INFO] Sending reply to client '1658578496.8970113'
ptd-server 2022-07-23 13:14:56,898 [INFO] Got command from the client 'session,2022-07-23_13-04-01,start,testing'
ptd-server 2022-07-23 13:14:56,898 [INFO] Sending to ptd: 'SR,V,253.460000'
ptd-server 2022-07-23 13:14:58,399 [INFO] Reply from ptd: 'Range V changed'
ptd-server 2022-07-23 13:14:58,400 [INFO] Sending to ptd: 'SR,A,0.058600'
ptd-server 2022-07-23 13:14:59,901 [INFO] Reply from ptd: 'Range A changed'
ptd-server 2022-07-23 13:15:09,911 [INFO] Starting testing mode
ptd-server 2022-07-23 13:15:09,911 [INFO] Sending to ptd: 'Go,1000,0,2022-07-23_13-04-01_testing'
ptd-server 2022-07-23 13:15:09,912 [INFO] Reply from ptd: 'Starting untimed measurement, maximum 500000 samples at 1000ms with 0 rampup samples'
ptd-server 2022-07-23 13:15:09,912 [INFO] Sending reply to client 'OK'
ptd-server 2022-07-23 13:25:26,268 [INFO] Got command from the client 'session,2022-07-23_13-04-01,stop,testing'
ptd-server 2022-07-23 13:25:36,278 [INFO] Sending to ptd: 'Stop'
ptd-server 2022-07-23 13:25:36,279 [INFO] Reply from ptd: 'Stopping untimed measurement'
ptd-server 2022-07-23 13:25:36,569 [INFO] Sending reply to client 'OK'
ptd-server 2022-07-23 13:25:36,577 [INFO] Got command from the client 'session,2022-07-23_13-04-01,done'
ptd-server 2022-07-23 13:25:36,577 [INFO] Sending to ptd: 'Stop'
ptd-server 2022-07-23 13:25:36,913 [INFO] Reply from ptd: 'Error: no measurement to stop'
ptd-server 2022-07-23 13:25:36,913 [INFO] Sending to ptd: 'SR,V,Auto'
ptd-server 2022-07-23 13:25:37,415 [INFO] Reply from ptd: 'Range V changed'
ptd-server 2022-07-23 13:25:37,415 [INFO] Sending to ptd: 'SR,A,0.500000'
ptd-server 2022-07-23 13:25:38,917 [INFO] Reply from ptd: 'Range A changed'
ptd-server 2022-07-23 13:25:38,917 [INFO] Set initial values for Amps 0.500000 and Volts Auto
ptd-server 2022-07-23 13:25:38,917 [INFO] Stopping ptd...
