ptd-server 2022-07-27 14:14:40,614 [INFO] Got command from the client 'time'
ptd-server 2022-07-27 14:14:40,614 [INFO] Sending reply to client '1658927680.6142635'
ptd-server 2022-07-27 14:14:40,618 [INFO] Got command from the client 'new,,aa27e108-899d-4ec1-81c3-e896067d9151'
ptd-server 2022-07-27 14:14:40,619 [INFO] Sending reply to client 'OK 2022-07-27_14-14-40,1eb37357-b87a-49b2-898d-87d33ae4dfb2'
ptd-server 2022-07-27 14:14:40,664 [INFO] Got command from the client 'time'
ptd-server 2022-07-27 14:14:40,664 [INFO] Sending reply to client '1658927680.6643825'
ptd-server 2022-07-27 14:14:40,671 [INFO] Got command from the client 'session,2022-07-27_14-14-40,start,ranging'
ptd-server 2022-07-27 14:14:40,671 [INFO] Running PTDaemon: ['/home/anton/projects/mlperf/power/inference_v1.0/ptd-linux-x86', '-l', '/tmp/tmp7lgbo8s4/ptd_logfile.txt', '-p', '8888', '49', '/dev/usbtmc0']
ptd-server 2022-07-27 14:14:57,845 [INFO] Sending to ptd: 'Hello'
ptd-server 2022-07-27 14:14:57,846 [INFO] Reply from ptd: 'Hello, PTDaemon here!'
ptd-server 2022-07-27 14:14:57,846 [INFO] Sending to ptd: 'Identify'
ptd-server 2022-07-27 14:14:57,847 [INFO] Reply from ptd: 'YokogawaWT310E,1000,1,1,1,1,0,1,1,version=1.9.2-e8c7a49a-20201208,OS=Linux 5.13.0-52-generic #59~20.04.1-Ubuntu SMP Thu Jun 16 21:21:28 UTC 2022 x86_64,mode=power,1,1,1,0,0,no_cal_date,YOKOGAWA;WT310E;C3XA04010E;F1.04'
ptd-server 2022-07-27 14:14:57,847 [INFO] Connected to PTDaemon
ptd-server 2022-07-27 14:14:57,847 [INFO] Sending to ptd: 'RR'
ptd-server 2022-07-27 14:14:57,847 [INFO] Reply from ptd: 'Ranges,0,0.500000,1,300.000000'
ptd-server 2022-07-27 14:14:57,847 [INFO] Initial range for Amps is 0.500000 for Volts is Auto
ptd-server 2022-07-27 14:14:57,848 [INFO] Sending to ptd: 'SR,V,Auto'
ptd-server 2022-07-27 14:14:58,350 [INFO] Reply from ptd: 'Range V changed'
ptd-server 2022-07-27 14:14:58,350 [INFO] Sending to ptd: 'SR,A,Auto'
ptd-server 2022-07-27 14:14:58,853 [INFO] Reply from ptd: 'Range A changed'
ptd-server 2022-07-27 14:15:08,863 [INFO] Starting ranging mode
ptd-server 2022-07-27 14:15:08,863 [INFO] Sending to ptd: 'Go,1000,0,2022-07-27_14-14-40_ranging'
ptd-server 2022-07-27 14:15:08,864 [INFO] Reply from ptd: 'Starting untimed measurement, maximum 500000 samples at 1000ms with 0 rampup samples'
ptd-server 2022-07-27 14:15:08,864 [INFO] Sending reply to client 'OK'
ptd-server 2022-07-27 14:25:24,108 [INFO] Got command from the client 'session,2022-07-27_14-14-40,stop,ranging'
ptd-server 2022-07-27 14:25:34,119 [INFO] Sending to ptd: 'Stop'
ptd-server 2022-07-27 14:25:34,119 [INFO] Reply from ptd: 'Stopping untimed measurement'
ptd-server 2022-07-27 14:25:35,080 [INFO] Sending reply to client 'OK'
ptd-server 2022-07-27 14:25:35,161 [INFO] Got command from the client 'time'
ptd-server 2022-07-27 14:25:35,161 [INFO] Sending reply to client '1658928335.16174'
ptd-server 2022-07-27 14:25:35,165 [INFO] Got command from the client 'session,2022-07-27_14-14-40,start,testing'
ptd-server 2022-07-27 14:25:35,165 [INFO] Sending to ptd: 'SR,V,252.510000'
ptd-server 2022-07-27 14:25:36,667 [INFO] Reply from ptd: 'Range V changed'
ptd-server 2022-07-27 14:25:36,667 [INFO] Sending to ptd: 'SR,A,0.044140'
ptd-server 2022-07-27 14:25:38,168 [INFO] Reply from ptd: 'Range A changed'
ptd-server 2022-07-27 14:25:48,179 [INFO] Starting testing mode
ptd-server 2022-07-27 14:25:48,179 [INFO] Sending to ptd: 'Go,1000,0,2022-07-27_14-14-40_testing'
ptd-server 2022-07-27 14:25:48,179 [INFO] Reply from ptd: 'Starting untimed measurement, maximum 500000 samples at 1000ms with 0 rampup samples'
ptd-server 2022-07-27 14:25:48,179 [INFO] Sending reply to client 'OK'
ptd-server 2022-07-27 14:36:03,427 [INFO] Got command from the client 'session,2022-07-27_14-14-40,stop,testing'
ptd-server 2022-07-27 14:36:13,437 [INFO] Sending to ptd: 'Stop'
ptd-server 2022-07-27 14:36:13,438 [INFO] Reply from ptd: 'Stopping untimed measurement'
ptd-server 2022-07-27 14:36:13,933 [INFO] Sending reply to client 'OK'
ptd-server 2022-07-27 14:36:13,956 [INFO] Got command from the client 'session,2022-07-27_14-14-40,done'
ptd-server 2022-07-27 14:36:13,956 [INFO] Sending to ptd: 'Stop'
ptd-server 2022-07-27 14:36:14,179 [INFO] Reply from ptd: 'Error: no measurement to stop'
ptd-server 2022-07-27 14:36:14,180 [INFO] Sending to ptd: 'SR,V,Auto'
ptd-server 2022-07-27 14:36:14,682 [INFO] Reply from ptd: 'Range V changed'
ptd-server 2022-07-27 14:36:14,682 [INFO] Sending to ptd: 'SR,A,0.500000'
ptd-server 2022-07-27 14:36:16,184 [INFO] Reply from ptd: 'Range A changed'
ptd-server 2022-07-27 14:36:16,184 [INFO] Set initial values for Amps 0.500000 and Volts Auto
ptd-server 2022-07-27 14:36:16,184 [INFO] Stopping ptd...
