ptd-server 2022-07-29 09:18:51,810 [INFO] Got command from the client 'time'
ptd-server 2022-07-29 09:18:51,810 [INFO] Sending reply to client '1659082731.8102252'
ptd-server 2022-07-29 09:18:51,814 [INFO] Got command from the client 'new,,44794515-d414-4bb6-87a1-259c7aae1b5c'
ptd-server 2022-07-29 09:18:51,814 [INFO] Sending reply to client 'OK 2022-07-29_09-18-51,e2279fdd-eab4-4d77-b305-bd686c96468d'
ptd-server 2022-07-29 09:18:51,859 [INFO] Got command from the client 'time'
ptd-server 2022-07-29 09:18:51,860 [INFO] Sending reply to client '1659082731.8601003'
ptd-server 2022-07-29 09:18:51,865 [INFO] Got command from the client 'session,2022-07-29_09-18-51,start,ranging'
ptd-server 2022-07-29 09:18:51,865 [INFO] Running PTDaemon: ['/home/anton/projects/mlperf/power/inference_v1.0/ptd-linux-x86', '-l', '/tmp/tmp7lgbo8s4/ptd_logfile.txt', '-p', '8888', '49', '/dev/usbtmc0']
ptd-server 2022-07-29 09:19:09,038 [INFO] Sending to ptd: 'Hello'
ptd-server 2022-07-29 09:19:09,039 [INFO] Reply from ptd: 'Hello, PTDaemon here!'
ptd-server 2022-07-29 09:19:09,039 [INFO] Sending to ptd: 'Identify'
ptd-server 2022-07-29 09:19:09,040 [INFO] Reply from ptd: 'YokogawaWT310E,1000,1,1,1,1,0,1,1,version=1.9.2-e8c7a49a-20201208,OS=Linux 5.13.0-52-generic #59~20.04.1-Ubuntu SMP Thu Jun 16 21:21:28 UTC 2022 x86_64,mode=power,1,1,1,0,0,no_cal_date,YOKOGAWA;WT310E;C3XA04010E;F1.04'
ptd-server 2022-07-29 09:19:09,040 [INFO] Connected to PTDaemon
ptd-server 2022-07-29 09:19:09,040 [INFO] Sending to ptd: 'RR'
ptd-server 2022-07-29 09:19:09,040 [INFO] Reply from ptd: 'Ranges,0,0.500000,1,300.000000'
ptd-server 2022-07-29 09:19:09,040 [INFO] Initial range for Amps is 0.500000 for Volts is Auto
ptd-server 2022-07-29 09:19:09,041 [INFO] Sending to ptd: 'SR,V,Auto'
ptd-server 2022-07-29 09:19:09,543 [INFO] Reply from ptd: 'Range V changed'
ptd-server 2022-07-29 09:19:09,543 [INFO] Sending to ptd: 'SR,A,Auto'
ptd-server 2022-07-29 09:19:10,046 [INFO] Reply from ptd: 'Range A changed'
ptd-server 2022-07-29 09:19:20,051 [INFO] Starting ranging mode
ptd-server 2022-07-29 09:19:20,051 [INFO] Sending to ptd: 'Go,1000,0,2022-07-29_09-18-51_ranging'
ptd-server 2022-07-29 09:19:20,052 [INFO] Reply from ptd: 'Starting untimed measurement, maximum 500000 samples at 1000ms with 0 rampup samples'
ptd-server 2022-07-29 09:19:20,052 [INFO] Sending reply to client 'OK'
ptd-server 2022-07-29 09:29:51,681 [INFO] Got command from the client 'session,2022-07-29_09-18-51,stop,ranging'
ptd-server 2022-07-29 09:30:01,692 [INFO] Sending to ptd: 'Stop'
ptd-server 2022-07-29 09:30:01,692 [INFO] Reply from ptd: 'Stopping untimed measurement'
ptd-server 2022-07-29 09:30:02,875 [INFO] Sending reply to client 'OK'
ptd-server 2022-07-29 09:30:02,940 [INFO] Got command from the client 'time'
ptd-server 2022-07-29 09:30:02,940 [INFO] Sending reply to client '1659083402.940512'
ptd-server 2022-07-29 09:30:02,945 [INFO] Got command from the client 'session,2022-07-29_09-18-51,start,testing'
ptd-server 2022-07-29 09:30:02,945 [INFO] Sending to ptd: 'SR,V,249.730000'
ptd-server 2022-07-29 09:30:04,447 [INFO] Reply from ptd: 'Range V changed'
ptd-server 2022-07-29 09:30:04,447 [INFO] Sending to ptd: 'SR,A,0.049220'
ptd-server 2022-07-29 09:30:05,948 [INFO] Reply from ptd: 'Range A changed'
ptd-server 2022-07-29 09:30:15,959 [INFO] Starting testing mode
ptd-server 2022-07-29 09:30:15,959 [INFO] Sending to ptd: 'Go,1000,0,2022-07-29_09-18-51_testing'
ptd-server 2022-07-29 09:30:15,959 [INFO] Reply from ptd: 'Starting untimed measurement, maximum 500000 samples at 1000ms with 0 rampup samples'
ptd-server 2022-07-29 09:30:15,959 [INFO] Sending reply to client 'OK'
ptd-server 2022-07-29 09:40:47,680 [INFO] Got command from the client 'session,2022-07-29_09-18-51,stop,testing'
ptd-server 2022-07-29 09:40:57,690 [INFO] Sending to ptd: 'Stop'
ptd-server 2022-07-29 09:40:57,690 [INFO] Reply from ptd: 'Stopping untimed measurement'
ptd-server 2022-07-29 09:40:58,307 [INFO] Sending reply to client 'OK'
ptd-server 2022-07-29 09:40:58,330 [INFO] Got command from the client 'session,2022-07-29_09-18-51,done'
ptd-server 2022-07-29 09:40:58,330 [INFO] Sending to ptd: 'Stop'
ptd-server 2022-07-29 09:40:58,330 [INFO] Reply from ptd: 'Error: no measurement to stop'
ptd-server 2022-07-29 09:40:58,330 [INFO] Sending to ptd: 'SR,V,Auto'
ptd-server 2022-07-29 09:40:58,832 [INFO] Reply from ptd: 'Range V changed'
ptd-server 2022-07-29 09:40:58,833 [INFO] Sending to ptd: 'SR,A,0.500000'
ptd-server 2022-07-29 09:41:00,334 [INFO] Reply from ptd: 'Range A changed'
ptd-server 2022-07-29 09:41:00,334 [INFO] Set initial values for Amps 0.500000 and Volts Auto
ptd-server 2022-07-29 09:41:00,334 [INFO] Stopping ptd...
