ptd-server 2022-08-01 11:33:56,353 [INFO] Got command from the client 'time'
ptd-server 2022-08-01 11:33:56,353 [INFO] Sending reply to client '1659350036.3532956'
ptd-server 2022-08-01 11:33:56,354 [INFO] Got command from the client 'new,,4daafd48-7f68-4159-8c6c-8018771b0665'
ptd-server 2022-08-01 11:33:56,354 [INFO] Sending reply to client 'OK 2022-08-01_11-33-56,26d1a21a-a646-4ae6-966d-5991b8402dbc'
ptd-server 2022-08-01 11:33:56,396 [INFO] Got command from the client 'time'
ptd-server 2022-08-01 11:33:56,397 [INFO] Sending reply to client '1659350036.397023'
ptd-server 2022-08-01 11:33:56,397 [INFO] Got command from the client 'session,2022-08-01_11-33-56,start,ranging'
ptd-server 2022-08-01 11:33:56,398 [INFO] Running PTDaemon: ['/home/anton/projects/mlperf/power/inference_v1.0/ptd-linux-x86', '-l', '/tmp/tmp7lgbo8s4/ptd_logfile.txt', '-p', '8888', '49', '/dev/usbtmc0']
ptd-server 2022-08-01 11:34:13,572 [INFO] Sending to ptd: 'Hello'
ptd-server 2022-08-01 11:34:13,573 [INFO] Reply from ptd: 'Hello, PTDaemon here!'
ptd-server 2022-08-01 11:34:13,573 [INFO] Sending to ptd: 'Identify'
ptd-server 2022-08-01 11:34:13,573 [INFO] Reply from ptd: 'YokogawaWT310E,1000,1,1,1,1,0,1,1,version=1.9.2-e8c7a49a-20201208,OS=Linux 5.13.0-52-generic #59~20.04.1-Ubuntu SMP Thu Jun 16 21:21:28 UTC 2022 x86_64,mode=power,1,1,1,0,0,no_cal_date,YOKOGAWA;WT310E;C3XA04010E;F1.04'
ptd-server 2022-08-01 11:34:13,573 [INFO] Connected to PTDaemon
ptd-server 2022-08-01 11:34:13,573 [INFO] Sending to ptd: 'RR'
ptd-server 2022-08-01 11:34:13,574 [INFO] Reply from ptd: 'Ranges,0,0.500000,1,300.000000'
ptd-server 2022-08-01 11:34:13,574 [INFO] Initial range for Amps is 0.500000 for Volts is Auto
ptd-server 2022-08-01 11:34:13,574 [INFO] Sending to ptd: 'SR,V,Auto'
ptd-server 2022-08-01 11:34:14,077 [INFO] Reply from ptd: 'Range V changed'
ptd-server 2022-08-01 11:34:14,077 [INFO] Sending to ptd: 'SR,A,Auto'
ptd-server 2022-08-01 11:34:14,579 [INFO] Reply from ptd: 'Range A changed'
ptd-server 2022-08-01 11:34:24,590 [INFO] Starting ranging mode
ptd-server 2022-08-01 11:34:24,590 [INFO] Sending to ptd: 'Go,1000,0,2022-08-01_11-33-56_ranging'
ptd-server 2022-08-01 11:34:24,590 [INFO] Reply from ptd: 'Starting untimed measurement, maximum 500000 samples at 1000ms with 0 rampup samples'
ptd-server 2022-08-01 11:34:24,590 [INFO] Sending reply to client 'OK'
ptd-server 2022-08-01 11:44:41,891 [INFO] Got command from the client 'session,2022-08-01_11-33-56,stop,ranging'
ptd-server 2022-08-01 11:44:51,902 [INFO] Sending to ptd: 'Stop'
ptd-server 2022-08-01 11:44:51,902 [INFO] Reply from ptd: 'Stopping untimed measurement'
ptd-server 2022-08-01 11:44:53,293 [INFO] Sending reply to client 'OK'
ptd-server 2022-08-01 11:44:53,362 [INFO] Got command from the client 'time'
ptd-server 2022-08-01 11:44:53,362 [INFO] Sending reply to client '1659350693.3622224'
ptd-server 2022-08-01 11:44:53,363 [INFO] Got command from the client 'session,2022-08-01_11-33-56,start,testing'
ptd-server 2022-08-01 11:44:53,363 [INFO] Sending to ptd: 'SR,V,252.070000'
ptd-server 2022-08-01 11:44:54,865 [INFO] Reply from ptd: 'Range V changed'
ptd-server 2022-08-01 11:44:54,865 [INFO] Sending to ptd: 'SR,A,0.236920'
ptd-server 2022-08-01 11:44:56,366 [INFO] Reply from ptd: 'Range A changed'
ptd-server 2022-08-01 11:45:06,376 [INFO] Starting testing mode
ptd-server 2022-08-01 11:45:06,377 [INFO] Sending to ptd: 'Go,1000,0,2022-08-01_11-33-56_testing'
ptd-server 2022-08-01 11:45:06,377 [INFO] Reply from ptd: 'Starting untimed measurement, maximum 500000 samples at 1000ms with 0 rampup samples'
ptd-server 2022-08-01 11:45:06,377 [INFO] Sending reply to client 'OK'
ptd-server 2022-08-01 11:55:21,136 [INFO] Got command from the client 'session,2022-08-01_11-33-56,stop,testing'
ptd-server 2022-08-01 11:55:31,147 [INFO] Sending to ptd: 'Stop'
ptd-server 2022-08-01 11:55:31,147 [INFO] Reply from ptd: 'Stopping untimed measurement'
ptd-server 2022-08-01 11:55:31,849 [INFO] Sending reply to client 'OK'
ptd-server 2022-08-01 11:55:31,864 [INFO] Got command from the client 'session,2022-08-01_11-33-56,done'
ptd-server 2022-08-01 11:55:31,864 [INFO] Sending to ptd: 'Stop'
ptd-server 2022-08-01 11:55:31,865 [INFO] Reply from ptd: 'Error: no measurement to stop'
ptd-server 2022-08-01 11:55:31,865 [INFO] Sending to ptd: 'SR,V,Auto'
ptd-server 2022-08-01 11:55:32,367 [INFO] Reply from ptd: 'Range V changed'
ptd-server 2022-08-01 11:55:32,368 [INFO] Sending to ptd: 'SR,A,0.500000'
ptd-server 2022-08-01 11:55:33,869 [INFO] Reply from ptd: 'Range A changed'
ptd-server 2022-08-01 11:55:33,869 [INFO] Set initial values for Amps 0.500000 and Volts Auto
ptd-server 2022-08-01 11:55:33,869 [INFO] Stopping ptd...
