ptd-server 2022-07-22 05:32:17,318 [INFO] Got command from the client 'time'
ptd-server 2022-07-22 05:32:17,319 [INFO] Sending reply to client '1658464337.319036'
ptd-server 2022-07-22 05:32:17,320 [INFO] Got command from the client 'new,,11c1b0f9-a2d5-4fcf-b102-3e7ea7f9eb10'
ptd-server 2022-07-22 05:32:17,320 [INFO] Sending reply to client 'OK 2022-07-22_05-32-17,d2b0f9f3-12ec-4183-8612-8909dfd989ce'
ptd-server 2022-07-22 05:32:17,353 [INFO] Got command from the client 'time'
ptd-server 2022-07-22 05:32:17,353 [INFO] Sending reply to client '1658464337.3534248'
ptd-server 2022-07-22 05:32:17,354 [INFO] Got command from the client 'session,2022-07-22_05-32-17,start,ranging'
ptd-server 2022-07-22 05:32:17,354 [INFO] Running PTDaemon: ['/home/anton/projects/mlperf/power/inference_v1.0/ptd-linux-x86', '-l', '/tmp/tmp7lgbo8s4/ptd_logfile.txt', '-p', '8888', '49', '/dev/usbtmc0']
ptd-server 2022-07-22 05:32:34,529 [INFO] Sending to ptd: 'Hello'
ptd-server 2022-07-22 05:32:34,529 [INFO] Reply from ptd: 'Hello, PTDaemon here!'
ptd-server 2022-07-22 05:32:34,530 [INFO] Sending to ptd: 'Identify'
ptd-server 2022-07-22 05:32:34,530 [INFO] Reply from ptd: 'YokogawaWT310E,1000,1,1,1,1,0,1,1,version=1.9.2-e8c7a49a-20201208,OS=Linux 5.13.0-52-generic #59~20.04.1-Ubuntu SMP Thu Jun 16 21:21:28 UTC 2022 x86_64,mode=power,1,1,1,0,0,no_cal_date,YOKOGAWA;WT310E;C3XA04010E;F1.04'
ptd-server 2022-07-22 05:32:34,530 [INFO] Connected to PTDaemon
ptd-server 2022-07-22 05:32:34,530 [INFO] Sending to ptd: 'RR'
ptd-server 2022-07-22 05:32:34,530 [INFO] Reply from ptd: 'Ranges,0,0.500000,1,300.000000'
ptd-server 2022-07-22 05:32:34,531 [INFO] Initial range for Amps is 0.500000 for Volts is Auto
ptd-server 2022-07-22 05:32:34,531 [INFO] Sending to ptd: 'SR,V,Auto'
ptd-server 2022-07-22 05:32:35,033 [INFO] Reply from ptd: 'Range V changed'
ptd-server 2022-07-22 05:32:35,033 [INFO] Sending to ptd: 'SR,A,Auto'
ptd-server 2022-07-22 05:32:35,536 [INFO] Reply from ptd: 'Range A changed'
ptd-server 2022-07-22 05:32:45,546 [INFO] Starting ranging mode
ptd-server 2022-07-22 05:32:45,546 [INFO] Sending to ptd: 'Go,1000,0,2022-07-22_05-32-17_ranging'
ptd-server 2022-07-22 05:32:45,547 [INFO] Reply from ptd: 'Starting untimed measurement, maximum 500000 samples at 1000ms with 0 rampup samples'
ptd-server 2022-07-22 05:32:45,547 [INFO] Sending reply to client 'OK'
ptd-server 2022-07-22 05:43:07,080 [INFO] Got command from the client 'session,2022-07-22_05-32-17,stop,ranging'
ptd-server 2022-07-22 05:43:17,090 [INFO] Sending to ptd: 'Stop'
ptd-server 2022-07-22 05:43:17,090 [INFO] Reply from ptd: 'Stopping untimed measurement'
ptd-server 2022-07-22 05:43:17,501 [INFO] Sending reply to client 'OK'
ptd-server 2022-07-22 05:43:17,547 [INFO] Got command from the client 'time'
ptd-server 2022-07-22 05:43:17,547 [INFO] Sending reply to client '1658464997.5478647'
ptd-server 2022-07-22 05:43:17,549 [INFO] Got command from the client 'session,2022-07-22_05-32-17,start,testing'
ptd-server 2022-07-22 05:43:17,549 [INFO] Sending to ptd: 'SR,V,249.090000'
ptd-server 2022-07-22 05:43:19,050 [INFO] Reply from ptd: 'Range V changed'
ptd-server 2022-07-22 05:43:19,050 [INFO] Sending to ptd: 'SR,A,0.060170'
ptd-server 2022-07-22 05:43:20,552 [INFO] Reply from ptd: 'Range A changed'
ptd-server 2022-07-22 05:43:30,562 [INFO] Starting testing mode
ptd-server 2022-07-22 05:43:30,562 [INFO] Sending to ptd: 'Go,1000,0,2022-07-22_05-32-17_testing'
ptd-server 2022-07-22 05:43:30,563 [INFO] Reply from ptd: 'Starting untimed measurement, maximum 500000 samples at 1000ms with 0 rampup samples'
ptd-server 2022-07-22 05:43:30,563 [INFO] Sending reply to client 'OK'
ptd-server 2022-07-22 05:53:51,529 [INFO] Got command from the client 'session,2022-07-22_05-32-17,stop,testing'
ptd-server 2022-07-22 05:54:01,539 [INFO] Sending to ptd: 'Stop'
ptd-server 2022-07-22 05:54:01,540 [INFO] Reply from ptd: 'Stopping untimed measurement'
ptd-server 2022-07-22 05:54:01,764 [INFO] Sending reply to client 'OK'
ptd-server 2022-07-22 05:54:01,772 [INFO] Got command from the client 'session,2022-07-22_05-32-17,done'
ptd-server 2022-07-22 05:54:01,772 [INFO] Sending to ptd: 'Stop'
ptd-server 2022-07-22 05:54:01,772 [INFO] Reply from ptd: 'Error: no measurement to stop'
ptd-server 2022-07-22 05:54:01,772 [INFO] Sending to ptd: 'SR,V,Auto'
ptd-server 2022-07-22 05:54:02,275 [INFO] Reply from ptd: 'Range V changed'
ptd-server 2022-07-22 05:54:02,275 [INFO] Sending to ptd: 'SR,A,0.500000'
ptd-server 2022-07-22 05:54:03,776 [INFO] Reply from ptd: 'Range A changed'
ptd-server 2022-07-22 05:54:03,776 [INFO] Set initial values for Amps 0.500000 and Volts Auto
ptd-server 2022-07-22 05:54:03,777 [INFO] Stopping ptd...
