ptd-server 2022-08-01 03:55:36,231 [INFO] Got command from the client 'time'
ptd-server 2022-08-01 03:55:36,231 [INFO] Sending reply to client '1659322536.231829'
ptd-server 2022-08-01 03:55:36,232 [INFO] Got command from the client 'new,,0042905d-0404-499b-ba70-b02ef0064cd8'
ptd-server 2022-08-01 03:55:36,233 [INFO] Sending reply to client 'OK 2022-08-01_03-55-36,6e8cf042-659f-49a8-a572-c44af7adaf5e'
ptd-server 2022-08-01 03:55:36,261 [INFO] Got command from the client 'time'
ptd-server 2022-08-01 03:55:36,261 [INFO] Sending reply to client '1659322536.2616024'
ptd-server 2022-08-01 03:55:36,262 [INFO] Got command from the client 'session,2022-08-01_03-55-36,start,ranging'
ptd-server 2022-08-01 03:55:36,262 [INFO] Running PTDaemon: ['/home/anton/projects/mlperf/power/inference_v1.0/ptd-linux-x86', '-l', '/tmp/tmp7lgbo8s4/ptd_logfile.txt', '-p', '8888', '49', '/dev/usbtmc0']
ptd-server 2022-08-01 03:55:53,435 [INFO] Sending to ptd: 'Hello'
ptd-server 2022-08-01 03:55:53,436 [INFO] Reply from ptd: 'Hello, PTDaemon here!'
ptd-server 2022-08-01 03:55:53,436 [INFO] Sending to ptd: 'Identify'
ptd-server 2022-08-01 03:55:53,437 [INFO] Reply from ptd: 'YokogawaWT310E,1000,1,1,1,1,0,1,1,version=1.9.2-e8c7a49a-20201208,OS=Linux 5.13.0-52-generic #59~20.04.1-Ubuntu SMP Thu Jun 16 21:21:28 UTC 2022 x86_64,mode=power,1,1,1,0,0,no_cal_date,YOKOGAWA;WT310E;C3XA04010E;F1.04'
ptd-server 2022-08-01 03:55:53,437 [INFO] Connected to PTDaemon
ptd-server 2022-08-01 03:55:53,437 [INFO] Sending to ptd: 'RR'
ptd-server 2022-08-01 03:55:53,437 [INFO] Reply from ptd: 'Ranges,0,0.500000,1,300.000000'
ptd-server 2022-08-01 03:55:53,437 [INFO] Initial range for Amps is 0.500000 for Volts is Auto
ptd-server 2022-08-01 03:55:53,437 [INFO] Sending to ptd: 'SR,V,Auto'
ptd-server 2022-08-01 03:55:53,940 [INFO] Reply from ptd: 'Range V changed'
ptd-server 2022-08-01 03:55:53,940 [INFO] Sending to ptd: 'SR,A,Auto'
ptd-server 2022-08-01 03:55:54,442 [INFO] Reply from ptd: 'Range A changed'
ptd-server 2022-08-01 03:56:04,453 [INFO] Starting ranging mode
ptd-server 2022-08-01 03:56:04,453 [INFO] Sending to ptd: 'Go,1000,0,2022-08-01_03-55-36_ranging'
ptd-server 2022-08-01 03:56:04,453 [INFO] Reply from ptd: 'Starting untimed measurement, maximum 500000 samples at 1000ms with 0 rampup samples'
ptd-server 2022-08-01 03:56:04,453 [INFO] Sending reply to client 'OK'
ptd-server 2022-08-01 04:06:23,107 [INFO] Got command from the client 'session,2022-08-01_03-55-36,stop,ranging'
ptd-server 2022-08-01 04:06:33,117 [INFO] Sending to ptd: 'Stop'
ptd-server 2022-08-01 04:06:33,118 [INFO] Reply from ptd: 'Stopping untimed measurement'
ptd-server 2022-08-01 04:06:34,468 [INFO] Sending reply to client 'OK'
ptd-server 2022-08-01 04:06:34,538 [INFO] Got command from the client 'time'
ptd-server 2022-08-01 04:06:34,539 [INFO] Sending reply to client '1659323194.5390391'
ptd-server 2022-08-01 04:06:34,540 [INFO] Got command from the client 'session,2022-08-01_03-55-36,start,testing'
ptd-server 2022-08-01 04:06:34,540 [INFO] Sending to ptd: 'SR,V,251.150000'
ptd-server 2022-08-01 04:06:36,041 [INFO] Reply from ptd: 'Range V changed'
ptd-server 2022-08-01 04:06:36,041 [INFO] Sending to ptd: 'SR,A,0.255490'
ptd-server 2022-08-01 04:06:37,543 [INFO] Reply from ptd: 'Range A changed'
ptd-server 2022-08-01 04:06:47,553 [INFO] Starting testing mode
ptd-server 2022-08-01 04:06:47,553 [INFO] Sending to ptd: 'Go,1000,0,2022-08-01_03-55-36_testing'
ptd-server 2022-08-01 04:06:47,554 [INFO] Reply from ptd: 'Starting untimed measurement, maximum 500000 samples at 1000ms with 0 rampup samples'
ptd-server 2022-08-01 04:06:47,554 [INFO] Sending reply to client 'OK'
ptd-server 2022-08-01 04:17:01,684 [INFO] Got command from the client 'session,2022-08-01_03-55-36,stop,testing'
ptd-server 2022-08-01 04:17:11,695 [INFO] Sending to ptd: 'Stop'
ptd-server 2022-08-01 04:17:11,695 [INFO] Reply from ptd: 'Stopping untimed measurement'
ptd-server 2022-08-01 04:17:12,372 [INFO] Sending reply to client 'OK'
ptd-server 2022-08-01 04:17:12,383 [INFO] Got command from the client 'session,2022-08-01_03-55-36,done'
ptd-server 2022-08-01 04:17:12,383 [INFO] Sending to ptd: 'Stop'
ptd-server 2022-08-01 04:17:12,554 [INFO] Reply from ptd: 'Error: no measurement to stop'
ptd-server 2022-08-01 04:17:12,554 [INFO] Sending to ptd: 'SR,V,Auto'
ptd-server 2022-08-01 04:17:13,057 [INFO] Reply from ptd: 'Range V changed'
ptd-server 2022-08-01 04:17:13,057 [INFO] Sending to ptd: 'SR,A,0.500000'
ptd-server 2022-08-01 04:17:14,558 [INFO] Reply from ptd: 'Range A changed'
ptd-server 2022-08-01 04:17:14,559 [INFO] Set initial values for Amps 0.500000 and Volts Auto
ptd-server 2022-08-01 04:17:14,559 [INFO] Stopping ptd...
