ptd-server 2022-07-27 07:43:31,435 [INFO] Got command from the client 'time'
ptd-server 2022-07-27 07:43:31,435 [INFO] Sending reply to client '1658904211.4354725'
ptd-server 2022-07-27 07:43:31,439 [INFO] Got command from the client 'new,,8b52be74-2de0-4baf-8975-f2cac1c41c04'
ptd-server 2022-07-27 07:43:31,440 [INFO] Sending reply to client 'OK 2022-07-27_07-43-31,749e93a3-5e20-459a-84d8-47a25776b099'
ptd-server 2022-07-27 07:43:31,537 [INFO] Got command from the client 'time'
ptd-server 2022-07-27 07:43:31,537 [INFO] Sending reply to client '1658904211.5377514'
ptd-server 2022-07-27 07:43:31,542 [INFO] Got command from the client 'session,2022-07-27_07-43-31,start,ranging'
ptd-server 2022-07-27 07:43:31,542 [INFO] Running PTDaemon: ['/home/anton/projects/mlperf/power/inference_v1.0/ptd-linux-x86', '-l', '/tmp/tmp7lgbo8s4/ptd_logfile.txt', '-p', '8888', '49', '/dev/usbtmc0']
ptd-server 2022-07-27 07:43:48,716 [INFO] Sending to ptd: 'Hello'
ptd-server 2022-07-27 07:43:48,717 [INFO] Reply from ptd: 'Hello, PTDaemon here!'
ptd-server 2022-07-27 07:43:48,717 [INFO] Sending to ptd: 'Identify'
ptd-server 2022-07-27 07:43:48,717 [INFO] Reply from ptd: 'YokogawaWT310E,1000,1,1,1,1,0,1,1,version=1.9.2-e8c7a49a-20201208,OS=Linux 5.13.0-52-generic #59~20.04.1-Ubuntu SMP Thu Jun 16 21:21:28 UTC 2022 x86_64,mode=power,1,1,1,0,0,no_cal_date,YOKOGAWA;WT310E;C3XA04010E;F1.04'
ptd-server 2022-07-27 07:43:48,717 [INFO] Connected to PTDaemon
ptd-server 2022-07-27 07:43:48,718 [INFO] Sending to ptd: 'RR'
ptd-server 2022-07-27 07:43:48,718 [INFO] Reply from ptd: 'Ranges,0,0.500000,1,300.000000'
ptd-server 2022-07-27 07:43:48,718 [INFO] Initial range for Amps is 0.500000 for Volts is Auto
ptd-server 2022-07-27 07:43:48,718 [INFO] Sending to ptd: 'SR,V,Auto'
ptd-server 2022-07-27 07:43:49,221 [INFO] Reply from ptd: 'Range V changed'
ptd-server 2022-07-27 07:43:49,221 [INFO] Sending to ptd: 'SR,A,Auto'
ptd-server 2022-07-27 07:43:49,723 [INFO] Reply from ptd: 'Range A changed'
ptd-server 2022-07-27 07:43:59,734 [INFO] Starting ranging mode
ptd-server 2022-07-27 07:43:59,734 [INFO] Sending to ptd: 'Go,1000,0,2022-07-27_07-43-31_ranging'
ptd-server 2022-07-27 07:43:59,734 [INFO] Reply from ptd: 'Starting untimed measurement, maximum 500000 samples at 1000ms with 0 rampup samples'
ptd-server 2022-07-27 07:43:59,734 [INFO] Sending reply to client 'OK'
ptd-server 2022-07-27 07:54:15,164 [INFO] Got command from the client 'session,2022-07-27_07-43-31,stop,ranging'
ptd-server 2022-07-27 07:54:25,174 [INFO] Sending to ptd: 'Stop'
ptd-server 2022-07-27 07:54:25,175 [INFO] Reply from ptd: 'Stopping untimed measurement'
ptd-server 2022-07-27 07:54:26,115 [INFO] Sending reply to client 'OK'
ptd-server 2022-07-27 07:54:26,303 [INFO] Got command from the client 'time'
ptd-server 2022-07-27 07:54:26,303 [INFO] Sending reply to client '1658904866.3033662'
ptd-server 2022-07-27 07:54:26,308 [INFO] Got command from the client 'session,2022-07-27_07-43-31,start,testing'
ptd-server 2022-07-27 07:54:26,308 [INFO] Sending to ptd: 'SR,V,248.740000'
ptd-server 2022-07-27 07:54:27,810 [INFO] Reply from ptd: 'Range V changed'
ptd-server 2022-07-27 07:54:27,810 [INFO] Sending to ptd: 'SR,A,0.042420'
ptd-server 2022-07-27 07:54:29,311 [INFO] Reply from ptd: 'Range A changed'
ptd-server 2022-07-27 07:54:39,322 [INFO] Starting testing mode
ptd-server 2022-07-27 07:54:39,322 [INFO] Sending to ptd: 'Go,1000,0,2022-07-27_07-43-31_testing'
ptd-server 2022-07-27 07:54:39,322 [INFO] Reply from ptd: 'Starting untimed measurement, maximum 500000 samples at 1000ms with 0 rampup samples'
ptd-server 2022-07-27 07:54:39,322 [INFO] Sending reply to client 'OK'
ptd-server 2022-07-27 08:04:54,386 [INFO] Got command from the client 'session,2022-07-27_07-43-31,stop,testing'
ptd-server 2022-07-27 08:05:04,397 [INFO] Sending to ptd: 'Stop'
ptd-server 2022-07-27 08:05:04,397 [INFO] Reply from ptd: 'Stopping untimed measurement'
ptd-server 2022-07-27 08:05:04,890 [INFO] Sending reply to client 'OK'
ptd-server 2022-07-27 08:05:05,214 [INFO] Got command from the client 'session,2022-07-27_07-43-31,done'
ptd-server 2022-07-27 08:05:05,214 [INFO] Sending to ptd: 'Stop'
ptd-server 2022-07-27 08:05:05,323 [INFO] Reply from ptd: 'Error: no measurement to stop'
ptd-server 2022-07-27 08:05:05,323 [INFO] Sending to ptd: 'SR,V,Auto'
ptd-server 2022-07-27 08:05:05,826 [INFO] Reply from ptd: 'Range V changed'
ptd-server 2022-07-27 08:05:05,826 [INFO] Sending to ptd: 'SR,A,0.500000'
ptd-server 2022-07-27 08:05:07,327 [INFO] Reply from ptd: 'Range A changed'
ptd-server 2022-07-27 08:05:07,327 [INFO] Set initial values for Amps 0.500000 and Volts Auto
ptd-server 2022-07-27 08:05:07,327 [INFO] Stopping ptd...
