ptd-server 2022-08-01 03:12:03,517 [INFO] Got command from the client 'time'
ptd-server 2022-08-01 03:12:03,517 [INFO] Sending reply to client '1659319923.5176444'
ptd-server 2022-08-01 03:12:03,518 [INFO] Got command from the client 'new,,61cf470b-a62f-4680-b767-f62885d12474'
ptd-server 2022-08-01 03:12:03,518 [INFO] Sending reply to client 'OK 2022-08-01_03-12-03,315bd4e2-3ca5-4105-b4c3-8626e2263d7f'
ptd-server 2022-08-01 03:12:03,548 [INFO] Got command from the client 'time'
ptd-server 2022-08-01 03:12:03,548 [INFO] Sending reply to client '1659319923.5483668'
ptd-server 2022-08-01 03:12:03,549 [INFO] Got command from the client 'session,2022-08-01_03-12-03,start,ranging'
ptd-server 2022-08-01 03:12:03,549 [INFO] Running PTDaemon: ['/home/anton/projects/mlperf/power/inference_v1.0/ptd-linux-x86', '-l', '/tmp/tmp7lgbo8s4/ptd_logfile.txt', '-p', '8888', '49', '/dev/usbtmc0']
ptd-server 2022-08-01 03:12:20,722 [INFO] Sending to ptd: 'Hello'
ptd-server 2022-08-01 03:12:20,723 [INFO] Reply from ptd: 'Hello, PTDaemon here!'
ptd-server 2022-08-01 03:12:20,723 [INFO] Sending to ptd: 'Identify'
ptd-server 2022-08-01 03:12:20,724 [INFO] Reply from ptd: 'YokogawaWT310E,1000,1,1,1,1,0,1,1,version=1.9.2-e8c7a49a-20201208,OS=Linux 5.13.0-52-generic #59~20.04.1-Ubuntu SMP Thu Jun 16 21:21:28 UTC 2022 x86_64,mode=power,1,1,1,0,0,no_cal_date,YOKOGAWA;WT310E;C3XA04010E;F1.04'
ptd-server 2022-08-01 03:12:20,724 [INFO] Connected to PTDaemon
ptd-server 2022-08-01 03:12:20,724 [INFO] Sending to ptd: 'RR'
ptd-server 2022-08-01 03:12:20,724 [INFO] Reply from ptd: 'Ranges,0,0.500000,1,300.000000'
ptd-server 2022-08-01 03:12:20,724 [INFO] Initial range for Amps is 0.500000 for Volts is Auto
ptd-server 2022-08-01 03:12:20,725 [INFO] Sending to ptd: 'SR,V,Auto'
ptd-server 2022-08-01 03:12:21,227 [INFO] Reply from ptd: 'Range V changed'
ptd-server 2022-08-01 03:12:21,227 [INFO] Sending to ptd: 'SR,A,Auto'
ptd-server 2022-08-01 03:12:21,730 [INFO] Reply from ptd: 'Range A changed'
ptd-server 2022-08-01 03:12:31,740 [INFO] Starting ranging mode
ptd-server 2022-08-01 03:12:31,740 [INFO] Sending to ptd: 'Go,1000,0,2022-08-01_03-12-03_ranging'
ptd-server 2022-08-01 03:12:31,740 [INFO] Reply from ptd: 'Starting untimed measurement, maximum 500000 samples at 1000ms with 0 rampup samples'
ptd-server 2022-08-01 03:12:31,741 [INFO] Sending reply to client 'OK'
ptd-server 2022-08-01 03:22:48,219 [INFO] Got command from the client 'session,2022-08-01_03-12-03,stop,ranging'
ptd-server 2022-08-01 03:22:58,230 [INFO] Sending to ptd: 'Stop'
ptd-server 2022-08-01 03:22:58,230 [INFO] Reply from ptd: 'Stopping untimed measurement'
ptd-server 2022-08-01 03:22:59,574 [INFO] Sending reply to client 'OK'
ptd-server 2022-08-01 03:22:59,624 [INFO] Got command from the client 'time'
ptd-server 2022-08-01 03:22:59,624 [INFO] Sending reply to client '1659320579.6242194'
ptd-server 2022-08-01 03:22:59,625 [INFO] Got command from the client 'session,2022-08-01_03-12-03,start,testing'
ptd-server 2022-08-01 03:22:59,625 [INFO] Sending to ptd: 'SR,V,251.400000'
ptd-server 2022-08-01 03:23:01,126 [INFO] Reply from ptd: 'Range V changed'
ptd-server 2022-08-01 03:23:01,127 [INFO] Sending to ptd: 'SR,A,0.239900'
ptd-server 2022-08-01 03:23:02,628 [INFO] Reply from ptd: 'Range A changed'
ptd-server 2022-08-01 03:23:12,638 [INFO] Starting testing mode
ptd-server 2022-08-01 03:23:12,638 [INFO] Sending to ptd: 'Go,1000,0,2022-08-01_03-12-03_testing'
ptd-server 2022-08-01 03:23:12,639 [INFO] Reply from ptd: 'Starting untimed measurement, maximum 500000 samples at 1000ms with 0 rampup samples'
ptd-server 2022-08-01 03:23:12,639 [INFO] Sending reply to client 'OK'
ptd-server 2022-08-01 03:33:26,883 [INFO] Got command from the client 'session,2022-08-01_03-12-03,stop,testing'
ptd-server 2022-08-01 03:33:36,893 [INFO] Sending to ptd: 'Stop'
ptd-server 2022-08-01 03:33:36,894 [INFO] Reply from ptd: 'Stopping untimed measurement'
ptd-server 2022-08-01 03:33:37,575 [INFO] Sending reply to client 'OK'
ptd-server 2022-08-01 03:33:37,590 [INFO] Got command from the client 'session,2022-08-01_03-12-03,done'
ptd-server 2022-08-01 03:33:37,590 [INFO] Sending to ptd: 'Stop'
ptd-server 2022-08-01 03:33:37,639 [INFO] Reply from ptd: 'Error: no measurement to stop'
ptd-server 2022-08-01 03:33:37,639 [INFO] Sending to ptd: 'SR,V,Auto'
ptd-server 2022-08-01 03:33:38,142 [INFO] Reply from ptd: 'Range V changed'
ptd-server 2022-08-01 03:33:38,142 [INFO] Sending to ptd: 'SR,A,0.500000'
ptd-server 2022-08-01 03:33:39,644 [INFO] Reply from ptd: 'Range A changed'
ptd-server 2022-08-01 03:33:39,644 [INFO] Set initial values for Amps 0.500000 and Volts Auto
ptd-server 2022-08-01 03:33:39,644 [INFO] Stopping ptd...
