client 2022-08-03 03:25:50,211 [WARNING] Removing loadgen logs directory '/home/yvan/CK/ck-mlperf/program/image-classification-armnn-tflite-loadgen/tmp/loadgen_logs'
client 2022-08-03 03:25:50,212 [INFO] Sending command to the server: 'mlcommons/power client v3'
client 2022-08-03 03:25:50,213 [INFO] Got response: 'mlcommons/power server v3'
client 2022-08-03 03:25:50,213 [INFO] Synchronizing with the server and with time.google.com...
client 2022-08-03 03:25:50,237 [INFO] NTP:offset = 0.004 s, delay = 0.021 s 
client 2022-08-03 03:25:50,238 [INFO] Sending command to the server: 'time'
client 2022-08-03 03:25:50,238 [INFO] Got response: '1659493550.2424905'
client 2022-08-03 03:25:50,239 [INFO] The time difference between the client and the server is within range -4.386 ms..-3.442 ms
client 2022-08-03 03:25:50,239 [INFO] Sending command to the server: 'new,,d5bf9288-cdb7-4168-add1-9dda5050390c'
client 2022-08-03 03:25:50,240 [INFO] Got response: 'OK 2022-08-03_03-25-50,cf3996c9-79a7-43f8-8bba-963ccd61cdea'
client 2022-08-03 03:25:50,240 [INFO] Session id is '2022-08-03_03-25-50'
client 2022-08-03 03:25:50,241 [INFO] Sources: {"sources": {"__init__.py": "da39a3ee5e6b4b0d3255bfef95601890afd80709", "client.py": "33ca4f26368777ac06e01f9567b714a4b8063886", "lib/__init__.py": "da39a3ee5e6b4b0d3255bfef95601890afd80709", "lib/client.py": "4c2b78fb4849a7e5b584ef792d82aaed20b17f57", "lib/common.py": "624d0c0acc7c39aaff3674f0b99d6a09da53d1dc", "lib/external/__init__.py": "da39a3ee5e6b4b0d3255bfef95601890afd80709", "lib/external/ntplib.py": "4da8f970656505a40483206ef2b5d3dd5e81711d", "lib/server.py": "cda0cdfaee9bfa1249c64a7dd4f89b7bf1b279f0", "lib/source_hashes.py": "60a2e02193209e8d392803326208d5466342da18", "lib/summary.py": "aa92f0a3f975eecd44d3c0cd0236342ccc9f941d", "lib/time_sync.py": "3210db56eb0ff0df57bf4293dc4d4b03fffd46f1", "server.py": "c3f90f2f7eeb4db30727556d0c815ebc89b3d28b", "tests/unit/__init__.py": "da39a3ee5e6b4b0d3255bfef95601890afd80709", "tests/unit/test_server.py": "99ae15aef722f2000ee6ed1ae1523637bf1ae42b", "tests/unit/test_source_hashes.py": "00468a2907583c593e6574a1f6b404e4651c221a"}, "modules": {"ptd_client_server.lib.client": "lib/client.py", "ptd_client_server.lib.common": "lib/common.py", "ptd_client_server.lib.external.ntplib": "lib/external/ntplib.py", "ptd_client_server.lib.source_hashes": "lib/source_hashes.py", "ptd_client_server.lib.summary": "lib/summary.py", "ptd_client_server.lib.time_sync": "lib/time_sync.py"}}
client 2022-08-03 03:25:50,241 [INFO] Running workload in ranging mode
client 2022-08-03 03:25:50,241 [INFO] Synchronizing with the server and with time.google.com...
client 2022-08-03 03:25:50,267 [INFO] NTP:offset = 0.002 s, delay = 0.026 s 
client 2022-08-03 03:25:50,267 [INFO] Sending command to the server: 'time'
client 2022-08-03 03:25:50,268 [INFO] Got response: '1659493550.2722578'
client 2022-08-03 03:25:50,268 [INFO] The time difference between the client and the server is within range -4.412 ms..-3.455 ms
client 2022-08-03 03:25:50,268 [INFO] Sending command to the server: 'session,2022-08-03_03-25-50,start,ranging'
client 2022-08-03 03:26:18,464 [INFO] Got response: 'OK'
client 2022-08-03 03:26:18,465 [INFO] Running the workload 'ck benchmark program:image-classification-armnn-tflite-loadgen --env.CK_SILENT_MODE=YES --skip_print_timers --dep_add_tags.compiler=gcc,v9 --dep_add_tags.python=v3 --dep_add_tags.mlperf-inference-src=r2.1 --dep_add_tags.weights=mobilenet,v3-large_224_1.0_float --dep_add_tags.images=crop.875,preprocessed,using-opencv --dep_add_tags.library=armnn,rel.22.05,neon --env.CK_LOADGEN_DATASET_SIZE=1024 --env.CK_LOADGEN_SCENARIO=SingleStream --env.CK_LOADGEN_MODE=PerformanceOnly --env.USE_NEON=1 --env.USE_OPENCL=0 --env.CK_LOADGEN_TARGET_LATENCY=$CK_LOADGEN_TARGET_LATENCY --skip_stat_analysis --process_multi_keys --repetitions=1 --record --record_repo=local --record_uoa=mlperf_v2.1-open-orin-armnn-v22.05-neon-mobilenet-v3-large_224_1.0_float-singlestream-performance-target_latency.$CK_LOADGEN_TARGET_LATENCY-power.workload --tags=mlperf,round.v2.1,division.open,task.image-classification,platform.orin,scenario.singlestream,mode.performance,workload.mobilenet-v3-large_224_1.0_float,preprocessed_using.opencv,inference_engine.armnn,inference_engine_version.v22.05,inference_engine_backend.neon,target_latency.$CK_LOADGEN_TARGET_LATENCY,power.workload "@@@{\'meta\': {\'ck_benchmark_program\': \'ck benchmark program:image-classification-armnn-tflite-loadgen --env.CK_SILENT_MODE=YES --skip_print_timers --dep_add_tags.compiler=gcc,v9 --dep_add_tags.python=v3 --dep_add_tags.mlperf-inference-src=r2.1 --dep_add_tags.weights=mobilenet,v3-large_224_1.0_float --dep_add_tags.images=crop.875,preprocessed,using-opencv --dep_add_tags.library=armnn,rel.22.05,neon --env.CK_LOADGEN_DATASET_SIZE=1024 --env.CK_LOADGEN_SCENARIO=SingleStream --env.CK_LOADGEN_MODE=PerformanceOnly --env.USE_NEON=1 --env.USE_OPENCL=0 --env.CK_LOADGEN_TARGET_LATENCY=$CK_LOADGEN_TARGET_LATENCY --skip_stat_analysis --process_multi_keys --repetitions=1 --record --record_repo=local --record_uoa=mlperf_v2.1-open-orin-armnn-v22.05-neon-mobilenet-v3-large_224_1.0_float-singlestream-performance-target_latency.$CK_LOADGEN_TARGET_LATENCY-power.workload --tags=mlperf,round.v2.1,division.open,task.image-classification,platform.orin,scenario.singlestream,mode.performance,workload.mobilenet-v3-large_224_1.0_float,preprocessed_using.opencv,inference_engine.armnn,inference_engine_version.v22.05,inference_engine_backend.neon,target_latency.$CK_LOADGEN_TARGET_LATENCY,power.workload\'}}" && cat `ck find program:image-classification-armnn-tflite-loadgen`/tmp/mlperf_log_summary.txt && mkdir -p "$CK_MLPERF_POWER_CLIENT_LOADGEN_LOGS" && cp "$CK_MLPERF_POWER_CLIENT_LOADGEN_LOGS"/../mlperf_log_* "$CK_MLPERF_POWER_CLIENT_LOADGEN_LOGS"/'
client 2022-08-03 03:36:30,137 [INFO] Sending command to the server: 'session,2022-08-03_03-25-50,stop,ranging'
client 2022-08-03 03:36:41,722 [INFO] Got response: 'OK'
client 2022-08-03 03:36:41,734 [INFO] Copying loadgen logs from '/home/yvan/CK/ck-mlperf/program/image-classification-armnn-tflite-loadgen/tmp/loadgen_logs' to '/home/yvan/CK/ck-mlperf/program/mlperf-power-client/tmp/2022-08-03_03-25-50/ranging'
client 2022-08-03 03:36:41,736 [INFO] Running workload in testing mode
client 2022-08-03 03:36:41,736 [INFO] Synchronizing with the server and with time.google.com...
client 2022-08-03 03:36:41,789 [INFO] NTP:offset = 0.003 s, delay = 0.024 s 
client 2022-08-03 03:36:41,790 [INFO] Sending command to the server: 'time'
client 2022-08-03 03:36:41,791 [INFO] Got response: '1659494201.7955475'
client 2022-08-03 03:36:41,791 [INFO] The time difference between the client and the server is within range -5.217 ms..-3.842 ms
client 2022-08-03 03:36:41,791 [INFO] Sending command to the server: 'session,2022-08-03_03-25-50,start,testing'
client 2022-08-03 03:36:54,807 [INFO] Got response: 'OK'
client 2022-08-03 03:36:54,808 [INFO] Running the workload 'ck benchmark program:image-classification-armnn-tflite-loadgen --env.CK_SILENT_MODE=YES --skip_print_timers --dep_add_tags.compiler=gcc,v9 --dep_add_tags.python=v3 --dep_add_tags.mlperf-inference-src=r2.1 --dep_add_tags.weights=mobilenet,v3-large_224_1.0_float --dep_add_tags.images=crop.875,preprocessed,using-opencv --dep_add_tags.library=armnn,rel.22.05,neon --env.CK_LOADGEN_DATASET_SIZE=1024 --env.CK_LOADGEN_SCENARIO=SingleStream --env.CK_LOADGEN_MODE=PerformanceOnly --env.USE_NEON=1 --env.USE_OPENCL=0 --env.CK_LOADGEN_TARGET_LATENCY=$CK_LOADGEN_TARGET_LATENCY --skip_stat_analysis --process_multi_keys --repetitions=1 --record --record_repo=local --record_uoa=mlperf_v2.1-open-orin-armnn-v22.05-neon-mobilenet-v3-large_224_1.0_float-singlestream-performance-target_latency.$CK_LOADGEN_TARGET_LATENCY-power.workload --tags=mlperf,round.v2.1,division.open,task.image-classification,platform.orin,scenario.singlestream,mode.performance,workload.mobilenet-v3-large_224_1.0_float,preprocessed_using.opencv,inference_engine.armnn,inference_engine_version.v22.05,inference_engine_backend.neon,target_latency.$CK_LOADGEN_TARGET_LATENCY,power.workload "@@@{\'meta\': {\'ck_benchmark_program\': \'ck benchmark program:image-classification-armnn-tflite-loadgen --env.CK_SILENT_MODE=YES --skip_print_timers --dep_add_tags.compiler=gcc,v9 --dep_add_tags.python=v3 --dep_add_tags.mlperf-inference-src=r2.1 --dep_add_tags.weights=mobilenet,v3-large_224_1.0_float --dep_add_tags.images=crop.875,preprocessed,using-opencv --dep_add_tags.library=armnn,rel.22.05,neon --env.CK_LOADGEN_DATASET_SIZE=1024 --env.CK_LOADGEN_SCENARIO=SingleStream --env.CK_LOADGEN_MODE=PerformanceOnly --env.USE_NEON=1 --env.USE_OPENCL=0 --env.CK_LOADGEN_TARGET_LATENCY=$CK_LOADGEN_TARGET_LATENCY --skip_stat_analysis --process_multi_keys --repetitions=1 --record --record_repo=local --record_uoa=mlperf_v2.1-open-orin-armnn-v22.05-neon-mobilenet-v3-large_224_1.0_float-singlestream-performance-target_latency.$CK_LOADGEN_TARGET_LATENCY-power.workload --tags=mlperf,round.v2.1,division.open,task.image-classification,platform.orin,scenario.singlestream,mode.performance,workload.mobilenet-v3-large_224_1.0_float,preprocessed_using.opencv,inference_engine.armnn,inference_engine_version.v22.05,inference_engine_backend.neon,target_latency.$CK_LOADGEN_TARGET_LATENCY,power.workload\'}}" && cat `ck find program:image-classification-armnn-tflite-loadgen`/tmp/mlperf_log_summary.txt && mkdir -p "$CK_MLPERF_POWER_CLIENT_LOADGEN_LOGS" && cp "$CK_MLPERF_POWER_CLIENT_LOADGEN_LOGS"/../mlperf_log_* "$CK_MLPERF_POWER_CLIENT_LOADGEN_LOGS"/'
client 2022-08-03 03:47:06,274 [INFO] Sending command to the server: 'session,2022-08-03_03-25-50,stop,testing'
client 2022-08-03 03:47:17,082 [INFO] Got response: 'OK'
client 2022-08-03 03:47:17,087 [INFO] Copying loadgen logs from '/home/yvan/CK/ck-mlperf/program/image-classification-armnn-tflite-loadgen/tmp/loadgen_logs' to '/home/yvan/CK/ck-mlperf/program/mlperf-power-client/tmp/2022-08-03_03-25-50/run_1'
client 2022-08-03 03:47:17,089 [INFO] Done runs
