ptd-server 2022-07-21 13:02:34,431 [INFO] Got command from the client 'time'
ptd-server 2022-07-21 13:02:34,432 [INFO] Sending reply to client '1658404954.4320114'
ptd-server 2022-07-21 13:02:34,433 [INFO] Got command from the client 'new,,ff14cf8a-8bb5-40db-8367-570d734ce173'
ptd-server 2022-07-21 13:02:34,433 [INFO] Sending reply to client 'OK 2022-07-21_13-02-34,3a7ee9ac-0912-453d-86ba-1af792aee358'
ptd-server 2022-07-21 13:02:34,461 [INFO] Got command from the client 'time'
ptd-server 2022-07-21 13:02:34,461 [INFO] Sending reply to client '1658404954.4619508'
ptd-server 2022-07-21 13:02:34,463 [INFO] Got command from the client 'session,2022-07-21_13-02-34,start,ranging'
ptd-server 2022-07-21 13:02:34,463 [INFO] Running PTDaemon: ['/home/anton/projects/mlperf/power/inference_v1.0/ptd-linux-x86', '-l', '/tmp/tmp7lgbo8s4/ptd_logfile.txt', '-p', '8888', '49', '/dev/usbtmc0']
ptd-server 2022-07-21 13:02:51,637 [INFO] Sending to ptd: 'Hello'
ptd-server 2022-07-21 13:02:51,637 [INFO] Reply from ptd: 'Hello, PTDaemon here!'
ptd-server 2022-07-21 13:02:51,638 [INFO] Sending to ptd: 'Identify'
ptd-server 2022-07-21 13:02:51,638 [INFO] Reply from ptd: 'YokogawaWT310E,1000,1,1,1,1,0,1,1,version=1.9.2-e8c7a49a-20201208,OS=Linux 5.13.0-52-generic #59~20.04.1-Ubuntu SMP Thu Jun 16 21:21:28 UTC 2022 x86_64,mode=power,1,1,1,0,0,no_cal_date,YOKOGAWA;WT310E;C3XA04010E;F1.04'
ptd-server 2022-07-21 13:02:51,638 [INFO] Connected to PTDaemon
ptd-server 2022-07-21 13:02:51,638 [INFO] Sending to ptd: 'RR'
ptd-server 2022-07-21 13:02:51,638 [INFO] Reply from ptd: 'Ranges,0,0.500000,1,300.000000'
ptd-server 2022-07-21 13:02:51,639 [INFO] Initial range for Amps is 0.500000 for Volts is Auto
ptd-server 2022-07-21 13:02:51,639 [INFO] Sending to ptd: 'SR,V,Auto'
ptd-server 2022-07-21 13:02:52,141 [INFO] Reply from ptd: 'Range V changed'
ptd-server 2022-07-21 13:02:52,141 [INFO] Sending to ptd: 'SR,A,Auto'
ptd-server 2022-07-21 13:02:52,644 [INFO] Reply from ptd: 'Range A changed'
ptd-server 2022-07-21 13:03:02,654 [INFO] Starting ranging mode
ptd-server 2022-07-21 13:03:02,654 [INFO] Sending to ptd: 'Go,1000,0,2022-07-21_13-02-34_ranging'
ptd-server 2022-07-21 13:03:02,655 [INFO] Reply from ptd: 'Starting untimed measurement, maximum 500000 samples at 1000ms with 0 rampup samples'
ptd-server 2022-07-21 13:03:02,655 [INFO] Sending reply to client 'OK'
ptd-server 2022-07-21 13:13:23,727 [INFO] Got command from the client 'session,2022-07-21_13-02-34,stop,ranging'
ptd-server 2022-07-21 13:13:33,738 [INFO] Sending to ptd: 'Stop'
ptd-server 2022-07-21 13:13:33,738 [INFO] Reply from ptd: 'Stopping untimed measurement'
ptd-server 2022-07-21 13:13:34,074 [INFO] Sending reply to client 'OK'
ptd-server 2022-07-21 13:13:34,138 [INFO] Got command from the client 'time'
ptd-server 2022-07-21 13:13:34,138 [INFO] Sending reply to client '1658405614.138351'
ptd-server 2022-07-21 13:13:34,139 [INFO] Got command from the client 'session,2022-07-21_13-02-34,start,testing'
ptd-server 2022-07-21 13:13:34,139 [INFO] Sending to ptd: 'SR,V,251.500000'
ptd-server 2022-07-21 13:13:36,157 [INFO] Reply from ptd: 'Range V changed'
ptd-server 2022-07-21 13:13:36,157 [INFO] Sending to ptd: 'SR,A,0.067950'
ptd-server 2022-07-21 13:13:37,659 [INFO] Reply from ptd: 'Range A changed'
ptd-server 2022-07-21 13:13:47,669 [INFO] Starting testing mode
ptd-server 2022-07-21 13:13:47,669 [INFO] Sending to ptd: 'Go,1000,0,2022-07-21_13-02-34_testing'
ptd-server 2022-07-21 13:13:47,670 [INFO] Reply from ptd: 'Starting untimed measurement, maximum 500000 samples at 1000ms with 0 rampup samples'
ptd-server 2022-07-21 13:13:47,670 [INFO] Sending reply to client 'OK'
ptd-server 2022-07-21 13:24:08,655 [INFO] Got command from the client 'session,2022-07-21_13-02-34,stop,testing'
ptd-server 2022-07-21 13:24:18,665 [INFO] Sending to ptd: 'Stop'
ptd-server 2022-07-21 13:24:18,666 [INFO] Reply from ptd: 'Stopping untimed measurement'
ptd-server 2022-07-21 13:24:18,861 [INFO] Sending reply to client 'OK'
ptd-server 2022-07-21 13:24:18,870 [INFO] Got command from the client 'session,2022-07-21_13-02-34,done'
ptd-server 2022-07-21 13:24:18,870 [INFO] Sending to ptd: 'Stop'
ptd-server 2022-07-21 13:24:18,870 [INFO] Reply from ptd: 'Error: no measurement to stop'
ptd-server 2022-07-21 13:24:18,870 [INFO] Sending to ptd: 'SR,V,Auto'
ptd-server 2022-07-21 13:24:19,373 [INFO] Reply from ptd: 'Range V changed'
ptd-server 2022-07-21 13:24:19,373 [INFO] Sending to ptd: 'SR,A,0.500000'
ptd-server 2022-07-21 13:24:20,874 [INFO] Reply from ptd: 'Range A changed'
ptd-server 2022-07-21 13:24:20,874 [INFO] Set initial values for Amps 0.500000 and Volts Auto
ptd-server 2022-07-21 13:24:20,875 [INFO] Stopping ptd...
