ptd-server 2022-07-27 13:52:56,658 [INFO] Got command from the client 'time'
ptd-server 2022-07-27 13:52:56,658 [INFO] Sending reply to client '1658926376.6584544'
ptd-server 2022-07-27 13:52:56,661 [INFO] Got command from the client 'new,,067402f9-3272-4ab7-8493-96f5c994a8d4'
ptd-server 2022-07-27 13:52:56,662 [INFO] Sending reply to client 'OK 2022-07-27_13-52-56,99092b30-7271-4ede-acea-86efbf3311b5'
ptd-server 2022-07-27 13:52:56,704 [INFO] Got command from the client 'time'
ptd-server 2022-07-27 13:52:56,705 [INFO] Sending reply to client '1658926376.7050827'
ptd-server 2022-07-27 13:52:56,710 [INFO] Got command from the client 'session,2022-07-27_13-52-56,start,ranging'
ptd-server 2022-07-27 13:52:56,710 [INFO] Running PTDaemon: ['/home/anton/projects/mlperf/power/inference_v1.0/ptd-linux-x86', '-l', '/tmp/tmp7lgbo8s4/ptd_logfile.txt', '-p', '8888', '49', '/dev/usbtmc0']
ptd-server 2022-07-27 13:53:13,885 [INFO] Sending to ptd: 'Hello'
ptd-server 2022-07-27 13:53:13,886 [INFO] Reply from ptd: 'Hello, PTDaemon here!'
ptd-server 2022-07-27 13:53:13,886 [INFO] Sending to ptd: 'Identify'
ptd-server 2022-07-27 13:53:13,887 [INFO] Reply from ptd: 'YokogawaWT310E,1000,1,1,1,1,0,1,1,version=1.9.2-e8c7a49a-20201208,OS=Linux 5.13.0-52-generic #59~20.04.1-Ubuntu SMP Thu Jun 16 21:21:28 UTC 2022 x86_64,mode=power,1,1,1,0,0,no_cal_date,YOKOGAWA;WT310E;C3XA04010E;F1.04'
ptd-server 2022-07-27 13:53:13,887 [INFO] Connected to PTDaemon
ptd-server 2022-07-27 13:53:13,887 [INFO] Sending to ptd: 'RR'
ptd-server 2022-07-27 13:53:13,887 [INFO] Reply from ptd: 'Ranges,0,0.500000,1,300.000000'
ptd-server 2022-07-27 13:53:13,887 [INFO] Initial range for Amps is 0.500000 for Volts is Auto
ptd-server 2022-07-27 13:53:13,888 [INFO] Sending to ptd: 'SR,V,Auto'
ptd-server 2022-07-27 13:53:14,390 [INFO] Reply from ptd: 'Range V changed'
ptd-server 2022-07-27 13:53:14,390 [INFO] Sending to ptd: 'SR,A,Auto'
ptd-server 2022-07-27 13:53:14,893 [INFO] Reply from ptd: 'Range A changed'
ptd-server 2022-07-27 13:53:24,903 [INFO] Starting ranging mode
ptd-server 2022-07-27 13:53:24,903 [INFO] Sending to ptd: 'Go,1000,0,2022-07-27_13-52-56_ranging'
ptd-server 2022-07-27 13:53:24,904 [INFO] Reply from ptd: 'Starting untimed measurement, maximum 500000 samples at 1000ms with 0 rampup samples'
ptd-server 2022-07-27 13:53:24,904 [INFO] Sending reply to client 'OK'
ptd-server 2022-07-27 14:03:40,275 [INFO] Got command from the client 'session,2022-07-27_13-52-56,stop,ranging'
ptd-server 2022-07-27 14:03:50,285 [INFO] Sending to ptd: 'Stop'
ptd-server 2022-07-27 14:03:50,286 [INFO] Reply from ptd: 'Stopping untimed measurement'
ptd-server 2022-07-27 14:03:51,274 [INFO] Sending reply to client 'OK'
ptd-server 2022-07-27 14:03:51,351 [INFO] Got command from the client 'time'
ptd-server 2022-07-27 14:03:51,351 [INFO] Sending reply to client '1658927031.3515146'
ptd-server 2022-07-27 14:03:51,356 [INFO] Got command from the client 'session,2022-07-27_13-52-56,start,testing'
ptd-server 2022-07-27 14:03:51,356 [INFO] Sending to ptd: 'SR,V,251.970000'
ptd-server 2022-07-27 14:03:52,858 [INFO] Reply from ptd: 'Range V changed'
ptd-server 2022-07-27 14:03:52,858 [INFO] Sending to ptd: 'SR,A,0.044880'
ptd-server 2022-07-27 14:03:54,359 [INFO] Reply from ptd: 'Range A changed'
ptd-server 2022-07-27 14:04:04,369 [INFO] Starting testing mode
ptd-server 2022-07-27 14:04:04,370 [INFO] Sending to ptd: 'Go,1000,0,2022-07-27_13-52-56_testing'
ptd-server 2022-07-27 14:04:04,370 [INFO] Reply from ptd: 'Starting untimed measurement, maximum 500000 samples at 1000ms with 0 rampup samples'
ptd-server 2022-07-27 14:04:04,370 [INFO] Sending reply to client 'OK'
ptd-server 2022-07-27 14:14:19,381 [INFO] Got command from the client 'session,2022-07-27_13-52-56,stop,testing'
ptd-server 2022-07-27 14:14:29,391 [INFO] Sending to ptd: 'Stop'
ptd-server 2022-07-27 14:14:29,392 [INFO] Reply from ptd: 'Stopping untimed measurement'
ptd-server 2022-07-27 14:14:29,894 [INFO] Sending reply to client 'OK'
ptd-server 2022-07-27 14:14:29,915 [INFO] Got command from the client 'session,2022-07-27_13-52-56,done'
ptd-server 2022-07-27 14:14:29,915 [INFO] Sending to ptd: 'Stop'
ptd-server 2022-07-27 14:14:30,370 [INFO] Reply from ptd: 'Error: no measurement to stop'
ptd-server 2022-07-27 14:14:30,370 [INFO] Sending to ptd: 'SR,V,Auto'
ptd-server 2022-07-27 14:14:30,873 [INFO] Reply from ptd: 'Range V changed'
ptd-server 2022-07-27 14:14:30,873 [INFO] Sending to ptd: 'SR,A,0.500000'
ptd-server 2022-07-27 14:14:32,374 [INFO] Reply from ptd: 'Range A changed'
ptd-server 2022-07-27 14:14:32,374 [INFO] Set initial values for Amps 0.500000 and Volts Auto
ptd-server 2022-07-27 14:14:32,375 [INFO] Stopping ptd...
