ptd-server 2022-07-28 07:58:28,595 [INFO] Got command from the client 'time'
ptd-server 2022-07-28 07:58:28,595 [INFO] Sending reply to client '1658991508.5956397'
ptd-server 2022-07-28 07:58:28,599 [INFO] Got command from the client 'new,,f84231cc-a705-40ec-af44-7d323d675d03'
ptd-server 2022-07-28 07:58:28,599 [INFO] Sending reply to client 'OK 2022-07-28_07-58-28,3d54ca95-4986-42ab-92dc-dfd767e852ce'
ptd-server 2022-07-28 07:58:28,699 [INFO] Got command from the client 'time'
ptd-server 2022-07-28 07:58:28,699 [INFO] Sending reply to client '1658991508.6998274'
ptd-server 2022-07-28 07:58:28,703 [INFO] Got command from the client 'session,2022-07-28_07-58-28,start,ranging'
ptd-server 2022-07-28 07:58:28,704 [INFO] Running PTDaemon: ['/home/anton/projects/mlperf/power/inference_v1.0/ptd-linux-x86', '-l', '/tmp/tmp7lgbo8s4/ptd_logfile.txt', '-p', '8888', '49', '/dev/usbtmc0']
ptd-server 2022-07-28 07:58:45,877 [INFO] Sending to ptd: 'Hello'
ptd-server 2022-07-28 07:58:45,878 [INFO] Reply from ptd: 'Hello, PTDaemon here!'
ptd-server 2022-07-28 07:58:45,878 [INFO] Sending to ptd: 'Identify'
ptd-server 2022-07-28 07:58:45,878 [INFO] Reply from ptd: 'YokogawaWT310E,1000,1,1,1,1,0,1,1,version=1.9.2-e8c7a49a-20201208,OS=Linux 5.13.0-52-generic #59~20.04.1-Ubuntu SMP Thu Jun 16 21:21:28 UTC 2022 x86_64,mode=power,1,1,1,0,0,no_cal_date,YOKOGAWA;WT310E;C3XA04010E;F1.04'
ptd-server 2022-07-28 07:58:45,879 [INFO] Connected to PTDaemon
ptd-server 2022-07-28 07:58:45,879 [INFO] Sending to ptd: 'RR'
ptd-server 2022-07-28 07:58:45,879 [INFO] Reply from ptd: 'Ranges,0,0.500000,1,300.000000'
ptd-server 2022-07-28 07:58:45,879 [INFO] Initial range for Amps is 0.500000 for Volts is Auto
ptd-server 2022-07-28 07:58:45,879 [INFO] Sending to ptd: 'SR,V,Auto'
ptd-server 2022-07-28 07:58:46,382 [INFO] Reply from ptd: 'Range V changed'
ptd-server 2022-07-28 07:58:46,382 [INFO] Sending to ptd: 'SR,A,Auto'
ptd-server 2022-07-28 07:58:46,884 [INFO] Reply from ptd: 'Range A changed'
ptd-server 2022-07-28 07:58:56,895 [INFO] Starting ranging mode
ptd-server 2022-07-28 07:58:56,895 [INFO] Sending to ptd: 'Go,1000,0,2022-07-28_07-58-28_ranging'
ptd-server 2022-07-28 07:58:56,895 [INFO] Reply from ptd: 'Starting untimed measurement, maximum 500000 samples at 1000ms with 0 rampup samples'
ptd-server 2022-07-28 07:58:56,895 [INFO] Sending reply to client 'OK'
ptd-server 2022-07-28 08:09:12,343 [INFO] Got command from the client 'session,2022-07-28_07-58-28,stop,ranging'
ptd-server 2022-07-28 08:09:22,353 [INFO] Sending to ptd: 'Stop'
ptd-server 2022-07-28 08:09:22,354 [INFO] Reply from ptd: 'Stopping untimed measurement'
ptd-server 2022-07-28 08:09:23,411 [INFO] Sending reply to client 'OK'
ptd-server 2022-07-28 08:09:23,559 [INFO] Got command from the client 'time'
ptd-server 2022-07-28 08:09:23,559 [INFO] Sending reply to client '1658992163.5596073'
ptd-server 2022-07-28 08:09:23,564 [INFO] Got command from the client 'session,2022-07-28_07-58-28,start,testing'
ptd-server 2022-07-28 08:09:23,564 [INFO] Sending to ptd: 'SR,V,251.510000'
ptd-server 2022-07-28 08:09:25,065 [INFO] Reply from ptd: 'Range V changed'
ptd-server 2022-07-28 08:09:25,065 [INFO] Sending to ptd: 'SR,A,0.052820'
ptd-server 2022-07-28 08:09:26,567 [INFO] Reply from ptd: 'Range A changed'
ptd-server 2022-07-28 08:09:36,577 [INFO] Starting testing mode
ptd-server 2022-07-28 08:09:36,577 [INFO] Sending to ptd: 'Go,1000,0,2022-07-28_07-58-28_testing'
ptd-server 2022-07-28 08:09:36,578 [INFO] Reply from ptd: 'Starting untimed measurement, maximum 500000 samples at 1000ms with 0 rampup samples'
ptd-server 2022-07-28 08:09:36,578 [INFO] Sending reply to client 'OK'
ptd-server 2022-07-28 08:19:51,964 [INFO] Got command from the client 'session,2022-07-28_07-58-28,stop,testing'
ptd-server 2022-07-28 08:20:01,974 [INFO] Sending to ptd: 'Stop'
ptd-server 2022-07-28 08:20:01,974 [INFO] Reply from ptd: 'Stopping untimed measurement'
ptd-server 2022-07-28 08:20:02,509 [INFO] Sending reply to client 'OK'
ptd-server 2022-07-28 08:20:02,529 [INFO] Got command from the client 'session,2022-07-28_07-58-28,done'
ptd-server 2022-07-28 08:20:02,530 [INFO] Sending to ptd: 'Stop'
ptd-server 2022-07-28 08:20:02,579 [INFO] Reply from ptd: 'Error: no measurement to stop'
ptd-server 2022-07-28 08:20:02,579 [INFO] Sending to ptd: 'SR,V,Auto'
ptd-server 2022-07-28 08:20:03,082 [INFO] Reply from ptd: 'Range V changed'
ptd-server 2022-07-28 08:20:03,082 [INFO] Sending to ptd: 'SR,A,0.500000'
ptd-server 2022-07-28 08:20:04,583 [INFO] Reply from ptd: 'Range A changed'
ptd-server 2022-07-28 08:20:04,583 [INFO] Set initial values for Amps 0.500000 and Volts Auto
ptd-server 2022-07-28 08:20:04,583 [INFO] Stopping ptd...
