ptd-server 2022-07-20 03:24:51,069 [INFO] Got command from the client 'time'
ptd-server 2022-07-20 03:24:51,069 [INFO] Sending reply to client '1658283891.0698748'
ptd-server 2022-07-20 03:24:51,073 [INFO] Got command from the client 'new,,785bc49e-18ba-4549-94cf-79d93e9c9ccd'
ptd-server 2022-07-20 03:24:51,074 [INFO] Sending reply to client 'OK 2022-07-20_03-24-51,34653d1c-e316-4fc5-bf99-7c4a77ae52ff'
ptd-server 2022-07-20 03:24:51,172 [INFO] Got command from the client 'time'
ptd-server 2022-07-20 03:24:51,173 [INFO] Sending reply to client '1658283891.173078'
ptd-server 2022-07-20 03:24:51,176 [INFO] Got command from the client 'session,2022-07-20_03-24-51,start,ranging'
ptd-server 2022-07-20 03:24:51,177 [INFO] Running PTDaemon: ['/home/anton/projects/mlperf/power/inference_v1.0/ptd-linux-x86', '-l', '/tmp/tmp7lgbo8s4/ptd_logfile.txt', '-p', '8888', '49', '/dev/usbtmc0']
ptd-server 2022-07-20 03:25:08,351 [INFO] Sending to ptd: 'Hello'
ptd-server 2022-07-20 03:25:08,351 [INFO] Reply from ptd: 'Hello, PTDaemon here!'
ptd-server 2022-07-20 03:25:08,351 [INFO] Sending to ptd: 'Identify'
ptd-server 2022-07-20 03:25:08,352 [INFO] Reply from ptd: 'YokogawaWT310E,1000,1,1,1,1,0,1,1,version=1.9.2-e8c7a49a-20201208,OS=Linux 5.13.0-52-generic #59~20.04.1-Ubuntu SMP Thu Jun 16 21:21:28 UTC 2022 x86_64,mode=power,1,1,1,0,0,no_cal_date,YOKOGAWA;WT310E;C3XA04010E;F1.04'
ptd-server 2022-07-20 03:25:08,352 [INFO] Connected to PTDaemon
ptd-server 2022-07-20 03:25:08,352 [INFO] Sending to ptd: 'RR'
ptd-server 2022-07-20 03:25:08,352 [INFO] Reply from ptd: 'Ranges,0,0.500000,1,300.000000'
ptd-server 2022-07-20 03:25:08,352 [INFO] Initial range for Amps is 0.500000 for Volts is Auto
ptd-server 2022-07-20 03:25:08,353 [INFO] Sending to ptd: 'SR,V,Auto'
ptd-server 2022-07-20 03:25:08,855 [INFO] Reply from ptd: 'Range V changed'
ptd-server 2022-07-20 03:25:08,855 [INFO] Sending to ptd: 'SR,A,Auto'
ptd-server 2022-07-20 03:25:09,358 [INFO] Reply from ptd: 'Range A changed'
ptd-server 2022-07-20 03:25:19,368 [INFO] Starting ranging mode
ptd-server 2022-07-20 03:25:19,368 [INFO] Sending to ptd: 'Go,1000,0,2022-07-20_03-24-51_ranging'
ptd-server 2022-07-20 03:25:19,368 [INFO] Reply from ptd: 'Starting untimed measurement, maximum 500000 samples at 1000ms with 0 rampup samples'
ptd-server 2022-07-20 03:25:19,369 [INFO] Sending reply to client 'OK'
ptd-server 2022-07-20 03:35:37,896 [INFO] Got command from the client 'session,2022-07-20_03-24-51,stop,ranging'
ptd-server 2022-07-20 03:35:47,906 [INFO] Sending to ptd: 'Stop'
ptd-server 2022-07-20 03:35:47,907 [INFO] Reply from ptd: 'Stopping untimed measurement'
ptd-server 2022-07-20 03:35:48,077 [INFO] Sending reply to client 'OK'
ptd-server 2022-07-20 03:35:48,293 [INFO] Got command from the client 'time'
ptd-server 2022-07-20 03:35:48,294 [INFO] Sending reply to client '1658284548.2941027'
ptd-server 2022-07-20 03:35:48,298 [INFO] Got command from the client 'session,2022-07-20_03-24-51,start,testing'
ptd-server 2022-07-20 03:35:48,298 [INFO] Sending to ptd: 'SR,V,250.690000'
ptd-server 2022-07-20 03:35:49,870 [INFO] Reply from ptd: 'Range V changed'
ptd-server 2022-07-20 03:35:49,870 [INFO] Sending to ptd: 'SR,A,0.078820'
ptd-server 2022-07-20 03:35:51,371 [INFO] Reply from ptd: 'Range A changed'
ptd-server 2022-07-20 03:36:01,381 [INFO] Starting testing mode
ptd-server 2022-07-20 03:36:01,382 [INFO] Sending to ptd: 'Go,1000,0,2022-07-20_03-24-51_testing'
ptd-server 2022-07-20 03:36:01,382 [INFO] Reply from ptd: 'Starting untimed measurement, maximum 500000 samples at 1000ms with 0 rampup samples'
ptd-server 2022-07-20 03:36:01,382 [INFO] Sending reply to client 'OK'
ptd-server 2022-07-20 03:46:19,848 [INFO] Got command from the client 'session,2022-07-20_03-24-51,stop,testing'
ptd-server 2022-07-20 03:46:29,858 [INFO] Sending to ptd: 'Stop'
ptd-server 2022-07-20 03:46:29,858 [INFO] Reply from ptd: 'Stopping untimed measurement'
ptd-server 2022-07-20 03:46:29,950 [INFO] Sending reply to client 'OK'
ptd-server 2022-07-20 03:46:30,070 [INFO] Got command from the client 'session,2022-07-20_03-24-51,done'
ptd-server 2022-07-20 03:46:30,070 [INFO] Sending to ptd: 'Stop'
ptd-server 2022-07-20 03:46:30,382 [INFO] Reply from ptd: 'Error: no measurement to stop'
ptd-server 2022-07-20 03:46:30,383 [INFO] Sending to ptd: 'SR,V,Auto'
ptd-server 2022-07-20 03:46:30,885 [INFO] Reply from ptd: 'Range V changed'
ptd-server 2022-07-20 03:46:30,885 [INFO] Sending to ptd: 'SR,A,0.500000'
ptd-server 2022-07-20 03:46:32,387 [INFO] Reply from ptd: 'Range A changed'
ptd-server 2022-07-20 03:46:32,387 [INFO] Set initial values for Amps 0.500000 and Volts Auto
ptd-server 2022-07-20 03:46:32,387 [INFO] Stopping ptd...
