ptd-server 2022-07-28 05:48:02,594 [INFO] Got command from the client 'time'
ptd-server 2022-07-28 05:48:02,594 [INFO] Sending reply to client '1658983682.59443'
ptd-server 2022-07-28 05:48:02,598 [INFO] Got command from the client 'new,,3f0074b1-df0e-4113-87e0-3928c2681cd9'
ptd-server 2022-07-28 05:48:02,599 [INFO] Sending reply to client 'OK 2022-07-28_05-48-02,2a0da797-8f97-4da3-8585-5299488c1fec'
ptd-server 2022-07-28 05:48:02,697 [INFO] Got command from the client 'time'
ptd-server 2022-07-28 05:48:02,697 [INFO] Sending reply to client '1658983682.6975944'
ptd-server 2022-07-28 05:48:02,701 [INFO] Got command from the client 'session,2022-07-28_05-48-02,start,ranging'
ptd-server 2022-07-28 05:48:02,701 [INFO] Running PTDaemon: ['/home/anton/projects/mlperf/power/inference_v1.0/ptd-linux-x86', '-l', '/tmp/tmp7lgbo8s4/ptd_logfile.txt', '-p', '8888', '49', '/dev/usbtmc0']
ptd-server 2022-07-28 05:48:19,875 [INFO] Sending to ptd: 'Hello'
ptd-server 2022-07-28 05:48:19,876 [INFO] Reply from ptd: 'Hello, PTDaemon here!'
ptd-server 2022-07-28 05:48:19,876 [INFO] Sending to ptd: 'Identify'
ptd-server 2022-07-28 05:48:19,876 [INFO] Reply from ptd: 'YokogawaWT310E,1000,1,1,1,1,0,1,1,version=1.9.2-e8c7a49a-20201208,OS=Linux 5.13.0-52-generic #59~20.04.1-Ubuntu SMP Thu Jun 16 21:21:28 UTC 2022 x86_64,mode=power,1,1,1,0,0,no_cal_date,YOKOGAWA;WT310E;C3XA04010E;F1.04'
ptd-server 2022-07-28 05:48:19,876 [INFO] Connected to PTDaemon
ptd-server 2022-07-28 05:48:19,876 [INFO] Sending to ptd: 'RR'
ptd-server 2022-07-28 05:48:19,877 [INFO] Reply from ptd: 'Ranges,0,0.500000,1,300.000000'
ptd-server 2022-07-28 05:48:19,877 [INFO] Initial range for Amps is 0.500000 for Volts is Auto
ptd-server 2022-07-28 05:48:19,877 [INFO] Sending to ptd: 'SR,V,Auto'
ptd-server 2022-07-28 05:48:20,380 [INFO] Reply from ptd: 'Range V changed'
ptd-server 2022-07-28 05:48:20,380 [INFO] Sending to ptd: 'SR,A,Auto'
ptd-server 2022-07-28 05:48:20,882 [INFO] Reply from ptd: 'Range A changed'
ptd-server 2022-07-28 05:48:30,892 [INFO] Starting ranging mode
ptd-server 2022-07-28 05:48:30,893 [INFO] Sending to ptd: 'Go,1000,0,2022-07-28_05-48-02_ranging'
ptd-server 2022-07-28 05:48:30,893 [INFO] Reply from ptd: 'Starting untimed measurement, maximum 500000 samples at 1000ms with 0 rampup samples'
ptd-server 2022-07-28 05:48:30,893 [INFO] Sending reply to client 'OK'
ptd-server 2022-07-28 05:58:46,241 [INFO] Got command from the client 'session,2022-07-28_05-48-02,stop,ranging'
ptd-server 2022-07-28 05:58:56,251 [INFO] Sending to ptd: 'Stop'
ptd-server 2022-07-28 05:58:56,251 [INFO] Reply from ptd: 'Stopping untimed measurement'
ptd-server 2022-07-28 05:58:57,293 [INFO] Sending reply to client 'OK'
ptd-server 2022-07-28 05:58:57,457 [INFO] Got command from the client 'time'
ptd-server 2022-07-28 05:58:57,457 [INFO] Sending reply to client '1658984337.4579432'
ptd-server 2022-07-28 05:58:57,462 [INFO] Got command from the client 'session,2022-07-28_05-48-02,start,testing'
ptd-server 2022-07-28 05:58:57,463 [INFO] Sending to ptd: 'SR,V,249.400000'
ptd-server 2022-07-28 05:58:58,964 [INFO] Reply from ptd: 'Range V changed'
ptd-server 2022-07-28 05:58:58,964 [INFO] Sending to ptd: 'SR,A,0.047770'
ptd-server 2022-07-28 05:59:00,466 [INFO] Reply from ptd: 'Range A changed'
ptd-server 2022-07-28 05:59:10,476 [INFO] Starting testing mode
ptd-server 2022-07-28 05:59:10,476 [INFO] Sending to ptd: 'Go,1000,0,2022-07-28_05-48-02_testing'
ptd-server 2022-07-28 05:59:10,476 [INFO] Reply from ptd: 'Starting untimed measurement, maximum 500000 samples at 1000ms with 0 rampup samples'
ptd-server 2022-07-28 05:59:10,477 [INFO] Sending reply to client 'OK'
ptd-server 2022-07-28 06:09:25,738 [INFO] Got command from the client 'session,2022-07-28_05-48-02,stop,testing'
ptd-server 2022-07-28 06:09:35,749 [INFO] Sending to ptd: 'Stop'
ptd-server 2022-07-28 06:09:35,749 [INFO] Reply from ptd: 'Stopping untimed measurement'
ptd-server 2022-07-28 06:09:36,276 [INFO] Sending reply to client 'OK'
ptd-server 2022-07-28 06:09:36,363 [INFO] Got command from the client 'session,2022-07-28_05-48-02,done'
ptd-server 2022-07-28 06:09:36,363 [INFO] Sending to ptd: 'Stop'
ptd-server 2022-07-28 06:09:36,477 [INFO] Reply from ptd: 'Error: no measurement to stop'
ptd-server 2022-07-28 06:09:36,477 [INFO] Sending to ptd: 'SR,V,Auto'
ptd-server 2022-07-28 06:09:36,980 [INFO] Reply from ptd: 'Range V changed'
ptd-server 2022-07-28 06:09:36,980 [INFO] Sending to ptd: 'SR,A,0.500000'
ptd-server 2022-07-28 06:09:38,481 [INFO] Reply from ptd: 'Range A changed'
ptd-server 2022-07-28 06:09:38,481 [INFO] Set initial values for Amps 0.500000 and Volts Auto
ptd-server 2022-07-28 06:09:38,482 [INFO] Stopping ptd...
