ptd-server 2022-08-03 01:59:27,928 [INFO] Got command from the client 'time'
ptd-server 2022-08-03 01:59:27,928 [INFO] Sending reply to client '1659488367.9284256'
ptd-server 2022-08-03 01:59:27,929 [INFO] Got command from the client 'new,,a3aab9fe-06ad-4c07-960b-c4e3f4deb4c5'
ptd-server 2022-08-03 01:59:27,929 [INFO] Sending reply to client 'OK 2022-08-03_01-59-27,63d640eb-0b7c-4737-9a6b-679f3d7d7c82'
ptd-server 2022-08-03 01:59:27,958 [INFO] Got command from the client 'time'
ptd-server 2022-08-03 01:59:27,958 [INFO] Sending reply to client '1659488367.958442'
ptd-server 2022-08-03 01:59:27,959 [INFO] Got command from the client 'session,2022-08-03_01-59-27,start,ranging'
ptd-server 2022-08-03 01:59:27,959 [INFO] Running PTDaemon: ['/home/anton/projects/mlperf/power/inference_v1.0/ptd-linux-x86', '-l', '/tmp/tmp7lgbo8s4/ptd_logfile.txt', '-p', '8888', '49', '/dev/usbtmc0']
ptd-server 2022-08-03 01:59:45,130 [INFO] Sending to ptd: 'Hello'
ptd-server 2022-08-03 01:59:45,130 [INFO] Reply from ptd: 'Hello, PTDaemon here!'
ptd-server 2022-08-03 01:59:45,130 [INFO] Sending to ptd: 'Identify'
ptd-server 2022-08-03 01:59:45,131 [INFO] Reply from ptd: 'YokogawaWT310E,1000,1,1,1,1,0,1,1,version=1.9.2-e8c7a49a-20201208,OS=Linux 5.13.0-52-generic #59~20.04.1-Ubuntu SMP Thu Jun 16 21:21:28 UTC 2022 x86_64,mode=power,1,1,1,0,0,no_cal_date,YOKOGAWA;WT310E;C3XA04010E;F1.04'
ptd-server 2022-08-03 01:59:45,131 [INFO] Connected to PTDaemon
ptd-server 2022-08-03 01:59:45,131 [INFO] Sending to ptd: 'RR'
ptd-server 2022-08-03 01:59:45,131 [INFO] Reply from ptd: 'Ranges,0,0.500000,1,300.000000'
ptd-server 2022-08-03 01:59:45,131 [INFO] Initial range for Amps is 0.500000 for Volts is Auto
ptd-server 2022-08-03 01:59:45,131 [INFO] Sending to ptd: 'SR,V,Auto'
ptd-server 2022-08-03 01:59:45,634 [INFO] Reply from ptd: 'Range V changed'
ptd-server 2022-08-03 01:59:45,634 [INFO] Sending to ptd: 'SR,A,Auto'
ptd-server 2022-08-03 01:59:46,136 [INFO] Reply from ptd: 'Range A changed'
ptd-server 2022-08-03 01:59:56,147 [INFO] Starting ranging mode
ptd-server 2022-08-03 01:59:56,147 [INFO] Sending to ptd: 'Go,1000,0,2022-08-03_01-59-27_ranging'
ptd-server 2022-08-03 01:59:56,147 [INFO] Reply from ptd: 'Starting untimed measurement, maximum 500000 samples at 1000ms with 0 rampup samples'
ptd-server 2022-08-03 01:59:56,147 [INFO] Sending reply to client 'OK'
ptd-server 2022-08-03 02:10:07,641 [INFO] Got command from the client 'session,2022-08-03_01-59-27,stop,ranging'
ptd-server 2022-08-03 02:10:17,651 [INFO] Sending to ptd: 'Stop'
ptd-server 2022-08-03 02:10:17,652 [INFO] Reply from ptd: 'Stopping untimed measurement'
ptd-server 2022-08-03 02:10:19,218 [INFO] Sending reply to client 'OK'
ptd-server 2022-08-03 02:10:19,265 [INFO] Got command from the client 'time'
ptd-server 2022-08-03 02:10:19,265 [INFO] Sending reply to client '1659489019.2658153'
ptd-server 2022-08-03 02:10:19,267 [INFO] Got command from the client 'session,2022-08-03_01-59-27,start,testing'
ptd-server 2022-08-03 02:10:19,267 [INFO] Sending to ptd: 'SR,V,251.570000'
ptd-server 2022-08-03 02:10:20,768 [INFO] Reply from ptd: 'Range V changed'
ptd-server 2022-08-03 02:10:20,769 [INFO] Sending to ptd: 'SR,A,0.208690'
ptd-server 2022-08-03 02:10:22,270 [INFO] Reply from ptd: 'Range A changed'
ptd-server 2022-08-03 02:10:32,280 [INFO] Starting testing mode
ptd-server 2022-08-03 02:10:32,281 [INFO] Sending to ptd: 'Go,1000,0,2022-08-03_01-59-27_testing'
ptd-server 2022-08-03 02:10:32,281 [INFO] Reply from ptd: 'Starting untimed measurement, maximum 500000 samples at 1000ms with 0 rampup samples'
ptd-server 2022-08-03 02:10:32,281 [INFO] Sending reply to client 'OK'
ptd-server 2022-08-03 02:20:43,611 [INFO] Got command from the client 'session,2022-08-03_01-59-27,stop,testing'
ptd-server 2022-08-03 02:20:53,621 [INFO] Sending to ptd: 'Stop'
ptd-server 2022-08-03 02:20:53,621 [INFO] Reply from ptd: 'Stopping untimed measurement'
ptd-server 2022-08-03 02:20:54,427 [INFO] Sending reply to client 'OK'
ptd-server 2022-08-03 02:20:54,440 [INFO] Got command from the client 'session,2022-08-03_01-59-27,done'
ptd-server 2022-08-03 02:20:54,441 [INFO] Sending to ptd: 'Stop'
ptd-server 2022-08-03 02:20:54,441 [INFO] Reply from ptd: 'Error: no measurement to stop'
ptd-server 2022-08-03 02:20:54,441 [INFO] Sending to ptd: 'SR,V,Auto'
ptd-server 2022-08-03 02:20:54,943 [INFO] Reply from ptd: 'Range V changed'
ptd-server 2022-08-03 02:20:54,944 [INFO] Sending to ptd: 'SR,A,0.500000'
ptd-server 2022-08-03 02:20:56,445 [INFO] Reply from ptd: 'Range A changed'
ptd-server 2022-08-03 02:20:56,445 [INFO] Set initial values for Amps 0.500000 and Volts Auto
ptd-server 2022-08-03 02:20:56,445 [INFO] Stopping ptd...
