ptd-server 2022-07-23 07:23:17,080 [INFO] Got command from the client 'time'
ptd-server 2022-07-23 07:23:17,080 [INFO] Sending reply to client '1658557397.080461'
ptd-server 2022-07-23 07:23:17,081 [INFO] Got command from the client 'new,,9e53c55e-a783-474b-8dd3-c1ea9f6ef982'
ptd-server 2022-07-23 07:23:17,082 [INFO] Sending reply to client 'OK 2022-07-23_07-23-17,439a0467-f8a2-42df-b49a-7c1232255b07'
ptd-server 2022-07-23 07:23:17,110 [INFO] Got command from the client 'time'
ptd-server 2022-07-23 07:23:17,110 [INFO] Sending reply to client '1658557397.1103716'
ptd-server 2022-07-23 07:23:17,111 [INFO] Got command from the client 'session,2022-07-23_07-23-17,start,ranging'
ptd-server 2022-07-23 07:23:17,111 [INFO] Running PTDaemon: ['/home/anton/projects/mlperf/power/inference_v1.0/ptd-linux-x86', '-l', '/tmp/tmp7lgbo8s4/ptd_logfile.txt', '-p', '8888', '49', '/dev/usbtmc0']
ptd-server 2022-07-23 07:23:34,286 [INFO] Sending to ptd: 'Hello'
ptd-server 2022-07-23 07:23:34,286 [INFO] Reply from ptd: 'Hello, PTDaemon here!'
ptd-server 2022-07-23 07:23:34,286 [INFO] Sending to ptd: 'Identify'
ptd-server 2022-07-23 07:23:34,287 [INFO] Reply from ptd: 'YokogawaWT310E,1000,1,1,1,1,0,1,1,version=1.9.2-e8c7a49a-20201208,OS=Linux 5.13.0-52-generic #59~20.04.1-Ubuntu SMP Thu Jun 16 21:21:28 UTC 2022 x86_64,mode=power,1,1,1,0,0,no_cal_date,YOKOGAWA;WT310E;C3XA04010E;F1.04'
ptd-server 2022-07-23 07:23:34,287 [INFO] Connected to PTDaemon
ptd-server 2022-07-23 07:23:34,287 [INFO] Sending to ptd: 'RR'
ptd-server 2022-07-23 07:23:34,287 [INFO] Reply from ptd: 'Ranges,0,0.500000,1,300.000000'
ptd-server 2022-07-23 07:23:34,288 [INFO] Initial range for Amps is 0.500000 for Volts is Auto
ptd-server 2022-07-23 07:23:34,288 [INFO] Sending to ptd: 'SR,V,Auto'
ptd-server 2022-07-23 07:23:34,790 [INFO] Reply from ptd: 'Range V changed'
ptd-server 2022-07-23 07:23:34,790 [INFO] Sending to ptd: 'SR,A,Auto'
ptd-server 2022-07-23 07:23:35,293 [INFO] Reply from ptd: 'Range A changed'
ptd-server 2022-07-23 07:23:45,303 [INFO] Starting ranging mode
ptd-server 2022-07-23 07:23:45,303 [INFO] Sending to ptd: 'Go,1000,0,2022-07-23_07-23-17_ranging'
ptd-server 2022-07-23 07:23:45,304 [INFO] Reply from ptd: 'Starting untimed measurement, maximum 500000 samples at 1000ms with 0 rampup samples'
ptd-server 2022-07-23 07:23:45,304 [INFO] Sending reply to client 'OK'
ptd-server 2022-07-23 07:34:01,727 [INFO] Got command from the client 'session,2022-07-23_07-23-17,stop,ranging'
ptd-server 2022-07-23 07:34:11,738 [INFO] Sending to ptd: 'Stop'
ptd-server 2022-07-23 07:34:11,738 [INFO] Reply from ptd: 'Stopping untimed measurement'
ptd-server 2022-07-23 07:34:12,269 [INFO] Sending reply to client 'OK'
ptd-server 2022-07-23 07:34:12,329 [INFO] Got command from the client 'time'
ptd-server 2022-07-23 07:34:12,329 [INFO] Sending reply to client '1658558052.3295033'
ptd-server 2022-07-23 07:34:12,330 [INFO] Got command from the client 'session,2022-07-23_07-23-17,start,testing'
ptd-server 2022-07-23 07:34:12,330 [INFO] Sending to ptd: 'SR,V,249.320000'
ptd-server 2022-07-23 07:34:13,832 [INFO] Reply from ptd: 'Range V changed'
ptd-server 2022-07-23 07:34:13,832 [INFO] Sending to ptd: 'SR,A,0.049820'
ptd-server 2022-07-23 07:34:15,333 [INFO] Reply from ptd: 'Range A changed'
ptd-server 2022-07-23 07:34:25,344 [INFO] Starting testing mode
ptd-server 2022-07-23 07:34:25,344 [INFO] Sending to ptd: 'Go,1000,0,2022-07-23_07-23-17_testing'
ptd-server 2022-07-23 07:34:25,344 [INFO] Reply from ptd: 'Starting untimed measurement, maximum 500000 samples at 1000ms with 0 rampup samples'
ptd-server 2022-07-23 07:34:25,344 [INFO] Sending reply to client 'OK'
ptd-server 2022-07-23 07:44:41,689 [INFO] Got command from the client 'session,2022-07-23_07-23-17,stop,testing'
ptd-server 2022-07-23 07:44:51,700 [INFO] Sending to ptd: 'Stop'
ptd-server 2022-07-23 07:44:51,701 [INFO] Reply from ptd: 'Stopping untimed measurement'
ptd-server 2022-07-23 07:44:51,980 [INFO] Sending reply to client 'OK'
ptd-server 2022-07-23 07:44:51,988 [INFO] Got command from the client 'session,2022-07-23_07-23-17,done'
ptd-server 2022-07-23 07:44:51,988 [INFO] Sending to ptd: 'Stop'
ptd-server 2022-07-23 07:44:52,345 [INFO] Reply from ptd: 'Error: no measurement to stop'
ptd-server 2022-07-23 07:44:52,345 [INFO] Sending to ptd: 'SR,V,Auto'
ptd-server 2022-07-23 07:44:52,848 [INFO] Reply from ptd: 'Range V changed'
ptd-server 2022-07-23 07:44:52,848 [INFO] Sending to ptd: 'SR,A,0.500000'
ptd-server 2022-07-23 07:44:54,349 [INFO] Reply from ptd: 'Range A changed'
ptd-server 2022-07-23 07:44:54,349 [INFO] Set initial values for Amps 0.500000 and Volts Auto
ptd-server 2022-07-23 07:44:54,349 [INFO] Stopping ptd...
