client 2022-07-21 23:19:48,555 [INFO] Sending command to the server: 'mlcommons/power client v3'
client 2022-07-21 23:19:48,559 [INFO] Got response: 'mlcommons/power server v3'
client 2022-07-21 23:19:48,559 [INFO] Sending command to the server: 'stop'
client 2022-07-21 23:19:48,563 [INFO] Got response: 'OK'
client 2022-07-21 23:19:48,563 [INFO] Synchronizing with the server and with ib-01.dc4-in.nvidia.com...
client 2022-07-21 23:19:48,766 [INFO] NTP:offset = 0.000 s, delay = 0.201 s 
client 2022-07-21 23:19:48,766 [INFO] Sending command to the server: 'time'
client 2022-07-21 23:19:48,768 [INFO] Got response: '1658445588.793233'
client 2022-07-21 23:19:48,768 [INFO] The time difference between the client and the server is within range -26.277 ms..-24.350 ms
client 2022-07-21 23:19:48,768 [INFO] Sending command to the server: 'new,,f88d980f-0b62-47b9-952c-9698bae09bb8'
client 2022-07-21 23:19:48,771 [INFO] Got response: 'OK 2022-07-21_16-19-48,0cebfda0-b287-4d61-81a8-0c21542e6711'
client 2022-07-21 23:19:48,771 [INFO] Session id is '2022-07-21_16-19-48'
client 2022-07-21 23:19:48,771 [INFO] Sources: {"sources": {"__init__.py": "da39a3ee5e6b4b0d3255bfef95601890afd80709", "client.py": "33ca4f26368777ac06e01f9567b714a4b8063886", "lib/__init__.py": "da39a3ee5e6b4b0d3255bfef95601890afd80709", "lib/client.py": "4c2b78fb4849a7e5b584ef792d82aaed20b17f57", "lib/common.py": "624d0c0acc7c39aaff3674f0b99d6a09da53d1dc", "lib/external/__init__.py": "da39a3ee5e6b4b0d3255bfef95601890afd80709", "lib/external/ntplib.py": "4da8f970656505a40483206ef2b5d3dd5e81711d", "lib/server.py": "59c9fb92908260d3e9f81a895c7aa009742275e4", "lib/source_hashes.py": "60a2e02193209e8d392803326208d5466342da18", "lib/summary.py": "aa92f0a3f975eecd44d3c0cd0236342ccc9f941d", "lib/time_sync.py": "3210db56eb0ff0df57bf4293dc4d4b03fffd46f1", "server.py": "c3f90f2f7eeb4db30727556d0c815ebc89b3d28b", "tests/unit/__init__.py": "da39a3ee5e6b4b0d3255bfef95601890afd80709", "tests/unit/test_server.py": "99ae15aef722f2000ee6ed1ae1523637bf1ae42b", "tests/unit/test_source_hashes.py": "00468a2907583c593e6574a1f6b404e4651c221a"}, "modules": {"ptd_client_server.lib.client": "lib/client.py", "ptd_client_server.lib.common": "lib/common.py", "ptd_client_server.lib.external.ntplib": "lib/external/ntplib.py", "ptd_client_server.lib.source_hashes": "lib/source_hashes.py", "ptd_client_server.lib.summary": "lib/summary.py", "ptd_client_server.lib.time_sync": "lib/time_sync.py"}}
client 2022-07-21 23:19:48,775 [INFO] Running workload in ranging mode
client 2022-07-21 23:19:48,775 [INFO] Synchronizing with the server and with ib-01.dc4-in.nvidia.com...
client 2022-07-21 23:19:48,976 [INFO] NTP:offset = 0.000 s, delay = 0.201 s 
client 2022-07-21 23:19:48,977 [INFO] Sending command to the server: 'time'
client 2022-07-21 23:19:48,978 [INFO] Got response: '1658445589.0029013'
client 2022-07-21 23:19:48,978 [INFO] The time difference between the client and the server is within range -25.890 ms..-24.011 ms
client 2022-07-21 23:19:48,978 [INFO] Sending command to the server: 'session,2022-07-21_16-19-48,start,ranging'
client 2022-07-21 23:20:29,477 [INFO] Got response: 'OK'
client 2022-07-21 23:20:29,477 [INFO] Running the workload 'LOG_DIR=/work/build/power_logs_temp python3 -m code.main_v2 --benchmarks=bert --scenarios=Offline --test_mode=PerformanceOnly --config_ver=maxq --action="run_harness" \\\n\t\t2>&1 | tee -a /work/build/power_logs/2022.07.21-23.19.06/stdout.txt \\\n\t\t&& if [ ! -d /work/build/power_logs/2022.07.21-23.19.06/ranging_tmp ]; \\\n\t\t\tthen mkdir /work/build/power_logs/2022.07.21-23.19.06/ranging_tmp \\\n\t\t\t\t&& mv /work/build/power_logs_temp/* /work/build/power_logs/2022.07.21-23.19.06/ranging_tmp/ \\\n\t\t\t\t&& cp -v /work/build/power_logs/2022.07.21-23.19.06/ranging_tmp/*/*/*/mlperf_log_detail.txt /work/build/power_logs_temp/ \\\n\t\t\t\t&& cp -v /work/build/power_logs/2022.07.21-23.19.06/ranging_tmp/*/*/*/mlperf_log_summary.txt /work/build/power_logs_temp/; \\\n\t\t\telse mkdir /work/build/power_logs/2022.07.21-23.19.06/testing_tmp \\\n\t\t\t\t&& mv /work/build/power_logs_temp/* /work/build/power_logs/2022.07.21-23.19.06/testing_tmp/ \\\n\t\t\t\t&& cp -v /work/build/power_logs/2022.07.21-23.19.06/testing_tmp/*/*/*/mlperf_log_detail.txt /work/build/power_logs_temp/ \\\n\t\t\t\t&& cp -v /work/build/power_logs/2022.07.21-23.19.06/testing_tmp/*/*/*/mlperf_log_summary.txt /work/build/power_logs_temp/; fi'
client 2022-07-21 23:35:01,980 [INFO] Sending command to the server: 'session,2022-07-21_16-19-48,stop,ranging'
client 2022-07-21 23:35:12,046 [INFO] Got response: 'OK'
client 2022-07-21 23:35:12,065 [INFO] Copying loadgen logs from '/work/build/power_logs_temp' to '/work/build/power_logs/2022.07.21-23.19.06/2022-07-21_16-19-48/ranging'
client 2022-07-21 23:35:12,088 [INFO] Running workload in testing mode
client 2022-07-21 23:35:12,088 [INFO] Synchronizing with the server and with ib-01.dc4-in.nvidia.com...
client 2022-07-21 23:35:12,290 [INFO] NTP:offset = 0.000 s, delay = 0.201 s 
client 2022-07-21 23:35:12,290 [INFO] Sending command to the server: 'time'
client 2022-07-21 23:35:12,299 [INFO] Got response: '1658446512.317803'
client 2022-07-21 23:35:12,299 [INFO] The time difference between the client and the server is within range -27.462 ms..-17.820 ms
client 2022-07-21 23:35:12,300 [INFO] Sending command to the server: 'session,2022-07-21_16-19-48,start,testing'
client 2022-07-21 23:35:34,168 [INFO] Got response: 'OK'
client 2022-07-21 23:35:34,168 [INFO] Running the workload 'LOG_DIR=/work/build/power_logs_temp python3 -m code.main_v2 --benchmarks=bert --scenarios=Offline --test_mode=PerformanceOnly --config_ver=maxq --action="run_harness" \\\n\t\t2>&1 | tee -a /work/build/power_logs/2022.07.21-23.19.06/stdout.txt \\\n\t\t&& if [ ! -d /work/build/power_logs/2022.07.21-23.19.06/ranging_tmp ]; \\\n\t\t\tthen mkdir /work/build/power_logs/2022.07.21-23.19.06/ranging_tmp \\\n\t\t\t\t&& mv /work/build/power_logs_temp/* /work/build/power_logs/2022.07.21-23.19.06/ranging_tmp/ \\\n\t\t\t\t&& cp -v /work/build/power_logs/2022.07.21-23.19.06/ranging_tmp/*/*/*/mlperf_log_detail.txt /work/build/power_logs_temp/ \\\n\t\t\t\t&& cp -v /work/build/power_logs/2022.07.21-23.19.06/ranging_tmp/*/*/*/mlperf_log_summary.txt /work/build/power_logs_temp/; \\\n\t\t\telse mkdir /work/build/power_logs/2022.07.21-23.19.06/testing_tmp \\\n\t\t\t\t&& mv /work/build/power_logs_temp/* /work/build/power_logs/2022.07.21-23.19.06/testing_tmp/ \\\n\t\t\t\t&& cp -v /work/build/power_logs/2022.07.21-23.19.06/testing_tmp/*/*/*/mlperf_log_detail.txt /work/build/power_logs_temp/ \\\n\t\t\t\t&& cp -v /work/build/power_logs/2022.07.21-23.19.06/testing_tmp/*/*/*/mlperf_log_summary.txt /work/build/power_logs_temp/; fi'
client 2022-07-21 23:50:07,589 [INFO] Sending command to the server: 'session,2022-07-21_16-19-48,stop,testing'
client 2022-07-21 23:50:17,631 [INFO] Got response: 'OK'
client 2022-07-21 23:50:17,638 [INFO] Copying loadgen logs from '/work/build/power_logs_temp' to '/work/build/power_logs/2022.07.21-23.19.06/2022-07-21_16-19-48/run_1'
client 2022-07-21 23:50:17,662 [INFO] Done runs
