ptd-server 2022-07-31 15:57:02,500 [INFO] Got command from the client 'time'
ptd-server 2022-07-31 15:57:02,500 [INFO] Sending reply to client '1659279422.50023'
ptd-server 2022-07-31 15:57:02,501 [INFO] Got command from the client 'new,,413baab6-e732-46c3-a4b7-27cc1f216d7f'
ptd-server 2022-07-31 15:57:02,501 [INFO] Sending reply to client 'OK 2022-07-31_15-57-02,c8bd1e6a-24a9-4253-9fa6-b4690e3e572d'
ptd-server 2022-07-31 15:57:02,529 [INFO] Got command from the client 'time'
ptd-server 2022-07-31 15:57:02,530 [INFO] Sending reply to client '1659279422.530057'
ptd-server 2022-07-31 15:57:02,530 [INFO] Got command from the client 'session,2022-07-31_15-57-02,start,ranging'
ptd-server 2022-07-31 15:57:02,531 [INFO] Running PTDaemon: ['/home/anton/projects/mlperf/power/inference_v1.0/ptd-linux-x86', '-l', '/tmp/tmp7lgbo8s4/ptd_logfile.txt', '-p', '8888', '49', '/dev/usbtmc0']
ptd-server 2022-07-31 15:57:19,705 [INFO] Sending to ptd: 'Hello'
ptd-server 2022-07-31 15:57:19,706 [INFO] Reply from ptd: 'Hello, PTDaemon here!'
ptd-server 2022-07-31 15:57:19,706 [INFO] Sending to ptd: 'Identify'
ptd-server 2022-07-31 15:57:19,707 [INFO] Reply from ptd: 'YokogawaWT310E,1000,1,1,1,1,0,1,1,version=1.9.2-e8c7a49a-20201208,OS=Linux 5.13.0-52-generic #59~20.04.1-Ubuntu SMP Thu Jun 16 21:21:28 UTC 2022 x86_64,mode=power,1,1,1,0,0,no_cal_date,YOKOGAWA;WT310E;C3XA04010E;F1.04'
ptd-server 2022-07-31 15:57:19,707 [INFO] Connected to PTDaemon
ptd-server 2022-07-31 15:57:19,707 [INFO] Sending to ptd: 'RR'
ptd-server 2022-07-31 15:57:19,707 [INFO] Reply from ptd: 'Ranges,0,0.500000,1,300.000000'
ptd-server 2022-07-31 15:57:19,707 [INFO] Initial range for Amps is 0.500000 for Volts is Auto
ptd-server 2022-07-31 15:57:19,707 [INFO] Sending to ptd: 'SR,V,Auto'
ptd-server 2022-07-31 15:57:20,210 [INFO] Reply from ptd: 'Range V changed'
ptd-server 2022-07-31 15:57:20,210 [INFO] Sending to ptd: 'SR,A,Auto'
ptd-server 2022-07-31 15:57:20,713 [INFO] Reply from ptd: 'Range A changed'
ptd-server 2022-07-31 15:57:30,723 [INFO] Starting ranging mode
ptd-server 2022-07-31 15:57:30,723 [INFO] Sending to ptd: 'Go,1000,0,2022-07-31_15-57-02_ranging'
ptd-server 2022-07-31 15:57:30,723 [INFO] Reply from ptd: 'Starting untimed measurement, maximum 500000 samples at 1000ms with 0 rampup samples'
ptd-server 2022-07-31 15:57:30,724 [INFO] Sending reply to client 'OK'
ptd-server 2022-07-31 16:07:50,981 [INFO] Got command from the client 'session,2022-07-31_15-57-02,stop,ranging'
ptd-server 2022-07-31 16:08:00,987 [INFO] Sending to ptd: 'Stop'
ptd-server 2022-07-31 16:08:00,987 [INFO] Reply from ptd: 'Stopping untimed measurement'
ptd-server 2022-07-31 16:08:02,304 [INFO] Sending reply to client 'OK'
ptd-server 2022-07-31 16:08:02,359 [INFO] Got command from the client 'time'
ptd-server 2022-07-31 16:08:02,359 [INFO] Sending reply to client '1659280082.359199'
ptd-server 2022-07-31 16:08:02,360 [INFO] Got command from the client 'session,2022-07-31_15-57-02,start,testing'
ptd-server 2022-07-31 16:08:02,360 [INFO] Sending to ptd: 'SR,V,250.770000'
ptd-server 2022-07-31 16:08:03,862 [INFO] Reply from ptd: 'Range V changed'
ptd-server 2022-07-31 16:08:03,862 [INFO] Sending to ptd: 'SR,A,0.242700'
ptd-server 2022-07-31 16:08:05,363 [INFO] Reply from ptd: 'Range A changed'
ptd-server 2022-07-31 16:08:15,372 [INFO] Starting testing mode
ptd-server 2022-07-31 16:08:15,373 [INFO] Sending to ptd: 'Go,1000,0,2022-07-31_15-57-02_testing'
ptd-server 2022-07-31 16:08:15,373 [INFO] Reply from ptd: 'Starting untimed measurement, maximum 500000 samples at 1000ms with 0 rampup samples'
ptd-server 2022-07-31 16:08:15,373 [INFO] Sending reply to client 'OK'
ptd-server 2022-07-31 16:18:29,476 [INFO] Got command from the client 'session,2022-07-31_15-57-02,stop,testing'
ptd-server 2022-07-31 16:18:39,486 [INFO] Sending to ptd: 'Stop'
ptd-server 2022-07-31 16:18:39,487 [INFO] Reply from ptd: 'Stopping untimed measurement'
ptd-server 2022-07-31 16:18:40,145 [INFO] Sending reply to client 'OK'
ptd-server 2022-07-31 16:18:40,160 [INFO] Got command from the client 'session,2022-07-31_15-57-02,done'
ptd-server 2022-07-31 16:18:40,161 [INFO] Sending to ptd: 'Stop'
ptd-server 2022-07-31 16:18:40,373 [INFO] Reply from ptd: 'Error: no measurement to stop'
ptd-server 2022-07-31 16:18:40,374 [INFO] Sending to ptd: 'SR,V,Auto'
ptd-server 2022-07-31 16:18:40,876 [INFO] Reply from ptd: 'Range V changed'
ptd-server 2022-07-31 16:18:40,876 [INFO] Sending to ptd: 'SR,A,0.500000'
ptd-server 2022-07-31 16:18:42,377 [INFO] Reply from ptd: 'Range A changed'
ptd-server 2022-07-31 16:18:42,378 [INFO] Set initial values for Amps 0.500000 and Volts Auto
ptd-server 2022-07-31 16:18:42,378 [INFO] Stopping ptd...
