ptd-server 2022-07-29 04:32:28,727 [INFO] Got command from the client 'time'
ptd-server 2022-07-29 04:32:28,727 [INFO] Sending reply to client '1659065548.727707'
ptd-server 2022-07-29 04:32:28,731 [INFO] Got command from the client 'new,,4c0845b9-75bd-4748-a28b-b30f7881a4fc'
ptd-server 2022-07-29 04:32:28,731 [INFO] Sending reply to client 'OK 2022-07-29_04-32-28,eb3d7b29-4154-408a-b8b0-d8b47c2e4f91'
ptd-server 2022-07-29 04:32:28,831 [INFO] Got command from the client 'time'
ptd-server 2022-07-29 04:32:28,831 [INFO] Sending reply to client '1659065548.8312922'
ptd-server 2022-07-29 04:32:28,835 [INFO] Got command from the client 'session,2022-07-29_04-32-28,start,ranging'
ptd-server 2022-07-29 04:32:28,835 [INFO] Running PTDaemon: ['/home/anton/projects/mlperf/power/inference_v1.0/ptd-linux-x86', '-l', '/tmp/tmp7lgbo8s4/ptd_logfile.txt', '-p', '8888', '49', '/dev/usbtmc0']
ptd-server 2022-07-29 04:32:46,010 [INFO] Sending to ptd: 'Hello'
ptd-server 2022-07-29 04:32:46,010 [INFO] Reply from ptd: 'Hello, PTDaemon here!'
ptd-server 2022-07-29 04:32:46,011 [INFO] Sending to ptd: 'Identify'
ptd-server 2022-07-29 04:32:46,011 [INFO] Reply from ptd: 'YokogawaWT310E,1000,1,1,1,1,0,1,1,version=1.9.2-e8c7a49a-20201208,OS=Linux 5.13.0-52-generic #59~20.04.1-Ubuntu SMP Thu Jun 16 21:21:28 UTC 2022 x86_64,mode=power,1,1,1,0,0,no_cal_date,YOKOGAWA;WT310E;C3XA04010E;F1.04'
ptd-server 2022-07-29 04:32:46,011 [INFO] Connected to PTDaemon
ptd-server 2022-07-29 04:32:46,011 [INFO] Sending to ptd: 'RR'
ptd-server 2022-07-29 04:32:46,012 [INFO] Reply from ptd: 'Ranges,0,0.500000,1,300.000000'
ptd-server 2022-07-29 04:32:46,012 [INFO] Initial range for Amps is 0.500000 for Volts is Auto
ptd-server 2022-07-29 04:32:46,012 [INFO] Sending to ptd: 'SR,V,Auto'
ptd-server 2022-07-29 04:32:46,514 [INFO] Reply from ptd: 'Range V changed'
ptd-server 2022-07-29 04:32:46,515 [INFO] Sending to ptd: 'SR,A,Auto'
ptd-server 2022-07-29 04:32:47,017 [INFO] Reply from ptd: 'Range A changed'
ptd-server 2022-07-29 04:32:57,027 [INFO] Starting ranging mode
ptd-server 2022-07-29 04:32:57,028 [INFO] Sending to ptd: 'Go,1000,0,2022-07-29_04-32-28_ranging'
ptd-server 2022-07-29 04:32:57,028 [INFO] Reply from ptd: 'Starting untimed measurement, maximum 500000 samples at 1000ms with 0 rampup samples'
ptd-server 2022-07-29 04:32:57,028 [INFO] Sending reply to client 'OK'
ptd-server 2022-07-29 04:43:28,679 [INFO] Got command from the client 'session,2022-07-29_04-32-28,stop,ranging'
ptd-server 2022-07-29 04:43:38,689 [INFO] Sending to ptd: 'Stop'
ptd-server 2022-07-29 04:43:38,689 [INFO] Reply from ptd: 'Stopping untimed measurement'
ptd-server 2022-07-29 04:43:39,851 [INFO] Sending reply to client 'OK'
ptd-server 2022-07-29 04:43:39,978 [INFO] Got command from the client 'time'
ptd-server 2022-07-29 04:43:39,978 [INFO] Sending reply to client '1659066219.9781623'
ptd-server 2022-07-29 04:43:39,983 [INFO] Got command from the client 'session,2022-07-29_04-32-28,start,testing'
ptd-server 2022-07-29 04:43:39,983 [INFO] Sending to ptd: 'SR,V,251.140000'
ptd-server 2022-07-29 04:43:41,484 [INFO] Reply from ptd: 'Range V changed'
ptd-server 2022-07-29 04:43:41,484 [INFO] Sending to ptd: 'SR,A,0.047500'
ptd-server 2022-07-29 04:43:42,986 [INFO] Reply from ptd: 'Range A changed'
ptd-server 2022-07-29 04:43:52,996 [INFO] Starting testing mode
ptd-server 2022-07-29 04:43:52,996 [INFO] Sending to ptd: 'Go,1000,0,2022-07-29_04-32-28_testing'
ptd-server 2022-07-29 04:43:52,997 [INFO] Reply from ptd: 'Starting untimed measurement, maximum 500000 samples at 1000ms with 0 rampup samples'
ptd-server 2022-07-29 04:43:52,997 [INFO] Sending reply to client 'OK'
ptd-server 2022-07-29 04:54:24,000 [INFO] Got command from the client 'session,2022-07-29_04-32-28,stop,testing'
ptd-server 2022-07-29 04:54:34,011 [INFO] Sending to ptd: 'Stop'
ptd-server 2022-07-29 04:54:34,011 [INFO] Reply from ptd: 'Stopping untimed measurement'
ptd-server 2022-07-29 04:54:34,596 [INFO] Sending reply to client 'OK'
ptd-server 2022-07-29 04:54:34,617 [INFO] Got command from the client 'session,2022-07-29_04-32-28,done'
ptd-server 2022-07-29 04:54:34,618 [INFO] Sending to ptd: 'Stop'
ptd-server 2022-07-29 04:54:34,997 [INFO] Reply from ptd: 'Error: no measurement to stop'
ptd-server 2022-07-29 04:54:34,998 [INFO] Sending to ptd: 'SR,V,Auto'
ptd-server 2022-07-29 04:54:35,500 [INFO] Reply from ptd: 'Range V changed'
ptd-server 2022-07-29 04:54:35,500 [INFO] Sending to ptd: 'SR,A,0.500000'
ptd-server 2022-07-29 04:54:37,002 [INFO] Reply from ptd: 'Range A changed'
ptd-server 2022-07-29 04:54:37,002 [INFO] Set initial values for Amps 0.500000 and Volts Auto
ptd-server 2022-07-29 04:54:37,002 [INFO] Stopping ptd...
