ptd-server 2022-07-22 14:40:13,498 [INFO] Got command from the client 'time'
ptd-server 2022-07-22 14:40:13,498 [INFO] Sending reply to client '1658497213.4986906'
ptd-server 2022-07-22 14:40:13,499 [INFO] Got command from the client 'new,,ea62983f-20f5-4bc0-b98f-cd31225ad816'
ptd-server 2022-07-22 14:40:13,500 [INFO] Sending reply to client 'OK 2022-07-22_14-40-13,92bf55d4-c850-4c0e-8fd7-e1c8def32037'
ptd-server 2022-07-22 14:40:13,538 [INFO] Got command from the client 'time'
ptd-server 2022-07-22 14:40:13,538 [INFO] Sending reply to client '1658497213.538663'
ptd-server 2022-07-22 14:40:13,539 [INFO] Got command from the client 'session,2022-07-22_14-40-13,start,ranging'
ptd-server 2022-07-22 14:40:13,540 [INFO] Running PTDaemon: ['/home/anton/projects/mlperf/power/inference_v1.0/ptd-linux-x86', '-l', '/tmp/tmp7lgbo8s4/ptd_logfile.txt', '-p', '8888', '49', '/dev/usbtmc0']
ptd-server 2022-07-22 14:40:30,713 [INFO] Sending to ptd: 'Hello'
ptd-server 2022-07-22 14:40:30,714 [INFO] Reply from ptd: 'Hello, PTDaemon here!'
ptd-server 2022-07-22 14:40:30,714 [INFO] Sending to ptd: 'Identify'
ptd-server 2022-07-22 14:40:30,715 [INFO] Reply from ptd: 'YokogawaWT310E,1000,1,1,1,1,0,1,1,version=1.9.2-e8c7a49a-20201208,OS=Linux 5.13.0-52-generic #59~20.04.1-Ubuntu SMP Thu Jun 16 21:21:28 UTC 2022 x86_64,mode=power,1,1,1,0,0,no_cal_date,YOKOGAWA;WT310E;C3XA04010E;F1.04'
ptd-server 2022-07-22 14:40:30,715 [INFO] Connected to PTDaemon
ptd-server 2022-07-22 14:40:30,715 [INFO] Sending to ptd: 'RR'
ptd-server 2022-07-22 14:40:30,715 [INFO] Reply from ptd: 'Ranges,0,0.500000,1,300.000000'
ptd-server 2022-07-22 14:40:30,715 [INFO] Initial range for Amps is 0.500000 for Volts is Auto
ptd-server 2022-07-22 14:40:30,715 [INFO] Sending to ptd: 'SR,V,Auto'
ptd-server 2022-07-22 14:40:31,218 [INFO] Reply from ptd: 'Range V changed'
ptd-server 2022-07-22 14:40:31,218 [INFO] Sending to ptd: 'SR,A,Auto'
ptd-server 2022-07-22 14:40:31,721 [INFO] Reply from ptd: 'Range A changed'
ptd-server 2022-07-22 14:40:41,731 [INFO] Starting ranging mode
ptd-server 2022-07-22 14:40:41,731 [INFO] Sending to ptd: 'Go,1000,0,2022-07-22_14-40-13_ranging'
ptd-server 2022-07-22 14:40:41,732 [INFO] Reply from ptd: 'Starting untimed measurement, maximum 500000 samples at 1000ms with 0 rampup samples'
ptd-server 2022-07-22 14:40:41,732 [INFO] Sending reply to client 'OK'
ptd-server 2022-07-22 14:51:02,913 [INFO] Got command from the client 'session,2022-07-22_14-40-13,stop,ranging'
ptd-server 2022-07-22 14:51:12,923 [INFO] Sending to ptd: 'Stop'
ptd-server 2022-07-22 14:51:12,924 [INFO] Reply from ptd: 'Stopping untimed measurement'
ptd-server 2022-07-22 14:51:13,399 [INFO] Sending reply to client 'OK'
ptd-server 2022-07-22 14:51:13,445 [INFO] Got command from the client 'time'
ptd-server 2022-07-22 14:51:13,445 [INFO] Sending reply to client '1658497873.4454775'
ptd-server 2022-07-22 14:51:13,446 [INFO] Got command from the client 'session,2022-07-22_14-40-13,start,testing'
ptd-server 2022-07-22 14:51:13,446 [INFO] Sending to ptd: 'SR,V,251.110000'
ptd-server 2022-07-22 14:51:15,233 [INFO] Reply from ptd: 'Range V changed'
ptd-server 2022-07-22 14:51:15,233 [INFO] Sending to ptd: 'SR,A,0.067020'
ptd-server 2022-07-22 14:51:16,734 [INFO] Reply from ptd: 'Range A changed'
ptd-server 2022-07-22 14:51:26,745 [INFO] Starting testing mode
ptd-server 2022-07-22 14:51:26,745 [INFO] Sending to ptd: 'Go,1000,0,2022-07-22_14-40-13_testing'
ptd-server 2022-07-22 14:51:26,745 [INFO] Reply from ptd: 'Starting untimed measurement, maximum 500000 samples at 1000ms with 0 rampup samples'
ptd-server 2022-07-22 14:51:26,745 [INFO] Sending reply to client 'OK'
ptd-server 2022-07-22 15:01:47,658 [INFO] Got command from the client 'session,2022-07-22_14-40-13,stop,testing'
ptd-server 2022-07-22 15:01:57,669 [INFO] Sending to ptd: 'Stop'
ptd-server 2022-07-22 15:01:57,669 [INFO] Reply from ptd: 'Stopping untimed measurement'
ptd-server 2022-07-22 15:01:57,915 [INFO] Sending reply to client 'OK'
ptd-server 2022-07-22 15:01:57,923 [INFO] Got command from the client 'session,2022-07-22_14-40-13,done'
ptd-server 2022-07-22 15:01:57,923 [INFO] Sending to ptd: 'Stop'
ptd-server 2022-07-22 15:01:57,923 [INFO] Reply from ptd: 'Error: no measurement to stop'
ptd-server 2022-07-22 15:01:57,923 [INFO] Sending to ptd: 'SR,V,Auto'
ptd-server 2022-07-22 15:01:58,426 [INFO] Reply from ptd: 'Range V changed'
ptd-server 2022-07-22 15:01:58,426 [INFO] Sending to ptd: 'SR,A,0.500000'
ptd-server 2022-07-22 15:01:59,927 [INFO] Reply from ptd: 'Range A changed'
ptd-server 2022-07-22 15:01:59,928 [INFO] Set initial values for Amps 0.500000 and Volts Auto
ptd-server 2022-07-22 15:01:59,928 [INFO] Stopping ptd...
