ptd-server 2022-08-02 17:39:33,039 [INFO] Got command from the client 'time'
ptd-server 2022-08-02 17:39:33,039 [INFO] Sending reply to client '1659429573.0391128'
ptd-server 2022-08-02 17:39:33,039 [INFO] Got command from the client 'new,,c10537c8-f4b9-40c7-a645-6452b9650b66'
ptd-server 2022-08-02 17:39:33,039 [INFO] Sending reply to client 'OK 2022-08-02_17-39-33,9a3dd9e2-1b34-4c12-8276-65c0c4958a6a'
ptd-server 2022-08-02 17:39:33,070 [INFO] Got command from the client 'time'
ptd-server 2022-08-02 17:39:33,070 [INFO] Sending reply to client '1659429573.0703619'
ptd-server 2022-08-02 17:39:33,070 [INFO] Got command from the client 'session,2022-08-02_17-39-33,start,ranging'
ptd-server 2022-08-02 17:39:33,195 [INFO] Running PTDaemon: ['C:\\mlperf\\power\\inference_v1.0\\ptd-windows-x86.exe', '-l', 'C:\\Users\\mlperf\\AppData\\Local\\Temp\\tmpwbdjfnoe\\ptd_logfile.txt', '-p', '8888', '-y', '49', 'C3YB05015E']
ptd-server 2022-08-02 17:39:51,916 [INFO] Sending to ptd: 'Hello'
ptd-server 2022-08-02 17:39:51,916 [INFO] Reply from ptd: 'Hello, PTDaemon here!'
ptd-server 2022-08-02 17:39:51,916 [INFO] Sending to ptd: 'Identify'
ptd-server 2022-08-02 17:39:51,916 [INFO] Reply from ptd: 'YokogawaWT310E,1000,1,1,1,1,0,1,1,version=1.9.2-3976349f-20201208,OS=Windows 8 / Server 2012,mode=power,1,1,1,0,0,no_cal_date,YOKOGAWA;WT310E;C3YB05015E;F1.04'
ptd-server 2022-08-02 17:39:51,916 [INFO] Connected to PTDaemon
ptd-server 2022-08-02 17:39:51,916 [INFO] Sending to ptd: 'RR'
ptd-server 2022-08-02 17:39:51,916 [INFO] Reply from ptd: 'Ranges,1,20.000000,1,300.000000'
ptd-server 2022-08-02 17:39:51,916 [INFO] Initial range for Amps is Auto for Volts is Auto
ptd-server 2022-08-02 17:39:51,916 [INFO] Sending to ptd: 'SR,V,Auto'
ptd-server 2022-08-02 17:39:52,431 [INFO] Reply from ptd: 'Range V changed'
ptd-server 2022-08-02 17:39:52,431 [INFO] Sending to ptd: 'SR,A,Auto'
ptd-server 2022-08-02 17:39:52,947 [INFO] Reply from ptd: 'Range A changed'
ptd-server 2022-08-02 17:40:02,962 [INFO] Starting ranging mode
ptd-server 2022-08-02 17:40:02,962 [INFO] Sending to ptd: 'Go,1000,0,2022-08-02_17-39-33_ranging'
ptd-server 2022-08-02 17:40:02,962 [INFO] Reply from ptd: 'Starting untimed measurement, maximum 500000 samples at 1000ms with 0 rampup samples'
ptd-server 2022-08-02 17:40:02,962 [INFO] Sending reply to client 'OK'
ptd-server 2022-08-02 17:55:02,411 [INFO] Got command from the client 'session,2022-08-02_17-39-33,stop,ranging'
ptd-server 2022-08-02 17:55:12,442 [INFO] Sending to ptd: 'Stop'
ptd-server 2022-08-02 17:55:12,442 [INFO] Reply from ptd: 'Stopping untimed measurement'
ptd-server 2022-08-02 17:55:12,598 [INFO] Sending reply to client 'OK'
ptd-server 2022-08-02 17:55:12,630 [INFO] Got command from the client 'time'
ptd-server 2022-08-02 17:55:12,645 [INFO] Sending reply to client '1659430512.645737'
ptd-server 2022-08-02 17:55:12,645 [INFO] Got command from the client 'session,2022-08-02_17-39-33,start,testing'
ptd-server 2022-08-02 17:55:12,645 [INFO] Sending to ptd: 'SR,V,203.050000'
ptd-server 2022-08-02 17:55:14,505 [INFO] Reply from ptd: 'Range V changed'
ptd-server 2022-08-02 17:55:14,505 [INFO] Sending to ptd: 'SR,A,17.243000'
ptd-server 2022-08-02 17:55:16,036 [INFO] Reply from ptd: 'Range A changed'
ptd-server 2022-08-02 17:55:26,051 [INFO] Starting testing mode
ptd-server 2022-08-02 17:55:26,051 [INFO] Sending to ptd: 'Go,1000,0,2022-08-02_17-39-33_testing'
ptd-server 2022-08-02 17:55:26,051 [INFO] Reply from ptd: 'Starting untimed measurement, maximum 500000 samples at 1000ms with 0 rampup samples'
ptd-server 2022-08-02 17:55:26,051 [INFO] Sending reply to client 'OK'
ptd-server 2022-08-02 18:10:26,792 [INFO] Got command from the client 'session,2022-08-02_17-39-33,stop,testing'
ptd-server 2022-08-02 18:10:36,807 [INFO] Sending to ptd: 'Stop'
ptd-server 2022-08-02 18:10:36,807 [INFO] Reply from ptd: 'Stopping untimed measurement'
ptd-server 2022-08-02 18:10:36,870 [INFO] Sending reply to client 'OK'
ptd-server 2022-08-02 18:10:36,885 [INFO] Got command from the client 'session,2022-08-02_17-39-33,done'
ptd-server 2022-08-02 18:10:36,885 [INFO] Sending to ptd: 'Stop'
ptd-server 2022-08-02 18:10:37,073 [INFO] Reply from ptd: 'Error: no measurement to stop'
ptd-server 2022-08-02 18:10:37,073 [INFO] Sending to ptd: 'SR,V,Auto'
ptd-server 2022-08-02 18:10:37,589 [INFO] Reply from ptd: 'Range V changed'
ptd-server 2022-08-02 18:10:37,589 [INFO] Sending to ptd: 'SR,A,Auto'
ptd-server 2022-08-02 18:10:38,104 [INFO] Reply from ptd: 'Range A changed'
ptd-server 2022-08-02 18:10:38,104 [INFO] Set initial values for Amps Auto and Volts Auto
ptd-server 2022-08-02 18:10:38,120 [INFO] Stopping ptd...
