ptd-server 2022-08-01 06:06:10,495 [INFO] Got command from the client 'time'
ptd-server 2022-08-01 06:06:10,496 [INFO] Sending reply to client '1659330370.4961243'
ptd-server 2022-08-01 06:06:10,496 [INFO] Got command from the client 'new,,8c0105ec-9140-4ba5-a810-e7d9be759ad5'
ptd-server 2022-08-01 06:06:10,497 [INFO] Sending reply to client 'OK 2022-08-01_06-06-10,681bbd9f-419b-426c-a6e3-49a7b9ee004b'
ptd-server 2022-08-01 06:06:10,526 [INFO] Got command from the client 'time'
ptd-server 2022-08-01 06:06:10,526 [INFO] Sending reply to client '1659330370.5262477'
ptd-server 2022-08-01 06:06:10,526 [INFO] Got command from the client 'session,2022-08-01_06-06-10,start,ranging'
ptd-server 2022-08-01 06:06:10,527 [INFO] Running PTDaemon: ['/home/anton/projects/mlperf/power/inference_v1.0/ptd-linux-x86', '-l', '/tmp/tmp7lgbo8s4/ptd_logfile.txt', '-p', '8888', '49', '/dev/usbtmc0']
ptd-server 2022-08-01 06:06:27,701 [INFO] Sending to ptd: 'Hello'
ptd-server 2022-08-01 06:06:27,701 [INFO] Reply from ptd: 'Hello, PTDaemon here!'
ptd-server 2022-08-01 06:06:27,701 [INFO] Sending to ptd: 'Identify'
ptd-server 2022-08-01 06:06:27,702 [INFO] Reply from ptd: 'YokogawaWT310E,1000,1,1,1,1,0,1,1,version=1.9.2-e8c7a49a-20201208,OS=Linux 5.13.0-52-generic #59~20.04.1-Ubuntu SMP Thu Jun 16 21:21:28 UTC 2022 x86_64,mode=power,1,1,1,0,0,no_cal_date,YOKOGAWA;WT310E;C3XA04010E;F1.04'
ptd-server 2022-08-01 06:06:27,702 [INFO] Connected to PTDaemon
ptd-server 2022-08-01 06:06:27,702 [INFO] Sending to ptd: 'RR'
ptd-server 2022-08-01 06:06:27,702 [INFO] Reply from ptd: 'Ranges,0,0.500000,1,300.000000'
ptd-server 2022-08-01 06:06:27,702 [INFO] Initial range for Amps is 0.500000 for Volts is Auto
ptd-server 2022-08-01 06:06:27,703 [INFO] Sending to ptd: 'SR,V,Auto'
ptd-server 2022-08-01 06:06:28,205 [INFO] Reply from ptd: 'Range V changed'
ptd-server 2022-08-01 06:06:28,205 [INFO] Sending to ptd: 'SR,A,Auto'
ptd-server 2022-08-01 06:06:28,708 [INFO] Reply from ptd: 'Range A changed'
ptd-server 2022-08-01 06:06:38,712 [INFO] Starting ranging mode
ptd-server 2022-08-01 06:06:38,713 [INFO] Sending to ptd: 'Go,1000,0,2022-08-01_06-06-10_ranging'
ptd-server 2022-08-01 06:06:38,713 [INFO] Reply from ptd: 'Starting untimed measurement, maximum 500000 samples at 1000ms with 0 rampup samples'
ptd-server 2022-08-01 06:06:38,713 [INFO] Sending reply to client 'OK'
ptd-server 2022-08-01 06:16:56,223 [INFO] Got command from the client 'session,2022-08-01_06-06-10,stop,ranging'
ptd-server 2022-08-01 06:17:06,233 [INFO] Sending to ptd: 'Stop'
ptd-server 2022-08-01 06:17:06,234 [INFO] Reply from ptd: 'Stopping untimed measurement'
ptd-server 2022-08-01 06:17:07,589 [INFO] Sending reply to client 'OK'
ptd-server 2022-08-01 06:17:07,653 [INFO] Got command from the client 'time'
ptd-server 2022-08-01 06:17:07,653 [INFO] Sending reply to client '1659331027.653672'
ptd-server 2022-08-01 06:17:07,655 [INFO] Got command from the client 'session,2022-08-01_06-06-10,start,testing'
ptd-server 2022-08-01 06:17:07,655 [INFO] Sending to ptd: 'SR,V,249.260000'
ptd-server 2022-08-01 06:17:09,156 [INFO] Reply from ptd: 'Range V changed'
ptd-server 2022-08-01 06:17:09,156 [INFO] Sending to ptd: 'SR,A,0.250340'
ptd-server 2022-08-01 06:17:10,658 [INFO] Reply from ptd: 'Range A changed'
ptd-server 2022-08-01 06:17:20,668 [INFO] Starting testing mode
ptd-server 2022-08-01 06:17:20,668 [INFO] Sending to ptd: 'Go,1000,0,2022-08-01_06-06-10_testing'
ptd-server 2022-08-01 06:17:20,668 [INFO] Reply from ptd: 'Starting untimed measurement, maximum 500000 samples at 1000ms with 0 rampup samples'
ptd-server 2022-08-01 06:17:20,669 [INFO] Sending reply to client 'OK'
ptd-server 2022-08-01 06:27:35,179 [INFO] Got command from the client 'session,2022-08-01_06-06-10,stop,testing'
ptd-server 2022-08-01 06:27:45,188 [INFO] Sending to ptd: 'Stop'
ptd-server 2022-08-01 06:27:45,188 [INFO] Reply from ptd: 'Stopping untimed measurement'
ptd-server 2022-08-01 06:27:45,888 [INFO] Sending reply to client 'OK'
ptd-server 2022-08-01 06:27:45,903 [INFO] Got command from the client 'session,2022-08-01_06-06-10,done'
ptd-server 2022-08-01 06:27:45,903 [INFO] Sending to ptd: 'Stop'
ptd-server 2022-08-01 06:27:45,903 [INFO] Reply from ptd: 'Error: no measurement to stop'
ptd-server 2022-08-01 06:27:45,903 [INFO] Sending to ptd: 'SR,V,Auto'
ptd-server 2022-08-01 06:27:46,406 [INFO] Reply from ptd: 'Range V changed'
ptd-server 2022-08-01 06:27:46,406 [INFO] Sending to ptd: 'SR,A,0.500000'
ptd-server 2022-08-01 06:27:47,907 [INFO] Reply from ptd: 'Range A changed'
ptd-server 2022-08-01 06:27:47,907 [INFO] Set initial values for Amps 0.500000 and Volts Auto
ptd-server 2022-08-01 06:27:47,908 [INFO] Stopping ptd...
