ptd-server 2022-07-25 22:07:40,958 [INFO] Got command from the client 'time'
ptd-server 2022-07-25 22:07:40,958 [INFO] Sending reply to client '1658783260.9588952'
ptd-server 2022-07-25 22:07:40,960 [INFO] Got command from the client 'new,,068456ac-43f8-4e7f-9de7-54bcc386afe9'
ptd-server 2022-07-25 22:07:40,960 [INFO] Sending reply to client 'OK 2022-07-25_22-07-40,4c000bd7-33bc-4d45-982a-e151b0743276'
ptd-server 2022-07-25 22:07:40,988 [INFO] Got command from the client 'time'
ptd-server 2022-07-25 22:07:40,988 [INFO] Sending reply to client '1658783260.9889271'
ptd-server 2022-07-25 22:07:40,990 [INFO] Got command from the client 'session,2022-07-25_22-07-40,start,ranging'
ptd-server 2022-07-25 22:07:40,990 [INFO] Running PTDaemon: ['/home/anton/projects/mlperf/power/inference_v1.0/ptd-linux-x86', '-l', '/tmp/tmp7lgbo8s4/ptd_logfile.txt', '-p', '8888', '49', '/dev/usbtmc0']
ptd-server 2022-07-25 22:07:58,165 [INFO] Sending to ptd: 'Hello'
ptd-server 2022-07-25 22:07:58,165 [INFO] Reply from ptd: 'Hello, PTDaemon here!'
ptd-server 2022-07-25 22:07:58,166 [INFO] Sending to ptd: 'Identify'
ptd-server 2022-07-25 22:07:58,166 [INFO] Reply from ptd: 'YokogawaWT310E,1000,1,1,1,1,0,1,1,version=1.9.2-e8c7a49a-20201208,OS=Linux 5.13.0-52-generic #59~20.04.1-Ubuntu SMP Thu Jun 16 21:21:28 UTC 2022 x86_64,mode=power,1,1,1,0,0,no_cal_date,YOKOGAWA;WT310E;C3XA04010E;F1.04'
ptd-server 2022-07-25 22:07:58,166 [INFO] Connected to PTDaemon
ptd-server 2022-07-25 22:07:58,166 [INFO] Sending to ptd: 'RR'
ptd-server 2022-07-25 22:07:58,167 [INFO] Reply from ptd: 'Ranges,0,0.500000,1,300.000000'
ptd-server 2022-07-25 22:07:58,167 [INFO] Initial range for Amps is 0.500000 for Volts is Auto
ptd-server 2022-07-25 22:07:58,167 [INFO] Sending to ptd: 'SR,V,Auto'
ptd-server 2022-07-25 22:07:58,669 [INFO] Reply from ptd: 'Range V changed'
ptd-server 2022-07-25 22:07:58,670 [INFO] Sending to ptd: 'SR,A,Auto'
ptd-server 2022-07-25 22:07:59,172 [INFO] Reply from ptd: 'Range A changed'
ptd-server 2022-07-25 22:08:09,182 [INFO] Starting ranging mode
ptd-server 2022-07-25 22:08:09,183 [INFO] Sending to ptd: 'Go,1000,0,2022-07-25_22-07-40_ranging'
ptd-server 2022-07-25 22:08:09,183 [INFO] Reply from ptd: 'Starting untimed measurement, maximum 500000 samples at 1000ms with 0 rampup samples'
ptd-server 2022-07-25 22:08:09,183 [INFO] Sending reply to client 'OK'
ptd-server 2022-07-25 22:18:25,509 [INFO] Got command from the client 'session,2022-07-25_22-07-40,stop,ranging'
ptd-server 2022-07-25 22:18:35,520 [INFO] Sending to ptd: 'Stop'
ptd-server 2022-07-25 22:18:35,520 [INFO] Reply from ptd: 'Stopping untimed measurement'
ptd-server 2022-07-25 22:18:36,334 [INFO] Sending reply to client 'OK'
ptd-server 2022-07-25 22:18:36,385 [INFO] Got command from the client 'time'
ptd-server 2022-07-25 22:18:36,385 [INFO] Sending reply to client '1658783916.38572'
ptd-server 2022-07-25 22:18:36,386 [INFO] Got command from the client 'session,2022-07-25_22-07-40,start,testing'
ptd-server 2022-07-25 22:18:36,386 [INFO] Sending to ptd: 'SR,V,249.800000'
ptd-server 2022-07-25 22:18:37,888 [INFO] Reply from ptd: 'Range V changed'
ptd-server 2022-07-25 22:18:37,888 [INFO] Sending to ptd: 'SR,A,0.063780'
ptd-server 2022-07-25 22:18:39,389 [INFO] Reply from ptd: 'Range A changed'
ptd-server 2022-07-25 22:18:49,400 [INFO] Starting testing mode
ptd-server 2022-07-25 22:18:49,400 [INFO] Sending to ptd: 'Go,1000,0,2022-07-25_22-07-40_testing'
ptd-server 2022-07-25 22:18:49,400 [INFO] Reply from ptd: 'Starting untimed measurement, maximum 500000 samples at 1000ms with 0 rampup samples'
ptd-server 2022-07-25 22:18:49,401 [INFO] Sending reply to client 'OK'
ptd-server 2022-07-25 22:29:05,687 [INFO] Got command from the client 'session,2022-07-25_22-07-40,stop,testing'
ptd-server 2022-07-25 22:29:15,698 [INFO] Sending to ptd: 'Stop'
ptd-server 2022-07-25 22:29:15,698 [INFO] Reply from ptd: 'Stopping untimed measurement'
ptd-server 2022-07-25 22:29:16,139 [INFO] Sending reply to client 'OK'
ptd-server 2022-07-25 22:29:16,147 [INFO] Got command from the client 'session,2022-07-25_22-07-40,done'
ptd-server 2022-07-25 22:29:16,147 [INFO] Sending to ptd: 'Stop'
ptd-server 2022-07-25 22:29:16,400 [INFO] Reply from ptd: 'Error: no measurement to stop'
ptd-server 2022-07-25 22:29:16,400 [INFO] Sending to ptd: 'SR,V,Auto'
ptd-server 2022-07-25 22:29:16,903 [INFO] Reply from ptd: 'Range V changed'
ptd-server 2022-07-25 22:29:16,903 [INFO] Sending to ptd: 'SR,A,0.500000'
ptd-server 2022-07-25 22:29:18,404 [INFO] Reply from ptd: 'Range A changed'
ptd-server 2022-07-25 22:29:18,404 [INFO] Set initial values for Amps 0.500000 and Volts Auto
ptd-server 2022-07-25 22:29:18,405 [INFO] Stopping ptd...
