ptd-server 2022-07-25 01:07:17,512 [INFO] Got command from the client 'time'
ptd-server 2022-07-25 01:07:17,513 [INFO] Sending reply to client '1658707637.5130522'
ptd-server 2022-07-25 01:07:17,514 [INFO] Got command from the client 'new,,812fef96-ed64-47e7-be25-2da6ac892064'
ptd-server 2022-07-25 01:07:17,514 [INFO] Sending reply to client 'OK 2022-07-25_01-07-17,6f57af2e-bf86-4fd8-94d4-eb91df7081ec'
ptd-server 2022-07-25 01:07:17,548 [INFO] Got command from the client 'time'
ptd-server 2022-07-25 01:07:17,548 [INFO] Sending reply to client '1658707637.5489137'
ptd-server 2022-07-25 01:07:17,549 [INFO] Got command from the client 'session,2022-07-25_01-07-17,start,ranging'
ptd-server 2022-07-25 01:07:17,550 [INFO] Running PTDaemon: ['/home/anton/projects/mlperf/power/inference_v1.0/ptd-linux-x86', '-l', '/tmp/tmp7lgbo8s4/ptd_logfile.txt', '-p', '8888', '49', '/dev/usbtmc0']
ptd-server 2022-07-25 01:07:34,723 [INFO] Sending to ptd: 'Hello'
ptd-server 2022-07-25 01:07:34,724 [INFO] Reply from ptd: 'Hello, PTDaemon here!'
ptd-server 2022-07-25 01:07:34,724 [INFO] Sending to ptd: 'Identify'
ptd-server 2022-07-25 01:07:34,725 [INFO] Reply from ptd: 'YokogawaWT310E,1000,1,1,1,1,0,1,1,version=1.9.2-e8c7a49a-20201208,OS=Linux 5.13.0-52-generic #59~20.04.1-Ubuntu SMP Thu Jun 16 21:21:28 UTC 2022 x86_64,mode=power,1,1,1,0,0,no_cal_date,YOKOGAWA;WT310E;C3XA04010E;F1.04'
ptd-server 2022-07-25 01:07:34,725 [INFO] Connected to PTDaemon
ptd-server 2022-07-25 01:07:34,725 [INFO] Sending to ptd: 'RR'
ptd-server 2022-07-25 01:07:34,725 [INFO] Reply from ptd: 'Ranges,0,0.500000,1,300.000000'
ptd-server 2022-07-25 01:07:34,725 [INFO] Initial range for Amps is 0.500000 for Volts is Auto
ptd-server 2022-07-25 01:07:34,725 [INFO] Sending to ptd: 'SR,V,Auto'
ptd-server 2022-07-25 01:07:35,228 [INFO] Reply from ptd: 'Range V changed'
ptd-server 2022-07-25 01:07:35,228 [INFO] Sending to ptd: 'SR,A,Auto'
ptd-server 2022-07-25 01:07:35,731 [INFO] Reply from ptd: 'Range A changed'
ptd-server 2022-07-25 01:07:45,741 [INFO] Starting ranging mode
ptd-server 2022-07-25 01:07:45,741 [INFO] Sending to ptd: 'Go,1000,0,2022-07-25_01-07-17_ranging'
ptd-server 2022-07-25 01:07:45,741 [INFO] Reply from ptd: 'Starting untimed measurement, maximum 500000 samples at 1000ms with 0 rampup samples'
ptd-server 2022-07-25 01:07:45,742 [INFO] Sending reply to client 'OK'
ptd-server 2022-07-25 01:18:10,656 [INFO] Got command from the client 'session,2022-07-25_01-07-17,stop,ranging'
ptd-server 2022-07-25 01:18:20,666 [INFO] Sending to ptd: 'Stop'
ptd-server 2022-07-25 01:18:20,666 [INFO] Reply from ptd: 'Stopping untimed measurement'
ptd-server 2022-07-25 01:18:21,423 [INFO] Sending reply to client 'OK'
ptd-server 2022-07-25 01:18:21,463 [INFO] Got command from the client 'time'
ptd-server 2022-07-25 01:18:21,463 [INFO] Sending reply to client '1658708301.4635756'
ptd-server 2022-07-25 01:18:21,464 [INFO] Got command from the client 'session,2022-07-25_01-07-17,start,testing'
ptd-server 2022-07-25 01:18:21,464 [INFO] Sending to ptd: 'SR,V,250.420000'
ptd-server 2022-07-25 01:18:22,966 [INFO] Reply from ptd: 'Range V changed'
ptd-server 2022-07-25 01:18:22,966 [INFO] Sending to ptd: 'SR,A,0.051160'
ptd-server 2022-07-25 01:18:24,467 [INFO] Reply from ptd: 'Range A changed'
ptd-server 2022-07-25 01:18:34,477 [INFO] Starting testing mode
ptd-server 2022-07-25 01:18:34,478 [INFO] Sending to ptd: 'Go,1000,0,2022-07-25_01-07-17_testing'
ptd-server 2022-07-25 01:18:34,478 [INFO] Reply from ptd: 'Starting untimed measurement, maximum 500000 samples at 1000ms with 0 rampup samples'
ptd-server 2022-07-25 01:18:34,478 [INFO] Sending reply to client 'OK'
ptd-server 2022-07-25 01:28:59,349 [INFO] Got command from the client 'session,2022-07-25_01-07-17,stop,testing'
ptd-server 2022-07-25 01:29:09,359 [INFO] Sending to ptd: 'Stop'
ptd-server 2022-07-25 01:29:09,360 [INFO] Reply from ptd: 'Stopping untimed measurement'
ptd-server 2022-07-25 01:29:09,740 [INFO] Sending reply to client 'OK'
ptd-server 2022-07-25 01:29:09,748 [INFO] Got command from the client 'session,2022-07-25_01-07-17,done'
ptd-server 2022-07-25 01:29:09,748 [INFO] Sending to ptd: 'Stop'
ptd-server 2022-07-25 01:29:09,748 [INFO] Reply from ptd: 'Error: no measurement to stop'
ptd-server 2022-07-25 01:29:09,749 [INFO] Sending to ptd: 'SR,V,Auto'
ptd-server 2022-07-25 01:29:10,251 [INFO] Reply from ptd: 'Range V changed'
ptd-server 2022-07-25 01:29:10,251 [INFO] Sending to ptd: 'SR,A,0.500000'
ptd-server 2022-07-25 01:29:11,753 [INFO] Reply from ptd: 'Range A changed'
ptd-server 2022-07-25 01:29:11,753 [INFO] Set initial values for Amps 0.500000 and Volts Auto
ptd-server 2022-07-25 01:29:11,753 [INFO] Stopping ptd...
