ptd-server 2022-07-20 05:35:49,587 [INFO] Got command from the client 'time'
ptd-server 2022-07-20 05:35:49,587 [INFO] Sending reply to client '1658291749.5876908'
ptd-server 2022-07-20 05:35:49,591 [INFO] Got command from the client 'new,,1c2cd913-3eed-496b-9b04-100bd20237ed'
ptd-server 2022-07-20 05:35:49,592 [INFO] Sending reply to client 'OK 2022-07-20_05-35-49,901a60d7-3404-4050-8def-a65c797aace4'
ptd-server 2022-07-20 05:35:49,691 [INFO] Got command from the client 'time'
ptd-server 2022-07-20 05:35:49,691 [INFO] Sending reply to client '1658291749.691404'
ptd-server 2022-07-20 05:35:49,696 [INFO] Got command from the client 'session,2022-07-20_05-35-49,start,ranging'
ptd-server 2022-07-20 05:35:49,696 [INFO] Running PTDaemon: ['/home/anton/projects/mlperf/power/inference_v1.0/ptd-linux-x86', '-l', '/tmp/tmp7lgbo8s4/ptd_logfile.txt', '-p', '8888', '49', '/dev/usbtmc0']
ptd-server 2022-07-20 05:36:06,871 [INFO] Sending to ptd: 'Hello'
ptd-server 2022-07-20 05:36:06,871 [INFO] Reply from ptd: 'Hello, PTDaemon here!'
ptd-server 2022-07-20 05:36:06,872 [INFO] Sending to ptd: 'Identify'
ptd-server 2022-07-20 05:36:06,872 [INFO] Reply from ptd: 'YokogawaWT310E,1000,1,1,1,1,0,1,1,version=1.9.2-e8c7a49a-20201208,OS=Linux 5.13.0-52-generic #59~20.04.1-Ubuntu SMP Thu Jun 16 21:21:28 UTC 2022 x86_64,mode=power,1,1,1,0,0,no_cal_date,YOKOGAWA;WT310E;C3XA04010E;F1.04'
ptd-server 2022-07-20 05:36:06,872 [INFO] Connected to PTDaemon
ptd-server 2022-07-20 05:36:06,872 [INFO] Sending to ptd: 'RR'
ptd-server 2022-07-20 05:36:06,872 [INFO] Reply from ptd: 'Ranges,0,0.500000,1,300.000000'
ptd-server 2022-07-20 05:36:06,873 [INFO] Initial range for Amps is 0.500000 for Volts is Auto
ptd-server 2022-07-20 05:36:06,873 [INFO] Sending to ptd: 'SR,V,Auto'
ptd-server 2022-07-20 05:36:07,375 [INFO] Reply from ptd: 'Range V changed'
ptd-server 2022-07-20 05:36:07,375 [INFO] Sending to ptd: 'SR,A,Auto'
ptd-server 2022-07-20 05:36:07,878 [INFO] Reply from ptd: 'Range A changed'
ptd-server 2022-07-20 05:36:17,888 [INFO] Starting ranging mode
ptd-server 2022-07-20 05:36:17,888 [INFO] Sending to ptd: 'Go,1000,0,2022-07-20_05-35-49_ranging'
ptd-server 2022-07-20 05:36:17,889 [INFO] Reply from ptd: 'Starting untimed measurement, maximum 500000 samples at 1000ms with 0 rampup samples'
ptd-server 2022-07-20 05:36:17,889 [INFO] Sending reply to client 'OK'
ptd-server 2022-07-20 05:46:36,890 [INFO] Got command from the client 'session,2022-07-20_05-35-49,stop,ranging'
ptd-server 2022-07-20 05:46:46,900 [INFO] Sending to ptd: 'Stop'
ptd-server 2022-07-20 05:46:46,901 [INFO] Reply from ptd: 'Stopping untimed measurement'
ptd-server 2022-07-20 05:46:47,082 [INFO] Sending reply to client 'OK'
ptd-server 2022-07-20 05:46:47,222 [INFO] Got command from the client 'time'
ptd-server 2022-07-20 05:46:47,223 [INFO] Sending reply to client '1658292407.2230885'
ptd-server 2022-07-20 05:46:47,228 [INFO] Got command from the client 'session,2022-07-20_05-35-49,start,testing'
ptd-server 2022-07-20 05:46:47,228 [INFO] Sending to ptd: 'SR,V,249.480000'
ptd-server 2022-07-20 05:46:49,390 [INFO] Reply from ptd: 'Range V changed'
ptd-server 2022-07-20 05:46:49,391 [INFO] Sending to ptd: 'SR,A,0.076410'
ptd-server 2022-07-20 05:46:50,892 [INFO] Reply from ptd: 'Range A changed'
ptd-server 2022-07-20 05:47:00,902 [INFO] Starting testing mode
ptd-server 2022-07-20 05:47:00,902 [INFO] Sending to ptd: 'Go,1000,0,2022-07-20_05-35-49_testing'
ptd-server 2022-07-20 05:47:00,903 [INFO] Reply from ptd: 'Starting untimed measurement, maximum 500000 samples at 1000ms with 0 rampup samples'
ptd-server 2022-07-20 05:47:00,903 [INFO] Sending reply to client 'OK'
ptd-server 2022-07-20 05:57:19,721 [INFO] Got command from the client 'session,2022-07-20_05-35-49,stop,testing'
ptd-server 2022-07-20 05:57:29,731 [INFO] Sending to ptd: 'Stop'
ptd-server 2022-07-20 05:57:29,732 [INFO] Reply from ptd: 'Stopping untimed measurement'
ptd-server 2022-07-20 05:57:29,833 [INFO] Sending reply to client 'OK'
ptd-server 2022-07-20 05:57:29,923 [INFO] Got command from the client 'session,2022-07-20_05-35-49,done'
ptd-server 2022-07-20 05:57:29,923 [INFO] Sending to ptd: 'Stop'
ptd-server 2022-07-20 05:57:29,924 [INFO] Reply from ptd: 'Error: no measurement to stop'
ptd-server 2022-07-20 05:57:29,924 [INFO] Sending to ptd: 'SR,V,Auto'
ptd-server 2022-07-20 05:57:30,426 [INFO] Reply from ptd: 'Range V changed'
ptd-server 2022-07-20 05:57:30,427 [INFO] Sending to ptd: 'SR,A,0.500000'
ptd-server 2022-07-20 05:57:31,928 [INFO] Reply from ptd: 'Range A changed'
ptd-server 2022-07-20 05:57:31,928 [INFO] Set initial values for Amps 0.500000 and Volts Auto
ptd-server 2022-07-20 05:57:31,928 [INFO] Stopping ptd...
