ptd-server 2022-07-29 03:04:18,554 [INFO] Got command from the client 'time'
ptd-server 2022-07-29 03:04:18,554 [INFO] Sending reply to client '1659060258.5543277'
ptd-server 2022-07-29 03:04:18,559 [INFO] Got command from the client 'new,,becec66f-f8f6-4647-b9b5-6fb4f8218973'
ptd-server 2022-07-29 03:04:18,560 [INFO] Sending reply to client 'OK 2022-07-29_03-04-18,acb1c498-d0ff-4608-a982-005f6da580db'
ptd-server 2022-07-29 03:04:18,601 [INFO] Got command from the client 'time'
ptd-server 2022-07-29 03:04:18,601 [INFO] Sending reply to client '1659060258.6011744'
ptd-server 2022-07-29 03:04:18,604 [INFO] Got command from the client 'session,2022-07-29_03-04-18,start,ranging'
ptd-server 2022-07-29 03:04:18,605 [INFO] Running PTDaemon: ['/home/anton/projects/mlperf/power/inference_v1.0/ptd-linux-x86', '-l', '/tmp/tmp7lgbo8s4/ptd_logfile.txt', '-p', '8888', '49', '/dev/usbtmc0']
ptd-server 2022-07-29 03:04:35,779 [INFO] Sending to ptd: 'Hello'
ptd-server 2022-07-29 03:04:35,779 [INFO] Reply from ptd: 'Hello, PTDaemon here!'
ptd-server 2022-07-29 03:04:35,780 [INFO] Sending to ptd: 'Identify'
ptd-server 2022-07-29 03:04:35,780 [INFO] Reply from ptd: 'YokogawaWT310E,1000,1,1,1,1,0,1,1,version=1.9.2-e8c7a49a-20201208,OS=Linux 5.13.0-52-generic #59~20.04.1-Ubuntu SMP Thu Jun 16 21:21:28 UTC 2022 x86_64,mode=power,1,1,1,0,0,no_cal_date,YOKOGAWA;WT310E;C3XA04010E;F1.04'
ptd-server 2022-07-29 03:04:35,780 [INFO] Connected to PTDaemon
ptd-server 2022-07-29 03:04:35,780 [INFO] Sending to ptd: 'RR'
ptd-server 2022-07-29 03:04:35,781 [INFO] Reply from ptd: 'Ranges,0,0.500000,1,300.000000'
ptd-server 2022-07-29 03:04:35,781 [INFO] Initial range for Amps is 0.500000 for Volts is Auto
ptd-server 2022-07-29 03:04:35,781 [INFO] Sending to ptd: 'SR,V,Auto'
ptd-server 2022-07-29 03:04:36,283 [INFO] Reply from ptd: 'Range V changed'
ptd-server 2022-07-29 03:04:36,284 [INFO] Sending to ptd: 'SR,A,Auto'
ptd-server 2022-07-29 03:04:36,786 [INFO] Reply from ptd: 'Range A changed'
ptd-server 2022-07-29 03:04:46,796 [INFO] Starting ranging mode
ptd-server 2022-07-29 03:04:46,796 [INFO] Sending to ptd: 'Go,1000,0,2022-07-29_03-04-18_ranging'
ptd-server 2022-07-29 03:04:46,797 [INFO] Reply from ptd: 'Starting untimed measurement, maximum 500000 samples at 1000ms with 0 rampup samples'
ptd-server 2022-07-29 03:04:46,797 [INFO] Sending reply to client 'OK'
ptd-server 2022-07-29 03:15:18,262 [INFO] Got command from the client 'session,2022-07-29_03-04-18,stop,ranging'
ptd-server 2022-07-29 03:15:28,273 [INFO] Sending to ptd: 'Stop'
ptd-server 2022-07-29 03:15:28,273 [INFO] Reply from ptd: 'Stopping untimed measurement'
ptd-server 2022-07-29 03:15:29,411 [INFO] Sending reply to client 'OK'
ptd-server 2022-07-29 03:15:29,498 [INFO] Got command from the client 'time'
ptd-server 2022-07-29 03:15:29,498 [INFO] Sending reply to client '1659060929.4985921'
ptd-server 2022-07-29 03:15:29,505 [INFO] Got command from the client 'session,2022-07-29_03-04-18,start,testing'
ptd-server 2022-07-29 03:15:29,506 [INFO] Sending to ptd: 'SR,V,250.780000'
ptd-server 2022-07-29 03:15:31,007 [INFO] Reply from ptd: 'Range V changed'
ptd-server 2022-07-29 03:15:31,007 [INFO] Sending to ptd: 'SR,A,0.049200'
ptd-server 2022-07-29 03:15:32,509 [INFO] Reply from ptd: 'Range A changed'
ptd-server 2022-07-29 03:15:42,519 [INFO] Starting testing mode
ptd-server 2022-07-29 03:15:42,519 [INFO] Sending to ptd: 'Go,1000,0,2022-07-29_03-04-18_testing'
ptd-server 2022-07-29 03:15:42,520 [INFO] Reply from ptd: 'Starting untimed measurement, maximum 500000 samples at 1000ms with 0 rampup samples'
ptd-server 2022-07-29 03:15:42,520 [INFO] Sending reply to client 'OK'
ptd-server 2022-07-29 03:26:13,970 [INFO] Got command from the client 'session,2022-07-29_03-04-18,stop,testing'
ptd-server 2022-07-29 03:26:23,981 [INFO] Sending to ptd: 'Stop'
ptd-server 2022-07-29 03:26:23,981 [INFO] Reply from ptd: 'Stopping untimed measurement'
ptd-server 2022-07-29 03:26:24,567 [INFO] Sending reply to client 'OK'
ptd-server 2022-07-29 03:26:24,590 [INFO] Got command from the client 'session,2022-07-29_03-04-18,done'
ptd-server 2022-07-29 03:26:24,591 [INFO] Sending to ptd: 'Stop'
ptd-server 2022-07-29 03:26:24,591 [INFO] Reply from ptd: 'Error: no measurement to stop'
ptd-server 2022-07-29 03:26:24,591 [INFO] Sending to ptd: 'SR,V,Auto'
ptd-server 2022-07-29 03:26:25,093 [INFO] Reply from ptd: 'Range V changed'
ptd-server 2022-07-29 03:26:25,094 [INFO] Sending to ptd: 'SR,A,0.500000'
ptd-server 2022-07-29 03:26:26,595 [INFO] Reply from ptd: 'Range A changed'
ptd-server 2022-07-29 03:26:26,595 [INFO] Set initial values for Amps 0.500000 and Volts Auto
ptd-server 2022-07-29 03:26:26,595 [INFO] Stopping ptd...
