ptd-server 2022-07-27 17:19:52,453 [INFO] Got command from the client 'time'
ptd-server 2022-07-27 17:19:52,453 [INFO] Sending reply to client '1658938792.4538767'
ptd-server 2022-07-27 17:19:52,457 [INFO] Got command from the client 'new,,a480d874-d54b-498d-843d-0989b10462d9'
ptd-server 2022-07-27 17:19:52,457 [INFO] Sending reply to client 'OK 2022-07-27_17-19-52,203e4043-1e9d-42ec-abaf-9b9d9f16e9af'
ptd-server 2022-07-27 17:19:52,497 [INFO] Got command from the client 'time'
ptd-server 2022-07-27 17:19:52,497 [INFO] Sending reply to client '1658938792.4977937'
ptd-server 2022-07-27 17:19:52,504 [INFO] Got command from the client 'session,2022-07-27_17-19-52,start,ranging'
ptd-server 2022-07-27 17:19:52,505 [INFO] Running PTDaemon: ['/home/anton/projects/mlperf/power/inference_v1.0/ptd-linux-x86', '-l', '/tmp/tmp7lgbo8s4/ptd_logfile.txt', '-p', '8888', '49', '/dev/usbtmc0']
ptd-server 2022-07-27 17:20:09,680 [INFO] Sending to ptd: 'Hello'
ptd-server 2022-07-27 17:20:09,681 [INFO] Reply from ptd: 'Hello, PTDaemon here!'
ptd-server 2022-07-27 17:20:09,681 [INFO] Sending to ptd: 'Identify'
ptd-server 2022-07-27 17:20:09,681 [INFO] Reply from ptd: 'YokogawaWT310E,1000,1,1,1,1,0,1,1,version=1.9.2-e8c7a49a-20201208,OS=Linux 5.13.0-52-generic #59~20.04.1-Ubuntu SMP Thu Jun 16 21:21:28 UTC 2022 x86_64,mode=power,1,1,1,0,0,no_cal_date,YOKOGAWA;WT310E;C3XA04010E;F1.04'
ptd-server 2022-07-27 17:20:09,681 [INFO] Connected to PTDaemon
ptd-server 2022-07-27 17:20:09,682 [INFO] Sending to ptd: 'RR'
ptd-server 2022-07-27 17:20:09,682 [INFO] Reply from ptd: 'Ranges,0,0.500000,1,300.000000'
ptd-server 2022-07-27 17:20:09,682 [INFO] Initial range for Amps is 0.500000 for Volts is Auto
ptd-server 2022-07-27 17:20:09,682 [INFO] Sending to ptd: 'SR,V,Auto'
ptd-server 2022-07-27 17:20:10,185 [INFO] Reply from ptd: 'Range V changed'
ptd-server 2022-07-27 17:20:10,185 [INFO] Sending to ptd: 'SR,A,Auto'
ptd-server 2022-07-27 17:20:10,687 [INFO] Reply from ptd: 'Range A changed'
ptd-server 2022-07-27 17:20:20,697 [INFO] Starting ranging mode
ptd-server 2022-07-27 17:20:20,698 [INFO] Sending to ptd: 'Go,1000,0,2022-07-27_17-19-52_ranging'
ptd-server 2022-07-27 17:20:20,698 [INFO] Reply from ptd: 'Starting untimed measurement, maximum 500000 samples at 1000ms with 0 rampup samples'
ptd-server 2022-07-27 17:20:20,698 [INFO] Sending reply to client 'OK'
ptd-server 2022-07-27 17:30:35,912 [INFO] Got command from the client 'session,2022-07-27_17-19-52,stop,ranging'
ptd-server 2022-07-27 17:30:45,923 [INFO] Sending to ptd: 'Stop'
ptd-server 2022-07-27 17:30:45,923 [INFO] Reply from ptd: 'Stopping untimed measurement'
ptd-server 2022-07-27 17:30:46,897 [INFO] Sending reply to client 'OK'
ptd-server 2022-07-27 17:30:47,002 [INFO] Got command from the client 'time'
ptd-server 2022-07-27 17:30:47,002 [INFO] Sending reply to client '1658939447.002648'
ptd-server 2022-07-27 17:30:47,007 [INFO] Got command from the client 'session,2022-07-27_17-19-52,start,testing'
ptd-server 2022-07-27 17:30:47,007 [INFO] Sending to ptd: 'SR,V,249.630000'
ptd-server 2022-07-27 17:30:48,508 [INFO] Reply from ptd: 'Range V changed'
ptd-server 2022-07-27 17:30:48,509 [INFO] Sending to ptd: 'SR,A,0.043630'
ptd-server 2022-07-27 17:30:50,010 [INFO] Reply from ptd: 'Range A changed'
ptd-server 2022-07-27 17:31:00,020 [INFO] Starting testing mode
ptd-server 2022-07-27 17:31:00,020 [INFO] Sending to ptd: 'Go,1000,0,2022-07-27_17-19-52_testing'
ptd-server 2022-07-27 17:31:00,021 [INFO] Reply from ptd: 'Starting untimed measurement, maximum 500000 samples at 1000ms with 0 rampup samples'
ptd-server 2022-07-27 17:31:00,021 [INFO] Sending reply to client 'OK'
ptd-server 2022-07-27 17:41:15,474 [INFO] Got command from the client 'session,2022-07-27_17-19-52,stop,testing'
ptd-server 2022-07-27 17:41:25,484 [INFO] Sending to ptd: 'Stop'
ptd-server 2022-07-27 17:41:25,485 [INFO] Reply from ptd: 'Stopping untimed measurement'
ptd-server 2022-07-27 17:41:25,988 [INFO] Sending reply to client 'OK'
ptd-server 2022-07-27 17:41:26,113 [INFO] Got command from the client 'session,2022-07-27_17-19-52,done'
ptd-server 2022-07-27 17:41:26,113 [INFO] Sending to ptd: 'Stop'
ptd-server 2022-07-27 17:41:26,113 [INFO] Reply from ptd: 'Error: no measurement to stop'
ptd-server 2022-07-27 17:41:26,113 [INFO] Sending to ptd: 'SR,V,Auto'
ptd-server 2022-07-27 17:41:26,616 [INFO] Reply from ptd: 'Range V changed'
ptd-server 2022-07-27 17:41:26,616 [INFO] Sending to ptd: 'SR,A,0.500000'
ptd-server 2022-07-27 17:41:28,117 [INFO] Reply from ptd: 'Range A changed'
ptd-server 2022-07-27 17:41:28,118 [INFO] Set initial values for Amps 0.500000 and Volts Auto
ptd-server 2022-07-27 17:41:28,118 [INFO] Stopping ptd...
