ptd-server 2022-07-21 18:09:49,171 [INFO] Got command from the client 'time'
ptd-server 2022-07-21 18:09:49,171 [INFO] Sending reply to client '1658423389.1711562'
ptd-server 2022-07-21 18:09:49,172 [INFO] Got command from the client 'new,,29e6fcff-de45-4481-a832-ecd8c6beaa43'
ptd-server 2022-07-21 18:09:49,172 [INFO] Sending reply to client 'OK 2022-07-21_18-09-49,8a8b5691-bf85-418c-bb33-6b1168b84bd0'
ptd-server 2022-07-21 18:09:49,200 [INFO] Got command from the client 'time'
ptd-server 2022-07-21 18:09:49,201 [INFO] Sending reply to client '1658423389.201058'
ptd-server 2022-07-21 18:09:49,201 [INFO] Got command from the client 'session,2022-07-21_18-09-49,start,ranging'
ptd-server 2022-07-21 18:09:49,202 [INFO] Running PTDaemon: ['/home/anton/projects/mlperf/power/inference_v1.0/ptd-linux-x86', '-l', '/tmp/tmp7lgbo8s4/ptd_logfile.txt', '-p', '8888', '49', '/dev/usbtmc0']
ptd-server 2022-07-21 18:10:06,376 [INFO] Sending to ptd: 'Hello'
ptd-server 2022-07-21 18:10:06,377 [INFO] Reply from ptd: 'Hello, PTDaemon here!'
ptd-server 2022-07-21 18:10:06,377 [INFO] Sending to ptd: 'Identify'
ptd-server 2022-07-21 18:10:06,377 [INFO] Reply from ptd: 'YokogawaWT310E,1000,1,1,1,1,0,1,1,version=1.9.2-e8c7a49a-20201208,OS=Linux 5.13.0-52-generic #59~20.04.1-Ubuntu SMP Thu Jun 16 21:21:28 UTC 2022 x86_64,mode=power,1,1,1,0,0,no_cal_date,YOKOGAWA;WT310E;C3XA04010E;F1.04'
ptd-server 2022-07-21 18:10:06,377 [INFO] Connected to PTDaemon
ptd-server 2022-07-21 18:10:06,377 [INFO] Sending to ptd: 'RR'
ptd-server 2022-07-21 18:10:06,378 [INFO] Reply from ptd: 'Ranges,0,0.500000,1,300.000000'
ptd-server 2022-07-21 18:10:06,378 [INFO] Initial range for Amps is 0.500000 for Volts is Auto
ptd-server 2022-07-21 18:10:06,378 [INFO] Sending to ptd: 'SR,V,Auto'
ptd-server 2022-07-21 18:10:06,880 [INFO] Reply from ptd: 'Range V changed'
ptd-server 2022-07-21 18:10:06,881 [INFO] Sending to ptd: 'SR,A,Auto'
ptd-server 2022-07-21 18:10:07,383 [INFO] Reply from ptd: 'Range A changed'
ptd-server 2022-07-21 18:10:17,393 [INFO] Starting ranging mode
ptd-server 2022-07-21 18:10:17,394 [INFO] Sending to ptd: 'Go,1000,0,2022-07-21_18-09-49_ranging'
ptd-server 2022-07-21 18:10:17,394 [INFO] Reply from ptd: 'Starting untimed measurement, maximum 500000 samples at 1000ms with 0 rampup samples'
ptd-server 2022-07-21 18:10:17,394 [INFO] Sending reply to client 'OK'
ptd-server 2022-07-21 18:20:38,583 [INFO] Got command from the client 'session,2022-07-21_18-09-49,stop,ranging'
ptd-server 2022-07-21 18:20:48,593 [INFO] Sending to ptd: 'Stop'
ptd-server 2022-07-21 18:20:48,594 [INFO] Reply from ptd: 'Stopping untimed measurement'
ptd-server 2022-07-21 18:20:48,955 [INFO] Sending reply to client 'OK'
ptd-server 2022-07-21 18:20:49,017 [INFO] Got command from the client 'time'
ptd-server 2022-07-21 18:20:49,017 [INFO] Sending reply to client '1658424049.0178716'
ptd-server 2022-07-21 18:20:49,018 [INFO] Got command from the client 'session,2022-07-21_18-09-49,start,testing'
ptd-server 2022-07-21 18:20:49,019 [INFO] Sending to ptd: 'SR,V,249.620000'
ptd-server 2022-07-21 18:20:50,896 [INFO] Reply from ptd: 'Range V changed'
ptd-server 2022-07-21 18:20:50,896 [INFO] Sending to ptd: 'SR,A,0.080320'
ptd-server 2022-07-21 18:20:52,397 [INFO] Reply from ptd: 'Range A changed'
ptd-server 2022-07-21 18:21:02,407 [INFO] Starting testing mode
ptd-server 2022-07-21 18:21:02,408 [INFO] Sending to ptd: 'Go,1000,0,2022-07-21_18-09-49_testing'
ptd-server 2022-07-21 18:21:02,408 [INFO] Reply from ptd: 'Starting untimed measurement, maximum 500000 samples at 1000ms with 0 rampup samples'
ptd-server 2022-07-21 18:21:02,408 [INFO] Sending reply to client 'OK'
ptd-server 2022-07-21 18:31:23,616 [INFO] Got command from the client 'session,2022-07-21_18-09-49,stop,testing'
ptd-server 2022-07-21 18:31:33,626 [INFO] Sending to ptd: 'Stop'
ptd-server 2022-07-21 18:31:33,627 [INFO] Reply from ptd: 'Stopping untimed measurement'
ptd-server 2022-07-21 18:31:33,812 [INFO] Sending reply to client 'OK'
ptd-server 2022-07-21 18:31:33,819 [INFO] Got command from the client 'session,2022-07-21_18-09-49,done'
ptd-server 2022-07-21 18:31:33,820 [INFO] Sending to ptd: 'Stop'
ptd-server 2022-07-21 18:31:34,408 [INFO] Reply from ptd: 'Error: no measurement to stop'
ptd-server 2022-07-21 18:31:34,409 [INFO] Sending to ptd: 'SR,V,Auto'
ptd-server 2022-07-21 18:31:34,911 [INFO] Reply from ptd: 'Range V changed'
ptd-server 2022-07-21 18:31:34,911 [INFO] Sending to ptd: 'SR,A,0.500000'
ptd-server 2022-07-21 18:31:36,413 [INFO] Reply from ptd: 'Range A changed'
ptd-server 2022-07-21 18:31:36,413 [INFO] Set initial values for Amps 0.500000 and Volts Auto
ptd-server 2022-07-21 18:31:36,413 [INFO] Stopping ptd...
