ptd-server 2022-07-21 20:05:23,793 [INFO] Got command from the client 'stop'
ptd-server 2022-07-21 20:05:23,800 [INFO] The server will be stopped after processing this client
ptd-server 2022-07-21 20:05:23,800 [INFO] Sending reply to client 'OK'
ptd-server 2022-07-21 20:05:24,005 [INFO] Got command from the client 'time'
ptd-server 2022-07-21 20:05:24,006 [INFO] Sending reply to client '1658459124.006335'
ptd-server 2022-07-21 20:05:24,013 [INFO] Got command from the client 'new,,68e1f1eb-af73-476e-8a8e-0a7b7d1af399'
ptd-server 2022-07-21 20:05:24,015 [INFO] Sending reply to client 'OK 2022-07-21_20-05-24,f3f58fbe-5aeb-4c44-9002-c1bcdf46adf0'
ptd-server 2022-07-21 20:05:24,222 [INFO] Got command from the client 'time'
ptd-server 2022-07-21 20:05:24,223 [INFO] Sending reply to client '1658459124.2239883'
ptd-server 2022-07-21 20:05:24,225 [INFO] Got command from the client 'session,2022-07-21_20-05-24,start,ranging'
ptd-server 2022-07-21 20:05:24,341 [INFO] Running PTDaemon: ['C:\\PTD\\ptd-windows-x86.exe', '-l', 'C:\\Users\\lab\\AppData\\Local\\Temp\\tmpyodpubah\\ptd_logfile.txt', '-p', '8888', '-c', '1,3', '-y', '77', '10.34.232.250']
ptd-server 2022-07-21 20:05:44,529 [INFO] Sending to ptd: 'Hello'
ptd-server 2022-07-21 20:05:44,530 [INFO] Reply from ptd: 'Hello, PTDaemon here!'
ptd-server 2022-07-21 20:05:44,530 [INFO] Sending to ptd: 'Identify'
ptd-server 2022-07-21 20:05:44,532 [INFO] Reply from ptd: 'YokogawaWT330_multichannel,1000,1,1,1,1,0,0,1,version=1.9.2-3976349f-20201208,OS=Windows 8 / Server 2012,mode=power,1,1,2,0,0,no_cal_date,YOKOGAWA;WT333E;C2WA21018V;F1.04'
ptd-server 2022-07-21 20:05:44,532 [INFO] Connected to PTDaemon
ptd-server 2022-07-21 20:05:44,533 [INFO] Sending to ptd: 'RR'
ptd-server 2022-07-21 20:05:44,534 [INFO] Reply from ptd: 'Ranges,0,10.000000,1,300.000000'
ptd-server 2022-07-21 20:05:44,535 [INFO] Initial range for Amps is 10.000000 for Volts is Auto
ptd-server 2022-07-21 20:05:44,536 [INFO] Sending to ptd: 'SR,V,Auto'
ptd-server 2022-07-21 20:05:49,606 [INFO] Reply from ptd: 'Range V changed'
ptd-server 2022-07-21 20:05:49,607 [INFO] Sending to ptd: 'SR,A,Auto'
ptd-server 2022-07-21 20:05:54,675 [INFO] Reply from ptd: 'Range A changed'
ptd-server 2022-07-21 20:06:04,685 [INFO] Starting ranging mode
ptd-server 2022-07-21 20:06:04,708 [INFO] Sending to ptd: 'Go,1000,0,2022-07-21_20-05-24_ranging'
ptd-server 2022-07-21 20:06:04,726 [INFO] Reply from ptd: 'Starting untimed measurement, maximum 500000 samples at 1000ms with 0 rampup samples'
ptd-server 2022-07-21 20:06:04,727 [INFO] Sending reply to client 'OK'
ptd-server 2022-07-21 20:20:05,528 [INFO] Got command from the client 'session,2022-07-21_20-05-24,stop,ranging'
ptd-server 2022-07-21 20:20:15,531 [INFO] Sending to ptd: 'Stop'
ptd-server 2022-07-21 20:20:15,532 [INFO] Reply from ptd: 'Stopping untimed measurement'
ptd-server 2022-07-21 20:20:15,594 [INFO] Sending reply to client 'OK'
ptd-server 2022-07-21 20:20:15,833 [INFO] Got command from the client 'time'
ptd-server 2022-07-21 20:20:15,833 [INFO] Sending reply to client '1658460015.8338892'
ptd-server 2022-07-21 20:20:15,835 [INFO] Got command from the client 'session,2022-07-21_20-05-24,start,testing'
ptd-server 2022-07-21 20:20:15,835 [INFO] Sending to ptd: 'SR,V,209.070000'
ptd-server 2022-07-21 20:20:21,910 [INFO] Reply from ptd: 'Range V changed'
ptd-server 2022-07-21 20:20:21,911 [INFO] Sending to ptd: 'SR,A,5.415300'
ptd-server 2022-07-21 20:20:27,493 [INFO] Reply from ptd: 'Range A changed'
ptd-server 2022-07-21 20:20:37,502 [INFO] Starting testing mode
ptd-server 2022-07-21 20:20:37,505 [INFO] Sending to ptd: 'Go,1000,0,2022-07-21_20-05-24_testing'
ptd-server 2022-07-21 20:20:37,507 [INFO] Reply from ptd: 'Starting untimed measurement, maximum 500000 samples at 1000ms with 0 rampup samples'
ptd-server 2022-07-21 20:20:37,507 [INFO] Sending reply to client 'OK'
ptd-server 2022-07-21 20:34:38,278 [INFO] Got command from the client 'session,2022-07-21_20-05-24,stop,testing'
ptd-server 2022-07-21 20:34:48,285 [INFO] Sending to ptd: 'Stop'
ptd-server 2022-07-21 20:34:48,286 [INFO] Reply from ptd: 'Stopping untimed measurement'
ptd-server 2022-07-21 20:34:48,318 [INFO] Sending reply to client 'OK'
ptd-server 2022-07-21 20:34:48,399 [INFO] Got command from the client 'session,2022-07-21_20-05-24,done'
ptd-server 2022-07-21 20:34:48,400 [INFO] Sending to ptd: 'Stop'
ptd-server 2022-07-21 20:34:48,508 [INFO] Reply from ptd: 'Error: no measurement to stop'
ptd-server 2022-07-21 20:34:48,509 [INFO] Sending to ptd: 'SR,V,Auto'
ptd-server 2022-07-21 20:34:53,585 [INFO] Reply from ptd: 'Range V changed'
ptd-server 2022-07-21 20:34:53,586 [INFO] Sending to ptd: 'SR,A,10.000000'
ptd-server 2022-07-21 20:34:59,176 [INFO] Reply from ptd: 'Range A changed'
ptd-server 2022-07-21 20:34:59,177 [INFO] Set initial values for Amps 10.000000 and Volts Auto
ptd-server 2022-07-21 20:34:59,178 [INFO] Stopping ptd...
