ptd-server 2022-07-27 05:11:22,090 [INFO] Got command from the client 'time'
ptd-server 2022-07-27 05:11:22,090 [INFO] Sending reply to client '1658895082.0909457'
ptd-server 2022-07-27 05:11:22,095 [INFO] Got command from the client 'new,,5653d2af-0b82-4a34-b1b4-451d080c830a'
ptd-server 2022-07-27 05:11:22,095 [INFO] Sending reply to client 'OK 2022-07-27_05-11-22,32a245cd-7dfc-4751-8856-3adf16671868'
ptd-server 2022-07-27 05:11:22,192 [INFO] Got command from the client 'time'
ptd-server 2022-07-27 05:11:22,193 [INFO] Sending reply to client '1658895082.1930144'
ptd-server 2022-07-27 05:11:22,196 [INFO] Got command from the client 'session,2022-07-27_05-11-22,start,ranging'
ptd-server 2022-07-27 05:11:22,197 [INFO] Running PTDaemon: ['/home/anton/projects/mlperf/power/inference_v1.0/ptd-linux-x86', '-l', '/tmp/tmp7lgbo8s4/ptd_logfile.txt', '-p', '8888', '49', '/dev/usbtmc0']
ptd-server 2022-07-27 05:11:39,370 [INFO] Sending to ptd: 'Hello'
ptd-server 2022-07-27 05:11:39,371 [INFO] Reply from ptd: 'Hello, PTDaemon here!'
ptd-server 2022-07-27 05:11:39,371 [INFO] Sending to ptd: 'Identify'
ptd-server 2022-07-27 05:11:39,372 [INFO] Reply from ptd: 'YokogawaWT310E,1000,1,1,1,1,0,1,1,version=1.9.2-e8c7a49a-20201208,OS=Linux 5.13.0-52-generic #59~20.04.1-Ubuntu SMP Thu Jun 16 21:21:28 UTC 2022 x86_64,mode=power,1,1,1,0,0,no_cal_date,YOKOGAWA;WT310E;C3XA04010E;F1.04'
ptd-server 2022-07-27 05:11:39,372 [INFO] Connected to PTDaemon
ptd-server 2022-07-27 05:11:39,372 [INFO] Sending to ptd: 'RR'
ptd-server 2022-07-27 05:11:39,372 [INFO] Reply from ptd: 'Ranges,0,0.500000,1,300.000000'
ptd-server 2022-07-27 05:11:39,372 [INFO] Initial range for Amps is 0.500000 for Volts is Auto
ptd-server 2022-07-27 05:11:39,372 [INFO] Sending to ptd: 'SR,V,Auto'
ptd-server 2022-07-27 05:11:39,875 [INFO] Reply from ptd: 'Range V changed'
ptd-server 2022-07-27 05:11:39,875 [INFO] Sending to ptd: 'SR,A,Auto'
ptd-server 2022-07-27 05:11:40,378 [INFO] Reply from ptd: 'Range A changed'
ptd-server 2022-07-27 05:11:50,388 [INFO] Starting ranging mode
ptd-server 2022-07-27 05:11:50,388 [INFO] Sending to ptd: 'Go,1000,0,2022-07-27_05-11-22_ranging'
ptd-server 2022-07-27 05:11:50,388 [INFO] Reply from ptd: 'Starting untimed measurement, maximum 500000 samples at 1000ms with 0 rampup samples'
ptd-server 2022-07-27 05:11:50,389 [INFO] Sending reply to client 'OK'
ptd-server 2022-07-27 05:22:05,610 [INFO] Got command from the client 'session,2022-07-27_05-11-22,stop,ranging'
ptd-server 2022-07-27 05:22:15,621 [INFO] Sending to ptd: 'Stop'
ptd-server 2022-07-27 05:22:15,621 [INFO] Reply from ptd: 'Stopping untimed measurement'
ptd-server 2022-07-27 05:22:16,538 [INFO] Sending reply to client 'OK'
ptd-server 2022-07-27 05:22:16,753 [INFO] Got command from the client 'time'
ptd-server 2022-07-27 05:22:16,753 [INFO] Sending reply to client '1658895736.7536929'
ptd-server 2022-07-27 05:22:16,757 [INFO] Got command from the client 'session,2022-07-27_05-11-22,start,testing'
ptd-server 2022-07-27 05:22:16,758 [INFO] Sending to ptd: 'SR,V,249.740000'
ptd-server 2022-07-27 05:22:18,259 [INFO] Reply from ptd: 'Range V changed'
ptd-server 2022-07-27 05:22:18,259 [INFO] Sending to ptd: 'SR,A,0.041240'
ptd-server 2022-07-27 05:22:19,760 [INFO] Reply from ptd: 'Range A changed'
ptd-server 2022-07-27 05:22:29,771 [INFO] Starting testing mode
ptd-server 2022-07-27 05:22:29,771 [INFO] Sending to ptd: 'Go,1000,0,2022-07-27_05-11-22_testing'
ptd-server 2022-07-27 05:22:29,771 [INFO] Reply from ptd: 'Starting untimed measurement, maximum 500000 samples at 1000ms with 0 rampup samples'
ptd-server 2022-07-27 05:22:29,771 [INFO] Sending reply to client 'OK'
ptd-server 2022-07-27 05:32:45,119 [INFO] Got command from the client 'session,2022-07-27_05-11-22,stop,testing'
ptd-server 2022-07-27 05:32:55,130 [INFO] Sending to ptd: 'Stop'
ptd-server 2022-07-27 05:32:55,130 [INFO] Reply from ptd: 'Stopping untimed measurement'
ptd-server 2022-07-27 05:32:55,600 [INFO] Sending reply to client 'OK'
ptd-server 2022-07-27 05:32:55,625 [INFO] Got command from the client 'session,2022-07-27_05-11-22,done'
ptd-server 2022-07-27 05:32:55,625 [INFO] Sending to ptd: 'Stop'
ptd-server 2022-07-27 05:32:55,771 [INFO] Reply from ptd: 'Error: no measurement to stop'
ptd-server 2022-07-27 05:32:55,771 [INFO] Sending to ptd: 'SR,V,Auto'
ptd-server 2022-07-27 05:32:56,274 [INFO] Reply from ptd: 'Range V changed'
ptd-server 2022-07-27 05:32:56,274 [INFO] Sending to ptd: 'SR,A,0.500000'
ptd-server 2022-07-27 05:32:57,775 [INFO] Reply from ptd: 'Range A changed'
ptd-server 2022-07-27 05:32:57,776 [INFO] Set initial values for Amps 0.500000 and Volts Auto
ptd-server 2022-07-27 05:32:57,776 [INFO] Stopping ptd...
