ptd-server 2022-08-01 19:00:50,546 [INFO] Got command from the client 'time'
ptd-server 2022-08-01 19:00:50,546 [INFO] Sending reply to client '1659376850.5464888'
ptd-server 2022-08-01 19:00:50,547 [INFO] Got command from the client 'new,,c9db3b66-fa96-4a08-8a5f-1d84b81128a2'
ptd-server 2022-08-01 19:00:50,547 [INFO] Sending reply to client 'OK 2022-08-01_19-00-50,ad5a4181-cd7f-475c-aca5-c165b16b04d2'
ptd-server 2022-08-01 19:00:50,586 [INFO] Got command from the client 'time'
ptd-server 2022-08-01 19:00:50,586 [INFO] Sending reply to client '1659376850.5867143'
ptd-server 2022-08-01 19:00:50,587 [INFO] Got command from the client 'session,2022-08-01_19-00-50,start,ranging'
ptd-server 2022-08-01 19:00:50,587 [INFO] Running PTDaemon: ['/home/anton/projects/mlperf/power/inference_v1.0/ptd-linux-x86', '-l', '/tmp/tmp7lgbo8s4/ptd_logfile.txt', '-p', '8888', '49', '/dev/usbtmc0']
ptd-server 2022-08-01 19:01:07,762 [INFO] Sending to ptd: 'Hello'
ptd-server 2022-08-01 19:01:07,762 [INFO] Reply from ptd: 'Hello, PTDaemon here!'
ptd-server 2022-08-01 19:01:07,763 [INFO] Sending to ptd: 'Identify'
ptd-server 2022-08-01 19:01:07,763 [INFO] Reply from ptd: 'YokogawaWT310E,1000,1,1,1,1,0,1,1,version=1.9.2-e8c7a49a-20201208,OS=Linux 5.13.0-52-generic #59~20.04.1-Ubuntu SMP Thu Jun 16 21:21:28 UTC 2022 x86_64,mode=power,1,1,1,0,0,no_cal_date,YOKOGAWA;WT310E;C3XA04010E;F1.04'
ptd-server 2022-08-01 19:01:07,763 [INFO] Connected to PTDaemon
ptd-server 2022-08-01 19:01:07,763 [INFO] Sending to ptd: 'RR'
ptd-server 2022-08-01 19:01:07,764 [INFO] Reply from ptd: 'Ranges,0,0.500000,1,300.000000'
ptd-server 2022-08-01 19:01:07,764 [INFO] Initial range for Amps is 0.500000 for Volts is Auto
ptd-server 2022-08-01 19:01:07,764 [INFO] Sending to ptd: 'SR,V,Auto'
ptd-server 2022-08-01 19:01:08,267 [INFO] Reply from ptd: 'Range V changed'
ptd-server 2022-08-01 19:01:08,267 [INFO] Sending to ptd: 'SR,A,Auto'
ptd-server 2022-08-01 19:01:08,770 [INFO] Reply from ptd: 'Range A changed'
ptd-server 2022-08-01 19:01:18,779 [INFO] Starting ranging mode
ptd-server 2022-08-01 19:01:18,779 [INFO] Sending to ptd: 'Go,1000,0,2022-08-01_19-00-50_ranging'
ptd-server 2022-08-01 19:01:18,780 [INFO] Reply from ptd: 'Starting untimed measurement, maximum 500000 samples at 1000ms with 0 rampup samples'
ptd-server 2022-08-01 19:01:18,780 [INFO] Sending reply to client 'OK'
ptd-server 2022-08-01 19:11:30,211 [INFO] Got command from the client 'session,2022-08-01_19-00-50,stop,ranging'
ptd-server 2022-08-01 19:11:40,219 [INFO] Sending to ptd: 'Stop'
ptd-server 2022-08-01 19:11:40,219 [INFO] Reply from ptd: 'Stopping untimed measurement'
ptd-server 2022-08-01 19:11:41,644 [INFO] Sending reply to client 'OK'
ptd-server 2022-08-01 19:11:41,714 [INFO] Got command from the client 'time'
ptd-server 2022-08-01 19:11:41,714 [INFO] Sending reply to client '1659377501.7143278'
ptd-server 2022-08-01 19:11:41,715 [INFO] Got command from the client 'session,2022-08-01_19-00-50,start,testing'
ptd-server 2022-08-01 19:11:41,715 [INFO] Sending to ptd: 'SR,V,251.370000'
ptd-server 2022-08-01 19:11:43,217 [INFO] Reply from ptd: 'Range V changed'
ptd-server 2022-08-01 19:11:43,217 [INFO] Sending to ptd: 'SR,A,0.233740'
ptd-server 2022-08-01 19:11:44,718 [INFO] Reply from ptd: 'Range A changed'
ptd-server 2022-08-01 19:11:54,729 [INFO] Starting testing mode
ptd-server 2022-08-01 19:11:54,729 [INFO] Sending to ptd: 'Go,1000,0,2022-08-01_19-00-50_testing'
ptd-server 2022-08-01 19:11:54,729 [INFO] Reply from ptd: 'Starting untimed measurement, maximum 500000 samples at 1000ms with 0 rampup samples'
ptd-server 2022-08-01 19:11:54,729 [INFO] Sending reply to client 'OK'
ptd-server 2022-08-01 19:22:06,117 [INFO] Got command from the client 'session,2022-08-01_19-00-50,stop,testing'
ptd-server 2022-08-01 19:22:16,127 [INFO] Sending to ptd: 'Stop'
ptd-server 2022-08-01 19:22:16,128 [INFO] Reply from ptd: 'Stopping untimed measurement'
ptd-server 2022-08-01 19:22:16,859 [INFO] Sending reply to client 'OK'
ptd-server 2022-08-01 19:22:16,874 [INFO] Got command from the client 'session,2022-08-01_19-00-50,done'
ptd-server 2022-08-01 19:22:16,874 [INFO] Sending to ptd: 'Stop'
ptd-server 2022-08-01 19:22:16,874 [INFO] Reply from ptd: 'Error: no measurement to stop'
ptd-server 2022-08-01 19:22:16,874 [INFO] Sending to ptd: 'SR,V,Auto'
ptd-server 2022-08-01 19:22:17,377 [INFO] Reply from ptd: 'Range V changed'
ptd-server 2022-08-01 19:22:17,377 [INFO] Sending to ptd: 'SR,A,0.500000'
ptd-server 2022-08-01 19:22:18,879 [INFO] Reply from ptd: 'Range A changed'
ptd-server 2022-08-01 19:22:18,879 [INFO] Set initial values for Amps 0.500000 and Volts Auto
ptd-server 2022-08-01 19:22:18,879 [INFO] Stopping ptd...
