ptd-server 2022-07-28 13:35:20,708 [INFO] Got command from the client 'time'
ptd-server 2022-07-28 13:35:20,708 [INFO] Sending reply to client '1659011720.7087712'
ptd-server 2022-07-28 13:35:20,712 [INFO] Got command from the client 'new,,3d0d3baa-a672-4abd-bc86-7ed04b7c53bc'
ptd-server 2022-07-28 13:35:20,713 [INFO] Sending reply to client 'OK 2022-07-28_13-35-20,70302e07-e31c-4368-988b-7d7d1fe7cc49'
ptd-server 2022-07-28 13:35:20,811 [INFO] Got command from the client 'time'
ptd-server 2022-07-28 13:35:20,811 [INFO] Sending reply to client '1659011720.811427'
ptd-server 2022-07-28 13:35:20,815 [INFO] Got command from the client 'session,2022-07-28_13-35-20,start,ranging'
ptd-server 2022-07-28 13:35:20,815 [INFO] Running PTDaemon: ['/home/anton/projects/mlperf/power/inference_v1.0/ptd-linux-x86', '-l', '/tmp/tmp7lgbo8s4/ptd_logfile.txt', '-p', '8888', '49', '/dev/usbtmc0']
ptd-server 2022-07-28 13:35:37,989 [INFO] Sending to ptd: 'Hello'
ptd-server 2022-07-28 13:35:37,989 [INFO] Reply from ptd: 'Hello, PTDaemon here!'
ptd-server 2022-07-28 13:35:37,989 [INFO] Sending to ptd: 'Identify'
ptd-server 2022-07-28 13:35:37,990 [INFO] Reply from ptd: 'YokogawaWT310E,1000,1,1,1,1,0,1,1,version=1.9.2-e8c7a49a-20201208,OS=Linux 5.13.0-52-generic #59~20.04.1-Ubuntu SMP Thu Jun 16 21:21:28 UTC 2022 x86_64,mode=power,1,1,1,0,0,no_cal_date,YOKOGAWA;WT310E;C3XA04010E;F1.04'
ptd-server 2022-07-28 13:35:37,990 [INFO] Connected to PTDaemon
ptd-server 2022-07-28 13:35:37,990 [INFO] Sending to ptd: 'RR'
ptd-server 2022-07-28 13:35:37,990 [INFO] Reply from ptd: 'Ranges,0,0.500000,1,300.000000'
ptd-server 2022-07-28 13:35:37,990 [INFO] Initial range for Amps is 0.500000 for Volts is Auto
ptd-server 2022-07-28 13:35:37,991 [INFO] Sending to ptd: 'SR,V,Auto'
ptd-server 2022-07-28 13:35:38,493 [INFO] Reply from ptd: 'Range V changed'
ptd-server 2022-07-28 13:35:38,493 [INFO] Sending to ptd: 'SR,A,Auto'
ptd-server 2022-07-28 13:35:38,996 [INFO] Reply from ptd: 'Range A changed'
ptd-server 2022-07-28 13:35:48,998 [INFO] Starting ranging mode
ptd-server 2022-07-28 13:35:48,998 [INFO] Sending to ptd: 'Go,1000,0,2022-07-28_13-35-20_ranging'
ptd-server 2022-07-28 13:35:48,998 [INFO] Reply from ptd: 'Starting untimed measurement, maximum 500000 samples at 1000ms with 0 rampup samples'
ptd-server 2022-07-28 13:35:48,999 [INFO] Sending reply to client 'OK'
ptd-server 2022-07-28 13:46:05,703 [INFO] Got command from the client 'session,2022-07-28_13-35-20,stop,ranging'
ptd-server 2022-07-28 13:46:15,714 [INFO] Sending to ptd: 'Stop'
ptd-server 2022-07-28 13:46:15,714 [INFO] Reply from ptd: 'Stopping untimed measurement'
ptd-server 2022-07-28 13:46:16,801 [INFO] Sending reply to client 'OK'
ptd-server 2022-07-28 13:46:17,008 [INFO] Got command from the client 'time'
ptd-server 2022-07-28 13:46:17,008 [INFO] Sending reply to client '1659012377.008494'
ptd-server 2022-07-28 13:46:17,014 [INFO] Got command from the client 'session,2022-07-28_13-35-20,start,testing'
ptd-server 2022-07-28 13:46:17,015 [INFO] Sending to ptd: 'SR,V,250.060000'
ptd-server 2022-07-28 13:46:18,516 [INFO] Reply from ptd: 'Range V changed'
ptd-server 2022-07-28 13:46:18,516 [INFO] Sending to ptd: 'SR,A,0.052620'
ptd-server 2022-07-28 13:46:20,017 [INFO] Reply from ptd: 'Range A changed'
ptd-server 2022-07-28 13:46:30,028 [INFO] Starting testing mode
ptd-server 2022-07-28 13:46:30,028 [INFO] Sending to ptd: 'Go,1000,0,2022-07-28_13-35-20_testing'
ptd-server 2022-07-28 13:46:30,028 [INFO] Reply from ptd: 'Starting untimed measurement, maximum 500000 samples at 1000ms with 0 rampup samples'
ptd-server 2022-07-28 13:46:30,029 [INFO] Sending reply to client 'OK'
ptd-server 2022-07-28 13:56:46,663 [INFO] Got command from the client 'session,2022-07-28_13-35-20,stop,testing'
ptd-server 2022-07-28 13:56:56,673 [INFO] Sending to ptd: 'Stop'
ptd-server 2022-07-28 13:56:56,674 [INFO] Reply from ptd: 'Stopping untimed measurement'
ptd-server 2022-07-28 13:56:57,229 [INFO] Sending reply to client 'OK'
ptd-server 2022-07-28 13:56:57,347 [INFO] Got command from the client 'session,2022-07-28_13-35-20,done'
ptd-server 2022-07-28 13:56:57,347 [INFO] Sending to ptd: 'Stop'
ptd-server 2022-07-28 13:56:57,347 [INFO] Reply from ptd: 'Error: no measurement to stop'
ptd-server 2022-07-28 13:56:57,348 [INFO] Sending to ptd: 'SR,V,Auto'
ptd-server 2022-07-28 13:56:57,850 [INFO] Reply from ptd: 'Range V changed'
ptd-server 2022-07-28 13:56:57,850 [INFO] Sending to ptd: 'SR,A,0.500000'
ptd-server 2022-07-28 13:56:59,351 [INFO] Reply from ptd: 'Range A changed'
ptd-server 2022-07-28 13:56:59,352 [INFO] Set initial values for Amps 0.500000 and Volts Auto
ptd-server 2022-07-28 13:56:59,352 [INFO] Stopping ptd...
