ptd-server 2022-07-29 04:54:45,182 [INFO] Got command from the client 'time'
ptd-server 2022-07-29 04:54:45,183 [INFO] Sending reply to client '1659066885.1829839'
ptd-server 2022-07-29 04:54:45,187 [INFO] Got command from the client 'new,,a98f84ee-9b04-499c-a1c4-3a8faf382094'
ptd-server 2022-07-29 04:54:45,187 [INFO] Sending reply to client 'OK 2022-07-29_04-54-45,10345c5e-d84f-4ccd-9f98-fe89649c55fb'
ptd-server 2022-07-29 04:54:45,285 [INFO] Got command from the client 'time'
ptd-server 2022-07-29 04:54:45,285 [INFO] Sending reply to client '1659066885.2857893'
ptd-server 2022-07-29 04:54:45,290 [INFO] Got command from the client 'session,2022-07-29_04-54-45,start,ranging'
ptd-server 2022-07-29 04:54:45,290 [INFO] Running PTDaemon: ['/home/anton/projects/mlperf/power/inference_v1.0/ptd-linux-x86', '-l', '/tmp/tmp7lgbo8s4/ptd_logfile.txt', '-p', '8888', '49', '/dev/usbtmc0']
ptd-server 2022-07-29 04:55:02,465 [INFO] Sending to ptd: 'Hello'
ptd-server 2022-07-29 04:55:02,465 [INFO] Reply from ptd: 'Hello, PTDaemon here!'
ptd-server 2022-07-29 04:55:02,465 [INFO] Sending to ptd: 'Identify'
ptd-server 2022-07-29 04:55:02,466 [INFO] Reply from ptd: 'YokogawaWT310E,1000,1,1,1,1,0,1,1,version=1.9.2-e8c7a49a-20201208,OS=Linux 5.13.0-52-generic #59~20.04.1-Ubuntu SMP Thu Jun 16 21:21:28 UTC 2022 x86_64,mode=power,1,1,1,0,0,no_cal_date,YOKOGAWA;WT310E;C3XA04010E;F1.04'
ptd-server 2022-07-29 04:55:02,466 [INFO] Connected to PTDaemon
ptd-server 2022-07-29 04:55:02,466 [INFO] Sending to ptd: 'RR'
ptd-server 2022-07-29 04:55:02,466 [INFO] Reply from ptd: 'Ranges,0,0.500000,1,300.000000'
ptd-server 2022-07-29 04:55:02,467 [INFO] Initial range for Amps is 0.500000 for Volts is Auto
ptd-server 2022-07-29 04:55:02,467 [INFO] Sending to ptd: 'SR,V,Auto'
ptd-server 2022-07-29 04:55:02,969 [INFO] Reply from ptd: 'Range V changed'
ptd-server 2022-07-29 04:55:02,969 [INFO] Sending to ptd: 'SR,A,Auto'
ptd-server 2022-07-29 04:55:03,472 [INFO] Reply from ptd: 'Range A changed'
ptd-server 2022-07-29 04:55:13,482 [INFO] Starting ranging mode
ptd-server 2022-07-29 04:55:13,482 [INFO] Sending to ptd: 'Go,1000,0,2022-07-29_04-54-45_ranging'
ptd-server 2022-07-29 04:55:13,483 [INFO] Reply from ptd: 'Starting untimed measurement, maximum 500000 samples at 1000ms with 0 rampup samples'
ptd-server 2022-07-29 04:55:13,483 [INFO] Sending reply to client 'OK'
ptd-server 2022-07-29 05:05:30,595 [INFO] Got command from the client 'session,2022-07-29_04-54-45,stop,ranging'
ptd-server 2022-07-29 05:05:40,606 [INFO] Sending to ptd: 'Stop'
ptd-server 2022-07-29 05:05:40,606 [INFO] Reply from ptd: 'Stopping untimed measurement'
ptd-server 2022-07-29 05:05:41,761 [INFO] Sending reply to client 'OK'
ptd-server 2022-07-29 05:05:41,893 [INFO] Got command from the client 'time'
ptd-server 2022-07-29 05:05:41,893 [INFO] Sending reply to client '1659067541.8932562'
ptd-server 2022-07-29 05:05:41,897 [INFO] Got command from the client 'session,2022-07-29_04-54-45,start,testing'
ptd-server 2022-07-29 05:05:41,897 [INFO] Sending to ptd: 'SR,V,250.810000'
ptd-server 2022-07-29 05:05:43,399 [INFO] Reply from ptd: 'Range V changed'
ptd-server 2022-07-29 05:05:43,399 [INFO] Sending to ptd: 'SR,A,0.050620'
ptd-server 2022-07-29 05:05:44,900 [INFO] Reply from ptd: 'Range A changed'
ptd-server 2022-07-29 05:05:54,910 [INFO] Starting testing mode
ptd-server 2022-07-29 05:05:54,911 [INFO] Sending to ptd: 'Go,1000,0,2022-07-29_04-54-45_testing'
ptd-server 2022-07-29 05:05:54,911 [INFO] Reply from ptd: 'Starting untimed measurement, maximum 500000 samples at 1000ms with 0 rampup samples'
ptd-server 2022-07-29 05:05:54,911 [INFO] Sending reply to client 'OK'
ptd-server 2022-07-29 05:16:12,135 [INFO] Got command from the client 'session,2022-07-29_04-54-45,stop,testing'
ptd-server 2022-07-29 05:16:22,146 [INFO] Sending to ptd: 'Stop'
ptd-server 2022-07-29 05:16:22,146 [INFO] Reply from ptd: 'Stopping untimed measurement'
ptd-server 2022-07-29 05:16:22,732 [INFO] Sending reply to client 'OK'
ptd-server 2022-07-29 05:16:22,761 [INFO] Got command from the client 'session,2022-07-29_04-54-45,done'
ptd-server 2022-07-29 05:16:22,761 [INFO] Sending to ptd: 'Stop'
ptd-server 2022-07-29 05:16:22,911 [INFO] Reply from ptd: 'Error: no measurement to stop'
ptd-server 2022-07-29 05:16:22,912 [INFO] Sending to ptd: 'SR,V,Auto'
ptd-server 2022-07-29 05:16:23,414 [INFO] Reply from ptd: 'Range V changed'
ptd-server 2022-07-29 05:16:23,414 [INFO] Sending to ptd: 'SR,A,0.500000'
ptd-server 2022-07-29 05:16:24,916 [INFO] Reply from ptd: 'Range A changed'
ptd-server 2022-07-29 05:16:24,916 [INFO] Set initial values for Amps 0.500000 and Volts Auto
ptd-server 2022-07-29 05:16:24,916 [INFO] Stopping ptd...
