ptd-server 2022-08-05 10:58:28,999 [INFO] Got command from the client 'time'
ptd-server 2022-08-05 10:58:28,999 [INFO] Sending reply to client '1659715108.999624'
ptd-server 2022-08-05 10:58:29,000 [INFO] Got command from the client 'new,,6f5196de-591a-4b67-a52e-472c9bf42f3e'
ptd-server 2022-08-05 10:58:29,001 [INFO] Sending reply to client 'OK 2022-08-05_10-58-29,42d9061a-88ff-4c71-ae33-e4f06ec120b3'
ptd-server 2022-08-05 10:58:29,102 [INFO] Got command from the client 'time'
ptd-server 2022-08-05 10:58:29,103 [INFO] Sending reply to client '1659715109.1031196'
ptd-server 2022-08-05 10:58:29,104 [INFO] Got command from the client 'session,2022-08-05_10-58-29,start,ranging'
ptd-server 2022-08-05 10:58:29,104 [INFO] Running PTDaemon: ['/local/mnt/workspace/mlcommons/power-main/inference_v1.0/ptd-linux-x86', '-l', '/tmp/tmp3rup6cv3/ptd_logfile.txt', '-p', '8888', '-c', '3', '52', '/dev/usbtmc0']
ptd-server 2022-08-05 10:58:46,227 [INFO] Sending to ptd: 'Hello'
ptd-server 2022-08-05 10:58:46,228 [INFO] Reply from ptd: 'Hello, PTDaemon here!'
ptd-server 2022-08-05 10:58:46,228 [INFO] Sending to ptd: 'Identify'
ptd-server 2022-08-05 10:58:46,229 [INFO] Reply from ptd: 'YokogawaWT330E,1000,1,1,1,1,0,0,1,version=1.9.2-e8c7a49a-20201208,OS=Linux 5.4.0-105-generic #119~18.04.1-Ubuntu SMP Tue Mar 8 11:21:24 UTC 2022 x86_64,mode=power,1,1,1,0,0,no_cal_date,YOKOGAWA;WT333E;C2XC17005V;F1.04'
ptd-server 2022-08-05 10:58:46,229 [INFO] Connected to PTDaemon
ptd-server 2022-08-05 10:58:46,229 [INFO] Sending to ptd: 'RR'
ptd-server 2022-08-05 10:58:46,230 [INFO] Reply from ptd: 'Ranges,1,2.000000,1,150.000000'
ptd-server 2022-08-05 10:58:46,230 [INFO] Initial range for Amps is Auto for Volts is Auto
ptd-server 2022-08-05 10:58:46,230 [INFO] Sending to ptd: 'SR,V,Auto'
ptd-server 2022-08-05 10:58:46,733 [INFO] Reply from ptd: 'Range V changed'
ptd-server 2022-08-05 10:58:46,734 [INFO] Sending to ptd: 'SR,A,Auto'
ptd-server 2022-08-05 10:58:47,237 [INFO] Reply from ptd: 'Range A changed'
ptd-server 2022-08-05 10:58:57,247 [INFO] Starting ranging mode
ptd-server 2022-08-05 10:58:57,248 [INFO] Sending to ptd: 'Go,1000,0,2022-08-05_10-58-29_ranging'
ptd-server 2022-08-05 10:58:57,248 [INFO] Reply from ptd: 'Starting untimed measurement, maximum 500000 samples at 1000ms with 0 rampup samples'
ptd-server 2022-08-05 10:58:57,249 [INFO] Sending reply to client 'OK'
ptd-server 2022-08-05 11:11:30,862 [INFO] Got command from the client 'session,2022-08-05_10-58-29,stop,ranging'
ptd-server 2022-08-05 11:11:40,873 [INFO] Sending to ptd: 'Stop'
ptd-server 2022-08-05 11:11:40,873 [INFO] Reply from ptd: 'Stopping untimed measurement'
ptd-server 2022-08-05 11:11:40,911 [INFO] Sending reply to client 'OK'
ptd-server 2022-08-05 11:11:41,023 [INFO] Got command from the client 'time'
ptd-server 2022-08-05 11:11:41,024 [INFO] Sending reply to client '1659715901.0239916'
ptd-server 2022-08-05 11:11:41,025 [INFO] Got command from the client 'session,2022-08-05_10-58-29,start,testing'
ptd-server 2022-08-05 11:11:41,025 [INFO] Sending to ptd: 'SR,V,119.500000'
ptd-server 2022-08-05 11:11:42,751 [INFO] Reply from ptd: 'Range V changed'
ptd-server 2022-08-05 11:11:42,751 [INFO] Sending to ptd: 'SR,A,0.334500'
ptd-server 2022-08-05 11:11:44,253 [INFO] Reply from ptd: 'Range A changed'
ptd-server 2022-08-05 11:11:54,264 [INFO] Starting testing mode
ptd-server 2022-08-05 11:11:54,264 [INFO] Sending to ptd: 'Go,1000,0,2022-08-05_10-58-29_testing'
ptd-server 2022-08-05 11:11:54,265 [INFO] Reply from ptd: 'Starting untimed measurement, maximum 500000 samples at 1000ms with 0 rampup samples'
ptd-server 2022-08-05 11:11:54,265 [INFO] Sending reply to client 'OK'
ptd-server 2022-08-05 11:24:28,488 [INFO] Got command from the client 'session,2022-08-05_10-58-29,stop,testing'
ptd-server 2022-08-05 11:24:38,499 [INFO] Sending to ptd: 'Stop'
ptd-server 2022-08-05 11:24:38,500 [INFO] Reply from ptd: 'Stopping untimed measurement'
ptd-server 2022-08-05 11:24:38,519 [INFO] Sending reply to client 'OK'
ptd-server 2022-08-05 11:24:38,526 [INFO] Got command from the client 'session,2022-08-05_10-58-29,done'
ptd-server 2022-08-05 11:24:38,527 [INFO] Sending to ptd: 'Stop'
ptd-server 2022-08-05 11:24:39,265 [INFO] Reply from ptd: 'Error: no measurement to stop'
ptd-server 2022-08-05 11:24:39,265 [INFO] Sending to ptd: 'SR,V,Auto'
ptd-server 2022-08-05 11:24:39,768 [INFO] Reply from ptd: 'Range V changed'
ptd-server 2022-08-05 11:24:39,769 [INFO] Sending to ptd: 'SR,A,Auto'
ptd-server 2022-08-05 11:24:40,272 [INFO] Reply from ptd: 'Range A changed'
ptd-server 2022-08-05 11:24:40,272 [INFO] Set initial values for Amps Auto and Volts Auto
ptd-server 2022-08-05 11:24:40,272 [INFO] Stopping ptd...
