ptd-server 2022-07-26 18:37:43,435 [INFO] Got command from the client 'time'
ptd-server 2022-07-26 18:37:43,435 [INFO] Sending reply to client '1658857063.4352918'
ptd-server 2022-07-26 18:37:43,439 [INFO] Got command from the client 'new,,86210bea-411c-4352-84eb-71b3a9ee9eec'
ptd-server 2022-07-26 18:37:43,439 [INFO] Sending reply to client 'OK 2022-07-26_18-37-43,4c27f676-5aa3-440a-836f-30d3a008ac9f'
ptd-server 2022-07-26 18:37:43,474 [INFO] Got command from the client 'time'
ptd-server 2022-07-26 18:37:43,475 [INFO] Sending reply to client '1658857063.475122'
ptd-server 2022-07-26 18:37:43,478 [INFO] Got command from the client 'session,2022-07-26_18-37-43,start,ranging'
ptd-server 2022-07-26 18:37:43,478 [INFO] Running PTDaemon: ['/home/anton/projects/mlperf/power/inference_v1.0/ptd-linux-x86', '-l', '/tmp/tmp7lgbo8s4/ptd_logfile.txt', '-p', '8888', '49', '/dev/usbtmc0']
ptd-server 2022-07-26 18:38:00,653 [INFO] Sending to ptd: 'Hello'
ptd-server 2022-07-26 18:38:00,654 [INFO] Reply from ptd: 'Hello, PTDaemon here!'
ptd-server 2022-07-26 18:38:00,654 [INFO] Sending to ptd: 'Identify'
ptd-server 2022-07-26 18:38:00,655 [INFO] Reply from ptd: 'YokogawaWT310E,1000,1,1,1,1,0,1,1,version=1.9.2-e8c7a49a-20201208,OS=Linux 5.13.0-52-generic #59~20.04.1-Ubuntu SMP Thu Jun 16 21:21:28 UTC 2022 x86_64,mode=power,1,1,1,0,0,no_cal_date,YOKOGAWA;WT310E;C3XA04010E;F1.04'
ptd-server 2022-07-26 18:38:00,655 [INFO] Connected to PTDaemon
ptd-server 2022-07-26 18:38:00,655 [INFO] Sending to ptd: 'RR'
ptd-server 2022-07-26 18:38:00,655 [INFO] Reply from ptd: 'Ranges,0,0.500000,1,300.000000'
ptd-server 2022-07-26 18:38:00,655 [INFO] Initial range for Amps is 0.500000 for Volts is Auto
ptd-server 2022-07-26 18:38:00,656 [INFO] Sending to ptd: 'SR,V,Auto'
ptd-server 2022-07-26 18:38:01,158 [INFO] Reply from ptd: 'Range V changed'
ptd-server 2022-07-26 18:38:01,158 [INFO] Sending to ptd: 'SR,A,Auto'
ptd-server 2022-07-26 18:38:01,661 [INFO] Reply from ptd: 'Range A changed'
ptd-server 2022-07-26 18:38:11,671 [INFO] Starting ranging mode
ptd-server 2022-07-26 18:38:11,671 [INFO] Sending to ptd: 'Go,1000,0,2022-07-26_18-37-43_ranging'
ptd-server 2022-07-26 18:38:11,671 [INFO] Reply from ptd: 'Starting untimed measurement, maximum 500000 samples at 1000ms with 0 rampup samples'
ptd-server 2022-07-26 18:38:11,672 [INFO] Sending reply to client 'OK'
ptd-server 2022-07-26 18:48:26,412 [INFO] Got command from the client 'session,2022-07-26_18-37-43,stop,ranging'
ptd-server 2022-07-26 18:48:36,422 [INFO] Sending to ptd: 'Stop'
ptd-server 2022-07-26 18:48:36,423 [INFO] Reply from ptd: 'Stopping untimed measurement'
ptd-server 2022-07-26 18:48:37,293 [INFO] Sending reply to client 'OK'
ptd-server 2022-07-26 18:48:37,381 [INFO] Got command from the client 'time'
ptd-server 2022-07-26 18:48:37,381 [INFO] Sending reply to client '1658857717.3819087'
ptd-server 2022-07-26 18:48:37,385 [INFO] Got command from the client 'session,2022-07-26_18-37-43,start,testing'
ptd-server 2022-07-26 18:48:37,385 [INFO] Sending to ptd: 'SR,V,251.960000'
ptd-server 2022-07-26 18:48:38,886 [INFO] Reply from ptd: 'Range V changed'
ptd-server 2022-07-26 18:48:38,886 [INFO] Sending to ptd: 'SR,A,0.072060'
ptd-server 2022-07-26 18:48:40,388 [INFO] Reply from ptd: 'Range A changed'
ptd-server 2022-07-26 18:48:50,398 [INFO] Starting testing mode
ptd-server 2022-07-26 18:48:50,398 [INFO] Sending to ptd: 'Go,1000,0,2022-07-26_18-37-43_testing'
ptd-server 2022-07-26 18:48:50,399 [INFO] Reply from ptd: 'Starting untimed measurement, maximum 500000 samples at 1000ms with 0 rampup samples'
ptd-server 2022-07-26 18:48:50,399 [INFO] Sending reply to client 'OK'
ptd-server 2022-07-26 18:59:04,858 [INFO] Got command from the client 'session,2022-07-26_18-37-43,stop,testing'
ptd-server 2022-07-26 18:59:14,868 [INFO] Sending to ptd: 'Stop'
ptd-server 2022-07-26 18:59:14,869 [INFO] Reply from ptd: 'Stopping untimed measurement'
ptd-server 2022-07-26 18:59:15,313 [INFO] Sending reply to client 'OK'
ptd-server 2022-07-26 18:59:15,332 [INFO] Got command from the client 'session,2022-07-26_18-37-43,done'
ptd-server 2022-07-26 18:59:15,332 [INFO] Sending to ptd: 'Stop'
ptd-server 2022-07-26 18:59:15,400 [INFO] Reply from ptd: 'Error: no measurement to stop'
ptd-server 2022-07-26 18:59:15,400 [INFO] Sending to ptd: 'SR,V,Auto'
ptd-server 2022-07-26 18:59:15,902 [INFO] Reply from ptd: 'Range V changed'
ptd-server 2022-07-26 18:59:15,902 [INFO] Sending to ptd: 'SR,A,0.500000'
ptd-server 2022-07-26 18:59:17,404 [INFO] Reply from ptd: 'Range A changed'
ptd-server 2022-07-26 18:59:17,404 [INFO] Set initial values for Amps 0.500000 and Volts Auto
ptd-server 2022-07-26 18:59:17,404 [INFO] Stopping ptd...
