ptd-server 2022-07-22 13:12:35,159 [INFO] Got command from the client 'time'
ptd-server 2022-07-22 13:12:35,160 [INFO] Sending reply to client '1658491955.1601202'
ptd-server 2022-07-22 13:12:35,161 [INFO] Got command from the client 'new,,be8ccf3e-4dfe-423f-bb18-a58a865fce87'
ptd-server 2022-07-22 13:12:35,161 [INFO] Sending reply to client 'OK 2022-07-22_13-12-35,f1e59f00-3400-4788-9db5-a0a239472950'
ptd-server 2022-07-22 13:12:35,189 [INFO] Got command from the client 'time'
ptd-server 2022-07-22 13:12:35,190 [INFO] Sending reply to client '1658491955.1900153'
ptd-server 2022-07-22 13:12:35,191 [INFO] Got command from the client 'session,2022-07-22_13-12-35,start,ranging'
ptd-server 2022-07-22 13:12:35,191 [INFO] Running PTDaemon: ['/home/anton/projects/mlperf/power/inference_v1.0/ptd-linux-x86', '-l', '/tmp/tmp7lgbo8s4/ptd_logfile.txt', '-p', '8888', '49', '/dev/usbtmc0']
ptd-server 2022-07-22 13:12:52,365 [INFO] Sending to ptd: 'Hello'
ptd-server 2022-07-22 13:12:52,366 [INFO] Reply from ptd: 'Hello, PTDaemon here!'
ptd-server 2022-07-22 13:12:52,366 [INFO] Sending to ptd: 'Identify'
ptd-server 2022-07-22 13:12:52,366 [INFO] Reply from ptd: 'YokogawaWT310E,1000,1,1,1,1,0,1,1,version=1.9.2-e8c7a49a-20201208,OS=Linux 5.13.0-52-generic #59~20.04.1-Ubuntu SMP Thu Jun 16 21:21:28 UTC 2022 x86_64,mode=power,1,1,1,0,0,no_cal_date,YOKOGAWA;WT310E;C3XA04010E;F1.04'
ptd-server 2022-07-22 13:12:52,366 [INFO] Connected to PTDaemon
ptd-server 2022-07-22 13:12:52,367 [INFO] Sending to ptd: 'RR'
ptd-server 2022-07-22 13:12:52,367 [INFO] Reply from ptd: 'Ranges,0,0.500000,1,300.000000'
ptd-server 2022-07-22 13:12:52,367 [INFO] Initial range for Amps is 0.500000 for Volts is Auto
ptd-server 2022-07-22 13:12:52,367 [INFO] Sending to ptd: 'SR,V,Auto'
ptd-server 2022-07-22 13:12:52,870 [INFO] Reply from ptd: 'Range V changed'
ptd-server 2022-07-22 13:12:52,870 [INFO] Sending to ptd: 'SR,A,Auto'
ptd-server 2022-07-22 13:12:53,372 [INFO] Reply from ptd: 'Range A changed'
ptd-server 2022-07-22 13:13:03,383 [INFO] Starting ranging mode
ptd-server 2022-07-22 13:13:03,383 [INFO] Sending to ptd: 'Go,1000,0,2022-07-22_13-12-35_ranging'
ptd-server 2022-07-22 13:13:03,383 [INFO] Reply from ptd: 'Starting untimed measurement, maximum 500000 samples at 1000ms with 0 rampup samples'
ptd-server 2022-07-22 13:13:03,383 [INFO] Sending reply to client 'OK'
ptd-server 2022-07-22 13:23:24,411 [INFO] Got command from the client 'session,2022-07-22_13-12-35,stop,ranging'
ptd-server 2022-07-22 13:23:34,421 [INFO] Sending to ptd: 'Stop'
ptd-server 2022-07-22 13:23:34,422 [INFO] Reply from ptd: 'Stopping untimed measurement'
ptd-server 2022-07-22 13:23:34,887 [INFO] Sending reply to client 'OK'
ptd-server 2022-07-22 13:23:34,935 [INFO] Got command from the client 'time'
ptd-server 2022-07-22 13:23:34,936 [INFO] Sending reply to client '1658492614.935984'
ptd-server 2022-07-22 13:23:34,937 [INFO] Got command from the client 'session,2022-07-22_13-12-35,start,testing'
ptd-server 2022-07-22 13:23:34,937 [INFO] Sending to ptd: 'SR,V,250.970000'
ptd-server 2022-07-22 13:23:36,885 [INFO] Reply from ptd: 'Range V changed'
ptd-server 2022-07-22 13:23:36,885 [INFO] Sending to ptd: 'SR,A,0.070000'
ptd-server 2022-07-22 13:23:38,386 [INFO] Reply from ptd: 'Range A changed'
ptd-server 2022-07-22 13:23:48,397 [INFO] Starting testing mode
ptd-server 2022-07-22 13:23:48,397 [INFO] Sending to ptd: 'Go,1000,0,2022-07-22_13-12-35_testing'
ptd-server 2022-07-22 13:23:48,397 [INFO] Reply from ptd: 'Starting untimed measurement, maximum 500000 samples at 1000ms with 0 rampup samples'
ptd-server 2022-07-22 13:23:48,398 [INFO] Sending reply to client 'OK'
ptd-server 2022-07-22 13:34:09,303 [INFO] Got command from the client 'session,2022-07-22_13-12-35,stop,testing'
ptd-server 2022-07-22 13:34:19,314 [INFO] Sending to ptd: 'Stop'
ptd-server 2022-07-22 13:34:19,314 [INFO] Reply from ptd: 'Stopping untimed measurement'
ptd-server 2022-07-22 13:34:19,553 [INFO] Sending reply to client 'OK'
ptd-server 2022-07-22 13:34:19,561 [INFO] Got command from the client 'session,2022-07-22_13-12-35,done'
ptd-server 2022-07-22 13:34:19,561 [INFO] Sending to ptd: 'Stop'
ptd-server 2022-07-22 13:34:19,561 [INFO] Reply from ptd: 'Error: no measurement to stop'
ptd-server 2022-07-22 13:34:19,561 [INFO] Sending to ptd: 'SR,V,Auto'
ptd-server 2022-07-22 13:34:20,064 [INFO] Reply from ptd: 'Range V changed'
ptd-server 2022-07-22 13:34:20,064 [INFO] Sending to ptd: 'SR,A,0.500000'
ptd-server 2022-07-22 13:34:21,565 [INFO] Reply from ptd: 'Range A changed'
ptd-server 2022-07-22 13:34:21,565 [INFO] Set initial values for Amps 0.500000 and Volts Auto
ptd-server 2022-07-22 13:34:21,566 [INFO] Stopping ptd...
