ptd-server 2022-07-20 11:03:16,092 [INFO] Got command from the client 'time'
ptd-server 2022-07-20 11:03:16,092 [INFO] Sending reply to client '1658311396.0926352'
ptd-server 2022-07-20 11:03:16,096 [INFO] Got command from the client 'new,,6a8668e3-ccee-4df1-acf6-a16975ea977a'
ptd-server 2022-07-20 11:03:16,096 [INFO] Sending reply to client 'OK 2022-07-20_11-03-16,c146fc30-e39c-46b2-95c3-065a27f81935'
ptd-server 2022-07-20 11:03:16,140 [INFO] Got command from the client 'time'
ptd-server 2022-07-20 11:03:16,140 [INFO] Sending reply to client '1658311396.1402838'
ptd-server 2022-07-20 11:03:16,144 [INFO] Got command from the client 'session,2022-07-20_11-03-16,start,ranging'
ptd-server 2022-07-20 11:03:16,144 [INFO] Running PTDaemon: ['/home/anton/projects/mlperf/power/inference_v1.0/ptd-linux-x86', '-l', '/tmp/tmp7lgbo8s4/ptd_logfile.txt', '-p', '8888', '49', '/dev/usbtmc0']
ptd-server 2022-07-20 11:03:33,319 [INFO] Sending to ptd: 'Hello'
ptd-server 2022-07-20 11:03:33,319 [INFO] Reply from ptd: 'Hello, PTDaemon here!'
ptd-server 2022-07-20 11:03:33,320 [INFO] Sending to ptd: 'Identify'
ptd-server 2022-07-20 11:03:33,320 [INFO] Reply from ptd: 'YokogawaWT310E,1000,1,1,1,1,0,1,1,version=1.9.2-e8c7a49a-20201208,OS=Linux 5.13.0-52-generic #59~20.04.1-Ubuntu SMP Thu Jun 16 21:21:28 UTC 2022 x86_64,mode=power,1,1,1,0,0,no_cal_date,YOKOGAWA;WT310E;C3XA04010E;F1.04'
ptd-server 2022-07-20 11:03:33,320 [INFO] Connected to PTDaemon
ptd-server 2022-07-20 11:03:33,320 [INFO] Sending to ptd: 'RR'
ptd-server 2022-07-20 11:03:33,321 [INFO] Reply from ptd: 'Ranges,0,0.500000,1,300.000000'
ptd-server 2022-07-20 11:03:33,321 [INFO] Initial range for Amps is 0.500000 for Volts is Auto
ptd-server 2022-07-20 11:03:33,321 [INFO] Sending to ptd: 'SR,V,Auto'
ptd-server 2022-07-20 11:03:33,823 [INFO] Reply from ptd: 'Range V changed'
ptd-server 2022-07-20 11:03:33,824 [INFO] Sending to ptd: 'SR,A,Auto'
ptd-server 2022-07-20 11:03:34,326 [INFO] Reply from ptd: 'Range A changed'
ptd-server 2022-07-20 11:03:44,336 [INFO] Starting ranging mode
ptd-server 2022-07-20 11:03:44,336 [INFO] Sending to ptd: 'Go,1000,0,2022-07-20_11-03-16_ranging'
ptd-server 2022-07-20 11:03:44,337 [INFO] Reply from ptd: 'Starting untimed measurement, maximum 500000 samples at 1000ms with 0 rampup samples'
ptd-server 2022-07-20 11:03:44,337 [INFO] Sending reply to client 'OK'
ptd-server 2022-07-20 11:14:03,279 [INFO] Got command from the client 'session,2022-07-20_11-03-16,stop,ranging'
ptd-server 2022-07-20 11:14:13,290 [INFO] Sending to ptd: 'Stop'
ptd-server 2022-07-20 11:14:13,290 [INFO] Reply from ptd: 'Stopping untimed measurement'
ptd-server 2022-07-20 11:14:13,496 [INFO] Sending reply to client 'OK'
ptd-server 2022-07-20 11:14:13,577 [INFO] Got command from the client 'time'
ptd-server 2022-07-20 11:14:13,577 [INFO] Sending reply to client '1658312053.577789'
ptd-server 2022-07-20 11:14:13,585 [INFO] Got command from the client 'session,2022-07-20_11-03-16,start,testing'
ptd-server 2022-07-20 11:14:13,585 [INFO] Sending to ptd: 'SR,V,250.490000'
ptd-server 2022-07-20 11:14:15,086 [INFO] Reply from ptd: 'Range V changed'
ptd-server 2022-07-20 11:14:15,086 [INFO] Sending to ptd: 'SR,A,0.082250'
ptd-server 2022-07-20 11:14:16,588 [INFO] Reply from ptd: 'Range A changed'
ptd-server 2022-07-20 11:14:26,598 [INFO] Starting testing mode
ptd-server 2022-07-20 11:14:26,598 [INFO] Sending to ptd: 'Go,1000,0,2022-07-20_11-03-16_testing'
ptd-server 2022-07-20 11:14:26,599 [INFO] Reply from ptd: 'Starting untimed measurement, maximum 500000 samples at 1000ms with 0 rampup samples'
ptd-server 2022-07-20 11:14:26,599 [INFO] Sending reply to client 'OK'
ptd-server 2022-07-20 11:24:45,534 [INFO] Got command from the client 'session,2022-07-20_11-03-16,stop,testing'
ptd-server 2022-07-20 11:24:55,544 [INFO] Sending to ptd: 'Stop'
ptd-server 2022-07-20 11:24:55,545 [INFO] Reply from ptd: 'Stopping untimed measurement'
ptd-server 2022-07-20 11:24:55,662 [INFO] Sending reply to client 'OK'
ptd-server 2022-07-20 11:24:55,701 [INFO] Got command from the client 'session,2022-07-20_11-03-16,done'
ptd-server 2022-07-20 11:24:55,701 [INFO] Sending to ptd: 'Stop'
ptd-server 2022-07-20 11:24:55,701 [INFO] Reply from ptd: 'Error: no measurement to stop'
ptd-server 2022-07-20 11:24:55,701 [INFO] Sending to ptd: 'SR,V,Auto'
ptd-server 2022-07-20 11:24:56,204 [INFO] Reply from ptd: 'Range V changed'
ptd-server 2022-07-20 11:24:56,204 [INFO] Sending to ptd: 'SR,A,0.500000'
ptd-server 2022-07-20 11:24:57,705 [INFO] Reply from ptd: 'Range A changed'
ptd-server 2022-07-20 11:24:57,705 [INFO] Set initial values for Amps 0.500000 and Volts Auto
ptd-server 2022-07-20 11:24:57,706 [INFO] Stopping ptd...
