ptd-server 2022-08-02 05:45:06,451 [INFO] Got command from the client 'time'
ptd-server 2022-08-02 05:45:06,451 [INFO] Sending reply to client '1659415506.4511795'
ptd-server 2022-08-02 05:45:06,452 [INFO] Got command from the client 'new,,a42eabcb-559d-412e-87d5-6caa6e120d79'
ptd-server 2022-08-02 05:45:06,452 [INFO] Sending reply to client 'OK 2022-08-02_05-45-06,fe5d7844-ecbf-4a17-bea8-f671c14f7d6e'
ptd-server 2022-08-02 05:45:06,486 [INFO] Got command from the client 'time'
ptd-server 2022-08-02 05:45:06,486 [INFO] Sending reply to client '1659415506.4865618'
ptd-server 2022-08-02 05:45:06,487 [INFO] Got command from the client 'session,2022-08-02_05-45-06,start,ranging'
ptd-server 2022-08-02 05:45:06,487 [INFO] Running PTDaemon: ['/home/anton/projects/mlperf/power/inference_v1.0/ptd-linux-x86', '-l', '/tmp/tmp7lgbo8s4/ptd_logfile.txt', '-p', '8888', '49', '/dev/usbtmc0']
ptd-server 2022-08-02 05:45:23,662 [INFO] Sending to ptd: 'Hello'
ptd-server 2022-08-02 05:45:23,663 [INFO] Reply from ptd: 'Hello, PTDaemon here!'
ptd-server 2022-08-02 05:45:23,663 [INFO] Sending to ptd: 'Identify'
ptd-server 2022-08-02 05:45:23,663 [INFO] Reply from ptd: 'YokogawaWT310E,1000,1,1,1,1,0,1,1,version=1.9.2-e8c7a49a-20201208,OS=Linux 5.13.0-52-generic #59~20.04.1-Ubuntu SMP Thu Jun 16 21:21:28 UTC 2022 x86_64,mode=power,1,1,1,0,0,no_cal_date,YOKOGAWA;WT310E;C3XA04010E;F1.04'
ptd-server 2022-08-02 05:45:23,664 [INFO] Connected to PTDaemon
ptd-server 2022-08-02 05:45:23,664 [INFO] Sending to ptd: 'RR'
ptd-server 2022-08-02 05:45:23,664 [INFO] Reply from ptd: 'Ranges,0,0.500000,1,300.000000'
ptd-server 2022-08-02 05:45:23,664 [INFO] Initial range for Amps is 0.500000 for Volts is Auto
ptd-server 2022-08-02 05:45:23,664 [INFO] Sending to ptd: 'SR,V,Auto'
ptd-server 2022-08-02 05:45:24,167 [INFO] Reply from ptd: 'Range V changed'
ptd-server 2022-08-02 05:45:24,167 [INFO] Sending to ptd: 'SR,A,Auto'
ptd-server 2022-08-02 05:45:24,669 [INFO] Reply from ptd: 'Range A changed'
ptd-server 2022-08-02 05:45:34,680 [INFO] Starting ranging mode
ptd-server 2022-08-02 05:45:34,680 [INFO] Sending to ptd: 'Go,1000,0,2022-08-02_05-45-06_ranging'
ptd-server 2022-08-02 05:45:34,680 [INFO] Reply from ptd: 'Starting untimed measurement, maximum 500000 samples at 1000ms with 0 rampup samples'
ptd-server 2022-08-02 05:45:34,681 [INFO] Sending reply to client 'OK'
ptd-server 2022-08-02 05:55:46,235 [INFO] Got command from the client 'session,2022-08-02_05-45-06,stop,ranging'
ptd-server 2022-08-02 05:55:56,246 [INFO] Sending to ptd: 'Stop'
ptd-server 2022-08-02 05:55:56,246 [INFO] Reply from ptd: 'Stopping untimed measurement'
ptd-server 2022-08-02 05:55:57,724 [INFO] Sending reply to client 'OK'
ptd-server 2022-08-02 05:55:57,774 [INFO] Got command from the client 'time'
ptd-server 2022-08-02 05:55:57,774 [INFO] Sending reply to client '1659416157.7748585'
ptd-server 2022-08-02 05:55:57,776 [INFO] Got command from the client 'session,2022-08-02_05-45-06,start,testing'
ptd-server 2022-08-02 05:55:57,776 [INFO] Sending to ptd: 'SR,V,249.970000'
ptd-server 2022-08-02 05:55:59,277 [INFO] Reply from ptd: 'Range V changed'
ptd-server 2022-08-02 05:55:59,277 [INFO] Sending to ptd: 'SR,A,0.181060'
ptd-server 2022-08-02 05:56:00,779 [INFO] Reply from ptd: 'Range A changed'
ptd-server 2022-08-02 05:56:10,789 [INFO] Starting testing mode
ptd-server 2022-08-02 05:56:10,789 [INFO] Sending to ptd: 'Go,1000,0,2022-08-02_05-45-06_testing'
ptd-server 2022-08-02 05:56:10,790 [INFO] Reply from ptd: 'Starting untimed measurement, maximum 500000 samples at 1000ms with 0 rampup samples'
ptd-server 2022-08-02 05:56:10,790 [INFO] Sending reply to client 'OK'
ptd-server 2022-08-02 06:06:22,278 [INFO] Got command from the client 'session,2022-08-02_05-45-06,stop,testing'
ptd-server 2022-08-02 06:06:32,289 [INFO] Sending to ptd: 'Stop'
ptd-server 2022-08-02 06:06:32,289 [INFO] Reply from ptd: 'Stopping untimed measurement'
ptd-server 2022-08-02 06:06:33,041 [INFO] Sending reply to client 'OK'
ptd-server 2022-08-02 06:06:33,055 [INFO] Got command from the client 'session,2022-08-02_05-45-06,done'
ptd-server 2022-08-02 06:06:33,055 [INFO] Sending to ptd: 'Stop'
ptd-server 2022-08-02 06:06:33,056 [INFO] Reply from ptd: 'Error: no measurement to stop'
ptd-server 2022-08-02 06:06:33,056 [INFO] Sending to ptd: 'SR,V,Auto'
ptd-server 2022-08-02 06:06:33,558 [INFO] Reply from ptd: 'Range V changed'
ptd-server 2022-08-02 06:06:33,558 [INFO] Sending to ptd: 'SR,A,0.500000'
ptd-server 2022-08-02 06:06:35,060 [INFO] Reply from ptd: 'Range A changed'
ptd-server 2022-08-02 06:06:35,060 [INFO] Set initial values for Amps 0.500000 and Volts Auto
ptd-server 2022-08-02 06:06:35,060 [INFO] Stopping ptd...
