ptd-server 2022-07-31 04:43:49,441 [INFO] Got command from the client 'time'
ptd-server 2022-07-31 04:43:49,441 [INFO] Sending reply to client '1659239029.4417098'
ptd-server 2022-07-31 04:43:49,442 [INFO] Got command from the client 'new,,7bb89614-096f-4657-99fa-f67d0f282226'
ptd-server 2022-07-31 04:43:49,443 [INFO] Sending reply to client 'OK 2022-07-31_04-43-49,2d0de810-cb4b-4956-bf22-a1df34bdfb85'
ptd-server 2022-07-31 04:43:49,471 [INFO] Got command from the client 'time'
ptd-server 2022-07-31 04:43:49,471 [INFO] Sending reply to client '1659239029.4716704'
ptd-server 2022-07-31 04:43:49,472 [INFO] Got command from the client 'session,2022-07-31_04-43-49,start,ranging'
ptd-server 2022-07-31 04:43:49,472 [INFO] Running PTDaemon: ['/home/anton/projects/mlperf/power/inference_v1.0/ptd-linux-x86', '-l', '/tmp/tmp7lgbo8s4/ptd_logfile.txt', '-p', '8888', '49', '/dev/usbtmc0']
ptd-server 2022-07-31 04:44:06,646 [INFO] Sending to ptd: 'Hello'
ptd-server 2022-07-31 04:44:06,647 [INFO] Reply from ptd: 'Hello, PTDaemon here!'
ptd-server 2022-07-31 04:44:06,647 [INFO] Sending to ptd: 'Identify'
ptd-server 2022-07-31 04:44:06,647 [INFO] Reply from ptd: 'YokogawaWT310E,1000,1,1,1,1,0,1,1,version=1.9.2-e8c7a49a-20201208,OS=Linux 5.13.0-52-generic #59~20.04.1-Ubuntu SMP Thu Jun 16 21:21:28 UTC 2022 x86_64,mode=power,1,1,1,0,0,no_cal_date,YOKOGAWA;WT310E;C3XA04010E;F1.04'
ptd-server 2022-07-31 04:44:06,648 [INFO] Connected to PTDaemon
ptd-server 2022-07-31 04:44:06,648 [INFO] Sending to ptd: 'RR'
ptd-server 2022-07-31 04:44:06,648 [INFO] Reply from ptd: 'Ranges,0,0.500000,1,300.000000'
ptd-server 2022-07-31 04:44:06,648 [INFO] Initial range for Amps is 0.500000 for Volts is Auto
ptd-server 2022-07-31 04:44:06,648 [INFO] Sending to ptd: 'SR,V,Auto'
ptd-server 2022-07-31 04:44:07,151 [INFO] Reply from ptd: 'Range V changed'
ptd-server 2022-07-31 04:44:07,151 [INFO] Sending to ptd: 'SR,A,Auto'
ptd-server 2022-07-31 04:44:07,653 [INFO] Reply from ptd: 'Range A changed'
ptd-server 2022-07-31 04:44:17,664 [INFO] Starting ranging mode
ptd-server 2022-07-31 04:44:17,664 [INFO] Sending to ptd: 'Go,1000,0,2022-07-31_04-43-49_ranging'
ptd-server 2022-07-31 04:44:17,664 [INFO] Reply from ptd: 'Starting untimed measurement, maximum 500000 samples at 1000ms with 0 rampup samples'
ptd-server 2022-07-31 04:44:17,665 [INFO] Sending reply to client 'OK'
ptd-server 2022-07-31 04:54:36,073 [INFO] Got command from the client 'session,2022-07-31_04-43-49,stop,ranging'
ptd-server 2022-07-31 04:54:46,083 [INFO] Sending to ptd: 'Stop'
ptd-server 2022-07-31 04:54:46,084 [INFO] Reply from ptd: 'Stopping untimed measurement'
ptd-server 2022-07-31 04:54:47,332 [INFO] Sending reply to client 'OK'
ptd-server 2022-07-31 04:54:47,388 [INFO] Got command from the client 'time'
ptd-server 2022-07-31 04:54:47,388 [INFO] Sending reply to client '1659239687.3882046'
ptd-server 2022-07-31 04:54:47,389 [INFO] Got command from the client 'session,2022-07-31_04-43-49,start,testing'
ptd-server 2022-07-31 04:54:47,389 [INFO] Sending to ptd: 'SR,V,250.750000'
ptd-server 2022-07-31 04:54:48,891 [INFO] Reply from ptd: 'Range V changed'
ptd-server 2022-07-31 04:54:48,891 [INFO] Sending to ptd: 'SR,A,0.248410'
ptd-server 2022-07-31 04:54:50,392 [INFO] Reply from ptd: 'Range A changed'
ptd-server 2022-07-31 04:55:00,403 [INFO] Starting testing mode
ptd-server 2022-07-31 04:55:00,403 [INFO] Sending to ptd: 'Go,1000,0,2022-07-31_04-43-49_testing'
ptd-server 2022-07-31 04:55:00,403 [INFO] Reply from ptd: 'Starting untimed measurement, maximum 500000 samples at 1000ms with 0 rampup samples'
ptd-server 2022-07-31 04:55:00,403 [INFO] Sending reply to client 'OK'
ptd-server 2022-07-31 05:05:11,677 [INFO] Got command from the client 'session,2022-07-31_04-43-49,stop,testing'
ptd-server 2022-07-31 05:05:21,688 [INFO] Sending to ptd: 'Stop'
ptd-server 2022-07-31 05:05:21,688 [INFO] Reply from ptd: 'Stopping untimed measurement'
ptd-server 2022-07-31 05:05:22,330 [INFO] Sending reply to client 'OK'
ptd-server 2022-07-31 05:05:22,345 [INFO] Got command from the client 'session,2022-07-31_04-43-49,done'
ptd-server 2022-07-31 05:05:22,345 [INFO] Sending to ptd: 'Stop'
ptd-server 2022-07-31 05:05:22,403 [INFO] Reply from ptd: 'Error: no measurement to stop'
ptd-server 2022-07-31 05:05:22,403 [INFO] Sending to ptd: 'SR,V,Auto'
ptd-server 2022-07-31 05:05:22,906 [INFO] Reply from ptd: 'Range V changed'
ptd-server 2022-07-31 05:05:22,906 [INFO] Sending to ptd: 'SR,A,0.500000'
ptd-server 2022-07-31 05:05:24,407 [INFO] Reply from ptd: 'Range A changed'
ptd-server 2022-07-31 05:05:24,408 [INFO] Set initial values for Amps 0.500000 and Volts Auto
ptd-server 2022-07-31 05:05:24,408 [INFO] Stopping ptd...
