ptd-server 2022-07-27 12:26:02,010 [INFO] Got command from the client 'time'
ptd-server 2022-07-27 12:26:02,011 [INFO] Sending reply to client '1658921162.0110457'
ptd-server 2022-07-27 12:26:02,015 [INFO] Got command from the client 'new,,20676eed-5745-446b-8de6-98818419f386'
ptd-server 2022-07-27 12:26:02,015 [INFO] Sending reply to client 'OK 2022-07-27_12-26-02,56a591cb-dd7e-4be2-9a5d-dc630911d63c'
ptd-server 2022-07-27 12:26:02,050 [INFO] Got command from the client 'time'
ptd-server 2022-07-27 12:26:02,050 [INFO] Sending reply to client '1658921162.0508244'
ptd-server 2022-07-27 12:26:02,054 [INFO] Got command from the client 'session,2022-07-27_12-26-02,start,ranging'
ptd-server 2022-07-27 12:26:02,055 [INFO] Running PTDaemon: ['/home/anton/projects/mlperf/power/inference_v1.0/ptd-linux-x86', '-l', '/tmp/tmp7lgbo8s4/ptd_logfile.txt', '-p', '8888', '49', '/dev/usbtmc0']
ptd-server 2022-07-27 12:26:19,230 [INFO] Sending to ptd: 'Hello'
ptd-server 2022-07-27 12:26:19,230 [INFO] Reply from ptd: 'Hello, PTDaemon here!'
ptd-server 2022-07-27 12:26:19,230 [INFO] Sending to ptd: 'Identify'
ptd-server 2022-07-27 12:26:19,231 [INFO] Reply from ptd: 'YokogawaWT310E,1000,1,1,1,1,0,1,1,version=1.9.2-e8c7a49a-20201208,OS=Linux 5.13.0-52-generic #59~20.04.1-Ubuntu SMP Thu Jun 16 21:21:28 UTC 2022 x86_64,mode=power,1,1,1,0,0,no_cal_date,YOKOGAWA;WT310E;C3XA04010E;F1.04'
ptd-server 2022-07-27 12:26:19,231 [INFO] Connected to PTDaemon
ptd-server 2022-07-27 12:26:19,231 [INFO] Sending to ptd: 'RR'
ptd-server 2022-07-27 12:26:19,231 [INFO] Reply from ptd: 'Ranges,0,0.500000,1,300.000000'
ptd-server 2022-07-27 12:26:19,232 [INFO] Initial range for Amps is 0.500000 for Volts is Auto
ptd-server 2022-07-27 12:26:19,232 [INFO] Sending to ptd: 'SR,V,Auto'
ptd-server 2022-07-27 12:26:19,734 [INFO] Reply from ptd: 'Range V changed'
ptd-server 2022-07-27 12:26:19,734 [INFO] Sending to ptd: 'SR,A,Auto'
ptd-server 2022-07-27 12:26:20,237 [INFO] Reply from ptd: 'Range A changed'
ptd-server 2022-07-27 12:26:30,247 [INFO] Starting ranging mode
ptd-server 2022-07-27 12:26:30,247 [INFO] Sending to ptd: 'Go,1000,0,2022-07-27_12-26-02_ranging'
ptd-server 2022-07-27 12:26:30,248 [INFO] Reply from ptd: 'Starting untimed measurement, maximum 500000 samples at 1000ms with 0 rampup samples'
ptd-server 2022-07-27 12:26:30,248 [INFO] Sending reply to client 'OK'
ptd-server 2022-07-27 12:36:45,297 [INFO] Got command from the client 'session,2022-07-27_12-26-02,stop,ranging'
ptd-server 2022-07-27 12:36:55,307 [INFO] Sending to ptd: 'Stop'
ptd-server 2022-07-27 12:36:55,308 [INFO] Reply from ptd: 'Stopping untimed measurement'
ptd-server 2022-07-27 12:36:56,273 [INFO] Sending reply to client 'OK'
ptd-server 2022-07-27 12:36:56,356 [INFO] Got command from the client 'time'
ptd-server 2022-07-27 12:36:56,357 [INFO] Sending reply to client '1658921816.3570263'
ptd-server 2022-07-27 12:36:56,362 [INFO] Got command from the client 'session,2022-07-27_12-26-02,start,testing'
ptd-server 2022-07-27 12:36:56,362 [INFO] Sending to ptd: 'SR,V,249.980000'
ptd-server 2022-07-27 12:36:57,864 [INFO] Reply from ptd: 'Range V changed'
ptd-server 2022-07-27 12:36:57,864 [INFO] Sending to ptd: 'SR,A,0.046420'
ptd-server 2022-07-27 12:36:59,365 [INFO] Reply from ptd: 'Range A changed'
ptd-server 2022-07-27 12:37:09,376 [INFO] Starting testing mode
ptd-server 2022-07-27 12:37:09,376 [INFO] Sending to ptd: 'Go,1000,0,2022-07-27_12-26-02_testing'
ptd-server 2022-07-27 12:37:09,376 [INFO] Reply from ptd: 'Starting untimed measurement, maximum 500000 samples at 1000ms with 0 rampup samples'
ptd-server 2022-07-27 12:37:09,376 [INFO] Sending reply to client 'OK'
ptd-server 2022-07-27 12:47:24,632 [INFO] Got command from the client 'session,2022-07-27_12-26-02,stop,testing'
ptd-server 2022-07-27 12:47:34,642 [INFO] Sending to ptd: 'Stop'
ptd-server 2022-07-27 12:47:34,643 [INFO] Reply from ptd: 'Stopping untimed measurement'
ptd-server 2022-07-27 12:47:35,130 [INFO] Sending reply to client 'OK'
ptd-server 2022-07-27 12:47:35,151 [INFO] Got command from the client 'session,2022-07-27_12-26-02,done'
ptd-server 2022-07-27 12:47:35,151 [INFO] Sending to ptd: 'Stop'
ptd-server 2022-07-27 12:47:35,376 [INFO] Reply from ptd: 'Error: no measurement to stop'
ptd-server 2022-07-27 12:47:35,376 [INFO] Sending to ptd: 'SR,V,Auto'
ptd-server 2022-07-27 12:47:35,879 [INFO] Reply from ptd: 'Range V changed'
ptd-server 2022-07-27 12:47:35,879 [INFO] Sending to ptd: 'SR,A,0.500000'
ptd-server 2022-07-27 12:47:37,380 [INFO] Reply from ptd: 'Range A changed'
ptd-server 2022-07-27 12:47:37,381 [INFO] Set initial values for Amps 0.500000 and Volts Auto
ptd-server 2022-07-27 12:47:37,381 [INFO] Stopping ptd...
