ptd-server 2022-07-24 15:15:23,823 [INFO] Got command from the client 'time'
ptd-server 2022-07-24 15:15:23,823 [INFO] Sending reply to client '1658672123.8237317'
ptd-server 2022-07-24 15:15:23,824 [INFO] Got command from the client 'new,,837f9928-2b4f-4766-96e1-728adbe34a71'
ptd-server 2022-07-24 15:15:23,825 [INFO] Sending reply to client 'OK 2022-07-24_15-15-23,951609c0-e40f-47a7-8d5d-a1d31986a6f1'
ptd-server 2022-07-24 15:15:23,853 [INFO] Got command from the client 'time'
ptd-server 2022-07-24 15:15:23,853 [INFO] Sending reply to client '1658672123.8538225'
ptd-server 2022-07-24 15:15:23,854 [INFO] Got command from the client 'session,2022-07-24_15-15-23,start,ranging'
ptd-server 2022-07-24 15:15:23,855 [INFO] Running PTDaemon: ['/home/anton/projects/mlperf/power/inference_v1.0/ptd-linux-x86', '-l', '/tmp/tmp7lgbo8s4/ptd_logfile.txt', '-p', '8888', '49', '/dev/usbtmc0']
ptd-server 2022-07-24 15:15:41,030 [INFO] Sending to ptd: 'Hello'
ptd-server 2022-07-24 15:15:41,030 [INFO] Reply from ptd: 'Hello, PTDaemon here!'
ptd-server 2022-07-24 15:15:41,030 [INFO] Sending to ptd: 'Identify'
ptd-server 2022-07-24 15:15:41,031 [INFO] Reply from ptd: 'YokogawaWT310E,1000,1,1,1,1,0,1,1,version=1.9.2-e8c7a49a-20201208,OS=Linux 5.13.0-52-generic #59~20.04.1-Ubuntu SMP Thu Jun 16 21:21:28 UTC 2022 x86_64,mode=power,1,1,1,0,0,no_cal_date,YOKOGAWA;WT310E;C3XA04010E;F1.04'
ptd-server 2022-07-24 15:15:41,031 [INFO] Connected to PTDaemon
ptd-server 2022-07-24 15:15:41,031 [INFO] Sending to ptd: 'RR'
ptd-server 2022-07-24 15:15:41,031 [INFO] Reply from ptd: 'Ranges,0,0.500000,1,300.000000'
ptd-server 2022-07-24 15:15:41,032 [INFO] Initial range for Amps is 0.500000 for Volts is Auto
ptd-server 2022-07-24 15:15:41,032 [INFO] Sending to ptd: 'SR,V,Auto'
ptd-server 2022-07-24 15:15:41,534 [INFO] Reply from ptd: 'Range V changed'
ptd-server 2022-07-24 15:15:41,534 [INFO] Sending to ptd: 'SR,A,Auto'
ptd-server 2022-07-24 15:15:42,037 [INFO] Reply from ptd: 'Range A changed'
ptd-server 2022-07-24 15:15:52,047 [INFO] Starting ranging mode
ptd-server 2022-07-24 15:15:52,047 [INFO] Sending to ptd: 'Go,1000,0,2022-07-24_15-15-23_ranging'
ptd-server 2022-07-24 15:15:52,048 [INFO] Reply from ptd: 'Starting untimed measurement, maximum 500000 samples at 1000ms with 0 rampup samples'
ptd-server 2022-07-24 15:15:52,048 [INFO] Sending reply to client 'OK'
ptd-server 2022-07-24 15:26:13,735 [INFO] Got command from the client 'session,2022-07-24_15-15-23,stop,ranging'
ptd-server 2022-07-24 15:26:23,746 [INFO] Sending to ptd: 'Stop'
ptd-server 2022-07-24 15:26:23,746 [INFO] Reply from ptd: 'Stopping untimed measurement'
ptd-server 2022-07-24 15:26:24,453 [INFO] Sending reply to client 'OK'
ptd-server 2022-07-24 15:26:24,491 [INFO] Got command from the client 'time'
ptd-server 2022-07-24 15:26:24,491 [INFO] Sending reply to client '1658672784.4913564'
ptd-server 2022-07-24 15:26:24,492 [INFO] Got command from the client 'session,2022-07-24_15-15-23,start,testing'
ptd-server 2022-07-24 15:26:24,492 [INFO] Sending to ptd: 'SR,V,251.120000'
ptd-server 2022-07-24 15:26:25,993 [INFO] Reply from ptd: 'Range V changed'
ptd-server 2022-07-24 15:26:25,994 [INFO] Sending to ptd: 'SR,A,0.053840'
ptd-server 2022-07-24 15:26:27,495 [INFO] Reply from ptd: 'Range A changed'
ptd-server 2022-07-24 15:26:37,505 [INFO] Starting testing mode
ptd-server 2022-07-24 15:26:37,505 [INFO] Sending to ptd: 'Go,1000,0,2022-07-24_15-15-23_testing'
ptd-server 2022-07-24 15:26:37,506 [INFO] Reply from ptd: 'Starting untimed measurement, maximum 500000 samples at 1000ms with 0 rampup samples'
ptd-server 2022-07-24 15:26:37,506 [INFO] Sending reply to client 'OK'
ptd-server 2022-07-24 15:36:59,192 [INFO] Got command from the client 'session,2022-07-24_15-15-23,stop,testing'
ptd-server 2022-07-24 15:37:09,202 [INFO] Sending to ptd: 'Stop'
ptd-server 2022-07-24 15:37:09,203 [INFO] Reply from ptd: 'Stopping untimed measurement'
ptd-server 2022-07-24 15:37:09,567 [INFO] Sending reply to client 'OK'
ptd-server 2022-07-24 15:37:09,575 [INFO] Got command from the client 'session,2022-07-24_15-15-23,done'
ptd-server 2022-07-24 15:37:09,575 [INFO] Sending to ptd: 'Stop'
ptd-server 2022-07-24 15:37:09,575 [INFO] Reply from ptd: 'Error: no measurement to stop'
ptd-server 2022-07-24 15:37:09,575 [INFO] Sending to ptd: 'SR,V,Auto'
ptd-server 2022-07-24 15:37:10,078 [INFO] Reply from ptd: 'Range V changed'
ptd-server 2022-07-24 15:37:10,078 [INFO] Sending to ptd: 'SR,A,0.500000'
ptd-server 2022-07-24 15:37:11,579 [INFO] Reply from ptd: 'Range A changed'
ptd-server 2022-07-24 15:37:11,579 [INFO] Set initial values for Amps 0.500000 and Volts Auto
ptd-server 2022-07-24 15:37:11,580 [INFO] Stopping ptd...
