client 2022-07-22 01:05:17,264 [INFO] Sending command to the server: 'mlcommons/power client v3'
client 2022-07-22 01:05:17,267 [INFO] Got response: 'mlcommons/power server v3'
client 2022-07-22 01:05:17,267 [INFO] Sending command to the server: 'stop'
client 2022-07-22 01:05:17,268 [INFO] Got response: 'OK'
client 2022-07-22 01:05:17,269 [INFO] Synchronizing with the server and with ib-01.dc4-in.nvidia.com...
client 2022-07-22 01:05:17,472 [INFO] NTP:offset = 0.001 s, delay = 0.201 s 
client 2022-07-22 01:05:17,472 [INFO] Sending command to the server: 'time'
client 2022-07-22 01:05:17,474 [INFO] Got response: '1658451917.4821653'
client 2022-07-22 01:05:17,474 [INFO] The time difference between the client and the server is within range -9.598 ms..-7.993 ms
client 2022-07-22 01:05:17,474 [INFO] Sending command to the server: 'new,,be2f8a2e-4070-4cc0-aab3-19d4bd53e603'
client 2022-07-22 01:05:17,476 [INFO] Got response: 'OK 2022-07-21_18-05-17,161bb9f4-e92f-4451-9559-d16976be51f5'
client 2022-07-22 01:05:17,476 [INFO] Session id is '2022-07-21_18-05-17'
client 2022-07-22 01:05:17,476 [INFO] Sources: {"sources": {"__init__.py": "da39a3ee5e6b4b0d3255bfef95601890afd80709", "client.py": "33ca4f26368777ac06e01f9567b714a4b8063886", "lib/__init__.py": "da39a3ee5e6b4b0d3255bfef95601890afd80709", "lib/client.py": "4c2b78fb4849a7e5b584ef792d82aaed20b17f57", "lib/common.py": "624d0c0acc7c39aaff3674f0b99d6a09da53d1dc", "lib/external/__init__.py": "da39a3ee5e6b4b0d3255bfef95601890afd80709", "lib/external/ntplib.py": "4da8f970656505a40483206ef2b5d3dd5e81711d", "lib/server.py": "59c9fb92908260d3e9f81a895c7aa009742275e4", "lib/source_hashes.py": "60a2e02193209e8d392803326208d5466342da18", "lib/summary.py": "aa92f0a3f975eecd44d3c0cd0236342ccc9f941d", "lib/time_sync.py": "3210db56eb0ff0df57bf4293dc4d4b03fffd46f1", "server.py": "c3f90f2f7eeb4db30727556d0c815ebc89b3d28b", "tests/unit/__init__.py": "da39a3ee5e6b4b0d3255bfef95601890afd80709", "tests/unit/test_server.py": "99ae15aef722f2000ee6ed1ae1523637bf1ae42b", "tests/unit/test_source_hashes.py": "00468a2907583c593e6574a1f6b404e4651c221a"}, "modules": {"ptd_client_server.lib.client": "lib/client.py", "ptd_client_server.lib.common": "lib/common.py", "ptd_client_server.lib.external.ntplib": "lib/external/ntplib.py", "ptd_client_server.lib.source_hashes": "lib/source_hashes.py", "ptd_client_server.lib.summary": "lib/summary.py", "ptd_client_server.lib.time_sync": "lib/time_sync.py"}}
client 2022-07-22 01:05:17,480 [INFO] Running workload in ranging mode
client 2022-07-22 01:05:17,480 [INFO] Synchronizing with the server and with ib-01.dc4-in.nvidia.com...
client 2022-07-22 01:05:17,683 [INFO] NTP:offset = 0.001 s, delay = 0.201 s 
client 2022-07-22 01:05:17,683 [INFO] Sending command to the server: 'time'
client 2022-07-22 01:05:17,684 [INFO] Got response: '1658451917.6928303'
client 2022-07-22 01:05:17,684 [INFO] The time difference between the client and the server is within range -9.690 ms..-8.163 ms
client 2022-07-22 01:05:17,684 [INFO] Sending command to the server: 'session,2022-07-21_18-05-17,start,ranging'
client 2022-07-22 01:05:58,302 [INFO] Got response: 'OK'
client 2022-07-22 01:05:58,302 [INFO] Running the workload 'LOG_DIR=/work/build/power_logs_temp python3 -m code.main_v2 --benchmarks=dlrm --scenarios=Offline --test_mode=PerformanceOnly --config_ver=maxq_high_accuracy --action="run_harness" \\\n\t\t2>&1 | tee -a /work/build/power_logs/2022.07.22-01.04.36/stdout.txt \\\n\t\t&& if [ ! -d /work/build/power_logs/2022.07.22-01.04.36/ranging_tmp ]; \\\n\t\t\tthen mkdir /work/build/power_logs/2022.07.22-01.04.36/ranging_tmp \\\n\t\t\t\t&& mv /work/build/power_logs_temp/* /work/build/power_logs/2022.07.22-01.04.36/ranging_tmp/ \\\n\t\t\t\t&& cp -v /work/build/power_logs/2022.07.22-01.04.36/ranging_tmp/*/*/*/mlperf_log_detail.txt /work/build/power_logs_temp/ \\\n\t\t\t\t&& cp -v /work/build/power_logs/2022.07.22-01.04.36/ranging_tmp/*/*/*/mlperf_log_summary.txt /work/build/power_logs_temp/; \\\n\t\t\telse mkdir /work/build/power_logs/2022.07.22-01.04.36/testing_tmp \\\n\t\t\t\t&& mv /work/build/power_logs_temp/* /work/build/power_logs/2022.07.22-01.04.36/testing_tmp/ \\\n\t\t\t\t&& cp -v /work/build/power_logs/2022.07.22-01.04.36/testing_tmp/*/*/*/mlperf_log_detail.txt /work/build/power_logs_temp/ \\\n\t\t\t\t&& cp -v /work/build/power_logs/2022.07.22-01.04.36/testing_tmp/*/*/*/mlperf_log_summary.txt /work/build/power_logs_temp/; fi'
client 2022-07-22 01:24:11,516 [INFO] Sending command to the server: 'session,2022-07-21_18-05-17,stop,ranging'
client 2022-07-22 01:24:21,585 [INFO] Got response: 'OK'
client 2022-07-22 01:24:21,629 [INFO] Copying loadgen logs from '/work/build/power_logs_temp' to '/work/build/power_logs/2022.07.22-01.04.36/2022-07-21_18-05-17/ranging'
client 2022-07-22 01:24:21,759 [INFO] Running workload in testing mode
client 2022-07-22 01:24:21,759 [INFO] Synchronizing with the server and with ib-01.dc4-in.nvidia.com...
client 2022-07-22 01:24:21,962 [INFO] NTP:offset = 0.001 s, delay = 0.201 s 
client 2022-07-22 01:24:21,962 [INFO] Sending command to the server: 'time'
client 2022-07-22 01:24:21,963 [INFO] Got response: '1658453061.9635859'
client 2022-07-22 01:24:21,963 [INFO] The time difference between the client and the server is within range -1.415 ms..0.274 ms
client 2022-07-22 01:24:21,963 [INFO] Sending command to the server: 'session,2022-07-21_18-05-17,start,testing'
client 2022-07-22 01:24:43,992 [INFO] Got response: 'OK'
client 2022-07-22 01:24:43,993 [INFO] Running the workload 'LOG_DIR=/work/build/power_logs_temp python3 -m code.main_v2 --benchmarks=dlrm --scenarios=Offline --test_mode=PerformanceOnly --config_ver=maxq_high_accuracy --action="run_harness" \\\n\t\t2>&1 | tee -a /work/build/power_logs/2022.07.22-01.04.36/stdout.txt \\\n\t\t&& if [ ! -d /work/build/power_logs/2022.07.22-01.04.36/ranging_tmp ]; \\\n\t\t\tthen mkdir /work/build/power_logs/2022.07.22-01.04.36/ranging_tmp \\\n\t\t\t\t&& mv /work/build/power_logs_temp/* /work/build/power_logs/2022.07.22-01.04.36/ranging_tmp/ \\\n\t\t\t\t&& cp -v /work/build/power_logs/2022.07.22-01.04.36/ranging_tmp/*/*/*/mlperf_log_detail.txt /work/build/power_logs_temp/ \\\n\t\t\t\t&& cp -v /work/build/power_logs/2022.07.22-01.04.36/ranging_tmp/*/*/*/mlperf_log_summary.txt /work/build/power_logs_temp/; \\\n\t\t\telse mkdir /work/build/power_logs/2022.07.22-01.04.36/testing_tmp \\\n\t\t\t\t&& mv /work/build/power_logs_temp/* /work/build/power_logs/2022.07.22-01.04.36/testing_tmp/ \\\n\t\t\t\t&& cp -v /work/build/power_logs/2022.07.22-01.04.36/testing_tmp/*/*/*/mlperf_log_detail.txt /work/build/power_logs_temp/ \\\n\t\t\t\t&& cp -v /work/build/power_logs/2022.07.22-01.04.36/testing_tmp/*/*/*/mlperf_log_summary.txt /work/build/power_logs_temp/; fi'
client 2022-07-22 01:43:06,120 [INFO] Sending command to the server: 'session,2022-07-21_18-05-17,stop,testing'
client 2022-07-22 01:43:16,178 [INFO] Got response: 'OK'
client 2022-07-22 01:43:16,249 [INFO] Copying loadgen logs from '/work/build/power_logs_temp' to '/work/build/power_logs/2022.07.22-01.04.36/2022-07-21_18-05-17/run_1'
client 2022-07-22 01:43:16,297 [INFO] Done runs
