ptd-server 2022-07-28 00:43:43,748 [INFO] Got command from the client 'time'
ptd-server 2022-07-28 00:43:43,749 [INFO] Sending reply to client '1658965423.7490535'
ptd-server 2022-07-28 00:43:43,753 [INFO] Got command from the client 'new,,5c8087c6-c9f7-4129-b877-f645b4749cb9'
ptd-server 2022-07-28 00:43:43,753 [INFO] Sending reply to client 'OK 2022-07-28_00-43-43,5f8c4bf3-4b2b-4fb7-be93-dbb5412c3da3'
ptd-server 2022-07-28 00:43:43,851 [INFO] Got command from the client 'time'
ptd-server 2022-07-28 00:43:43,851 [INFO] Sending reply to client '1658965423.8516319'
ptd-server 2022-07-28 00:43:43,855 [INFO] Got command from the client 'session,2022-07-28_00-43-43,start,ranging'
ptd-server 2022-07-28 00:43:43,856 [INFO] Running PTDaemon: ['/home/anton/projects/mlperf/power/inference_v1.0/ptd-linux-x86', '-l', '/tmp/tmp7lgbo8s4/ptd_logfile.txt', '-p', '8888', '49', '/dev/usbtmc0']
ptd-server 2022-07-28 00:44:01,019 [INFO] Sending to ptd: 'Hello'
ptd-server 2022-07-28 00:44:01,020 [INFO] Reply from ptd: 'Hello, PTDaemon here!'
ptd-server 2022-07-28 00:44:01,020 [INFO] Sending to ptd: 'Identify'
ptd-server 2022-07-28 00:44:01,020 [INFO] Reply from ptd: 'YokogawaWT310E,1000,1,1,1,1,0,1,1,version=1.9.2-e8c7a49a-20201208,OS=Linux 5.13.0-52-generic #59~20.04.1-Ubuntu SMP Thu Jun 16 21:21:28 UTC 2022 x86_64,mode=power,1,1,1,0,0,no_cal_date,YOKOGAWA;WT310E;C3XA04010E;F1.04'
ptd-server 2022-07-28 00:44:01,020 [INFO] Connected to PTDaemon
ptd-server 2022-07-28 00:44:01,020 [INFO] Sending to ptd: 'RR'
ptd-server 2022-07-28 00:44:01,020 [INFO] Reply from ptd: 'Ranges,0,0.500000,1,300.000000'
ptd-server 2022-07-28 00:44:01,021 [INFO] Initial range for Amps is 0.500000 for Volts is Auto
ptd-server 2022-07-28 00:44:01,021 [INFO] Sending to ptd: 'SR,V,Auto'
ptd-server 2022-07-28 00:44:01,523 [INFO] Reply from ptd: 'Range V changed'
ptd-server 2022-07-28 00:44:01,523 [INFO] Sending to ptd: 'SR,A,Auto'
ptd-server 2022-07-28 00:44:02,026 [INFO] Reply from ptd: 'Range A changed'
ptd-server 2022-07-28 00:44:12,034 [INFO] Starting ranging mode
ptd-server 2022-07-28 00:44:12,034 [INFO] Sending to ptd: 'Go,1000,0,2022-07-28_00-43-43_ranging'
ptd-server 2022-07-28 00:44:12,034 [INFO] Reply from ptd: 'Starting untimed measurement, maximum 500000 samples at 1000ms with 0 rampup samples'
ptd-server 2022-07-28 00:44:12,035 [INFO] Sending reply to client 'OK'
ptd-server 2022-07-28 00:54:27,537 [INFO] Got command from the client 'session,2022-07-28_00-43-43,stop,ranging'
ptd-server 2022-07-28 00:54:37,547 [INFO] Sending to ptd: 'Stop'
ptd-server 2022-07-28 00:54:37,548 [INFO] Reply from ptd: 'Stopping untimed measurement'
ptd-server 2022-07-28 00:54:38,645 [INFO] Sending reply to client 'OK'
ptd-server 2022-07-28 00:54:38,819 [INFO] Got command from the client 'time'
ptd-server 2022-07-28 00:54:38,819 [INFO] Sending reply to client '1658966078.8195958'
ptd-server 2022-07-28 00:54:38,822 [INFO] Got command from the client 'session,2022-07-28_00-43-43,start,testing'
ptd-server 2022-07-28 00:54:38,823 [INFO] Sending to ptd: 'SR,V,248.730000'
ptd-server 2022-07-28 00:54:40,324 [INFO] Reply from ptd: 'Range V changed'
ptd-server 2022-07-28 00:54:40,324 [INFO] Sending to ptd: 'SR,A,0.044300'
ptd-server 2022-07-28 00:54:41,825 [INFO] Reply from ptd: 'Range A changed'
ptd-server 2022-07-28 00:54:51,836 [INFO] Starting testing mode
ptd-server 2022-07-28 00:54:51,836 [INFO] Sending to ptd: 'Go,1000,0,2022-07-28_00-43-43_testing'
ptd-server 2022-07-28 00:54:51,836 [INFO] Reply from ptd: 'Starting untimed measurement, maximum 500000 samples at 1000ms with 0 rampup samples'
ptd-server 2022-07-28 00:54:51,836 [INFO] Sending reply to client 'OK'
ptd-server 2022-07-28 01:05:07,252 [INFO] Got command from the client 'session,2022-07-28_00-43-43,stop,testing'
ptd-server 2022-07-28 01:05:17,262 [INFO] Sending to ptd: 'Stop'
ptd-server 2022-07-28 01:05:17,262 [INFO] Reply from ptd: 'Stopping untimed measurement'
ptd-server 2022-07-28 01:05:17,775 [INFO] Sending reply to client 'OK'
ptd-server 2022-07-28 01:05:17,795 [INFO] Got command from the client 'session,2022-07-28_00-43-43,done'
ptd-server 2022-07-28 01:05:17,795 [INFO] Sending to ptd: 'Stop'
ptd-server 2022-07-28 01:05:17,836 [INFO] Reply from ptd: 'Error: no measurement to stop'
ptd-server 2022-07-28 01:05:17,836 [INFO] Sending to ptd: 'SR,V,Auto'
ptd-server 2022-07-28 01:05:18,339 [INFO] Reply from ptd: 'Range V changed'
ptd-server 2022-07-28 01:05:18,339 [INFO] Sending to ptd: 'SR,A,0.500000'
ptd-server 2022-07-28 01:05:19,841 [INFO] Reply from ptd: 'Range A changed'
ptd-server 2022-07-28 01:05:19,841 [INFO] Set initial values for Amps 0.500000 and Volts Auto
ptd-server 2022-07-28 01:05:19,841 [INFO] Stopping ptd...
