ptd-server 2022-07-21 07:57:34,492 [INFO] Got command from the client 'time'
ptd-server 2022-07-21 07:57:34,492 [INFO] Sending reply to client '1658386654.4924798'
ptd-server 2022-07-21 07:57:34,493 [INFO] Got command from the client 'new,,5dfdbc6b-7ea2-443b-a742-66db5631d8d6'
ptd-server 2022-07-21 07:57:34,494 [INFO] Sending reply to client 'OK 2022-07-21_07-57-34,554ffcc7-1d47-4f5f-a229-79929fe49e24'
ptd-server 2022-07-21 07:57:34,521 [INFO] Got command from the client 'time'
ptd-server 2022-07-21 07:57:34,521 [INFO] Sending reply to client '1658386654.521479'
ptd-server 2022-07-21 07:57:34,522 [INFO] Got command from the client 'session,2022-07-21_07-57-34,start,ranging'
ptd-server 2022-07-21 07:57:34,523 [INFO] Running PTDaemon: ['/home/anton/projects/mlperf/power/inference_v1.0/ptd-linux-x86', '-l', '/tmp/tmp7lgbo8s4/ptd_logfile.txt', '-p', '8888', '49', '/dev/usbtmc0']
ptd-server 2022-07-21 07:57:51,696 [INFO] Sending to ptd: 'Hello'
ptd-server 2022-07-21 07:57:51,697 [INFO] Reply from ptd: 'Hello, PTDaemon here!'
ptd-server 2022-07-21 07:57:51,697 [INFO] Sending to ptd: 'Identify'
ptd-server 2022-07-21 07:57:51,697 [INFO] Reply from ptd: 'YokogawaWT310E,1000,1,1,1,1,0,1,1,version=1.9.2-e8c7a49a-20201208,OS=Linux 5.13.0-52-generic #59~20.04.1-Ubuntu SMP Thu Jun 16 21:21:28 UTC 2022 x86_64,mode=power,1,1,1,0,0,no_cal_date,YOKOGAWA;WT310E;C3XA04010E;F1.04'
ptd-server 2022-07-21 07:57:51,698 [INFO] Connected to PTDaemon
ptd-server 2022-07-21 07:57:51,698 [INFO] Sending to ptd: 'RR'
ptd-server 2022-07-21 07:57:51,698 [INFO] Reply from ptd: 'Ranges,0,0.500000,1,300.000000'
ptd-server 2022-07-21 07:57:51,698 [INFO] Initial range for Amps is 0.500000 for Volts is Auto
ptd-server 2022-07-21 07:57:51,698 [INFO] Sending to ptd: 'SR,V,Auto'
ptd-server 2022-07-21 07:57:52,201 [INFO] Reply from ptd: 'Range V changed'
ptd-server 2022-07-21 07:57:52,201 [INFO] Sending to ptd: 'SR,A,Auto'
ptd-server 2022-07-21 07:57:52,703 [INFO] Reply from ptd: 'Range A changed'
ptd-server 2022-07-21 07:58:02,714 [INFO] Starting ranging mode
ptd-server 2022-07-21 07:58:02,714 [INFO] Sending to ptd: 'Go,1000,0,2022-07-21_07-57-34_ranging'
ptd-server 2022-07-21 07:58:02,714 [INFO] Reply from ptd: 'Starting untimed measurement, maximum 500000 samples at 1000ms with 0 rampup samples'
ptd-server 2022-07-21 07:58:02,714 [INFO] Sending reply to client 'OK'
ptd-server 2022-07-21 08:08:23,965 [INFO] Got command from the client 'session,2022-07-21_07-57-34,stop,ranging'
ptd-server 2022-07-21 08:08:33,976 [INFO] Sending to ptd: 'Stop'
ptd-server 2022-07-21 08:08:33,976 [INFO] Reply from ptd: 'Stopping untimed measurement'
ptd-server 2022-07-21 08:08:34,288 [INFO] Sending reply to client 'OK'
ptd-server 2022-07-21 08:08:34,327 [INFO] Got command from the client 'time'
ptd-server 2022-07-21 08:08:34,327 [INFO] Sending reply to client '1658387314.3274603'
ptd-server 2022-07-21 08:08:34,328 [INFO] Got command from the client 'session,2022-07-21_07-57-34,start,testing'
ptd-server 2022-07-21 08:08:34,328 [INFO] Sending to ptd: 'SR,V,250.780000'
ptd-server 2022-07-21 08:08:36,215 [INFO] Reply from ptd: 'Range V changed'
ptd-server 2022-07-21 08:08:36,216 [INFO] Sending to ptd: 'SR,A,0.074090'
ptd-server 2022-07-21 08:08:37,717 [INFO] Reply from ptd: 'Range A changed'
ptd-server 2022-07-21 08:08:47,727 [INFO] Starting testing mode
ptd-server 2022-07-21 08:08:47,728 [INFO] Sending to ptd: 'Go,1000,0,2022-07-21_07-57-34_testing'
ptd-server 2022-07-21 08:08:47,728 [INFO] Reply from ptd: 'Starting untimed measurement, maximum 500000 samples at 1000ms with 0 rampup samples'
ptd-server 2022-07-21 08:08:47,728 [INFO] Sending reply to client 'OK'
ptd-server 2022-07-21 08:19:08,837 [INFO] Got command from the client 'session,2022-07-21_07-57-34,stop,testing'
ptd-server 2022-07-21 08:19:18,847 [INFO] Sending to ptd: 'Stop'
ptd-server 2022-07-21 08:19:18,848 [INFO] Reply from ptd: 'Stopping untimed measurement'
ptd-server 2022-07-21 08:19:19,020 [INFO] Sending reply to client 'OK'
ptd-server 2022-07-21 08:19:19,028 [INFO] Got command from the client 'session,2022-07-21_07-57-34,done'
ptd-server 2022-07-21 08:19:19,028 [INFO] Sending to ptd: 'Stop'
ptd-server 2022-07-21 08:19:19,729 [INFO] Reply from ptd: 'Error: no measurement to stop'
ptd-server 2022-07-21 08:19:19,729 [INFO] Sending to ptd: 'SR,V,Auto'
ptd-server 2022-07-21 08:19:20,231 [INFO] Reply from ptd: 'Range V changed'
ptd-server 2022-07-21 08:19:20,232 [INFO] Sending to ptd: 'SR,A,0.500000'
ptd-server 2022-07-21 08:19:21,733 [INFO] Reply from ptd: 'Range A changed'
ptd-server 2022-07-21 08:19:21,733 [INFO] Set initial values for Amps 0.500000 and Volts Auto
ptd-server 2022-07-21 08:19:21,733 [INFO] Stopping ptd...
