ptd-server 2022-08-01 23:16:28,656 [INFO] Got command from the client 'time'
ptd-server 2022-08-01 23:16:28,656 [INFO] Sending reply to client '1659392188.6568115'
ptd-server 2022-08-01 23:16:28,657 [INFO] Got command from the client 'new,,0c4dadff-8ab7-49c6-964d-c6c7233f2306'
ptd-server 2022-08-01 23:16:28,658 [INFO] Sending reply to client 'OK 2022-08-01_23-16-28,3ad8c9ae-05e7-4e92-b9e5-7b41a6cb67f7'
ptd-server 2022-08-01 23:16:28,684 [INFO] Got command from the client 'time'
ptd-server 2022-08-01 23:16:28,685 [INFO] Sending reply to client '1659392188.6849759'
ptd-server 2022-08-01 23:16:28,685 [INFO] Got command from the client 'session,2022-08-01_23-16-28,start,ranging'
ptd-server 2022-08-01 23:16:28,686 [INFO] Running PTDaemon: ['/home/anton/projects/mlperf/power/inference_v1.0/ptd-linux-x86', '-l', '/tmp/tmp7lgbo8s4/ptd_logfile.txt', '-p', '8888', '49', '/dev/usbtmc0']
ptd-server 2022-08-01 23:16:45,860 [INFO] Sending to ptd: 'Hello'
ptd-server 2022-08-01 23:16:45,860 [INFO] Reply from ptd: 'Hello, PTDaemon here!'
ptd-server 2022-08-01 23:16:45,860 [INFO] Sending to ptd: 'Identify'
ptd-server 2022-08-01 23:16:45,861 [INFO] Reply from ptd: 'YokogawaWT310E,1000,1,1,1,1,0,1,1,version=1.9.2-e8c7a49a-20201208,OS=Linux 5.13.0-52-generic #59~20.04.1-Ubuntu SMP Thu Jun 16 21:21:28 UTC 2022 x86_64,mode=power,1,1,1,0,0,no_cal_date,YOKOGAWA;WT310E;C3XA04010E;F1.04'
ptd-server 2022-08-01 23:16:45,861 [INFO] Connected to PTDaemon
ptd-server 2022-08-01 23:16:45,861 [INFO] Sending to ptd: 'RR'
ptd-server 2022-08-01 23:16:45,861 [INFO] Reply from ptd: 'Ranges,0,0.500000,1,300.000000'
ptd-server 2022-08-01 23:16:45,861 [INFO] Initial range for Amps is 0.500000 for Volts is Auto
ptd-server 2022-08-01 23:16:45,862 [INFO] Sending to ptd: 'SR,V,Auto'
ptd-server 2022-08-01 23:16:46,364 [INFO] Reply from ptd: 'Range V changed'
ptd-server 2022-08-01 23:16:46,364 [INFO] Sending to ptd: 'SR,A,Auto'
ptd-server 2022-08-01 23:16:46,867 [INFO] Reply from ptd: 'Range A changed'
ptd-server 2022-08-01 23:16:56,877 [INFO] Starting ranging mode
ptd-server 2022-08-01 23:16:56,877 [INFO] Sending to ptd: 'Go,1000,0,2022-08-01_23-16-28_ranging'
ptd-server 2022-08-01 23:16:56,878 [INFO] Reply from ptd: 'Starting untimed measurement, maximum 500000 samples at 1000ms with 0 rampup samples'
ptd-server 2022-08-01 23:16:56,878 [INFO] Sending reply to client 'OK'
ptd-server 2022-08-01 23:27:08,327 [INFO] Got command from the client 'session,2022-08-01_23-16-28,stop,ranging'
ptd-server 2022-08-01 23:27:18,338 [INFO] Sending to ptd: 'Stop'
ptd-server 2022-08-01 23:27:18,338 [INFO] Reply from ptd: 'Stopping untimed measurement'
ptd-server 2022-08-01 23:27:19,798 [INFO] Sending reply to client 'OK'
ptd-server 2022-08-01 23:27:19,852 [INFO] Got command from the client 'time'
ptd-server 2022-08-01 23:27:19,853 [INFO] Sending reply to client '1659392839.8529868'
ptd-server 2022-08-01 23:27:19,854 [INFO] Got command from the client 'session,2022-08-01_23-16-28,start,testing'
ptd-server 2022-08-01 23:27:19,854 [INFO] Sending to ptd: 'SR,V,249.870000'
ptd-server 2022-08-01 23:27:21,355 [INFO] Reply from ptd: 'Range V changed'
ptd-server 2022-08-01 23:27:21,356 [INFO] Sending to ptd: 'SR,A,0.200600'
ptd-server 2022-08-01 23:27:22,857 [INFO] Reply from ptd: 'Range A changed'
ptd-server 2022-08-01 23:27:32,867 [INFO] Starting testing mode
ptd-server 2022-08-01 23:27:32,868 [INFO] Sending to ptd: 'Go,1000,0,2022-08-01_23-16-28_testing'
ptd-server 2022-08-01 23:27:32,868 [INFO] Reply from ptd: 'Starting untimed measurement, maximum 500000 samples at 1000ms with 0 rampup samples'
ptd-server 2022-08-01 23:27:32,868 [INFO] Sending reply to client 'OK'
ptd-server 2022-08-01 23:37:44,318 [INFO] Got command from the client 'session,2022-08-01_23-16-28,stop,testing'
ptd-server 2022-08-01 23:37:54,329 [INFO] Sending to ptd: 'Stop'
ptd-server 2022-08-01 23:37:54,329 [INFO] Reply from ptd: 'Stopping untimed measurement'
ptd-server 2022-08-01 23:37:55,065 [INFO] Sending reply to client 'OK'
ptd-server 2022-08-01 23:37:55,079 [INFO] Got command from the client 'session,2022-08-01_23-16-28,done'
ptd-server 2022-08-01 23:37:55,079 [INFO] Sending to ptd: 'Stop'
ptd-server 2022-08-01 23:37:55,079 [INFO] Reply from ptd: 'Error: no measurement to stop'
ptd-server 2022-08-01 23:37:55,079 [INFO] Sending to ptd: 'SR,V,Auto'
ptd-server 2022-08-01 23:37:55,582 [INFO] Reply from ptd: 'Range V changed'
ptd-server 2022-08-01 23:37:55,582 [INFO] Sending to ptd: 'SR,A,0.500000'
ptd-server 2022-08-01 23:37:57,083 [INFO] Reply from ptd: 'Range A changed'
ptd-server 2022-08-01 23:37:57,083 [INFO] Set initial values for Amps 0.500000 and Volts Auto
ptd-server 2022-08-01 23:37:57,083 [INFO] Stopping ptd...
