ptd-server 2022-07-19 07:06:05,604 [INFO] Got command from the client 'time'
ptd-server 2022-07-19 07:06:05,604 [INFO] Sending reply to client '1658210765.6043637'
ptd-server 2022-07-19 07:06:05,608 [INFO] Got command from the client 'new,,b61ab615-374c-4a92-9c80-54a41a709039'
ptd-server 2022-07-19 07:06:05,609 [INFO] Sending reply to client 'OK 2022-07-19_07-06-05,8cdcac5b-8328-4015-b919-6a6d16012397'
ptd-server 2022-07-19 07:06:05,644 [INFO] Got command from the client 'time'
ptd-server 2022-07-19 07:06:05,644 [INFO] Sending reply to client '1658210765.644943'
ptd-server 2022-07-19 07:06:05,649 [INFO] Got command from the client 'session,2022-07-19_07-06-05,start,ranging'
ptd-server 2022-07-19 07:06:05,649 [INFO] Running PTDaemon: ['/home/anton/projects/mlperf/power/inference_v1.0/ptd-linux-x86', '-l', '/tmp/tmp7lgbo8s4/ptd_logfile.txt', '-p', '8888', '49', '/dev/usbtmc0']
ptd-server 2022-07-19 07:06:22,824 [INFO] Sending to ptd: 'Hello'
ptd-server 2022-07-19 07:06:22,825 [INFO] Reply from ptd: 'Hello, PTDaemon here!'
ptd-server 2022-07-19 07:06:22,825 [INFO] Sending to ptd: 'Identify'
ptd-server 2022-07-19 07:06:22,826 [INFO] Reply from ptd: 'YokogawaWT310E,1000,1,1,1,1,0,1,1,version=1.9.2-e8c7a49a-20201208,OS=Linux 5.13.0-52-generic #59~20.04.1-Ubuntu SMP Thu Jun 16 21:21:28 UTC 2022 x86_64,mode=power,1,1,1,0,0,no_cal_date,YOKOGAWA;WT310E;C3XA04010E;F1.04'
ptd-server 2022-07-19 07:06:22,826 [INFO] Connected to PTDaemon
ptd-server 2022-07-19 07:06:22,826 [INFO] Sending to ptd: 'RR'
ptd-server 2022-07-19 07:06:22,826 [INFO] Reply from ptd: 'Ranges,0,0.500000,1,300.000000'
ptd-server 2022-07-19 07:06:22,827 [INFO] Initial range for Amps is 0.500000 for Volts is Auto
ptd-server 2022-07-19 07:06:22,827 [INFO] Sending to ptd: 'SR,V,Auto'
ptd-server 2022-07-19 07:06:23,329 [INFO] Reply from ptd: 'Range V changed'
ptd-server 2022-07-19 07:06:23,330 [INFO] Sending to ptd: 'SR,A,Auto'
ptd-server 2022-07-19 07:06:23,832 [INFO] Reply from ptd: 'Range A changed'
ptd-server 2022-07-19 07:06:33,842 [INFO] Starting ranging mode
ptd-server 2022-07-19 07:06:33,843 [INFO] Sending to ptd: 'Go,1000,0,2022-07-19_07-06-05_ranging'
ptd-server 2022-07-19 07:06:33,843 [INFO] Reply from ptd: 'Starting untimed measurement, maximum 500000 samples at 1000ms with 0 rampup samples'
ptd-server 2022-07-19 07:06:33,843 [INFO] Sending reply to client 'OK'
ptd-server 2022-07-19 07:16:51,228 [INFO] Got command from the client 'session,2022-07-19_07-06-05,stop,ranging'
ptd-server 2022-07-19 07:17:01,238 [INFO] Sending to ptd: 'Stop'
ptd-server 2022-07-19 07:17:01,239 [INFO] Reply from ptd: 'Stopping untimed measurement'
ptd-server 2022-07-19 07:17:01,301 [INFO] Sending reply to client 'OK'
ptd-server 2022-07-19 07:17:01,441 [INFO] Got command from the client 'time'
ptd-server 2022-07-19 07:17:01,441 [INFO] Sending reply to client '1658211421.441593'
ptd-server 2022-07-19 07:17:01,446 [INFO] Got command from the client 'session,2022-07-19_07-06-05,start,testing'
ptd-server 2022-07-19 07:17:01,446 [INFO] Sending to ptd: 'SR,V,249.720000'
ptd-server 2022-07-19 07:17:03,345 [INFO] Reply from ptd: 'Range V changed'
ptd-server 2022-07-19 07:17:03,345 [INFO] Sending to ptd: 'SR,A,0.074840'
ptd-server 2022-07-19 07:17:04,846 [INFO] Reply from ptd: 'Range A changed'
ptd-server 2022-07-19 07:17:14,856 [INFO] Starting testing mode
ptd-server 2022-07-19 07:17:14,857 [INFO] Sending to ptd: 'Go,1000,0,2022-07-19_07-06-05_testing'
ptd-server 2022-07-19 07:17:14,857 [INFO] Reply from ptd: 'Starting untimed measurement, maximum 500000 samples at 1000ms with 0 rampup samples'
ptd-server 2022-07-19 07:17:14,857 [INFO] Sending reply to client 'OK'
ptd-server 2022-07-19 07:27:32,020 [INFO] Got command from the client 'session,2022-07-19_07-06-05,stop,testing'
ptd-server 2022-07-19 07:27:42,027 [INFO] Sending to ptd: 'Stop'
ptd-server 2022-07-19 07:27:42,027 [INFO] Reply from ptd: 'Stopping untimed measurement'
ptd-server 2022-07-19 07:27:42,060 [INFO] Sending reply to client 'OK'
ptd-server 2022-07-19 07:27:42,187 [INFO] Got command from the client 'session,2022-07-19_07-06-05,done'
ptd-server 2022-07-19 07:27:42,187 [INFO] Sending to ptd: 'Stop'
ptd-server 2022-07-19 07:27:42,857 [INFO] Reply from ptd: 'Error: no measurement to stop'
ptd-server 2022-07-19 07:27:42,858 [INFO] Sending to ptd: 'SR,V,Auto'
ptd-server 2022-07-19 07:27:43,360 [INFO] Reply from ptd: 'Range V changed'
ptd-server 2022-07-19 07:27:43,360 [INFO] Sending to ptd: 'SR,A,0.500000'
ptd-server 2022-07-19 07:27:44,861 [INFO] Reply from ptd: 'Range A changed'
ptd-server 2022-07-19 07:27:44,862 [INFO] Set initial values for Amps 0.500000 and Volts Auto
ptd-server 2022-07-19 07:27:44,862 [INFO] Stopping ptd...
