ptd-server 2022-08-01 20:23:46,285 [INFO] Got command from the client 'time'
ptd-server 2022-08-01 20:23:46,286 [INFO] Sending reply to client '1659381826.286137'
ptd-server 2022-08-01 20:23:46,287 [INFO] Got command from the client 'new,,05ca55d8-bd5c-4a6b-aefd-127ee0b33bd6'
ptd-server 2022-08-01 20:23:46,287 [INFO] Sending reply to client 'OK 2022-08-01_20-23-46,04781dea-6618-4079-8266-9700d01be869'
ptd-server 2022-08-01 20:23:46,318 [INFO] Got command from the client 'time'
ptd-server 2022-08-01 20:23:46,318 [INFO] Sending reply to client '1659381826.3182237'
ptd-server 2022-08-01 20:23:46,319 [INFO] Got command from the client 'session,2022-08-01_20-23-46,start,ranging'
ptd-server 2022-08-01 20:23:46,319 [INFO] Running PTDaemon: ['/home/anton/projects/mlperf/power/inference_v1.0/ptd-linux-x86', '-l', '/tmp/tmp7lgbo8s4/ptd_logfile.txt', '-p', '8888', '49', '/dev/usbtmc0']
ptd-server 2022-08-01 20:24:03,494 [INFO] Sending to ptd: 'Hello'
ptd-server 2022-08-01 20:24:03,495 [INFO] Reply from ptd: 'Hello, PTDaemon here!'
ptd-server 2022-08-01 20:24:03,495 [INFO] Sending to ptd: 'Identify'
ptd-server 2022-08-01 20:24:03,495 [INFO] Reply from ptd: 'YokogawaWT310E,1000,1,1,1,1,0,1,1,version=1.9.2-e8c7a49a-20201208,OS=Linux 5.13.0-52-generic #59~20.04.1-Ubuntu SMP Thu Jun 16 21:21:28 UTC 2022 x86_64,mode=power,1,1,1,0,0,no_cal_date,YOKOGAWA;WT310E;C3XA04010E;F1.04'
ptd-server 2022-08-01 20:24:03,495 [INFO] Connected to PTDaemon
ptd-server 2022-08-01 20:24:03,495 [INFO] Sending to ptd: 'RR'
ptd-server 2022-08-01 20:24:03,496 [INFO] Reply from ptd: 'Ranges,0,0.500000,1,300.000000'
ptd-server 2022-08-01 20:24:03,496 [INFO] Initial range for Amps is 0.500000 for Volts is Auto
ptd-server 2022-08-01 20:24:03,496 [INFO] Sending to ptd: 'SR,V,Auto'
ptd-server 2022-08-01 20:24:03,998 [INFO] Reply from ptd: 'Range V changed'
ptd-server 2022-08-01 20:24:03,999 [INFO] Sending to ptd: 'SR,A,Auto'
ptd-server 2022-08-01 20:24:04,501 [INFO] Reply from ptd: 'Range A changed'
ptd-server 2022-08-01 20:24:14,511 [INFO] Starting ranging mode
ptd-server 2022-08-01 20:24:14,511 [INFO] Sending to ptd: 'Go,1000,0,2022-08-01_20-23-46_ranging'
ptd-server 2022-08-01 20:24:14,512 [INFO] Reply from ptd: 'Starting untimed measurement, maximum 500000 samples at 1000ms with 0 rampup samples'
ptd-server 2022-08-01 20:24:14,512 [INFO] Sending reply to client 'OK'
ptd-server 2022-08-01 20:34:25,863 [INFO] Got command from the client 'session,2022-08-01_20-23-46,stop,ranging'
ptd-server 2022-08-01 20:34:35,874 [INFO] Sending to ptd: 'Stop'
ptd-server 2022-08-01 20:34:35,874 [INFO] Reply from ptd: 'Stopping untimed measurement'
ptd-server 2022-08-01 20:34:37,301 [INFO] Sending reply to client 'OK'
ptd-server 2022-08-01 20:34:37,352 [INFO] Got command from the client 'time'
ptd-server 2022-08-01 20:34:37,352 [INFO] Sending reply to client '1659382477.3527043'
ptd-server 2022-08-01 20:34:37,354 [INFO] Got command from the client 'session,2022-08-01_20-23-46,start,testing'
ptd-server 2022-08-01 20:34:37,354 [INFO] Sending to ptd: 'SR,V,249.690000'
ptd-server 2022-08-01 20:34:38,855 [INFO] Reply from ptd: 'Range V changed'
ptd-server 2022-08-01 20:34:38,855 [INFO] Sending to ptd: 'SR,A,0.250440'
ptd-server 2022-08-01 20:34:40,357 [INFO] Reply from ptd: 'Range A changed'
ptd-server 2022-08-01 20:34:50,367 [INFO] Starting testing mode
ptd-server 2022-08-01 20:34:50,367 [INFO] Sending to ptd: 'Go,1000,0,2022-08-01_20-23-46_testing'
ptd-server 2022-08-01 20:34:50,367 [INFO] Reply from ptd: 'Starting untimed measurement, maximum 500000 samples at 1000ms with 0 rampup samples'
ptd-server 2022-08-01 20:34:50,368 [INFO] Sending reply to client 'OK'
ptd-server 2022-08-01 20:45:01,691 [INFO] Got command from the client 'session,2022-08-01_20-23-46,stop,testing'
ptd-server 2022-08-01 20:45:11,702 [INFO] Sending to ptd: 'Stop'
ptd-server 2022-08-01 20:45:11,702 [INFO] Reply from ptd: 'Stopping untimed measurement'
ptd-server 2022-08-01 20:45:12,423 [INFO] Sending reply to client 'OK'
ptd-server 2022-08-01 20:45:12,436 [INFO] Got command from the client 'session,2022-08-01_20-23-46,done'
ptd-server 2022-08-01 20:45:12,437 [INFO] Sending to ptd: 'Stop'
ptd-server 2022-08-01 20:45:12,437 [INFO] Reply from ptd: 'Error: no measurement to stop'
ptd-server 2022-08-01 20:45:12,437 [INFO] Sending to ptd: 'SR,V,Auto'
ptd-server 2022-08-01 20:45:12,939 [INFO] Reply from ptd: 'Range V changed'
ptd-server 2022-08-01 20:45:12,940 [INFO] Sending to ptd: 'SR,A,0.500000'
ptd-server 2022-08-01 20:45:14,441 [INFO] Reply from ptd: 'Range A changed'
ptd-server 2022-08-01 20:45:14,441 [INFO] Set initial values for Amps 0.500000 and Volts Auto
ptd-server 2022-08-01 20:45:14,441 [INFO] Stopping ptd...
