ptd-server 2022-07-26 16:27:30,731 [INFO] Got command from the client 'time'
ptd-server 2022-07-26 16:27:30,731 [INFO] Sending reply to client '1658849250.7314553'
ptd-server 2022-07-26 16:27:30,735 [INFO] Got command from the client 'new,,110fa5a2-0979-4680-8e60-ed1db5c7a013'
ptd-server 2022-07-26 16:27:30,735 [INFO] Sending reply to client 'OK 2022-07-26_16-27-30,3903c704-dc91-4bb8-a897-bd760eefa0b4'
ptd-server 2022-07-26 16:27:30,776 [INFO] Got command from the client 'time'
ptd-server 2022-07-26 16:27:30,776 [INFO] Sending reply to client '1658849250.7764103'
ptd-server 2022-07-26 16:27:30,782 [INFO] Got command from the client 'session,2022-07-26_16-27-30,start,ranging'
ptd-server 2022-07-26 16:27:30,782 [INFO] Running PTDaemon: ['/home/anton/projects/mlperf/power/inference_v1.0/ptd-linux-x86', '-l', '/tmp/tmp7lgbo8s4/ptd_logfile.txt', '-p', '8888', '49', '/dev/usbtmc0']
ptd-server 2022-07-26 16:27:47,955 [INFO] Sending to ptd: 'Hello'
ptd-server 2022-07-26 16:27:47,956 [INFO] Reply from ptd: 'Hello, PTDaemon here!'
ptd-server 2022-07-26 16:27:47,956 [INFO] Sending to ptd: 'Identify'
ptd-server 2022-07-26 16:27:47,957 [INFO] Reply from ptd: 'YokogawaWT310E,1000,1,1,1,1,0,1,1,version=1.9.2-e8c7a49a-20201208,OS=Linux 5.13.0-52-generic #59~20.04.1-Ubuntu SMP Thu Jun 16 21:21:28 UTC 2022 x86_64,mode=power,1,1,1,0,0,no_cal_date,YOKOGAWA;WT310E;C3XA04010E;F1.04'
ptd-server 2022-07-26 16:27:47,957 [INFO] Connected to PTDaemon
ptd-server 2022-07-26 16:27:47,957 [INFO] Sending to ptd: 'RR'
ptd-server 2022-07-26 16:27:47,957 [INFO] Reply from ptd: 'Ranges,0,0.500000,1,300.000000'
ptd-server 2022-07-26 16:27:47,957 [INFO] Initial range for Amps is 0.500000 for Volts is Auto
ptd-server 2022-07-26 16:27:47,958 [INFO] Sending to ptd: 'SR,V,Auto'
ptd-server 2022-07-26 16:27:48,460 [INFO] Reply from ptd: 'Range V changed'
ptd-server 2022-07-26 16:27:48,460 [INFO] Sending to ptd: 'SR,A,Auto'
ptd-server 2022-07-26 16:27:48,963 [INFO] Reply from ptd: 'Range A changed'
ptd-server 2022-07-26 16:27:58,973 [INFO] Starting ranging mode
ptd-server 2022-07-26 16:27:58,973 [INFO] Sending to ptd: 'Go,1000,0,2022-07-26_16-27-30_ranging'
ptd-server 2022-07-26 16:27:58,973 [INFO] Reply from ptd: 'Starting untimed measurement, maximum 500000 samples at 1000ms with 0 rampup samples'
ptd-server 2022-07-26 16:27:58,974 [INFO] Sending reply to client 'OK'
ptd-server 2022-07-26 16:38:13,511 [INFO] Got command from the client 'session,2022-07-26_16-27-30,stop,ranging'
ptd-server 2022-07-26 16:38:23,521 [INFO] Sending to ptd: 'Stop'
ptd-server 2022-07-26 16:38:23,522 [INFO] Reply from ptd: 'Stopping untimed measurement'
ptd-server 2022-07-26 16:38:24,365 [INFO] Sending reply to client 'OK'
ptd-server 2022-07-26 16:38:24,428 [INFO] Got command from the client 'time'
ptd-server 2022-07-26 16:38:24,428 [INFO] Sending reply to client '1658849904.4284475'
ptd-server 2022-07-26 16:38:24,431 [INFO] Got command from the client 'session,2022-07-26_16-27-30,start,testing'
ptd-server 2022-07-26 16:38:24,431 [INFO] Sending to ptd: 'SR,V,251.740000'
ptd-server 2022-07-26 16:38:25,933 [INFO] Reply from ptd: 'Range V changed'
ptd-server 2022-07-26 16:38:25,933 [INFO] Sending to ptd: 'SR,A,0.067840'
ptd-server 2022-07-26 16:38:27,434 [INFO] Reply from ptd: 'Range A changed'
ptd-server 2022-07-26 16:38:37,444 [INFO] Starting testing mode
ptd-server 2022-07-26 16:38:37,445 [INFO] Sending to ptd: 'Go,1000,0,2022-07-26_16-27-30_testing'
ptd-server 2022-07-26 16:38:37,445 [INFO] Reply from ptd: 'Starting untimed measurement, maximum 500000 samples at 1000ms with 0 rampup samples'
ptd-server 2022-07-26 16:38:37,445 [INFO] Sending reply to client 'OK'
ptd-server 2022-07-26 16:48:51,720 [INFO] Got command from the client 'session,2022-07-26_16-27-30,stop,testing'
ptd-server 2022-07-26 16:49:01,730 [INFO] Sending to ptd: 'Stop'
ptd-server 2022-07-26 16:49:01,731 [INFO] Reply from ptd: 'Stopping untimed measurement'
ptd-server 2022-07-26 16:49:02,162 [INFO] Sending reply to client 'OK'
ptd-server 2022-07-26 16:49:02,198 [INFO] Got command from the client 'session,2022-07-26_16-27-30,done'
ptd-server 2022-07-26 16:49:02,199 [INFO] Sending to ptd: 'Stop'
ptd-server 2022-07-26 16:49:02,445 [INFO] Reply from ptd: 'Error: no measurement to stop'
ptd-server 2022-07-26 16:49:02,446 [INFO] Sending to ptd: 'SR,V,Auto'
ptd-server 2022-07-26 16:49:02,948 [INFO] Reply from ptd: 'Range V changed'
ptd-server 2022-07-26 16:49:02,948 [INFO] Sending to ptd: 'SR,A,0.500000'
ptd-server 2022-07-26 16:49:04,450 [INFO] Reply from ptd: 'Range A changed'
ptd-server 2022-07-26 16:49:04,450 [INFO] Set initial values for Amps 0.500000 and Volts Auto
ptd-server 2022-07-26 16:49:04,450 [INFO] Stopping ptd...
