ptd-server 2022-07-28 14:40:54,605 [INFO] Got command from the client 'time'
ptd-server 2022-07-28 14:40:54,605 [INFO] Sending reply to client '1659015654.605808'
ptd-server 2022-07-28 14:40:54,608 [INFO] Got command from the client 'new,,bb812b84-a532-4d0b-ac94-a1f66b81ed4e'
ptd-server 2022-07-28 14:40:54,609 [INFO] Sending reply to client 'OK 2022-07-28_14-40-54,9c4ca64e-4c70-4905-9f5e-d3f401ca819a'
ptd-server 2022-07-28 14:40:54,811 [INFO] Got command from the client 'time'
ptd-server 2022-07-28 14:40:54,811 [INFO] Sending reply to client '1659015654.8111422'
ptd-server 2022-07-28 14:40:54,815 [INFO] Got command from the client 'session,2022-07-28_14-40-54,start,ranging'
ptd-server 2022-07-28 14:40:54,816 [INFO] Running PTDaemon: ['/home/anton/projects/mlperf/power/inference_v1.0/ptd-linux-x86', '-l', '/tmp/tmp7lgbo8s4/ptd_logfile.txt', '-p', '8888', '49', '/dev/usbtmc0']
ptd-server 2022-07-28 14:41:11,990 [INFO] Sending to ptd: 'Hello'
ptd-server 2022-07-28 14:41:11,991 [INFO] Reply from ptd: 'Hello, PTDaemon here!'
ptd-server 2022-07-28 14:41:11,991 [INFO] Sending to ptd: 'Identify'
ptd-server 2022-07-28 14:41:11,991 [INFO] Reply from ptd: 'YokogawaWT310E,1000,1,1,1,1,0,1,1,version=1.9.2-e8c7a49a-20201208,OS=Linux 5.13.0-52-generic #59~20.04.1-Ubuntu SMP Thu Jun 16 21:21:28 UTC 2022 x86_64,mode=power,1,1,1,0,0,no_cal_date,YOKOGAWA;WT310E;C3XA04010E;F1.04'
ptd-server 2022-07-28 14:41:11,992 [INFO] Connected to PTDaemon
ptd-server 2022-07-28 14:41:11,992 [INFO] Sending to ptd: 'RR'
ptd-server 2022-07-28 14:41:11,992 [INFO] Reply from ptd: 'Ranges,0,0.500000,1,300.000000'
ptd-server 2022-07-28 14:41:11,992 [INFO] Initial range for Amps is 0.500000 for Volts is Auto
ptd-server 2022-07-28 14:41:11,992 [INFO] Sending to ptd: 'SR,V,Auto'
ptd-server 2022-07-28 14:41:12,495 [INFO] Reply from ptd: 'Range V changed'
ptd-server 2022-07-28 14:41:12,495 [INFO] Sending to ptd: 'SR,A,Auto'
ptd-server 2022-07-28 14:41:12,997 [INFO] Reply from ptd: 'Range A changed'
ptd-server 2022-07-28 14:41:23,005 [INFO] Starting ranging mode
ptd-server 2022-07-28 14:41:23,005 [INFO] Sending to ptd: 'Go,1000,0,2022-07-28_14-40-54_ranging'
ptd-server 2022-07-28 14:41:23,006 [INFO] Reply from ptd: 'Starting untimed measurement, maximum 500000 samples at 1000ms with 0 rampup samples'
ptd-server 2022-07-28 14:41:23,006 [INFO] Sending reply to client 'OK'
ptd-server 2022-07-28 14:51:46,948 [INFO] Got command from the client 'session,2022-07-28_14-40-54,stop,ranging'
ptd-server 2022-07-28 14:51:56,959 [INFO] Sending to ptd: 'Stop'
ptd-server 2022-07-28 14:51:56,959 [INFO] Reply from ptd: 'Stopping untimed measurement'
ptd-server 2022-07-28 14:51:58,035 [INFO] Sending reply to client 'OK'
ptd-server 2022-07-28 14:51:58,174 [INFO] Got command from the client 'time'
ptd-server 2022-07-28 14:51:58,175 [INFO] Sending reply to client '1659016318.1750333'
ptd-server 2022-07-28 14:51:58,179 [INFO] Got command from the client 'session,2022-07-28_14-40-54,start,testing'
ptd-server 2022-07-28 14:51:58,179 [INFO] Sending to ptd: 'SR,V,251.510000'
ptd-server 2022-07-28 14:51:59,680 [INFO] Reply from ptd: 'Range V changed'
ptd-server 2022-07-28 14:51:59,681 [INFO] Sending to ptd: 'SR,A,0.046570'
ptd-server 2022-07-28 14:52:01,182 [INFO] Reply from ptd: 'Range A changed'
ptd-server 2022-07-28 14:52:11,192 [INFO] Starting testing mode
ptd-server 2022-07-28 14:52:11,193 [INFO] Sending to ptd: 'Go,1000,0,2022-07-28_14-40-54_testing'
ptd-server 2022-07-28 14:52:11,193 [INFO] Reply from ptd: 'Starting untimed measurement, maximum 500000 samples at 1000ms with 0 rampup samples'
ptd-server 2022-07-28 14:52:11,193 [INFO] Sending reply to client 'OK'
ptd-server 2022-07-28 15:02:34,791 [INFO] Got command from the client 'session,2022-07-28_14-40-54,stop,testing'
ptd-server 2022-07-28 15:02:44,801 [INFO] Sending to ptd: 'Stop'
ptd-server 2022-07-28 15:02:44,801 [INFO] Reply from ptd: 'Stopping untimed measurement'
ptd-server 2022-07-28 15:02:45,353 [INFO] Sending reply to client 'OK'
ptd-server 2022-07-28 15:02:45,476 [INFO] Got command from the client 'session,2022-07-28_14-40-54,done'
ptd-server 2022-07-28 15:02:45,476 [INFO] Sending to ptd: 'Stop'
ptd-server 2022-07-28 15:02:45,477 [INFO] Reply from ptd: 'Error: no measurement to stop'
ptd-server 2022-07-28 15:02:45,477 [INFO] Sending to ptd: 'SR,V,Auto'
ptd-server 2022-07-28 15:02:45,979 [INFO] Reply from ptd: 'Range V changed'
ptd-server 2022-07-28 15:02:45,979 [INFO] Sending to ptd: 'SR,A,0.500000'
ptd-server 2022-07-28 15:02:47,481 [INFO] Reply from ptd: 'Range A changed'
ptd-server 2022-07-28 15:02:47,481 [INFO] Set initial values for Amps 0.500000 and Volts Auto
ptd-server 2022-07-28 15:02:47,481 [INFO] Stopping ptd...
