ptd-server 2022-07-23 19:57:23,477 [INFO] Got command from the client 'time'
ptd-server 2022-07-23 19:57:23,478 [INFO] Sending reply to client '1658602643.4781213'
ptd-server 2022-07-23 19:57:23,479 [INFO] Got command from the client 'new,,05d0c883-c011-404c-9337-7386b9808da7'
ptd-server 2022-07-23 19:57:23,479 [INFO] Sending reply to client 'OK 2022-07-23_19-57-23,decf8fd6-7baf-4337-a7eb-10c7c76352d7'
ptd-server 2022-07-23 19:57:23,518 [INFO] Got command from the client 'time'
ptd-server 2022-07-23 19:57:23,518 [INFO] Sending reply to client '1658602643.518167'
ptd-server 2022-07-23 19:57:23,519 [INFO] Got command from the client 'session,2022-07-23_19-57-23,start,ranging'
ptd-server 2022-07-23 19:57:23,519 [INFO] Running PTDaemon: ['/home/anton/projects/mlperf/power/inference_v1.0/ptd-linux-x86', '-l', '/tmp/tmp7lgbo8s4/ptd_logfile.txt', '-p', '8888', '49', '/dev/usbtmc0']
ptd-server 2022-07-23 19:57:40,694 [INFO] Sending to ptd: 'Hello'
ptd-server 2022-07-23 19:57:40,695 [INFO] Reply from ptd: 'Hello, PTDaemon here!'
ptd-server 2022-07-23 19:57:40,695 [INFO] Sending to ptd: 'Identify'
ptd-server 2022-07-23 19:57:40,696 [INFO] Reply from ptd: 'YokogawaWT310E,1000,1,1,1,1,0,1,1,version=1.9.2-e8c7a49a-20201208,OS=Linux 5.13.0-52-generic #59~20.04.1-Ubuntu SMP Thu Jun 16 21:21:28 UTC 2022 x86_64,mode=power,1,1,1,0,0,no_cal_date,YOKOGAWA;WT310E;C3XA04010E;F1.04'
ptd-server 2022-07-23 19:57:40,696 [INFO] Connected to PTDaemon
ptd-server 2022-07-23 19:57:40,696 [INFO] Sending to ptd: 'RR'
ptd-server 2022-07-23 19:57:40,696 [INFO] Reply from ptd: 'Ranges,0,0.500000,1,300.000000'
ptd-server 2022-07-23 19:57:40,696 [INFO] Initial range for Amps is 0.500000 for Volts is Auto
ptd-server 2022-07-23 19:57:40,696 [INFO] Sending to ptd: 'SR,V,Auto'
ptd-server 2022-07-23 19:57:41,199 [INFO] Reply from ptd: 'Range V changed'
ptd-server 2022-07-23 19:57:41,199 [INFO] Sending to ptd: 'SR,A,Auto'
ptd-server 2022-07-23 19:57:41,702 [INFO] Reply from ptd: 'Range A changed'
ptd-server 2022-07-23 19:57:51,711 [INFO] Starting ranging mode
ptd-server 2022-07-23 19:57:51,711 [INFO] Sending to ptd: 'Go,1000,0,2022-07-23_19-57-23_ranging'
ptd-server 2022-07-23 19:57:51,712 [INFO] Reply from ptd: 'Starting untimed measurement, maximum 500000 samples at 1000ms with 0 rampup samples'
ptd-server 2022-07-23 19:57:51,712 [INFO] Sending reply to client 'OK'
ptd-server 2022-07-23 20:08:08,162 [INFO] Got command from the client 'session,2022-07-23_19-57-23,stop,ranging'
ptd-server 2022-07-23 20:08:18,172 [INFO] Sending to ptd: 'Stop'
ptd-server 2022-07-23 20:08:18,173 [INFO] Reply from ptd: 'Stopping untimed measurement'
ptd-server 2022-07-23 20:08:18,784 [INFO] Sending reply to client 'OK'
ptd-server 2022-07-23 20:08:18,837 [INFO] Got command from the client 'time'
ptd-server 2022-07-23 20:08:18,837 [INFO] Sending reply to client '1658603298.8376076'
ptd-server 2022-07-23 20:08:18,838 [INFO] Got command from the client 'session,2022-07-23_19-57-23,start,testing'
ptd-server 2022-07-23 20:08:18,838 [INFO] Sending to ptd: 'SR,V,249.030000'
ptd-server 2022-07-23 20:08:20,340 [INFO] Reply from ptd: 'Range V changed'
ptd-server 2022-07-23 20:08:20,340 [INFO] Sending to ptd: 'SR,A,0.060420'
ptd-server 2022-07-23 20:08:21,841 [INFO] Reply from ptd: 'Range A changed'
ptd-server 2022-07-23 20:08:31,851 [INFO] Starting testing mode
ptd-server 2022-07-23 20:08:31,851 [INFO] Sending to ptd: 'Go,1000,0,2022-07-23_19-57-23_testing'
ptd-server 2022-07-23 20:08:31,852 [INFO] Reply from ptd: 'Starting untimed measurement, maximum 500000 samples at 1000ms with 0 rampup samples'
ptd-server 2022-07-23 20:08:31,852 [INFO] Sending reply to client 'OK'
ptd-server 2022-07-23 20:18:48,179 [INFO] Got command from the client 'session,2022-07-23_19-57-23,stop,testing'
ptd-server 2022-07-23 20:18:58,189 [INFO] Sending to ptd: 'Stop'
ptd-server 2022-07-23 20:18:58,189 [INFO] Reply from ptd: 'Stopping untimed measurement'
ptd-server 2022-07-23 20:18:58,502 [INFO] Sending reply to client 'OK'
ptd-server 2022-07-23 20:18:58,511 [INFO] Got command from the client 'session,2022-07-23_19-57-23,done'
ptd-server 2022-07-23 20:18:58,511 [INFO] Sending to ptd: 'Stop'
ptd-server 2022-07-23 20:18:58,853 [INFO] Reply from ptd: 'Error: no measurement to stop'
ptd-server 2022-07-23 20:18:58,853 [INFO] Sending to ptd: 'SR,V,Auto'
ptd-server 2022-07-23 20:18:59,355 [INFO] Reply from ptd: 'Range V changed'
ptd-server 2022-07-23 20:18:59,356 [INFO] Sending to ptd: 'SR,A,0.500000'
ptd-server 2022-07-23 20:19:00,857 [INFO] Reply from ptd: 'Range A changed'
ptd-server 2022-07-23 20:19:00,858 [INFO] Set initial values for Amps 0.500000 and Volts Auto
ptd-server 2022-07-23 20:19:00,858 [INFO] Stopping ptd...
