ptd-server 2022-07-24 03:05:37,024 [INFO] Got command from the client 'time'
ptd-server 2022-07-24 03:05:37,024 [INFO] Sending reply to client '1658628337.0247798'
ptd-server 2022-07-24 03:05:37,025 [INFO] Got command from the client 'new,,8ad3eb33-06d3-4d57-9a03-84b40a6aba8e'
ptd-server 2022-07-24 03:05:37,026 [INFO] Sending reply to client 'OK 2022-07-24_03-05-37,f28c0573-5d3d-4298-8a6f-7cd09b9db156'
ptd-server 2022-07-24 03:05:37,054 [INFO] Got command from the client 'time'
ptd-server 2022-07-24 03:05:37,054 [INFO] Sending reply to client '1658628337.0548725'
ptd-server 2022-07-24 03:05:37,056 [INFO] Got command from the client 'session,2022-07-24_03-05-37,start,ranging'
ptd-server 2022-07-24 03:05:37,056 [INFO] Running PTDaemon: ['/home/anton/projects/mlperf/power/inference_v1.0/ptd-linux-x86', '-l', '/tmp/tmp7lgbo8s4/ptd_logfile.txt', '-p', '8888', '49', '/dev/usbtmc0']
ptd-server 2022-07-24 03:05:54,230 [INFO] Sending to ptd: 'Hello'
ptd-server 2022-07-24 03:05:54,231 [INFO] Reply from ptd: 'Hello, PTDaemon here!'
ptd-server 2022-07-24 03:05:54,231 [INFO] Sending to ptd: 'Identify'
ptd-server 2022-07-24 03:05:54,231 [INFO] Reply from ptd: 'YokogawaWT310E,1000,1,1,1,1,0,1,1,version=1.9.2-e8c7a49a-20201208,OS=Linux 5.13.0-52-generic #59~20.04.1-Ubuntu SMP Thu Jun 16 21:21:28 UTC 2022 x86_64,mode=power,1,1,1,0,0,no_cal_date,YOKOGAWA;WT310E;C3XA04010E;F1.04'
ptd-server 2022-07-24 03:05:54,231 [INFO] Connected to PTDaemon
ptd-server 2022-07-24 03:05:54,231 [INFO] Sending to ptd: 'RR'
ptd-server 2022-07-24 03:05:54,232 [INFO] Reply from ptd: 'Ranges,0,0.500000,1,300.000000'
ptd-server 2022-07-24 03:05:54,232 [INFO] Initial range for Amps is 0.500000 for Volts is Auto
ptd-server 2022-07-24 03:05:54,232 [INFO] Sending to ptd: 'SR,V,Auto'
ptd-server 2022-07-24 03:05:54,734 [INFO] Reply from ptd: 'Range V changed'
ptd-server 2022-07-24 03:05:54,735 [INFO] Sending to ptd: 'SR,A,Auto'
ptd-server 2022-07-24 03:05:55,237 [INFO] Reply from ptd: 'Range A changed'
ptd-server 2022-07-24 03:06:05,247 [INFO] Starting ranging mode
ptd-server 2022-07-24 03:06:05,247 [INFO] Sending to ptd: 'Go,1000,0,2022-07-24_03-05-37_ranging'
ptd-server 2022-07-24 03:06:05,248 [INFO] Reply from ptd: 'Starting untimed measurement, maximum 500000 samples at 1000ms with 0 rampup samples'
ptd-server 2022-07-24 03:06:05,248 [INFO] Sending reply to client 'OK'
ptd-server 2022-07-24 03:16:24,708 [INFO] Got command from the client 'session,2022-07-24_03-05-37,stop,ranging'
ptd-server 2022-07-24 03:16:34,718 [INFO] Sending to ptd: 'Stop'
ptd-server 2022-07-24 03:16:34,719 [INFO] Reply from ptd: 'Stopping untimed measurement'
ptd-server 2022-07-24 03:16:35,356 [INFO] Sending reply to client 'OK'
ptd-server 2022-07-24 03:16:35,396 [INFO] Got command from the client 'time'
ptd-server 2022-07-24 03:16:35,396 [INFO] Sending reply to client '1658628995.3968875'
ptd-server 2022-07-24 03:16:35,397 [INFO] Got command from the client 'session,2022-07-24_03-05-37,start,testing'
ptd-server 2022-07-24 03:16:35,397 [INFO] Sending to ptd: 'SR,V,252.160000'
ptd-server 2022-07-24 03:16:36,899 [INFO] Reply from ptd: 'Range V changed'
ptd-server 2022-07-24 03:16:36,899 [INFO] Sending to ptd: 'SR,A,0.053430'
ptd-server 2022-07-24 03:16:38,400 [INFO] Reply from ptd: 'Range A changed'
ptd-server 2022-07-24 03:16:48,411 [INFO] Starting testing mode
ptd-server 2022-07-24 03:16:48,411 [INFO] Sending to ptd: 'Go,1000,0,2022-07-24_03-05-37_testing'
ptd-server 2022-07-24 03:16:48,411 [INFO] Reply from ptd: 'Starting untimed measurement, maximum 500000 samples at 1000ms with 0 rampup samples'
ptd-server 2022-07-24 03:16:48,411 [INFO] Sending reply to client 'OK'
ptd-server 2022-07-24 03:27:07,770 [INFO] Got command from the client 'session,2022-07-24_03-05-37,stop,testing'
ptd-server 2022-07-24 03:27:17,781 [INFO] Sending to ptd: 'Stop'
ptd-server 2022-07-24 03:27:17,781 [INFO] Reply from ptd: 'Stopping untimed measurement'
ptd-server 2022-07-24 03:27:18,116 [INFO] Sending reply to client 'OK'
ptd-server 2022-07-24 03:27:18,124 [INFO] Got command from the client 'session,2022-07-24_03-05-37,done'
ptd-server 2022-07-24 03:27:18,125 [INFO] Sending to ptd: 'Stop'
ptd-server 2022-07-24 03:27:18,411 [INFO] Reply from ptd: 'Error: no measurement to stop'
ptd-server 2022-07-24 03:27:18,412 [INFO] Sending to ptd: 'SR,V,Auto'
ptd-server 2022-07-24 03:27:18,914 [INFO] Reply from ptd: 'Range V changed'
ptd-server 2022-07-24 03:27:18,914 [INFO] Sending to ptd: 'SR,A,0.500000'
ptd-server 2022-07-24 03:27:20,416 [INFO] Reply from ptd: 'Range A changed'
ptd-server 2022-07-24 03:27:20,416 [INFO] Set initial values for Amps 0.500000 and Volts Auto
ptd-server 2022-07-24 03:27:20,416 [INFO] Stopping ptd...
