ptd-server 2022-07-27 23:16:47,364 [INFO] Got command from the client 'time'
ptd-server 2022-07-27 23:16:47,364 [INFO] Sending reply to client '1658960207.3642178'
ptd-server 2022-07-27 23:16:47,368 [INFO] Got command from the client 'new,,12e74635-e1d8-4f5f-9065-446f79cbf116'
ptd-server 2022-07-27 23:16:47,368 [INFO] Sending reply to client 'OK 2022-07-27_23-16-47,3c8b48e1-7743-4cc6-be17-d5dba7a961fc'
ptd-server 2022-07-27 23:16:47,466 [INFO] Got command from the client 'time'
ptd-server 2022-07-27 23:16:47,466 [INFO] Sending reply to client '1658960207.466875'
ptd-server 2022-07-27 23:16:47,471 [INFO] Got command from the client 'session,2022-07-27_23-16-47,start,ranging'
ptd-server 2022-07-27 23:16:47,472 [INFO] Running PTDaemon: ['/home/anton/projects/mlperf/power/inference_v1.0/ptd-linux-x86', '-l', '/tmp/tmp7lgbo8s4/ptd_logfile.txt', '-p', '8888', '49', '/dev/usbtmc0']
ptd-server 2022-07-27 23:17:04,646 [INFO] Sending to ptd: 'Hello'
ptd-server 2022-07-27 23:17:04,647 [INFO] Reply from ptd: 'Hello, PTDaemon here!'
ptd-server 2022-07-27 23:17:04,647 [INFO] Sending to ptd: 'Identify'
ptd-server 2022-07-27 23:17:04,647 [INFO] Reply from ptd: 'YokogawaWT310E,1000,1,1,1,1,0,1,1,version=1.9.2-e8c7a49a-20201208,OS=Linux 5.13.0-52-generic #59~20.04.1-Ubuntu SMP Thu Jun 16 21:21:28 UTC 2022 x86_64,mode=power,1,1,1,0,0,no_cal_date,YOKOGAWA;WT310E;C3XA04010E;F1.04'
ptd-server 2022-07-27 23:17:04,648 [INFO] Connected to PTDaemon
ptd-server 2022-07-27 23:17:04,648 [INFO] Sending to ptd: 'RR'
ptd-server 2022-07-27 23:17:04,648 [INFO] Reply from ptd: 'Ranges,0,0.500000,1,300.000000'
ptd-server 2022-07-27 23:17:04,648 [INFO] Initial range for Amps is 0.500000 for Volts is Auto
ptd-server 2022-07-27 23:17:04,648 [INFO] Sending to ptd: 'SR,V,Auto'
ptd-server 2022-07-27 23:17:05,151 [INFO] Reply from ptd: 'Range V changed'
ptd-server 2022-07-27 23:17:05,151 [INFO] Sending to ptd: 'SR,A,Auto'
ptd-server 2022-07-27 23:17:05,653 [INFO] Reply from ptd: 'Range A changed'
ptd-server 2022-07-27 23:17:15,664 [INFO] Starting ranging mode
ptd-server 2022-07-27 23:17:15,664 [INFO] Sending to ptd: 'Go,1000,0,2022-07-27_23-16-47_ranging'
ptd-server 2022-07-27 23:17:15,664 [INFO] Reply from ptd: 'Starting untimed measurement, maximum 500000 samples at 1000ms with 0 rampup samples'
ptd-server 2022-07-27 23:17:15,664 [INFO] Sending reply to client 'OK'
ptd-server 2022-07-27 23:27:31,007 [INFO] Got command from the client 'session,2022-07-27_23-16-47,stop,ranging'
ptd-server 2022-07-27 23:27:41,017 [INFO] Sending to ptd: 'Stop'
ptd-server 2022-07-27 23:27:41,018 [INFO] Reply from ptd: 'Stopping untimed measurement'
ptd-server 2022-07-27 23:27:42,025 [INFO] Sending reply to client 'OK'
ptd-server 2022-07-27 23:27:42,227 [INFO] Got command from the client 'time'
ptd-server 2022-07-27 23:27:42,227 [INFO] Sending reply to client '1658960862.227299'
ptd-server 2022-07-27 23:27:42,231 [INFO] Got command from the client 'session,2022-07-27_23-16-47,start,testing'
ptd-server 2022-07-27 23:27:42,231 [INFO] Sending to ptd: 'SR,V,251.030000'
ptd-server 2022-07-27 23:27:43,733 [INFO] Reply from ptd: 'Range V changed'
ptd-server 2022-07-27 23:27:43,733 [INFO] Sending to ptd: 'SR,A,0.045060'
ptd-server 2022-07-27 23:27:45,235 [INFO] Reply from ptd: 'Range A changed'
ptd-server 2022-07-27 23:27:55,245 [INFO] Starting testing mode
ptd-server 2022-07-27 23:27:55,245 [INFO] Sending to ptd: 'Go,1000,0,2022-07-27_23-16-47_testing'
ptd-server 2022-07-27 23:27:55,246 [INFO] Reply from ptd: 'Starting untimed measurement, maximum 500000 samples at 1000ms with 0 rampup samples'
ptd-server 2022-07-27 23:27:55,246 [INFO] Sending reply to client 'OK'
ptd-server 2022-07-27 23:38:10,654 [INFO] Got command from the client 'session,2022-07-27_23-16-47,stop,testing'
ptd-server 2022-07-27 23:38:20,665 [INFO] Sending to ptd: 'Stop'
ptd-server 2022-07-27 23:38:20,665 [INFO] Reply from ptd: 'Stopping untimed measurement'
ptd-server 2022-07-27 23:38:21,178 [INFO] Sending reply to client 'OK'
ptd-server 2022-07-27 23:38:21,200 [INFO] Got command from the client 'session,2022-07-27_23-16-47,done'
ptd-server 2022-07-27 23:38:21,200 [INFO] Sending to ptd: 'Stop'
ptd-server 2022-07-27 23:38:21,246 [INFO] Reply from ptd: 'Error: no measurement to stop'
ptd-server 2022-07-27 23:38:21,246 [INFO] Sending to ptd: 'SR,V,Auto'
ptd-server 2022-07-27 23:38:21,749 [INFO] Reply from ptd: 'Range V changed'
ptd-server 2022-07-27 23:38:21,749 [INFO] Sending to ptd: 'SR,A,0.500000'
ptd-server 2022-07-27 23:38:23,250 [INFO] Reply from ptd: 'Range A changed'
ptd-server 2022-07-27 23:38:23,251 [INFO] Set initial values for Amps 0.500000 and Volts Auto
ptd-server 2022-07-27 23:38:23,251 [INFO] Stopping ptd...
