ptd-server 2022-07-23 20:19:08,794 [INFO] Got command from the client 'time'
ptd-server 2022-07-23 20:19:08,794 [INFO] Sending reply to client '1658603948.7941718'
ptd-server 2022-07-23 20:19:08,795 [INFO] Got command from the client 'new,,6ee4e1bb-ccd7-418f-887f-6343622af434'
ptd-server 2022-07-23 20:19:08,795 [INFO] Sending reply to client 'OK 2022-07-23_20-19-08,a9e9e594-7aa8-4b41-8d54-85dd5b0dc051'
ptd-server 2022-07-23 20:19:08,823 [INFO] Got command from the client 'time'
ptd-server 2022-07-23 20:19:08,824 [INFO] Sending reply to client '1658603948.823982'
ptd-server 2022-07-23 20:19:08,824 [INFO] Got command from the client 'session,2022-07-23_20-19-08,start,ranging'
ptd-server 2022-07-23 20:19:08,825 [INFO] Running PTDaemon: ['/home/anton/projects/mlperf/power/inference_v1.0/ptd-linux-x86', '-l', '/tmp/tmp7lgbo8s4/ptd_logfile.txt', '-p', '8888', '49', '/dev/usbtmc0']
ptd-server 2022-07-23 20:19:25,999 [INFO] Sending to ptd: 'Hello'
ptd-server 2022-07-23 20:19:26,000 [INFO] Reply from ptd: 'Hello, PTDaemon here!'
ptd-server 2022-07-23 20:19:26,000 [INFO] Sending to ptd: 'Identify'
ptd-server 2022-07-23 20:19:26,000 [INFO] Reply from ptd: 'YokogawaWT310E,1000,1,1,1,1,0,1,1,version=1.9.2-e8c7a49a-20201208,OS=Linux 5.13.0-52-generic #59~20.04.1-Ubuntu SMP Thu Jun 16 21:21:28 UTC 2022 x86_64,mode=power,1,1,1,0,0,no_cal_date,YOKOGAWA;WT310E;C3XA04010E;F1.04'
ptd-server 2022-07-23 20:19:26,000 [INFO] Connected to PTDaemon
ptd-server 2022-07-23 20:19:26,001 [INFO] Sending to ptd: 'RR'
ptd-server 2022-07-23 20:19:26,001 [INFO] Reply from ptd: 'Ranges,0,0.500000,1,300.000000'
ptd-server 2022-07-23 20:19:26,001 [INFO] Initial range for Amps is 0.500000 for Volts is Auto
ptd-server 2022-07-23 20:19:26,001 [INFO] Sending to ptd: 'SR,V,Auto'
ptd-server 2022-07-23 20:19:26,504 [INFO] Reply from ptd: 'Range V changed'
ptd-server 2022-07-23 20:19:26,504 [INFO] Sending to ptd: 'SR,A,Auto'
ptd-server 2022-07-23 20:19:27,006 [INFO] Reply from ptd: 'Range A changed'
ptd-server 2022-07-23 20:19:37,013 [INFO] Starting ranging mode
ptd-server 2022-07-23 20:19:37,013 [INFO] Sending to ptd: 'Go,1000,0,2022-07-23_20-19-08_ranging'
ptd-server 2022-07-23 20:19:37,014 [INFO] Reply from ptd: 'Starting untimed measurement, maximum 500000 samples at 1000ms with 0 rampup samples'
ptd-server 2022-07-23 20:19:37,014 [INFO] Sending reply to client 'OK'
ptd-server 2022-07-23 20:29:53,584 [INFO] Got command from the client 'session,2022-07-23_20-19-08,stop,ranging'
ptd-server 2022-07-23 20:30:03,595 [INFO] Sending to ptd: 'Stop'
ptd-server 2022-07-23 20:30:03,595 [INFO] Reply from ptd: 'Stopping untimed measurement'
ptd-server 2022-07-23 20:30:04,203 [INFO] Sending reply to client 'OK'
ptd-server 2022-07-23 20:30:04,261 [INFO] Got command from the client 'time'
ptd-server 2022-07-23 20:30:04,262 [INFO] Sending reply to client '1658604604.2621017'
ptd-server 2022-07-23 20:30:04,263 [INFO] Got command from the client 'session,2022-07-23_20-19-08,start,testing'
ptd-server 2022-07-23 20:30:04,263 [INFO] Sending to ptd: 'SR,V,250.460000'
ptd-server 2022-07-23 20:30:05,764 [INFO] Reply from ptd: 'Range V changed'
ptd-server 2022-07-23 20:30:05,765 [INFO] Sending to ptd: 'SR,A,0.062140'
ptd-server 2022-07-23 20:30:07,266 [INFO] Reply from ptd: 'Range A changed'
ptd-server 2022-07-23 20:30:17,276 [INFO] Starting testing mode
ptd-server 2022-07-23 20:30:17,276 [INFO] Sending to ptd: 'Go,1000,0,2022-07-23_20-19-08_testing'
ptd-server 2022-07-23 20:30:17,277 [INFO] Reply from ptd: 'Starting untimed measurement, maximum 500000 samples at 1000ms with 0 rampup samples'
ptd-server 2022-07-23 20:30:17,277 [INFO] Sending reply to client 'OK'
ptd-server 2022-07-23 20:40:33,804 [INFO] Got command from the client 'session,2022-07-23_20-19-08,stop,testing'
ptd-server 2022-07-23 20:40:43,814 [INFO] Sending to ptd: 'Stop'
ptd-server 2022-07-23 20:40:43,815 [INFO] Reply from ptd: 'Stopping untimed measurement'
ptd-server 2022-07-23 20:40:44,127 [INFO] Sending reply to client 'OK'
ptd-server 2022-07-23 20:40:44,135 [INFO] Got command from the client 'session,2022-07-23_20-19-08,done'
ptd-server 2022-07-23 20:40:44,135 [INFO] Sending to ptd: 'Stop'
ptd-server 2022-07-23 20:40:44,277 [INFO] Reply from ptd: 'Error: no measurement to stop'
ptd-server 2022-07-23 20:40:44,277 [INFO] Sending to ptd: 'SR,V,Auto'
ptd-server 2022-07-23 20:40:44,780 [INFO] Reply from ptd: 'Range V changed'
ptd-server 2022-07-23 20:40:44,780 [INFO] Sending to ptd: 'SR,A,0.500000'
ptd-server 2022-07-23 20:40:46,281 [INFO] Reply from ptd: 'Range A changed'
ptd-server 2022-07-23 20:40:46,281 [INFO] Set initial values for Amps 0.500000 and Volts Auto
ptd-server 2022-07-23 20:40:46,282 [INFO] Stopping ptd...
