ptd-server 2022-07-19 15:12:26,656 [INFO] Got command from the client 'time'
ptd-server 2022-07-19 15:12:26,656 [INFO] Sending reply to client '1658239946.6563618'
ptd-server 2022-07-19 15:12:26,660 [INFO] Got command from the client 'new,,891cc669-71fe-4e1a-bb87-345958c02a1e'
ptd-server 2022-07-19 15:12:26,661 [INFO] Sending reply to client 'OK 2022-07-19_15-12-26,0d6104ef-d801-44e5-aed0-5464ab147e0d'
ptd-server 2022-07-19 15:12:26,705 [INFO] Got command from the client 'time'
ptd-server 2022-07-19 15:12:26,706 [INFO] Sending reply to client '1658239946.706098'
ptd-server 2022-07-19 15:12:26,710 [INFO] Got command from the client 'session,2022-07-19_15-12-26,start,ranging'
ptd-server 2022-07-19 15:12:26,710 [INFO] Running PTDaemon: ['/home/anton/projects/mlperf/power/inference_v1.0/ptd-linux-x86', '-l', '/tmp/tmp7lgbo8s4/ptd_logfile.txt', '-p', '8888', '49', '/dev/usbtmc0']
ptd-server 2022-07-19 15:12:43,884 [INFO] Sending to ptd: 'Hello'
ptd-server 2022-07-19 15:12:43,884 [INFO] Reply from ptd: 'Hello, PTDaemon here!'
ptd-server 2022-07-19 15:12:43,885 [INFO] Sending to ptd: 'Identify'
ptd-server 2022-07-19 15:12:43,885 [INFO] Reply from ptd: 'YokogawaWT310E,1000,1,1,1,1,0,1,1,version=1.9.2-e8c7a49a-20201208,OS=Linux 5.13.0-52-generic #59~20.04.1-Ubuntu SMP Thu Jun 16 21:21:28 UTC 2022 x86_64,mode=power,1,1,1,0,0,no_cal_date,YOKOGAWA;WT310E;C3XA04010E;F1.04'
ptd-server 2022-07-19 15:12:43,885 [INFO] Connected to PTDaemon
ptd-server 2022-07-19 15:12:43,885 [INFO] Sending to ptd: 'RR'
ptd-server 2022-07-19 15:12:43,886 [INFO] Reply from ptd: 'Ranges,0,0.500000,1,300.000000'
ptd-server 2022-07-19 15:12:43,886 [INFO] Initial range for Amps is 0.500000 for Volts is Auto
ptd-server 2022-07-19 15:12:43,886 [INFO] Sending to ptd: 'SR,V,Auto'
ptd-server 2022-07-19 15:12:44,388 [INFO] Reply from ptd: 'Range V changed'
ptd-server 2022-07-19 15:12:44,389 [INFO] Sending to ptd: 'SR,A,Auto'
ptd-server 2022-07-19 15:12:44,891 [INFO] Reply from ptd: 'Range A changed'
ptd-server 2022-07-19 15:12:54,901 [INFO] Starting ranging mode
ptd-server 2022-07-19 15:12:54,902 [INFO] Sending to ptd: 'Go,1000,0,2022-07-19_15-12-26_ranging'
ptd-server 2022-07-19 15:12:54,902 [INFO] Reply from ptd: 'Starting untimed measurement, maximum 500000 samples at 1000ms with 0 rampup samples'
ptd-server 2022-07-19 15:12:54,902 [INFO] Sending reply to client 'OK'
ptd-server 2022-07-19 15:23:15,738 [INFO] Got command from the client 'session,2022-07-19_15-12-26,stop,ranging'
ptd-server 2022-07-19 15:23:25,748 [INFO] Sending to ptd: 'Stop'
ptd-server 2022-07-19 15:23:25,749 [INFO] Reply from ptd: 'Stopping untimed measurement'
ptd-server 2022-07-19 15:23:25,853 [INFO] Sending reply to client 'OK'
ptd-server 2022-07-19 15:23:26,004 [INFO] Got command from the client 'time'
ptd-server 2022-07-19 15:23:26,004 [INFO] Sending reply to client '1658240606.0049307'
ptd-server 2022-07-19 15:23:26,010 [INFO] Got command from the client 'session,2022-07-19_15-12-26,start,testing'
ptd-server 2022-07-19 15:23:26,010 [INFO] Sending to ptd: 'SR,V,251.830000'
ptd-server 2022-07-19 15:23:27,512 [INFO] Reply from ptd: 'Range V changed'
ptd-server 2022-07-19 15:23:27,512 [INFO] Sending to ptd: 'SR,A,0.081370'
ptd-server 2022-07-19 15:23:29,013 [INFO] Reply from ptd: 'Range A changed'
ptd-server 2022-07-19 15:23:39,015 [INFO] Starting testing mode
ptd-server 2022-07-19 15:23:39,015 [INFO] Sending to ptd: 'Go,1000,0,2022-07-19_15-12-26_testing'
ptd-server 2022-07-19 15:23:39,016 [INFO] Reply from ptd: 'Starting untimed measurement, maximum 500000 samples at 1000ms with 0 rampup samples'
ptd-server 2022-07-19 15:23:39,016 [INFO] Sending reply to client 'OK'
ptd-server 2022-07-19 15:34:00,008 [INFO] Got command from the client 'session,2022-07-19_15-12-26,stop,testing'
ptd-server 2022-07-19 15:34:10,019 [INFO] Sending to ptd: 'Stop'
ptd-server 2022-07-19 15:34:10,019 [INFO] Reply from ptd: 'Stopping untimed measurement'
ptd-server 2022-07-19 15:34:10,072 [INFO] Sending reply to client 'OK'
ptd-server 2022-07-19 15:34:10,093 [INFO] Got command from the client 'session,2022-07-19_15-12-26,done'
ptd-server 2022-07-19 15:34:10,093 [INFO] Sending to ptd: 'Stop'
ptd-server 2022-07-19 15:34:11,017 [INFO] Reply from ptd: 'Error: no measurement to stop'
ptd-server 2022-07-19 15:34:11,017 [INFO] Sending to ptd: 'SR,V,Auto'
ptd-server 2022-07-19 15:34:11,519 [INFO] Reply from ptd: 'Range V changed'
ptd-server 2022-07-19 15:34:11,520 [INFO] Sending to ptd: 'SR,A,0.500000'
ptd-server 2022-07-19 15:34:13,021 [INFO] Reply from ptd: 'Range A changed'
ptd-server 2022-07-19 15:34:13,021 [INFO] Set initial values for Amps 0.500000 and Volts Auto
ptd-server 2022-07-19 15:34:13,021 [INFO] Stopping ptd...
