ptd-server 2022-08-02 01:47:36,273 [INFO] Got command from the client 'time'
ptd-server 2022-08-02 01:47:36,273 [INFO] Sending reply to client '1659401256.273953'
ptd-server 2022-08-02 01:47:36,274 [INFO] Got command from the client 'new,,725352ca-c035-4b93-8bf1-c044ca7d4d0a'
ptd-server 2022-08-02 01:47:36,275 [INFO] Sending reply to client 'OK 2022-08-02_01-47-36,78a7ac48-a349-48f3-ab8b-1f38e09a6b59'
ptd-server 2022-08-02 01:47:36,303 [INFO] Got command from the client 'time'
ptd-server 2022-08-02 01:47:36,303 [INFO] Sending reply to client '1659401256.3039093'
ptd-server 2022-08-02 01:47:36,304 [INFO] Got command from the client 'session,2022-08-02_01-47-36,start,ranging'
ptd-server 2022-08-02 01:47:36,305 [INFO] Running PTDaemon: ['/home/anton/projects/mlperf/power/inference_v1.0/ptd-linux-x86', '-l', '/tmp/tmp7lgbo8s4/ptd_logfile.txt', '-p', '8888', '49', '/dev/usbtmc0']
ptd-server 2022-08-02 01:47:53,478 [INFO] Sending to ptd: 'Hello'
ptd-server 2022-08-02 01:47:53,479 [INFO] Reply from ptd: 'Hello, PTDaemon here!'
ptd-server 2022-08-02 01:47:53,479 [INFO] Sending to ptd: 'Identify'
ptd-server 2022-08-02 01:47:53,480 [INFO] Reply from ptd: 'YokogawaWT310E,1000,1,1,1,1,0,1,1,version=1.9.2-e8c7a49a-20201208,OS=Linux 5.13.0-52-generic #59~20.04.1-Ubuntu SMP Thu Jun 16 21:21:28 UTC 2022 x86_64,mode=power,1,1,1,0,0,no_cal_date,YOKOGAWA;WT310E;C3XA04010E;F1.04'
ptd-server 2022-08-02 01:47:53,480 [INFO] Connected to PTDaemon
ptd-server 2022-08-02 01:47:53,480 [INFO] Sending to ptd: 'RR'
ptd-server 2022-08-02 01:47:53,480 [INFO] Reply from ptd: 'Ranges,0,0.500000,1,300.000000'
ptd-server 2022-08-02 01:47:53,480 [INFO] Initial range for Amps is 0.500000 for Volts is Auto
ptd-server 2022-08-02 01:47:53,480 [INFO] Sending to ptd: 'SR,V,Auto'
ptd-server 2022-08-02 01:47:53,983 [INFO] Reply from ptd: 'Range V changed'
ptd-server 2022-08-02 01:47:53,983 [INFO] Sending to ptd: 'SR,A,Auto'
ptd-server 2022-08-02 01:47:54,485 [INFO] Reply from ptd: 'Range A changed'
ptd-server 2022-08-02 01:48:04,496 [INFO] Starting ranging mode
ptd-server 2022-08-02 01:48:04,496 [INFO] Sending to ptd: 'Go,1000,0,2022-08-02_01-47-36_ranging'
ptd-server 2022-08-02 01:48:04,496 [INFO] Reply from ptd: 'Starting untimed measurement, maximum 500000 samples at 1000ms with 0 rampup samples'
ptd-server 2022-08-02 01:48:04,496 [INFO] Sending reply to client 'OK'
ptd-server 2022-08-02 01:58:15,867 [INFO] Got command from the client 'session,2022-08-02_01-47-36,stop,ranging'
ptd-server 2022-08-02 01:58:25,878 [INFO] Sending to ptd: 'Stop'
ptd-server 2022-08-02 01:58:25,878 [INFO] Reply from ptd: 'Stopping untimed measurement'
ptd-server 2022-08-02 01:58:27,336 [INFO] Sending reply to client 'OK'
ptd-server 2022-08-02 01:58:27,374 [INFO] Got command from the client 'time'
ptd-server 2022-08-02 01:58:27,374 [INFO] Sending reply to client '1659401907.3746703'
ptd-server 2022-08-02 01:58:27,376 [INFO] Got command from the client 'session,2022-08-02_01-47-36,start,testing'
ptd-server 2022-08-02 01:58:27,376 [INFO] Sending to ptd: 'SR,V,248.910000'
ptd-server 2022-08-02 01:58:28,877 [INFO] Reply from ptd: 'Range V changed'
ptd-server 2022-08-02 01:58:28,877 [INFO] Sending to ptd: 'SR,A,0.222610'
ptd-server 2022-08-02 01:58:30,379 [INFO] Reply from ptd: 'Range A changed'
ptd-server 2022-08-02 01:58:40,389 [INFO] Starting testing mode
ptd-server 2022-08-02 01:58:40,389 [INFO] Sending to ptd: 'Go,1000,0,2022-08-02_01-47-36_testing'
ptd-server 2022-08-02 01:58:40,390 [INFO] Reply from ptd: 'Starting untimed measurement, maximum 500000 samples at 1000ms with 0 rampup samples'
ptd-server 2022-08-02 01:58:40,390 [INFO] Sending reply to client 'OK'
ptd-server 2022-08-02 02:08:51,730 [INFO] Got command from the client 'session,2022-08-02_01-47-36,stop,testing'
ptd-server 2022-08-02 02:09:01,741 [INFO] Sending to ptd: 'Stop'
ptd-server 2022-08-02 02:09:01,741 [INFO] Reply from ptd: 'Stopping untimed measurement'
ptd-server 2022-08-02 02:09:02,479 [INFO] Sending reply to client 'OK'
ptd-server 2022-08-02 02:09:02,493 [INFO] Got command from the client 'session,2022-08-02_01-47-36,done'
ptd-server 2022-08-02 02:09:02,493 [INFO] Sending to ptd: 'Stop'
ptd-server 2022-08-02 02:09:02,494 [INFO] Reply from ptd: 'Error: no measurement to stop'
ptd-server 2022-08-02 02:09:02,494 [INFO] Sending to ptd: 'SR,V,Auto'
ptd-server 2022-08-02 02:09:02,996 [INFO] Reply from ptd: 'Range V changed'
ptd-server 2022-08-02 02:09:02,996 [INFO] Sending to ptd: 'SR,A,0.500000'
ptd-server 2022-08-02 02:09:04,498 [INFO] Reply from ptd: 'Range A changed'
ptd-server 2022-08-02 02:09:04,498 [INFO] Set initial values for Amps 0.500000 and Volts Auto
ptd-server 2022-08-02 02:09:04,498 [INFO] Stopping ptd...
