ptd-server 2022-07-23 06:18:00,502 [INFO] Got command from the client 'time'
ptd-server 2022-07-23 06:18:00,502 [INFO] Sending reply to client '1658553480.502215'
ptd-server 2022-07-23 06:18:00,503 [INFO] Got command from the client 'new,,0302bd01-1c57-4ae6-ab2c-1cf794d4a1db'
ptd-server 2022-07-23 06:18:00,503 [INFO] Sending reply to client 'OK 2022-07-23_06-18-00,ba75985a-6d7e-40c8-8b2d-10ff4d4e7045'
ptd-server 2022-07-23 06:18:00,542 [INFO] Got command from the client 'time'
ptd-server 2022-07-23 06:18:00,542 [INFO] Sending reply to client '1658553480.5422933'
ptd-server 2022-07-23 06:18:00,543 [INFO] Got command from the client 'session,2022-07-23_06-18-00,start,ranging'
ptd-server 2022-07-23 06:18:00,543 [INFO] Running PTDaemon: ['/home/anton/projects/mlperf/power/inference_v1.0/ptd-linux-x86', '-l', '/tmp/tmp7lgbo8s4/ptd_logfile.txt', '-p', '8888', '49', '/dev/usbtmc0']
ptd-server 2022-07-23 06:18:17,717 [INFO] Sending to ptd: 'Hello'
ptd-server 2022-07-23 06:18:17,717 [INFO] Reply from ptd: 'Hello, PTDaemon here!'
ptd-server 2022-07-23 06:18:17,718 [INFO] Sending to ptd: 'Identify'
ptd-server 2022-07-23 06:18:17,718 [INFO] Reply from ptd: 'YokogawaWT310E,1000,1,1,1,1,0,1,1,version=1.9.2-e8c7a49a-20201208,OS=Linux 5.13.0-52-generic #59~20.04.1-Ubuntu SMP Thu Jun 16 21:21:28 UTC 2022 x86_64,mode=power,1,1,1,0,0,no_cal_date,YOKOGAWA;WT310E;C3XA04010E;F1.04'
ptd-server 2022-07-23 06:18:17,718 [INFO] Connected to PTDaemon
ptd-server 2022-07-23 06:18:17,718 [INFO] Sending to ptd: 'RR'
ptd-server 2022-07-23 06:18:17,719 [INFO] Reply from ptd: 'Ranges,0,0.500000,1,300.000000'
ptd-server 2022-07-23 06:18:17,719 [INFO] Initial range for Amps is 0.500000 for Volts is Auto
ptd-server 2022-07-23 06:18:17,719 [INFO] Sending to ptd: 'SR,V,Auto'
ptd-server 2022-07-23 06:18:18,221 [INFO] Reply from ptd: 'Range V changed'
ptd-server 2022-07-23 06:18:18,222 [INFO] Sending to ptd: 'SR,A,Auto'
ptd-server 2022-07-23 06:18:18,724 [INFO] Reply from ptd: 'Range A changed'
ptd-server 2022-07-23 06:18:28,734 [INFO] Starting ranging mode
ptd-server 2022-07-23 06:18:28,734 [INFO] Sending to ptd: 'Go,1000,0,2022-07-23_06-18-00_ranging'
ptd-server 2022-07-23 06:18:28,735 [INFO] Reply from ptd: 'Starting untimed measurement, maximum 500000 samples at 1000ms with 0 rampup samples'
ptd-server 2022-07-23 06:18:28,735 [INFO] Sending reply to client 'OK'
ptd-server 2022-07-23 06:28:45,891 [INFO] Got command from the client 'session,2022-07-23_06-18-00,stop,ranging'
ptd-server 2022-07-23 06:28:55,901 [INFO] Sending to ptd: 'Stop'
ptd-server 2022-07-23 06:28:55,902 [INFO] Reply from ptd: 'Stopping untimed measurement'
ptd-server 2022-07-23 06:28:56,427 [INFO] Sending reply to client 'OK'
ptd-server 2022-07-23 06:28:56,467 [INFO] Got command from the client 'time'
ptd-server 2022-07-23 06:28:56,467 [INFO] Sending reply to client '1658554136.46792'
ptd-server 2022-07-23 06:28:56,468 [INFO] Got command from the client 'session,2022-07-23_06-18-00,start,testing'
ptd-server 2022-07-23 06:28:56,469 [INFO] Sending to ptd: 'SR,V,249.640000'
ptd-server 2022-07-23 06:28:58,237 [INFO] Reply from ptd: 'Range V changed'
ptd-server 2022-07-23 06:28:58,237 [INFO] Sending to ptd: 'SR,A,0.047350'
ptd-server 2022-07-23 06:28:59,739 [INFO] Reply from ptd: 'Range A changed'
ptd-server 2022-07-23 06:29:09,749 [INFO] Starting testing mode
ptd-server 2022-07-23 06:29:09,749 [INFO] Sending to ptd: 'Go,1000,0,2022-07-23_06-18-00_testing'
ptd-server 2022-07-23 06:29:09,749 [INFO] Reply from ptd: 'Starting untimed measurement, maximum 500000 samples at 1000ms with 0 rampup samples'
ptd-server 2022-07-23 06:29:09,750 [INFO] Sending reply to client 'OK'
ptd-server 2022-07-23 06:39:26,281 [INFO] Got command from the client 'session,2022-07-23_06-18-00,stop,testing'
ptd-server 2022-07-23 06:39:36,292 [INFO] Sending to ptd: 'Stop'
ptd-server 2022-07-23 06:39:36,292 [INFO] Reply from ptd: 'Stopping untimed measurement'
ptd-server 2022-07-23 06:39:36,571 [INFO] Sending reply to client 'OK'
ptd-server 2022-07-23 06:39:36,579 [INFO] Got command from the client 'session,2022-07-23_06-18-00,done'
ptd-server 2022-07-23 06:39:36,579 [INFO] Sending to ptd: 'Stop'
ptd-server 2022-07-23 06:39:36,750 [INFO] Reply from ptd: 'Error: no measurement to stop'
ptd-server 2022-07-23 06:39:36,750 [INFO] Sending to ptd: 'SR,V,Auto'
ptd-server 2022-07-23 06:39:37,252 [INFO] Reply from ptd: 'Range V changed'
ptd-server 2022-07-23 06:39:37,252 [INFO] Sending to ptd: 'SR,A,0.500000'
ptd-server 2022-07-23 06:39:38,754 [INFO] Reply from ptd: 'Range A changed'
ptd-server 2022-07-23 06:39:38,754 [INFO] Set initial values for Amps 0.500000 and Volts Auto
ptd-server 2022-07-23 06:39:38,754 [INFO] Stopping ptd...
