client 2022-08-02 03:24:21,519 [INFO] Sending command to the server: 'mlcommons/power client v3'
client 2022-08-02 03:24:21,520 [INFO] Got response: 'mlcommons/power server v3'
client 2022-08-02 03:24:21,520 [INFO] Sending command to the server: 'stop'
client 2022-08-02 03:24:21,522 [INFO] Got response: 'OK'
client 2022-08-02 03:24:21,522 [INFO] Synchronizing with the server and with ib-01.dc4-in.nvidia.com...
client 2022-08-02 03:24:21,735 [INFO] NTP:offset = 0.000 s, delay = 0.201 s 
client 2022-08-02 03:24:21,735 [INFO] Sending command to the server: 'time'
client 2022-08-02 03:24:21,737 [INFO] Got response: '1659410661.6859164'
client 2022-08-02 03:24:21,737 [INFO] The time difference between the client and the server is within range 49.723 ms..51.587 ms
client 2022-08-02 03:24:21,737 [INFO] Sending command to the server: 'new,,3bfca937-6b34-49e7-8401-2c6dd78f4ffe'
client 2022-08-02 03:24:21,740 [INFO] Got response: 'OK 2022-08-01_20-24-21,377d6add-c1d1-4411-9c56-760d80ca76c2'
client 2022-08-02 03:24:21,741 [INFO] Session id is '2022-08-01_20-24-21'
client 2022-08-02 03:24:21,741 [INFO] Sources: {"sources": {"__init__.py": "da39a3ee5e6b4b0d3255bfef95601890afd80709", "client.py": "33ca4f26368777ac06e01f9567b714a4b8063886", "lib/__init__.py": "da39a3ee5e6b4b0d3255bfef95601890afd80709", "lib/client.py": "4c2b78fb4849a7e5b584ef792d82aaed20b17f57", "lib/common.py": "624d0c0acc7c39aaff3674f0b99d6a09da53d1dc", "lib/external/__init__.py": "da39a3ee5e6b4b0d3255bfef95601890afd80709", "lib/external/ntplib.py": "4da8f970656505a40483206ef2b5d3dd5e81711d", "lib/server.py": "59c9fb92908260d3e9f81a895c7aa009742275e4", "lib/source_hashes.py": "60a2e02193209e8d392803326208d5466342da18", "lib/summary.py": "aa92f0a3f975eecd44d3c0cd0236342ccc9f941d", "lib/time_sync.py": "3210db56eb0ff0df57bf4293dc4d4b03fffd46f1", "server.py": "c3f90f2f7eeb4db30727556d0c815ebc89b3d28b", "tests/unit/__init__.py": "da39a3ee5e6b4b0d3255bfef95601890afd80709", "tests/unit/test_server.py": "99ae15aef722f2000ee6ed1ae1523637bf1ae42b", "tests/unit/test_source_hashes.py": "00468a2907583c593e6574a1f6b404e4651c221a"}, "modules": {"ptd_client_server.lib.client": "lib/client.py", "ptd_client_server.lib.common": "lib/common.py", "ptd_client_server.lib.external.ntplib": "lib/external/ntplib.py", "ptd_client_server.lib.source_hashes": "lib/source_hashes.py", "ptd_client_server.lib.summary": "lib/summary.py", "ptd_client_server.lib.time_sync": "lib/time_sync.py"}}
client 2022-08-02 03:24:21,761 [INFO] Running workload in ranging mode
client 2022-08-02 03:24:21,762 [INFO] Synchronizing with the server and with ib-01.dc4-in.nvidia.com...
client 2022-08-02 03:24:21,969 [INFO] NTP:offset = 0.000 s, delay = 0.201 s 
client 2022-08-02 03:24:21,970 [INFO] Sending command to the server: 'time'
client 2022-08-02 03:24:21,971 [INFO] Got response: '1659410661.920235'
client 2022-08-02 03:24:21,971 [INFO] The time difference between the client and the server is within range 49.743 ms..51.355 ms
client 2022-08-02 03:24:21,971 [INFO] Sending command to the server: 'session,2022-08-01_20-24-21,start,ranging'
client 2022-08-02 03:24:51,711 [INFO] Got response: 'OK'
client 2022-08-02 03:24:51,713 [INFO] Running the workload 'LOG_DIR=/home/scratch.wyueh_sw/mlperf_inference_colossus/git/submit_3dunet/mlperf-inference/closed/NVIDIA/build/power_logs_temp python3 -m code.main_v2 --benchmarks=3d-unet --scenarios=singlestream --test_mode=PerformanceOnly --config_ver=maxq_high_accuracy --action="run_harness" \\\n\t\t2>&1 | tee -a /home/scratch.wyueh_sw/mlperf_inference_colossus/git/submit_3dunet/mlperf-inference/closed/NVIDIA/build/power_logs/2022.08.02-03.23.54/stdout.txt \\\n\t\t&& if [ ! -d /home/scratch.wyueh_sw/mlperf_inference_colossus/git/submit_3dunet/mlperf-inference/closed/NVIDIA/build/power_logs/2022.08.02-03.23.54/ranging_tmp ]; \\\n\t\t\tthen mkdir /home/scratch.wyueh_sw/mlperf_inference_colossus/git/submit_3dunet/mlperf-inference/closed/NVIDIA/build/power_logs/2022.08.02-03.23.54/ranging_tmp \\\n\t\t\t\t&& mv /home/scratch.wyueh_sw/mlperf_inference_colossus/git/submit_3dunet/mlperf-inference/closed/NVIDIA/build/power_logs_temp/* /home/scratch.wyueh_sw/mlperf_inference_colossus/git/submit_3dunet/mlperf-inference/closed/NVIDIA/build/power_logs/2022.08.02-03.23.54/ranging_tmp/ \\\n\t\t\t\t&& cp -v /home/scratch.wyueh_sw/mlperf_inference_colossus/git/submit_3dunet/mlperf-inference/closed/NVIDIA/build/power_logs/2022.08.02-03.23.54/ranging_tmp/*/*/*/mlperf_log_detail.txt /home/scratch.wyueh_sw/mlperf_inference_colossus/git/submit_3dunet/mlperf-inference/closed/NVIDIA/build/power_logs_temp/ \\\n\t\t\t\t&& cp -v /home/scratch.wyueh_sw/mlperf_inference_colossus/git/submit_3dunet/mlperf-inference/closed/NVIDIA/build/power_logs/2022.08.02-03.23.54/ranging_tmp/*/*/*/mlperf_log_summary.txt /home/scratch.wyueh_sw/mlperf_inference_colossus/git/submit_3dunet/mlperf-inference/closed/NVIDIA/build/power_logs_temp/; \\\n\t\t\telse mkdir /home/scratch.wyueh_sw/mlperf_inference_colossus/git/submit_3dunet/mlperf-inference/closed/NVIDIA/build/power_logs/2022.08.02-03.23.54/testing_tmp \\\n\t\t\t\t&& mv /home/scratch.wyueh_sw/mlperf_inference_colossus/git/submit_3dunet/mlperf-inference/closed/NVIDIA/build/power_logs_temp/* /home/scratch.wyueh_sw/mlperf_inference_colossus/git/submit_3dunet/mlperf-inference/closed/NVIDIA/build/power_logs/2022.08.02-03.23.54/testing_tmp/ \\\n\t\t\t\t&& cp -v /home/scratch.wyueh_sw/mlperf_inference_colossus/git/submit_3dunet/mlperf-inference/closed/NVIDIA/build/power_logs/2022.08.02-03.23.54/testing_tmp/*/*/*/mlperf_log_detail.txt /home/scratch.wyueh_sw/mlperf_inference_colossus/git/submit_3dunet/mlperf-inference/closed/NVIDIA/build/power_logs_temp/ \\\n\t\t\t\t&& cp -v /home/scratch.wyueh_sw/mlperf_inference_colossus/git/submit_3dunet/mlperf-inference/closed/NVIDIA/build/power_logs/2022.08.02-03.23.54/testing_tmp/*/*/*/mlperf_log_summary.txt /home/scratch.wyueh_sw/mlperf_inference_colossus/git/submit_3dunet/mlperf-inference/closed/NVIDIA/build/power_logs_temp/; fi'
client 2022-08-02 04:55:00,494 [INFO] Sending command to the server: 'session,2022-08-01_20-24-21,stop,ranging'
client 2022-08-02 04:55:10,596 [INFO] Got response: 'OK'
client 2022-08-02 04:55:10,622 [INFO] Copying loadgen logs from '/home/scratch.wyueh_sw/mlperf_inference_colossus/git/submit_3dunet/mlperf-inference/closed/NVIDIA/build/power_logs_temp' to '/home/scratch.wyueh_sw/mlperf_inference_colossus/git/submit_3dunet/mlperf-inference/closed/NVIDIA/build/power_logs/2022.08.02-03.23.54/2022-08-01_20-24-21/ranging'
client 2022-08-02 04:55:10,656 [INFO] Running workload in testing mode
client 2022-08-02 04:55:10,656 [INFO] Synchronizing with the server and with ib-01.dc4-in.nvidia.com...
client 2022-08-02 04:55:10,860 [INFO] NTP:offset = 0.001 s, delay = 0.201 s 
client 2022-08-02 04:55:10,860 [INFO] Sending command to the server: 'time'
client 2022-08-02 04:55:10,861 [INFO] Got response: '1659416110.7079978'
client 2022-08-02 04:55:10,861 [INFO] The time difference between the client and the server is within range 152.125 ms..153.505 ms
client 2022-08-02 04:55:10,861 [INFO] Sending command to the server: 'session,2022-08-01_20-24-21,start,testing'
client 2022-08-02 04:55:23,963 [INFO] Got response: 'OK'
client 2022-08-02 04:55:23,963 [INFO] Running the workload 'LOG_DIR=/home/scratch.wyueh_sw/mlperf_inference_colossus/git/submit_3dunet/mlperf-inference/closed/NVIDIA/build/power_logs_temp python3 -m code.main_v2 --benchmarks=3d-unet --scenarios=singlestream --test_mode=PerformanceOnly --config_ver=maxq_high_accuracy --action="run_harness" \\\n\t\t2>&1 | tee -a /home/scratch.wyueh_sw/mlperf_inference_colossus/git/submit_3dunet/mlperf-inference/closed/NVIDIA/build/power_logs/2022.08.02-03.23.54/stdout.txt \\\n\t\t&& if [ ! -d /home/scratch.wyueh_sw/mlperf_inference_colossus/git/submit_3dunet/mlperf-inference/closed/NVIDIA/build/power_logs/2022.08.02-03.23.54/ranging_tmp ]; \\\n\t\t\tthen mkdir /home/scratch.wyueh_sw/mlperf_inference_colossus/git/submit_3dunet/mlperf-inference/closed/NVIDIA/build/power_logs/2022.08.02-03.23.54/ranging_tmp \\\n\t\t\t\t&& mv /home/scratch.wyueh_sw/mlperf_inference_colossus/git/submit_3dunet/mlperf-inference/closed/NVIDIA/build/power_logs_temp/* /home/scratch.wyueh_sw/mlperf_inference_colossus/git/submit_3dunet/mlperf-inference/closed/NVIDIA/build/power_logs/2022.08.02-03.23.54/ranging_tmp/ \\\n\t\t\t\t&& cp -v /home/scratch.wyueh_sw/mlperf_inference_colossus/git/submit_3dunet/mlperf-inference/closed/NVIDIA/build/power_logs/2022.08.02-03.23.54/ranging_tmp/*/*/*/mlperf_log_detail.txt /home/scratch.wyueh_sw/mlperf_inference_colossus/git/submit_3dunet/mlperf-inference/closed/NVIDIA/build/power_logs_temp/ \\\n\t\t\t\t&& cp -v /home/scratch.wyueh_sw/mlperf_inference_colossus/git/submit_3dunet/mlperf-inference/closed/NVIDIA/build/power_logs/2022.08.02-03.23.54/ranging_tmp/*/*/*/mlperf_log_summary.txt /home/scratch.wyueh_sw/mlperf_inference_colossus/git/submit_3dunet/mlperf-inference/closed/NVIDIA/build/power_logs_temp/; \\\n\t\t\telse mkdir /home/scratch.wyueh_sw/mlperf_inference_colossus/git/submit_3dunet/mlperf-inference/closed/NVIDIA/build/power_logs/2022.08.02-03.23.54/testing_tmp \\\n\t\t\t\t&& mv /home/scratch.wyueh_sw/mlperf_inference_colossus/git/submit_3dunet/mlperf-inference/closed/NVIDIA/build/power_logs_temp/* /home/scratch.wyueh_sw/mlperf_inference_colossus/git/submit_3dunet/mlperf-inference/closed/NVIDIA/build/power_logs/2022.08.02-03.23.54/testing_tmp/ \\\n\t\t\t\t&& cp -v /home/scratch.wyueh_sw/mlperf_inference_colossus/git/submit_3dunet/mlperf-inference/closed/NVIDIA/build/power_logs/2022.08.02-03.23.54/testing_tmp/*/*/*/mlperf_log_detail.txt /home/scratch.wyueh_sw/mlperf_inference_colossus/git/submit_3dunet/mlperf-inference/closed/NVIDIA/build/power_logs_temp/ \\\n\t\t\t\t&& cp -v /home/scratch.wyueh_sw/mlperf_inference_colossus/git/submit_3dunet/mlperf-inference/closed/NVIDIA/build/power_logs/2022.08.02-03.23.54/testing_tmp/*/*/*/mlperf_log_summary.txt /home/scratch.wyueh_sw/mlperf_inference_colossus/git/submit_3dunet/mlperf-inference/closed/NVIDIA/build/power_logs_temp/; fi'
client 2022-08-02 06:25:43,262 [INFO] Sending command to the server: 'session,2022-08-01_20-24-21,stop,testing'
client 2022-08-02 06:25:53,422 [INFO] Got response: 'OK'
client 2022-08-02 06:25:53,444 [INFO] Copying loadgen logs from '/home/scratch.wyueh_sw/mlperf_inference_colossus/git/submit_3dunet/mlperf-inference/closed/NVIDIA/build/power_logs_temp' to '/home/scratch.wyueh_sw/mlperf_inference_colossus/git/submit_3dunet/mlperf-inference/closed/NVIDIA/build/power_logs/2022.08.02-03.23.54/2022-08-01_20-24-21/run_1'
client 2022-08-02 06:25:53,478 [INFO] Done runs
