ptd-server 2022-08-02 07:11:28,474 [INFO] Got command from the client 'time'
ptd-server 2022-08-02 07:11:28,474 [INFO] Sending reply to client '1659420688.4748101'
ptd-server 2022-08-02 07:11:28,475 [INFO] Got command from the client 'new,,c4cc87c9-56e2-4bc0-83fc-11b190685890'
ptd-server 2022-08-02 07:11:28,476 [INFO] Sending reply to client 'OK 2022-08-02_07-11-28,c5697bfb-b642-4d43-b3a2-11a3f839fd96'
ptd-server 2022-08-02 07:11:28,504 [INFO] Got command from the client 'time'
ptd-server 2022-08-02 07:11:28,504 [INFO] Sending reply to client '1659420688.504781'
ptd-server 2022-08-02 07:11:28,505 [INFO] Got command from the client 'session,2022-08-02_07-11-28,start,ranging'
ptd-server 2022-08-02 07:11:28,505 [INFO] Running PTDaemon: ['/home/anton/projects/mlperf/power/inference_v1.0/ptd-linux-x86', '-l', '/tmp/tmp7lgbo8s4/ptd_logfile.txt', '-p', '8888', '49', '/dev/usbtmc0']
ptd-server 2022-08-02 07:11:45,679 [INFO] Sending to ptd: 'Hello'
ptd-server 2022-08-02 07:11:45,680 [INFO] Reply from ptd: 'Hello, PTDaemon here!'
ptd-server 2022-08-02 07:11:45,680 [INFO] Sending to ptd: 'Identify'
ptd-server 2022-08-02 07:11:45,680 [INFO] Reply from ptd: 'YokogawaWT310E,1000,1,1,1,1,0,1,1,version=1.9.2-e8c7a49a-20201208,OS=Linux 5.13.0-52-generic #59~20.04.1-Ubuntu SMP Thu Jun 16 21:21:28 UTC 2022 x86_64,mode=power,1,1,1,0,0,no_cal_date,YOKOGAWA;WT310E;C3XA04010E;F1.04'
ptd-server 2022-08-02 07:11:45,680 [INFO] Connected to PTDaemon
ptd-server 2022-08-02 07:11:45,680 [INFO] Sending to ptd: 'RR'
ptd-server 2022-08-02 07:11:45,681 [INFO] Reply from ptd: 'Ranges,0,0.500000,1,300.000000'
ptd-server 2022-08-02 07:11:45,681 [INFO] Initial range for Amps is 0.500000 for Volts is Auto
ptd-server 2022-08-02 07:11:45,681 [INFO] Sending to ptd: 'SR,V,Auto'
ptd-server 2022-08-02 07:11:46,184 [INFO] Reply from ptd: 'Range V changed'
ptd-server 2022-08-02 07:11:46,184 [INFO] Sending to ptd: 'SR,A,Auto'
ptd-server 2022-08-02 07:11:46,686 [INFO] Reply from ptd: 'Range A changed'
ptd-server 2022-08-02 07:11:56,696 [INFO] Starting ranging mode
ptd-server 2022-08-02 07:11:56,697 [INFO] Sending to ptd: 'Go,1000,0,2022-08-02_07-11-28_ranging'
ptd-server 2022-08-02 07:11:56,697 [INFO] Reply from ptd: 'Starting untimed measurement, maximum 500000 samples at 1000ms with 0 rampup samples'
ptd-server 2022-08-02 07:11:56,697 [INFO] Sending reply to client 'OK'
ptd-server 2022-08-02 07:22:08,298 [INFO] Got command from the client 'session,2022-08-02_07-11-28,stop,ranging'
ptd-server 2022-08-02 07:22:18,309 [INFO] Sending to ptd: 'Stop'
ptd-server 2022-08-02 07:22:18,309 [INFO] Reply from ptd: 'Stopping untimed measurement'
ptd-server 2022-08-02 07:22:19,789 [INFO] Sending reply to client 'OK'
ptd-server 2022-08-02 07:22:19,839 [INFO] Got command from the client 'time'
ptd-server 2022-08-02 07:22:19,839 [INFO] Sending reply to client '1659421339.839739'
ptd-server 2022-08-02 07:22:19,841 [INFO] Got command from the client 'session,2022-08-02_07-11-28,start,testing'
ptd-server 2022-08-02 07:22:19,841 [INFO] Sending to ptd: 'SR,V,250.390000'
ptd-server 2022-08-02 07:22:21,342 [INFO] Reply from ptd: 'Range V changed'
ptd-server 2022-08-02 07:22:21,342 [INFO] Sending to ptd: 'SR,A,0.186630'
ptd-server 2022-08-02 07:22:22,844 [INFO] Reply from ptd: 'Range A changed'
ptd-server 2022-08-02 07:22:32,854 [INFO] Starting testing mode
ptd-server 2022-08-02 07:22:32,854 [INFO] Sending to ptd: 'Go,1000,0,2022-08-02_07-11-28_testing'
ptd-server 2022-08-02 07:22:32,855 [INFO] Reply from ptd: 'Starting untimed measurement, maximum 500000 samples at 1000ms with 0 rampup samples'
ptd-server 2022-08-02 07:22:32,855 [INFO] Sending reply to client 'OK'
ptd-server 2022-08-02 07:32:44,415 [INFO] Got command from the client 'session,2022-08-02_07-11-28,stop,testing'
ptd-server 2022-08-02 07:32:54,425 [INFO] Sending to ptd: 'Stop'
ptd-server 2022-08-02 07:32:54,426 [INFO] Reply from ptd: 'Stopping untimed measurement'
ptd-server 2022-08-02 07:32:55,176 [INFO] Sending reply to client 'OK'
ptd-server 2022-08-02 07:32:55,186 [INFO] Got command from the client 'session,2022-08-02_07-11-28,done'
ptd-server 2022-08-02 07:32:55,186 [INFO] Sending to ptd: 'Stop'
ptd-server 2022-08-02 07:32:55,187 [INFO] Reply from ptd: 'Error: no measurement to stop'
ptd-server 2022-08-02 07:32:55,187 [INFO] Sending to ptd: 'SR,V,Auto'
ptd-server 2022-08-02 07:32:55,689 [INFO] Reply from ptd: 'Range V changed'
ptd-server 2022-08-02 07:32:55,689 [INFO] Sending to ptd: 'SR,A,0.500000'
ptd-server 2022-08-02 07:32:57,191 [INFO] Reply from ptd: 'Range A changed'
ptd-server 2022-08-02 07:32:57,191 [INFO] Set initial values for Amps 0.500000 and Volts Auto
ptd-server 2022-08-02 07:32:57,191 [INFO] Stopping ptd...
