ptd-server 2022-07-24 17:50:27,212 [INFO] Got command from the client 'time'
ptd-server 2022-07-24 17:50:27,212 [INFO] Sending reply to client '1658681427.2123187'
ptd-server 2022-07-24 17:50:27,213 [INFO] Got command from the client 'new,,63f5a2dc-e0b5-4e1b-bf45-2d5483f69ecd'
ptd-server 2022-07-24 17:50:27,214 [INFO] Sending reply to client 'OK 2022-07-24_17-50-27,91f258d6-27a4-4b58-ac65-e4f81664e1c3'
ptd-server 2022-07-24 17:50:27,246 [INFO] Got command from the client 'time'
ptd-server 2022-07-24 17:50:27,246 [INFO] Sending reply to client '1658681427.246382'
ptd-server 2022-07-24 17:50:27,247 [INFO] Got command from the client 'session,2022-07-24_17-50-27,start,ranging'
ptd-server 2022-07-24 17:50:27,247 [INFO] Running PTDaemon: ['/home/anton/projects/mlperf/power/inference_v1.0/ptd-linux-x86', '-l', '/tmp/tmp7lgbo8s4/ptd_logfile.txt', '-p', '8888', '49', '/dev/usbtmc0']
ptd-server 2022-07-24 17:50:44,422 [INFO] Sending to ptd: 'Hello'
ptd-server 2022-07-24 17:50:44,422 [INFO] Reply from ptd: 'Hello, PTDaemon here!'
ptd-server 2022-07-24 17:50:44,423 [INFO] Sending to ptd: 'Identify'
ptd-server 2022-07-24 17:50:44,423 [INFO] Reply from ptd: 'YokogawaWT310E,1000,1,1,1,1,0,1,1,version=1.9.2-e8c7a49a-20201208,OS=Linux 5.13.0-52-generic #59~20.04.1-Ubuntu SMP Thu Jun 16 21:21:28 UTC 2022 x86_64,mode=power,1,1,1,0,0,no_cal_date,YOKOGAWA;WT310E;C3XA04010E;F1.04'
ptd-server 2022-07-24 17:50:44,423 [INFO] Connected to PTDaemon
ptd-server 2022-07-24 17:50:44,423 [INFO] Sending to ptd: 'RR'
ptd-server 2022-07-24 17:50:44,423 [INFO] Reply from ptd: 'Ranges,0,0.500000,1,300.000000'
ptd-server 2022-07-24 17:50:44,424 [INFO] Initial range for Amps is 0.500000 for Volts is Auto
ptd-server 2022-07-24 17:50:44,424 [INFO] Sending to ptd: 'SR,V,Auto'
ptd-server 2022-07-24 17:50:44,926 [INFO] Reply from ptd: 'Range V changed'
ptd-server 2022-07-24 17:50:44,926 [INFO] Sending to ptd: 'SR,A,Auto'
ptd-server 2022-07-24 17:50:45,429 [INFO] Reply from ptd: 'Range A changed'
ptd-server 2022-07-24 17:50:55,439 [INFO] Starting ranging mode
ptd-server 2022-07-24 17:50:55,439 [INFO] Sending to ptd: 'Go,1000,0,2022-07-24_17-50-27_ranging'
ptd-server 2022-07-24 17:50:55,440 [INFO] Reply from ptd: 'Starting untimed measurement, maximum 500000 samples at 1000ms with 0 rampup samples'
ptd-server 2022-07-24 17:50:55,440 [INFO] Sending reply to client 'OK'
ptd-server 2022-07-24 18:01:16,545 [INFO] Got command from the client 'session,2022-07-24_17-50-27,stop,ranging'
ptd-server 2022-07-24 18:01:26,556 [INFO] Sending to ptd: 'Stop'
ptd-server 2022-07-24 18:01:26,556 [INFO] Reply from ptd: 'Stopping untimed measurement'
ptd-server 2022-07-24 18:01:27,276 [INFO] Sending reply to client 'OK'
ptd-server 2022-07-24 18:01:27,340 [INFO] Got command from the client 'time'
ptd-server 2022-07-24 18:01:27,340 [INFO] Sending reply to client '1658682087.3401542'
ptd-server 2022-07-24 18:01:27,341 [INFO] Got command from the client 'session,2022-07-24_17-50-27,start,testing'
ptd-server 2022-07-24 18:01:27,341 [INFO] Sending to ptd: 'SR,V,248.480000'
ptd-server 2022-07-24 18:01:28,941 [INFO] Reply from ptd: 'Range V changed'
ptd-server 2022-07-24 18:01:28,941 [INFO] Sending to ptd: 'SR,A,0.049210'
ptd-server 2022-07-24 18:01:30,443 [INFO] Reply from ptd: 'Range A changed'
ptd-server 2022-07-24 18:01:40,453 [INFO] Starting testing mode
ptd-server 2022-07-24 18:01:40,453 [INFO] Sending to ptd: 'Go,1000,0,2022-07-24_17-50-27_testing'
ptd-server 2022-07-24 18:01:40,454 [INFO] Reply from ptd: 'Starting untimed measurement, maximum 500000 samples at 1000ms with 0 rampup samples'
ptd-server 2022-07-24 18:01:40,454 [INFO] Sending reply to client 'OK'
ptd-server 2022-07-24 18:12:01,434 [INFO] Got command from the client 'session,2022-07-24_17-50-27,stop,testing'
ptd-server 2022-07-24 18:12:11,445 [INFO] Sending to ptd: 'Stop'
ptd-server 2022-07-24 18:12:11,445 [INFO] Reply from ptd: 'Stopping untimed measurement'
ptd-server 2022-07-24 18:12:11,830 [INFO] Sending reply to client 'OK'
ptd-server 2022-07-24 18:12:11,838 [INFO] Got command from the client 'session,2022-07-24_17-50-27,done'
ptd-server 2022-07-24 18:12:11,838 [INFO] Sending to ptd: 'Stop'
ptd-server 2022-07-24 18:12:11,838 [INFO] Reply from ptd: 'Error: no measurement to stop'
ptd-server 2022-07-24 18:12:11,838 [INFO] Sending to ptd: 'SR,V,Auto'
ptd-server 2022-07-24 18:12:12,341 [INFO] Reply from ptd: 'Range V changed'
ptd-server 2022-07-24 18:12:12,341 [INFO] Sending to ptd: 'SR,A,0.500000'
ptd-server 2022-07-24 18:12:13,842 [INFO] Reply from ptd: 'Range A changed'
ptd-server 2022-07-24 18:12:13,843 [INFO] Set initial values for Amps 0.500000 and Volts Auto
ptd-server 2022-07-24 18:12:13,843 [INFO] Stopping ptd...
