ptd-server 2022-07-20 13:36:05,615 [INFO] Got command from the client 'time'
ptd-server 2022-07-20 13:36:05,615 [INFO] Sending reply to client '1658320565.6157868'
ptd-server 2022-07-20 13:36:05,619 [INFO] Got command from the client 'new,,d71a08dc-94dc-43a0-93d5-6b754200c50d'
ptd-server 2022-07-20 13:36:05,620 [INFO] Sending reply to client 'OK 2022-07-20_13-36-05,ba3a6b26-9320-4ab2-93df-527e080afff6'
ptd-server 2022-07-20 13:36:05,656 [INFO] Got command from the client 'time'
ptd-server 2022-07-20 13:36:05,657 [INFO] Sending reply to client '1658320565.6570387'
ptd-server 2022-07-20 13:36:05,661 [INFO] Got command from the client 'session,2022-07-20_13-36-05,start,ranging'
ptd-server 2022-07-20 13:36:05,662 [INFO] Running PTDaemon: ['/home/anton/projects/mlperf/power/inference_v1.0/ptd-linux-x86', '-l', '/tmp/tmp7lgbo8s4/ptd_logfile.txt', '-p', '8888', '49', '/dev/usbtmc0']
ptd-server 2022-07-20 13:36:22,837 [INFO] Sending to ptd: 'Hello'
ptd-server 2022-07-20 13:36:22,837 [INFO] Reply from ptd: 'Hello, PTDaemon here!'
ptd-server 2022-07-20 13:36:22,838 [INFO] Sending to ptd: 'Identify'
ptd-server 2022-07-20 13:36:22,838 [INFO] Reply from ptd: 'YokogawaWT310E,1000,1,1,1,1,0,1,1,version=1.9.2-e8c7a49a-20201208,OS=Linux 5.13.0-52-generic #59~20.04.1-Ubuntu SMP Thu Jun 16 21:21:28 UTC 2022 x86_64,mode=power,1,1,1,0,0,no_cal_date,YOKOGAWA;WT310E;C3XA04010E;F1.04'
ptd-server 2022-07-20 13:36:22,838 [INFO] Connected to PTDaemon
ptd-server 2022-07-20 13:36:22,838 [INFO] Sending to ptd: 'RR'
ptd-server 2022-07-20 13:36:22,839 [INFO] Reply from ptd: 'Ranges,0,0.500000,1,300.000000'
ptd-server 2022-07-20 13:36:22,839 [INFO] Initial range for Amps is 0.500000 for Volts is Auto
ptd-server 2022-07-20 13:36:22,839 [INFO] Sending to ptd: 'SR,V,Auto'
ptd-server 2022-07-20 13:36:23,341 [INFO] Reply from ptd: 'Range V changed'
ptd-server 2022-07-20 13:36:23,342 [INFO] Sending to ptd: 'SR,A,Auto'
ptd-server 2022-07-20 13:36:23,844 [INFO] Reply from ptd: 'Range A changed'
ptd-server 2022-07-20 13:36:33,854 [INFO] Starting ranging mode
ptd-server 2022-07-20 13:36:33,854 [INFO] Sending to ptd: 'Go,1000,0,2022-07-20_13-36-05_ranging'
ptd-server 2022-07-20 13:36:33,855 [INFO] Reply from ptd: 'Starting untimed measurement, maximum 500000 samples at 1000ms with 0 rampup samples'
ptd-server 2022-07-20 13:36:33,855 [INFO] Sending reply to client 'OK'
ptd-server 2022-07-20 13:46:52,115 [INFO] Got command from the client 'session,2022-07-20_13-36-05,stop,ranging'
ptd-server 2022-07-20 13:47:02,125 [INFO] Sending to ptd: 'Stop'
ptd-server 2022-07-20 13:47:02,125 [INFO] Reply from ptd: 'Stopping untimed measurement'
ptd-server 2022-07-20 13:47:02,348 [INFO] Sending reply to client 'OK'
ptd-server 2022-07-20 13:47:02,417 [INFO] Got command from the client 'time'
ptd-server 2022-07-20 13:47:02,417 [INFO] Sending reply to client '1658321222.4171383'
ptd-server 2022-07-20 13:47:02,424 [INFO] Got command from the client 'session,2022-07-20_13-36-05,start,testing'
ptd-server 2022-07-20 13:47:02,425 [INFO] Sending to ptd: 'SR,V,251.100000'
ptd-server 2022-07-20 13:47:04,357 [INFO] Reply from ptd: 'Range V changed'
ptd-server 2022-07-20 13:47:04,357 [INFO] Sending to ptd: 'SR,A,0.089270'
ptd-server 2022-07-20 13:47:05,858 [INFO] Reply from ptd: 'Range A changed'
ptd-server 2022-07-20 13:47:15,868 [INFO] Starting testing mode
ptd-server 2022-07-20 13:47:15,869 [INFO] Sending to ptd: 'Go,1000,0,2022-07-20_13-36-05_testing'
ptd-server 2022-07-20 13:47:15,869 [INFO] Reply from ptd: 'Starting untimed measurement, maximum 500000 samples at 1000ms with 0 rampup samples'
ptd-server 2022-07-20 13:47:15,869 [INFO] Sending reply to client 'OK'
ptd-server 2022-07-20 13:57:34,295 [INFO] Got command from the client 'session,2022-07-20_13-36-05,stop,testing'
ptd-server 2022-07-20 13:57:44,306 [INFO] Sending to ptd: 'Stop'
ptd-server 2022-07-20 13:57:44,306 [INFO] Reply from ptd: 'Stopping untimed measurement'
ptd-server 2022-07-20 13:57:44,428 [INFO] Sending reply to client 'OK'
ptd-server 2022-07-20 13:57:44,451 [INFO] Got command from the client 'session,2022-07-20_13-36-05,done'
ptd-server 2022-07-20 13:57:44,451 [INFO] Sending to ptd: 'Stop'
ptd-server 2022-07-20 13:57:44,869 [INFO] Reply from ptd: 'Error: no measurement to stop'
ptd-server 2022-07-20 13:57:44,869 [INFO] Sending to ptd: 'SR,V,Auto'
ptd-server 2022-07-20 13:57:45,372 [INFO] Reply from ptd: 'Range V changed'
ptd-server 2022-07-20 13:57:45,372 [INFO] Sending to ptd: 'SR,A,0.500000'
ptd-server 2022-07-20 13:57:46,874 [INFO] Reply from ptd: 'Range A changed'
ptd-server 2022-07-20 13:57:46,874 [INFO] Set initial values for Amps 0.500000 and Volts Auto
ptd-server 2022-07-20 13:57:46,874 [INFO] Stopping ptd...
