ptd-server 2022-07-28 02:32:24,875 [INFO] Got command from the client 'time'
ptd-server 2022-07-28 02:32:24,875 [INFO] Sending reply to client '1658971944.8757622'
ptd-server 2022-07-28 02:32:24,879 [INFO] Got command from the client 'new,,e2a3c0a8-ed60-47e4-969d-a5cae4ce53c4'
ptd-server 2022-07-28 02:32:24,880 [INFO] Sending reply to client 'OK 2022-07-28_02-32-24,9c42f74e-33c1-48cb-96df-26221d509069'
ptd-server 2022-07-28 02:32:24,915 [INFO] Got command from the client 'time'
ptd-server 2022-07-28 02:32:24,915 [INFO] Sending reply to client '1658971944.9157887'
ptd-server 2022-07-28 02:32:24,919 [INFO] Got command from the client 'session,2022-07-28_02-32-24,start,ranging'
ptd-server 2022-07-28 02:32:24,920 [INFO] Running PTDaemon: ['/home/anton/projects/mlperf/power/inference_v1.0/ptd-linux-x86', '-l', '/tmp/tmp7lgbo8s4/ptd_logfile.txt', '-p', '8888', '49', '/dev/usbtmc0']
ptd-server 2022-07-28 02:32:42,095 [INFO] Sending to ptd: 'Hello'
ptd-server 2022-07-28 02:32:42,096 [INFO] Reply from ptd: 'Hello, PTDaemon here!'
ptd-server 2022-07-28 02:32:42,096 [INFO] Sending to ptd: 'Identify'
ptd-server 2022-07-28 02:32:42,096 [INFO] Reply from ptd: 'YokogawaWT310E,1000,1,1,1,1,0,1,1,version=1.9.2-e8c7a49a-20201208,OS=Linux 5.13.0-52-generic #59~20.04.1-Ubuntu SMP Thu Jun 16 21:21:28 UTC 2022 x86_64,mode=power,1,1,1,0,0,no_cal_date,YOKOGAWA;WT310E;C3XA04010E;F1.04'
ptd-server 2022-07-28 02:32:42,097 [INFO] Connected to PTDaemon
ptd-server 2022-07-28 02:32:42,097 [INFO] Sending to ptd: 'RR'
ptd-server 2022-07-28 02:32:42,097 [INFO] Reply from ptd: 'Ranges,0,0.500000,1,300.000000'
ptd-server 2022-07-28 02:32:42,097 [INFO] Initial range for Amps is 0.500000 for Volts is Auto
ptd-server 2022-07-28 02:32:42,097 [INFO] Sending to ptd: 'SR,V,Auto'
ptd-server 2022-07-28 02:32:42,600 [INFO] Reply from ptd: 'Range V changed'
ptd-server 2022-07-28 02:32:42,600 [INFO] Sending to ptd: 'SR,A,Auto'
ptd-server 2022-07-28 02:32:43,102 [INFO] Reply from ptd: 'Range A changed'
ptd-server 2022-07-28 02:32:53,113 [INFO] Starting ranging mode
ptd-server 2022-07-28 02:32:53,113 [INFO] Sending to ptd: 'Go,1000,0,2022-07-28_02-32-24_ranging'
ptd-server 2022-07-28 02:32:53,113 [INFO] Reply from ptd: 'Starting untimed measurement, maximum 500000 samples at 1000ms with 0 rampup samples'
ptd-server 2022-07-28 02:32:53,113 [INFO] Sending reply to client 'OK'
ptd-server 2022-07-28 02:43:08,509 [INFO] Got command from the client 'session,2022-07-28_02-32-24,stop,ranging'
ptd-server 2022-07-28 02:43:18,519 [INFO] Sending to ptd: 'Stop'
ptd-server 2022-07-28 02:43:18,520 [INFO] Reply from ptd: 'Stopping untimed measurement'
ptd-server 2022-07-28 02:43:19,558 [INFO] Sending reply to client 'OK'
ptd-server 2022-07-28 02:43:19,618 [INFO] Got command from the client 'time'
ptd-server 2022-07-28 02:43:19,618 [INFO] Sending reply to client '1658972599.6187334'
ptd-server 2022-07-28 02:43:19,622 [INFO] Got command from the client 'session,2022-07-28_02-32-24,start,testing'
ptd-server 2022-07-28 02:43:19,623 [INFO] Sending to ptd: 'SR,V,250.030000'
ptd-server 2022-07-28 02:43:21,124 [INFO] Reply from ptd: 'Range V changed'
ptd-server 2022-07-28 02:43:21,124 [INFO] Sending to ptd: 'SR,A,0.057060'
ptd-server 2022-07-28 02:43:22,625 [INFO] Reply from ptd: 'Range A changed'
ptd-server 2022-07-28 02:43:32,636 [INFO] Starting testing mode
ptd-server 2022-07-28 02:43:32,636 [INFO] Sending to ptd: 'Go,1000,0,2022-07-28_02-32-24_testing'
ptd-server 2022-07-28 02:43:32,636 [INFO] Reply from ptd: 'Starting untimed measurement, maximum 500000 samples at 1000ms with 0 rampup samples'
ptd-server 2022-07-28 02:43:32,636 [INFO] Sending reply to client 'OK'
ptd-server 2022-07-28 02:53:47,844 [INFO] Got command from the client 'session,2022-07-28_02-32-24,stop,testing'
ptd-server 2022-07-28 02:53:57,851 [INFO] Sending to ptd: 'Stop'
ptd-server 2022-07-28 02:53:57,851 [INFO] Reply from ptd: 'Stopping untimed measurement'
ptd-server 2022-07-28 02:53:58,379 [INFO] Sending reply to client 'OK'
ptd-server 2022-07-28 02:53:58,403 [INFO] Got command from the client 'session,2022-07-28_02-32-24,done'
ptd-server 2022-07-28 02:53:58,403 [INFO] Sending to ptd: 'Stop'
ptd-server 2022-07-28 02:53:58,637 [INFO] Reply from ptd: 'Error: no measurement to stop'
ptd-server 2022-07-28 02:53:58,637 [INFO] Sending to ptd: 'SR,V,Auto'
ptd-server 2022-07-28 02:53:59,139 [INFO] Reply from ptd: 'Range V changed'
ptd-server 2022-07-28 02:53:59,139 [INFO] Sending to ptd: 'SR,A,0.500000'
ptd-server 2022-07-28 02:54:00,641 [INFO] Reply from ptd: 'Range A changed'
ptd-server 2022-07-28 02:54:00,641 [INFO] Set initial values for Amps 0.500000 and Volts Auto
ptd-server 2022-07-28 02:54:00,641 [INFO] Stopping ptd...
