ptd-server 2022-07-31 00:45:41,139 [INFO] Got command from the client 'time'
ptd-server 2022-07-31 00:45:41,139 [INFO] Sending reply to client '1659224741.1397073'
ptd-server 2022-07-31 00:45:41,140 [INFO] Got command from the client 'new,,bc74e98d-c64e-4018-9bb6-410fbb1c0b91'
ptd-server 2022-07-31 00:45:41,141 [INFO] Sending reply to client 'OK 2022-07-31_00-45-41,fdb8c893-fa11-45e2-b7c0-e239bbbc5d91'
ptd-server 2022-07-31 00:45:41,174 [INFO] Got command from the client 'time'
ptd-server 2022-07-31 00:45:41,174 [INFO] Sending reply to client '1659224741.174461'
ptd-server 2022-07-31 00:45:41,175 [INFO] Got command from the client 'session,2022-07-31_00-45-41,start,ranging'
ptd-server 2022-07-31 00:45:41,175 [INFO] Running PTDaemon: ['/home/anton/projects/mlperf/power/inference_v1.0/ptd-linux-x86', '-l', '/tmp/tmp7lgbo8s4/ptd_logfile.txt', '-p', '8888', '49', '/dev/usbtmc0']
ptd-server 2022-07-31 00:45:58,349 [INFO] Sending to ptd: 'Hello'
ptd-server 2022-07-31 00:45:58,350 [INFO] Reply from ptd: 'Hello, PTDaemon here!'
ptd-server 2022-07-31 00:45:58,350 [INFO] Sending to ptd: 'Identify'
ptd-server 2022-07-31 00:45:58,350 [INFO] Reply from ptd: 'YokogawaWT310E,1000,1,1,1,1,0,1,1,version=1.9.2-e8c7a49a-20201208,OS=Linux 5.13.0-52-generic #59~20.04.1-Ubuntu SMP Thu Jun 16 21:21:28 UTC 2022 x86_64,mode=power,1,1,1,0,0,no_cal_date,YOKOGAWA;WT310E;C3XA04010E;F1.04'
ptd-server 2022-07-31 00:45:58,351 [INFO] Connected to PTDaemon
ptd-server 2022-07-31 00:45:58,351 [INFO] Sending to ptd: 'RR'
ptd-server 2022-07-31 00:45:58,351 [INFO] Reply from ptd: 'Ranges,0,0.500000,1,300.000000'
ptd-server 2022-07-31 00:45:58,351 [INFO] Initial range for Amps is 0.500000 for Volts is Auto
ptd-server 2022-07-31 00:45:58,351 [INFO] Sending to ptd: 'SR,V,Auto'
ptd-server 2022-07-31 00:45:58,854 [INFO] Reply from ptd: 'Range V changed'
ptd-server 2022-07-31 00:45:58,854 [INFO] Sending to ptd: 'SR,A,Auto'
ptd-server 2022-07-31 00:45:59,357 [INFO] Reply from ptd: 'Range A changed'
ptd-server 2022-07-31 00:46:09,367 [INFO] Starting ranging mode
ptd-server 2022-07-31 00:46:09,367 [INFO] Sending to ptd: 'Go,1000,0,2022-07-31_00-45-41_ranging'
ptd-server 2022-07-31 00:46:09,367 [INFO] Reply from ptd: 'Starting untimed measurement, maximum 500000 samples at 1000ms with 0 rampup samples'
ptd-server 2022-07-31 00:46:09,368 [INFO] Sending reply to client 'OK'
ptd-server 2022-07-31 00:56:24,261 [INFO] Got command from the client 'session,2022-07-31_00-45-41,stop,ranging'
ptd-server 2022-07-31 00:56:34,271 [INFO] Sending to ptd: 'Stop'
ptd-server 2022-07-31 00:56:34,271 [INFO] Reply from ptd: 'Stopping untimed measurement'
ptd-server 2022-07-31 00:56:35,505 [INFO] Sending reply to client 'OK'
ptd-server 2022-07-31 00:56:35,564 [INFO] Got command from the client 'time'
ptd-server 2022-07-31 00:56:35,564 [INFO] Sending reply to client '1659225395.564717'
ptd-server 2022-07-31 00:56:35,566 [INFO] Got command from the client 'session,2022-07-31_00-45-41,start,testing'
ptd-server 2022-07-31 00:56:35,566 [INFO] Sending to ptd: 'SR,V,251.550000'
ptd-server 2022-07-31 00:56:37,067 [INFO] Reply from ptd: 'Range V changed'
ptd-server 2022-07-31 00:56:37,067 [INFO] Sending to ptd: 'SR,A,0.213840'
ptd-server 2022-07-31 00:56:38,569 [INFO] Reply from ptd: 'Range A changed'
ptd-server 2022-07-31 00:56:48,579 [INFO] Starting testing mode
ptd-server 2022-07-31 00:56:48,579 [INFO] Sending to ptd: 'Go,1000,0,2022-07-31_00-45-41_testing'
ptd-server 2022-07-31 00:56:48,579 [INFO] Reply from ptd: 'Starting untimed measurement, maximum 500000 samples at 1000ms with 0 rampup samples'
ptd-server 2022-07-31 00:56:48,580 [INFO] Sending reply to client 'OK'
ptd-server 2022-07-31 01:07:00,287 [INFO] Got command from the client 'session,2022-07-31_00-45-41,stop,testing'
ptd-server 2022-07-31 01:07:10,297 [INFO] Sending to ptd: 'Stop'
ptd-server 2022-07-31 01:07:10,298 [INFO] Reply from ptd: 'Stopping untimed measurement'
ptd-server 2022-07-31 01:07:10,941 [INFO] Sending reply to client 'OK'
ptd-server 2022-07-31 01:07:10,956 [INFO] Got command from the client 'session,2022-07-31_00-45-41,done'
ptd-server 2022-07-31 01:07:10,956 [INFO] Sending to ptd: 'Stop'
ptd-server 2022-07-31 01:07:10,956 [INFO] Reply from ptd: 'Error: no measurement to stop'
ptd-server 2022-07-31 01:07:10,956 [INFO] Sending to ptd: 'SR,V,Auto'
ptd-server 2022-07-31 01:07:11,459 [INFO] Reply from ptd: 'Range V changed'
ptd-server 2022-07-31 01:07:11,459 [INFO] Sending to ptd: 'SR,A,0.500000'
ptd-server 2022-07-31 01:07:12,961 [INFO] Reply from ptd: 'Range A changed'
ptd-server 2022-07-31 01:07:12,961 [INFO] Set initial values for Amps 0.500000 and Volts Auto
ptd-server 2022-07-31 01:07:12,961 [INFO] Stopping ptd...
