ptd-server 2022-07-20 20:07:41,387 [INFO] Got command from the client 'time'
ptd-server 2022-07-20 20:07:41,387 [INFO] Sending reply to client '1658344061.3871815'
ptd-server 2022-07-20 20:07:41,391 [INFO] Got command from the client 'new,,886961fb-b325-4723-bf5b-1234e20c02e6'
ptd-server 2022-07-20 20:07:41,392 [INFO] Sending reply to client 'OK 2022-07-20_20-07-41,f5067155-1151-4208-b806-857ae49ecc27'
ptd-server 2022-07-20 20:07:41,489 [INFO] Got command from the client 'time'
ptd-server 2022-07-20 20:07:41,489 [INFO] Sending reply to client '1658344061.489616'
ptd-server 2022-07-20 20:07:41,494 [INFO] Got command from the client 'session,2022-07-20_20-07-41,start,ranging'
ptd-server 2022-07-20 20:07:41,494 [INFO] Running PTDaemon: ['/home/anton/projects/mlperf/power/inference_v1.0/ptd-linux-x86', '-l', '/tmp/tmp7lgbo8s4/ptd_logfile.txt', '-p', '8888', '49', '/dev/usbtmc0']
ptd-server 2022-07-20 20:07:58,668 [INFO] Sending to ptd: 'Hello'
ptd-server 2022-07-20 20:07:58,668 [INFO] Reply from ptd: 'Hello, PTDaemon here!'
ptd-server 2022-07-20 20:07:58,669 [INFO] Sending to ptd: 'Identify'
ptd-server 2022-07-20 20:07:58,669 [INFO] Reply from ptd: 'YokogawaWT310E,1000,1,1,1,1,0,1,1,version=1.9.2-e8c7a49a-20201208,OS=Linux 5.13.0-52-generic #59~20.04.1-Ubuntu SMP Thu Jun 16 21:21:28 UTC 2022 x86_64,mode=power,1,1,1,0,0,no_cal_date,YOKOGAWA;WT310E;C3XA04010E;F1.04'
ptd-server 2022-07-20 20:07:58,669 [INFO] Connected to PTDaemon
ptd-server 2022-07-20 20:07:58,669 [INFO] Sending to ptd: 'RR'
ptd-server 2022-07-20 20:07:58,669 [INFO] Reply from ptd: 'Ranges,0,0.500000,1,300.000000'
ptd-server 2022-07-20 20:07:58,670 [INFO] Initial range for Amps is 0.500000 for Volts is Auto
ptd-server 2022-07-20 20:07:58,670 [INFO] Sending to ptd: 'SR,V,Auto'
ptd-server 2022-07-20 20:07:59,172 [INFO] Reply from ptd: 'Range V changed'
ptd-server 2022-07-20 20:07:59,172 [INFO] Sending to ptd: 'SR,A,Auto'
ptd-server 2022-07-20 20:07:59,675 [INFO] Reply from ptd: 'Range A changed'
ptd-server 2022-07-20 20:08:09,685 [INFO] Starting ranging mode
ptd-server 2022-07-20 20:08:09,685 [INFO] Sending to ptd: 'Go,1000,0,2022-07-20_20-07-41_ranging'
ptd-server 2022-07-20 20:08:09,686 [INFO] Reply from ptd: 'Starting untimed measurement, maximum 500000 samples at 1000ms with 0 rampup samples'
ptd-server 2022-07-20 20:08:09,686 [INFO] Sending reply to client 'OK'
ptd-server 2022-07-20 20:18:34,570 [INFO] Got command from the client 'session,2022-07-20_20-07-41,stop,ranging'
ptd-server 2022-07-20 20:18:44,580 [INFO] Sending to ptd: 'Stop'
ptd-server 2022-07-20 20:18:44,580 [INFO] Reply from ptd: 'Stopping untimed measurement'
ptd-server 2022-07-20 20:18:44,836 [INFO] Sending reply to client 'OK'
ptd-server 2022-07-20 20:18:44,955 [INFO] Got command from the client 'time'
ptd-server 2022-07-20 20:18:44,955 [INFO] Sending reply to client '1658344724.9555812'
ptd-server 2022-07-20 20:18:44,961 [INFO] Got command from the client 'session,2022-07-20_20-07-41,start,testing'
ptd-server 2022-07-20 20:18:44,961 [INFO] Sending to ptd: 'SR,V,249.450000'
ptd-server 2022-07-20 20:18:46,463 [INFO] Reply from ptd: 'Range V changed'
ptd-server 2022-07-20 20:18:46,463 [INFO] Sending to ptd: 'SR,A,0.087490'
ptd-server 2022-07-20 20:18:47,964 [INFO] Reply from ptd: 'Range A changed'
ptd-server 2022-07-20 20:18:57,975 [INFO] Starting testing mode
ptd-server 2022-07-20 20:18:57,975 [INFO] Sending to ptd: 'Go,1000,0,2022-07-20_20-07-41_testing'
ptd-server 2022-07-20 20:18:57,975 [INFO] Reply from ptd: 'Starting untimed measurement, maximum 500000 samples at 1000ms with 0 rampup samples'
ptd-server 2022-07-20 20:18:57,975 [INFO] Sending reply to client 'OK'
ptd-server 2022-07-20 20:29:16,338 [INFO] Got command from the client 'session,2022-07-20_20-07-41,stop,testing'
ptd-server 2022-07-20 20:29:26,348 [INFO] Sending to ptd: 'Stop'
ptd-server 2022-07-20 20:29:26,349 [INFO] Reply from ptd: 'Stopping untimed measurement'
ptd-server 2022-07-20 20:29:26,491 [INFO] Sending reply to client 'OK'
ptd-server 2022-07-20 20:29:26,622 [INFO] Got command from the client 'session,2022-07-20_20-07-41,done'
ptd-server 2022-07-20 20:29:26,622 [INFO] Sending to ptd: 'Stop'
ptd-server 2022-07-20 20:29:26,975 [INFO] Reply from ptd: 'Error: no measurement to stop'
ptd-server 2022-07-20 20:29:26,976 [INFO] Sending to ptd: 'SR,V,Auto'
ptd-server 2022-07-20 20:29:27,478 [INFO] Reply from ptd: 'Range V changed'
ptd-server 2022-07-20 20:29:27,478 [INFO] Sending to ptd: 'SR,A,0.500000'
ptd-server 2022-07-20 20:29:28,980 [INFO] Reply from ptd: 'Range A changed'
ptd-server 2022-07-20 20:29:28,980 [INFO] Set initial values for Amps 0.500000 and Volts Auto
ptd-server 2022-07-20 20:29:28,980 [INFO] Stopping ptd...
