ptd-server 2022-08-03 09:11:27,106 [INFO] Got command from the client 'time'
ptd-server 2022-08-03 09:11:27,106 [INFO] Sending reply to client '1659514287.1062593'
ptd-server 2022-08-03 09:11:27,110 [INFO] Got command from the client 'new,,f8325d7a-2e4e-41b6-8e79-10ba34de9a9f'
ptd-server 2022-08-03 09:11:27,110 [INFO] Sending reply to client 'OK 2022-08-03_09-11-27,0d64e2cf-9c12-4528-a570-b6a9b2d59177'
ptd-server 2022-08-03 09:11:27,145 [INFO] Got command from the client 'time'
ptd-server 2022-08-03 09:11:27,145 [INFO] Sending reply to client '1659514287.145492'
ptd-server 2022-08-03 09:11:27,147 [INFO] Got command from the client 'session,2022-08-03_09-11-27,start,ranging'
ptd-server 2022-08-03 09:11:27,147 [INFO] Running PTDaemon: ['/home/anton/projects/mlperf/power/inference_v1.0/ptd-linux-x86', '-l', '/tmp/tmp7lgbo8s4/ptd_logfile.txt', '-p', '8888', '49', '/dev/usbtmc0']
ptd-server 2022-08-03 09:11:44,322 [INFO] Sending to ptd: 'Hello'
ptd-server 2022-08-03 09:11:44,322 [INFO] Reply from ptd: 'Hello, PTDaemon here!'
ptd-server 2022-08-03 09:11:44,323 [INFO] Sending to ptd: 'Identify'
ptd-server 2022-08-03 09:11:44,323 [INFO] Reply from ptd: 'YokogawaWT310E,1000,1,1,1,1,0,1,1,version=1.9.2-e8c7a49a-20201208,OS=Linux 5.13.0-52-generic #59~20.04.1-Ubuntu SMP Thu Jun 16 21:21:28 UTC 2022 x86_64,mode=power,1,1,1,0,0,no_cal_date,YOKOGAWA;WT310E;C3XA04010E;F1.04'
ptd-server 2022-08-03 09:11:44,323 [INFO] Connected to PTDaemon
ptd-server 2022-08-03 09:11:44,323 [INFO] Sending to ptd: 'RR'
ptd-server 2022-08-03 09:11:44,324 [INFO] Reply from ptd: 'Ranges,0,0.500000,1,300.000000'
ptd-server 2022-08-03 09:11:44,324 [INFO] Initial range for Amps is 0.500000 for Volts is Auto
ptd-server 2022-08-03 09:11:44,324 [INFO] Sending to ptd: 'SR,V,Auto'
ptd-server 2022-08-03 09:11:44,826 [INFO] Reply from ptd: 'Range V changed'
ptd-server 2022-08-03 09:11:44,827 [INFO] Sending to ptd: 'SR,A,Auto'
ptd-server 2022-08-03 09:11:45,329 [INFO] Reply from ptd: 'Range A changed'
ptd-server 2022-08-03 09:11:55,339 [INFO] Starting ranging mode
ptd-server 2022-08-03 09:11:55,340 [INFO] Sending to ptd: 'Go,1000,0,2022-08-03_09-11-27_ranging'
ptd-server 2022-08-03 09:11:55,340 [INFO] Reply from ptd: 'Starting untimed measurement, maximum 500000 samples at 1000ms with 0 rampup samples'
ptd-server 2022-08-03 09:11:55,340 [INFO] Sending reply to client 'OK'
ptd-server 2022-08-03 09:22:17,203 [INFO] Got command from the client 'session,2022-08-03_09-11-27,stop,ranging'
ptd-server 2022-08-03 09:22:27,214 [INFO] Sending to ptd: 'Stop'
ptd-server 2022-08-03 09:22:27,214 [INFO] Reply from ptd: 'Stopping untimed measurement'
ptd-server 2022-08-03 09:22:28,787 [INFO] Sending reply to client 'OK'
ptd-server 2022-08-03 09:22:28,852 [INFO] Got command from the client 'time'
ptd-server 2022-08-03 09:22:28,852 [INFO] Sending reply to client '1659514948.8524902'
ptd-server 2022-08-03 09:22:28,854 [INFO] Got command from the client 'session,2022-08-03_09-11-27,start,testing'
ptd-server 2022-08-03 09:22:28,855 [INFO] Sending to ptd: 'SR,V,249.370000'
ptd-server 2022-08-03 09:22:30,356 [INFO] Reply from ptd: 'Range V changed'
ptd-server 2022-08-03 09:22:30,356 [INFO] Sending to ptd: 'SR,A,0.212100'
ptd-server 2022-08-03 09:22:31,858 [INFO] Reply from ptd: 'Range A changed'
ptd-server 2022-08-03 09:22:41,868 [INFO] Starting testing mode
ptd-server 2022-08-03 09:22:41,868 [INFO] Sending to ptd: 'Go,1000,0,2022-08-03_09-11-27_testing'
ptd-server 2022-08-03 09:22:41,868 [INFO] Reply from ptd: 'Starting untimed measurement, maximum 500000 samples at 1000ms with 0 rampup samples'
ptd-server 2022-08-03 09:22:41,869 [INFO] Sending reply to client 'OK'
ptd-server 2022-08-03 09:32:58,326 [INFO] Got command from the client 'session,2022-08-03_09-11-27,stop,testing'
ptd-server 2022-08-03 09:33:08,337 [INFO] Sending to ptd: 'Stop'
ptd-server 2022-08-03 09:33:08,337 [INFO] Reply from ptd: 'Stopping untimed measurement'
ptd-server 2022-08-03 09:33:09,148 [INFO] Sending reply to client 'OK'
ptd-server 2022-08-03 09:33:09,167 [INFO] Got command from the client 'session,2022-08-03_09-11-27,done'
ptd-server 2022-08-03 09:33:09,167 [INFO] Sending to ptd: 'Stop'
ptd-server 2022-08-03 09:33:09,167 [INFO] Reply from ptd: 'Error: no measurement to stop'
ptd-server 2022-08-03 09:33:09,168 [INFO] Sending to ptd: 'SR,V,Auto'
ptd-server 2022-08-03 09:33:09,670 [INFO] Reply from ptd: 'Range V changed'
ptd-server 2022-08-03 09:33:09,670 [INFO] Sending to ptd: 'SR,A,0.500000'
ptd-server 2022-08-03 09:33:11,172 [INFO] Reply from ptd: 'Range A changed'
ptd-server 2022-08-03 09:33:11,172 [INFO] Set initial values for Amps 0.500000 and Volts Auto
ptd-server 2022-08-03 09:33:11,172 [INFO] Stopping ptd...
