ptd-server 2022-07-31 14:51:36,120 [INFO] Got command from the client 'time'
ptd-server 2022-07-31 14:51:36,120 [INFO] Sending reply to client '1659275496.120668'
ptd-server 2022-07-31 14:51:36,121 [INFO] Got command from the client 'new,,6fcfcd31-4e7b-4931-a8a1-8a005ce35f89'
ptd-server 2022-07-31 14:51:36,122 [INFO] Sending reply to client 'OK 2022-07-31_14-51-36,2d3de08d-e63e-4192-91b2-444c5c2458c7'
ptd-server 2022-07-31 14:51:36,160 [INFO] Got command from the client 'time'
ptd-server 2022-07-31 14:51:36,160 [INFO] Sending reply to client '1659275496.160727'
ptd-server 2022-07-31 14:51:36,161 [INFO] Got command from the client 'session,2022-07-31_14-51-36,start,ranging'
ptd-server 2022-07-31 14:51:36,162 [INFO] Running PTDaemon: ['/home/anton/projects/mlperf/power/inference_v1.0/ptd-linux-x86', '-l', '/tmp/tmp7lgbo8s4/ptd_logfile.txt', '-p', '8888', '49', '/dev/usbtmc0']
ptd-server 2022-07-31 14:51:53,335 [INFO] Sending to ptd: 'Hello'
ptd-server 2022-07-31 14:51:53,336 [INFO] Reply from ptd: 'Hello, PTDaemon here!'
ptd-server 2022-07-31 14:51:53,336 [INFO] Sending to ptd: 'Identify'
ptd-server 2022-07-31 14:51:53,336 [INFO] Reply from ptd: 'YokogawaWT310E,1000,1,1,1,1,0,1,1,version=1.9.2-e8c7a49a-20201208,OS=Linux 5.13.0-52-generic #59~20.04.1-Ubuntu SMP Thu Jun 16 21:21:28 UTC 2022 x86_64,mode=power,1,1,1,0,0,no_cal_date,YOKOGAWA;WT310E;C3XA04010E;F1.04'
ptd-server 2022-07-31 14:51:53,336 [INFO] Connected to PTDaemon
ptd-server 2022-07-31 14:51:53,337 [INFO] Sending to ptd: 'RR'
ptd-server 2022-07-31 14:51:53,337 [INFO] Reply from ptd: 'Ranges,0,0.500000,1,300.000000'
ptd-server 2022-07-31 14:51:53,337 [INFO] Initial range for Amps is 0.500000 for Volts is Auto
ptd-server 2022-07-31 14:51:53,337 [INFO] Sending to ptd: 'SR,V,Auto'
ptd-server 2022-07-31 14:51:53,840 [INFO] Reply from ptd: 'Range V changed'
ptd-server 2022-07-31 14:51:53,840 [INFO] Sending to ptd: 'SR,A,Auto'
ptd-server 2022-07-31 14:51:54,342 [INFO] Reply from ptd: 'Range A changed'
ptd-server 2022-07-31 14:52:04,353 [INFO] Starting ranging mode
ptd-server 2022-07-31 14:52:04,353 [INFO] Sending to ptd: 'Go,1000,0,2022-07-31_14-51-36_ranging'
ptd-server 2022-07-31 14:52:04,353 [INFO] Reply from ptd: 'Starting untimed measurement, maximum 500000 samples at 1000ms with 0 rampup samples'
ptd-server 2022-07-31 14:52:04,353 [INFO] Sending reply to client 'OK'
ptd-server 2022-07-31 15:02:26,747 [INFO] Got command from the client 'session,2022-07-31_14-51-36,stop,ranging'
ptd-server 2022-07-31 15:02:36,758 [INFO] Sending to ptd: 'Stop'
ptd-server 2022-07-31 15:02:36,758 [INFO] Reply from ptd: 'Stopping untimed measurement'
ptd-server 2022-07-31 15:02:38,057 [INFO] Sending reply to client 'OK'
ptd-server 2022-07-31 15:02:38,111 [INFO] Got command from the client 'time'
ptd-server 2022-07-31 15:02:38,111 [INFO] Sending reply to client '1659276158.1114364'
ptd-server 2022-07-31 15:02:38,112 [INFO] Got command from the client 'session,2022-07-31_14-51-36,start,testing'
ptd-server 2022-07-31 15:02:38,112 [INFO] Sending to ptd: 'SR,V,251.430000'
ptd-server 2022-07-31 15:02:39,614 [INFO] Reply from ptd: 'Range V changed'
ptd-server 2022-07-31 15:02:39,614 [INFO] Sending to ptd: 'SR,A,0.244740'
ptd-server 2022-07-31 15:02:41,115 [INFO] Reply from ptd: 'Range A changed'
ptd-server 2022-07-31 15:02:51,126 [INFO] Starting testing mode
ptd-server 2022-07-31 15:02:51,126 [INFO] Sending to ptd: 'Go,1000,0,2022-07-31_14-51-36_testing'
ptd-server 2022-07-31 15:02:51,126 [INFO] Reply from ptd: 'Starting untimed measurement, maximum 500000 samples at 1000ms with 0 rampup samples'
ptd-server 2022-07-31 15:02:51,126 [INFO] Sending reply to client 'OK'
ptd-server 2022-07-31 15:13:05,066 [INFO] Got command from the client 'session,2022-07-31_14-51-36,stop,testing'
ptd-server 2022-07-31 15:13:15,077 [INFO] Sending to ptd: 'Stop'
ptd-server 2022-07-31 15:13:15,077 [INFO] Reply from ptd: 'Stopping untimed measurement'
ptd-server 2022-07-31 15:13:15,742 [INFO] Sending reply to client 'OK'
ptd-server 2022-07-31 15:13:15,755 [INFO] Got command from the client 'session,2022-07-31_14-51-36,done'
ptd-server 2022-07-31 15:13:15,755 [INFO] Sending to ptd: 'Stop'
ptd-server 2022-07-31 15:13:15,756 [INFO] Reply from ptd: 'Error: no measurement to stop'
ptd-server 2022-07-31 15:13:15,756 [INFO] Sending to ptd: 'SR,V,Auto'
ptd-server 2022-07-31 15:13:16,258 [INFO] Reply from ptd: 'Range V changed'
ptd-server 2022-07-31 15:13:16,259 [INFO] Sending to ptd: 'SR,A,0.500000'
ptd-server 2022-07-31 15:13:17,760 [INFO] Reply from ptd: 'Range A changed'
ptd-server 2022-07-31 15:13:17,760 [INFO] Set initial values for Amps 0.500000 and Volts Auto
ptd-server 2022-07-31 15:13:17,760 [INFO] Stopping ptd...
