ptd-server 2022-07-23 15:14:33,404 [INFO] Got command from the client 'time'
ptd-server 2022-07-23 15:14:33,404 [INFO] Sending reply to client '1658585673.4042282'
ptd-server 2022-07-23 15:14:33,405 [INFO] Got command from the client 'new,,7be4a21e-c788-45ff-b44d-45c9f305751f'
ptd-server 2022-07-23 15:14:33,406 [INFO] Sending reply to client 'OK 2022-07-23_15-14-33,6236181b-7235-424d-9593-cd98bf819187'
ptd-server 2022-07-23 15:14:33,444 [INFO] Got command from the client 'time'
ptd-server 2022-07-23 15:14:33,444 [INFO] Sending reply to client '1658585673.444152'
ptd-server 2022-07-23 15:14:33,445 [INFO] Got command from the client 'session,2022-07-23_15-14-33,start,ranging'
ptd-server 2022-07-23 15:14:33,445 [INFO] Running PTDaemon: ['/home/anton/projects/mlperf/power/inference_v1.0/ptd-linux-x86', '-l', '/tmp/tmp7lgbo8s4/ptd_logfile.txt', '-p', '8888', '49', '/dev/usbtmc0']
ptd-server 2022-07-23 15:14:50,619 [INFO] Sending to ptd: 'Hello'
ptd-server 2022-07-23 15:14:50,620 [INFO] Reply from ptd: 'Hello, PTDaemon here!'
ptd-server 2022-07-23 15:14:50,620 [INFO] Sending to ptd: 'Identify'
ptd-server 2022-07-23 15:14:50,620 [INFO] Reply from ptd: 'YokogawaWT310E,1000,1,1,1,1,0,1,1,version=1.9.2-e8c7a49a-20201208,OS=Linux 5.13.0-52-generic #59~20.04.1-Ubuntu SMP Thu Jun 16 21:21:28 UTC 2022 x86_64,mode=power,1,1,1,0,0,no_cal_date,YOKOGAWA;WT310E;C3XA04010E;F1.04'
ptd-server 2022-07-23 15:14:50,620 [INFO] Connected to PTDaemon
ptd-server 2022-07-23 15:14:50,620 [INFO] Sending to ptd: 'RR'
ptd-server 2022-07-23 15:14:50,621 [INFO] Reply from ptd: 'Ranges,0,0.500000,1,300.000000'
ptd-server 2022-07-23 15:14:50,621 [INFO] Initial range for Amps is 0.500000 for Volts is Auto
ptd-server 2022-07-23 15:14:50,621 [INFO] Sending to ptd: 'SR,V,Auto'
ptd-server 2022-07-23 15:14:51,123 [INFO] Reply from ptd: 'Range V changed'
ptd-server 2022-07-23 15:14:51,124 [INFO] Sending to ptd: 'SR,A,Auto'
ptd-server 2022-07-23 15:14:51,626 [INFO] Reply from ptd: 'Range A changed'
ptd-server 2022-07-23 15:15:01,636 [INFO] Starting ranging mode
ptd-server 2022-07-23 15:15:01,636 [INFO] Sending to ptd: 'Go,1000,0,2022-07-23_15-14-33_ranging'
ptd-server 2022-07-23 15:15:01,637 [INFO] Reply from ptd: 'Starting untimed measurement, maximum 500000 samples at 1000ms with 0 rampup samples'
ptd-server 2022-07-23 15:15:01,637 [INFO] Sending reply to client 'OK'
ptd-server 2022-07-23 15:25:18,068 [INFO] Got command from the client 'session,2022-07-23_15-14-33,stop,ranging'
ptd-server 2022-07-23 15:25:28,079 [INFO] Sending to ptd: 'Stop'
ptd-server 2022-07-23 15:25:28,079 [INFO] Reply from ptd: 'Stopping untimed measurement'
ptd-server 2022-07-23 15:25:28,659 [INFO] Sending reply to client 'OK'
ptd-server 2022-07-23 15:25:28,719 [INFO] Got command from the client 'time'
ptd-server 2022-07-23 15:25:28,719 [INFO] Sending reply to client '1658586328.7194788'
ptd-server 2022-07-23 15:25:28,720 [INFO] Got command from the client 'session,2022-07-23_15-14-33,start,testing'
ptd-server 2022-07-23 15:25:28,720 [INFO] Sending to ptd: 'SR,V,249.690000'
ptd-server 2022-07-23 15:25:30,221 [INFO] Reply from ptd: 'Range V changed'
ptd-server 2022-07-23 15:25:30,222 [INFO] Sending to ptd: 'SR,A,0.052350'
ptd-server 2022-07-23 15:25:31,723 [INFO] Reply from ptd: 'Range A changed'
ptd-server 2022-07-23 15:25:41,733 [INFO] Starting testing mode
ptd-server 2022-07-23 15:25:41,733 [INFO] Sending to ptd: 'Go,1000,0,2022-07-23_15-14-33_testing'
ptd-server 2022-07-23 15:25:41,734 [INFO] Reply from ptd: 'Starting untimed measurement, maximum 500000 samples at 1000ms with 0 rampup samples'
ptd-server 2022-07-23 15:25:41,734 [INFO] Sending reply to client 'OK'
ptd-server 2022-07-23 15:35:57,981 [INFO] Got command from the client 'session,2022-07-23_15-14-33,stop,testing'
ptd-server 2022-07-23 15:36:07,991 [INFO] Sending to ptd: 'Stop'
ptd-server 2022-07-23 15:36:07,992 [INFO] Reply from ptd: 'Stopping untimed measurement'
ptd-server 2022-07-23 15:36:08,294 [INFO] Sending reply to client 'OK'
ptd-server 2022-07-23 15:36:08,302 [INFO] Got command from the client 'session,2022-07-23_15-14-33,done'
ptd-server 2022-07-23 15:36:08,302 [INFO] Sending to ptd: 'Stop'
ptd-server 2022-07-23 15:36:08,734 [INFO] Reply from ptd: 'Error: no measurement to stop'
ptd-server 2022-07-23 15:36:08,735 [INFO] Sending to ptd: 'SR,V,Auto'
ptd-server 2022-07-23 15:36:09,237 [INFO] Reply from ptd: 'Range V changed'
ptd-server 2022-07-23 15:36:09,237 [INFO] Sending to ptd: 'SR,A,0.500000'
ptd-server 2022-07-23 15:36:10,739 [INFO] Reply from ptd: 'Range A changed'
ptd-server 2022-07-23 15:36:10,739 [INFO] Set initial values for Amps 0.500000 and Volts Auto
ptd-server 2022-07-23 15:36:10,739 [INFO] Stopping ptd...
