ptd-server 2022-07-28 16:30:28,503 [INFO] Got command from the client 'time'
ptd-server 2022-07-28 16:30:28,503 [INFO] Sending reply to client '1659022228.5035312'
ptd-server 2022-07-28 16:30:28,507 [INFO] Got command from the client 'new,,a2a06144-f051-4563-a3a0-8e8a3d5c54b3'
ptd-server 2022-07-28 16:30:28,508 [INFO] Sending reply to client 'OK 2022-07-28_16-30-28,bfb894e8-6f0f-47c0-8281-f82a63f29d1e'
ptd-server 2022-07-28 16:30:28,553 [INFO] Got command from the client 'time'
ptd-server 2022-07-28 16:30:28,553 [INFO] Sending reply to client '1659022228.5532806'
ptd-server 2022-07-28 16:30:28,557 [INFO] Got command from the client 'session,2022-07-28_16-30-28,start,ranging'
ptd-server 2022-07-28 16:30:28,557 [INFO] Running PTDaemon: ['/home/anton/projects/mlperf/power/inference_v1.0/ptd-linux-x86', '-l', '/tmp/tmp7lgbo8s4/ptd_logfile.txt', '-p', '8888', '49', '/dev/usbtmc0']
ptd-server 2022-07-28 16:30:45,730 [INFO] Sending to ptd: 'Hello'
ptd-server 2022-07-28 16:30:45,730 [INFO] Reply from ptd: 'Hello, PTDaemon here!'
ptd-server 2022-07-28 16:30:45,731 [INFO] Sending to ptd: 'Identify'
ptd-server 2022-07-28 16:30:45,731 [INFO] Reply from ptd: 'YokogawaWT310E,1000,1,1,1,1,0,1,1,version=1.9.2-e8c7a49a-20201208,OS=Linux 5.13.0-52-generic #59~20.04.1-Ubuntu SMP Thu Jun 16 21:21:28 UTC 2022 x86_64,mode=power,1,1,1,0,0,no_cal_date,YOKOGAWA;WT310E;C3XA04010E;F1.04'
ptd-server 2022-07-28 16:30:45,731 [INFO] Connected to PTDaemon
ptd-server 2022-07-28 16:30:45,731 [INFO] Sending to ptd: 'RR'
ptd-server 2022-07-28 16:30:45,731 [INFO] Reply from ptd: 'Ranges,0,0.500000,1,300.000000'
ptd-server 2022-07-28 16:30:45,731 [INFO] Initial range for Amps is 0.500000 for Volts is Auto
ptd-server 2022-07-28 16:30:45,732 [INFO] Sending to ptd: 'SR,V,Auto'
ptd-server 2022-07-28 16:30:46,234 [INFO] Reply from ptd: 'Range V changed'
ptd-server 2022-07-28 16:30:46,234 [INFO] Sending to ptd: 'SR,A,Auto'
ptd-server 2022-07-28 16:30:46,737 [INFO] Reply from ptd: 'Range A changed'
ptd-server 2022-07-28 16:30:56,747 [INFO] Starting ranging mode
ptd-server 2022-07-28 16:30:56,747 [INFO] Sending to ptd: 'Go,1000,0,2022-07-28_16-30-28_ranging'
ptd-server 2022-07-28 16:30:56,748 [INFO] Reply from ptd: 'Starting untimed measurement, maximum 500000 samples at 1000ms with 0 rampup samples'
ptd-server 2022-07-28 16:30:56,748 [INFO] Sending reply to client 'OK'
ptd-server 2022-07-28 16:41:13,032 [INFO] Got command from the client 'session,2022-07-28_16-30-28,stop,ranging'
ptd-server 2022-07-28 16:41:23,042 [INFO] Sending to ptd: 'Stop'
ptd-server 2022-07-28 16:41:23,043 [INFO] Reply from ptd: 'Stopping untimed measurement'
ptd-server 2022-07-28 16:41:24,180 [INFO] Sending reply to client 'OK'
ptd-server 2022-07-28 16:41:24,249 [INFO] Got command from the client 'time'
ptd-server 2022-07-28 16:41:24,249 [INFO] Sending reply to client '1659022884.249215'
ptd-server 2022-07-28 16:41:24,255 [INFO] Got command from the client 'session,2022-07-28_16-30-28,start,testing'
ptd-server 2022-07-28 16:41:24,255 [INFO] Sending to ptd: 'SR,V,251.690000'
ptd-server 2022-07-28 16:41:25,756 [INFO] Reply from ptd: 'Range V changed'
ptd-server 2022-07-28 16:41:25,756 [INFO] Sending to ptd: 'SR,A,0.057850'
ptd-server 2022-07-28 16:41:27,257 [INFO] Reply from ptd: 'Range A changed'
ptd-server 2022-07-28 16:41:37,268 [INFO] Starting testing mode
ptd-server 2022-07-28 16:41:37,268 [INFO] Sending to ptd: 'Go,1000,0,2022-07-28_16-30-28_testing'
ptd-server 2022-07-28 16:41:37,268 [INFO] Reply from ptd: 'Starting untimed measurement, maximum 500000 samples at 1000ms with 0 rampup samples'
ptd-server 2022-07-28 16:41:37,269 [INFO] Sending reply to client 'OK'
ptd-server 2022-07-28 16:51:53,527 [INFO] Got command from the client 'session,2022-07-28_16-30-28,stop,testing'
ptd-server 2022-07-28 16:52:03,538 [INFO] Sending to ptd: 'Stop'
ptd-server 2022-07-28 16:52:03,538 [INFO] Reply from ptd: 'Stopping untimed measurement'
ptd-server 2022-07-28 16:52:04,092 [INFO] Sending reply to client 'OK'
ptd-server 2022-07-28 16:52:04,113 [INFO] Got command from the client 'session,2022-07-28_16-30-28,done'
ptd-server 2022-07-28 16:52:04,113 [INFO] Sending to ptd: 'Stop'
ptd-server 2022-07-28 16:52:04,269 [INFO] Reply from ptd: 'Error: no measurement to stop'
ptd-server 2022-07-28 16:52:04,269 [INFO] Sending to ptd: 'SR,V,Auto'
ptd-server 2022-07-28 16:52:04,771 [INFO] Reply from ptd: 'Range V changed'
ptd-server 2022-07-28 16:52:04,772 [INFO] Sending to ptd: 'SR,A,0.500000'
ptd-server 2022-07-28 16:52:06,273 [INFO] Reply from ptd: 'Range A changed'
ptd-server 2022-07-28 16:52:06,273 [INFO] Set initial values for Amps 0.500000 and Volts Auto
ptd-server 2022-07-28 16:52:06,273 [INFO] Stopping ptd...
