ptd-server 2022-08-04 05:51:04,586 [INFO] Got command from the client 'time'
ptd-server 2022-08-04 05:51:04,586 [INFO] Sending reply to client '1659610264.5865314'
ptd-server 2022-08-04 05:51:04,588 [INFO] Got command from the client 'new,,12a05569-61b7-4d18-8592-cc3837e99034'
ptd-server 2022-08-04 05:51:04,588 [INFO] Sending reply to client 'OK 2022-08-04_05-51-04,da1a444f-6065-44b7-a991-b5e2d784f858'
ptd-server 2022-08-04 05:51:04,692 [INFO] Got command from the client 'time'
ptd-server 2022-08-04 05:51:04,692 [INFO] Sending reply to client '1659610264.6926098'
ptd-server 2022-08-04 05:51:04,694 [INFO] Got command from the client 'session,2022-08-04_05-51-04,start,ranging'
ptd-server 2022-08-04 05:51:04,694 [INFO] Running PTDaemon: ['/local/mnt/workspace/mlcommons/power-main/inference_v1.0/ptd-linux-x86', '-l', '/tmp/tmpgw0prjiw/ptd_logfile.txt', '-p', '8880', '-c', '1', '52', '/dev/usbtmc0']
ptd-server 2022-08-04 05:51:21,818 [INFO] Sending to ptd: 'Hello'
ptd-server 2022-08-04 05:51:21,819 [INFO] Reply from ptd: 'Hello, PTDaemon here!'
ptd-server 2022-08-04 05:51:21,819 [INFO] Sending to ptd: 'Identify'
ptd-server 2022-08-04 05:51:21,819 [INFO] Reply from ptd: 'YokogawaWT330,1000,1,1,1,1,0,0,1,version=1.9.2-e8c7a49a-20201208,OS=Linux 5.4.0-96-generic #109~18.04.1-Ubuntu SMP Thu Jan 13 15:06:26 UTC 2022 x86_64,mode=power,1,1,1,0,0,no_cal_date,YOKOGAWA;WT333;C2SF14011V;F1.01EM'
ptd-server 2022-08-04 05:51:21,820 [INFO] Connected to PTDaemon
ptd-server 2022-08-04 05:51:21,820 [INFO] Sending to ptd: 'RR'
ptd-server 2022-08-04 05:51:21,820 [INFO] Reply from ptd: 'Ranges,0,5.000000,0,150.000000'
ptd-server 2022-08-04 05:51:21,820 [INFO] Initial range for Amps is 5.000000 for Volts is 150.000000
ptd-server 2022-08-04 05:51:21,821 [INFO] Sending to ptd: 'SR,V,Auto'
ptd-server 2022-08-04 05:51:22,324 [INFO] Reply from ptd: 'Range V changed'
ptd-server 2022-08-04 05:51:22,324 [INFO] Sending to ptd: 'SR,A,20'
ptd-server 2022-08-04 05:51:23,826 [INFO] Reply from ptd: 'Range A changed'
ptd-server 2022-08-04 05:51:33,837 [INFO] Starting ranging mode
ptd-server 2022-08-04 05:51:33,837 [INFO] Sending to ptd: 'Go,1000,0,2022-08-04_05-51-04_ranging'
ptd-server 2022-08-04 05:51:33,838 [INFO] Reply from ptd: 'Starting untimed measurement, maximum 500000 samples at 1000ms with 0 rampup samples'
ptd-server 2022-08-04 05:51:33,838 [INFO] Sending reply to client 'OK'
ptd-server 2022-08-04 06:03:01,470 [INFO] Got command from the client 'session,2022-08-04_05-51-04,stop,ranging'
ptd-server 2022-08-04 06:03:11,481 [INFO] Sending to ptd: 'Stop'
ptd-server 2022-08-04 06:03:11,481 [INFO] Reply from ptd: 'Stopping untimed measurement'
ptd-server 2022-08-04 06:03:11,521 [INFO] Sending reply to client 'OK'
ptd-server 2022-08-04 06:03:11,613 [INFO] Got command from the client 'time'
ptd-server 2022-08-04 06:03:11,613 [INFO] Sending reply to client '1659610991.613264'
ptd-server 2022-08-04 06:03:11,614 [INFO] Got command from the client 'session,2022-08-04_05-51-04,start,testing'
ptd-server 2022-08-04 06:03:11,615 [INFO] Sending to ptd: 'SR,V,121.640000'
ptd-server 2022-08-04 06:03:13,341 [INFO] Reply from ptd: 'Range V changed'
ptd-server 2022-08-04 06:03:13,341 [INFO] Sending to ptd: 'SR,A,1.866000'
ptd-server 2022-08-04 06:03:14,843 [INFO] Reply from ptd: 'Range A changed'
ptd-server 2022-08-04 06:03:24,854 [INFO] Starting testing mode
ptd-server 2022-08-04 06:03:24,854 [INFO] Sending to ptd: 'Go,1000,0,2022-08-04_05-51-04_testing'
ptd-server 2022-08-04 06:03:24,855 [INFO] Reply from ptd: 'Starting untimed measurement, maximum 500000 samples at 1000ms with 0 rampup samples'
ptd-server 2022-08-04 06:03:24,855 [INFO] Sending reply to client 'OK'
ptd-server 2022-08-04 06:14:52,367 [INFO] Got command from the client 'session,2022-08-04_05-51-04,stop,testing'
ptd-server 2022-08-04 06:15:02,378 [INFO] Sending to ptd: 'Stop'
ptd-server 2022-08-04 06:15:02,379 [INFO] Reply from ptd: 'Stopping untimed measurement'
ptd-server 2022-08-04 06:15:02,400 [INFO] Sending reply to client 'OK'
ptd-server 2022-08-04 06:15:02,407 [INFO] Got command from the client 'session,2022-08-04_05-51-04,done'
ptd-server 2022-08-04 06:15:02,407 [INFO] Sending to ptd: 'Stop'
ptd-server 2022-08-04 06:15:02,856 [INFO] Reply from ptd: 'Error: no measurement to stop'
ptd-server 2022-08-04 06:15:02,856 [INFO] Sending to ptd: 'SR,V,150.000000'
ptd-server 2022-08-04 06:15:04,359 [INFO] Reply from ptd: 'Range V changed'
ptd-server 2022-08-04 06:15:04,359 [INFO] Sending to ptd: 'SR,A,5.000000'
ptd-server 2022-08-04 06:15:05,861 [INFO] Reply from ptd: 'Range A changed'
ptd-server 2022-08-04 06:15:05,861 [INFO] Set initial values for Amps 5.000000 and Volts 150.000000
ptd-server 2022-08-04 06:15:05,862 [INFO] Stopping ptd...
