ptd-server 2022-07-31 07:37:04,994 [INFO] Got command from the client 'time'
ptd-server 2022-07-31 07:37:04,994 [INFO] Sending reply to client '1659249424.994653'
ptd-server 2022-07-31 07:37:04,995 [INFO] Got command from the client 'new,,05a52fce-ee4a-4283-8d32-72de5878065f'
ptd-server 2022-07-31 07:37:04,996 [INFO] Sending reply to client 'OK 2022-07-31_07-37-04,145c2f4f-1e7e-4a66-bb14-78199204066d'
ptd-server 2022-07-31 07:37:05,034 [INFO] Got command from the client 'time'
ptd-server 2022-07-31 07:37:05,034 [INFO] Sending reply to client '1659249425.034588'
ptd-server 2022-07-31 07:37:05,035 [INFO] Got command from the client 'session,2022-07-31_07-37-04,start,ranging'
ptd-server 2022-07-31 07:37:05,035 [INFO] Running PTDaemon: ['/home/anton/projects/mlperf/power/inference_v1.0/ptd-linux-x86', '-l', '/tmp/tmp7lgbo8s4/ptd_logfile.txt', '-p', '8888', '49', '/dev/usbtmc0']
ptd-server 2022-07-31 07:37:22,210 [INFO] Sending to ptd: 'Hello'
ptd-server 2022-07-31 07:37:22,210 [INFO] Reply from ptd: 'Hello, PTDaemon here!'
ptd-server 2022-07-31 07:37:22,210 [INFO] Sending to ptd: 'Identify'
ptd-server 2022-07-31 07:37:22,211 [INFO] Reply from ptd: 'YokogawaWT310E,1000,1,1,1,1,0,1,1,version=1.9.2-e8c7a49a-20201208,OS=Linux 5.13.0-52-generic #59~20.04.1-Ubuntu SMP Thu Jun 16 21:21:28 UTC 2022 x86_64,mode=power,1,1,1,0,0,no_cal_date,YOKOGAWA;WT310E;C3XA04010E;F1.04'
ptd-server 2022-07-31 07:37:22,211 [INFO] Connected to PTDaemon
ptd-server 2022-07-31 07:37:22,211 [INFO] Sending to ptd: 'RR'
ptd-server 2022-07-31 07:37:22,211 [INFO] Reply from ptd: 'Ranges,0,0.500000,1,300.000000'
ptd-server 2022-07-31 07:37:22,212 [INFO] Initial range for Amps is 0.500000 for Volts is Auto
ptd-server 2022-07-31 07:37:22,212 [INFO] Sending to ptd: 'SR,V,Auto'
ptd-server 2022-07-31 07:37:22,714 [INFO] Reply from ptd: 'Range V changed'
ptd-server 2022-07-31 07:37:22,714 [INFO] Sending to ptd: 'SR,A,Auto'
ptd-server 2022-07-31 07:37:23,217 [INFO] Reply from ptd: 'Range A changed'
ptd-server 2022-07-31 07:37:33,223 [INFO] Starting ranging mode
ptd-server 2022-07-31 07:37:33,223 [INFO] Sending to ptd: 'Go,1000,0,2022-07-31_07-37-04_ranging'
ptd-server 2022-07-31 07:37:33,224 [INFO] Reply from ptd: 'Starting untimed measurement, maximum 500000 samples at 1000ms with 0 rampup samples'
ptd-server 2022-07-31 07:37:33,224 [INFO] Sending reply to client 'OK'
ptd-server 2022-07-31 07:47:47,934 [INFO] Got command from the client 'session,2022-07-31_07-37-04,stop,ranging'
ptd-server 2022-07-31 07:47:57,944 [INFO] Sending to ptd: 'Stop'
ptd-server 2022-07-31 07:47:57,945 [INFO] Reply from ptd: 'Stopping untimed measurement'
ptd-server 2022-07-31 07:47:59,214 [INFO] Sending reply to client 'OK'
ptd-server 2022-07-31 07:47:59,290 [INFO] Got command from the client 'time'
ptd-server 2022-07-31 07:47:59,290 [INFO] Sending reply to client '1659250079.29046'
ptd-server 2022-07-31 07:47:59,291 [INFO] Got command from the client 'session,2022-07-31_07-37-04,start,testing'
ptd-server 2022-07-31 07:47:59,291 [INFO] Sending to ptd: 'SR,V,249.690000'
ptd-server 2022-07-31 07:48:00,793 [INFO] Reply from ptd: 'Range V changed'
ptd-server 2022-07-31 07:48:00,793 [INFO] Sending to ptd: 'SR,A,0.205330'
ptd-server 2022-07-31 07:48:02,294 [INFO] Reply from ptd: 'Range A changed'
ptd-server 2022-07-31 07:48:12,305 [INFO] Starting testing mode
ptd-server 2022-07-31 07:48:12,305 [INFO] Sending to ptd: 'Go,1000,0,2022-07-31_07-37-04_testing'
ptd-server 2022-07-31 07:48:12,305 [INFO] Reply from ptd: 'Starting untimed measurement, maximum 500000 samples at 1000ms with 0 rampup samples'
ptd-server 2022-07-31 07:48:12,305 [INFO] Sending reply to client 'OK'
ptd-server 2022-07-31 07:58:23,669 [INFO] Got command from the client 'session,2022-07-31_07-37-04,stop,testing'
ptd-server 2022-07-31 07:58:33,679 [INFO] Sending to ptd: 'Stop'
ptd-server 2022-07-31 07:58:33,680 [INFO] Reply from ptd: 'Stopping untimed measurement'
ptd-server 2022-07-31 07:58:34,327 [INFO] Sending reply to client 'OK'
ptd-server 2022-07-31 07:58:34,349 [INFO] Got command from the client 'session,2022-07-31_07-37-04,done'
ptd-server 2022-07-31 07:58:34,349 [INFO] Sending to ptd: 'Stop'
ptd-server 2022-07-31 07:58:34,350 [INFO] Reply from ptd: 'Error: no measurement to stop'
ptd-server 2022-07-31 07:58:34,350 [INFO] Sending to ptd: 'SR,V,Auto'
ptd-server 2022-07-31 07:58:34,852 [INFO] Reply from ptd: 'Range V changed'
ptd-server 2022-07-31 07:58:34,852 [INFO] Sending to ptd: 'SR,A,0.500000'
ptd-server 2022-07-31 07:58:36,354 [INFO] Reply from ptd: 'Range A changed'
ptd-server 2022-07-31 07:58:36,354 [INFO] Set initial values for Amps 0.500000 and Volts Auto
ptd-server 2022-07-31 07:58:36,354 [INFO] Stopping ptd...
