ptd-server 2022-07-27 08:48:43,946 [INFO] Got command from the client 'time'
ptd-server 2022-07-27 08:48:43,947 [INFO] Sending reply to client '1658908123.946983'
ptd-server 2022-07-27 08:48:43,951 [INFO] Got command from the client 'new,,ee4f3157-4d52-4b73-836c-7a83fd649c38'
ptd-server 2022-07-27 08:48:43,951 [INFO] Sending reply to client 'OK 2022-07-27_08-48-43,1997236c-130f-446c-8f20-40054af5a76e'
ptd-server 2022-07-27 08:48:44,050 [INFO] Got command from the client 'time'
ptd-server 2022-07-27 08:48:44,050 [INFO] Sending reply to client '1658908124.0504568'
ptd-server 2022-07-27 08:48:44,054 [INFO] Got command from the client 'session,2022-07-27_08-48-43,start,ranging'
ptd-server 2022-07-27 08:48:44,054 [INFO] Running PTDaemon: ['/home/anton/projects/mlperf/power/inference_v1.0/ptd-linux-x86', '-l', '/tmp/tmp7lgbo8s4/ptd_logfile.txt', '-p', '8888', '49', '/dev/usbtmc0']
ptd-server 2022-07-27 08:49:01,229 [INFO] Sending to ptd: 'Hello'
ptd-server 2022-07-27 08:49:01,230 [INFO] Reply from ptd: 'Hello, PTDaemon here!'
ptd-server 2022-07-27 08:49:01,230 [INFO] Sending to ptd: 'Identify'
ptd-server 2022-07-27 08:49:01,230 [INFO] Reply from ptd: 'YokogawaWT310E,1000,1,1,1,1,0,1,1,version=1.9.2-e8c7a49a-20201208,OS=Linux 5.13.0-52-generic #59~20.04.1-Ubuntu SMP Thu Jun 16 21:21:28 UTC 2022 x86_64,mode=power,1,1,1,0,0,no_cal_date,YOKOGAWA;WT310E;C3XA04010E;F1.04'
ptd-server 2022-07-27 08:49:01,230 [INFO] Connected to PTDaemon
ptd-server 2022-07-27 08:49:01,230 [INFO] Sending to ptd: 'RR'
ptd-server 2022-07-27 08:49:01,231 [INFO] Reply from ptd: 'Ranges,0,0.500000,1,300.000000'
ptd-server 2022-07-27 08:49:01,231 [INFO] Initial range for Amps is 0.500000 for Volts is Auto
ptd-server 2022-07-27 08:49:01,231 [INFO] Sending to ptd: 'SR,V,Auto'
ptd-server 2022-07-27 08:49:01,734 [INFO] Reply from ptd: 'Range V changed'
ptd-server 2022-07-27 08:49:01,734 [INFO] Sending to ptd: 'SR,A,Auto'
ptd-server 2022-07-27 08:49:02,236 [INFO] Reply from ptd: 'Range A changed'
ptd-server 2022-07-27 08:49:12,246 [INFO] Starting ranging mode
ptd-server 2022-07-27 08:49:12,247 [INFO] Sending to ptd: 'Go,1000,0,2022-07-27_08-48-43_ranging'
ptd-server 2022-07-27 08:49:12,247 [INFO] Reply from ptd: 'Starting untimed measurement, maximum 500000 samples at 1000ms with 0 rampup samples'
ptd-server 2022-07-27 08:49:12,247 [INFO] Sending reply to client 'OK'
ptd-server 2022-07-27 08:59:27,493 [INFO] Got command from the client 'session,2022-07-27_08-48-43,stop,ranging'
ptd-server 2022-07-27 08:59:37,494 [INFO] Sending to ptd: 'Stop'
ptd-server 2022-07-27 08:59:37,495 [INFO] Reply from ptd: 'Stopping untimed measurement'
ptd-server 2022-07-27 08:59:38,429 [INFO] Sending reply to client 'OK'
ptd-server 2022-07-27 08:59:38,604 [INFO] Got command from the client 'time'
ptd-server 2022-07-27 08:59:38,604 [INFO] Sending reply to client '1658908778.6043735'
ptd-server 2022-07-27 08:59:38,607 [INFO] Got command from the client 'session,2022-07-27_08-48-43,start,testing'
ptd-server 2022-07-27 08:59:38,607 [INFO] Sending to ptd: 'SR,V,250.860000'
ptd-server 2022-07-27 08:59:40,109 [INFO] Reply from ptd: 'Range V changed'
ptd-server 2022-07-27 08:59:40,109 [INFO] Sending to ptd: 'SR,A,0.040620'
ptd-server 2022-07-27 08:59:41,610 [INFO] Reply from ptd: 'Range A changed'
ptd-server 2022-07-27 08:59:51,621 [INFO] Starting testing mode
ptd-server 2022-07-27 08:59:51,621 [INFO] Sending to ptd: 'Go,1000,0,2022-07-27_08-48-43_testing'
ptd-server 2022-07-27 08:59:51,621 [INFO] Reply from ptd: 'Starting untimed measurement, maximum 500000 samples at 1000ms with 0 rampup samples'
ptd-server 2022-07-27 08:59:51,621 [INFO] Sending reply to client 'OK'
ptd-server 2022-07-27 09:10:07,052 [INFO] Got command from the client 'session,2022-07-27_08-48-43,stop,testing'
ptd-server 2022-07-27 09:10:17,060 [INFO] Sending to ptd: 'Stop'
ptd-server 2022-07-27 09:10:17,060 [INFO] Reply from ptd: 'Stopping untimed measurement'
ptd-server 2022-07-27 09:10:17,553 [INFO] Sending reply to client 'OK'
ptd-server 2022-07-27 09:10:17,573 [INFO] Got command from the client 'session,2022-07-27_08-48-43,done'
ptd-server 2022-07-27 09:10:17,573 [INFO] Sending to ptd: 'Stop'
ptd-server 2022-07-27 09:10:17,621 [INFO] Reply from ptd: 'Error: no measurement to stop'
ptd-server 2022-07-27 09:10:17,621 [INFO] Sending to ptd: 'SR,V,Auto'
ptd-server 2022-07-27 09:10:18,124 [INFO] Reply from ptd: 'Range V changed'
ptd-server 2022-07-27 09:10:18,124 [INFO] Sending to ptd: 'SR,A,0.500000'
ptd-server 2022-07-27 09:10:19,625 [INFO] Reply from ptd: 'Range A changed'
ptd-server 2022-07-27 09:10:19,626 [INFO] Set initial values for Amps 0.500000 and Volts Auto
ptd-server 2022-07-27 09:10:19,626 [INFO] Stopping ptd...
