ptd-server 2022-08-02 13:17:25,214 [INFO] Got command from the client 'time'
ptd-server 2022-08-02 13:17:25,214 [INFO] Sending reply to client '1659442645.2143426'
ptd-server 2022-08-02 13:17:25,215 [INFO] Got command from the client 'new,,40de00ac-bf10-4159-ad7e-a3aa740aa958'
ptd-server 2022-08-02 13:17:25,215 [INFO] Sending reply to client 'OK 2022-08-02_13-17-25,be01b84d-93ea-462e-98e6-3d932eb6ab8c'
ptd-server 2022-08-02 13:17:25,254 [INFO] Got command from the client 'time'
ptd-server 2022-08-02 13:17:25,254 [INFO] Sending reply to client '1659442645.2545896'
ptd-server 2022-08-02 13:17:25,255 [INFO] Got command from the client 'session,2022-08-02_13-17-25,start,ranging'
ptd-server 2022-08-02 13:17:25,255 [INFO] Running PTDaemon: ['/home/anton/projects/mlperf/power/inference_v1.0/ptd-linux-x86', '-l', '/tmp/tmp7lgbo8s4/ptd_logfile.txt', '-p', '8888', '49', '/dev/usbtmc0']
ptd-server 2022-08-02 13:17:42,430 [INFO] Sending to ptd: 'Hello'
ptd-server 2022-08-02 13:17:42,431 [INFO] Reply from ptd: 'Hello, PTDaemon here!'
ptd-server 2022-08-02 13:17:42,431 [INFO] Sending to ptd: 'Identify'
ptd-server 2022-08-02 13:17:42,431 [INFO] Reply from ptd: 'YokogawaWT310E,1000,1,1,1,1,0,1,1,version=1.9.2-e8c7a49a-20201208,OS=Linux 5.13.0-52-generic #59~20.04.1-Ubuntu SMP Thu Jun 16 21:21:28 UTC 2022 x86_64,mode=power,1,1,1,0,0,no_cal_date,YOKOGAWA;WT310E;C3XA04010E;F1.04'
ptd-server 2022-08-02 13:17:42,431 [INFO] Connected to PTDaemon
ptd-server 2022-08-02 13:17:42,431 [INFO] Sending to ptd: 'RR'
ptd-server 2022-08-02 13:17:42,432 [INFO] Reply from ptd: 'Ranges,0,0.500000,1,300.000000'
ptd-server 2022-08-02 13:17:42,432 [INFO] Initial range for Amps is 0.500000 for Volts is Auto
ptd-server 2022-08-02 13:17:42,432 [INFO] Sending to ptd: 'SR,V,Auto'
ptd-server 2022-08-02 13:17:42,934 [INFO] Reply from ptd: 'Range V changed'
ptd-server 2022-08-02 13:17:42,935 [INFO] Sending to ptd: 'SR,A,Auto'
ptd-server 2022-08-02 13:17:43,437 [INFO] Reply from ptd: 'Range A changed'
ptd-server 2022-08-02 13:17:53,447 [INFO] Starting ranging mode
ptd-server 2022-08-02 13:17:53,448 [INFO] Sending to ptd: 'Go,1000,0,2022-08-02_13-17-25_ranging'
ptd-server 2022-08-02 13:17:53,448 [INFO] Reply from ptd: 'Starting untimed measurement, maximum 500000 samples at 1000ms with 0 rampup samples'
ptd-server 2022-08-02 13:17:53,448 [INFO] Sending reply to client 'OK'
ptd-server 2022-08-02 13:28:07,644 [INFO] Got command from the client 'session,2022-08-02_13-17-25,stop,ranging'
ptd-server 2022-08-02 13:28:17,655 [INFO] Sending to ptd: 'Stop'
ptd-server 2022-08-02 13:28:17,655 [INFO] Reply from ptd: 'Stopping untimed measurement'
ptd-server 2022-08-02 13:28:19,174 [INFO] Sending reply to client 'OK'
ptd-server 2022-08-02 13:28:19,228 [INFO] Got command from the client 'time'
ptd-server 2022-08-02 13:28:19,228 [INFO] Sending reply to client '1659443299.2288537'
ptd-server 2022-08-02 13:28:19,230 [INFO] Got command from the client 'session,2022-08-02_13-17-25,start,testing'
ptd-server 2022-08-02 13:28:19,230 [INFO] Sending to ptd: 'SR,V,251.940000'
ptd-server 2022-08-02 13:28:20,731 [INFO] Reply from ptd: 'Range V changed'
ptd-server 2022-08-02 13:28:20,731 [INFO] Sending to ptd: 'SR,A,0.266660'
ptd-server 2022-08-02 13:28:22,233 [INFO] Reply from ptd: 'Range A changed'
ptd-server 2022-08-02 13:28:32,243 [INFO] Starting testing mode
ptd-server 2022-08-02 13:28:32,243 [INFO] Sending to ptd: 'Go,1000,0,2022-08-02_13-17-25_testing'
ptd-server 2022-08-02 13:28:32,244 [INFO] Reply from ptd: 'Starting untimed measurement, maximum 500000 samples at 1000ms with 0 rampup samples'
ptd-server 2022-08-02 13:28:32,244 [INFO] Sending reply to client 'OK'
ptd-server 2022-08-02 13:38:46,388 [INFO] Got command from the client 'session,2022-08-02_13-17-25,stop,testing'
ptd-server 2022-08-02 13:38:56,398 [INFO] Sending to ptd: 'Stop'
ptd-server 2022-08-02 13:38:56,399 [INFO] Reply from ptd: 'Stopping untimed measurement'
ptd-server 2022-08-02 13:38:57,171 [INFO] Sending reply to client 'OK'
ptd-server 2022-08-02 13:38:57,185 [INFO] Got command from the client 'session,2022-08-02_13-17-25,done'
ptd-server 2022-08-02 13:38:57,185 [INFO] Sending to ptd: 'Stop'
ptd-server 2022-08-02 13:38:57,245 [INFO] Reply from ptd: 'Error: no measurement to stop'
ptd-server 2022-08-02 13:38:57,245 [INFO] Sending to ptd: 'SR,V,Auto'
ptd-server 2022-08-02 13:38:57,747 [INFO] Reply from ptd: 'Range V changed'
ptd-server 2022-08-02 13:38:57,747 [INFO] Sending to ptd: 'SR,A,0.500000'
ptd-server 2022-08-02 13:38:59,249 [INFO] Reply from ptd: 'Range A changed'
ptd-server 2022-08-02 13:38:59,249 [INFO] Set initial values for Amps 0.500000 and Volts Auto
ptd-server 2022-08-02 13:38:59,249 [INFO] Stopping ptd...
