ptd-server 2022-07-24 15:59:11,120 [INFO] Got command from the client 'time'
ptd-server 2022-07-24 15:59:11,120 [INFO] Sending reply to client '1658674751.1201432'
ptd-server 2022-07-24 15:59:11,121 [INFO] Got command from the client 'new,,eec16d13-b613-4888-865d-474e03c11893'
ptd-server 2022-07-24 15:59:11,121 [INFO] Sending reply to client 'OK 2022-07-24_15-59-11,f1be0a5b-a4ee-4fc9-b7af-19860953df5c'
ptd-server 2022-07-24 15:59:11,150 [INFO] Got command from the client 'time'
ptd-server 2022-07-24 15:59:11,150 [INFO] Sending reply to client '1658674751.1501722'
ptd-server 2022-07-24 15:59:11,151 [INFO] Got command from the client 'session,2022-07-24_15-59-11,start,ranging'
ptd-server 2022-07-24 15:59:11,151 [INFO] Running PTDaemon: ['/home/anton/projects/mlperf/power/inference_v1.0/ptd-linux-x86', '-l', '/tmp/tmp7lgbo8s4/ptd_logfile.txt', '-p', '8888', '49', '/dev/usbtmc0']
ptd-server 2022-07-24 15:59:28,326 [INFO] Sending to ptd: 'Hello'
ptd-server 2022-07-24 15:59:28,326 [INFO] Reply from ptd: 'Hello, PTDaemon here!'
ptd-server 2022-07-24 15:59:28,326 [INFO] Sending to ptd: 'Identify'
ptd-server 2022-07-24 15:59:28,327 [INFO] Reply from ptd: 'YokogawaWT310E,1000,1,1,1,1,0,1,1,version=1.9.2-e8c7a49a-20201208,OS=Linux 5.13.0-52-generic #59~20.04.1-Ubuntu SMP Thu Jun 16 21:21:28 UTC 2022 x86_64,mode=power,1,1,1,0,0,no_cal_date,YOKOGAWA;WT310E;C3XA04010E;F1.04'
ptd-server 2022-07-24 15:59:28,327 [INFO] Connected to PTDaemon
ptd-server 2022-07-24 15:59:28,327 [INFO] Sending to ptd: 'RR'
ptd-server 2022-07-24 15:59:28,327 [INFO] Reply from ptd: 'Ranges,0,0.500000,1,300.000000'
ptd-server 2022-07-24 15:59:28,328 [INFO] Initial range for Amps is 0.500000 for Volts is Auto
ptd-server 2022-07-24 15:59:28,328 [INFO] Sending to ptd: 'SR,V,Auto'
ptd-server 2022-07-24 15:59:28,830 [INFO] Reply from ptd: 'Range V changed'
ptd-server 2022-07-24 15:59:28,830 [INFO] Sending to ptd: 'SR,A,Auto'
ptd-server 2022-07-24 15:59:29,333 [INFO] Reply from ptd: 'Range A changed'
ptd-server 2022-07-24 15:59:39,337 [INFO] Starting ranging mode
ptd-server 2022-07-24 15:59:39,337 [INFO] Sending to ptd: 'Go,1000,0,2022-07-24_15-59-11_ranging'
ptd-server 2022-07-24 15:59:39,337 [INFO] Reply from ptd: 'Starting untimed measurement, maximum 500000 samples at 1000ms with 0 rampup samples'
ptd-server 2022-07-24 15:59:39,337 [INFO] Sending reply to client 'OK'
ptd-server 2022-07-24 16:10:21,332 [INFO] Got command from the client 'session,2022-07-24_15-59-11,stop,ranging'
ptd-server 2022-07-24 16:10:31,337 [INFO] Sending to ptd: 'Stop'
ptd-server 2022-07-24 16:10:31,337 [INFO] Reply from ptd: 'Stopping untimed measurement'
ptd-server 2022-07-24 16:10:32,056 [INFO] Sending reply to client 'OK'
ptd-server 2022-07-24 16:10:32,115 [INFO] Got command from the client 'time'
ptd-server 2022-07-24 16:10:32,115 [INFO] Sending reply to client '1658675432.1155968'
ptd-server 2022-07-24 16:10:32,116 [INFO] Got command from the client 'session,2022-07-24_15-59-11,start,testing'
ptd-server 2022-07-24 16:10:32,116 [INFO] Sending to ptd: 'SR,V,250.520000'
ptd-server 2022-07-24 16:10:33,838 [INFO] Reply from ptd: 'Range V changed'
ptd-server 2022-07-24 16:10:33,839 [INFO] Sending to ptd: 'SR,A,0.053930'
ptd-server 2022-07-24 16:10:35,340 [INFO] Reply from ptd: 'Range A changed'
ptd-server 2022-07-24 16:10:45,350 [INFO] Starting testing mode
ptd-server 2022-07-24 16:10:45,350 [INFO] Sending to ptd: 'Go,1000,0,2022-07-24_15-59-11_testing'
ptd-server 2022-07-24 16:10:45,351 [INFO] Reply from ptd: 'Starting untimed measurement, maximum 500000 samples at 1000ms with 0 rampup samples'
ptd-server 2022-07-24 16:10:45,351 [INFO] Sending reply to client 'OK'
ptd-server 2022-07-24 16:21:27,179 [INFO] Got command from the client 'session,2022-07-24_15-59-11,stop,testing'
ptd-server 2022-07-24 16:21:37,190 [INFO] Sending to ptd: 'Stop'
ptd-server 2022-07-24 16:21:37,190 [INFO] Reply from ptd: 'Stopping untimed measurement'
ptd-server 2022-07-24 16:21:37,565 [INFO] Sending reply to client 'OK'
ptd-server 2022-07-24 16:21:37,573 [INFO] Got command from the client 'session,2022-07-24_15-59-11,done'
ptd-server 2022-07-24 16:21:37,573 [INFO] Sending to ptd: 'Stop'
ptd-server 2022-07-24 16:21:37,573 [INFO] Reply from ptd: 'Error: no measurement to stop'
ptd-server 2022-07-24 16:21:37,573 [INFO] Sending to ptd: 'SR,V,Auto'
ptd-server 2022-07-24 16:21:38,076 [INFO] Reply from ptd: 'Range V changed'
ptd-server 2022-07-24 16:21:38,076 [INFO] Sending to ptd: 'SR,A,0.500000'
ptd-server 2022-07-24 16:21:39,577 [INFO] Reply from ptd: 'Range A changed'
ptd-server 2022-07-24 16:21:39,577 [INFO] Set initial values for Amps 0.500000 and Volts Auto
ptd-server 2022-07-24 16:21:39,577 [INFO] Stopping ptd...
