ptd-server 2022-08-02 18:21:03,898 [INFO] Got command from the client 'time'
ptd-server 2022-08-02 18:21:03,898 [INFO] Sending reply to client '1659460863.8988206'
ptd-server 2022-08-02 18:21:03,899 [INFO] Got command from the client 'new,,2c119b58-c988-43a8-8852-059dee1030c2'
ptd-server 2022-08-02 18:21:03,900 [INFO] Sending reply to client 'OK 2022-08-02_18-21-03,29bc5e72-5737-463f-addf-c7a4e61d14d2'
ptd-server 2022-08-02 18:21:03,938 [INFO] Got command from the client 'time'
ptd-server 2022-08-02 18:21:03,938 [INFO] Sending reply to client '1659460863.9386601'
ptd-server 2022-08-02 18:21:03,939 [INFO] Got command from the client 'session,2022-08-02_18-21-03,start,ranging'
ptd-server 2022-08-02 18:21:03,939 [INFO] Running PTDaemon: ['/home/anton/projects/mlperf/power/inference_v1.0/ptd-linux-x86', '-l', '/tmp/tmp7lgbo8s4/ptd_logfile.txt', '-p', '8888', '49', '/dev/usbtmc0']
ptd-server 2022-08-02 18:21:21,113 [INFO] Sending to ptd: 'Hello'
ptd-server 2022-08-02 18:21:21,114 [INFO] Reply from ptd: 'Hello, PTDaemon here!'
ptd-server 2022-08-02 18:21:21,114 [INFO] Sending to ptd: 'Identify'
ptd-server 2022-08-02 18:21:21,115 [INFO] Reply from ptd: 'YokogawaWT310E,1000,1,1,1,1,0,1,1,version=1.9.2-e8c7a49a-20201208,OS=Linux 5.13.0-52-generic #59~20.04.1-Ubuntu SMP Thu Jun 16 21:21:28 UTC 2022 x86_64,mode=power,1,1,1,0,0,no_cal_date,YOKOGAWA;WT310E;C3XA04010E;F1.04'
ptd-server 2022-08-02 18:21:21,115 [INFO] Connected to PTDaemon
ptd-server 2022-08-02 18:21:21,115 [INFO] Sending to ptd: 'RR'
ptd-server 2022-08-02 18:21:21,115 [INFO] Reply from ptd: 'Ranges,0,0.500000,1,300.000000'
ptd-server 2022-08-02 18:21:21,115 [INFO] Initial range for Amps is 0.500000 for Volts is Auto
ptd-server 2022-08-02 18:21:21,115 [INFO] Sending to ptd: 'SR,V,Auto'
ptd-server 2022-08-02 18:21:21,618 [INFO] Reply from ptd: 'Range V changed'
ptd-server 2022-08-02 18:21:21,618 [INFO] Sending to ptd: 'SR,A,Auto'
ptd-server 2022-08-02 18:21:22,121 [INFO] Reply from ptd: 'Range A changed'
ptd-server 2022-08-02 18:21:32,131 [INFO] Starting ranging mode
ptd-server 2022-08-02 18:21:32,131 [INFO] Sending to ptd: 'Go,1000,0,2022-08-02_18-21-03_ranging'
ptd-server 2022-08-02 18:21:32,132 [INFO] Reply from ptd: 'Starting untimed measurement, maximum 500000 samples at 1000ms with 0 rampup samples'
ptd-server 2022-08-02 18:21:32,132 [INFO] Sending reply to client 'OK'
ptd-server 2022-08-02 18:31:46,824 [INFO] Got command from the client 'session,2022-08-02_18-21-03,stop,ranging'
ptd-server 2022-08-02 18:31:56,834 [INFO] Sending to ptd: 'Stop'
ptd-server 2022-08-02 18:31:56,835 [INFO] Reply from ptd: 'Stopping untimed measurement'
ptd-server 2022-08-02 18:31:58,379 [INFO] Sending reply to client 'OK'
ptd-server 2022-08-02 18:31:58,440 [INFO] Got command from the client 'time'
ptd-server 2022-08-02 18:31:58,440 [INFO] Sending reply to client '1659461518.4404647'
ptd-server 2022-08-02 18:31:58,441 [INFO] Got command from the client 'session,2022-08-02_18-21-03,start,testing'
ptd-server 2022-08-02 18:31:58,441 [INFO] Sending to ptd: 'SR,V,249.000000'
ptd-server 2022-08-02 18:31:59,943 [INFO] Reply from ptd: 'Range V changed'
ptd-server 2022-08-02 18:31:59,943 [INFO] Sending to ptd: 'SR,A,0.237160'
ptd-server 2022-08-02 18:32:01,444 [INFO] Reply from ptd: 'Range A changed'
ptd-server 2022-08-02 18:32:11,455 [INFO] Starting testing mode
ptd-server 2022-08-02 18:32:11,455 [INFO] Sending to ptd: 'Go,1000,0,2022-08-02_18-21-03_testing'
ptd-server 2022-08-02 18:32:11,455 [INFO] Reply from ptd: 'Starting untimed measurement, maximum 500000 samples at 1000ms with 0 rampup samples'
ptd-server 2022-08-02 18:32:11,455 [INFO] Sending reply to client 'OK'
ptd-server 2022-08-02 18:42:26,200 [INFO] Got command from the client 'session,2022-08-02_18-21-03,stop,testing'
ptd-server 2022-08-02 18:42:36,210 [INFO] Sending to ptd: 'Stop'
ptd-server 2022-08-02 18:42:36,211 [INFO] Reply from ptd: 'Stopping untimed measurement'
ptd-server 2022-08-02 18:42:36,991 [INFO] Sending reply to client 'OK'
ptd-server 2022-08-02 18:42:37,006 [INFO] Got command from the client 'session,2022-08-02_18-21-03,done'
ptd-server 2022-08-02 18:42:37,007 [INFO] Sending to ptd: 'Stop'
ptd-server 2022-08-02 18:42:37,007 [INFO] Reply from ptd: 'Error: no measurement to stop'
ptd-server 2022-08-02 18:42:37,007 [INFO] Sending to ptd: 'SR,V,Auto'
ptd-server 2022-08-02 18:42:37,510 [INFO] Reply from ptd: 'Range V changed'
ptd-server 2022-08-02 18:42:37,510 [INFO] Sending to ptd: 'SR,A,0.500000'
ptd-server 2022-08-02 18:42:39,011 [INFO] Reply from ptd: 'Range A changed'
ptd-server 2022-08-02 18:42:39,011 [INFO] Set initial values for Amps 0.500000 and Volts Auto
ptd-server 2022-08-02 18:42:39,011 [INFO] Stopping ptd...
