ptd-server 2022-08-01 23:59:39,360 [INFO] Got command from the client 'time'
ptd-server 2022-08-01 23:59:39,360 [INFO] Sending reply to client '1659394779.3607647'
ptd-server 2022-08-01 23:59:39,361 [INFO] Got command from the client 'new,,42f2029d-f601-454a-8bc3-b33ec24b68f7'
ptd-server 2022-08-01 23:59:39,362 [INFO] Sending reply to client 'OK 2022-08-01_23-59-39,98db1cff-3d3b-43bf-b020-203fb39891c6'
ptd-server 2022-08-01 23:59:39,390 [INFO] Got command from the client 'time'
ptd-server 2022-08-01 23:59:39,391 [INFO] Sending reply to client '1659394779.3910503'
ptd-server 2022-08-01 23:59:39,391 [INFO] Got command from the client 'session,2022-08-01_23-59-39,start,ranging'
ptd-server 2022-08-01 23:59:39,392 [INFO] Running PTDaemon: ['/home/anton/projects/mlperf/power/inference_v1.0/ptd-linux-x86', '-l', '/tmp/tmp7lgbo8s4/ptd_logfile.txt', '-p', '8888', '49', '/dev/usbtmc0']
ptd-server 2022-08-01 23:59:56,565 [INFO] Sending to ptd: 'Hello'
ptd-server 2022-08-01 23:59:56,566 [INFO] Reply from ptd: 'Hello, PTDaemon here!'
ptd-server 2022-08-01 23:59:56,566 [INFO] Sending to ptd: 'Identify'
ptd-server 2022-08-01 23:59:56,566 [INFO] Reply from ptd: 'YokogawaWT310E,1000,1,1,1,1,0,1,1,version=1.9.2-e8c7a49a-20201208,OS=Linux 5.13.0-52-generic #59~20.04.1-Ubuntu SMP Thu Jun 16 21:21:28 UTC 2022 x86_64,mode=power,1,1,1,0,0,no_cal_date,YOKOGAWA;WT310E;C3XA04010E;F1.04'
ptd-server 2022-08-01 23:59:56,566 [INFO] Connected to PTDaemon
ptd-server 2022-08-01 23:59:56,566 [INFO] Sending to ptd: 'RR'
ptd-server 2022-08-01 23:59:56,567 [INFO] Reply from ptd: 'Ranges,0,0.500000,1,300.000000'
ptd-server 2022-08-01 23:59:56,567 [INFO] Initial range for Amps is 0.500000 for Volts is Auto
ptd-server 2022-08-01 23:59:56,567 [INFO] Sending to ptd: 'SR,V,Auto'
ptd-server 2022-08-01 23:59:57,070 [INFO] Reply from ptd: 'Range V changed'
ptd-server 2022-08-01 23:59:57,070 [INFO] Sending to ptd: 'SR,A,Auto'
ptd-server 2022-08-01 23:59:57,572 [INFO] Reply from ptd: 'Range A changed'
ptd-server 2022-08-02 00:00:07,582 [INFO] Starting ranging mode
ptd-server 2022-08-02 00:00:07,583 [INFO] Sending to ptd: 'Go,1000,0,2022-08-01_23-59-39_ranging'
ptd-server 2022-08-02 00:00:07,583 [INFO] Reply from ptd: 'Starting untimed measurement, maximum 500000 samples at 1000ms with 0 rampup samples'
ptd-server 2022-08-02 00:00:07,583 [INFO] Sending reply to client 'OK'
ptd-server 2022-08-02 00:10:19,127 [INFO] Got command from the client 'session,2022-08-01_23-59-39,stop,ranging'
ptd-server 2022-08-02 00:10:29,138 [INFO] Sending to ptd: 'Stop'
ptd-server 2022-08-02 00:10:29,138 [INFO] Reply from ptd: 'Stopping untimed measurement'
ptd-server 2022-08-02 00:10:30,580 [INFO] Sending reply to client 'OK'
ptd-server 2022-08-02 00:10:30,624 [INFO] Got command from the client 'time'
ptd-server 2022-08-02 00:10:30,624 [INFO] Sending reply to client '1659395430.6246262'
ptd-server 2022-08-02 00:10:30,625 [INFO] Got command from the client 'session,2022-08-01_23-59-39,start,testing'
ptd-server 2022-08-02 00:10:30,626 [INFO] Sending to ptd: 'SR,V,250.960000'
ptd-server 2022-08-02 00:10:32,127 [INFO] Reply from ptd: 'Range V changed'
ptd-server 2022-08-02 00:10:32,127 [INFO] Sending to ptd: 'SR,A,0.200000'
ptd-server 2022-08-02 00:10:33,629 [INFO] Reply from ptd: 'Range A changed'
ptd-server 2022-08-02 00:10:43,639 [INFO] Starting testing mode
ptd-server 2022-08-02 00:10:43,639 [INFO] Sending to ptd: 'Go,1000,0,2022-08-01_23-59-39_testing'
ptd-server 2022-08-02 00:10:43,639 [INFO] Reply from ptd: 'Starting untimed measurement, maximum 500000 samples at 1000ms with 0 rampup samples'
ptd-server 2022-08-02 00:10:43,640 [INFO] Sending reply to client 'OK'
ptd-server 2022-08-02 00:20:55,089 [INFO] Got command from the client 'session,2022-08-01_23-59-39,stop,testing'
ptd-server 2022-08-02 00:21:05,099 [INFO] Sending to ptd: 'Stop'
ptd-server 2022-08-02 00:21:05,099 [INFO] Reply from ptd: 'Stopping untimed measurement'
ptd-server 2022-08-02 00:21:05,828 [INFO] Sending reply to client 'OK'
ptd-server 2022-08-02 00:21:05,842 [INFO] Got command from the client 'session,2022-08-01_23-59-39,done'
ptd-server 2022-08-02 00:21:05,842 [INFO] Sending to ptd: 'Stop'
ptd-server 2022-08-02 00:21:05,843 [INFO] Reply from ptd: 'Error: no measurement to stop'
ptd-server 2022-08-02 00:21:05,843 [INFO] Sending to ptd: 'SR,V,Auto'
ptd-server 2022-08-02 00:21:06,345 [INFO] Reply from ptd: 'Range V changed'
ptd-server 2022-08-02 00:21:06,345 [INFO] Sending to ptd: 'SR,A,0.500000'
ptd-server 2022-08-02 00:21:07,847 [INFO] Reply from ptd: 'Range A changed'
ptd-server 2022-08-02 00:21:07,847 [INFO] Set initial values for Amps 0.500000 and Volts Auto
ptd-server 2022-08-02 00:21:07,847 [INFO] Stopping ptd...
