ptd-server 2022-07-28 08:20:12,820 [INFO] Got command from the client 'time'
ptd-server 2022-07-28 08:20:12,820 [INFO] Sending reply to client '1658992812.8201928'
ptd-server 2022-07-28 08:20:12,824 [INFO] Got command from the client 'new,,30e8bedf-c24e-4619-8da8-2c49c9d2a1c9'
ptd-server 2022-07-28 08:20:12,824 [INFO] Sending reply to client 'OK 2022-07-28_08-20-12,74822554-83b2-4473-ac6d-a186cacac93a'
ptd-server 2022-07-28 08:20:12,864 [INFO] Got command from the client 'time'
ptd-server 2022-07-28 08:20:12,864 [INFO] Sending reply to client '1658992812.8647857'
ptd-server 2022-07-28 08:20:12,870 [INFO] Got command from the client 'session,2022-07-28_08-20-12,start,ranging'
ptd-server 2022-07-28 08:20:12,870 [INFO] Running PTDaemon: ['/home/anton/projects/mlperf/power/inference_v1.0/ptd-linux-x86', '-l', '/tmp/tmp7lgbo8s4/ptd_logfile.txt', '-p', '8888', '49', '/dev/usbtmc0']
ptd-server 2022-07-28 08:20:30,045 [INFO] Sending to ptd: 'Hello'
ptd-server 2022-07-28 08:20:30,045 [INFO] Reply from ptd: 'Hello, PTDaemon here!'
ptd-server 2022-07-28 08:20:30,045 [INFO] Sending to ptd: 'Identify'
ptd-server 2022-07-28 08:20:30,046 [INFO] Reply from ptd: 'YokogawaWT310E,1000,1,1,1,1,0,1,1,version=1.9.2-e8c7a49a-20201208,OS=Linux 5.13.0-52-generic #59~20.04.1-Ubuntu SMP Thu Jun 16 21:21:28 UTC 2022 x86_64,mode=power,1,1,1,0,0,no_cal_date,YOKOGAWA;WT310E;C3XA04010E;F1.04'
ptd-server 2022-07-28 08:20:30,046 [INFO] Connected to PTDaemon
ptd-server 2022-07-28 08:20:30,046 [INFO] Sending to ptd: 'RR'
ptd-server 2022-07-28 08:20:30,046 [INFO] Reply from ptd: 'Ranges,0,0.500000,1,300.000000'
ptd-server 2022-07-28 08:20:30,046 [INFO] Initial range for Amps is 0.500000 for Volts is Auto
ptd-server 2022-07-28 08:20:30,047 [INFO] Sending to ptd: 'SR,V,Auto'
ptd-server 2022-07-28 08:20:30,549 [INFO] Reply from ptd: 'Range V changed'
ptd-server 2022-07-28 08:20:30,549 [INFO] Sending to ptd: 'SR,A,Auto'
ptd-server 2022-07-28 08:20:31,052 [INFO] Reply from ptd: 'Range A changed'
ptd-server 2022-07-28 08:20:41,062 [INFO] Starting ranging mode
ptd-server 2022-07-28 08:20:41,062 [INFO] Sending to ptd: 'Go,1000,0,2022-07-28_08-20-12_ranging'
ptd-server 2022-07-28 08:20:41,063 [INFO] Reply from ptd: 'Starting untimed measurement, maximum 500000 samples at 1000ms with 0 rampup samples'
ptd-server 2022-07-28 08:20:41,063 [INFO] Sending reply to client 'OK'
ptd-server 2022-07-28 08:30:56,461 [INFO] Got command from the client 'session,2022-07-28_08-20-12,stop,ranging'
ptd-server 2022-07-28 08:31:06,472 [INFO] Sending to ptd: 'Stop'
ptd-server 2022-07-28 08:31:06,472 [INFO] Reply from ptd: 'Stopping untimed measurement'
ptd-server 2022-07-28 08:31:07,539 [INFO] Sending reply to client 'OK'
ptd-server 2022-07-28 08:31:07,622 [INFO] Got command from the client 'time'
ptd-server 2022-07-28 08:31:07,622 [INFO] Sending reply to client '1658993467.6227958'
ptd-server 2022-07-28 08:31:07,628 [INFO] Got command from the client 'session,2022-07-28_08-20-12,start,testing'
ptd-server 2022-07-28 08:31:07,628 [INFO] Sending to ptd: 'SR,V,250.300000'
ptd-server 2022-07-28 08:31:09,129 [INFO] Reply from ptd: 'Range V changed'
ptd-server 2022-07-28 08:31:09,130 [INFO] Sending to ptd: 'SR,A,0.060060'
ptd-server 2022-07-28 08:31:10,631 [INFO] Reply from ptd: 'Range A changed'
ptd-server 2022-07-28 08:31:20,641 [INFO] Starting testing mode
ptd-server 2022-07-28 08:31:20,642 [INFO] Sending to ptd: 'Go,1000,0,2022-07-28_08-20-12_testing'
ptd-server 2022-07-28 08:31:20,642 [INFO] Reply from ptd: 'Starting untimed measurement, maximum 500000 samples at 1000ms with 0 rampup samples'
ptd-server 2022-07-28 08:31:20,642 [INFO] Sending reply to client 'OK'
ptd-server 2022-07-28 08:41:36,084 [INFO] Got command from the client 'session,2022-07-28_08-20-12,stop,testing'
ptd-server 2022-07-28 08:41:46,095 [INFO] Sending to ptd: 'Stop'
ptd-server 2022-07-28 08:41:46,095 [INFO] Reply from ptd: 'Stopping untimed measurement'
ptd-server 2022-07-28 08:41:46,625 [INFO] Sending reply to client 'OK'
ptd-server 2022-07-28 08:41:46,646 [INFO] Got command from the client 'session,2022-07-28_08-20-12,done'
ptd-server 2022-07-28 08:41:46,646 [INFO] Sending to ptd: 'Stop'
ptd-server 2022-07-28 08:41:46,646 [INFO] Reply from ptd: 'Error: no measurement to stop'
ptd-server 2022-07-28 08:41:46,647 [INFO] Sending to ptd: 'SR,V,Auto'
ptd-server 2022-07-28 08:41:47,149 [INFO] Reply from ptd: 'Range V changed'
ptd-server 2022-07-28 08:41:47,149 [INFO] Sending to ptd: 'SR,A,0.500000'
ptd-server 2022-07-28 08:41:48,651 [INFO] Reply from ptd: 'Range A changed'
ptd-server 2022-07-28 08:41:48,651 [INFO] Set initial values for Amps 0.500000 and Volts Auto
ptd-server 2022-07-28 08:41:48,651 [INFO] Stopping ptd...
