ptd-server 2022-07-21 23:13:13,215 [INFO] Got command from the client 'time'
ptd-server 2022-07-21 23:13:13,216 [INFO] Sending reply to client '1658441593.2159703'
ptd-server 2022-07-21 23:13:13,217 [INFO] Got command from the client 'new,,220dbda3-e3a1-49a1-b33b-c028847f72fc'
ptd-server 2022-07-21 23:13:13,217 [INFO] Sending reply to client 'OK 2022-07-21_23-13-13,681dfb23-b18e-45b0-8661-c06306d524d2'
ptd-server 2022-07-21 23:13:13,248 [INFO] Got command from the client 'time'
ptd-server 2022-07-21 23:13:13,248 [INFO] Sending reply to client '1658441593.2484925'
ptd-server 2022-07-21 23:13:13,249 [INFO] Got command from the client 'session,2022-07-21_23-13-13,start,ranging'
ptd-server 2022-07-21 23:13:13,250 [INFO] Running PTDaemon: ['/home/anton/projects/mlperf/power/inference_v1.0/ptd-linux-x86', '-l', '/tmp/tmp7lgbo8s4/ptd_logfile.txt', '-p', '8888', '49', '/dev/usbtmc0']
ptd-server 2022-07-21 23:13:30,424 [INFO] Sending to ptd: 'Hello'
ptd-server 2022-07-21 23:13:30,424 [INFO] Reply from ptd: 'Hello, PTDaemon here!'
ptd-server 2022-07-21 23:13:30,425 [INFO] Sending to ptd: 'Identify'
ptd-server 2022-07-21 23:13:30,425 [INFO] Reply from ptd: 'YokogawaWT310E,1000,1,1,1,1,0,1,1,version=1.9.2-e8c7a49a-20201208,OS=Linux 5.13.0-52-generic #59~20.04.1-Ubuntu SMP Thu Jun 16 21:21:28 UTC 2022 x86_64,mode=power,1,1,1,0,0,no_cal_date,YOKOGAWA;WT310E;C3XA04010E;F1.04'
ptd-server 2022-07-21 23:13:30,425 [INFO] Connected to PTDaemon
ptd-server 2022-07-21 23:13:30,425 [INFO] Sending to ptd: 'RR'
ptd-server 2022-07-21 23:13:30,426 [INFO] Reply from ptd: 'Ranges,0,0.500000,1,300.000000'
ptd-server 2022-07-21 23:13:30,426 [INFO] Initial range for Amps is 0.500000 for Volts is Auto
ptd-server 2022-07-21 23:13:30,426 [INFO] Sending to ptd: 'SR,V,Auto'
ptd-server 2022-07-21 23:13:30,928 [INFO] Reply from ptd: 'Range V changed'
ptd-server 2022-07-21 23:13:30,928 [INFO] Sending to ptd: 'SR,A,Auto'
ptd-server 2022-07-21 23:13:31,431 [INFO] Reply from ptd: 'Range A changed'
ptd-server 2022-07-21 23:13:41,441 [INFO] Starting ranging mode
ptd-server 2022-07-21 23:13:41,441 [INFO] Sending to ptd: 'Go,1000,0,2022-07-21_23-13-13_ranging'
ptd-server 2022-07-21 23:13:41,442 [INFO] Reply from ptd: 'Starting untimed measurement, maximum 500000 samples at 1000ms with 0 rampup samples'
ptd-server 2022-07-21 23:13:41,442 [INFO] Sending reply to client 'OK'
ptd-server 2022-07-21 23:24:02,599 [INFO] Got command from the client 'session,2022-07-21_23-13-13,stop,ranging'
ptd-server 2022-07-21 23:24:12,610 [INFO] Sending to ptd: 'Stop'
ptd-server 2022-07-21 23:24:12,610 [INFO] Reply from ptd: 'Stopping untimed measurement'
ptd-server 2022-07-21 23:24:12,988 [INFO] Sending reply to client 'OK'
ptd-server 2022-07-21 23:24:13,033 [INFO] Got command from the client 'time'
ptd-server 2022-07-21 23:24:13,033 [INFO] Sending reply to client '1658442253.0333178'
ptd-server 2022-07-21 23:24:13,034 [INFO] Got command from the client 'session,2022-07-21_23-13-13,start,testing'
ptd-server 2022-07-21 23:24:13,034 [INFO] Sending to ptd: 'SR,V,250.510000'
ptd-server 2022-07-21 23:24:14,943 [INFO] Reply from ptd: 'Range V changed'
ptd-server 2022-07-21 23:24:14,943 [INFO] Sending to ptd: 'SR,A,0.071440'
ptd-server 2022-07-21 23:24:16,445 [INFO] Reply from ptd: 'Range A changed'
ptd-server 2022-07-21 23:24:26,455 [INFO] Starting testing mode
ptd-server 2022-07-21 23:24:26,455 [INFO] Sending to ptd: 'Go,1000,0,2022-07-21_23-13-13_testing'
ptd-server 2022-07-21 23:24:26,456 [INFO] Reply from ptd: 'Starting untimed measurement, maximum 500000 samples at 1000ms with 0 rampup samples'
ptd-server 2022-07-21 23:24:26,456 [INFO] Sending reply to client 'OK'
ptd-server 2022-07-21 23:34:47,464 [INFO] Got command from the client 'session,2022-07-21_23-13-13,stop,testing'
ptd-server 2022-07-21 23:34:57,474 [INFO] Sending to ptd: 'Stop'
ptd-server 2022-07-21 23:34:57,474 [INFO] Reply from ptd: 'Stopping untimed measurement'
ptd-server 2022-07-21 23:34:57,673 [INFO] Sending reply to client 'OK'
ptd-server 2022-07-21 23:34:57,681 [INFO] Got command from the client 'session,2022-07-21_23-13-13,done'
ptd-server 2022-07-21 23:34:57,681 [INFO] Sending to ptd: 'Stop'
ptd-server 2022-07-21 23:34:58,457 [INFO] Reply from ptd: 'Error: no measurement to stop'
ptd-server 2022-07-21 23:34:58,457 [INFO] Sending to ptd: 'SR,V,Auto'
ptd-server 2022-07-21 23:34:58,960 [INFO] Reply from ptd: 'Range V changed'
ptd-server 2022-07-21 23:34:58,960 [INFO] Sending to ptd: 'SR,A,0.500000'
ptd-server 2022-07-21 23:35:00,461 [INFO] Reply from ptd: 'Range A changed'
ptd-server 2022-07-21 23:35:00,461 [INFO] Set initial values for Amps 0.500000 and Volts Auto
ptd-server 2022-07-21 23:35:00,461 [INFO] Stopping ptd...
