client 2022-07-22 23:10:52,311 [INFO] Sending command to the server: 'mlcommons/power client v3'
client 2022-07-22 23:10:52,312 [INFO] Got response: 'mlcommons/power server v3'
client 2022-07-22 23:10:52,312 [INFO] Sending command to the server: 'stop'
client 2022-07-22 23:10:52,314 [INFO] Got response: 'OK'
client 2022-07-22 23:10:52,314 [INFO] Synchronizing with the server and with ib-01.dc4-in.nvidia.com...
client 2022-07-22 23:10:52,520 [INFO] NTP:offset = 0.000 s, delay = 0.201 s 
client 2022-07-22 23:10:52,521 [INFO] Sending command to the server: 'time'
client 2022-07-22 23:10:52,528 [INFO] Got response: '1658531452.4003787'
client 2022-07-22 23:10:52,528 [INFO] The time difference between the client and the server is within range 120.756 ms..127.943 ms
client 2022-07-22 23:10:52,528 [INFO] Sending command to the server: 'new,,3a60413e-c267-4052-bc0f-86596a5f9cf8'
client 2022-07-22 23:10:52,534 [INFO] Got response: 'OK 2022-07-22_16-10-52,211a1668-daa5-4ef8-a25a-be2cbc04345f'
client 2022-07-22 23:10:52,534 [INFO] Session id is '2022-07-22_16-10-52'
client 2022-07-22 23:10:52,534 [INFO] Sources: {"sources": {"__init__.py": "da39a3ee5e6b4b0d3255bfef95601890afd80709", "client.py": "33ca4f26368777ac06e01f9567b714a4b8063886", "lib/__init__.py": "da39a3ee5e6b4b0d3255bfef95601890afd80709", "lib/client.py": "4c2b78fb4849a7e5b584ef792d82aaed20b17f57", "lib/common.py": "624d0c0acc7c39aaff3674f0b99d6a09da53d1dc", "lib/external/__init__.py": "da39a3ee5e6b4b0d3255bfef95601890afd80709", "lib/external/ntplib.py": "4da8f970656505a40483206ef2b5d3dd5e81711d", "lib/server.py": "59c9fb92908260d3e9f81a895c7aa009742275e4", "lib/source_hashes.py": "60a2e02193209e8d392803326208d5466342da18", "lib/summary.py": "aa92f0a3f975eecd44d3c0cd0236342ccc9f941d", "lib/time_sync.py": "3210db56eb0ff0df57bf4293dc4d4b03fffd46f1", "server.py": "c3f90f2f7eeb4db30727556d0c815ebc89b3d28b", "tests/unit/__init__.py": "da39a3ee5e6b4b0d3255bfef95601890afd80709", "tests/unit/test_server.py": "99ae15aef722f2000ee6ed1ae1523637bf1ae42b", "tests/unit/test_source_hashes.py": "00468a2907583c593e6574a1f6b404e4651c221a"}, "modules": {"ptd_client_server.lib.client": "lib/client.py", "ptd_client_server.lib.common": "lib/common.py", "ptd_client_server.lib.external.ntplib": "lib/external/ntplib.py", "ptd_client_server.lib.source_hashes": "lib/source_hashes.py", "ptd_client_server.lib.summary": "lib/summary.py", "ptd_client_server.lib.time_sync": "lib/time_sync.py"}}
client 2022-07-22 23:10:52,537 [INFO] Running workload in ranging mode
client 2022-07-22 23:10:52,537 [INFO] Synchronizing with the server and with ib-01.dc4-in.nvidia.com...
client 2022-07-22 23:10:52,740 [INFO] NTP:offset = 0.000 s, delay = 0.201 s 
client 2022-07-22 23:10:52,740 [INFO] Sending command to the server: 'time'
client 2022-07-22 23:10:52,742 [INFO] Got response: '1658531452.6190755'
client 2022-07-22 23:10:52,742 [INFO] The time difference between the client and the server is within range 121.889 ms..123.446 ms
client 2022-07-22 23:10:52,742 [INFO] Sending command to the server: 'session,2022-07-22_16-10-52,start,ranging'
client 2022-07-22 23:11:33,232 [INFO] Got response: 'OK'
client 2022-07-22 23:11:33,232 [INFO] Running the workload 'LOG_DIR=/work/build/power_logs_temp python3 -m code.main_v2 --benchmarks=bert --scenarios=Server --test_mode=PerformanceOnly --config_ver=maxq --action="run_harness" \\\n\t\t2>&1 | tee -a /work/build/power_logs/2022.07.22-23.10.14/stdout.txt \\\n\t\t&& if [ ! -d /work/build/power_logs/2022.07.22-23.10.14/ranging_tmp ]; \\\n\t\t\tthen mkdir /work/build/power_logs/2022.07.22-23.10.14/ranging_tmp \\\n\t\t\t\t&& mv /work/build/power_logs_temp/* /work/build/power_logs/2022.07.22-23.10.14/ranging_tmp/ \\\n\t\t\t\t&& cp -v /work/build/power_logs/2022.07.22-23.10.14/ranging_tmp/*/*/*/mlperf_log_detail.txt /work/build/power_logs_temp/ \\\n\t\t\t\t&& cp -v /work/build/power_logs/2022.07.22-23.10.14/ranging_tmp/*/*/*/mlperf_log_summary.txt /work/build/power_logs_temp/; \\\n\t\t\telse mkdir /work/build/power_logs/2022.07.22-23.10.14/testing_tmp \\\n\t\t\t\t&& mv /work/build/power_logs_temp/* /work/build/power_logs/2022.07.22-23.10.14/testing_tmp/ \\\n\t\t\t\t&& cp -v /work/build/power_logs/2022.07.22-23.10.14/testing_tmp/*/*/*/mlperf_log_detail.txt /work/build/power_logs_temp/ \\\n\t\t\t\t&& cp -v /work/build/power_logs/2022.07.22-23.10.14/testing_tmp/*/*/*/mlperf_log_summary.txt /work/build/power_logs_temp/; fi'
client 2022-07-22 23:22:35,392 [INFO] Sending command to the server: 'session,2022-07-22_16-10-52,stop,ranging'
client 2022-07-22 23:22:45,463 [INFO] Got response: 'OK'
client 2022-07-22 23:22:45,477 [INFO] Copying loadgen logs from '/work/build/power_logs_temp' to '/work/build/power_logs/2022.07.22-23.10.14/2022-07-22_16-10-52/ranging'
client 2022-07-22 23:22:45,495 [INFO] Running workload in testing mode
client 2022-07-22 23:22:45,495 [INFO] Synchronizing with the server and with ib-01.dc4-in.nvidia.com...
client 2022-07-22 23:22:45,698 [INFO] NTP:offset = 0.000 s, delay = 0.201 s 
client 2022-07-22 23:22:45,698 [INFO] Sending command to the server: 'time'
client 2022-07-22 23:22:45,715 [INFO] Got response: '1658532165.556272'
client 2022-07-22 23:22:45,715 [INFO] The time difference between the client and the server is within range 142.272 ms..159.436 ms
client 2022-07-22 23:22:45,715 [INFO] Sending command to the server: 'session,2022-07-22_16-10-52,start,testing'
client 2022-07-22 23:23:07,970 [INFO] Got response: 'OK'
client 2022-07-22 23:23:07,970 [INFO] Running the workload 'LOG_DIR=/work/build/power_logs_temp python3 -m code.main_v2 --benchmarks=bert --scenarios=Server --test_mode=PerformanceOnly --config_ver=maxq --action="run_harness" \\\n\t\t2>&1 | tee -a /work/build/power_logs/2022.07.22-23.10.14/stdout.txt \\\n\t\t&& if [ ! -d /work/build/power_logs/2022.07.22-23.10.14/ranging_tmp ]; \\\n\t\t\tthen mkdir /work/build/power_logs/2022.07.22-23.10.14/ranging_tmp \\\n\t\t\t\t&& mv /work/build/power_logs_temp/* /work/build/power_logs/2022.07.22-23.10.14/ranging_tmp/ \\\n\t\t\t\t&& cp -v /work/build/power_logs/2022.07.22-23.10.14/ranging_tmp/*/*/*/mlperf_log_detail.txt /work/build/power_logs_temp/ \\\n\t\t\t\t&& cp -v /work/build/power_logs/2022.07.22-23.10.14/ranging_tmp/*/*/*/mlperf_log_summary.txt /work/build/power_logs_temp/; \\\n\t\t\telse mkdir /work/build/power_logs/2022.07.22-23.10.14/testing_tmp \\\n\t\t\t\t&& mv /work/build/power_logs_temp/* /work/build/power_logs/2022.07.22-23.10.14/testing_tmp/ \\\n\t\t\t\t&& cp -v /work/build/power_logs/2022.07.22-23.10.14/testing_tmp/*/*/*/mlperf_log_detail.txt /work/build/power_logs_temp/ \\\n\t\t\t\t&& cp -v /work/build/power_logs/2022.07.22-23.10.14/testing_tmp/*/*/*/mlperf_log_summary.txt /work/build/power_logs_temp/; fi'
client 2022-07-22 23:34:13,567 [INFO] Sending command to the server: 'session,2022-07-22_16-10-52,stop,testing'
client 2022-07-22 23:34:23,599 [INFO] Got response: 'OK'
client 2022-07-22 23:34:23,606 [INFO] Copying loadgen logs from '/work/build/power_logs_temp' to '/work/build/power_logs/2022.07.22-23.10.14/2022-07-22_16-10-52/run_1'
client 2022-07-22 23:34:23,624 [INFO] Done runs
