ptd-server 2022-07-22 16:10:52,181 [INFO] Got command from the client 'stop'
ptd-server 2022-07-22 16:10:52,181 [INFO] The server will be stopped after processing this client
ptd-server 2022-07-22 16:10:52,181 [INFO] Sending reply to client 'OK'
ptd-server 2022-07-22 16:10:52,400 [INFO] Got command from the client 'time'
ptd-server 2022-07-22 16:10:52,400 [INFO] Sending reply to client '1658531452.4003787'
ptd-server 2022-07-22 16:10:52,400 [INFO] Got command from the client 'new,,3a60413e-c267-4052-bc0f-86596a5f9cf8'
ptd-server 2022-07-22 16:10:52,400 [INFO] Sending reply to client 'OK 2022-07-22_16-10-52,211a1668-daa5-4ef8-a25a-be2cbc04345f'
ptd-server 2022-07-22 16:10:52,619 [INFO] Got command from the client 'time'
ptd-server 2022-07-22 16:10:52,619 [INFO] Sending reply to client '1658531452.6190755'
ptd-server 2022-07-22 16:10:52,619 [INFO] Got command from the client 'session,2022-07-22_16-10-52,start,ranging'
ptd-server 2022-07-22 16:10:52,728 [INFO] Running PTDaemon: ['C:\\PTD\\ptd-windows-x86.exe', '-l', 'C:\\Users\\lab\\AppData\\Local\\Temp\\tmp9pxlvt23\\ptd_logfile.txt', '-p', '8888', '-c', '1,3', '-y', '77', '10.117.41.199']
ptd-server 2022-07-22 16:11:12,942 [INFO] Sending to ptd: 'Hello'
ptd-server 2022-07-22 16:11:12,942 [INFO] Reply from ptd: 'Hello, PTDaemon here!'
ptd-server 2022-07-22 16:11:12,942 [INFO] Sending to ptd: 'Identify'
ptd-server 2022-07-22 16:11:12,942 [INFO] Reply from ptd: 'YokogawaWT330_multichannel,1000,1,1,1,1,0,0,1,version=1.9.2-3976349f-20201208,OS=Windows 8 / Server 2012,mode=power,1,1,2,0,0,no_cal_date,YOKOGAWA;WT333E;C2WL21011V;F1.04'
ptd-server 2022-07-22 16:11:12,942 [INFO] Connected to PTDaemon
ptd-server 2022-07-22 16:11:12,942 [INFO] Sending to ptd: 'RR'
ptd-server 2022-07-22 16:11:12,942 [INFO] Reply from ptd: 'Ranges,0,5.000000,0,300.000000'
ptd-server 2022-07-22 16:11:12,942 [INFO] Initial range for Amps is 5.000000 for Volts is 300.000000
ptd-server 2022-07-22 16:11:12,942 [INFO] Sending to ptd: 'SR,V,Auto'
ptd-server 2022-07-22 16:11:18,019 [INFO] Reply from ptd: 'Range V changed'
ptd-server 2022-07-22 16:11:18,019 [INFO] Sending to ptd: 'SR,A,Auto'
ptd-server 2022-07-22 16:11:23,096 [INFO] Reply from ptd: 'Range A changed'
ptd-server 2022-07-22 16:11:33,109 [INFO] Starting ranging mode
ptd-server 2022-07-22 16:11:33,109 [INFO] Sending to ptd: 'Go,1000,0,2022-07-22_16-10-52_ranging'
ptd-server 2022-07-22 16:11:33,109 [INFO] Reply from ptd: 'Starting untimed measurement, maximum 500000 samples at 1000ms with 0 rampup samples'
ptd-server 2022-07-22 16:11:33,109 [INFO] Sending reply to client 'OK'
ptd-server 2022-07-22 16:22:35,261 [INFO] Got command from the client 'session,2022-07-22_16-10-52,stop,ranging'
ptd-server 2022-07-22 16:22:45,275 [INFO] Sending to ptd: 'Stop'
ptd-server 2022-07-22 16:22:45,275 [INFO] Reply from ptd: 'Stopping untimed measurement'
ptd-server 2022-07-22 16:22:45,321 [INFO] Sending reply to client 'OK'
ptd-server 2022-07-22 16:22:45,556 [INFO] Got command from the client 'time'
ptd-server 2022-07-22 16:22:45,556 [INFO] Sending reply to client '1658532165.556272'
ptd-server 2022-07-22 16:22:45,571 [INFO] Got command from the client 'session,2022-07-22_16-10-52,start,testing'
ptd-server 2022-07-22 16:22:45,587 [INFO] Sending to ptd: 'SR,V,205.650000'
ptd-server 2022-07-22 16:22:52,210 [INFO] Reply from ptd: 'Range V changed'
ptd-server 2022-07-22 16:22:52,210 [INFO] Sending to ptd: 'SR,A,3.918200'
ptd-server 2022-07-22 16:22:57,803 [INFO] Reply from ptd: 'Range A changed'
ptd-server 2022-07-22 16:23:07,816 [INFO] Starting testing mode
ptd-server 2022-07-22 16:23:07,816 [INFO] Sending to ptd: 'Go,1000,0,2022-07-22_16-10-52_testing'
ptd-server 2022-07-22 16:23:07,832 [INFO] Reply from ptd: 'Starting untimed measurement, maximum 500000 samples at 1000ms with 0 rampup samples'
ptd-server 2022-07-22 16:23:07,832 [INFO] Sending reply to client 'OK'
ptd-server 2022-07-22 16:34:13,421 [INFO] Got command from the client 'session,2022-07-22_16-10-52,stop,testing'
ptd-server 2022-07-22 16:34:23,434 [INFO] Sending to ptd: 'Stop'
ptd-server 2022-07-22 16:34:23,434 [INFO] Reply from ptd: 'Stopping untimed measurement'
ptd-server 2022-07-22 16:34:23,450 [INFO] Sending reply to client 'OK'
ptd-server 2022-07-22 16:34:23,497 [INFO] Got command from the client 'session,2022-07-22_16-10-52,done'
ptd-server 2022-07-22 16:34:23,497 [INFO] Sending to ptd: 'Stop'
ptd-server 2022-07-22 16:34:23,840 [INFO] Reply from ptd: 'Error: no measurement to stop'
ptd-server 2022-07-22 16:34:23,856 [INFO] Sending to ptd: 'SR,V,300.000000'
ptd-server 2022-07-22 16:34:29,948 [INFO] Reply from ptd: 'Range V changed'
ptd-server 2022-07-22 16:34:29,948 [INFO] Sending to ptd: 'SR,A,5.000000'
ptd-server 2022-07-22 16:34:35,540 [INFO] Reply from ptd: 'Range A changed'
ptd-server 2022-07-22 16:34:35,540 [INFO] Set initial values for Amps 5.000000 and Volts 300.000000
ptd-server 2022-07-22 16:34:35,540 [INFO] Stopping ptd...
