client 2022-07-28 06:57:47,371 [INFO] Sending command to the server: 'mlcommons/power client v3'
client 2022-07-28 06:57:47,371 [INFO] Got response: 'mlcommons/power server v3'
client 2022-07-28 06:57:47,372 [INFO] Sending command to the server: 'stop'
client 2022-07-28 06:57:47,373 [INFO] Got response: 'OK'
client 2022-07-28 06:57:47,373 [INFO] Synchronizing with the server and with 192.168.123.123...
client 2022-07-28 06:57:47,375 [INFO] NTP:offset = -0.000 s, delay = 0.000 s 
client 2022-07-28 06:57:47,375 [INFO] Sending command to the server: 'time'
client 2022-07-28 06:57:47,376 [INFO] Got response: '1658991467.3113928'
client 2022-07-28 06:57:47,376 [INFO] The time difference between the client and the server is within range 64.422 ms..65.380 ms
client 2022-07-28 06:57:47,376 [INFO] Sending command to the server: 'new,,29065cac-62dc-4670-bd65-a1e75ea3ccd0'
client 2022-07-28 06:57:47,378 [INFO] Got response: 'OK 2022-07-28_06-57-47,5cb5550f-f11c-4603-a535-cade30654127'
client 2022-07-28 06:57:47,378 [INFO] Session id is '2022-07-28_06-57-47'
client 2022-07-28 06:57:47,378 [INFO] Sources: {"sources": {"__init__.py": "da39a3ee5e6b4b0d3255bfef95601890afd80709", "client.py": "33ca4f26368777ac06e01f9567b714a4b8063886", "lib/__init__.py": "da39a3ee5e6b4b0d3255bfef95601890afd80709", "lib/client.py": "4c2b78fb4849a7e5b584ef792d82aaed20b17f57", "lib/common.py": "624d0c0acc7c39aaff3674f0b99d6a09da53d1dc", "lib/external/__init__.py": "da39a3ee5e6b4b0d3255bfef95601890afd80709", "lib/external/ntplib.py": "4da8f970656505a40483206ef2b5d3dd5e81711d", "lib/server.py": "cda0cdfaee9bfa1249c64a7dd4f89b7bf1b279f0", "lib/source_hashes.py": "60a2e02193209e8d392803326208d5466342da18", "lib/summary.py": "aa92f0a3f975eecd44d3c0cd0236342ccc9f941d", "lib/time_sync.py": "3210db56eb0ff0df57bf4293dc4d4b03fffd46f1", "server.py": "c3f90f2f7eeb4db30727556d0c815ebc89b3d28b", "tests/unit/__init__.py": "da39a3ee5e6b4b0d3255bfef95601890afd80709", "tests/unit/test_server.py": "99ae15aef722f2000ee6ed1ae1523637bf1ae42b", "tests/unit/test_source_hashes.py": "00468a2907583c593e6574a1f6b404e4651c221a"}, "modules": {"ptd_client_server.lib.client": "lib/client.py", "ptd_client_server.lib.common": "lib/common.py", "ptd_client_server.lib.external.ntplib": "lib/external/ntplib.py", "ptd_client_server.lib.source_hashes": "lib/source_hashes.py", "ptd_client_server.lib.summary": "lib/summary.py", "ptd_client_server.lib.time_sync": "lib/time_sync.py"}}
client 2022-07-28 06:57:47,378 [INFO] Running workload in ranging mode
client 2022-07-28 06:57:47,378 [INFO] Synchronizing with the server and with 192.168.123.123...
client 2022-07-28 06:57:47,379 [INFO] NTP:offset = -0.000 s, delay = 0.000 s 
client 2022-07-28 06:57:47,379 [INFO] Sending command to the server: 'time'
client 2022-07-28 06:57:47,380 [INFO] Got response: '1658991467.3149903'
client 2022-07-28 06:57:47,380 [INFO] The time difference between the client and the server is within range 64.402 ms..65.285 ms
client 2022-07-28 06:57:47,380 [INFO] Sending command to the server: 'session,2022-07-28_06-57-47,start,ranging'
client 2022-07-28 06:58:26,367 [INFO] Got response: 'OK'
client 2022-07-28 06:58:26,367 [INFO] Running the workload 'LOG_DIR=/work/build/power_logs_temp python3 -m code.main_v2 --benchmarks=bert --scenarios=server --config_ver=maxq --action="run_harness" \\\n\t\t2>&1 | tee -a /work/build/power_logs/2022.07.28-06.57.39/stdout.txt \\\n\t\t&& if [ ! -d /work/build/power_logs/2022.07.28-06.57.39/ranging_tmp ]; \\\n\t\t\tthen mkdir /work/build/power_logs/2022.07.28-06.57.39/ranging_tmp \\\n\t\t\t\t&& mv /work/build/power_logs_temp/* /work/build/power_logs/2022.07.28-06.57.39/ranging_tmp/ \\\n\t\t\t\t&& cp -v /work/build/power_logs/2022.07.28-06.57.39/ranging_tmp/*/*/*/mlperf_log_detail.txt /work/build/power_logs_temp/ \\\n\t\t\t\t&& cp -v /work/build/power_logs/2022.07.28-06.57.39/ranging_tmp/*/*/*/mlperf_log_summary.txt /work/build/power_logs_temp/; \\\n\t\t\telse mkdir /work/build/power_logs/2022.07.28-06.57.39/testing_tmp \\\n\t\t\t\t&& mv /work/build/power_logs_temp/* /work/build/power_logs/2022.07.28-06.57.39/testing_tmp/ \\\n\t\t\t\t&& cp -v /work/build/power_logs/2022.07.28-06.57.39/testing_tmp/*/*/*/mlperf_log_detail.txt /work/build/power_logs_temp/ \\\n\t\t\t\t&& cp -v /work/build/power_logs/2022.07.28-06.57.39/testing_tmp/*/*/*/mlperf_log_summary.txt /work/build/power_logs_temp/; fi'
client 2022-07-28 07:29:00,092 [INFO] Sending command to the server: 'session,2022-07-28_06-57-47,stop,ranging'
client 2022-07-28 07:29:10,157 [INFO] Got response: 'OK'
client 2022-07-28 07:29:10,167 [INFO] Copying loadgen logs from '/work/build/power_logs_temp' to '/work/build/power_logs/2022.07.28-06.57.39/2022-07-28_06-57-47/ranging'
client 2022-07-28 07:29:10,167 [INFO] Running workload in testing mode
client 2022-07-28 07:29:10,167 [INFO] Synchronizing with the server and with 192.168.123.123...
client 2022-07-28 07:29:10,168 [INFO] NTP:offset = -0.000 s, delay = 0.000 s 
client 2022-07-28 07:29:10,168 [INFO] Sending command to the server: 'time'
client 2022-07-28 07:29:10,169 [INFO] Got response: '1658993350.0336027'
client 2022-07-28 07:29:10,169 [INFO] The time difference between the client and the server is within range 135.287 ms..136.174 ms
client 2022-07-28 07:29:10,169 [INFO] Sending command to the server: 'session,2022-07-28_06-57-47,start,testing'
client 2022-07-28 07:29:32,137 [INFO] Got response: 'OK'
client 2022-07-28 07:29:32,137 [INFO] Running the workload 'LOG_DIR=/work/build/power_logs_temp python3 -m code.main_v2 --benchmarks=bert --scenarios=server --config_ver=maxq --action="run_harness" \\\n\t\t2>&1 | tee -a /work/build/power_logs/2022.07.28-06.57.39/stdout.txt \\\n\t\t&& if [ ! -d /work/build/power_logs/2022.07.28-06.57.39/ranging_tmp ]; \\\n\t\t\tthen mkdir /work/build/power_logs/2022.07.28-06.57.39/ranging_tmp \\\n\t\t\t\t&& mv /work/build/power_logs_temp/* /work/build/power_logs/2022.07.28-06.57.39/ranging_tmp/ \\\n\t\t\t\t&& cp -v /work/build/power_logs/2022.07.28-06.57.39/ranging_tmp/*/*/*/mlperf_log_detail.txt /work/build/power_logs_temp/ \\\n\t\t\t\t&& cp -v /work/build/power_logs/2022.07.28-06.57.39/ranging_tmp/*/*/*/mlperf_log_summary.txt /work/build/power_logs_temp/; \\\n\t\t\telse mkdir /work/build/power_logs/2022.07.28-06.57.39/testing_tmp \\\n\t\t\t\t&& mv /work/build/power_logs_temp/* /work/build/power_logs/2022.07.28-06.57.39/testing_tmp/ \\\n\t\t\t\t&& cp -v /work/build/power_logs/2022.07.28-06.57.39/testing_tmp/*/*/*/mlperf_log_detail.txt /work/build/power_logs_temp/ \\\n\t\t\t\t&& cp -v /work/build/power_logs/2022.07.28-06.57.39/testing_tmp/*/*/*/mlperf_log_summary.txt /work/build/power_logs_temp/; fi'
client 2022-07-28 08:00:05,822 [INFO] Sending command to the server: 'session,2022-07-28_06-57-47,stop,testing'
client 2022-07-28 08:00:15,854 [INFO] Got response: 'OK'
client 2022-07-28 08:00:15,856 [INFO] Copying loadgen logs from '/work/build/power_logs_temp' to '/work/build/power_logs/2022.07.28-06.57.39/2022-07-28_06-57-47/run_1'
client 2022-07-28 08:00:15,857 [INFO] Done runs
