ptd-server 2022-07-28 06:57:47,307 [INFO] Got command from the client 'stop'
ptd-server 2022-07-28 06:57:47,307 [INFO] The server will be stopped after processing this client
ptd-server 2022-07-28 06:57:47,307 [INFO] Sending reply to client 'OK'
ptd-server 2022-07-28 06:57:47,311 [INFO] Got command from the client 'time'
ptd-server 2022-07-28 06:57:47,311 [INFO] Sending reply to client '1658991467.3113928'
ptd-server 2022-07-28 06:57:47,312 [INFO] Got command from the client 'new,,29065cac-62dc-4670-bd65-a1e75ea3ccd0'
ptd-server 2022-07-28 06:57:47,312 [INFO] Sending reply to client 'OK 2022-07-28_06-57-47,5cb5550f-f11c-4603-a535-cade30654127'
ptd-server 2022-07-28 06:57:47,314 [INFO] Got command from the client 'time'
ptd-server 2022-07-28 06:57:47,314 [INFO] Sending reply to client '1658991467.3149903'
ptd-server 2022-07-28 06:57:47,315 [INFO] Got command from the client 'session,2022-07-28_06-57-47,start,ranging'
ptd-server 2022-07-28 06:57:47,418 [INFO] Running PTDaemon: ['C:\\PTD\\ptd-windows-x86.exe', '-l', 'C:\\Users\\pa\\AppData\\Local\\Temp\\tmpp_lnu6wx\\ptd_logfile.txt', '-p', '8888', '-c', '1,2', '-y', '77', 'C2WL21005V']
ptd-server 2022-07-28 06:58:05,642 [INFO] Sending to ptd: 'Hello'
ptd-server 2022-07-28 06:58:05,643 [INFO] Reply from ptd: 'Hello, PTDaemon here!'
ptd-server 2022-07-28 06:58:05,643 [INFO] Sending to ptd: 'Identify'
ptd-server 2022-07-28 06:58:05,644 [INFO] Reply from ptd: 'YokogawaWT330_multichannel,1000,1,1,1,1,0,0,1,version=1.9.2-3976349f-20201208,OS=Windows 8 / Server 2012,mode=power,1,1,2,0,0,no_cal_date,YOKOGAWA;WT333E;C2WL21005V;F1.04'
ptd-server 2022-07-28 06:58:05,644 [INFO] Connected to PTDaemon
ptd-server 2022-07-28 06:58:05,644 [INFO] Sending to ptd: 'RR'
ptd-server 2022-07-28 06:58:05,645 [INFO] Reply from ptd: 'Ranges,-1,-1.000000,-1,-1.000000'
ptd-server 2022-07-28 06:58:05,645 [INFO] Initial range for Amps is Auto for Volts is Auto
ptd-server 2022-07-28 06:58:05,645 [INFO] Sending to ptd: 'SR,V,Auto'
ptd-server 2022-07-28 06:58:10,708 [INFO] Reply from ptd: 'Range V changed'
ptd-server 2022-07-28 06:58:10,708 [INFO] Sending to ptd: 'SR,A,20'
ptd-server 2022-07-28 06:58:16,284 [INFO] Reply from ptd: 'Range A changed'
ptd-server 2022-07-28 06:58:26,299 [INFO] Starting ranging mode
ptd-server 2022-07-28 06:58:26,299 [INFO] Sending to ptd: 'Go,1000,0,2022-07-28_06-57-47_ranging'
ptd-server 2022-07-28 06:58:26,299 [INFO] Reply from ptd: 'Starting untimed measurement, maximum 500000 samples at 1000ms with 0 rampup samples'
ptd-server 2022-07-28 06:58:26,300 [INFO] Sending reply to client 'OK'
ptd-server 2022-07-28 07:28:59,957 [INFO] Got command from the client 'session,2022-07-28_06-57-47,stop,ranging'
ptd-server 2022-07-28 07:29:09,961 [INFO] Sending to ptd: 'Stop'
ptd-server 2022-07-28 07:29:09,962 [INFO] Reply from ptd: 'Stopping untimed measurement'
ptd-server 2022-07-28 07:29:10,021 [INFO] Sending reply to client 'OK'
ptd-server 2022-07-28 07:29:10,033 [INFO] Got command from the client 'time'
ptd-server 2022-07-28 07:29:10,033 [INFO] Sending reply to client '1658993350.0336027'
ptd-server 2022-07-28 07:29:10,034 [INFO] Got command from the client 'session,2022-07-28_06-57-47,start,testing'
ptd-server 2022-07-28 07:29:10,034 [INFO] Sending to ptd: 'SR,V,121.720000'
ptd-server 2022-07-28 07:29:16,393 [INFO] Reply from ptd: 'Range V changed'
ptd-server 2022-07-28 07:29:16,394 [INFO] Sending to ptd: 'SR,A,1.409000'
ptd-server 2022-07-28 07:29:21,985 [INFO] Reply from ptd: 'Range A changed'
ptd-server 2022-07-28 07:29:31,999 [INFO] Starting testing mode
ptd-server 2022-07-28 07:29:31,999 [INFO] Sending to ptd: 'Go,1000,0,2022-07-28_06-57-47_testing'
ptd-server 2022-07-28 07:29:31,999 [INFO] Reply from ptd: 'Starting untimed measurement, maximum 500000 samples at 1000ms with 0 rampup samples'
ptd-server 2022-07-28 07:29:32,000 [INFO] Sending reply to client 'OK'
ptd-server 2022-07-28 08:00:05,617 [INFO] Got command from the client 'session,2022-07-28_06-57-47,stop,testing'
ptd-server 2022-07-28 08:00:15,627 [INFO] Sending to ptd: 'Stop'
ptd-server 2022-07-28 08:00:15,627 [INFO] Reply from ptd: 'Stopping untimed measurement'
ptd-server 2022-07-28 08:00:15,647 [INFO] Sending reply to client 'OK'
ptd-server 2022-07-28 08:00:15,655 [INFO] Got command from the client 'session,2022-07-28_06-57-47,done'
ptd-server 2022-07-28 08:00:15,656 [INFO] Sending to ptd: 'Stop'
ptd-server 2022-07-28 08:00:16,001 [INFO] Reply from ptd: 'Error: no measurement to stop'
ptd-server 2022-07-28 08:00:16,002 [INFO] Sending to ptd: 'SR,V,Auto'
ptd-server 2022-07-28 08:00:21,066 [INFO] Reply from ptd: 'Range V changed'
ptd-server 2022-07-28 08:00:21,067 [INFO] Sending to ptd: 'SR,A,Auto'
ptd-server 2022-07-28 08:00:26,135 [INFO] Reply from ptd: 'Range A changed'
ptd-server 2022-07-28 08:00:26,135 [INFO] Set initial values for Amps Auto and Volts Auto
ptd-server 2022-07-28 08:00:26,136 [INFO] Stopping ptd...
