ptd-server 2022-07-29 22:26:03,856 [INFO] Got command from the client 'stop'
ptd-server 2022-07-29 22:26:03,856 [INFO] The server will be stopped after processing this client
ptd-server 2022-07-29 22:26:03,856 [INFO] Sending reply to client 'OK'
ptd-server 2022-07-29 22:26:04,090 [INFO] Got command from the client 'time'
ptd-server 2022-07-29 22:26:04,090 [INFO] Sending reply to client '1659158764.0907507'
ptd-server 2022-07-29 22:26:04,106 [INFO] Got command from the client 'new,,e4950d39-14d6-46eb-b2cb-980d81f458cb'
ptd-server 2022-07-29 22:26:04,106 [INFO] Sending reply to client 'OK 2022-07-29_22-26-04,9918e34c-e242-4c3b-8acd-240a632adba9'
ptd-server 2022-07-29 22:26:04,340 [INFO] Got command from the client 'time'
ptd-server 2022-07-29 22:26:04,340 [INFO] Sending reply to client '1659158764.3406897'
ptd-server 2022-07-29 22:26:04,356 [INFO] Got command from the client 'session,2022-07-29_22-26-04,start,ranging'
ptd-server 2022-07-29 22:26:04,465 [INFO] Running PTDaemon: ['C:\\PTD\\ptd-windows-x86.exe', '-l', 'C:\\Users\\lab\\AppData\\Local\\Temp\\tmpa79_artm\\ptd_logfile.txt', '-p', '8888', '-c', '1', '-y', '52', '10.116.21.204']
ptd-server 2022-07-29 22:26:22,117 [INFO] Sending to ptd: 'Hello'
ptd-server 2022-07-29 22:26:22,117 [INFO] Reply from ptd: 'Hello, PTDaemon here!'
ptd-server 2022-07-29 22:26:22,117 [INFO] Sending to ptd: 'Identify'
ptd-server 2022-07-29 22:26:22,117 [INFO] Reply from ptd: 'YokogawaWT330E,1000,1,1,1,1,0,0,1,version=1.9.2-3976349f-20201208,OS=Windows 8 / Server 2012,mode=power,1,1,1,0,0,no_cal_date,YOKOGAWA;WT333E;C2VL22012V;F1.04'
ptd-server 2022-07-29 22:26:22,117 [INFO] Connected to PTDaemon
ptd-server 2022-07-29 22:26:22,117 [INFO] Sending to ptd: 'RR'
ptd-server 2022-07-29 22:26:22,117 [INFO] Reply from ptd: 'Ranges,0,1.000000,0,150.000000'
ptd-server 2022-07-29 22:26:22,117 [INFO] Initial range for Amps is 1.000000 for Volts is 150.000000
ptd-server 2022-07-29 22:26:22,117 [INFO] Sending to ptd: 'SR,V,Auto'
ptd-server 2022-07-29 22:26:22,633 [INFO] Reply from ptd: 'Range V changed'
ptd-server 2022-07-29 22:26:22,633 [INFO] Sending to ptd: 'SR,A,Auto'
ptd-server 2022-07-29 22:26:23,148 [INFO] Reply from ptd: 'Range A changed'
ptd-server 2022-07-29 22:26:33,161 [INFO] Starting ranging mode
ptd-server 2022-07-29 22:26:33,177 [INFO] Sending to ptd: 'Go,1000,0,2022-07-29_22-26-04_ranging'
ptd-server 2022-07-29 22:26:33,177 [INFO] Reply from ptd: 'Starting untimed measurement, maximum 500000 samples at 1000ms with 0 rampup samples'
ptd-server 2022-07-29 22:26:33,177 [INFO] Sending reply to client 'OK'
ptd-server 2022-07-29 22:39:50,743 [INFO] Got command from the client 'session,2022-07-29_22-26-04,stop,ranging'
ptd-server 2022-07-29 22:40:00,756 [INFO] Sending to ptd: 'Stop'
ptd-server 2022-07-29 22:40:00,756 [INFO] Reply from ptd: 'Stopping untimed measurement'
ptd-server 2022-07-29 22:40:00,772 [INFO] Sending reply to client 'OK'
ptd-server 2022-07-29 22:40:01,147 [INFO] Got command from the client 'time'
ptd-server 2022-07-29 22:40:01,147 [INFO] Sending reply to client '1659159601.147494'
ptd-server 2022-07-29 22:40:01,147 [INFO] Got command from the client 'session,2022-07-29_22-26-04,start,testing'
ptd-server 2022-07-29 22:40:01,147 [INFO] Sending to ptd: 'SR,V,206.860000'
ptd-server 2022-07-29 22:40:02,725 [INFO] Reply from ptd: 'Range V changed'
ptd-server 2022-07-29 22:40:02,725 [INFO] Sending to ptd: 'SR,A,0.405200'
ptd-server 2022-07-29 22:40:04,256 [INFO] Reply from ptd: 'Range A changed'
ptd-server 2022-07-29 22:40:14,269 [INFO] Starting testing mode
ptd-server 2022-07-29 22:40:14,269 [INFO] Sending to ptd: 'Go,1000,0,2022-07-29_22-26-04_testing'
ptd-server 2022-07-29 22:40:14,269 [INFO] Reply from ptd: 'Starting untimed measurement, maximum 500000 samples at 1000ms with 0 rampup samples'
ptd-server 2022-07-29 22:40:14,269 [INFO] Sending reply to client 'OK'
ptd-server 2022-07-29 22:52:47,658 [INFO] Got command from the client 'session,2022-07-29_22-26-04,stop,testing'
ptd-server 2022-07-29 22:52:57,671 [INFO] Sending to ptd: 'Stop'
ptd-server 2022-07-29 22:52:57,671 [INFO] Reply from ptd: 'Stopping untimed measurement'
ptd-server 2022-07-29 22:52:57,703 [INFO] Sending reply to client 'OK'
ptd-server 2022-07-29 22:52:57,890 [INFO] Got command from the client 'session,2022-07-29_22-26-04,done'
ptd-server 2022-07-29 22:52:57,890 [INFO] Sending to ptd: 'Stop'
ptd-server 2022-07-29 22:52:58,281 [INFO] Reply from ptd: 'Error: no measurement to stop'
ptd-server 2022-07-29 22:52:58,281 [INFO] Sending to ptd: 'SR,V,150.000000'
ptd-server 2022-07-29 22:52:59,811 [INFO] Reply from ptd: 'Range V changed'
ptd-server 2022-07-29 22:52:59,811 [INFO] Sending to ptd: 'SR,A,1.000000'
ptd-server 2022-07-29 22:53:01,342 [INFO] Reply from ptd: 'Range A changed'
ptd-server 2022-07-29 22:53:01,342 [INFO] Set initial values for Amps 1.000000 and Volts 150.000000
ptd-server 2022-07-29 22:53:01,342 [INFO] Stopping ptd...
