ptd-server 2022-08-02 09:42:37,516 [INFO] Got command from the client 'time'
ptd-server 2022-08-02 09:42:37,516 [INFO] Sending reply to client '1659429757.5165448'
ptd-server 2022-08-02 09:42:37,517 [INFO] Got command from the client 'new,,f136b5ee-fd6f-4c70-b312-577719a6f2de'
ptd-server 2022-08-02 09:42:37,517 [INFO] Sending reply to client 'OK 2022-08-02_09-42-37,8f406048-c72a-429b-9758-4defbc92ee51'
ptd-server 2022-08-02 09:42:37,546 [INFO] Got command from the client 'time'
ptd-server 2022-08-02 09:42:37,546 [INFO] Sending reply to client '1659429757.54644'
ptd-server 2022-08-02 09:42:37,547 [INFO] Got command from the client 'session,2022-08-02_09-42-37,start,ranging'
ptd-server 2022-08-02 09:42:37,547 [INFO] Running PTDaemon: ['/home/anton/projects/mlperf/power/inference_v1.0/ptd-linux-x86', '-l', '/tmp/tmp7lgbo8s4/ptd_logfile.txt', '-p', '8888', '49', '/dev/usbtmc0']
ptd-server 2022-08-02 09:42:54,721 [INFO] Sending to ptd: 'Hello'
ptd-server 2022-08-02 09:42:54,721 [INFO] Reply from ptd: 'Hello, PTDaemon here!'
ptd-server 2022-08-02 09:42:54,722 [INFO] Sending to ptd: 'Identify'
ptd-server 2022-08-02 09:42:54,722 [INFO] Reply from ptd: 'YokogawaWT310E,1000,1,1,1,1,0,1,1,version=1.9.2-e8c7a49a-20201208,OS=Linux 5.13.0-52-generic #59~20.04.1-Ubuntu SMP Thu Jun 16 21:21:28 UTC 2022 x86_64,mode=power,1,1,1,0,0,no_cal_date,YOKOGAWA;WT310E;C3XA04010E;F1.04'
ptd-server 2022-08-02 09:42:54,722 [INFO] Connected to PTDaemon
ptd-server 2022-08-02 09:42:54,722 [INFO] Sending to ptd: 'RR'
ptd-server 2022-08-02 09:42:54,722 [INFO] Reply from ptd: 'Ranges,0,0.500000,1,300.000000'
ptd-server 2022-08-02 09:42:54,723 [INFO] Initial range for Amps is 0.500000 for Volts is Auto
ptd-server 2022-08-02 09:42:54,723 [INFO] Sending to ptd: 'SR,V,Auto'
ptd-server 2022-08-02 09:42:55,225 [INFO] Reply from ptd: 'Range V changed'
ptd-server 2022-08-02 09:42:55,225 [INFO] Sending to ptd: 'SR,A,Auto'
ptd-server 2022-08-02 09:42:55,728 [INFO] Reply from ptd: 'Range A changed'
ptd-server 2022-08-02 09:43:05,738 [INFO] Starting ranging mode
ptd-server 2022-08-02 09:43:05,738 [INFO] Sending to ptd: 'Go,1000,0,2022-08-02_09-42-37_ranging'
ptd-server 2022-08-02 09:43:05,739 [INFO] Reply from ptd: 'Starting untimed measurement, maximum 500000 samples at 1000ms with 0 rampup samples'
ptd-server 2022-08-02 09:43:05,739 [INFO] Sending reply to client 'OK'
ptd-server 2022-08-02 09:53:17,148 [INFO] Got command from the client 'session,2022-08-02_09-42-37,stop,ranging'
ptd-server 2022-08-02 09:53:27,158 [INFO] Sending to ptd: 'Stop'
ptd-server 2022-08-02 09:53:27,159 [INFO] Reply from ptd: 'Stopping untimed measurement'
ptd-server 2022-08-02 09:53:28,648 [INFO] Sending reply to client 'OK'
ptd-server 2022-08-02 09:53:28,721 [INFO] Got command from the client 'time'
ptd-server 2022-08-02 09:53:28,721 [INFO] Sending reply to client '1659430408.7211738'
ptd-server 2022-08-02 09:53:28,722 [INFO] Got command from the client 'session,2022-08-02_09-42-37,start,testing'
ptd-server 2022-08-02 09:53:28,722 [INFO] Sending to ptd: 'SR,V,252.050000'
ptd-server 2022-08-02 09:53:30,224 [INFO] Reply from ptd: 'Range V changed'
ptd-server 2022-08-02 09:53:30,224 [INFO] Sending to ptd: 'SR,A,0.218840'
ptd-server 2022-08-02 09:53:31,725 [INFO] Reply from ptd: 'Range A changed'
ptd-server 2022-08-02 09:53:41,736 [INFO] Starting testing mode
ptd-server 2022-08-02 09:53:41,736 [INFO] Sending to ptd: 'Go,1000,0,2022-08-02_09-42-37_testing'
ptd-server 2022-08-02 09:53:41,736 [INFO] Reply from ptd: 'Starting untimed measurement, maximum 500000 samples at 1000ms with 0 rampup samples'
ptd-server 2022-08-02 09:53:41,736 [INFO] Sending reply to client 'OK'
ptd-server 2022-08-02 10:03:53,192 [INFO] Got command from the client 'session,2022-08-02_09-42-37,stop,testing'
ptd-server 2022-08-02 10:04:03,202 [INFO] Sending to ptd: 'Stop'
ptd-server 2022-08-02 10:04:03,202 [INFO] Reply from ptd: 'Stopping untimed measurement'
ptd-server 2022-08-02 10:04:03,965 [INFO] Sending reply to client 'OK'
ptd-server 2022-08-02 10:04:03,979 [INFO] Got command from the client 'session,2022-08-02_09-42-37,done'
ptd-server 2022-08-02 10:04:03,979 [INFO] Sending to ptd: 'Stop'
ptd-server 2022-08-02 10:04:03,980 [INFO] Reply from ptd: 'Error: no measurement to stop'
ptd-server 2022-08-02 10:04:03,980 [INFO] Sending to ptd: 'SR,V,Auto'
ptd-server 2022-08-02 10:04:04,482 [INFO] Reply from ptd: 'Range V changed'
ptd-server 2022-08-02 10:04:04,482 [INFO] Sending to ptd: 'SR,A,0.500000'
ptd-server 2022-08-02 10:04:05,984 [INFO] Reply from ptd: 'Range A changed'
ptd-server 2022-08-02 10:04:05,984 [INFO] Set initial values for Amps 0.500000 and Volts Auto
ptd-server 2022-08-02 10:04:05,984 [INFO] Stopping ptd...
