ptd-server 2022-07-28 18:19:51,168 [INFO] Got command from the client 'time'
ptd-server 2022-07-28 18:19:51,168 [INFO] Sending reply to client '1659028791.168245'
ptd-server 2022-07-28 18:19:51,172 [INFO] Got command from the client 'new,,b8f26a52-ce89-4aac-9b66-126889f87c79'
ptd-server 2022-07-28 18:19:51,172 [INFO] Sending reply to client 'OK 2022-07-28_18-19-51,3e96f67e-d6f8-407f-8dba-6c87371e64de'
ptd-server 2022-07-28 18:19:51,209 [INFO] Got command from the client 'time'
ptd-server 2022-07-28 18:19:51,209 [INFO] Sending reply to client '1659028791.2096367'
ptd-server 2022-07-28 18:19:51,213 [INFO] Got command from the client 'session,2022-07-28_18-19-51,start,ranging'
ptd-server 2022-07-28 18:19:51,213 [INFO] Running PTDaemon: ['/home/anton/projects/mlperf/power/inference_v1.0/ptd-linux-x86', '-l', '/tmp/tmp7lgbo8s4/ptd_logfile.txt', '-p', '8888', '49', '/dev/usbtmc0']
ptd-server 2022-07-28 18:20:08,387 [INFO] Sending to ptd: 'Hello'
ptd-server 2022-07-28 18:20:08,388 [INFO] Reply from ptd: 'Hello, PTDaemon here!'
ptd-server 2022-07-28 18:20:08,388 [INFO] Sending to ptd: 'Identify'
ptd-server 2022-07-28 18:20:08,389 [INFO] Reply from ptd: 'YokogawaWT310E,1000,1,1,1,1,0,1,1,version=1.9.2-e8c7a49a-20201208,OS=Linux 5.13.0-52-generic #59~20.04.1-Ubuntu SMP Thu Jun 16 21:21:28 UTC 2022 x86_64,mode=power,1,1,1,0,0,no_cal_date,YOKOGAWA;WT310E;C3XA04010E;F1.04'
ptd-server 2022-07-28 18:20:08,389 [INFO] Connected to PTDaemon
ptd-server 2022-07-28 18:20:08,389 [INFO] Sending to ptd: 'RR'
ptd-server 2022-07-28 18:20:08,389 [INFO] Reply from ptd: 'Ranges,0,0.500000,1,300.000000'
ptd-server 2022-07-28 18:20:08,389 [INFO] Initial range for Amps is 0.500000 for Volts is Auto
ptd-server 2022-07-28 18:20:08,389 [INFO] Sending to ptd: 'SR,V,Auto'
ptd-server 2022-07-28 18:20:08,892 [INFO] Reply from ptd: 'Range V changed'
ptd-server 2022-07-28 18:20:08,892 [INFO] Sending to ptd: 'SR,A,Auto'
ptd-server 2022-07-28 18:20:09,395 [INFO] Reply from ptd: 'Range A changed'
ptd-server 2022-07-28 18:20:19,405 [INFO] Starting ranging mode
ptd-server 2022-07-28 18:20:19,405 [INFO] Sending to ptd: 'Go,1000,0,2022-07-28_18-19-51_ranging'
ptd-server 2022-07-28 18:20:19,405 [INFO] Reply from ptd: 'Starting untimed measurement, maximum 500000 samples at 1000ms with 0 rampup samples'
ptd-server 2022-07-28 18:20:19,406 [INFO] Sending reply to client 'OK'
ptd-server 2022-07-28 18:30:42,695 [INFO] Got command from the client 'session,2022-07-28_18-19-51,stop,ranging'
ptd-server 2022-07-28 18:30:52,706 [INFO] Sending to ptd: 'Stop'
ptd-server 2022-07-28 18:30:52,706 [INFO] Reply from ptd: 'Stopping untimed measurement'
ptd-server 2022-07-28 18:30:53,812 [INFO] Sending reply to client 'OK'
ptd-server 2022-07-28 18:30:53,895 [INFO] Got command from the client 'time'
ptd-server 2022-07-28 18:30:53,896 [INFO] Sending reply to client '1659029453.8959844'
ptd-server 2022-07-28 18:30:53,901 [INFO] Got command from the client 'session,2022-07-28_18-19-51,start,testing'
ptd-server 2022-07-28 18:30:53,901 [INFO] Sending to ptd: 'SR,V,250.500000'
ptd-server 2022-07-28 18:30:55,402 [INFO] Reply from ptd: 'Range V changed'
ptd-server 2022-07-28 18:30:55,403 [INFO] Sending to ptd: 'SR,A,0.046140'
ptd-server 2022-07-28 18:30:56,904 [INFO] Reply from ptd: 'Range A changed'
ptd-server 2022-07-28 18:31:06,914 [INFO] Starting testing mode
ptd-server 2022-07-28 18:31:06,915 [INFO] Sending to ptd: 'Go,1000,0,2022-07-28_18-19-51_testing'
ptd-server 2022-07-28 18:31:06,915 [INFO] Reply from ptd: 'Starting untimed measurement, maximum 500000 samples at 1000ms with 0 rampup samples'
ptd-server 2022-07-28 18:31:06,915 [INFO] Sending reply to client 'OK'
ptd-server 2022-07-28 18:41:30,429 [INFO] Got command from the client 'session,2022-07-28_18-19-51,stop,testing'
ptd-server 2022-07-28 18:41:40,439 [INFO] Sending to ptd: 'Stop'
ptd-server 2022-07-28 18:41:40,440 [INFO] Reply from ptd: 'Stopping untimed measurement'
ptd-server 2022-07-28 18:41:41,017 [INFO] Sending reply to client 'OK'
ptd-server 2022-07-28 18:41:41,056 [INFO] Got command from the client 'session,2022-07-28_18-19-51,done'
ptd-server 2022-07-28 18:41:41,056 [INFO] Sending to ptd: 'Stop'
ptd-server 2022-07-28 18:41:41,056 [INFO] Reply from ptd: 'Error: no measurement to stop'
ptd-server 2022-07-28 18:41:41,056 [INFO] Sending to ptd: 'SR,V,Auto'
ptd-server 2022-07-28 18:41:41,559 [INFO] Reply from ptd: 'Range V changed'
ptd-server 2022-07-28 18:41:41,559 [INFO] Sending to ptd: 'SR,A,0.500000'
ptd-server 2022-07-28 18:41:43,061 [INFO] Reply from ptd: 'Range A changed'
ptd-server 2022-07-28 18:41:43,061 [INFO] Set initial values for Amps 0.500000 and Volts Auto
ptd-server 2022-07-28 18:41:43,061 [INFO] Stopping ptd...
