ptd-server 2022-07-21 09:03:19,045 [INFO] Got command from the client 'time'
ptd-server 2022-07-21 09:03:19,045 [INFO] Sending reply to client '1658390599.0456076'
ptd-server 2022-07-21 09:03:19,046 [INFO] Got command from the client 'new,,274d27c7-991c-429e-b832-5f18e90a61a0'
ptd-server 2022-07-21 09:03:19,047 [INFO] Sending reply to client 'OK 2022-07-21_09-03-19,67c7e696-f189-456e-a177-a3fe500d93b3'
ptd-server 2022-07-21 09:03:19,085 [INFO] Got command from the client 'time'
ptd-server 2022-07-21 09:03:19,085 [INFO] Sending reply to client '1658390599.0856023'
ptd-server 2022-07-21 09:03:19,086 [INFO] Got command from the client 'session,2022-07-21_09-03-19,start,ranging'
ptd-server 2022-07-21 09:03:19,087 [INFO] Running PTDaemon: ['/home/anton/projects/mlperf/power/inference_v1.0/ptd-linux-x86', '-l', '/tmp/tmp7lgbo8s4/ptd_logfile.txt', '-p', '8888', '49', '/dev/usbtmc0']
ptd-server 2022-07-21 09:03:36,261 [INFO] Sending to ptd: 'Hello'
ptd-server 2022-07-21 09:03:36,261 [INFO] Reply from ptd: 'Hello, PTDaemon here!'
ptd-server 2022-07-21 09:03:36,262 [INFO] Sending to ptd: 'Identify'
ptd-server 2022-07-21 09:03:36,262 [INFO] Reply from ptd: 'YokogawaWT310E,1000,1,1,1,1,0,1,1,version=1.9.2-e8c7a49a-20201208,OS=Linux 5.13.0-52-generic #59~20.04.1-Ubuntu SMP Thu Jun 16 21:21:28 UTC 2022 x86_64,mode=power,1,1,1,0,0,no_cal_date,YOKOGAWA;WT310E;C3XA04010E;F1.04'
ptd-server 2022-07-21 09:03:36,262 [INFO] Connected to PTDaemon
ptd-server 2022-07-21 09:03:36,262 [INFO] Sending to ptd: 'RR'
ptd-server 2022-07-21 09:03:36,263 [INFO] Reply from ptd: 'Ranges,0,0.500000,1,300.000000'
ptd-server 2022-07-21 09:03:36,263 [INFO] Initial range for Amps is 0.500000 for Volts is Auto
ptd-server 2022-07-21 09:03:36,263 [INFO] Sending to ptd: 'SR,V,Auto'
ptd-server 2022-07-21 09:03:36,765 [INFO] Reply from ptd: 'Range V changed'
ptd-server 2022-07-21 09:03:36,766 [INFO] Sending to ptd: 'SR,A,Auto'
ptd-server 2022-07-21 09:03:37,268 [INFO] Reply from ptd: 'Range A changed'
ptd-server 2022-07-21 09:03:47,275 [INFO] Starting ranging mode
ptd-server 2022-07-21 09:03:47,275 [INFO] Sending to ptd: 'Go,1000,0,2022-07-21_09-03-19_ranging'
ptd-server 2022-07-21 09:03:47,276 [INFO] Reply from ptd: 'Starting untimed measurement, maximum 500000 samples at 1000ms with 0 rampup samples'
ptd-server 2022-07-21 09:03:47,276 [INFO] Sending reply to client 'OK'
ptd-server 2022-07-21 09:14:09,738 [INFO] Got command from the client 'session,2022-07-21_09-03-19,stop,ranging'
ptd-server 2022-07-21 09:14:19,749 [INFO] Sending to ptd: 'Stop'
ptd-server 2022-07-21 09:14:19,749 [INFO] Reply from ptd: 'Stopping untimed measurement'
ptd-server 2022-07-21 09:14:20,075 [INFO] Sending reply to client 'OK'
ptd-server 2022-07-21 09:14:20,129 [INFO] Got command from the client 'time'
ptd-server 2022-07-21 09:14:20,130 [INFO] Sending reply to client '1658391260.1299834'
ptd-server 2022-07-21 09:14:20,131 [INFO] Got command from the client 'session,2022-07-21_09-03-19,start,testing'
ptd-server 2022-07-21 09:14:20,131 [INFO] Sending to ptd: 'SR,V,250.030000'
ptd-server 2022-07-21 09:14:21,778 [INFO] Reply from ptd: 'Range V changed'
ptd-server 2022-07-21 09:14:21,778 [INFO] Sending to ptd: 'SR,A,0.076940'
ptd-server 2022-07-21 09:14:23,279 [INFO] Reply from ptd: 'Range A changed'
ptd-server 2022-07-21 09:14:33,290 [INFO] Starting testing mode
ptd-server 2022-07-21 09:14:33,290 [INFO] Sending to ptd: 'Go,1000,0,2022-07-21_09-03-19_testing'
ptd-server 2022-07-21 09:14:33,290 [INFO] Reply from ptd: 'Starting untimed measurement, maximum 500000 samples at 1000ms with 0 rampup samples'
ptd-server 2022-07-21 09:14:33,290 [INFO] Sending reply to client 'OK'
ptd-server 2022-07-21 09:24:54,095 [INFO] Got command from the client 'session,2022-07-21_09-03-19,stop,testing'
ptd-server 2022-07-21 09:25:04,105 [INFO] Sending to ptd: 'Stop'
ptd-server 2022-07-21 09:25:04,106 [INFO] Reply from ptd: 'Stopping untimed measurement'
ptd-server 2022-07-21 09:25:04,275 [INFO] Sending reply to client 'OK'
ptd-server 2022-07-21 09:25:04,283 [INFO] Got command from the client 'session,2022-07-21_09-03-19,done'
ptd-server 2022-07-21 09:25:04,283 [INFO] Sending to ptd: 'Stop'
ptd-server 2022-07-21 09:25:04,290 [INFO] Reply from ptd: 'Error: no measurement to stop'
ptd-server 2022-07-21 09:25:04,290 [INFO] Sending to ptd: 'SR,V,Auto'
ptd-server 2022-07-21 09:25:04,793 [INFO] Reply from ptd: 'Range V changed'
ptd-server 2022-07-21 09:25:04,793 [INFO] Sending to ptd: 'SR,A,0.500000'
ptd-server 2022-07-21 09:25:06,295 [INFO] Reply from ptd: 'Range A changed'
ptd-server 2022-07-21 09:25:06,295 [INFO] Set initial values for Amps 0.500000 and Volts Auto
ptd-server 2022-07-21 09:25:06,295 [INFO] Stopping ptd...
