ptd-server 2022-07-26 19:42:49,280 [INFO] Got command from the client 'time'
ptd-server 2022-07-26 19:42:49,280 [INFO] Sending reply to client '1658860969.2809293'
ptd-server 2022-07-26 19:42:49,284 [INFO] Got command from the client 'new,,a658c9b1-c4ef-4abc-8eff-829d3dd0f61e'
ptd-server 2022-07-26 19:42:49,284 [INFO] Sending reply to client 'OK 2022-07-26_19-42-49,bf8aa14a-b368-49ef-a7c7-01e567fbb4d4'
ptd-server 2022-07-26 19:42:49,383 [INFO] Got command from the client 'time'
ptd-server 2022-07-26 19:42:49,383 [INFO] Sending reply to client '1658860969.3837464'
ptd-server 2022-07-26 19:42:49,387 [INFO] Got command from the client 'session,2022-07-26_19-42-49,start,ranging'
ptd-server 2022-07-26 19:42:49,388 [INFO] Running PTDaemon: ['/home/anton/projects/mlperf/power/inference_v1.0/ptd-linux-x86', '-l', '/tmp/tmp7lgbo8s4/ptd_logfile.txt', '-p', '8888', '49', '/dev/usbtmc0']
ptd-server 2022-07-26 19:43:06,562 [INFO] Sending to ptd: 'Hello'
ptd-server 2022-07-26 19:43:06,562 [INFO] Reply from ptd: 'Hello, PTDaemon here!'
ptd-server 2022-07-26 19:43:06,563 [INFO] Sending to ptd: 'Identify'
ptd-server 2022-07-26 19:43:06,563 [INFO] Reply from ptd: 'YokogawaWT310E,1000,1,1,1,1,0,1,1,version=1.9.2-e8c7a49a-20201208,OS=Linux 5.13.0-52-generic #59~20.04.1-Ubuntu SMP Thu Jun 16 21:21:28 UTC 2022 x86_64,mode=power,1,1,1,0,0,no_cal_date,YOKOGAWA;WT310E;C3XA04010E;F1.04'
ptd-server 2022-07-26 19:43:06,563 [INFO] Connected to PTDaemon
ptd-server 2022-07-26 19:43:06,563 [INFO] Sending to ptd: 'RR'
ptd-server 2022-07-26 19:43:06,564 [INFO] Reply from ptd: 'Ranges,0,0.500000,1,300.000000'
ptd-server 2022-07-26 19:43:06,564 [INFO] Initial range for Amps is 0.500000 for Volts is Auto
ptd-server 2022-07-26 19:43:06,564 [INFO] Sending to ptd: 'SR,V,Auto'
ptd-server 2022-07-26 19:43:07,066 [INFO] Reply from ptd: 'Range V changed'
ptd-server 2022-07-26 19:43:07,066 [INFO] Sending to ptd: 'SR,A,Auto'
ptd-server 2022-07-26 19:43:07,569 [INFO] Reply from ptd: 'Range A changed'
ptd-server 2022-07-26 19:43:17,579 [INFO] Starting ranging mode
ptd-server 2022-07-26 19:43:17,579 [INFO] Sending to ptd: 'Go,1000,0,2022-07-26_19-42-49_ranging'
ptd-server 2022-07-26 19:43:17,580 [INFO] Reply from ptd: 'Starting untimed measurement, maximum 500000 samples at 1000ms with 0 rampup samples'
ptd-server 2022-07-26 19:43:17,580 [INFO] Sending reply to client 'OK'
ptd-server 2022-07-26 19:53:32,184 [INFO] Got command from the client 'session,2022-07-26_19-42-49,stop,ranging'
ptd-server 2022-07-26 19:53:42,195 [INFO] Sending to ptd: 'Stop'
ptd-server 2022-07-26 19:53:42,195 [INFO] Reply from ptd: 'Stopping untimed measurement'
ptd-server 2022-07-26 19:53:43,061 [INFO] Sending reply to client 'OK'
ptd-server 2022-07-26 19:53:43,324 [INFO] Got command from the client 'time'
ptd-server 2022-07-26 19:53:43,325 [INFO] Sending reply to client '1658861623.3249831'
ptd-server 2022-07-26 19:53:43,328 [INFO] Got command from the client 'session,2022-07-26_19-42-49,start,testing'
ptd-server 2022-07-26 19:53:43,328 [INFO] Sending to ptd: 'SR,V,249.210000'
ptd-server 2022-07-26 19:53:44,830 [INFO] Reply from ptd: 'Range V changed'
ptd-server 2022-07-26 19:53:44,830 [INFO] Sending to ptd: 'SR,A,0.058020'
ptd-server 2022-07-26 19:53:46,331 [INFO] Reply from ptd: 'Range A changed'
ptd-server 2022-07-26 19:53:56,341 [INFO] Starting testing mode
ptd-server 2022-07-26 19:53:56,342 [INFO] Sending to ptd: 'Go,1000,0,2022-07-26_19-42-49_testing'
ptd-server 2022-07-26 19:53:56,342 [INFO] Reply from ptd: 'Starting untimed measurement, maximum 500000 samples at 1000ms with 0 rampup samples'
ptd-server 2022-07-26 19:53:56,342 [INFO] Sending reply to client 'OK'
ptd-server 2022-07-26 20:04:10,795 [INFO] Got command from the client 'session,2022-07-26_19-42-49,stop,testing'
ptd-server 2022-07-26 20:04:20,805 [INFO] Sending to ptd: 'Stop'
ptd-server 2022-07-26 20:04:20,806 [INFO] Reply from ptd: 'Stopping untimed measurement'
ptd-server 2022-07-26 20:04:21,249 [INFO] Sending reply to client 'OK'
ptd-server 2022-07-26 20:04:21,280 [INFO] Got command from the client 'session,2022-07-26_19-42-49,done'
ptd-server 2022-07-26 20:04:21,280 [INFO] Sending to ptd: 'Stop'
ptd-server 2022-07-26 20:04:21,342 [INFO] Reply from ptd: 'Error: no measurement to stop'
ptd-server 2022-07-26 20:04:21,342 [INFO] Sending to ptd: 'SR,V,Auto'
ptd-server 2022-07-26 20:04:21,845 [INFO] Reply from ptd: 'Range V changed'
ptd-server 2022-07-26 20:04:21,845 [INFO] Sending to ptd: 'SR,A,0.500000'
ptd-server 2022-07-26 20:04:23,346 [INFO] Reply from ptd: 'Range A changed'
ptd-server 2022-07-26 20:04:23,346 [INFO] Set initial values for Amps 0.500000 and Volts Auto
ptd-server 2022-07-26 20:04:23,347 [INFO] Stopping ptd...
