client 2022-08-01 05:36:57,462 [INFO] Sending command to the server: 'mlcommons/power client v3'
client 2022-08-01 05:36:57,463 [INFO] Got response: 'mlcommons/power server v3'
client 2022-08-01 05:36:57,463 [INFO] Sending command to the server: 'stop'
client 2022-08-01 05:36:57,466 [INFO] Got response: 'OK'
client 2022-08-01 05:36:57,466 [INFO] Synchronizing with the server and with 172.16.1.30...
client 2022-08-01 05:36:57,469 [INFO] NTP:offset = -0.001 s, delay = 0.001 s 
client 2022-08-01 05:36:57,469 [INFO] Sending command to the server: 'time'
client 2022-08-01 05:36:57,471 [INFO] Got response: '1659332217.6024866'
client 2022-08-01 05:36:57,471 [INFO] The time difference between the client and the server is within range -132.808 ms..-131.149 ms
client 2022-08-01 05:36:57,471 [INFO] Sending command to the server: 'new,,a3bbaadd-5fcd-41ab-8e85-6dd0f29e099c'
client 2022-08-01 05:36:57,474 [INFO] Got response: 'OK 2022-07-31_22-36-57,9cf73afe-4f44-4180-b77a-4ef5b108498f'
client 2022-08-01 05:36:57,474 [INFO] Session id is '2022-07-31_22-36-57'
client 2022-08-01 05:36:57,474 [INFO] Sources: {"sources": {"__init__.py": "da39a3ee5e6b4b0d3255bfef95601890afd80709", "client.py": "33ca4f26368777ac06e01f9567b714a4b8063886", "lib/__init__.py": "da39a3ee5e6b4b0d3255bfef95601890afd80709", "lib/client.py": "4c2b78fb4849a7e5b584ef792d82aaed20b17f57", "lib/common.py": "624d0c0acc7c39aaff3674f0b99d6a09da53d1dc", "lib/external/__init__.py": "da39a3ee5e6b4b0d3255bfef95601890afd80709", "lib/external/ntplib.py": "4da8f970656505a40483206ef2b5d3dd5e81711d", "lib/server.py": "59c9fb92908260d3e9f81a895c7aa009742275e4", "lib/source_hashes.py": "60a2e02193209e8d392803326208d5466342da18", "lib/summary.py": "aa92f0a3f975eecd44d3c0cd0236342ccc9f941d", "lib/time_sync.py": "3210db56eb0ff0df57bf4293dc4d4b03fffd46f1", "server.py": "c3f90f2f7eeb4db30727556d0c815ebc89b3d28b", "tests/unit/__init__.py": "da39a3ee5e6b4b0d3255bfef95601890afd80709", "tests/unit/test_server.py": "99ae15aef722f2000ee6ed1ae1523637bf1ae42b", "tests/unit/test_source_hashes.py": "00468a2907583c593e6574a1f6b404e4651c221a"}, "modules": {"ptd_client_server.lib.client": "lib/client.py", "ptd_client_server.lib.common": "lib/common.py", "ptd_client_server.lib.external.ntplib": "lib/external/ntplib.py", "ptd_client_server.lib.source_hashes": "lib/source_hashes.py", "ptd_client_server.lib.summary": "lib/summary.py", "ptd_client_server.lib.time_sync": "lib/time_sync.py"}}
client 2022-08-01 05:36:57,474 [INFO] Running workload in ranging mode
client 2022-08-01 05:36:57,474 [INFO] Synchronizing with the server and with 172.16.1.30...
client 2022-08-01 05:36:57,475 [INFO] NTP:offset = -0.001 s, delay = 0.000 s 
client 2022-08-01 05:36:57,475 [INFO] Sending command to the server: 'time'
client 2022-08-01 05:36:57,477 [INFO] Got response: '1659332217.6084602'
client 2022-08-01 05:36:57,477 [INFO] The time difference between the client and the server is within range -132.708 ms..-130.906 ms
client 2022-08-01 05:36:57,477 [INFO] Sending command to the server: 'session,2022-07-31_22-36-57,start,ranging'
client 2022-08-01 05:37:26,153 [INFO] Got response: 'OK'
client 2022-08-01 05:37:26,153 [INFO] Running the workload 'LOG_DIR=/work/build/power_logs_temp python3 -m code.main_v2 --benchmarks=bert --scenarios=Offline --config_ver=maxq_high_accuracy  --action="run_harness" \\\n\t\t2>&1 | tee -a /work/build/power_logs/2022.08.01-05.35.27/stdout.txt \\\n\t\t&& if [ ! -d /work/build/power_logs/2022.08.01-05.35.27/ranging_tmp ]; \\\n\t\t\tthen mkdir /work/build/power_logs/2022.08.01-05.35.27/ranging_tmp \\\n\t\t\t\t&& mv /work/build/power_logs_temp/* /work/build/power_logs/2022.08.01-05.35.27/ranging_tmp/ \\\n\t\t\t\t&& cp -v /work/build/power_logs/2022.08.01-05.35.27/ranging_tmp/*/*/*/mlperf_log_detail.txt /work/build/power_logs_temp/ \\\n\t\t\t\t&& cp -v /work/build/power_logs/2022.08.01-05.35.27/ranging_tmp/*/*/*/mlperf_log_summary.txt /work/build/power_logs_temp/; \\\n\t\t\telse mkdir /work/build/power_logs/2022.08.01-05.35.27/testing_tmp \\\n\t\t\t\t&& mv /work/build/power_logs_temp/* /work/build/power_logs/2022.08.01-05.35.27/testing_tmp/ \\\n\t\t\t\t&& cp -v /work/build/power_logs/2022.08.01-05.35.27/testing_tmp/*/*/*/mlperf_log_detail.txt /work/build/power_logs_temp/ \\\n\t\t\t\t&& cp -v /work/build/power_logs/2022.08.01-05.35.27/testing_tmp/*/*/*/mlperf_log_summary.txt /work/build/power_logs_temp/; fi'
client 2022-08-01 05:52:02,191 [INFO] Sending command to the server: 'session,2022-07-31_22-36-57,stop,ranging'
client 2022-08-01 05:52:12,240 [INFO] Got response: 'OK'
client 2022-08-01 05:52:12,252 [INFO] Copying loadgen logs from '/work/build/power_logs_temp' to '/work/build/power_logs/2022.08.01-05.35.27/2022-07-31_22-36-57/ranging'
client 2022-08-01 05:52:12,253 [INFO] Running workload in testing mode
client 2022-08-01 05:52:12,253 [INFO] Synchronizing with the server and with 172.16.1.30...
client 2022-08-01 05:52:12,257 [INFO] NTP:offset = -0.002 s, delay = 0.002 s 
client 2022-08-01 05:52:12,257 [INFO] Sending command to the server: 'time'
client 2022-08-01 05:52:12,258 [INFO] Got response: '1659333132.3901145'
client 2022-08-01 05:52:12,258 [INFO] The time difference between the client and the server is within range -132.924 ms..-131.498 ms
client 2022-08-01 05:52:12,258 [INFO] Sending command to the server: 'session,2022-07-31_22-36-57,start,testing'
client 2022-08-01 05:52:26,176 [INFO] Got response: 'OK'
client 2022-08-01 05:52:26,177 [INFO] Running the workload 'LOG_DIR=/work/build/power_logs_temp python3 -m code.main_v2 --benchmarks=bert --scenarios=Offline --config_ver=maxq_high_accuracy  --action="run_harness" \\\n\t\t2>&1 | tee -a /work/build/power_logs/2022.08.01-05.35.27/stdout.txt \\\n\t\t&& if [ ! -d /work/build/power_logs/2022.08.01-05.35.27/ranging_tmp ]; \\\n\t\t\tthen mkdir /work/build/power_logs/2022.08.01-05.35.27/ranging_tmp \\\n\t\t\t\t&& mv /work/build/power_logs_temp/* /work/build/power_logs/2022.08.01-05.35.27/ranging_tmp/ \\\n\t\t\t\t&& cp -v /work/build/power_logs/2022.08.01-05.35.27/ranging_tmp/*/*/*/mlperf_log_detail.txt /work/build/power_logs_temp/ \\\n\t\t\t\t&& cp -v /work/build/power_logs/2022.08.01-05.35.27/ranging_tmp/*/*/*/mlperf_log_summary.txt /work/build/power_logs_temp/; \\\n\t\t\telse mkdir /work/build/power_logs/2022.08.01-05.35.27/testing_tmp \\\n\t\t\t\t&& mv /work/build/power_logs_temp/* /work/build/power_logs/2022.08.01-05.35.27/testing_tmp/ \\\n\t\t\t\t&& cp -v /work/build/power_logs/2022.08.01-05.35.27/testing_tmp/*/*/*/mlperf_log_detail.txt /work/build/power_logs_temp/ \\\n\t\t\t\t&& cp -v /work/build/power_logs/2022.08.01-05.35.27/testing_tmp/*/*/*/mlperf_log_summary.txt /work/build/power_logs_temp/; fi'
client 2022-08-01 06:07:01,772 [INFO] Sending command to the server: 'session,2022-07-31_22-36-57,stop,testing'
client 2022-08-01 06:07:11,807 [INFO] Got response: 'OK'
client 2022-08-01 06:07:11,809 [INFO] Copying loadgen logs from '/work/build/power_logs_temp' to '/work/build/power_logs/2022.08.01-05.35.27/2022-07-31_22-36-57/run_1'
client 2022-08-01 06:07:11,811 [INFO] Done runs
