ptd-server 2022-07-31 22:36:57,596 [INFO] Got command from the client 'stop'
ptd-server 2022-07-31 22:36:57,596 [INFO] The server will be stopped after processing this client
ptd-server 2022-07-31 22:36:57,597 [INFO] Sending reply to client 'OK'
ptd-server 2022-07-31 22:36:57,601 [INFO] Got command from the client 'time'
ptd-server 2022-07-31 22:36:57,602 [INFO] Sending reply to client '1659332217.6024866'
ptd-server 2022-07-31 22:36:57,603 [INFO] Got command from the client 'new,,a3bbaadd-5fcd-41ab-8e85-6dd0f29e099c'
ptd-server 2022-07-31 22:36:57,605 [INFO] Sending reply to client 'OK 2022-07-31_22-36-57,9cf73afe-4f44-4180-b77a-4ef5b108498f'
ptd-server 2022-07-31 22:36:57,608 [INFO] Got command from the client 'time'
ptd-server 2022-07-31 22:36:57,608 [INFO] Sending reply to client '1659332217.6084602'
ptd-server 2022-07-31 22:36:57,609 [INFO] Got command from the client 'session,2022-07-31_22-36-57,start,ranging'
ptd-server 2022-07-31 22:36:57,711 [INFO] Running PTDaemon: ['C:\\PTD\\ptd-windows-x86.exe', '-l', 'C:\\Users\\Administrator\\AppData\\Local\\Temp\\tmptfnzggds\\ptd_logfile.txt', '-p', '8888', '-g', '49', '1']
ptd-server 2022-07-31 22:37:15,254 [INFO] Sending to ptd: 'Hello'
ptd-server 2022-07-31 22:37:15,255 [INFO] Reply from ptd: 'Hello, PTDaemon here!'
ptd-server 2022-07-31 22:37:15,256 [INFO] Sending to ptd: 'Identify'
ptd-server 2022-07-31 22:37:15,258 [INFO] Reply from ptd: 'YokogawaWT310E,1000,1,1,1,1,0,1,1,version=1.9.2-3976349f-20201208,OS=Windows 8 / Server 2012,mode=power,1,1,1,0,0,no_cal_date,YOKOGAWA;WT310EH;C3XF27015E;F1.04'
ptd-server 2022-07-31 22:37:15,259 [INFO] Connected to PTDaemon
ptd-server 2022-07-31 22:37:15,260 [INFO] Sending to ptd: 'RR'
ptd-server 2022-07-31 22:37:15,261 [INFO] Reply from ptd: 'Ranges,1,5.000000,1,300.000000'
ptd-server 2022-07-31 22:37:15,262 [INFO] Initial range for Amps is Auto for Volts is Auto
ptd-server 2022-07-31 22:37:15,262 [INFO] Sending to ptd: 'SR,V,Auto'
ptd-server 2022-07-31 22:37:15,771 [INFO] Reply from ptd: 'Range V changed'
ptd-server 2022-07-31 22:37:15,772 [INFO] Sending to ptd: 'SR,A,Auto'
ptd-server 2022-07-31 22:37:16,280 [INFO] Reply from ptd: 'Range A changed'
ptd-server 2022-07-31 22:37:26,282 [INFO] Starting ranging mode
ptd-server 2022-07-31 22:37:26,282 [INFO] Sending to ptd: 'Go,1000,0,2022-07-31_22-36-57_ranging'
ptd-server 2022-07-31 22:37:26,284 [INFO] Reply from ptd: 'Starting untimed measurement, maximum 500000 samples at 1000ms with 0 rampup samples'
ptd-server 2022-07-31 22:37:26,285 [INFO] Sending reply to client 'OK'
ptd-server 2022-07-31 22:52:02,324 [INFO] Got command from the client 'session,2022-07-31_22-36-57,stop,ranging'
ptd-server 2022-07-31 22:52:12,326 [INFO] Sending to ptd: 'Stop'
ptd-server 2022-07-31 22:52:12,327 [INFO] Reply from ptd: 'Stopping untimed measurement'
ptd-server 2022-07-31 22:52:12,372 [INFO] Sending reply to client 'OK'
ptd-server 2022-07-31 22:52:12,390 [INFO] Got command from the client 'time'
ptd-server 2022-07-31 22:52:12,390 [INFO] Sending reply to client '1659333132.3901145'
ptd-server 2022-07-31 22:52:12,392 [INFO] Got command from the client 'session,2022-07-31_22-36-57,start,testing'
ptd-server 2022-07-31 22:52:12,392 [INFO] Sending to ptd: 'SR,V,237.720000'
ptd-server 2022-07-31 22:52:14,793 [INFO] Reply from ptd: 'Range V changed'
ptd-server 2022-07-31 22:52:14,794 [INFO] Sending to ptd: 'SR,A,3.928600'
ptd-server 2022-07-31 22:52:16,303 [INFO] Reply from ptd: 'Range A changed'
ptd-server 2022-07-31 22:52:26,305 [INFO] Starting testing mode
ptd-server 2022-07-31 22:52:26,305 [INFO] Sending to ptd: 'Go,1000,0,2022-07-31_22-36-57_testing'
ptd-server 2022-07-31 22:52:26,307 [INFO] Reply from ptd: 'Starting untimed measurement, maximum 500000 samples at 1000ms with 0 rampup samples'
ptd-server 2022-07-31 22:52:26,308 [INFO] Sending reply to client 'OK'
ptd-server 2022-07-31 23:07:01,907 [INFO] Got command from the client 'session,2022-07-31_22-36-57,stop,testing'
ptd-server 2022-07-31 23:07:11,908 [INFO] Sending to ptd: 'Stop'
ptd-server 2022-07-31 23:07:11,910 [INFO] Reply from ptd: 'Stopping untimed measurement'
ptd-server 2022-07-31 23:07:11,939 [INFO] Sending reply to client 'OK'
ptd-server 2022-07-31 23:07:11,948 [INFO] Got command from the client 'session,2022-07-31_22-36-57,done'
ptd-server 2022-07-31 23:07:11,948 [INFO] Sending to ptd: 'Stop'
ptd-server 2022-07-31 23:07:12,309 [INFO] Reply from ptd: 'Error: no measurement to stop'
ptd-server 2022-07-31 23:07:12,310 [INFO] Sending to ptd: 'SR,V,Auto'
ptd-server 2022-07-31 23:07:12,817 [INFO] Reply from ptd: 'Range V changed'
ptd-server 2022-07-31 23:07:12,818 [INFO] Sending to ptd: 'SR,A,Auto'
ptd-server 2022-07-31 23:07:13,326 [INFO] Reply from ptd: 'Range A changed'
ptd-server 2022-07-31 23:07:13,327 [INFO] Set initial values for Amps Auto and Volts Auto
ptd-server 2022-07-31 23:07:13,328 [INFO] Stopping ptd...
