ptd-server 2022-08-01 19:22:25,910 [INFO] Got command from the client 'time'
ptd-server 2022-08-01 19:22:25,910 [INFO] Sending reply to client '1659378145.9107935'
ptd-server 2022-08-01 19:22:25,911 [INFO] Got command from the client 'new,,36427072-b57d-4e2e-b93f-3c7f2dcff9d1'
ptd-server 2022-08-01 19:22:25,912 [INFO] Sending reply to client 'OK 2022-08-01_19-22-25,62772861-e2b6-405a-91b5-971559d17162'
ptd-server 2022-08-01 19:22:25,949 [INFO] Got command from the client 'time'
ptd-server 2022-08-01 19:22:25,949 [INFO] Sending reply to client '1659378145.9496422'
ptd-server 2022-08-01 19:22:25,950 [INFO] Got command from the client 'session,2022-08-01_19-22-25,start,ranging'
ptd-server 2022-08-01 19:22:25,950 [INFO] Running PTDaemon: ['/home/anton/projects/mlperf/power/inference_v1.0/ptd-linux-x86', '-l', '/tmp/tmp7lgbo8s4/ptd_logfile.txt', '-p', '8888', '49', '/dev/usbtmc0']
ptd-server 2022-08-01 19:22:43,124 [INFO] Sending to ptd: 'Hello'
ptd-server 2022-08-01 19:22:43,125 [INFO] Reply from ptd: 'Hello, PTDaemon here!'
ptd-server 2022-08-01 19:22:43,125 [INFO] Sending to ptd: 'Identify'
ptd-server 2022-08-01 19:22:43,125 [INFO] Reply from ptd: 'YokogawaWT310E,1000,1,1,1,1,0,1,1,version=1.9.2-e8c7a49a-20201208,OS=Linux 5.13.0-52-generic #59~20.04.1-Ubuntu SMP Thu Jun 16 21:21:28 UTC 2022 x86_64,mode=power,1,1,1,0,0,no_cal_date,YOKOGAWA;WT310E;C3XA04010E;F1.04'
ptd-server 2022-08-01 19:22:43,125 [INFO] Connected to PTDaemon
ptd-server 2022-08-01 19:22:43,125 [INFO] Sending to ptd: 'RR'
ptd-server 2022-08-01 19:22:43,126 [INFO] Reply from ptd: 'Ranges,0,0.500000,1,300.000000'
ptd-server 2022-08-01 19:22:43,126 [INFO] Initial range for Amps is 0.500000 for Volts is Auto
ptd-server 2022-08-01 19:22:43,126 [INFO] Sending to ptd: 'SR,V,Auto'
ptd-server 2022-08-01 19:22:43,629 [INFO] Reply from ptd: 'Range V changed'
ptd-server 2022-08-01 19:22:43,629 [INFO] Sending to ptd: 'SR,A,Auto'
ptd-server 2022-08-01 19:22:44,131 [INFO] Reply from ptd: 'Range A changed'
ptd-server 2022-08-01 19:22:54,142 [INFO] Starting ranging mode
ptd-server 2022-08-01 19:22:54,142 [INFO] Sending to ptd: 'Go,1000,0,2022-08-01_19-22-25_ranging'
ptd-server 2022-08-01 19:22:54,142 [INFO] Reply from ptd: 'Starting untimed measurement, maximum 500000 samples at 1000ms with 0 rampup samples'
ptd-server 2022-08-01 19:22:54,142 [INFO] Sending reply to client 'OK'
ptd-server 2022-08-01 19:33:07,237 [INFO] Got command from the client 'session,2022-08-01_19-22-25,stop,ranging'
ptd-server 2022-08-01 19:33:17,247 [INFO] Sending to ptd: 'Stop'
ptd-server 2022-08-01 19:33:17,248 [INFO] Reply from ptd: 'Stopping untimed measurement'
ptd-server 2022-08-01 19:33:18,679 [INFO] Sending reply to client 'OK'
ptd-server 2022-08-01 19:33:18,737 [INFO] Got command from the client 'time'
ptd-server 2022-08-01 19:33:18,737 [INFO] Sending reply to client '1659378798.7373066'
ptd-server 2022-08-01 19:33:18,738 [INFO] Got command from the client 'session,2022-08-01_19-22-25,start,testing'
ptd-server 2022-08-01 19:33:18,738 [INFO] Sending to ptd: 'SR,V,249.850000'
ptd-server 2022-08-01 19:33:20,240 [INFO] Reply from ptd: 'Range V changed'
ptd-server 2022-08-01 19:33:20,240 [INFO] Sending to ptd: 'SR,A,0.262660'
ptd-server 2022-08-01 19:33:21,741 [INFO] Reply from ptd: 'Range A changed'
ptd-server 2022-08-01 19:33:31,752 [INFO] Starting testing mode
ptd-server 2022-08-01 19:33:31,752 [INFO] Sending to ptd: 'Go,1000,0,2022-08-01_19-22-25_testing'
ptd-server 2022-08-01 19:33:31,752 [INFO] Reply from ptd: 'Starting untimed measurement, maximum 500000 samples at 1000ms with 0 rampup samples'
ptd-server 2022-08-01 19:33:31,752 [INFO] Sending reply to client 'OK'
ptd-server 2022-08-01 19:43:43,128 [INFO] Got command from the client 'session,2022-08-01_19-22-25,stop,testing'
ptd-server 2022-08-01 19:43:53,138 [INFO] Sending to ptd: 'Stop'
ptd-server 2022-08-01 19:43:53,139 [INFO] Reply from ptd: 'Stopping untimed measurement'
ptd-server 2022-08-01 19:43:53,866 [INFO] Sending reply to client 'OK'
ptd-server 2022-08-01 19:43:53,875 [INFO] Got command from the client 'session,2022-08-01_19-22-25,done'
ptd-server 2022-08-01 19:43:53,875 [INFO] Sending to ptd: 'Stop'
ptd-server 2022-08-01 19:43:53,876 [INFO] Reply from ptd: 'Error: no measurement to stop'
ptd-server 2022-08-01 19:43:53,876 [INFO] Sending to ptd: 'SR,V,Auto'
ptd-server 2022-08-01 19:43:54,378 [INFO] Reply from ptd: 'Range V changed'
ptd-server 2022-08-01 19:43:54,379 [INFO] Sending to ptd: 'SR,A,0.500000'
ptd-server 2022-08-01 19:43:55,880 [INFO] Reply from ptd: 'Range A changed'
ptd-server 2022-08-01 19:43:55,880 [INFO] Set initial values for Amps 0.500000 and Volts Auto
ptd-server 2022-08-01 19:43:55,880 [INFO] Stopping ptd...
