ptd-server 2022-07-24 22:55:42,749 [INFO] Got command from the client 'time'
ptd-server 2022-07-24 22:55:42,749 [INFO] Sending reply to client '1658699742.7494438'
ptd-server 2022-07-24 22:55:42,750 [INFO] Got command from the client 'new,,8fa5e6a5-a4de-4b1d-b50e-66cd305ae844'
ptd-server 2022-07-24 22:55:42,751 [INFO] Sending reply to client 'OK 2022-07-24_22-55-42,30426c6d-0965-4bf1-b53b-c143aefeac14'
ptd-server 2022-07-24 22:55:42,779 [INFO] Got command from the client 'time'
ptd-server 2022-07-24 22:55:42,779 [INFO] Sending reply to client '1658699742.7793632'
ptd-server 2022-07-24 22:55:42,780 [INFO] Got command from the client 'session,2022-07-24_22-55-42,start,ranging'
ptd-server 2022-07-24 22:55:42,780 [INFO] Running PTDaemon: ['/home/anton/projects/mlperf/power/inference_v1.0/ptd-linux-x86', '-l', '/tmp/tmp7lgbo8s4/ptd_logfile.txt', '-p', '8888', '49', '/dev/usbtmc0']
ptd-server 2022-07-24 22:55:59,954 [INFO] Sending to ptd: 'Hello'
ptd-server 2022-07-24 22:55:59,955 [INFO] Reply from ptd: 'Hello, PTDaemon here!'
ptd-server 2022-07-24 22:55:59,955 [INFO] Sending to ptd: 'Identify'
ptd-server 2022-07-24 22:55:59,955 [INFO] Reply from ptd: 'YokogawaWT310E,1000,1,1,1,1,0,1,1,version=1.9.2-e8c7a49a-20201208,OS=Linux 5.13.0-52-generic #59~20.04.1-Ubuntu SMP Thu Jun 16 21:21:28 UTC 2022 x86_64,mode=power,1,1,1,0,0,no_cal_date,YOKOGAWA;WT310E;C3XA04010E;F1.04'
ptd-server 2022-07-24 22:55:59,955 [INFO] Connected to PTDaemon
ptd-server 2022-07-24 22:55:59,956 [INFO] Sending to ptd: 'RR'
ptd-server 2022-07-24 22:55:59,956 [INFO] Reply from ptd: 'Ranges,0,0.500000,1,300.000000'
ptd-server 2022-07-24 22:55:59,956 [INFO] Initial range for Amps is 0.500000 for Volts is Auto
ptd-server 2022-07-24 22:55:59,956 [INFO] Sending to ptd: 'SR,V,Auto'
ptd-server 2022-07-24 22:56:00,459 [INFO] Reply from ptd: 'Range V changed'
ptd-server 2022-07-24 22:56:00,459 [INFO] Sending to ptd: 'SR,A,Auto'
ptd-server 2022-07-24 22:56:00,961 [INFO] Reply from ptd: 'Range A changed'
ptd-server 2022-07-24 22:56:10,972 [INFO] Starting ranging mode
ptd-server 2022-07-24 22:56:10,972 [INFO] Sending to ptd: 'Go,1000,0,2022-07-24_22-55-42_ranging'
ptd-server 2022-07-24 22:56:10,972 [INFO] Reply from ptd: 'Starting untimed measurement, maximum 500000 samples at 1000ms with 0 rampup samples'
ptd-server 2022-07-24 22:56:10,972 [INFO] Sending reply to client 'OK'
ptd-server 2022-07-24 23:06:35,819 [INFO] Got command from the client 'session,2022-07-24_22-55-42,stop,ranging'
ptd-server 2022-07-24 23:06:45,830 [INFO] Sending to ptd: 'Stop'
ptd-server 2022-07-24 23:06:45,830 [INFO] Reply from ptd: 'Stopping untimed measurement'
ptd-server 2022-07-24 23:06:46,576 [INFO] Sending reply to client 'OK'
ptd-server 2022-07-24 23:06:46,632 [INFO] Got command from the client 'time'
ptd-server 2022-07-24 23:06:46,632 [INFO] Sending reply to client '1658700406.632354'
ptd-server 2022-07-24 23:06:46,633 [INFO] Got command from the client 'session,2022-07-24_22-55-42,start,testing'
ptd-server 2022-07-24 23:06:46,633 [INFO] Sending to ptd: 'SR,V,250.250000'
ptd-server 2022-07-24 23:06:48,135 [INFO] Reply from ptd: 'Range V changed'
ptd-server 2022-07-24 23:06:48,135 [INFO] Sending to ptd: 'SR,A,0.050330'
ptd-server 2022-07-24 23:06:49,636 [INFO] Reply from ptd: 'Range A changed'
ptd-server 2022-07-24 23:06:59,647 [INFO] Starting testing mode
ptd-server 2022-07-24 23:06:59,647 [INFO] Sending to ptd: 'Go,1000,0,2022-07-24_22-55-42_testing'
ptd-server 2022-07-24 23:06:59,647 [INFO] Reply from ptd: 'Starting untimed measurement, maximum 500000 samples at 1000ms with 0 rampup samples'
ptd-server 2022-07-24 23:06:59,647 [INFO] Sending reply to client 'OK'
ptd-server 2022-07-24 23:17:24,532 [INFO] Got command from the client 'session,2022-07-24_22-55-42,stop,testing'
ptd-server 2022-07-24 23:17:34,542 [INFO] Sending to ptd: 'Stop'
ptd-server 2022-07-24 23:17:34,543 [INFO] Reply from ptd: 'Stopping untimed measurement'
ptd-server 2022-07-24 23:17:34,933 [INFO] Sending reply to client 'OK'
ptd-server 2022-07-24 23:17:34,941 [INFO] Got command from the client 'session,2022-07-24_22-55-42,done'
ptd-server 2022-07-24 23:17:34,942 [INFO] Sending to ptd: 'Stop'
ptd-server 2022-07-24 23:17:34,942 [INFO] Reply from ptd: 'Error: no measurement to stop'
ptd-server 2022-07-24 23:17:34,942 [INFO] Sending to ptd: 'SR,V,Auto'
ptd-server 2022-07-24 23:17:35,445 [INFO] Reply from ptd: 'Range V changed'
ptd-server 2022-07-24 23:17:35,445 [INFO] Sending to ptd: 'SR,A,0.500000'
ptd-server 2022-07-24 23:17:36,946 [INFO] Reply from ptd: 'Range A changed'
ptd-server 2022-07-24 23:17:36,946 [INFO] Set initial values for Amps 0.500000 and Volts Auto
ptd-server 2022-07-24 23:17:36,946 [INFO] Stopping ptd...
