ptd-server 2022-07-21 21:01:30,367 [INFO] Got command from the client 'time'
ptd-server 2022-07-21 21:01:30,367 [INFO] Sending reply to client '1658433690.3671792'
ptd-server 2022-07-21 21:01:30,368 [INFO] Got command from the client 'new,,22f9b02f-702c-4e9a-88ec-0f468ddd302b'
ptd-server 2022-07-21 21:01:30,368 [INFO] Sending reply to client 'OK 2022-07-21_21-01-30,46e4364a-1077-44b5-9cbd-9e38e55335b2'
ptd-server 2022-07-21 21:01:30,397 [INFO] Got command from the client 'time'
ptd-server 2022-07-21 21:01:30,397 [INFO] Sending reply to client '1658433690.3971722'
ptd-server 2022-07-21 21:01:30,398 [INFO] Got command from the client 'session,2022-07-21_21-01-30,start,ranging'
ptd-server 2022-07-21 21:01:30,398 [INFO] Running PTDaemon: ['/home/anton/projects/mlperf/power/inference_v1.0/ptd-linux-x86', '-l', '/tmp/tmp7lgbo8s4/ptd_logfile.txt', '-p', '8888', '49', '/dev/usbtmc0']
ptd-server 2022-07-21 21:01:47,573 [INFO] Sending to ptd: 'Hello'
ptd-server 2022-07-21 21:01:47,574 [INFO] Reply from ptd: 'Hello, PTDaemon here!'
ptd-server 2022-07-21 21:01:47,574 [INFO] Sending to ptd: 'Identify'
ptd-server 2022-07-21 21:01:47,574 [INFO] Reply from ptd: 'YokogawaWT310E,1000,1,1,1,1,0,1,1,version=1.9.2-e8c7a49a-20201208,OS=Linux 5.13.0-52-generic #59~20.04.1-Ubuntu SMP Thu Jun 16 21:21:28 UTC 2022 x86_64,mode=power,1,1,1,0,0,no_cal_date,YOKOGAWA;WT310E;C3XA04010E;F1.04'
ptd-server 2022-07-21 21:01:47,574 [INFO] Connected to PTDaemon
ptd-server 2022-07-21 21:01:47,575 [INFO] Sending to ptd: 'RR'
ptd-server 2022-07-21 21:01:47,575 [INFO] Reply from ptd: 'Ranges,0,0.500000,1,300.000000'
ptd-server 2022-07-21 21:01:47,575 [INFO] Initial range for Amps is 0.500000 for Volts is Auto
ptd-server 2022-07-21 21:01:47,575 [INFO] Sending to ptd: 'SR,V,Auto'
ptd-server 2022-07-21 21:01:48,078 [INFO] Reply from ptd: 'Range V changed'
ptd-server 2022-07-21 21:01:48,078 [INFO] Sending to ptd: 'SR,A,Auto'
ptd-server 2022-07-21 21:01:48,580 [INFO] Reply from ptd: 'Range A changed'
ptd-server 2022-07-21 21:01:58,590 [INFO] Starting ranging mode
ptd-server 2022-07-21 21:01:58,591 [INFO] Sending to ptd: 'Go,1000,0,2022-07-21_21-01-30_ranging'
ptd-server 2022-07-21 21:01:58,591 [INFO] Reply from ptd: 'Starting untimed measurement, maximum 500000 samples at 1000ms with 0 rampup samples'
ptd-server 2022-07-21 21:01:58,591 [INFO] Sending reply to client 'OK'
ptd-server 2022-07-21 21:12:20,203 [INFO] Got command from the client 'session,2022-07-21_21-01-30,stop,ranging'
ptd-server 2022-07-21 21:12:30,213 [INFO] Sending to ptd: 'Stop'
ptd-server 2022-07-21 21:12:30,213 [INFO] Reply from ptd: 'Stopping untimed measurement'
ptd-server 2022-07-21 21:12:30,577 [INFO] Sending reply to client 'OK'
ptd-server 2022-07-21 21:12:30,618 [INFO] Got command from the client 'time'
ptd-server 2022-07-21 21:12:30,618 [INFO] Sending reply to client '1658434350.6181605'
ptd-server 2022-07-21 21:12:30,619 [INFO] Got command from the client 'session,2022-07-21_21-01-30,start,testing'
ptd-server 2022-07-21 21:12:30,619 [INFO] Sending to ptd: 'SR,V,249.030000'
ptd-server 2022-07-21 21:12:32,121 [INFO] Reply from ptd: 'Range V changed'
ptd-server 2022-07-21 21:12:32,121 [INFO] Sending to ptd: 'SR,A,0.072620'
ptd-server 2022-07-21 21:12:33,622 [INFO] Reply from ptd: 'Range A changed'
ptd-server 2022-07-21 21:12:43,632 [INFO] Starting testing mode
ptd-server 2022-07-21 21:12:43,633 [INFO] Sending to ptd: 'Go,1000,0,2022-07-21_21-01-30_testing'
ptd-server 2022-07-21 21:12:43,633 [INFO] Reply from ptd: 'Starting untimed measurement, maximum 500000 samples at 1000ms with 0 rampup samples'
ptd-server 2022-07-21 21:12:43,633 [INFO] Sending reply to client 'OK'
ptd-server 2022-07-21 21:23:04,663 [INFO] Got command from the client 'session,2022-07-21_21-01-30,stop,testing'
ptd-server 2022-07-21 21:23:14,674 [INFO] Sending to ptd: 'Stop'
ptd-server 2022-07-21 21:23:14,674 [INFO] Reply from ptd: 'Stopping untimed measurement'
ptd-server 2022-07-21 21:23:14,868 [INFO] Sending reply to client 'OK'
ptd-server 2022-07-21 21:23:14,875 [INFO] Got command from the client 'session,2022-07-21_21-01-30,done'
ptd-server 2022-07-21 21:23:14,876 [INFO] Sending to ptd: 'Stop'
ptd-server 2022-07-21 21:23:15,634 [INFO] Reply from ptd: 'Error: no measurement to stop'
ptd-server 2022-07-21 21:23:15,634 [INFO] Sending to ptd: 'SR,V,Auto'
ptd-server 2022-07-21 21:23:16,136 [INFO] Reply from ptd: 'Range V changed'
ptd-server 2022-07-21 21:23:16,137 [INFO] Sending to ptd: 'SR,A,0.500000'
ptd-server 2022-07-21 21:23:17,638 [INFO] Reply from ptd: 'Range A changed'
ptd-server 2022-07-21 21:23:17,638 [INFO] Set initial values for Amps 0.500000 and Volts Auto
ptd-server 2022-07-21 21:23:17,638 [INFO] Stopping ptd...
