ptd-server 2022-07-28 11:45:45,935 [INFO] Got command from the client 'time'
ptd-server 2022-07-28 11:45:45,935 [INFO] Sending reply to client '1659005145.9357872'
ptd-server 2022-07-28 11:45:45,940 [INFO] Got command from the client 'new,,97ddf236-b9c4-4a5b-8aba-156114de5ce0'
ptd-server 2022-07-28 11:45:45,940 [INFO] Sending reply to client 'OK 2022-07-28_11-45-45,1e92be8e-b3ed-42fb-b59c-afa285e4f4bc'
ptd-server 2022-07-28 11:45:46,039 [INFO] Got command from the client 'time'
ptd-server 2022-07-28 11:45:46,039 [INFO] Sending reply to client '1659005146.0393384'
ptd-server 2022-07-28 11:45:46,042 [INFO] Got command from the client 'session,2022-07-28_11-45-45,start,ranging'
ptd-server 2022-07-28 11:45:46,043 [INFO] Running PTDaemon: ['/home/anton/projects/mlperf/power/inference_v1.0/ptd-linux-x86', '-l', '/tmp/tmp7lgbo8s4/ptd_logfile.txt', '-p', '8888', '49', '/dev/usbtmc0']
ptd-server 2022-07-28 11:46:03,217 [INFO] Sending to ptd: 'Hello'
ptd-server 2022-07-28 11:46:03,218 [INFO] Reply from ptd: 'Hello, PTDaemon here!'
ptd-server 2022-07-28 11:46:03,218 [INFO] Sending to ptd: 'Identify'
ptd-server 2022-07-28 11:46:03,218 [INFO] Reply from ptd: 'YokogawaWT310E,1000,1,1,1,1,0,1,1,version=1.9.2-e8c7a49a-20201208,OS=Linux 5.13.0-52-generic #59~20.04.1-Ubuntu SMP Thu Jun 16 21:21:28 UTC 2022 x86_64,mode=power,1,1,1,0,0,no_cal_date,YOKOGAWA;WT310E;C3XA04010E;F1.04'
ptd-server 2022-07-28 11:46:03,219 [INFO] Connected to PTDaemon
ptd-server 2022-07-28 11:46:03,219 [INFO] Sending to ptd: 'RR'
ptd-server 2022-07-28 11:46:03,219 [INFO] Reply from ptd: 'Ranges,0,0.500000,1,300.000000'
ptd-server 2022-07-28 11:46:03,219 [INFO] Initial range for Amps is 0.500000 for Volts is Auto
ptd-server 2022-07-28 11:46:03,219 [INFO] Sending to ptd: 'SR,V,Auto'
ptd-server 2022-07-28 11:46:03,722 [INFO] Reply from ptd: 'Range V changed'
ptd-server 2022-07-28 11:46:03,722 [INFO] Sending to ptd: 'SR,A,Auto'
ptd-server 2022-07-28 11:46:04,225 [INFO] Reply from ptd: 'Range A changed'
ptd-server 2022-07-28 11:46:14,235 [INFO] Starting ranging mode
ptd-server 2022-07-28 11:46:14,235 [INFO] Sending to ptd: 'Go,1000,0,2022-07-28_11-45-45_ranging'
ptd-server 2022-07-28 11:46:14,235 [INFO] Reply from ptd: 'Starting untimed measurement, maximum 500000 samples at 1000ms with 0 rampup samples'
ptd-server 2022-07-28 11:46:14,236 [INFO] Sending reply to client 'OK'
ptd-server 2022-07-28 11:56:37,664 [INFO] Got command from the client 'session,2022-07-28_11-45-45,stop,ranging'
ptd-server 2022-07-28 11:56:47,675 [INFO] Sending to ptd: 'Stop'
ptd-server 2022-07-28 11:56:47,675 [INFO] Reply from ptd: 'Stopping untimed measurement'
ptd-server 2022-07-28 11:56:48,741 [INFO] Sending reply to client 'OK'
ptd-server 2022-07-28 11:56:48,895 [INFO] Got command from the client 'time'
ptd-server 2022-07-28 11:56:48,895 [INFO] Sending reply to client '1659005808.8951285'
ptd-server 2022-07-28 11:56:48,900 [INFO] Got command from the client 'session,2022-07-28_11-45-45,start,testing'
ptd-server 2022-07-28 11:56:48,900 [INFO] Sending to ptd: 'SR,V,249.890000'
ptd-server 2022-07-28 11:56:50,401 [INFO] Reply from ptd: 'Range V changed'
ptd-server 2022-07-28 11:56:50,401 [INFO] Sending to ptd: 'SR,A,0.048860'
ptd-server 2022-07-28 11:56:51,903 [INFO] Reply from ptd: 'Range A changed'
ptd-server 2022-07-28 11:57:01,913 [INFO] Starting testing mode
ptd-server 2022-07-28 11:57:01,913 [INFO] Sending to ptd: 'Go,1000,0,2022-07-28_11-45-45_testing'
ptd-server 2022-07-28 11:57:01,914 [INFO] Reply from ptd: 'Starting untimed measurement, maximum 500000 samples at 1000ms with 0 rampup samples'
ptd-server 2022-07-28 11:57:01,914 [INFO] Sending reply to client 'OK'
ptd-server 2022-07-28 12:07:25,373 [INFO] Got command from the client 'session,2022-07-28_11-45-45,stop,testing'
ptd-server 2022-07-28 12:07:35,383 [INFO] Sending to ptd: 'Stop'
ptd-server 2022-07-28 12:07:35,384 [INFO] Reply from ptd: 'Stopping untimed measurement'
ptd-server 2022-07-28 12:07:35,944 [INFO] Sending reply to client 'OK'
ptd-server 2022-07-28 12:07:35,994 [INFO] Got command from the client 'session,2022-07-28_11-45-45,done'
ptd-server 2022-07-28 12:07:35,994 [INFO] Sending to ptd: 'Stop'
ptd-server 2022-07-28 12:07:35,994 [INFO] Reply from ptd: 'Error: no measurement to stop'
ptd-server 2022-07-28 12:07:35,994 [INFO] Sending to ptd: 'SR,V,Auto'
ptd-server 2022-07-28 12:07:36,497 [INFO] Reply from ptd: 'Range V changed'
ptd-server 2022-07-28 12:07:36,497 [INFO] Sending to ptd: 'SR,A,0.500000'
ptd-server 2022-07-28 12:07:37,998 [INFO] Reply from ptd: 'Range A changed'
ptd-server 2022-07-28 12:07:37,998 [INFO] Set initial values for Amps 0.500000 and Volts Auto
ptd-server 2022-07-28 12:07:37,999 [INFO] Stopping ptd...
