ptd-server 2022-07-23 18:08:36,053 [INFO] Got command from the client 'time'
ptd-server 2022-07-23 18:08:36,053 [INFO] Sending reply to client '1658596116.0538952'
ptd-server 2022-07-23 18:08:36,055 [INFO] Got command from the client 'new,,639b21c3-d9ae-4579-8259-325bb5c4d6e6'
ptd-server 2022-07-23 18:08:36,055 [INFO] Sending reply to client 'OK 2022-07-23_18-08-36,aa04b9f2-e068-4386-a48b-f19c65104048'
ptd-server 2022-07-23 18:08:36,083 [INFO] Got command from the client 'time'
ptd-server 2022-07-23 18:08:36,083 [INFO] Sending reply to client '1658596116.0838325'
ptd-server 2022-07-23 18:08:36,084 [INFO] Got command from the client 'session,2022-07-23_18-08-36,start,ranging'
ptd-server 2022-07-23 18:08:36,085 [INFO] Running PTDaemon: ['/home/anton/projects/mlperf/power/inference_v1.0/ptd-linux-x86', '-l', '/tmp/tmp7lgbo8s4/ptd_logfile.txt', '-p', '8888', '49', '/dev/usbtmc0']
ptd-server 2022-07-23 18:08:53,260 [INFO] Sending to ptd: 'Hello'
ptd-server 2022-07-23 18:08:53,261 [INFO] Reply from ptd: 'Hello, PTDaemon here!'
ptd-server 2022-07-23 18:08:53,261 [INFO] Sending to ptd: 'Identify'
ptd-server 2022-07-23 18:08:53,261 [INFO] Reply from ptd: 'YokogawaWT310E,1000,1,1,1,1,0,1,1,version=1.9.2-e8c7a49a-20201208,OS=Linux 5.13.0-52-generic #59~20.04.1-Ubuntu SMP Thu Jun 16 21:21:28 UTC 2022 x86_64,mode=power,1,1,1,0,0,no_cal_date,YOKOGAWA;WT310E;C3XA04010E;F1.04'
ptd-server 2022-07-23 18:08:53,262 [INFO] Connected to PTDaemon
ptd-server 2022-07-23 18:08:53,262 [INFO] Sending to ptd: 'RR'
ptd-server 2022-07-23 18:08:53,262 [INFO] Reply from ptd: 'Ranges,0,0.500000,1,300.000000'
ptd-server 2022-07-23 18:08:53,262 [INFO] Initial range for Amps is 0.500000 for Volts is Auto
ptd-server 2022-07-23 18:08:53,262 [INFO] Sending to ptd: 'SR,V,Auto'
ptd-server 2022-07-23 18:08:53,765 [INFO] Reply from ptd: 'Range V changed'
ptd-server 2022-07-23 18:08:53,765 [INFO] Sending to ptd: 'SR,A,Auto'
ptd-server 2022-07-23 18:08:54,267 [INFO] Reply from ptd: 'Range A changed'
ptd-server 2022-07-23 18:09:04,278 [INFO] Starting ranging mode
ptd-server 2022-07-23 18:09:04,278 [INFO] Sending to ptd: 'Go,1000,0,2022-07-23_18-08-36_ranging'
ptd-server 2022-07-23 18:09:04,278 [INFO] Reply from ptd: 'Starting untimed measurement, maximum 500000 samples at 1000ms with 0 rampup samples'
ptd-server 2022-07-23 18:09:04,279 [INFO] Sending reply to client 'OK'
ptd-server 2022-07-23 18:19:20,702 [INFO] Got command from the client 'session,2022-07-23_18-08-36,stop,ranging'
ptd-server 2022-07-23 18:19:30,712 [INFO] Sending to ptd: 'Stop'
ptd-server 2022-07-23 18:19:30,712 [INFO] Reply from ptd: 'Stopping untimed measurement'
ptd-server 2022-07-23 18:19:31,317 [INFO] Sending reply to client 'OK'
ptd-server 2022-07-23 18:19:31,380 [INFO] Got command from the client 'time'
ptd-server 2022-07-23 18:19:31,380 [INFO] Sending reply to client '1658596771.380633'
ptd-server 2022-07-23 18:19:31,381 [INFO] Got command from the client 'session,2022-07-23_18-08-36,start,testing'
ptd-server 2022-07-23 18:19:31,382 [INFO] Sending to ptd: 'SR,V,250.590000'
ptd-server 2022-07-23 18:19:32,883 [INFO] Reply from ptd: 'Range V changed'
ptd-server 2022-07-23 18:19:32,883 [INFO] Sending to ptd: 'SR,A,0.056680'
ptd-server 2022-07-23 18:19:34,384 [INFO] Reply from ptd: 'Range A changed'
ptd-server 2022-07-23 18:19:44,395 [INFO] Starting testing mode
ptd-server 2022-07-23 18:19:44,395 [INFO] Sending to ptd: 'Go,1000,0,2022-07-23_18-08-36_testing'
ptd-server 2022-07-23 18:19:44,395 [INFO] Reply from ptd: 'Starting untimed measurement, maximum 500000 samples at 1000ms with 0 rampup samples'
ptd-server 2022-07-23 18:19:44,395 [INFO] Sending reply to client 'OK'
ptd-server 2022-07-23 18:30:00,771 [INFO] Got command from the client 'session,2022-07-23_18-08-36,stop,testing'
ptd-server 2022-07-23 18:30:10,781 [INFO] Sending to ptd: 'Stop'
ptd-server 2022-07-23 18:30:10,782 [INFO] Reply from ptd: 'Stopping untimed measurement'
ptd-server 2022-07-23 18:30:11,090 [INFO] Sending reply to client 'OK'
ptd-server 2022-07-23 18:30:11,098 [INFO] Got command from the client 'session,2022-07-23_18-08-36,done'
ptd-server 2022-07-23 18:30:11,098 [INFO] Sending to ptd: 'Stop'
ptd-server 2022-07-23 18:30:11,396 [INFO] Reply from ptd: 'Error: no measurement to stop'
ptd-server 2022-07-23 18:30:11,396 [INFO] Sending to ptd: 'SR,V,Auto'
ptd-server 2022-07-23 18:30:11,899 [INFO] Reply from ptd: 'Range V changed'
ptd-server 2022-07-23 18:30:11,899 [INFO] Sending to ptd: 'SR,A,0.500000'
ptd-server 2022-07-23 18:30:13,400 [INFO] Reply from ptd: 'Range A changed'
ptd-server 2022-07-23 18:30:13,400 [INFO] Set initial values for Amps 0.500000 and Volts Auto
ptd-server 2022-07-23 18:30:13,400 [INFO] Stopping ptd...
