ptd-server 2022-07-24 09:21:07,300 [INFO] Got command from the client 'time'
ptd-server 2022-07-24 09:21:07,300 [INFO] Sending reply to client '1658650867.3006897'
ptd-server 2022-07-24 09:21:07,301 [INFO] Got command from the client 'new,,888a710d-7e1c-490b-a929-031ca0e468ee'
ptd-server 2022-07-24 09:21:07,302 [INFO] Sending reply to client 'OK 2022-07-24_09-21-07,24376aa5-44e0-4d38-a53a-2195114925bf'
ptd-server 2022-07-24 09:21:07,330 [INFO] Got command from the client 'time'
ptd-server 2022-07-24 09:21:07,330 [INFO] Sending reply to client '1658650867.3304956'
ptd-server 2022-07-24 09:21:07,331 [INFO] Got command from the client 'session,2022-07-24_09-21-07,start,ranging'
ptd-server 2022-07-24 09:21:07,331 [INFO] Running PTDaemon: ['/home/anton/projects/mlperf/power/inference_v1.0/ptd-linux-x86', '-l', '/tmp/tmp7lgbo8s4/ptd_logfile.txt', '-p', '8888', '49', '/dev/usbtmc0']
ptd-server 2022-07-24 09:21:24,506 [INFO] Sending to ptd: 'Hello'
ptd-server 2022-07-24 09:21:24,506 [INFO] Reply from ptd: 'Hello, PTDaemon here!'
ptd-server 2022-07-24 09:21:24,506 [INFO] Sending to ptd: 'Identify'
ptd-server 2022-07-24 09:21:24,507 [INFO] Reply from ptd: 'YokogawaWT310E,1000,1,1,1,1,0,1,1,version=1.9.2-e8c7a49a-20201208,OS=Linux 5.13.0-52-generic #59~20.04.1-Ubuntu SMP Thu Jun 16 21:21:28 UTC 2022 x86_64,mode=power,1,1,1,0,0,no_cal_date,YOKOGAWA;WT310E;C3XA04010E;F1.04'
ptd-server 2022-07-24 09:21:24,507 [INFO] Connected to PTDaemon
ptd-server 2022-07-24 09:21:24,507 [INFO] Sending to ptd: 'RR'
ptd-server 2022-07-24 09:21:24,507 [INFO] Reply from ptd: 'Ranges,0,0.500000,1,300.000000'
ptd-server 2022-07-24 09:21:24,508 [INFO] Initial range for Amps is 0.500000 for Volts is Auto
ptd-server 2022-07-24 09:21:24,508 [INFO] Sending to ptd: 'SR,V,Auto'
ptd-server 2022-07-24 09:21:25,010 [INFO] Reply from ptd: 'Range V changed'
ptd-server 2022-07-24 09:21:25,010 [INFO] Sending to ptd: 'SR,A,Auto'
ptd-server 2022-07-24 09:21:25,513 [INFO] Reply from ptd: 'Range A changed'
ptd-server 2022-07-24 09:21:35,519 [INFO] Starting ranging mode
ptd-server 2022-07-24 09:21:35,519 [INFO] Sending to ptd: 'Go,1000,0,2022-07-24_09-21-07_ranging'
ptd-server 2022-07-24 09:21:35,520 [INFO] Reply from ptd: 'Starting untimed measurement, maximum 500000 samples at 1000ms with 0 rampup samples'
ptd-server 2022-07-24 09:21:35,520 [INFO] Sending reply to client 'OK'
ptd-server 2022-07-24 09:32:10,091 [INFO] Got command from the client 'session,2022-07-24_09-21-07,stop,ranging'
ptd-server 2022-07-24 09:32:20,102 [INFO] Sending to ptd: 'Stop'
ptd-server 2022-07-24 09:32:20,102 [INFO] Reply from ptd: 'Stopping untimed measurement'
ptd-server 2022-07-24 09:32:20,805 [INFO] Sending reply to client 'OK'
ptd-server 2022-07-24 09:32:20,854 [INFO] Got command from the client 'time'
ptd-server 2022-07-24 09:32:20,854 [INFO] Sending reply to client '1658651540.8546586'
ptd-server 2022-07-24 09:32:20,855 [INFO] Got command from the client 'session,2022-07-24_09-21-07,start,testing'
ptd-server 2022-07-24 09:32:20,855 [INFO] Sending to ptd: 'SR,V,251.010000'
ptd-server 2022-07-24 09:32:22,357 [INFO] Reply from ptd: 'Range V changed'
ptd-server 2022-07-24 09:32:22,357 [INFO] Sending to ptd: 'SR,A,0.052640'
ptd-server 2022-07-24 09:32:23,858 [INFO] Reply from ptd: 'Range A changed'
ptd-server 2022-07-24 09:32:33,868 [INFO] Starting testing mode
ptd-server 2022-07-24 09:32:33,869 [INFO] Sending to ptd: 'Go,1000,0,2022-07-24_09-21-07_testing'
ptd-server 2022-07-24 09:32:33,869 [INFO] Reply from ptd: 'Starting untimed measurement, maximum 500000 samples at 1000ms with 0 rampup samples'
ptd-server 2022-07-24 09:32:33,869 [INFO] Sending reply to client 'OK'
ptd-server 2022-07-24 09:43:08,379 [INFO] Got command from the client 'session,2022-07-24_09-21-07,stop,testing'
ptd-server 2022-07-24 09:43:18,389 [INFO] Sending to ptd: 'Stop'
ptd-server 2022-07-24 09:43:18,390 [INFO] Reply from ptd: 'Stopping untimed measurement'
ptd-server 2022-07-24 09:43:18,736 [INFO] Sending reply to client 'OK'
ptd-server 2022-07-24 09:43:18,744 [INFO] Got command from the client 'session,2022-07-24_09-21-07,done'
ptd-server 2022-07-24 09:43:18,744 [INFO] Sending to ptd: 'Stop'
ptd-server 2022-07-24 09:43:18,869 [INFO] Reply from ptd: 'Error: no measurement to stop'
ptd-server 2022-07-24 09:43:18,869 [INFO] Sending to ptd: 'SR,V,Auto'
ptd-server 2022-07-24 09:43:19,372 [INFO] Reply from ptd: 'Range V changed'
ptd-server 2022-07-24 09:43:19,372 [INFO] Sending to ptd: 'SR,A,0.500000'
ptd-server 2022-07-24 09:43:20,873 [INFO] Reply from ptd: 'Range A changed'
ptd-server 2022-07-24 09:43:20,874 [INFO] Set initial values for Amps 0.500000 and Volts Auto
ptd-server 2022-07-24 09:43:20,874 [INFO] Stopping ptd...
