ptd-server 2022-08-01 08:30:36,507 [INFO] Got command from the client 'stop'
ptd-server 2022-08-01 08:30:36,507 [INFO] The server will be stopped after processing this client
ptd-server 2022-08-01 08:30:36,508 [INFO] Sending reply to client 'OK'
ptd-server 2022-08-01 08:30:36,513 [INFO] Got command from the client 'time'
ptd-server 2022-08-01 08:30:36,513 [INFO] Sending reply to client '1659367836.5136209'
ptd-server 2022-08-01 08:30:36,515 [INFO] Got command from the client 'new,,7477de94-6e9e-48c9-b425-8d98a838aacd'
ptd-server 2022-08-01 08:30:36,516 [INFO] Sending reply to client 'OK 2022-08-01_08-30-36,067e4389-7e3b-4fcd-af7c-dd2ca7de048b'
ptd-server 2022-08-01 08:30:36,519 [INFO] Got command from the client 'time'
ptd-server 2022-08-01 08:30:36,520 [INFO] Sending reply to client '1659367836.5205903'
ptd-server 2022-08-01 08:30:36,521 [INFO] Got command from the client 'session,2022-08-01_08-30-36,start,ranging'
ptd-server 2022-08-01 08:30:36,623 [INFO] Running PTDaemon: ['C:\\PTD\\ptd-windows-x86.exe', '-l', 'C:\\Users\\Administrator\\AppData\\Local\\Temp\\tmpxop9q9su\\ptd_logfile.txt', '-p', '8888', '-g', '49', '1']
ptd-server 2022-08-01 08:30:54,164 [INFO] Sending to ptd: 'Hello'
ptd-server 2022-08-01 08:30:54,165 [INFO] Reply from ptd: 'Hello, PTDaemon here!'
ptd-server 2022-08-01 08:30:54,166 [INFO] Sending to ptd: 'Identify'
ptd-server 2022-08-01 08:30:54,168 [INFO] Reply from ptd: 'YokogawaWT310E,1000,1,1,1,1,0,1,1,version=1.9.2-3976349f-20201208,OS=Windows 8 / Server 2012,mode=power,1,1,1,0,0,no_cal_date,YOKOGAWA;WT310EH;C3XF27015E;F1.04'
ptd-server 2022-08-01 08:30:54,169 [INFO] Connected to PTDaemon
ptd-server 2022-08-01 08:30:54,169 [INFO] Sending to ptd: 'RR'
ptd-server 2022-08-01 08:30:54,170 [INFO] Reply from ptd: 'Ranges,1,5.000000,1,300.000000'
ptd-server 2022-08-01 08:30:54,171 [INFO] Initial range for Amps is Auto for Volts is Auto
ptd-server 2022-08-01 08:30:54,171 [INFO] Sending to ptd: 'SR,V,Auto'
ptd-server 2022-08-01 08:30:54,680 [INFO] Reply from ptd: 'Range V changed'
ptd-server 2022-08-01 08:30:54,681 [INFO] Sending to ptd: 'SR,A,Auto'
ptd-server 2022-08-01 08:30:55,189 [INFO] Reply from ptd: 'Range A changed'
ptd-server 2022-08-01 08:31:05,191 [INFO] Starting ranging mode
ptd-server 2022-08-01 08:31:05,191 [INFO] Sending to ptd: 'Go,1000,0,2022-08-01_08-30-36_ranging'
ptd-server 2022-08-01 08:31:05,193 [INFO] Reply from ptd: 'Starting untimed measurement, maximum 500000 samples at 1000ms with 0 rampup samples'
ptd-server 2022-08-01 08:31:05,194 [INFO] Sending reply to client 'OK'
ptd-server 2022-08-01 08:41:51,667 [INFO] Got command from the client 'session,2022-08-01_08-30-36,stop,ranging'
ptd-server 2022-08-01 08:42:01,669 [INFO] Sending to ptd: 'Stop'
ptd-server 2022-08-01 08:42:01,670 [INFO] Reply from ptd: 'Stopping untimed measurement'
ptd-server 2022-08-01 08:42:01,715 [INFO] Sending reply to client 'OK'
ptd-server 2022-08-01 08:42:01,729 [INFO] Got command from the client 'time'
ptd-server 2022-08-01 08:42:01,729 [INFO] Sending reply to client '1659368521.7294464'
ptd-server 2022-08-01 08:42:01,730 [INFO] Got command from the client 'session,2022-08-01_08-30-36,start,testing'
ptd-server 2022-08-01 08:42:01,731 [INFO] Sending to ptd: 'SR,V,241.440000'
ptd-server 2022-08-01 08:42:03,702 [INFO] Reply from ptd: 'Range V changed'
ptd-server 2022-08-01 08:42:03,703 [INFO] Sending to ptd: 'SR,A,3.833100'
ptd-server 2022-08-01 08:42:05,213 [INFO] Reply from ptd: 'Range A changed'
ptd-server 2022-08-01 08:42:15,215 [INFO] Starting testing mode
ptd-server 2022-08-01 08:42:15,215 [INFO] Sending to ptd: 'Go,1000,0,2022-08-01_08-30-36_testing'
ptd-server 2022-08-01 08:42:15,216 [INFO] Reply from ptd: 'Starting untimed measurement, maximum 500000 samples at 1000ms with 0 rampup samples'
ptd-server 2022-08-01 08:42:15,217 [INFO] Sending reply to client 'OK'
ptd-server 2022-08-01 08:53:01,810 [INFO] Got command from the client 'session,2022-08-01_08-30-36,stop,testing'
ptd-server 2022-08-01 08:53:11,812 [INFO] Sending to ptd: 'Stop'
ptd-server 2022-08-01 08:53:11,813 [INFO] Reply from ptd: 'Stopping untimed measurement'
ptd-server 2022-08-01 08:53:11,844 [INFO] Sending reply to client 'OK'
ptd-server 2022-08-01 08:53:11,852 [INFO] Got command from the client 'session,2022-08-01_08-30-36,done'
ptd-server 2022-08-01 08:53:11,853 [INFO] Sending to ptd: 'Stop'
ptd-server 2022-08-01 08:53:12,218 [INFO] Reply from ptd: 'Error: no measurement to stop'
ptd-server 2022-08-01 08:53:12,220 [INFO] Sending to ptd: 'SR,V,Auto'
ptd-server 2022-08-01 08:53:12,727 [INFO] Reply from ptd: 'Range V changed'
ptd-server 2022-08-01 08:53:12,728 [INFO] Sending to ptd: 'SR,A,Auto'
ptd-server 2022-08-01 08:53:13,236 [INFO] Reply from ptd: 'Range A changed'
ptd-server 2022-08-01 08:53:13,237 [INFO] Set initial values for Amps Auto and Volts Auto
ptd-server 2022-08-01 08:53:13,237 [INFO] Stopping ptd...
