ptd-server 2022-07-22 21:57:41,204 [INFO] Got command from the client 'time'
ptd-server 2022-07-22 21:57:41,205 [INFO] Sending reply to client '1658523461.2049882'
ptd-server 2022-07-22 21:57:41,205 [INFO] Got command from the client 'new,,dc3c145b-d84f-4b4d-aabb-db8c13d506ad'
ptd-server 2022-07-22 21:57:41,206 [INFO] Sending reply to client 'OK 2022-07-22_21-57-41,c671a754-d192-4a2b-b846-dcbf2b6b00da'
ptd-server 2022-07-22 21:57:41,234 [INFO] Got command from the client 'time'
ptd-server 2022-07-22 21:57:41,235 [INFO] Sending reply to client '1658523461.2350037'
ptd-server 2022-07-22 21:57:41,235 [INFO] Got command from the client 'session,2022-07-22_21-57-41,start,ranging'
ptd-server 2022-07-22 21:57:41,236 [INFO] Running PTDaemon: ['/home/anton/projects/mlperf/power/inference_v1.0/ptd-linux-x86', '-l', '/tmp/tmp7lgbo8s4/ptd_logfile.txt', '-p', '8888', '49', '/dev/usbtmc0']
ptd-server 2022-07-22 21:57:58,410 [INFO] Sending to ptd: 'Hello'
ptd-server 2022-07-22 21:57:58,410 [INFO] Reply from ptd: 'Hello, PTDaemon here!'
ptd-server 2022-07-22 21:57:58,411 [INFO] Sending to ptd: 'Identify'
ptd-server 2022-07-22 21:57:58,411 [INFO] Reply from ptd: 'YokogawaWT310E,1000,1,1,1,1,0,1,1,version=1.9.2-e8c7a49a-20201208,OS=Linux 5.13.0-52-generic #59~20.04.1-Ubuntu SMP Thu Jun 16 21:21:28 UTC 2022 x86_64,mode=power,1,1,1,0,0,no_cal_date,YOKOGAWA;WT310E;C3XA04010E;F1.04'
ptd-server 2022-07-22 21:57:58,411 [INFO] Connected to PTDaemon
ptd-server 2022-07-22 21:57:58,411 [INFO] Sending to ptd: 'RR'
ptd-server 2022-07-22 21:57:58,412 [INFO] Reply from ptd: 'Ranges,0,0.500000,1,300.000000'
ptd-server 2022-07-22 21:57:58,412 [INFO] Initial range for Amps is 0.500000 for Volts is Auto
ptd-server 2022-07-22 21:57:58,412 [INFO] Sending to ptd: 'SR,V,Auto'
ptd-server 2022-07-22 21:57:58,914 [INFO] Reply from ptd: 'Range V changed'
ptd-server 2022-07-22 21:57:58,915 [INFO] Sending to ptd: 'SR,A,Auto'
ptd-server 2022-07-22 21:57:59,417 [INFO] Reply from ptd: 'Range A changed'
ptd-server 2022-07-22 21:58:09,427 [INFO] Starting ranging mode
ptd-server 2022-07-22 21:58:09,428 [INFO] Sending to ptd: 'Go,1000,0,2022-07-22_21-57-41_ranging'
ptd-server 2022-07-22 21:58:09,428 [INFO] Reply from ptd: 'Starting untimed measurement, maximum 500000 samples at 1000ms with 0 rampup samples'
ptd-server 2022-07-22 21:58:09,428 [INFO] Sending reply to client 'OK'
ptd-server 2022-07-22 22:08:25,796 [INFO] Got command from the client 'session,2022-07-22_21-57-41,stop,ranging'
ptd-server 2022-07-22 22:08:35,806 [INFO] Sending to ptd: 'Stop'
ptd-server 2022-07-22 22:08:35,807 [INFO] Reply from ptd: 'Stopping untimed measurement'
ptd-server 2022-07-22 22:08:36,286 [INFO] Sending reply to client 'OK'
ptd-server 2022-07-22 22:08:36,345 [INFO] Got command from the client 'time'
ptd-server 2022-07-22 22:08:36,345 [INFO] Sending reply to client '1658524116.3457797'
ptd-server 2022-07-22 22:08:36,346 [INFO] Got command from the client 'session,2022-07-22_21-57-41,start,testing'
ptd-server 2022-07-22 22:08:36,346 [INFO] Sending to ptd: 'SR,V,250.470000'
ptd-server 2022-07-22 22:08:37,929 [INFO] Reply from ptd: 'Range V changed'
ptd-server 2022-07-22 22:08:37,930 [INFO] Sending to ptd: 'SR,A,0.048850'
ptd-server 2022-07-22 22:08:39,431 [INFO] Reply from ptd: 'Range A changed'
ptd-server 2022-07-22 22:08:49,441 [INFO] Starting testing mode
ptd-server 2022-07-22 22:08:49,441 [INFO] Sending to ptd: 'Go,1000,0,2022-07-22_21-57-41_testing'
ptd-server 2022-07-22 22:08:49,442 [INFO] Reply from ptd: 'Starting untimed measurement, maximum 500000 samples at 1000ms with 0 rampup samples'
ptd-server 2022-07-22 22:08:49,442 [INFO] Sending reply to client 'OK'
ptd-server 2022-07-22 22:19:05,764 [INFO] Got command from the client 'session,2022-07-22_21-57-41,stop,testing'
ptd-server 2022-07-22 22:19:15,774 [INFO] Sending to ptd: 'Stop'
ptd-server 2022-07-22 22:19:15,775 [INFO] Reply from ptd: 'Stopping untimed measurement'
ptd-server 2022-07-22 22:19:16,026 [INFO] Sending reply to client 'OK'
ptd-server 2022-07-22 22:19:16,034 [INFO] Got command from the client 'session,2022-07-22_21-57-41,done'
ptd-server 2022-07-22 22:19:16,034 [INFO] Sending to ptd: 'Stop'
ptd-server 2022-07-22 22:19:16,442 [INFO] Reply from ptd: 'Error: no measurement to stop'
ptd-server 2022-07-22 22:19:16,442 [INFO] Sending to ptd: 'SR,V,Auto'
ptd-server 2022-07-22 22:19:16,945 [INFO] Reply from ptd: 'Range V changed'
ptd-server 2022-07-22 22:19:16,945 [INFO] Sending to ptd: 'SR,A,0.500000'
ptd-server 2022-07-22 22:19:18,446 [INFO] Reply from ptd: 'Range A changed'
ptd-server 2022-07-22 22:19:18,447 [INFO] Set initial values for Amps 0.500000 and Volts Auto
ptd-server 2022-07-22 22:19:18,447 [INFO] Stopping ptd...
