ptd-server 2022-07-27 22:55:03,210 [INFO] Got command from the client 'time'
ptd-server 2022-07-27 22:55:03,210 [INFO] Sending reply to client '1658958903.2108102'
ptd-server 2022-07-27 22:55:03,214 [INFO] Got command from the client 'new,,d242d51a-bf87-4609-811a-c3532d9cc2ad'
ptd-server 2022-07-27 22:55:03,215 [INFO] Sending reply to client 'OK 2022-07-27_22-55-03,585d6ce0-4c6b-42ee-ad7a-5d26f3ae98c4'
ptd-server 2022-07-27 22:55:03,250 [INFO] Got command from the client 'time'
ptd-server 2022-07-27 22:55:03,251 [INFO] Sending reply to client '1658958903.251035'
ptd-server 2022-07-27 22:55:03,254 [INFO] Got command from the client 'session,2022-07-27_22-55-03,start,ranging'
ptd-server 2022-07-27 22:55:03,254 [INFO] Running PTDaemon: ['/home/anton/projects/mlperf/power/inference_v1.0/ptd-linux-x86', '-l', '/tmp/tmp7lgbo8s4/ptd_logfile.txt', '-p', '8888', '49', '/dev/usbtmc0']
ptd-server 2022-07-27 22:55:20,429 [INFO] Sending to ptd: 'Hello'
ptd-server 2022-07-27 22:55:20,430 [INFO] Reply from ptd: 'Hello, PTDaemon here!'
ptd-server 2022-07-27 22:55:20,430 [INFO] Sending to ptd: 'Identify'
ptd-server 2022-07-27 22:55:20,430 [INFO] Reply from ptd: 'YokogawaWT310E,1000,1,1,1,1,0,1,1,version=1.9.2-e8c7a49a-20201208,OS=Linux 5.13.0-52-generic #59~20.04.1-Ubuntu SMP Thu Jun 16 21:21:28 UTC 2022 x86_64,mode=power,1,1,1,0,0,no_cal_date,YOKOGAWA;WT310E;C3XA04010E;F1.04'
ptd-server 2022-07-27 22:55:20,431 [INFO] Connected to PTDaemon
ptd-server 2022-07-27 22:55:20,431 [INFO] Sending to ptd: 'RR'
ptd-server 2022-07-27 22:55:20,431 [INFO] Reply from ptd: 'Ranges,0,0.500000,1,300.000000'
ptd-server 2022-07-27 22:55:20,431 [INFO] Initial range for Amps is 0.500000 for Volts is Auto
ptd-server 2022-07-27 22:55:20,431 [INFO] Sending to ptd: 'SR,V,Auto'
ptd-server 2022-07-27 22:55:20,934 [INFO] Reply from ptd: 'Range V changed'
ptd-server 2022-07-27 22:55:20,934 [INFO] Sending to ptd: 'SR,A,Auto'
ptd-server 2022-07-27 22:55:21,436 [INFO] Reply from ptd: 'Range A changed'
ptd-server 2022-07-27 22:55:31,447 [INFO] Starting ranging mode
ptd-server 2022-07-27 22:55:31,447 [INFO] Sending to ptd: 'Go,1000,0,2022-07-27_22-55-03_ranging'
ptd-server 2022-07-27 22:55:31,447 [INFO] Reply from ptd: 'Starting untimed measurement, maximum 500000 samples at 1000ms with 0 rampup samples'
ptd-server 2022-07-27 22:55:31,448 [INFO] Sending reply to client 'OK'
ptd-server 2022-07-27 23:05:46,691 [INFO] Got command from the client 'session,2022-07-27_22-55-03,stop,ranging'
ptd-server 2022-07-27 23:05:56,702 [INFO] Sending to ptd: 'Stop'
ptd-server 2022-07-27 23:05:56,702 [INFO] Reply from ptd: 'Stopping untimed measurement'
ptd-server 2022-07-27 23:05:57,702 [INFO] Sending reply to client 'OK'
ptd-server 2022-07-27 23:05:57,827 [INFO] Got command from the client 'time'
ptd-server 2022-07-27 23:05:57,828 [INFO] Sending reply to client '1658959557.8280067'
ptd-server 2022-07-27 23:05:57,832 [INFO] Got command from the client 'session,2022-07-27_22-55-03,start,testing'
ptd-server 2022-07-27 23:05:57,832 [INFO] Sending to ptd: 'SR,V,250.780000'
ptd-server 2022-07-27 23:05:59,333 [INFO] Reply from ptd: 'Range V changed'
ptd-server 2022-07-27 23:05:59,333 [INFO] Sending to ptd: 'SR,A,0.050450'
ptd-server 2022-07-27 23:06:00,835 [INFO] Reply from ptd: 'Range A changed'
ptd-server 2022-07-27 23:06:10,845 [INFO] Starting testing mode
ptd-server 2022-07-27 23:06:10,845 [INFO] Sending to ptd: 'Go,1000,0,2022-07-27_22-55-03_testing'
ptd-server 2022-07-27 23:06:10,845 [INFO] Reply from ptd: 'Starting untimed measurement, maximum 500000 samples at 1000ms with 0 rampup samples'
ptd-server 2022-07-27 23:06:10,846 [INFO] Sending reply to client 'OK'
ptd-server 2022-07-27 23:16:26,010 [INFO] Got command from the client 'session,2022-07-27_22-55-03,stop,testing'
ptd-server 2022-07-27 23:16:36,020 [INFO] Sending to ptd: 'Stop'
ptd-server 2022-07-27 23:16:36,021 [INFO] Reply from ptd: 'Stopping untimed measurement'
ptd-server 2022-07-27 23:16:36,535 [INFO] Sending reply to client 'OK'
ptd-server 2022-07-27 23:16:36,632 [INFO] Got command from the client 'session,2022-07-27_22-55-03,done'
ptd-server 2022-07-27 23:16:36,632 [INFO] Sending to ptd: 'Stop'
ptd-server 2022-07-27 23:16:36,846 [INFO] Reply from ptd: 'Error: no measurement to stop'
ptd-server 2022-07-27 23:16:36,846 [INFO] Sending to ptd: 'SR,V,Auto'
ptd-server 2022-07-27 23:16:37,349 [INFO] Reply from ptd: 'Range V changed'
ptd-server 2022-07-27 23:16:37,349 [INFO] Sending to ptd: 'SR,A,0.500000'
ptd-server 2022-07-27 23:16:38,850 [INFO] Reply from ptd: 'Range A changed'
ptd-server 2022-07-27 23:16:38,850 [INFO] Set initial values for Amps 0.500000 and Volts Auto
ptd-server 2022-07-27 23:16:38,851 [INFO] Stopping ptd...
