ptd-server 2022-07-21 20:38:23,565 [INFO] Got command from the client 'stop'
ptd-server 2022-07-21 20:38:23,566 [INFO] The server will be stopped after processing this client
ptd-server 2022-07-21 20:38:23,566 [INFO] Sending reply to client 'OK'
ptd-server 2022-07-21 20:38:23,772 [INFO] Got command from the client 'time'
ptd-server 2022-07-21 20:38:23,772 [INFO] Sending reply to client '1658461103.772514'
ptd-server 2022-07-21 20:38:23,773 [INFO] Got command from the client 'new,,fb546593-2581-40a6-9502-4d0580103761'
ptd-server 2022-07-21 20:38:23,775 [INFO] Sending reply to client 'OK 2022-07-21_20-38-23,6f9e230d-b277-4234-b4b1-506ef0126ac0'
ptd-server 2022-07-21 20:38:23,983 [INFO] Got command from the client 'time'
ptd-server 2022-07-21 20:38:23,984 [INFO] Sending reply to client '1658461103.9841764'
ptd-server 2022-07-21 20:38:23,984 [INFO] Got command from the client 'session,2022-07-21_20-38-23,start,ranging'
ptd-server 2022-07-21 20:38:24,095 [INFO] Running PTDaemon: ['C:\\PTD\\ptd-windows-x86.exe', '-l', 'C:\\Users\\lab\\AppData\\Local\\Temp\\tmptuwgjz48\\ptd_logfile.txt', '-p', '8888', '-c', '1,3', '-y', '77', '10.34.232.250']
ptd-server 2022-07-21 20:38:44,298 [INFO] Sending to ptd: 'Hello'
ptd-server 2022-07-21 20:38:44,299 [INFO] Reply from ptd: 'Hello, PTDaemon here!'
ptd-server 2022-07-21 20:38:44,299 [INFO] Sending to ptd: 'Identify'
ptd-server 2022-07-21 20:38:44,301 [INFO] Reply from ptd: 'YokogawaWT330_multichannel,1000,1,1,1,1,0,0,1,version=1.9.2-3976349f-20201208,OS=Windows 8 / Server 2012,mode=power,1,1,2,0,0,no_cal_date,YOKOGAWA;WT333E;C2WA21018V;F1.04'
ptd-server 2022-07-21 20:38:44,301 [INFO] Connected to PTDaemon
ptd-server 2022-07-21 20:38:44,302 [INFO] Sending to ptd: 'RR'
ptd-server 2022-07-21 20:38:44,303 [INFO] Reply from ptd: 'Ranges,0,10.000000,1,300.000000'
ptd-server 2022-07-21 20:38:44,304 [INFO] Initial range for Amps is 10.000000 for Volts is Auto
ptd-server 2022-07-21 20:38:44,305 [INFO] Sending to ptd: 'SR,V,Auto'
ptd-server 2022-07-21 20:38:49,379 [INFO] Reply from ptd: 'Range V changed'
ptd-server 2022-07-21 20:38:49,380 [INFO] Sending to ptd: 'SR,A,Auto'
ptd-server 2022-07-21 20:38:54,447 [INFO] Reply from ptd: 'Range A changed'
ptd-server 2022-07-21 20:39:04,458 [INFO] Starting ranging mode
ptd-server 2022-07-21 20:39:04,487 [INFO] Sending to ptd: 'Go,1000,0,2022-07-21_20-38-23_ranging'
ptd-server 2022-07-21 20:39:04,488 [INFO] Reply from ptd: 'Starting untimed measurement, maximum 500000 samples at 1000ms with 0 rampup samples'
ptd-server 2022-07-21 20:39:04,489 [INFO] Sending reply to client 'OK'
ptd-server 2022-07-21 20:51:32,720 [INFO] Got command from the client 'session,2022-07-21_20-38-23,stop,ranging'
ptd-server 2022-07-21 20:51:42,727 [INFO] Sending to ptd: 'Stop'
ptd-server 2022-07-21 20:51:42,728 [INFO] Reply from ptd: 'Stopping untimed measurement'
ptd-server 2022-07-21 20:51:42,788 [INFO] Sending reply to client 'OK'
ptd-server 2022-07-21 20:51:43,028 [INFO] Got command from the client 'time'
ptd-server 2022-07-21 20:51:43,028 [INFO] Sending reply to client '1658461903.0280964'
ptd-server 2022-07-21 20:51:43,029 [INFO] Got command from the client 'session,2022-07-21_20-38-23,start,testing'
ptd-server 2022-07-21 20:51:43,030 [INFO] Sending to ptd: 'SR,V,209.050000'
ptd-server 2022-07-21 20:51:49,573 [INFO] Reply from ptd: 'Range V changed'
ptd-server 2022-07-21 20:51:49,574 [INFO] Sending to ptd: 'SR,A,5.364400'
ptd-server 2022-07-21 20:51:55,160 [INFO] Reply from ptd: 'Range A changed'
ptd-server 2022-07-21 20:52:05,173 [INFO] Starting testing mode
ptd-server 2022-07-21 20:52:05,174 [INFO] Sending to ptd: 'Go,1000,0,2022-07-21_20-38-23_testing'
ptd-server 2022-07-21 20:52:05,175 [INFO] Reply from ptd: 'Starting untimed measurement, maximum 500000 samples at 1000ms with 0 rampup samples'
ptd-server 2022-07-21 20:52:05,175 [INFO] Sending reply to client 'OK'
ptd-server 2022-07-21 21:04:27,881 [INFO] Got command from the client 'session,2022-07-21_20-38-23,stop,testing'
ptd-server 2022-07-21 21:04:37,908 [INFO] Sending to ptd: 'Stop'
ptd-server 2022-07-21 21:04:37,909 [INFO] Reply from ptd: 'Stopping untimed measurement'
ptd-server 2022-07-21 21:04:37,945 [INFO] Sending reply to client 'OK'
ptd-server 2022-07-21 21:04:38,007 [INFO] Got command from the client 'session,2022-07-21_20-38-23,done'
ptd-server 2022-07-21 21:04:38,007 [INFO] Sending to ptd: 'Stop'
ptd-server 2022-07-21 21:04:38,178 [INFO] Reply from ptd: 'Error: no measurement to stop'
ptd-server 2022-07-21 21:04:38,179 [INFO] Sending to ptd: 'SR,V,Auto'
ptd-server 2022-07-21 21:04:43,258 [INFO] Reply from ptd: 'Range V changed'
ptd-server 2022-07-21 21:04:43,259 [INFO] Sending to ptd: 'SR,A,10.000000'
ptd-server 2022-07-21 21:04:48,831 [INFO] Reply from ptd: 'Range A changed'
ptd-server 2022-07-21 21:04:48,832 [INFO] Set initial values for Amps 10.000000 and Volts Auto
ptd-server 2022-07-21 21:04:48,833 [INFO] Stopping ptd...
