ptd-server 2022-08-02 19:47:50,333 [INFO] Got command from the client 'time'
ptd-server 2022-08-02 19:47:50,333 [INFO] Sending reply to client '1659466070.3336089'
ptd-server 2022-08-02 19:47:50,334 [INFO] Got command from the client 'new,,f892163a-6318-4b02-9cb3-5d803b14fede'
ptd-server 2022-08-02 19:47:50,335 [INFO] Sending reply to client 'OK 2022-08-02_19-47-50,6d5331be-06f5-4459-8420-f4282464465b'
ptd-server 2022-08-02 19:47:50,371 [INFO] Got command from the client 'time'
ptd-server 2022-08-02 19:47:50,372 [INFO] Sending reply to client '1659466070.3720217'
ptd-server 2022-08-02 19:47:50,372 [INFO] Got command from the client 'session,2022-08-02_19-47-50,start,ranging'
ptd-server 2022-08-02 19:47:50,373 [INFO] Running PTDaemon: ['/home/anton/projects/mlperf/power/inference_v1.0/ptd-linux-x86', '-l', '/tmp/tmp7lgbo8s4/ptd_logfile.txt', '-p', '8888', '49', '/dev/usbtmc0']
ptd-server 2022-08-02 19:48:07,547 [INFO] Sending to ptd: 'Hello'
ptd-server 2022-08-02 19:48:07,547 [INFO] Reply from ptd: 'Hello, PTDaemon here!'
ptd-server 2022-08-02 19:48:07,547 [INFO] Sending to ptd: 'Identify'
ptd-server 2022-08-02 19:48:07,548 [INFO] Reply from ptd: 'YokogawaWT310E,1000,1,1,1,1,0,1,1,version=1.9.2-e8c7a49a-20201208,OS=Linux 5.13.0-52-generic #59~20.04.1-Ubuntu SMP Thu Jun 16 21:21:28 UTC 2022 x86_64,mode=power,1,1,1,0,0,no_cal_date,YOKOGAWA;WT310E;C3XA04010E;F1.04'
ptd-server 2022-08-02 19:48:07,548 [INFO] Connected to PTDaemon
ptd-server 2022-08-02 19:48:07,548 [INFO] Sending to ptd: 'RR'
ptd-server 2022-08-02 19:48:07,548 [INFO] Reply from ptd: 'Ranges,0,0.500000,1,300.000000'
ptd-server 2022-08-02 19:48:07,548 [INFO] Initial range for Amps is 0.500000 for Volts is Auto
ptd-server 2022-08-02 19:48:07,548 [INFO] Sending to ptd: 'SR,V,Auto'
ptd-server 2022-08-02 19:48:08,054 [INFO] Reply from ptd: 'Range V changed'
ptd-server 2022-08-02 19:48:08,054 [INFO] Sending to ptd: 'SR,A,Auto'
ptd-server 2022-08-02 19:48:08,557 [INFO] Reply from ptd: 'Range A changed'
ptd-server 2022-08-02 19:48:18,567 [INFO] Starting ranging mode
ptd-server 2022-08-02 19:48:18,567 [INFO] Sending to ptd: 'Go,1000,0,2022-08-02_19-47-50_ranging'
ptd-server 2022-08-02 19:48:18,568 [INFO] Reply from ptd: 'Starting untimed measurement, maximum 500000 samples at 1000ms with 0 rampup samples'
ptd-server 2022-08-02 19:48:18,568 [INFO] Sending reply to client 'OK'
ptd-server 2022-08-02 19:58:34,098 [INFO] Got command from the client 'session,2022-08-02_19-47-50,stop,ranging'
ptd-server 2022-08-02 19:58:44,109 [INFO] Sending to ptd: 'Stop'
ptd-server 2022-08-02 19:58:44,109 [INFO] Reply from ptd: 'Stopping untimed measurement'
ptd-server 2022-08-02 19:58:45,656 [INFO] Sending reply to client 'OK'
ptd-server 2022-08-02 19:58:45,730 [INFO] Got command from the client 'time'
ptd-server 2022-08-02 19:58:45,730 [INFO] Sending reply to client '1659466725.7303734'
ptd-server 2022-08-02 19:58:45,731 [INFO] Got command from the client 'session,2022-08-02_19-47-50,start,testing'
ptd-server 2022-08-02 19:58:45,731 [INFO] Sending to ptd: 'SR,V,249.460000'
ptd-server 2022-08-02 19:58:47,233 [INFO] Reply from ptd: 'Range V changed'
ptd-server 2022-08-02 19:58:47,233 [INFO] Sending to ptd: 'SR,A,0.238780'
ptd-server 2022-08-02 19:58:48,735 [INFO] Reply from ptd: 'Range A changed'
ptd-server 2022-08-02 19:58:58,745 [INFO] Starting testing mode
ptd-server 2022-08-02 19:58:58,745 [INFO] Sending to ptd: 'Go,1000,0,2022-08-02_19-47-50_testing'
ptd-server 2022-08-02 19:58:58,745 [INFO] Reply from ptd: 'Starting untimed measurement, maximum 500000 samples at 1000ms with 0 rampup samples'
ptd-server 2022-08-02 19:58:58,746 [INFO] Sending reply to client 'OK'
ptd-server 2022-08-02 20:09:14,239 [INFO] Got command from the client 'session,2022-08-02_19-47-50,stop,testing'
ptd-server 2022-08-02 20:09:24,249 [INFO] Sending to ptd: 'Stop'
ptd-server 2022-08-02 20:09:24,250 [INFO] Reply from ptd: 'Stopping untimed measurement'
ptd-server 2022-08-02 20:09:25,029 [INFO] Sending reply to client 'OK'
ptd-server 2022-08-02 20:09:25,042 [INFO] Got command from the client 'session,2022-08-02_19-47-50,done'
ptd-server 2022-08-02 20:09:25,042 [INFO] Sending to ptd: 'Stop'
ptd-server 2022-08-02 20:09:25,042 [INFO] Reply from ptd: 'Error: no measurement to stop'
ptd-server 2022-08-02 20:09:25,042 [INFO] Sending to ptd: 'SR,V,Auto'
ptd-server 2022-08-02 20:09:25,545 [INFO] Reply from ptd: 'Range V changed'
ptd-server 2022-08-02 20:09:25,545 [INFO] Sending to ptd: 'SR,A,0.500000'
ptd-server 2022-08-02 20:09:27,046 [INFO] Reply from ptd: 'Range A changed'
ptd-server 2022-08-02 20:09:27,047 [INFO] Set initial values for Amps 0.500000 and Volts Auto
ptd-server 2022-08-02 20:09:27,047 [INFO] Stopping ptd...
