ptd-server 2022-08-04 18:36:33,881 [INFO] Got command from the client 'time'
ptd-server 2022-08-04 18:36:33,881 [INFO] Sending reply to client '1659656193.8816059'
ptd-server 2022-08-04 18:36:33,883 [INFO] Got command from the client 'new,,483d92bf-0aa0-4375-adc0-8aa33b3d2231'
ptd-server 2022-08-04 18:36:33,883 [INFO] Sending reply to client 'OK 2022-08-04_18-36-33,20c963ec-206b-453f-b59a-d0605e7b00c7'
ptd-server 2022-08-04 18:36:33,986 [INFO] Got command from the client 'time'
ptd-server 2022-08-04 18:36:33,986 [INFO] Sending reply to client '1659656193.9865055'
ptd-server 2022-08-04 18:36:33,987 [INFO] Got command from the client 'session,2022-08-04_18-36-33,start,ranging'
ptd-server 2022-08-04 18:36:33,988 [INFO] Running PTDaemon: ['/local/mnt/workspace/mlcommons/power-main/inference_v1.0/ptd-linux-x86', '-l', '/tmp/tmp8xrjvdjh/ptd_logfile.txt', '-p', '8888', '49', '/dev/usbtmc0']
ptd-server 2022-08-04 18:36:51,111 [INFO] Sending to ptd: 'Hello'
ptd-server 2022-08-04 18:36:51,112 [INFO] Reply from ptd: 'Hello, PTDaemon here!'
ptd-server 2022-08-04 18:36:51,112 [INFO] Sending to ptd: 'Identify'
ptd-server 2022-08-04 18:36:51,113 [INFO] Reply from ptd: 'YokogawaWT310E,1000,1,1,1,1,0,1,1,version=1.9.2-e8c7a49a-20201208,OS=Linux 4.15.0-188-generic #199-Ubuntu SMP Wed Jun 15 20:42:56 UTC 2022 x86_64,mode=power,1,1,1,0,0,no_cal_date,YOKOGAWA;WT310E;C2XF16028V;F1.04'
ptd-server 2022-08-04 18:36:51,113 [INFO] Connected to PTDaemon
ptd-server 2022-08-04 18:36:51,113 [INFO] Sending to ptd: 'RR'
ptd-server 2022-08-04 18:36:51,114 [INFO] Reply from ptd: 'Ranges,1,5.000000,1,150.000000'
ptd-server 2022-08-04 18:36:51,114 [INFO] Initial range for Amps is Auto for Volts is Auto
ptd-server 2022-08-04 18:36:51,114 [INFO] Sending to ptd: 'SR,V,Auto'
ptd-server 2022-08-04 18:36:51,617 [INFO] Reply from ptd: 'Range V changed'
ptd-server 2022-08-04 18:36:51,618 [INFO] Sending to ptd: 'SR,A,Auto'
ptd-server 2022-08-04 18:36:52,121 [INFO] Reply from ptd: 'Range A changed'
ptd-server 2022-08-04 18:37:02,131 [INFO] Starting ranging mode
ptd-server 2022-08-04 18:37:02,132 [INFO] Sending to ptd: 'Go,1000,0,2022-08-04_18-36-33_ranging'
ptd-server 2022-08-04 18:37:02,132 [INFO] Reply from ptd: 'Starting untimed measurement, maximum 500000 samples at 1000ms with 0 rampup samples'
ptd-server 2022-08-04 18:37:02,133 [INFO] Sending reply to client 'OK'
ptd-server 2022-08-04 18:50:26,823 [INFO] Got command from the client 'session,2022-08-04_18-36-33,stop,ranging'
ptd-server 2022-08-04 18:50:36,829 [INFO] Sending to ptd: 'Stop'
ptd-server 2022-08-04 18:50:36,830 [INFO] Reply from ptd: 'Stopping untimed measurement'
ptd-server 2022-08-04 18:50:36,882 [INFO] Sending reply to client 'OK'
ptd-server 2022-08-04 18:50:36,968 [INFO] Got command from the client 'time'
ptd-server 2022-08-04 18:50:36,968 [INFO] Sending reply to client '1659657036.9688249'
ptd-server 2022-08-04 18:50:36,969 [INFO] Got command from the client 'session,2022-08-04_18-36-33,start,testing'
ptd-server 2022-08-04 18:50:36,970 [INFO] Sending to ptd: 'SR,V,120.310000'
ptd-server 2022-08-04 18:50:38,634 [INFO] Reply from ptd: 'Range V changed'
ptd-server 2022-08-04 18:50:38,635 [INFO] Sending to ptd: 'SR,A,4.893800'
ptd-server 2022-08-04 18:50:40,137 [INFO] Reply from ptd: 'Range A changed'
ptd-server 2022-08-04 18:50:50,148 [INFO] Starting testing mode
ptd-server 2022-08-04 18:50:50,148 [INFO] Sending to ptd: 'Go,1000,0,2022-08-04_18-36-33_testing'
ptd-server 2022-08-04 18:50:50,148 [INFO] Reply from ptd: 'Starting untimed measurement, maximum 500000 samples at 1000ms with 0 rampup samples'
ptd-server 2022-08-04 18:50:50,149 [INFO] Sending reply to client 'OK'
ptd-server 2022-08-04 19:04:14,970 [INFO] Got command from the client 'session,2022-08-04_18-36-33,stop,testing'
ptd-server 2022-08-04 19:04:24,980 [INFO] Sending to ptd: 'Stop'
ptd-server 2022-08-04 19:04:24,981 [INFO] Reply from ptd: 'Stopping untimed measurement'
ptd-server 2022-08-04 19:04:25,009 [INFO] Sending reply to client 'OK'
ptd-server 2022-08-04 19:04:25,015 [INFO] Got command from the client 'session,2022-08-04_18-36-33,done'
ptd-server 2022-08-04 19:04:25,015 [INFO] Sending to ptd: 'Stop'
ptd-server 2022-08-04 19:04:25,149 [INFO] Reply from ptd: 'Error: no measurement to stop'
ptd-server 2022-08-04 19:04:25,149 [INFO] Sending to ptd: 'SR,V,Auto'
ptd-server 2022-08-04 19:04:25,652 [INFO] Reply from ptd: 'Range V changed'
ptd-server 2022-08-04 19:04:25,653 [INFO] Sending to ptd: 'SR,A,Auto'
ptd-server 2022-08-04 19:04:26,156 [INFO] Reply from ptd: 'Range A changed'
ptd-server 2022-08-04 19:04:26,156 [INFO] Set initial values for Amps Auto and Volts Auto
ptd-server 2022-08-04 19:04:26,156 [INFO] Stopping ptd...
