ptd-server 2022-08-02 16:32:36,373 [INFO] Got command from the client 'time'
ptd-server 2022-08-02 16:32:36,373 [INFO] Sending reply to client '1659454356.3734055'
ptd-server 2022-08-02 16:32:36,374 [INFO] Got command from the client 'new,,1b92bc2a-2392-44e3-a695-fd3a9c971a8c'
ptd-server 2022-08-02 16:32:36,374 [INFO] Sending reply to client 'OK 2022-08-02_16-32-36,15cc0273-21b4-40c0-bc55-7d72d776eb96'
ptd-server 2022-08-02 16:32:36,403 [INFO] Got command from the client 'time'
ptd-server 2022-08-02 16:32:36,403 [INFO] Sending reply to client '1659454356.403421'
ptd-server 2022-08-02 16:32:36,404 [INFO] Got command from the client 'session,2022-08-02_16-32-36,start,ranging'
ptd-server 2022-08-02 16:32:36,404 [INFO] Running PTDaemon: ['/home/anton/projects/mlperf/power/inference_v1.0/ptd-linux-x86', '-l', '/tmp/tmp7lgbo8s4/ptd_logfile.txt', '-p', '8888', '49', '/dev/usbtmc0']
ptd-server 2022-08-02 16:32:53,579 [INFO] Sending to ptd: 'Hello'
ptd-server 2022-08-02 16:32:53,579 [INFO] Reply from ptd: 'Hello, PTDaemon here!'
ptd-server 2022-08-02 16:32:53,580 [INFO] Sending to ptd: 'Identify'
ptd-server 2022-08-02 16:32:53,580 [INFO] Reply from ptd: 'YokogawaWT310E,1000,1,1,1,1,0,1,1,version=1.9.2-e8c7a49a-20201208,OS=Linux 5.13.0-52-generic #59~20.04.1-Ubuntu SMP Thu Jun 16 21:21:28 UTC 2022 x86_64,mode=power,1,1,1,0,0,no_cal_date,YOKOGAWA;WT310E;C3XA04010E;F1.04'
ptd-server 2022-08-02 16:32:53,580 [INFO] Connected to PTDaemon
ptd-server 2022-08-02 16:32:53,580 [INFO] Sending to ptd: 'RR'
ptd-server 2022-08-02 16:32:53,581 [INFO] Reply from ptd: 'Ranges,0,0.500000,1,300.000000'
ptd-server 2022-08-02 16:32:53,581 [INFO] Initial range for Amps is 0.500000 for Volts is Auto
ptd-server 2022-08-02 16:32:53,581 [INFO] Sending to ptd: 'SR,V,Auto'
ptd-server 2022-08-02 16:32:54,083 [INFO] Reply from ptd: 'Range V changed'
ptd-server 2022-08-02 16:32:54,083 [INFO] Sending to ptd: 'SR,A,Auto'
ptd-server 2022-08-02 16:32:54,586 [INFO] Reply from ptd: 'Range A changed'
ptd-server 2022-08-02 16:33:04,596 [INFO] Starting ranging mode
ptd-server 2022-08-02 16:33:04,596 [INFO] Sending to ptd: 'Go,1000,0,2022-08-02_16-32-36_ranging'
ptd-server 2022-08-02 16:33:04,597 [INFO] Reply from ptd: 'Starting untimed measurement, maximum 500000 samples at 1000ms with 0 rampup samples'
ptd-server 2022-08-02 16:33:04,597 [INFO] Sending reply to client 'OK'
ptd-server 2022-08-02 16:43:18,896 [INFO] Got command from the client 'session,2022-08-02_16-32-36,stop,ranging'
ptd-server 2022-08-02 16:43:28,906 [INFO] Sending to ptd: 'Stop'
ptd-server 2022-08-02 16:43:28,906 [INFO] Reply from ptd: 'Stopping untimed measurement'
ptd-server 2022-08-02 16:43:30,429 [INFO] Sending reply to client 'OK'
ptd-server 2022-08-02 16:43:30,467 [INFO] Got command from the client 'time'
ptd-server 2022-08-02 16:43:30,467 [INFO] Sending reply to client '1659455010.4677866'
ptd-server 2022-08-02 16:43:30,469 [INFO] Got command from the client 'session,2022-08-02_16-32-36,start,testing'
ptd-server 2022-08-02 16:43:30,469 [INFO] Sending to ptd: 'SR,V,249.630000'
ptd-server 2022-08-02 16:43:31,970 [INFO] Reply from ptd: 'Range V changed'
ptd-server 2022-08-02 16:43:31,970 [INFO] Sending to ptd: 'SR,A,0.243840'
ptd-server 2022-08-02 16:43:33,472 [INFO] Reply from ptd: 'Range A changed'
ptd-server 2022-08-02 16:43:43,482 [INFO] Starting testing mode
ptd-server 2022-08-02 16:43:43,482 [INFO] Sending to ptd: 'Go,1000,0,2022-08-02_16-32-36_testing'
ptd-server 2022-08-02 16:43:43,482 [INFO] Reply from ptd: 'Starting untimed measurement, maximum 500000 samples at 1000ms with 0 rampup samples'
ptd-server 2022-08-02 16:43:43,483 [INFO] Sending reply to client 'OK'
ptd-server 2022-08-02 16:53:57,667 [INFO] Got command from the client 'session,2022-08-02_16-32-36,stop,testing'
ptd-server 2022-08-02 16:54:07,677 [INFO] Sending to ptd: 'Stop'
ptd-server 2022-08-02 16:54:07,678 [INFO] Reply from ptd: 'Stopping untimed measurement'
ptd-server 2022-08-02 16:54:08,455 [INFO] Sending reply to client 'OK'
ptd-server 2022-08-02 16:54:08,470 [INFO] Got command from the client 'session,2022-08-02_16-32-36,done'
ptd-server 2022-08-02 16:54:08,470 [INFO] Sending to ptd: 'Stop'
ptd-server 2022-08-02 16:54:08,483 [INFO] Reply from ptd: 'Error: no measurement to stop'
ptd-server 2022-08-02 16:54:08,483 [INFO] Sending to ptd: 'SR,V,Auto'
ptd-server 2022-08-02 16:54:08,986 [INFO] Reply from ptd: 'Range V changed'
ptd-server 2022-08-02 16:54:08,986 [INFO] Sending to ptd: 'SR,A,0.500000'
ptd-server 2022-08-02 16:54:10,487 [INFO] Reply from ptd: 'Range A changed'
ptd-server 2022-08-02 16:54:10,487 [INFO] Set initial values for Amps 0.500000 and Volts Auto
ptd-server 2022-08-02 16:54:10,488 [INFO] Stopping ptd...
