ptd-server 2022-07-31 03:17:15,482 [INFO] Got command from the client 'time'
ptd-server 2022-07-31 03:17:15,482 [INFO] Sending reply to client '1659233835.4829123'
ptd-server 2022-07-31 03:17:15,483 [INFO] Got command from the client 'new,,4d4f682f-b7ef-4f99-9808-aba35156cb2d'
ptd-server 2022-07-31 03:17:15,484 [INFO] Sending reply to client 'OK 2022-07-31_03-17-15,3be10c93-fb14-4f3b-ad98-6ccc370672ce'
ptd-server 2022-07-31 03:17:15,513 [INFO] Got command from the client 'time'
ptd-server 2022-07-31 03:17:15,513 [INFO] Sending reply to client '1659233835.5135744'
ptd-server 2022-07-31 03:17:15,514 [INFO] Got command from the client 'session,2022-07-31_03-17-15,start,ranging'
ptd-server 2022-07-31 03:17:15,514 [INFO] Running PTDaemon: ['/home/anton/projects/mlperf/power/inference_v1.0/ptd-linux-x86', '-l', '/tmp/tmp7lgbo8s4/ptd_logfile.txt', '-p', '8888', '49', '/dev/usbtmc0']
ptd-server 2022-07-31 03:17:32,687 [INFO] Sending to ptd: 'Hello'
ptd-server 2022-07-31 03:17:32,688 [INFO] Reply from ptd: 'Hello, PTDaemon here!'
ptd-server 2022-07-31 03:17:32,688 [INFO] Sending to ptd: 'Identify'
ptd-server 2022-07-31 03:17:32,688 [INFO] Reply from ptd: 'YokogawaWT310E,1000,1,1,1,1,0,1,1,version=1.9.2-e8c7a49a-20201208,OS=Linux 5.13.0-52-generic #59~20.04.1-Ubuntu SMP Thu Jun 16 21:21:28 UTC 2022 x86_64,mode=power,1,1,1,0,0,no_cal_date,YOKOGAWA;WT310E;C3XA04010E;F1.04'
ptd-server 2022-07-31 03:17:32,688 [INFO] Connected to PTDaemon
ptd-server 2022-07-31 03:17:32,689 [INFO] Sending to ptd: 'RR'
ptd-server 2022-07-31 03:17:32,689 [INFO] Reply from ptd: 'Ranges,0,0.500000,1,300.000000'
ptd-server 2022-07-31 03:17:32,689 [INFO] Initial range for Amps is 0.500000 for Volts is Auto
ptd-server 2022-07-31 03:17:32,689 [INFO] Sending to ptd: 'SR,V,Auto'
ptd-server 2022-07-31 03:17:33,192 [INFO] Reply from ptd: 'Range V changed'
ptd-server 2022-07-31 03:17:33,192 [INFO] Sending to ptd: 'SR,A,Auto'
ptd-server 2022-07-31 03:17:33,694 [INFO] Reply from ptd: 'Range A changed'
ptd-server 2022-07-31 03:17:43,705 [INFO] Starting ranging mode
ptd-server 2022-07-31 03:17:43,705 [INFO] Sending to ptd: 'Go,1000,0,2022-07-31_03-17-15_ranging'
ptd-server 2022-07-31 03:17:43,705 [INFO] Reply from ptd: 'Starting untimed measurement, maximum 500000 samples at 1000ms with 0 rampup samples'
ptd-server 2022-07-31 03:17:43,705 [INFO] Sending reply to client 'OK'
ptd-server 2022-07-31 03:27:58,498 [INFO] Got command from the client 'session,2022-07-31_03-17-15,stop,ranging'
ptd-server 2022-07-31 03:28:08,509 [INFO] Sending to ptd: 'Stop'
ptd-server 2022-07-31 03:28:08,509 [INFO] Reply from ptd: 'Stopping untimed measurement'
ptd-server 2022-07-31 03:28:09,764 [INFO] Sending reply to client 'OK'
ptd-server 2022-07-31 03:28:09,818 [INFO] Got command from the client 'time'
ptd-server 2022-07-31 03:28:09,818 [INFO] Sending reply to client '1659234489.8188734'
ptd-server 2022-07-31 03:28:09,820 [INFO] Got command from the client 'session,2022-07-31_03-17-15,start,testing'
ptd-server 2022-07-31 03:28:09,820 [INFO] Sending to ptd: 'SR,V,252.040000'
ptd-server 2022-07-31 03:28:11,321 [INFO] Reply from ptd: 'Range V changed'
ptd-server 2022-07-31 03:28:11,322 [INFO] Sending to ptd: 'SR,A,0.199660'
ptd-server 2022-07-31 03:28:12,823 [INFO] Reply from ptd: 'Range A changed'
ptd-server 2022-07-31 03:28:22,833 [INFO] Starting testing mode
ptd-server 2022-07-31 03:28:22,833 [INFO] Sending to ptd: 'Go,1000,0,2022-07-31_03-17-15_testing'
ptd-server 2022-07-31 03:28:22,834 [INFO] Reply from ptd: 'Starting untimed measurement, maximum 500000 samples at 1000ms with 0 rampup samples'
ptd-server 2022-07-31 03:28:22,834 [INFO] Sending reply to client 'OK'
ptd-server 2022-07-31 03:38:34,200 [INFO] Got command from the client 'session,2022-07-31_03-17-15,stop,testing'
ptd-server 2022-07-31 03:38:44,210 [INFO] Sending to ptd: 'Stop'
ptd-server 2022-07-31 03:38:44,211 [INFO] Reply from ptd: 'Stopping untimed measurement'
ptd-server 2022-07-31 03:38:44,844 [INFO] Sending reply to client 'OK'
ptd-server 2022-07-31 03:38:44,859 [INFO] Got command from the client 'session,2022-07-31_03-17-15,done'
ptd-server 2022-07-31 03:38:44,859 [INFO] Sending to ptd: 'Stop'
ptd-server 2022-07-31 03:38:44,859 [INFO] Reply from ptd: 'Error: no measurement to stop'
ptd-server 2022-07-31 03:38:44,859 [INFO] Sending to ptd: 'SR,V,Auto'
ptd-server 2022-07-31 03:38:45,362 [INFO] Reply from ptd: 'Range V changed'
ptd-server 2022-07-31 03:38:45,362 [INFO] Sending to ptd: 'SR,A,0.500000'
ptd-server 2022-07-31 03:38:46,863 [INFO] Reply from ptd: 'Range A changed'
ptd-server 2022-07-31 03:38:46,863 [INFO] Set initial values for Amps 0.500000 and Volts Auto
ptd-server 2022-07-31 03:38:46,863 [INFO] Stopping ptd...
