ptd-server 2022-07-31 02:12:17,125 [INFO] Got command from the client 'time'
ptd-server 2022-07-31 02:12:17,126 [INFO] Sending reply to client '1659229937.1259773'
ptd-server 2022-07-31 02:12:17,126 [INFO] Got command from the client 'new,,e7e02392-6671-4543-a3d6-41843955426e'
ptd-server 2022-07-31 02:12:17,127 [INFO] Sending reply to client 'OK 2022-07-31_02-12-17,a8bebf14-bada-44ec-a1fa-4c77b73d5c3a'
ptd-server 2022-07-31 02:12:17,155 [INFO] Got command from the client 'time'
ptd-server 2022-07-31 02:12:17,155 [INFO] Sending reply to client '1659229937.1558974'
ptd-server 2022-07-31 02:12:17,156 [INFO] Got command from the client 'session,2022-07-31_02-12-17,start,ranging'
ptd-server 2022-07-31 02:12:17,157 [INFO] Running PTDaemon: ['/home/anton/projects/mlperf/power/inference_v1.0/ptd-linux-x86', '-l', '/tmp/tmp7lgbo8s4/ptd_logfile.txt', '-p', '8888', '49', '/dev/usbtmc0']
ptd-server 2022-07-31 02:12:34,330 [INFO] Sending to ptd: 'Hello'
ptd-server 2022-07-31 02:12:34,331 [INFO] Reply from ptd: 'Hello, PTDaemon here!'
ptd-server 2022-07-31 02:12:34,331 [INFO] Sending to ptd: 'Identify'
ptd-server 2022-07-31 02:12:34,331 [INFO] Reply from ptd: 'YokogawaWT310E,1000,1,1,1,1,0,1,1,version=1.9.2-e8c7a49a-20201208,OS=Linux 5.13.0-52-generic #59~20.04.1-Ubuntu SMP Thu Jun 16 21:21:28 UTC 2022 x86_64,mode=power,1,1,1,0,0,no_cal_date,YOKOGAWA;WT310E;C3XA04010E;F1.04'
ptd-server 2022-07-31 02:12:34,332 [INFO] Connected to PTDaemon
ptd-server 2022-07-31 02:12:34,332 [INFO] Sending to ptd: 'RR'
ptd-server 2022-07-31 02:12:34,332 [INFO] Reply from ptd: 'Ranges,0,0.500000,1,300.000000'
ptd-server 2022-07-31 02:12:34,332 [INFO] Initial range for Amps is 0.500000 for Volts is Auto
ptd-server 2022-07-31 02:12:34,332 [INFO] Sending to ptd: 'SR,V,Auto'
ptd-server 2022-07-31 02:12:34,835 [INFO] Reply from ptd: 'Range V changed'
ptd-server 2022-07-31 02:12:34,835 [INFO] Sending to ptd: 'SR,A,Auto'
ptd-server 2022-07-31 02:12:35,337 [INFO] Reply from ptd: 'Range A changed'
ptd-server 2022-07-31 02:12:45,348 [INFO] Starting ranging mode
ptd-server 2022-07-31 02:12:45,348 [INFO] Sending to ptd: 'Go,1000,0,2022-07-31_02-12-17_ranging'
ptd-server 2022-07-31 02:12:45,348 [INFO] Reply from ptd: 'Starting untimed measurement, maximum 500000 samples at 1000ms with 0 rampup samples'
ptd-server 2022-07-31 02:12:45,348 [INFO] Sending reply to client 'OK'
ptd-server 2022-07-31 02:22:59,409 [INFO] Got command from the client 'session,2022-07-31_02-12-17,stop,ranging'
ptd-server 2022-07-31 02:23:09,419 [INFO] Sending to ptd: 'Stop'
ptd-server 2022-07-31 02:23:09,420 [INFO] Reply from ptd: 'Stopping untimed measurement'
ptd-server 2022-07-31 02:23:10,665 [INFO] Sending reply to client 'OK'
ptd-server 2022-07-31 02:23:10,712 [INFO] Got command from the client 'time'
ptd-server 2022-07-31 02:23:10,712 [INFO] Sending reply to client '1659230590.712142'
ptd-server 2022-07-31 02:23:10,713 [INFO] Got command from the client 'session,2022-07-31_02-12-17,start,testing'
ptd-server 2022-07-31 02:23:10,713 [INFO] Sending to ptd: 'SR,V,251.810000'
ptd-server 2022-07-31 02:23:12,215 [INFO] Reply from ptd: 'Range V changed'
ptd-server 2022-07-31 02:23:12,215 [INFO] Sending to ptd: 'SR,A,0.192740'
ptd-server 2022-07-31 02:23:13,716 [INFO] Reply from ptd: 'Range A changed'
ptd-server 2022-07-31 02:23:23,726 [INFO] Starting testing mode
ptd-server 2022-07-31 02:23:23,727 [INFO] Sending to ptd: 'Go,1000,0,2022-07-31_02-12-17_testing'
ptd-server 2022-07-31 02:23:23,727 [INFO] Reply from ptd: 'Starting untimed measurement, maximum 500000 samples at 1000ms with 0 rampup samples'
ptd-server 2022-07-31 02:23:23,727 [INFO] Sending reply to client 'OK'
ptd-server 2022-07-31 02:33:35,535 [INFO] Got command from the client 'session,2022-07-31_02-12-17,stop,testing'
ptd-server 2022-07-31 02:33:45,543 [INFO] Sending to ptd: 'Stop'
ptd-server 2022-07-31 02:33:45,544 [INFO] Reply from ptd: 'Stopping untimed measurement'
ptd-server 2022-07-31 02:33:46,186 [INFO] Sending reply to client 'OK'
ptd-server 2022-07-31 02:33:46,201 [INFO] Got command from the client 'session,2022-07-31_02-12-17,done'
ptd-server 2022-07-31 02:33:46,201 [INFO] Sending to ptd: 'Stop'
ptd-server 2022-07-31 02:33:46,201 [INFO] Reply from ptd: 'Error: no measurement to stop'
ptd-server 2022-07-31 02:33:46,201 [INFO] Sending to ptd: 'SR,V,Auto'
ptd-server 2022-07-31 02:33:46,704 [INFO] Reply from ptd: 'Range V changed'
ptd-server 2022-07-31 02:33:46,704 [INFO] Sending to ptd: 'SR,A,0.500000'
ptd-server 2022-07-31 02:33:48,205 [INFO] Reply from ptd: 'Range A changed'
ptd-server 2022-07-31 02:33:48,205 [INFO] Set initial values for Amps 0.500000 and Volts Auto
ptd-server 2022-07-31 02:33:48,206 [INFO] Stopping ptd...
