ptd-server 2022-07-31 14:07:48,381 [INFO] Got command from the client 'time'
ptd-server 2022-07-31 14:07:48,382 [INFO] Sending reply to client '1659272868.382119'
ptd-server 2022-07-31 14:07:48,382 [INFO] Got command from the client 'new,,82f5854c-cf20-44d4-b12a-1e40b89c9008'
ptd-server 2022-07-31 14:07:48,383 [INFO] Sending reply to client 'OK 2022-07-31_14-07-48,1030c921-c74e-4a95-b3ba-0ea2c0bae35d'
ptd-server 2022-07-31 14:07:48,422 [INFO] Got command from the client 'time'
ptd-server 2022-07-31 14:07:48,423 [INFO] Sending reply to client '1659272868.422979'
ptd-server 2022-07-31 14:07:48,423 [INFO] Got command from the client 'session,2022-07-31_14-07-48,start,ranging'
ptd-server 2022-07-31 14:07:48,424 [INFO] Running PTDaemon: ['/home/anton/projects/mlperf/power/inference_v1.0/ptd-linux-x86', '-l', '/tmp/tmp7lgbo8s4/ptd_logfile.txt', '-p', '8888', '49', '/dev/usbtmc0']
ptd-server 2022-07-31 14:08:05,597 [INFO] Sending to ptd: 'Hello'
ptd-server 2022-07-31 14:08:05,598 [INFO] Reply from ptd: 'Hello, PTDaemon here!'
ptd-server 2022-07-31 14:08:05,598 [INFO] Sending to ptd: 'Identify'
ptd-server 2022-07-31 14:08:05,598 [INFO] Reply from ptd: 'YokogawaWT310E,1000,1,1,1,1,0,1,1,version=1.9.2-e8c7a49a-20201208,OS=Linux 5.13.0-52-generic #59~20.04.1-Ubuntu SMP Thu Jun 16 21:21:28 UTC 2022 x86_64,mode=power,1,1,1,0,0,no_cal_date,YOKOGAWA;WT310E;C3XA04010E;F1.04'
ptd-server 2022-07-31 14:08:05,598 [INFO] Connected to PTDaemon
ptd-server 2022-07-31 14:08:05,598 [INFO] Sending to ptd: 'RR'
ptd-server 2022-07-31 14:08:05,599 [INFO] Reply from ptd: 'Ranges,0,0.500000,1,300.000000'
ptd-server 2022-07-31 14:08:05,599 [INFO] Initial range for Amps is 0.500000 for Volts is Auto
ptd-server 2022-07-31 14:08:05,599 [INFO] Sending to ptd: 'SR,V,Auto'
ptd-server 2022-07-31 14:08:06,102 [INFO] Reply from ptd: 'Range V changed'
ptd-server 2022-07-31 14:08:06,102 [INFO] Sending to ptd: 'SR,A,Auto'
ptd-server 2022-07-31 14:08:06,604 [INFO] Reply from ptd: 'Range A changed'
ptd-server 2022-07-31 14:08:16,614 [INFO] Starting ranging mode
ptd-server 2022-07-31 14:08:16,615 [INFO] Sending to ptd: 'Go,1000,0,2022-07-31_14-07-48_ranging'
ptd-server 2022-07-31 14:08:16,615 [INFO] Reply from ptd: 'Starting untimed measurement, maximum 500000 samples at 1000ms with 0 rampup samples'
ptd-server 2022-07-31 14:08:16,615 [INFO] Sending reply to client 'OK'
ptd-server 2022-07-31 14:18:45,124 [INFO] Got command from the client 'session,2022-07-31_14-07-48,stop,ranging'
ptd-server 2022-07-31 14:18:55,135 [INFO] Sending to ptd: 'Stop'
ptd-server 2022-07-31 14:18:55,135 [INFO] Reply from ptd: 'Stopping untimed measurement'
ptd-server 2022-07-31 14:18:56,422 [INFO] Sending reply to client 'OK'
ptd-server 2022-07-31 14:18:56,479 [INFO] Got command from the client 'time'
ptd-server 2022-07-31 14:18:56,479 [INFO] Sending reply to client '1659273536.4797146'
ptd-server 2022-07-31 14:18:56,481 [INFO] Got command from the client 'session,2022-07-31_14-07-48,start,testing'
ptd-server 2022-07-31 14:18:56,481 [INFO] Sending to ptd: 'SR,V,250.350000'
ptd-server 2022-07-31 14:18:57,982 [INFO] Reply from ptd: 'Range V changed'
ptd-server 2022-07-31 14:18:57,982 [INFO] Sending to ptd: 'SR,A,0.266860'
ptd-server 2022-07-31 14:18:59,484 [INFO] Reply from ptd: 'Range A changed'
ptd-server 2022-07-31 14:19:09,494 [INFO] Starting testing mode
ptd-server 2022-07-31 14:19:09,494 [INFO] Sending to ptd: 'Go,1000,0,2022-07-31_14-07-48_testing'
ptd-server 2022-07-31 14:19:09,495 [INFO] Reply from ptd: 'Starting untimed measurement, maximum 500000 samples at 1000ms with 0 rampup samples'
ptd-server 2022-07-31 14:19:09,495 [INFO] Sending reply to client 'OK'
ptd-server 2022-07-31 14:29:23,477 [INFO] Got command from the client 'session,2022-07-31_14-07-48,stop,testing'
ptd-server 2022-07-31 14:29:33,487 [INFO] Sending to ptd: 'Stop'
ptd-server 2022-07-31 14:29:33,488 [INFO] Reply from ptd: 'Stopping untimed measurement'
ptd-server 2022-07-31 14:29:34,140 [INFO] Sending reply to client 'OK'
ptd-server 2022-07-31 14:29:34,154 [INFO] Got command from the client 'session,2022-07-31_14-07-48,done'
ptd-server 2022-07-31 14:29:34,154 [INFO] Sending to ptd: 'Stop'
ptd-server 2022-07-31 14:29:34,155 [INFO] Reply from ptd: 'Error: no measurement to stop'
ptd-server 2022-07-31 14:29:34,155 [INFO] Sending to ptd: 'SR,V,Auto'
ptd-server 2022-07-31 14:29:34,657 [INFO] Reply from ptd: 'Range V changed'
ptd-server 2022-07-31 14:29:34,657 [INFO] Sending to ptd: 'SR,A,0.500000'
ptd-server 2022-07-31 14:29:36,159 [INFO] Reply from ptd: 'Range A changed'
ptd-server 2022-07-31 14:29:36,159 [INFO] Set initial values for Amps 0.500000 and Volts Auto
ptd-server 2022-07-31 14:29:36,159 [INFO] Stopping ptd...
