ptd-server 2022-07-27 03:00:56,818 [INFO] Got command from the client 'time'
ptd-server 2022-07-27 03:00:56,818 [INFO] Sending reply to client '1658887256.8184607'
ptd-server 2022-07-27 03:00:56,822 [INFO] Got command from the client 'new,,72e4061c-52a9-43b2-b2cc-c7edd7e0ff33'
ptd-server 2022-07-27 03:00:56,822 [INFO] Sending reply to client 'OK 2022-07-27_03-00-56,a9b9efcd-f7a2-4741-9f62-94bbeb756d80'
ptd-server 2022-07-27 03:00:56,919 [INFO] Got command from the client 'time'
ptd-server 2022-07-27 03:00:56,920 [INFO] Sending reply to client '1658887256.9201066'
ptd-server 2022-07-27 03:00:56,925 [INFO] Got command from the client 'session,2022-07-27_03-00-56,start,ranging'
ptd-server 2022-07-27 03:00:56,925 [INFO] Running PTDaemon: ['/home/anton/projects/mlperf/power/inference_v1.0/ptd-linux-x86', '-l', '/tmp/tmp7lgbo8s4/ptd_logfile.txt', '-p', '8888', '49', '/dev/usbtmc0']
ptd-server 2022-07-27 03:01:14,099 [INFO] Sending to ptd: 'Hello'
ptd-server 2022-07-27 03:01:14,100 [INFO] Reply from ptd: 'Hello, PTDaemon here!'
ptd-server 2022-07-27 03:01:14,100 [INFO] Sending to ptd: 'Identify'
ptd-server 2022-07-27 03:01:14,100 [INFO] Reply from ptd: 'YokogawaWT310E,1000,1,1,1,1,0,1,1,version=1.9.2-e8c7a49a-20201208,OS=Linux 5.13.0-52-generic #59~20.04.1-Ubuntu SMP Thu Jun 16 21:21:28 UTC 2022 x86_64,mode=power,1,1,1,0,0,no_cal_date,YOKOGAWA;WT310E;C3XA04010E;F1.04'
ptd-server 2022-07-27 03:01:14,100 [INFO] Connected to PTDaemon
ptd-server 2022-07-27 03:01:14,101 [INFO] Sending to ptd: 'RR'
ptd-server 2022-07-27 03:01:14,101 [INFO] Reply from ptd: 'Ranges,0,0.500000,1,300.000000'
ptd-server 2022-07-27 03:01:14,101 [INFO] Initial range for Amps is 0.500000 for Volts is Auto
ptd-server 2022-07-27 03:01:14,101 [INFO] Sending to ptd: 'SR,V,Auto'
ptd-server 2022-07-27 03:01:14,604 [INFO] Reply from ptd: 'Range V changed'
ptd-server 2022-07-27 03:01:14,604 [INFO] Sending to ptd: 'SR,A,Auto'
ptd-server 2022-07-27 03:01:15,106 [INFO] Reply from ptd: 'Range A changed'
ptd-server 2022-07-27 03:01:25,117 [INFO] Starting ranging mode
ptd-server 2022-07-27 03:01:25,117 [INFO] Sending to ptd: 'Go,1000,0,2022-07-27_03-00-56_ranging'
ptd-server 2022-07-27 03:01:25,117 [INFO] Reply from ptd: 'Starting untimed measurement, maximum 500000 samples at 1000ms with 0 rampup samples'
ptd-server 2022-07-27 03:01:25,117 [INFO] Sending reply to client 'OK'
ptd-server 2022-07-27 03:11:40,650 [INFO] Got command from the client 'session,2022-07-27_03-00-56,stop,ranging'
ptd-server 2022-07-27 03:11:50,660 [INFO] Sending to ptd: 'Stop'
ptd-server 2022-07-27 03:11:50,661 [INFO] Reply from ptd: 'Stopping untimed measurement'
ptd-server 2022-07-27 03:11:51,574 [INFO] Sending reply to client 'OK'
ptd-server 2022-07-27 03:11:51,782 [INFO] Got command from the client 'time'
ptd-server 2022-07-27 03:11:51,782 [INFO] Sending reply to client '1658887911.7821822'
ptd-server 2022-07-27 03:11:51,786 [INFO] Got command from the client 'session,2022-07-27_03-00-56,start,testing'
ptd-server 2022-07-27 03:11:51,787 [INFO] Sending to ptd: 'SR,V,251.470000'
ptd-server 2022-07-27 03:11:53,288 [INFO] Reply from ptd: 'Range V changed'
ptd-server 2022-07-27 03:11:53,288 [INFO] Sending to ptd: 'SR,A,0.052960'
ptd-server 2022-07-27 03:11:54,790 [INFO] Reply from ptd: 'Range A changed'
ptd-server 2022-07-27 03:12:04,800 [INFO] Starting testing mode
ptd-server 2022-07-27 03:12:04,800 [INFO] Sending to ptd: 'Go,1000,0,2022-07-27_03-00-56_testing'
ptd-server 2022-07-27 03:12:04,800 [INFO] Reply from ptd: 'Starting untimed measurement, maximum 500000 samples at 1000ms with 0 rampup samples'
ptd-server 2022-07-27 03:12:04,801 [INFO] Sending reply to client 'OK'
ptd-server 2022-07-27 03:22:20,330 [INFO] Got command from the client 'session,2022-07-27_03-00-56,stop,testing'
ptd-server 2022-07-27 03:22:30,341 [INFO] Sending to ptd: 'Stop'
ptd-server 2022-07-27 03:22:30,341 [INFO] Reply from ptd: 'Stopping untimed measurement'
ptd-server 2022-07-27 03:22:30,814 [INFO] Sending reply to client 'OK'
ptd-server 2022-07-27 03:22:30,890 [INFO] Got command from the client 'session,2022-07-27_03-00-56,done'
ptd-server 2022-07-27 03:22:30,890 [INFO] Sending to ptd: 'Stop'
ptd-server 2022-07-27 03:22:30,890 [INFO] Reply from ptd: 'Error: no measurement to stop'
ptd-server 2022-07-27 03:22:30,890 [INFO] Sending to ptd: 'SR,V,Auto'
ptd-server 2022-07-27 03:22:31,393 [INFO] Reply from ptd: 'Range V changed'
ptd-server 2022-07-27 03:22:31,393 [INFO] Sending to ptd: 'SR,A,0.500000'
ptd-server 2022-07-27 03:22:32,894 [INFO] Reply from ptd: 'Range A changed'
ptd-server 2022-07-27 03:22:32,895 [INFO] Set initial values for Amps 0.500000 and Volts Auto
ptd-server 2022-07-27 03:22:32,895 [INFO] Stopping ptd...
