ptd-server 2022-07-26 17:32:37,202 [INFO] Got command from the client 'time'
ptd-server 2022-07-26 17:32:37,202 [INFO] Sending reply to client '1658853157.2023287'
ptd-server 2022-07-26 17:32:37,205 [INFO] Got command from the client 'new,,31da85b3-7dab-4005-81d1-f61f211c1e6e'
ptd-server 2022-07-26 17:32:37,205 [INFO] Sending reply to client 'OK 2022-07-26_17-32-37,5d097307-070e-4e05-b97e-84f00eb30120'
ptd-server 2022-07-26 17:32:37,243 [INFO] Got command from the client 'time'
ptd-server 2022-07-26 17:32:37,243 [INFO] Sending reply to client '1658853157.243525'
ptd-server 2022-07-26 17:32:37,246 [INFO] Got command from the client 'session,2022-07-26_17-32-37,start,ranging'
ptd-server 2022-07-26 17:32:37,247 [INFO] Running PTDaemon: ['/home/anton/projects/mlperf/power/inference_v1.0/ptd-linux-x86', '-l', '/tmp/tmp7lgbo8s4/ptd_logfile.txt', '-p', '8888', '49', '/dev/usbtmc0']
ptd-server 2022-07-26 17:32:54,421 [INFO] Sending to ptd: 'Hello'
ptd-server 2022-07-26 17:32:54,422 [INFO] Reply from ptd: 'Hello, PTDaemon here!'
ptd-server 2022-07-26 17:32:54,422 [INFO] Sending to ptd: 'Identify'
ptd-server 2022-07-26 17:32:54,423 [INFO] Reply from ptd: 'YokogawaWT310E,1000,1,1,1,1,0,1,1,version=1.9.2-e8c7a49a-20201208,OS=Linux 5.13.0-52-generic #59~20.04.1-Ubuntu SMP Thu Jun 16 21:21:28 UTC 2022 x86_64,mode=power,1,1,1,0,0,no_cal_date,YOKOGAWA;WT310E;C3XA04010E;F1.04'
ptd-server 2022-07-26 17:32:54,423 [INFO] Connected to PTDaemon
ptd-server 2022-07-26 17:32:54,423 [INFO] Sending to ptd: 'RR'
ptd-server 2022-07-26 17:32:54,423 [INFO] Reply from ptd: 'Ranges,0,0.500000,1,300.000000'
ptd-server 2022-07-26 17:32:54,423 [INFO] Initial range for Amps is 0.500000 for Volts is Auto
ptd-server 2022-07-26 17:32:54,424 [INFO] Sending to ptd: 'SR,V,Auto'
ptd-server 2022-07-26 17:32:54,926 [INFO] Reply from ptd: 'Range V changed'
ptd-server 2022-07-26 17:32:54,926 [INFO] Sending to ptd: 'SR,A,Auto'
ptd-server 2022-07-26 17:32:55,429 [INFO] Reply from ptd: 'Range A changed'
ptd-server 2022-07-26 17:33:05,439 [INFO] Starting ranging mode
ptd-server 2022-07-26 17:33:05,439 [INFO] Sending to ptd: 'Go,1000,0,2022-07-26_17-32-37_ranging'
ptd-server 2022-07-26 17:33:05,440 [INFO] Reply from ptd: 'Starting untimed measurement, maximum 500000 samples at 1000ms with 0 rampup samples'
ptd-server 2022-07-26 17:33:05,440 [INFO] Sending reply to client 'OK'
ptd-server 2022-07-26 17:43:20,395 [INFO] Got command from the client 'session,2022-07-26_17-32-37,stop,ranging'
ptd-server 2022-07-26 17:43:30,406 [INFO] Sending to ptd: 'Stop'
ptd-server 2022-07-26 17:43:30,406 [INFO] Reply from ptd: 'Stopping untimed measurement'
ptd-server 2022-07-26 17:43:31,254 [INFO] Sending reply to client 'OK'
ptd-server 2022-07-26 17:43:31,338 [INFO] Got command from the client 'time'
ptd-server 2022-07-26 17:43:31,338 [INFO] Sending reply to client '1658853811.3384776'
ptd-server 2022-07-26 17:43:31,342 [INFO] Got command from the client 'session,2022-07-26_17-32-37,start,testing'
ptd-server 2022-07-26 17:43:31,342 [INFO] Sending to ptd: 'SR,V,252.010000'
ptd-server 2022-07-26 17:43:32,843 [INFO] Reply from ptd: 'Range V changed'
ptd-server 2022-07-26 17:43:32,843 [INFO] Sending to ptd: 'SR,A,0.061360'
ptd-server 2022-07-26 17:43:34,345 [INFO] Reply from ptd: 'Range A changed'
ptd-server 2022-07-26 17:43:44,355 [INFO] Starting testing mode
ptd-server 2022-07-26 17:43:44,355 [INFO] Sending to ptd: 'Go,1000,0,2022-07-26_17-32-37_testing'
ptd-server 2022-07-26 17:43:44,356 [INFO] Reply from ptd: 'Starting untimed measurement, maximum 500000 samples at 1000ms with 0 rampup samples'
ptd-server 2022-07-26 17:43:44,356 [INFO] Sending reply to client 'OK'
ptd-server 2022-07-26 17:53:58,940 [INFO] Got command from the client 'session,2022-07-26_17-32-37,stop,testing'
ptd-server 2022-07-26 17:54:08,951 [INFO] Sending to ptd: 'Stop'
ptd-server 2022-07-26 17:54:08,951 [INFO] Reply from ptd: 'Stopping untimed measurement'
ptd-server 2022-07-26 17:54:09,387 [INFO] Sending reply to client 'OK'
ptd-server 2022-07-26 17:54:09,407 [INFO] Got command from the client 'session,2022-07-26_17-32-37,done'
ptd-server 2022-07-26 17:54:09,407 [INFO] Sending to ptd: 'Stop'
ptd-server 2022-07-26 17:54:09,408 [INFO] Reply from ptd: 'Error: no measurement to stop'
ptd-server 2022-07-26 17:54:09,408 [INFO] Sending to ptd: 'SR,V,Auto'
ptd-server 2022-07-26 17:54:09,910 [INFO] Reply from ptd: 'Range V changed'
ptd-server 2022-07-26 17:54:09,910 [INFO] Sending to ptd: 'SR,A,0.500000'
ptd-server 2022-07-26 17:54:11,412 [INFO] Reply from ptd: 'Range A changed'
ptd-server 2022-07-26 17:54:11,412 [INFO] Set initial values for Amps 0.500000 and Volts Auto
ptd-server 2022-07-26 17:54:11,412 [INFO] Stopping ptd...
