ptd-server 2022-07-27 00:53:53,338 [INFO] Got command from the client 'time'
ptd-server 2022-07-27 00:53:53,339 [INFO] Sending reply to client '1658901233.33904'
ptd-server 2022-07-27 00:53:53,339 [INFO] Got command from the client 'new,,bc5420f9-9029-4250-a936-5a0a16037232'
ptd-server 2022-07-27 00:53:53,340 [INFO] Sending reply to client 'OK 2022-07-27_00-53-53,dc1410c3-9889-405a-ac68-40dfc9dc9f89'
ptd-server 2022-07-27 00:53:53,440 [INFO] Got command from the client 'time'
ptd-server 2022-07-27 00:53:53,441 [INFO] Sending reply to client '1658901233.4410236'
ptd-server 2022-07-27 00:53:53,442 [INFO] Got command from the client 'session,2022-07-27_00-53-53,start,ranging'
ptd-server 2022-07-27 00:53:53,443 [INFO] Running PTDaemon: ['/local/mnt/workspace/mlcommons/power-main/inference_v1.0/ptd-linux-x86', '-l', '/tmp/tmp8hy9s8eg/ptd_logfile.txt', '-p', '8886', '49', '/dev/usbtmc0']
ptd-server 2022-07-27 00:54:10,569 [INFO] Sending to ptd: 'Hello'
ptd-server 2022-07-27 00:54:10,569 [INFO] Reply from ptd: 'Hello, PTDaemon here!'
ptd-server 2022-07-27 00:54:10,570 [INFO] Sending to ptd: 'Identify'
ptd-server 2022-07-27 00:54:10,570 [INFO] Reply from ptd: 'YokogawaWT310E,1000,1,1,1,1,0,1,1,version=1.9.2-e8c7a49a-20201208,OS=Linux 5.4.0-105-generic #119~18.04.1-Ubuntu SMP Tue Mar 8 11:21:24 UTC 2022 x86_64,mode=power,1,1,1,0,0,no_cal_date,YOKOGAWA;WT310E;C2XF16030V;F1.04'
ptd-server 2022-07-27 00:54:10,570 [INFO] Connected to PTDaemon
ptd-server 2022-07-27 00:54:10,571 [INFO] Sending to ptd: 'RR'
ptd-server 2022-07-27 00:54:10,571 [INFO] Reply from ptd: 'Ranges,1,2.000000,1,150.000000'
ptd-server 2022-07-27 00:54:10,571 [INFO] Initial range for Amps is Auto for Volts is Auto
ptd-server 2022-07-27 00:54:10,571 [INFO] Sending to ptd: 'SR,V,Auto'
ptd-server 2022-07-27 00:54:11,074 [INFO] Reply from ptd: 'Range V changed'
ptd-server 2022-07-27 00:54:11,075 [INFO] Sending to ptd: 'SR,A,Auto'
ptd-server 2022-07-27 00:54:11,578 [INFO] Reply from ptd: 'Range A changed'
ptd-server 2022-07-27 00:54:21,585 [INFO] Starting ranging mode
ptd-server 2022-07-27 00:54:21,586 [INFO] Sending to ptd: 'Go,1000,0,2022-07-27_00-53-53_ranging'
ptd-server 2022-07-27 00:54:21,586 [INFO] Reply from ptd: 'Starting untimed measurement, maximum 500000 samples at 1000ms with 0 rampup samples'
ptd-server 2022-07-27 00:54:21,587 [INFO] Sending reply to client 'OK'
ptd-server 2022-07-27 01:05:52,387 [INFO] Got command from the client 'session,2022-07-27_00-53-53,stop,ranging'
ptd-server 2022-07-27 01:06:02,389 [INFO] Sending to ptd: 'Stop'
ptd-server 2022-07-27 01:06:02,390 [INFO] Reply from ptd: 'Stopping untimed measurement'
ptd-server 2022-07-27 01:06:02,405 [INFO] Sending reply to client 'OK'
ptd-server 2022-07-27 01:06:02,491 [INFO] Got command from the client 'time'
ptd-server 2022-07-27 01:06:02,491 [INFO] Sending reply to client '1658901962.4917939'
ptd-server 2022-07-27 01:06:02,492 [INFO] Got command from the client 'session,2022-07-27_00-53-53,start,testing'
ptd-server 2022-07-27 01:06:02,492 [INFO] Sending to ptd: 'SR,V,122.240000'
ptd-server 2022-07-27 01:06:04,088 [INFO] Reply from ptd: 'Range V changed'
ptd-server 2022-07-27 01:06:04,088 [INFO] Sending to ptd: 'SR,A,2.364700'
ptd-server 2022-07-27 01:06:05,590 [INFO] Reply from ptd: 'Range A changed'
ptd-server 2022-07-27 01:06:15,601 [INFO] Starting testing mode
ptd-server 2022-07-27 01:06:15,601 [INFO] Sending to ptd: 'Go,1000,0,2022-07-27_00-53-53_testing'
ptd-server 2022-07-27 01:06:15,602 [INFO] Reply from ptd: 'Starting untimed measurement, maximum 500000 samples at 1000ms with 0 rampup samples'
ptd-server 2022-07-27 01:06:15,602 [INFO] Sending reply to client 'OK'
ptd-server 2022-07-27 01:17:46,042 [INFO] Got command from the client 'session,2022-07-27_00-53-53,stop,testing'
ptd-server 2022-07-27 01:17:56,053 [INFO] Sending to ptd: 'Stop'
ptd-server 2022-07-27 01:17:56,054 [INFO] Reply from ptd: 'Stopping untimed measurement'
ptd-server 2022-07-27 01:17:56,060 [INFO] Sending reply to client 'OK'
ptd-server 2022-07-27 01:17:56,066 [INFO] Got command from the client 'session,2022-07-27_00-53-53,done'
ptd-server 2022-07-27 01:17:56,066 [INFO] Sending to ptd: 'Stop'
ptd-server 2022-07-27 01:17:56,602 [INFO] Reply from ptd: 'Error: no measurement to stop'
ptd-server 2022-07-27 01:17:56,603 [INFO] Sending to ptd: 'SR,V,Auto'
ptd-server 2022-07-27 01:17:57,106 [INFO] Reply from ptd: 'Range V changed'
ptd-server 2022-07-27 01:17:57,106 [INFO] Sending to ptd: 'SR,A,Auto'
ptd-server 2022-07-27 01:17:57,609 [INFO] Reply from ptd: 'Range A changed'
ptd-server 2022-07-27 01:17:57,610 [INFO] Set initial values for Amps Auto and Volts Auto
ptd-server 2022-07-27 01:17:57,610 [INFO] Stopping ptd...
