ptd-server 2022-08-04 13:58:17,615 [INFO] Got command from the client 'time'
ptd-server 2022-08-04 13:58:17,615 [INFO] Sending reply to client '1659639497.6158657'
ptd-server 2022-08-04 13:58:17,617 [INFO] Got command from the client 'new,,ab898026-2098-4b12-bc02-76e2b52d09ea'
ptd-server 2022-08-04 13:58:17,618 [INFO] Sending reply to client 'OK 2022-08-04_13-58-17,4ff5bdb6-d0be-41f0-ac32-9e190d0b529e'
ptd-server 2022-08-04 13:58:17,699 [INFO] Got command from the client 'time'
ptd-server 2022-08-04 13:58:17,699 [INFO] Sending reply to client '1659639497.699383'
ptd-server 2022-08-04 13:58:17,700 [INFO] Got command from the client 'session,2022-08-04_13-58-17,start,ranging'
ptd-server 2022-08-04 13:58:17,700 [INFO] Running PTDaemon: ['/local/mnt/workspace/mlcommons/power-main/inference_v1.0/ptd-linux-x86', '-l', '/tmp/tmp8hy9s8eg/ptd_logfile.txt', '-p', '8886', '49', '/dev/usbtmc0']
ptd-server 2022-08-04 13:58:34,774 [INFO] Sending to ptd: 'Hello'
ptd-server 2022-08-04 13:58:34,774 [INFO] Reply from ptd: 'Hello, PTDaemon here!'
ptd-server 2022-08-04 13:58:34,774 [INFO] Sending to ptd: 'Identify'
ptd-server 2022-08-04 13:58:34,774 [INFO] Reply from ptd: 'YokogawaWT310E,1000,1,1,1,1,0,1,1,version=1.9.2-e8c7a49a-20201208,OS=Linux 5.4.0-105-generic #119~18.04.1-Ubuntu SMP Tue Mar 8 11:21:24 UTC 2022 x86_64,mode=power,1,1,1,0,0,no_cal_date,YOKOGAWA;WT310E;C2XF16030V;F1.04'
ptd-server 2022-08-04 13:58:34,774 [INFO] Connected to PTDaemon
ptd-server 2022-08-04 13:58:34,774 [INFO] Sending to ptd: 'RR'
ptd-server 2022-08-04 13:58:34,775 [INFO] Reply from ptd: 'Ranges,1,2.000000,1,150.000000'
ptd-server 2022-08-04 13:58:34,775 [INFO] Initial range for Amps is Auto for Volts is Auto
ptd-server 2022-08-04 13:58:34,775 [INFO] Sending to ptd: 'SR,V,Auto'
ptd-server 2022-08-04 13:58:35,280 [INFO] Reply from ptd: 'Range V changed'
ptd-server 2022-08-04 13:58:35,281 [INFO] Sending to ptd: 'SR,A,Auto'
ptd-server 2022-08-04 13:58:35,783 [INFO] Reply from ptd: 'Range A changed'
ptd-server 2022-08-04 13:58:45,793 [INFO] Starting ranging mode
ptd-server 2022-08-04 13:58:45,794 [INFO] Sending to ptd: 'Go,1000,0,2022-08-04_13-58-17_ranging'
ptd-server 2022-08-04 13:58:45,794 [INFO] Reply from ptd: 'Starting untimed measurement, maximum 500000 samples at 1000ms with 0 rampup samples'
ptd-server 2022-08-04 13:58:45,795 [INFO] Sending reply to client 'OK'
ptd-server 2022-08-04 14:11:28,847 [INFO] Got command from the client 'session,2022-08-04_13-58-17,stop,ranging'
ptd-server 2022-08-04 14:11:38,857 [INFO] Sending to ptd: 'Stop'
ptd-server 2022-08-04 14:11:38,857 [INFO] Reply from ptd: 'Stopping untimed measurement'
ptd-server 2022-08-04 14:11:38,905 [INFO] Sending reply to client 'OK'
ptd-server 2022-08-04 14:11:39,014 [INFO] Got command from the client 'time'
ptd-server 2022-08-04 14:11:39,014 [INFO] Sending reply to client '1659640299.014574'
ptd-server 2022-08-04 14:11:39,015 [INFO] Got command from the client 'session,2022-08-04_13-58-17,start,testing'
ptd-server 2022-08-04 14:11:39,015 [INFO] Sending to ptd: 'SR,V,117.960000'
ptd-server 2022-08-04 14:11:41,295 [INFO] Reply from ptd: 'Range V changed'
ptd-server 2022-08-04 14:11:41,295 [INFO] Sending to ptd: 'SR,A,3.629000'
ptd-server 2022-08-04 14:11:42,796 [INFO] Reply from ptd: 'Range A changed'
ptd-server 2022-08-04 14:11:52,805 [INFO] Starting testing mode
ptd-server 2022-08-04 14:11:52,805 [INFO] Sending to ptd: 'Go,1000,0,2022-08-04_13-58-17_testing'
ptd-server 2022-08-04 14:11:52,805 [INFO] Reply from ptd: 'Starting untimed measurement, maximum 500000 samples at 1000ms with 0 rampup samples'
ptd-server 2022-08-04 14:11:52,806 [INFO] Sending reply to client 'OK'
ptd-server 2022-08-04 14:23:03,562 [INFO] Got command from the client 'session,2022-08-04_13-58-17,stop,testing'
ptd-server 2022-08-04 14:23:13,569 [INFO] Sending to ptd: 'Stop'
ptd-server 2022-08-04 14:23:13,569 [INFO] Reply from ptd: 'Stopping untimed measurement'
ptd-server 2022-08-04 14:23:13,581 [INFO] Sending reply to client 'OK'
ptd-server 2022-08-04 14:23:13,586 [INFO] Got command from the client 'session,2022-08-04_13-58-17,done'
ptd-server 2022-08-04 14:23:13,586 [INFO] Sending to ptd: 'Stop'
ptd-server 2022-08-04 14:23:13,806 [INFO] Reply from ptd: 'Error: no measurement to stop'
ptd-server 2022-08-04 14:23:13,806 [INFO] Sending to ptd: 'SR,V,Auto'
ptd-server 2022-08-04 14:23:14,308 [INFO] Reply from ptd: 'Range V changed'
ptd-server 2022-08-04 14:23:14,309 [INFO] Sending to ptd: 'SR,A,Auto'
ptd-server 2022-08-04 14:23:14,811 [INFO] Reply from ptd: 'Range A changed'
ptd-server 2022-08-04 14:23:14,811 [INFO] Set initial values for Amps Auto and Volts Auto
ptd-server 2022-08-04 14:23:14,811 [INFO] Stopping ptd...
