ptd-server 2022-07-22 00:25:27,081 [INFO] Got command from the client 'time'
ptd-server 2022-07-22 00:25:27,081 [INFO] Sending reply to client '1658445927.0813901'
ptd-server 2022-07-22 00:25:27,082 [INFO] Got command from the client 'new,,9801a8c1-3587-4b5a-9781-868e2ba995bc'
ptd-server 2022-07-22 00:25:27,083 [INFO] Sending reply to client 'OK 2022-07-22_00-25-27,8689d416-94b2-4c46-a968-2b21b9a50e0c'
ptd-server 2022-07-22 00:25:27,117 [INFO] Got command from the client 'time'
ptd-server 2022-07-22 00:25:27,117 [INFO] Sending reply to client '1658445927.1171489'
ptd-server 2022-07-22 00:25:27,118 [INFO] Got command from the client 'session,2022-07-22_00-25-27,start,ranging'
ptd-server 2022-07-22 00:25:27,118 [INFO] Running PTDaemon: ['/home/anton/projects/mlperf/power/inference_v1.0/ptd-linux-x86', '-l', '/tmp/tmp7lgbo8s4/ptd_logfile.txt', '-p', '8888', '49', '/dev/usbtmc0']
ptd-server 2022-07-22 00:25:44,291 [INFO] Sending to ptd: 'Hello'
ptd-server 2022-07-22 00:25:44,292 [INFO] Reply from ptd: 'Hello, PTDaemon here!'
ptd-server 2022-07-22 00:25:44,292 [INFO] Sending to ptd: 'Identify'
ptd-server 2022-07-22 00:25:44,293 [INFO] Reply from ptd: 'YokogawaWT310E,1000,1,1,1,1,0,1,1,version=1.9.2-e8c7a49a-20201208,OS=Linux 5.13.0-52-generic #59~20.04.1-Ubuntu SMP Thu Jun 16 21:21:28 UTC 2022 x86_64,mode=power,1,1,1,0,0,no_cal_date,YOKOGAWA;WT310E;C3XA04010E;F1.04'
ptd-server 2022-07-22 00:25:44,293 [INFO] Connected to PTDaemon
ptd-server 2022-07-22 00:25:44,293 [INFO] Sending to ptd: 'RR'
ptd-server 2022-07-22 00:25:44,294 [INFO] Reply from ptd: 'Ranges,0,0.500000,1,300.000000'
ptd-server 2022-07-22 00:25:44,294 [INFO] Initial range for Amps is 0.500000 for Volts is Auto
ptd-server 2022-07-22 00:25:44,294 [INFO] Sending to ptd: 'SR,V,Auto'
ptd-server 2022-07-22 00:25:44,797 [INFO] Reply from ptd: 'Range V changed'
ptd-server 2022-07-22 00:25:44,797 [INFO] Sending to ptd: 'SR,A,Auto'
ptd-server 2022-07-22 00:25:45,299 [INFO] Reply from ptd: 'Range A changed'
ptd-server 2022-07-22 00:25:55,310 [INFO] Starting ranging mode
ptd-server 2022-07-22 00:25:55,310 [INFO] Sending to ptd: 'Go,1000,0,2022-07-22_00-25-27_ranging'
ptd-server 2022-07-22 00:25:55,310 [INFO] Reply from ptd: 'Starting untimed measurement, maximum 500000 samples at 1000ms with 0 rampup samples'
ptd-server 2022-07-22 00:25:55,310 [INFO] Sending reply to client 'OK'
ptd-server 2022-07-22 00:36:16,370 [INFO] Got command from the client 'session,2022-07-22_00-25-27,stop,ranging'
ptd-server 2022-07-22 00:36:26,381 [INFO] Sending to ptd: 'Stop'
ptd-server 2022-07-22 00:36:26,381 [INFO] Reply from ptd: 'Stopping untimed measurement'
ptd-server 2022-07-22 00:36:26,773 [INFO] Sending reply to client 'OK'
ptd-server 2022-07-22 00:36:26,811 [INFO] Got command from the client 'time'
ptd-server 2022-07-22 00:36:26,811 [INFO] Sending reply to client '1658446586.8114557'
ptd-server 2022-07-22 00:36:26,812 [INFO] Got command from the client 'session,2022-07-22_00-25-27,start,testing'
ptd-server 2022-07-22 00:36:26,812 [INFO] Sending to ptd: 'SR,V,249.360000'
ptd-server 2022-07-22 00:36:28,812 [INFO] Reply from ptd: 'Range V changed'
ptd-server 2022-07-22 00:36:28,812 [INFO] Sending to ptd: 'SR,A,0.065960'
ptd-server 2022-07-22 00:36:30,313 [INFO] Reply from ptd: 'Range A changed'
ptd-server 2022-07-22 00:36:40,323 [INFO] Starting testing mode
ptd-server 2022-07-22 00:36:40,324 [INFO] Sending to ptd: 'Go,1000,0,2022-07-22_00-25-27_testing'
ptd-server 2022-07-22 00:36:40,324 [INFO] Reply from ptd: 'Starting untimed measurement, maximum 500000 samples at 1000ms with 0 rampup samples'
ptd-server 2022-07-22 00:36:40,324 [INFO] Sending reply to client 'OK'
ptd-server 2022-07-22 00:47:01,173 [INFO] Got command from the client 'session,2022-07-22_00-25-27,stop,testing'
ptd-server 2022-07-22 00:47:11,183 [INFO] Sending to ptd: 'Stop'
ptd-server 2022-07-22 00:47:11,184 [INFO] Reply from ptd: 'Stopping untimed measurement'
ptd-server 2022-07-22 00:47:11,400 [INFO] Sending reply to client 'OK'
ptd-server 2022-07-22 00:47:11,407 [INFO] Got command from the client 'session,2022-07-22_00-25-27,done'
ptd-server 2022-07-22 00:47:11,408 [INFO] Sending to ptd: 'Stop'
ptd-server 2022-07-22 00:47:11,408 [INFO] Reply from ptd: 'Error: no measurement to stop'
ptd-server 2022-07-22 00:47:11,408 [INFO] Sending to ptd: 'SR,V,Auto'
ptd-server 2022-07-22 00:47:11,910 [INFO] Reply from ptd: 'Range V changed'
ptd-server 2022-07-22 00:47:11,911 [INFO] Sending to ptd: 'SR,A,0.500000'
ptd-server 2022-07-22 00:47:13,412 [INFO] Reply from ptd: 'Range A changed'
ptd-server 2022-07-22 00:47:13,412 [INFO] Set initial values for Amps 0.500000 and Volts Auto
ptd-server 2022-07-22 00:47:13,412 [INFO] Stopping ptd...
