ptd-server 2022-08-01 04:17:21,463 [INFO] Got command from the client 'time'
ptd-server 2022-08-01 04:17:21,463 [INFO] Sending reply to client '1659323841.4631507'
ptd-server 2022-08-01 04:17:21,464 [INFO] Got command from the client 'new,,c9821c62-5b4e-46f4-bcce-56a5d1be6f95'
ptd-server 2022-08-01 04:17:21,464 [INFO] Sending reply to client 'OK 2022-08-01_04-17-21,c836a05e-8d5b-4d7e-82bd-caf50291b23e'
ptd-server 2022-08-01 04:17:21,495 [INFO] Got command from the client 'time'
ptd-server 2022-08-01 04:17:21,495 [INFO] Sending reply to client '1659323841.495501'
ptd-server 2022-08-01 04:17:21,496 [INFO] Got command from the client 'session,2022-08-01_04-17-21,start,ranging'
ptd-server 2022-08-01 04:17:21,496 [INFO] Running PTDaemon: ['/home/anton/projects/mlperf/power/inference_v1.0/ptd-linux-x86', '-l', '/tmp/tmp7lgbo8s4/ptd_logfile.txt', '-p', '8888', '49', '/dev/usbtmc0']
ptd-server 2022-08-01 04:17:38,668 [INFO] Sending to ptd: 'Hello'
ptd-server 2022-08-01 04:17:38,669 [INFO] Reply from ptd: 'Hello, PTDaemon here!'
ptd-server 2022-08-01 04:17:38,669 [INFO] Sending to ptd: 'Identify'
ptd-server 2022-08-01 04:17:38,670 [INFO] Reply from ptd: 'YokogawaWT310E,1000,1,1,1,1,0,1,1,version=1.9.2-e8c7a49a-20201208,OS=Linux 5.13.0-52-generic #59~20.04.1-Ubuntu SMP Thu Jun 16 21:21:28 UTC 2022 x86_64,mode=power,1,1,1,0,0,no_cal_date,YOKOGAWA;WT310E;C3XA04010E;F1.04'
ptd-server 2022-08-01 04:17:38,670 [INFO] Connected to PTDaemon
ptd-server 2022-08-01 04:17:38,670 [INFO] Sending to ptd: 'RR'
ptd-server 2022-08-01 04:17:38,670 [INFO] Reply from ptd: 'Ranges,0,0.500000,1,300.000000'
ptd-server 2022-08-01 04:17:38,670 [INFO] Initial range for Amps is 0.500000 for Volts is Auto
ptd-server 2022-08-01 04:17:38,670 [INFO] Sending to ptd: 'SR,V,Auto'
ptd-server 2022-08-01 04:17:39,173 [INFO] Reply from ptd: 'Range V changed'
ptd-server 2022-08-01 04:17:39,173 [INFO] Sending to ptd: 'SR,A,Auto'
ptd-server 2022-08-01 04:17:39,675 [INFO] Reply from ptd: 'Range A changed'
ptd-server 2022-08-01 04:17:49,686 [INFO] Starting ranging mode
ptd-server 2022-08-01 04:17:49,686 [INFO] Sending to ptd: 'Go,1000,0,2022-08-01_04-17-21_ranging'
ptd-server 2022-08-01 04:17:49,686 [INFO] Reply from ptd: 'Starting untimed measurement, maximum 500000 samples at 1000ms with 0 rampup samples'
ptd-server 2022-08-01 04:17:49,687 [INFO] Sending reply to client 'OK'
ptd-server 2022-08-01 04:28:09,381 [INFO] Got command from the client 'session,2022-08-01_04-17-21,stop,ranging'
ptd-server 2022-08-01 04:28:19,391 [INFO] Sending to ptd: 'Stop'
ptd-server 2022-08-01 04:28:19,392 [INFO] Reply from ptd: 'Stopping untimed measurement'
ptd-server 2022-08-01 04:28:20,740 [INFO] Sending reply to client 'OK'
ptd-server 2022-08-01 04:28:20,792 [INFO] Got command from the client 'time'
ptd-server 2022-08-01 04:28:20,792 [INFO] Sending reply to client '1659324500.7927053'
ptd-server 2022-08-01 04:28:20,794 [INFO] Got command from the client 'session,2022-08-01_04-17-21,start,testing'
ptd-server 2022-08-01 04:28:20,794 [INFO] Sending to ptd: 'SR,V,251.400000'
ptd-server 2022-08-01 04:28:22,295 [INFO] Reply from ptd: 'Range V changed'
ptd-server 2022-08-01 04:28:22,295 [INFO] Sending to ptd: 'SR,A,0.245370'
ptd-server 2022-08-01 04:28:23,797 [INFO] Reply from ptd: 'Range A changed'
ptd-server 2022-08-01 04:28:33,807 [INFO] Starting testing mode
ptd-server 2022-08-01 04:28:33,807 [INFO] Sending to ptd: 'Go,1000,0,2022-08-01_04-17-21_testing'
ptd-server 2022-08-01 04:28:33,808 [INFO] Reply from ptd: 'Starting untimed measurement, maximum 500000 samples at 1000ms with 0 rampup samples'
ptd-server 2022-08-01 04:28:33,808 [INFO] Sending reply to client 'OK'
ptd-server 2022-08-01 04:38:48,319 [INFO] Got command from the client 'session,2022-08-01_04-17-21,stop,testing'
ptd-server 2022-08-01 04:38:58,329 [INFO] Sending to ptd: 'Stop'
ptd-server 2022-08-01 04:38:58,330 [INFO] Reply from ptd: 'Stopping untimed measurement'
ptd-server 2022-08-01 04:38:59,026 [INFO] Sending reply to client 'OK'
ptd-server 2022-08-01 04:38:59,041 [INFO] Got command from the client 'session,2022-08-01_04-17-21,done'
ptd-server 2022-08-01 04:38:59,041 [INFO] Sending to ptd: 'Stop'
ptd-server 2022-08-01 04:38:59,041 [INFO] Reply from ptd: 'Error: no measurement to stop'
ptd-server 2022-08-01 04:38:59,041 [INFO] Sending to ptd: 'SR,V,Auto'
ptd-server 2022-08-01 04:38:59,544 [INFO] Reply from ptd: 'Range V changed'
ptd-server 2022-08-01 04:38:59,544 [INFO] Sending to ptd: 'SR,A,0.500000'
ptd-server 2022-08-01 04:39:01,045 [INFO] Reply from ptd: 'Range A changed'
ptd-server 2022-08-01 04:39:01,045 [INFO] Set initial values for Amps 0.500000 and Volts Auto
ptd-server 2022-08-01 04:39:01,045 [INFO] Stopping ptd...
