ptd-server 2022-08-01 07:54:58,635 [INFO] Got command from the client 'time'
ptd-server 2022-08-01 07:54:58,635 [INFO] Sending reply to client '1659336898.6355739'
ptd-server 2022-08-01 07:54:58,636 [INFO] Got command from the client 'new,,5e6023af-7845-459d-8832-d201c6605943'
ptd-server 2022-08-01 07:54:58,636 [INFO] Sending reply to client 'OK 2022-08-01_07-54-58,85bc8cca-7673-4284-ba75-db3d041e8347'
ptd-server 2022-08-01 07:54:58,665 [INFO] Got command from the client 'time'
ptd-server 2022-08-01 07:54:58,665 [INFO] Sending reply to client '1659336898.6653662'
ptd-server 2022-08-01 07:54:58,666 [INFO] Got command from the client 'session,2022-08-01_07-54-58,start,ranging'
ptd-server 2022-08-01 07:54:58,666 [INFO] Running PTDaemon: ['/home/anton/projects/mlperf/power/inference_v1.0/ptd-linux-x86', '-l', '/tmp/tmp7lgbo8s4/ptd_logfile.txt', '-p', '8888', '49', '/dev/usbtmc0']
ptd-server 2022-08-01 07:55:15,840 [INFO] Sending to ptd: 'Hello'
ptd-server 2022-08-01 07:55:15,841 [INFO] Reply from ptd: 'Hello, PTDaemon here!'
ptd-server 2022-08-01 07:55:15,841 [INFO] Sending to ptd: 'Identify'
ptd-server 2022-08-01 07:55:15,841 [INFO] Reply from ptd: 'YokogawaWT310E,1000,1,1,1,1,0,1,1,version=1.9.2-e8c7a49a-20201208,OS=Linux 5.13.0-52-generic #59~20.04.1-Ubuntu SMP Thu Jun 16 21:21:28 UTC 2022 x86_64,mode=power,1,1,1,0,0,no_cal_date,YOKOGAWA;WT310E;C3XA04010E;F1.04'
ptd-server 2022-08-01 07:55:15,841 [INFO] Connected to PTDaemon
ptd-server 2022-08-01 07:55:15,842 [INFO] Sending to ptd: 'RR'
ptd-server 2022-08-01 07:55:15,842 [INFO] Reply from ptd: 'Ranges,0,0.500000,1,300.000000'
ptd-server 2022-08-01 07:55:15,842 [INFO] Initial range for Amps is 0.500000 for Volts is Auto
ptd-server 2022-08-01 07:55:15,842 [INFO] Sending to ptd: 'SR,V,Auto'
ptd-server 2022-08-01 07:55:16,345 [INFO] Reply from ptd: 'Range V changed'
ptd-server 2022-08-01 07:55:16,345 [INFO] Sending to ptd: 'SR,A,Auto'
ptd-server 2022-08-01 07:55:16,847 [INFO] Reply from ptd: 'Range A changed'
ptd-server 2022-08-01 07:55:26,855 [INFO] Starting ranging mode
ptd-server 2022-08-01 07:55:26,855 [INFO] Sending to ptd: 'Go,1000,0,2022-08-01_07-54-58_ranging'
ptd-server 2022-08-01 07:55:26,856 [INFO] Reply from ptd: 'Starting untimed measurement, maximum 500000 samples at 1000ms with 0 rampup samples'
ptd-server 2022-08-01 07:55:26,856 [INFO] Sending reply to client 'OK'
ptd-server 2022-08-01 08:05:54,827 [INFO] Got command from the client 'session,2022-08-01_07-54-58,stop,ranging'
ptd-server 2022-08-01 08:06:04,837 [INFO] Sending to ptd: 'Stop'
ptd-server 2022-08-01 08:06:04,838 [INFO] Reply from ptd: 'Stopping untimed measurement'
ptd-server 2022-08-01 08:06:06,202 [INFO] Sending reply to client 'OK'
ptd-server 2022-08-01 08:06:06,250 [INFO] Got command from the client 'time'
ptd-server 2022-08-01 08:06:06,251 [INFO] Sending reply to client '1659337566.251082'
ptd-server 2022-08-01 08:06:06,252 [INFO] Got command from the client 'session,2022-08-01_07-54-58,start,testing'
ptd-server 2022-08-01 08:06:06,252 [INFO] Sending to ptd: 'SR,V,250.660000'
ptd-server 2022-08-01 08:06:07,754 [INFO] Reply from ptd: 'Range V changed'
ptd-server 2022-08-01 08:06:07,754 [INFO] Sending to ptd: 'SR,A,0.274560'
ptd-server 2022-08-01 08:06:09,255 [INFO] Reply from ptd: 'Range A changed'
ptd-server 2022-08-01 08:06:19,265 [INFO] Starting testing mode
ptd-server 2022-08-01 08:06:19,266 [INFO] Sending to ptd: 'Go,1000,0,2022-08-01_07-54-58_testing'
ptd-server 2022-08-01 08:06:19,266 [INFO] Reply from ptd: 'Starting untimed measurement, maximum 500000 samples at 1000ms with 0 rampup samples'
ptd-server 2022-08-01 08:06:19,266 [INFO] Sending reply to client 'OK'
ptd-server 2022-08-01 08:16:33,301 [INFO] Got command from the client 'session,2022-08-01_07-54-58,stop,testing'
ptd-server 2022-08-01 08:16:43,303 [INFO] Sending to ptd: 'Stop'
ptd-server 2022-08-01 08:16:43,303 [INFO] Reply from ptd: 'Stopping untimed measurement'
ptd-server 2022-08-01 08:16:43,990 [INFO] Sending reply to client 'OK'
ptd-server 2022-08-01 08:16:44,004 [INFO] Got command from the client 'session,2022-08-01_07-54-58,done'
ptd-server 2022-08-01 08:16:44,004 [INFO] Sending to ptd: 'Stop'
ptd-server 2022-08-01 08:16:44,266 [INFO] Reply from ptd: 'Error: no measurement to stop'
ptd-server 2022-08-01 08:16:44,266 [INFO] Sending to ptd: 'SR,V,Auto'
ptd-server 2022-08-01 08:16:44,769 [INFO] Reply from ptd: 'Range V changed'
ptd-server 2022-08-01 08:16:44,769 [INFO] Sending to ptd: 'SR,A,0.500000'
ptd-server 2022-08-01 08:16:46,270 [INFO] Reply from ptd: 'Range A changed'
ptd-server 2022-08-01 08:16:46,271 [INFO] Set initial values for Amps 0.500000 and Volts Auto
ptd-server 2022-08-01 08:16:46,271 [INFO] Stopping ptd...
