ptd-server 2022-07-21 21:45:23,949 [INFO] Got command from the client 'time'
ptd-server 2022-07-21 21:45:23,949 [INFO] Sending reply to client '1658436323.9497066'
ptd-server 2022-07-21 21:45:23,951 [INFO] Got command from the client 'new,,cd73736a-6f0d-4802-813c-716ad96b0eb9'
ptd-server 2022-07-21 21:45:23,951 [INFO] Sending reply to client 'OK 2022-07-21_21-45-23,e49ba572-6bc3-4613-a528-c918bcec3654'
ptd-server 2022-07-21 21:45:23,989 [INFO] Got command from the client 'time'
ptd-server 2022-07-21 21:45:23,989 [INFO] Sending reply to client '1658436323.989677'
ptd-server 2022-07-21 21:45:23,990 [INFO] Got command from the client 'session,2022-07-21_21-45-23,start,ranging'
ptd-server 2022-07-21 21:45:23,991 [INFO] Running PTDaemon: ['/home/anton/projects/mlperf/power/inference_v1.0/ptd-linux-x86', '-l', '/tmp/tmp7lgbo8s4/ptd_logfile.txt', '-p', '8888', '49', '/dev/usbtmc0']
ptd-server 2022-07-21 21:45:41,165 [INFO] Sending to ptd: 'Hello'
ptd-server 2022-07-21 21:45:41,166 [INFO] Reply from ptd: 'Hello, PTDaemon here!'
ptd-server 2022-07-21 21:45:41,166 [INFO] Sending to ptd: 'Identify'
ptd-server 2022-07-21 21:45:41,166 [INFO] Reply from ptd: 'YokogawaWT310E,1000,1,1,1,1,0,1,1,version=1.9.2-e8c7a49a-20201208,OS=Linux 5.13.0-52-generic #59~20.04.1-Ubuntu SMP Thu Jun 16 21:21:28 UTC 2022 x86_64,mode=power,1,1,1,0,0,no_cal_date,YOKOGAWA;WT310E;C3XA04010E;F1.04'
ptd-server 2022-07-21 21:45:41,167 [INFO] Connected to PTDaemon
ptd-server 2022-07-21 21:45:41,167 [INFO] Sending to ptd: 'RR'
ptd-server 2022-07-21 21:45:41,167 [INFO] Reply from ptd: 'Ranges,0,0.500000,1,300.000000'
ptd-server 2022-07-21 21:45:41,167 [INFO] Initial range for Amps is 0.500000 for Volts is Auto
ptd-server 2022-07-21 21:45:41,167 [INFO] Sending to ptd: 'SR,V,Auto'
ptd-server 2022-07-21 21:45:41,670 [INFO] Reply from ptd: 'Range V changed'
ptd-server 2022-07-21 21:45:41,670 [INFO] Sending to ptd: 'SR,A,Auto'
ptd-server 2022-07-21 21:45:42,172 [INFO] Reply from ptd: 'Range A changed'
ptd-server 2022-07-21 21:45:52,183 [INFO] Starting ranging mode
ptd-server 2022-07-21 21:45:52,183 [INFO] Sending to ptd: 'Go,1000,0,2022-07-21_21-45-23_ranging'
ptd-server 2022-07-21 21:45:52,183 [INFO] Reply from ptd: 'Starting untimed measurement, maximum 500000 samples at 1000ms with 0 rampup samples'
ptd-server 2022-07-21 21:45:52,183 [INFO] Sending reply to client 'OK'
ptd-server 2022-07-21 21:56:13,180 [INFO] Got command from the client 'session,2022-07-21_21-45-23,stop,ranging'
ptd-server 2022-07-21 21:56:23,191 [INFO] Sending to ptd: 'Stop'
ptd-server 2022-07-21 21:56:23,191 [INFO] Reply from ptd: 'Stopping untimed measurement'
ptd-server 2022-07-21 21:56:23,559 [INFO] Sending reply to client 'OK'
ptd-server 2022-07-21 21:56:23,621 [INFO] Got command from the client 'time'
ptd-server 2022-07-21 21:56:23,621 [INFO] Sending reply to client '1658436983.6211824'
ptd-server 2022-07-21 21:56:23,622 [INFO] Got command from the client 'session,2022-07-21_21-45-23,start,testing'
ptd-server 2022-07-21 21:56:23,622 [INFO] Sending to ptd: 'SR,V,249.840000'
ptd-server 2022-07-21 21:56:25,684 [INFO] Reply from ptd: 'Range V changed'
ptd-server 2022-07-21 21:56:25,685 [INFO] Sending to ptd: 'SR,A,0.070900'
ptd-server 2022-07-21 21:56:27,186 [INFO] Reply from ptd: 'Range A changed'
ptd-server 2022-07-21 21:56:37,191 [INFO] Starting testing mode
ptd-server 2022-07-21 21:56:37,191 [INFO] Sending to ptd: 'Go,1000,0,2022-07-21_21-45-23_testing'
ptd-server 2022-07-21 21:56:37,192 [INFO] Reply from ptd: 'Starting untimed measurement, maximum 500000 samples at 1000ms with 0 rampup samples'
ptd-server 2022-07-21 21:56:37,192 [INFO] Sending reply to client 'OK'
ptd-server 2022-07-21 22:06:58,135 [INFO] Got command from the client 'session,2022-07-21_21-45-23,stop,testing'
ptd-server 2022-07-21 22:07:08,145 [INFO] Sending to ptd: 'Stop'
ptd-server 2022-07-21 22:07:08,146 [INFO] Reply from ptd: 'Stopping untimed measurement'
ptd-server 2022-07-21 22:07:08,342 [INFO] Sending reply to client 'OK'
ptd-server 2022-07-21 22:07:08,350 [INFO] Got command from the client 'session,2022-07-21_21-45-23,done'
ptd-server 2022-07-21 22:07:08,350 [INFO] Sending to ptd: 'Stop'
ptd-server 2022-07-21 22:07:08,350 [INFO] Reply from ptd: 'Error: no measurement to stop'
ptd-server 2022-07-21 22:07:08,350 [INFO] Sending to ptd: 'SR,V,Auto'
ptd-server 2022-07-21 22:07:08,853 [INFO] Reply from ptd: 'Range V changed'
ptd-server 2022-07-21 22:07:08,853 [INFO] Sending to ptd: 'SR,A,0.500000'
ptd-server 2022-07-21 22:07:10,354 [INFO] Reply from ptd: 'Range A changed'
ptd-server 2022-07-21 22:07:10,354 [INFO] Set initial values for Amps 0.500000 and Volts Auto
ptd-server 2022-07-21 22:07:10,354 [INFO] Stopping ptd...
