ptd-server 2022-07-31 15:35:11,415 [INFO] Got command from the client 'time'
ptd-server 2022-07-31 15:35:11,415 [INFO] Sending reply to client '1659278111.4156327'
ptd-server 2022-07-31 15:35:11,416 [INFO] Got command from the client 'new,,a76bc1dd-3ff1-4b36-af40-0fe5e0aec48f'
ptd-server 2022-07-31 15:35:11,417 [INFO] Sending reply to client 'OK 2022-07-31_15-35-11,ab19dab4-b4e1-418e-91a2-9b2eee313683'
ptd-server 2022-07-31 15:35:11,455 [INFO] Got command from the client 'time'
ptd-server 2022-07-31 15:35:11,455 [INFO] Sending reply to client '1659278111.4559321'
ptd-server 2022-07-31 15:35:11,456 [INFO] Got command from the client 'session,2022-07-31_15-35-11,start,ranging'
ptd-server 2022-07-31 15:35:11,457 [INFO] Running PTDaemon: ['/home/anton/projects/mlperf/power/inference_v1.0/ptd-linux-x86', '-l', '/tmp/tmp7lgbo8s4/ptd_logfile.txt', '-p', '8888', '49', '/dev/usbtmc0']
ptd-server 2022-07-31 15:35:28,630 [INFO] Sending to ptd: 'Hello'
ptd-server 2022-07-31 15:35:28,631 [INFO] Reply from ptd: 'Hello, PTDaemon here!'
ptd-server 2022-07-31 15:35:28,631 [INFO] Sending to ptd: 'Identify'
ptd-server 2022-07-31 15:35:28,631 [INFO] Reply from ptd: 'YokogawaWT310E,1000,1,1,1,1,0,1,1,version=1.9.2-e8c7a49a-20201208,OS=Linux 5.13.0-52-generic #59~20.04.1-Ubuntu SMP Thu Jun 16 21:21:28 UTC 2022 x86_64,mode=power,1,1,1,0,0,no_cal_date,YOKOGAWA;WT310E;C3XA04010E;F1.04'
ptd-server 2022-07-31 15:35:28,631 [INFO] Connected to PTDaemon
ptd-server 2022-07-31 15:35:28,631 [INFO] Sending to ptd: 'RR'
ptd-server 2022-07-31 15:35:28,632 [INFO] Reply from ptd: 'Ranges,0,0.500000,1,300.000000'
ptd-server 2022-07-31 15:35:28,632 [INFO] Initial range for Amps is 0.500000 for Volts is Auto
ptd-server 2022-07-31 15:35:28,632 [INFO] Sending to ptd: 'SR,V,Auto'
ptd-server 2022-07-31 15:35:29,134 [INFO] Reply from ptd: 'Range V changed'
ptd-server 2022-07-31 15:35:29,135 [INFO] Sending to ptd: 'SR,A,Auto'
ptd-server 2022-07-31 15:35:29,637 [INFO] Reply from ptd: 'Range A changed'
ptd-server 2022-07-31 15:35:39,647 [INFO] Starting ranging mode
ptd-server 2022-07-31 15:35:39,648 [INFO] Sending to ptd: 'Go,1000,0,2022-07-31_15-35-11_ranging'
ptd-server 2022-07-31 15:35:39,648 [INFO] Reply from ptd: 'Starting untimed measurement, maximum 500000 samples at 1000ms with 0 rampup samples'
ptd-server 2022-07-31 15:35:39,648 [INFO] Sending reply to client 'OK'
ptd-server 2022-07-31 15:46:04,398 [INFO] Got command from the client 'session,2022-07-31_15-35-11,stop,ranging'
ptd-server 2022-07-31 15:46:14,408 [INFO] Sending to ptd: 'Stop'
ptd-server 2022-07-31 15:46:14,409 [INFO] Reply from ptd: 'Stopping untimed measurement'
ptd-server 2022-07-31 15:46:15,716 [INFO] Sending reply to client 'OK'
ptd-server 2022-07-31 15:46:15,774 [INFO] Got command from the client 'time'
ptd-server 2022-07-31 15:46:15,774 [INFO] Sending reply to client '1659278775.774225'
ptd-server 2022-07-31 15:46:15,775 [INFO] Got command from the client 'session,2022-07-31_15-35-11,start,testing'
ptd-server 2022-07-31 15:46:15,775 [INFO] Sending to ptd: 'SR,V,251.140000'
ptd-server 2022-07-31 15:46:17,277 [INFO] Reply from ptd: 'Range V changed'
ptd-server 2022-07-31 15:46:17,277 [INFO] Sending to ptd: 'SR,A,0.248850'
ptd-server 2022-07-31 15:46:18,778 [INFO] Reply from ptd: 'Range A changed'
ptd-server 2022-07-31 15:46:28,788 [INFO] Starting testing mode
ptd-server 2022-07-31 15:46:28,789 [INFO] Sending to ptd: 'Go,1000,0,2022-07-31_15-35-11_testing'
ptd-server 2022-07-31 15:46:28,789 [INFO] Reply from ptd: 'Starting untimed measurement, maximum 500000 samples at 1000ms with 0 rampup samples'
ptd-server 2022-07-31 15:46:28,789 [INFO] Sending reply to client 'OK'
ptd-server 2022-07-31 15:56:42,744 [INFO] Got command from the client 'session,2022-07-31_15-35-11,stop,testing'
ptd-server 2022-07-31 15:56:52,752 [INFO] Sending to ptd: 'Stop'
ptd-server 2022-07-31 15:56:52,752 [INFO] Reply from ptd: 'Stopping untimed measurement'
ptd-server 2022-07-31 15:56:53,429 [INFO] Sending reply to client 'OK'
ptd-server 2022-07-31 15:56:53,443 [INFO] Got command from the client 'session,2022-07-31_15-35-11,done'
ptd-server 2022-07-31 15:56:53,443 [INFO] Sending to ptd: 'Stop'
ptd-server 2022-07-31 15:56:53,443 [INFO] Reply from ptd: 'Error: no measurement to stop'
ptd-server 2022-07-31 15:56:53,444 [INFO] Sending to ptd: 'SR,V,Auto'
ptd-server 2022-07-31 15:56:53,946 [INFO] Reply from ptd: 'Range V changed'
ptd-server 2022-07-31 15:56:53,946 [INFO] Sending to ptd: 'SR,A,0.500000'
ptd-server 2022-07-31 15:56:55,448 [INFO] Reply from ptd: 'Range A changed'
ptd-server 2022-07-31 15:56:55,448 [INFO] Set initial values for Amps 0.500000 and Volts Auto
ptd-server 2022-07-31 15:56:55,448 [INFO] Stopping ptd...
