ptd-server 2022-07-24 13:46:21,653 [INFO] Got command from the client 'time'
ptd-server 2022-07-24 13:46:21,653 [INFO] Sending reply to client '1658666781.6538632'
ptd-server 2022-07-24 13:46:21,655 [INFO] Got command from the client 'new,,97903758-9394-4350-90cb-ecb18c232257'
ptd-server 2022-07-24 13:46:21,655 [INFO] Sending reply to client 'OK 2022-07-24_13-46-21,695f7d05-a588-400c-9532-d332945b5215'
ptd-server 2022-07-24 13:46:21,693 [INFO] Got command from the client 'time'
ptd-server 2022-07-24 13:46:21,694 [INFO] Sending reply to client '1658666781.694058'
ptd-server 2022-07-24 13:46:21,695 [INFO] Got command from the client 'session,2022-07-24_13-46-21,start,ranging'
ptd-server 2022-07-24 13:46:21,695 [INFO] Running PTDaemon: ['/home/anton/projects/mlperf/power/inference_v1.0/ptd-linux-x86', '-l', '/tmp/tmp7lgbo8s4/ptd_logfile.txt', '-p', '8888', '49', '/dev/usbtmc0']
ptd-server 2022-07-24 13:46:38,870 [INFO] Sending to ptd: 'Hello'
ptd-server 2022-07-24 13:46:38,870 [INFO] Reply from ptd: 'Hello, PTDaemon here!'
ptd-server 2022-07-24 13:46:38,871 [INFO] Sending to ptd: 'Identify'
ptd-server 2022-07-24 13:46:38,871 [INFO] Reply from ptd: 'YokogawaWT310E,1000,1,1,1,1,0,1,1,version=1.9.2-e8c7a49a-20201208,OS=Linux 5.13.0-52-generic #59~20.04.1-Ubuntu SMP Thu Jun 16 21:21:28 UTC 2022 x86_64,mode=power,1,1,1,0,0,no_cal_date,YOKOGAWA;WT310E;C3XA04010E;F1.04'
ptd-server 2022-07-24 13:46:38,871 [INFO] Connected to PTDaemon
ptd-server 2022-07-24 13:46:38,871 [INFO] Sending to ptd: 'RR'
ptd-server 2022-07-24 13:46:38,872 [INFO] Reply from ptd: 'Ranges,0,0.500000,1,300.000000'
ptd-server 2022-07-24 13:46:38,872 [INFO] Initial range for Amps is 0.500000 for Volts is Auto
ptd-server 2022-07-24 13:46:38,872 [INFO] Sending to ptd: 'SR,V,Auto'
ptd-server 2022-07-24 13:46:39,374 [INFO] Reply from ptd: 'Range V changed'
ptd-server 2022-07-24 13:46:39,375 [INFO] Sending to ptd: 'SR,A,Auto'
ptd-server 2022-07-24 13:46:39,877 [INFO] Reply from ptd: 'Range A changed'
ptd-server 2022-07-24 13:46:49,887 [INFO] Starting ranging mode
ptd-server 2022-07-24 13:46:49,887 [INFO] Sending to ptd: 'Go,1000,0,2022-07-24_13-46-21_ranging'
ptd-server 2022-07-24 13:46:49,888 [INFO] Reply from ptd: 'Starting untimed measurement, maximum 500000 samples at 1000ms with 0 rampup samples'
ptd-server 2022-07-24 13:46:49,888 [INFO] Sending reply to client 'OK'
ptd-server 2022-07-24 13:57:09,078 [INFO] Got command from the client 'session,2022-07-24_13-46-21,stop,ranging'
ptd-server 2022-07-24 13:57:19,088 [INFO] Sending to ptd: 'Stop'
ptd-server 2022-07-24 13:57:19,089 [INFO] Reply from ptd: 'Stopping untimed measurement'
ptd-server 2022-07-24 13:57:19,790 [INFO] Sending reply to client 'OK'
ptd-server 2022-07-24 13:57:19,835 [INFO] Got command from the client 'time'
ptd-server 2022-07-24 13:57:19,836 [INFO] Sending reply to client '1658667439.8360674'
ptd-server 2022-07-24 13:57:19,837 [INFO] Got command from the client 'session,2022-07-24_13-46-21,start,testing'
ptd-server 2022-07-24 13:57:19,837 [INFO] Sending to ptd: 'SR,V,251.390000'
ptd-server 2022-07-24 13:57:21,390 [INFO] Reply from ptd: 'Range V changed'
ptd-server 2022-07-24 13:57:21,390 [INFO] Sending to ptd: 'SR,A,0.053000'
ptd-server 2022-07-24 13:57:22,891 [INFO] Reply from ptd: 'Range A changed'
ptd-server 2022-07-24 13:57:32,902 [INFO] Starting testing mode
ptd-server 2022-07-24 13:57:32,902 [INFO] Sending to ptd: 'Go,1000,0,2022-07-24_13-46-21_testing'
ptd-server 2022-07-24 13:57:32,902 [INFO] Reply from ptd: 'Starting untimed measurement, maximum 500000 samples at 1000ms with 0 rampup samples'
ptd-server 2022-07-24 13:57:32,902 [INFO] Sending reply to client 'OK'
ptd-server 2022-07-24 14:07:52,113 [INFO] Got command from the client 'session,2022-07-24_13-46-21,stop,testing'
ptd-server 2022-07-24 14:08:02,124 [INFO] Sending to ptd: 'Stop'
ptd-server 2022-07-24 14:08:02,124 [INFO] Reply from ptd: 'Stopping untimed measurement'
ptd-server 2022-07-24 14:08:02,489 [INFO] Sending reply to client 'OK'
ptd-server 2022-07-24 14:08:02,497 [INFO] Got command from the client 'session,2022-07-24_13-46-21,done'
ptd-server 2022-07-24 14:08:02,497 [INFO] Sending to ptd: 'Stop'
ptd-server 2022-07-24 14:08:02,902 [INFO] Reply from ptd: 'Error: no measurement to stop'
ptd-server 2022-07-24 14:08:02,902 [INFO] Sending to ptd: 'SR,V,Auto'
ptd-server 2022-07-24 14:08:03,405 [INFO] Reply from ptd: 'Range V changed'
ptd-server 2022-07-24 14:08:03,405 [INFO] Sending to ptd: 'SR,A,0.500000'
ptd-server 2022-07-24 14:08:04,907 [INFO] Reply from ptd: 'Range A changed'
ptd-server 2022-07-24 14:08:04,907 [INFO] Set initial values for Amps 0.500000 and Volts Auto
ptd-server 2022-07-24 14:08:04,907 [INFO] Stopping ptd...
