ptd-server 2022-07-31 10:08:46,262 [INFO] Got command from the client 'time'
ptd-server 2022-07-31 10:08:46,262 [INFO] Sending reply to client '1659258526.2624767'
ptd-server 2022-07-31 10:08:46,263 [INFO] Got command from the client 'new,,8a6fe63d-0654-4f28-bccd-ad1138948dd9'
ptd-server 2022-07-31 10:08:46,263 [INFO] Sending reply to client 'OK 2022-07-31_10-08-46,629a1f65-aa35-4f78-b51c-fe9fc9b14666'
ptd-server 2022-07-31 10:08:46,302 [INFO] Got command from the client 'time'
ptd-server 2022-07-31 10:08:46,302 [INFO] Sending reply to client '1659258526.3024192'
ptd-server 2022-07-31 10:08:46,303 [INFO] Got command from the client 'session,2022-07-31_10-08-46,start,ranging'
ptd-server 2022-07-31 10:08:46,303 [INFO] Running PTDaemon: ['/home/anton/projects/mlperf/power/inference_v1.0/ptd-linux-x86', '-l', '/tmp/tmp7lgbo8s4/ptd_logfile.txt', '-p', '8888', '49', '/dev/usbtmc0']
ptd-server 2022-07-31 10:09:03,477 [INFO] Sending to ptd: 'Hello'
ptd-server 2022-07-31 10:09:03,477 [INFO] Reply from ptd: 'Hello, PTDaemon here!'
ptd-server 2022-07-31 10:09:03,477 [INFO] Sending to ptd: 'Identify'
ptd-server 2022-07-31 10:09:03,478 [INFO] Reply from ptd: 'YokogawaWT310E,1000,1,1,1,1,0,1,1,version=1.9.2-e8c7a49a-20201208,OS=Linux 5.13.0-52-generic #59~20.04.1-Ubuntu SMP Thu Jun 16 21:21:28 UTC 2022 x86_64,mode=power,1,1,1,0,0,no_cal_date,YOKOGAWA;WT310E;C3XA04010E;F1.04'
ptd-server 2022-07-31 10:09:03,478 [INFO] Connected to PTDaemon
ptd-server 2022-07-31 10:09:03,478 [INFO] Sending to ptd: 'RR'
ptd-server 2022-07-31 10:09:03,478 [INFO] Reply from ptd: 'Ranges,0,0.500000,1,300.000000'
ptd-server 2022-07-31 10:09:03,479 [INFO] Initial range for Amps is 0.500000 for Volts is Auto
ptd-server 2022-07-31 10:09:03,479 [INFO] Sending to ptd: 'SR,V,Auto'
ptd-server 2022-07-31 10:09:03,981 [INFO] Reply from ptd: 'Range V changed'
ptd-server 2022-07-31 10:09:03,981 [INFO] Sending to ptd: 'SR,A,Auto'
ptd-server 2022-07-31 10:09:04,484 [INFO] Reply from ptd: 'Range A changed'
ptd-server 2022-07-31 10:09:14,494 [INFO] Starting ranging mode
ptd-server 2022-07-31 10:09:14,494 [INFO] Sending to ptd: 'Go,1000,0,2022-07-31_10-08-46_ranging'
ptd-server 2022-07-31 10:09:14,495 [INFO] Reply from ptd: 'Starting untimed measurement, maximum 500000 samples at 1000ms with 0 rampup samples'
ptd-server 2022-07-31 10:09:14,495 [INFO] Sending reply to client 'OK'
ptd-server 2022-07-31 10:19:43,833 [INFO] Got command from the client 'session,2022-07-31_10-08-46,stop,ranging'
ptd-server 2022-07-31 10:19:53,841 [INFO] Sending to ptd: 'Stop'
ptd-server 2022-07-31 10:19:53,841 [INFO] Reply from ptd: 'Stopping untimed measurement'
ptd-server 2022-07-31 10:19:55,126 [INFO] Sending reply to client 'OK'
ptd-server 2022-07-31 10:19:55,180 [INFO] Got command from the client 'time'
ptd-server 2022-07-31 10:19:55,180 [INFO] Sending reply to client '1659259195.180301'
ptd-server 2022-07-31 10:19:55,181 [INFO] Got command from the client 'session,2022-07-31_10-08-46,start,testing'
ptd-server 2022-07-31 10:19:55,181 [INFO] Sending to ptd: 'SR,V,248.380000'
ptd-server 2022-07-31 10:19:56,683 [INFO] Reply from ptd: 'Range V changed'
ptd-server 2022-07-31 10:19:56,683 [INFO] Sending to ptd: 'SR,A,0.242460'
ptd-server 2022-07-31 10:19:58,184 [INFO] Reply from ptd: 'Range A changed'
ptd-server 2022-07-31 10:20:08,192 [INFO] Starting testing mode
ptd-server 2022-07-31 10:20:08,192 [INFO] Sending to ptd: 'Go,1000,0,2022-07-31_10-08-46_testing'
ptd-server 2022-07-31 10:20:08,192 [INFO] Reply from ptd: 'Starting untimed measurement, maximum 500000 samples at 1000ms with 0 rampup samples'
ptd-server 2022-07-31 10:20:08,193 [INFO] Sending reply to client 'OK'
ptd-server 2022-07-31 10:30:19,652 [INFO] Got command from the client 'session,2022-07-31_10-08-46,stop,testing'
ptd-server 2022-07-31 10:30:29,662 [INFO] Sending to ptd: 'Stop'
ptd-server 2022-07-31 10:30:29,663 [INFO] Reply from ptd: 'Stopping untimed measurement'
ptd-server 2022-07-31 10:30:30,315 [INFO] Sending reply to client 'OK'
ptd-server 2022-07-31 10:30:30,329 [INFO] Got command from the client 'session,2022-07-31_10-08-46,done'
ptd-server 2022-07-31 10:30:30,329 [INFO] Sending to ptd: 'Stop'
ptd-server 2022-07-31 10:30:30,330 [INFO] Reply from ptd: 'Error: no measurement to stop'
ptd-server 2022-07-31 10:30:30,330 [INFO] Sending to ptd: 'SR,V,Auto'
ptd-server 2022-07-31 10:30:30,832 [INFO] Reply from ptd: 'Range V changed'
ptd-server 2022-07-31 10:30:30,832 [INFO] Sending to ptd: 'SR,A,0.500000'
ptd-server 2022-07-31 10:30:32,334 [INFO] Reply from ptd: 'Range A changed'
ptd-server 2022-07-31 10:30:32,334 [INFO] Set initial values for Amps 0.500000 and Volts Auto
ptd-server 2022-07-31 10:30:32,334 [INFO] Stopping ptd...
