ptd-server 2022-07-26 11:02:34,810 [INFO] Got command from the client 'time'
ptd-server 2022-07-26 11:02:34,810 [INFO] Sending reply to client '1658851354.810731'
ptd-server 2022-07-26 11:02:34,811 [INFO] Got command from the client 'new,,25f4eb87-90d4-4927-8feb-bb0ef83ba2f5'
ptd-server 2022-07-26 11:02:34,812 [INFO] Sending reply to client 'OK 2022-07-26_11-02-34,42349a47-d006-4066-93ee-2dfe38d864cc'
ptd-server 2022-07-26 11:02:34,892 [INFO] Got command from the client 'time'
ptd-server 2022-07-26 11:02:34,893 [INFO] Sending reply to client '1658851354.8932016'
ptd-server 2022-07-26 11:02:34,894 [INFO] Got command from the client 'session,2022-07-26_11-02-34,start,ranging'
ptd-server 2022-07-26 11:02:34,894 [INFO] Running PTDaemon: ['/local/mnt/workspace/mlcommons/power-main/inference_v1.0/ptd-linux-x86', '-l', '/tmp/tmptvofqfhs/ptd_logfile.txt', '-p', '8888', '-c', '2', '52', '/dev/usbtmc0']
ptd-server 2022-07-26 11:02:52,018 [INFO] Sending to ptd: 'Hello'
ptd-server 2022-07-26 11:02:52,019 [INFO] Reply from ptd: 'Hello, PTDaemon here!'
ptd-server 2022-07-26 11:02:52,019 [INFO] Sending to ptd: 'Identify'
ptd-server 2022-07-26 11:02:52,020 [INFO] Reply from ptd: 'YokogawaWT330,1000,1,1,1,1,0,0,1,version=1.9.2-e8c7a49a-20201208,OS=Linux 5.4.0-96-generic #109~18.04.1-Ubuntu SMP Thu Jan 13 15:06:26 UTC 2022 x86_64,mode=power,1,1,1,0,0,no_cal_date,YOKOGAWA;WT333;C2SF14011V;F1.01EM'
ptd-server 2022-07-26 11:02:52,020 [INFO] Connected to PTDaemon
ptd-server 2022-07-26 11:02:52,020 [INFO] Sending to ptd: 'RR'
ptd-server 2022-07-26 11:02:52,021 [INFO] Reply from ptd: 'Ranges,0,5.000000,0,150.000000'
ptd-server 2022-07-26 11:02:52,021 [INFO] Initial range for Amps is 5.000000 for Volts is 150.000000
ptd-server 2022-07-26 11:02:52,022 [INFO] Sending to ptd: 'SR,V,Auto'
ptd-server 2022-07-26 11:02:52,525 [INFO] Reply from ptd: 'Range V changed'
ptd-server 2022-07-26 11:02:52,525 [INFO] Sending to ptd: 'SR,A,20'
ptd-server 2022-07-26 11:02:54,027 [INFO] Reply from ptd: 'Range A changed'
ptd-server 2022-07-26 11:03:04,038 [INFO] Starting ranging mode
ptd-server 2022-07-26 11:03:04,038 [INFO] Sending to ptd: 'Go,1000,0,2022-07-26_11-02-34_ranging'
ptd-server 2022-07-26 11:03:04,039 [INFO] Reply from ptd: 'Starting untimed measurement, maximum 500000 samples at 1000ms with 0 rampup samples'
ptd-server 2022-07-26 11:03:04,039 [INFO] Sending reply to client 'OK'
ptd-server 2022-07-26 11:17:10,277 [INFO] Got command from the client 'session,2022-07-26_11-02-34,stop,ranging'
ptd-server 2022-07-26 11:17:20,288 [INFO] Sending to ptd: 'Stop'
ptd-server 2022-07-26 11:17:20,288 [INFO] Reply from ptd: 'Stopping untimed measurement'
ptd-server 2022-07-26 11:17:20,342 [INFO] Sending reply to client 'OK'
ptd-server 2022-07-26 11:17:20,521 [INFO] Got command from the client 'time'
ptd-server 2022-07-26 11:17:20,521 [INFO] Sending reply to client '1658852240.5212936'
ptd-server 2022-07-26 11:17:20,522 [INFO] Got command from the client 'session,2022-07-26_11-02-34,start,testing'
ptd-server 2022-07-26 11:17:20,522 [INFO] Sending to ptd: 'SR,V,121.550000'
ptd-server 2022-07-26 11:17:22,541 [INFO] Reply from ptd: 'Range V changed'
ptd-server 2022-07-26 11:17:22,542 [INFO] Sending to ptd: 'SR,A,4.042000'
ptd-server 2022-07-26 11:17:24,044 [INFO] Reply from ptd: 'Range A changed'
ptd-server 2022-07-26 11:17:34,055 [INFO] Starting testing mode
ptd-server 2022-07-26 11:17:34,055 [INFO] Sending to ptd: 'Go,1000,0,2022-07-26_11-02-34_testing'
ptd-server 2022-07-26 11:17:34,055 [INFO] Reply from ptd: 'Starting untimed measurement, maximum 500000 samples at 1000ms with 0 rampup samples'
ptd-server 2022-07-26 11:17:34,056 [INFO] Sending reply to client 'OK'
ptd-server 2022-07-26 11:31:40,057 [INFO] Got command from the client 'session,2022-07-26_11-02-34,stop,testing'
ptd-server 2022-07-26 11:31:50,068 [INFO] Sending to ptd: 'Stop'
ptd-server 2022-07-26 11:31:50,069 [INFO] Reply from ptd: 'Stopping untimed measurement'
ptd-server 2022-07-26 11:31:50,098 [INFO] Sending reply to client 'OK'
ptd-server 2022-07-26 11:31:50,104 [INFO] Got command from the client 'session,2022-07-26_11-02-34,done'
ptd-server 2022-07-26 11:31:50,104 [INFO] Sending to ptd: 'Stop'
ptd-server 2022-07-26 11:31:51,056 [INFO] Reply from ptd: 'Error: no measurement to stop'
ptd-server 2022-07-26 11:31:51,057 [INFO] Sending to ptd: 'SR,V,150.000000'
ptd-server 2022-07-26 11:31:52,559 [INFO] Reply from ptd: 'Range V changed'
ptd-server 2022-07-26 11:31:52,559 [INFO] Sending to ptd: 'SR,A,5.000000'
ptd-server 2022-07-26 11:31:54,062 [INFO] Reply from ptd: 'Range A changed'
ptd-server 2022-07-26 11:31:54,062 [INFO] Set initial values for Amps 5.000000 and Volts 150.000000
ptd-server 2022-07-26 11:31:54,062 [INFO] Stopping ptd...
