client 2022-08-04 18:52:59,019 [INFO] Sending command to the server: 'mlcommons/power client v3'
client 2022-08-04 18:52:59,020 [INFO] Got response: 'mlcommons/power server v3'
client 2022-08-04 18:52:59,020 [INFO] Sending command to the server: 'stop'
client 2022-08-04 18:52:59,024 [INFO] Got response: 'OK'
client 2022-08-04 18:52:59,024 [INFO] Synchronizing with the server and with 100.64.0.18...
client 2022-08-04 18:52:59,026 [INFO] NTP:offset = 0.005 s, delay = 0.001 s 
client 2022-08-04 18:52:59,026 [INFO] Sending command to the server: 'time'
client 2022-08-04 18:52:59,029 [INFO] Got response: '1659639178.9352756'
client 2022-08-04 18:52:59,029 [INFO] The time difference between the client and the server is within range 91.289 ms..93.907 ms
client 2022-08-04 18:52:59,029 [INFO] Sending command to the server: 'new,,21b622fd-71e2-4886-8e16-c8dae853b99d'
client 2022-08-04 18:52:59,034 [INFO] Got response: 'OK 2022-08-04_18-52-58,4ee63e4c-c919-4f8b-bd67-2bcf11c57889'
client 2022-08-04 18:52:59,034 [INFO] Session id is '2022-08-04_18-52-58'
client 2022-08-04 18:52:59,034 [INFO] Sources: {"sources": {"__init__.py": "da39a3ee5e6b4b0d3255bfef95601890afd80709", "client.py": "33ca4f26368777ac06e01f9567b714a4b8063886", "lib/__init__.py": "da39a3ee5e6b4b0d3255bfef95601890afd80709", "lib/client.py": "4c2b78fb4849a7e5b584ef792d82aaed20b17f57", "lib/common.py": "624d0c0acc7c39aaff3674f0b99d6a09da53d1dc", "lib/external/__init__.py": "da39a3ee5e6b4b0d3255bfef95601890afd80709", "lib/external/ntplib.py": "4da8f970656505a40483206ef2b5d3dd5e81711d", "lib/server.py": "cda0cdfaee9bfa1249c64a7dd4f89b7bf1b279f0", "lib/source_hashes.py": "60a2e02193209e8d392803326208d5466342da18", "lib/summary.py": "aa92f0a3f975eecd44d3c0cd0236342ccc9f941d", "lib/time_sync.py": "3210db56eb0ff0df57bf4293dc4d4b03fffd46f1", "server.py": "c3f90f2f7eeb4db30727556d0c815ebc89b3d28b", "tests/unit/__init__.py": "da39a3ee5e6b4b0d3255bfef95601890afd80709", "tests/unit/test_server.py": "99ae15aef722f2000ee6ed1ae1523637bf1ae42b", "tests/unit/test_source_hashes.py": "00468a2907583c593e6574a1f6b404e4651c221a"}, "modules": {"ptd_client_server.lib.client": "lib/client.py", "ptd_client_server.lib.common": "lib/common.py", "ptd_client_server.lib.external.ntplib": "lib/external/ntplib.py", "ptd_client_server.lib.source_hashes": "lib/source_hashes.py", "ptd_client_server.lib.summary": "lib/summary.py", "ptd_client_server.lib.time_sync": "lib/time_sync.py"}}
client 2022-08-04 18:52:59,034 [INFO] Running workload in ranging mode
client 2022-08-04 18:52:59,034 [INFO] Synchronizing with the server and with 100.64.0.18...
client 2022-08-04 18:52:59,035 [INFO] NTP:offset = 0.005 s, delay = 0.001 s 
client 2022-08-04 18:52:59,035 [INFO] Sending command to the server: 'time'
client 2022-08-04 18:52:59,038 [INFO] Got response: '1659639178.9448638'
client 2022-08-04 18:52:59,038 [INFO] The time difference between the client and the server is within range 91.105 ms..93.985 ms
client 2022-08-04 18:52:59,038 [INFO] Sending command to the server: 'session,2022-08-04_18-52-58,start,ranging'
client 2022-08-04 18:53:28,314 [INFO] Got response: 'OK'
client 2022-08-04 18:53:28,314 [INFO] Running the workload 'LOG_DIR=/work/build/power_logs_temp python3 -m code.main_v2 --benchmarks=rnnt --scenarios=offline --config_ver=default_maxq --test_mode=PerformanceOnly --action="run_harness" \\\n\t\t2>&1 | tee -a /work/build/power_logs/2022.08.04-18.52.21/stdout.txt \\\n\t\t&& if [ ! -d /work/build/power_logs/2022.08.04-18.52.21/ranging_tmp ]; \\\n\t\t\tthen mkdir /work/build/power_logs/2022.08.04-18.52.21/ranging_tmp \\\n\t\t\t\t&& mv /work/build/power_logs_temp/* /work/build/power_logs/2022.08.04-18.52.21/ranging_tmp/ \\\n\t\t\t\t&& cp -v /work/build/power_logs/2022.08.04-18.52.21/ranging_tmp/*/*/*/mlperf_log_detail.txt /work/build/power_logs_temp/ \\\n\t\t\t\t&& cp -v /work/build/power_logs/2022.08.04-18.52.21/ranging_tmp/*/*/*/mlperf_log_summary.txt /work/build/power_logs_temp/; \\\n\t\t\telse mkdir /work/build/power_logs/2022.08.04-18.52.21/testing_tmp \\\n\t\t\t\t&& mv /work/build/power_logs_temp/* /work/build/power_logs/2022.08.04-18.52.21/testing_tmp/ \\\n\t\t\t\t&& cp -v /work/build/power_logs/2022.08.04-18.52.21/testing_tmp/*/*/*/mlperf_log_detail.txt /work/build/power_logs_temp/ \\\n\t\t\t\t&& cp -v /work/build/power_logs/2022.08.04-18.52.21/testing_tmp/*/*/*/mlperf_log_summary.txt /work/build/power_logs_temp/; fi'
client 2022-08-04 19:11:21,138 [INFO] Sending command to the server: 'session,2022-08-04_18-52-58,stop,ranging'
client 2022-08-04 19:11:31,231 [INFO] Got response: 'OK'
client 2022-08-04 19:11:31,234 [INFO] Copying loadgen logs from '/work/build/power_logs_temp' to '/work/build/power_logs/2022.08.04-18.52.21/2022-08-04_18-52-58/ranging'
client 2022-08-04 19:11:31,235 [INFO] Running workload in testing mode
client 2022-08-04 19:11:31,235 [INFO] Synchronizing with the server and with 100.64.0.18...
client 2022-08-04 19:11:31,236 [INFO] NTP:offset = 0.003 s, delay = 0.001 s 
client 2022-08-04 19:11:31,236 [INFO] Sending command to the server: 'time'
client 2022-08-04 19:11:31,239 [INFO] Got response: '1659640291.133255'
client 2022-08-04 19:11:31,239 [INFO] The time difference between the client and the server is within range 103.228 ms..105.883 ms
client 2022-08-04 19:11:31,239 [INFO] Sending command to the server: 'session,2022-08-04_18-52-58,start,testing'
client 2022-08-04 19:11:43,299 [INFO] Got response: 'OK'
client 2022-08-04 19:11:43,299 [INFO] Running the workload 'LOG_DIR=/work/build/power_logs_temp python3 -m code.main_v2 --benchmarks=rnnt --scenarios=offline --config_ver=default_maxq --test_mode=PerformanceOnly --action="run_harness" \\\n\t\t2>&1 | tee -a /work/build/power_logs/2022.08.04-18.52.21/stdout.txt \\\n\t\t&& if [ ! -d /work/build/power_logs/2022.08.04-18.52.21/ranging_tmp ]; \\\n\t\t\tthen mkdir /work/build/power_logs/2022.08.04-18.52.21/ranging_tmp \\\n\t\t\t\t&& mv /work/build/power_logs_temp/* /work/build/power_logs/2022.08.04-18.52.21/ranging_tmp/ \\\n\t\t\t\t&& cp -v /work/build/power_logs/2022.08.04-18.52.21/ranging_tmp/*/*/*/mlperf_log_detail.txt /work/build/power_logs_temp/ \\\n\t\t\t\t&& cp -v /work/build/power_logs/2022.08.04-18.52.21/ranging_tmp/*/*/*/mlperf_log_summary.txt /work/build/power_logs_temp/; \\\n\t\t\telse mkdir /work/build/power_logs/2022.08.04-18.52.21/testing_tmp \\\n\t\t\t\t&& mv /work/build/power_logs_temp/* /work/build/power_logs/2022.08.04-18.52.21/testing_tmp/ \\\n\t\t\t\t&& cp -v /work/build/power_logs/2022.08.04-18.52.21/testing_tmp/*/*/*/mlperf_log_detail.txt /work/build/power_logs_temp/ \\\n\t\t\t\t&& cp -v /work/build/power_logs/2022.08.04-18.52.21/testing_tmp/*/*/*/mlperf_log_summary.txt /work/build/power_logs_temp/; fi'
client 2022-08-04 19:29:38,987 [INFO] Sending command to the server: 'session,2022-08-04_18-52-58,stop,testing'
client 2022-08-04 19:29:49,011 [INFO] Got response: 'OK'
client 2022-08-04 19:29:49,012 [INFO] Copying loadgen logs from '/work/build/power_logs_temp' to '/work/build/power_logs/2022.08.04-18.52.21/2022-08-04_18-52-58/run_1'
client 2022-08-04 19:29:49,013 [INFO] Done runs
