ptd-server 2022-08-04 18:52:58,928 [INFO] Got command from the client 'stop'
ptd-server 2022-08-04 18:52:58,929 [INFO] The server will be stopped after processing this client
ptd-server 2022-08-04 18:52:58,930 [INFO] Sending reply to client 'OK'
ptd-server 2022-08-04 18:52:58,934 [INFO] Got command from the client 'time'
ptd-server 2022-08-04 18:52:58,935 [INFO] Sending reply to client '1659639178.9352756'
ptd-server 2022-08-04 18:52:58,937 [INFO] Got command from the client 'new,,21b622fd-71e2-4886-8e16-c8dae853b99d'
ptd-server 2022-08-04 18:52:58,940 [INFO] Sending reply to client 'OK 2022-08-04_18-52-58,4ee63e4c-c919-4f8b-bd67-2bcf11c57889'
ptd-server 2022-08-04 18:52:58,943 [INFO] Got command from the client 'time'
ptd-server 2022-08-04 18:52:58,944 [INFO] Sending reply to client '1659639178.9448638'
ptd-server 2022-08-04 18:52:58,946 [INFO] Got command from the client 'session,2022-08-04_18-52-58,start,ranging'
ptd-server 2022-08-04 18:52:59,050 [INFO] Running PTDaemon: ['C:\\power-dev\\ptd_client_server\\ptd-windows-x86.exe', '-l', 'C:\\Users\\root\\AppData\\Local\\Temp\\tmpz21nzdvj\\ptd_logfile.txt', '-p', '8888', '-c', '2', '-y', '48', '100.83.149.90']
ptd-server 2022-08-04 18:53:17,828 [INFO] Sending to ptd: 'Hello'
ptd-server 2022-08-04 18:53:17,831 [INFO] Reply from ptd: 'Hello, PTDaemon here!'
ptd-server 2022-08-04 18:53:17,832 [INFO] Sending to ptd: 'Identify'
ptd-server 2022-08-04 18:53:17,834 [INFO] Reply from ptd: 'YokogawaWT500_multichannel,1000,1,1,1,1,0,0,1,version=1.9.2-3976349f-20201208,OS=Windows 8 / Server 2012,mode=power,1,1,3,0,0,no_cal_date,YOKOGAWA;760203;U1J802935;F1.21'
ptd-server 2022-08-04 18:53:17,836 [INFO] Connected to PTDaemon
ptd-server 2022-08-04 18:53:17,838 [INFO] Sending to ptd: 'RR'
ptd-server 2022-08-04 18:53:17,839 [INFO] Reply from ptd: 'Ranges,-1,-1.000000,-1,-1.000000'
ptd-server 2022-08-04 18:53:17,841 [INFO] Initial range for Amps is Auto for Volts is Auto
ptd-server 2022-08-04 18:53:17,843 [INFO] Sending to ptd: 'SR,V,Auto'
ptd-server 2022-08-04 18:53:18,048 [INFO] Reply from ptd: 'Range V changed'
ptd-server 2022-08-04 18:53:18,050 [INFO] Sending to ptd: 'SR,A,Auto'
ptd-server 2022-08-04 18:53:18,202 [INFO] Reply from ptd: 'Range A changed'
ptd-server 2022-08-04 18:53:28,213 [INFO] Starting ranging mode
ptd-server 2022-08-04 18:53:28,214 [INFO] Sending to ptd: 'Go,1000,0,2022-08-04_18-52-58_ranging'
ptd-server 2022-08-04 18:53:28,217 [INFO] Reply from ptd: 'Starting untimed measurement, maximum 500000 samples at 1000ms with 0 rampup samples'
ptd-server 2022-08-04 18:53:28,218 [INFO] Sending reply to client 'OK'
ptd-server 2022-08-04 19:11:21,034 [INFO] Got command from the client 'session,2022-08-04_18-52-58,stop,ranging'
ptd-server 2022-08-04 19:11:31,044 [INFO] Sending to ptd: 'Stop'
ptd-server 2022-08-04 19:11:31,046 [INFO] Reply from ptd: 'Stopping untimed measurement'
ptd-server 2022-08-04 19:11:31,124 [INFO] Sending reply to client 'OK'
ptd-server 2022-08-04 19:11:31,132 [INFO] Got command from the client 'time'
ptd-server 2022-08-04 19:11:31,133 [INFO] Sending reply to client '1659640291.133255'
ptd-server 2022-08-04 19:11:31,135 [INFO] Got command from the client 'session,2022-08-04_18-52-58,start,testing'
ptd-server 2022-08-04 19:11:31,136 [INFO] Sending to ptd: 'SR,V,128.830000'
ptd-server 2022-08-04 19:11:32,448 [INFO] Reply from ptd: 'Range V changed'
ptd-server 2022-08-04 19:11:32,449 [INFO] Sending to ptd: 'SR,A,7.688000'
ptd-server 2022-08-04 19:11:33,176 [INFO] Reply from ptd: 'Range A changed'
ptd-server 2022-08-04 19:11:43,186 [INFO] Starting testing mode
ptd-server 2022-08-04 19:11:43,187 [INFO] Sending to ptd: 'Go,1000,0,2022-08-04_18-52-58_testing'
ptd-server 2022-08-04 19:11:43,191 [INFO] Reply from ptd: 'Starting untimed measurement, maximum 500000 samples at 1000ms with 0 rampup samples'
ptd-server 2022-08-04 19:11:43,192 [INFO] Sending reply to client 'OK'
ptd-server 2022-08-04 19:29:38,872 [INFO] Got command from the client 'session,2022-08-04_18-52-58,stop,testing'
ptd-server 2022-08-04 19:29:48,876 [INFO] Sending to ptd: 'Stop'
ptd-server 2022-08-04 19:29:48,879 [INFO] Reply from ptd: 'Stopping untimed measurement'
ptd-server 2022-08-04 19:29:48,894 [INFO] Sending reply to client 'OK'
ptd-server 2022-08-04 19:29:48,899 [INFO] Got command from the client 'session,2022-08-04_18-52-58,done'
ptd-server 2022-08-04 19:29:48,901 [INFO] Sending to ptd: 'Stop'
ptd-server 2022-08-04 19:29:49,206 [INFO] Reply from ptd: 'Error: no measurement to stop'
ptd-server 2022-08-04 19:29:49,208 [INFO] Sending to ptd: 'SR,V,Auto'
ptd-server 2022-08-04 19:29:49,422 [INFO] Reply from ptd: 'Range V changed'
ptd-server 2022-08-04 19:29:49,425 [INFO] Sending to ptd: 'SR,A,Auto'
ptd-server 2022-08-04 19:29:49,577 [INFO] Reply from ptd: 'Range A changed'
ptd-server 2022-08-04 19:29:49,580 [INFO] Set initial values for Amps Auto and Volts Auto
ptd-server 2022-08-04 19:29:49,582 [INFO] Stopping ptd...
