ptd-server 2022-07-26 03:07:48,663 [INFO] Got command from the client 'time'
ptd-server 2022-07-26 03:07:48,664 [INFO] Sending reply to client '1658822868.664023'
ptd-server 2022-07-26 03:07:48,665 [INFO] Got command from the client 'new,,840ea8df-25ab-4959-a87a-9d5d7998958d'
ptd-server 2022-07-26 03:07:48,665 [INFO] Sending reply to client 'OK 2022-07-26_03-07-48,9f177ba6-66b7-4c5f-a8ce-4b1be9dbdf56'
ptd-server 2022-07-26 03:07:48,768 [INFO] Got command from the client 'time'
ptd-server 2022-07-26 03:07:48,768 [INFO] Sending reply to client '1658822868.7683833'
ptd-server 2022-07-26 03:07:48,769 [INFO] Got command from the client 'session,2022-07-26_03-07-48,start,ranging'
ptd-server 2022-07-26 03:07:48,769 [INFO] Running PTDaemon: ['/local/mnt/workspace/mlcommons/power-main/inference_v1.0/ptd-linux-x86', '-l', '/tmp/tmptvofqfhs/ptd_logfile.txt', '-p', '8888', '-c', '2', '52', '/dev/usbtmc0']
ptd-server 2022-07-26 03:08:05,892 [INFO] Sending to ptd: 'Hello'
ptd-server 2022-07-26 03:08:05,893 [INFO] Reply from ptd: 'Hello, PTDaemon here!'
ptd-server 2022-07-26 03:08:05,893 [INFO] Sending to ptd: 'Identify'
ptd-server 2022-07-26 03:08:05,894 [INFO] Reply from ptd: 'YokogawaWT330,1000,1,1,1,1,0,0,1,version=1.9.2-e8c7a49a-20201208,OS=Linux 5.4.0-96-generic #109~18.04.1-Ubuntu SMP Thu Jan 13 15:06:26 UTC 2022 x86_64,mode=power,1,1,1,0,0,no_cal_date,YOKOGAWA;WT333;C2SF14011V;F1.01EM'
ptd-server 2022-07-26 03:08:05,894 [INFO] Connected to PTDaemon
ptd-server 2022-07-26 03:08:05,894 [INFO] Sending to ptd: 'RR'
ptd-server 2022-07-26 03:08:05,894 [INFO] Reply from ptd: 'Ranges,0,5.000000,0,150.000000'
ptd-server 2022-07-26 03:08:05,895 [INFO] Initial range for Amps is 5.000000 for Volts is 150.000000
ptd-server 2022-07-26 03:08:05,895 [INFO] Sending to ptd: 'SR,V,Auto'
ptd-server 2022-07-26 03:08:06,398 [INFO] Reply from ptd: 'Range V changed'
ptd-server 2022-07-26 03:08:06,398 [INFO] Sending to ptd: 'SR,A,20'
ptd-server 2022-07-26 03:08:07,901 [INFO] Reply from ptd: 'Range A changed'
ptd-server 2022-07-26 03:08:17,911 [INFO] Starting ranging mode
ptd-server 2022-07-26 03:08:17,911 [INFO] Sending to ptd: 'Go,1000,0,2022-07-26_03-07-48_ranging'
ptd-server 2022-07-26 03:08:17,912 [INFO] Reply from ptd: 'Starting untimed measurement, maximum 500000 samples at 1000ms with 0 rampup samples'
ptd-server 2022-07-26 03:08:17,912 [INFO] Sending reply to client 'OK'
ptd-server 2022-07-26 03:21:41,973 [INFO] Got command from the client 'session,2022-07-26_03-07-48,stop,ranging'
ptd-server 2022-07-26 03:21:51,981 [INFO] Sending to ptd: 'Stop'
ptd-server 2022-07-26 03:21:51,981 [INFO] Reply from ptd: 'Stopping untimed measurement'
ptd-server 2022-07-26 03:21:52,017 [INFO] Sending reply to client 'OK'
ptd-server 2022-07-26 03:21:52,104 [INFO] Got command from the client 'time'
ptd-server 2022-07-26 03:21:52,105 [INFO] Sending reply to client '1658823712.1050715'
ptd-server 2022-07-26 03:21:52,106 [INFO] Got command from the client 'session,2022-07-26_03-07-48,start,testing'
ptd-server 2022-07-26 03:21:52,106 [INFO] Sending to ptd: 'SR,V,124.930000'
ptd-server 2022-07-26 03:21:54,414 [INFO] Reply from ptd: 'Range V changed'
ptd-server 2022-07-26 03:21:54,414 [INFO] Sending to ptd: 'SR,A,4.196000'
ptd-server 2022-07-26 03:21:55,917 [INFO] Reply from ptd: 'Range A changed'
ptd-server 2022-07-26 03:22:05,927 [INFO] Starting testing mode
ptd-server 2022-07-26 03:22:05,928 [INFO] Sending to ptd: 'Go,1000,0,2022-07-26_03-07-48_testing'
ptd-server 2022-07-26 03:22:05,928 [INFO] Reply from ptd: 'Starting untimed measurement, maximum 500000 samples at 1000ms with 0 rampup samples'
ptd-server 2022-07-26 03:22:05,929 [INFO] Sending reply to client 'OK'
ptd-server 2022-07-26 03:35:28,722 [INFO] Got command from the client 'session,2022-07-26_03-07-48,stop,testing'
ptd-server 2022-07-26 03:35:38,733 [INFO] Sending to ptd: 'Stop'
ptd-server 2022-07-26 03:35:38,734 [INFO] Reply from ptd: 'Stopping untimed measurement'
ptd-server 2022-07-26 03:35:38,752 [INFO] Sending reply to client 'OK'
ptd-server 2022-07-26 03:35:38,757 [INFO] Got command from the client 'session,2022-07-26_03-07-48,done'
ptd-server 2022-07-26 03:35:38,757 [INFO] Sending to ptd: 'Stop'
ptd-server 2022-07-26 03:35:38,929 [INFO] Reply from ptd: 'Error: no measurement to stop'
ptd-server 2022-07-26 03:35:38,929 [INFO] Sending to ptd: 'SR,V,150.000000'
ptd-server 2022-07-26 03:35:40,431 [INFO] Reply from ptd: 'Range V changed'
ptd-server 2022-07-26 03:35:40,431 [INFO] Sending to ptd: 'SR,A,5.000000'
ptd-server 2022-07-26 03:35:41,934 [INFO] Reply from ptd: 'Range A changed'
ptd-server 2022-07-26 03:35:41,934 [INFO] Set initial values for Amps 5.000000 and Volts 150.000000
ptd-server 2022-07-26 03:35:41,934 [INFO] Stopping ptd...
