ptd-server 2022-07-22 15:10:10,075 [INFO] Got command from the client 'stop'
ptd-server 2022-07-22 15:10:10,075 [INFO] The server will be stopped after processing this client
ptd-server 2022-07-22 15:10:10,075 [INFO] Sending reply to client 'OK'
ptd-server 2022-07-22 15:10:10,293 [INFO] Got command from the client 'time'
ptd-server 2022-07-22 15:10:10,293 [INFO] Sending reply to client '1658527810.2938576'
ptd-server 2022-07-22 15:10:10,293 [INFO] Got command from the client 'new,,fea8c306-7407-4b5a-85da-47871b5f03e0'
ptd-server 2022-07-22 15:10:10,293 [INFO] Sending reply to client 'OK 2022-07-22_15-10-10,953bd7bd-2bd9-476b-a5e0-893866c70ee3'
ptd-server 2022-07-22 15:10:10,496 [INFO] Got command from the client 'time'
ptd-server 2022-07-22 15:10:10,496 [INFO] Sending reply to client '1658527810.4969337'
ptd-server 2022-07-22 15:10:10,496 [INFO] Got command from the client 'session,2022-07-22_15-10-10,start,ranging'
ptd-server 2022-07-22 15:10:10,606 [INFO] Running PTDaemon: ['C:\\PTD\\ptd-windows-x86.exe', '-l', 'C:\\Users\\lab\\AppData\\Local\\Temp\\tmp0g4lesy6\\ptd_logfile.txt', '-p', '8888', '-c', '1,3', '-y', '77', '10.117.41.199']
ptd-server 2022-07-22 15:10:30,773 [INFO] Sending to ptd: 'Hello'
ptd-server 2022-07-22 15:10:30,773 [INFO] Reply from ptd: 'Hello, PTDaemon here!'
ptd-server 2022-07-22 15:10:30,773 [INFO] Sending to ptd: 'Identify'
ptd-server 2022-07-22 15:10:30,773 [INFO] Reply from ptd: 'YokogawaWT330_multichannel,1000,1,1,1,1,0,0,1,version=1.9.2-3976349f-20201208,OS=Windows 8 / Server 2012,mode=power,1,1,2,0,0,no_cal_date,YOKOGAWA;WT333E;C2WL21011V;F1.04'
ptd-server 2022-07-22 15:10:30,773 [INFO] Connected to PTDaemon
ptd-server 2022-07-22 15:10:30,773 [INFO] Sending to ptd: 'RR'
ptd-server 2022-07-22 15:10:30,773 [INFO] Reply from ptd: 'Ranges,0,5.000000,0,300.000000'
ptd-server 2022-07-22 15:10:30,773 [INFO] Initial range for Amps is 5.000000 for Volts is 300.000000
ptd-server 2022-07-22 15:10:30,773 [INFO] Sending to ptd: 'SR,V,Auto'
ptd-server 2022-07-22 15:10:35,850 [INFO] Reply from ptd: 'Range V changed'
ptd-server 2022-07-22 15:10:35,850 [INFO] Sending to ptd: 'SR,A,Auto'
ptd-server 2022-07-22 15:10:40,927 [INFO] Reply from ptd: 'Range A changed'
ptd-server 2022-07-22 15:10:50,940 [INFO] Starting ranging mode
ptd-server 2022-07-22 15:10:50,940 [INFO] Sending to ptd: 'Go,1000,0,2022-07-22_15-10-10_ranging'
ptd-server 2022-07-22 15:10:50,955 [INFO] Reply from ptd: 'Starting untimed measurement, maximum 500000 samples at 1000ms with 0 rampup samples'
ptd-server 2022-07-22 15:10:50,955 [INFO] Sending reply to client 'OK'
ptd-server 2022-07-22 15:25:08,780 [INFO] Got command from the client 'session,2022-07-22_15-10-10,stop,ranging'
ptd-server 2022-07-22 15:25:18,793 [INFO] Sending to ptd: 'Stop'
ptd-server 2022-07-22 15:25:18,793 [INFO] Reply from ptd: 'Stopping untimed measurement'
ptd-server 2022-07-22 15:25:18,840 [INFO] Sending reply to client 'OK'
ptd-server 2022-07-22 15:25:19,075 [INFO] Got command from the client 'time'
ptd-server 2022-07-22 15:25:19,075 [INFO] Sending reply to client '1658528719.0751119'
ptd-server 2022-07-22 15:25:19,075 [INFO] Got command from the client 'session,2022-07-22_15-10-10,start,testing'
ptd-server 2022-07-22 15:25:19,075 [INFO] Sending to ptd: 'SR,V,205.660000'
ptd-server 2022-07-22 15:25:25,183 [INFO] Reply from ptd: 'Range V changed'
ptd-server 2022-07-22 15:25:25,183 [INFO] Sending to ptd: 'SR,A,4.616000'
ptd-server 2022-07-22 15:25:30,775 [INFO] Reply from ptd: 'Range A changed'
ptd-server 2022-07-22 15:25:40,788 [INFO] Starting testing mode
ptd-server 2022-07-22 15:25:40,788 [INFO] Sending to ptd: 'Go,1000,0,2022-07-22_15-10-10_testing'
ptd-server 2022-07-22 15:25:40,788 [INFO] Reply from ptd: 'Starting untimed measurement, maximum 500000 samples at 1000ms with 0 rampup samples'
ptd-server 2022-07-22 15:25:40,788 [INFO] Sending reply to client 'OK'
ptd-server 2022-07-22 15:40:03,346 [INFO] Got command from the client 'session,2022-07-22_15-10-10,stop,testing'
ptd-server 2022-07-22 15:40:13,359 [INFO] Sending to ptd: 'Stop'
ptd-server 2022-07-22 15:40:13,359 [INFO] Reply from ptd: 'Stopping untimed measurement'
ptd-server 2022-07-22 15:40:13,375 [INFO] Sending reply to client 'OK'
ptd-server 2022-07-22 15:40:13,437 [INFO] Got command from the client 'session,2022-07-22_15-10-10,done'
ptd-server 2022-07-22 15:40:13,437 [INFO] Sending to ptd: 'Stop'
ptd-server 2022-07-22 15:40:13,797 [INFO] Reply from ptd: 'Error: no measurement to stop'
ptd-server 2022-07-22 15:40:13,797 [INFO] Sending to ptd: 'SR,V,300.000000'
ptd-server 2022-07-22 15:40:19,889 [INFO] Reply from ptd: 'Range V changed'
ptd-server 2022-07-22 15:40:19,889 [INFO] Sending to ptd: 'SR,A,5.000000'
ptd-server 2022-07-22 15:40:25,481 [INFO] Reply from ptd: 'Range A changed'
ptd-server 2022-07-22 15:40:25,481 [INFO] Set initial values for Amps 5.000000 and Volts 300.000000
ptd-server 2022-07-22 15:40:25,481 [INFO] Stopping ptd...
