ptd-server 2022-08-02 17:47:15,719 [INFO] Got command from the client 'time'
ptd-server 2022-08-02 17:47:15,719 [INFO] Sending reply to client '1659480435.7197547'
ptd-server 2022-08-02 17:47:15,720 [INFO] Got command from the client 'new,,1f476e7d-d3b9-4719-9c3a-e83c0b38238e'
ptd-server 2022-08-02 17:47:15,721 [INFO] Sending reply to client 'OK 2022-08-02_17-47-15,b55aedc8-28e0-4649-b75c-ac55d93a8dbc'
ptd-server 2022-08-02 17:47:15,823 [INFO] Got command from the client 'time'
ptd-server 2022-08-02 17:47:15,823 [INFO] Sending reply to client '1659480435.8233306'
ptd-server 2022-08-02 17:47:15,824 [INFO] Got command from the client 'session,2022-08-02_17-47-15,start,ranging'
ptd-server 2022-08-02 17:47:15,824 [INFO] Running PTDaemon: ['/local/mnt/workspace/mlcommons/power-main/inference_v1.0/ptd-linux-x86', '-l', '/tmp/tmp3rup6cv3/ptd_logfile.txt', '-p', '8888', '-c', '3', '52', '/dev/usbtmc0']
ptd-server 2022-08-02 17:47:32,949 [INFO] Sending to ptd: 'Hello'
ptd-server 2022-08-02 17:47:32,950 [INFO] Reply from ptd: 'Hello, PTDaemon here!'
ptd-server 2022-08-02 17:47:32,950 [INFO] Sending to ptd: 'Identify'
ptd-server 2022-08-02 17:47:32,951 [INFO] Reply from ptd: 'YokogawaWT330E,1000,1,1,1,1,0,0,1,version=1.9.2-e8c7a49a-20201208,OS=Linux 5.4.0-105-generic #119~18.04.1-Ubuntu SMP Tue Mar 8 11:21:24 UTC 2022 x86_64,mode=power,1,1,1,0,0,no_cal_date,YOKOGAWA;WT333E;C2XC17005V;F1.04'
ptd-server 2022-08-02 17:47:32,951 [INFO] Connected to PTDaemon
ptd-server 2022-08-02 17:47:32,951 [INFO] Sending to ptd: 'RR'
ptd-server 2022-08-02 17:47:32,952 [INFO] Reply from ptd: 'Ranges,1,2.000000,1,150.000000'
ptd-server 2022-08-02 17:47:32,952 [INFO] Initial range for Amps is Auto for Volts is Auto
ptd-server 2022-08-02 17:47:32,952 [INFO] Sending to ptd: 'SR,V,Auto'
ptd-server 2022-08-02 17:47:33,456 [INFO] Reply from ptd: 'Range V changed'
ptd-server 2022-08-02 17:47:33,456 [INFO] Sending to ptd: 'SR,A,Auto'
ptd-server 2022-08-02 17:47:33,959 [INFO] Reply from ptd: 'Range A changed'
ptd-server 2022-08-02 17:47:43,970 [INFO] Starting ranging mode
ptd-server 2022-08-02 17:47:43,970 [INFO] Sending to ptd: 'Go,1000,0,2022-08-02_17-47-15_ranging'
ptd-server 2022-08-02 17:47:43,970 [INFO] Reply from ptd: 'Starting untimed measurement, maximum 500000 samples at 1000ms with 0 rampup samples'
ptd-server 2022-08-02 17:47:43,971 [INFO] Sending reply to client 'OK'
ptd-server 2022-08-02 18:00:04,300 [INFO] Got command from the client 'session,2022-08-02_17-47-15,stop,ranging'
ptd-server 2022-08-02 18:00:14,310 [INFO] Sending to ptd: 'Stop'
ptd-server 2022-08-02 18:00:14,311 [INFO] Reply from ptd: 'Stopping untimed measurement'
ptd-server 2022-08-02 18:00:14,334 [INFO] Sending reply to client 'OK'
ptd-server 2022-08-02 18:00:14,429 [INFO] Got command from the client 'time'
ptd-server 2022-08-02 18:00:14,429 [INFO] Sending reply to client '1659481214.4298499'
ptd-server 2022-08-02 18:00:14,431 [INFO] Got command from the client 'session,2022-08-02_17-47-15,start,testing'
ptd-server 2022-08-02 18:00:14,431 [INFO] Sending to ptd: 'SR,V,119.740000'
ptd-server 2022-08-02 18:00:16,474 [INFO] Reply from ptd: 'Range V changed'
ptd-server 2022-08-02 18:00:16,474 [INFO] Sending to ptd: 'SR,A,0.369100'
ptd-server 2022-08-02 18:00:17,976 [INFO] Reply from ptd: 'Range A changed'
ptd-server 2022-08-02 18:00:27,987 [INFO] Starting testing mode
ptd-server 2022-08-02 18:00:27,987 [INFO] Sending to ptd: 'Go,1000,0,2022-08-02_17-47-15_testing'
ptd-server 2022-08-02 18:00:27,988 [INFO] Reply from ptd: 'Starting untimed measurement, maximum 500000 samples at 1000ms with 0 rampup samples'
ptd-server 2022-08-02 18:00:27,988 [INFO] Sending reply to client 'OK'
ptd-server 2022-08-02 18:11:54,419 [INFO] Got command from the client 'session,2022-08-02_17-47-15,stop,testing'
ptd-server 2022-08-02 18:12:04,430 [INFO] Sending to ptd: 'Stop'
ptd-server 2022-08-02 18:12:04,431 [INFO] Reply from ptd: 'Stopping untimed measurement'
ptd-server 2022-08-02 18:12:04,442 [INFO] Sending reply to client 'OK'
ptd-server 2022-08-02 18:12:04,451 [INFO] Got command from the client 'session,2022-08-02_17-47-15,done'
ptd-server 2022-08-02 18:12:04,451 [INFO] Sending to ptd: 'Stop'
ptd-server 2022-08-02 18:12:04,988 [INFO] Reply from ptd: 'Error: no measurement to stop'
ptd-server 2022-08-02 18:12:04,989 [INFO] Sending to ptd: 'SR,V,Auto'
ptd-server 2022-08-02 18:12:05,492 [INFO] Reply from ptd: 'Range V changed'
ptd-server 2022-08-02 18:12:05,492 [INFO] Sending to ptd: 'SR,A,Auto'
ptd-server 2022-08-02 18:12:05,995 [INFO] Reply from ptd: 'Range A changed'
ptd-server 2022-08-02 18:12:05,996 [INFO] Set initial values for Amps Auto and Volts Auto
ptd-server 2022-08-02 18:12:05,996 [INFO] Stopping ptd...
