client 2022-07-24 10:49:31,578 [WARNING] Removing loadgen logs directory '/home/khadas/CK/ck-mlperf/program/image-classification-armnn-tflite-loadgen/tmp/loadgen_logs'
client 2022-07-24 10:49:31,580 [INFO] Sending command to the server: 'mlcommons/power client v3'
client 2022-07-24 10:49:31,580 [INFO] Got response: 'mlcommons/power server v3'
client 2022-07-24 10:49:31,580 [INFO] Synchronizing with the server and with time.google.com...
client 2022-07-24 10:49:31,610 [INFO] NTP:offset = -0.001 s, delay = 0.022 s 
client 2022-07-24 10:49:31,611 [INFO] Sending command to the server: 'time'
client 2022-07-24 10:49:31,611 [INFO] Got response: '1658656171.6123867'
client 2022-07-24 10:49:31,612 [INFO] The time difference between the client and the server is within range -1.375 ms..-0.404 ms
client 2022-07-24 10:49:31,612 [INFO] Sending command to the server: 'new,,c78cb9d4-60bf-4909-b0af-8cfc1fc1083a'
client 2022-07-24 10:49:31,613 [INFO] Got response: 'OK 2022-07-24_10-49-31,d0c050be-4da9-4dfd-be95-aa0fa723c5f3'
client 2022-07-24 10:49:31,613 [INFO] Session id is '2022-07-24_10-49-31'
client 2022-07-24 10:49:31,613 [INFO] Sources: {"sources": {"__init__.py": "da39a3ee5e6b4b0d3255bfef95601890afd80709", "client.py": "33ca4f26368777ac06e01f9567b714a4b8063886", "lib/__init__.py": "da39a3ee5e6b4b0d3255bfef95601890afd80709", "lib/client.py": "4c2b78fb4849a7e5b584ef792d82aaed20b17f57", "lib/common.py": "624d0c0acc7c39aaff3674f0b99d6a09da53d1dc", "lib/external/__init__.py": "da39a3ee5e6b4b0d3255bfef95601890afd80709", "lib/external/ntplib.py": "4da8f970656505a40483206ef2b5d3dd5e81711d", "lib/server.py": "cda0cdfaee9bfa1249c64a7dd4f89b7bf1b279f0", "lib/source_hashes.py": "60a2e02193209e8d392803326208d5466342da18", "lib/summary.py": "aa92f0a3f975eecd44d3c0cd0236342ccc9f941d", "lib/time_sync.py": "3210db56eb0ff0df57bf4293dc4d4b03fffd46f1", "server.py": "c3f90f2f7eeb4db30727556d0c815ebc89b3d28b", "tests/unit/__init__.py": "da39a3ee5e6b4b0d3255bfef95601890afd80709", "tests/unit/test_server.py": "99ae15aef722f2000ee6ed1ae1523637bf1ae42b", "tests/unit/test_source_hashes.py": "00468a2907583c593e6574a1f6b404e4651c221a"}, "modules": {"ptd_client_server.lib.client": "lib/client.py", "ptd_client_server.lib.common": "lib/common.py", "ptd_client_server.lib.external.ntplib": "lib/external/ntplib.py", "ptd_client_server.lib.source_hashes": "lib/source_hashes.py", "ptd_client_server.lib.summary": "lib/summary.py", "ptd_client_server.lib.time_sync": "lib/time_sync.py"}}
client 2022-07-24 10:49:31,614 [INFO] Running workload in ranging mode
client 2022-07-24 10:49:31,614 [INFO] Synchronizing with the server and with time.google.com...
client 2022-07-24 10:49:31,640 [INFO] NTP:offset = -0.001 s, delay = 0.023 s 
client 2022-07-24 10:49:31,640 [INFO] Sending command to the server: 'time'
client 2022-07-24 10:49:31,641 [INFO] Got response: '1658656171.6422608'
client 2022-07-24 10:49:31,641 [INFO] The time difference between the client and the server is within range -1.297 ms..-0.405 ms
client 2022-07-24 10:49:31,642 [INFO] Sending command to the server: 'session,2022-07-24_10-49-31,start,ranging'
client 2022-07-24 10:49:59,835 [INFO] Got response: 'OK'
client 2022-07-24 10:49:59,836 [INFO] Running the workload 'ck benchmark program:image-classification-armnn-tflite-loadgen --env.CK_SILENT_MODE=YES --skip_print_timers --dep_add_tags.compiler=gcc,v11 --dep_add_tags.python=v3 --dep_add_tags.mlperf-inference-src=r2.1 --dep_add_tags.weights=mobilenet,v2-0.75-96,quantized --dep_add_tags.images=crop.875,preprocessed,using-opencv --dep_add_tags.library=armnn,rel.22.05,opencl --env.CK_LOADGEN_DATASET_SIZE=1024 --env.USE_NEON=0 --env.USE_OPENCL=1 --env.CK_LOADGEN_MODE=PerformanceOnly --env.CK_LOADGEN_SCENARIO=SingleStream --env.CK_LOADGEN_TARGET_LATENCY=$CK_LOADGEN_TARGET_LATENCY --skip_stat_analysis --process_multi_keys --repetitions=1 --record --record_repo=local --record_uoa=mlperf_v2.1-open-vim4-armnn-v22.05-opencl-mobilenet-v2-0.75-96-quantized-singlestream-performance-target_latency.$CK_LOADGEN_TARGET_LATENCY-power.workload --tags=mlperf,round.v2.1,division.open,task.image-classification,platform.vim4,scenario.singlestream,mode.performance,workload.mobilenet-v2-0.75-96-quantized,preprocessed_using.opencv,inference_engine.armnn,inference_engine_version.v22.05,inference_engine_backend.opencl,target_latency.$CK_LOADGEN_TARGET_LATENCY,power.workload "@@@{\'meta\': {\'ck_benchmark_program\': \'ck benchmark program:image-classification-armnn-tflite-loadgen --env.CK_SILENT_MODE=YES --skip_print_timers --dep_add_tags.compiler=gcc,v11 --dep_add_tags.python=v3 --dep_add_tags.mlperf-inference-src=r2.1 --dep_add_tags.weights=mobilenet,v2-0.75-96,quantized --dep_add_tags.images=crop.875,preprocessed,using-opencv --dep_add_tags.library=armnn,rel.22.05,opencl --env.CK_LOADGEN_DATASET_SIZE=1024 --env.USE_NEON=0 --env.USE_OPENCL=1 --env.CK_LOADGEN_MODE=PerformanceOnly --env.CK_LOADGEN_SCENARIO=SingleStream --env.CK_LOADGEN_TARGET_LATENCY=$CK_LOADGEN_TARGET_LATENCY --skip_stat_analysis --process_multi_keys --repetitions=1 --record --record_repo=local --record_uoa=mlperf_v2.1-open-vim4-armnn-v22.05-opencl-mobilenet-v2-0.75-96-quantized-singlestream-performance-target_latency.$CK_LOADGEN_TARGET_LATENCY-power.workload --tags=mlperf,round.v2.1,division.open,task.image-classification,platform.vim4,scenario.singlestream,mode.performance,workload.mobilenet-v2-0.75-96-quantized,preprocessed_using.opencv,inference_engine.armnn,inference_engine_version.v22.05,inference_engine_backend.opencl,target_latency.$CK_LOADGEN_TARGET_LATENCY,power.workload\'}}" && cat `ck find program:image-classification-armnn-tflite-loadgen`/tmp/mlperf_log_summary.txt && mkdir -p "$CK_MLPERF_POWER_CLIENT_LOADGEN_LOGS" && cp "$CK_MLPERF_POWER_CLIENT_LOADGEN_LOGS"/../mlperf_log_* "$CK_MLPERF_POWER_CLIENT_LOADGEN_LOGS"/'
client 2022-07-24 11:00:34,068 [INFO] Sending command to the server: 'session,2022-07-24_10-49-31,stop,ranging'
client 2022-07-24 11:00:44,760 [INFO] Got response: 'OK'
client 2022-07-24 11:00:44,769 [INFO] Copying loadgen logs from '/home/khadas/CK/ck-mlperf/program/image-classification-armnn-tflite-loadgen/tmp/loadgen_logs' to '/home/khadas/CK/ck-mlperf/program/mlperf-power-client/tmp/2022-07-24_10-49-31/ranging'
client 2022-07-24 11:00:44,770 [INFO] Running workload in testing mode
client 2022-07-24 11:00:44,771 [INFO] Synchronizing with the server and with time.google.com...
client 2022-07-24 11:00:44,807 [INFO] NTP:offset = -0.005 s, delay = 0.033 s 
client 2022-07-24 11:00:44,807 [INFO] Sending command to the server: 'time'
client 2022-07-24 11:00:44,808 [INFO] Got response: '1658656844.8072991'
client 2022-07-24 11:00:44,808 [INFO] The time difference between the client and the server is within range 0.435 ms..1.451 ms
client 2022-07-24 11:00:44,808 [INFO] Sending command to the server: 'session,2022-07-24_10-49-31,start,testing'
client 2022-07-24 11:00:57,851 [INFO] Got response: 'OK'
client 2022-07-24 11:00:57,852 [INFO] Running the workload 'ck benchmark program:image-classification-armnn-tflite-loadgen --env.CK_SILENT_MODE=YES --skip_print_timers --dep_add_tags.compiler=gcc,v11 --dep_add_tags.python=v3 --dep_add_tags.mlperf-inference-src=r2.1 --dep_add_tags.weights=mobilenet,v2-0.75-96,quantized --dep_add_tags.images=crop.875,preprocessed,using-opencv --dep_add_tags.library=armnn,rel.22.05,opencl --env.CK_LOADGEN_DATASET_SIZE=1024 --env.USE_NEON=0 --env.USE_OPENCL=1 --env.CK_LOADGEN_MODE=PerformanceOnly --env.CK_LOADGEN_SCENARIO=SingleStream --env.CK_LOADGEN_TARGET_LATENCY=$CK_LOADGEN_TARGET_LATENCY --skip_stat_analysis --process_multi_keys --repetitions=1 --record --record_repo=local --record_uoa=mlperf_v2.1-open-vim4-armnn-v22.05-opencl-mobilenet-v2-0.75-96-quantized-singlestream-performance-target_latency.$CK_LOADGEN_TARGET_LATENCY-power.workload --tags=mlperf,round.v2.1,division.open,task.image-classification,platform.vim4,scenario.singlestream,mode.performance,workload.mobilenet-v2-0.75-96-quantized,preprocessed_using.opencv,inference_engine.armnn,inference_engine_version.v22.05,inference_engine_backend.opencl,target_latency.$CK_LOADGEN_TARGET_LATENCY,power.workload "@@@{\'meta\': {\'ck_benchmark_program\': \'ck benchmark program:image-classification-armnn-tflite-loadgen --env.CK_SILENT_MODE=YES --skip_print_timers --dep_add_tags.compiler=gcc,v11 --dep_add_tags.python=v3 --dep_add_tags.mlperf-inference-src=r2.1 --dep_add_tags.weights=mobilenet,v2-0.75-96,quantized --dep_add_tags.images=crop.875,preprocessed,using-opencv --dep_add_tags.library=armnn,rel.22.05,opencl --env.CK_LOADGEN_DATASET_SIZE=1024 --env.USE_NEON=0 --env.USE_OPENCL=1 --env.CK_LOADGEN_MODE=PerformanceOnly --env.CK_LOADGEN_SCENARIO=SingleStream --env.CK_LOADGEN_TARGET_LATENCY=$CK_LOADGEN_TARGET_LATENCY --skip_stat_analysis --process_multi_keys --repetitions=1 --record --record_repo=local --record_uoa=mlperf_v2.1-open-vim4-armnn-v22.05-opencl-mobilenet-v2-0.75-96-quantized-singlestream-performance-target_latency.$CK_LOADGEN_TARGET_LATENCY-power.workload --tags=mlperf,round.v2.1,division.open,task.image-classification,platform.vim4,scenario.singlestream,mode.performance,workload.mobilenet-v2-0.75-96-quantized,preprocessed_using.opencv,inference_engine.armnn,inference_engine_version.v22.05,inference_engine_backend.opencl,target_latency.$CK_LOADGEN_TARGET_LATENCY,power.workload\'}}" && cat `ck find program:image-classification-armnn-tflite-loadgen`/tmp/mlperf_log_summary.txt && mkdir -p "$CK_MLPERF_POWER_CLIENT_LOADGEN_LOGS" && cp "$CK_MLPERF_POWER_CLIENT_LOADGEN_LOGS"/../mlperf_log_* "$CK_MLPERF_POWER_CLIENT_LOADGEN_LOGS"/'
client 2022-07-24 11:11:32,079 [INFO] Sending command to the server: 'session,2022-07-24_10-49-31,stop,testing'
client 2022-07-24 11:11:42,440 [INFO] Got response: 'OK'
client 2022-07-24 11:11:42,443 [INFO] Copying loadgen logs from '/home/khadas/CK/ck-mlperf/program/image-classification-armnn-tflite-loadgen/tmp/loadgen_logs' to '/home/khadas/CK/ck-mlperf/program/mlperf-power-client/tmp/2022-07-24_10-49-31/run_1'
client 2022-07-24 11:11:42,444 [INFO] Done runs
