ptd-server 2022-07-24 10:49:31,612 [INFO] Got command from the client 'time'
ptd-server 2022-07-24 10:49:31,612 [INFO] Sending reply to client '1658656171.6123867'
ptd-server 2022-07-24 10:49:31,613 [INFO] Got command from the client 'new,,c78cb9d4-60bf-4909-b0af-8cfc1fc1083a'
ptd-server 2022-07-24 10:49:31,613 [INFO] Sending reply to client 'OK 2022-07-24_10-49-31,d0c050be-4da9-4dfd-be95-aa0fa723c5f3'
ptd-server 2022-07-24 10:49:31,642 [INFO] Got command from the client 'time'
ptd-server 2022-07-24 10:49:31,642 [INFO] Sending reply to client '1658656171.6422608'
ptd-server 2022-07-24 10:49:31,643 [INFO] Got command from the client 'session,2022-07-24_10-49-31,start,ranging'
ptd-server 2022-07-24 10:49:31,643 [INFO] Running PTDaemon: ['/home/anton/projects/mlperf/power/inference_v1.0/ptd-linux-x86', '-l', '/tmp/tmp7lgbo8s4/ptd_logfile.txt', '-p', '8888', '49', '/dev/usbtmc0']
ptd-server 2022-07-24 10:49:48,817 [INFO] Sending to ptd: 'Hello'
ptd-server 2022-07-24 10:49:48,818 [INFO] Reply from ptd: 'Hello, PTDaemon here!'
ptd-server 2022-07-24 10:49:48,818 [INFO] Sending to ptd: 'Identify'
ptd-server 2022-07-24 10:49:48,819 [INFO] Reply from ptd: 'YokogawaWT310E,1000,1,1,1,1,0,1,1,version=1.9.2-e8c7a49a-20201208,OS=Linux 5.13.0-52-generic #59~20.04.1-Ubuntu SMP Thu Jun 16 21:21:28 UTC 2022 x86_64,mode=power,1,1,1,0,0,no_cal_date,YOKOGAWA;WT310E;C3XA04010E;F1.04'
ptd-server 2022-07-24 10:49:48,819 [INFO] Connected to PTDaemon
ptd-server 2022-07-24 10:49:48,819 [INFO] Sending to ptd: 'RR'
ptd-server 2022-07-24 10:49:48,819 [INFO] Reply from ptd: 'Ranges,0,0.500000,1,300.000000'
ptd-server 2022-07-24 10:49:48,819 [INFO] Initial range for Amps is 0.500000 for Volts is Auto
ptd-server 2022-07-24 10:49:48,819 [INFO] Sending to ptd: 'SR,V,Auto'
ptd-server 2022-07-24 10:49:49,322 [INFO] Reply from ptd: 'Range V changed'
ptd-server 2022-07-24 10:49:49,322 [INFO] Sending to ptd: 'SR,A,Auto'
ptd-server 2022-07-24 10:49:49,825 [INFO] Reply from ptd: 'Range A changed'
ptd-server 2022-07-24 10:49:59,835 [INFO] Starting ranging mode
ptd-server 2022-07-24 10:49:59,835 [INFO] Sending to ptd: 'Go,1000,0,2022-07-24_10-49-31_ranging'
ptd-server 2022-07-24 10:49:59,835 [INFO] Reply from ptd: 'Starting untimed measurement, maximum 500000 samples at 1000ms with 0 rampup samples'
ptd-server 2022-07-24 10:49:59,836 [INFO] Sending reply to client 'OK'
ptd-server 2022-07-24 11:00:34,068 [INFO] Got command from the client 'session,2022-07-24_10-49-31,stop,ranging'
ptd-server 2022-07-24 11:00:44,078 [INFO] Sending to ptd: 'Stop'
ptd-server 2022-07-24 11:00:44,079 [INFO] Reply from ptd: 'Stopping untimed measurement'
ptd-server 2022-07-24 11:00:44,759 [INFO] Sending reply to client 'OK'
ptd-server 2022-07-24 11:00:44,807 [INFO] Got command from the client 'time'
ptd-server 2022-07-24 11:00:44,807 [INFO] Sending reply to client '1658656844.8072991'
ptd-server 2022-07-24 11:00:44,808 [INFO] Got command from the client 'session,2022-07-24_10-49-31,start,testing'
ptd-server 2022-07-24 11:00:44,808 [INFO] Sending to ptd: 'SR,V,249.470000'
ptd-server 2022-07-24 11:00:46,337 [INFO] Reply from ptd: 'Range V changed'
ptd-server 2022-07-24 11:00:46,337 [INFO] Sending to ptd: 'SR,A,0.053840'
ptd-server 2022-07-24 11:00:47,839 [INFO] Reply from ptd: 'Range A changed'
ptd-server 2022-07-24 11:00:57,849 [INFO] Starting testing mode
ptd-server 2022-07-24 11:00:57,849 [INFO] Sending to ptd: 'Go,1000,0,2022-07-24_10-49-31_testing'
ptd-server 2022-07-24 11:00:57,850 [INFO] Reply from ptd: 'Starting untimed measurement, maximum 500000 samples at 1000ms with 0 rampup samples'
ptd-server 2022-07-24 11:00:57,850 [INFO] Sending reply to client 'OK'
ptd-server 2022-07-24 11:11:32,076 [INFO] Got command from the client 'session,2022-07-24_10-49-31,stop,testing'
ptd-server 2022-07-24 11:11:42,087 [INFO] Sending to ptd: 'Stop'
ptd-server 2022-07-24 11:11:42,087 [INFO] Reply from ptd: 'Stopping untimed measurement'
ptd-server 2022-07-24 11:11:42,436 [INFO] Sending reply to client 'OK'
ptd-server 2022-07-24 11:11:42,444 [INFO] Got command from the client 'session,2022-07-24_10-49-31,done'
ptd-server 2022-07-24 11:11:42,444 [INFO] Sending to ptd: 'Stop'
ptd-server 2022-07-24 11:11:42,850 [INFO] Reply from ptd: 'Error: no measurement to stop'
ptd-server 2022-07-24 11:11:42,851 [INFO] Sending to ptd: 'SR,V,Auto'
ptd-server 2022-07-24 11:11:43,353 [INFO] Reply from ptd: 'Range V changed'
ptd-server 2022-07-24 11:11:43,353 [INFO] Sending to ptd: 'SR,A,0.500000'
ptd-server 2022-07-24 11:11:44,855 [INFO] Reply from ptd: 'Range A changed'
ptd-server 2022-07-24 11:11:44,855 [INFO] Set initial values for Amps 0.500000 and Volts Auto
ptd-server 2022-07-24 11:11:44,855 [INFO] Stopping ptd...
