ptd-server 2022-07-25 00:01:36,012 [INFO] Got command from the client 'time'
ptd-server 2022-07-25 00:01:36,012 [INFO] Sending reply to client '1658703696.0127623'
ptd-server 2022-07-25 00:01:36,013 [INFO] Got command from the client 'new,,67b1e164-d294-4a24-839e-afdfe179cb49'
ptd-server 2022-07-25 00:01:36,014 [INFO] Sending reply to client 'OK 2022-07-25_00-01-36,4fe850f6-4c57-44e5-b672-bd1f4c3c5fe8'
ptd-server 2022-07-25 00:01:36,043 [INFO] Got command from the client 'time'
ptd-server 2022-07-25 00:01:36,043 [INFO] Sending reply to client '1658703696.0436833'
ptd-server 2022-07-25 00:01:36,044 [INFO] Got command from the client 'session,2022-07-25_00-01-36,start,ranging'
ptd-server 2022-07-25 00:01:36,045 [INFO] Running PTDaemon: ['/home/anton/projects/mlperf/power/inference_v1.0/ptd-linux-x86', '-l', '/tmp/tmp7lgbo8s4/ptd_logfile.txt', '-p', '8888', '49', '/dev/usbtmc0']
ptd-server 2022-07-25 00:01:53,219 [INFO] Sending to ptd: 'Hello'
ptd-server 2022-07-25 00:01:53,219 [INFO] Reply from ptd: 'Hello, PTDaemon here!'
ptd-server 2022-07-25 00:01:53,220 [INFO] Sending to ptd: 'Identify'
ptd-server 2022-07-25 00:01:53,220 [INFO] Reply from ptd: 'YokogawaWT310E,1000,1,1,1,1,0,1,1,version=1.9.2-e8c7a49a-20201208,OS=Linux 5.13.0-52-generic #59~20.04.1-Ubuntu SMP Thu Jun 16 21:21:28 UTC 2022 x86_64,mode=power,1,1,1,0,0,no_cal_date,YOKOGAWA;WT310E;C3XA04010E;F1.04'
ptd-server 2022-07-25 00:01:53,220 [INFO] Connected to PTDaemon
ptd-server 2022-07-25 00:01:53,220 [INFO] Sending to ptd: 'RR'
ptd-server 2022-07-25 00:01:53,221 [INFO] Reply from ptd: 'Ranges,0,0.500000,1,300.000000'
ptd-server 2022-07-25 00:01:53,221 [INFO] Initial range for Amps is 0.500000 for Volts is Auto
ptd-server 2022-07-25 00:01:53,221 [INFO] Sending to ptd: 'SR,V,Auto'
ptd-server 2022-07-25 00:01:53,724 [INFO] Reply from ptd: 'Range V changed'
ptd-server 2022-07-25 00:01:53,724 [INFO] Sending to ptd: 'SR,A,Auto'
ptd-server 2022-07-25 00:01:54,226 [INFO] Reply from ptd: 'Range A changed'
ptd-server 2022-07-25 00:02:04,237 [INFO] Starting ranging mode
ptd-server 2022-07-25 00:02:04,237 [INFO] Sending to ptd: 'Go,1000,0,2022-07-25_00-01-36_ranging'
ptd-server 2022-07-25 00:02:04,237 [INFO] Reply from ptd: 'Starting untimed measurement, maximum 500000 samples at 1000ms with 0 rampup samples'
ptd-server 2022-07-25 00:02:04,238 [INFO] Sending reply to client 'OK'
ptd-server 2022-07-25 00:12:22,428 [INFO] Got command from the client 'session,2022-07-25_00-01-36,stop,ranging'
ptd-server 2022-07-25 00:12:32,439 [INFO] Sending to ptd: 'Stop'
ptd-server 2022-07-25 00:12:32,439 [INFO] Reply from ptd: 'Stopping untimed measurement'
ptd-server 2022-07-25 00:12:33,178 [INFO] Sending reply to client 'OK'
ptd-server 2022-07-25 00:12:33,239 [INFO] Got command from the client 'time'
ptd-server 2022-07-25 00:12:33,239 [INFO] Sending reply to client '1658704353.239337'
ptd-server 2022-07-25 00:12:33,240 [INFO] Got command from the client 'session,2022-07-25_00-01-36,start,testing'
ptd-server 2022-07-25 00:12:33,240 [INFO] Sending to ptd: 'SR,V,251.150000'
ptd-server 2022-07-25 00:12:34,741 [INFO] Reply from ptd: 'Range V changed'
ptd-server 2022-07-25 00:12:34,742 [INFO] Sending to ptd: 'SR,A,0.047710'
ptd-server 2022-07-25 00:12:36,243 [INFO] Reply from ptd: 'Range A changed'
ptd-server 2022-07-25 00:12:46,253 [INFO] Starting testing mode
ptd-server 2022-07-25 00:12:46,253 [INFO] Sending to ptd: 'Go,1000,0,2022-07-25_00-01-36_testing'
ptd-server 2022-07-25 00:12:46,254 [INFO] Reply from ptd: 'Starting untimed measurement, maximum 500000 samples at 1000ms with 0 rampup samples'
ptd-server 2022-07-25 00:12:46,254 [INFO] Sending reply to client 'OK'
ptd-server 2022-07-25 00:23:04,373 [INFO] Got command from the client 'session,2022-07-25_00-01-36,stop,testing'
ptd-server 2022-07-25 00:23:14,383 [INFO] Sending to ptd: 'Stop'
ptd-server 2022-07-25 00:23:14,384 [INFO] Reply from ptd: 'Stopping untimed measurement'
ptd-server 2022-07-25 00:23:14,773 [INFO] Sending reply to client 'OK'
ptd-server 2022-07-25 00:23:14,781 [INFO] Got command from the client 'session,2022-07-25_00-01-36,done'
ptd-server 2022-07-25 00:23:14,781 [INFO] Sending to ptd: 'Stop'
ptd-server 2022-07-25 00:23:15,255 [INFO] Reply from ptd: 'Error: no measurement to stop'
ptd-server 2022-07-25 00:23:15,255 [INFO] Sending to ptd: 'SR,V,Auto'
ptd-server 2022-07-25 00:23:15,757 [INFO] Reply from ptd: 'Range V changed'
ptd-server 2022-07-25 00:23:15,758 [INFO] Sending to ptd: 'SR,A,0.500000'
ptd-server 2022-07-25 00:23:17,259 [INFO] Reply from ptd: 'Range A changed'
ptd-server 2022-07-25 00:23:17,259 [INFO] Set initial values for Amps 0.500000 and Volts Auto
ptd-server 2022-07-25 00:23:17,260 [INFO] Stopping ptd...
