ptd-server 2022-07-21 07:35:40,325 [INFO] Got command from the client 'time'
ptd-server 2022-07-21 07:35:40,325 [INFO] Sending reply to client '1658385340.3254812'
ptd-server 2022-07-21 07:35:40,326 [INFO] Got command from the client 'new,,af02125d-028f-4094-91ed-7b4aa9b8c1f9'
ptd-server 2022-07-21 07:35:40,327 [INFO] Sending reply to client 'OK 2022-07-21_07-35-40,0bca1daf-b33f-474c-9961-0daed534ad14'
ptd-server 2022-07-21 07:35:40,355 [INFO] Got command from the client 'time'
ptd-server 2022-07-21 07:35:40,355 [INFO] Sending reply to client '1658385340.3554013'
ptd-server 2022-07-21 07:35:40,356 [INFO] Got command from the client 'session,2022-07-21_07-35-40,start,ranging'
ptd-server 2022-07-21 07:35:40,356 [INFO] Running PTDaemon: ['/home/anton/projects/mlperf/power/inference_v1.0/ptd-linux-x86', '-l', '/tmp/tmp7lgbo8s4/ptd_logfile.txt', '-p', '8888', '49', '/dev/usbtmc0']
ptd-server 2022-07-21 07:35:57,530 [INFO] Sending to ptd: 'Hello'
ptd-server 2022-07-21 07:35:57,530 [INFO] Reply from ptd: 'Hello, PTDaemon here!'
ptd-server 2022-07-21 07:35:57,531 [INFO] Sending to ptd: 'Identify'
ptd-server 2022-07-21 07:35:57,531 [INFO] Reply from ptd: 'YokogawaWT310E,1000,1,1,1,1,0,1,1,version=1.9.2-e8c7a49a-20201208,OS=Linux 5.13.0-52-generic #59~20.04.1-Ubuntu SMP Thu Jun 16 21:21:28 UTC 2022 x86_64,mode=power,1,1,1,0,0,no_cal_date,YOKOGAWA;WT310E;C3XA04010E;F1.04'
ptd-server 2022-07-21 07:35:57,531 [INFO] Connected to PTDaemon
ptd-server 2022-07-21 07:35:57,531 [INFO] Sending to ptd: 'RR'
ptd-server 2022-07-21 07:35:57,532 [INFO] Reply from ptd: 'Ranges,0,0.500000,1,300.000000'
ptd-server 2022-07-21 07:35:57,532 [INFO] Initial range for Amps is 0.500000 for Volts is Auto
ptd-server 2022-07-21 07:35:57,532 [INFO] Sending to ptd: 'SR,V,Auto'
ptd-server 2022-07-21 07:35:58,034 [INFO] Reply from ptd: 'Range V changed'
ptd-server 2022-07-21 07:35:58,034 [INFO] Sending to ptd: 'SR,A,Auto'
ptd-server 2022-07-21 07:35:58,537 [INFO] Reply from ptd: 'Range A changed'
ptd-server 2022-07-21 07:36:08,547 [INFO] Starting ranging mode
ptd-server 2022-07-21 07:36:08,547 [INFO] Sending to ptd: 'Go,1000,0,2022-07-21_07-35-40_ranging'
ptd-server 2022-07-21 07:36:08,548 [INFO] Reply from ptd: 'Starting untimed measurement, maximum 500000 samples at 1000ms with 0 rampup samples'
ptd-server 2022-07-21 07:36:08,548 [INFO] Sending reply to client 'OK'
ptd-server 2022-07-21 07:46:30,016 [INFO] Got command from the client 'session,2022-07-21_07-35-40,stop,ranging'
ptd-server 2022-07-21 07:46:40,027 [INFO] Sending to ptd: 'Stop'
ptd-server 2022-07-21 07:46:40,027 [INFO] Reply from ptd: 'Stopping untimed measurement'
ptd-server 2022-07-21 07:46:40,331 [INFO] Sending reply to client 'OK'
ptd-server 2022-07-21 07:46:40,371 [INFO] Got command from the client 'time'
ptd-server 2022-07-21 07:46:40,371 [INFO] Sending reply to client '1658386000.371767'
ptd-server 2022-07-21 07:46:40,372 [INFO] Got command from the client 'session,2022-07-21_07-35-40,start,testing'
ptd-server 2022-07-21 07:46:40,372 [INFO] Sending to ptd: 'SR,V,251.360000'
ptd-server 2022-07-21 07:46:42,049 [INFO] Reply from ptd: 'Range V changed'
ptd-server 2022-07-21 07:46:42,050 [INFO] Sending to ptd: 'SR,A,0.073650'
ptd-server 2022-07-21 07:46:43,551 [INFO] Reply from ptd: 'Range A changed'
ptd-server 2022-07-21 07:46:53,561 [INFO] Starting testing mode
ptd-server 2022-07-21 07:46:53,561 [INFO] Sending to ptd: 'Go,1000,0,2022-07-21_07-35-40_testing'
ptd-server 2022-07-21 07:46:53,562 [INFO] Reply from ptd: 'Starting untimed measurement, maximum 500000 samples at 1000ms with 0 rampup samples'
ptd-server 2022-07-21 07:46:53,562 [INFO] Sending reply to client 'OK'
ptd-server 2022-07-21 07:57:14,415 [INFO] Got command from the client 'session,2022-07-21_07-35-40,stop,testing'
ptd-server 2022-07-21 07:57:24,425 [INFO] Sending to ptd: 'Stop'
ptd-server 2022-07-21 07:57:24,426 [INFO] Reply from ptd: 'Stopping untimed measurement'
ptd-server 2022-07-21 07:57:24,592 [INFO] Sending reply to client 'OK'
ptd-server 2022-07-21 07:57:24,600 [INFO] Got command from the client 'session,2022-07-21_07-35-40,done'
ptd-server 2022-07-21 07:57:24,600 [INFO] Sending to ptd: 'Stop'
ptd-server 2022-07-21 07:57:24,601 [INFO] Reply from ptd: 'Error: no measurement to stop'
ptd-server 2022-07-21 07:57:24,601 [INFO] Sending to ptd: 'SR,V,Auto'
ptd-server 2022-07-21 07:57:25,103 [INFO] Reply from ptd: 'Range V changed'
ptd-server 2022-07-21 07:57:25,103 [INFO] Sending to ptd: 'SR,A,0.500000'
ptd-server 2022-07-21 07:57:26,605 [INFO] Reply from ptd: 'Range A changed'
ptd-server 2022-07-21 07:57:26,605 [INFO] Set initial values for Amps 0.500000 and Volts Auto
ptd-server 2022-07-21 07:57:26,605 [INFO] Stopping ptd...
