ptd-server 2022-07-27 15:41:36,064 [INFO] Got command from the client 'time'
ptd-server 2022-07-27 15:41:36,064 [INFO] Sending reply to client '1658932896.0641913'
ptd-server 2022-07-27 15:41:36,068 [INFO] Got command from the client 'new,,dd4d5a52-107f-4d43-b044-08561f72b1b6'
ptd-server 2022-07-27 15:41:36,068 [INFO] Sending reply to client 'OK 2022-07-27_15-41-36,c96d151a-d7c1-4bf7-9cda-cf9c8f7256ea'
ptd-server 2022-07-27 15:41:36,104 [INFO] Got command from the client 'time'
ptd-server 2022-07-27 15:41:36,104 [INFO] Sending reply to client '1658932896.104672'
ptd-server 2022-07-27 15:41:36,109 [INFO] Got command from the client 'session,2022-07-27_15-41-36,start,ranging'
ptd-server 2022-07-27 15:41:36,110 [INFO] Running PTDaemon: ['/home/anton/projects/mlperf/power/inference_v1.0/ptd-linux-x86', '-l', '/tmp/tmp7lgbo8s4/ptd_logfile.txt', '-p', '8888', '49', '/dev/usbtmc0']
ptd-server 2022-07-27 15:41:53,285 [INFO] Sending to ptd: 'Hello'
ptd-server 2022-07-27 15:41:53,285 [INFO] Reply from ptd: 'Hello, PTDaemon here!'
ptd-server 2022-07-27 15:41:53,286 [INFO] Sending to ptd: 'Identify'
ptd-server 2022-07-27 15:41:53,286 [INFO] Reply from ptd: 'YokogawaWT310E,1000,1,1,1,1,0,1,1,version=1.9.2-e8c7a49a-20201208,OS=Linux 5.13.0-52-generic #59~20.04.1-Ubuntu SMP Thu Jun 16 21:21:28 UTC 2022 x86_64,mode=power,1,1,1,0,0,no_cal_date,YOKOGAWA;WT310E;C3XA04010E;F1.04'
ptd-server 2022-07-27 15:41:53,286 [INFO] Connected to PTDaemon
ptd-server 2022-07-27 15:41:53,286 [INFO] Sending to ptd: 'RR'
ptd-server 2022-07-27 15:41:53,286 [INFO] Reply from ptd: 'Ranges,0,0.500000,1,300.000000'
ptd-server 2022-07-27 15:41:53,287 [INFO] Initial range for Amps is 0.500000 for Volts is Auto
ptd-server 2022-07-27 15:41:53,287 [INFO] Sending to ptd: 'SR,V,Auto'
ptd-server 2022-07-27 15:41:53,789 [INFO] Reply from ptd: 'Range V changed'
ptd-server 2022-07-27 15:41:53,789 [INFO] Sending to ptd: 'SR,A,Auto'
ptd-server 2022-07-27 15:41:54,292 [INFO] Reply from ptd: 'Range A changed'
ptd-server 2022-07-27 15:42:04,302 [INFO] Starting ranging mode
ptd-server 2022-07-27 15:42:04,302 [INFO] Sending to ptd: 'Go,1000,0,2022-07-27_15-41-36_ranging'
ptd-server 2022-07-27 15:42:04,303 [INFO] Reply from ptd: 'Starting untimed measurement, maximum 500000 samples at 1000ms with 0 rampup samples'
ptd-server 2022-07-27 15:42:04,303 [INFO] Sending reply to client 'OK'
ptd-server 2022-07-27 15:52:19,714 [INFO] Got command from the client 'session,2022-07-27_15-41-36,stop,ranging'
ptd-server 2022-07-27 15:52:29,725 [INFO] Sending to ptd: 'Stop'
ptd-server 2022-07-27 15:52:29,725 [INFO] Reply from ptd: 'Stopping untimed measurement'
ptd-server 2022-07-27 15:52:30,716 [INFO] Sending reply to client 'OK'
ptd-server 2022-07-27 15:52:30,862 [INFO] Got command from the client 'time'
ptd-server 2022-07-27 15:52:30,862 [INFO] Sending reply to client '1658933550.8627782'
ptd-server 2022-07-27 15:52:30,866 [INFO] Got command from the client 'session,2022-07-27_15-41-36,start,testing'
ptd-server 2022-07-27 15:52:30,867 [INFO] Sending to ptd: 'SR,V,250.240000'
ptd-server 2022-07-27 15:52:32,368 [INFO] Reply from ptd: 'Range V changed'
ptd-server 2022-07-27 15:52:32,368 [INFO] Sending to ptd: 'SR,A,0.041890'
ptd-server 2022-07-27 15:52:33,869 [INFO] Reply from ptd: 'Range A changed'
ptd-server 2022-07-27 15:52:43,880 [INFO] Starting testing mode
ptd-server 2022-07-27 15:52:43,880 [INFO] Sending to ptd: 'Go,1000,0,2022-07-27_15-41-36_testing'
ptd-server 2022-07-27 15:52:43,880 [INFO] Reply from ptd: 'Starting untimed measurement, maximum 500000 samples at 1000ms with 0 rampup samples'
ptd-server 2022-07-27 15:52:43,881 [INFO] Sending reply to client 'OK'
ptd-server 2022-07-27 16:02:59,147 [INFO] Got command from the client 'session,2022-07-27_15-41-36,stop,testing'
ptd-server 2022-07-27 16:03:09,157 [INFO] Sending to ptd: 'Stop'
ptd-server 2022-07-27 16:03:09,158 [INFO] Reply from ptd: 'Stopping untimed measurement'
ptd-server 2022-07-27 16:03:09,659 [INFO] Sending reply to client 'OK'
ptd-server 2022-07-27 16:03:09,679 [INFO] Got command from the client 'session,2022-07-27_15-41-36,done'
ptd-server 2022-07-27 16:03:09,680 [INFO] Sending to ptd: 'Stop'
ptd-server 2022-07-27 16:03:09,881 [INFO] Reply from ptd: 'Error: no measurement to stop'
ptd-server 2022-07-27 16:03:09,881 [INFO] Sending to ptd: 'SR,V,Auto'
ptd-server 2022-07-27 16:03:10,383 [INFO] Reply from ptd: 'Range V changed'
ptd-server 2022-07-27 16:03:10,383 [INFO] Sending to ptd: 'SR,A,0.500000'
ptd-server 2022-07-27 16:03:11,885 [INFO] Reply from ptd: 'Range A changed'
ptd-server 2022-07-27 16:03:11,885 [INFO] Set initial values for Amps 0.500000 and Volts Auto
ptd-server 2022-07-27 16:03:11,885 [INFO] Stopping ptd...
