ptd-server 2022-07-26 18:59:25,371 [INFO] Got command from the client 'time'
ptd-server 2022-07-26 18:59:25,371 [INFO] Sending reply to client '1658858365.3711863'
ptd-server 2022-07-26 18:59:25,374 [INFO] Got command from the client 'new,,28ede082-0637-43bd-8754-2d6640dc9ffd'
ptd-server 2022-07-26 18:59:25,374 [INFO] Sending reply to client 'OK 2022-07-26_18-59-25,42d5b857-30d5-49f2-a3fa-844f1092bda7'
ptd-server 2022-07-26 18:59:25,417 [INFO] Got command from the client 'time'
ptd-server 2022-07-26 18:59:25,417 [INFO] Sending reply to client '1658858365.4175177'
ptd-server 2022-07-26 18:59:25,420 [INFO] Got command from the client 'session,2022-07-26_18-59-25,start,ranging'
ptd-server 2022-07-26 18:59:25,421 [INFO] Running PTDaemon: ['/home/anton/projects/mlperf/power/inference_v1.0/ptd-linux-x86', '-l', '/tmp/tmp7lgbo8s4/ptd_logfile.txt', '-p', '8888', '49', '/dev/usbtmc0']
ptd-server 2022-07-26 18:59:42,595 [INFO] Sending to ptd: 'Hello'
ptd-server 2022-07-26 18:59:42,596 [INFO] Reply from ptd: 'Hello, PTDaemon here!'
ptd-server 2022-07-26 18:59:42,596 [INFO] Sending to ptd: 'Identify'
ptd-server 2022-07-26 18:59:42,596 [INFO] Reply from ptd: 'YokogawaWT310E,1000,1,1,1,1,0,1,1,version=1.9.2-e8c7a49a-20201208,OS=Linux 5.13.0-52-generic #59~20.04.1-Ubuntu SMP Thu Jun 16 21:21:28 UTC 2022 x86_64,mode=power,1,1,1,0,0,no_cal_date,YOKOGAWA;WT310E;C3XA04010E;F1.04'
ptd-server 2022-07-26 18:59:42,596 [INFO] Connected to PTDaemon
ptd-server 2022-07-26 18:59:42,597 [INFO] Sending to ptd: 'RR'
ptd-server 2022-07-26 18:59:42,597 [INFO] Reply from ptd: 'Ranges,0,0.500000,1,300.000000'
ptd-server 2022-07-26 18:59:42,597 [INFO] Initial range for Amps is 0.500000 for Volts is Auto
ptd-server 2022-07-26 18:59:42,597 [INFO] Sending to ptd: 'SR,V,Auto'
ptd-server 2022-07-26 18:59:43,100 [INFO] Reply from ptd: 'Range V changed'
ptd-server 2022-07-26 18:59:43,100 [INFO] Sending to ptd: 'SR,A,Auto'
ptd-server 2022-07-26 18:59:43,602 [INFO] Reply from ptd: 'Range A changed'
ptd-server 2022-07-26 18:59:53,613 [INFO] Starting ranging mode
ptd-server 2022-07-26 18:59:53,613 [INFO] Sending to ptd: 'Go,1000,0,2022-07-26_18-59-25_ranging'
ptd-server 2022-07-26 18:59:53,613 [INFO] Reply from ptd: 'Starting untimed measurement, maximum 500000 samples at 1000ms with 0 rampup samples'
ptd-server 2022-07-26 18:59:53,614 [INFO] Sending reply to client 'OK'
ptd-server 2022-07-26 19:10:07,868 [INFO] Got command from the client 'session,2022-07-26_18-59-25,stop,ranging'
ptd-server 2022-07-26 19:10:17,878 [INFO] Sending to ptd: 'Stop'
ptd-server 2022-07-26 19:10:17,878 [INFO] Reply from ptd: 'Stopping untimed measurement'
ptd-server 2022-07-26 19:10:18,737 [INFO] Sending reply to client 'OK'
ptd-server 2022-07-26 19:10:18,814 [INFO] Got command from the client 'time'
ptd-server 2022-07-26 19:10:18,814 [INFO] Sending reply to client '1658859018.8142977'
ptd-server 2022-07-26 19:10:18,817 [INFO] Got command from the client 'session,2022-07-26_18-59-25,start,testing'
ptd-server 2022-07-26 19:10:18,818 [INFO] Sending to ptd: 'SR,V,249.260000'
ptd-server 2022-07-26 19:10:20,319 [INFO] Reply from ptd: 'Range V changed'
ptd-server 2022-07-26 19:10:20,319 [INFO] Sending to ptd: 'SR,A,0.058200'
ptd-server 2022-07-26 19:10:21,821 [INFO] Reply from ptd: 'Range A changed'
ptd-server 2022-07-26 19:10:31,831 [INFO] Starting testing mode
ptd-server 2022-07-26 19:10:31,831 [INFO] Sending to ptd: 'Go,1000,0,2022-07-26_18-59-25_testing'
ptd-server 2022-07-26 19:10:31,831 [INFO] Reply from ptd: 'Starting untimed measurement, maximum 500000 samples at 1000ms with 0 rampup samples'
ptd-server 2022-07-26 19:10:31,832 [INFO] Sending reply to client 'OK'
ptd-server 2022-07-26 19:20:46,435 [INFO] Got command from the client 'session,2022-07-26_18-59-25,stop,testing'
ptd-server 2022-07-26 19:20:56,445 [INFO] Sending to ptd: 'Stop'
ptd-server 2022-07-26 19:20:56,446 [INFO] Reply from ptd: 'Stopping untimed measurement'
ptd-server 2022-07-26 19:20:56,891 [INFO] Sending reply to client 'OK'
ptd-server 2022-07-26 19:20:56,909 [INFO] Got command from the client 'session,2022-07-26_18-59-25,done'
ptd-server 2022-07-26 19:20:56,909 [INFO] Sending to ptd: 'Stop'
ptd-server 2022-07-26 19:20:56,910 [INFO] Reply from ptd: 'Error: no measurement to stop'
ptd-server 2022-07-26 19:20:56,910 [INFO] Sending to ptd: 'SR,V,Auto'
ptd-server 2022-07-26 19:20:57,412 [INFO] Reply from ptd: 'Range V changed'
ptd-server 2022-07-26 19:20:57,413 [INFO] Sending to ptd: 'SR,A,0.500000'
ptd-server 2022-07-26 19:20:58,914 [INFO] Reply from ptd: 'Range A changed'
ptd-server 2022-07-26 19:20:58,914 [INFO] Set initial values for Amps 0.500000 and Volts Auto
ptd-server 2022-07-26 19:20:58,914 [INFO] Stopping ptd...
