client 2022-07-19 12:55:15,933 [WARNING] Removing loadgen logs directory '/home/firefly/CK/ck-mlperf/program/image-classification-tflite-loadgen/tmp/loadgen_logs'
client 2022-07-19 12:55:15,937 [INFO] Sending command to the server: 'mlcommons/power client v3'
client 2022-07-19 12:55:15,941 [INFO] Got response: 'mlcommons/power server v3'
client 2022-07-19 12:55:15,941 [INFO] Synchronizing with the server and with time.google.com...
client 2022-07-19 12:55:15,983 [INFO] NTP:offset = -0.000 s, delay = 0.035 s 
client 2022-07-19 12:55:15,984 [INFO] Sending command to the server: 'time'
client 2022-07-19 12:55:15,987 [INFO] Got response: '1658231715.9874718'
client 2022-07-19 12:55:15,987 [INFO] The time difference between the client and the server is within range -3.490 ms..0.051 ms
client 2022-07-19 12:55:15,987 [INFO] Sending command to the server: 'new,,41f10192-3ac3-417a-982b-13df0d56fd3b'
client 2022-07-19 12:55:15,991 [INFO] Got response: 'OK 2022-07-19_12-55-15,76f81011-ee69-49a9-a9e0-142ac018d229'
client 2022-07-19 12:55:15,991 [INFO] Session id is '2022-07-19_12-55-15'
client 2022-07-19 12:55:15,991 [INFO] Sources: {"sources": {"__init__.py": "da39a3ee5e6b4b0d3255bfef95601890afd80709", "client.py": "33ca4f26368777ac06e01f9567b714a4b8063886", "lib/__init__.py": "da39a3ee5e6b4b0d3255bfef95601890afd80709", "lib/client.py": "4c2b78fb4849a7e5b584ef792d82aaed20b17f57", "lib/common.py": "624d0c0acc7c39aaff3674f0b99d6a09da53d1dc", "lib/external/__init__.py": "da39a3ee5e6b4b0d3255bfef95601890afd80709", "lib/external/ntplib.py": "4da8f970656505a40483206ef2b5d3dd5e81711d", "lib/server.py": "cda0cdfaee9bfa1249c64a7dd4f89b7bf1b279f0", "lib/source_hashes.py": "60a2e02193209e8d392803326208d5466342da18", "lib/summary.py": "aa92f0a3f975eecd44d3c0cd0236342ccc9f941d", "lib/time_sync.py": "3210db56eb0ff0df57bf4293dc4d4b03fffd46f1", "server.py": "c3f90f2f7eeb4db30727556d0c815ebc89b3d28b", "tests/unit/__init__.py": "da39a3ee5e6b4b0d3255bfef95601890afd80709", "tests/unit/test_server.py": "99ae15aef722f2000ee6ed1ae1523637bf1ae42b", "tests/unit/test_source_hashes.py": "00468a2907583c593e6574a1f6b404e4651c221a"}, "modules": {"ptd_client_server.lib.client": "lib/client.py", "ptd_client_server.lib.common": "lib/common.py", "ptd_client_server.lib.external.ntplib": "lib/external/ntplib.py", "ptd_client_server.lib.source_hashes": "lib/source_hashes.py", "ptd_client_server.lib.summary": "lib/summary.py", "ptd_client_server.lib.time_sync": "lib/time_sync.py"}}
client 2022-07-19 12:55:15,992 [INFO] Running workload in ranging mode
client 2022-07-19 12:55:15,992 [INFO] Synchronizing with the server and with time.google.com...
client 2022-07-19 12:55:16,023 [INFO] NTP:offset = 0.002 s, delay = 0.027 s 
client 2022-07-19 12:55:16,023 [INFO] Sending command to the server: 'time'
client 2022-07-19 12:55:16,027 [INFO] Got response: '1658231716.0272322'
client 2022-07-19 12:55:16,028 [INFO] The time difference between the client and the server is within range -3.424 ms..0.831 ms
client 2022-07-19 12:55:16,029 [INFO] Sending command to the server: 'session,2022-07-19_12-55-15,start,ranging'
client 2022-07-19 12:55:44,325 [INFO] Got response: 'OK'
client 2022-07-19 12:55:44,326 [INFO] Running the workload 'ck benchmark program:image-classification-tflite-loadgen --env.CK_SILENT_MODE=YES --skip_print_timers --dep_add_tags.compiler=gcc,v9 --dep_add_tags.python=v3 --dep_add_tags.mlperf-inference-src=r2.1 --dep_add_tags.weights=mobilenet,v1-1.0-224,quantized --dep_add_tags.images=crop.875,preprocessed,using-opencv --dep_add_tags.library=tflite,v2.7.1,with.ruy --env.CK_LOADGEN_DATASET_SIZE=1024 --env.CK_LOADGEN_MODE=PerformanceOnly --env.CK_LOADGEN_SCENARIO=SingleStream --env.CK_LOADGEN_TARGET_LATENCY=$CK_LOADGEN_TARGET_LATENCY --skip_stat_analysis --process_multi_keys --repetitions=1 --record --record_repo=local --record_uoa=mlperf_v2.1-open-firefly-tflite-v2.7.1-ruy-mobilenet-v1-1.0-224-quantized-singlestream-performance-target_latency.$CK_LOADGEN_TARGET_LATENCY-power.workload --tags=mlperf,round.v2.1,division.open,task.image-classification,platform.firefly,scenario.singlestream,mode.performance,workload.mobilenet-v1-1.0-224-quantized,preprocessed_using.opencv,inference_engine.tflite,inference_engine_version.v2.7.1,inference_engine_backend.ruy,target_latency.$CK_LOADGEN_TARGET_LATENCY,power.workload "@@@{\'meta\': {\'ck_benchmark_program\': \'ck benchmark program:image-classification-tflite-loadgen --env.CK_SILENT_MODE=YES --skip_print_timers --dep_add_tags.compiler=gcc,v9 --dep_add_tags.python=v3 --dep_add_tags.mlperf-inference-src=r2.1 --dep_add_tags.weights=mobilenet,v1-1.0-224,quantized --dep_add_tags.images=crop.875,preprocessed,using-opencv --dep_add_tags.library=tflite,v2.7.1,with.ruy --env.CK_LOADGEN_DATASET_SIZE=1024 --env.CK_LOADGEN_MODE=PerformanceOnly --env.CK_LOADGEN_SCENARIO=SingleStream --env.CK_LOADGEN_TARGET_LATENCY=$CK_LOADGEN_TARGET_LATENCY --skip_stat_analysis --process_multi_keys --repetitions=1 --record --record_repo=local --record_uoa=mlperf_v2.1-open-firefly-tflite-v2.7.1-ruy-mobilenet-v1-1.0-224-quantized-singlestream-performance-target_latency.$CK_LOADGEN_TARGET_LATENCY-power.workload --tags=mlperf,round.v2.1,division.open,task.image-classification,platform.firefly,scenario.singlestream,mode.performance,workload.mobilenet-v1-1.0-224-quantized,preprocessed_using.opencv,inference_engine.tflite,inference_engine_version.v2.7.1,inference_engine_backend.ruy,target_latency.$CK_LOADGEN_TARGET_LATENCY,power.workload\'}}" && cat `ck find program:image-classification-tflite-loadgen`/tmp/mlperf_log_summary.txt && mkdir -p "$CK_MLPERF_POWER_CLIENT_LOADGEN_LOGS" && cp "$CK_MLPERF_POWER_CLIENT_LOADGEN_LOGS"/../mlperf_log_* "$CK_MLPERF_POWER_CLIENT_LOADGEN_LOGS"/'
client 2022-07-19 13:06:02,408 [INFO] Sending command to the server: 'session,2022-07-19_12-55-15,stop,ranging'
client 2022-07-19 13:06:12,562 [INFO] Got response: 'OK'
client 2022-07-19 13:06:12,583 [INFO] Copying loadgen logs from '/home/firefly/CK/ck-mlperf/program/image-classification-tflite-loadgen/tmp/loadgen_logs' to '/home/firefly/CK/ck-mlperf/program/mlperf-power-client/tmp/2022-07-19_12-55-15/ranging'
client 2022-07-19 13:06:12,586 [INFO] Running workload in testing mode
client 2022-07-19 13:06:12,587 [INFO] Synchronizing with the server and with time.google.com...
client 2022-07-19 13:06:12,620 [INFO] NTP:offset = 0.002 s, delay = 0.028 s 
client 2022-07-19 13:06:12,621 [INFO] Sending command to the server: 'time'
client 2022-07-19 13:06:12,625 [INFO] Got response: '1658232372.6254776'
client 2022-07-19 13:06:12,626 [INFO] The time difference between the client and the server is within range -3.953 ms..0.801 ms
client 2022-07-19 13:06:12,627 [INFO] Sending command to the server: 'session,2022-07-19_12-55-15,start,testing'
client 2022-07-19 13:06:26,237 [INFO] Got response: 'OK'
client 2022-07-19 13:06:26,238 [INFO] Running the workload 'ck benchmark program:image-classification-tflite-loadgen --env.CK_SILENT_MODE=YES --skip_print_timers --dep_add_tags.compiler=gcc,v9 --dep_add_tags.python=v3 --dep_add_tags.mlperf-inference-src=r2.1 --dep_add_tags.weights=mobilenet,v1-1.0-224,quantized --dep_add_tags.images=crop.875,preprocessed,using-opencv --dep_add_tags.library=tflite,v2.7.1,with.ruy --env.CK_LOADGEN_DATASET_SIZE=1024 --env.CK_LOADGEN_MODE=PerformanceOnly --env.CK_LOADGEN_SCENARIO=SingleStream --env.CK_LOADGEN_TARGET_LATENCY=$CK_LOADGEN_TARGET_LATENCY --skip_stat_analysis --process_multi_keys --repetitions=1 --record --record_repo=local --record_uoa=mlperf_v2.1-open-firefly-tflite-v2.7.1-ruy-mobilenet-v1-1.0-224-quantized-singlestream-performance-target_latency.$CK_LOADGEN_TARGET_LATENCY-power.workload --tags=mlperf,round.v2.1,division.open,task.image-classification,platform.firefly,scenario.singlestream,mode.performance,workload.mobilenet-v1-1.0-224-quantized,preprocessed_using.opencv,inference_engine.tflite,inference_engine_version.v2.7.1,inference_engine_backend.ruy,target_latency.$CK_LOADGEN_TARGET_LATENCY,power.workload "@@@{\'meta\': {\'ck_benchmark_program\': \'ck benchmark program:image-classification-tflite-loadgen --env.CK_SILENT_MODE=YES --skip_print_timers --dep_add_tags.compiler=gcc,v9 --dep_add_tags.python=v3 --dep_add_tags.mlperf-inference-src=r2.1 --dep_add_tags.weights=mobilenet,v1-1.0-224,quantized --dep_add_tags.images=crop.875,preprocessed,using-opencv --dep_add_tags.library=tflite,v2.7.1,with.ruy --env.CK_LOADGEN_DATASET_SIZE=1024 --env.CK_LOADGEN_MODE=PerformanceOnly --env.CK_LOADGEN_SCENARIO=SingleStream --env.CK_LOADGEN_TARGET_LATENCY=$CK_LOADGEN_TARGET_LATENCY --skip_stat_analysis --process_multi_keys --repetitions=1 --record --record_repo=local --record_uoa=mlperf_v2.1-open-firefly-tflite-v2.7.1-ruy-mobilenet-v1-1.0-224-quantized-singlestream-performance-target_latency.$CK_LOADGEN_TARGET_LATENCY-power.workload --tags=mlperf,round.v2.1,division.open,task.image-classification,platform.firefly,scenario.singlestream,mode.performance,workload.mobilenet-v1-1.0-224-quantized,preprocessed_using.opencv,inference_engine.tflite,inference_engine_version.v2.7.1,inference_engine_backend.ruy,target_latency.$CK_LOADGEN_TARGET_LATENCY,power.workload\'}}" && cat `ck find program:image-classification-tflite-loadgen`/tmp/mlperf_log_summary.txt && mkdir -p "$CK_MLPERF_POWER_CLIENT_LOADGEN_LOGS" && cp "$CK_MLPERF_POWER_CLIENT_LOADGEN_LOGS"/../mlperf_log_* "$CK_MLPERF_POWER_CLIENT_LOADGEN_LOGS"/'
client 2022-07-19 13:16:44,339 [INFO] Sending command to the server: 'session,2022-07-19_12-55-15,stop,testing'
client 2022-07-19 13:16:54,401 [INFO] Got response: 'OK'
client 2022-07-19 13:16:54,409 [INFO] Copying loadgen logs from '/home/firefly/CK/ck-mlperf/program/image-classification-tflite-loadgen/tmp/loadgen_logs' to '/home/firefly/CK/ck-mlperf/program/mlperf-power-client/tmp/2022-07-19_12-55-15/run_1'
client 2022-07-19 13:16:54,411 [INFO] Done runs
