ptd-server 2022-08-01 08:38:40,207 [INFO] Got command from the client 'time'
ptd-server 2022-08-01 08:38:40,207 [INFO] Sending reply to client '1659339520.2072363'
ptd-server 2022-08-01 08:38:40,208 [INFO] Got command from the client 'new,,a3ccfcba-9b4a-45c2-aa89-98c999b73468'
ptd-server 2022-08-01 08:38:40,208 [INFO] Sending reply to client 'OK 2022-08-01_08-38-40,39ac1f15-e16a-4f0e-ab7d-35b5312151fc'
ptd-server 2022-08-01 08:38:40,237 [INFO] Got command from the client 'time'
ptd-server 2022-08-01 08:38:40,237 [INFO] Sending reply to client '1659339520.2376068'
ptd-server 2022-08-01 08:38:40,238 [INFO] Got command from the client 'session,2022-08-01_08-38-40,start,ranging'
ptd-server 2022-08-01 08:38:40,239 [INFO] Running PTDaemon: ['/home/anton/projects/mlperf/power/inference_v1.0/ptd-linux-x86', '-l', '/tmp/tmp7lgbo8s4/ptd_logfile.txt', '-p', '8888', '49', '/dev/usbtmc0']
ptd-server 2022-08-01 08:38:57,413 [INFO] Sending to ptd: 'Hello'
ptd-server 2022-08-01 08:38:57,413 [INFO] Reply from ptd: 'Hello, PTDaemon here!'
ptd-server 2022-08-01 08:38:57,413 [INFO] Sending to ptd: 'Identify'
ptd-server 2022-08-01 08:38:57,414 [INFO] Reply from ptd: 'YokogawaWT310E,1000,1,1,1,1,0,1,1,version=1.9.2-e8c7a49a-20201208,OS=Linux 5.13.0-52-generic #59~20.04.1-Ubuntu SMP Thu Jun 16 21:21:28 UTC 2022 x86_64,mode=power,1,1,1,0,0,no_cal_date,YOKOGAWA;WT310E;C3XA04010E;F1.04'
ptd-server 2022-08-01 08:38:57,414 [INFO] Connected to PTDaemon
ptd-server 2022-08-01 08:38:57,414 [INFO] Sending to ptd: 'RR'
ptd-server 2022-08-01 08:38:57,414 [INFO] Reply from ptd: 'Ranges,0,0.500000,1,300.000000'
ptd-server 2022-08-01 08:38:57,414 [INFO] Initial range for Amps is 0.500000 for Volts is Auto
ptd-server 2022-08-01 08:38:57,415 [INFO] Sending to ptd: 'SR,V,Auto'
ptd-server 2022-08-01 08:38:57,917 [INFO] Reply from ptd: 'Range V changed'
ptd-server 2022-08-01 08:38:57,917 [INFO] Sending to ptd: 'SR,A,Auto'
ptd-server 2022-08-01 08:38:58,420 [INFO] Reply from ptd: 'Range A changed'
ptd-server 2022-08-01 08:39:08,430 [INFO] Starting ranging mode
ptd-server 2022-08-01 08:39:08,430 [INFO] Sending to ptd: 'Go,1000,0,2022-08-01_08-38-40_ranging'
ptd-server 2022-08-01 08:39:08,431 [INFO] Reply from ptd: 'Starting untimed measurement, maximum 500000 samples at 1000ms with 0 rampup samples'
ptd-server 2022-08-01 08:39:08,431 [INFO] Sending reply to client 'OK'
ptd-server 2022-08-01 08:49:35,142 [INFO] Got command from the client 'session,2022-08-01_08-38-40,stop,ranging'
ptd-server 2022-08-01 08:49:45,152 [INFO] Sending to ptd: 'Stop'
ptd-server 2022-08-01 08:49:45,152 [INFO] Reply from ptd: 'Stopping untimed measurement'
ptd-server 2022-08-01 08:49:46,527 [INFO] Sending reply to client 'OK'
ptd-server 2022-08-01 08:49:46,585 [INFO] Got command from the client 'time'
ptd-server 2022-08-01 08:49:46,585 [INFO] Sending reply to client '1659340186.5857975'
ptd-server 2022-08-01 08:49:46,587 [INFO] Got command from the client 'session,2022-08-01_08-38-40,start,testing'
ptd-server 2022-08-01 08:49:46,587 [INFO] Sending to ptd: 'SR,V,250.040000'
ptd-server 2022-08-01 08:49:48,088 [INFO] Reply from ptd: 'Range V changed'
ptd-server 2022-08-01 08:49:48,088 [INFO] Sending to ptd: 'SR,A,0.270930'
ptd-server 2022-08-01 08:49:49,590 [INFO] Reply from ptd: 'Range A changed'
ptd-server 2022-08-01 08:49:59,600 [INFO] Starting testing mode
ptd-server 2022-08-01 08:49:59,600 [INFO] Sending to ptd: 'Go,1000,0,2022-08-01_08-38-40_testing'
ptd-server 2022-08-01 08:49:59,601 [INFO] Reply from ptd: 'Starting untimed measurement, maximum 500000 samples at 1000ms with 0 rampup samples'
ptd-server 2022-08-01 08:49:59,601 [INFO] Sending reply to client 'OK'
ptd-server 2022-08-01 09:00:13,557 [INFO] Got command from the client 'session,2022-08-01_08-38-40,stop,testing'
ptd-server 2022-08-01 09:00:23,567 [INFO] Sending to ptd: 'Stop'
ptd-server 2022-08-01 09:00:23,568 [INFO] Reply from ptd: 'Stopping untimed measurement'
ptd-server 2022-08-01 09:00:24,268 [INFO] Sending reply to client 'OK'
ptd-server 2022-08-01 09:00:24,280 [INFO] Got command from the client 'session,2022-08-01_08-38-40,done'
ptd-server 2022-08-01 09:00:24,280 [INFO] Sending to ptd: 'Stop'
ptd-server 2022-08-01 09:00:24,280 [INFO] Reply from ptd: 'Error: no measurement to stop'
ptd-server 2022-08-01 09:00:24,280 [INFO] Sending to ptd: 'SR,V,Auto'
ptd-server 2022-08-01 09:00:24,783 [INFO] Reply from ptd: 'Range V changed'
ptd-server 2022-08-01 09:00:24,783 [INFO] Sending to ptd: 'SR,A,0.500000'
ptd-server 2022-08-01 09:00:26,284 [INFO] Reply from ptd: 'Range A changed'
ptd-server 2022-08-01 09:00:26,284 [INFO] Set initial values for Amps 0.500000 and Volts Auto
ptd-server 2022-08-01 09:00:26,284 [INFO] Stopping ptd...
