ptd-server 2022-07-21 15:57:53,913 [INFO] Got command from the client 'time'
ptd-server 2022-07-21 15:57:53,913 [INFO] Sending reply to client '1658415473.9133377'
ptd-server 2022-07-21 15:57:53,914 [INFO] Got command from the client 'new,,26403d77-2391-4696-a9ba-e51af04e8fa7'
ptd-server 2022-07-21 15:57:53,915 [INFO] Sending reply to client 'OK 2022-07-21_15-57-53,7acadcd2-c4ce-4c34-9177-7fa648175872'
ptd-server 2022-07-21 15:57:53,945 [INFO] Got command from the client 'time'
ptd-server 2022-07-21 15:57:53,945 [INFO] Sending reply to client '1658415473.9452362'
ptd-server 2022-07-21 15:57:53,946 [INFO] Got command from the client 'session,2022-07-21_15-57-53,start,ranging'
ptd-server 2022-07-21 15:57:53,946 [INFO] Running PTDaemon: ['/home/anton/projects/mlperf/power/inference_v1.0/ptd-linux-x86', '-l', '/tmp/tmp7lgbo8s4/ptd_logfile.txt', '-p', '8888', '49', '/dev/usbtmc0']
ptd-server 2022-07-21 15:58:11,121 [INFO] Sending to ptd: 'Hello'
ptd-server 2022-07-21 15:58:11,122 [INFO] Reply from ptd: 'Hello, PTDaemon here!'
ptd-server 2022-07-21 15:58:11,122 [INFO] Sending to ptd: 'Identify'
ptd-server 2022-07-21 15:58:11,122 [INFO] Reply from ptd: 'YokogawaWT310E,1000,1,1,1,1,0,1,1,version=1.9.2-e8c7a49a-20201208,OS=Linux 5.13.0-52-generic #59~20.04.1-Ubuntu SMP Thu Jun 16 21:21:28 UTC 2022 x86_64,mode=power,1,1,1,0,0,no_cal_date,YOKOGAWA;WT310E;C3XA04010E;F1.04'
ptd-server 2022-07-21 15:58:11,122 [INFO] Connected to PTDaemon
ptd-server 2022-07-21 15:58:11,122 [INFO] Sending to ptd: 'RR'
ptd-server 2022-07-21 15:58:11,123 [INFO] Reply from ptd: 'Ranges,0,0.500000,1,300.000000'
ptd-server 2022-07-21 15:58:11,123 [INFO] Initial range for Amps is 0.500000 for Volts is Auto
ptd-server 2022-07-21 15:58:11,123 [INFO] Sending to ptd: 'SR,V,Auto'
ptd-server 2022-07-21 15:58:11,626 [INFO] Reply from ptd: 'Range V changed'
ptd-server 2022-07-21 15:58:11,626 [INFO] Sending to ptd: 'SR,A,Auto'
ptd-server 2022-07-21 15:58:12,128 [INFO] Reply from ptd: 'Range A changed'
ptd-server 2022-07-21 15:58:22,139 [INFO] Starting ranging mode
ptd-server 2022-07-21 15:58:22,139 [INFO] Sending to ptd: 'Go,1000,0,2022-07-21_15-57-53_ranging'
ptd-server 2022-07-21 15:58:22,139 [INFO] Reply from ptd: 'Starting untimed measurement, maximum 500000 samples at 1000ms with 0 rampup samples'
ptd-server 2022-07-21 15:58:22,139 [INFO] Sending reply to client 'OK'
ptd-server 2022-07-21 16:08:43,804 [INFO] Got command from the client 'session,2022-07-21_15-57-53,stop,ranging'
ptd-server 2022-07-21 16:08:53,815 [INFO] Sending to ptd: 'Stop'
ptd-server 2022-07-21 16:08:53,815 [INFO] Reply from ptd: 'Stopping untimed measurement'
ptd-server 2022-07-21 16:08:54,166 [INFO] Sending reply to client 'OK'
ptd-server 2022-07-21 16:08:54,206 [INFO] Got command from the client 'time'
ptd-server 2022-07-21 16:08:54,206 [INFO] Sending reply to client '1658416134.2061753'
ptd-server 2022-07-21 16:08:54,207 [INFO] Got command from the client 'session,2022-07-21_15-57-53,start,testing'
ptd-server 2022-07-21 16:08:54,207 [INFO] Sending to ptd: 'SR,V,249.950000'
ptd-server 2022-07-21 16:08:55,708 [INFO] Reply from ptd: 'Range V changed'
ptd-server 2022-07-21 16:08:55,708 [INFO] Sending to ptd: 'SR,A,0.069580'
ptd-server 2022-07-21 16:08:57,210 [INFO] Reply from ptd: 'Range A changed'
ptd-server 2022-07-21 16:09:07,220 [INFO] Starting testing mode
ptd-server 2022-07-21 16:09:07,220 [INFO] Sending to ptd: 'Go,1000,0,2022-07-21_15-57-53_testing'
ptd-server 2022-07-21 16:09:07,220 [INFO] Reply from ptd: 'Starting untimed measurement, maximum 500000 samples at 1000ms with 0 rampup samples'
ptd-server 2022-07-21 16:09:07,221 [INFO] Sending reply to client 'OK'
ptd-server 2022-07-21 16:19:28,195 [INFO] Got command from the client 'session,2022-07-21_15-57-53,stop,testing'
ptd-server 2022-07-21 16:19:38,206 [INFO] Sending to ptd: 'Stop'
ptd-server 2022-07-21 16:19:38,206 [INFO] Reply from ptd: 'Stopping untimed measurement'
ptd-server 2022-07-21 16:19:38,393 [INFO] Sending reply to client 'OK'
ptd-server 2022-07-21 16:19:38,401 [INFO] Got command from the client 'session,2022-07-21_15-57-53,done'
ptd-server 2022-07-21 16:19:38,401 [INFO] Sending to ptd: 'Stop'
ptd-server 2022-07-21 16:19:38,402 [INFO] Reply from ptd: 'Error: no measurement to stop'
ptd-server 2022-07-21 16:19:38,402 [INFO] Sending to ptd: 'SR,V,Auto'
ptd-server 2022-07-21 16:19:38,904 [INFO] Reply from ptd: 'Range V changed'
ptd-server 2022-07-21 16:19:38,904 [INFO] Sending to ptd: 'SR,A,0.500000'
ptd-server 2022-07-21 16:19:40,406 [INFO] Reply from ptd: 'Range A changed'
ptd-server 2022-07-21 16:19:40,406 [INFO] Set initial values for Amps 0.500000 and Volts Auto
ptd-server 2022-07-21 16:19:40,406 [INFO] Stopping ptd...
