ptd-server 2022-07-21 18:05:17,276 [INFO] Got command from the client 'stop'
ptd-server 2022-07-21 18:05:17,276 [INFO] The server will be stopped after processing this client
ptd-server 2022-07-21 18:05:17,277 [INFO] Sending reply to client 'OK'
ptd-server 2022-07-21 18:05:17,481 [INFO] Got command from the client 'time'
ptd-server 2022-07-21 18:05:17,482 [INFO] Sending reply to client '1658451917.4821653'
ptd-server 2022-07-21 18:05:17,483 [INFO] Got command from the client 'new,,be2f8a2e-4070-4cc0-aab3-19d4bd53e603'
ptd-server 2022-07-21 18:05:17,484 [INFO] Sending reply to client 'OK 2022-07-21_18-05-17,161bb9f4-e92f-4451-9559-d16976be51f5'
ptd-server 2022-07-21 18:05:17,691 [INFO] Got command from the client 'time'
ptd-server 2022-07-21 18:05:17,692 [INFO] Sending reply to client '1658451917.6928303'
ptd-server 2022-07-21 18:05:17,693 [INFO] Got command from the client 'session,2022-07-21_18-05-17,start,ranging'
ptd-server 2022-07-21 18:05:17,807 [INFO] Running PTDaemon: ['C:\\PTD\\ptd-windows-x86.exe', '-l', 'C:\\Users\\lab\\AppData\\Local\\Temp\\tmpjleqil5q\\ptd_logfile.txt', '-p', '8888', '-c', '1,3', '-y', '77', '10.34.232.250']
ptd-server 2022-07-21 18:05:38,135 [INFO] Sending to ptd: 'Hello'
ptd-server 2022-07-21 18:05:38,136 [INFO] Reply from ptd: 'Hello, PTDaemon here!'
ptd-server 2022-07-21 18:05:38,136 [INFO] Sending to ptd: 'Identify'
ptd-server 2022-07-21 18:05:38,138 [INFO] Reply from ptd: 'YokogawaWT330_multichannel,1000,1,1,1,1,0,0,1,version=1.9.2-3976349f-20201208,OS=Windows 8 / Server 2012,mode=power,1,1,2,0,0,no_cal_date,YOKOGAWA;WT333E;C2WA21018V;F1.04'
ptd-server 2022-07-21 18:05:38,138 [INFO] Connected to PTDaemon
ptd-server 2022-07-21 18:05:38,139 [INFO] Sending to ptd: 'RR'
ptd-server 2022-07-21 18:05:38,140 [INFO] Reply from ptd: 'Ranges,0,10.000000,1,300.000000'
ptd-server 2022-07-21 18:05:38,141 [INFO] Initial range for Amps is 10.000000 for Volts is Auto
ptd-server 2022-07-21 18:05:38,142 [INFO] Sending to ptd: 'SR,V,Auto'
ptd-server 2022-07-21 18:05:43,210 [INFO] Reply from ptd: 'Range V changed'
ptd-server 2022-07-21 18:05:43,211 [INFO] Sending to ptd: 'SR,A,Auto'
ptd-server 2022-07-21 18:05:48,284 [INFO] Reply from ptd: 'Range A changed'
ptd-server 2022-07-21 18:05:58,297 [INFO] Starting ranging mode
ptd-server 2022-07-21 18:05:58,308 [INFO] Sending to ptd: 'Go,1000,0,2022-07-21_18-05-17_ranging'
ptd-server 2022-07-21 18:05:58,309 [INFO] Reply from ptd: 'Starting untimed measurement, maximum 500000 samples at 1000ms with 0 rampup samples'
ptd-server 2022-07-21 18:05:58,310 [INFO] Sending reply to client 'OK'
ptd-server 2022-07-21 18:24:11,518 [INFO] Got command from the client 'session,2022-07-21_18-05-17,stop,ranging'
ptd-server 2022-07-21 18:24:21,522 [INFO] Sending to ptd: 'Stop'
ptd-server 2022-07-21 18:24:21,522 [INFO] Reply from ptd: 'Stopping untimed measurement'
ptd-server 2022-07-21 18:24:21,586 [INFO] Sending reply to client 'OK'
ptd-server 2022-07-21 18:24:21,963 [INFO] Got command from the client 'time'
ptd-server 2022-07-21 18:24:21,963 [INFO] Sending reply to client '1658453061.9635859'
ptd-server 2022-07-21 18:24:21,965 [INFO] Got command from the client 'session,2022-07-21_18-05-17,start,testing'
ptd-server 2022-07-21 18:24:21,965 [INFO] Sending to ptd: 'SR,V,209.100000'
ptd-server 2022-07-21 18:24:28,394 [INFO] Reply from ptd: 'Range V changed'
ptd-server 2022-07-21 18:24:28,395 [INFO] Sending to ptd: 'SR,A,5.489500'
ptd-server 2022-07-21 18:24:33,975 [INFO] Reply from ptd: 'Range A changed'
ptd-server 2022-07-21 18:24:43,978 [INFO] Starting testing mode
ptd-server 2022-07-21 18:24:43,980 [INFO] Sending to ptd: 'Go,1000,0,2022-07-21_18-05-17_testing'
ptd-server 2022-07-21 18:24:43,991 [INFO] Reply from ptd: 'Starting untimed measurement, maximum 500000 samples at 1000ms with 0 rampup samples'
ptd-server 2022-07-21 18:24:43,992 [INFO] Sending reply to client 'OK'
ptd-server 2022-07-21 18:43:06,112 [INFO] Got command from the client 'session,2022-07-21_18-05-17,stop,testing'
ptd-server 2022-07-21 18:43:16,133 [INFO] Sending to ptd: 'Stop'
ptd-server 2022-07-21 18:43:16,146 [INFO] Reply from ptd: 'Stopping untimed measurement'
ptd-server 2022-07-21 18:43:16,170 [INFO] Sending reply to client 'OK'
ptd-server 2022-07-21 18:43:16,420 [INFO] Got command from the client 'session,2022-07-21_18-05-17,done'
ptd-server 2022-07-21 18:43:16,421 [INFO] Sending to ptd: 'Stop'
ptd-server 2022-07-21 18:43:16,996 [INFO] Reply from ptd: 'Error: no measurement to stop'
ptd-server 2022-07-21 18:43:16,997 [INFO] Sending to ptd: 'SR,V,Auto'
ptd-server 2022-07-21 18:43:22,076 [INFO] Reply from ptd: 'Range V changed'
ptd-server 2022-07-21 18:43:22,077 [INFO] Sending to ptd: 'SR,A,10.000000'
ptd-server 2022-07-21 18:43:27,674 [INFO] Reply from ptd: 'Range A changed'
ptd-server 2022-07-21 18:43:27,675 [INFO] Set initial values for Amps 10.000000 and Volts Auto
ptd-server 2022-07-21 18:43:27,676 [INFO] Stopping ptd...
