ptd-server 2022-07-19 06:44:18,185 [INFO] Got command from the client 'time'
ptd-server 2022-07-19 06:44:18,185 [INFO] Sending reply to client '1658209458.1857088'
ptd-server 2022-07-19 06:44:18,189 [INFO] Got command from the client 'new,,9dcf2e54-d205-4764-b032-00426c158c26'
ptd-server 2022-07-19 06:44:18,189 [INFO] Sending reply to client 'OK 2022-07-19_06-44-18,bc973d8b-ed2c-4bc2-9d13-4d6a04b4d353'
ptd-server 2022-07-19 06:44:18,287 [INFO] Got command from the client 'time'
ptd-server 2022-07-19 06:44:18,287 [INFO] Sending reply to client '1658209458.28731'
ptd-server 2022-07-19 06:44:18,290 [INFO] Got command from the client 'session,2022-07-19_06-44-18,start,ranging'
ptd-server 2022-07-19 06:44:18,290 [INFO] Running PTDaemon: ['/home/anton/projects/mlperf/power/inference_v1.0/ptd-linux-x86', '-l', '/tmp/tmp7lgbo8s4/ptd_logfile.txt', '-p', '8888', '49', '/dev/usbtmc0']
ptd-server 2022-07-19 06:44:35,464 [INFO] Sending to ptd: 'Hello'
ptd-server 2022-07-19 06:44:35,464 [INFO] Reply from ptd: 'Hello, PTDaemon here!'
ptd-server 2022-07-19 06:44:35,464 [INFO] Sending to ptd: 'Identify'
ptd-server 2022-07-19 06:44:35,465 [INFO] Reply from ptd: 'YokogawaWT310E,1000,1,1,1,1,0,1,1,version=1.9.2-e8c7a49a-20201208,OS=Linux 5.13.0-52-generic #59~20.04.1-Ubuntu SMP Thu Jun 16 21:21:28 UTC 2022 x86_64,mode=power,1,1,1,0,0,no_cal_date,YOKOGAWA;WT310E;C3XA04010E;F1.04'
ptd-server 2022-07-19 06:44:35,465 [INFO] Connected to PTDaemon
ptd-server 2022-07-19 06:44:35,465 [INFO] Sending to ptd: 'RR'
ptd-server 2022-07-19 06:44:35,465 [INFO] Reply from ptd: 'Ranges,0,0.500000,1,300.000000'
ptd-server 2022-07-19 06:44:35,465 [INFO] Initial range for Amps is 0.500000 for Volts is Auto
ptd-server 2022-07-19 06:44:35,465 [INFO] Sending to ptd: 'SR,V,Auto'
ptd-server 2022-07-19 06:44:35,968 [INFO] Reply from ptd: 'Range V changed'
ptd-server 2022-07-19 06:44:35,968 [INFO] Sending to ptd: 'SR,A,Auto'
ptd-server 2022-07-19 06:44:36,470 [INFO] Reply from ptd: 'Range A changed'
ptd-server 2022-07-19 06:44:46,481 [INFO] Starting ranging mode
ptd-server 2022-07-19 06:44:46,481 [INFO] Sending to ptd: 'Go,1000,0,2022-07-19_06-44-18_ranging'
ptd-server 2022-07-19 06:44:46,481 [INFO] Reply from ptd: 'Starting untimed measurement, maximum 500000 samples at 1000ms with 0 rampup samples'
ptd-server 2022-07-19 06:44:46,482 [INFO] Sending reply to client 'OK'
ptd-server 2022-07-19 06:55:03,932 [INFO] Got command from the client 'session,2022-07-19_06-44-18,stop,ranging'
ptd-server 2022-07-19 06:55:13,942 [INFO] Sending to ptd: 'Stop'
ptd-server 2022-07-19 06:55:13,943 [INFO] Reply from ptd: 'Stopping untimed measurement'
ptd-server 2022-07-19 06:55:14,005 [INFO] Sending reply to client 'OK'
ptd-server 2022-07-19 06:55:14,174 [INFO] Got command from the client 'time'
ptd-server 2022-07-19 06:55:14,174 [INFO] Sending reply to client '1658210114.1744554'
ptd-server 2022-07-19 06:55:14,178 [INFO] Got command from the client 'session,2022-07-19_06-44-18,start,testing'
ptd-server 2022-07-19 06:55:14,178 [INFO] Sending to ptd: 'SR,V,250.630000'
ptd-server 2022-07-19 06:55:15,983 [INFO] Reply from ptd: 'Range V changed'
ptd-server 2022-07-19 06:55:15,983 [INFO] Sending to ptd: 'SR,A,0.087810'
ptd-server 2022-07-19 06:55:17,484 [INFO] Reply from ptd: 'Range A changed'
ptd-server 2022-07-19 06:55:27,494 [INFO] Starting testing mode
ptd-server 2022-07-19 06:55:27,495 [INFO] Sending to ptd: 'Go,1000,0,2022-07-19_06-44-18_testing'
ptd-server 2022-07-19 06:55:27,495 [INFO] Reply from ptd: 'Starting untimed measurement, maximum 500000 samples at 1000ms with 0 rampup samples'
ptd-server 2022-07-19 06:55:27,495 [INFO] Sending reply to client 'OK'
ptd-server 2022-07-19 07:05:44,875 [INFO] Got command from the client 'session,2022-07-19_06-44-18,stop,testing'
ptd-server 2022-07-19 07:05:54,885 [INFO] Sending to ptd: 'Stop'
ptd-server 2022-07-19 07:05:54,886 [INFO] Reply from ptd: 'Stopping untimed measurement'
ptd-server 2022-07-19 07:05:54,918 [INFO] Sending reply to client 'OK'
ptd-server 2022-07-19 07:05:55,015 [INFO] Got command from the client 'session,2022-07-19_06-44-18,done'
ptd-server 2022-07-19 07:05:55,016 [INFO] Sending to ptd: 'Stop'
ptd-server 2022-07-19 07:05:55,495 [INFO] Reply from ptd: 'Error: no measurement to stop'
ptd-server 2022-07-19 07:05:55,495 [INFO] Sending to ptd: 'SR,V,Auto'
ptd-server 2022-07-19 07:05:55,998 [INFO] Reply from ptd: 'Range V changed'
ptd-server 2022-07-19 07:05:55,998 [INFO] Sending to ptd: 'SR,A,0.500000'
ptd-server 2022-07-19 07:05:57,499 [INFO] Reply from ptd: 'Range A changed'
ptd-server 2022-07-19 07:05:57,499 [INFO] Set initial values for Amps 0.500000 and Volts Auto
ptd-server 2022-07-19 07:05:57,500 [INFO] Stopping ptd...
