ptd-server 2022-07-28 00:21:59,850 [INFO] Got command from the client 'time'
ptd-server 2022-07-28 00:21:59,850 [INFO] Sending reply to client '1658964119.850874'
ptd-server 2022-07-28 00:21:59,854 [INFO] Got command from the client 'new,,e0265b95-998a-49ff-8e32-3a4963f46fba'
ptd-server 2022-07-28 00:21:59,854 [INFO] Sending reply to client 'OK 2022-07-28_00-21-59,44378927-3b6f-467e-ba3e-f78d2bac473b'
ptd-server 2022-07-28 00:21:59,955 [INFO] Got command from the client 'time'
ptd-server 2022-07-28 00:21:59,955 [INFO] Sending reply to client '1658964119.9552064'
ptd-server 2022-07-28 00:21:59,961 [INFO] Got command from the client 'session,2022-07-28_00-21-59,start,ranging'
ptd-server 2022-07-28 00:21:59,961 [INFO] Running PTDaemon: ['/home/anton/projects/mlperf/power/inference_v1.0/ptd-linux-x86', '-l', '/tmp/tmp7lgbo8s4/ptd_logfile.txt', '-p', '8888', '49', '/dev/usbtmc0']
ptd-server 2022-07-28 00:22:17,136 [INFO] Sending to ptd: 'Hello'
ptd-server 2022-07-28 00:22:17,137 [INFO] Reply from ptd: 'Hello, PTDaemon here!'
ptd-server 2022-07-28 00:22:17,137 [INFO] Sending to ptd: 'Identify'
ptd-server 2022-07-28 00:22:17,137 [INFO] Reply from ptd: 'YokogawaWT310E,1000,1,1,1,1,0,1,1,version=1.9.2-e8c7a49a-20201208,OS=Linux 5.13.0-52-generic #59~20.04.1-Ubuntu SMP Thu Jun 16 21:21:28 UTC 2022 x86_64,mode=power,1,1,1,0,0,no_cal_date,YOKOGAWA;WT310E;C3XA04010E;F1.04'
ptd-server 2022-07-28 00:22:17,137 [INFO] Connected to PTDaemon
ptd-server 2022-07-28 00:22:17,138 [INFO] Sending to ptd: 'RR'
ptd-server 2022-07-28 00:22:17,138 [INFO] Reply from ptd: 'Ranges,0,0.500000,1,300.000000'
ptd-server 2022-07-28 00:22:17,138 [INFO] Initial range for Amps is 0.500000 for Volts is Auto
ptd-server 2022-07-28 00:22:17,138 [INFO] Sending to ptd: 'SR,V,Auto'
ptd-server 2022-07-28 00:22:17,641 [INFO] Reply from ptd: 'Range V changed'
ptd-server 2022-07-28 00:22:17,641 [INFO] Sending to ptd: 'SR,A,Auto'
ptd-server 2022-07-28 00:22:18,143 [INFO] Reply from ptd: 'Range A changed'
ptd-server 2022-07-28 00:22:28,147 [INFO] Starting ranging mode
ptd-server 2022-07-28 00:22:28,147 [INFO] Sending to ptd: 'Go,1000,0,2022-07-28_00-21-59_ranging'
ptd-server 2022-07-28 00:22:28,147 [INFO] Reply from ptd: 'Starting untimed measurement, maximum 500000 samples at 1000ms with 0 rampup samples'
ptd-server 2022-07-28 00:22:28,148 [INFO] Sending reply to client 'OK'
ptd-server 2022-07-28 00:32:43,200 [INFO] Got command from the client 'session,2022-07-28_00-21-59,stop,ranging'
ptd-server 2022-07-28 00:32:53,211 [INFO] Sending to ptd: 'Stop'
ptd-server 2022-07-28 00:32:53,211 [INFO] Reply from ptd: 'Stopping untimed measurement'
ptd-server 2022-07-28 00:32:54,216 [INFO] Sending reply to client 'OK'
ptd-server 2022-07-28 00:32:54,410 [INFO] Got command from the client 'time'
ptd-server 2022-07-28 00:32:54,410 [INFO] Sending reply to client '1658964774.4107602'
ptd-server 2022-07-28 00:32:54,414 [INFO] Got command from the client 'session,2022-07-28_00-21-59,start,testing'
ptd-server 2022-07-28 00:32:54,414 [INFO] Sending to ptd: 'SR,V,252.490000'
ptd-server 2022-07-28 00:32:55,915 [INFO] Reply from ptd: 'Range V changed'
ptd-server 2022-07-28 00:32:55,916 [INFO] Sending to ptd: 'SR,A,0.040210'
ptd-server 2022-07-28 00:32:57,417 [INFO] Reply from ptd: 'Range A changed'
ptd-server 2022-07-28 00:33:07,427 [INFO] Starting testing mode
ptd-server 2022-07-28 00:33:07,427 [INFO] Sending to ptd: 'Go,1000,0,2022-07-28_00-21-59_testing'
ptd-server 2022-07-28 00:33:07,428 [INFO] Reply from ptd: 'Starting untimed measurement, maximum 500000 samples at 1000ms with 0 rampup samples'
ptd-server 2022-07-28 00:33:07,428 [INFO] Sending reply to client 'OK'
ptd-server 2022-07-28 00:43:22,441 [INFO] Got command from the client 'session,2022-07-28_00-21-59,stop,testing'
ptd-server 2022-07-28 00:43:32,451 [INFO] Sending to ptd: 'Stop'
ptd-server 2022-07-28 00:43:32,451 [INFO] Reply from ptd: 'Stopping untimed measurement'
ptd-server 2022-07-28 00:43:32,985 [INFO] Sending reply to client 'OK'
ptd-server 2022-07-28 00:43:33,077 [INFO] Got command from the client 'session,2022-07-28_00-21-59,done'
ptd-server 2022-07-28 00:43:33,077 [INFO] Sending to ptd: 'Stop'
ptd-server 2022-07-28 00:43:33,429 [INFO] Reply from ptd: 'Error: no measurement to stop'
ptd-server 2022-07-28 00:43:33,429 [INFO] Sending to ptd: 'SR,V,Auto'
ptd-server 2022-07-28 00:43:33,931 [INFO] Reply from ptd: 'Range V changed'
ptd-server 2022-07-28 00:43:33,932 [INFO] Sending to ptd: 'SR,A,0.500000'
ptd-server 2022-07-28 00:43:35,433 [INFO] Reply from ptd: 'Range A changed'
ptd-server 2022-07-28 00:43:35,433 [INFO] Set initial values for Amps 0.500000 and Volts Auto
ptd-server 2022-07-28 00:43:35,433 [INFO] Stopping ptd...
