ptd-server 2022-07-28 06:09:46,688 [INFO] Got command from the client 'time'
ptd-server 2022-07-28 06:09:46,688 [INFO] Sending reply to client '1658984986.688955'
ptd-server 2022-07-28 06:09:46,693 [INFO] Got command from the client 'new,,42b5ddc9-f652-4b04-9733-045969510306'
ptd-server 2022-07-28 06:09:46,693 [INFO] Sending reply to client 'OK 2022-07-28_06-09-46,bda31504-1b0d-4bb4-8800-9e92f8378316'
ptd-server 2022-07-28 06:09:46,792 [INFO] Got command from the client 'time'
ptd-server 2022-07-28 06:09:46,792 [INFO] Sending reply to client '1658984986.7925503'
ptd-server 2022-07-28 06:09:46,798 [INFO] Got command from the client 'session,2022-07-28_06-09-46,start,ranging'
ptd-server 2022-07-28 06:09:46,798 [INFO] Running PTDaemon: ['/home/anton/projects/mlperf/power/inference_v1.0/ptd-linux-x86', '-l', '/tmp/tmp7lgbo8s4/ptd_logfile.txt', '-p', '8888', '49', '/dev/usbtmc0']
ptd-server 2022-07-28 06:10:03,973 [INFO] Sending to ptd: 'Hello'
ptd-server 2022-07-28 06:10:03,973 [INFO] Reply from ptd: 'Hello, PTDaemon here!'
ptd-server 2022-07-28 06:10:03,973 [INFO] Sending to ptd: 'Identify'
ptd-server 2022-07-28 06:10:03,974 [INFO] Reply from ptd: 'YokogawaWT310E,1000,1,1,1,1,0,1,1,version=1.9.2-e8c7a49a-20201208,OS=Linux 5.13.0-52-generic #59~20.04.1-Ubuntu SMP Thu Jun 16 21:21:28 UTC 2022 x86_64,mode=power,1,1,1,0,0,no_cal_date,YOKOGAWA;WT310E;C3XA04010E;F1.04'
ptd-server 2022-07-28 06:10:03,974 [INFO] Connected to PTDaemon
ptd-server 2022-07-28 06:10:03,974 [INFO] Sending to ptd: 'RR'
ptd-server 2022-07-28 06:10:03,974 [INFO] Reply from ptd: 'Ranges,0,0.500000,1,300.000000'
ptd-server 2022-07-28 06:10:03,974 [INFO] Initial range for Amps is 0.500000 for Volts is Auto
ptd-server 2022-07-28 06:10:03,975 [INFO] Sending to ptd: 'SR,V,Auto'
ptd-server 2022-07-28 06:10:04,477 [INFO] Reply from ptd: 'Range V changed'
ptd-server 2022-07-28 06:10:04,477 [INFO] Sending to ptd: 'SR,A,Auto'
ptd-server 2022-07-28 06:10:04,980 [INFO] Reply from ptd: 'Range A changed'
ptd-server 2022-07-28 06:10:14,990 [INFO] Starting ranging mode
ptd-server 2022-07-28 06:10:14,990 [INFO] Sending to ptd: 'Go,1000,0,2022-07-28_06-09-46_ranging'
ptd-server 2022-07-28 06:10:14,991 [INFO] Reply from ptd: 'Starting untimed measurement, maximum 500000 samples at 1000ms with 0 rampup samples'
ptd-server 2022-07-28 06:10:14,991 [INFO] Sending reply to client 'OK'
ptd-server 2022-07-28 06:20:30,366 [INFO] Got command from the client 'session,2022-07-28_06-09-46,stop,ranging'
ptd-server 2022-07-28 06:20:40,376 [INFO] Sending to ptd: 'Stop'
ptd-server 2022-07-28 06:20:40,377 [INFO] Reply from ptd: 'Stopping untimed measurement'
ptd-server 2022-07-28 06:20:41,411 [INFO] Sending reply to client 'OK'
ptd-server 2022-07-28 06:20:41,555 [INFO] Got command from the client 'time'
ptd-server 2022-07-28 06:20:41,555 [INFO] Sending reply to client '1658985641.5559201'
ptd-server 2022-07-28 06:20:41,560 [INFO] Got command from the client 'session,2022-07-28_06-09-46,start,testing'
ptd-server 2022-07-28 06:20:41,560 [INFO] Sending to ptd: 'SR,V,248.690000'
ptd-server 2022-07-28 06:20:43,062 [INFO] Reply from ptd: 'Range V changed'
ptd-server 2022-07-28 06:20:43,062 [INFO] Sending to ptd: 'SR,A,0.040190'
ptd-server 2022-07-28 06:20:44,563 [INFO] Reply from ptd: 'Range A changed'
ptd-server 2022-07-28 06:20:54,574 [INFO] Starting testing mode
ptd-server 2022-07-28 06:20:54,574 [INFO] Sending to ptd: 'Go,1000,0,2022-07-28_06-09-46_testing'
ptd-server 2022-07-28 06:20:54,574 [INFO] Reply from ptd: 'Starting untimed measurement, maximum 500000 samples at 1000ms with 0 rampup samples'
ptd-server 2022-07-28 06:20:54,574 [INFO] Sending reply to client 'OK'
ptd-server 2022-07-28 06:31:09,933 [INFO] Got command from the client 'session,2022-07-28_06-09-46,stop,testing'
ptd-server 2022-07-28 06:31:19,943 [INFO] Sending to ptd: 'Stop'
ptd-server 2022-07-28 06:31:19,944 [INFO] Reply from ptd: 'Stopping untimed measurement'
ptd-server 2022-07-28 06:31:20,474 [INFO] Sending reply to client 'OK'
ptd-server 2022-07-28 06:31:20,493 [INFO] Got command from the client 'session,2022-07-28_06-09-46,done'
ptd-server 2022-07-28 06:31:20,493 [INFO] Sending to ptd: 'Stop'
ptd-server 2022-07-28 06:31:20,574 [INFO] Reply from ptd: 'Error: no measurement to stop'
ptd-server 2022-07-28 06:31:20,574 [INFO] Sending to ptd: 'SR,V,Auto'
ptd-server 2022-07-28 06:31:21,077 [INFO] Reply from ptd: 'Range V changed'
ptd-server 2022-07-28 06:31:21,077 [INFO] Sending to ptd: 'SR,A,0.500000'
ptd-server 2022-07-28 06:31:22,578 [INFO] Reply from ptd: 'Range A changed'
ptd-server 2022-07-28 06:31:22,579 [INFO] Set initial values for Amps 0.500000 and Volts Auto
ptd-server 2022-07-28 06:31:22,579 [INFO] Stopping ptd...
