ptd-server 2022-07-21 14:08:18,553 [INFO] Got command from the client 'time'
ptd-server 2022-07-21 14:08:18,553 [INFO] Sending reply to client '1658408898.5536075'
ptd-server 2022-07-21 14:08:18,554 [INFO] Got command from the client 'new,,3faffdf8-916e-4c7d-94e1-a940b4217395'
ptd-server 2022-07-21 14:08:18,555 [INFO] Sending reply to client 'OK 2022-07-21_14-08-18,01d3d147-5ab9-49e3-b698-0b674f82b52c'
ptd-server 2022-07-21 14:08:18,593 [INFO] Got command from the client 'time'
ptd-server 2022-07-21 14:08:18,593 [INFO] Sending reply to client '1658408898.593589'
ptd-server 2022-07-21 14:08:18,594 [INFO] Got command from the client 'session,2022-07-21_14-08-18,start,ranging'
ptd-server 2022-07-21 14:08:18,594 [INFO] Running PTDaemon: ['/home/anton/projects/mlperf/power/inference_v1.0/ptd-linux-x86', '-l', '/tmp/tmp7lgbo8s4/ptd_logfile.txt', '-p', '8888', '49', '/dev/usbtmc0']
ptd-server 2022-07-21 14:08:35,768 [INFO] Sending to ptd: 'Hello'
ptd-server 2022-07-21 14:08:35,769 [INFO] Reply from ptd: 'Hello, PTDaemon here!'
ptd-server 2022-07-21 14:08:35,769 [INFO] Sending to ptd: 'Identify'
ptd-server 2022-07-21 14:08:35,770 [INFO] Reply from ptd: 'YokogawaWT310E,1000,1,1,1,1,0,1,1,version=1.9.2-e8c7a49a-20201208,OS=Linux 5.13.0-52-generic #59~20.04.1-Ubuntu SMP Thu Jun 16 21:21:28 UTC 2022 x86_64,mode=power,1,1,1,0,0,no_cal_date,YOKOGAWA;WT310E;C3XA04010E;F1.04'
ptd-server 2022-07-21 14:08:35,770 [INFO] Connected to PTDaemon
ptd-server 2022-07-21 14:08:35,770 [INFO] Sending to ptd: 'RR'
ptd-server 2022-07-21 14:08:35,770 [INFO] Reply from ptd: 'Ranges,0,0.500000,1,300.000000'
ptd-server 2022-07-21 14:08:35,770 [INFO] Initial range for Amps is 0.500000 for Volts is Auto
ptd-server 2022-07-21 14:08:35,770 [INFO] Sending to ptd: 'SR,V,Auto'
ptd-server 2022-07-21 14:08:36,273 [INFO] Reply from ptd: 'Range V changed'
ptd-server 2022-07-21 14:08:36,273 [INFO] Sending to ptd: 'SR,A,Auto'
ptd-server 2022-07-21 14:08:36,776 [INFO] Reply from ptd: 'Range A changed'
ptd-server 2022-07-21 14:08:46,786 [INFO] Starting ranging mode
ptd-server 2022-07-21 14:08:46,786 [INFO] Sending to ptd: 'Go,1000,0,2022-07-21_14-08-18_ranging'
ptd-server 2022-07-21 14:08:46,787 [INFO] Reply from ptd: 'Starting untimed measurement, maximum 500000 samples at 1000ms with 0 rampup samples'
ptd-server 2022-07-21 14:08:46,787 [INFO] Sending reply to client 'OK'
ptd-server 2022-07-21 14:19:08,909 [INFO] Got command from the client 'session,2022-07-21_14-08-18,stop,ranging'
ptd-server 2022-07-21 14:19:18,920 [INFO] Sending to ptd: 'Stop'
ptd-server 2022-07-21 14:19:18,920 [INFO] Reply from ptd: 'Stopping untimed measurement'
ptd-server 2022-07-21 14:19:19,265 [INFO] Sending reply to client 'OK'
ptd-server 2022-07-21 14:19:19,323 [INFO] Got command from the client 'time'
ptd-server 2022-07-21 14:19:19,323 [INFO] Sending reply to client '1658409559.323346'
ptd-server 2022-07-21 14:19:19,324 [INFO] Got command from the client 'session,2022-07-21_14-08-18,start,testing'
ptd-server 2022-07-21 14:19:19,324 [INFO] Sending to ptd: 'SR,V,252.570000'
ptd-server 2022-07-21 14:19:21,288 [INFO] Reply from ptd: 'Range V changed'
ptd-server 2022-07-21 14:19:21,288 [INFO] Sending to ptd: 'SR,A,0.068290'
ptd-server 2022-07-21 14:19:22,790 [INFO] Reply from ptd: 'Range A changed'
ptd-server 2022-07-21 14:19:32,793 [INFO] Starting testing mode
ptd-server 2022-07-21 14:19:32,793 [INFO] Sending to ptd: 'Go,1000,0,2022-07-21_14-08-18_testing'
ptd-server 2022-07-21 14:19:32,793 [INFO] Reply from ptd: 'Starting untimed measurement, maximum 500000 samples at 1000ms with 0 rampup samples'
ptd-server 2022-07-21 14:19:32,793 [INFO] Sending reply to client 'OK'
ptd-server 2022-07-21 14:29:53,688 [INFO] Got command from the client 'session,2022-07-21_14-08-18,stop,testing'
ptd-server 2022-07-21 14:30:03,698 [INFO] Sending to ptd: 'Stop'
ptd-server 2022-07-21 14:30:03,699 [INFO] Reply from ptd: 'Stopping untimed measurement'
ptd-server 2022-07-21 14:30:03,883 [INFO] Sending reply to client 'OK'
ptd-server 2022-07-21 14:30:03,891 [INFO] Got command from the client 'session,2022-07-21_14-08-18,done'
ptd-server 2022-07-21 14:30:03,891 [INFO] Sending to ptd: 'Stop'
ptd-server 2022-07-21 14:30:03,891 [INFO] Reply from ptd: 'Error: no measurement to stop'
ptd-server 2022-07-21 14:30:03,891 [INFO] Sending to ptd: 'SR,V,Auto'
ptd-server 2022-07-21 14:30:04,394 [INFO] Reply from ptd: 'Range V changed'
ptd-server 2022-07-21 14:30:04,394 [INFO] Sending to ptd: 'SR,A,0.500000'
ptd-server 2022-07-21 14:30:05,895 [INFO] Reply from ptd: 'Range A changed'
ptd-server 2022-07-21 14:30:05,896 [INFO] Set initial values for Amps 0.500000 and Volts Auto
ptd-server 2022-07-21 14:30:05,896 [INFO] Stopping ptd...
