ptd-server 2022-07-24 04:55:52,212 [INFO] Got command from the client 'time'
ptd-server 2022-07-24 04:55:52,212 [INFO] Sending reply to client '1658634952.2128756'
ptd-server 2022-07-24 04:55:52,213 [INFO] Got command from the client 'new,,ec96ce93-326f-4428-9c08-53b21c040f15'
ptd-server 2022-07-24 04:55:52,214 [INFO] Sending reply to client 'OK 2022-07-24_04-55-52,fc11f099-3541-4043-8d5a-a7e036ca4440'
ptd-server 2022-07-24 04:55:52,245 [INFO] Got command from the client 'time'
ptd-server 2022-07-24 04:55:52,245 [INFO] Sending reply to client '1658634952.2457108'
ptd-server 2022-07-24 04:55:52,246 [INFO] Got command from the client 'session,2022-07-24_04-55-52,start,ranging'
ptd-server 2022-07-24 04:55:52,246 [INFO] Running PTDaemon: ['/home/anton/projects/mlperf/power/inference_v1.0/ptd-linux-x86', '-l', '/tmp/tmp7lgbo8s4/ptd_logfile.txt', '-p', '8888', '49', '/dev/usbtmc0']
ptd-server 2022-07-24 04:56:09,420 [INFO] Sending to ptd: 'Hello'
ptd-server 2022-07-24 04:56:09,421 [INFO] Reply from ptd: 'Hello, PTDaemon here!'
ptd-server 2022-07-24 04:56:09,421 [INFO] Sending to ptd: 'Identify'
ptd-server 2022-07-24 04:56:09,421 [INFO] Reply from ptd: 'YokogawaWT310E,1000,1,1,1,1,0,1,1,version=1.9.2-e8c7a49a-20201208,OS=Linux 5.13.0-52-generic #59~20.04.1-Ubuntu SMP Thu Jun 16 21:21:28 UTC 2022 x86_64,mode=power,1,1,1,0,0,no_cal_date,YOKOGAWA;WT310E;C3XA04010E;F1.04'
ptd-server 2022-07-24 04:56:09,421 [INFO] Connected to PTDaemon
ptd-server 2022-07-24 04:56:09,422 [INFO] Sending to ptd: 'RR'
ptd-server 2022-07-24 04:56:09,422 [INFO] Reply from ptd: 'Ranges,0,0.500000,1,300.000000'
ptd-server 2022-07-24 04:56:09,422 [INFO] Initial range for Amps is 0.500000 for Volts is Auto
ptd-server 2022-07-24 04:56:09,422 [INFO] Sending to ptd: 'SR,V,Auto'
ptd-server 2022-07-24 04:56:09,925 [INFO] Reply from ptd: 'Range V changed'
ptd-server 2022-07-24 04:56:09,925 [INFO] Sending to ptd: 'SR,A,Auto'
ptd-server 2022-07-24 04:56:10,427 [INFO] Reply from ptd: 'Range A changed'
ptd-server 2022-07-24 04:56:20,438 [INFO] Starting ranging mode
ptd-server 2022-07-24 04:56:20,438 [INFO] Sending to ptd: 'Go,1000,0,2022-07-24_04-55-52_ranging'
ptd-server 2022-07-24 04:56:20,438 [INFO] Reply from ptd: 'Starting untimed measurement, maximum 500000 samples at 1000ms with 0 rampup samples'
ptd-server 2022-07-24 04:56:20,438 [INFO] Sending reply to client 'OK'
ptd-server 2022-07-24 05:06:55,034 [INFO] Got command from the client 'session,2022-07-24_04-55-52,stop,ranging'
ptd-server 2022-07-24 05:07:05,045 [INFO] Sending to ptd: 'Stop'
ptd-server 2022-07-24 05:07:05,045 [INFO] Reply from ptd: 'Stopping untimed measurement'
ptd-server 2022-07-24 05:07:05,705 [INFO] Sending reply to client 'OK'
ptd-server 2022-07-24 05:07:05,744 [INFO] Got command from the client 'time'
ptd-server 2022-07-24 05:07:05,745 [INFO] Sending reply to client '1658635625.745034'
ptd-server 2022-07-24 05:07:05,746 [INFO] Got command from the client 'session,2022-07-24_04-55-52,start,testing'
ptd-server 2022-07-24 05:07:05,746 [INFO] Sending to ptd: 'SR,V,252.770000'
ptd-server 2022-07-24 05:07:07,247 [INFO] Reply from ptd: 'Range V changed'
ptd-server 2022-07-24 05:07:07,247 [INFO] Sending to ptd: 'SR,A,0.051290'
ptd-server 2022-07-24 05:07:08,749 [INFO] Reply from ptd: 'Range A changed'
ptd-server 2022-07-24 05:07:18,759 [INFO] Starting testing mode
ptd-server 2022-07-24 05:07:18,759 [INFO] Sending to ptd: 'Go,1000,0,2022-07-24_04-55-52_testing'
ptd-server 2022-07-24 05:07:18,760 [INFO] Reply from ptd: 'Starting untimed measurement, maximum 500000 samples at 1000ms with 0 rampup samples'
ptd-server 2022-07-24 05:07:18,760 [INFO] Sending reply to client 'OK'
ptd-server 2022-07-24 05:17:53,388 [INFO] Got command from the client 'session,2022-07-24_04-55-52,stop,testing'
ptd-server 2022-07-24 05:18:03,398 [INFO] Sending to ptd: 'Stop'
ptd-server 2022-07-24 05:18:03,398 [INFO] Reply from ptd: 'Stopping untimed measurement'
ptd-server 2022-07-24 05:18:03,735 [INFO] Sending reply to client 'OK'
ptd-server 2022-07-24 05:18:03,743 [INFO] Got command from the client 'session,2022-07-24_04-55-52,done'
ptd-server 2022-07-24 05:18:03,743 [INFO] Sending to ptd: 'Stop'
ptd-server 2022-07-24 05:18:03,760 [INFO] Reply from ptd: 'Error: no measurement to stop'
ptd-server 2022-07-24 05:18:03,760 [INFO] Sending to ptd: 'SR,V,Auto'
ptd-server 2022-07-24 05:18:04,263 [INFO] Reply from ptd: 'Range V changed'
ptd-server 2022-07-24 05:18:04,263 [INFO] Sending to ptd: 'SR,A,0.500000'
ptd-server 2022-07-24 05:18:05,765 [INFO] Reply from ptd: 'Range A changed'
ptd-server 2022-07-24 05:18:05,765 [INFO] Set initial values for Amps 0.500000 and Volts Auto
ptd-server 2022-07-24 05:18:05,765 [INFO] Stopping ptd...
