ptd-server 2022-07-25 02:35:00,048 [INFO] Got command from the client 'time'
ptd-server 2022-07-25 02:35:00,048 [INFO] Sending reply to client '1658712900.0482664'
ptd-server 2022-07-25 02:35:00,049 [INFO] Got command from the client 'new,,30702c93-035f-475d-b478-607f293fd56b'
ptd-server 2022-07-25 02:35:00,050 [INFO] Sending reply to client 'OK 2022-07-25_02-35-00,75251f28-10ad-4783-8f71-445e708be867'
ptd-server 2022-07-25 02:35:00,078 [INFO] Got command from the client 'time'
ptd-server 2022-07-25 02:35:00,078 [INFO] Sending reply to client '1658712900.0788634'
ptd-server 2022-07-25 02:35:00,080 [INFO] Got command from the client 'session,2022-07-25_02-35-00,start,ranging'
ptd-server 2022-07-25 02:35:00,080 [INFO] Running PTDaemon: ['/home/anton/projects/mlperf/power/inference_v1.0/ptd-linux-x86', '-l', '/tmp/tmp7lgbo8s4/ptd_logfile.txt', '-p', '8888', '49', '/dev/usbtmc0']
ptd-server 2022-07-25 02:35:17,255 [INFO] Sending to ptd: 'Hello'
ptd-server 2022-07-25 02:35:17,256 [INFO] Reply from ptd: 'Hello, PTDaemon here!'
ptd-server 2022-07-25 02:35:17,256 [INFO] Sending to ptd: 'Identify'
ptd-server 2022-07-25 02:35:17,256 [INFO] Reply from ptd: 'YokogawaWT310E,1000,1,1,1,1,0,1,1,version=1.9.2-e8c7a49a-20201208,OS=Linux 5.13.0-52-generic #59~20.04.1-Ubuntu SMP Thu Jun 16 21:21:28 UTC 2022 x86_64,mode=power,1,1,1,0,0,no_cal_date,YOKOGAWA;WT310E;C3XA04010E;F1.04'
ptd-server 2022-07-25 02:35:17,256 [INFO] Connected to PTDaemon
ptd-server 2022-07-25 02:35:17,257 [INFO] Sending to ptd: 'RR'
ptd-server 2022-07-25 02:35:17,257 [INFO] Reply from ptd: 'Ranges,0,0.500000,1,300.000000'
ptd-server 2022-07-25 02:35:17,257 [INFO] Initial range for Amps is 0.500000 for Volts is Auto
ptd-server 2022-07-25 02:35:17,257 [INFO] Sending to ptd: 'SR,V,Auto'
ptd-server 2022-07-25 02:35:17,760 [INFO] Reply from ptd: 'Range V changed'
ptd-server 2022-07-25 02:35:17,760 [INFO] Sending to ptd: 'SR,A,Auto'
ptd-server 2022-07-25 02:35:18,262 [INFO] Reply from ptd: 'Range A changed'
ptd-server 2022-07-25 02:35:28,272 [INFO] Starting ranging mode
ptd-server 2022-07-25 02:35:28,272 [INFO] Sending to ptd: 'Go,1000,0,2022-07-25_02-35-00_ranging'
ptd-server 2022-07-25 02:35:28,273 [INFO] Reply from ptd: 'Starting untimed measurement, maximum 500000 samples at 1000ms with 0 rampup samples'
ptd-server 2022-07-25 02:35:28,273 [INFO] Sending reply to client 'OK'
ptd-server 2022-07-25 02:45:52,962 [INFO] Got command from the client 'session,2022-07-25_02-35-00,stop,ranging'
ptd-server 2022-07-25 02:46:02,972 [INFO] Sending to ptd: 'Stop'
ptd-server 2022-07-25 02:46:02,972 [INFO] Reply from ptd: 'Stopping untimed measurement'
ptd-server 2022-07-25 02:46:03,740 [INFO] Sending reply to client 'OK'
ptd-server 2022-07-25 02:46:03,779 [INFO] Got command from the client 'time'
ptd-server 2022-07-25 02:46:03,780 [INFO] Sending reply to client '1658713563.7799745'
ptd-server 2022-07-25 02:46:03,781 [INFO] Got command from the client 'session,2022-07-25_02-35-00,start,testing'
ptd-server 2022-07-25 02:46:03,781 [INFO] Sending to ptd: 'SR,V,251.850000'
ptd-server 2022-07-25 02:46:05,282 [INFO] Reply from ptd: 'Range V changed'
ptd-server 2022-07-25 02:46:05,282 [INFO] Sending to ptd: 'SR,A,0.051120'
ptd-server 2022-07-25 02:46:06,784 [INFO] Reply from ptd: 'Range A changed'
ptd-server 2022-07-25 02:46:16,794 [INFO] Starting testing mode
ptd-server 2022-07-25 02:46:16,794 [INFO] Sending to ptd: 'Go,1000,0,2022-07-25_02-35-00_testing'
ptd-server 2022-07-25 02:46:16,795 [INFO] Reply from ptd: 'Starting untimed measurement, maximum 500000 samples at 1000ms with 0 rampup samples'
ptd-server 2022-07-25 02:46:16,795 [INFO] Sending reply to client 'OK'
ptd-server 2022-07-25 02:56:41,460 [INFO] Got command from the client 'session,2022-07-25_02-35-00,stop,testing'
ptd-server 2022-07-25 02:56:51,470 [INFO] Sending to ptd: 'Stop'
ptd-server 2022-07-25 02:56:51,471 [INFO] Reply from ptd: 'Stopping untimed measurement'
ptd-server 2022-07-25 02:56:51,859 [INFO] Sending reply to client 'OK'
ptd-server 2022-07-25 02:56:51,867 [INFO] Got command from the client 'session,2022-07-25_02-35-00,done'
ptd-server 2022-07-25 02:56:51,867 [INFO] Sending to ptd: 'Stop'
ptd-server 2022-07-25 02:56:51,867 [INFO] Reply from ptd: 'Error: no measurement to stop'
ptd-server 2022-07-25 02:56:51,867 [INFO] Sending to ptd: 'SR,V,Auto'
ptd-server 2022-07-25 02:56:52,370 [INFO] Reply from ptd: 'Range V changed'
ptd-server 2022-07-25 02:56:52,370 [INFO] Sending to ptd: 'SR,A,0.500000'
ptd-server 2022-07-25 02:56:53,872 [INFO] Reply from ptd: 'Range A changed'
ptd-server 2022-07-25 02:56:53,872 [INFO] Set initial values for Amps 0.500000 and Volts Auto
ptd-server 2022-07-25 02:56:53,872 [INFO] Stopping ptd...
