ptd-server 2022-08-01 08:16:53,248 [INFO] Got command from the client 'time'
ptd-server 2022-08-01 08:16:53,248 [INFO] Sending reply to client '1659338213.2481394'
ptd-server 2022-08-01 08:16:53,248 [INFO] Got command from the client 'new,,4dccee76-1596-4f3d-b1eb-85dc54b0dd0e'
ptd-server 2022-08-01 08:16:53,249 [INFO] Sending reply to client 'OK 2022-08-01_08-16-53,55e89a49-7167-426e-8b33-8bb84c4278b2'
ptd-server 2022-08-01 08:16:53,274 [INFO] Got command from the client 'time'
ptd-server 2022-08-01 08:16:53,274 [INFO] Sending reply to client '1659338213.2749217'
ptd-server 2022-08-01 08:16:53,275 [INFO] Got command from the client 'session,2022-08-01_08-16-53,start,ranging'
ptd-server 2022-08-01 08:16:53,276 [INFO] Running PTDaemon: ['/home/anton/projects/mlperf/power/inference_v1.0/ptd-linux-x86', '-l', '/tmp/tmp7lgbo8s4/ptd_logfile.txt', '-p', '8888', '49', '/dev/usbtmc0']
ptd-server 2022-08-01 08:17:10,450 [INFO] Sending to ptd: 'Hello'
ptd-server 2022-08-01 08:17:10,451 [INFO] Reply from ptd: 'Hello, PTDaemon here!'
ptd-server 2022-08-01 08:17:10,451 [INFO] Sending to ptd: 'Identify'
ptd-server 2022-08-01 08:17:10,451 [INFO] Reply from ptd: 'YokogawaWT310E,1000,1,1,1,1,0,1,1,version=1.9.2-e8c7a49a-20201208,OS=Linux 5.13.0-52-generic #59~20.04.1-Ubuntu SMP Thu Jun 16 21:21:28 UTC 2022 x86_64,mode=power,1,1,1,0,0,no_cal_date,YOKOGAWA;WT310E;C3XA04010E;F1.04'
ptd-server 2022-08-01 08:17:10,452 [INFO] Connected to PTDaemon
ptd-server 2022-08-01 08:17:10,452 [INFO] Sending to ptd: 'RR'
ptd-server 2022-08-01 08:17:10,452 [INFO] Reply from ptd: 'Ranges,0,0.500000,1,300.000000'
ptd-server 2022-08-01 08:17:10,452 [INFO] Initial range for Amps is 0.500000 for Volts is Auto
ptd-server 2022-08-01 08:17:10,452 [INFO] Sending to ptd: 'SR,V,Auto'
ptd-server 2022-08-01 08:17:10,955 [INFO] Reply from ptd: 'Range V changed'
ptd-server 2022-08-01 08:17:10,955 [INFO] Sending to ptd: 'SR,A,Auto'
ptd-server 2022-08-01 08:17:11,457 [INFO] Reply from ptd: 'Range A changed'
ptd-server 2022-08-01 08:17:21,468 [INFO] Starting ranging mode
ptd-server 2022-08-01 08:17:21,468 [INFO] Sending to ptd: 'Go,1000,0,2022-08-01_08-16-53_ranging'
ptd-server 2022-08-01 08:17:21,468 [INFO] Reply from ptd: 'Starting untimed measurement, maximum 500000 samples at 1000ms with 0 rampup samples'
ptd-server 2022-08-01 08:17:21,469 [INFO] Sending reply to client 'OK'
ptd-server 2022-08-01 08:27:41,771 [INFO] Got command from the client 'session,2022-08-01_08-16-53,stop,ranging'
ptd-server 2022-08-01 08:27:51,780 [INFO] Sending to ptd: 'Stop'
ptd-server 2022-08-01 08:27:51,781 [INFO] Reply from ptd: 'Stopping untimed measurement'
ptd-server 2022-08-01 08:27:53,144 [INFO] Sending reply to client 'OK'
ptd-server 2022-08-01 08:27:53,201 [INFO] Got command from the client 'time'
ptd-server 2022-08-01 08:27:53,201 [INFO] Sending reply to client '1659338873.2016401'
ptd-server 2022-08-01 08:27:53,203 [INFO] Got command from the client 'session,2022-08-01_08-16-53,start,testing'
ptd-server 2022-08-01 08:27:53,203 [INFO] Sending to ptd: 'SR,V,251.410000'
ptd-server 2022-08-01 08:27:54,704 [INFO] Reply from ptd: 'Range V changed'
ptd-server 2022-08-01 08:27:54,704 [INFO] Sending to ptd: 'SR,A,0.254610'
ptd-server 2022-08-01 08:27:56,206 [INFO] Reply from ptd: 'Range A changed'
ptd-server 2022-08-01 08:28:06,216 [INFO] Starting testing mode
ptd-server 2022-08-01 08:28:06,216 [INFO] Sending to ptd: 'Go,1000,0,2022-08-01_08-16-53_testing'
ptd-server 2022-08-01 08:28:06,216 [INFO] Reply from ptd: 'Starting untimed measurement, maximum 500000 samples at 1000ms with 0 rampup samples'
ptd-server 2022-08-01 08:28:06,217 [INFO] Sending reply to client 'OK'
ptd-server 2022-08-01 08:38:20,318 [INFO] Got command from the client 'session,2022-08-01_08-16-53,stop,testing'
ptd-server 2022-08-01 08:38:30,328 [INFO] Sending to ptd: 'Stop'
ptd-server 2022-08-01 08:38:30,329 [INFO] Reply from ptd: 'Stopping untimed measurement'
ptd-server 2022-08-01 08:38:31,020 [INFO] Sending reply to client 'OK'
ptd-server 2022-08-01 08:38:31,030 [INFO] Got command from the client 'session,2022-08-01_08-16-53,done'
ptd-server 2022-08-01 08:38:31,030 [INFO] Sending to ptd: 'Stop'
ptd-server 2022-08-01 08:38:31,217 [INFO] Reply from ptd: 'Error: no measurement to stop'
ptd-server 2022-08-01 08:38:31,217 [INFO] Sending to ptd: 'SR,V,Auto'
ptd-server 2022-08-01 08:38:31,719 [INFO] Reply from ptd: 'Range V changed'
ptd-server 2022-08-01 08:38:31,719 [INFO] Sending to ptd: 'SR,A,0.500000'
ptd-server 2022-08-01 08:38:33,221 [INFO] Reply from ptd: 'Range A changed'
ptd-server 2022-08-01 08:38:33,221 [INFO] Set initial values for Amps 0.500000 and Volts Auto
ptd-server 2022-08-01 08:38:33,221 [INFO] Stopping ptd...
