ptd-server 2022-08-03 20:59:28,711 [INFO] Got command from the client 'time'
ptd-server 2022-08-03 20:59:28,711 [INFO] Sending reply to client '1659578368.7114816'
ptd-server 2022-08-03 20:59:28,712 [INFO] Got command from the client 'new,,3b37ed8a-ccaa-4248-8217-59064a3600f6'
ptd-server 2022-08-03 20:59:28,712 [INFO] Sending reply to client 'OK 2022-08-03_20-59-28,f4ce26f3-35ce-4024-99cb-3bbeabc5fc6b'
ptd-server 2022-08-03 20:59:28,749 [INFO] Got command from the client 'time'
ptd-server 2022-08-03 20:59:28,749 [INFO] Sending reply to client '1659578368.7496297'
ptd-server 2022-08-03 20:59:28,750 [INFO] Got command from the client 'session,2022-08-03_20-59-28,start,ranging'
ptd-server 2022-08-03 20:59:28,750 [INFO] Running PTDaemon: ['/home/dell/power-main/inference_v1.0/ptd-linux-x86', '-l', '/tmp/tmpmf6cskfy/ptd_logfile.txt', '-p', '8888', '-c', '3', '52', '/dev/usbtmc0']
ptd-server 2022-08-03 20:59:45,828 [INFO] Sending to ptd: 'Hello'
ptd-server 2022-08-03 20:59:45,829 [INFO] Reply from ptd: 'Hello, PTDaemon here!'
ptd-server 2022-08-03 20:59:45,829 [INFO] Sending to ptd: 'Identify'
ptd-server 2022-08-03 20:59:45,829 [INFO] Reply from ptd: 'YokogawaWT330E,1000,1,1,1,1,0,0,1,version=1.9.2-e8c7a49a-20201208,OS=Linux 5.4.0-122-generic #138-Ubuntu SMP Wed Jun 22 15:00:31 UTC 2022 x86_64,mode=power,1,1,1,0,0,no_cal_date,YOKOGAWA;WT333E;C2WB13023V;F1.04'
ptd-server 2022-08-03 20:59:45,829 [INFO] Connected to PTDaemon
ptd-server 2022-08-03 20:59:45,830 [INFO] Sending to ptd: 'RR'
ptd-server 2022-08-03 20:59:45,830 [INFO] Reply from ptd: 'Ranges,1,2.000000,1,300.000000'
ptd-server 2022-08-03 20:59:45,830 [INFO] Initial range for Amps is Auto for Volts is Auto
ptd-server 2022-08-03 20:59:45,830 [INFO] Sending to ptd: 'SR,V,Auto'
ptd-server 2022-08-03 20:59:46,333 [INFO] Reply from ptd: 'Range V changed'
ptd-server 2022-08-03 20:59:46,333 [INFO] Sending to ptd: 'SR,A,20'
ptd-server 2022-08-03 20:59:47,834 [INFO] Reply from ptd: 'Range A changed'
ptd-server 2022-08-03 20:59:57,845 [INFO] Starting ranging mode
ptd-server 2022-08-03 20:59:57,845 [INFO] Sending to ptd: 'Go,1000,0,2022-08-03_20-59-28_ranging'
ptd-server 2022-08-03 20:59:57,845 [INFO] Reply from ptd: 'Starting untimed measurement, maximum 500000 samples at 1000ms with 0 rampup samples'
ptd-server 2022-08-03 20:59:57,846 [INFO] Sending reply to client 'OK'
ptd-server 2022-08-03 21:12:09,618 [INFO] Got command from the client 'session,2022-08-03_20-59-28,stop,ranging'
ptd-server 2022-08-03 21:12:19,629 [INFO] Sending to ptd: 'Stop'
ptd-server 2022-08-03 21:12:19,629 [INFO] Reply from ptd: 'Stopping untimed measurement'
ptd-server 2022-08-03 21:12:19,655 [INFO] Sending reply to client 'OK'
ptd-server 2022-08-03 21:12:19,698 [INFO] Got command from the client 'time'
ptd-server 2022-08-03 21:12:19,698 [INFO] Sending reply to client '1659579139.6985579'
ptd-server 2022-08-03 21:12:19,699 [INFO] Got command from the client 'session,2022-08-03_20-59-28,start,testing'
ptd-server 2022-08-03 21:12:19,699 [INFO] Sending to ptd: 'SR,V,212.980000'
ptd-server 2022-08-03 21:12:21,348 [INFO] Reply from ptd: 'Range V changed'
ptd-server 2022-08-03 21:12:21,348 [INFO] Sending to ptd: 'SR,A,1.751000'
ptd-server 2022-08-03 21:12:22,849 [INFO] Reply from ptd: 'Range A changed'
ptd-server 2022-08-03 21:12:32,860 [INFO] Starting testing mode
ptd-server 2022-08-03 21:12:32,860 [INFO] Sending to ptd: 'Go,1000,0,2022-08-03_20-59-28_testing'
ptd-server 2022-08-03 21:12:32,860 [INFO] Reply from ptd: 'Starting untimed measurement, maximum 500000 samples at 1000ms with 0 rampup samples'
ptd-server 2022-08-03 21:12:32,861 [INFO] Sending reply to client 'OK'
ptd-server 2022-08-03 21:24:44,703 [INFO] Got command from the client 'session,2022-08-03_20-59-28,stop,testing'
ptd-server 2022-08-03 21:24:54,705 [INFO] Sending to ptd: 'Stop'
ptd-server 2022-08-03 21:24:54,705 [INFO] Reply from ptd: 'Stopping untimed measurement'
ptd-server 2022-08-03 21:24:54,720 [INFO] Sending reply to client 'OK'
ptd-server 2022-08-03 21:24:54,725 [INFO] Got command from the client 'session,2022-08-03_20-59-28,done'
ptd-server 2022-08-03 21:24:54,726 [INFO] Sending to ptd: 'Stop'
ptd-server 2022-08-03 21:24:54,861 [INFO] Reply from ptd: 'Error: no measurement to stop'
ptd-server 2022-08-03 21:24:54,861 [INFO] Sending to ptd: 'SR,V,Auto'
ptd-server 2022-08-03 21:24:55,364 [INFO] Reply from ptd: 'Range V changed'
ptd-server 2022-08-03 21:24:55,364 [INFO] Sending to ptd: 'SR,A,Auto'
ptd-server 2022-08-03 21:24:55,867 [INFO] Reply from ptd: 'Range A changed'
ptd-server 2022-08-03 21:24:55,867 [INFO] Set initial values for Amps Auto and Volts Auto
ptd-server 2022-08-03 21:24:55,867 [INFO] Stopping ptd...
