ptd-server 2022-07-27 11:42:34,800 [INFO] Got command from the client 'time'
ptd-server 2022-07-27 11:42:34,800 [INFO] Sending reply to client '1658918554.8007169'
ptd-server 2022-07-27 11:42:34,805 [INFO] Got command from the client 'new,,a35ed0d5-1aa1-4ee1-a4ed-787cbdbc0e3c'
ptd-server 2022-07-27 11:42:34,805 [INFO] Sending reply to client 'OK 2022-07-27_11-42-34,ba746ff2-a93f-4391-8b02-0af97f42ebf1'
ptd-server 2022-07-27 11:42:34,854 [INFO] Got command from the client 'time'
ptd-server 2022-07-27 11:42:34,854 [INFO] Sending reply to client '1658918554.8544126'
ptd-server 2022-07-27 11:42:34,858 [INFO] Got command from the client 'session,2022-07-27_11-42-34,start,ranging'
ptd-server 2022-07-27 11:42:34,858 [INFO] Running PTDaemon: ['/home/anton/projects/mlperf/power/inference_v1.0/ptd-linux-x86', '-l', '/tmp/tmp7lgbo8s4/ptd_logfile.txt', '-p', '8888', '49', '/dev/usbtmc0']
ptd-server 2022-07-27 11:42:52,031 [INFO] Sending to ptd: 'Hello'
ptd-server 2022-07-27 11:42:52,032 [INFO] Reply from ptd: 'Hello, PTDaemon here!'
ptd-server 2022-07-27 11:42:52,032 [INFO] Sending to ptd: 'Identify'
ptd-server 2022-07-27 11:42:52,032 [INFO] Reply from ptd: 'YokogawaWT310E,1000,1,1,1,1,0,1,1,version=1.9.2-e8c7a49a-20201208,OS=Linux 5.13.0-52-generic #59~20.04.1-Ubuntu SMP Thu Jun 16 21:21:28 UTC 2022 x86_64,mode=power,1,1,1,0,0,no_cal_date,YOKOGAWA;WT310E;C3XA04010E;F1.04'
ptd-server 2022-07-27 11:42:52,033 [INFO] Connected to PTDaemon
ptd-server 2022-07-27 11:42:52,033 [INFO] Sending to ptd: 'RR'
ptd-server 2022-07-27 11:42:52,033 [INFO] Reply from ptd: 'Ranges,0,0.500000,1,300.000000'
ptd-server 2022-07-27 11:42:52,033 [INFO] Initial range for Amps is 0.500000 for Volts is Auto
ptd-server 2022-07-27 11:42:52,034 [INFO] Sending to ptd: 'SR,V,Auto'
ptd-server 2022-07-27 11:42:52,536 [INFO] Reply from ptd: 'Range V changed'
ptd-server 2022-07-27 11:42:52,537 [INFO] Sending to ptd: 'SR,A,Auto'
ptd-server 2022-07-27 11:42:53,039 [INFO] Reply from ptd: 'Range A changed'
ptd-server 2022-07-27 11:43:03,049 [INFO] Starting ranging mode
ptd-server 2022-07-27 11:43:03,050 [INFO] Sending to ptd: 'Go,1000,0,2022-07-27_11-42-34_ranging'
ptd-server 2022-07-27 11:43:03,050 [INFO] Reply from ptd: 'Starting untimed measurement, maximum 500000 samples at 1000ms with 0 rampup samples'
ptd-server 2022-07-27 11:43:03,050 [INFO] Sending reply to client 'OK'
ptd-server 2022-07-27 11:53:18,384 [INFO] Got command from the client 'session,2022-07-27_11-42-34,stop,ranging'
ptd-server 2022-07-27 11:53:28,394 [INFO] Sending to ptd: 'Stop'
ptd-server 2022-07-27 11:53:28,394 [INFO] Reply from ptd: 'Stopping untimed measurement'
ptd-server 2022-07-27 11:53:29,343 [INFO] Sending reply to client 'OK'
ptd-server 2022-07-27 11:53:29,421 [INFO] Got command from the client 'time'
ptd-server 2022-07-27 11:53:29,422 [INFO] Sending reply to client '1658919209.4219735'
ptd-server 2022-07-27 11:53:29,426 [INFO] Got command from the client 'session,2022-07-27_11-42-34,start,testing'
ptd-server 2022-07-27 11:53:29,427 [INFO] Sending to ptd: 'SR,V,250.330000'
ptd-server 2022-07-27 11:53:30,928 [INFO] Reply from ptd: 'Range V changed'
ptd-server 2022-07-27 11:53:30,928 [INFO] Sending to ptd: 'SR,A,0.046820'
ptd-server 2022-07-27 11:53:32,429 [INFO] Reply from ptd: 'Range A changed'
ptd-server 2022-07-27 11:53:42,440 [INFO] Starting testing mode
ptd-server 2022-07-27 11:53:42,440 [INFO] Sending to ptd: 'Go,1000,0,2022-07-27_11-42-34_testing'
ptd-server 2022-07-27 11:53:42,440 [INFO] Reply from ptd: 'Starting untimed measurement, maximum 500000 samples at 1000ms with 0 rampup samples'
ptd-server 2022-07-27 11:53:42,440 [INFO] Sending reply to client 'OK'
ptd-server 2022-07-27 12:03:57,572 [INFO] Got command from the client 'session,2022-07-27_11-42-34,stop,testing'
ptd-server 2022-07-27 12:04:07,583 [INFO] Sending to ptd: 'Stop'
ptd-server 2022-07-27 12:04:07,583 [INFO] Reply from ptd: 'Stopping untimed measurement'
ptd-server 2022-07-27 12:04:08,075 [INFO] Sending reply to client 'OK'
ptd-server 2022-07-27 12:04:08,097 [INFO] Got command from the client 'session,2022-07-27_11-42-34,done'
ptd-server 2022-07-27 12:04:08,097 [INFO] Sending to ptd: 'Stop'
ptd-server 2022-07-27 12:04:08,440 [INFO] Reply from ptd: 'Error: no measurement to stop'
ptd-server 2022-07-27 12:04:08,441 [INFO] Sending to ptd: 'SR,V,Auto'
ptd-server 2022-07-27 12:04:08,943 [INFO] Reply from ptd: 'Range V changed'
ptd-server 2022-07-27 12:04:08,943 [INFO] Sending to ptd: 'SR,A,0.500000'
ptd-server 2022-07-27 12:04:10,445 [INFO] Reply from ptd: 'Range A changed'
ptd-server 2022-07-27 12:04:10,445 [INFO] Set initial values for Amps 0.500000 and Volts Auto
ptd-server 2022-07-27 12:04:10,445 [INFO] Stopping ptd...
