ptd-server 2022-07-23 09:55:33,423 [INFO] Got command from the client 'time'
ptd-server 2022-07-23 09:55:33,423 [INFO] Sending reply to client '1658566533.4232316'
ptd-server 2022-07-23 09:55:33,424 [INFO] Got command from the client 'new,,664f788e-1c95-4e83-b77f-8d0c4dca0cfb'
ptd-server 2022-07-23 09:55:33,424 [INFO] Sending reply to client 'OK 2022-07-23_09-55-33,ca2cf262-c9e0-4828-a273-ef25251cae56'
ptd-server 2022-07-23 09:55:33,462 [INFO] Got command from the client 'time'
ptd-server 2022-07-23 09:55:33,462 [INFO] Sending reply to client '1658566533.4622567'
ptd-server 2022-07-23 09:55:33,463 [INFO] Got command from the client 'session,2022-07-23_09-55-33,start,ranging'
ptd-server 2022-07-23 09:55:33,463 [INFO] Running PTDaemon: ['/home/anton/projects/mlperf/power/inference_v1.0/ptd-linux-x86', '-l', '/tmp/tmp7lgbo8s4/ptd_logfile.txt', '-p', '8888', '49', '/dev/usbtmc0']
ptd-server 2022-07-23 09:55:50,638 [INFO] Sending to ptd: 'Hello'
ptd-server 2022-07-23 09:55:50,638 [INFO] Reply from ptd: 'Hello, PTDaemon here!'
ptd-server 2022-07-23 09:55:50,638 [INFO] Sending to ptd: 'Identify'
ptd-server 2022-07-23 09:55:50,639 [INFO] Reply from ptd: 'YokogawaWT310E,1000,1,1,1,1,0,1,1,version=1.9.2-e8c7a49a-20201208,OS=Linux 5.13.0-52-generic #59~20.04.1-Ubuntu SMP Thu Jun 16 21:21:28 UTC 2022 x86_64,mode=power,1,1,1,0,0,no_cal_date,YOKOGAWA;WT310E;C3XA04010E;F1.04'
ptd-server 2022-07-23 09:55:50,639 [INFO] Connected to PTDaemon
ptd-server 2022-07-23 09:55:50,639 [INFO] Sending to ptd: 'RR'
ptd-server 2022-07-23 09:55:50,639 [INFO] Reply from ptd: 'Ranges,0,0.500000,1,300.000000'
ptd-server 2022-07-23 09:55:50,640 [INFO] Initial range for Amps is 0.500000 for Volts is Auto
ptd-server 2022-07-23 09:55:50,640 [INFO] Sending to ptd: 'SR,V,Auto'
ptd-server 2022-07-23 09:55:51,142 [INFO] Reply from ptd: 'Range V changed'
ptd-server 2022-07-23 09:55:51,142 [INFO] Sending to ptd: 'SR,A,Auto'
ptd-server 2022-07-23 09:55:51,645 [INFO] Reply from ptd: 'Range A changed'
ptd-server 2022-07-23 09:56:01,654 [INFO] Starting ranging mode
ptd-server 2022-07-23 09:56:01,654 [INFO] Sending to ptd: 'Go,1000,0,2022-07-23_09-55-33_ranging'
ptd-server 2022-07-23 09:56:01,654 [INFO] Reply from ptd: 'Starting untimed measurement, maximum 500000 samples at 1000ms with 0 rampup samples'
ptd-server 2022-07-23 09:56:01,655 [INFO] Sending reply to client 'OK'
ptd-server 2022-07-23 10:06:18,053 [INFO] Got command from the client 'session,2022-07-23_09-55-33,stop,ranging'
ptd-server 2022-07-23 10:06:28,063 [INFO] Sending to ptd: 'Stop'
ptd-server 2022-07-23 10:06:28,064 [INFO] Reply from ptd: 'Stopping untimed measurement'
ptd-server 2022-07-23 10:06:28,613 [INFO] Sending reply to client 'OK'
ptd-server 2022-07-23 10:06:28,668 [INFO] Got command from the client 'time'
ptd-server 2022-07-23 10:06:28,669 [INFO] Sending reply to client '1658567188.6691008'
ptd-server 2022-07-23 10:06:28,670 [INFO] Got command from the client 'session,2022-07-23_09-55-33,start,testing'
ptd-server 2022-07-23 10:06:28,670 [INFO] Sending to ptd: 'SR,V,250.960000'
ptd-server 2022-07-23 10:06:30,171 [INFO] Reply from ptd: 'Range V changed'
ptd-server 2022-07-23 10:06:30,171 [INFO] Sending to ptd: 'SR,A,0.048660'
ptd-server 2022-07-23 10:06:31,673 [INFO] Reply from ptd: 'Range A changed'
ptd-server 2022-07-23 10:06:41,683 [INFO] Starting testing mode
ptd-server 2022-07-23 10:06:41,683 [INFO] Sending to ptd: 'Go,1000,0,2022-07-23_09-55-33_testing'
ptd-server 2022-07-23 10:06:41,684 [INFO] Reply from ptd: 'Starting untimed measurement, maximum 500000 samples at 1000ms with 0 rampup samples'
ptd-server 2022-07-23 10:06:41,684 [INFO] Sending reply to client 'OK'
ptd-server 2022-07-23 10:16:58,030 [INFO] Got command from the client 'session,2022-07-23_09-55-33,stop,testing'
ptd-server 2022-07-23 10:17:08,040 [INFO] Sending to ptd: 'Stop'
ptd-server 2022-07-23 10:17:08,041 [INFO] Reply from ptd: 'Stopping untimed measurement'
ptd-server 2022-07-23 10:17:08,328 [INFO] Sending reply to client 'OK'
ptd-server 2022-07-23 10:17:08,336 [INFO] Got command from the client 'session,2022-07-23_09-55-33,done'
ptd-server 2022-07-23 10:17:08,336 [INFO] Sending to ptd: 'Stop'
ptd-server 2022-07-23 10:17:08,685 [INFO] Reply from ptd: 'Error: no measurement to stop'
ptd-server 2022-07-23 10:17:08,685 [INFO] Sending to ptd: 'SR,V,Auto'
ptd-server 2022-07-23 10:17:09,187 [INFO] Reply from ptd: 'Range V changed'
ptd-server 2022-07-23 10:17:09,188 [INFO] Sending to ptd: 'SR,A,0.500000'
ptd-server 2022-07-23 10:17:10,689 [INFO] Reply from ptd: 'Range A changed'
ptd-server 2022-07-23 10:17:10,689 [INFO] Set initial values for Amps 0.500000 and Volts Auto
ptd-server 2022-07-23 10:17:10,689 [INFO] Stopping ptd...
