ptd-server 2022-07-25 04:46:32,761 [INFO] Got command from the client 'time'
ptd-server 2022-07-25 04:46:32,761 [INFO] Sending reply to client '1658720792.7617555'
ptd-server 2022-07-25 04:46:32,762 [INFO] Got command from the client 'new,,5e35c5dd-b8d6-4b7a-b936-c98aedd88620'
ptd-server 2022-07-25 04:46:32,763 [INFO] Sending reply to client 'OK 2022-07-25_04-46-32,3e2815e7-b338-49c3-8cec-c14f43ee5464'
ptd-server 2022-07-25 04:46:32,801 [INFO] Got command from the client 'time'
ptd-server 2022-07-25 04:46:32,801 [INFO] Sending reply to client '1658720792.801722'
ptd-server 2022-07-25 04:46:32,802 [INFO] Got command from the client 'session,2022-07-25_04-46-32,start,ranging'
ptd-server 2022-07-25 04:46:32,802 [INFO] Running PTDaemon: ['/home/anton/projects/mlperf/power/inference_v1.0/ptd-linux-x86', '-l', '/tmp/tmp7lgbo8s4/ptd_logfile.txt', '-p', '8888', '49', '/dev/usbtmc0']
ptd-server 2022-07-25 04:46:49,976 [INFO] Sending to ptd: 'Hello'
ptd-server 2022-07-25 04:46:49,977 [INFO] Reply from ptd: 'Hello, PTDaemon here!'
ptd-server 2022-07-25 04:46:49,977 [INFO] Sending to ptd: 'Identify'
ptd-server 2022-07-25 04:46:49,977 [INFO] Reply from ptd: 'YokogawaWT310E,1000,1,1,1,1,0,1,1,version=1.9.2-e8c7a49a-20201208,OS=Linux 5.13.0-52-generic #59~20.04.1-Ubuntu SMP Thu Jun 16 21:21:28 UTC 2022 x86_64,mode=power,1,1,1,0,0,no_cal_date,YOKOGAWA;WT310E;C3XA04010E;F1.04'
ptd-server 2022-07-25 04:46:49,977 [INFO] Connected to PTDaemon
ptd-server 2022-07-25 04:46:49,978 [INFO] Sending to ptd: 'RR'
ptd-server 2022-07-25 04:46:49,978 [INFO] Reply from ptd: 'Ranges,0,0.500000,1,300.000000'
ptd-server 2022-07-25 04:46:49,978 [INFO] Initial range for Amps is 0.500000 for Volts is Auto
ptd-server 2022-07-25 04:46:49,978 [INFO] Sending to ptd: 'SR,V,Auto'
ptd-server 2022-07-25 04:46:50,481 [INFO] Reply from ptd: 'Range V changed'
ptd-server 2022-07-25 04:46:50,481 [INFO] Sending to ptd: 'SR,A,Auto'
ptd-server 2022-07-25 04:46:50,983 [INFO] Reply from ptd: 'Range A changed'
ptd-server 2022-07-25 04:47:00,993 [INFO] Starting ranging mode
ptd-server 2022-07-25 04:47:00,994 [INFO] Sending to ptd: 'Go,1000,0,2022-07-25_04-46-32_ranging'
ptd-server 2022-07-25 04:47:00,994 [INFO] Reply from ptd: 'Starting untimed measurement, maximum 500000 samples at 1000ms with 0 rampup samples'
ptd-server 2022-07-25 04:47:00,994 [INFO] Sending reply to client 'OK'
ptd-server 2022-07-25 04:57:25,788 [INFO] Got command from the client 'session,2022-07-25_04-46-32,stop,ranging'
ptd-server 2022-07-25 04:57:35,799 [INFO] Sending to ptd: 'Stop'
ptd-server 2022-07-25 04:57:35,799 [INFO] Reply from ptd: 'Stopping untimed measurement'
ptd-server 2022-07-25 04:57:36,569 [INFO] Sending reply to client 'OK'
ptd-server 2022-07-25 04:57:36,617 [INFO] Got command from the client 'time'
ptd-server 2022-07-25 04:57:36,618 [INFO] Sending reply to client '1658721456.61802'
ptd-server 2022-07-25 04:57:36,618 [INFO] Got command from the client 'session,2022-07-25_04-46-32,start,testing'
ptd-server 2022-07-25 04:57:36,619 [INFO] Sending to ptd: 'SR,V,249.070000'
ptd-server 2022-07-25 04:57:38,120 [INFO] Reply from ptd: 'Range V changed'
ptd-server 2022-07-25 04:57:38,120 [INFO] Sending to ptd: 'SR,A,0.049890'
ptd-server 2022-07-25 04:57:39,622 [INFO] Reply from ptd: 'Range A changed'
ptd-server 2022-07-25 04:57:49,632 [INFO] Starting testing mode
ptd-server 2022-07-25 04:57:49,632 [INFO] Sending to ptd: 'Go,1000,0,2022-07-25_04-46-32_testing'
ptd-server 2022-07-25 04:57:49,632 [INFO] Reply from ptd: 'Starting untimed measurement, maximum 500000 samples at 1000ms with 0 rampup samples'
ptd-server 2022-07-25 04:57:49,633 [INFO] Sending reply to client 'OK'
ptd-server 2022-07-25 05:08:14,472 [INFO] Got command from the client 'session,2022-07-25_04-46-32,stop,testing'
ptd-server 2022-07-25 05:08:24,482 [INFO] Sending to ptd: 'Stop'
ptd-server 2022-07-25 05:08:24,483 [INFO] Reply from ptd: 'Stopping untimed measurement'
ptd-server 2022-07-25 05:08:24,879 [INFO] Sending reply to client 'OK'
ptd-server 2022-07-25 05:08:24,887 [INFO] Got command from the client 'session,2022-07-25_04-46-32,done'
ptd-server 2022-07-25 05:08:24,887 [INFO] Sending to ptd: 'Stop'
ptd-server 2022-07-25 05:08:24,888 [INFO] Reply from ptd: 'Error: no measurement to stop'
ptd-server 2022-07-25 05:08:24,888 [INFO] Sending to ptd: 'SR,V,Auto'
ptd-server 2022-07-25 05:08:25,390 [INFO] Reply from ptd: 'Range V changed'
ptd-server 2022-07-25 05:08:25,390 [INFO] Sending to ptd: 'SR,A,0.500000'
ptd-server 2022-07-25 05:08:26,892 [INFO] Reply from ptd: 'Range A changed'
ptd-server 2022-07-25 05:08:26,892 [INFO] Set initial values for Amps 0.500000 and Volts Auto
ptd-server 2022-07-25 05:08:26,892 [INFO] Stopping ptd...
