ptd-server 2022-07-23 05:34:30,196 [INFO] Got command from the client 'time'
ptd-server 2022-07-23 05:34:30,196 [INFO] Sending reply to client '1658550870.1967087'
ptd-server 2022-07-23 05:34:30,198 [INFO] Got command from the client 'new,,3f891c51-6667-4c6d-8915-84aa0e1b3e6d'
ptd-server 2022-07-23 05:34:30,198 [INFO] Sending reply to client 'OK 2022-07-23_05-34-30,08864317-16fe-4a28-bc9f-7cccf6ebbe50'
ptd-server 2022-07-23 05:34:30,239 [INFO] Got command from the client 'time'
ptd-server 2022-07-23 05:34:30,240 [INFO] Sending reply to client '1658550870.2400107'
ptd-server 2022-07-23 05:34:30,240 [INFO] Got command from the client 'session,2022-07-23_05-34-30,start,ranging'
ptd-server 2022-07-23 05:34:30,241 [INFO] Running PTDaemon: ['/home/anton/projects/mlperf/power/inference_v1.0/ptd-linux-x86', '-l', '/tmp/tmp7lgbo8s4/ptd_logfile.txt', '-p', '8888', '49', '/dev/usbtmc0']
ptd-server 2022-07-23 05:34:47,414 [INFO] Sending to ptd: 'Hello'
ptd-server 2022-07-23 05:34:47,415 [INFO] Reply from ptd: 'Hello, PTDaemon here!'
ptd-server 2022-07-23 05:34:47,415 [INFO] Sending to ptd: 'Identify'
ptd-server 2022-07-23 05:34:47,415 [INFO] Reply from ptd: 'YokogawaWT310E,1000,1,1,1,1,0,1,1,version=1.9.2-e8c7a49a-20201208,OS=Linux 5.13.0-52-generic #59~20.04.1-Ubuntu SMP Thu Jun 16 21:21:28 UTC 2022 x86_64,mode=power,1,1,1,0,0,no_cal_date,YOKOGAWA;WT310E;C3XA04010E;F1.04'
ptd-server 2022-07-23 05:34:47,416 [INFO] Connected to PTDaemon
ptd-server 2022-07-23 05:34:47,416 [INFO] Sending to ptd: 'RR'
ptd-server 2022-07-23 05:34:47,416 [INFO] Reply from ptd: 'Ranges,0,0.500000,1,300.000000'
ptd-server 2022-07-23 05:34:47,416 [INFO] Initial range for Amps is 0.500000 for Volts is Auto
ptd-server 2022-07-23 05:34:47,416 [INFO] Sending to ptd: 'SR,V,Auto'
ptd-server 2022-07-23 05:34:47,919 [INFO] Reply from ptd: 'Range V changed'
ptd-server 2022-07-23 05:34:47,919 [INFO] Sending to ptd: 'SR,A,Auto'
ptd-server 2022-07-23 05:34:48,421 [INFO] Reply from ptd: 'Range A changed'
ptd-server 2022-07-23 05:34:58,432 [INFO] Starting ranging mode
ptd-server 2022-07-23 05:34:58,432 [INFO] Sending to ptd: 'Go,1000,0,2022-07-23_05-34-30_ranging'
ptd-server 2022-07-23 05:34:58,432 [INFO] Reply from ptd: 'Starting untimed measurement, maximum 500000 samples at 1000ms with 0 rampup samples'
ptd-server 2022-07-23 05:34:58,432 [INFO] Sending reply to client 'OK'
ptd-server 2022-07-23 05:45:14,766 [INFO] Got command from the client 'session,2022-07-23_05-34-30,stop,ranging'
ptd-server 2022-07-23 05:45:24,776 [INFO] Sending to ptd: 'Stop'
ptd-server 2022-07-23 05:45:24,777 [INFO] Reply from ptd: 'Stopping untimed measurement'
ptd-server 2022-07-23 05:45:25,298 [INFO] Sending reply to client 'OK'
ptd-server 2022-07-23 05:45:25,346 [INFO] Got command from the client 'time'
ptd-server 2022-07-23 05:45:25,346 [INFO] Sending reply to client '1658551525.346227'
ptd-server 2022-07-23 05:45:25,347 [INFO] Got command from the client 'session,2022-07-23_05-34-30,start,testing'
ptd-server 2022-07-23 05:45:25,347 [INFO] Sending to ptd: 'SR,V,250.730000'
ptd-server 2022-07-23 05:45:26,933 [INFO] Reply from ptd: 'Range V changed'
ptd-server 2022-07-23 05:45:26,933 [INFO] Sending to ptd: 'SR,A,0.054980'
ptd-server 2022-07-23 05:45:28,435 [INFO] Reply from ptd: 'Range A changed'
ptd-server 2022-07-23 05:45:38,445 [INFO] Starting testing mode
ptd-server 2022-07-23 05:45:38,445 [INFO] Sending to ptd: 'Go,1000,0,2022-07-23_05-34-30_testing'
ptd-server 2022-07-23 05:45:38,445 [INFO] Reply from ptd: 'Starting untimed measurement, maximum 500000 samples at 1000ms with 0 rampup samples'
ptd-server 2022-07-23 05:45:38,446 [INFO] Sending reply to client 'OK'
ptd-server 2022-07-23 05:55:54,696 [INFO] Got command from the client 'session,2022-07-23_05-34-30,stop,testing'
ptd-server 2022-07-23 05:56:04,707 [INFO] Sending to ptd: 'Stop'
ptd-server 2022-07-23 05:56:04,707 [INFO] Reply from ptd: 'Stopping untimed measurement'
ptd-server 2022-07-23 05:56:05,001 [INFO] Sending reply to client 'OK'
ptd-server 2022-07-23 05:56:05,009 [INFO] Got command from the client 'session,2022-07-23_05-34-30,done'
ptd-server 2022-07-23 05:56:05,009 [INFO] Sending to ptd: 'Stop'
ptd-server 2022-07-23 05:56:05,445 [INFO] Reply from ptd: 'Error: no measurement to stop'
ptd-server 2022-07-23 05:56:05,446 [INFO] Sending to ptd: 'SR,V,Auto'
ptd-server 2022-07-23 05:56:05,948 [INFO] Reply from ptd: 'Range V changed'
ptd-server 2022-07-23 05:56:05,948 [INFO] Sending to ptd: 'SR,A,0.500000'
ptd-server 2022-07-23 05:56:07,450 [INFO] Reply from ptd: 'Range A changed'
ptd-server 2022-07-23 05:56:07,450 [INFO] Set initial values for Amps 0.500000 and Volts Auto
ptd-server 2022-07-23 05:56:07,451 [INFO] Stopping ptd...
