ptd-server 2022-07-22 01:53:06,117 [INFO] Got command from the client 'time'
ptd-server 2022-07-22 01:53:06,117 [INFO] Sending reply to client '1658451186.1174576'
ptd-server 2022-07-22 01:53:06,118 [INFO] Got command from the client 'new,,d447942e-fc32-4a60-b9b2-fbd300b9d2e5'
ptd-server 2022-07-22 01:53:06,119 [INFO] Sending reply to client 'OK 2022-07-22_01-53-06,1fe07eb3-9938-425d-b884-c11a52c5e077'
ptd-server 2022-07-22 01:53:06,156 [INFO] Got command from the client 'time'
ptd-server 2022-07-22 01:53:06,156 [INFO] Sending reply to client '1658451186.1564045'
ptd-server 2022-07-22 01:53:06,157 [INFO] Got command from the client 'session,2022-07-22_01-53-06,start,ranging'
ptd-server 2022-07-22 01:53:06,157 [INFO] Running PTDaemon: ['/home/anton/projects/mlperf/power/inference_v1.0/ptd-linux-x86', '-l', '/tmp/tmp7lgbo8s4/ptd_logfile.txt', '-p', '8888', '49', '/dev/usbtmc0']
ptd-server 2022-07-22 01:53:23,331 [INFO] Sending to ptd: 'Hello'
ptd-server 2022-07-22 01:53:23,332 [INFO] Reply from ptd: 'Hello, PTDaemon here!'
ptd-server 2022-07-22 01:53:23,332 [INFO] Sending to ptd: 'Identify'
ptd-server 2022-07-22 01:53:23,333 [INFO] Reply from ptd: 'YokogawaWT310E,1000,1,1,1,1,0,1,1,version=1.9.2-e8c7a49a-20201208,OS=Linux 5.13.0-52-generic #59~20.04.1-Ubuntu SMP Thu Jun 16 21:21:28 UTC 2022 x86_64,mode=power,1,1,1,0,0,no_cal_date,YOKOGAWA;WT310E;C3XA04010E;F1.04'
ptd-server 2022-07-22 01:53:23,333 [INFO] Connected to PTDaemon
ptd-server 2022-07-22 01:53:23,333 [INFO] Sending to ptd: 'RR'
ptd-server 2022-07-22 01:53:23,333 [INFO] Reply from ptd: 'Ranges,0,0.500000,1,300.000000'
ptd-server 2022-07-22 01:53:23,333 [INFO] Initial range for Amps is 0.500000 for Volts is Auto
ptd-server 2022-07-22 01:53:23,333 [INFO] Sending to ptd: 'SR,V,Auto'
ptd-server 2022-07-22 01:53:23,836 [INFO] Reply from ptd: 'Range V changed'
ptd-server 2022-07-22 01:53:23,836 [INFO] Sending to ptd: 'SR,A,Auto'
ptd-server 2022-07-22 01:53:24,338 [INFO] Reply from ptd: 'Range A changed'
ptd-server 2022-07-22 01:53:34,349 [INFO] Starting ranging mode
ptd-server 2022-07-22 01:53:34,349 [INFO] Sending to ptd: 'Go,1000,0,2022-07-22_01-53-06_ranging'
ptd-server 2022-07-22 01:53:34,349 [INFO] Reply from ptd: 'Starting untimed measurement, maximum 500000 samples at 1000ms with 0 rampup samples'
ptd-server 2022-07-22 01:53:34,350 [INFO] Sending reply to client 'OK'
ptd-server 2022-07-22 02:03:55,494 [INFO] Got command from the client 'session,2022-07-22_01-53-06,stop,ranging'
ptd-server 2022-07-22 02:04:05,505 [INFO] Sending to ptd: 'Stop'
ptd-server 2022-07-22 02:04:05,505 [INFO] Reply from ptd: 'Stopping untimed measurement'
ptd-server 2022-07-22 02:04:05,908 [INFO] Sending reply to client 'OK'
ptd-server 2022-07-22 02:04:05,951 [INFO] Got command from the client 'time'
ptd-server 2022-07-22 02:04:05,951 [INFO] Sending reply to client '1658451845.9514837'
ptd-server 2022-07-22 02:04:05,952 [INFO] Got command from the client 'session,2022-07-22_01-53-06,start,testing'
ptd-server 2022-07-22 02:04:05,952 [INFO] Sending to ptd: 'SR,V,250.610000'
ptd-server 2022-07-22 02:04:07,852 [INFO] Reply from ptd: 'Range V changed'
ptd-server 2022-07-22 02:04:07,852 [INFO] Sending to ptd: 'SR,A,0.068900'
ptd-server 2022-07-22 02:04:09,353 [INFO] Reply from ptd: 'Range A changed'
ptd-server 2022-07-22 02:04:19,363 [INFO] Starting testing mode
ptd-server 2022-07-22 02:04:19,364 [INFO] Sending to ptd: 'Go,1000,0,2022-07-22_01-53-06_testing'
ptd-server 2022-07-22 02:04:19,364 [INFO] Reply from ptd: 'Starting untimed measurement, maximum 500000 samples at 1000ms with 0 rampup samples'
ptd-server 2022-07-22 02:04:19,364 [INFO] Sending reply to client 'OK'
ptd-server 2022-07-22 02:14:40,319 [INFO] Got command from the client 'session,2022-07-22_01-53-06,stop,testing'
ptd-server 2022-07-22 02:14:50,329 [INFO] Sending to ptd: 'Stop'
ptd-server 2022-07-22 02:14:50,330 [INFO] Reply from ptd: 'Stopping untimed measurement'
ptd-server 2022-07-22 02:14:50,538 [INFO] Sending reply to client 'OK'
ptd-server 2022-07-22 02:14:50,546 [INFO] Got command from the client 'session,2022-07-22_01-53-06,done'
ptd-server 2022-07-22 02:14:50,546 [INFO] Sending to ptd: 'Stop'
ptd-server 2022-07-22 02:14:50,546 [INFO] Reply from ptd: 'Error: no measurement to stop'
ptd-server 2022-07-22 02:14:50,546 [INFO] Sending to ptd: 'SR,V,Auto'
ptd-server 2022-07-22 02:14:51,049 [INFO] Reply from ptd: 'Range V changed'
ptd-server 2022-07-22 02:14:51,049 [INFO] Sending to ptd: 'SR,A,0.500000'
ptd-server 2022-07-22 02:14:52,550 [INFO] Reply from ptd: 'Range A changed'
ptd-server 2022-07-22 02:14:52,551 [INFO] Set initial values for Amps 0.500000 and Volts Auto
ptd-server 2022-07-22 02:14:52,551 [INFO] Stopping ptd...
