ptd-server 2022-07-22 08:49:33,083 [INFO] Got command from the client 'time'
ptd-server 2022-07-22 08:49:33,083 [INFO] Sending reply to client '1658476173.0835822'
ptd-server 2022-07-22 08:49:33,084 [INFO] Got command from the client 'new,,591507e2-a94d-43b8-b239-511afce40ace'
ptd-server 2022-07-22 08:49:33,085 [INFO] Sending reply to client 'OK 2022-07-22_08-49-33,06680f87-e223-4a2e-9dff-6782591c6573'
ptd-server 2022-07-22 08:49:33,115 [INFO] Got command from the client 'time'
ptd-server 2022-07-22 08:49:33,115 [INFO] Sending reply to client '1658476173.1156006'
ptd-server 2022-07-22 08:49:33,116 [INFO] Got command from the client 'session,2022-07-22_08-49-33,start,ranging'
ptd-server 2022-07-22 08:49:33,117 [INFO] Running PTDaemon: ['/home/anton/projects/mlperf/power/inference_v1.0/ptd-linux-x86', '-l', '/tmp/tmp7lgbo8s4/ptd_logfile.txt', '-p', '8888', '49', '/dev/usbtmc0']
ptd-server 2022-07-22 08:49:50,291 [INFO] Sending to ptd: 'Hello'
ptd-server 2022-07-22 08:49:50,291 [INFO] Reply from ptd: 'Hello, PTDaemon here!'
ptd-server 2022-07-22 08:49:50,292 [INFO] Sending to ptd: 'Identify'
ptd-server 2022-07-22 08:49:50,292 [INFO] Reply from ptd: 'YokogawaWT310E,1000,1,1,1,1,0,1,1,version=1.9.2-e8c7a49a-20201208,OS=Linux 5.13.0-52-generic #59~20.04.1-Ubuntu SMP Thu Jun 16 21:21:28 UTC 2022 x86_64,mode=power,1,1,1,0,0,no_cal_date,YOKOGAWA;WT310E;C3XA04010E;F1.04'
ptd-server 2022-07-22 08:49:50,292 [INFO] Connected to PTDaemon
ptd-server 2022-07-22 08:49:50,292 [INFO] Sending to ptd: 'RR'
ptd-server 2022-07-22 08:49:50,293 [INFO] Reply from ptd: 'Ranges,0,0.500000,1,300.000000'
ptd-server 2022-07-22 08:49:50,293 [INFO] Initial range for Amps is 0.500000 for Volts is Auto
ptd-server 2022-07-22 08:49:50,293 [INFO] Sending to ptd: 'SR,V,Auto'
ptd-server 2022-07-22 08:49:50,796 [INFO] Reply from ptd: 'Range V changed'
ptd-server 2022-07-22 08:49:50,796 [INFO] Sending to ptd: 'SR,A,Auto'
ptd-server 2022-07-22 08:49:51,298 [INFO] Reply from ptd: 'Range A changed'
ptd-server 2022-07-22 08:50:01,309 [INFO] Starting ranging mode
ptd-server 2022-07-22 08:50:01,309 [INFO] Sending to ptd: 'Go,1000,0,2022-07-22_08-49-33_ranging'
ptd-server 2022-07-22 08:50:01,309 [INFO] Reply from ptd: 'Starting untimed measurement, maximum 500000 samples at 1000ms with 0 rampup samples'
ptd-server 2022-07-22 08:50:01,310 [INFO] Sending reply to client 'OK'
ptd-server 2022-07-22 09:00:23,279 [INFO] Got command from the client 'session,2022-07-22_08-49-33,stop,ranging'
ptd-server 2022-07-22 09:00:33,289 [INFO] Sending to ptd: 'Stop'
ptd-server 2022-07-22 09:00:33,290 [INFO] Reply from ptd: 'Stopping untimed measurement'
ptd-server 2022-07-22 09:00:33,723 [INFO] Sending reply to client 'OK'
ptd-server 2022-07-22 09:00:33,772 [INFO] Got command from the client 'time'
ptd-server 2022-07-22 09:00:33,772 [INFO] Sending reply to client '1658476833.7726378'
ptd-server 2022-07-22 09:00:33,773 [INFO] Got command from the client 'session,2022-07-22_08-49-33,start,testing'
ptd-server 2022-07-22 09:00:33,774 [INFO] Sending to ptd: 'SR,V,251.130000'
ptd-server 2022-07-22 09:00:35,275 [INFO] Reply from ptd: 'Range V changed'
ptd-server 2022-07-22 09:00:35,275 [INFO] Sending to ptd: 'SR,A,0.061810'
ptd-server 2022-07-22 09:00:36,777 [INFO] Reply from ptd: 'Range A changed'
ptd-server 2022-07-22 09:00:46,787 [INFO] Starting testing mode
ptd-server 2022-07-22 09:00:46,787 [INFO] Sending to ptd: 'Go,1000,0,2022-07-22_08-49-33_testing'
ptd-server 2022-07-22 09:00:46,787 [INFO] Reply from ptd: 'Starting untimed measurement, maximum 500000 samples at 1000ms with 0 rampup samples'
ptd-server 2022-07-22 09:00:46,788 [INFO] Sending reply to client 'OK'
ptd-server 2022-07-22 09:11:07,802 [INFO] Got command from the client 'session,2022-07-22_08-49-33,stop,testing'
ptd-server 2022-07-22 09:11:17,812 [INFO] Sending to ptd: 'Stop'
ptd-server 2022-07-22 09:11:17,812 [INFO] Reply from ptd: 'Stopping untimed measurement'
ptd-server 2022-07-22 09:11:18,047 [INFO] Sending reply to client 'OK'
ptd-server 2022-07-22 09:11:18,055 [INFO] Got command from the client 'session,2022-07-22_08-49-33,done'
ptd-server 2022-07-22 09:11:18,055 [INFO] Sending to ptd: 'Stop'
ptd-server 2022-07-22 09:11:18,788 [INFO] Reply from ptd: 'Error: no measurement to stop'
ptd-server 2022-07-22 09:11:18,788 [INFO] Sending to ptd: 'SR,V,Auto'
ptd-server 2022-07-22 09:11:19,291 [INFO] Reply from ptd: 'Range V changed'
ptd-server 2022-07-22 09:11:19,291 [INFO] Sending to ptd: 'SR,A,0.500000'
ptd-server 2022-07-22 09:11:20,792 [INFO] Reply from ptd: 'Range A changed'
ptd-server 2022-07-22 09:11:20,792 [INFO] Set initial values for Amps 0.500000 and Volts Auto
ptd-server 2022-07-22 09:11:20,793 [INFO] Stopping ptd...
