ptd-server 2022-08-01 22:33:18,154 [INFO] Got command from the client 'time'
ptd-server 2022-08-01 22:33:18,155 [INFO] Sending reply to client '1659389598.1550367'
ptd-server 2022-08-01 22:33:18,155 [INFO] Got command from the client 'new,,7fb27651-0e1d-407d-b5e3-9b75620096b3'
ptd-server 2022-08-01 22:33:18,156 [INFO] Sending reply to client 'OK 2022-08-01_22-33-18,d8212cb2-8b6b-4a24-8509-67d987f0145c'
ptd-server 2022-08-01 22:33:18,184 [INFO] Got command from the client 'time'
ptd-server 2022-08-01 22:33:18,185 [INFO] Sending reply to client '1659389598.1850204'
ptd-server 2022-08-01 22:33:18,185 [INFO] Got command from the client 'session,2022-08-01_22-33-18,start,ranging'
ptd-server 2022-08-01 22:33:18,186 [INFO] Running PTDaemon: ['/home/anton/projects/mlperf/power/inference_v1.0/ptd-linux-x86', '-l', '/tmp/tmp7lgbo8s4/ptd_logfile.txt', '-p', '8888', '49', '/dev/usbtmc0']
ptd-server 2022-08-01 22:33:35,361 [INFO] Sending to ptd: 'Hello'
ptd-server 2022-08-01 22:33:35,361 [INFO] Reply from ptd: 'Hello, PTDaemon here!'
ptd-server 2022-08-01 22:33:35,361 [INFO] Sending to ptd: 'Identify'
ptd-server 2022-08-01 22:33:35,362 [INFO] Reply from ptd: 'YokogawaWT310E,1000,1,1,1,1,0,1,1,version=1.9.2-e8c7a49a-20201208,OS=Linux 5.13.0-52-generic #59~20.04.1-Ubuntu SMP Thu Jun 16 21:21:28 UTC 2022 x86_64,mode=power,1,1,1,0,0,no_cal_date,YOKOGAWA;WT310E;C3XA04010E;F1.04'
ptd-server 2022-08-01 22:33:35,362 [INFO] Connected to PTDaemon
ptd-server 2022-08-01 22:33:35,362 [INFO] Sending to ptd: 'RR'
ptd-server 2022-08-01 22:33:35,362 [INFO] Reply from ptd: 'Ranges,0,0.500000,1,300.000000'
ptd-server 2022-08-01 22:33:35,363 [INFO] Initial range for Amps is 0.500000 for Volts is Auto
ptd-server 2022-08-01 22:33:35,363 [INFO] Sending to ptd: 'SR,V,Auto'
ptd-server 2022-08-01 22:33:35,865 [INFO] Reply from ptd: 'Range V changed'
ptd-server 2022-08-01 22:33:35,865 [INFO] Sending to ptd: 'SR,A,Auto'
ptd-server 2022-08-01 22:33:36,368 [INFO] Reply from ptd: 'Range A changed'
ptd-server 2022-08-01 22:33:46,378 [INFO] Starting ranging mode
ptd-server 2022-08-01 22:33:46,378 [INFO] Sending to ptd: 'Go,1000,0,2022-08-01_22-33-18_ranging'
ptd-server 2022-08-01 22:33:46,379 [INFO] Reply from ptd: 'Starting untimed measurement, maximum 500000 samples at 1000ms with 0 rampup samples'
ptd-server 2022-08-01 22:33:46,379 [INFO] Sending reply to client 'OK'
ptd-server 2022-08-01 22:43:57,787 [INFO] Got command from the client 'session,2022-08-01_22-33-18,stop,ranging'
ptd-server 2022-08-01 22:44:07,798 [INFO] Sending to ptd: 'Stop'
ptd-server 2022-08-01 22:44:07,798 [INFO] Reply from ptd: 'Stopping untimed measurement'
ptd-server 2022-08-01 22:44:09,270 [INFO] Sending reply to client 'OK'
ptd-server 2022-08-01 22:44:09,318 [INFO] Got command from the client 'time'
ptd-server 2022-08-01 22:44:09,318 [INFO] Sending reply to client '1659390249.3183677'
ptd-server 2022-08-01 22:44:09,319 [INFO] Got command from the client 'session,2022-08-01_22-33-18,start,testing'
ptd-server 2022-08-01 22:44:09,319 [INFO] Sending to ptd: 'SR,V,250.440000'
ptd-server 2022-08-01 22:44:10,821 [INFO] Reply from ptd: 'Range V changed'
ptd-server 2022-08-01 22:44:10,821 [INFO] Sending to ptd: 'SR,A,0.224090'
ptd-server 2022-08-01 22:44:12,322 [INFO] Reply from ptd: 'Range A changed'
ptd-server 2022-08-01 22:44:22,333 [INFO] Starting testing mode
ptd-server 2022-08-01 22:44:22,333 [INFO] Sending to ptd: 'Go,1000,0,2022-08-01_22-33-18_testing'
ptd-server 2022-08-01 22:44:22,333 [INFO] Reply from ptd: 'Starting untimed measurement, maximum 500000 samples at 1000ms with 0 rampup samples'
ptd-server 2022-08-01 22:44:22,334 [INFO] Sending reply to client 'OK'
ptd-server 2022-08-01 22:54:33,746 [INFO] Got command from the client 'session,2022-08-01_22-33-18,stop,testing'
ptd-server 2022-08-01 22:54:43,755 [INFO] Sending to ptd: 'Stop'
ptd-server 2022-08-01 22:54:43,755 [INFO] Reply from ptd: 'Stopping untimed measurement'
ptd-server 2022-08-01 22:54:44,484 [INFO] Sending reply to client 'OK'
ptd-server 2022-08-01 22:54:44,494 [INFO] Got command from the client 'session,2022-08-01_22-33-18,done'
ptd-server 2022-08-01 22:54:44,495 [INFO] Sending to ptd: 'Stop'
ptd-server 2022-08-01 22:54:44,495 [INFO] Reply from ptd: 'Error: no measurement to stop'
ptd-server 2022-08-01 22:54:44,495 [INFO] Sending to ptd: 'SR,V,Auto'
ptd-server 2022-08-01 22:54:44,997 [INFO] Reply from ptd: 'Range V changed'
ptd-server 2022-08-01 22:54:44,998 [INFO] Sending to ptd: 'SR,A,0.500000'
ptd-server 2022-08-01 22:54:46,499 [INFO] Reply from ptd: 'Range A changed'
ptd-server 2022-08-01 22:54:46,499 [INFO] Set initial values for Amps 0.500000 and Volts Auto
ptd-server 2022-08-01 22:54:46,499 [INFO] Stopping ptd...
