ptd-server 2022-07-27 00:05:59,281 [INFO] Got command from the client 'time'
ptd-server 2022-07-27 00:05:59,281 [INFO] Sending reply to client '1658898359.281359'
ptd-server 2022-07-27 00:05:59,282 [INFO] Got command from the client 'new,,b5b2af42-3050-41e1-bc2d-0199388891cc'
ptd-server 2022-07-27 00:05:59,282 [INFO] Sending reply to client 'OK 2022-07-27_00-05-59,f108d60e-9722-4e66-b78e-dd66b6a565b1'
ptd-server 2022-07-27 00:05:59,365 [INFO] Got command from the client 'time'
ptd-server 2022-07-27 00:05:59,365 [INFO] Sending reply to client '1658898359.365936'
ptd-server 2022-07-27 00:05:59,367 [INFO] Got command from the client 'session,2022-07-27_00-05-59,start,ranging'
ptd-server 2022-07-27 00:05:59,367 [INFO] Running PTDaemon: ['/local/mnt/workspace/mlcommons/power-main/inference_v1.0/ptd-linux-x86', '-l', '/tmp/tmp8hy9s8eg/ptd_logfile.txt', '-p', '8886', '49', '/dev/usbtmc0']
ptd-server 2022-07-27 00:06:16,932 [INFO] Sending to ptd: 'Hello'
ptd-server 2022-07-27 00:06:16,933 [INFO] Reply from ptd: 'Hello, PTDaemon here!'
ptd-server 2022-07-27 00:06:16,933 [INFO] Sending to ptd: 'Identify'
ptd-server 2022-07-27 00:06:16,934 [INFO] Reply from ptd: 'YokogawaWT310E,1000,1,1,1,1,0,1,1,version=1.9.2-e8c7a49a-20201208,OS=Linux 5.4.0-105-generic #119~18.04.1-Ubuntu SMP Tue Mar 8 11:21:24 UTC 2022 x86_64,mode=power,1,1,1,0,0,no_cal_date,YOKOGAWA;WT310E;C2XF16030V;F1.04'
ptd-server 2022-07-27 00:06:16,934 [INFO] Connected to PTDaemon
ptd-server 2022-07-27 00:06:16,934 [INFO] Sending to ptd: 'RR'
ptd-server 2022-07-27 00:06:16,935 [INFO] Reply from ptd: 'Ranges,1,2.000000,1,150.000000'
ptd-server 2022-07-27 00:06:16,935 [INFO] Initial range for Amps is Auto for Volts is Auto
ptd-server 2022-07-27 00:06:16,935 [INFO] Sending to ptd: 'SR,V,Auto'
ptd-server 2022-07-27 00:06:17,438 [INFO] Reply from ptd: 'Range V changed'
ptd-server 2022-07-27 00:06:17,439 [INFO] Sending to ptd: 'SR,A,Auto'
ptd-server 2022-07-27 00:06:17,942 [INFO] Reply from ptd: 'Range A changed'
ptd-server 2022-07-27 00:06:27,949 [INFO] Starting ranging mode
ptd-server 2022-07-27 00:06:27,949 [INFO] Sending to ptd: 'Go,1000,0,2022-07-27_00-05-59_ranging'
ptd-server 2022-07-27 00:06:27,950 [INFO] Reply from ptd: 'Starting untimed measurement, maximum 500000 samples at 1000ms with 0 rampup samples'
ptd-server 2022-07-27 00:06:27,950 [INFO] Sending reply to client 'OK'
ptd-server 2022-07-27 00:17:51,949 [INFO] Got command from the client 'session,2022-07-27_00-05-59,stop,ranging'
ptd-server 2022-07-27 00:18:01,950 [INFO] Sending to ptd: 'Stop'
ptd-server 2022-07-27 00:18:01,951 [INFO] Reply from ptd: 'Stopping untimed measurement'
ptd-server 2022-07-27 00:18:01,989 [INFO] Sending reply to client 'OK'
ptd-server 2022-07-27 00:18:02,076 [INFO] Got command from the client 'time'
ptd-server 2022-07-27 00:18:02,076 [INFO] Sending reply to client '1658899082.0768292'
ptd-server 2022-07-27 00:18:02,078 [INFO] Got command from the client 'session,2022-07-27_00-05-59,start,testing'
ptd-server 2022-07-27 00:18:02,078 [INFO] Sending to ptd: 'SR,V,121.750000'
ptd-server 2022-07-27 00:18:04,453 [INFO] Reply from ptd: 'Range V changed'
ptd-server 2022-07-27 00:18:04,453 [INFO] Sending to ptd: 'SR,A,4.660600'
ptd-server 2022-07-27 00:18:05,955 [INFO] Reply from ptd: 'Range A changed'
ptd-server 2022-07-27 00:18:15,965 [INFO] Starting testing mode
ptd-server 2022-07-27 00:18:15,966 [INFO] Sending to ptd: 'Go,1000,0,2022-07-27_00-05-59_testing'
ptd-server 2022-07-27 00:18:15,966 [INFO] Reply from ptd: 'Starting untimed measurement, maximum 500000 samples at 1000ms with 0 rampup samples'
ptd-server 2022-07-27 00:18:15,966 [INFO] Sending reply to client 'OK'
ptd-server 2022-07-27 00:29:41,070 [INFO] Got command from the client 'session,2022-07-27_00-05-59,stop,testing'
ptd-server 2022-07-27 00:29:51,081 [INFO] Sending to ptd: 'Stop'
ptd-server 2022-07-27 00:29:51,082 [INFO] Reply from ptd: 'Stopping untimed measurement'
ptd-server 2022-07-27 00:29:51,086 [INFO] Sending reply to client 'OK'
ptd-server 2022-07-27 00:29:51,091 [INFO] Got command from the client 'session,2022-07-27_00-05-59,done'
ptd-server 2022-07-27 00:29:51,091 [INFO] Sending to ptd: 'Stop'
ptd-server 2022-07-27 00:29:51,967 [INFO] Reply from ptd: 'Error: no measurement to stop'
ptd-server 2022-07-27 00:29:51,967 [INFO] Sending to ptd: 'SR,V,Auto'
ptd-server 2022-07-27 00:29:52,470 [INFO] Reply from ptd: 'Range V changed'
ptd-server 2022-07-27 00:29:52,470 [INFO] Sending to ptd: 'SR,A,Auto'
ptd-server 2022-07-27 00:29:52,974 [INFO] Reply from ptd: 'Range A changed'
ptd-server 2022-07-27 00:29:52,974 [INFO] Set initial values for Amps Auto and Volts Auto
ptd-server 2022-07-27 00:29:52,974 [INFO] Stopping ptd...
