client 2022-07-30 22:16:20,908 [INFO] Sending command to the server: 'mlcommons/power client v3'
client 2022-07-30 22:16:20,908 [INFO] Got response: 'mlcommons/power server v3'
client 2022-07-30 22:16:20,909 [INFO] Synchronizing with the server and with time.google.com...
client 2022-07-30 22:16:20,958 [INFO] NTP:offset = -0.004 s, delay = 0.028 s 
client 2022-07-30 22:16:20,958 [INFO] Sending command to the server: 'time'
client 2022-07-30 22:16:20,959 [INFO] Got response: '1659215780.9585357'
client 2022-07-30 22:16:20,959 [INFO] The time difference between the client and the server is within range 0.374 ms..1.322 ms
client 2022-07-30 22:16:20,959 [INFO] Sending command to the server: 'new,,b0c1d9bf-9aa4-412b-bd72-7a272793fbe2'
client 2022-07-30 22:16:20,961 [INFO] Got response: 'OK 2022-07-30_22-16-20,2ce828be-225b-40c9-814f-857bb1a1d274'
client 2022-07-30 22:16:20,961 [INFO] Session id is '2022-07-30_22-16-20'
client 2022-07-30 22:16:20,962 [INFO] Sources: {"sources": {"__init__.py": "da39a3ee5e6b4b0d3255bfef95601890afd80709", "client.py": "33ca4f26368777ac06e01f9567b714a4b8063886", "lib/__init__.py": "da39a3ee5e6b4b0d3255bfef95601890afd80709", "lib/client.py": "4c2b78fb4849a7e5b584ef792d82aaed20b17f57", "lib/common.py": "624d0c0acc7c39aaff3674f0b99d6a09da53d1dc", "lib/external/__init__.py": "da39a3ee5e6b4b0d3255bfef95601890afd80709", "lib/external/ntplib.py": "4da8f970656505a40483206ef2b5d3dd5e81711d", "lib/server.py": "cda0cdfaee9bfa1249c64a7dd4f89b7bf1b279f0", "lib/source_hashes.py": "60a2e02193209e8d392803326208d5466342da18", "lib/summary.py": "aa92f0a3f975eecd44d3c0cd0236342ccc9f941d", "lib/time_sync.py": "3210db56eb0ff0df57bf4293dc4d4b03fffd46f1", "server.py": "c3f90f2f7eeb4db30727556d0c815ebc89b3d28b", "tests/unit/__init__.py": "da39a3ee5e6b4b0d3255bfef95601890afd80709", "tests/unit/test_server.py": "99ae15aef722f2000ee6ed1ae1523637bf1ae42b", "tests/unit/test_source_hashes.py": "00468a2907583c593e6574a1f6b404e4651c221a"}, "modules": {"ptd_client_server.lib.client": "lib/client.py", "ptd_client_server.lib.common": "lib/common.py", "ptd_client_server.lib.external.ntplib": "lib/external/ntplib.py", "ptd_client_server.lib.source_hashes": "lib/source_hashes.py", "ptd_client_server.lib.summary": "lib/summary.py", "ptd_client_server.lib.time_sync": "lib/time_sync.py"}}
client 2022-07-30 22:16:20,962 [INFO] Running workload in ranging mode
client 2022-07-30 22:16:20,962 [INFO] Synchronizing with the server and with time.google.com...
client 2022-07-30 22:16:20,991 [INFO] NTP:offset = -0.004 s, delay = 0.028 s 
client 2022-07-30 22:16:20,991 [INFO] Sending command to the server: 'time'
client 2022-07-30 22:16:20,992 [INFO] Got response: '1659215780.9914606'
client 2022-07-30 22:16:20,993 [INFO] The time difference between the client and the server is within range 0.279 ms..1.562 ms
client 2022-07-30 22:16:20,993 [INFO] Sending command to the server: 'session,2022-07-30_22-16-20,start,ranging'
client 2022-07-30 22:16:49,188 [INFO] Got response: 'OK'
client 2022-07-30 22:16:49,189 [INFO] Running the workload 'ck benchmark program:image-classification-tflite-loadgen --env.CK_SILENT_MODE=YES --skip_print_timers --dep_add_tags.compiler=gcc,v9 --dep_add_tags.python=v3 --dep_add_tags.mlperf-inference-src=r2.1 --dep_add_tags.weights=resnet50 --dep_add_tags.images=crop.875,preprocessed,using-opencv --dep_add_tags.library=tflite,v2.7.1,with.ruy --env.CK_LOADGEN_DATASET_SIZE=1024 --env.CK_LOADGEN_MODE=PerformanceOnly --env.CK_LOADGEN_SCENARIO=SingleStream --env.CK_LOADGEN_TARGET_LATENCY=50 --skip_stat_analysis --process_multi_keys --repetitions=1 --record --record_repo=local --record_uoa=mlperf_v2.1-closed-orin-tflite-v2.7.1-ruy-resnet50-singlestream-performance-target_latency.50-power.workload --tags=mlperf,round.v2.1,division.closed,task.image-classification,platform.orin,scenario.singlestream,mode.performance,workload.resnet50,preprocessed_using.opencv,inference_engine.tflite,inference_engine_version.v2.7.1,inference_engine_backend.ruy,target_latency.50,power.workload "@@@{\'meta\': {\'ck_benchmark_program\': \'ck benchmark program:image-classification-tflite-loadgen --env.CK_SILENT_MODE=YES --skip_print_timers --dep_add_tags.compiler=gcc,v9 --dep_add_tags.python=v3 --dep_add_tags.mlperf-inference-src=r2.1 --dep_add_tags.weights=resnet50 --dep_add_tags.images=crop.875,preprocessed,using-opencv --dep_add_tags.library=tflite,v2.7.1,with.ruy --env.CK_LOADGEN_DATASET_SIZE=1024 --env.CK_LOADGEN_MODE=PerformanceOnly --env.CK_LOADGEN_SCENARIO=SingleStream --env.CK_LOADGEN_TARGET_LATENCY=50 --skip_stat_analysis --process_multi_keys --repetitions=1 --record --record_repo=local --record_uoa=mlperf_v2.1-closed-orin-tflite-v2.7.1-ruy-resnet50-singlestream-performance-target_latency.50-power.workload --tags=mlperf,round.v2.1,division.closed,task.image-classification,platform.orin,scenario.singlestream,mode.performance,workload.resnet50,preprocessed_using.opencv,inference_engine.tflite,inference_engine_version.v2.7.1,inference_engine_backend.ruy,target_latency.50,power.workload\'}}" && cat `ck find program:image-classification-tflite-loadgen`/tmp/mlperf_log_summary.txt && mkdir -p "$CK_MLPERF_POWER_CLIENT_LOADGEN_LOGS" && cp "$CK_MLPERF_POWER_CLIENT_LOADGEN_LOGS"/../mlperf_log_* "$CK_MLPERF_POWER_CLIENT_LOADGEN_LOGS"/'
client 2022-07-30 22:27:02,949 [INFO] Sending command to the server: 'session,2022-07-30_22-16-20,stop,ranging'
client 2022-07-30 22:27:14,188 [INFO] Got response: 'OK'
client 2022-07-30 22:27:14,203 [INFO] Copying loadgen logs from '/home/yvan/CK/ck-mlperf/program/image-classification-tflite-loadgen/tmp/loadgen_logs' to '/home/yvan/CK/ck-mlperf/program/mlperf-power-client/tmp/2022-07-30_22-16-20/ranging'
client 2022-07-30 22:27:14,204 [INFO] Running workload in testing mode
client 2022-07-30 22:27:14,205 [INFO] Synchronizing with the server and with time.google.com...
client 2022-07-30 22:27:14,236 [INFO] NTP:offset = -0.001 s, delay = 0.027 s 
client 2022-07-30 22:27:14,236 [INFO] Sending command to the server: 'time'
client 2022-07-30 22:27:14,237 [INFO] Got response: '1659216434.2361019'
client 2022-07-30 22:27:14,237 [INFO] The time difference between the client and the server is within range 0.462 ms..1.769 ms
client 2022-07-30 22:27:14,238 [INFO] Sending command to the server: 'session,2022-07-30_22-16-20,start,testing'
client 2022-07-30 22:27:27,254 [INFO] Got response: 'OK'
client 2022-07-30 22:27:27,255 [INFO] Running the workload 'ck benchmark program:image-classification-tflite-loadgen --env.CK_SILENT_MODE=YES --skip_print_timers --dep_add_tags.compiler=gcc,v9 --dep_add_tags.python=v3 --dep_add_tags.mlperf-inference-src=r2.1 --dep_add_tags.weights=resnet50 --dep_add_tags.images=crop.875,preprocessed,using-opencv --dep_add_tags.library=tflite,v2.7.1,with.ruy --env.CK_LOADGEN_DATASET_SIZE=1024 --env.CK_LOADGEN_MODE=PerformanceOnly --env.CK_LOADGEN_SCENARIO=SingleStream --env.CK_LOADGEN_TARGET_LATENCY=50 --skip_stat_analysis --process_multi_keys --repetitions=1 --record --record_repo=local --record_uoa=mlperf_v2.1-closed-orin-tflite-v2.7.1-ruy-resnet50-singlestream-performance-target_latency.50-power.workload --tags=mlperf,round.v2.1,division.closed,task.image-classification,platform.orin,scenario.singlestream,mode.performance,workload.resnet50,preprocessed_using.opencv,inference_engine.tflite,inference_engine_version.v2.7.1,inference_engine_backend.ruy,target_latency.50,power.workload "@@@{\'meta\': {\'ck_benchmark_program\': \'ck benchmark program:image-classification-tflite-loadgen --env.CK_SILENT_MODE=YES --skip_print_timers --dep_add_tags.compiler=gcc,v9 --dep_add_tags.python=v3 --dep_add_tags.mlperf-inference-src=r2.1 --dep_add_tags.weights=resnet50 --dep_add_tags.images=crop.875,preprocessed,using-opencv --dep_add_tags.library=tflite,v2.7.1,with.ruy --env.CK_LOADGEN_DATASET_SIZE=1024 --env.CK_LOADGEN_MODE=PerformanceOnly --env.CK_LOADGEN_SCENARIO=SingleStream --env.CK_LOADGEN_TARGET_LATENCY=50 --skip_stat_analysis --process_multi_keys --repetitions=1 --record --record_repo=local --record_uoa=mlperf_v2.1-closed-orin-tflite-v2.7.1-ruy-resnet50-singlestream-performance-target_latency.50-power.workload --tags=mlperf,round.v2.1,division.closed,task.image-classification,platform.orin,scenario.singlestream,mode.performance,workload.resnet50,preprocessed_using.opencv,inference_engine.tflite,inference_engine_version.v2.7.1,inference_engine_backend.ruy,target_latency.50,power.workload\'}}" && cat `ck find program:image-classification-tflite-loadgen`/tmp/mlperf_log_summary.txt && mkdir -p "$CK_MLPERF_POWER_CLIENT_LOADGEN_LOGS" && cp "$CK_MLPERF_POWER_CLIENT_LOADGEN_LOGS"/../mlperf_log_* "$CK_MLPERF_POWER_CLIENT_LOADGEN_LOGS"/'
client 2022-07-30 22:37:40,986 [INFO] Sending command to the server: 'session,2022-07-30_22-16-20,stop,testing'
client 2022-07-30 22:37:51,648 [INFO] Got response: 'OK'
client 2022-07-30 22:37:51,653 [INFO] Copying loadgen logs from '/home/yvan/CK/ck-mlperf/program/image-classification-tflite-loadgen/tmp/loadgen_logs' to '/home/yvan/CK/ck-mlperf/program/mlperf-power-client/tmp/2022-07-30_22-16-20/run_1'
client 2022-07-30 22:37:51,654 [INFO] Done runs
