ptd-server 2022-07-30 22:16:20,958 [INFO] Got command from the client 'time'
ptd-server 2022-07-30 22:16:20,958 [INFO] Sending reply to client '1659215780.9585357'
ptd-server 2022-07-30 22:16:20,959 [INFO] Got command from the client 'new,,b0c1d9bf-9aa4-412b-bd72-7a272793fbe2'
ptd-server 2022-07-30 22:16:20,960 [INFO] Sending reply to client 'OK 2022-07-30_22-16-20,2ce828be-225b-40c9-814f-857bb1a1d274'
ptd-server 2022-07-30 22:16:20,991 [INFO] Got command from the client 'time'
ptd-server 2022-07-30 22:16:20,991 [INFO] Sending reply to client '1659215780.9914606'
ptd-server 2022-07-30 22:16:20,992 [INFO] Got command from the client 'session,2022-07-30_22-16-20,start,ranging'
ptd-server 2022-07-30 22:16:20,992 [INFO] Running PTDaemon: ['/home/anton/projects/mlperf/power/inference_v1.0/ptd-linux-x86', '-l', '/tmp/tmp7lgbo8s4/ptd_logfile.txt', '-p', '8888', '49', '/dev/usbtmc0']
ptd-server 2022-07-30 22:16:38,167 [INFO] Sending to ptd: 'Hello'
ptd-server 2022-07-30 22:16:38,167 [INFO] Reply from ptd: 'Hello, PTDaemon here!'
ptd-server 2022-07-30 22:16:38,168 [INFO] Sending to ptd: 'Identify'
ptd-server 2022-07-30 22:16:38,168 [INFO] Reply from ptd: 'YokogawaWT310E,1000,1,1,1,1,0,1,1,version=1.9.2-e8c7a49a-20201208,OS=Linux 5.13.0-52-generic #59~20.04.1-Ubuntu SMP Thu Jun 16 21:21:28 UTC 2022 x86_64,mode=power,1,1,1,0,0,no_cal_date,YOKOGAWA;WT310E;C3XA04010E;F1.04'
ptd-server 2022-07-30 22:16:38,168 [INFO] Connected to PTDaemon
ptd-server 2022-07-30 22:16:38,168 [INFO] Sending to ptd: 'RR'
ptd-server 2022-07-30 22:16:38,169 [INFO] Reply from ptd: 'Ranges,0,0.500000,1,300.000000'
ptd-server 2022-07-30 22:16:38,169 [INFO] Initial range for Amps is 0.500000 for Volts is Auto
ptd-server 2022-07-30 22:16:38,169 [INFO] Sending to ptd: 'SR,V,Auto'
ptd-server 2022-07-30 22:16:38,671 [INFO] Reply from ptd: 'Range V changed'
ptd-server 2022-07-30 22:16:38,672 [INFO] Sending to ptd: 'SR,A,Auto'
ptd-server 2022-07-30 22:16:39,174 [INFO] Reply from ptd: 'Range A changed'
ptd-server 2022-07-30 22:16:49,184 [INFO] Starting ranging mode
ptd-server 2022-07-30 22:16:49,185 [INFO] Sending to ptd: 'Go,1000,0,2022-07-30_22-16-20_ranging'
ptd-server 2022-07-30 22:16:49,185 [INFO] Reply from ptd: 'Starting untimed measurement, maximum 500000 samples at 1000ms with 0 rampup samples'
ptd-server 2022-07-30 22:16:49,185 [INFO] Sending reply to client 'OK'
ptd-server 2022-07-30 22:27:02,949 [INFO] Got command from the client 'session,2022-07-30_22-16-20,stop,ranging'
ptd-server 2022-07-30 22:27:12,957 [INFO] Sending to ptd: 'Stop'
ptd-server 2022-07-30 22:27:12,958 [INFO] Reply from ptd: 'Stopping untimed measurement'
ptd-server 2022-07-30 22:27:14,185 [INFO] Sending reply to client 'OK'
ptd-server 2022-07-30 22:27:14,235 [INFO] Got command from the client 'time'
ptd-server 2022-07-30 22:27:14,236 [INFO] Sending reply to client '1659216434.2361019'
ptd-server 2022-07-30 22:27:14,237 [INFO] Got command from the client 'session,2022-07-30_22-16-20,start,testing'
ptd-server 2022-07-30 22:27:14,237 [INFO] Sending to ptd: 'SR,V,250.920000'
ptd-server 2022-07-30 22:27:15,738 [INFO] Reply from ptd: 'Range V changed'
ptd-server 2022-07-30 22:27:15,739 [INFO] Sending to ptd: 'SR,A,0.299100'
ptd-server 2022-07-30 22:27:17,240 [INFO] Reply from ptd: 'Range A changed'
ptd-server 2022-07-30 22:27:27,250 [INFO] Starting testing mode
ptd-server 2022-07-30 22:27:27,250 [INFO] Sending to ptd: 'Go,1000,0,2022-07-30_22-16-20_testing'
ptd-server 2022-07-30 22:27:27,251 [INFO] Reply from ptd: 'Starting untimed measurement, maximum 500000 samples at 1000ms with 0 rampup samples'
ptd-server 2022-07-30 22:27:27,251 [INFO] Sending reply to client 'OK'
ptd-server 2022-07-30 22:37:40,985 [INFO] Got command from the client 'session,2022-07-30_22-16-20,stop,testing'
ptd-server 2022-07-30 22:37:50,996 [INFO] Sending to ptd: 'Stop'
ptd-server 2022-07-30 22:37:50,996 [INFO] Reply from ptd: 'Stopping untimed measurement'
ptd-server 2022-07-30 22:37:51,644 [INFO] Sending reply to client 'OK'
ptd-server 2022-07-30 22:37:51,659 [INFO] Got command from the client 'session,2022-07-30_22-16-20,done'
ptd-server 2022-07-30 22:37:51,659 [INFO] Sending to ptd: 'Stop'
ptd-server 2022-07-30 22:37:51,659 [INFO] Reply from ptd: 'Error: no measurement to stop'
ptd-server 2022-07-30 22:37:51,659 [INFO] Sending to ptd: 'SR,V,Auto'
ptd-server 2022-07-30 22:37:52,162 [INFO] Reply from ptd: 'Range V changed'
ptd-server 2022-07-30 22:37:52,162 [INFO] Sending to ptd: 'SR,A,0.500000'
ptd-server 2022-07-30 22:37:53,663 [INFO] Reply from ptd: 'Range A changed'
ptd-server 2022-07-30 22:37:53,663 [INFO] Set initial values for Amps 0.500000 and Volts Auto
ptd-server 2022-07-30 22:37:53,663 [INFO] Stopping ptd...
