ptd-server 2022-08-01 10:50:21,343 [INFO] Got command from the client 'time'
ptd-server 2022-08-01 10:50:21,343 [INFO] Sending reply to client '1659347421.3434806'
ptd-server 2022-08-01 10:50:21,344 [INFO] Got command from the client 'new,,232136f2-5d2c-462b-9e34-d72c08178353'
ptd-server 2022-08-01 10:50:21,344 [INFO] Sending reply to client 'OK 2022-08-01_10-50-21,c66252e5-d0c0-425a-94c0-888e73ad8554'
ptd-server 2022-08-01 10:50:21,371 [INFO] Got command from the client 'time'
ptd-server 2022-08-01 10:50:21,371 [INFO] Sending reply to client '1659347421.3715584'
ptd-server 2022-08-01 10:50:21,372 [INFO] Got command from the client 'session,2022-08-01_10-50-21,start,ranging'
ptd-server 2022-08-01 10:50:21,372 [INFO] Running PTDaemon: ['/home/anton/projects/mlperf/power/inference_v1.0/ptd-linux-x86', '-l', '/tmp/tmp7lgbo8s4/ptd_logfile.txt', '-p', '8888', '49', '/dev/usbtmc0']
ptd-server 2022-08-01 10:50:38,545 [INFO] Sending to ptd: 'Hello'
ptd-server 2022-08-01 10:50:38,545 [INFO] Reply from ptd: 'Hello, PTDaemon here!'
ptd-server 2022-08-01 10:50:38,546 [INFO] Sending to ptd: 'Identify'
ptd-server 2022-08-01 10:50:38,546 [INFO] Reply from ptd: 'YokogawaWT310E,1000,1,1,1,1,0,1,1,version=1.9.2-e8c7a49a-20201208,OS=Linux 5.13.0-52-generic #59~20.04.1-Ubuntu SMP Thu Jun 16 21:21:28 UTC 2022 x86_64,mode=power,1,1,1,0,0,no_cal_date,YOKOGAWA;WT310E;C3XA04010E;F1.04'
ptd-server 2022-08-01 10:50:38,546 [INFO] Connected to PTDaemon
ptd-server 2022-08-01 10:50:38,546 [INFO] Sending to ptd: 'RR'
ptd-server 2022-08-01 10:50:38,547 [INFO] Reply from ptd: 'Ranges,0,0.500000,1,300.000000'
ptd-server 2022-08-01 10:50:38,547 [INFO] Initial range for Amps is 0.500000 for Volts is Auto
ptd-server 2022-08-01 10:50:38,547 [INFO] Sending to ptd: 'SR,V,Auto'
ptd-server 2022-08-01 10:50:39,049 [INFO] Reply from ptd: 'Range V changed'
ptd-server 2022-08-01 10:50:39,049 [INFO] Sending to ptd: 'SR,A,Auto'
ptd-server 2022-08-01 10:50:39,552 [INFO] Reply from ptd: 'Range A changed'
ptd-server 2022-08-01 10:50:49,562 [INFO] Starting ranging mode
ptd-server 2022-08-01 10:50:49,562 [INFO] Sending to ptd: 'Go,1000,0,2022-08-01_10-50-21_ranging'
ptd-server 2022-08-01 10:50:49,563 [INFO] Reply from ptd: 'Starting untimed measurement, maximum 500000 samples at 1000ms with 0 rampup samples'
ptd-server 2022-08-01 10:50:49,563 [INFO] Sending reply to client 'OK'
ptd-server 2022-08-01 11:01:11,048 [INFO] Got command from the client 'session,2022-08-01_10-50-21,stop,ranging'
ptd-server 2022-08-01 11:01:21,058 [INFO] Sending to ptd: 'Stop'
ptd-server 2022-08-01 11:01:21,058 [INFO] Reply from ptd: 'Stopping untimed measurement'
ptd-server 2022-08-01 11:01:22,438 [INFO] Sending reply to client 'OK'
ptd-server 2022-08-01 11:01:22,490 [INFO] Got command from the client 'time'
ptd-server 2022-08-01 11:01:22,490 [INFO] Sending reply to client '1659348082.4906309'
ptd-server 2022-08-01 11:01:22,491 [INFO] Got command from the client 'session,2022-08-01_10-50-21,start,testing'
ptd-server 2022-08-01 11:01:22,491 [INFO] Sending to ptd: 'SR,V,251.520000'
ptd-server 2022-08-01 11:01:23,993 [INFO] Reply from ptd: 'Range V changed'
ptd-server 2022-08-01 11:01:23,993 [INFO] Sending to ptd: 'SR,A,0.278570'
ptd-server 2022-08-01 11:01:25,494 [INFO] Reply from ptd: 'Range A changed'
ptd-server 2022-08-01 11:01:35,505 [INFO] Starting testing mode
ptd-server 2022-08-01 11:01:35,505 [INFO] Sending to ptd: 'Go,1000,0,2022-08-01_10-50-21_testing'
ptd-server 2022-08-01 11:01:35,505 [INFO] Reply from ptd: 'Starting untimed measurement, maximum 500000 samples at 1000ms with 0 rampup samples'
ptd-server 2022-08-01 11:01:35,505 [INFO] Sending reply to client 'OK'
ptd-server 2022-08-01 11:11:49,438 [INFO] Got command from the client 'session,2022-08-01_10-50-21,stop,testing'
ptd-server 2022-08-01 11:11:59,449 [INFO] Sending to ptd: 'Stop'
ptd-server 2022-08-01 11:11:59,449 [INFO] Reply from ptd: 'Stopping untimed measurement'
ptd-server 2022-08-01 11:12:00,146 [INFO] Sending reply to client 'OK'
ptd-server 2022-08-01 11:12:00,161 [INFO] Got command from the client 'session,2022-08-01_10-50-21,done'
ptd-server 2022-08-01 11:12:00,161 [INFO] Sending to ptd: 'Stop'
ptd-server 2022-08-01 11:12:00,161 [INFO] Reply from ptd: 'Error: no measurement to stop'
ptd-server 2022-08-01 11:12:00,161 [INFO] Sending to ptd: 'SR,V,Auto'
ptd-server 2022-08-01 11:12:00,664 [INFO] Reply from ptd: 'Range V changed'
ptd-server 2022-08-01 11:12:00,664 [INFO] Sending to ptd: 'SR,A,0.500000'
ptd-server 2022-08-01 11:12:02,165 [INFO] Reply from ptd: 'Range A changed'
ptd-server 2022-08-01 11:12:02,166 [INFO] Set initial values for Amps 0.500000 and Volts Auto
ptd-server 2022-08-01 11:12:02,166 [INFO] Stopping ptd...
