ptd-server 2022-07-22 21:14:10,860 [INFO] Got command from the client 'time'
ptd-server 2022-07-22 21:14:10,861 [INFO] Sending reply to client '1658520850.8610158'
ptd-server 2022-07-22 21:14:10,862 [INFO] Got command from the client 'new,,726eca3f-0f93-4128-be92-6506411e386f'
ptd-server 2022-07-22 21:14:10,862 [INFO] Sending reply to client 'OK 2022-07-22_21-14-10,cac25f15-479f-4fb7-b53e-09350ce4b502'
ptd-server 2022-07-22 21:14:10,899 [INFO] Got command from the client 'time'
ptd-server 2022-07-22 21:14:10,899 [INFO] Sending reply to client '1658520850.8996422'
ptd-server 2022-07-22 21:14:10,900 [INFO] Got command from the client 'session,2022-07-22_21-14-10,start,ranging'
ptd-server 2022-07-22 21:14:10,900 [INFO] Running PTDaemon: ['/home/anton/projects/mlperf/power/inference_v1.0/ptd-linux-x86', '-l', '/tmp/tmp7lgbo8s4/ptd_logfile.txt', '-p', '8888', '49', '/dev/usbtmc0']
ptd-server 2022-07-22 21:14:28,075 [INFO] Sending to ptd: 'Hello'
ptd-server 2022-07-22 21:14:28,076 [INFO] Reply from ptd: 'Hello, PTDaemon here!'
ptd-server 2022-07-22 21:14:28,076 [INFO] Sending to ptd: 'Identify'
ptd-server 2022-07-22 21:14:28,077 [INFO] Reply from ptd: 'YokogawaWT310E,1000,1,1,1,1,0,1,1,version=1.9.2-e8c7a49a-20201208,OS=Linux 5.13.0-52-generic #59~20.04.1-Ubuntu SMP Thu Jun 16 21:21:28 UTC 2022 x86_64,mode=power,1,1,1,0,0,no_cal_date,YOKOGAWA;WT310E;C3XA04010E;F1.04'
ptd-server 2022-07-22 21:14:28,077 [INFO] Connected to PTDaemon
ptd-server 2022-07-22 21:14:28,077 [INFO] Sending to ptd: 'RR'
ptd-server 2022-07-22 21:14:28,077 [INFO] Reply from ptd: 'Ranges,0,0.500000,1,300.000000'
ptd-server 2022-07-22 21:14:28,077 [INFO] Initial range for Amps is 0.500000 for Volts is Auto
ptd-server 2022-07-22 21:14:28,078 [INFO] Sending to ptd: 'SR,V,Auto'
ptd-server 2022-07-22 21:14:28,580 [INFO] Reply from ptd: 'Range V changed'
ptd-server 2022-07-22 21:14:28,580 [INFO] Sending to ptd: 'SR,A,Auto'
ptd-server 2022-07-22 21:14:29,083 [INFO] Reply from ptd: 'Range A changed'
ptd-server 2022-07-22 21:14:39,093 [INFO] Starting ranging mode
ptd-server 2022-07-22 21:14:39,093 [INFO] Sending to ptd: 'Go,1000,0,2022-07-22_21-14-10_ranging'
ptd-server 2022-07-22 21:14:39,094 [INFO] Reply from ptd: 'Starting untimed measurement, maximum 500000 samples at 1000ms with 0 rampup samples'
ptd-server 2022-07-22 21:14:39,094 [INFO] Sending reply to client 'OK'
ptd-server 2022-07-22 21:24:55,520 [INFO] Got command from the client 'session,2022-07-22_21-14-10,stop,ranging'
ptd-server 2022-07-22 21:25:05,531 [INFO] Sending to ptd: 'Stop'
ptd-server 2022-07-22 21:25:05,531 [INFO] Reply from ptd: 'Stopping untimed measurement'
ptd-server 2022-07-22 21:25:06,004 [INFO] Sending reply to client 'OK'
ptd-server 2022-07-22 21:25:06,071 [INFO] Got command from the client 'time'
ptd-server 2022-07-22 21:25:06,071 [INFO] Sending reply to client '1658521506.0717294'
ptd-server 2022-07-22 21:25:06,072 [INFO] Got command from the client 'session,2022-07-22_21-14-10,start,testing'
ptd-server 2022-07-22 21:25:06,072 [INFO] Sending to ptd: 'SR,V,249.490000'
ptd-server 2022-07-22 21:25:07,596 [INFO] Reply from ptd: 'Range V changed'
ptd-server 2022-07-22 21:25:07,596 [INFO] Sending to ptd: 'SR,A,0.050080'
ptd-server 2022-07-22 21:25:09,097 [INFO] Reply from ptd: 'Range A changed'
ptd-server 2022-07-22 21:25:19,107 [INFO] Starting testing mode
ptd-server 2022-07-22 21:25:19,108 [INFO] Sending to ptd: 'Go,1000,0,2022-07-22_21-14-10_testing'
ptd-server 2022-07-22 21:25:19,108 [INFO] Reply from ptd: 'Starting untimed measurement, maximum 500000 samples at 1000ms with 0 rampup samples'
ptd-server 2022-07-22 21:25:19,108 [INFO] Sending reply to client 'OK'
ptd-server 2022-07-22 21:35:35,489 [INFO] Got command from the client 'session,2022-07-22_21-14-10,stop,testing'
ptd-server 2022-07-22 21:35:45,499 [INFO] Sending to ptd: 'Stop'
ptd-server 2022-07-22 21:35:45,500 [INFO] Reply from ptd: 'Stopping untimed measurement'
ptd-server 2022-07-22 21:35:45,756 [INFO] Sending reply to client 'OK'
ptd-server 2022-07-22 21:35:45,764 [INFO] Got command from the client 'session,2022-07-22_21-14-10,done'
ptd-server 2022-07-22 21:35:45,764 [INFO] Sending to ptd: 'Stop'
ptd-server 2022-07-22 21:35:46,108 [INFO] Reply from ptd: 'Error: no measurement to stop'
ptd-server 2022-07-22 21:35:46,109 [INFO] Sending to ptd: 'SR,V,Auto'
ptd-server 2022-07-22 21:35:46,611 [INFO] Reply from ptd: 'Range V changed'
ptd-server 2022-07-22 21:35:46,611 [INFO] Sending to ptd: 'SR,A,0.500000'
ptd-server 2022-07-22 21:35:48,113 [INFO] Reply from ptd: 'Range A changed'
ptd-server 2022-07-22 21:35:48,113 [INFO] Set initial values for Amps 0.500000 and Volts Auto
ptd-server 2022-07-22 21:35:48,113 [INFO] Stopping ptd...
